<?xml version="1.0" encoding="UTF-8"?>
<testsuite xmlns:xsi="http://www.w3.org/2001/XMLSchema-instance" xsi:noNamespaceSchemaLocation="https://maven.apache.org/surefire/maven-failsafe-plugin/xsd/failsafe-test-report-3.0.xsd" version="3.0" name="CucumberTestSuite" time="134.899" tests="5" errors="0" skipped="0" failures="0">
  <properties>
    <property name="java.specification.version" value="13"/>
    <property name="webdriver.chrome.driver" value="C:\Users\ASUS\Desktop\stupen\miniproject\Web\ASWeb\src\test\resources\webdriver\chromedriver.exe"/>
    <property name="sun.cpu.isalist" value="amd64"/>
    <property name="sun.jnu.encoding" value="Cp1252"/>
    <property name="java.class.path" value="C:\Users\ASUS\Desktop\stupen\miniproject\Web\ASWeb\target\test-classes;C:\Users\ASUS\.m2\repository\net\serenity-bdd\serenity-core\3.2.1\serenity-core-3.2.1.jar;C:\Users\ASUS\.m2\repository\net\serenity-bdd\serenity-model\3.2.1\serenity-model-3.2.1.jar;C:\Users\ASUS\.m2\repository\org\apache\commons\commons-text\1.9\commons-text-1.9.jar;C:\Users\ASUS\.m2\repository\commons-net\commons-net\3.8.0\commons-net-3.8.0.jar;C:\Users\ASUS\.m2\repository\com\google\guava\guava\31.1-jre\guava-31.1-jre.jar;C:\Users\ASUS\.m2\repository\com\google\guava\failureaccess\1.0.1\failureaccess-1.0.1.jar;C:\Users\ASUS\.m2\repository\com\google\guava\listenablefuture\9999.0-empty-to-avoid-conflict-with-guava\listenablefuture-9999.0-empty-to-avoid-conflict-with-guava.jar;C:\Users\ASUS\.m2\repository\com\google\code\findbugs\jsr305\3.0.2\jsr305-3.0.2.jar;C:\Users\ASUS\.m2\repository\org\checkerframework\checker-qual\3.12.0\checker-qual-3.12.0.jar;C:\Users\ASUS\.m2\repository\com\google\errorprone\error_prone_annotations\2.11.0\error_prone_annotations-2.11.0.jar;C:\Users\ASUS\.m2\repository\com\google\j2objc\j2objc-annotations\1.3\j2objc-annotations-1.3.jar;C:\Users\ASUS\.m2\repository\com\google\inject\guice\5.1.0\guice-5.1.0.jar;C:\Users\ASUS\.m2\repository\javax\inject\javax.inject\1\javax.inject-1.jar;C:\Users\ASUS\.m2\repository\aopalliance\aopalliance\1.0\aopalliance-1.0.jar;C:\Users\ASUS\.m2\repository\org\jsoup\jsoup\1.14.3\jsoup-1.14.3.jar;C:\Users\ASUS\.m2\repository\com\thoughtworks\xstream\xstream\1.4.19\xstream-1.4.19.jar;C:\Users\ASUS\.m2\repository\io\github\x-stream\mxparser\1.2.2\mxparser-1.2.2.jar;C:\Users\ASUS\.m2\repository\xmlpull\xmlpull\1.1.3.1\xmlpull-1.1.3.1.jar;C:\Users\ASUS\.m2\repository\io\cucumber\cucumber-java\7.2.3\cucumber-java-7.2.3.jar;C:\Users\ASUS\.m2\repository\com\typesafe\config\1.4.2\config-1.4.2.jar;C:\Users\ASUS\.m2\repository\org\imgscalr\imgscalr-lib\4.2\imgscalr-lib-4.2.jar;C:\Users\ASUS\.m2\repository\org\awaitility\awaitility\4.2.0\awaitility-4.2.0.jar;C:\Users\ASUS\.m2\repository\org\freemarker\freemarker\2.3.31\freemarker-2.3.31.jar;C:\Users\ASUS\.m2\repository\io\github\classgraph\classgraph\4.8.138\classgraph-4.8.138.jar;C:\Users\ASUS\.m2\repository\net\sourceforge\jexcelapi\jxl\2.6.12\jxl-2.6.12.jar;C:\Users\ASUS\.m2\repository\net\bytebuddy\byte-buddy\1.12.8\byte-buddy-1.12.8.jar;C:\Users\ASUS\.m2\repository\net\bytebuddy\byte-buddy-agent\1.12.8\byte-buddy-agent-1.12.8.jar;C:\Users\ASUS\.m2\repository\org\objenesis\objenesis\3.1\objenesis-3.1.jar;C:\Users\ASUS\.m2\repository\net\serenity-bdd\serenity-reports\3.2.1\serenity-reports-3.2.1.jar;C:\Users\ASUS\.m2\repository\net\serenity-bdd\serenity-stats\3.2.1\serenity-stats-3.2.1.jar;C:\Users\ASUS\.m2\repository\net\serenity-bdd\serenity-reports-configuration\3.2.1\serenity-reports-configuration-3.2.1.jar;C:\Users\ASUS\.m2\repository\com\vladsch\flexmark\flexmark-all\0.34.30\flexmark-all-0.34.30.jar;C:\Users\ASUS\.m2\repository\com\vladsch\flexmark\flexmark\0.34.30\flexmark-0.34.30.jar;C:\Users\ASUS\.m2\repository\com\vladsch\flexmark\flexmark-ext-abbreviation\0.34.30\flexmark-ext-abbreviation-0.34.30.jar;C:\Users\ASUS\.m2\repository\com\vladsch\flexmark\flexmark-ext-admonition\0.34.30\flexmark-ext-admonition-0.34.30.jar;C:\Users\ASUS\.m2\repository\com\vladsch\flexmark\flexmark-ext-anchorlink\0.34.30\flexmark-ext-anchorlink-0.34.30.jar;C:\Users\ASUS\.m2\repository\com\vladsch\flexmark\flexmark-ext-aside\0.34.30\flexmark-ext-aside-0.34.30.jar;C:\Users\ASUS\.m2\repository\com\vladsch\flexmark\flexmark-ext-attributes\0.34.30\flexmark-ext-attributes-0.34.30.jar;C:\Users\ASUS\.m2\repository\com\vladsch\flexmark\flexmark-ext-autolink\0.34.30\flexmark-ext-autolink-0.34.30.jar;C:\Users\ASUS\.m2\repository\org\nibor\autolink\autolink\0.6.0\autolink-0.6.0.jar;C:\Users\ASUS\.m2\repository\com\vladsch\flexmark\flexmark-ext-definition\0.34.30\flexmark-ext-definition-0.34.30.jar;C:\Users\ASUS\.m2\repository\com\vladsch\flexmark\flexmark-ext-emoji\0.34.30\flexmark-ext-emoji-0.34.30.jar;C:\Users\ASUS\.m2\repository\com\vladsch\flexmark\flexmark-ext-enumerated-reference\0.34.30\flexmark-ext-enumerated-reference-0.34.30.jar;C:\Users\ASUS\.m2\repository\com\vladsch\flexmark\flexmark-ext-escaped-character\0.34.30\flexmark-ext-escaped-character-0.34.30.jar;C:\Users\ASUS\.m2\repository\com\vladsch\flexmark\flexmark-ext-footnotes\0.34.30\flexmark-ext-footnotes-0.34.30.jar;C:\Users\ASUS\.m2\repository\com\vladsch\flexmark\flexmark-ext-gfm-issues\0.34.30\flexmark-ext-gfm-issues-0.34.30.jar;C:\Users\ASUS\.m2\repository\com\vladsch\flexmark\flexmark-ext-gfm-strikethrough\0.34.30\flexmark-ext-gfm-strikethrough-0.34.30.jar;C:\Users\ASUS\.m2\repository\com\vladsch\flexmark\flexmark-ext-gfm-tables\0.34.30\flexmark-ext-gfm-tables-0.34.30.jar;C:\Users\ASUS\.m2\repository\com\vladsch\flexmark\flexmark-ext-gfm-tasklist\0.34.30\flexmark-ext-gfm-tasklist-0.34.30.jar;C:\Users\ASUS\.m2\repository\com\vladsch\flexmark\flexmark-ext-gfm-users\0.34.30\flexmark-ext-gfm-users-0.34.30.jar;C:\Users\ASUS\.m2\repository\com\vladsch\flexmark\flexmark-ext-gitlab\0.34.30\flexmark-ext-gitlab-0.34.30.jar;C:\Users\ASUS\.m2\repository\com\vladsch\flexmark\flexmark-ext-jekyll-front-matter\0.34.30\flexmark-ext-jekyll-front-matter-0.34.30.jar;C:\Users\ASUS\.m2\repository\com\vladsch\flexmark\flexmark-ext-jekyll-tag\0.34.30\flexmark-ext-jekyll-tag-0.34.30.jar;C:\Users\ASUS\.m2\repository\com\vladsch\flexmark\flexmark-ext-media-tags\0.34.30\flexmark-ext-media-tags-0.34.30.jar;C:\Users\ASUS\.m2\repository\com\vladsch\flexmark\flexmark-test-util\0.34.30\flexmark-test-util-0.34.30.jar;C:\Users\ASUS\.m2\repository\com\vladsch\flexmark\flexmark-ext-ins\0.34.30\flexmark-ext-ins-0.34.30.jar;C:\Users\ASUS\.m2\repository\com\vladsch\flexmark\flexmark-ext-xwiki-macros\0.34.30\flexmark-ext-xwiki-macros-0.34.30.jar;C:\Users\ASUS\.m2\repository\com\vladsch\flexmark\flexmark-ext-superscript\0.34.30\flexmark-ext-superscript-0.34.30.jar;C:\Users\ASUS\.m2\repository\com\vladsch\flexmark\flexmark-ext-tables\0.34.30\flexmark-ext-tables-0.34.30.jar;C:\Users\ASUS\.m2\repository\com\vladsch\flexmark\flexmark-ext-toc\0.34.30\flexmark-ext-toc-0.34.30.jar;C:\Users\ASUS\.m2\repository\com\vladsch\flexmark\flexmark-ext-typographic\0.34.30\flexmark-ext-typographic-0.34.30.jar;C:\Users\ASUS\.m2\repository\com\vladsch\flexmark\flexmark-ext-wikilink\0.34.30\flexmark-ext-wikilink-0.34.30.jar;C:\Users\ASUS\.m2\repository\com\vladsch\flexmark\flexmark-ext-yaml-front-matter\0.34.30\flexmark-ext-yaml-front-matter-0.34.30.jar;C:\Users\ASUS\.m2\repository\com\vladsch\flexmark\flexmark-ext-youtube-embedded\0.34.30\flexmark-ext-youtube-embedded-0.34.30.jar;C:\Users\ASUS\.m2\repository\com\vladsch\flexmark\flexmark-formatter\0.34.30\flexmark-formatter-0.34.30.jar;C:\Users\ASUS\.m2\repository\com\vladsch\flexmark\flexmark-html-parser\0.34.30\flexmark-html-parser-0.34.30.jar;C:\Users\ASUS\.m2\repository\com\vladsch\flexmark\flexmark-jira-converter\0.34.30\flexmark-jira-converter-0.34.30.jar;C:\Users\ASUS\.m2\repository\com\vladsch\flexmark\flexmark-pdf-converter\0.34.30\flexmark-pdf-converter-0.34.30.jar;C:\Users\ASUS\.m2\repository\com\openhtmltopdf\openhtmltopdf-core\0.0.1-RC13\openhtmltopdf-core-0.0.1-RC13.jar;C:\Users\ASUS\.m2\repository\com\openhtmltopdf\openhtmltopdf-pdfbox\0.0.1-RC13\openhtmltopdf-pdfbox-0.0.1-RC13.jar;C:\Users\ASUS\.m2\repository\org\apache\pdfbox\pdfbox\2.0.8\pdfbox-2.0.8.jar;C:\Users\ASUS\.m2\repository\org\apache\pdfbox\fontbox\2.0.8\fontbox-2.0.8.jar;C:\Users\ASUS\.m2\repository\commons-logging\commons-logging\1.2\commons-logging-1.2.jar;C:\Users\ASUS\.m2\repository\org\apache\pdfbox\xmpbox\2.0.8\xmpbox-2.0.8.jar;C:\Users\ASUS\.m2\repository\de\rototor\pdfbox\graphics2d\0.12\graphics2d-0.12.jar;C:\Users\ASUS\.m2\repository\com\openhtmltopdf\openhtmltopdf-rtl-support\0.0.1-RC13\openhtmltopdf-rtl-support-0.0.1-RC13.jar;C:\Users\ASUS\.m2\repository\com\ibm\icu\icu4j\59.1\icu4j-59.1.jar;C:\Users\ASUS\.m2\repository\com\openhtmltopdf\openhtmltopdf-jsoup-dom-converter\0.0.1-RC13\openhtmltopdf-jsoup-dom-converter-0.0.1-RC13.jar;C:\Users\ASUS\.m2\repository\com\vladsch\flexmark\flexmark-profile-pegdown\0.34.30\flexmark-profile-pegdown-0.34.30.jar;C:\Users\ASUS\.m2\repository\com\vladsch\flexmark\flexmark-util\0.34.30\flexmark-util-0.34.30.jar;C:\Users\ASUS\.m2\repository\com\vladsch\flexmark\flexmark-youtrack-converter\0.34.30\flexmark-youtrack-converter-0.34.30.jar;C:\Users\ASUS\.m2\repository\es\nitaur\markdown\txtmark\0.16\txtmark-0.16.jar;C:\Users\ASUS\.m2\repository\net\serenity-bdd\serenity-report-resources\3.2.1\serenity-report-resources-3.2.1.jar;C:\Users\ASUS\.m2\repository\com\google\code\gson\gson\2.9.0\gson-2.9.0.jar;C:\Users\ASUS\.m2\repository\com\fasterxml\jackson\core\jackson-core\2.13.2\jackson-core-2.13.2.jar;C:\Users\ASUS\.m2\repository\com\fasterxml\jackson\core\jackson-databind\2.13.2\jackson-databind-2.13.2.jar;C:\Users\ASUS\.m2\repository\com\fasterxml\jackson\core\jackson-annotations\2.13.2\jackson-annotations-2.13.2.jar;C:\Users\ASUS\.m2\repository\commons-codec\commons-codec\1.15\commons-codec-1.15.jar;C:\Users\ASUS\.m2\repository\commons-io\commons-io\2.11.0\commons-io-2.11.0.jar;C:\Users\ASUS\.m2\repository\org\seleniumhq\selenium\selenium-java\4.1.2\selenium-java-4.1.2.jar;C:\Users\ASUS\.m2\repository\org\seleniumhq\selenium\selenium-devtools-v85\4.1.2\selenium-devtools-v85-4.1.2.jar;C:\Users\ASUS\.m2\repository\org\seleniumhq\selenium\selenium-devtools-v95\4.1.2\selenium-devtools-v95-4.1.2.jar;C:\Users\ASUS\.m2\repository\org\seleniumhq\selenium\selenium-devtools-v96\4.1.2\selenium-devtools-v96-4.1.2.jar;C:\Users\ASUS\.m2\repository\org\seleniumhq\selenium\selenium-devtools-v97\4.1.2\selenium-devtools-v97-4.1.2.jar;C:\Users\ASUS\.m2\repository\org\seleniumhq\selenium\selenium-firefox-xpi-driver\4.1.2\selenium-firefox-xpi-driver-4.1.2.jar;C:\Users\ASUS\.m2\repository\org\seleniumhq\selenium\selenium-opera-driver\4.1.2\selenium-opera-driver-4.1.2.jar;C:\Users\ASUS\.m2\repository\org\seleniumhq\selenium\selenium-remote-driver\4.1.2\selenium-remote-driver-4.1.2.jar;C:\Users\ASUS\.m2\repository\com\beust\jcommander\1.82\jcommander-1.82.jar;C:\Users\ASUS\.m2\repository\io\netty\netty-buffer\4.1.73.Final\netty-buffer-4.1.73.Final.jar;C:\Users\ASUS\.m2\repository\io\netty\netty-codec-http\4.1.73.Final\netty-codec-http-4.1.73.Final.jar;C:\Users\ASUS\.m2\repository\io\netty\netty-codec\4.1.73.Final\netty-codec-4.1.73.Final.jar;C:\Users\ASUS\.m2\repository\io\netty\netty-handler\4.1.73.Final\netty-handler-4.1.73.Final.jar;C:\Users\ASUS\.m2\repository\io\netty\netty-tcnative-classes\2.0.46.Final\netty-tcnative-classes-2.0.46.Final.jar;C:\Users\ASUS\.m2\repository\io\netty\netty-common\4.1.73.Final\netty-common-4.1.73.Final.jar;C:\Users\ASUS\.m2\repository\io\netty\netty-transport-classes-epoll\4.1.73.Final\netty-transport-classes-epoll-4.1.73.Final.jar;C:\Users\ASUS\.m2\repository\io\netty\netty-transport-classes-kqueue\4.1.73.Final\netty-transport-classes-kqueue-4.1.73.Final.jar;C:\Users\ASUS\.m2\repository\io\netty\netty-transport-native-epoll\4.1.73.Final\netty-transport-native-epoll-4.1.73.Final.jar;C:\Users\ASUS\.m2\repository\io\netty\netty-transport-native-kqueue\4.1.73.Final\netty-transport-native-kqueue-4.1.73.Final.jar;C:\Users\ASUS\.m2\repository\io\netty\netty-transport-native-unix-common\4.1.73.Final\netty-transport-native-unix-common-4.1.73.Final.jar;C:\Users\ASUS\.m2\repository\io\netty\netty-transport\4.1.73.Final\netty-transport-4.1.73.Final.jar;C:\Users\ASUS\.m2\repository\io\netty\netty-resolver\4.1.73.Final\netty-resolver-4.1.73.Final.jar;C:\Users\ASUS\.m2\repository\io\opentelemetry\opentelemetry-api\1.10.1\opentelemetry-api-1.10.1.jar;C:\Users\ASUS\.m2\repository\io\opentelemetry\opentelemetry-context\1.10.1\opentelemetry-context-1.10.1.jar;C:\Users\ASUS\.m2\repository\io\opentelemetry\opentelemetry-exporter-logging\1.10.1\opentelemetry-exporter-logging-1.10.1.jar;C:\Users\ASUS\.m2\repository\io\opentelemetry\opentelemetry-sdk-metrics\1.10.1-alpha\opentelemetry-sdk-metrics-1.10.1-alpha.jar;C:\Users\ASUS\.m2\repository\io\opentelemetry\opentelemetry-sdk-logs\1.10.1-alpha\opentelemetry-sdk-logs-1.10.1-alpha.jar;C:\Users\ASUS\.m2\repository\io\opentelemetry\opentelemetry-sdk-common\1.10.1\opentelemetry-sdk-common-1.10.1.jar;C:\Users\ASUS\.m2\repository\io\opentelemetry\opentelemetry-sdk-extension-autoconfigure-spi\1.10.1\opentelemetry-sdk-extension-autoconfigure-spi-1.10.1.jar;C:\Users\ASUS\.m2\repository\io\opentelemetry\opentelemetry-sdk-extension-autoconfigure\1.10.1-alpha\opentelemetry-sdk-extension-autoconfigure-1.10.1-alpha.jar;C:\Users\ASUS\.m2\repository\io\opentelemetry\opentelemetry-sdk-trace\1.10.1\opentelemetry-sdk-trace-1.10.1.jar;C:\Users\ASUS\.m2\repository\io\opentelemetry\opentelemetry-sdk\1.10.1\opentelemetry-sdk-1.10.1.jar;C:\Users\ASUS\.m2\repository\io\opentelemetry\opentelemetry-semconv\1.10.1-alpha\opentelemetry-semconv-1.10.1-alpha.jar;C:\Users\ASUS\.m2\repository\io\ous\jtoml\2.0.0\jtoml-2.0.0.jar;C:\Users\ASUS\.m2\repository\org\apache\commons\commons-exec\1.3\commons-exec-1.3.jar;C:\Users\ASUS\.m2\repository\org\asynchttpclient\async-http-client\2.12.3\async-http-client-2.12.3.jar;C:\Users\ASUS\.m2\repository\org\asynchttpclient\async-http-client-netty-utils\2.12.3\async-http-client-netty-utils-2.12.3.jar;C:\Users\ASUS\.m2\repository\io\netty\netty-codec-socks\4.1.60.Final\netty-codec-socks-4.1.60.Final.jar;C:\Users\ASUS\.m2\repository\io\netty\netty-handler-proxy\4.1.60.Final\netty-handler-proxy-4.1.60.Final.jar;C:\Users\ASUS\.m2\repository\io\netty\netty-transport-native-epoll\4.1.60.Final\netty-transport-native-epoll-4.1.60.Final-linux-x86_64.jar;C:\Users\ASUS\.m2\repository\io\netty\netty-transport-native-kqueue\4.1.60.Final\netty-transport-native-kqueue-4.1.60.Final-osx-x86_64.jar;C:\Users\ASUS\.m2\repository\org\reactivestreams\reactive-streams\1.0.3\reactive-streams-1.0.3.jar;C:\Users\ASUS\.m2\repository\com\typesafe\netty\netty-reactive-streams\2.0.4\netty-reactive-streams-2.0.4.jar;C:\Users\ASUS\.m2\repository\org\seleniumhq\selenium\selenium-http\4.1.2\selenium-http-4.1.2.jar;C:\Users\ASUS\.m2\repository\net\jodah\failsafe\2.4.4\failsafe-2.4.4.jar;C:\Users\ASUS\.m2\repository\org\seleniumhq\selenium\selenium-safari-driver\4.1.2\selenium-safari-driver-4.1.2.jar;C:\Users\ASUS\.m2\repository\org\seleniumhq\selenium\selenium-api\4.1.2\selenium-api-4.1.2.jar;C:\Users\ASUS\.m2\repository\org\seleniumhq\selenium\selenium-support\4.1.2\selenium-support-4.1.2.jar;C:\Users\ASUS\.m2\repository\com\google\auto\service\auto-service-annotations\1.0.1\auto-service-annotations-1.0.1.jar;C:\Users\ASUS\.m2\repository\com\google\auto\service\auto-service\1.0.1\auto-service-1.0.1.jar;C:\Users\ASUS\.m2\repository\com\google\auto\auto-common\1.2\auto-common-1.2.jar;C:\Users\ASUS\.m2\repository\org\seleniumhq\selenium\selenium-json\4.1.2\selenium-json-4.1.2.jar;C:\Users\ASUS\.m2\repository\org\seleniumhq\selenium\selenium-chrome-driver\4.1.2\selenium-chrome-driver-4.1.2.jar;C:\Users\ASUS\.m2\repository\org\seleniumhq\selenium\selenium-chromium-driver\4.1.2\selenium-chromium-driver-4.1.2.jar;C:\Users\ASUS\.m2\repository\org\seleniumhq\selenium\selenium-firefox-driver\4.1.2\selenium-firefox-driver-4.1.2.jar;C:\Users\ASUS\.m2\repository\org\seleniumhq\selenium\selenium-edge-driver\4.1.2\selenium-edge-driver-4.1.2.jar;C:\Users\ASUS\.m2\repository\org\seleniumhq\selenium\selenium-ie-driver\4.1.2\selenium-ie-driver-4.1.2.jar;C:\Users\ASUS\.m2\repository\org\projectlombok\lombok\1.18.20\lombok-1.18.20.jar;C:\Users\ASUS\.m2\repository\io\appium\java-client\8.0.0\java-client-8.0.0.jar;C:\Users\ASUS\.m2\repository\commons-validator\commons-validator\1.7\commons-validator-1.7.jar;C:\Users\ASUS\.m2\repository\commons-digester\commons-digester\2.1\commons-digester-2.1.jar;C:\Users\ASUS\.m2\repository\org\aspectj\aspectjweaver\1.9.8\aspectjweaver-1.9.8.jar;C:\Users\ASUS\.m2\repository\org\codehaus\groovy\groovy\3.0.10\groovy-3.0.10.jar;C:\Users\ASUS\.m2\repository\net\sf\opencsv\opencsv\2.0\opencsv-2.0.jar;C:\Users\ASUS\.m2\repository\commons-beanutils\commons-beanutils\1.9.4\commons-beanutils-1.9.4.jar;C:\Users\ASUS\.m2\repository\org\apache\commons\commons-lang3\3.12.0\commons-lang3-3.12.0.jar;C:\Users\ASUS\.m2\repository\commons-collections\commons-collections\3.2.2\commons-collections-3.2.2.jar;C:\Users\ASUS\.m2\repository\org\fluentlenium\fluentlenium-core\0.10.2\fluentlenium-core-0.10.2.jar;C:\Users\ASUS\.m2\repository\io\github\bonigarcia\webdrivermanager\5.1.0\webdrivermanager-5.1.0.jar;C:\Users\ASUS\.m2\repository\com\github\docker-java\docker-java\3.2.13\docker-java-3.2.13.jar;C:\Users\ASUS\.m2\repository\com\github\docker-java\docker-java-core\3.2.13\docker-java-core-3.2.13.jar;C:\Users\ASUS\.m2\repository\com\github\docker-java\docker-java-api\3.2.13\docker-java-api-3.2.13.jar;C:\Users\ASUS\.m2\repository\org\apache\commons\commons-compress\1.21\commons-compress-1.21.jar;C:\Users\ASUS\.m2\repository\org\bouncycastle\bcpkix-jdk15on\1.64\bcpkix-jdk15on-1.64.jar;C:\Users\ASUS\.m2\repository\org\bouncycastle\bcprov-jdk15on\1.64\bcprov-jdk15on-1.64.jar;C:\Users\ASUS\.m2\repository\org\slf4j\jcl-over-slf4j\1.7.30\jcl-over-slf4j-1.7.30.jar;C:\Users\ASUS\.m2\repository\com\github\docker-java\docker-java-transport-httpclient5\3.2.13\docker-java-transport-httpclient5-3.2.13.jar;C:\Users\ASUS\.m2\repository\com\github\docker-java\docker-java-transport\3.2.13\docker-java-transport-3.2.13.jar;C:\Users\ASUS\.m2\repository\org\apache\httpcomponents\client5\httpclient5\5.0.3\httpclient5-5.0.3.jar;C:\Users\ASUS\.m2\repository\org\apache\httpcomponents\core5\httpcore5\5.0.2\httpcore5-5.0.2.jar;C:\Users\ASUS\.m2\repository\net\java\dev\jna\jna\5.8.0\jna-5.8.0.jar;C:\Users\ASUS\.m2\repository\org\brotli\dec\0.1.2\dec-0.1.2.jar;C:\Users\ASUS\.m2\repository\com\jhlabs\filters\2.0.235\filters-2.0.235.jar;C:\Users\ASUS\.m2\repository\com\paulhammant\ngwebdriver\1.1.6\ngwebdriver-1.1.6.jar;C:\Users\ASUS\.m2\repository\joda-time\joda-time\2.8.2\joda-time-2.8.2.jar;C:\Users\ASUS\.m2\repository\org\hamcrest\hamcrest\2.2\hamcrest-2.2.jar;C:\Users\ASUS\.m2\repository\com\google\jimfs\jimfs\1.2\jimfs-1.2.jar;C:\Users\ASUS\.m2\repository\org\mockito\mockito-core\3.3.3\mockito-core-3.3.3.jar;C:\Users\ASUS\.m2\repository\javax\xml\bind\jaxb-api\2.3.1\jaxb-api-2.3.1.jar;C:\Users\ASUS\.m2\repository\javax\activation\javax.activation-api\1.2.0\javax.activation-api-1.2.0.jar;C:\Users\ASUS\.m2\repository\com\sun\xml\bind\jaxb-core\2.3.0.1\jaxb-core-2.3.0.1.jar;C:\Users\ASUS\.m2\repository\com\sun\xml\bind\jaxb-impl\2.3.3\jaxb-impl-2.3.3.jar;C:\Users\ASUS\.m2\repository\jakarta\xml\bind\jakarta.xml.bind-api\2.3.3\jakarta.xml.bind-api-2.3.3.jar;C:\Users\ASUS\.m2\repository\com\sun\activation\jakarta.activation\1.2.2\jakarta.activation-1.2.2.jar;C:\Users\ASUS\.m2\repository\javax\activation\activation\1.1.1\activation-1.1.1.jar;C:\Users\ASUS\.m2\repository\net\serenity-bdd\serenity-cucumber\3.2.1\serenity-cucumber-3.2.1.jar;C:\Users\ASUS\.m2\repository\io\cucumber\cucumber-core\7.2.3\cucumber-core-7.2.3.jar;C:\Users\ASUS\.m2\repository\io\cucumber\cucumber-gherkin\7.2.3\cucumber-gherkin-7.2.3.jar;C:\Users\ASUS\.m2\repository\io\cucumber\cucumber-gherkin-messages\7.2.3\cucumber-gherkin-messages-7.2.3.jar;C:\Users\ASUS\.m2\repository\io\cucumber\messages\17.1.1\messages-17.1.1.jar;C:\Users\ASUS\.m2\repository\io\cucumber\tag-expressions\4.1.0\tag-expressions-4.1.0.jar;C:\Users\ASUS\.m2\repository\io\cucumber\cucumber-expressions\15.0.1\cucumber-expressions-15.0.1.jar;C:\Users\ASUS\.m2\repository\io\cucumber\datatable\7.2.3\datatable-7.2.3.jar;C:\Users\ASUS\.m2\repository\io\cucumber\cucumber-plugin\7.2.3\cucumber-plugin-7.2.3.jar;C:\Users\ASUS\.m2\repository\io\cucumber\docstring\7.2.3\docstring-7.2.3.jar;C:\Users\ASUS\.m2\repository\io\cucumber\html-formatter\17.0.0\html-formatter-17.0.0.jar;C:\Users\ASUS\.m2\repository\io\cucumber\ci-environment\8.1.0\ci-environment-8.1.0.jar;C:\Users\ASUS\.m2\repository\io\cucumber\cucumber-junit\7.2.3\cucumber-junit-7.2.3.jar;C:\Users\ASUS\.m2\repository\org\apache\commons\commons-csv\1.5\commons-csv-1.5.jar;C:\Users\ASUS\.m2\repository\net\serenity-bdd\serenity-screenplay\3.2.1\serenity-screenplay-3.2.1.jar;C:\Users\ASUS\.m2\repository\net\serenity-bdd\serenity-screenplay-webdriver\3.2.1\serenity-screenplay-webdriver-3.2.1.jar;C:\Users\ASUS\.m2\repository\net\serenity-bdd\serenity-ensure\3.2.1\serenity-ensure-3.2.1.jar;C:\Users\ASUS\.m2\repository\net\serenity-bdd\serenity-junit\3.2.1\serenity-junit-3.2.1.jar;C:\Users\ASUS\.m2\repository\org\jetbrains\kotlin\kotlin-stdlib\1.6.0\kotlin-stdlib-1.6.0.jar;C:\Users\ASUS\.m2\repository\org\jetbrains\annotations\13.0\annotations-13.0.jar;C:\Users\ASUS\.m2\repository\org\jetbrains\kotlin\kotlin-stdlib-common\1.6.0\kotlin-stdlib-common-1.6.0.jar;C:\Users\ASUS\.m2\repository\org\junit\platform\junit-platform-launcher\1.8.1\junit-platform-launcher-1.8.1.jar;C:\Users\ASUS\.m2\repository\org\junit\platform\junit-platform-engine\1.8.1\junit-platform-engine-1.8.1.jar;C:\Users\ASUS\.m2\repository\org\opentest4j\opentest4j\1.2.0\opentest4j-1.2.0.jar;C:\Users\ASUS\.m2\repository\org\junit\platform\junit-platform-commons\1.8.1\junit-platform-commons-1.8.1.jar;C:\Users\ASUS\.m2\repository\org\apiguardian\apiguardian-api\1.1.2\apiguardian-api-1.1.2.jar;C:\Users\ASUS\.m2\repository\org\junit\jupiter\junit-jupiter-engine\5.8.2\junit-jupiter-engine-5.8.2.jar;C:\Users\ASUS\.m2\repository\org\junit\jupiter\junit-jupiter-api\5.8.2\junit-jupiter-api-5.8.2.jar;C:\Users\ASUS\.m2\repository\org\junit\vintage\junit-vintage-engine\5.8.2\junit-vintage-engine-5.8.2.jar;C:\Users\ASUS\.m2\repository\junit\junit\4.13.2\junit-4.13.2.jar;C:\Users\ASUS\.m2\repository\org\hamcrest\hamcrest-core\1.3\hamcrest-core-1.3.jar;C:\Users\ASUS\.m2\repository\ch\qos\logback\logback-classic\1.2.10\logback-classic-1.2.10.jar;C:\Users\ASUS\.m2\repository\ch\qos\logback\logback-core\1.2.10\logback-core-1.2.10.jar;C:\Users\ASUS\.m2\repository\org\slf4j\slf4j-api\1.7.32\slf4j-api-1.7.32.jar;C:\Users\ASUS\.m2\repository\org\assertj\assertj-core\3.6.2\assertj-core-3.6.2.jar;"/>
    <property name="java.vm.vendor" value="Oracle Corporation"/>
    <property name="sun.arch.data.model" value="64"/>
    <property name="user.variant" value=""/>
    <property name="java.vendor.url" value="https://java.oracle.com/"/>
    <property name="user.timezone" value="Asia/Jakarta"/>
    <property name="log4j2.formatMsgNoLookups" value="true"/>
    <property name="os.name" value="Windows 10"/>
    <property name="java.vm.specification.version" value="13"/>
    <property name="sun.java.launcher" value="SUN_STANDARD"/>
    <property name="user.country" value="ID"/>
    <property name="sun.boot.library.path" value="C:\Program Files\Java\jdk-13.0.2\bin"/>
    <property name="sun.java.command" value="org.apache.maven.surefire.booter.ForkedBooter C:\Users\ASUS\AppData\Local\Temp\surefire5380738470497240069 2022-11-09T19-28-23_982-jvmRun1 surefire8953721189597586310tmp surefire_058612075908604528tmp"/>
    <property name="jdk.debug" value="release"/>
    <property name="surefire.test.class.path" value="C:\Users\ASUS\Desktop\stupen\miniproject\Web\ASWeb\target\test-classes;C:\Users\ASUS\.m2\repository\net\serenity-bdd\serenity-core\3.2.1\serenity-core-3.2.1.jar;C:\Users\ASUS\.m2\repository\net\serenity-bdd\serenity-model\3.2.1\serenity-model-3.2.1.jar;C:\Users\ASUS\.m2\repository\org\apache\commons\commons-text\1.9\commons-text-1.9.jar;C:\Users\ASUS\.m2\repository\commons-net\commons-net\3.8.0\commons-net-3.8.0.jar;C:\Users\ASUS\.m2\repository\com\google\guava\guava\31.1-jre\guava-31.1-jre.jar;C:\Users\ASUS\.m2\repository\com\google\guava\failureaccess\1.0.1\failureaccess-1.0.1.jar;C:\Users\ASUS\.m2\repository\com\google\guava\listenablefuture\9999.0-empty-to-avoid-conflict-with-guava\listenablefuture-9999.0-empty-to-avoid-conflict-with-guava.jar;C:\Users\ASUS\.m2\repository\com\google\code\findbugs\jsr305\3.0.2\jsr305-3.0.2.jar;C:\Users\ASUS\.m2\repository\org\checkerframework\checker-qual\3.12.0\checker-qual-3.12.0.jar;C:\Users\ASUS\.m2\repository\com\google\errorprone\error_prone_annotations\2.11.0\error_prone_annotations-2.11.0.jar;C:\Users\ASUS\.m2\repository\com\google\j2objc\j2objc-annotations\1.3\j2objc-annotations-1.3.jar;C:\Users\ASUS\.m2\repository\com\google\inject\guice\5.1.0\guice-5.1.0.jar;C:\Users\ASUS\.m2\repository\javax\inject\javax.inject\1\javax.inject-1.jar;C:\Users\ASUS\.m2\repository\aopalliance\aopalliance\1.0\aopalliance-1.0.jar;C:\Users\ASUS\.m2\repository\org\jsoup\jsoup\1.14.3\jsoup-1.14.3.jar;C:\Users\ASUS\.m2\repository\com\thoughtworks\xstream\xstream\1.4.19\xstream-1.4.19.jar;C:\Users\ASUS\.m2\repository\io\github\x-stream\mxparser\1.2.2\mxparser-1.2.2.jar;C:\Users\ASUS\.m2\repository\xmlpull\xmlpull\1.1.3.1\xmlpull-1.1.3.1.jar;C:\Users\ASUS\.m2\repository\io\cucumber\cucumber-java\7.2.3\cucumber-java-7.2.3.jar;C:\Users\ASUS\.m2\repository\com\typesafe\config\1.4.2\config-1.4.2.jar;C:\Users\ASUS\.m2\repository\org\imgscalr\imgscalr-lib\4.2\imgscalr-lib-4.2.jar;C:\Users\ASUS\.m2\repository\org\awaitility\awaitility\4.2.0\awaitility-4.2.0.jar;C:\Users\ASUS\.m2\repository\org\freemarker\freemarker\2.3.31\freemarker-2.3.31.jar;C:\Users\ASUS\.m2\repository\io\github\classgraph\classgraph\4.8.138\classgraph-4.8.138.jar;C:\Users\ASUS\.m2\repository\net\sourceforge\jexcelapi\jxl\2.6.12\jxl-2.6.12.jar;C:\Users\ASUS\.m2\repository\net\bytebuddy\byte-buddy\1.12.8\byte-buddy-1.12.8.jar;C:\Users\ASUS\.m2\repository\net\bytebuddy\byte-buddy-agent\1.12.8\byte-buddy-agent-1.12.8.jar;C:\Users\ASUS\.m2\repository\org\objenesis\objenesis\3.1\objenesis-3.1.jar;C:\Users\ASUS\.m2\repository\net\serenity-bdd\serenity-reports\3.2.1\serenity-reports-3.2.1.jar;C:\Users\ASUS\.m2\repository\net\serenity-bdd\serenity-stats\3.2.1\serenity-stats-3.2.1.jar;C:\Users\ASUS\.m2\repository\net\serenity-bdd\serenity-reports-configuration\3.2.1\serenity-reports-configuration-3.2.1.jar;C:\Users\ASUS\.m2\repository\com\vladsch\flexmark\flexmark-all\0.34.30\flexmark-all-0.34.30.jar;C:\Users\ASUS\.m2\repository\com\vladsch\flexmark\flexmark\0.34.30\flexmark-0.34.30.jar;C:\Users\ASUS\.m2\repository\com\vladsch\flexmark\flexmark-ext-abbreviation\0.34.30\flexmark-ext-abbreviation-0.34.30.jar;C:\Users\ASUS\.m2\repository\com\vladsch\flexmark\flexmark-ext-admonition\0.34.30\flexmark-ext-admonition-0.34.30.jar;C:\Users\ASUS\.m2\repository\com\vladsch\flexmark\flexmark-ext-anchorlink\0.34.30\flexmark-ext-anchorlink-0.34.30.jar;C:\Users\ASUS\.m2\repository\com\vladsch\flexmark\flexmark-ext-aside\0.34.30\flexmark-ext-aside-0.34.30.jar;C:\Users\ASUS\.m2\repository\com\vladsch\flexmark\flexmark-ext-attributes\0.34.30\flexmark-ext-attributes-0.34.30.jar;C:\Users\ASUS\.m2\repository\com\vladsch\flexmark\flexmark-ext-autolink\0.34.30\flexmark-ext-autolink-0.34.30.jar;C:\Users\ASUS\.m2\repository\org\nibor\autolink\autolink\0.6.0\autolink-0.6.0.jar;C:\Users\ASUS\.m2\repository\com\vladsch\flexmark\flexmark-ext-definition\0.34.30\flexmark-ext-definition-0.34.30.jar;C:\Users\ASUS\.m2\repository\com\vladsch\flexmark\flexmark-ext-emoji\0.34.30\flexmark-ext-emoji-0.34.30.jar;C:\Users\ASUS\.m2\repository\com\vladsch\flexmark\flexmark-ext-enumerated-reference\0.34.30\flexmark-ext-enumerated-reference-0.34.30.jar;C:\Users\ASUS\.m2\repository\com\vladsch\flexmark\flexmark-ext-escaped-character\0.34.30\flexmark-ext-escaped-character-0.34.30.jar;C:\Users\ASUS\.m2\repository\com\vladsch\flexmark\flexmark-ext-footnotes\0.34.30\flexmark-ext-footnotes-0.34.30.jar;C:\Users\ASUS\.m2\repository\com\vladsch\flexmark\flexmark-ext-gfm-issues\0.34.30\flexmark-ext-gfm-issues-0.34.30.jar;C:\Users\ASUS\.m2\repository\com\vladsch\flexmark\flexmark-ext-gfm-strikethrough\0.34.30\flexmark-ext-gfm-strikethrough-0.34.30.jar;C:\Users\ASUS\.m2\repository\com\vladsch\flexmark\flexmark-ext-gfm-tables\0.34.30\flexmark-ext-gfm-tables-0.34.30.jar;C:\Users\ASUS\.m2\repository\com\vladsch\flexmark\flexmark-ext-gfm-tasklist\0.34.30\flexmark-ext-gfm-tasklist-0.34.30.jar;C:\Users\ASUS\.m2\repository\com\vladsch\flexmark\flexmark-ext-gfm-users\0.34.30\flexmark-ext-gfm-users-0.34.30.jar;C:\Users\ASUS\.m2\repository\com\vladsch\flexmark\flexmark-ext-gitlab\0.34.30\flexmark-ext-gitlab-0.34.30.jar;C:\Users\ASUS\.m2\repository\com\vladsch\flexmark\flexmark-ext-jekyll-front-matter\0.34.30\flexmark-ext-jekyll-front-matter-0.34.30.jar;C:\Users\ASUS\.m2\repository\com\vladsch\flexmark\flexmark-ext-jekyll-tag\0.34.30\flexmark-ext-jekyll-tag-0.34.30.jar;C:\Users\ASUS\.m2\repository\com\vladsch\flexmark\flexmark-ext-media-tags\0.34.30\flexmark-ext-media-tags-0.34.30.jar;C:\Users\ASUS\.m2\repository\com\vladsch\flexmark\flexmark-test-util\0.34.30\flexmark-test-util-0.34.30.jar;C:\Users\ASUS\.m2\repository\com\vladsch\flexmark\flexmark-ext-ins\0.34.30\flexmark-ext-ins-0.34.30.jar;C:\Users\ASUS\.m2\repository\com\vladsch\flexmark\flexmark-ext-xwiki-macros\0.34.30\flexmark-ext-xwiki-macros-0.34.30.jar;C:\Users\ASUS\.m2\repository\com\vladsch\flexmark\flexmark-ext-superscript\0.34.30\flexmark-ext-superscript-0.34.30.jar;C:\Users\ASUS\.m2\repository\com\vladsch\flexmark\flexmark-ext-tables\0.34.30\flexmark-ext-tables-0.34.30.jar;C:\Users\ASUS\.m2\repository\com\vladsch\flexmark\flexmark-ext-toc\0.34.30\flexmark-ext-toc-0.34.30.jar;C:\Users\ASUS\.m2\repository\com\vladsch\flexmark\flexmark-ext-typographic\0.34.30\flexmark-ext-typographic-0.34.30.jar;C:\Users\ASUS\.m2\repository\com\vladsch\flexmark\flexmark-ext-wikilink\0.34.30\flexmark-ext-wikilink-0.34.30.jar;C:\Users\ASUS\.m2\repository\com\vladsch\flexmark\flexmark-ext-yaml-front-matter\0.34.30\flexmark-ext-yaml-front-matter-0.34.30.jar;C:\Users\ASUS\.m2\repository\com\vladsch\flexmark\flexmark-ext-youtube-embedded\0.34.30\flexmark-ext-youtube-embedded-0.34.30.jar;C:\Users\ASUS\.m2\repository\com\vladsch\flexmark\flexmark-formatter\0.34.30\flexmark-formatter-0.34.30.jar;C:\Users\ASUS\.m2\repository\com\vladsch\flexmark\flexmark-html-parser\0.34.30\flexmark-html-parser-0.34.30.jar;C:\Users\ASUS\.m2\repository\com\vladsch\flexmark\flexmark-jira-converter\0.34.30\flexmark-jira-converter-0.34.30.jar;C:\Users\ASUS\.m2\repository\com\vladsch\flexmark\flexmark-pdf-converter\0.34.30\flexmark-pdf-converter-0.34.30.jar;C:\Users\ASUS\.m2\repository\com\openhtmltopdf\openhtmltopdf-core\0.0.1-RC13\openhtmltopdf-core-0.0.1-RC13.jar;C:\Users\ASUS\.m2\repository\com\openhtmltopdf\openhtmltopdf-pdfbox\0.0.1-RC13\openhtmltopdf-pdfbox-0.0.1-RC13.jar;C:\Users\ASUS\.m2\repository\org\apache\pdfbox\pdfbox\2.0.8\pdfbox-2.0.8.jar;C:\Users\ASUS\.m2\repository\org\apache\pdfbox\fontbox\2.0.8\fontbox-2.0.8.jar;C:\Users\ASUS\.m2\repository\commons-logging\commons-logging\1.2\commons-logging-1.2.jar;C:\Users\ASUS\.m2\repository\org\apache\pdfbox\xmpbox\2.0.8\xmpbox-2.0.8.jar;C:\Users\ASUS\.m2\repository\de\rototor\pdfbox\graphics2d\0.12\graphics2d-0.12.jar;C:\Users\ASUS\.m2\repository\com\openhtmltopdf\openhtmltopdf-rtl-support\0.0.1-RC13\openhtmltopdf-rtl-support-0.0.1-RC13.jar;C:\Users\ASUS\.m2\repository\com\ibm\icu\icu4j\59.1\icu4j-59.1.jar;C:\Users\ASUS\.m2\repository\com\openhtmltopdf\openhtmltopdf-jsoup-dom-converter\0.0.1-RC13\openhtmltopdf-jsoup-dom-converter-0.0.1-RC13.jar;C:\Users\ASUS\.m2\repository\com\vladsch\flexmark\flexmark-profile-pegdown\0.34.30\flexmark-profile-pegdown-0.34.30.jar;C:\Users\ASUS\.m2\repository\com\vladsch\flexmark\flexmark-util\0.34.30\flexmark-util-0.34.30.jar;C:\Users\ASUS\.m2\repository\com\vladsch\flexmark\flexmark-youtrack-converter\0.34.30\flexmark-youtrack-converter-0.34.30.jar;C:\Users\ASUS\.m2\repository\es\nitaur\markdown\txtmark\0.16\txtmark-0.16.jar;C:\Users\ASUS\.m2\repository\net\serenity-bdd\serenity-report-resources\3.2.1\serenity-report-resources-3.2.1.jar;C:\Users\ASUS\.m2\repository\com\google\code\gson\gson\2.9.0\gson-2.9.0.jar;C:\Users\ASUS\.m2\repository\com\fasterxml\jackson\core\jackson-core\2.13.2\jackson-core-2.13.2.jar;C:\Users\ASUS\.m2\repository\com\fasterxml\jackson\core\jackson-databind\2.13.2\jackson-databind-2.13.2.jar;C:\Users\ASUS\.m2\repository\com\fasterxml\jackson\core\jackson-annotations\2.13.2\jackson-annotations-2.13.2.jar;C:\Users\ASUS\.m2\repository\commons-codec\commons-codec\1.15\commons-codec-1.15.jar;C:\Users\ASUS\.m2\repository\commons-io\commons-io\2.11.0\commons-io-2.11.0.jar;C:\Users\ASUS\.m2\repository\org\seleniumhq\selenium\selenium-java\4.1.2\selenium-java-4.1.2.jar;C:\Users\ASUS\.m2\repository\org\seleniumhq\selenium\selenium-devtools-v85\4.1.2\selenium-devtools-v85-4.1.2.jar;C:\Users\ASUS\.m2\repository\org\seleniumhq\selenium\selenium-devtools-v95\4.1.2\selenium-devtools-v95-4.1.2.jar;C:\Users\ASUS\.m2\repository\org\seleniumhq\selenium\selenium-devtools-v96\4.1.2\selenium-devtools-v96-4.1.2.jar;C:\Users\ASUS\.m2\repository\org\seleniumhq\selenium\selenium-devtools-v97\4.1.2\selenium-devtools-v97-4.1.2.jar;C:\Users\ASUS\.m2\repository\org\seleniumhq\selenium\selenium-firefox-xpi-driver\4.1.2\selenium-firefox-xpi-driver-4.1.2.jar;C:\Users\ASUS\.m2\repository\org\seleniumhq\selenium\selenium-opera-driver\4.1.2\selenium-opera-driver-4.1.2.jar;C:\Users\ASUS\.m2\repository\org\seleniumhq\selenium\selenium-remote-driver\4.1.2\selenium-remote-driver-4.1.2.jar;C:\Users\ASUS\.m2\repository\com\beust\jcommander\1.82\jcommander-1.82.jar;C:\Users\ASUS\.m2\repository\io\netty\netty-buffer\4.1.73.Final\netty-buffer-4.1.73.Final.jar;C:\Users\ASUS\.m2\repository\io\netty\netty-codec-http\4.1.73.Final\netty-codec-http-4.1.73.Final.jar;C:\Users\ASUS\.m2\repository\io\netty\netty-codec\4.1.73.Final\netty-codec-4.1.73.Final.jar;C:\Users\ASUS\.m2\repository\io\netty\netty-handler\4.1.73.Final\netty-handler-4.1.73.Final.jar;C:\Users\ASUS\.m2\repository\io\netty\netty-tcnative-classes\2.0.46.Final\netty-tcnative-classes-2.0.46.Final.jar;C:\Users\ASUS\.m2\repository\io\netty\netty-common\4.1.73.Final\netty-common-4.1.73.Final.jar;C:\Users\ASUS\.m2\repository\io\netty\netty-transport-classes-epoll\4.1.73.Final\netty-transport-classes-epoll-4.1.73.Final.jar;C:\Users\ASUS\.m2\repository\io\netty\netty-transport-classes-kqueue\4.1.73.Final\netty-transport-classes-kqueue-4.1.73.Final.jar;C:\Users\ASUS\.m2\repository\io\netty\netty-transport-native-epoll\4.1.73.Final\netty-transport-native-epoll-4.1.73.Final.jar;C:\Users\ASUS\.m2\repository\io\netty\netty-transport-native-kqueue\4.1.73.Final\netty-transport-native-kqueue-4.1.73.Final.jar;C:\Users\ASUS\.m2\repository\io\netty\netty-transport-native-unix-common\4.1.73.Final\netty-transport-native-unix-common-4.1.73.Final.jar;C:\Users\ASUS\.m2\repository\io\netty\netty-transport\4.1.73.Final\netty-transport-4.1.73.Final.jar;C:\Users\ASUS\.m2\repository\io\netty\netty-resolver\4.1.73.Final\netty-resolver-4.1.73.Final.jar;C:\Users\ASUS\.m2\repository\io\opentelemetry\opentelemetry-api\1.10.1\opentelemetry-api-1.10.1.jar;C:\Users\ASUS\.m2\repository\io\opentelemetry\opentelemetry-context\1.10.1\opentelemetry-context-1.10.1.jar;C:\Users\ASUS\.m2\repository\io\opentelemetry\opentelemetry-exporter-logging\1.10.1\opentelemetry-exporter-logging-1.10.1.jar;C:\Users\ASUS\.m2\repository\io\opentelemetry\opentelemetry-sdk-metrics\1.10.1-alpha\opentelemetry-sdk-metrics-1.10.1-alpha.jar;C:\Users\ASUS\.m2\repository\io\opentelemetry\opentelemetry-sdk-logs\1.10.1-alpha\opentelemetry-sdk-logs-1.10.1-alpha.jar;C:\Users\ASUS\.m2\repository\io\opentelemetry\opentelemetry-sdk-common\1.10.1\opentelemetry-sdk-common-1.10.1.jar;C:\Users\ASUS\.m2\repository\io\opentelemetry\opentelemetry-sdk-extension-autoconfigure-spi\1.10.1\opentelemetry-sdk-extension-autoconfigure-spi-1.10.1.jar;C:\Users\ASUS\.m2\repository\io\opentelemetry\opentelemetry-sdk-extension-autoconfigure\1.10.1-alpha\opentelemetry-sdk-extension-autoconfigure-1.10.1-alpha.jar;C:\Users\ASUS\.m2\repository\io\opentelemetry\opentelemetry-sdk-trace\1.10.1\opentelemetry-sdk-trace-1.10.1.jar;C:\Users\ASUS\.m2\repository\io\opentelemetry\opentelemetry-sdk\1.10.1\opentelemetry-sdk-1.10.1.jar;C:\Users\ASUS\.m2\repository\io\opentelemetry\opentelemetry-semconv\1.10.1-alpha\opentelemetry-semconv-1.10.1-alpha.jar;C:\Users\ASUS\.m2\repository\io\ous\jtoml\2.0.0\jtoml-2.0.0.jar;C:\Users\ASUS\.m2\repository\org\apache\commons\commons-exec\1.3\commons-exec-1.3.jar;C:\Users\ASUS\.m2\repository\org\asynchttpclient\async-http-client\2.12.3\async-http-client-2.12.3.jar;C:\Users\ASUS\.m2\repository\org\asynchttpclient\async-http-client-netty-utils\2.12.3\async-http-client-netty-utils-2.12.3.jar;C:\Users\ASUS\.m2\repository\io\netty\netty-codec-socks\4.1.60.Final\netty-codec-socks-4.1.60.Final.jar;C:\Users\ASUS\.m2\repository\io\netty\netty-handler-proxy\4.1.60.Final\netty-handler-proxy-4.1.60.Final.jar;C:\Users\ASUS\.m2\repository\io\netty\netty-transport-native-epoll\4.1.60.Final\netty-transport-native-epoll-4.1.60.Final-linux-x86_64.jar;C:\Users\ASUS\.m2\repository\io\netty\netty-transport-native-kqueue\4.1.60.Final\netty-transport-native-kqueue-4.1.60.Final-osx-x86_64.jar;C:\Users\ASUS\.m2\repository\org\reactivestreams\reactive-streams\1.0.3\reactive-streams-1.0.3.jar;C:\Users\ASUS\.m2\repository\com\typesafe\netty\netty-reactive-streams\2.0.4\netty-reactive-streams-2.0.4.jar;C:\Users\ASUS\.m2\repository\org\seleniumhq\selenium\selenium-http\4.1.2\selenium-http-4.1.2.jar;C:\Users\ASUS\.m2\repository\net\jodah\failsafe\2.4.4\failsafe-2.4.4.jar;C:\Users\ASUS\.m2\repository\org\seleniumhq\selenium\selenium-safari-driver\4.1.2\selenium-safari-driver-4.1.2.jar;C:\Users\ASUS\.m2\repository\org\seleniumhq\selenium\selenium-api\4.1.2\selenium-api-4.1.2.jar;C:\Users\ASUS\.m2\repository\org\seleniumhq\selenium\selenium-support\4.1.2\selenium-support-4.1.2.jar;C:\Users\ASUS\.m2\repository\com\google\auto\service\auto-service-annotations\1.0.1\auto-service-annotations-1.0.1.jar;C:\Users\ASUS\.m2\repository\com\google\auto\service\auto-service\1.0.1\auto-service-1.0.1.jar;C:\Users\ASUS\.m2\repository\com\google\auto\auto-common\1.2\auto-common-1.2.jar;C:\Users\ASUS\.m2\repository\org\seleniumhq\selenium\selenium-json\4.1.2\selenium-json-4.1.2.jar;C:\Users\ASUS\.m2\repository\org\seleniumhq\selenium\selenium-chrome-driver\4.1.2\selenium-chrome-driver-4.1.2.jar;C:\Users\ASUS\.m2\repository\org\seleniumhq\selenium\selenium-chromium-driver\4.1.2\selenium-chromium-driver-4.1.2.jar;C:\Users\ASUS\.m2\repository\org\seleniumhq\selenium\selenium-firefox-driver\4.1.2\selenium-firefox-driver-4.1.2.jar;C:\Users\ASUS\.m2\repository\org\seleniumhq\selenium\selenium-edge-driver\4.1.2\selenium-edge-driver-4.1.2.jar;C:\Users\ASUS\.m2\repository\org\seleniumhq\selenium\selenium-ie-driver\4.1.2\selenium-ie-driver-4.1.2.jar;C:\Users\ASUS\.m2\repository\org\projectlombok\lombok\1.18.20\lombok-1.18.20.jar;C:\Users\ASUS\.m2\repository\io\appium\java-client\8.0.0\java-client-8.0.0.jar;C:\Users\ASUS\.m2\repository\commons-validator\commons-validator\1.7\commons-validator-1.7.jar;C:\Users\ASUS\.m2\repository\commons-digester\commons-digester\2.1\commons-digester-2.1.jar;C:\Users\ASUS\.m2\repository\org\aspectj\aspectjweaver\1.9.8\aspectjweaver-1.9.8.jar;C:\Users\ASUS\.m2\repository\org\codehaus\groovy\groovy\3.0.10\groovy-3.0.10.jar;C:\Users\ASUS\.m2\repository\net\sf\opencsv\opencsv\2.0\opencsv-2.0.jar;C:\Users\ASUS\.m2\repository\commons-beanutils\commons-beanutils\1.9.4\commons-beanutils-1.9.4.jar;C:\Users\ASUS\.m2\repository\org\apache\commons\commons-lang3\3.12.0\commons-lang3-3.12.0.jar;C:\Users\ASUS\.m2\repository\commons-collections\commons-collections\3.2.2\commons-collections-3.2.2.jar;C:\Users\ASUS\.m2\repository\org\fluentlenium\fluentlenium-core\0.10.2\fluentlenium-core-0.10.2.jar;C:\Users\ASUS\.m2\repository\io\github\bonigarcia\webdrivermanager\5.1.0\webdrivermanager-5.1.0.jar;C:\Users\ASUS\.m2\repository\com\github\docker-java\docker-java\3.2.13\docker-java-3.2.13.jar;C:\Users\ASUS\.m2\repository\com\github\docker-java\docker-java-core\3.2.13\docker-java-core-3.2.13.jar;C:\Users\ASUS\.m2\repository\com\github\docker-java\docker-java-api\3.2.13\docker-java-api-3.2.13.jar;C:\Users\ASUS\.m2\repository\org\apache\commons\commons-compress\1.21\commons-compress-1.21.jar;C:\Users\ASUS\.m2\repository\org\bouncycastle\bcpkix-jdk15on\1.64\bcpkix-jdk15on-1.64.jar;C:\Users\ASUS\.m2\repository\org\bouncycastle\bcprov-jdk15on\1.64\bcprov-jdk15on-1.64.jar;C:\Users\ASUS\.m2\repository\org\slf4j\jcl-over-slf4j\1.7.30\jcl-over-slf4j-1.7.30.jar;C:\Users\ASUS\.m2\repository\com\github\docker-java\docker-java-transport-httpclient5\3.2.13\docker-java-transport-httpclient5-3.2.13.jar;C:\Users\ASUS\.m2\repository\com\github\docker-java\docker-java-transport\3.2.13\docker-java-transport-3.2.13.jar;C:\Users\ASUS\.m2\repository\org\apache\httpcomponents\client5\httpclient5\5.0.3\httpclient5-5.0.3.jar;C:\Users\ASUS\.m2\repository\org\apache\httpcomponents\core5\httpcore5\5.0.2\httpcore5-5.0.2.jar;C:\Users\ASUS\.m2\repository\net\java\dev\jna\jna\5.8.0\jna-5.8.0.jar;C:\Users\ASUS\.m2\repository\org\brotli\dec\0.1.2\dec-0.1.2.jar;C:\Users\ASUS\.m2\repository\com\jhlabs\filters\2.0.235\filters-2.0.235.jar;C:\Users\ASUS\.m2\repository\com\paulhammant\ngwebdriver\1.1.6\ngwebdriver-1.1.6.jar;C:\Users\ASUS\.m2\repository\joda-time\joda-time\2.8.2\joda-time-2.8.2.jar;C:\Users\ASUS\.m2\repository\org\hamcrest\hamcrest\2.2\hamcrest-2.2.jar;C:\Users\ASUS\.m2\repository\com\google\jimfs\jimfs\1.2\jimfs-1.2.jar;C:\Users\ASUS\.m2\repository\org\mockito\mockito-core\3.3.3\mockito-core-3.3.3.jar;C:\Users\ASUS\.m2\repository\javax\xml\bind\jaxb-api\2.3.1\jaxb-api-2.3.1.jar;C:\Users\ASUS\.m2\repository\javax\activation\javax.activation-api\1.2.0\javax.activation-api-1.2.0.jar;C:\Users\ASUS\.m2\repository\com\sun\xml\bind\jaxb-core\2.3.0.1\jaxb-core-2.3.0.1.jar;C:\Users\ASUS\.m2\repository\com\sun\xml\bind\jaxb-impl\2.3.3\jaxb-impl-2.3.3.jar;C:\Users\ASUS\.m2\repository\jakarta\xml\bind\jakarta.xml.bind-api\2.3.3\jakarta.xml.bind-api-2.3.3.jar;C:\Users\ASUS\.m2\repository\com\sun\activation\jakarta.activation\1.2.2\jakarta.activation-1.2.2.jar;C:\Users\ASUS\.m2\repository\javax\activation\activation\1.1.1\activation-1.1.1.jar;C:\Users\ASUS\.m2\repository\net\serenity-bdd\serenity-cucumber\3.2.1\serenity-cucumber-3.2.1.jar;C:\Users\ASUS\.m2\repository\io\cucumber\cucumber-core\7.2.3\cucumber-core-7.2.3.jar;C:\Users\ASUS\.m2\repository\io\cucumber\cucumber-gherkin\7.2.3\cucumber-gherkin-7.2.3.jar;C:\Users\ASUS\.m2\repository\io\cucumber\cucumber-gherkin-messages\7.2.3\cucumber-gherkin-messages-7.2.3.jar;C:\Users\ASUS\.m2\repository\io\cucumber\messages\17.1.1\messages-17.1.1.jar;C:\Users\ASUS\.m2\repository\io\cucumber\tag-expressions\4.1.0\tag-expressions-4.1.0.jar;C:\Users\ASUS\.m2\repository\io\cucumber\cucumber-expressions\15.0.1\cucumber-expressions-15.0.1.jar;C:\Users\ASUS\.m2\repository\io\cucumber\datatable\7.2.3\datatable-7.2.3.jar;C:\Users\ASUS\.m2\repository\io\cucumber\cucumber-plugin\7.2.3\cucumber-plugin-7.2.3.jar;C:\Users\ASUS\.m2\repository\io\cucumber\docstring\7.2.3\docstring-7.2.3.jar;C:\Users\ASUS\.m2\repository\io\cucumber\html-formatter\17.0.0\html-formatter-17.0.0.jar;C:\Users\ASUS\.m2\repository\io\cucumber\ci-environment\8.1.0\ci-environment-8.1.0.jar;C:\Users\ASUS\.m2\repository\io\cucumber\cucumber-junit\7.2.3\cucumber-junit-7.2.3.jar;C:\Users\ASUS\.m2\repository\org\apache\commons\commons-csv\1.5\commons-csv-1.5.jar;C:\Users\ASUS\.m2\repository\net\serenity-bdd\serenity-screenplay\3.2.1\serenity-screenplay-3.2.1.jar;C:\Users\ASUS\.m2\repository\net\serenity-bdd\serenity-screenplay-webdriver\3.2.1\serenity-screenplay-webdriver-3.2.1.jar;C:\Users\ASUS\.m2\repository\net\serenity-bdd\serenity-ensure\3.2.1\serenity-ensure-3.2.1.jar;C:\Users\ASUS\.m2\repository\net\serenity-bdd\serenity-junit\3.2.1\serenity-junit-3.2.1.jar;C:\Users\ASUS\.m2\repository\org\jetbrains\kotlin\kotlin-stdlib\1.6.0\kotlin-stdlib-1.6.0.jar;C:\Users\ASUS\.m2\repository\org\jetbrains\annotations\13.0\annotations-13.0.jar;C:\Users\ASUS\.m2\repository\org\jetbrains\kotlin\kotlin-stdlib-common\1.6.0\kotlin-stdlib-common-1.6.0.jar;C:\Users\ASUS\.m2\repository\org\junit\platform\junit-platform-launcher\1.8.1\junit-platform-launcher-1.8.1.jar;C:\Users\ASUS\.m2\repository\org\junit\platform\junit-platform-engine\1.8.1\junit-platform-engine-1.8.1.jar;C:\Users\ASUS\.m2\repository\org\opentest4j\opentest4j\1.2.0\opentest4j-1.2.0.jar;C:\Users\ASUS\.m2\repository\org\junit\platform\junit-platform-commons\1.8.1\junit-platform-commons-1.8.1.jar;C:\Users\ASUS\.m2\repository\org\apiguardian\apiguardian-api\1.1.2\apiguardian-api-1.1.2.jar;C:\Users\ASUS\.m2\repository\org\junit\jupiter\junit-jupiter-engine\5.8.2\junit-jupiter-engine-5.8.2.jar;C:\Users\ASUS\.m2\repository\org\junit\jupiter\junit-jupiter-api\5.8.2\junit-jupiter-api-5.8.2.jar;C:\Users\ASUS\.m2\repository\org\junit\vintage\junit-vintage-engine\5.8.2\junit-vintage-engine-5.8.2.jar;C:\Users\ASUS\.m2\repository\junit\junit\4.13.2\junit-4.13.2.jar;C:\Users\ASUS\.m2\repository\org\hamcrest\hamcrest-core\1.3\hamcrest-core-1.3.jar;C:\Users\ASUS\.m2\repository\ch\qos\logback\logback-classic\1.2.10\logback-classic-1.2.10.jar;C:\Users\ASUS\.m2\repository\ch\qos\logback\logback-core\1.2.10\logback-core-1.2.10.jar;C:\Users\ASUS\.m2\repository\org\slf4j\slf4j-api\1.7.32\slf4j-api-1.7.32.jar;C:\Users\ASUS\.m2\repository\org\assertj\assertj-core\3.6.2\assertj-core-3.6.2.jar;"/>
    <property name="sun.cpu.endian" value="little"/>
    <property name="user.home" value="C:\Users\ASUS"/>
    <property name="user.language" value="en"/>
    <property name="java.specification.vendor" value="Oracle Corporation"/>
    <property name="jdk.module.path" value="C:\Users\ASUS\Desktop\stupen\miniproject\Web\ASWeb\target\ASWeb-1.0-SNAPSHOT.jar"/>
    <property name="java.version.date" value="2020-01-14"/>
    <property name="java.home" value="C:\Program Files\Java\jdk-13.0.2"/>
    <property name="tags" value="Cart"/>
    <property name="file.separator" value="\"/>
    <property name="basedir" value="C:\Users\ASUS\Desktop\stupen\miniproject\Web\ASWeb"/>
    <property name="java.vm.compressedOopsMode" value="32-bit"/>
    <property name="line.separator" value="&#10;"/>
    <property name="java.vm.specification.vendor" value="Oracle Corporation"/>
    <property name="java.specification.name" value="Java Platform API Specification"/>
    <property name="surefire.real.class.path" value="C:\Users\ASUS\.m2\repository\org\apache\maven\surefire\surefire-booter\3.0.0-M5\surefire-booter-3.0.0-M5.jar;C:\Users\ASUS\.m2\repository\org\apache\maven\surefire\surefire-api\3.0.0-M5\surefire-api-3.0.0-M5.jar;C:\Users\ASUS\.m2\repository\org\apache\maven\surefire\surefire-logger-api\3.0.0-M5\surefire-logger-api-3.0.0-M5.jar;C:\Users\ASUS\.m2\repository\org\apache\maven\surefire\surefire-shared-utils\3.0.0-M4\surefire-shared-utils-3.0.0-M4.jar;C:\Users\ASUS\.m2\repository\org\apache\maven\surefire\surefire-extensions-spi\3.0.0-M5\surefire-extensions-spi-3.0.0-M5.jar;C:\Users\ASUS\Desktop\stupen\miniproject\Web\ASWeb\target\test-classes;C:\Users\ASUS\.m2\repository\net\serenity-bdd\serenity-core\3.2.1\serenity-core-3.2.1.jar;C:\Users\ASUS\.m2\repository\net\serenity-bdd\serenity-model\3.2.1\serenity-model-3.2.1.jar;C:\Users\ASUS\.m2\repository\org\apache\commons\commons-text\1.9\commons-text-1.9.jar;C:\Users\ASUS\.m2\repository\commons-net\commons-net\3.8.0\commons-net-3.8.0.jar;C:\Users\ASUS\.m2\repository\com\google\guava\guava\31.1-jre\guava-31.1-jre.jar;C:\Users\ASUS\.m2\repository\com\google\guava\failureaccess\1.0.1\failureaccess-1.0.1.jar;C:\Users\ASUS\.m2\repository\com\google\guava\listenablefuture\9999.0-empty-to-avoid-conflict-with-guava\listenablefuture-9999.0-empty-to-avoid-conflict-with-guava.jar;C:\Users\ASUS\.m2\repository\com\google\code\findbugs\jsr305\3.0.2\jsr305-3.0.2.jar;C:\Users\ASUS\.m2\repository\org\checkerframework\checker-qual\3.12.0\checker-qual-3.12.0.jar;C:\Users\ASUS\.m2\repository\com\google\errorprone\error_prone_annotations\2.11.0\error_prone_annotations-2.11.0.jar;C:\Users\ASUS\.m2\repository\com\google\j2objc\j2objc-annotations\1.3\j2objc-annotations-1.3.jar;C:\Users\ASUS\.m2\repository\com\google\inject\guice\5.1.0\guice-5.1.0.jar;C:\Users\ASUS\.m2\repository\javax\inject\javax.inject\1\javax.inject-1.jar;C:\Users\ASUS\.m2\repository\aopalliance\aopalliance\1.0\aopalliance-1.0.jar;C:\Users\ASUS\.m2\repository\org\jsoup\jsoup\1.14.3\jsoup-1.14.3.jar;C:\Users\ASUS\.m2\repository\com\thoughtworks\xstream\xstream\1.4.19\xstream-1.4.19.jar;C:\Users\ASUS\.m2\repository\io\github\x-stream\mxparser\1.2.2\mxparser-1.2.2.jar;C:\Users\ASUS\.m2\repository\xmlpull\xmlpull\1.1.3.1\xmlpull-1.1.3.1.jar;C:\Users\ASUS\.m2\repository\io\cucumber\cucumber-java\7.2.3\cucumber-java-7.2.3.jar;C:\Users\ASUS\.m2\repository\com\typesafe\config\1.4.2\config-1.4.2.jar;C:\Users\ASUS\.m2\repository\org\imgscalr\imgscalr-lib\4.2\imgscalr-lib-4.2.jar;C:\Users\ASUS\.m2\repository\org\awaitility\awaitility\4.2.0\awaitility-4.2.0.jar;C:\Users\ASUS\.m2\repository\org\freemarker\freemarker\2.3.31\freemarker-2.3.31.jar;C:\Users\ASUS\.m2\repository\io\github\classgraph\classgraph\4.8.138\classgraph-4.8.138.jar;C:\Users\ASUS\.m2\repository\net\sourceforge\jexcelapi\jxl\2.6.12\jxl-2.6.12.jar;C:\Users\ASUS\.m2\repository\net\bytebuddy\byte-buddy\1.12.8\byte-buddy-1.12.8.jar;C:\Users\ASUS\.m2\repository\net\bytebuddy\byte-buddy-agent\1.12.8\byte-buddy-agent-1.12.8.jar;C:\Users\ASUS\.m2\repository\org\objenesis\objenesis\3.1\objenesis-3.1.jar;C:\Users\ASUS\.m2\repository\net\serenity-bdd\serenity-reports\3.2.1\serenity-reports-3.2.1.jar;C:\Users\ASUS\.m2\repository\net\serenity-bdd\serenity-stats\3.2.1\serenity-stats-3.2.1.jar;C:\Users\ASUS\.m2\repository\net\serenity-bdd\serenity-reports-configuration\3.2.1\serenity-reports-configuration-3.2.1.jar;C:\Users\ASUS\.m2\repository\com\vladsch\flexmark\flexmark-all\0.34.30\flexmark-all-0.34.30.jar;C:\Users\ASUS\.m2\repository\com\vladsch\flexmark\flexmark\0.34.30\flexmark-0.34.30.jar;C:\Users\ASUS\.m2\repository\com\vladsch\flexmark\flexmark-ext-abbreviation\0.34.30\flexmark-ext-abbreviation-0.34.30.jar;C:\Users\ASUS\.m2\repository\com\vladsch\flexmark\flexmark-ext-admonition\0.34.30\flexmark-ext-admonition-0.34.30.jar;C:\Users\ASUS\.m2\repository\com\vladsch\flexmark\flexmark-ext-anchorlink\0.34.30\flexmark-ext-anchorlink-0.34.30.jar;C:\Users\ASUS\.m2\repository\com\vladsch\flexmark\flexmark-ext-aside\0.34.30\flexmark-ext-aside-0.34.30.jar;C:\Users\ASUS\.m2\repository\com\vladsch\flexmark\flexmark-ext-attributes\0.34.30\flexmark-ext-attributes-0.34.30.jar;C:\Users\ASUS\.m2\repository\com\vladsch\flexmark\flexmark-ext-autolink\0.34.30\flexmark-ext-autolink-0.34.30.jar;C:\Users\ASUS\.m2\repository\org\nibor\autolink\autolink\0.6.0\autolink-0.6.0.jar;C:\Users\ASUS\.m2\repository\com\vladsch\flexmark\flexmark-ext-definition\0.34.30\flexmark-ext-definition-0.34.30.jar;C:\Users\ASUS\.m2\repository\com\vladsch\flexmark\flexmark-ext-emoji\0.34.30\flexmark-ext-emoji-0.34.30.jar;C:\Users\ASUS\.m2\repository\com\vladsch\flexmark\flexmark-ext-enumerated-reference\0.34.30\flexmark-ext-enumerated-reference-0.34.30.jar;C:\Users\ASUS\.m2\repository\com\vladsch\flexmark\flexmark-ext-escaped-character\0.34.30\flexmark-ext-escaped-character-0.34.30.jar;C:\Users\ASUS\.m2\repository\com\vladsch\flexmark\flexmark-ext-footnotes\0.34.30\flexmark-ext-footnotes-0.34.30.jar;C:\Users\ASUS\.m2\repository\com\vladsch\flexmark\flexmark-ext-gfm-issues\0.34.30\flexmark-ext-gfm-issues-0.34.30.jar;C:\Users\ASUS\.m2\repository\com\vladsch\flexmark\flexmark-ext-gfm-strikethrough\0.34.30\flexmark-ext-gfm-strikethrough-0.34.30.jar;C:\Users\ASUS\.m2\repository\com\vladsch\flexmark\flexmark-ext-gfm-tables\0.34.30\flexmark-ext-gfm-tables-0.34.30.jar;C:\Users\ASUS\.m2\repository\com\vladsch\flexmark\flexmark-ext-gfm-tasklist\0.34.30\flexmark-ext-gfm-tasklist-0.34.30.jar;C:\Users\ASUS\.m2\repository\com\vladsch\flexmark\flexmark-ext-gfm-users\0.34.30\flexmark-ext-gfm-users-0.34.30.jar;C:\Users\ASUS\.m2\repository\com\vladsch\flexmark\flexmark-ext-gitlab\0.34.30\flexmark-ext-gitlab-0.34.30.jar;C:\Users\ASUS\.m2\repository\com\vladsch\flexmark\flexmark-ext-jekyll-front-matter\0.34.30\flexmark-ext-jekyll-front-matter-0.34.30.jar;C:\Users\ASUS\.m2\repository\com\vladsch\flexmark\flexmark-ext-jekyll-tag\0.34.30\flexmark-ext-jekyll-tag-0.34.30.jar;C:\Users\ASUS\.m2\repository\com\vladsch\flexmark\flexmark-ext-media-tags\0.34.30\flexmark-ext-media-tags-0.34.30.jar;C:\Users\ASUS\.m2\repository\com\vladsch\flexmark\flexmark-test-util\0.34.30\flexmark-test-util-0.34.30.jar;C:\Users\ASUS\.m2\repository\com\vladsch\flexmark\flexmark-ext-ins\0.34.30\flexmark-ext-ins-0.34.30.jar;C:\Users\ASUS\.m2\repository\com\vladsch\flexmark\flexmark-ext-xwiki-macros\0.34.30\flexmark-ext-xwiki-macros-0.34.30.jar;C:\Users\ASUS\.m2\repository\com\vladsch\flexmark\flexmark-ext-superscript\0.34.30\flexmark-ext-superscript-0.34.30.jar;C:\Users\ASUS\.m2\repository\com\vladsch\flexmark\flexmark-ext-tables\0.34.30\flexmark-ext-tables-0.34.30.jar;C:\Users\ASUS\.m2\repository\com\vladsch\flexmark\flexmark-ext-toc\0.34.30\flexmark-ext-toc-0.34.30.jar;C:\Users\ASUS\.m2\repository\com\vladsch\flexmark\flexmark-ext-typographic\0.34.30\flexmark-ext-typographic-0.34.30.jar;C:\Users\ASUS\.m2\repository\com\vladsch\flexmark\flexmark-ext-wikilink\0.34.30\flexmark-ext-wikilink-0.34.30.jar;C:\Users\ASUS\.m2\repository\com\vladsch\flexmark\flexmark-ext-yaml-front-matter\0.34.30\flexmark-ext-yaml-front-matter-0.34.30.jar;C:\Users\ASUS\.m2\repository\com\vladsch\flexmark\flexmark-ext-youtube-embedded\0.34.30\flexmark-ext-youtube-embedded-0.34.30.jar;C:\Users\ASUS\.m2\repository\com\vladsch\flexmark\flexmark-formatter\0.34.30\flexmark-formatter-0.34.30.jar;C:\Users\ASUS\.m2\repository\com\vladsch\flexmark\flexmark-html-parser\0.34.30\flexmark-html-parser-0.34.30.jar;C:\Users\ASUS\.m2\repository\com\vladsch\flexmark\flexmark-jira-converter\0.34.30\flexmark-jira-converter-0.34.30.jar;C:\Users\ASUS\.m2\repository\com\vladsch\flexmark\flexmark-pdf-converter\0.34.30\flexmark-pdf-converter-0.34.30.jar;C:\Users\ASUS\.m2\repository\com\openhtmltopdf\openhtmltopdf-core\0.0.1-RC13\openhtmltopdf-core-0.0.1-RC13.jar;C:\Users\ASUS\.m2\repository\com\openhtmltopdf\openhtmltopdf-pdfbox\0.0.1-RC13\openhtmltopdf-pdfbox-0.0.1-RC13.jar;C:\Users\ASUS\.m2\repository\org\apache\pdfbox\pdfbox\2.0.8\pdfbox-2.0.8.jar;C:\Users\ASUS\.m2\repository\org\apache\pdfbox\fontbox\2.0.8\fontbox-2.0.8.jar;C:\Users\ASUS\.m2\repository\commons-logging\commons-logging\1.2\commons-logging-1.2.jar;C:\Users\ASUS\.m2\repository\org\apache\pdfbox\xmpbox\2.0.8\xmpbox-2.0.8.jar;C:\Users\ASUS\.m2\repository\de\rototor\pdfbox\graphics2d\0.12\graphics2d-0.12.jar;C:\Users\ASUS\.m2\repository\com\openhtmltopdf\openhtmltopdf-rtl-support\0.0.1-RC13\openhtmltopdf-rtl-support-0.0.1-RC13.jar;C:\Users\ASUS\.m2\repository\com\ibm\icu\icu4j\59.1\icu4j-59.1.jar;C:\Users\ASUS\.m2\repository\com\openhtmltopdf\openhtmltopdf-jsoup-dom-converter\0.0.1-RC13\openhtmltopdf-jsoup-dom-converter-0.0.1-RC13.jar;C:\Users\ASUS\.m2\repository\com\vladsch\flexmark\flexmark-profile-pegdown\0.34.30\flexmark-profile-pegdown-0.34.30.jar;C:\Users\ASUS\.m2\repository\com\vladsch\flexmark\flexmark-util\0.34.30\flexmark-util-0.34.30.jar;C:\Users\ASUS\.m2\repository\com\vladsch\flexmark\flexmark-youtrack-converter\0.34.30\flexmark-youtrack-converter-0.34.30.jar;C:\Users\ASUS\.m2\repository\es\nitaur\markdown\txtmark\0.16\txtmark-0.16.jar;C:\Users\ASUS\.m2\repository\net\serenity-bdd\serenity-report-resources\3.2.1\serenity-report-resources-3.2.1.jar;C:\Users\ASUS\.m2\repository\com\google\code\gson\gson\2.9.0\gson-2.9.0.jar;C:\Users\ASUS\.m2\repository\com\fasterxml\jackson\core\jackson-core\2.13.2\jackson-core-2.13.2.jar;C:\Users\ASUS\.m2\repository\com\fasterxml\jackson\core\jackson-databind\2.13.2\jackson-databind-2.13.2.jar;C:\Users\ASUS\.m2\repository\com\fasterxml\jackson\core\jackson-annotations\2.13.2\jackson-annotations-2.13.2.jar;C:\Users\ASUS\.m2\repository\commons-codec\commons-codec\1.15\commons-codec-1.15.jar;C:\Users\ASUS\.m2\repository\commons-io\commons-io\2.11.0\commons-io-2.11.0.jar;C:\Users\ASUS\.m2\repository\org\seleniumhq\selenium\selenium-java\4.1.2\selenium-java-4.1.2.jar;C:\Users\ASUS\.m2\repository\org\seleniumhq\selenium\selenium-devtools-v85\4.1.2\selenium-devtools-v85-4.1.2.jar;C:\Users\ASUS\.m2\repository\org\seleniumhq\selenium\selenium-devtools-v95\4.1.2\selenium-devtools-v95-4.1.2.jar;C:\Users\ASUS\.m2\repository\org\seleniumhq\selenium\selenium-devtools-v96\4.1.2\selenium-devtools-v96-4.1.2.jar;C:\Users\ASUS\.m2\repository\org\seleniumhq\selenium\selenium-devtools-v97\4.1.2\selenium-devtools-v97-4.1.2.jar;C:\Users\ASUS\.m2\repository\org\seleniumhq\selenium\selenium-firefox-xpi-driver\4.1.2\selenium-firefox-xpi-driver-4.1.2.jar;C:\Users\ASUS\.m2\repository\org\seleniumhq\selenium\selenium-opera-driver\4.1.2\selenium-opera-driver-4.1.2.jar;C:\Users\ASUS\.m2\repository\org\seleniumhq\selenium\selenium-remote-driver\4.1.2\selenium-remote-driver-4.1.2.jar;C:\Users\ASUS\.m2\repository\com\beust\jcommander\1.82\jcommander-1.82.jar;C:\Users\ASUS\.m2\repository\io\netty\netty-buffer\4.1.73.Final\netty-buffer-4.1.73.Final.jar;C:\Users\ASUS\.m2\repository\io\netty\netty-codec-http\4.1.73.Final\netty-codec-http-4.1.73.Final.jar;C:\Users\ASUS\.m2\repository\io\netty\netty-codec\4.1.73.Final\netty-codec-4.1.73.Final.jar;C:\Users\ASUS\.m2\repository\io\netty\netty-handler\4.1.73.Final\netty-handler-4.1.73.Final.jar;C:\Users\ASUS\.m2\repository\io\netty\netty-tcnative-classes\2.0.46.Final\netty-tcnative-classes-2.0.46.Final.jar;C:\Users\ASUS\.m2\repository\io\netty\netty-common\4.1.73.Final\netty-common-4.1.73.Final.jar;C:\Users\ASUS\.m2\repository\io\netty\netty-transport-classes-epoll\4.1.73.Final\netty-transport-classes-epoll-4.1.73.Final.jar;C:\Users\ASUS\.m2\repository\io\netty\netty-transport-classes-kqueue\4.1.73.Final\netty-transport-classes-kqueue-4.1.73.Final.jar;C:\Users\ASUS\.m2\repository\io\netty\netty-transport-native-epoll\4.1.73.Final\netty-transport-native-epoll-4.1.73.Final.jar;C:\Users\ASUS\.m2\repository\io\netty\netty-transport-native-kqueue\4.1.73.Final\netty-transport-native-kqueue-4.1.73.Final.jar;C:\Users\ASUS\.m2\repository\io\netty\netty-transport-native-unix-common\4.1.73.Final\netty-transport-native-unix-common-4.1.73.Final.jar;C:\Users\ASUS\.m2\repository\io\netty\netty-transport\4.1.73.Final\netty-transport-4.1.73.Final.jar;C:\Users\ASUS\.m2\repository\io\netty\netty-resolver\4.1.73.Final\netty-resolver-4.1.73.Final.jar;C:\Users\ASUS\.m2\repository\io\opentelemetry\opentelemetry-api\1.10.1\opentelemetry-api-1.10.1.jar;C:\Users\ASUS\.m2\repository\io\opentelemetry\opentelemetry-context\1.10.1\opentelemetry-context-1.10.1.jar;C:\Users\ASUS\.m2\repository\io\opentelemetry\opentelemetry-exporter-logging\1.10.1\opentelemetry-exporter-logging-1.10.1.jar;C:\Users\ASUS\.m2\repository\io\opentelemetry\opentelemetry-sdk-metrics\1.10.1-alpha\opentelemetry-sdk-metrics-1.10.1-alpha.jar;C:\Users\ASUS\.m2\repository\io\opentelemetry\opentelemetry-sdk-logs\1.10.1-alpha\opentelemetry-sdk-logs-1.10.1-alpha.jar;C:\Users\ASUS\.m2\repository\io\opentelemetry\opentelemetry-sdk-common\1.10.1\opentelemetry-sdk-common-1.10.1.jar;C:\Users\ASUS\.m2\repository\io\opentelemetry\opentelemetry-sdk-extension-autoconfigure-spi\1.10.1\opentelemetry-sdk-extension-autoconfigure-spi-1.10.1.jar;C:\Users\ASUS\.m2\repository\io\opentelemetry\opentelemetry-sdk-extension-autoconfigure\1.10.1-alpha\opentelemetry-sdk-extension-autoconfigure-1.10.1-alpha.jar;C:\Users\ASUS\.m2\repository\io\opentelemetry\opentelemetry-sdk-trace\1.10.1\opentelemetry-sdk-trace-1.10.1.jar;C:\Users\ASUS\.m2\repository\io\opentelemetry\opentelemetry-sdk\1.10.1\opentelemetry-sdk-1.10.1.jar;C:\Users\ASUS\.m2\repository\io\opentelemetry\opentelemetry-semconv\1.10.1-alpha\opentelemetry-semconv-1.10.1-alpha.jar;C:\Users\ASUS\.m2\repository\io\ous\jtoml\2.0.0\jtoml-2.0.0.jar;C:\Users\ASUS\.m2\repository\org\apache\commons\commons-exec\1.3\commons-exec-1.3.jar;C:\Users\ASUS\.m2\repository\org\asynchttpclient\async-http-client\2.12.3\async-http-client-2.12.3.jar;C:\Users\ASUS\.m2\repository\org\asynchttpclient\async-http-client-netty-utils\2.12.3\async-http-client-netty-utils-2.12.3.jar;C:\Users\ASUS\.m2\repository\io\netty\netty-codec-socks\4.1.60.Final\netty-codec-socks-4.1.60.Final.jar;C:\Users\ASUS\.m2\repository\io\netty\netty-handler-proxy\4.1.60.Final\netty-handler-proxy-4.1.60.Final.jar;C:\Users\ASUS\.m2\repository\io\netty\netty-transport-native-epoll\4.1.60.Final\netty-transport-native-epoll-4.1.60.Final-linux-x86_64.jar;C:\Users\ASUS\.m2\repository\io\netty\netty-transport-native-kqueue\4.1.60.Final\netty-transport-native-kqueue-4.1.60.Final-osx-x86_64.jar;C:\Users\ASUS\.m2\repository\org\reactivestreams\reactive-streams\1.0.3\reactive-streams-1.0.3.jar;C:\Users\ASUS\.m2\repository\com\typesafe\netty\netty-reactive-streams\2.0.4\netty-reactive-streams-2.0.4.jar;C:\Users\ASUS\.m2\repository\org\seleniumhq\selenium\selenium-http\4.1.2\selenium-http-4.1.2.jar;C:\Users\ASUS\.m2\repository\net\jodah\failsafe\2.4.4\failsafe-2.4.4.jar;C:\Users\ASUS\.m2\repository\org\seleniumhq\selenium\selenium-safari-driver\4.1.2\selenium-safari-driver-4.1.2.jar;C:\Users\ASUS\.m2\repository\org\seleniumhq\selenium\selenium-api\4.1.2\selenium-api-4.1.2.jar;C:\Users\ASUS\.m2\repository\org\seleniumhq\selenium\selenium-support\4.1.2\selenium-support-4.1.2.jar;C:\Users\ASUS\.m2\repository\com\google\auto\service\auto-service-annotations\1.0.1\auto-service-annotations-1.0.1.jar;C:\Users\ASUS\.m2\repository\com\google\auto\service\auto-service\1.0.1\auto-service-1.0.1.jar;C:\Users\ASUS\.m2\repository\com\google\auto\auto-common\1.2\auto-common-1.2.jar;C:\Users\ASUS\.m2\repository\org\seleniumhq\selenium\selenium-json\4.1.2\selenium-json-4.1.2.jar;C:\Users\ASUS\.m2\repository\org\seleniumhq\selenium\selenium-chrome-driver\4.1.2\selenium-chrome-driver-4.1.2.jar;C:\Users\ASUS\.m2\repository\org\seleniumhq\selenium\selenium-chromium-driver\4.1.2\selenium-chromium-driver-4.1.2.jar;C:\Users\ASUS\.m2\repository\org\seleniumhq\selenium\selenium-firefox-driver\4.1.2\selenium-firefox-driver-4.1.2.jar;C:\Users\ASUS\.m2\repository\org\seleniumhq\selenium\selenium-edge-driver\4.1.2\selenium-edge-driver-4.1.2.jar;C:\Users\ASUS\.m2\repository\org\seleniumhq\selenium\selenium-ie-driver\4.1.2\selenium-ie-driver-4.1.2.jar;C:\Users\ASUS\.m2\repository\org\projectlombok\lombok\1.18.20\lombok-1.18.20.jar;C:\Users\ASUS\.m2\repository\io\appium\java-client\8.0.0\java-client-8.0.0.jar;C:\Users\ASUS\.m2\repository\commons-validator\commons-validator\1.7\commons-validator-1.7.jar;C:\Users\ASUS\.m2\repository\commons-digester\commons-digester\2.1\commons-digester-2.1.jar;C:\Users\ASUS\.m2\repository\org\aspectj\aspectjweaver\1.9.8\aspectjweaver-1.9.8.jar;C:\Users\ASUS\.m2\repository\org\codehaus\groovy\groovy\3.0.10\groovy-3.0.10.jar;C:\Users\ASUS\.m2\repository\net\sf\opencsv\opencsv\2.0\opencsv-2.0.jar;C:\Users\ASUS\.m2\repository\commons-beanutils\commons-beanutils\1.9.4\commons-beanutils-1.9.4.jar;C:\Users\ASUS\.m2\repository\org\apache\commons\commons-lang3\3.12.0\commons-lang3-3.12.0.jar;C:\Users\ASUS\.m2\repository\commons-collections\commons-collections\3.2.2\commons-collections-3.2.2.jar;C:\Users\ASUS\.m2\repository\org\fluentlenium\fluentlenium-core\0.10.2\fluentlenium-core-0.10.2.jar;C:\Users\ASUS\.m2\repository\io\github\bonigarcia\webdrivermanager\5.1.0\webdrivermanager-5.1.0.jar;C:\Users\ASUS\.m2\repository\com\github\docker-java\docker-java\3.2.13\docker-java-3.2.13.jar;C:\Users\ASUS\.m2\repository\com\github\docker-java\docker-java-core\3.2.13\docker-java-core-3.2.13.jar;C:\Users\ASUS\.m2\repository\com\github\docker-java\docker-java-api\3.2.13\docker-java-api-3.2.13.jar;C:\Users\ASUS\.m2\repository\org\apache\commons\commons-compress\1.21\commons-compress-1.21.jar;C:\Users\ASUS\.m2\repository\org\bouncycastle\bcpkix-jdk15on\1.64\bcpkix-jdk15on-1.64.jar;C:\Users\ASUS\.m2\repository\org\bouncycastle\bcprov-jdk15on\1.64\bcprov-jdk15on-1.64.jar;C:\Users\ASUS\.m2\repository\org\slf4j\jcl-over-slf4j\1.7.30\jcl-over-slf4j-1.7.30.jar;C:\Users\ASUS\.m2\repository\com\github\docker-java\docker-java-transport-httpclient5\3.2.13\docker-java-transport-httpclient5-3.2.13.jar;C:\Users\ASUS\.m2\repository\com\github\docker-java\docker-java-transport\3.2.13\docker-java-transport-3.2.13.jar;C:\Users\ASUS\.m2\repository\org\apache\httpcomponents\client5\httpclient5\5.0.3\httpclient5-5.0.3.jar;C:\Users\ASUS\.m2\repository\org\apache\httpcomponents\core5\httpcore5\5.0.2\httpcore5-5.0.2.jar;C:\Users\ASUS\.m2\repository\net\java\dev\jna\jna\5.8.0\jna-5.8.0.jar;C:\Users\ASUS\.m2\repository\org\brotli\dec\0.1.2\dec-0.1.2.jar;C:\Users\ASUS\.m2\repository\com\jhlabs\filters\2.0.235\filters-2.0.235.jar;C:\Users\ASUS\.m2\repository\com\paulhammant\ngwebdriver\1.1.6\ngwebdriver-1.1.6.jar;C:\Users\ASUS\.m2\repository\joda-time\joda-time\2.8.2\joda-time-2.8.2.jar;C:\Users\ASUS\.m2\repository\org\hamcrest\hamcrest\2.2\hamcrest-2.2.jar;C:\Users\ASUS\.m2\repository\com\google\jimfs\jimfs\1.2\jimfs-1.2.jar;C:\Users\ASUS\.m2\repository\org\mockito\mockito-core\3.3.3\mockito-core-3.3.3.jar;C:\Users\ASUS\.m2\repository\javax\xml\bind\jaxb-api\2.3.1\jaxb-api-2.3.1.jar;C:\Users\ASUS\.m2\repository\javax\activation\javax.activation-api\1.2.0\javax.activation-api-1.2.0.jar;C:\Users\ASUS\.m2\repository\com\sun\xml\bind\jaxb-core\2.3.0.1\jaxb-core-2.3.0.1.jar;C:\Users\ASUS\.m2\repository\com\sun\xml\bind\jaxb-impl\2.3.3\jaxb-impl-2.3.3.jar;C:\Users\ASUS\.m2\repository\jakarta\xml\bind\jakarta.xml.bind-api\2.3.3\jakarta.xml.bind-api-2.3.3.jar;C:\Users\ASUS\.m2\repository\com\sun\activation\jakarta.activation\1.2.2\jakarta.activation-1.2.2.jar;C:\Users\ASUS\.m2\repository\javax\activation\activation\1.1.1\activation-1.1.1.jar;C:\Users\ASUS\.m2\repository\net\serenity-bdd\serenity-cucumber\3.2.1\serenity-cucumber-3.2.1.jar;C:\Users\ASUS\.m2\repository\io\cucumber\cucumber-core\7.2.3\cucumber-core-7.2.3.jar;C:\Users\ASUS\.m2\repository\io\cucumber\cucumber-gherkin\7.2.3\cucumber-gherkin-7.2.3.jar;C:\Users\ASUS\.m2\repository\io\cucumber\cucumber-gherkin-messages\7.2.3\cucumber-gherkin-messages-7.2.3.jar;C:\Users\ASUS\.m2\repository\io\cucumber\messages\17.1.1\messages-17.1.1.jar;C:\Users\ASUS\.m2\repository\io\cucumber\tag-expressions\4.1.0\tag-expressions-4.1.0.jar;C:\Users\ASUS\.m2\repository\io\cucumber\cucumber-expressions\15.0.1\cucumber-expressions-15.0.1.jar;C:\Users\ASUS\.m2\repository\io\cucumber\datatable\7.2.3\datatable-7.2.3.jar;C:\Users\ASUS\.m2\repository\io\cucumber\cucumber-plugin\7.2.3\cucumber-plugin-7.2.3.jar;C:\Users\ASUS\.m2\repository\io\cucumber\docstring\7.2.3\docstring-7.2.3.jar;C:\Users\ASUS\.m2\repository\io\cucumber\html-formatter\17.0.0\html-formatter-17.0.0.jar;C:\Users\ASUS\.m2\repository\io\cucumber\ci-environment\8.1.0\ci-environment-8.1.0.jar;C:\Users\ASUS\.m2\repository\io\cucumber\cucumber-junit\7.2.3\cucumber-junit-7.2.3.jar;C:\Users\ASUS\.m2\repository\org\apache\commons\commons-csv\1.5\commons-csv-1.5.jar;C:\Users\ASUS\.m2\repository\net\serenity-bdd\serenity-screenplay\3.2.1\serenity-screenplay-3.2.1.jar;C:\Users\ASUS\.m2\repository\net\serenity-bdd\serenity-screenplay-webdriver\3.2.1\serenity-screenplay-webdriver-3.2.1.jar;C:\Users\ASUS\.m2\repository\net\serenity-bdd\serenity-ensure\3.2.1\serenity-ensure-3.2.1.jar;C:\Users\ASUS\.m2\repository\net\serenity-bdd\serenity-junit\3.2.1\serenity-junit-3.2.1.jar;C:\Users\ASUS\.m2\repository\org\jetbrains\kotlin\kotlin-stdlib\1.6.0\kotlin-stdlib-1.6.0.jar;C:\Users\ASUS\.m2\repository\org\jetbrains\annotations\13.0\annotations-13.0.jar;C:\Users\ASUS\.m2\repository\org\jetbrains\kotlin\kotlin-stdlib-common\1.6.0\kotlin-stdlib-common-1.6.0.jar;C:\Users\ASUS\.m2\repository\org\junit\platform\junit-platform-launcher\1.8.1\junit-platform-launcher-1.8.1.jar;C:\Users\ASUS\.m2\repository\org\junit\platform\junit-platform-engine\1.8.1\junit-platform-engine-1.8.1.jar;C:\Users\ASUS\.m2\repository\org\opentest4j\opentest4j\1.2.0\opentest4j-1.2.0.jar;C:\Users\ASUS\.m2\repository\org\junit\platform\junit-platform-commons\1.8.1\junit-platform-commons-1.8.1.jar;C:\Users\ASUS\.m2\repository\org\apiguardian\apiguardian-api\1.1.2\apiguardian-api-1.1.2.jar;C:\Users\ASUS\.m2\repository\org\junit\jupiter\junit-jupiter-engine\5.8.2\junit-jupiter-engine-5.8.2.jar;C:\Users\ASUS\.m2\repository\org\junit\jupiter\junit-jupiter-api\5.8.2\junit-jupiter-api-5.8.2.jar;C:\Users\ASUS\.m2\repository\org\junit\vintage\junit-vintage-engine\5.8.2\junit-vintage-engine-5.8.2.jar;C:\Users\ASUS\.m2\repository\junit\junit\4.13.2\junit-4.13.2.jar;C:\Users\ASUS\.m2\repository\org\hamcrest\hamcrest-core\1.3\hamcrest-core-1.3.jar;C:\Users\ASUS\.m2\repository\ch\qos\logback\logback-classic\1.2.10\logback-classic-1.2.10.jar;C:\Users\ASUS\.m2\repository\ch\qos\logback\logback-core\1.2.10\logback-core-1.2.10.jar;C:\Users\ASUS\.m2\repository\org\slf4j\slf4j-api\1.7.32\slf4j-api-1.7.32.jar;C:\Users\ASUS\.m2\repository\org\assertj\assertj-core\3.6.2\assertj-core-3.6.2.jar;C:\Users\ASUS\.m2\repository\org\apache\maven\surefire\surefire-junit-platform\3.0.0-M5\surefire-junit-platform-3.0.0-M5.jar;C:\Users\ASUS\.m2\repository\org\apache\maven\surefire\common-java5\3.0.0-M5\common-java5-3.0.0-M5.jar"/>
    <property name="user.script" value=""/>
    <property name="java.protocol.handler.pkgs" value="com.google.common"/>
    <property name="sun.management.compiler" value="HotSpot 64-Bit Tiered Compilers"/>
    <property name="java.runtime.version" value="13.0.2+8"/>
    <property name="user.name" value="ASUS"/>
    <property name="path.separator" value=";"/>
    <property name="os.version" value="10.0"/>
    <property name="java.runtime.name" value="Java(TM) SE Runtime Environment"/>
    <property name="file.encoding" value="Cp1252"/>
    <property name="webdriver.base.url" value=""/>
    <property name="java.vm.name" value="Java HotSpot(TM) 64-Bit Server VM"/>
    <property name="localRepository" value="C:\Users\ASUS\.m2\repository"/>
    <property name="java.vendor.url.bug" value="https://bugreport.java.com/bugreport/"/>
    <property name="java.io.tmpdir" value="C:\Users\ASUS\AppData\Local\Temp\"/>
    <property name="java.version" value="13.0.2"/>
    <property name="user.dir" value="C:\Users\ASUS\Desktop\stupen\miniproject\Web\ASWeb"/>
    <property name="os.arch" value="amd64"/>
    <property name="java.vm.specification.name" value="Java Virtual Machine Specification"/>
    <property name="sun.os.patch.level" value=""/>
    <property name="java.library.path" value="C:\Program Files\Java\jdk-13.0.2\bin;C:\WINDOWS\Sun\Java\bin;C:\WINDOWS\system32;C:\WINDOWS;C:\Program Files\Java\jdk-11.0.12\bin;C:\Program Files\Common Files\Oracle\Java\javapath;C:\Program Files (x86)\Common Files\Oracle\Java\javapath;C:\Windows\system32;C:\Windows;C:\Windows\System32\Wbem;C:\Windows\System32\WindowsPowerShell\v1.0\;C:\Windows\System32\OpenSSH\;C:\Program Files (x86)\NVIDIA Corporation\PhysX\Common;C:\Program Files\NVIDIA Corporation\NVIDIA NvDLISR;C:\Program Files\Intel\WiFi\bin\;C:\Program Files\Common Files\Intel\WirelessCommon\;C:\Users\ASUS\AppData\Local\Programs\Python\Python37;C:\Gradle\gradle-6.1.1\bin;C:\apache-maven-3.6.3\bin;C:\WINDOWS\system32;C:\WINDOWS;C:\WINDOWS\System32\Wbem;C:\WINDOWS\System32\WindowsPowerShell\v1.0\;C:\WINDOWS\System32\OpenSSH\;C:\Users\ASUS\AppData\Local\Programs\Python\Python37\Scripts;C:\Program Files\PostgreSQL\13\bin;D:\PuTTY\;C:\Program Files\nodejs\;C:\Program Files\IBM\SPSS\Statistics\25\JRE\bin;C:\Program Files\Git\cmd;C:\Windows\system32;C:\Windows;C:\Windows\System32\Wbem;C:\Windows\System32\WindowsPowerShell\v1.0\;C:\Windows\System32\OpenSSH\;C:\Program Files (x86)\NVIDIA Corporation\PhysX\Common;C:\Program Files\NVIDIA Corporation\NVIDIA NvDLISR;C:\Program Files\Intel\WiFi\bin\;C:\Program Files\Common Files\Intel\WirelessCommon\;C:\Users\ASUS\AppData\Local\Programs\Python\Python37;C:\Users\ASUS\AppData\Local\Programs\Microsoft VS Code\bin;C:\Program Files\Java\jdk-13.0.2\bin;C:\Program Files\Git\bin\;C:\Program Files\Git\cmd\;C:\Gradle\gradle-6.1.1\bin;C:\Users\ASUS\AppData\Local\Microsoft\WindowsApps;C:\Users\ASUS\AppData\Roaming\Microsoft\Windows\Start Menu\Programs\Python 3.7;C:\Users\ASUS\AppData\Local\Programs\Python\Python37\Scripts;C:\Program Files\heroku\bin;C:\Program Files\PostgreSQL\13\bin;C:\Users\ASUS\AppData\Roaming\npm;C:\Program Files\JetBrains\IntelliJ IDEA 2022.2.1\bin;;C:\Program Files\JetBrains\IntelliJ IDEA Community Edition 2022.2.2\bin;;C:\android_sdk\platform-tools;C:\android_sdk\tools\bin;;."/>
    <property name="java.vm.info" value="mixed mode"/>
    <property name="java.vendor" value="Oracle Corporation"/>
    <property name="java.vm.version" value="13.0.2+8"/>
    <property name="sun.io.unicode.encoding" value="UnicodeLittle"/>
    <property name="java.class.version" value="57.0"/>
  </properties>
  <testcase name="View Cart Detail (filled)" classname="Manage Cart" time="46.179">
    <system-out><![CDATA[19:28:36.745 [main] INFO io.cucumber.core.plugin.SerenityReporter - Running feature from file:///C:/Users/ASUS/Desktop/stupen/miniproject/Web/ASWeb/src/test/resources/features/Cart.feature
19:28:37.310 [main] INFO  - 

-------------------------------------------------------------------------------------
     _______. _______ .______       _______ .__   __.  __  .___________.____    ____ 
    /       ||   ____||   _  \     |   ____||  \ |  | |  | |           |\   \  /   / 
   |   (----`|  |__   |  |_)  |    |  |__   |   \|  | |  | `---|  |----` \   \/   /  
    \   \    |   __|  |      /     |   __|  |  . `  | |  |     |  |       \_    _/   
.----)   |   |  |____ |  |\  \----.|  |____ |  |\   | |  |     |  |         |  |     
|_______/    |_______|| _| `._____||_______||__| \__| |__|     |__|         |__|    
                                                                                     
 News and tutorials at http://www.serenity-bdd.info                                  
 Documentation at https://wakaleo.gitbooks.io/the-serenity-book/content/             
 Join the Serenity Community on Gitter: https://gitter.im/serenity-bdd/serenity-core 
 Serenity BDD Support and Training at http://serenity-bdd.info/#/trainingandsupport  
-------------------------------------------------------------------------------------

19:28:37.322 [main] DEBUG net.thucydides.core.steps.StepEventBus - Test suite started for story net.thucydides.core.model.Story@a99674c0
19:28:37.333 [main] INFO  - Test Suite Started: Manage Cart
19:28:37.400 [main] INFO io.cucumber.core.plugin.SerenityReporter - Running feature from file:///C:/Users/ASUS/Desktop/stupen/miniproject/Web/ASWeb/src/test/resources/features/Login.feature
19:28:37.431 [main] DEBUG net.thucydides.core.steps.StepEventBus - Test suite started for story net.thucydides.core.model.Story@23282f08
19:28:37.444 [main] INFO  - Test Suite Started: Login
19:28:37.445 [main] INFO io.cucumber.core.plugin.SerenityReporter - Running feature from file:///C:/Users/ASUS/Desktop/stupen/miniproject/Web/ASWeb/src/test/resources/features/Logout.feature
19:28:37.463 [main] DEBUG net.thucydides.core.steps.StepEventBus - Test suite started for story net.thucydides.core.model.Story@7960de68
19:28:37.466 [main] INFO  - Test Suite Started: Logout
19:28:37.466 [main] INFO io.cucumber.core.plugin.SerenityReporter - Running feature from file:///C:/Users/ASUS/Desktop/stupen/miniproject/Web/ASWeb/src/test/resources/features/Product.feature
19:28:37.488 [main] DEBUG net.thucydides.core.steps.StepEventBus - Test suite started for story net.thucydides.core.model.Story@94d3a930
19:28:37.491 [main] INFO  - Test Suite Started: Manage Product
19:28:37.491 [main] INFO io.cucumber.core.plugin.SerenityReporter - Running feature from file:///C:/Users/ASUS/Desktop/stupen/miniproject/Web/ASWeb/src/test/resources/features/Register.feature
19:28:37.516 [main] DEBUG net.thucydides.core.steps.StepEventBus - Test suite started for story net.thucydides.core.model.Story@30e75088
19:28:37.519 [main] INFO  - Test Suite Started: Register
19:28:37.520 [main] INFO io.cucumber.core.plugin.SerenityReporter - Running feature from file:///C:/Users/ASUS/Desktop/stupen/miniproject/Web/ASWeb/src/test/resources/features/Transaction.feature
19:28:37.538 [main] DEBUG net.thucydides.core.steps.StepEventBus - Test suite started for story net.thucydides.core.model.Story@c54cf0a8
19:28:37.540 [main] INFO  - Test Suite Started: Transaction
19:28:37.543 [main] INFO io.cucumber.core.plugin.SerenityReporter - Running feature from file:///C:/Users/ASUS/Desktop/stupen/miniproject/Web/ASWeb/src/test/resources/features/Cart.feature
19:28:37.556 [main] DEBUG net.thucydides.core.steps.StepEventBus - Test suite started for story net.thucydides.core.model.Story@a99674c0
19:28:37.558 [main] INFO  - Test Suite Started: Manage Cart

@Cart
Scenario: View Cart Detail (filled)       &amp#27;[90m# src/test/resources/features/Cart.feature:7&amp#27;[0m
19:28:37.810 [main] INFO io.cucumber.core.plugin.SerenityReporter - Running feature from file:///C:/Users/ASUS/Desktop/stupen/miniproject/Web/ASWeb/src/test/resources/features/Cart.feature
19:28:38.086 [main] INFO  - 
  _____   ___   ___   _____     ___   _____     _     ___   _____   ___   ___  
 |_   _| | __| / __| |_   _|   / __| |_   _|   /_\   | _ \ |_   _| | __| |   \ 
   | |   | _|  \__ \   | |     \__ \   | |    / _ \  |   /   | |   | _|  | |) |
   |_|   |___| |___/   |_|     |___/   |_|   /_/ \_\ |_|_\   |_|   |___| |___/ 

View Cart Detail (filled)(manage-cart;view-cart-detail-(filled))
--------------------------------------------------------------------------------
19:28:39.945 [main] INFO net.serenitybdd.core.webdriver.driverproviders.ChromeDriverProvider - Using automatically driver download
19:28:42.242 [main] DEBUG io.github.bonigarcia.wdm.cache.ResolutionCache - Resolution chrome=107 in cache (valid until 20:17:59 09/11/2022 WIB)
19:28:42.252 [main] DEBUG io.github.bonigarcia.wdm.cache.ResolutionCache - Resolution chrome107=107.0.5304.62 in cache (valid until 19:17:59 10/11/2022 WIB)
19:28:42.260 [main] INFO io.github.bonigarcia.wdm.WebDriverManager - Using chromedriver 107.0.5304.62 (resolved driver for Chrome 107)
19:28:42.302 [main] DEBUG io.github.bonigarcia.wdm.WebDriverManager - Driver chromedriver 107.0.5304.62 found in cache
19:28:42.304 [main] INFO io.github.bonigarcia.wdm.WebDriverManager - Exporting webdriver.chrome.driver as C:\Users\ASUS\.cache\selenium\chromedriver\win32\107.0.5304.62\chromedriver.exe
19:28:44.267 [main] DEBUG net.thucydides.core.reflection.ClassFinder - Could not load class .CucumberTestSuite
19:28:44.267 [main] DEBUG net.thucydides.core.reflection.ClassFinder - Could not load class .starter.pages.CartPages
19:28:44.270 [main] DEBUG net.thucydides.core.reflection.ClassFinder - Could not load class .starter.pages.LogInOutPages
19:28:44.271 [main] DEBUG net.thucydides.core.reflection.ClassFinder - Could not load class .starter.pages.ProductPages
19:28:44.272 [main] DEBUG net.thucydides.core.reflection.ClassFinder - Could not load class .starter.pages.RegisterPage
19:28:44.272 [main] DEBUG net.thucydides.core.reflection.ClassFinder - Could not load class .starter.pages.TransactionPages
19:28:44.273 [main] DEBUG net.thucydides.core.reflection.ClassFinder - Could not load class .starter.stepdefinitions.CartSteps
19:28:44.274 [main] DEBUG net.thucydides.core.reflection.ClassFinder - Could not load class .starter.stepdefinitions.LogInOutSteps
19:28:44.275 [main] DEBUG net.thucydides.core.reflection.ClassFinder - Could not load class .starter.stepdefinitions.ProductSteps
19:28:44.277 [main] DEBUG net.thucydides.core.reflection.ClassFinder - Could not load class .starter.stepdefinitions.RegisterSteps
19:28:44.279 [main] DEBUG net.thucydides.core.reflection.ClassFinder - Could not load class .starter.stepdefinitions.TransactionSteps
19:28:44.282 [main] DEBUG net.thucydides.core.reflection.ClassFinder - Could not load class META-INF.versions.9.com.sun.istack.logging.StackHelper
19:28:44.285 [main] DEBUG net.thucydides.core.reflection.ClassFinder - Could not load class META-INF.versions.9.com.sun.xml.bind.v2.runtime.reflect.opt.AccessorInjector
19:28:44.287 [main] DEBUG net.thucydides.core.reflection.ClassFinder - Could not load class META-INF.versions.9.com.sun.xml.bind.v2.runtime.reflect.opt.Injector
19:28:44.290 [main] DEBUG net.thucydides.core.reflection.ClassFinder - Could not load class META-INF.versions.9.com.sun.xml.bind.v2.runtime.reflect.opt.OptimizedAccessorFactory
19:28:44.292 [main] DEBUG net.thucydides.core.reflection.ClassFinder - Could not load class META-INF.versions.9.com.sun.xml.bind.v2.runtime.reflect.opt.OptimizedTransducedAccessorFactory
19:28:44.295 [main] DEBUG net.thucydides.core.reflection.ClassFinder - Could not load class META-INF.versions.9.io.opentelemetry.sdk.internal.CurrentJavaVersionSpecific
19:28:44.296 [main] DEBUG net.thucydides.core.reflection.ClassFinder - Could not load class META-INF.versions.9.io.opentelemetry.sdk.internal.Java9VersionSpecific
19:28:44.298 [main] DEBUG net.thucydides.core.reflection.ClassFinder - Could not load class META-INF.versions.9.javax.xml.bind.ModuleUtil
19:28:44.300 [main] DEBUG net.thucydides.core.reflection.ClassFinder - Could not load class META-INF.versions.9.module-info
19:28:44.302 [main] DEBUG net.thucydides.core.reflection.ClassFinder - Could not load class META-INF.versions.9.org.junit.platform.commons.util.ModuleUtils
19:28:45.583 [main] DEBUG net.thucydides.core.reflection.ClassFinder - Could not load class com.google.gson.internal.
19:28:46.044 [main] DEBUG net.thucydides.core.reflection.ClassFinder - Could not load class com.sun.xml.bind.v2.runtime.output.FastInfosetStreamWriterOutput
19:28:47.430 [main] DEBUG net.thucydides.core.reflection.ClassFinder - Could not load class module-info
19:28:57.562 [main] DEBUG io.netty.util.internal.logging.InternalLoggerFactory - Using SLF4J as the default logging framework
19:28:57.587 [main] DEBUG io.netty.util.ResourceLeakDetector - -Dio.netty.leakDetection.level: simple
19:28:57.588 [main] DEBUG io.netty.util.ResourceLeakDetector - -Dio.netty.leakDetection.targetRecords: 4
19:28:57.615 [main] DEBUG io.netty.util.ResourceLeakDetectorFactory - Loaded default ResourceLeakDetector: io.netty.util.ResourceLeakDetector@20983174
19:28:57.723 [main] DEBUG io.netty.util.internal.PlatformDependent0 - -Dio.netty.noUnsafe: false
19:28:57.723 [main] DEBUG io.netty.util.internal.PlatformDependent0 - Java version: 13
19:28:57.727 [main] DEBUG io.netty.util.internal.PlatformDependent0 - sun.misc.Unsafe.theUnsafe: available
19:28:57.729 [main] DEBUG io.netty.util.internal.PlatformDependent0 - sun.misc.Unsafe.copyMemory: available
19:28:57.730 [main] DEBUG io.netty.util.internal.PlatformDependent0 - java.nio.Buffer.address: available
19:28:57.731 [main] DEBUG io.netty.util.internal.PlatformDependent0 - direct buffer constructor: unavailable: Reflective setAccessible(true) disabled
19:28:57.733 [main] DEBUG io.netty.util.internal.PlatformDependent0 - java.nio.Bits.unaligned: available, true
19:28:57.735 [main] DEBUG io.netty.util.internal.PlatformDependent0 - jdk.internal.misc.Unsafe.allocateUninitializedArray(int): unavailable: class io.netty.util.internal.PlatformDependent0$6 cannot access class jdk.internal.misc.Unsafe (in module java.base) because module java.base does not export jdk.internal.misc to unnamed module @615f972
19:28:57.738 [main] DEBUG io.netty.util.internal.PlatformDependent0 - java.nio.DirectByteBuffer.<init>(long, int): unavailable
19:28:57.738 [main] DEBUG io.netty.util.internal.PlatformDependent - sun.misc.Unsafe: available
19:28:57.742 [main] DEBUG io.netty.util.internal.PlatformDependent - maxDirectMemory: 2109734912 bytes (maybe)
19:28:57.745 [main] DEBUG io.netty.util.internal.PlatformDependent - -Dio.netty.tmpdir: C:\Users\ASUS\AppData\Local\Temp (java.io.tmpdir)
19:28:57.745 [main] DEBUG io.netty.util.internal.PlatformDependent - -Dio.netty.bitMode: 64 (sun.arch.data.model)
19:28:57.747 [main] DEBUG io.netty.util.internal.PlatformDependent - Platform: Windows
19:28:57.749 [main] DEBUG io.netty.util.internal.PlatformDependent - -Dio.netty.maxDirectMemory: -1 bytes
19:28:57.749 [main] DEBUG io.netty.util.internal.PlatformDependent - -Dio.netty.uninitializedArrayAllocationThreshold: -1
19:28:57.751 [main] DEBUG io.netty.util.internal.CleanerJava9 - java.nio.ByteBuffer.cleaner(): available
19:28:57.752 [main] DEBUG io.netty.util.internal.PlatformDependent - -Dio.netty.noPreferDirect: false
19:28:57.772 [main] DEBUG io.netty.util.internal.PlatformDependent - org.jctools-core.MpscChunkedArrayQueue: available
19:28:57.823 [main] DEBUG io.netty.util.internal.InternalThreadLocalMap - -Dio.netty.threadLocalMap.stringBuilder.initialSize: 1024
19:28:57.823 [main] DEBUG io.netty.util.internal.InternalThreadLocalMap - -Dio.netty.threadLocalMap.stringBuilder.maxSize: 4096
19:28:58.112 [main] DEBUG io.netty.handler.ssl.JdkSslContext - Default protocols (JDK): [TLSv1.3, TLSv1.2, TLSv1.1, TLSv1] 
19:28:58.113 [main] DEBUG io.netty.handler.ssl.JdkSslContext - Default cipher suites (JDK): [TLS_ECDHE_ECDSA_WITH_AES_256_GCM_SHA384, TLS_ECDHE_ECDSA_WITH_AES_128_GCM_SHA256, TLS_ECDHE_RSA_WITH_AES_128_GCM_SHA256, TLS_ECDHE_RSA_WITH_AES_256_GCM_SHA384, TLS_ECDHE_RSA_WITH_AES_128_CBC_SHA, TLS_ECDHE_RSA_WITH_AES_256_CBC_SHA, TLS_RSA_WITH_AES_128_GCM_SHA256, TLS_RSA_WITH_AES_128_CBC_SHA, TLS_RSA_WITH_AES_256_CBC_SHA, TLS_AES_128_GCM_SHA256, TLS_AES_256_GCM_SHA384]
19:28:58.214 [main] DEBUG io.netty.channel.MultithreadEventLoopGroup - -Dio.netty.eventLoopThreads: 16
19:28:58.239 [main] DEBUG io.netty.channel.nio.NioEventLoop - -Dio.netty.noKeySetOptimization: false
19:28:58.239 [main] DEBUG io.netty.channel.nio.NioEventLoop - -Dio.netty.selectorAutoRebuildThreshold: 512
19:28:58.782 [main] DEBUG io.netty.buffer.PooledByteBufAllocator - -Dio.netty.allocator.numHeapArenas: 16
19:28:58.782 [main] DEBUG io.netty.buffer.PooledByteBufAllocator - -Dio.netty.allocator.numDirectArenas: 16
19:28:58.782 [main] DEBUG io.netty.buffer.PooledByteBufAllocator - -Dio.netty.allocator.pageSize: 8192
19:28:58.782 [main] DEBUG io.netty.buffer.PooledByteBufAllocator - -Dio.netty.allocator.maxOrder: 11
19:28:58.782 [main] DEBUG io.netty.buffer.PooledByteBufAllocator - -Dio.netty.allocator.chunkSize: 16777216
19:28:58.782 [main] DEBUG io.netty.buffer.PooledByteBufAllocator - -Dio.netty.allocator.smallCacheSize: 256
19:28:58.782 [main] DEBUG io.netty.buffer.PooledByteBufAllocator - -Dio.netty.allocator.normalCacheSize: 64
19:28:58.782 [main] DEBUG io.netty.buffer.PooledByteBufAllocator - -Dio.netty.allocator.maxCachedBufferCapacity: 32768
19:28:58.782 [main] DEBUG io.netty.buffer.PooledByteBufAllocator - -Dio.netty.allocator.cacheTrimInterval: 8192
19:28:58.782 [main] DEBUG io.netty.buffer.PooledByteBufAllocator - -Dio.netty.allocator.cacheTrimIntervalMillis: 0
19:28:58.783 [main] DEBUG io.netty.buffer.PooledByteBufAllocator - -Dio.netty.allocator.useCacheForAllThreads: true
19:28:58.783 [main] DEBUG io.netty.buffer.PooledByteBufAllocator - -Dio.netty.allocator.maxCachedByteBuffersPerChunk: 1023
19:28:58.806 [main] DEBUG io.netty.buffer.ByteBufUtil - -Dio.netty.allocator.type: pooled
19:28:58.807 [main] DEBUG io.netty.buffer.ByteBufUtil - -Dio.netty.threadLocalDirectBufferSize: 0
19:28:58.807 [main] DEBUG io.netty.buffer.ByteBufUtil - -Dio.netty.maxThreadLocalCharBufferSize: 16384
19:28:59.260 [main] DEBUG net.serenitybdd.core.webdriver.driverproviders.ProvideNewDriver - Instantiating driver
19:28:59.261 [main] DEBUG net.serenitybdd.core.webdriver.driverproviders.ProvideNewDriver - Driver capabilities: Capabilities {acceptInsecureCerts: false, base.url: https://alta-shop.vercel.app/, browserName: chrome, chrome.driver: src/test/resources/webdrive..., driver: chrome, goog:chromeOptions: {args: [], extensions: []}, wait.for.timeout: 10000}
19:29:00.358 [Forwarding newSession on session null to remote] DEBUG io.netty.channel.DefaultChannelId - -Dio.netty.processId: 21872 (auto-detected)
19:29:00.364 [Forwarding newSession on session null to remote] DEBUG io.netty.util.NetUtil - -Djava.net.preferIPv4Stack: false
19:29:00.364 [Forwarding newSession on session null to remote] DEBUG io.netty.util.NetUtil - -Djava.net.preferIPv6Addresses: false
19:29:01.114 [Forwarding newSession on session null to remote] DEBUG io.netty.util.NetUtilInitializations - Loopback interface: lo (Software Loopback Interface 1, 127.0.0.1)
19:29:01.120 [Forwarding newSession on session null to remote] DEBUG io.netty.util.NetUtil - Failed to get SOMAXCONN from sysctl and file \proc\sys\net\core\somaxconn. Default: 200
19:29:01.804 [Forwarding newSession on session null to remote] DEBUG io.netty.channel.DefaultChannelId - -Dio.netty.machineId: d4:d2:52:ff:fe:a4:e5:f7 (auto-detected)
19:29:02.003 [AsyncHttpClient-1-2] DEBUG io.netty.buffer.AbstractByteBuf - -Dio.netty.buffer.checkAccessible: true
19:29:02.006 [AsyncHttpClient-1-2] DEBUG io.netty.buffer.AbstractByteBuf - -Dio.netty.buffer.checkBounds: true
19:29:02.006 [AsyncHttpClient-1-2] DEBUG io.netty.util.ResourceLeakDetectorFactory - Loaded default ResourceLeakDetector: io.netty.util.ResourceLeakDetector@57f1f50f
19:29:02.070 [AsyncHttpClient-1-2] DEBUG org.asynchttpclient.netty.channel.NettyConnectListener - Using new Channel '[id: 0x8a3d0858, L:/127.0.0.1:57096 - R:localhost/127.0.0.1:60827]' for 'POST' to '/session'
19:29:02.243 [AsyncHttpClient-1-2] DEBUG io.netty.util.Recycler - -Dio.netty.recycler.maxCapacityPerThread: 4096
19:29:02.245 [AsyncHttpClient-1-2] DEBUG io.netty.util.Recycler - -Dio.netty.recycler.ratio: 8
19:29:02.245 [AsyncHttpClient-1-2] DEBUG io.netty.util.Recycler - -Dio.netty.recycler.chunkSize: 32
19:29:02.245 [AsyncHttpClient-1-2] DEBUG io.netty.util.Recycler - -Dio.netty.recycler.blocking: false
19:29:05.743 [AsyncHttpClient-1-2] DEBUG io.netty.handler.codec.compression.Brotli - brotli4j not in the classpath; Brotli support will be unavailable.
19:29:05.752 [AsyncHttpClient-1-2] DEBUG org.asynchttpclient.netty.handler.HttpHandler - 

Request DefaultHttpRequest(decodeResult: success, version: HTTP/1.1)
POST /session HTTP/1.1
User-Agent: selenium/4.1.2 (java windows)
Content-Length: 646
Content-Type: application/json; charset=utf-8
host: localhost:60827
accept: */*

Response DefaultHttpResponse(decodeResult: success, version: HTTP/1.1)
HTTP/1.1 200 OK
Content-Type: application/json; charset=utf-8
cache-control: no-cache
content-length: 788

19:29:05.855 [AsyncHttpClient-1-2] DEBUG org.asynchttpclient.netty.channel.ChannelManager - Adding key: http://localhost:60827 for channel [id: 0x8a3d0858, L:/127.0.0.1:57096 - R:localhost/127.0.0.1:60827]
19:29:05.867 [AsyncHttpClient-1-1] DEBUG org.asynchttpclient.netty.channel.DefaultChannelPool - Entry count for : http://localhost:60827 : 1
19:29:06.389 [AsyncHttpClient-1-3] DEBUG org.asynchttpclient.netty.channel.NettyConnectListener - Using new Channel '[id: 0xd062fdaa, L:/127.0.0.1:57106 - R:localhost/127.0.0.1:57098]' for 'GET' to '/json/version'
19:29:06.476 [AsyncHttpClient-1-3] DEBUG org.asynchttpclient.netty.handler.HttpHandler - 

Request DefaultFullHttpRequest(decodeResult: success, version: HTTP/1.1, content: EmptyByteBufBE)
GET /json/version HTTP/1.1
User-Agent: selenium/4.1.2 (java windows)
host: localhost:57098
accept: */*

Response DefaultHttpResponse(decodeResult: success, version: HTTP/1.1)
HTTP/1.1 200 OK
Content-Type: application/json; charset=UTF-8
content-length: 423

19:29:06.478 [AsyncHttpClient-1-3] DEBUG org.asynchttpclient.netty.channel.ChannelManager - Adding key: http://localhost:57098 for channel [id: 0xd062fdaa, L:/127.0.0.1:57106 - R:localhost/127.0.0.1:57098]
19:29:06.504 [main] DEBUG io.netty.util.internal.ThreadLocalRandom - -Dio.netty.initialSeedUniquifier: 0xb35a0adb0ffe631d
19:29:06.650 [AsyncHttpClient-1-4] DEBUG org.asynchttpclient.netty.channel.NettyConnectListener - Using new Channel '[id: 0xbf7ba103, L:/127.0.0.1:57107 - R:localhost/127.0.0.1:57098]' for 'GET' to '/devtools/browser/12fe86a5-62be-4be0-989f-b9255716646f'
19:29:06.736 [AsyncHttpClient-1-4] DEBUG org.asynchttpclient.netty.handler.WebSocketHandler - 

Request DefaultFullHttpRequest(decodeResult: success, version: HTTP/1.1, content: EmptyByteBufBE)
GET /devtools/browser/12fe86a5-62be-4be0-989f-b9255716646f HTTP/1.1
upgrade: websocket
connection: upgrade
sec-websocket-key: 1KS4RBQLR1VA9XFKkfUQrA==
sec-websocket-version: 13
origin: http://localhost:57098
host: localhost:57098
accept: */*
user-agent: AHC/2.1

Response DefaultHttpResponse(decodeResult: success, version: HTTP/1.1)
HTTP/1.1 101 WebSocket Protocol Handshake
Upgrade: WebSocket
Connection: Upgrade
Sec-WebSocket-Accept: HO/xyhMmDVJVOGlqM74Z+sC4Zmw=

19:29:06.929 [AsyncHttpClient-1-1] DEBUG org.asynchttpclient.netty.channel.DefaultChannelPool - Entry count for : http://localhost:60827 : 1
19:29:06.929 [AsyncHttpClient-1-1] DEBUG org.asynchttpclient.netty.channel.DefaultChannelPool - Entry count for : http://localhost:57098 : 1
19:29:08.018 [AsyncHttpClient-1-1] DEBUG org.asynchttpclient.netty.channel.DefaultChannelPool - Entry count for : http://localhost:60827 : 1
19:29:08.020 [AsyncHttpClient-1-1] DEBUG org.asynchttpclient.netty.channel.DefaultChannelPool - Entry count for : http://localhost:57098 : 1
19:29:09.085 [AsyncHttpClient-1-1] DEBUG org.asynchttpclient.netty.channel.DefaultChannelPool - Entry count for : http://localhost:60827 : 1
19:29:09.085 [AsyncHttpClient-1-1] DEBUG org.asynchttpclient.netty.channel.DefaultChannelPool - Entry count for : http://localhost:57098 : 1
19:29:10.008 [main] DEBUG net.thucydides.core.reflection.ClassFinder - Could not load class .CucumberTestSuite
19:29:10.008 [main] DEBUG net.thucydides.core.reflection.ClassFinder - Could not load class .starter.pages.CartPages
19:29:10.009 [main] DEBUG net.thucydides.core.reflection.ClassFinder - Could not load class .starter.pages.LogInOutPages
19:29:10.009 [main] DEBUG net.thucydides.core.reflection.ClassFinder - Could not load class .starter.pages.ProductPages
19:29:10.009 [main] DEBUG net.thucydides.core.reflection.ClassFinder - Could not load class .starter.pages.RegisterPage
19:29:10.009 [main] DEBUG net.thucydides.core.reflection.ClassFinder - Could not load class .starter.pages.TransactionPages
19:29:10.009 [main] DEBUG net.thucydides.core.reflection.ClassFinder - Could not load class .starter.stepdefinitions.CartSteps
19:29:10.009 [main] DEBUG net.thucydides.core.reflection.ClassFinder - Could not load class .starter.stepdefinitions.LogInOutSteps
19:29:10.009 [main] DEBUG net.thucydides.core.reflection.ClassFinder - Could not load class .starter.stepdefinitions.ProductSteps
19:29:10.009 [main] DEBUG net.thucydides.core.reflection.ClassFinder - Could not load class .starter.stepdefinitions.RegisterSteps
19:29:10.010 [main] DEBUG net.thucydides.core.reflection.ClassFinder - Could not load class .starter.stepdefinitions.TransactionSteps
19:29:10.011 [main] DEBUG net.thucydides.core.reflection.ClassFinder - Could not load class META-INF.versions.9.com.sun.istack.logging.StackHelper
19:29:10.012 [main] DEBUG net.thucydides.core.reflection.ClassFinder - Could not load class META-INF.versions.9.com.sun.xml.bind.v2.runtime.reflect.opt.AccessorInjector
19:29:10.012 [main] DEBUG net.thucydides.core.reflection.ClassFinder - Could not load class META-INF.versions.9.com.sun.xml.bind.v2.runtime.reflect.opt.Injector
19:29:10.013 [main] DEBUG net.thucydides.core.reflection.ClassFinder - Could not load class META-INF.versions.9.com.sun.xml.bind.v2.runtime.reflect.opt.OptimizedAccessorFactory
19:29:10.014 [main] DEBUG net.thucydides.core.reflection.ClassFinder - Could not load class META-INF.versions.9.com.sun.xml.bind.v2.runtime.reflect.opt.OptimizedTransducedAccessorFactory
19:29:10.015 [main] DEBUG net.thucydides.core.reflection.ClassFinder - Could not load class META-INF.versions.9.io.opentelemetry.sdk.internal.CurrentJavaVersionSpecific
19:29:10.015 [main] DEBUG net.thucydides.core.reflection.ClassFinder - Could not load class META-INF.versions.9.io.opentelemetry.sdk.internal.Java9VersionSpecific
19:29:10.016 [main] DEBUG net.thucydides.core.reflection.ClassFinder - Could not load class META-INF.versions.9.javax.xml.bind.ModuleUtil
19:29:10.017 [main] DEBUG net.thucydides.core.reflection.ClassFinder - Could not load class META-INF.versions.9.module-info
19:29:10.019 [main] DEBUG net.thucydides.core.reflection.ClassFinder - Could not load class META-INF.versions.9.org.junit.platform.commons.util.ModuleUtils
19:29:10.022 [main] DEBUG net.thucydides.core.reflection.ClassFinder - Could not load class com.google.gson.internal.
19:29:10.024 [main] DEBUG net.thucydides.core.reflection.ClassFinder - Could not load class com.sun.xml.bind.v2.runtime.output.FastInfosetStreamWriterOutput
19:29:10.031 [main] DEBUG net.thucydides.core.reflection.ClassFinder - Could not load class module-info
19:29:10.073 [Forwarding get on session 961f6b6eae9213599df7db29cc3e2163 to remote] DEBUG org.asynchttpclient.netty.request.NettyRequestSender - Using pooled Channel '[id: 0x8a3d0858, L:/127.0.0.1:57096 - R:localhost/127.0.0.1:60827]' for 'POST' to 'http://localhost:60827/session/961f6b6eae9213599df7db29cc3e2163/url'
19:29:10.073 [Forwarding get on session 961f6b6eae9213599df7db29cc3e2163 to remote] DEBUG org.asynchttpclient.netty.request.NettyRequestSender - Using open Channel [id: 0x8a3d0858, L:/127.0.0.1:57096 - R:localhost/127.0.0.1:60827] for POST '/session/961f6b6eae9213599df7db29cc3e2163/url'
19:29:10.182 [AsyncHttpClient-1-1] DEBUG org.asynchttpclient.netty.channel.DefaultChannelPool - Entry count for : http://localhost:57098 : 1
19:29:11.223 [AsyncHttpClient-1-2] DEBUG org.asynchttpclient.netty.handler.HttpHandler - 

Request DefaultHttpRequest(decodeResult: success, version: HTTP/1.1)
POST /session/961f6b6eae9213599df7db29cc3e2163/url HTTP/1.1
User-Agent: selenium/4.1.2 (java windows)
Content-Length: 59
Content-Type: application/json; charset=utf-8
host: localhost:60827
accept: */*

Response DefaultHttpResponse(decodeResult: success, version: HTTP/1.1)
HTTP/1.1 200 OK
Content-Type: application/json; charset=utf-8
cache-control: no-cache
content-length: 14

19:29:11.224 [AsyncHttpClient-1-2] DEBUG org.asynchttpclient.netty.channel.ChannelManager - Adding key: http://localhost:60827 for channel [id: 0x8a3d0858, L:/127.0.0.1:57096 - R:localhost/127.0.0.1:60827]
19:29:11.235 [Forwarding setTimeout on session 961f6b6eae9213599df7db29cc3e2163 to remote] DEBUG org.asynchttpclient.netty.request.NettyRequestSender - Using pooled Channel '[id: 0x8a3d0858, L:/127.0.0.1:57096 - R:localhost/127.0.0.1:60827]' for 'POST' to 'http://localhost:60827/session/961f6b6eae9213599df7db29cc3e2163/timeouts'
19:29:11.235 [Forwarding setTimeout on session 961f6b6eae9213599df7db29cc3e2163 to remote] DEBUG org.asynchttpclient.netty.request.NettyRequestSender - Using open Channel [id: 0x8a3d0858, L:/127.0.0.1:57096 - R:localhost/127.0.0.1:60827] for POST '/session/961f6b6eae9213599df7db29cc3e2163/timeouts'
19:29:11.239 [AsyncHttpClient-1-2] DEBUG org.asynchttpclient.netty.handler.HttpHandler - 

Request DefaultHttpRequest(decodeResult: success, version: HTTP/1.1)
POST /session/961f6b6eae9213599df7db29cc3e2163/timeouts HTTP/1.1
User-Agent: selenium/4.1.2 (java windows)
Content-Length: 22
Content-Type: application/json; charset=utf-8
host: localhost:60827
accept: */*

Response DefaultHttpResponse(decodeResult: success, version: HTTP/1.1)
HTTP/1.1 200 OK
Content-Type: application/json; charset=utf-8
cache-control: no-cache
content-length: 14

19:29:11.239 [AsyncHttpClient-1-2] DEBUG org.asynchttpclient.netty.channel.ChannelManager - Adding key: http://localhost:60827 for channel [id: 0x8a3d0858, L:/127.0.0.1:57096 - R:localhost/127.0.0.1:60827]
19:29:11.253 [Forwarding getCurrentUrl on session 961f6b6eae9213599df7db29cc3e2163 to remote] DEBUG org.asynchttpclient.netty.request.NettyRequestSender - Using pooled Channel '[id: 0x8a3d0858, L:/127.0.0.1:57096 - R:localhost/127.0.0.1:60827]' for 'GET' to 'http://localhost:60827/session/961f6b6eae9213599df7db29cc3e2163/url'
19:29:11.253 [Forwarding getCurrentUrl on session 961f6b6eae9213599df7db29cc3e2163 to remote] DEBUG org.asynchttpclient.netty.request.NettyRequestSender - Using open Channel [id: 0x8a3d0858, L:/127.0.0.1:57096 - R:localhost/127.0.0.1:60827] for GET '/session/961f6b6eae9213599df7db29cc3e2163/url'
19:29:11.273 [AsyncHttpClient-1-2] DEBUG org.asynchttpclient.netty.handler.HttpHandler - 

Request DefaultFullHttpRequest(decodeResult: success, version: HTTP/1.1, content: EmptyByteBufBE)
GET /session/961f6b6eae9213599df7db29cc3e2163/url HTTP/1.1
User-Agent: selenium/4.1.2 (java windows)
Cache-Control: no-cache
Content-Type: application/json; charset=utf-8
host: localhost:60827
accept: */*

Response DefaultHttpResponse(decodeResult: success, version: HTTP/1.1)
HTTP/1.1 200 OK
Content-Type: application/json; charset=utf-8
cache-control: no-cache
content-length: 41

19:29:11.274 [AsyncHttpClient-1-2] DEBUG org.asynchttpclient.netty.channel.ChannelManager - Adding key: http://localhost:60827 for channel [id: 0x8a3d0858, L:/127.0.0.1:57096 - R:localhost/127.0.0.1:60827]
  &amp#27;[32mGiven &amp#27;[0m&amp#27;[32mI open homepage url&amp#27;[0m               &amp#27;[90m# starter.stepdefinitions.CartSteps.iOpenHomepageUrl()&amp#27;[0m
19:29:11.312 [AsyncHttpClient-1-1] DEBUG org.asynchttpclient.netty.channel.DefaultChannelPool - Entry count for : http://localhost:60827 : 1
19:29:11.313 [AsyncHttpClient-1-1] DEBUG org.asynchttpclient.netty.channel.DefaultChannelPool - Entry count for : http://localhost:57098 : 1
19:29:11.381 [main] DEBUG net.serenitybdd.core.photography.Darkroom - Opening darkroom
19:29:11.382 [Darkroom Processing Line] DEBUG net.serenitybdd.core.photography.DarkroomProcessingLine - Darkroom processing line starting up
19:29:11.386 [Forwarding screenshot on session 961f6b6eae9213599df7db29cc3e2163 to remote] DEBUG org.asynchttpclient.netty.request.NettyRequestSender - Using pooled Channel '[id: 0x8a3d0858, L:/127.0.0.1:57096 - R:localhost/127.0.0.1:60827]' for 'GET' to 'http://localhost:60827/session/961f6b6eae9213599df7db29cc3e2163/screenshot'
19:29:11.386 [Forwarding screenshot on session 961f6b6eae9213599df7db29cc3e2163 to remote] DEBUG org.asynchttpclient.netty.request.NettyRequestSender - Using open Channel [id: 0x8a3d0858, L:/127.0.0.1:57096 - R:localhost/127.0.0.1:60827] for GET '/session/961f6b6eae9213599df7db29cc3e2163/screenshot'
19:29:12.383 [AsyncHttpClient-1-1] DEBUG org.asynchttpclient.netty.channel.DefaultChannelPool - Entry count for : http://localhost:57098 : 1
19:29:12.787 [AsyncHttpClient-1-2] DEBUG org.asynchttpclient.netty.handler.HttpHandler - 

Request DefaultFullHttpRequest(decodeResult: success, version: HTTP/1.1, content: EmptyByteBufBE)
GET /session/961f6b6eae9213599df7db29cc3e2163/screenshot HTTP/1.1
User-Agent: selenium/4.1.2 (java windows)
Cache-Control: no-cache
Content-Type: application/json; charset=utf-8
host: localhost:60827
accept: */*

Response DefaultHttpResponse(decodeResult: success, version: HTTP/1.1)
HTTP/1.1 200 OK
Content-Type: application/json; charset=utf-8
cache-control: no-cache
content-length: 27592

19:29:12.790 [AsyncHttpClient-1-2] DEBUG org.asynchttpclient.netty.channel.ChannelManager - Adding key: http://localhost:60827 for channel [id: 0x8a3d0858, L:/127.0.0.1:57096 - R:localhost/127.0.0.1:60827]
19:29:13.070 [main] DEBUG net.serenitybdd.core.photography.Darkroom - Send negative for processing for target\site\serenity\2eb901ddcd56516a9560a940e5b036de61f7c0924a21c4fcec50ab733f4a341f.png
19:29:13.071 [Darkroom Processing Line] DEBUG net.serenitybdd.core.photography.DarkroomProcessingLine - Processing screenshot image in /var/screenshots/screenshot-16270355948443359927
19:29:13.072 [Darkroom Processing Line] DEBUG net.serenitybdd.core.photography.DarkroomProcessingLine - Saving screenshot to target\site\serenity\2eb901ddcd56516a9560a940e5b036de61f7c0924a21c4fcec50ab733f4a341f.png
19:29:13.135 [Forwarding screenshot on session 961f6b6eae9213599df7db29cc3e2163 to remote] DEBUG org.asynchttpclient.netty.request.NettyRequestSender - Using pooled Channel '[id: 0x8a3d0858, L:/127.0.0.1:57096 - R:localhost/127.0.0.1:60827]' for 'GET' to 'http://localhost:60827/session/961f6b6eae9213599df7db29cc3e2163/screenshot'
19:29:13.137 [Forwarding screenshot on session 961f6b6eae9213599df7db29cc3e2163 to remote] DEBUG org.asynchttpclient.netty.request.NettyRequestSender - Using open Channel [id: 0x8a3d0858, L:/127.0.0.1:57096 - R:localhost/127.0.0.1:60827] for GET '/session/961f6b6eae9213599df7db29cc3e2163/screenshot'
19:29:13.489 [AsyncHttpClient-1-1] DEBUG org.asynchttpclient.netty.channel.DefaultChannelPool - Entry count for : http://localhost:57098 : 1
19:29:13.524 [AsyncHttpClient-1-2] DEBUG org.asynchttpclient.netty.handler.HttpHandler - 

Request DefaultFullHttpRequest(decodeResult: success, version: HTTP/1.1, content: EmptyByteBufBE)
GET /session/961f6b6eae9213599df7db29cc3e2163/screenshot HTTP/1.1
User-Agent: selenium/4.1.2 (java windows)
Cache-Control: no-cache
Content-Type: application/json; charset=utf-8
host: localhost:60827
accept: */*

Response DefaultHttpResponse(decodeResult: success, version: HTTP/1.1)
HTTP/1.1 200 OK
Content-Type: application/json; charset=utf-8
cache-control: no-cache
content-length: 39080

19:29:13.526 [AsyncHttpClient-1-2] DEBUG org.asynchttpclient.netty.channel.ChannelManager - Adding key: http://localhost:60827 for channel [id: 0x8a3d0858, L:/127.0.0.1:57096 - R:localhost/127.0.0.1:60827]
19:29:13.538 [main] DEBUG net.serenitybdd.core.photography.Darkroom - Send negative for processing for target\site\serenity\e81426a3f8c6bd3c8d74d3c8c9474674f2e058d98bd639a3c73242ccead6774c.png
19:29:13.539 [Darkroom Processing Line] DEBUG net.serenitybdd.core.photography.DarkroomProcessingLine - Processing screenshot image in /var/screenshots/screenshot-7781663574543670812
19:29:13.539 [Darkroom Processing Line] DEBUG net.serenitybdd.core.photography.DarkroomProcessingLine - Saving screenshot to target\site\serenity\e81426a3f8c6bd3c8d74d3c8c9474674f2e058d98bd639a3c73242ccead6774c.png
19:29:13.572 [Forwarding findElement on session 961f6b6eae9213599df7db29cc3e2163 to remote] DEBUG org.asynchttpclient.netty.request.NettyRequestSender - Using pooled Channel '[id: 0x8a3d0858, L:/127.0.0.1:57096 - R:localhost/127.0.0.1:60827]' for 'POST' to 'http://localhost:60827/session/961f6b6eae9213599df7db29cc3e2163/element'
19:29:13.572 [Forwarding findElement on session 961f6b6eae9213599df7db29cc3e2163 to remote] DEBUG org.asynchttpclient.netty.request.NettyRequestSender - Using open Channel [id: 0x8a3d0858, L:/127.0.0.1:57096 - R:localhost/127.0.0.1:60827] for POST '/session/961f6b6eae9213599df7db29cc3e2163/element'
19:29:14.583 [AsyncHttpClient-1-1] DEBUG org.asynchttpclient.netty.channel.DefaultChannelPool - Entry count for : http://localhost:57098 : 1
19:29:15.687 [AsyncHttpClient-1-1] DEBUG org.asynchttpclient.netty.channel.DefaultChannelPool - Entry count for : http://localhost:57098 : 1
19:29:16.784 [AsyncHttpClient-1-1] DEBUG org.asynchttpclient.netty.channel.DefaultChannelPool - Entry count for : http://localhost:57098 : 1
19:29:17.886 [AsyncHttpClient-1-1] DEBUG org.asynchttpclient.netty.channel.DefaultChannelPool - Entry count for : http://localhost:57098 : 1
19:29:18.982 [AsyncHttpClient-1-1] DEBUG org.asynchttpclient.netty.channel.DefaultChannelPool - Entry count for : http://localhost:57098 : 1
19:29:20.037 [AsyncHttpClient-1-2] DEBUG org.asynchttpclient.netty.handler.HttpHandler - 

Request DefaultHttpRequest(decodeResult: success, version: HTTP/1.1)
POST /session/961f6b6eae9213599df7db29cc3e2163/element HTTP/1.1
User-Agent: selenium/4.1.2 (java windows)
Content-Length: 85
Content-Type: application/json; charset=utf-8
host: localhost:60827
accept: */*

Response DefaultHttpResponse(decodeResult: success, version: HTTP/1.1)
HTTP/1.1 200 OK
Content-Type: application/json; charset=utf-8
cache-control: no-cache
content-length: 88

19:29:20.037 [AsyncHttpClient-1-2] DEBUG org.asynchttpclient.netty.channel.ChannelManager - Adding key: http://localhost:60827 for channel [id: 0x8a3d0858, L:/127.0.0.1:57096 - R:localhost/127.0.0.1:60827]
19:29:20.043 [Forwarding getElementTagName on session 961f6b6eae9213599df7db29cc3e2163 to remote] DEBUG org.asynchttpclient.netty.request.NettyRequestSender - Using pooled Channel '[id: 0x8a3d0858, L:/127.0.0.1:57096 - R:localhost/127.0.0.1:60827]' for 'GET' to 'http://localhost:60827/session/961f6b6eae9213599df7db29cc3e2163/element/73981b15-18cc-4712-b119-8044abe2a78c/name'
19:29:20.044 [Forwarding getElementTagName on session 961f6b6eae9213599df7db29cc3e2163 to remote] DEBUG org.asynchttpclient.netty.request.NettyRequestSender - Using open Channel [id: 0x8a3d0858, L:/127.0.0.1:57096 - R:localhost/127.0.0.1:60827] for GET '/session/961f6b6eae9213599df7db29cc3e2163/element/73981b15-18cc-4712-b119-8044abe2a78c/name'
19:29:20.053 [AsyncHttpClient-1-2] DEBUG org.asynchttpclient.netty.handler.HttpHandler - 

Request DefaultFullHttpRequest(decodeResult: success, version: HTTP/1.1, content: EmptyByteBufBE)
GET /session/961f6b6eae9213599df7db29cc3e2163/element/73981b15-18cc-4712-b119-8044abe2a78c/name HTTP/1.1
User-Agent: selenium/4.1.2 (java windows)
Cache-Control: no-cache
Content-Type: application/json; charset=utf-8
host: localhost:60827
accept: */*

Response DefaultHttpResponse(decodeResult: success, version: HTTP/1.1)
HTTP/1.1 200 OK
Content-Type: application/json; charset=utf-8
cache-control: no-cache
content-length: 16

19:29:20.053 [AsyncHttpClient-1-2] DEBUG org.asynchttpclient.netty.channel.ChannelManager - Adding key: http://localhost:60827 for channel [id: 0x8a3d0858, L:/127.0.0.1:57096 - R:localhost/127.0.0.1:60827]
19:29:20.056 [Forwarding getElementTagName on session 961f6b6eae9213599df7db29cc3e2163 to remote] DEBUG org.asynchttpclient.netty.request.NettyRequestSender - Using pooled Channel '[id: 0x8a3d0858, L:/127.0.0.1:57096 - R:localhost/127.0.0.1:60827]' for 'GET' to 'http://localhost:60827/session/961f6b6eae9213599df7db29cc3e2163/element/73981b15-18cc-4712-b119-8044abe2a78c/name'
19:29:20.057 [Forwarding getElementTagName on session 961f6b6eae9213599df7db29cc3e2163 to remote] DEBUG org.asynchttpclient.netty.request.NettyRequestSender - Using open Channel [id: 0x8a3d0858, L:/127.0.0.1:57096 - R:localhost/127.0.0.1:60827] for GET '/session/961f6b6eae9213599df7db29cc3e2163/element/73981b15-18cc-4712-b119-8044abe2a78c/name'
19:29:20.063 [AsyncHttpClient-1-2] DEBUG org.asynchttpclient.netty.handler.HttpHandler - 

Request DefaultFullHttpRequest(decodeResult: success, version: HTTP/1.1, content: EmptyByteBufBE)
GET /session/961f6b6eae9213599df7db29cc3e2163/element/73981b15-18cc-4712-b119-8044abe2a78c/name HTTP/1.1
User-Agent: selenium/4.1.2 (java windows)
Cache-Control: no-cache
Content-Type: application/json; charset=utf-8
host: localhost:60827
accept: */*

Response DefaultHttpResponse(decodeResult: success, version: HTTP/1.1)
HTTP/1.1 200 OK
Content-Type: application/json; charset=utf-8
cache-control: no-cache
content-length: 16

19:29:20.064 [AsyncHttpClient-1-2] DEBUG org.asynchttpclient.netty.channel.ChannelManager - Adding key: http://localhost:60827 for channel [id: 0x8a3d0858, L:/127.0.0.1:57096 - R:localhost/127.0.0.1:60827]
19:29:20.071 [Forwarding findElement on session 961f6b6eae9213599df7db29cc3e2163 to remote] DEBUG org.asynchttpclient.netty.request.NettyRequestSender - Using pooled Channel '[id: 0x8a3d0858, L:/127.0.0.1:57096 - R:localhost/127.0.0.1:60827]' for 'POST' to 'http://localhost:60827/session/961f6b6eae9213599df7db29cc3e2163/element'
19:29:20.071 [Forwarding findElement on session 961f6b6eae9213599df7db29cc3e2163 to remote] DEBUG org.asynchttpclient.netty.request.NettyRequestSender - Using open Channel [id: 0x8a3d0858, L:/127.0.0.1:57096 - R:localhost/127.0.0.1:60827] for POST '/session/961f6b6eae9213599df7db29cc3e2163/element'
19:29:20.084 [AsyncHttpClient-1-1] DEBUG org.asynchttpclient.netty.channel.DefaultChannelPool - Entry count for : http://localhost:57098 : 1
19:29:20.115 [AsyncHttpClient-1-2] DEBUG org.asynchttpclient.netty.handler.HttpHandler - 

Request DefaultHttpRequest(decodeResult: success, version: HTTP/1.1)
POST /session/961f6b6eae9213599df7db29cc3e2163/element HTTP/1.1
User-Agent: selenium/4.1.2 (java windows)
Content-Length: 85
Content-Type: application/json; charset=utf-8
host: localhost:60827
accept: */*

Response DefaultHttpResponse(decodeResult: success, version: HTTP/1.1)
HTTP/1.1 200 OK
Content-Type: application/json; charset=utf-8
cache-control: no-cache
content-length: 88

19:29:20.116 [AsyncHttpClient-1-2] DEBUG org.asynchttpclient.netty.channel.ChannelManager - Adding key: http://localhost:60827 for channel [id: 0x8a3d0858, L:/127.0.0.1:57096 - R:localhost/127.0.0.1:60827]
19:29:20.124 [Forwarding clickElement on session 961f6b6eae9213599df7db29cc3e2163 to remote] DEBUG org.asynchttpclient.netty.request.NettyRequestSender - Using pooled Channel '[id: 0x8a3d0858, L:/127.0.0.1:57096 - R:localhost/127.0.0.1:60827]' for 'POST' to 'http://localhost:60827/session/961f6b6eae9213599df7db29cc3e2163/element/73981b15-18cc-4712-b119-8044abe2a78c/click'
19:29:20.125 [Forwarding clickElement on session 961f6b6eae9213599df7db29cc3e2163 to remote] DEBUG org.asynchttpclient.netty.request.NettyRequestSender - Using open Channel [id: 0x8a3d0858, L:/127.0.0.1:57096 - R:localhost/127.0.0.1:60827] for POST '/session/961f6b6eae9213599df7db29cc3e2163/element/73981b15-18cc-4712-b119-8044abe2a78c/click'
19:29:20.350 [AsyncHttpClient-1-2] DEBUG org.asynchttpclient.netty.handler.HttpHandler - 

Request DefaultHttpRequest(decodeResult: success, version: HTTP/1.1)
POST /session/961f6b6eae9213599df7db29cc3e2163/element/73981b15-18cc-4712-b119-8044abe2a78c/click HTTP/1.1
User-Agent: selenium/4.1.2 (java windows)
Content-Length: 50
Content-Type: application/json; charset=utf-8
host: localhost:60827
accept: */*

Response DefaultHttpResponse(decodeResult: success, version: HTTP/1.1)
HTTP/1.1 200 OK
Content-Type: application/json; charset=utf-8
cache-control: no-cache
content-length: 14

19:29:20.351 [AsyncHttpClient-1-2] DEBUG org.asynchttpclient.netty.channel.ChannelManager - Adding key: http://localhost:60827 for channel [id: 0x8a3d0858, L:/127.0.0.1:57096 - R:localhost/127.0.0.1:60827]
  &amp#27;[32mWhen &amp#27;[0m&amp#27;[32mI buy product&amp#27;[0m                      &amp#27;[90m# starter.stepdefinitions.CartSteps.iBuyProduct()&amp#27;[0m
19:29:20.374 [Forwarding screenshot on session 961f6b6eae9213599df7db29cc3e2163 to remote] DEBUG org.asynchttpclient.netty.request.NettyRequestSender - Using pooled Channel '[id: 0x8a3d0858, L:/127.0.0.1:57096 - R:localhost/127.0.0.1:60827]' for 'GET' to 'http://localhost:60827/session/961f6b6eae9213599df7db29cc3e2163/screenshot'
19:29:20.374 [Forwarding screenshot on session 961f6b6eae9213599df7db29cc3e2163 to remote] DEBUG org.asynchttpclient.netty.request.NettyRequestSender - Using open Channel [id: 0x8a3d0858, L:/127.0.0.1:57096 - R:localhost/127.0.0.1:60827] for GET '/session/961f6b6eae9213599df7db29cc3e2163/screenshot'
19:29:20.949 [AsyncHttpClient-1-2] DEBUG org.asynchttpclient.netty.handler.HttpHandler - 

Request DefaultFullHttpRequest(decodeResult: success, version: HTTP/1.1, content: EmptyByteBufBE)
GET /session/961f6b6eae9213599df7db29cc3e2163/screenshot HTTP/1.1
User-Agent: selenium/4.1.2 (java windows)
Cache-Control: no-cache
Content-Type: application/json; charset=utf-8
host: localhost:60827
accept: */*

Response DefaultHttpResponse(decodeResult: success, version: HTTP/1.1)
HTTP/1.1 200 OK
Content-Type: application/json; charset=utf-8
cache-control: no-cache
content-length: 76444

19:29:20.952 [AsyncHttpClient-1-2] DEBUG org.asynchttpclient.netty.channel.ChannelManager - Adding key: http://localhost:60827 for channel [id: 0x8a3d0858, L:/127.0.0.1:57096 - R:localhost/127.0.0.1:60827]
19:29:20.972 [main] DEBUG net.serenitybdd.core.photography.Darkroom - Send negative for processing for target\site\serenity\50889cdc5110ac14ea31100e7d01980d604419cfac2ad18135ee2688fa65ff85.png
19:29:20.972 [Darkroom Processing Line] DEBUG net.serenitybdd.core.photography.DarkroomProcessingLine - Processing screenshot image in /var/screenshots/screenshot-155656257089185580
19:29:20.972 [Darkroom Processing Line] DEBUG net.serenitybdd.core.photography.DarkroomProcessingLine - Saving screenshot to target\site\serenity\50889cdc5110ac14ea31100e7d01980d604419cfac2ad18135ee2688fa65ff85.png
19:29:20.999 [Forwarding findElement on session 961f6b6eae9213599df7db29cc3e2163 to remote] DEBUG org.asynchttpclient.netty.request.NettyRequestSender - Using pooled Channel '[id: 0x8a3d0858, L:/127.0.0.1:57096 - R:localhost/127.0.0.1:60827]' for 'POST' to 'http://localhost:60827/session/961f6b6eae9213599df7db29cc3e2163/element'
19:29:21.000 [Forwarding findElement on session 961f6b6eae9213599df7db29cc3e2163 to remote] DEBUG org.asynchttpclient.netty.request.NettyRequestSender - Using open Channel [id: 0x8a3d0858, L:/127.0.0.1:57096 - R:localhost/127.0.0.1:60827] for POST '/session/961f6b6eae9213599df7db29cc3e2163/element'
19:29:21.027 [AsyncHttpClient-1-2] DEBUG org.asynchttpclient.netty.handler.HttpHandler - 

Request DefaultHttpRequest(decodeResult: success, version: HTTP/1.1)
POST /session/961f6b6eae9213599df7db29cc3e2163/element HTTP/1.1
User-Agent: selenium/4.1.2 (java windows)
Content-Length: 88
Content-Type: application/json; charset=utf-8
host: localhost:60827
accept: */*

Response DefaultHttpResponse(decodeResult: success, version: HTTP/1.1)
HTTP/1.1 200 OK
Content-Type: application/json; charset=utf-8
cache-control: no-cache
content-length: 88

19:29:21.028 [AsyncHttpClient-1-2] DEBUG org.asynchttpclient.netty.channel.ChannelManager - Adding key: http://localhost:60827 for channel [id: 0x8a3d0858, L:/127.0.0.1:57096 - R:localhost/127.0.0.1:60827]
19:29:21.031 [Forwarding getElementTagName on session 961f6b6eae9213599df7db29cc3e2163 to remote] DEBUG org.asynchttpclient.netty.request.NettyRequestSender - Using pooled Channel '[id: 0x8a3d0858, L:/127.0.0.1:57096 - R:localhost/127.0.0.1:60827]' for 'GET' to 'http://localhost:60827/session/961f6b6eae9213599df7db29cc3e2163/element/d0f988e4-6909-4fcb-a31a-cab8da646393/name'
19:29:21.031 [Forwarding getElementTagName on session 961f6b6eae9213599df7db29cc3e2163 to remote] DEBUG org.asynchttpclient.netty.request.NettyRequestSender - Using open Channel [id: 0x8a3d0858, L:/127.0.0.1:57096 - R:localhost/127.0.0.1:60827] for GET '/session/961f6b6eae9213599df7db29cc3e2163/element/d0f988e4-6909-4fcb-a31a-cab8da646393/name'
19:29:21.037 [AsyncHttpClient-1-2] DEBUG org.asynchttpclient.netty.handler.HttpHandler - 

Request DefaultFullHttpRequest(decodeResult: success, version: HTTP/1.1, content: EmptyByteBufBE)
GET /session/961f6b6eae9213599df7db29cc3e2163/element/d0f988e4-6909-4fcb-a31a-cab8da646393/name HTTP/1.1
User-Agent: selenium/4.1.2 (java windows)
Cache-Control: no-cache
Content-Type: application/json; charset=utf-8
host: localhost:60827
accept: */*

Response DefaultHttpResponse(decodeResult: success, version: HTTP/1.1)
HTTP/1.1 200 OK
Content-Type: application/json; charset=utf-8
cache-control: no-cache
content-length: 13

19:29:21.038 [AsyncHttpClient-1-2] DEBUG org.asynchttpclient.netty.channel.ChannelManager - Adding key: http://localhost:60827 for channel [id: 0x8a3d0858, L:/127.0.0.1:57096 - R:localhost/127.0.0.1:60827]
19:29:21.041 [Forwarding getElementTagName on session 961f6b6eae9213599df7db29cc3e2163 to remote] DEBUG org.asynchttpclient.netty.request.NettyRequestSender - Using pooled Channel '[id: 0x8a3d0858, L:/127.0.0.1:57096 - R:localhost/127.0.0.1:60827]' for 'GET' to 'http://localhost:60827/session/961f6b6eae9213599df7db29cc3e2163/element/d0f988e4-6909-4fcb-a31a-cab8da646393/name'
19:29:21.041 [Forwarding getElementTagName on session 961f6b6eae9213599df7db29cc3e2163 to remote] DEBUG org.asynchttpclient.netty.request.NettyRequestSender - Using open Channel [id: 0x8a3d0858, L:/127.0.0.1:57096 - R:localhost/127.0.0.1:60827] for GET '/session/961f6b6eae9213599df7db29cc3e2163/element/d0f988e4-6909-4fcb-a31a-cab8da646393/name'
19:29:21.047 [AsyncHttpClient-1-2] DEBUG org.asynchttpclient.netty.handler.HttpHandler - 

Request DefaultFullHttpRequest(decodeResult: success, version: HTTP/1.1, content: EmptyByteBufBE)
GET /session/961f6b6eae9213599df7db29cc3e2163/element/d0f988e4-6909-4fcb-a31a-cab8da646393/name HTTP/1.1
User-Agent: selenium/4.1.2 (java windows)
Cache-Control: no-cache
Content-Type: application/json; charset=utf-8
host: localhost:60827
accept: */*

Response DefaultHttpResponse(decodeResult: success, version: HTTP/1.1)
HTTP/1.1 200 OK
Content-Type: application/json; charset=utf-8
cache-control: no-cache
content-length: 13

19:29:21.047 [AsyncHttpClient-1-2] DEBUG org.asynchttpclient.netty.channel.ChannelManager - Adding key: http://localhost:60827 for channel [id: 0x8a3d0858, L:/127.0.0.1:57096 - R:localhost/127.0.0.1:60827]
19:29:21.051 [Forwarding findElement on session 961f6b6eae9213599df7db29cc3e2163 to remote] DEBUG org.asynchttpclient.netty.request.NettyRequestSender - Using pooled Channel '[id: 0x8a3d0858, L:/127.0.0.1:57096 - R:localhost/127.0.0.1:60827]' for 'POST' to 'http://localhost:60827/session/961f6b6eae9213599df7db29cc3e2163/element'
19:29:21.051 [Forwarding findElement on session 961f6b6eae9213599df7db29cc3e2163 to remote] DEBUG org.asynchttpclient.netty.request.NettyRequestSender - Using open Channel [id: 0x8a3d0858, L:/127.0.0.1:57096 - R:localhost/127.0.0.1:60827] for POST '/session/961f6b6eae9213599df7db29cc3e2163/element'
19:29:21.082 [AsyncHttpClient-1-2] DEBUG org.asynchttpclient.netty.handler.HttpHandler - 

Request DefaultHttpRequest(decodeResult: success, version: HTTP/1.1)
POST /session/961f6b6eae9213599df7db29cc3e2163/element HTTP/1.1
User-Agent: selenium/4.1.2 (java windows)
Content-Length: 88
Content-Type: application/json; charset=utf-8
host: localhost:60827
accept: */*

Response DefaultHttpResponse(decodeResult: success, version: HTTP/1.1)
HTTP/1.1 200 OK
Content-Type: application/json; charset=utf-8
cache-control: no-cache
content-length: 88

19:29:21.082 [AsyncHttpClient-1-2] DEBUG org.asynchttpclient.netty.channel.ChannelManager - Adding key: http://localhost:60827 for channel [id: 0x8a3d0858, L:/127.0.0.1:57096 - R:localhost/127.0.0.1:60827]
19:29:21.084 [Forwarding clickElement on session 961f6b6eae9213599df7db29cc3e2163 to remote] DEBUG org.asynchttpclient.netty.request.NettyRequestSender - Using pooled Channel '[id: 0x8a3d0858, L:/127.0.0.1:57096 - R:localhost/127.0.0.1:60827]' for 'POST' to 'http://localhost:60827/session/961f6b6eae9213599df7db29cc3e2163/element/d0f988e4-6909-4fcb-a31a-cab8da646393/click'
19:29:21.084 [Forwarding clickElement on session 961f6b6eae9213599df7db29cc3e2163 to remote] DEBUG org.asynchttpclient.netty.request.NettyRequestSender - Using open Channel [id: 0x8a3d0858, L:/127.0.0.1:57096 - R:localhost/127.0.0.1:60827] for POST '/session/961f6b6eae9213599df7db29cc3e2163/element/d0f988e4-6909-4fcb-a31a-cab8da646393/click'
19:29:21.183 [AsyncHttpClient-1-1] DEBUG org.asynchttpclient.netty.channel.DefaultChannelPool - Entry count for : http://localhost:57098 : 1
19:29:21.229 [AsyncHttpClient-1-2] DEBUG org.asynchttpclient.netty.handler.HttpHandler - 

Request DefaultHttpRequest(decodeResult: success, version: HTTP/1.1)
POST /session/961f6b6eae9213599df7db29cc3e2163/element/d0f988e4-6909-4fcb-a31a-cab8da646393/click HTTP/1.1
User-Agent: selenium/4.1.2 (java windows)
Content-Length: 50
Content-Type: application/json; charset=utf-8
host: localhost:60827
accept: */*

Response DefaultHttpResponse(decodeResult: success, version: HTTP/1.1)
HTTP/1.1 200 OK
Content-Type: application/json; charset=utf-8
cache-control: no-cache
content-length: 14

19:29:21.230 [AsyncHttpClient-1-2] DEBUG org.asynchttpclient.netty.channel.ChannelManager - Adding key: http://localhost:60827 for channel [id: 0x8a3d0858, L:/127.0.0.1:57096 - R:localhost/127.0.0.1:60827]
  &amp#27;[32mAnd &amp#27;[0m&amp#27;[32mI click cart logo&amp#27;[0m                   &amp#27;[90m# starter.stepdefinitions.CartSteps.iClickCartLogo()&amp#27;[0m
19:29:21.270 [Forwarding screenshot on session 961f6b6eae9213599df7db29cc3e2163 to remote] DEBUG org.asynchttpclient.netty.request.NettyRequestSender - Using pooled Channel '[id: 0x8a3d0858, L:/127.0.0.1:57096 - R:localhost/127.0.0.1:60827]' for 'GET' to 'http://localhost:60827/session/961f6b6eae9213599df7db29cc3e2163/screenshot'
19:29:21.270 [Forwarding screenshot on session 961f6b6eae9213599df7db29cc3e2163 to remote] DEBUG org.asynchttpclient.netty.request.NettyRequestSender - Using open Channel [id: 0x8a3d0858, L:/127.0.0.1:57096 - R:localhost/127.0.0.1:60827] for GET '/session/961f6b6eae9213599df7db29cc3e2163/screenshot'
19:29:22.211 [AsyncHttpClient-1-2] DEBUG org.asynchttpclient.netty.handler.HttpHandler - 

Request DefaultFullHttpRequest(decodeResult: success, version: HTTP/1.1, content: EmptyByteBufBE)
GET /session/961f6b6eae9213599df7db29cc3e2163/screenshot HTTP/1.1
User-Agent: selenium/4.1.2 (java windows)
Cache-Control: no-cache
Content-Type: application/json; charset=utf-8
host: localhost:60827
accept: */*

Response DefaultHttpResponse(decodeResult: success, version: HTTP/1.1)
HTTP/1.1 200 OK
Content-Type: application/json; charset=utf-8
cache-control: no-cache
content-length: 46856

19:29:22.212 [AsyncHttpClient-1-2] DEBUG org.asynchttpclient.netty.channel.ChannelManager - Adding key: http://localhost:60827 for channel [id: 0x8a3d0858, L:/127.0.0.1:57096 - R:localhost/127.0.0.1:60827]
19:29:22.223 [main] DEBUG net.serenitybdd.core.photography.Darkroom - Send negative for processing for target\site\serenity\cf223c48293e200bc373918ede51d3bac9fbfa97b6b78180f391d7a673c594da.png
19:29:22.224 [Darkroom Processing Line] DEBUG net.serenitybdd.core.photography.DarkroomProcessingLine - Processing screenshot image in /var/screenshots/screenshot-9676839311904725279
19:29:22.224 [Darkroom Processing Line] DEBUG net.serenitybdd.core.photography.DarkroomProcessingLine - Saving screenshot to target\site\serenity\cf223c48293e200bc373918ede51d3bac9fbfa97b6b78180f391d7a673c594da.png
19:29:22.246 [Forwarding findElement on session 961f6b6eae9213599df7db29cc3e2163 to remote] DEBUG org.asynchttpclient.netty.request.NettyRequestSender - Using pooled Channel '[id: 0x8a3d0858, L:/127.0.0.1:57096 - R:localhost/127.0.0.1:60827]' for 'POST' to 'http://localhost:60827/session/961f6b6eae9213599df7db29cc3e2163/element'
19:29:22.246 [Forwarding findElement on session 961f6b6eae9213599df7db29cc3e2163 to remote] DEBUG org.asynchttpclient.netty.request.NettyRequestSender - Using open Channel [id: 0x8a3d0858, L:/127.0.0.1:57096 - R:localhost/127.0.0.1:60827] for POST '/session/961f6b6eae9213599df7db29cc3e2163/element'
19:29:22.266 [AsyncHttpClient-1-2] DEBUG org.asynchttpclient.netty.handler.HttpHandler - 

Request DefaultHttpRequest(decodeResult: success, version: HTTP/1.1)
POST /session/961f6b6eae9213599df7db29cc3e2163/element HTTP/1.1
User-Agent: selenium/4.1.2 (java windows)
Content-Length: 89
Content-Type: application/json; charset=utf-8
host: localhost:60827
accept: */*

Response DefaultHttpResponse(decodeResult: success, version: HTTP/1.1)
HTTP/1.1 200 OK
Content-Type: application/json; charset=utf-8
cache-control: no-cache
content-length: 88

19:29:22.268 [AsyncHttpClient-1-2] DEBUG org.asynchttpclient.netty.channel.ChannelManager - Adding key: http://localhost:60827 for channel [id: 0x8a3d0858, L:/127.0.0.1:57096 - R:localhost/127.0.0.1:60827]
19:29:22.279 [Forwarding isElementDisplayed on session 961f6b6eae9213599df7db29cc3e2163 to remote] DEBUG org.asynchttpclient.netty.request.NettyRequestSender - Using pooled Channel '[id: 0x8a3d0858, L:/127.0.0.1:57096 - R:localhost/127.0.0.1:60827]' for 'POST' to 'http://localhost:60827/session/961f6b6eae9213599df7db29cc3e2163/execute/sync'
19:29:22.279 [Forwarding isElementDisplayed on session 961f6b6eae9213599df7db29cc3e2163 to remote] DEBUG org.asynchttpclient.netty.request.NettyRequestSender - Using open Channel [id: 0x8a3d0858, L:/127.0.0.1:57096 - R:localhost/127.0.0.1:60827] for POST '/session/961f6b6eae9213599df7db29cc3e2163/execute/sync'
19:29:22.282 [AsyncHttpClient-1-1] DEBUG org.asynchttpclient.netty.channel.DefaultChannelPool - Entry count for : http://localhost:57098 : 1
19:29:22.382 [AsyncHttpClient-1-2] DEBUG org.asynchttpclient.netty.handler.HttpHandler - 

Request DefaultHttpRequest(decodeResult: success, version: HTTP/1.1)
POST /session/961f6b6eae9213599df7db29cc3e2163/execute/sync HTTP/1.1
User-Agent: selenium/4.1.2 (java windows)
Content-Length: 48780
Content-Type: application/json; charset=utf-8
host: localhost:60827
accept: */*

Response DefaultHttpResponse(decodeResult: success, version: HTTP/1.1)
HTTP/1.1 200 OK
Content-Type: application/json; charset=utf-8
cache-control: no-cache
content-length: 14

19:29:22.382 [AsyncHttpClient-1-2] DEBUG org.asynchttpclient.netty.channel.ChannelManager - Adding key: http://localhost:60827 for channel [id: 0x8a3d0858, L:/127.0.0.1:57096 - R:localhost/127.0.0.1:60827]
  &amp#27;[32mThen &amp#27;[0m&amp#27;[32mI see my cart filled with products&amp#27;[0m &amp#27;[90m# starter.stepdefinitions.CartSteps.iSeeMyCartFilledWithProducts()&amp#27;[0m
19:29:22.394 [Forwarding screenshot on session 961f6b6eae9213599df7db29cc3e2163 to remote] DEBUG org.asynchttpclient.netty.request.NettyRequestSender - Using pooled Channel '[id: 0x8a3d0858, L:/127.0.0.1:57096 - R:localhost/127.0.0.1:60827]' for 'GET' to 'http://localhost:60827/session/961f6b6eae9213599df7db29cc3e2163/screenshot'
19:29:22.396 [Forwarding screenshot on session 961f6b6eae9213599df7db29cc3e2163 to remote] DEBUG org.asynchttpclient.netty.request.NettyRequestSender - Using open Channel [id: 0x8a3d0858, L:/127.0.0.1:57096 - R:localhost/127.0.0.1:60827] for GET '/session/961f6b6eae9213599df7db29cc3e2163/screenshot'
19:29:22.664 [AsyncHttpClient-1-2] DEBUG org.asynchttpclient.netty.handler.HttpHandler - 

Request DefaultFullHttpRequest(decodeResult: success, version: HTTP/1.1, content: EmptyByteBufBE)
GET /session/961f6b6eae9213599df7db29cc3e2163/screenshot HTTP/1.1
User-Agent: selenium/4.1.2 (java windows)
Cache-Control: no-cache
Content-Type: application/json; charset=utf-8
host: localhost:60827
accept: */*

Response DefaultHttpResponse(decodeResult: success, version: HTTP/1.1)
HTTP/1.1 200 OK
Content-Type: application/json; charset=utf-8
cache-control: no-cache
content-length: 46856

19:29:22.665 [AsyncHttpClient-1-2] DEBUG org.asynchttpclient.netty.channel.ChannelManager - Adding key: http://localhost:60827 for channel [id: 0x8a3d0858, L:/127.0.0.1:57096 - R:localhost/127.0.0.1:60827]
19:29:22.670 [main] DEBUG net.serenitybdd.core.photography.Darkroom - Send negative for processing for target\site\serenity\cf223c48293e200bc373918ede51d3bac9fbfa97b6b78180f391d7a673c594da.png
19:29:22.678 [main] INFO  - 
  _____   ___   ___   _____     ___     _     ___   ___   ___   ___  
 |_   _| | __| / __| |_   _|   | _ \   /_\   / __| / __| | __| |   \ 
   | |   | _|  \__ \   | |     |  _/  / _ \  \__ \ \__ \ | _|  | |) |
   |_|   |___| |___/   |_|     |_|   /_/ \_\ |___/ |___/ |___| |___/ 

View Cart Detail (filled)
----------------------------------------------------------------------
19:29:22.946 [Driver Command Executor] DEBUG org.asynchttpclient.netty.request.NettyRequestSender - Using pooled Channel '[id: 0x8a3d0858, L:/127.0.0.1:57096 - R:localhost/127.0.0.1:60827]' for 'DELETE' to 'http://localhost:60827/session/961f6b6eae9213599df7db29cc3e2163'
19:29:22.946 [Driver Command Executor] DEBUG org.asynchttpclient.netty.request.NettyRequestSender - Using open Channel [id: 0x8a3d0858, L:/127.0.0.1:57096 - R:localhost/127.0.0.1:60827] for DELETE '/session/961f6b6eae9213599df7db29cc3e2163'
19:29:22.948 [AsyncHttpClient-1-4] DEBUG org.asynchttpclient.netty.handler.WebSocketHandler - Channel Closed: [id: 0xbf7ba103, L:/127.0.0.1:57107 ! R:localhost/127.0.0.1:57098] with attribute NettyResponseFuture{currentRetry=5,
	isDone=1,
	isCancelled=0,
	asyncHandler=org.asynchttpclient.ws.WebSocketUpgradeHandler@2700be6a,
	nettyRequest=org.asynchttpclient.netty.request.NettyRequest@1f565ef0,
	future=java.util.concurrent.CompletableFuture@649b37d6[Completed normally],
	uri=ws://localhost:57098/devtools/browser/12fe86a5-62be-4be0-989f-b9255716646f,
	keepAlive=true,
	redirectCount=0,
	timeoutsHolder=null,
	inAuth=0,
	touch=1667996946796}
19:29:22.949 [AsyncHttpClient-1-4] DEBUG org.asynchttpclient.netty.channel.ChannelManager - Closing Channel [id: 0xbf7ba103, L:/127.0.0.1:57107 ! R:localhost/127.0.0.1:57098] 
19:29:23.030 [AsyncHttpClient-1-3] DEBUG org.asynchttpclient.netty.handler.HttpHandler - Unexpected I/O exception on channel [id: 0xd062fdaa, L:/127.0.0.1:57106 - R:localhost/127.0.0.1:57098]
java.net.SocketException: Connection reset
	at java.base/sun.nio.ch.SocketChannelImpl.throwConnectionReset(SocketChannelImpl.java:345)
	at java.base/sun.nio.ch.SocketChannelImpl.read(SocketChannelImpl.java:376)
	at io.netty.buffer.PooledByteBuf.setBytes(PooledByteBuf.java:258)
	at io.netty.buffer.AbstractByteBuf.writeBytes(AbstractByteBuf.java:1132)
	at io.netty.channel.socket.nio.NioSocketChannel.doReadBytes(NioSocketChannel.java:350)
	at io.netty.channel.nio.AbstractNioByteChannel$NioByteUnsafe.read(AbstractNioByteChannel.java:151)
	at io.netty.channel.nio.NioEventLoop.processSelectedKey(NioEventLoop.java:722)
	at io.netty.channel.nio.NioEventLoop.processSelectedKeysOptimized(NioEventLoop.java:658)
	at io.netty.channel.nio.NioEventLoop.processSelectedKeys(NioEventLoop.java:584)
	at io.netty.channel.nio.NioEventLoop.run(NioEventLoop.java:496)
	at io.netty.util.concurrent.SingleThreadEventExecutor$4.run(SingleThreadEventExecutor.java:986)
	at io.netty.util.internal.ThreadExecutorMap$2.run(ThreadExecutorMap.java:74)
	at io.netty.util.concurrent.FastThreadLocalRunnable.run(FastThreadLocalRunnable.java:30)
	at java.base/java.lang.Thread.run(Thread.java:830)
19:29:23.032 [AsyncHttpClient-1-3] DEBUG org.asynchttpclient.netty.channel.ChannelManager - Closing Channel [id: 0xd062fdaa, L:/127.0.0.1:57106 - R:localhost/127.0.0.1:57098] 
19:29:23.037 [AsyncHttpClient-1-3] DEBUG org.asynchttpclient.netty.handler.HttpHandler - Channel Closed: [id: 0xd062fdaa, L:/127.0.0.1:57106 ! R:localhost/127.0.0.1:57098] with attribute DISCARD
19:29:23.084 [AsyncHttpClient-1-2] DEBUG org.asynchttpclient.netty.handler.HttpHandler - 

Request DefaultFullHttpRequest(decodeResult: success, version: HTTP/1.1, content: EmptyByteBufBE)
DELETE /session/961f6b6eae9213599df7db29cc3e2163 HTTP/1.1
User-Agent: selenium/4.1.2 (java windows)
Content-Type: application/json; charset=utf-8
host: localhost:60827
accept: */*

Response DefaultHttpResponse(decodeResult: success, version: HTTP/1.1)
HTTP/1.1 200 OK
Content-Type: application/json; charset=utf-8
cache-control: no-cache
content-length: 14

19:29:23.085 [AsyncHttpClient-1-2] DEBUG org.asynchttpclient.netty.channel.ChannelManager - Adding key: http://localhost:60827 for channel [id: 0x8a3d0858, L:/127.0.0.1:57096 - R:localhost/127.0.0.1:60827]
19:29:23.205 [AsyncHttpClient-1-2] DEBUG org.asynchttpclient.netty.handler.HttpHandler - Channel Closed: [id: 0x8a3d0858, L:/127.0.0.1:57096 ! R:localhost/127.0.0.1:60827] with attribute DISCARD
19:29:23.383 [AsyncHttpClient-1-1] DEBUG org.asynchttpclient.netty.channel.DefaultChannelPool - Entry count for : http://localhost:60827 : 1
19:29:23.384 [AsyncHttpClient-1-1] DEBUG org.asynchttpclient.netty.channel.DefaultChannelPool - Entry count for : http://localhost:57098 : 1
19:29:23.384 [AsyncHttpClient-1-1] DEBUG org.asynchttpclient.netty.channel.DefaultChannelPool - Adding Candidate expired Channel [id: 0x8a3d0858, L:/127.0.0.1:57096 ! R:localhost/127.0.0.1:60827] isIdleTimeoutExpired=false isRemotelyClosed=true isTtlExpired=false
19:29:23.385 [AsyncHttpClient-1-1] DEBUG org.asynchttpclient.netty.channel.DefaultChannelPool - Closing Idle Channel [id: 0x8a3d0858, L:/127.0.0.1:57096 ! R:localhost/127.0.0.1:60827]
19:29:23.387 [AsyncHttpClient-1-1] DEBUG org.asynchttpclient.netty.channel.DefaultChannelPool - Adding Candidate expired Channel [id: 0xd062fdaa, L:/127.0.0.1:57106 ! R:localhost/127.0.0.1:57098] isIdleTimeoutExpired=false isRemotelyClosed=true isTtlExpired=false
19:29:23.387 [AsyncHttpClient-1-1] DEBUG org.asynchttpclient.netty.channel.DefaultChannelPool - Closing Idle Channel [id: 0xd062fdaa, L:/127.0.0.1:57106 ! R:localhost/127.0.0.1:57098]
19:29:23.387 [AsyncHttpClient-1-1] DEBUG org.asynchttpclient.netty.channel.DefaultChannelPool - Closed 2 connections out of 2 in 3 ms
]]></system-out>
    <system-err><![CDATA[Starting ChromeDriver 106.0.5249.61 (511755355844955cd3e264779baf0dd38212a4d0-refs/branch-heads/5249@{#569}) on port 60827
Only local connections are allowed.
Please see https://chromedriver.chromium.org/security-considerations for suggestions on keeping ChromeDriver safe.
ChromeDriver was started successfully.
[1667996944.685][WARNING]: This version of ChromeDriver has not been tested with Chrome version 107.
Nov 09, 2022 7:29:06 PM org.openqa.selenium.remote.ProtocolHandshake createSession
INFO: Detected dialect: W3C
Nov 09, 2022 7:29:06 PM org.openqa.selenium.devtools.CdpVersionFinder findNearestMatch
WARNING: Unable to find an exact match for CDP version 107, so returning the closest version found: a no-op implementation
Nov 09, 2022 7:29:06 PM org.openqa.selenium.devtools.CdpVersionFinder findNearestMatch
INFO: Unable to find CDP implementation matching 107.
Nov 09, 2022 7:29:06 PM org.openqa.selenium.chromium.ChromiumDriver lambda$new$3
WARNING: Unable to find version of CDP to use for . You may need to include a dependency on a specific version of the CDP using something similar to `org.seleniumhq.selenium:selenium-devtools-v86:4.1.2` where the version ("v86") matches the version of the chromium-based browser you're using and the version number of the artifact is the same as Selenium's.
]]></system-err>
  </testcase>
  <testcase name="View Cart Detail (empty)" classname="Manage Cart" time="9.808">
    <system-out><![CDATA[
@Cart
Scenario: View Cart Detail (empty) &amp#27;[90m# src/test/resources/features/Cart.feature:13&amp#27;[0m
19:29:23.781 [main] INFO io.cucumber.core.plugin.SerenityReporter - Running feature from file:///C:/Users/ASUS/Desktop/stupen/miniproject/Web/ASWeb/src/test/resources/features/Cart.feature
19:29:23.808 [main] INFO  - 
  _____   ___   ___   _____     ___   _____     _     ___   _____   ___   ___  
 |_   _| | __| / __| |_   _|   / __| |_   _|   /_\   | _ \ |_   _| | __| |   \ 
   | |   | _|  \__ \   | |     \__ \   | |    / _ \  |   /   | |   | _|  | |) |
   |_|   |___| |___/   |_|     |___/   |_|   /_/ \_\ |_|_\   |_|   |___| |___/ 

View Cart Detail (empty)(manage-cart;view-cart-detail-(empty))
--------------------------------------------------------------------------------
19:29:23.858 [main] INFO net.serenitybdd.core.webdriver.driverproviders.ChromeDriverProvider - Using automatically driver download
19:29:24.261 [main] DEBUG io.github.bonigarcia.wdm.cache.ResolutionCache - Resolution chrome=107 in cache (valid until 20:17:59 09/11/2022 WIB)
19:29:24.278 [main] DEBUG io.github.bonigarcia.wdm.cache.ResolutionCache - Resolution chrome107=107.0.5304.62 in cache (valid until 19:17:59 10/11/2022 WIB)
19:29:24.285 [main] INFO io.github.bonigarcia.wdm.WebDriverManager - Using chromedriver 107.0.5304.62 (resolved driver for Chrome 107)
19:29:24.322 [main] DEBUG io.github.bonigarcia.wdm.WebDriverManager - Driver chromedriver 107.0.5304.62 found in cache
19:29:24.325 [main] INFO io.github.bonigarcia.wdm.WebDriverManager - Exporting webdriver.chrome.driver as C:\Users\ASUS\.cache\selenium\chromedriver\win32\107.0.5304.62\chromedriver.exe
19:29:24.674 [main] DEBUG net.serenitybdd.core.webdriver.driverproviders.ProvideNewDriver - Instantiating driver
19:29:24.674 [main] DEBUG net.serenitybdd.core.webdriver.driverproviders.ProvideNewDriver - Driver capabilities: Capabilities {acceptInsecureCerts: false, base.url: https://alta-shop.vercel.app/, browserName: chrome, chrome.driver: src/test/resources/webdrive..., driver: chrome, goog:chromeOptions: {args: [], extensions: []}, wait.for.timeout: 10000}
19:29:25.307 [AsyncHttpClient-1-5] DEBUG org.asynchttpclient.netty.channel.NettyConnectListener - Using new Channel '[id: 0x9f14340f, L:/127.0.0.1:57133 - R:localhost/127.0.0.1:53842]' for 'POST' to '/session'
19:29:27.939 [AsyncHttpClient-1-5] DEBUG org.asynchttpclient.netty.handler.HttpHandler - 

Request DefaultHttpRequest(decodeResult: success, version: HTTP/1.1)
POST /session HTTP/1.1
User-Agent: selenium/4.1.2 (java windows)
Content-Length: 646
Content-Type: application/json; charset=utf-8
host: localhost:53842
accept: */*

Response DefaultHttpResponse(decodeResult: success, version: HTTP/1.1)
HTTP/1.1 200 OK
Content-Type: application/json; charset=utf-8
cache-control: no-cache
content-length: 789

19:29:27.940 [AsyncHttpClient-1-5] DEBUG org.asynchttpclient.netty.channel.ChannelManager - Adding key: http://localhost:53842 for channel [id: 0x9f14340f, L:/127.0.0.1:57133 - R:localhost/127.0.0.1:53842]
19:29:27.989 [AsyncHttpClient-1-6] DEBUG org.asynchttpclient.netty.channel.NettyConnectListener - Using new Channel '[id: 0x8e50b61a, L:/127.0.0.1:57142 - R:localhost/127.0.0.1:57134]' for 'GET' to '/json/version'
19:29:28.002 [AsyncHttpClient-1-6] DEBUG org.asynchttpclient.netty.handler.HttpHandler - 

Request DefaultFullHttpRequest(decodeResult: success, version: HTTP/1.1, content: EmptyByteBufBE)
GET /json/version HTTP/1.1
User-Agent: selenium/4.1.2 (java windows)
host: localhost:57134
accept: */*

Response DefaultHttpResponse(decodeResult: success, version: HTTP/1.1)
HTTP/1.1 200 OK
Content-Type: application/json; charset=UTF-8
content-length: 423

19:29:28.003 [AsyncHttpClient-1-6] DEBUG org.asynchttpclient.netty.channel.ChannelManager - Adding key: http://localhost:57134 for channel [id: 0x8e50b61a, L:/127.0.0.1:57142 - R:localhost/127.0.0.1:57134]
19:29:28.014 [AsyncHttpClient-1-7] DEBUG org.asynchttpclient.netty.channel.NettyConnectListener - Using new Channel '[id: 0x3e692719, L:/127.0.0.1:57143 - R:localhost/127.0.0.1:57134]' for 'GET' to '/devtools/browser/fc7859ac-c5c5-4f43-a5c8-9666969817d1'
19:29:28.033 [AsyncHttpClient-1-7] DEBUG org.asynchttpclient.netty.handler.WebSocketHandler - 

Request DefaultFullHttpRequest(decodeResult: success, version: HTTP/1.1, content: EmptyByteBufBE)
GET /devtools/browser/fc7859ac-c5c5-4f43-a5c8-9666969817d1 HTTP/1.1
upgrade: websocket
connection: upgrade
sec-websocket-key: /qSmGvbiGS63bg+X6sbByw==
sec-websocket-version: 13
origin: http://localhost:57134
host: localhost:57134
accept: */*
user-agent: AHC/2.1

Response DefaultHttpResponse(decodeResult: success, version: HTTP/1.1)
HTTP/1.1 101 WebSocket Protocol Handshake
Upgrade: WebSocket
Connection: Upgrade
Sec-WebSocket-Accept: ah0i5G5ay2+dmn5TxocqU2LuR1o=

19:29:28.055 [Forwarding get on session abeeb0aa8ff40e5d86272e92297723f8 to remote] DEBUG org.asynchttpclient.netty.request.NettyRequestSender - Using pooled Channel '[id: 0x9f14340f, L:/127.0.0.1:57133 - R:localhost/127.0.0.1:53842]' for 'POST' to 'http://localhost:53842/session/abeeb0aa8ff40e5d86272e92297723f8/url'
19:29:28.055 [Forwarding get on session abeeb0aa8ff40e5d86272e92297723f8 to remote] DEBUG org.asynchttpclient.netty.request.NettyRequestSender - Using open Channel [id: 0x9f14340f, L:/127.0.0.1:57133 - R:localhost/127.0.0.1:53842] for POST '/session/abeeb0aa8ff40e5d86272e92297723f8/url'
19:29:28.884 [AsyncHttpClient-1-1] DEBUG org.asynchttpclient.netty.channel.DefaultChannelPool - Entry count for : http://localhost:57134 : 1
19:29:29.401 [AsyncHttpClient-1-5] DEBUG org.asynchttpclient.netty.handler.HttpHandler - 

Request DefaultHttpRequest(decodeResult: success, version: HTTP/1.1)
POST /session/abeeb0aa8ff40e5d86272e92297723f8/url HTTP/1.1
User-Agent: selenium/4.1.2 (java windows)
Content-Length: 59
Content-Type: application/json; charset=utf-8
host: localhost:53842
accept: */*

Response DefaultHttpResponse(decodeResult: success, version: HTTP/1.1)
HTTP/1.1 200 OK
Content-Type: application/json; charset=utf-8
cache-control: no-cache
content-length: 14

19:29:29.402 [AsyncHttpClient-1-5] DEBUG org.asynchttpclient.netty.channel.ChannelManager - Adding key: http://localhost:53842 for channel [id: 0x9f14340f, L:/127.0.0.1:57133 - R:localhost/127.0.0.1:53842]
19:29:29.406 [Forwarding setTimeout on session abeeb0aa8ff40e5d86272e92297723f8 to remote] DEBUG org.asynchttpclient.netty.request.NettyRequestSender - Using pooled Channel '[id: 0x9f14340f, L:/127.0.0.1:57133 - R:localhost/127.0.0.1:53842]' for 'POST' to 'http://localhost:53842/session/abeeb0aa8ff40e5d86272e92297723f8/timeouts'
19:29:29.406 [Forwarding setTimeout on session abeeb0aa8ff40e5d86272e92297723f8 to remote] DEBUG org.asynchttpclient.netty.request.NettyRequestSender - Using open Channel [id: 0x9f14340f, L:/127.0.0.1:57133 - R:localhost/127.0.0.1:53842] for POST '/session/abeeb0aa8ff40e5d86272e92297723f8/timeouts'
19:29:29.409 [AsyncHttpClient-1-5] DEBUG org.asynchttpclient.netty.handler.HttpHandler - 

Request DefaultHttpRequest(decodeResult: success, version: HTTP/1.1)
POST /session/abeeb0aa8ff40e5d86272e92297723f8/timeouts HTTP/1.1
User-Agent: selenium/4.1.2 (java windows)
Content-Length: 22
Content-Type: application/json; charset=utf-8
host: localhost:53842
accept: */*

Response DefaultHttpResponse(decodeResult: success, version: HTTP/1.1)
HTTP/1.1 200 OK
Content-Type: application/json; charset=utf-8
cache-control: no-cache
content-length: 14

19:29:29.409 [AsyncHttpClient-1-5] DEBUG org.asynchttpclient.netty.channel.ChannelManager - Adding key: http://localhost:53842 for channel [id: 0x9f14340f, L:/127.0.0.1:57133 - R:localhost/127.0.0.1:53842]
19:29:29.419 [Forwarding getCurrentUrl on session abeeb0aa8ff40e5d86272e92297723f8 to remote] DEBUG org.asynchttpclient.netty.request.NettyRequestSender - Using pooled Channel '[id: 0x9f14340f, L:/127.0.0.1:57133 - R:localhost/127.0.0.1:53842]' for 'GET' to 'http://localhost:53842/session/abeeb0aa8ff40e5d86272e92297723f8/url'
19:29:29.419 [Forwarding getCurrentUrl on session abeeb0aa8ff40e5d86272e92297723f8 to remote] DEBUG org.asynchttpclient.netty.request.NettyRequestSender - Using open Channel [id: 0x9f14340f, L:/127.0.0.1:57133 - R:localhost/127.0.0.1:53842] for GET '/session/abeeb0aa8ff40e5d86272e92297723f8/url'
19:29:29.441 [AsyncHttpClient-1-5] DEBUG org.asynchttpclient.netty.handler.HttpHandler - 

Request DefaultFullHttpRequest(decodeResult: success, version: HTTP/1.1, content: EmptyByteBufBE)
GET /session/abeeb0aa8ff40e5d86272e92297723f8/url HTTP/1.1
User-Agent: selenium/4.1.2 (java windows)
Cache-Control: no-cache
Content-Type: application/json; charset=utf-8
host: localhost:53842
accept: */*

Response DefaultHttpResponse(decodeResult: success, version: HTTP/1.1)
HTTP/1.1 200 OK
Content-Type: application/json; charset=utf-8
cache-control: no-cache
content-length: 41

19:29:29.443 [AsyncHttpClient-1-5] DEBUG org.asynchttpclient.netty.channel.ChannelManager - Adding key: http://localhost:53842 for channel [id: 0x9f14340f, L:/127.0.0.1:57133 - R:localhost/127.0.0.1:53842]
  &amp#27;[32mGiven &amp#27;[0m&amp#27;[32mI open homepage url&amp#27;[0m        &amp#27;[90m# starter.stepdefinitions.CartSteps.iOpenHomepageUrl()&amp#27;[0m
19:29:29.478 [Forwarding screenshot on session abeeb0aa8ff40e5d86272e92297723f8 to remote] DEBUG org.asynchttpclient.netty.request.NettyRequestSender - Using pooled Channel '[id: 0x9f14340f, L:/127.0.0.1:57133 - R:localhost/127.0.0.1:53842]' for 'GET' to 'http://localhost:53842/session/abeeb0aa8ff40e5d86272e92297723f8/screenshot'
19:29:29.479 [Forwarding screenshot on session abeeb0aa8ff40e5d86272e92297723f8 to remote] DEBUG org.asynchttpclient.netty.request.NettyRequestSender - Using open Channel [id: 0x9f14340f, L:/127.0.0.1:57133 - R:localhost/127.0.0.1:53842] for GET '/session/abeeb0aa8ff40e5d86272e92297723f8/screenshot'
19:29:29.981 [AsyncHttpClient-1-1] DEBUG org.asynchttpclient.netty.channel.DefaultChannelPool - Entry count for : http://localhost:57134 : 1
19:29:30.686 [AsyncHttpClient-1-5] DEBUG org.asynchttpclient.netty.handler.HttpHandler - 

Request DefaultFullHttpRequest(decodeResult: success, version: HTTP/1.1, content: EmptyByteBufBE)
GET /session/abeeb0aa8ff40e5d86272e92297723f8/screenshot HTTP/1.1
User-Agent: selenium/4.1.2 (java windows)
Cache-Control: no-cache
Content-Type: application/json; charset=utf-8
host: localhost:53842
accept: */*

Response DefaultHttpResponse(decodeResult: success, version: HTTP/1.1)
HTTP/1.1 200 OK
Content-Type: application/json; charset=utf-8
cache-control: no-cache
content-length: 32060

19:29:30.688 [AsyncHttpClient-1-5] DEBUG org.asynchttpclient.netty.channel.ChannelManager - Adding key: http://localhost:53842 for channel [id: 0x9f14340f, L:/127.0.0.1:57133 - R:localhost/127.0.0.1:53842]
19:29:30.695 [main] DEBUG net.serenitybdd.core.photography.Darkroom - Send negative for processing for target\site\serenity\900575b756acbc72523568788d87e4efb2c0487da36d3a426744fdab4ac6f4a3.png
19:29:30.696 [Darkroom Processing Line] DEBUG net.serenitybdd.core.photography.DarkroomProcessingLine - Processing screenshot image in /var/screenshots/screenshot-9149487584131130275
19:29:30.698 [Darkroom Processing Line] DEBUG net.serenitybdd.core.photography.DarkroomProcessingLine - Saving screenshot to target\site\serenity\900575b756acbc72523568788d87e4efb2c0487da36d3a426744fdab4ac6f4a3.png
19:29:30.738 [Forwarding findElement on session abeeb0aa8ff40e5d86272e92297723f8 to remote] DEBUG org.asynchttpclient.netty.request.NettyRequestSender - Using pooled Channel '[id: 0x9f14340f, L:/127.0.0.1:57133 - R:localhost/127.0.0.1:53842]' for 'POST' to 'http://localhost:53842/session/abeeb0aa8ff40e5d86272e92297723f8/element'
19:29:30.738 [Forwarding findElement on session abeeb0aa8ff40e5d86272e92297723f8 to remote] DEBUG org.asynchttpclient.netty.request.NettyRequestSender - Using open Channel [id: 0x9f14340f, L:/127.0.0.1:57133 - R:localhost/127.0.0.1:53842] for POST '/session/abeeb0aa8ff40e5d86272e92297723f8/element'
19:29:30.838 [AsyncHttpClient-1-5] DEBUG org.asynchttpclient.netty.handler.HttpHandler - 

Request DefaultHttpRequest(decodeResult: success, version: HTTP/1.1)
POST /session/abeeb0aa8ff40e5d86272e92297723f8/element HTTP/1.1
User-Agent: selenium/4.1.2 (java windows)
Content-Length: 88
Content-Type: application/json; charset=utf-8
host: localhost:53842
accept: */*

Response DefaultHttpResponse(decodeResult: success, version: HTTP/1.1)
HTTP/1.1 200 OK
Content-Type: application/json; charset=utf-8
cache-control: no-cache
content-length: 88

19:29:30.838 [AsyncHttpClient-1-5] DEBUG org.asynchttpclient.netty.channel.ChannelManager - Adding key: http://localhost:53842 for channel [id: 0x9f14340f, L:/127.0.0.1:57133 - R:localhost/127.0.0.1:53842]
19:29:30.844 [Forwarding getElementTagName on session abeeb0aa8ff40e5d86272e92297723f8 to remote] DEBUG org.asynchttpclient.netty.request.NettyRequestSender - Using pooled Channel '[id: 0x9f14340f, L:/127.0.0.1:57133 - R:localhost/127.0.0.1:53842]' for 'GET' to 'http://localhost:53842/session/abeeb0aa8ff40e5d86272e92297723f8/element/b6f6fc4e-b071-482a-9c35-8b2691f1660f/name'
19:29:30.845 [Forwarding getElementTagName on session abeeb0aa8ff40e5d86272e92297723f8 to remote] DEBUG org.asynchttpclient.netty.request.NettyRequestSender - Using open Channel [id: 0x9f14340f, L:/127.0.0.1:57133 - R:localhost/127.0.0.1:53842] for GET '/session/abeeb0aa8ff40e5d86272e92297723f8/element/b6f6fc4e-b071-482a-9c35-8b2691f1660f/name'
19:29:30.864 [AsyncHttpClient-1-5] DEBUG org.asynchttpclient.netty.handler.HttpHandler - 

Request DefaultFullHttpRequest(decodeResult: success, version: HTTP/1.1, content: EmptyByteBufBE)
GET /session/abeeb0aa8ff40e5d86272e92297723f8/element/b6f6fc4e-b071-482a-9c35-8b2691f1660f/name HTTP/1.1
User-Agent: selenium/4.1.2 (java windows)
Cache-Control: no-cache
Content-Type: application/json; charset=utf-8
host: localhost:53842
accept: */*

Response DefaultHttpResponse(decodeResult: success, version: HTTP/1.1)
HTTP/1.1 200 OK
Content-Type: application/json; charset=utf-8
cache-control: no-cache
content-length: 13

19:29:30.866 [AsyncHttpClient-1-5] DEBUG org.asynchttpclient.netty.channel.ChannelManager - Adding key: http://localhost:53842 for channel [id: 0x9f14340f, L:/127.0.0.1:57133 - R:localhost/127.0.0.1:53842]
19:29:30.871 [Forwarding getElementTagName on session abeeb0aa8ff40e5d86272e92297723f8 to remote] DEBUG org.asynchttpclient.netty.request.NettyRequestSender - Using pooled Channel '[id: 0x9f14340f, L:/127.0.0.1:57133 - R:localhost/127.0.0.1:53842]' for 'GET' to 'http://localhost:53842/session/abeeb0aa8ff40e5d86272e92297723f8/element/b6f6fc4e-b071-482a-9c35-8b2691f1660f/name'
19:29:30.871 [Forwarding getElementTagName on session abeeb0aa8ff40e5d86272e92297723f8 to remote] DEBUG org.asynchttpclient.netty.request.NettyRequestSender - Using open Channel [id: 0x9f14340f, L:/127.0.0.1:57133 - R:localhost/127.0.0.1:53842] for GET '/session/abeeb0aa8ff40e5d86272e92297723f8/element/b6f6fc4e-b071-482a-9c35-8b2691f1660f/name'
19:29:30.890 [AsyncHttpClient-1-5] DEBUG org.asynchttpclient.netty.handler.HttpHandler - 

Request DefaultFullHttpRequest(decodeResult: success, version: HTTP/1.1, content: EmptyByteBufBE)
GET /session/abeeb0aa8ff40e5d86272e92297723f8/element/b6f6fc4e-b071-482a-9c35-8b2691f1660f/name HTTP/1.1
User-Agent: selenium/4.1.2 (java windows)
Cache-Control: no-cache
Content-Type: application/json; charset=utf-8
host: localhost:53842
accept: */*

Response DefaultHttpResponse(decodeResult: success, version: HTTP/1.1)
HTTP/1.1 200 OK
Content-Type: application/json; charset=utf-8
cache-control: no-cache
content-length: 13

19:29:30.890 [AsyncHttpClient-1-5] DEBUG org.asynchttpclient.netty.channel.ChannelManager - Adding key: http://localhost:53842 for channel [id: 0x9f14340f, L:/127.0.0.1:57133 - R:localhost/127.0.0.1:53842]
19:29:30.908 [Forwarding findElement on session abeeb0aa8ff40e5d86272e92297723f8 to remote] DEBUG org.asynchttpclient.netty.request.NettyRequestSender - Using pooled Channel '[id: 0x9f14340f, L:/127.0.0.1:57133 - R:localhost/127.0.0.1:53842]' for 'POST' to 'http://localhost:53842/session/abeeb0aa8ff40e5d86272e92297723f8/element'
19:29:30.911 [Forwarding findElement on session abeeb0aa8ff40e5d86272e92297723f8 to remote] DEBUG org.asynchttpclient.netty.request.NettyRequestSender - Using open Channel [id: 0x9f14340f, L:/127.0.0.1:57133 - R:localhost/127.0.0.1:53842] for POST '/session/abeeb0aa8ff40e5d86272e92297723f8/element'
19:29:30.951 [AsyncHttpClient-1-5] DEBUG org.asynchttpclient.netty.handler.HttpHandler - 

Request DefaultHttpRequest(decodeResult: success, version: HTTP/1.1)
POST /session/abeeb0aa8ff40e5d86272e92297723f8/element HTTP/1.1
User-Agent: selenium/4.1.2 (java windows)
Content-Length: 88
Content-Type: application/json; charset=utf-8
host: localhost:53842
accept: */*

Response DefaultHttpResponse(decodeResult: success, version: HTTP/1.1)
HTTP/1.1 200 OK
Content-Type: application/json; charset=utf-8
cache-control: no-cache
content-length: 88

19:29:30.952 [AsyncHttpClient-1-5] DEBUG org.asynchttpclient.netty.channel.ChannelManager - Adding key: http://localhost:53842 for channel [id: 0x9f14340f, L:/127.0.0.1:57133 - R:localhost/127.0.0.1:53842]
19:29:30.955 [Forwarding clickElement on session abeeb0aa8ff40e5d86272e92297723f8 to remote] DEBUG org.asynchttpclient.netty.request.NettyRequestSender - Using pooled Channel '[id: 0x9f14340f, L:/127.0.0.1:57133 - R:localhost/127.0.0.1:53842]' for 'POST' to 'http://localhost:53842/session/abeeb0aa8ff40e5d86272e92297723f8/element/b6f6fc4e-b071-482a-9c35-8b2691f1660f/click'
19:29:30.955 [Forwarding clickElement on session abeeb0aa8ff40e5d86272e92297723f8 to remote] DEBUG org.asynchttpclient.netty.request.NettyRequestSender - Using open Channel [id: 0x9f14340f, L:/127.0.0.1:57133 - R:localhost/127.0.0.1:53842] for POST '/session/abeeb0aa8ff40e5d86272e92297723f8/element/b6f6fc4e-b071-482a-9c35-8b2691f1660f/click'
19:29:31.089 [AsyncHttpClient-1-1] DEBUG org.asynchttpclient.netty.channel.DefaultChannelPool - Entry count for : http://localhost:57134 : 1
19:29:31.113 [AsyncHttpClient-1-5] DEBUG org.asynchttpclient.netty.handler.HttpHandler - 

Request DefaultHttpRequest(decodeResult: success, version: HTTP/1.1)
POST /session/abeeb0aa8ff40e5d86272e92297723f8/element/b6f6fc4e-b071-482a-9c35-8b2691f1660f/click HTTP/1.1
User-Agent: selenium/4.1.2 (java windows)
Content-Length: 50
Content-Type: application/json; charset=utf-8
host: localhost:53842
accept: */*

Response DefaultHttpResponse(decodeResult: success, version: HTTP/1.1)
HTTP/1.1 200 OK
Content-Type: application/json; charset=utf-8
cache-control: no-cache
content-length: 14

19:29:31.114 [AsyncHttpClient-1-5] DEBUG org.asynchttpclient.netty.channel.ChannelManager - Adding key: http://localhost:53842 for channel [id: 0x9f14340f, L:/127.0.0.1:57133 - R:localhost/127.0.0.1:53842]
  &amp#27;[32mWhen &amp#27;[0m&amp#27;[32mI click cart logo&amp#27;[0m           &amp#27;[90m# starter.stepdefinitions.CartSteps.iClickCartLogo()&amp#27;[0m
19:29:31.155 [Forwarding screenshot on session abeeb0aa8ff40e5d86272e92297723f8 to remote] DEBUG org.asynchttpclient.netty.request.NettyRequestSender - Using pooled Channel '[id: 0x9f14340f, L:/127.0.0.1:57133 - R:localhost/127.0.0.1:53842]' for 'GET' to 'http://localhost:53842/session/abeeb0aa8ff40e5d86272e92297723f8/screenshot'
19:29:31.155 [Forwarding screenshot on session abeeb0aa8ff40e5d86272e92297723f8 to remote] DEBUG org.asynchttpclient.netty.request.NettyRequestSender - Using open Channel [id: 0x9f14340f, L:/127.0.0.1:57133 - R:localhost/127.0.0.1:53842] for GET '/session/abeeb0aa8ff40e5d86272e92297723f8/screenshot'
19:29:32.005 [AsyncHttpClient-1-5] DEBUG org.asynchttpclient.netty.handler.HttpHandler - 

Request DefaultFullHttpRequest(decodeResult: success, version: HTTP/1.1, content: EmptyByteBufBE)
GET /session/abeeb0aa8ff40e5d86272e92297723f8/screenshot HTTP/1.1
User-Agent: selenium/4.1.2 (java windows)
Cache-Control: no-cache
Content-Type: application/json; charset=utf-8
host: localhost:53842
accept: */*

Response DefaultHttpResponse(decodeResult: success, version: HTTP/1.1)
HTTP/1.1 200 OK
Content-Type: application/json; charset=utf-8
cache-control: no-cache
content-length: 27820

19:29:32.007 [AsyncHttpClient-1-5] DEBUG org.asynchttpclient.netty.channel.ChannelManager - Adding key: http://localhost:53842 for channel [id: 0x9f14340f, L:/127.0.0.1:57133 - R:localhost/127.0.0.1:53842]
19:29:32.016 [main] DEBUG net.serenitybdd.core.photography.Darkroom - Send negative for processing for target\site\serenity\90400491147a7bc614106e2797f9c953957cb222cf252c29eab338c6a2727270.png
19:29:32.017 [Darkroom Processing Line] DEBUG net.serenitybdd.core.photography.DarkroomProcessingLine - Processing screenshot image in /var/screenshots/screenshot-4948391217564634015
19:29:32.017 [Darkroom Processing Line] DEBUG net.serenitybdd.core.photography.DarkroomProcessingLine - Saving screenshot to target\site\serenity\90400491147a7bc614106e2797f9c953957cb222cf252c29eab338c6a2727270.png
19:29:32.046 [Forwarding findElement on session abeeb0aa8ff40e5d86272e92297723f8 to remote] DEBUG org.asynchttpclient.netty.request.NettyRequestSender - Using pooled Channel '[id: 0x9f14340f, L:/127.0.0.1:57133 - R:localhost/127.0.0.1:53842]' for 'POST' to 'http://localhost:53842/session/abeeb0aa8ff40e5d86272e92297723f8/element'
19:29:32.046 [Forwarding findElement on session abeeb0aa8ff40e5d86272e92297723f8 to remote] DEBUG org.asynchttpclient.netty.request.NettyRequestSender - Using open Channel [id: 0x9f14340f, L:/127.0.0.1:57133 - R:localhost/127.0.0.1:53842] for POST '/session/abeeb0aa8ff40e5d86272e92297723f8/element'
19:29:32.102 [AsyncHttpClient-1-5] DEBUG org.asynchttpclient.netty.handler.HttpHandler - 

Request DefaultHttpRequest(decodeResult: success, version: HTTP/1.1)
POST /session/abeeb0aa8ff40e5d86272e92297723f8/element HTTP/1.1
User-Agent: selenium/4.1.2 (java windows)
Content-Length: 89
Content-Type: application/json; charset=utf-8
host: localhost:53842
accept: */*

Response DefaultHttpResponse(decodeResult: success, version: HTTP/1.1)
HTTP/1.1 200 OK
Content-Type: application/json; charset=utf-8
cache-control: no-cache
content-length: 88

19:29:32.103 [AsyncHttpClient-1-5] DEBUG org.asynchttpclient.netty.channel.ChannelManager - Adding key: http://localhost:53842 for channel [id: 0x9f14340f, L:/127.0.0.1:57133 - R:localhost/127.0.0.1:53842]
19:29:32.134 [Forwarding isElementDisplayed on session abeeb0aa8ff40e5d86272e92297723f8 to remote] DEBUG org.asynchttpclient.netty.request.NettyRequestSender - Using pooled Channel '[id: 0x9f14340f, L:/127.0.0.1:57133 - R:localhost/127.0.0.1:53842]' for 'POST' to 'http://localhost:53842/session/abeeb0aa8ff40e5d86272e92297723f8/execute/sync'
19:29:32.134 [Forwarding isElementDisplayed on session abeeb0aa8ff40e5d86272e92297723f8 to remote] DEBUG org.asynchttpclient.netty.request.NettyRequestSender - Using open Channel [id: 0x9f14340f, L:/127.0.0.1:57133 - R:localhost/127.0.0.1:53842] for POST '/session/abeeb0aa8ff40e5d86272e92297723f8/execute/sync'
19:29:32.184 [AsyncHttpClient-1-1] DEBUG org.asynchttpclient.netty.channel.DefaultChannelPool - Entry count for : http://localhost:57134 : 1
19:29:32.193 [AsyncHttpClient-1-5] DEBUG org.asynchttpclient.netty.handler.HttpHandler - 

Request DefaultHttpRequest(decodeResult: success, version: HTTP/1.1)
POST /session/abeeb0aa8ff40e5d86272e92297723f8/execute/sync HTTP/1.1
User-Agent: selenium/4.1.2 (java windows)
Content-Length: 48780
Content-Type: application/json; charset=utf-8
host: localhost:53842
accept: */*

Response DefaultHttpResponse(decodeResult: success, version: HTTP/1.1)
HTTP/1.1 200 OK
Content-Type: application/json; charset=utf-8
cache-control: no-cache
content-length: 14

19:29:32.194 [AsyncHttpClient-1-5] DEBUG org.asynchttpclient.netty.channel.ChannelManager - Adding key: http://localhost:53842 for channel [id: 0x9f14340f, L:/127.0.0.1:57133 - R:localhost/127.0.0.1:53842]
  &amp#27;[32mThen &amp#27;[0m&amp#27;[32mI see my cart empty&amp#27;[0m         &amp#27;[90m# starter.stepdefinitions.CartSteps.iSeeMyCartEmpty()&amp#27;[0m
19:29:32.225 [Forwarding screenshot on session abeeb0aa8ff40e5d86272e92297723f8 to remote] DEBUG org.asynchttpclient.netty.request.NettyRequestSender - Using pooled Channel '[id: 0x9f14340f, L:/127.0.0.1:57133 - R:localhost/127.0.0.1:53842]' for 'GET' to 'http://localhost:53842/session/abeeb0aa8ff40e5d86272e92297723f8/screenshot'
19:29:32.227 [Forwarding screenshot on session abeeb0aa8ff40e5d86272e92297723f8 to remote] DEBUG org.asynchttpclient.netty.request.NettyRequestSender - Using open Channel [id: 0x9f14340f, L:/127.0.0.1:57133 - R:localhost/127.0.0.1:53842] for GET '/session/abeeb0aa8ff40e5d86272e92297723f8/screenshot'
19:29:32.580 [AsyncHttpClient-1-5] DEBUG org.asynchttpclient.netty.handler.HttpHandler - 

Request DefaultFullHttpRequest(decodeResult: success, version: HTTP/1.1, content: EmptyByteBufBE)
GET /session/abeeb0aa8ff40e5d86272e92297723f8/screenshot HTTP/1.1
User-Agent: selenium/4.1.2 (java windows)
Cache-Control: no-cache
Content-Type: application/json; charset=utf-8
host: localhost:53842
accept: */*

Response DefaultHttpResponse(decodeResult: success, version: HTTP/1.1)
HTTP/1.1 200 OK
Content-Type: application/json; charset=utf-8
cache-control: no-cache
content-length: 27820

19:29:32.582 [AsyncHttpClient-1-5] DEBUG org.asynchttpclient.netty.channel.ChannelManager - Adding key: http://localhost:53842 for channel [id: 0x9f14340f, L:/127.0.0.1:57133 - R:localhost/127.0.0.1:53842]
19:29:32.595 [main] DEBUG net.serenitybdd.core.photography.Darkroom - Send negative for processing for target\site\serenity\90400491147a7bc614106e2797f9c953957cb222cf252c29eab338c6a2727270.png
19:29:32.602 [main] INFO  - 
  _____   ___   ___   _____     ___     _     ___   ___   ___   ___  
 |_   _| | __| / __| |_   _|   | _ \   /_\   / __| / __| | __| |   \ 
   | |   | _|  \__ \   | |     |  _/  / _ \  \__ \ \__ \ | _|  | |) |
   |_|   |___| |___/   |_|     |_|   /_/ \_\ |___/ |___/ |___| |___/ 

View Cart Detail (empty)
----------------------------------------------------------------------
19:29:32.616 [AsyncHttpClient-1-7] DEBUG org.asynchttpclient.netty.handler.WebSocketHandler - Channel Closed: [id: 0x3e692719, L:/127.0.0.1:57143 ! R:localhost/127.0.0.1:57134] with attribute NettyResponseFuture{currentRetry=5,
	isDone=1,
	isCancelled=0,
	asyncHandler=org.asynchttpclient.ws.WebSocketUpgradeHandler@87428a6,
	nettyRequest=org.asynchttpclient.netty.request.NettyRequest@4d76a7cc,
	future=java.util.concurrent.CompletableFuture@2d04cf47[Completed normally],
	uri=ws://localhost:57134/devtools/browser/fc7859ac-c5c5-4f43-a5c8-9666969817d1,
	keepAlive=true,
	redirectCount=0,
	timeoutsHolder=null,
	inAuth=0,
	touch=1667996968034}
19:29:32.618 [AsyncHttpClient-1-7] DEBUG org.asynchttpclient.netty.channel.ChannelManager - Closing Channel [id: 0x3e692719, L:/127.0.0.1:57143 ! R:localhost/127.0.0.1:57134] 
19:29:32.620 [Driver Command Executor] DEBUG org.asynchttpclient.netty.request.NettyRequestSender - Using pooled Channel '[id: 0x9f14340f, L:/127.0.0.1:57133 - R:localhost/127.0.0.1:53842]' for 'DELETE' to 'http://localhost:53842/session/abeeb0aa8ff40e5d86272e92297723f8'
19:29:32.621 [Driver Command Executor] DEBUG org.asynchttpclient.netty.request.NettyRequestSender - Using open Channel [id: 0x9f14340f, L:/127.0.0.1:57133 - R:localhost/127.0.0.1:53842] for DELETE '/session/abeeb0aa8ff40e5d86272e92297723f8'
19:29:32.856 [AsyncHttpClient-1-6] DEBUG org.asynchttpclient.netty.handler.HttpHandler - Unexpected I/O exception on channel [id: 0x8e50b61a, L:/127.0.0.1:57142 - R:localhost/127.0.0.1:57134]
java.net.SocketException: Connection reset
	at java.base/sun.nio.ch.SocketChannelImpl.throwConnectionReset(SocketChannelImpl.java:345)
	at java.base/sun.nio.ch.SocketChannelImpl.read(SocketChannelImpl.java:376)
	at io.netty.buffer.PooledByteBuf.setBytes(PooledByteBuf.java:258)
	at io.netty.buffer.AbstractByteBuf.writeBytes(AbstractByteBuf.java:1132)
	at io.netty.channel.socket.nio.NioSocketChannel.doReadBytes(NioSocketChannel.java:350)
	at io.netty.channel.nio.AbstractNioByteChannel$NioByteUnsafe.read(AbstractNioByteChannel.java:151)
	at io.netty.channel.nio.NioEventLoop.processSelectedKey(NioEventLoop.java:722)
	at io.netty.channel.nio.NioEventLoop.processSelectedKeysOptimized(NioEventLoop.java:658)
	at io.netty.channel.nio.NioEventLoop.processSelectedKeys(NioEventLoop.java:584)
	at io.netty.channel.nio.NioEventLoop.run(NioEventLoop.java:496)
	at io.netty.util.concurrent.SingleThreadEventExecutor$4.run(SingleThreadEventExecutor.java:986)
	at io.netty.util.internal.ThreadExecutorMap$2.run(ThreadExecutorMap.java:74)
	at io.netty.util.concurrent.FastThreadLocalRunnable.run(FastThreadLocalRunnable.java:30)
	at java.base/java.lang.Thread.run(Thread.java:830)
19:29:32.856 [AsyncHttpClient-1-6] DEBUG org.asynchttpclient.netty.channel.ChannelManager - Closing Channel [id: 0x8e50b61a, L:/127.0.0.1:57142 - R:localhost/127.0.0.1:57134] 
19:29:32.856 [AsyncHttpClient-1-6] DEBUG org.asynchttpclient.netty.handler.HttpHandler - Channel Closed: [id: 0x8e50b61a, L:/127.0.0.1:57142 ! R:localhost/127.0.0.1:57134] with attribute DISCARD
19:29:32.929 [AsyncHttpClient-1-5] DEBUG org.asynchttpclient.netty.handler.HttpHandler - 

Request DefaultFullHttpRequest(decodeResult: success, version: HTTP/1.1, content: EmptyByteBufBE)
DELETE /session/abeeb0aa8ff40e5d86272e92297723f8 HTTP/1.1
User-Agent: selenium/4.1.2 (java windows)
Content-Type: application/json; charset=utf-8
host: localhost:53842
accept: */*

Response DefaultHttpResponse(decodeResult: success, version: HTTP/1.1)
HTTP/1.1 200 OK
Content-Type: application/json; charset=utf-8
cache-control: no-cache
content-length: 14

19:29:32.930 [AsyncHttpClient-1-5] DEBUG org.asynchttpclient.netty.channel.ChannelManager - Adding key: http://localhost:53842 for channel [id: 0x9f14340f, L:/127.0.0.1:57133 - R:localhost/127.0.0.1:53842]
19:29:33.025 [AsyncHttpClient-1-5] DEBUG org.asynchttpclient.netty.handler.HttpHandler - Channel Closed: [id: 0x9f14340f, L:/127.0.0.1:57133 ! R:localhost/127.0.0.1:53842] with attribute DISCARD
19:29:33.283 [AsyncHttpClient-1-1] DEBUG org.asynchttpclient.netty.channel.DefaultChannelPool - Entry count for : http://localhost:57134 : 1
19:29:33.283 [AsyncHttpClient-1-1] DEBUG org.asynchttpclient.netty.channel.DefaultChannelPool - Entry count for : http://localhost:53842 : 1
19:29:33.283 [AsyncHttpClient-1-1] DEBUG org.asynchttpclient.netty.channel.DefaultChannelPool - Adding Candidate expired Channel [id: 0x8e50b61a, L:/127.0.0.1:57142 ! R:localhost/127.0.0.1:57134] isIdleTimeoutExpired=false isRemotelyClosed=true isTtlExpired=false
19:29:33.284 [AsyncHttpClient-1-1] DEBUG org.asynchttpclient.netty.channel.DefaultChannelPool - Closing Idle Channel [id: 0x8e50b61a, L:/127.0.0.1:57142 ! R:localhost/127.0.0.1:57134]
19:29:33.284 [AsyncHttpClient-1-1] DEBUG org.asynchttpclient.netty.channel.DefaultChannelPool - Adding Candidate expired Channel [id: 0x9f14340f, L:/127.0.0.1:57133 ! R:localhost/127.0.0.1:53842] isIdleTimeoutExpired=false isRemotelyClosed=true isTtlExpired=false
19:29:33.284 [AsyncHttpClient-1-1] DEBUG org.asynchttpclient.netty.channel.DefaultChannelPool - Closing Idle Channel [id: 0x9f14340f, L:/127.0.0.1:57133 ! R:localhost/127.0.0.1:53842]
19:29:33.284 [AsyncHttpClient-1-1] DEBUG org.asynchttpclient.netty.channel.DefaultChannelPool - Closed 2 connections out of 2 in 1 ms
]]></system-out>
    <system-err><![CDATA[Starting ChromeDriver 106.0.5249.61 (511755355844955cd3e264779baf0dd38212a4d0-refs/branch-heads/5249@{#569}) on port 53842
Only local connections are allowed.
Please see https://chromedriver.chromium.org/security-considerations for suggestions on keeping ChromeDriver safe.
ChromeDriver was started successfully.
[1667996966.590][WARNING]: This version of ChromeDriver has not been tested with Chrome version 107.
Nov 09, 2022 7:29:27 PM org.openqa.selenium.remote.ProtocolHandshake createSession
INFO: Detected dialect: W3C
Nov 09, 2022 7:29:28 PM org.openqa.selenium.devtools.CdpVersionFinder findNearestMatch
WARNING: Unable to find an exact match for CDP version 107, so returning the closest version found: a no-op implementation
Nov 09, 2022 7:29:28 PM org.openqa.selenium.devtools.CdpVersionFinder findNearestMatch
INFO: Unable to find CDP implementation matching 107.
Nov 09, 2022 7:29:28 PM org.openqa.selenium.chromium.ChromiumDriver lambda$new$3
WARNING: Unable to find version of CDP to use for . You may need to include a dependency on a specific version of the CDP using something similar to `org.seleniumhq.selenium:selenium-devtools-v86:4.1.2` where the version ("v86") matches the version of the chromium-based browser you're using and the version number of the artifact is the same as Selenium's.
]]></system-err>
  </testcase>
  <testcase name="Delete Product From Cart" classname="Manage Cart" time="19.986">
    <system-out><![CDATA[
@Cart
Scenario: Delete Product From Cart         &amp#27;[90m# src/test/resources/features/Cart.feature:18&amp#27;[0m
19:29:33.613 [main] INFO io.cucumber.core.plugin.SerenityReporter - Running feature from file:///C:/Users/ASUS/Desktop/stupen/miniproject/Web/ASWeb/src/test/resources/features/Cart.feature
19:29:33.623 [main] INFO  - 
  _____   ___   ___   _____     ___   _____     _     ___   _____   ___   ___  
 |_   _| | __| / __| |_   _|   / __| |_   _|   /_\   | _ \ |_   _| | __| |   \ 
   | |   | _|  \__ \   | |     \__ \   | |    / _ \  |   /   | |   | _|  | |) |
   |_|   |___| |___/   |_|     |___/   |_|   /_/ \_\ |_|_\   |_|   |___| |___/ 

Delete Product From Cart(manage-cart;delete-product-from-cart)
--------------------------------------------------------------------------------
19:29:33.655 [main] INFO net.serenitybdd.core.webdriver.driverproviders.ChromeDriverProvider - Using automatically driver download
19:29:33.983 [main] DEBUG io.github.bonigarcia.wdm.cache.ResolutionCache - Resolution chrome=107 in cache (valid until 20:17:59 09/11/2022 WIB)
19:29:33.995 [main] DEBUG io.github.bonigarcia.wdm.cache.ResolutionCache - Resolution chrome107=107.0.5304.62 in cache (valid until 19:17:59 10/11/2022 WIB)
19:29:34.000 [main] INFO io.github.bonigarcia.wdm.WebDriverManager - Using chromedriver 107.0.5304.62 (resolved driver for Chrome 107)
19:29:34.040 [main] DEBUG io.github.bonigarcia.wdm.WebDriverManager - Driver chromedriver 107.0.5304.62 found in cache
19:29:34.042 [main] INFO io.github.bonigarcia.wdm.WebDriverManager - Exporting webdriver.chrome.driver as C:\Users\ASUS\.cache\selenium\chromedriver\win32\107.0.5304.62\chromedriver.exe
19:29:34.460 [main] DEBUG net.serenitybdd.core.webdriver.driverproviders.ProvideNewDriver - Instantiating driver
19:29:34.461 [main] DEBUG net.serenitybdd.core.webdriver.driverproviders.ProvideNewDriver - Driver capabilities: Capabilities {acceptInsecureCerts: false, base.url: https://alta-shop.vercel.app/, browserName: chrome, chrome.driver: src/test/resources/webdrive..., driver: chrome, goog:chromeOptions: {args: [], extensions: []}, wait.for.timeout: 10000}
19:29:35.107 [AsyncHttpClient-1-8] DEBUG org.asynchttpclient.netty.channel.NettyConnectListener - Using new Channel '[id: 0x1f77b328, L:/127.0.0.1:57158 - R:localhost/127.0.0.1:59363]' for 'POST' to '/session'
19:29:37.464 [AsyncHttpClient-1-8] DEBUG org.asynchttpclient.netty.handler.HttpHandler - 

Request DefaultHttpRequest(decodeResult: success, version: HTTP/1.1)
POST /session HTTP/1.1
User-Agent: selenium/4.1.2 (java windows)
Content-Length: 646
Content-Type: application/json; charset=utf-8
host: localhost:59363
accept: */*

Response DefaultHttpResponse(decodeResult: success, version: HTTP/1.1)
HTTP/1.1 200 OK
Content-Type: application/json; charset=utf-8
cache-control: no-cache
content-length: 789

19:29:37.466 [AsyncHttpClient-1-8] DEBUG org.asynchttpclient.netty.channel.ChannelManager - Adding key: http://localhost:59363 for channel [id: 0x1f77b328, L:/127.0.0.1:57158 - R:localhost/127.0.0.1:59363]
19:29:37.519 [AsyncHttpClient-1-9] DEBUG org.asynchttpclient.netty.channel.NettyConnectListener - Using new Channel '[id: 0xfbb2bdf7, L:/127.0.0.1:57167 - R:localhost/127.0.0.1:57159]' for 'GET' to '/json/version'
19:29:37.535 [AsyncHttpClient-1-9] DEBUG org.asynchttpclient.netty.handler.HttpHandler - 

Request DefaultFullHttpRequest(decodeResult: success, version: HTTP/1.1, content: EmptyByteBufBE)
GET /json/version HTTP/1.1
User-Agent: selenium/4.1.2 (java windows)
host: localhost:57159
accept: */*

Response DefaultHttpResponse(decodeResult: success, version: HTTP/1.1)
HTTP/1.1 200 OK
Content-Type: application/json; charset=UTF-8
content-length: 423

19:29:37.535 [AsyncHttpClient-1-9] DEBUG org.asynchttpclient.netty.channel.ChannelManager - Adding key: http://localhost:57159 for channel [id: 0xfbb2bdf7, L:/127.0.0.1:57167 - R:localhost/127.0.0.1:57159]
19:29:37.550 [AsyncHttpClient-1-10] DEBUG org.asynchttpclient.netty.channel.NettyConnectListener - Using new Channel '[id: 0x7cd510e4, L:/127.0.0.1:57168 - R:localhost/127.0.0.1:57159]' for 'GET' to '/devtools/browser/3575b103-cdda-4123-9de4-0c62e8557245'
19:29:37.563 [AsyncHttpClient-1-10] DEBUG org.asynchttpclient.netty.handler.WebSocketHandler - 

Request DefaultFullHttpRequest(decodeResult: success, version: HTTP/1.1, content: EmptyByteBufBE)
GET /devtools/browser/3575b103-cdda-4123-9de4-0c62e8557245 HTTP/1.1
upgrade: websocket
connection: upgrade
sec-websocket-key: E7iXM+pTrAHjNjIq0oaYeQ==
sec-websocket-version: 13
origin: http://localhost:57159
host: localhost:57159
accept: */*
user-agent: AHC/2.1

Response DefaultHttpResponse(decodeResult: success, version: HTTP/1.1)
HTTP/1.1 101 WebSocket Protocol Handshake
Upgrade: WebSocket
Connection: Upgrade
Sec-WebSocket-Accept: LZIiYR7+DxXzw5zz7RIZ0tFkcMw=

19:29:37.580 [Forwarding get on session 242d3a26857e2a836afd2d019ded58e6 to remote] DEBUG org.asynchttpclient.netty.request.NettyRequestSender - Using pooled Channel '[id: 0x1f77b328, L:/127.0.0.1:57158 - R:localhost/127.0.0.1:59363]' for 'POST' to 'http://localhost:59363/session/242d3a26857e2a836afd2d019ded58e6/url'
19:29:37.580 [Forwarding get on session 242d3a26857e2a836afd2d019ded58e6 to remote] DEBUG org.asynchttpclient.netty.request.NettyRequestSender - Using open Channel [id: 0x1f77b328, L:/127.0.0.1:57158 - R:localhost/127.0.0.1:59363] for POST '/session/242d3a26857e2a836afd2d019ded58e6/url'
19:29:37.691 [AsyncHttpClient-1-1] DEBUG org.asynchttpclient.netty.channel.DefaultChannelPool - Entry count for : http://localhost:57159 : 1
19:29:38.788 [AsyncHttpClient-1-1] DEBUG org.asynchttpclient.netty.channel.DefaultChannelPool - Entry count for : http://localhost:57159 : 1
19:29:38.880 [AsyncHttpClient-1-8] DEBUG org.asynchttpclient.netty.handler.HttpHandler - 

Request DefaultHttpRequest(decodeResult: success, version: HTTP/1.1)
POST /session/242d3a26857e2a836afd2d019ded58e6/url HTTP/1.1
User-Agent: selenium/4.1.2 (java windows)
Content-Length: 59
Content-Type: application/json; charset=utf-8
host: localhost:59363
accept: */*

Response DefaultHttpResponse(decodeResult: success, version: HTTP/1.1)
HTTP/1.1 200 OK
Content-Type: application/json; charset=utf-8
cache-control: no-cache
content-length: 14

19:29:38.880 [AsyncHttpClient-1-8] DEBUG org.asynchttpclient.netty.channel.ChannelManager - Adding key: http://localhost:59363 for channel [id: 0x1f77b328, L:/127.0.0.1:57158 - R:localhost/127.0.0.1:59363]
19:29:38.883 [Forwarding setTimeout on session 242d3a26857e2a836afd2d019ded58e6 to remote] DEBUG org.asynchttpclient.netty.request.NettyRequestSender - Using pooled Channel '[id: 0x1f77b328, L:/127.0.0.1:57158 - R:localhost/127.0.0.1:59363]' for 'POST' to 'http://localhost:59363/session/242d3a26857e2a836afd2d019ded58e6/timeouts'
19:29:38.883 [Forwarding setTimeout on session 242d3a26857e2a836afd2d019ded58e6 to remote] DEBUG org.asynchttpclient.netty.request.NettyRequestSender - Using open Channel [id: 0x1f77b328, L:/127.0.0.1:57158 - R:localhost/127.0.0.1:59363] for POST '/session/242d3a26857e2a836afd2d019ded58e6/timeouts'
19:29:38.886 [AsyncHttpClient-1-8] DEBUG org.asynchttpclient.netty.handler.HttpHandler - 

Request DefaultHttpRequest(decodeResult: success, version: HTTP/1.1)
POST /session/242d3a26857e2a836afd2d019ded58e6/timeouts HTTP/1.1
User-Agent: selenium/4.1.2 (java windows)
Content-Length: 22
Content-Type: application/json; charset=utf-8
host: localhost:59363
accept: */*

Response DefaultHttpResponse(decodeResult: success, version: HTTP/1.1)
HTTP/1.1 200 OK
Content-Type: application/json; charset=utf-8
cache-control: no-cache
content-length: 14

19:29:38.886 [AsyncHttpClient-1-8] DEBUG org.asynchttpclient.netty.channel.ChannelManager - Adding key: http://localhost:59363 for channel [id: 0x1f77b328, L:/127.0.0.1:57158 - R:localhost/127.0.0.1:59363]
19:29:38.897 [Forwarding getCurrentUrl on session 242d3a26857e2a836afd2d019ded58e6 to remote] DEBUG org.asynchttpclient.netty.request.NettyRequestSender - Using pooled Channel '[id: 0x1f77b328, L:/127.0.0.1:57158 - R:localhost/127.0.0.1:59363]' for 'GET' to 'http://localhost:59363/session/242d3a26857e2a836afd2d019ded58e6/url'
19:29:38.902 [Forwarding getCurrentUrl on session 242d3a26857e2a836afd2d019ded58e6 to remote] DEBUG org.asynchttpclient.netty.request.NettyRequestSender - Using open Channel [id: 0x1f77b328, L:/127.0.0.1:57158 - R:localhost/127.0.0.1:59363] for GET '/session/242d3a26857e2a836afd2d019ded58e6/url'
19:29:38.959 [AsyncHttpClient-1-8] DEBUG org.asynchttpclient.netty.handler.HttpHandler - 

Request DefaultFullHttpRequest(decodeResult: success, version: HTTP/1.1, content: EmptyByteBufBE)
GET /session/242d3a26857e2a836afd2d019ded58e6/url HTTP/1.1
User-Agent: selenium/4.1.2 (java windows)
Cache-Control: no-cache
Content-Type: application/json; charset=utf-8
host: localhost:59363
accept: */*

Response DefaultHttpResponse(decodeResult: success, version: HTTP/1.1)
HTTP/1.1 200 OK
Content-Type: application/json; charset=utf-8
cache-control: no-cache
content-length: 41

19:29:38.960 [AsyncHttpClient-1-8] DEBUG org.asynchttpclient.netty.channel.ChannelManager - Adding key: http://localhost:59363 for channel [id: 0x1f77b328, L:/127.0.0.1:57158 - R:localhost/127.0.0.1:59363]
  &amp#27;[32mGiven &amp#27;[0m&amp#27;[32mI open homepage url&amp#27;[0m                &amp#27;[90m# starter.stepdefinitions.CartSteps.iOpenHomepageUrl()&amp#27;[0m
19:29:38.977 [Forwarding screenshot on session 242d3a26857e2a836afd2d019ded58e6 to remote] DEBUG org.asynchttpclient.netty.request.NettyRequestSender - Using pooled Channel '[id: 0x1f77b328, L:/127.0.0.1:57158 - R:localhost/127.0.0.1:59363]' for 'GET' to 'http://localhost:59363/session/242d3a26857e2a836afd2d019ded58e6/screenshot'
19:29:38.978 [Forwarding screenshot on session 242d3a26857e2a836afd2d019ded58e6 to remote] DEBUG org.asynchttpclient.netty.request.NettyRequestSender - Using open Channel [id: 0x1f77b328, L:/127.0.0.1:57158 - R:localhost/127.0.0.1:59363] for GET '/session/242d3a26857e2a836afd2d019ded58e6/screenshot'
19:29:39.883 [AsyncHttpClient-1-1] DEBUG org.asynchttpclient.netty.channel.DefaultChannelPool - Entry count for : http://localhost:57159 : 1
19:29:40.186 [AsyncHttpClient-1-8] DEBUG org.asynchttpclient.netty.handler.HttpHandler - 

Request DefaultFullHttpRequest(decodeResult: success, version: HTTP/1.1, content: EmptyByteBufBE)
GET /session/242d3a26857e2a836afd2d019ded58e6/screenshot HTTP/1.1
User-Agent: selenium/4.1.2 (java windows)
Cache-Control: no-cache
Content-Type: application/json; charset=utf-8
host: localhost:59363
accept: */*

Response DefaultHttpResponse(decodeResult: success, version: HTTP/1.1)
HTTP/1.1 200 OK
Content-Type: application/json; charset=utf-8
cache-control: no-cache
content-length: 30692

19:29:40.187 [AsyncHttpClient-1-8] DEBUG org.asynchttpclient.netty.channel.ChannelManager - Adding key: http://localhost:59363 for channel [id: 0x1f77b328, L:/127.0.0.1:57158 - R:localhost/127.0.0.1:59363]
19:29:40.191 [main] DEBUG net.serenitybdd.core.photography.Darkroom - Send negative for processing for target\site\serenity\81cec45047e56a6f4aafaa86c839bdc6ee1a9a5851c1837830401574a01fe2c1.png
19:29:40.191 [Darkroom Processing Line] DEBUG net.serenitybdd.core.photography.DarkroomProcessingLine - Processing screenshot image in /var/screenshots/screenshot-2759329156447090443
19:29:40.192 [Darkroom Processing Line] DEBUG net.serenitybdd.core.photography.DarkroomProcessingLine - Saving screenshot to target\site\serenity\81cec45047e56a6f4aafaa86c839bdc6ee1a9a5851c1837830401574a01fe2c1.png
19:29:40.224 [Forwarding get on session 242d3a26857e2a836afd2d019ded58e6 to remote] DEBUG org.asynchttpclient.netty.request.NettyRequestSender - Using pooled Channel '[id: 0x1f77b328, L:/127.0.0.1:57158 - R:localhost/127.0.0.1:59363]' for 'POST' to 'http://localhost:59363/session/242d3a26857e2a836afd2d019ded58e6/url'
19:29:40.224 [Forwarding get on session 242d3a26857e2a836afd2d019ded58e6 to remote] DEBUG org.asynchttpclient.netty.request.NettyRequestSender - Using open Channel [id: 0x1f77b328, L:/127.0.0.1:57158 - R:localhost/127.0.0.1:59363] for POST '/session/242d3a26857e2a836afd2d019ded58e6/url'
19:29:40.848 [AsyncHttpClient-1-8] DEBUG org.asynchttpclient.netty.handler.HttpHandler - 

Request DefaultHttpRequest(decodeResult: success, version: HTTP/1.1)
POST /session/242d3a26857e2a836afd2d019ded58e6/url HTTP/1.1
User-Agent: selenium/4.1.2 (java windows)
Content-Length: 59
Content-Type: application/json; charset=utf-8
host: localhost:59363
accept: */*

Response DefaultHttpResponse(decodeResult: success, version: HTTP/1.1)
HTTP/1.1 200 OK
Content-Type: application/json; charset=utf-8
cache-control: no-cache
content-length: 14

19:29:40.850 [AsyncHttpClient-1-8] DEBUG org.asynchttpclient.netty.channel.ChannelManager - Adding key: http://localhost:59363 for channel [id: 0x1f77b328, L:/127.0.0.1:57158 - R:localhost/127.0.0.1:59363]
19:29:40.865 [Forwarding getCurrentUrl on session 242d3a26857e2a836afd2d019ded58e6 to remote] DEBUG org.asynchttpclient.netty.request.NettyRequestSender - Using pooled Channel '[id: 0x1f77b328, L:/127.0.0.1:57158 - R:localhost/127.0.0.1:59363]' for 'GET' to 'http://localhost:59363/session/242d3a26857e2a836afd2d019ded58e6/url'
19:29:40.865 [Forwarding getCurrentUrl on session 242d3a26857e2a836afd2d019ded58e6 to remote] DEBUG org.asynchttpclient.netty.request.NettyRequestSender - Using open Channel [id: 0x1f77b328, L:/127.0.0.1:57158 - R:localhost/127.0.0.1:59363] for GET '/session/242d3a26857e2a836afd2d019ded58e6/url'
19:29:40.892 [AsyncHttpClient-1-8] DEBUG org.asynchttpclient.netty.handler.HttpHandler - 

Request DefaultFullHttpRequest(decodeResult: success, version: HTTP/1.1, content: EmptyByteBufBE)
GET /session/242d3a26857e2a836afd2d019ded58e6/url HTTP/1.1
User-Agent: selenium/4.1.2 (java windows)
Cache-Control: no-cache
Content-Type: application/json; charset=utf-8
host: localhost:59363
accept: */*

Response DefaultHttpResponse(decodeResult: success, version: HTTP/1.1)
HTTP/1.1 200 OK
Content-Type: application/json; charset=utf-8
cache-control: no-cache
content-length: 41

19:29:40.894 [AsyncHttpClient-1-8] DEBUG org.asynchttpclient.netty.channel.ChannelManager - Adding key: http://localhost:59363 for channel [id: 0x1f77b328, L:/127.0.0.1:57158 - R:localhost/127.0.0.1:59363]
19:29:40.918 [Forwarding findElement on session 242d3a26857e2a836afd2d019ded58e6 to remote] DEBUG org.asynchttpclient.netty.request.NettyRequestSender - Using pooled Channel '[id: 0x1f77b328, L:/127.0.0.1:57158 - R:localhost/127.0.0.1:59363]' for 'POST' to 'http://localhost:59363/session/242d3a26857e2a836afd2d019ded58e6/element'
19:29:40.918 [Forwarding findElement on session 242d3a26857e2a836afd2d019ded58e6 to remote] DEBUG org.asynchttpclient.netty.request.NettyRequestSender - Using open Channel [id: 0x1f77b328, L:/127.0.0.1:57158 - R:localhost/127.0.0.1:59363] for POST '/session/242d3a26857e2a836afd2d019ded58e6/element'
19:29:40.982 [AsyncHttpClient-1-1] DEBUG org.asynchttpclient.netty.channel.DefaultChannelPool - Entry count for : http://localhost:57159 : 1
19:29:42.089 [AsyncHttpClient-1-1] DEBUG org.asynchttpclient.netty.channel.DefaultChannelPool - Entry count for : http://localhost:57159 : 1
19:29:42.962 [AsyncHttpClient-1-8] DEBUG org.asynchttpclient.netty.handler.HttpHandler - 

Request DefaultHttpRequest(decodeResult: success, version: HTTP/1.1)
POST /session/242d3a26857e2a836afd2d019ded58e6/element HTTP/1.1
User-Agent: selenium/4.1.2 (java windows)
Content-Length: 85
Content-Type: application/json; charset=utf-8
host: localhost:59363
accept: */*

Response DefaultHttpResponse(decodeResult: success, version: HTTP/1.1)
HTTP/1.1 404 Not Found
Content-Type: application/json; charset=utf-8
cache-control: no-cache
content-length: 1039

19:29:42.963 [AsyncHttpClient-1-8] DEBUG org.asynchttpclient.netty.channel.ChannelManager - Adding key: http://localhost:59363 for channel [id: 0x1f77b328, L:/127.0.0.1:57158 - R:localhost/127.0.0.1:59363]
19:29:43.096 [Forwarding findElement on session 242d3a26857e2a836afd2d019ded58e6 to remote] DEBUG org.asynchttpclient.netty.request.NettyRequestSender - Using pooled Channel '[id: 0x1f77b328, L:/127.0.0.1:57158 - R:localhost/127.0.0.1:59363]' for 'POST' to 'http://localhost:59363/session/242d3a26857e2a836afd2d019ded58e6/element'
19:29:43.096 [Forwarding findElement on session 242d3a26857e2a836afd2d019ded58e6 to remote] DEBUG org.asynchttpclient.netty.request.NettyRequestSender - Using open Channel [id: 0x1f77b328, L:/127.0.0.1:57158 - R:localhost/127.0.0.1:59363] for POST '/session/242d3a26857e2a836afd2d019ded58e6/element'
19:29:43.184 [AsyncHttpClient-1-1] DEBUG org.asynchttpclient.netty.channel.DefaultChannelPool - Entry count for : http://localhost:57159 : 1
19:29:44.285 [AsyncHttpClient-1-1] DEBUG org.asynchttpclient.netty.channel.DefaultChannelPool - Entry count for : http://localhost:57159 : 1
19:29:45.382 [AsyncHttpClient-1-1] DEBUG org.asynchttpclient.netty.channel.DefaultChannelPool - Entry count for : http://localhost:57159 : 1
19:29:46.483 [AsyncHttpClient-1-1] DEBUG org.asynchttpclient.netty.channel.DefaultChannelPool - Entry count for : http://localhost:57159 : 1
19:29:47.621 [AsyncHttpClient-1-1] DEBUG org.asynchttpclient.netty.channel.DefaultChannelPool - Entry count for : http://localhost:57159 : 1
19:29:48.684 [AsyncHttpClient-1-1] DEBUG org.asynchttpclient.netty.channel.DefaultChannelPool - Entry count for : http://localhost:57159 : 1
19:29:49.600 [AsyncHttpClient-1-8] DEBUG org.asynchttpclient.netty.handler.HttpHandler - 

Request DefaultHttpRequest(decodeResult: success, version: HTTP/1.1)
POST /session/242d3a26857e2a836afd2d019ded58e6/element HTTP/1.1
User-Agent: selenium/4.1.2 (java windows)
Content-Length: 85
Content-Type: application/json; charset=utf-8
host: localhost:59363
accept: */*

Response DefaultHttpResponse(decodeResult: success, version: HTTP/1.1)
HTTP/1.1 200 OK
Content-Type: application/json; charset=utf-8
cache-control: no-cache
content-length: 88

19:29:49.601 [AsyncHttpClient-1-8] DEBUG org.asynchttpclient.netty.channel.ChannelManager - Adding key: http://localhost:59363 for channel [id: 0x1f77b328, L:/127.0.0.1:57158 - R:localhost/127.0.0.1:59363]
19:29:49.613 [Forwarding getElementTagName on session 242d3a26857e2a836afd2d019ded58e6 to remote] DEBUG org.asynchttpclient.netty.request.NettyRequestSender - Using pooled Channel '[id: 0x1f77b328, L:/127.0.0.1:57158 - R:localhost/127.0.0.1:59363]' for 'GET' to 'http://localhost:59363/session/242d3a26857e2a836afd2d019ded58e6/element/513b4d4e-0c7f-425f-860d-f73bac3e1a81/name'
19:29:49.613 [Forwarding getElementTagName on session 242d3a26857e2a836afd2d019ded58e6 to remote] DEBUG org.asynchttpclient.netty.request.NettyRequestSender - Using open Channel [id: 0x1f77b328, L:/127.0.0.1:57158 - R:localhost/127.0.0.1:59363] for GET '/session/242d3a26857e2a836afd2d019ded58e6/element/513b4d4e-0c7f-425f-860d-f73bac3e1a81/name'
19:29:49.630 [AsyncHttpClient-1-8] DEBUG org.asynchttpclient.netty.handler.HttpHandler - 

Request DefaultFullHttpRequest(decodeResult: success, version: HTTP/1.1, content: EmptyByteBufBE)
GET /session/242d3a26857e2a836afd2d019ded58e6/element/513b4d4e-0c7f-425f-860d-f73bac3e1a81/name HTTP/1.1
User-Agent: selenium/4.1.2 (java windows)
Cache-Control: no-cache
Content-Type: application/json; charset=utf-8
host: localhost:59363
accept: */*

Response DefaultHttpResponse(decodeResult: success, version: HTTP/1.1)
HTTP/1.1 200 OK
Content-Type: application/json; charset=utf-8
cache-control: no-cache
content-length: 16

19:29:49.631 [AsyncHttpClient-1-8] DEBUG org.asynchttpclient.netty.channel.ChannelManager - Adding key: http://localhost:59363 for channel [id: 0x1f77b328, L:/127.0.0.1:57158 - R:localhost/127.0.0.1:59363]
19:29:49.634 [Forwarding getElementTagName on session 242d3a26857e2a836afd2d019ded58e6 to remote] DEBUG org.asynchttpclient.netty.request.NettyRequestSender - Using pooled Channel '[id: 0x1f77b328, L:/127.0.0.1:57158 - R:localhost/127.0.0.1:59363]' for 'GET' to 'http://localhost:59363/session/242d3a26857e2a836afd2d019ded58e6/element/513b4d4e-0c7f-425f-860d-f73bac3e1a81/name'
19:29:49.635 [Forwarding getElementTagName on session 242d3a26857e2a836afd2d019ded58e6 to remote] DEBUG org.asynchttpclient.netty.request.NettyRequestSender - Using open Channel [id: 0x1f77b328, L:/127.0.0.1:57158 - R:localhost/127.0.0.1:59363] for GET '/session/242d3a26857e2a836afd2d019ded58e6/element/513b4d4e-0c7f-425f-860d-f73bac3e1a81/name'
19:29:49.641 [AsyncHttpClient-1-8] DEBUG org.asynchttpclient.netty.handler.HttpHandler - 

Request DefaultFullHttpRequest(decodeResult: success, version: HTTP/1.1, content: EmptyByteBufBE)
GET /session/242d3a26857e2a836afd2d019ded58e6/element/513b4d4e-0c7f-425f-860d-f73bac3e1a81/name HTTP/1.1
User-Agent: selenium/4.1.2 (java windows)
Cache-Control: no-cache
Content-Type: application/json; charset=utf-8
host: localhost:59363
accept: */*

Response DefaultHttpResponse(decodeResult: success, version: HTTP/1.1)
HTTP/1.1 200 OK
Content-Type: application/json; charset=utf-8
cache-control: no-cache
content-length: 16

19:29:49.642 [AsyncHttpClient-1-8] DEBUG org.asynchttpclient.netty.channel.ChannelManager - Adding key: http://localhost:59363 for channel [id: 0x1f77b328, L:/127.0.0.1:57158 - R:localhost/127.0.0.1:59363]
19:29:49.648 [Forwarding findElement on session 242d3a26857e2a836afd2d019ded58e6 to remote] DEBUG org.asynchttpclient.netty.request.NettyRequestSender - Using pooled Channel '[id: 0x1f77b328, L:/127.0.0.1:57158 - R:localhost/127.0.0.1:59363]' for 'POST' to 'http://localhost:59363/session/242d3a26857e2a836afd2d019ded58e6/element'
19:29:49.648 [Forwarding findElement on session 242d3a26857e2a836afd2d019ded58e6 to remote] DEBUG org.asynchttpclient.netty.request.NettyRequestSender - Using open Channel [id: 0x1f77b328, L:/127.0.0.1:57158 - R:localhost/127.0.0.1:59363] for POST '/session/242d3a26857e2a836afd2d019ded58e6/element'
19:29:49.671 [AsyncHttpClient-1-8] DEBUG org.asynchttpclient.netty.handler.HttpHandler - 

Request DefaultHttpRequest(decodeResult: success, version: HTTP/1.1)
POST /session/242d3a26857e2a836afd2d019ded58e6/element HTTP/1.1
User-Agent: selenium/4.1.2 (java windows)
Content-Length: 85
Content-Type: application/json; charset=utf-8
host: localhost:59363
accept: */*

Response DefaultHttpResponse(decodeResult: success, version: HTTP/1.1)
HTTP/1.1 200 OK
Content-Type: application/json; charset=utf-8
cache-control: no-cache
content-length: 88

19:29:49.672 [AsyncHttpClient-1-8] DEBUG org.asynchttpclient.netty.channel.ChannelManager - Adding key: http://localhost:59363 for channel [id: 0x1f77b328, L:/127.0.0.1:57158 - R:localhost/127.0.0.1:59363]
19:29:49.675 [Forwarding clickElement on session 242d3a26857e2a836afd2d019ded58e6 to remote] DEBUG org.asynchttpclient.netty.request.NettyRequestSender - Using pooled Channel '[id: 0x1f77b328, L:/127.0.0.1:57158 - R:localhost/127.0.0.1:59363]' for 'POST' to 'http://localhost:59363/session/242d3a26857e2a836afd2d019ded58e6/element/513b4d4e-0c7f-425f-860d-f73bac3e1a81/click'
19:29:49.675 [Forwarding clickElement on session 242d3a26857e2a836afd2d019ded58e6 to remote] DEBUG org.asynchttpclient.netty.request.NettyRequestSender - Using open Channel [id: 0x1f77b328, L:/127.0.0.1:57158 - R:localhost/127.0.0.1:59363] for POST '/session/242d3a26857e2a836afd2d019ded58e6/element/513b4d4e-0c7f-425f-860d-f73bac3e1a81/click'
19:29:49.783 [AsyncHttpClient-1-1] DEBUG org.asynchttpclient.netty.channel.DefaultChannelPool - Entry count for : http://localhost:57159 : 1
19:29:49.921 [AsyncHttpClient-1-8] DEBUG org.asynchttpclient.netty.handler.HttpHandler - 

Request DefaultHttpRequest(decodeResult: success, version: HTTP/1.1)
POST /session/242d3a26857e2a836afd2d019ded58e6/element/513b4d4e-0c7f-425f-860d-f73bac3e1a81/click HTTP/1.1
User-Agent: selenium/4.1.2 (java windows)
Content-Length: 50
Content-Type: application/json; charset=utf-8
host: localhost:59363
accept: */*

Response DefaultHttpResponse(decodeResult: success, version: HTTP/1.1)
HTTP/1.1 200 OK
Content-Type: application/json; charset=utf-8
cache-control: no-cache
content-length: 14

19:29:49.922 [AsyncHttpClient-1-8] DEBUG org.asynchttpclient.netty.channel.ChannelManager - Adding key: http://localhost:59363 for channel [id: 0x1f77b328, L:/127.0.0.1:57158 - R:localhost/127.0.0.1:59363]
  &amp#27;[32mAnd &amp#27;[0m&amp#27;[32mI buy one of the products&amp#27;[0m            &amp#27;[90m# starter.stepdefinitions.CartSteps.iBuyOneOfTheProducts()&amp#27;[0m
19:29:49.966 [Forwarding screenshot on session 242d3a26857e2a836afd2d019ded58e6 to remote] DEBUG org.asynchttpclient.netty.request.NettyRequestSender - Using pooled Channel '[id: 0x1f77b328, L:/127.0.0.1:57158 - R:localhost/127.0.0.1:59363]' for 'GET' to 'http://localhost:59363/session/242d3a26857e2a836afd2d019ded58e6/screenshot'
19:29:49.966 [Forwarding screenshot on session 242d3a26857e2a836afd2d019ded58e6 to remote] DEBUG org.asynchttpclient.netty.request.NettyRequestSender - Using open Channel [id: 0x1f77b328, L:/127.0.0.1:57158 - R:localhost/127.0.0.1:59363] for GET '/session/242d3a26857e2a836afd2d019ded58e6/screenshot'
19:29:50.447 [AsyncHttpClient-1-8] DEBUG org.asynchttpclient.netty.handler.HttpHandler - 

Request DefaultFullHttpRequest(decodeResult: success, version: HTTP/1.1, content: EmptyByteBufBE)
GET /session/242d3a26857e2a836afd2d019ded58e6/screenshot HTTP/1.1
User-Agent: selenium/4.1.2 (java windows)
Cache-Control: no-cache
Content-Type: application/json; charset=utf-8
host: localhost:59363
accept: */*

Response DefaultHttpResponse(decodeResult: success, version: HTTP/1.1)
HTTP/1.1 200 OK
Content-Type: application/json; charset=utf-8
cache-control: no-cache
content-length: 77160

19:29:50.449 [AsyncHttpClient-1-8] DEBUG org.asynchttpclient.netty.channel.ChannelManager - Adding key: http://localhost:59363 for channel [id: 0x1f77b328, L:/127.0.0.1:57158 - R:localhost/127.0.0.1:59363]
19:29:50.457 [main] DEBUG net.serenitybdd.core.photography.Darkroom - Send negative for processing for target\site\serenity\447558f8056f34a9cb412d42b03896138c1b5fcabfc8460bd46faf6a7d68e5de.png
19:29:50.458 [Darkroom Processing Line] DEBUG net.serenitybdd.core.photography.DarkroomProcessingLine - Processing screenshot image in /var/screenshots/screenshot-6516537510700239710
19:29:50.459 [Darkroom Processing Line] DEBUG net.serenitybdd.core.photography.DarkroomProcessingLine - Saving screenshot to target\site\serenity\447558f8056f34a9cb412d42b03896138c1b5fcabfc8460bd46faf6a7d68e5de.png
19:29:50.488 [Forwarding findElement on session 242d3a26857e2a836afd2d019ded58e6 to remote] DEBUG org.asynchttpclient.netty.request.NettyRequestSender - Using pooled Channel '[id: 0x1f77b328, L:/127.0.0.1:57158 - R:localhost/127.0.0.1:59363]' for 'POST' to 'http://localhost:59363/session/242d3a26857e2a836afd2d019ded58e6/element'
19:29:50.489 [Forwarding findElement on session 242d3a26857e2a836afd2d019ded58e6 to remote] DEBUG org.asynchttpclient.netty.request.NettyRequestSender - Using open Channel [id: 0x1f77b328, L:/127.0.0.1:57158 - R:localhost/127.0.0.1:59363] for POST '/session/242d3a26857e2a836afd2d019ded58e6/element'
19:29:50.520 [AsyncHttpClient-1-8] DEBUG org.asynchttpclient.netty.handler.HttpHandler - 

Request DefaultHttpRequest(decodeResult: success, version: HTTP/1.1)
POST /session/242d3a26857e2a836afd2d019ded58e6/element HTTP/1.1
User-Agent: selenium/4.1.2 (java windows)
Content-Length: 88
Content-Type: application/json; charset=utf-8
host: localhost:59363
accept: */*

Response DefaultHttpResponse(decodeResult: success, version: HTTP/1.1)
HTTP/1.1 200 OK
Content-Type: application/json; charset=utf-8
cache-control: no-cache
content-length: 88

19:29:50.520 [AsyncHttpClient-1-8] DEBUG org.asynchttpclient.netty.channel.ChannelManager - Adding key: http://localhost:59363 for channel [id: 0x1f77b328, L:/127.0.0.1:57158 - R:localhost/127.0.0.1:59363]
19:29:50.525 [Forwarding getElementTagName on session 242d3a26857e2a836afd2d019ded58e6 to remote] DEBUG org.asynchttpclient.netty.request.NettyRequestSender - Using pooled Channel '[id: 0x1f77b328, L:/127.0.0.1:57158 - R:localhost/127.0.0.1:59363]' for 'GET' to 'http://localhost:59363/session/242d3a26857e2a836afd2d019ded58e6/element/45e93d67-997b-498b-8ce2-36e738a39fa7/name'
19:29:50.526 [Forwarding getElementTagName on session 242d3a26857e2a836afd2d019ded58e6 to remote] DEBUG org.asynchttpclient.netty.request.NettyRequestSender - Using open Channel [id: 0x1f77b328, L:/127.0.0.1:57158 - R:localhost/127.0.0.1:59363] for GET '/session/242d3a26857e2a836afd2d019ded58e6/element/45e93d67-997b-498b-8ce2-36e738a39fa7/name'
19:29:50.534 [AsyncHttpClient-1-8] DEBUG org.asynchttpclient.netty.handler.HttpHandler - 

Request DefaultFullHttpRequest(decodeResult: success, version: HTTP/1.1, content: EmptyByteBufBE)
GET /session/242d3a26857e2a836afd2d019ded58e6/element/45e93d67-997b-498b-8ce2-36e738a39fa7/name HTTP/1.1
User-Agent: selenium/4.1.2 (java windows)
Cache-Control: no-cache
Content-Type: application/json; charset=utf-8
host: localhost:59363
accept: */*

Response DefaultHttpResponse(decodeResult: success, version: HTTP/1.1)
HTTP/1.1 200 OK
Content-Type: application/json; charset=utf-8
cache-control: no-cache
content-length: 13

19:29:50.536 [AsyncHttpClient-1-8] DEBUG org.asynchttpclient.netty.channel.ChannelManager - Adding key: http://localhost:59363 for channel [id: 0x1f77b328, L:/127.0.0.1:57158 - R:localhost/127.0.0.1:59363]
19:29:50.538 [Forwarding getElementTagName on session 242d3a26857e2a836afd2d019ded58e6 to remote] DEBUG org.asynchttpclient.netty.request.NettyRequestSender - Using pooled Channel '[id: 0x1f77b328, L:/127.0.0.1:57158 - R:localhost/127.0.0.1:59363]' for 'GET' to 'http://localhost:59363/session/242d3a26857e2a836afd2d019ded58e6/element/45e93d67-997b-498b-8ce2-36e738a39fa7/name'
19:29:50.538 [Forwarding getElementTagName on session 242d3a26857e2a836afd2d019ded58e6 to remote] DEBUG org.asynchttpclient.netty.request.NettyRequestSender - Using open Channel [id: 0x1f77b328, L:/127.0.0.1:57158 - R:localhost/127.0.0.1:59363] for GET '/session/242d3a26857e2a836afd2d019ded58e6/element/45e93d67-997b-498b-8ce2-36e738a39fa7/name'
19:29:50.545 [AsyncHttpClient-1-8] DEBUG org.asynchttpclient.netty.handler.HttpHandler - 

Request DefaultFullHttpRequest(decodeResult: success, version: HTTP/1.1, content: EmptyByteBufBE)
GET /session/242d3a26857e2a836afd2d019ded58e6/element/45e93d67-997b-498b-8ce2-36e738a39fa7/name HTTP/1.1
User-Agent: selenium/4.1.2 (java windows)
Cache-Control: no-cache
Content-Type: application/json; charset=utf-8
host: localhost:59363
accept: */*

Response DefaultHttpResponse(decodeResult: success, version: HTTP/1.1)
HTTP/1.1 200 OK
Content-Type: application/json; charset=utf-8
cache-control: no-cache
content-length: 13

19:29:50.545 [AsyncHttpClient-1-8] DEBUG org.asynchttpclient.netty.channel.ChannelManager - Adding key: http://localhost:59363 for channel [id: 0x1f77b328, L:/127.0.0.1:57158 - R:localhost/127.0.0.1:59363]
19:29:50.550 [Forwarding findElement on session 242d3a26857e2a836afd2d019ded58e6 to remote] DEBUG org.asynchttpclient.netty.request.NettyRequestSender - Using pooled Channel '[id: 0x1f77b328, L:/127.0.0.1:57158 - R:localhost/127.0.0.1:59363]' for 'POST' to 'http://localhost:59363/session/242d3a26857e2a836afd2d019ded58e6/element'
19:29:50.550 [Forwarding findElement on session 242d3a26857e2a836afd2d019ded58e6 to remote] DEBUG org.asynchttpclient.netty.request.NettyRequestSender - Using open Channel [id: 0x1f77b328, L:/127.0.0.1:57158 - R:localhost/127.0.0.1:59363] for POST '/session/242d3a26857e2a836afd2d019ded58e6/element'
19:29:50.566 [AsyncHttpClient-1-8] DEBUG org.asynchttpclient.netty.handler.HttpHandler - 

Request DefaultHttpRequest(decodeResult: success, version: HTTP/1.1)
POST /session/242d3a26857e2a836afd2d019ded58e6/element HTTP/1.1
User-Agent: selenium/4.1.2 (java windows)
Content-Length: 88
Content-Type: application/json; charset=utf-8
host: localhost:59363
accept: */*

Response DefaultHttpResponse(decodeResult: success, version: HTTP/1.1)
HTTP/1.1 200 OK
Content-Type: application/json; charset=utf-8
cache-control: no-cache
content-length: 88

19:29:50.566 [AsyncHttpClient-1-8] DEBUG org.asynchttpclient.netty.channel.ChannelManager - Adding key: http://localhost:59363 for channel [id: 0x1f77b328, L:/127.0.0.1:57158 - R:localhost/127.0.0.1:59363]
19:29:50.570 [Forwarding clickElement on session 242d3a26857e2a836afd2d019ded58e6 to remote] DEBUG org.asynchttpclient.netty.request.NettyRequestSender - Using pooled Channel '[id: 0x1f77b328, L:/127.0.0.1:57158 - R:localhost/127.0.0.1:59363]' for 'POST' to 'http://localhost:59363/session/242d3a26857e2a836afd2d019ded58e6/element/45e93d67-997b-498b-8ce2-36e738a39fa7/click'
19:29:50.570 [Forwarding clickElement on session 242d3a26857e2a836afd2d019ded58e6 to remote] DEBUG org.asynchttpclient.netty.request.NettyRequestSender - Using open Channel [id: 0x1f77b328, L:/127.0.0.1:57158 - R:localhost/127.0.0.1:59363] for POST '/session/242d3a26857e2a836afd2d019ded58e6/element/45e93d67-997b-498b-8ce2-36e738a39fa7/click'
19:29:50.673 [AsyncHttpClient-1-8] DEBUG org.asynchttpclient.netty.handler.HttpHandler - 

Request DefaultHttpRequest(decodeResult: success, version: HTTP/1.1)
POST /session/242d3a26857e2a836afd2d019ded58e6/element/45e93d67-997b-498b-8ce2-36e738a39fa7/click HTTP/1.1
User-Agent: selenium/4.1.2 (java windows)
Content-Length: 50
Content-Type: application/json; charset=utf-8
host: localhost:59363
accept: */*

Response DefaultHttpResponse(decodeResult: success, version: HTTP/1.1)
HTTP/1.1 200 OK
Content-Type: application/json; charset=utf-8
cache-control: no-cache
content-length: 14

19:29:50.673 [AsyncHttpClient-1-8] DEBUG org.asynchttpclient.netty.channel.ChannelManager - Adding key: http://localhost:59363 for channel [id: 0x1f77b328, L:/127.0.0.1:57158 - R:localhost/127.0.0.1:59363]
  &amp#27;[32mWhen &amp#27;[0m&amp#27;[32mI open cart page&amp#27;[0m                    &amp#27;[90m# starter.stepdefinitions.CartSteps.iOpenCartPage()&amp#27;[0m
19:29:50.697 [Forwarding screenshot on session 242d3a26857e2a836afd2d019ded58e6 to remote] DEBUG org.asynchttpclient.netty.request.NettyRequestSender - Using pooled Channel '[id: 0x1f77b328, L:/127.0.0.1:57158 - R:localhost/127.0.0.1:59363]' for 'GET' to 'http://localhost:59363/session/242d3a26857e2a836afd2d019ded58e6/screenshot'
19:29:50.698 [Forwarding screenshot on session 242d3a26857e2a836afd2d019ded58e6 to remote] DEBUG org.asynchttpclient.netty.request.NettyRequestSender - Using open Channel [id: 0x1f77b328, L:/127.0.0.1:57158 - R:localhost/127.0.0.1:59363] for GET '/session/242d3a26857e2a836afd2d019ded58e6/screenshot'
19:29:50.885 [AsyncHttpClient-1-1] DEBUG org.asynchttpclient.netty.channel.DefaultChannelPool - Entry count for : http://localhost:57159 : 1
19:29:51.634 [AsyncHttpClient-1-8] DEBUG org.asynchttpclient.netty.handler.HttpHandler - 

Request DefaultFullHttpRequest(decodeResult: success, version: HTTP/1.1, content: EmptyByteBufBE)
GET /session/242d3a26857e2a836afd2d019ded58e6/screenshot HTTP/1.1
User-Agent: selenium/4.1.2 (java windows)
Cache-Control: no-cache
Content-Type: application/json; charset=utf-8
host: localhost:59363
accept: */*

Response DefaultHttpResponse(decodeResult: success, version: HTTP/1.1)
HTTP/1.1 200 OK
Content-Type: application/json; charset=utf-8
cache-control: no-cache
content-length: 46856

19:29:51.635 [AsyncHttpClient-1-8] DEBUG org.asynchttpclient.netty.channel.ChannelManager - Adding key: http://localhost:59363 for channel [id: 0x1f77b328, L:/127.0.0.1:57158 - R:localhost/127.0.0.1:59363]
19:29:51.639 [main] DEBUG net.serenitybdd.core.photography.Darkroom - Send negative for processing for target\site\serenity\cf223c48293e200bc373918ede51d3bac9fbfa97b6b78180f391d7a673c594da.png
19:29:51.658 [Forwarding findElement on session 242d3a26857e2a836afd2d019ded58e6 to remote] DEBUG org.asynchttpclient.netty.request.NettyRequestSender - Using pooled Channel '[id: 0x1f77b328, L:/127.0.0.1:57158 - R:localhost/127.0.0.1:59363]' for 'POST' to 'http://localhost:59363/session/242d3a26857e2a836afd2d019ded58e6/element'
19:29:51.658 [Forwarding findElement on session 242d3a26857e2a836afd2d019ded58e6 to remote] DEBUG org.asynchttpclient.netty.request.NettyRequestSender - Using open Channel [id: 0x1f77b328, L:/127.0.0.1:57158 - R:localhost/127.0.0.1:59363] for POST '/session/242d3a26857e2a836afd2d019ded58e6/element'
19:29:51.690 [AsyncHttpClient-1-8] DEBUG org.asynchttpclient.netty.handler.HttpHandler - 

Request DefaultHttpRequest(decodeResult: success, version: HTTP/1.1)
POST /session/242d3a26857e2a836afd2d019ded58e6/element HTTP/1.1
User-Agent: selenium/4.1.2 (java windows)
Content-Length: 77
Content-Type: application/json; charset=utf-8
host: localhost:59363
accept: */*

Response DefaultHttpResponse(decodeResult: success, version: HTTP/1.1)
HTTP/1.1 200 OK
Content-Type: application/json; charset=utf-8
cache-control: no-cache
content-length: 88

19:29:51.691 [AsyncHttpClient-1-8] DEBUG org.asynchttpclient.netty.channel.ChannelManager - Adding key: http://localhost:59363 for channel [id: 0x1f77b328, L:/127.0.0.1:57158 - R:localhost/127.0.0.1:59363]
19:29:51.695 [Forwarding getElementTagName on session 242d3a26857e2a836afd2d019ded58e6 to remote] DEBUG org.asynchttpclient.netty.request.NettyRequestSender - Using pooled Channel '[id: 0x1f77b328, L:/127.0.0.1:57158 - R:localhost/127.0.0.1:59363]' for 'GET' to 'http://localhost:59363/session/242d3a26857e2a836afd2d019ded58e6/element/fb4bead7-6900-45a4-9811-4bc0745cb198/name'
19:29:51.696 [Forwarding getElementTagName on session 242d3a26857e2a836afd2d019ded58e6 to remote] DEBUG org.asynchttpclient.netty.request.NettyRequestSender - Using open Channel [id: 0x1f77b328, L:/127.0.0.1:57158 - R:localhost/127.0.0.1:59363] for GET '/session/242d3a26857e2a836afd2d019ded58e6/element/fb4bead7-6900-45a4-9811-4bc0745cb198/name'
19:29:51.704 [AsyncHttpClient-1-8] DEBUG org.asynchttpclient.netty.handler.HttpHandler - 

Request DefaultFullHttpRequest(decodeResult: success, version: HTTP/1.1, content: EmptyByteBufBE)
GET /session/242d3a26857e2a836afd2d019ded58e6/element/fb4bead7-6900-45a4-9811-4bc0745cb198/name HTTP/1.1
User-Agent: selenium/4.1.2 (java windows)
Cache-Control: no-cache
Content-Type: application/json; charset=utf-8
host: localhost:59363
accept: */*

Response DefaultHttpResponse(decodeResult: success, version: HTTP/1.1)
HTTP/1.1 200 OK
Content-Type: application/json; charset=utf-8
cache-control: no-cache
content-length: 16

19:29:51.704 [AsyncHttpClient-1-8] DEBUG org.asynchttpclient.netty.channel.ChannelManager - Adding key: http://localhost:59363 for channel [id: 0x1f77b328, L:/127.0.0.1:57158 - R:localhost/127.0.0.1:59363]
19:29:51.708 [Forwarding getElementTagName on session 242d3a26857e2a836afd2d019ded58e6 to remote] DEBUG org.asynchttpclient.netty.request.NettyRequestSender - Using pooled Channel '[id: 0x1f77b328, L:/127.0.0.1:57158 - R:localhost/127.0.0.1:59363]' for 'GET' to 'http://localhost:59363/session/242d3a26857e2a836afd2d019ded58e6/element/fb4bead7-6900-45a4-9811-4bc0745cb198/name'
19:29:51.708 [Forwarding getElementTagName on session 242d3a26857e2a836afd2d019ded58e6 to remote] DEBUG org.asynchttpclient.netty.request.NettyRequestSender - Using open Channel [id: 0x1f77b328, L:/127.0.0.1:57158 - R:localhost/127.0.0.1:59363] for GET '/session/242d3a26857e2a836afd2d019ded58e6/element/fb4bead7-6900-45a4-9811-4bc0745cb198/name'
19:29:51.716 [AsyncHttpClient-1-8] DEBUG org.asynchttpclient.netty.handler.HttpHandler - 

Request DefaultFullHttpRequest(decodeResult: success, version: HTTP/1.1, content: EmptyByteBufBE)
GET /session/242d3a26857e2a836afd2d019ded58e6/element/fb4bead7-6900-45a4-9811-4bc0745cb198/name HTTP/1.1
User-Agent: selenium/4.1.2 (java windows)
Cache-Control: no-cache
Content-Type: application/json; charset=utf-8
host: localhost:59363
accept: */*

Response DefaultHttpResponse(decodeResult: success, version: HTTP/1.1)
HTTP/1.1 200 OK
Content-Type: application/json; charset=utf-8
cache-control: no-cache
content-length: 16

19:29:51.716 [AsyncHttpClient-1-8] DEBUG org.asynchttpclient.netty.channel.ChannelManager - Adding key: http://localhost:59363 for channel [id: 0x1f77b328, L:/127.0.0.1:57158 - R:localhost/127.0.0.1:59363]
19:29:51.721 [Forwarding findElement on session 242d3a26857e2a836afd2d019ded58e6 to remote] DEBUG org.asynchttpclient.netty.request.NettyRequestSender - Using pooled Channel '[id: 0x1f77b328, L:/127.0.0.1:57158 - R:localhost/127.0.0.1:59363]' for 'POST' to 'http://localhost:59363/session/242d3a26857e2a836afd2d019ded58e6/element'
19:29:51.721 [Forwarding findElement on session 242d3a26857e2a836afd2d019ded58e6 to remote] DEBUG org.asynchttpclient.netty.request.NettyRequestSender - Using open Channel [id: 0x1f77b328, L:/127.0.0.1:57158 - R:localhost/127.0.0.1:59363] for POST '/session/242d3a26857e2a836afd2d019ded58e6/element'
19:29:51.732 [AsyncHttpClient-1-8] DEBUG org.asynchttpclient.netty.handler.HttpHandler - 

Request DefaultHttpRequest(decodeResult: success, version: HTTP/1.1)
POST /session/242d3a26857e2a836afd2d019ded58e6/element HTTP/1.1
User-Agent: selenium/4.1.2 (java windows)
Content-Length: 77
Content-Type: application/json; charset=utf-8
host: localhost:59363
accept: */*

Response DefaultHttpResponse(decodeResult: success, version: HTTP/1.1)
HTTP/1.1 200 OK
Content-Type: application/json; charset=utf-8
cache-control: no-cache
content-length: 88

19:29:51.733 [AsyncHttpClient-1-8] DEBUG org.asynchttpclient.netty.channel.ChannelManager - Adding key: http://localhost:59363 for channel [id: 0x1f77b328, L:/127.0.0.1:57158 - R:localhost/127.0.0.1:59363]
19:29:51.736 [Forwarding clickElement on session 242d3a26857e2a836afd2d019ded58e6 to remote] DEBUG org.asynchttpclient.netty.request.NettyRequestSender - Using pooled Channel '[id: 0x1f77b328, L:/127.0.0.1:57158 - R:localhost/127.0.0.1:59363]' for 'POST' to 'http://localhost:59363/session/242d3a26857e2a836afd2d019ded58e6/element/fb4bead7-6900-45a4-9811-4bc0745cb198/click'
19:29:51.736 [Forwarding clickElement on session 242d3a26857e2a836afd2d019ded58e6 to remote] DEBUG org.asynchttpclient.netty.request.NettyRequestSender - Using open Channel [id: 0x1f77b328, L:/127.0.0.1:57158 - R:localhost/127.0.0.1:59363] for POST '/session/242d3a26857e2a836afd2d019ded58e6/element/fb4bead7-6900-45a4-9811-4bc0745cb198/click'
19:29:51.812 [AsyncHttpClient-1-8] DEBUG org.asynchttpclient.netty.handler.HttpHandler - 

Request DefaultHttpRequest(decodeResult: success, version: HTTP/1.1)
POST /session/242d3a26857e2a836afd2d019ded58e6/element/fb4bead7-6900-45a4-9811-4bc0745cb198/click HTTP/1.1
User-Agent: selenium/4.1.2 (java windows)
Content-Length: 50
Content-Type: application/json; charset=utf-8
host: localhost:59363
accept: */*

Response DefaultHttpResponse(decodeResult: success, version: HTTP/1.1)
HTTP/1.1 200 OK
Content-Type: application/json; charset=utf-8
cache-control: no-cache
content-length: 14

19:29:51.812 [AsyncHttpClient-1-8] DEBUG org.asynchttpclient.netty.channel.ChannelManager - Adding key: http://localhost:59363 for channel [id: 0x1f77b328, L:/127.0.0.1:57158 - R:localhost/127.0.0.1:59363]
  &amp#27;[32mAnd &amp#27;[0m&amp#27;[32mI click minus logo&amp#27;[0m                   &amp#27;[90m# starter.stepdefinitions.CartSteps.iClickMinusLogo()&amp#27;[0m
19:29:51.832 [Forwarding screenshot on session 242d3a26857e2a836afd2d019ded58e6 to remote] DEBUG org.asynchttpclient.netty.request.NettyRequestSender - Using pooled Channel '[id: 0x1f77b328, L:/127.0.0.1:57158 - R:localhost/127.0.0.1:59363]' for 'GET' to 'http://localhost:59363/session/242d3a26857e2a836afd2d019ded58e6/screenshot'
19:29:51.832 [Forwarding screenshot on session 242d3a26857e2a836afd2d019ded58e6 to remote] DEBUG org.asynchttpclient.netty.request.NettyRequestSender - Using open Channel [id: 0x1f77b328, L:/127.0.0.1:57158 - R:localhost/127.0.0.1:59363] for GET '/session/242d3a26857e2a836afd2d019ded58e6/screenshot'
19:29:51.987 [AsyncHttpClient-1-1] DEBUG org.asynchttpclient.netty.channel.DefaultChannelPool - Entry count for : http://localhost:57159 : 1
19:29:52.200 [AsyncHttpClient-1-8] DEBUG org.asynchttpclient.netty.handler.HttpHandler - 

Request DefaultFullHttpRequest(decodeResult: success, version: HTTP/1.1, content: EmptyByteBufBE)
GET /session/242d3a26857e2a836afd2d019ded58e6/screenshot HTTP/1.1
User-Agent: selenium/4.1.2 (java windows)
Cache-Control: no-cache
Content-Type: application/json; charset=utf-8
host: localhost:59363
accept: */*

Response DefaultHttpResponse(decodeResult: success, version: HTTP/1.1)
HTTP/1.1 200 OK
Content-Type: application/json; charset=utf-8
cache-control: no-cache
content-length: 26404

19:29:52.202 [AsyncHttpClient-1-8] DEBUG org.asynchttpclient.netty.channel.ChannelManager - Adding key: http://localhost:59363 for channel [id: 0x1f77b328, L:/127.0.0.1:57158 - R:localhost/127.0.0.1:59363]
19:29:52.206 [main] DEBUG net.serenitybdd.core.photography.Darkroom - Send negative for processing for target\site\serenity\1f1a6205309e42d856625cc9b4de24f555d0638e8d3c5cddeda3c9a7c7f173b2.png
19:29:52.207 [Darkroom Processing Line] DEBUG net.serenitybdd.core.photography.DarkroomProcessingLine - Processing screenshot image in /var/screenshots/screenshot-14382514615984049272
19:29:52.207 [Darkroom Processing Line] DEBUG net.serenitybdd.core.photography.DarkroomProcessingLine - Saving screenshot to target\site\serenity\1f1a6205309e42d856625cc9b4de24f555d0638e8d3c5cddeda3c9a7c7f173b2.png
19:29:52.228 [Forwarding findElement on session 242d3a26857e2a836afd2d019ded58e6 to remote] DEBUG org.asynchttpclient.netty.request.NettyRequestSender - Using pooled Channel '[id: 0x1f77b328, L:/127.0.0.1:57158 - R:localhost/127.0.0.1:59363]' for 'POST' to 'http://localhost:59363/session/242d3a26857e2a836afd2d019ded58e6/element'
19:29:52.229 [Forwarding findElement on session 242d3a26857e2a836afd2d019ded58e6 to remote] DEBUG org.asynchttpclient.netty.request.NettyRequestSender - Using open Channel [id: 0x1f77b328, L:/127.0.0.1:57158 - R:localhost/127.0.0.1:59363] for POST '/session/242d3a26857e2a836afd2d019ded58e6/element'
19:29:52.252 [AsyncHttpClient-1-8] DEBUG org.asynchttpclient.netty.handler.HttpHandler - 

Request DefaultHttpRequest(decodeResult: success, version: HTTP/1.1)
POST /session/242d3a26857e2a836afd2d019ded58e6/element HTTP/1.1
User-Agent: selenium/4.1.2 (java windows)
Content-Length: 89
Content-Type: application/json; charset=utf-8
host: localhost:59363
accept: */*

Response DefaultHttpResponse(decodeResult: success, version: HTTP/1.1)
HTTP/1.1 200 OK
Content-Type: application/json; charset=utf-8
cache-control: no-cache
content-length: 88

19:29:52.252 [AsyncHttpClient-1-8] DEBUG org.asynchttpclient.netty.channel.ChannelManager - Adding key: http://localhost:59363 for channel [id: 0x1f77b328, L:/127.0.0.1:57158 - R:localhost/127.0.0.1:59363]
19:29:52.261 [Forwarding isElementDisplayed on session 242d3a26857e2a836afd2d019ded58e6 to remote] DEBUG org.asynchttpclient.netty.request.NettyRequestSender - Using pooled Channel '[id: 0x1f77b328, L:/127.0.0.1:57158 - R:localhost/127.0.0.1:59363]' for 'POST' to 'http://localhost:59363/session/242d3a26857e2a836afd2d019ded58e6/execute/sync'
19:29:52.262 [Forwarding isElementDisplayed on session 242d3a26857e2a836afd2d019ded58e6 to remote] DEBUG org.asynchttpclient.netty.request.NettyRequestSender - Using open Channel [id: 0x1f77b328, L:/127.0.0.1:57158 - R:localhost/127.0.0.1:59363] for POST '/session/242d3a26857e2a836afd2d019ded58e6/execute/sync'
19:29:52.285 [AsyncHttpClient-1-8] DEBUG org.asynchttpclient.netty.handler.HttpHandler - 

Request DefaultHttpRequest(decodeResult: success, version: HTTP/1.1)
POST /session/242d3a26857e2a836afd2d019ded58e6/execute/sync HTTP/1.1
User-Agent: selenium/4.1.2 (java windows)
Content-Length: 48780
Content-Type: application/json; charset=utf-8
host: localhost:59363
accept: */*

Response DefaultHttpResponse(decodeResult: success, version: HTTP/1.1)
HTTP/1.1 200 OK
Content-Type: application/json; charset=utf-8
cache-control: no-cache
content-length: 14

19:29:52.286 [AsyncHttpClient-1-8] DEBUG org.asynchttpclient.netty.channel.ChannelManager - Adding key: http://localhost:59363 for channel [id: 0x1f77b328, L:/127.0.0.1:57158 - R:localhost/127.0.0.1:59363]
  &amp#27;[32mThen &amp#27;[0m&amp#27;[32mThe product is deleted from my cart&amp#27;[0m &amp#27;[90m# starter.stepdefinitions.CartSteps.theProductIsDeletedFromMyCart()&amp#27;[0m
19:29:52.298 [Forwarding screenshot on session 242d3a26857e2a836afd2d019ded58e6 to remote] DEBUG org.asynchttpclient.netty.request.NettyRequestSender - Using pooled Channel '[id: 0x1f77b328, L:/127.0.0.1:57158 - R:localhost/127.0.0.1:59363]' for 'GET' to 'http://localhost:59363/session/242d3a26857e2a836afd2d019ded58e6/screenshot'
19:29:52.298 [Forwarding screenshot on session 242d3a26857e2a836afd2d019ded58e6 to remote] DEBUG org.asynchttpclient.netty.request.NettyRequestSender - Using open Channel [id: 0x1f77b328, L:/127.0.0.1:57158 - R:localhost/127.0.0.1:59363] for GET '/session/242d3a26857e2a836afd2d019ded58e6/screenshot'
19:29:52.630 [AsyncHttpClient-1-8] DEBUG org.asynchttpclient.netty.handler.HttpHandler - 

Request DefaultFullHttpRequest(decodeResult: success, version: HTTP/1.1, content: EmptyByteBufBE)
GET /session/242d3a26857e2a836afd2d019ded58e6/screenshot HTTP/1.1
User-Agent: selenium/4.1.2 (java windows)
Cache-Control: no-cache
Content-Type: application/json; charset=utf-8
host: localhost:59363
accept: */*

Response DefaultHttpResponse(decodeResult: success, version: HTTP/1.1)
HTTP/1.1 200 OK
Content-Type: application/json; charset=utf-8
cache-control: no-cache
content-length: 26392

19:29:52.631 [AsyncHttpClient-1-8] DEBUG org.asynchttpclient.netty.channel.ChannelManager - Adding key: http://localhost:59363 for channel [id: 0x1f77b328, L:/127.0.0.1:57158 - R:localhost/127.0.0.1:59363]
19:29:52.635 [main] DEBUG net.serenitybdd.core.photography.Darkroom - Send negative for processing for target\site\serenity\e4fef15195a022b196c355ed7e36381d0a50a77a474d2ff091777bfde7161c7e.png
19:29:52.636 [Darkroom Processing Line] DEBUG net.serenitybdd.core.photography.DarkroomProcessingLine - Processing screenshot image in /var/screenshots/screenshot-14760246275950853656
19:29:52.637 [Darkroom Processing Line] DEBUG net.serenitybdd.core.photography.DarkroomProcessingLine - Saving screenshot to target\site\serenity\e4fef15195a022b196c355ed7e36381d0a50a77a474d2ff091777bfde7161c7e.png
19:29:52.639 [main] INFO  - 
  _____   ___   ___   _____     ___     _     ___   ___   ___   ___  
 |_   _| | __| / __| |_   _|   | _ \   /_\   / __| / __| | __| |   \ 
   | |   | _|  \__ \   | |     |  _/  / _ \  \__ \ \__ \ | _|  | |) |
   |_|   |___| |___/   |_|     |_|   /_/ \_\ |___/ |___/ |___| |___/ 

Delete Product From Cart
----------------------------------------------------------------------
19:29:52.642 [AsyncHttpClient-1-10] DEBUG org.asynchttpclient.netty.handler.WebSocketHandler - Channel Closed: [id: 0x7cd510e4, L:/127.0.0.1:57168 ! R:localhost/127.0.0.1:57159] with attribute NettyResponseFuture{currentRetry=5,
	isDone=1,
	isCancelled=0,
	asyncHandler=org.asynchttpclient.ws.WebSocketUpgradeHandler@65952a0f,
	nettyRequest=org.asynchttpclient.netty.request.NettyRequest@2097b8d9,
	future=java.util.concurrent.CompletableFuture@25f4730d[Completed normally],
	uri=ws://localhost:57159/devtools/browser/3575b103-cdda-4123-9de4-0c62e8557245,
	keepAlive=true,
	redirectCount=0,
	timeoutsHolder=null,
	inAuth=0,
	touch=1667996977564}
19:29:52.642 [AsyncHttpClient-1-10] DEBUG org.asynchttpclient.netty.channel.ChannelManager - Closing Channel [id: 0x7cd510e4, L:/127.0.0.1:57168 ! R:localhost/127.0.0.1:57159] 
19:29:52.646 [Driver Command Executor] DEBUG org.asynchttpclient.netty.request.NettyRequestSender - Using pooled Channel '[id: 0x1f77b328, L:/127.0.0.1:57158 - R:localhost/127.0.0.1:59363]' for 'DELETE' to 'http://localhost:59363/session/242d3a26857e2a836afd2d019ded58e6'
19:29:52.646 [Driver Command Executor] DEBUG org.asynchttpclient.netty.request.NettyRequestSender - Using open Channel [id: 0x1f77b328, L:/127.0.0.1:57158 - R:localhost/127.0.0.1:59363] for DELETE '/session/242d3a26857e2a836afd2d019ded58e6'
19:29:52.824 [AsyncHttpClient-1-9] DEBUG org.asynchttpclient.netty.handler.HttpHandler - Unexpected I/O exception on channel [id: 0xfbb2bdf7, L:/127.0.0.1:57167 - R:localhost/127.0.0.1:57159]
java.net.SocketException: Connection reset
	at java.base/sun.nio.ch.SocketChannelImpl.throwConnectionReset(SocketChannelImpl.java:345)
	at java.base/sun.nio.ch.SocketChannelImpl.read(SocketChannelImpl.java:376)
	at io.netty.buffer.PooledByteBuf.setBytes(PooledByteBuf.java:258)
	at io.netty.buffer.AbstractByteBuf.writeBytes(AbstractByteBuf.java:1132)
	at io.netty.channel.socket.nio.NioSocketChannel.doReadBytes(NioSocketChannel.java:350)
	at io.netty.channel.nio.AbstractNioByteChannel$NioByteUnsafe.read(AbstractNioByteChannel.java:151)
	at io.netty.channel.nio.NioEventLoop.processSelectedKey(NioEventLoop.java:722)
	at io.netty.channel.nio.NioEventLoop.processSelectedKeysOptimized(NioEventLoop.java:658)
	at io.netty.channel.nio.NioEventLoop.processSelectedKeys(NioEventLoop.java:584)
	at io.netty.channel.nio.NioEventLoop.run(NioEventLoop.java:496)
	at io.netty.util.concurrent.SingleThreadEventExecutor$4.run(SingleThreadEventExecutor.java:986)
	at io.netty.util.internal.ThreadExecutorMap$2.run(ThreadExecutorMap.java:74)
	at io.netty.util.concurrent.FastThreadLocalRunnable.run(FastThreadLocalRunnable.java:30)
	at java.base/java.lang.Thread.run(Thread.java:830)
19:29:52.824 [AsyncHttpClient-1-9] DEBUG org.asynchttpclient.netty.channel.ChannelManager - Closing Channel [id: 0xfbb2bdf7, L:/127.0.0.1:57167 - R:localhost/127.0.0.1:57159] 
19:29:52.825 [AsyncHttpClient-1-9] DEBUG org.asynchttpclient.netty.handler.HttpHandler - Channel Closed: [id: 0xfbb2bdf7, L:/127.0.0.1:57167 ! R:localhost/127.0.0.1:57159] with attribute DISCARD
19:29:52.870 [AsyncHttpClient-1-8] DEBUG org.asynchttpclient.netty.handler.HttpHandler - 

Request DefaultFullHttpRequest(decodeResult: success, version: HTTP/1.1, content: EmptyByteBufBE)
DELETE /session/242d3a26857e2a836afd2d019ded58e6 HTTP/1.1
User-Agent: selenium/4.1.2 (java windows)
Content-Type: application/json; charset=utf-8
host: localhost:59363
accept: */*

Response DefaultHttpResponse(decodeResult: success, version: HTTP/1.1)
HTTP/1.1 200 OK
Content-Type: application/json; charset=utf-8
cache-control: no-cache
content-length: 14

19:29:52.872 [AsyncHttpClient-1-8] DEBUG org.asynchttpclient.netty.channel.ChannelManager - Adding key: http://localhost:59363 for channel [id: 0x1f77b328, L:/127.0.0.1:57158 - R:localhost/127.0.0.1:59363]
19:29:53.017 [AsyncHttpClient-1-8] DEBUG org.asynchttpclient.netty.handler.HttpHandler - Channel Closed: [id: 0x1f77b328, L:/127.0.0.1:57158 ! R:localhost/127.0.0.1:59363] with attribute DISCARD
19:29:53.084 [AsyncHttpClient-1-1] DEBUG org.asynchttpclient.netty.channel.DefaultChannelPool - Entry count for : http://localhost:59363 : 1
19:29:53.084 [AsyncHttpClient-1-1] DEBUG org.asynchttpclient.netty.channel.DefaultChannelPool - Entry count for : http://localhost:57159 : 1
19:29:53.084 [AsyncHttpClient-1-1] DEBUG org.asynchttpclient.netty.channel.DefaultChannelPool - Adding Candidate expired Channel [id: 0x1f77b328, L:/127.0.0.1:57158 ! R:localhost/127.0.0.1:59363] isIdleTimeoutExpired=false isRemotelyClosed=true isTtlExpired=false
19:29:53.084 [AsyncHttpClient-1-1] DEBUG org.asynchttpclient.netty.channel.DefaultChannelPool - Closing Idle Channel [id: 0x1f77b328, L:/127.0.0.1:57158 ! R:localhost/127.0.0.1:59363]
19:29:53.084 [AsyncHttpClient-1-1] DEBUG org.asynchttpclient.netty.channel.DefaultChannelPool - Adding Candidate expired Channel [id: 0xfbb2bdf7, L:/127.0.0.1:57167 ! R:localhost/127.0.0.1:57159] isIdleTimeoutExpired=false isRemotelyClosed=true isTtlExpired=false
19:29:53.084 [AsyncHttpClient-1-1] DEBUG org.asynchttpclient.netty.channel.DefaultChannelPool - Closing Idle Channel [id: 0xfbb2bdf7, L:/127.0.0.1:57167 ! R:localhost/127.0.0.1:57159]
19:29:53.084 [AsyncHttpClient-1-1] DEBUG org.asynchttpclient.netty.channel.DefaultChannelPool - Closed 2 connections out of 2 in 0 ms
]]></system-out>
    <system-err><![CDATA[Starting ChromeDriver 106.0.5249.61 (511755355844955cd3e264779baf0dd38212a4d0-refs/branch-heads/5249@{#569}) on port 59363
Only local connections are allowed.
Please see https://chromedriver.chromium.org/security-considerations for suggestions on keeping ChromeDriver safe.
ChromeDriver was started successfully.
[1667996976.308][WARNING]: This version of ChromeDriver has not been tested with Chrome version 107.
Nov 09, 2022 7:29:37 PM org.openqa.selenium.remote.ProtocolHandshake createSession
INFO: Detected dialect: W3C
Nov 09, 2022 7:29:37 PM org.openqa.selenium.devtools.CdpVersionFinder findNearestMatch
WARNING: Unable to find an exact match for CDP version 107, so returning the closest version found: a no-op implementation
Nov 09, 2022 7:29:37 PM org.openqa.selenium.devtools.CdpVersionFinder findNearestMatch
INFO: Unable to find CDP implementation matching 107.
Nov 09, 2022 7:29:37 PM org.openqa.selenium.chromium.ChromiumDriver lambda$new$3
WARNING: Unable to find version of CDP to use for . You may need to include a dependency on a specific version of the CDP using something similar to `org.seleniumhq.selenium:selenium-devtools-v86:4.1.2` where the version ("v86") matches the version of the chromium-based browser you're using and the version number of the artifact is the same as Selenium's.
]]></system-err>
  </testcase>
  <testcase name="Add Product Quantity" classname="Manage Cart" time="20.359">
    <system-out><![CDATA[
@Cart
Scenario: Add Product Quantity          &amp#27;[90m# src/test/resources/features/Cart.feature:26&amp#27;[0m
19:29:53.583 [main] INFO io.cucumber.core.plugin.SerenityReporter - Running feature from file:///C:/Users/ASUS/Desktop/stupen/miniproject/Web/ASWeb/src/test/resources/features/Cart.feature
19:29:53.589 [main] INFO  - 
  _____   ___   ___   _____     ___   _____     _     ___   _____   ___   ___  
 |_   _| | __| / __| |_   _|   / __| |_   _|   /_\   | _ \ |_   _| | __| |   \ 
   | |   | _|  \__ \   | |     \__ \   | |    / _ \  |   /   | |   | _|  | |) |
   |_|   |___| |___/   |_|     |___/   |_|   /_/ \_\ |_|_\   |_|   |___| |___/ 

Add Product Quantity(manage-cart;add-product-quantity)
--------------------------------------------------------------------------------
19:29:53.632 [main] INFO net.serenitybdd.core.webdriver.driverproviders.ChromeDriverProvider - Using automatically driver download
19:29:53.913 [main] DEBUG io.github.bonigarcia.wdm.cache.ResolutionCache - Resolution chrome=107 in cache (valid until 20:17:59 09/11/2022 WIB)
19:29:53.925 [main] DEBUG io.github.bonigarcia.wdm.cache.ResolutionCache - Resolution chrome107=107.0.5304.62 in cache (valid until 19:17:59 10/11/2022 WIB)
19:29:53.930 [main] INFO io.github.bonigarcia.wdm.WebDriverManager - Using chromedriver 107.0.5304.62 (resolved driver for Chrome 107)
19:29:54.013 [main] DEBUG io.github.bonigarcia.wdm.WebDriverManager - Driver chromedriver 107.0.5304.62 found in cache
19:29:54.018 [main] INFO io.github.bonigarcia.wdm.WebDriverManager - Exporting webdriver.chrome.driver as C:\Users\ASUS\.cache\selenium\chromedriver\win32\107.0.5304.62\chromedriver.exe
19:29:54.330 [main] DEBUG net.serenitybdd.core.webdriver.driverproviders.ProvideNewDriver - Instantiating driver
19:29:54.330 [main] DEBUG net.serenitybdd.core.webdriver.driverproviders.ProvideNewDriver - Driver capabilities: Capabilities {acceptInsecureCerts: false, base.url: https://alta-shop.vercel.app/, browserName: chrome, chrome.driver: src/test/resources/webdrive..., driver: chrome, goog:chromeOptions: {args: [], extensions: []}, wait.for.timeout: 10000}
19:29:54.918 [AsyncHttpClient-1-11] DEBUG org.asynchttpclient.netty.channel.NettyConnectListener - Using new Channel '[id: 0x78df1764, L:/127.0.0.1:57195 - R:localhost/127.0.0.1:61540]' for 'POST' to '/session'
19:29:57.208 [AsyncHttpClient-1-11] DEBUG org.asynchttpclient.netty.handler.HttpHandler - 

Request DefaultHttpRequest(decodeResult: success, version: HTTP/1.1)
POST /session HTTP/1.1
User-Agent: selenium/4.1.2 (java windows)
Content-Length: 646
Content-Type: application/json; charset=utf-8
host: localhost:61540
accept: */*

Response DefaultHttpResponse(decodeResult: success, version: HTTP/1.1)
HTTP/1.1 200 OK
Content-Type: application/json; charset=utf-8
cache-control: no-cache
content-length: 788

19:29:57.208 [AsyncHttpClient-1-11] DEBUG org.asynchttpclient.netty.channel.ChannelManager - Adding key: http://localhost:61540 for channel [id: 0x78df1764, L:/127.0.0.1:57195 - R:localhost/127.0.0.1:61540]
19:29:57.301 [AsyncHttpClient-1-12] DEBUG org.asynchttpclient.netty.channel.NettyConnectListener - Using new Channel '[id: 0x8a30151b, L:/127.0.0.1:57204 - R:localhost/127.0.0.1:57196]' for 'GET' to '/json/version'
19:29:57.311 [AsyncHttpClient-1-12] DEBUG org.asynchttpclient.netty.handler.HttpHandler - 

Request DefaultFullHttpRequest(decodeResult: success, version: HTTP/1.1, content: EmptyByteBufBE)
GET /json/version HTTP/1.1
User-Agent: selenium/4.1.2 (java windows)
host: localhost:57196
accept: */*

Response DefaultHttpResponse(decodeResult: success, version: HTTP/1.1)
HTTP/1.1 200 OK
Content-Type: application/json; charset=UTF-8
content-length: 423

19:29:57.311 [AsyncHttpClient-1-12] DEBUG org.asynchttpclient.netty.channel.ChannelManager - Adding key: http://localhost:57196 for channel [id: 0x8a30151b, L:/127.0.0.1:57204 - R:localhost/127.0.0.1:57196]
19:29:57.332 [AsyncHttpClient-1-13] DEBUG org.asynchttpclient.netty.channel.NettyConnectListener - Using new Channel '[id: 0x673843c5, L:/127.0.0.1:57205 - R:localhost/127.0.0.1:57196]' for 'GET' to '/devtools/browser/1f724d18-8d15-4b1f-b755-a6a3f013610e'
19:29:57.342 [AsyncHttpClient-1-13] DEBUG org.asynchttpclient.netty.handler.WebSocketHandler - 

Request DefaultFullHttpRequest(decodeResult: success, version: HTTP/1.1, content: EmptyByteBufBE)
GET /devtools/browser/1f724d18-8d15-4b1f-b755-a6a3f013610e HTTP/1.1
upgrade: websocket
connection: upgrade
sec-websocket-key: QQOL8wqOEZy6hncvGp8I2g==
sec-websocket-version: 13
origin: http://localhost:57196
host: localhost:57196
accept: */*
user-agent: AHC/2.1

Response DefaultHttpResponse(decodeResult: success, version: HTTP/1.1)
HTTP/1.1 101 WebSocket Protocol Handshake
Upgrade: WebSocket
Connection: Upgrade
Sec-WebSocket-Accept: GY+F6U16RiCj7myTDIcWqlKoRq4=

19:29:57.355 [Forwarding get on session 0b1310365b6c9d11f2264ba1015ad21b to remote] DEBUG org.asynchttpclient.netty.request.NettyRequestSender - Using pooled Channel '[id: 0x78df1764, L:/127.0.0.1:57195 - R:localhost/127.0.0.1:61540]' for 'POST' to 'http://localhost:61540/session/0b1310365b6c9d11f2264ba1015ad21b/url'
19:29:57.355 [Forwarding get on session 0b1310365b6c9d11f2264ba1015ad21b to remote] DEBUG org.asynchttpclient.netty.request.NettyRequestSender - Using open Channel [id: 0x78df1764, L:/127.0.0.1:57195 - R:localhost/127.0.0.1:61540] for POST '/session/0b1310365b6c9d11f2264ba1015ad21b/url'
19:29:57.488 [AsyncHttpClient-1-1] DEBUG org.asynchttpclient.netty.channel.DefaultChannelPool - Entry count for : http://localhost:57196 : 1
19:29:58.583 [AsyncHttpClient-1-1] DEBUG org.asynchttpclient.netty.channel.DefaultChannelPool - Entry count for : http://localhost:57196 : 1
19:29:58.807 [AsyncHttpClient-1-11] DEBUG org.asynchttpclient.netty.handler.HttpHandler - 

Request DefaultHttpRequest(decodeResult: success, version: HTTP/1.1)
POST /session/0b1310365b6c9d11f2264ba1015ad21b/url HTTP/1.1
User-Agent: selenium/4.1.2 (java windows)
Content-Length: 59
Content-Type: application/json; charset=utf-8
host: localhost:61540
accept: */*

Response DefaultHttpResponse(decodeResult: success, version: HTTP/1.1)
HTTP/1.1 200 OK
Content-Type: application/json; charset=utf-8
cache-control: no-cache
content-length: 14

19:29:58.807 [AsyncHttpClient-1-11] DEBUG org.asynchttpclient.netty.channel.ChannelManager - Adding key: http://localhost:61540 for channel [id: 0x78df1764, L:/127.0.0.1:57195 - R:localhost/127.0.0.1:61540]
19:29:58.811 [Forwarding setTimeout on session 0b1310365b6c9d11f2264ba1015ad21b to remote] DEBUG org.asynchttpclient.netty.request.NettyRequestSender - Using pooled Channel '[id: 0x78df1764, L:/127.0.0.1:57195 - R:localhost/127.0.0.1:61540]' for 'POST' to 'http://localhost:61540/session/0b1310365b6c9d11f2264ba1015ad21b/timeouts'
19:29:58.811 [Forwarding setTimeout on session 0b1310365b6c9d11f2264ba1015ad21b to remote] DEBUG org.asynchttpclient.netty.request.NettyRequestSender - Using open Channel [id: 0x78df1764, L:/127.0.0.1:57195 - R:localhost/127.0.0.1:61540] for POST '/session/0b1310365b6c9d11f2264ba1015ad21b/timeouts'
19:29:58.813 [AsyncHttpClient-1-11] DEBUG org.asynchttpclient.netty.handler.HttpHandler - 

Request DefaultHttpRequest(decodeResult: success, version: HTTP/1.1)
POST /session/0b1310365b6c9d11f2264ba1015ad21b/timeouts HTTP/1.1
User-Agent: selenium/4.1.2 (java windows)
Content-Length: 22
Content-Type: application/json; charset=utf-8
host: localhost:61540
accept: */*

Response DefaultHttpResponse(decodeResult: success, version: HTTP/1.1)
HTTP/1.1 200 OK
Content-Type: application/json; charset=utf-8
cache-control: no-cache
content-length: 14

19:29:58.814 [AsyncHttpClient-1-11] DEBUG org.asynchttpclient.netty.channel.ChannelManager - Adding key: http://localhost:61540 for channel [id: 0x78df1764, L:/127.0.0.1:57195 - R:localhost/127.0.0.1:61540]
19:29:58.821 [Forwarding getCurrentUrl on session 0b1310365b6c9d11f2264ba1015ad21b to remote] DEBUG org.asynchttpclient.netty.request.NettyRequestSender - Using pooled Channel '[id: 0x78df1764, L:/127.0.0.1:57195 - R:localhost/127.0.0.1:61540]' for 'GET' to 'http://localhost:61540/session/0b1310365b6c9d11f2264ba1015ad21b/url'
19:29:58.821 [Forwarding getCurrentUrl on session 0b1310365b6c9d11f2264ba1015ad21b to remote] DEBUG org.asynchttpclient.netty.request.NettyRequestSender - Using open Channel [id: 0x78df1764, L:/127.0.0.1:57195 - R:localhost/127.0.0.1:61540] for GET '/session/0b1310365b6c9d11f2264ba1015ad21b/url'
19:29:58.830 [AsyncHttpClient-1-11] DEBUG org.asynchttpclient.netty.handler.HttpHandler - 

Request DefaultFullHttpRequest(decodeResult: success, version: HTTP/1.1, content: EmptyByteBufBE)
GET /session/0b1310365b6c9d11f2264ba1015ad21b/url HTTP/1.1
User-Agent: selenium/4.1.2 (java windows)
Cache-Control: no-cache
Content-Type: application/json; charset=utf-8
host: localhost:61540
accept: */*

Response DefaultHttpResponse(decodeResult: success, version: HTTP/1.1)
HTTP/1.1 200 OK
Content-Type: application/json; charset=utf-8
cache-control: no-cache
content-length: 41

19:29:58.831 [AsyncHttpClient-1-11] DEBUG org.asynchttpclient.netty.channel.ChannelManager - Adding key: http://localhost:61540 for channel [id: 0x78df1764, L:/127.0.0.1:57195 - R:localhost/127.0.0.1:61540]
  &amp#27;[32mGiven &amp#27;[0m&amp#27;[32mI open homepage url&amp#27;[0m             &amp#27;[90m# starter.stepdefinitions.CartSteps.iOpenHomepageUrl()&amp#27;[0m
19:29:58.857 [Forwarding screenshot on session 0b1310365b6c9d11f2264ba1015ad21b to remote] DEBUG org.asynchttpclient.netty.request.NettyRequestSender - Using pooled Channel '[id: 0x78df1764, L:/127.0.0.1:57195 - R:localhost/127.0.0.1:61540]' for 'GET' to 'http://localhost:61540/session/0b1310365b6c9d11f2264ba1015ad21b/screenshot'
19:29:58.857 [Forwarding screenshot on session 0b1310365b6c9d11f2264ba1015ad21b to remote] DEBUG org.asynchttpclient.netty.request.NettyRequestSender - Using open Channel [id: 0x78df1764, L:/127.0.0.1:57195 - R:localhost/127.0.0.1:61540] for GET '/session/0b1310365b6c9d11f2264ba1015ad21b/screenshot'
19:29:59.683 [AsyncHttpClient-1-1] DEBUG org.asynchttpclient.netty.channel.DefaultChannelPool - Entry count for : http://localhost:57196 : 1
19:30:00.216 [AsyncHttpClient-1-11] DEBUG org.asynchttpclient.netty.handler.HttpHandler - 

Request DefaultFullHttpRequest(decodeResult: success, version: HTTP/1.1, content: EmptyByteBufBE)
GET /session/0b1310365b6c9d11f2264ba1015ad21b/screenshot HTTP/1.1
User-Agent: selenium/4.1.2 (java windows)
Cache-Control: no-cache
Content-Type: application/json; charset=utf-8
host: localhost:61540
accept: */*

Response DefaultHttpResponse(decodeResult: success, version: HTTP/1.1)
HTTP/1.1 200 OK
Content-Type: application/json; charset=utf-8
cache-control: no-cache
content-length: 30564

19:30:00.218 [AsyncHttpClient-1-11] DEBUG org.asynchttpclient.netty.channel.ChannelManager - Adding key: http://localhost:61540 for channel [id: 0x78df1764, L:/127.0.0.1:57195 - R:localhost/127.0.0.1:61540]
19:30:00.224 [main] DEBUG net.serenitybdd.core.photography.Darkroom - Send negative for processing for target\site\serenity\13ca11618c7f5594b79e3bcdba01efd7c2e1133b51d5224106f163a652122be9.png
19:30:00.227 [Darkroom Processing Line] DEBUG net.serenitybdd.core.photography.DarkroomProcessingLine - Processing screenshot image in /var/screenshots/screenshot-2860388811062658033
19:30:00.228 [Darkroom Processing Line] DEBUG net.serenitybdd.core.photography.DarkroomProcessingLine - Saving screenshot to target\site\serenity\13ca11618c7f5594b79e3bcdba01efd7c2e1133b51d5224106f163a652122be9.png
19:30:00.269 [Forwarding get on session 0b1310365b6c9d11f2264ba1015ad21b to remote] DEBUG org.asynchttpclient.netty.request.NettyRequestSender - Using pooled Channel '[id: 0x78df1764, L:/127.0.0.1:57195 - R:localhost/127.0.0.1:61540]' for 'POST' to 'http://localhost:61540/session/0b1310365b6c9d11f2264ba1015ad21b/url'
19:30:00.269 [Forwarding get on session 0b1310365b6c9d11f2264ba1015ad21b to remote] DEBUG org.asynchttpclient.netty.request.NettyRequestSender - Using open Channel [id: 0x78df1764, L:/127.0.0.1:57195 - R:localhost/127.0.0.1:61540] for POST '/session/0b1310365b6c9d11f2264ba1015ad21b/url'
19:30:00.782 [AsyncHttpClient-1-1] DEBUG org.asynchttpclient.netty.channel.DefaultChannelPool - Entry count for : http://localhost:57196 : 1
19:30:00.871 [AsyncHttpClient-1-11] DEBUG org.asynchttpclient.netty.handler.HttpHandler - 

Request DefaultHttpRequest(decodeResult: success, version: HTTP/1.1)
POST /session/0b1310365b6c9d11f2264ba1015ad21b/url HTTP/1.1
User-Agent: selenium/4.1.2 (java windows)
Content-Length: 59
Content-Type: application/json; charset=utf-8
host: localhost:61540
accept: */*

Response DefaultHttpResponse(decodeResult: success, version: HTTP/1.1)
HTTP/1.1 200 OK
Content-Type: application/json; charset=utf-8
cache-control: no-cache
content-length: 14

19:30:00.873 [AsyncHttpClient-1-11] DEBUG org.asynchttpclient.netty.channel.ChannelManager - Adding key: http://localhost:61540 for channel [id: 0x78df1764, L:/127.0.0.1:57195 - R:localhost/127.0.0.1:61540]
19:30:00.899 [Forwarding getCurrentUrl on session 0b1310365b6c9d11f2264ba1015ad21b to remote] DEBUG org.asynchttpclient.netty.request.NettyRequestSender - Using pooled Channel '[id: 0x78df1764, L:/127.0.0.1:57195 - R:localhost/127.0.0.1:61540]' for 'GET' to 'http://localhost:61540/session/0b1310365b6c9d11f2264ba1015ad21b/url'
19:30:00.899 [Forwarding getCurrentUrl on session 0b1310365b6c9d11f2264ba1015ad21b to remote] DEBUG org.asynchttpclient.netty.request.NettyRequestSender - Using open Channel [id: 0x78df1764, L:/127.0.0.1:57195 - R:localhost/127.0.0.1:61540] for GET '/session/0b1310365b6c9d11f2264ba1015ad21b/url'
19:30:00.952 [AsyncHttpClient-1-11] DEBUG org.asynchttpclient.netty.handler.HttpHandler - 

Request DefaultFullHttpRequest(decodeResult: success, version: HTTP/1.1, content: EmptyByteBufBE)
GET /session/0b1310365b6c9d11f2264ba1015ad21b/url HTTP/1.1
User-Agent: selenium/4.1.2 (java windows)
Cache-Control: no-cache
Content-Type: application/json; charset=utf-8
host: localhost:61540
accept: */*

Response DefaultHttpResponse(decodeResult: success, version: HTTP/1.1)
HTTP/1.1 200 OK
Content-Type: application/json; charset=utf-8
cache-control: no-cache
content-length: 41

19:30:00.952 [AsyncHttpClient-1-11] DEBUG org.asynchttpclient.netty.channel.ChannelManager - Adding key: http://localhost:61540 for channel [id: 0x78df1764, L:/127.0.0.1:57195 - R:localhost/127.0.0.1:61540]
19:30:00.967 [Forwarding findElement on session 0b1310365b6c9d11f2264ba1015ad21b to remote] DEBUG org.asynchttpclient.netty.request.NettyRequestSender - Using pooled Channel '[id: 0x78df1764, L:/127.0.0.1:57195 - R:localhost/127.0.0.1:61540]' for 'POST' to 'http://localhost:61540/session/0b1310365b6c9d11f2264ba1015ad21b/element'
19:30:00.967 [Forwarding findElement on session 0b1310365b6c9d11f2264ba1015ad21b to remote] DEBUG org.asynchttpclient.netty.request.NettyRequestSender - Using open Channel [id: 0x78df1764, L:/127.0.0.1:57195 - R:localhost/127.0.0.1:61540] for POST '/session/0b1310365b6c9d11f2264ba1015ad21b/element'
19:30:01.900 [AsyncHttpClient-1-1] DEBUG org.asynchttpclient.netty.channel.DefaultChannelPool - Entry count for : http://localhost:57196 : 1
19:30:02.983 [AsyncHttpClient-1-1] DEBUG org.asynchttpclient.netty.channel.DefaultChannelPool - Entry count for : http://localhost:57196 : 1
19:30:03.014 [AsyncHttpClient-1-11] DEBUG org.asynchttpclient.netty.handler.HttpHandler - 

Request DefaultHttpRequest(decodeResult: success, version: HTTP/1.1)
POST /session/0b1310365b6c9d11f2264ba1015ad21b/element HTTP/1.1
User-Agent: selenium/4.1.2 (java windows)
Content-Length: 85
Content-Type: application/json; charset=utf-8
host: localhost:61540
accept: */*

Response DefaultHttpResponse(decodeResult: success, version: HTTP/1.1)
HTTP/1.1 404 Not Found
Content-Type: application/json; charset=utf-8
cache-control: no-cache
content-length: 1039

19:30:03.015 [AsyncHttpClient-1-11] DEBUG org.asynchttpclient.netty.channel.ChannelManager - Adding key: http://localhost:61540 for channel [id: 0x78df1764, L:/127.0.0.1:57195 - R:localhost/127.0.0.1:61540]
19:30:03.141 [Forwarding findElement on session 0b1310365b6c9d11f2264ba1015ad21b to remote] DEBUG org.asynchttpclient.netty.request.NettyRequestSender - Using pooled Channel '[id: 0x78df1764, L:/127.0.0.1:57195 - R:localhost/127.0.0.1:61540]' for 'POST' to 'http://localhost:61540/session/0b1310365b6c9d11f2264ba1015ad21b/element'
19:30:03.141 [Forwarding findElement on session 0b1310365b6c9d11f2264ba1015ad21b to remote] DEBUG org.asynchttpclient.netty.request.NettyRequestSender - Using open Channel [id: 0x78df1764, L:/127.0.0.1:57195 - R:localhost/127.0.0.1:61540] for POST '/session/0b1310365b6c9d11f2264ba1015ad21b/element'
19:30:04.100 [AsyncHttpClient-1-1] DEBUG org.asynchttpclient.netty.channel.DefaultChannelPool - Entry count for : http://localhost:57196 : 1
19:30:05.183 [AsyncHttpClient-1-1] DEBUG org.asynchttpclient.netty.channel.DefaultChannelPool - Entry count for : http://localhost:57196 : 1
19:30:06.282 [AsyncHttpClient-1-1] DEBUG org.asynchttpclient.netty.channel.DefaultChannelPool - Entry count for : http://localhost:57196 : 1
19:30:07.382 [AsyncHttpClient-1-1] DEBUG org.asynchttpclient.netty.channel.DefaultChannelPool - Entry count for : http://localhost:57196 : 1
19:30:08.486 [AsyncHttpClient-1-1] DEBUG org.asynchttpclient.netty.channel.DefaultChannelPool - Entry count for : http://localhost:57196 : 1
19:30:09.582 [AsyncHttpClient-1-1] DEBUG org.asynchttpclient.netty.channel.DefaultChannelPool - Entry count for : http://localhost:57196 : 1
19:30:09.754 [AsyncHttpClient-1-11] DEBUG org.asynchttpclient.netty.handler.HttpHandler - 

Request DefaultHttpRequest(decodeResult: success, version: HTTP/1.1)
POST /session/0b1310365b6c9d11f2264ba1015ad21b/element HTTP/1.1
User-Agent: selenium/4.1.2 (java windows)
Content-Length: 85
Content-Type: application/json; charset=utf-8
host: localhost:61540
accept: */*

Response DefaultHttpResponse(decodeResult: success, version: HTTP/1.1)
HTTP/1.1 200 OK
Content-Type: application/json; charset=utf-8
cache-control: no-cache
content-length: 88

19:30:09.755 [AsyncHttpClient-1-11] DEBUG org.asynchttpclient.netty.channel.ChannelManager - Adding key: http://localhost:61540 for channel [id: 0x78df1764, L:/127.0.0.1:57195 - R:localhost/127.0.0.1:61540]
19:30:09.758 [Forwarding getElementTagName on session 0b1310365b6c9d11f2264ba1015ad21b to remote] DEBUG org.asynchttpclient.netty.request.NettyRequestSender - Using pooled Channel '[id: 0x78df1764, L:/127.0.0.1:57195 - R:localhost/127.0.0.1:61540]' for 'GET' to 'http://localhost:61540/session/0b1310365b6c9d11f2264ba1015ad21b/element/d605a4c9-e994-4cdc-b6c5-d06d568483f3/name'
19:30:09.758 [Forwarding getElementTagName on session 0b1310365b6c9d11f2264ba1015ad21b to remote] DEBUG org.asynchttpclient.netty.request.NettyRequestSender - Using open Channel [id: 0x78df1764, L:/127.0.0.1:57195 - R:localhost/127.0.0.1:61540] for GET '/session/0b1310365b6c9d11f2264ba1015ad21b/element/d605a4c9-e994-4cdc-b6c5-d06d568483f3/name'
19:30:09.767 [AsyncHttpClient-1-11] DEBUG org.asynchttpclient.netty.handler.HttpHandler - 

Request DefaultFullHttpRequest(decodeResult: success, version: HTTP/1.1, content: EmptyByteBufBE)
GET /session/0b1310365b6c9d11f2264ba1015ad21b/element/d605a4c9-e994-4cdc-b6c5-d06d568483f3/name HTTP/1.1
User-Agent: selenium/4.1.2 (java windows)
Cache-Control: no-cache
Content-Type: application/json; charset=utf-8
host: localhost:61540
accept: */*

Response DefaultHttpResponse(decodeResult: success, version: HTTP/1.1)
HTTP/1.1 200 OK
Content-Type: application/json; charset=utf-8
cache-control: no-cache
content-length: 16

19:30:09.768 [AsyncHttpClient-1-11] DEBUG org.asynchttpclient.netty.channel.ChannelManager - Adding key: http://localhost:61540 for channel [id: 0x78df1764, L:/127.0.0.1:57195 - R:localhost/127.0.0.1:61540]
19:30:09.771 [Forwarding getElementTagName on session 0b1310365b6c9d11f2264ba1015ad21b to remote] DEBUG org.asynchttpclient.netty.request.NettyRequestSender - Using pooled Channel '[id: 0x78df1764, L:/127.0.0.1:57195 - R:localhost/127.0.0.1:61540]' for 'GET' to 'http://localhost:61540/session/0b1310365b6c9d11f2264ba1015ad21b/element/d605a4c9-e994-4cdc-b6c5-d06d568483f3/name'
19:30:09.771 [Forwarding getElementTagName on session 0b1310365b6c9d11f2264ba1015ad21b to remote] DEBUG org.asynchttpclient.netty.request.NettyRequestSender - Using open Channel [id: 0x78df1764, L:/127.0.0.1:57195 - R:localhost/127.0.0.1:61540] for GET '/session/0b1310365b6c9d11f2264ba1015ad21b/element/d605a4c9-e994-4cdc-b6c5-d06d568483f3/name'
19:30:09.776 [AsyncHttpClient-1-11] DEBUG org.asynchttpclient.netty.handler.HttpHandler - 

Request DefaultFullHttpRequest(decodeResult: success, version: HTTP/1.1, content: EmptyByteBufBE)
GET /session/0b1310365b6c9d11f2264ba1015ad21b/element/d605a4c9-e994-4cdc-b6c5-d06d568483f3/name HTTP/1.1
User-Agent: selenium/4.1.2 (java windows)
Cache-Control: no-cache
Content-Type: application/json; charset=utf-8
host: localhost:61540
accept: */*

Response DefaultHttpResponse(decodeResult: success, version: HTTP/1.1)
HTTP/1.1 200 OK
Content-Type: application/json; charset=utf-8
cache-control: no-cache
content-length: 16

19:30:09.777 [AsyncHttpClient-1-11] DEBUG org.asynchttpclient.netty.channel.ChannelManager - Adding key: http://localhost:61540 for channel [id: 0x78df1764, L:/127.0.0.1:57195 - R:localhost/127.0.0.1:61540]
19:30:09.782 [Forwarding findElement on session 0b1310365b6c9d11f2264ba1015ad21b to remote] DEBUG org.asynchttpclient.netty.request.NettyRequestSender - Using pooled Channel '[id: 0x78df1764, L:/127.0.0.1:57195 - R:localhost/127.0.0.1:61540]' for 'POST' to 'http://localhost:61540/session/0b1310365b6c9d11f2264ba1015ad21b/element'
19:30:09.782 [Forwarding findElement on session 0b1310365b6c9d11f2264ba1015ad21b to remote] DEBUG org.asynchttpclient.netty.request.NettyRequestSender - Using open Channel [id: 0x78df1764, L:/127.0.0.1:57195 - R:localhost/127.0.0.1:61540] for POST '/session/0b1310365b6c9d11f2264ba1015ad21b/element'
19:30:09.809 [AsyncHttpClient-1-11] DEBUG org.asynchttpclient.netty.handler.HttpHandler - 

Request DefaultHttpRequest(decodeResult: success, version: HTTP/1.1)
POST /session/0b1310365b6c9d11f2264ba1015ad21b/element HTTP/1.1
User-Agent: selenium/4.1.2 (java windows)
Content-Length: 85
Content-Type: application/json; charset=utf-8
host: localhost:61540
accept: */*

Response DefaultHttpResponse(decodeResult: success, version: HTTP/1.1)
HTTP/1.1 200 OK
Content-Type: application/json; charset=utf-8
cache-control: no-cache
content-length: 88

19:30:09.810 [AsyncHttpClient-1-11] DEBUG org.asynchttpclient.netty.channel.ChannelManager - Adding key: http://localhost:61540 for channel [id: 0x78df1764, L:/127.0.0.1:57195 - R:localhost/127.0.0.1:61540]
19:30:09.812 [Forwarding clickElement on session 0b1310365b6c9d11f2264ba1015ad21b to remote] DEBUG org.asynchttpclient.netty.request.NettyRequestSender - Using pooled Channel '[id: 0x78df1764, L:/127.0.0.1:57195 - R:localhost/127.0.0.1:61540]' for 'POST' to 'http://localhost:61540/session/0b1310365b6c9d11f2264ba1015ad21b/element/d605a4c9-e994-4cdc-b6c5-d06d568483f3/click'
19:30:09.813 [Forwarding clickElement on session 0b1310365b6c9d11f2264ba1015ad21b to remote] DEBUG org.asynchttpclient.netty.request.NettyRequestSender - Using open Channel [id: 0x78df1764, L:/127.0.0.1:57195 - R:localhost/127.0.0.1:61540] for POST '/session/0b1310365b6c9d11f2264ba1015ad21b/element/d605a4c9-e994-4cdc-b6c5-d06d568483f3/click'
19:30:10.003 [AsyncHttpClient-1-11] DEBUG org.asynchttpclient.netty.handler.HttpHandler - 

Request DefaultHttpRequest(decodeResult: success, version: HTTP/1.1)
POST /session/0b1310365b6c9d11f2264ba1015ad21b/element/d605a4c9-e994-4cdc-b6c5-d06d568483f3/click HTTP/1.1
User-Agent: selenium/4.1.2 (java windows)
Content-Length: 50
Content-Type: application/json; charset=utf-8
host: localhost:61540
accept: */*

Response DefaultHttpResponse(decodeResult: success, version: HTTP/1.1)
HTTP/1.1 200 OK
Content-Type: application/json; charset=utf-8
cache-control: no-cache
content-length: 14

19:30:10.004 [AsyncHttpClient-1-11] DEBUG org.asynchttpclient.netty.channel.ChannelManager - Adding key: http://localhost:61540 for channel [id: 0x78df1764, L:/127.0.0.1:57195 - R:localhost/127.0.0.1:61540]
  &amp#27;[32mAnd &amp#27;[0m&amp#27;[32mI buy one of the products&amp#27;[0m         &amp#27;[90m# starter.stepdefinitions.CartSteps.iBuyOneOfTheProducts()&amp#27;[0m
19:30:10.040 [Forwarding screenshot on session 0b1310365b6c9d11f2264ba1015ad21b to remote] DEBUG org.asynchttpclient.netty.request.NettyRequestSender - Using pooled Channel '[id: 0x78df1764, L:/127.0.0.1:57195 - R:localhost/127.0.0.1:61540]' for 'GET' to 'http://localhost:61540/session/0b1310365b6c9d11f2264ba1015ad21b/screenshot'
19:30:10.040 [Forwarding screenshot on session 0b1310365b6c9d11f2264ba1015ad21b to remote] DEBUG org.asynchttpclient.netty.request.NettyRequestSender - Using open Channel [id: 0x78df1764, L:/127.0.0.1:57195 - R:localhost/127.0.0.1:61540] for GET '/session/0b1310365b6c9d11f2264ba1015ad21b/screenshot'
19:30:10.537 [AsyncHttpClient-1-11] DEBUG org.asynchttpclient.netty.handler.HttpHandler - 

Request DefaultFullHttpRequest(decodeResult: success, version: HTTP/1.1, content: EmptyByteBufBE)
GET /session/0b1310365b6c9d11f2264ba1015ad21b/screenshot HTTP/1.1
User-Agent: selenium/4.1.2 (java windows)
Cache-Control: no-cache
Content-Type: application/json; charset=utf-8
host: localhost:61540
accept: */*

Response DefaultHttpResponse(decodeResult: success, version: HTTP/1.1)
HTTP/1.1 200 OK
Content-Type: application/json; charset=utf-8
cache-control: no-cache
content-length: 77576

19:30:10.538 [AsyncHttpClient-1-11] DEBUG org.asynchttpclient.netty.channel.ChannelManager - Adding key: http://localhost:61540 for channel [id: 0x78df1764, L:/127.0.0.1:57195 - R:localhost/127.0.0.1:61540]
19:30:10.546 [main] DEBUG net.serenitybdd.core.photography.Darkroom - Send negative for processing for target\site\serenity\14dd5443b2315b0598e98b24d0ff7e0d8c99ab224a776fe75a17cf34d0904a07.png
19:30:10.547 [Darkroom Processing Line] DEBUG net.serenitybdd.core.photography.DarkroomProcessingLine - Processing screenshot image in /var/screenshots/screenshot-15038219100776053220
19:30:10.548 [Darkroom Processing Line] DEBUG net.serenitybdd.core.photography.DarkroomProcessingLine - Saving screenshot to target\site\serenity\14dd5443b2315b0598e98b24d0ff7e0d8c99ab224a776fe75a17cf34d0904a07.png
19:30:10.565 [Forwarding findElement on session 0b1310365b6c9d11f2264ba1015ad21b to remote] DEBUG org.asynchttpclient.netty.request.NettyRequestSender - Using pooled Channel '[id: 0x78df1764, L:/127.0.0.1:57195 - R:localhost/127.0.0.1:61540]' for 'POST' to 'http://localhost:61540/session/0b1310365b6c9d11f2264ba1015ad21b/element'
19:30:10.565 [Forwarding findElement on session 0b1310365b6c9d11f2264ba1015ad21b to remote] DEBUG org.asynchttpclient.netty.request.NettyRequestSender - Using open Channel [id: 0x78df1764, L:/127.0.0.1:57195 - R:localhost/127.0.0.1:61540] for POST '/session/0b1310365b6c9d11f2264ba1015ad21b/element'
19:30:10.590 [AsyncHttpClient-1-11] DEBUG org.asynchttpclient.netty.handler.HttpHandler - 

Request DefaultHttpRequest(decodeResult: success, version: HTTP/1.1)
POST /session/0b1310365b6c9d11f2264ba1015ad21b/element HTTP/1.1
User-Agent: selenium/4.1.2 (java windows)
Content-Length: 88
Content-Type: application/json; charset=utf-8
host: localhost:61540
accept: */*

Response DefaultHttpResponse(decodeResult: success, version: HTTP/1.1)
HTTP/1.1 200 OK
Content-Type: application/json; charset=utf-8
cache-control: no-cache
content-length: 88

19:30:10.591 [AsyncHttpClient-1-11] DEBUG org.asynchttpclient.netty.channel.ChannelManager - Adding key: http://localhost:61540 for channel [id: 0x78df1764, L:/127.0.0.1:57195 - R:localhost/127.0.0.1:61540]
19:30:10.595 [Forwarding getElementTagName on session 0b1310365b6c9d11f2264ba1015ad21b to remote] DEBUG org.asynchttpclient.netty.request.NettyRequestSender - Using pooled Channel '[id: 0x78df1764, L:/127.0.0.1:57195 - R:localhost/127.0.0.1:61540]' for 'GET' to 'http://localhost:61540/session/0b1310365b6c9d11f2264ba1015ad21b/element/13adb7ac-f012-4c84-b5fe-472fc31fc08a/name'
19:30:10.595 [Forwarding getElementTagName on session 0b1310365b6c9d11f2264ba1015ad21b to remote] DEBUG org.asynchttpclient.netty.request.NettyRequestSender - Using open Channel [id: 0x78df1764, L:/127.0.0.1:57195 - R:localhost/127.0.0.1:61540] for GET '/session/0b1310365b6c9d11f2264ba1015ad21b/element/13adb7ac-f012-4c84-b5fe-472fc31fc08a/name'
19:30:10.604 [AsyncHttpClient-1-11] DEBUG org.asynchttpclient.netty.handler.HttpHandler - 

Request DefaultFullHttpRequest(decodeResult: success, version: HTTP/1.1, content: EmptyByteBufBE)
GET /session/0b1310365b6c9d11f2264ba1015ad21b/element/13adb7ac-f012-4c84-b5fe-472fc31fc08a/name HTTP/1.1
User-Agent: selenium/4.1.2 (java windows)
Cache-Control: no-cache
Content-Type: application/json; charset=utf-8
host: localhost:61540
accept: */*

Response DefaultHttpResponse(decodeResult: success, version: HTTP/1.1)
HTTP/1.1 200 OK
Content-Type: application/json; charset=utf-8
cache-control: no-cache
content-length: 13

19:30:10.604 [AsyncHttpClient-1-11] DEBUG org.asynchttpclient.netty.channel.ChannelManager - Adding key: http://localhost:61540 for channel [id: 0x78df1764, L:/127.0.0.1:57195 - R:localhost/127.0.0.1:61540]
19:30:10.608 [Forwarding getElementTagName on session 0b1310365b6c9d11f2264ba1015ad21b to remote] DEBUG org.asynchttpclient.netty.request.NettyRequestSender - Using pooled Channel '[id: 0x78df1764, L:/127.0.0.1:57195 - R:localhost/127.0.0.1:61540]' for 'GET' to 'http://localhost:61540/session/0b1310365b6c9d11f2264ba1015ad21b/element/13adb7ac-f012-4c84-b5fe-472fc31fc08a/name'
19:30:10.609 [Forwarding getElementTagName on session 0b1310365b6c9d11f2264ba1015ad21b to remote] DEBUG org.asynchttpclient.netty.request.NettyRequestSender - Using open Channel [id: 0x78df1764, L:/127.0.0.1:57195 - R:localhost/127.0.0.1:61540] for GET '/session/0b1310365b6c9d11f2264ba1015ad21b/element/13adb7ac-f012-4c84-b5fe-472fc31fc08a/name'
19:30:10.617 [AsyncHttpClient-1-11] DEBUG org.asynchttpclient.netty.handler.HttpHandler - 

Request DefaultFullHttpRequest(decodeResult: success, version: HTTP/1.1, content: EmptyByteBufBE)
GET /session/0b1310365b6c9d11f2264ba1015ad21b/element/13adb7ac-f012-4c84-b5fe-472fc31fc08a/name HTTP/1.1
User-Agent: selenium/4.1.2 (java windows)
Cache-Control: no-cache
Content-Type: application/json; charset=utf-8
host: localhost:61540
accept: */*

Response DefaultHttpResponse(decodeResult: success, version: HTTP/1.1)
HTTP/1.1 200 OK
Content-Type: application/json; charset=utf-8
cache-control: no-cache
content-length: 13

19:30:10.618 [AsyncHttpClient-1-11] DEBUG org.asynchttpclient.netty.channel.ChannelManager - Adding key: http://localhost:61540 for channel [id: 0x78df1764, L:/127.0.0.1:57195 - R:localhost/127.0.0.1:61540]
19:30:10.624 [Forwarding findElement on session 0b1310365b6c9d11f2264ba1015ad21b to remote] DEBUG org.asynchttpclient.netty.request.NettyRequestSender - Using pooled Channel '[id: 0x78df1764, L:/127.0.0.1:57195 - R:localhost/127.0.0.1:61540]' for 'POST' to 'http://localhost:61540/session/0b1310365b6c9d11f2264ba1015ad21b/element'
19:30:10.624 [Forwarding findElement on session 0b1310365b6c9d11f2264ba1015ad21b to remote] DEBUG org.asynchttpclient.netty.request.NettyRequestSender - Using open Channel [id: 0x78df1764, L:/127.0.0.1:57195 - R:localhost/127.0.0.1:61540] for POST '/session/0b1310365b6c9d11f2264ba1015ad21b/element'
19:30:10.648 [AsyncHttpClient-1-11] DEBUG org.asynchttpclient.netty.handler.HttpHandler - 

Request DefaultHttpRequest(decodeResult: success, version: HTTP/1.1)
POST /session/0b1310365b6c9d11f2264ba1015ad21b/element HTTP/1.1
User-Agent: selenium/4.1.2 (java windows)
Content-Length: 88
Content-Type: application/json; charset=utf-8
host: localhost:61540
accept: */*

Response DefaultHttpResponse(decodeResult: success, version: HTTP/1.1)
HTTP/1.1 200 OK
Content-Type: application/json; charset=utf-8
cache-control: no-cache
content-length: 88

19:30:10.649 [AsyncHttpClient-1-11] DEBUG org.asynchttpclient.netty.channel.ChannelManager - Adding key: http://localhost:61540 for channel [id: 0x78df1764, L:/127.0.0.1:57195 - R:localhost/127.0.0.1:61540]
19:30:10.651 [Forwarding clickElement on session 0b1310365b6c9d11f2264ba1015ad21b to remote] DEBUG org.asynchttpclient.netty.request.NettyRequestSender - Using pooled Channel '[id: 0x78df1764, L:/127.0.0.1:57195 - R:localhost/127.0.0.1:61540]' for 'POST' to 'http://localhost:61540/session/0b1310365b6c9d11f2264ba1015ad21b/element/13adb7ac-f012-4c84-b5fe-472fc31fc08a/click'
19:30:10.651 [Forwarding clickElement on session 0b1310365b6c9d11f2264ba1015ad21b to remote] DEBUG org.asynchttpclient.netty.request.NettyRequestSender - Using open Channel [id: 0x78df1764, L:/127.0.0.1:57195 - R:localhost/127.0.0.1:61540] for POST '/session/0b1310365b6c9d11f2264ba1015ad21b/element/13adb7ac-f012-4c84-b5fe-472fc31fc08a/click'
19:30:10.686 [AsyncHttpClient-1-1] DEBUG org.asynchttpclient.netty.channel.DefaultChannelPool - Entry count for : http://localhost:57196 : 1
19:30:10.769 [AsyncHttpClient-1-11] DEBUG org.asynchttpclient.netty.handler.HttpHandler - 

Request DefaultHttpRequest(decodeResult: success, version: HTTP/1.1)
POST /session/0b1310365b6c9d11f2264ba1015ad21b/element/13adb7ac-f012-4c84-b5fe-472fc31fc08a/click HTTP/1.1
User-Agent: selenium/4.1.2 (java windows)
Content-Length: 50
Content-Type: application/json; charset=utf-8
host: localhost:61540
accept: */*

Response DefaultHttpResponse(decodeResult: success, version: HTTP/1.1)
HTTP/1.1 200 OK
Content-Type: application/json; charset=utf-8
cache-control: no-cache
content-length: 14

19:30:10.770 [AsyncHttpClient-1-11] DEBUG org.asynchttpclient.netty.channel.ChannelManager - Adding key: http://localhost:61540 for channel [id: 0x78df1764, L:/127.0.0.1:57195 - R:localhost/127.0.0.1:61540]
  &amp#27;[32mWhen &amp#27;[0m&amp#27;[32mI open cart page&amp#27;[0m                 &amp#27;[90m# starter.stepdefinitions.CartSteps.iOpenCartPage()&amp#27;[0m
19:30:10.800 [Forwarding screenshot on session 0b1310365b6c9d11f2264ba1015ad21b to remote] DEBUG org.asynchttpclient.netty.request.NettyRequestSender - Using pooled Channel '[id: 0x78df1764, L:/127.0.0.1:57195 - R:localhost/127.0.0.1:61540]' for 'GET' to 'http://localhost:61540/session/0b1310365b6c9d11f2264ba1015ad21b/screenshot'
19:30:10.801 [Forwarding screenshot on session 0b1310365b6c9d11f2264ba1015ad21b to remote] DEBUG org.asynchttpclient.netty.request.NettyRequestSender - Using open Channel [id: 0x78df1764, L:/127.0.0.1:57195 - R:localhost/127.0.0.1:61540] for GET '/session/0b1310365b6c9d11f2264ba1015ad21b/screenshot'
19:30:11.783 [AsyncHttpClient-1-1] DEBUG org.asynchttpclient.netty.channel.DefaultChannelPool - Entry count for : http://localhost:57196 : 1
19:30:11.894 [AsyncHttpClient-1-11] DEBUG org.asynchttpclient.netty.handler.HttpHandler - 

Request DefaultFullHttpRequest(decodeResult: success, version: HTTP/1.1, content: EmptyByteBufBE)
GET /session/0b1310365b6c9d11f2264ba1015ad21b/screenshot HTTP/1.1
User-Agent: selenium/4.1.2 (java windows)
Cache-Control: no-cache
Content-Type: application/json; charset=utf-8
host: localhost:61540
accept: */*

Response DefaultHttpResponse(decodeResult: success, version: HTTP/1.1)
HTTP/1.1 200 OK
Content-Type: application/json; charset=utf-8
cache-control: no-cache
content-length: 46856

19:30:11.895 [AsyncHttpClient-1-11] DEBUG org.asynchttpclient.netty.channel.ChannelManager - Adding key: http://localhost:61540 for channel [id: 0x78df1764, L:/127.0.0.1:57195 - R:localhost/127.0.0.1:61540]
19:30:11.900 [main] DEBUG net.serenitybdd.core.photography.Darkroom - Send negative for processing for target\site\serenity\cf223c48293e200bc373918ede51d3bac9fbfa97b6b78180f391d7a673c594da.png
19:30:11.917 [Forwarding findElement on session 0b1310365b6c9d11f2264ba1015ad21b to remote] DEBUG org.asynchttpclient.netty.request.NettyRequestSender - Using pooled Channel '[id: 0x78df1764, L:/127.0.0.1:57195 - R:localhost/127.0.0.1:61540]' for 'POST' to 'http://localhost:61540/session/0b1310365b6c9d11f2264ba1015ad21b/element'
19:30:11.917 [Forwarding findElement on session 0b1310365b6c9d11f2264ba1015ad21b to remote] DEBUG org.asynchttpclient.netty.request.NettyRequestSender - Using open Channel [id: 0x78df1764, L:/127.0.0.1:57195 - R:localhost/127.0.0.1:61540] for POST '/session/0b1310365b6c9d11f2264ba1015ad21b/element'
19:30:11.937 [AsyncHttpClient-1-11] DEBUG org.asynchttpclient.netty.handler.HttpHandler - 

Request DefaultHttpRequest(decodeResult: success, version: HTTP/1.1)
POST /session/0b1310365b6c9d11f2264ba1015ad21b/element HTTP/1.1
User-Agent: selenium/4.1.2 (java windows)
Content-Length: 77
Content-Type: application/json; charset=utf-8
host: localhost:61540
accept: */*

Response DefaultHttpResponse(decodeResult: success, version: HTTP/1.1)
HTTP/1.1 200 OK
Content-Type: application/json; charset=utf-8
cache-control: no-cache
content-length: 88

19:30:11.937 [AsyncHttpClient-1-11] DEBUG org.asynchttpclient.netty.channel.ChannelManager - Adding key: http://localhost:61540 for channel [id: 0x78df1764, L:/127.0.0.1:57195 - R:localhost/127.0.0.1:61540]
19:30:11.940 [Forwarding getElementTagName on session 0b1310365b6c9d11f2264ba1015ad21b to remote] DEBUG org.asynchttpclient.netty.request.NettyRequestSender - Using pooled Channel '[id: 0x78df1764, L:/127.0.0.1:57195 - R:localhost/127.0.0.1:61540]' for 'GET' to 'http://localhost:61540/session/0b1310365b6c9d11f2264ba1015ad21b/element/3132ef72-4131-4af1-9eb3-c5cadf96927a/name'
19:30:11.940 [Forwarding getElementTagName on session 0b1310365b6c9d11f2264ba1015ad21b to remote] DEBUG org.asynchttpclient.netty.request.NettyRequestSender - Using open Channel [id: 0x78df1764, L:/127.0.0.1:57195 - R:localhost/127.0.0.1:61540] for GET '/session/0b1310365b6c9d11f2264ba1015ad21b/element/3132ef72-4131-4af1-9eb3-c5cadf96927a/name'
19:30:11.951 [AsyncHttpClient-1-11] DEBUG org.asynchttpclient.netty.handler.HttpHandler - 

Request DefaultFullHttpRequest(decodeResult: success, version: HTTP/1.1, content: EmptyByteBufBE)
GET /session/0b1310365b6c9d11f2264ba1015ad21b/element/3132ef72-4131-4af1-9eb3-c5cadf96927a/name HTTP/1.1
User-Agent: selenium/4.1.2 (java windows)
Cache-Control: no-cache
Content-Type: application/json; charset=utf-8
host: localhost:61540
accept: */*

Response DefaultHttpResponse(decodeResult: success, version: HTTP/1.1)
HTTP/1.1 200 OK
Content-Type: application/json; charset=utf-8
cache-control: no-cache
content-length: 16

19:30:11.951 [AsyncHttpClient-1-11] DEBUG org.asynchttpclient.netty.channel.ChannelManager - Adding key: http://localhost:61540 for channel [id: 0x78df1764, L:/127.0.0.1:57195 - R:localhost/127.0.0.1:61540]
19:30:11.955 [Forwarding getElementTagName on session 0b1310365b6c9d11f2264ba1015ad21b to remote] DEBUG org.asynchttpclient.netty.request.NettyRequestSender - Using pooled Channel '[id: 0x78df1764, L:/127.0.0.1:57195 - R:localhost/127.0.0.1:61540]' for 'GET' to 'http://localhost:61540/session/0b1310365b6c9d11f2264ba1015ad21b/element/3132ef72-4131-4af1-9eb3-c5cadf96927a/name'
19:30:11.955 [Forwarding getElementTagName on session 0b1310365b6c9d11f2264ba1015ad21b to remote] DEBUG org.asynchttpclient.netty.request.NettyRequestSender - Using open Channel [id: 0x78df1764, L:/127.0.0.1:57195 - R:localhost/127.0.0.1:61540] for GET '/session/0b1310365b6c9d11f2264ba1015ad21b/element/3132ef72-4131-4af1-9eb3-c5cadf96927a/name'
19:30:11.964 [AsyncHttpClient-1-11] DEBUG org.asynchttpclient.netty.handler.HttpHandler - 

Request DefaultFullHttpRequest(decodeResult: success, version: HTTP/1.1, content: EmptyByteBufBE)
GET /session/0b1310365b6c9d11f2264ba1015ad21b/element/3132ef72-4131-4af1-9eb3-c5cadf96927a/name HTTP/1.1
User-Agent: selenium/4.1.2 (java windows)
Cache-Control: no-cache
Content-Type: application/json; charset=utf-8
host: localhost:61540
accept: */*

Response DefaultHttpResponse(decodeResult: success, version: HTTP/1.1)
HTTP/1.1 200 OK
Content-Type: application/json; charset=utf-8
cache-control: no-cache
content-length: 16

19:30:11.964 [AsyncHttpClient-1-11] DEBUG org.asynchttpclient.netty.channel.ChannelManager - Adding key: http://localhost:61540 for channel [id: 0x78df1764, L:/127.0.0.1:57195 - R:localhost/127.0.0.1:61540]
19:30:11.969 [Forwarding findElement on session 0b1310365b6c9d11f2264ba1015ad21b to remote] DEBUG org.asynchttpclient.netty.request.NettyRequestSender - Using pooled Channel '[id: 0x78df1764, L:/127.0.0.1:57195 - R:localhost/127.0.0.1:61540]' for 'POST' to 'http://localhost:61540/session/0b1310365b6c9d11f2264ba1015ad21b/element'
19:30:11.969 [Forwarding findElement on session 0b1310365b6c9d11f2264ba1015ad21b to remote] DEBUG org.asynchttpclient.netty.request.NettyRequestSender - Using open Channel [id: 0x78df1764, L:/127.0.0.1:57195 - R:localhost/127.0.0.1:61540] for POST '/session/0b1310365b6c9d11f2264ba1015ad21b/element'
19:30:11.986 [AsyncHttpClient-1-11] DEBUG org.asynchttpclient.netty.handler.HttpHandler - 

Request DefaultHttpRequest(decodeResult: success, version: HTTP/1.1)
POST /session/0b1310365b6c9d11f2264ba1015ad21b/element HTTP/1.1
User-Agent: selenium/4.1.2 (java windows)
Content-Length: 77
Content-Type: application/json; charset=utf-8
host: localhost:61540
accept: */*

Response DefaultHttpResponse(decodeResult: success, version: HTTP/1.1)
HTTP/1.1 200 OK
Content-Type: application/json; charset=utf-8
cache-control: no-cache
content-length: 88

19:30:11.986 [AsyncHttpClient-1-11] DEBUG org.asynchttpclient.netty.channel.ChannelManager - Adding key: http://localhost:61540 for channel [id: 0x78df1764, L:/127.0.0.1:57195 - R:localhost/127.0.0.1:61540]
19:30:11.989 [Forwarding clickElement on session 0b1310365b6c9d11f2264ba1015ad21b to remote] DEBUG org.asynchttpclient.netty.request.NettyRequestSender - Using pooled Channel '[id: 0x78df1764, L:/127.0.0.1:57195 - R:localhost/127.0.0.1:61540]' for 'POST' to 'http://localhost:61540/session/0b1310365b6c9d11f2264ba1015ad21b/element/3132ef72-4131-4af1-9eb3-c5cadf96927a/click'
19:30:11.989 [Forwarding clickElement on session 0b1310365b6c9d11f2264ba1015ad21b to remote] DEBUG org.asynchttpclient.netty.request.NettyRequestSender - Using open Channel [id: 0x78df1764, L:/127.0.0.1:57195 - R:localhost/127.0.0.1:61540] for POST '/session/0b1310365b6c9d11f2264ba1015ad21b/element/3132ef72-4131-4af1-9eb3-c5cadf96927a/click'
19:30:12.083 [AsyncHttpClient-1-11] DEBUG org.asynchttpclient.netty.handler.HttpHandler - 

Request DefaultHttpRequest(decodeResult: success, version: HTTP/1.1)
POST /session/0b1310365b6c9d11f2264ba1015ad21b/element/3132ef72-4131-4af1-9eb3-c5cadf96927a/click HTTP/1.1
User-Agent: selenium/4.1.2 (java windows)
Content-Length: 50
Content-Type: application/json; charset=utf-8
host: localhost:61540
accept: */*

Response DefaultHttpResponse(decodeResult: success, version: HTTP/1.1)
HTTP/1.1 200 OK
Content-Type: application/json; charset=utf-8
cache-control: no-cache
content-length: 14

19:30:12.083 [AsyncHttpClient-1-11] DEBUG org.asynchttpclient.netty.channel.ChannelManager - Adding key: http://localhost:61540 for channel [id: 0x78df1764, L:/127.0.0.1:57195 - R:localhost/127.0.0.1:61540]
  &amp#27;[32mAnd &amp#27;[0m&amp#27;[32mI click plus logo&amp#27;[0m                 &amp#27;[90m# starter.stepdefinitions.CartSteps.iClickPlusLogo()&amp#27;[0m
19:30:12.114 [Forwarding screenshot on session 0b1310365b6c9d11f2264ba1015ad21b to remote] DEBUG org.asynchttpclient.netty.request.NettyRequestSender - Using pooled Channel '[id: 0x78df1764, L:/127.0.0.1:57195 - R:localhost/127.0.0.1:61540]' for 'GET' to 'http://localhost:61540/session/0b1310365b6c9d11f2264ba1015ad21b/screenshot'
19:30:12.114 [Forwarding screenshot on session 0b1310365b6c9d11f2264ba1015ad21b to remote] DEBUG org.asynchttpclient.netty.request.NettyRequestSender - Using open Channel [id: 0x78df1764, L:/127.0.0.1:57195 - R:localhost/127.0.0.1:61540] for GET '/session/0b1310365b6c9d11f2264ba1015ad21b/screenshot'
19:30:12.435 [AsyncHttpClient-1-11] DEBUG org.asynchttpclient.netty.handler.HttpHandler - 

Request DefaultFullHttpRequest(decodeResult: success, version: HTTP/1.1, content: EmptyByteBufBE)
GET /session/0b1310365b6c9d11f2264ba1015ad21b/screenshot HTTP/1.1
User-Agent: selenium/4.1.2 (java windows)
Cache-Control: no-cache
Content-Type: application/json; charset=utf-8
host: localhost:61540
accept: */*

Response DefaultHttpResponse(decodeResult: success, version: HTTP/1.1)
HTTP/1.1 200 OK
Content-Type: application/json; charset=utf-8
cache-control: no-cache
content-length: 51444

19:30:12.436 [AsyncHttpClient-1-11] DEBUG org.asynchttpclient.netty.channel.ChannelManager - Adding key: http://localhost:61540 for channel [id: 0x78df1764, L:/127.0.0.1:57195 - R:localhost/127.0.0.1:61540]
19:30:12.440 [main] DEBUG net.serenitybdd.core.photography.Darkroom - Send negative for processing for target\site\serenity\5fbc37d0012dba0906aa4a426b13c370f4675858569d7e0f64221ff873998188.png
19:30:12.440 [Darkroom Processing Line] DEBUG net.serenitybdd.core.photography.DarkroomProcessingLine - Processing screenshot image in /var/screenshots/screenshot-17425097334946389745
19:30:12.440 [Darkroom Processing Line] DEBUG net.serenitybdd.core.photography.DarkroomProcessingLine - Saving screenshot to target\site\serenity\5fbc37d0012dba0906aa4a426b13c370f4675858569d7e0f64221ff873998188.png
19:30:12.456 [Forwarding findElement on session 0b1310365b6c9d11f2264ba1015ad21b to remote] DEBUG org.asynchttpclient.netty.request.NettyRequestSender - Using pooled Channel '[id: 0x78df1764, L:/127.0.0.1:57195 - R:localhost/127.0.0.1:61540]' for 'POST' to 'http://localhost:61540/session/0b1310365b6c9d11f2264ba1015ad21b/element'
19:30:12.456 [Forwarding findElement on session 0b1310365b6c9d11f2264ba1015ad21b to remote] DEBUG org.asynchttpclient.netty.request.NettyRequestSender - Using open Channel [id: 0x78df1764, L:/127.0.0.1:57195 - R:localhost/127.0.0.1:61540] for POST '/session/0b1310365b6c9d11f2264ba1015ad21b/element'
19:30:12.479 [AsyncHttpClient-1-11] DEBUG org.asynchttpclient.netty.handler.HttpHandler - 

Request DefaultHttpRequest(decodeResult: success, version: HTTP/1.1)
POST /session/0b1310365b6c9d11f2264ba1015ad21b/element HTTP/1.1
User-Agent: selenium/4.1.2 (java windows)
Content-Length: 89
Content-Type: application/json; charset=utf-8
host: localhost:61540
accept: */*

Response DefaultHttpResponse(decodeResult: success, version: HTTP/1.1)
HTTP/1.1 200 OK
Content-Type: application/json; charset=utf-8
cache-control: no-cache
content-length: 88

19:30:12.479 [AsyncHttpClient-1-11] DEBUG org.asynchttpclient.netty.channel.ChannelManager - Adding key: http://localhost:61540 for channel [id: 0x78df1764, L:/127.0.0.1:57195 - R:localhost/127.0.0.1:61540]
19:30:12.481 [Forwarding getElementText on session 0b1310365b6c9d11f2264ba1015ad21b to remote] DEBUG org.asynchttpclient.netty.request.NettyRequestSender - Using pooled Channel '[id: 0x78df1764, L:/127.0.0.1:57195 - R:localhost/127.0.0.1:61540]' for 'GET' to 'http://localhost:61540/session/0b1310365b6c9d11f2264ba1015ad21b/element/708de24e-c8b3-4d7a-9219-a684377d761c/text'
19:30:12.482 [Forwarding getElementText on session 0b1310365b6c9d11f2264ba1015ad21b to remote] DEBUG org.asynchttpclient.netty.request.NettyRequestSender - Using open Channel [id: 0x78df1764, L:/127.0.0.1:57195 - R:localhost/127.0.0.1:61540] for GET '/session/0b1310365b6c9d11f2264ba1015ad21b/element/708de24e-c8b3-4d7a-9219-a684377d761c/text'
19:30:12.527 [AsyncHttpClient-1-11] DEBUG org.asynchttpclient.netty.handler.HttpHandler - 

Request DefaultFullHttpRequest(decodeResult: success, version: HTTP/1.1, content: EmptyByteBufBE)
GET /session/0b1310365b6c9d11f2264ba1015ad21b/element/708de24e-c8b3-4d7a-9219-a684377d761c/text HTTP/1.1
User-Agent: selenium/4.1.2 (java windows)
Cache-Control: no-cache
Content-Type: application/json; charset=utf-8
host: localhost:61540
accept: */*

Response DefaultHttpResponse(decodeResult: success, version: HTTP/1.1)
HTTP/1.1 200 OK
Content-Type: application/json; charset=utf-8
cache-control: no-cache
content-length: 13

19:30:12.527 [AsyncHttpClient-1-11] DEBUG org.asynchttpclient.netty.channel.ChannelManager - Adding key: http://localhost:61540 for channel [id: 0x78df1764, L:/127.0.0.1:57195 - R:localhost/127.0.0.1:61540]
  &amp#27;[32mThen &amp#27;[0m&amp#27;[32mThe quantity of product is added&amp#27;[0m &amp#27;[90m# starter.stepdefinitions.CartSteps.theQuantityOfProductIsAdded()&amp#27;[0m
19:30:12.718 [Forwarding screenshot on session 0b1310365b6c9d11f2264ba1015ad21b to remote] DEBUG org.asynchttpclient.netty.request.NettyRequestSender - Using pooled Channel '[id: 0x78df1764, L:/127.0.0.1:57195 - R:localhost/127.0.0.1:61540]' for 'GET' to 'http://localhost:61540/session/0b1310365b6c9d11f2264ba1015ad21b/screenshot'
19:30:12.718 [Forwarding screenshot on session 0b1310365b6c9d11f2264ba1015ad21b to remote] DEBUG org.asynchttpclient.netty.request.NettyRequestSender - Using open Channel [id: 0x78df1764, L:/127.0.0.1:57195 - R:localhost/127.0.0.1:61540] for GET '/session/0b1310365b6c9d11f2264ba1015ad21b/screenshot'
19:30:12.889 [AsyncHttpClient-1-1] DEBUG org.asynchttpclient.netty.channel.DefaultChannelPool - Entry count for : http://localhost:57196 : 1
19:30:13.020 [AsyncHttpClient-1-11] DEBUG org.asynchttpclient.netty.handler.HttpHandler - 

Request DefaultFullHttpRequest(decodeResult: success, version: HTTP/1.1, content: EmptyByteBufBE)
GET /session/0b1310365b6c9d11f2264ba1015ad21b/screenshot HTTP/1.1
User-Agent: selenium/4.1.2 (java windows)
Cache-Control: no-cache
Content-Type: application/json; charset=utf-8
host: localhost:61540
accept: */*

Response DefaultHttpResponse(decodeResult: success, version: HTTP/1.1)
HTTP/1.1 200 OK
Content-Type: application/json; charset=utf-8
cache-control: no-cache
content-length: 49780

19:30:13.021 [AsyncHttpClient-1-11] DEBUG org.asynchttpclient.netty.channel.ChannelManager - Adding key: http://localhost:61540 for channel [id: 0x78df1764, L:/127.0.0.1:57195 - R:localhost/127.0.0.1:61540]
19:30:13.025 [main] DEBUG net.serenitybdd.core.photography.Darkroom - Send negative for processing for target\site\serenity\b268c4f1d79344042d9018fe512c4811b3fd7aac97fa36cabf66d0fa031e90f3.png
19:30:13.025 [Darkroom Processing Line] DEBUG net.serenitybdd.core.photography.DarkroomProcessingLine - Processing screenshot image in /var/screenshots/screenshot-15374470962605952206
19:30:13.025 [Darkroom Processing Line] DEBUG net.serenitybdd.core.photography.DarkroomProcessingLine - Saving screenshot to target\site\serenity\b268c4f1d79344042d9018fe512c4811b3fd7aac97fa36cabf66d0fa031e90f3.png
19:30:13.027 [main] INFO  - 
  _____   ___   ___   _____     ___     _     ___   ___   ___   ___  
 |_   _| | __| / __| |_   _|   | _ \   /_\   / __| / __| | __| |   \ 
   | |   | _|  \__ \   | |     |  _/  / _ \  \__ \ \__ \ | _|  | |) |
   |_|   |___| |___/   |_|     |_|   /_/ \_\ |___/ |___/ |___| |___/ 

Add Product Quantity
----------------------------------------------------------------------
19:30:13.029 [AsyncHttpClient-1-13] DEBUG org.asynchttpclient.netty.handler.WebSocketHandler - Channel Closed: [id: 0x673843c5, L:/127.0.0.1:57205 ! R:localhost/127.0.0.1:57196] with attribute NettyResponseFuture{currentRetry=5,
	isDone=1,
	isCancelled=0,
	asyncHandler=org.asynchttpclient.ws.WebSocketUpgradeHandler@35e650df,
	nettyRequest=org.asynchttpclient.netty.request.NettyRequest@70e4c807,
	future=java.util.concurrent.CompletableFuture@3ee956f7[Completed normally],
	uri=ws://localhost:57196/devtools/browser/1f724d18-8d15-4b1f-b755-a6a3f013610e,
	keepAlive=true,
	redirectCount=0,
	timeoutsHolder=null,
	inAuth=0,
	touch=1667996997343}
19:30:13.031 [AsyncHttpClient-1-13] DEBUG org.asynchttpclient.netty.channel.ChannelManager - Closing Channel [id: 0x673843c5, L:/127.0.0.1:57205 ! R:localhost/127.0.0.1:57196] 
19:30:13.031 [Driver Command Executor] DEBUG org.asynchttpclient.netty.request.NettyRequestSender - Using pooled Channel '[id: 0x78df1764, L:/127.0.0.1:57195 - R:localhost/127.0.0.1:61540]' for 'DELETE' to 'http://localhost:61540/session/0b1310365b6c9d11f2264ba1015ad21b'
19:30:13.031 [Driver Command Executor] DEBUG org.asynchttpclient.netty.request.NettyRequestSender - Using open Channel [id: 0x78df1764, L:/127.0.0.1:57195 - R:localhost/127.0.0.1:61540] for DELETE '/session/0b1310365b6c9d11f2264ba1015ad21b'
19:30:13.204 [AsyncHttpClient-1-12] DEBUG org.asynchttpclient.netty.handler.HttpHandler - Unexpected I/O exception on channel [id: 0x8a30151b, L:/127.0.0.1:57204 - R:localhost/127.0.0.1:57196]
java.net.SocketException: Connection reset
	at java.base/sun.nio.ch.SocketChannelImpl.throwConnectionReset(SocketChannelImpl.java:345)
	at java.base/sun.nio.ch.SocketChannelImpl.read(SocketChannelImpl.java:376)
	at io.netty.buffer.PooledByteBuf.setBytes(PooledByteBuf.java:258)
	at io.netty.buffer.AbstractByteBuf.writeBytes(AbstractByteBuf.java:1132)
	at io.netty.channel.socket.nio.NioSocketChannel.doReadBytes(NioSocketChannel.java:350)
	at io.netty.channel.nio.AbstractNioByteChannel$NioByteUnsafe.read(AbstractNioByteChannel.java:151)
	at io.netty.channel.nio.NioEventLoop.processSelectedKey(NioEventLoop.java:722)
	at io.netty.channel.nio.NioEventLoop.processSelectedKeysOptimized(NioEventLoop.java:658)
	at io.netty.channel.nio.NioEventLoop.processSelectedKeys(NioEventLoop.java:584)
	at io.netty.channel.nio.NioEventLoop.run(NioEventLoop.java:496)
	at io.netty.util.concurrent.SingleThreadEventExecutor$4.run(SingleThreadEventExecutor.java:986)
	at io.netty.util.internal.ThreadExecutorMap$2.run(ThreadExecutorMap.java:74)
	at io.netty.util.concurrent.FastThreadLocalRunnable.run(FastThreadLocalRunnable.java:30)
	at java.base/java.lang.Thread.run(Thread.java:830)
19:30:13.205 [AsyncHttpClient-1-12] DEBUG org.asynchttpclient.netty.channel.ChannelManager - Closing Channel [id: 0x8a30151b, L:/127.0.0.1:57204 - R:localhost/127.0.0.1:57196] 
19:30:13.205 [AsyncHttpClient-1-12] DEBUG org.asynchttpclient.netty.handler.HttpHandler - Channel Closed: [id: 0x8a30151b, L:/127.0.0.1:57204 ! R:localhost/127.0.0.1:57196] with attribute DISCARD
19:30:13.273 [AsyncHttpClient-1-11] DEBUG org.asynchttpclient.netty.handler.HttpHandler - 

Request DefaultFullHttpRequest(decodeResult: success, version: HTTP/1.1, content: EmptyByteBufBE)
DELETE /session/0b1310365b6c9d11f2264ba1015ad21b HTTP/1.1
User-Agent: selenium/4.1.2 (java windows)
Content-Type: application/json; charset=utf-8
host: localhost:61540
accept: */*

Response DefaultHttpResponse(decodeResult: success, version: HTTP/1.1)
HTTP/1.1 200 OK
Content-Type: application/json; charset=utf-8
cache-control: no-cache
content-length: 14

19:30:13.274 [AsyncHttpClient-1-11] DEBUG org.asynchttpclient.netty.channel.ChannelManager - Adding key: http://localhost:61540 for channel [id: 0x78df1764, L:/127.0.0.1:57195 - R:localhost/127.0.0.1:61540]
19:30:13.380 [AsyncHttpClient-1-11] DEBUG org.asynchttpclient.netty.handler.HttpHandler - Channel Closed: [id: 0x78df1764, L:/127.0.0.1:57195 ! R:localhost/127.0.0.1:61540] with attribute DISCARD
]]></system-out>
    <system-err><![CDATA[Starting ChromeDriver 106.0.5249.61 (511755355844955cd3e264779baf0dd38212a4d0-refs/branch-heads/5249@{#569}) on port 61540
Only local connections are allowed.
Please see https://chromedriver.chromium.org/security-considerations for suggestions on keeping ChromeDriver safe.
ChromeDriver was started successfully.
[1667996996.135][WARNING]: This version of ChromeDriver has not been tested with Chrome version 107.
Nov 09, 2022 7:29:57 PM org.openqa.selenium.remote.ProtocolHandshake createSession
INFO: Detected dialect: W3C
Nov 09, 2022 7:29:57 PM org.openqa.selenium.devtools.CdpVersionFinder findNearestMatch
WARNING: Unable to find an exact match for CDP version 107, so returning the closest version found: a no-op implementation
Nov 09, 2022 7:29:57 PM org.openqa.selenium.devtools.CdpVersionFinder findNearestMatch
INFO: Unable to find CDP implementation matching 107.
Nov 09, 2022 7:29:57 PM org.openqa.selenium.chromium.ChromiumDriver lambda$new$3
WARNING: Unable to find version of CDP to use for . You may need to include a dependency on a specific version of the CDP using something similar to `org.seleniumhq.selenium:selenium-devtools-v86:4.1.2` where the version ("v86") matches the version of the chromium-based browser you're using and the version number of the artifact is the same as Selenium's.
]]></system-err>
  </testcase>
  <testcase name="Reduce Product Quantity" classname="Manage Cart" time="21.087">
    <system-out><![CDATA[
@Cart
Scenario: Reduce Product Quantity         &amp#27;[90m# src/test/resources/features/Cart.feature:33&amp#27;[0m
19:30:13.932 [main] INFO io.cucumber.core.plugin.SerenityReporter - Running feature from file:///C:/Users/ASUS/Desktop/stupen/miniproject/Web/ASWeb/src/test/resources/features/Cart.feature
19:30:13.936 [main] INFO  - 
  _____   ___   ___   _____     ___   _____     _     ___   _____   ___   ___  
 |_   _| | __| / __| |_   _|   / __| |_   _|   /_\   | _ \ |_   _| | __| |   \ 
   | |   | _|  \__ \   | |     \__ \   | |    / _ \  |   /   | |   | _|  | |) |
   |_|   |___| |___/   |_|     |___/   |_|   /_/ \_\ |_|_\   |_|   |___| |___/ 

Reduce Product Quantity(manage-cart;reduce-product-quantity)
--------------------------------------------------------------------------------
19:30:13.967 [main] INFO net.serenitybdd.core.webdriver.driverproviders.ChromeDriverProvider - Using automatically driver download
19:30:13.984 [AsyncHttpClient-1-1] DEBUG org.asynchttpclient.netty.channel.DefaultChannelPool - Entry count for : http://localhost:57196 : 1
19:30:13.984 [AsyncHttpClient-1-1] DEBUG org.asynchttpclient.netty.channel.DefaultChannelPool - Entry count for : http://localhost:61540 : 1
19:30:13.984 [AsyncHttpClient-1-1] DEBUG org.asynchttpclient.netty.channel.DefaultChannelPool - Adding Candidate expired Channel [id: 0x8a30151b, L:/127.0.0.1:57204 ! R:localhost/127.0.0.1:57196] isIdleTimeoutExpired=false isRemotelyClosed=true isTtlExpired=false
19:30:13.984 [AsyncHttpClient-1-1] DEBUG org.asynchttpclient.netty.channel.DefaultChannelPool - Closing Idle Channel [id: 0x8a30151b, L:/127.0.0.1:57204 ! R:localhost/127.0.0.1:57196]
19:30:13.984 [AsyncHttpClient-1-1] DEBUG org.asynchttpclient.netty.channel.DefaultChannelPool - Adding Candidate expired Channel [id: 0x78df1764, L:/127.0.0.1:57195 ! R:localhost/127.0.0.1:61540] isIdleTimeoutExpired=false isRemotelyClosed=true isTtlExpired=false
19:30:13.984 [AsyncHttpClient-1-1] DEBUG org.asynchttpclient.netty.channel.DefaultChannelPool - Closing Idle Channel [id: 0x78df1764, L:/127.0.0.1:57195 ! R:localhost/127.0.0.1:61540]
19:30:13.984 [AsyncHttpClient-1-1] DEBUG org.asynchttpclient.netty.channel.DefaultChannelPool - Closed 2 connections out of 2 in 0 ms
19:30:14.279 [main] DEBUG io.github.bonigarcia.wdm.cache.ResolutionCache - Resolution chrome=107 in cache (valid until 20:17:59 09/11/2022 WIB)
19:30:14.289 [main] DEBUG io.github.bonigarcia.wdm.cache.ResolutionCache - Resolution chrome107=107.0.5304.62 in cache (valid until 19:17:59 10/11/2022 WIB)
19:30:14.292 [main] INFO io.github.bonigarcia.wdm.WebDriverManager - Using chromedriver 107.0.5304.62 (resolved driver for Chrome 107)
19:30:14.319 [main] DEBUG io.github.bonigarcia.wdm.WebDriverManager - Driver chromedriver 107.0.5304.62 found in cache
19:30:14.320 [main] INFO io.github.bonigarcia.wdm.WebDriverManager - Exporting webdriver.chrome.driver as C:\Users\ASUS\.cache\selenium\chromedriver\win32\107.0.5304.62\chromedriver.exe
19:30:14.602 [main] DEBUG net.serenitybdd.core.webdriver.driverproviders.ProvideNewDriver - Instantiating driver
19:30:14.602 [main] DEBUG net.serenitybdd.core.webdriver.driverproviders.ProvideNewDriver - Driver capabilities: Capabilities {acceptInsecureCerts: false, base.url: https://alta-shop.vercel.app/, browserName: chrome, chrome.driver: src/test/resources/webdrive..., driver: chrome, goog:chromeOptions: {args: [], extensions: []}, wait.for.timeout: 10000}
19:30:15.207 [AsyncHttpClient-1-14] DEBUG org.asynchttpclient.netty.channel.NettyConnectListener - Using new Channel '[id: 0xb0d6d594, L:/127.0.0.1:57223 - R:localhost/127.0.0.1:49788]' for 'POST' to '/session'
19:30:18.366 [AsyncHttpClient-1-14] DEBUG org.asynchttpclient.netty.handler.HttpHandler - 

Request DefaultHttpRequest(decodeResult: success, version: HTTP/1.1)
POST /session HTTP/1.1
User-Agent: selenium/4.1.2 (java windows)
Content-Length: 646
Content-Type: application/json; charset=utf-8
host: localhost:49788
accept: */*

Response DefaultHttpResponse(decodeResult: success, version: HTTP/1.1)
HTTP/1.1 200 OK
Content-Type: application/json; charset=utf-8
cache-control: no-cache
content-length: 789

19:30:18.368 [AsyncHttpClient-1-14] DEBUG org.asynchttpclient.netty.channel.ChannelManager - Adding key: http://localhost:49788 for channel [id: 0xb0d6d594, L:/127.0.0.1:57223 - R:localhost/127.0.0.1:49788]
19:30:18.404 [AsyncHttpClient-1-1] DEBUG org.asynchttpclient.netty.channel.DefaultChannelPool - Entry count for : http://localhost:49788 : 1
19:30:18.423 [AsyncHttpClient-1-15] DEBUG org.asynchttpclient.netty.channel.NettyConnectListener - Using new Channel '[id: 0x94afbc0c, L:/127.0.0.1:57233 - R:localhost/127.0.0.1:57224]' for 'GET' to '/json/version'
19:30:18.435 [AsyncHttpClient-1-15] DEBUG org.asynchttpclient.netty.handler.HttpHandler - 

Request DefaultFullHttpRequest(decodeResult: success, version: HTTP/1.1, content: EmptyByteBufBE)
GET /json/version HTTP/1.1
User-Agent: selenium/4.1.2 (java windows)
host: localhost:57224
accept: */*

Response DefaultHttpResponse(decodeResult: success, version: HTTP/1.1)
HTTP/1.1 200 OK
Content-Type: application/json; charset=UTF-8
content-length: 423

19:30:18.435 [AsyncHttpClient-1-15] DEBUG org.asynchttpclient.netty.channel.ChannelManager - Adding key: http://localhost:57224 for channel [id: 0x94afbc0c, L:/127.0.0.1:57233 - R:localhost/127.0.0.1:57224]
19:30:18.455 [AsyncHttpClient-1-16] DEBUG org.asynchttpclient.netty.channel.NettyConnectListener - Using new Channel '[id: 0x7a9bcba2, L:/127.0.0.1:57234 - R:localhost/127.0.0.1:57224]' for 'GET' to '/devtools/browser/6dfea9a7-814d-4fb5-8b31-a0bf1ae5eaf8'
19:30:18.468 [AsyncHttpClient-1-16] DEBUG org.asynchttpclient.netty.handler.WebSocketHandler - 

Request DefaultFullHttpRequest(decodeResult: success, version: HTTP/1.1, content: EmptyByteBufBE)
GET /devtools/browser/6dfea9a7-814d-4fb5-8b31-a0bf1ae5eaf8 HTTP/1.1
upgrade: websocket
connection: upgrade
sec-websocket-key: K9RwJ9uduOSFzg4NqkV1CQ==
sec-websocket-version: 13
origin: http://localhost:57224
host: localhost:57224
accept: */*
user-agent: AHC/2.1

Response DefaultHttpResponse(decodeResult: success, version: HTTP/1.1)
HTTP/1.1 101 WebSocket Protocol Handshake
Upgrade: WebSocket
Connection: Upgrade
Sec-WebSocket-Accept: U8tvIp/psGeWDYbCz7YtdfAcEBU=

19:30:18.488 [Forwarding get on session dd3a87974cccffbb5cb77f096da357c9 to remote] DEBUG org.asynchttpclient.netty.request.NettyRequestSender - Using pooled Channel '[id: 0xb0d6d594, L:/127.0.0.1:57223 - R:localhost/127.0.0.1:49788]' for 'POST' to 'http://localhost:49788/session/dd3a87974cccffbb5cb77f096da357c9/url'
19:30:18.488 [Forwarding get on session dd3a87974cccffbb5cb77f096da357c9 to remote] DEBUG org.asynchttpclient.netty.request.NettyRequestSender - Using open Channel [id: 0xb0d6d594, L:/127.0.0.1:57223 - R:localhost/127.0.0.1:49788] for POST '/session/dd3a87974cccffbb5cb77f096da357c9/url'
19:30:19.491 [AsyncHttpClient-1-1] DEBUG org.asynchttpclient.netty.channel.DefaultChannelPool - Entry count for : http://localhost:57224 : 1
19:30:19.650 [AsyncHttpClient-1-14] DEBUG org.asynchttpclient.netty.handler.HttpHandler - 

Request DefaultHttpRequest(decodeResult: success, version: HTTP/1.1)
POST /session/dd3a87974cccffbb5cb77f096da357c9/url HTTP/1.1
User-Agent: selenium/4.1.2 (java windows)
Content-Length: 59
Content-Type: application/json; charset=utf-8
host: localhost:49788
accept: */*

Response DefaultHttpResponse(decodeResult: success, version: HTTP/1.1)
HTTP/1.1 200 OK
Content-Type: application/json; charset=utf-8
cache-control: no-cache
content-length: 14

19:30:19.650 [AsyncHttpClient-1-14] DEBUG org.asynchttpclient.netty.channel.ChannelManager - Adding key: http://localhost:49788 for channel [id: 0xb0d6d594, L:/127.0.0.1:57223 - R:localhost/127.0.0.1:49788]
19:30:19.653 [Forwarding setTimeout on session dd3a87974cccffbb5cb77f096da357c9 to remote] DEBUG org.asynchttpclient.netty.request.NettyRequestSender - Using pooled Channel '[id: 0xb0d6d594, L:/127.0.0.1:57223 - R:localhost/127.0.0.1:49788]' for 'POST' to 'http://localhost:49788/session/dd3a87974cccffbb5cb77f096da357c9/timeouts'
19:30:19.653 [Forwarding setTimeout on session dd3a87974cccffbb5cb77f096da357c9 to remote] DEBUG org.asynchttpclient.netty.request.NettyRequestSender - Using open Channel [id: 0xb0d6d594, L:/127.0.0.1:57223 - R:localhost/127.0.0.1:49788] for POST '/session/dd3a87974cccffbb5cb77f096da357c9/timeouts'
19:30:19.655 [AsyncHttpClient-1-14] DEBUG org.asynchttpclient.netty.handler.HttpHandler - 

Request DefaultHttpRequest(decodeResult: success, version: HTTP/1.1)
POST /session/dd3a87974cccffbb5cb77f096da357c9/timeouts HTTP/1.1
User-Agent: selenium/4.1.2 (java windows)
Content-Length: 22
Content-Type: application/json; charset=utf-8
host: localhost:49788
accept: */*

Response DefaultHttpResponse(decodeResult: success, version: HTTP/1.1)
HTTP/1.1 200 OK
Content-Type: application/json; charset=utf-8
cache-control: no-cache
content-length: 14

19:30:19.655 [AsyncHttpClient-1-14] DEBUG org.asynchttpclient.netty.channel.ChannelManager - Adding key: http://localhost:49788 for channel [id: 0xb0d6d594, L:/127.0.0.1:57223 - R:localhost/127.0.0.1:49788]
19:30:19.663 [Forwarding getCurrentUrl on session dd3a87974cccffbb5cb77f096da357c9 to remote] DEBUG org.asynchttpclient.netty.request.NettyRequestSender - Using pooled Channel '[id: 0xb0d6d594, L:/127.0.0.1:57223 - R:localhost/127.0.0.1:49788]' for 'GET' to 'http://localhost:49788/session/dd3a87974cccffbb5cb77f096da357c9/url'
19:30:19.663 [Forwarding getCurrentUrl on session dd3a87974cccffbb5cb77f096da357c9 to remote] DEBUG org.asynchttpclient.netty.request.NettyRequestSender - Using open Channel [id: 0xb0d6d594, L:/127.0.0.1:57223 - R:localhost/127.0.0.1:49788] for GET '/session/dd3a87974cccffbb5cb77f096da357c9/url'
19:30:19.672 [AsyncHttpClient-1-14] DEBUG org.asynchttpclient.netty.handler.HttpHandler - 

Request DefaultFullHttpRequest(decodeResult: success, version: HTTP/1.1, content: EmptyByteBufBE)
GET /session/dd3a87974cccffbb5cb77f096da357c9/url HTTP/1.1
User-Agent: selenium/4.1.2 (java windows)
Cache-Control: no-cache
Content-Type: application/json; charset=utf-8
host: localhost:49788
accept: */*

Response DefaultHttpResponse(decodeResult: success, version: HTTP/1.1)
HTTP/1.1 200 OK
Content-Type: application/json; charset=utf-8
cache-control: no-cache
content-length: 41

19:30:19.672 [AsyncHttpClient-1-14] DEBUG org.asynchttpclient.netty.channel.ChannelManager - Adding key: http://localhost:49788 for channel [id: 0xb0d6d594, L:/127.0.0.1:57223 - R:localhost/127.0.0.1:49788]
  &amp#27;[32mGiven &amp#27;[0m&amp#27;[32mI open homepage url&amp#27;[0m               &amp#27;[90m# starter.stepdefinitions.CartSteps.iOpenHomepageUrl()&amp#27;[0m
19:30:19.688 [Forwarding screenshot on session dd3a87974cccffbb5cb77f096da357c9 to remote] DEBUG org.asynchttpclient.netty.request.NettyRequestSender - Using pooled Channel '[id: 0xb0d6d594, L:/127.0.0.1:57223 - R:localhost/127.0.0.1:49788]' for 'GET' to 'http://localhost:49788/session/dd3a87974cccffbb5cb77f096da357c9/screenshot'
19:30:19.688 [Forwarding screenshot on session dd3a87974cccffbb5cb77f096da357c9 to remote] DEBUG org.asynchttpclient.netty.request.NettyRequestSender - Using open Channel [id: 0xb0d6d594, L:/127.0.0.1:57223 - R:localhost/127.0.0.1:49788] for GET '/session/dd3a87974cccffbb5cb77f096da357c9/screenshot'
19:30:20.589 [AsyncHttpClient-1-1] DEBUG org.asynchttpclient.netty.channel.DefaultChannelPool - Entry count for : http://localhost:57224 : 1
19:30:20.982 [AsyncHttpClient-1-14] DEBUG org.asynchttpclient.netty.handler.HttpHandler - 

Request DefaultFullHttpRequest(decodeResult: success, version: HTTP/1.1, content: EmptyByteBufBE)
GET /session/dd3a87974cccffbb5cb77f096da357c9/screenshot HTTP/1.1
User-Agent: selenium/4.1.2 (java windows)
Cache-Control: no-cache
Content-Type: application/json; charset=utf-8
host: localhost:49788
accept: */*

Response DefaultHttpResponse(decodeResult: success, version: HTTP/1.1)
HTTP/1.1 200 OK
Content-Type: application/json; charset=utf-8
cache-control: no-cache
content-length: 32060

19:30:20.984 [AsyncHttpClient-1-14] DEBUG org.asynchttpclient.netty.channel.ChannelManager - Adding key: http://localhost:49788 for channel [id: 0xb0d6d594, L:/127.0.0.1:57223 - R:localhost/127.0.0.1:49788]
19:30:20.992 [main] DEBUG net.serenitybdd.core.photography.Darkroom - Send negative for processing for target\site\serenity\900575b756acbc72523568788d87e4efb2c0487da36d3a426744fdab4ac6f4a3.png
19:30:21.023 [Forwarding get on session dd3a87974cccffbb5cb77f096da357c9 to remote] DEBUG org.asynchttpclient.netty.request.NettyRequestSender - Using pooled Channel '[id: 0xb0d6d594, L:/127.0.0.1:57223 - R:localhost/127.0.0.1:49788]' for 'POST' to 'http://localhost:49788/session/dd3a87974cccffbb5cb77f096da357c9/url'
19:30:21.023 [Forwarding get on session dd3a87974cccffbb5cb77f096da357c9 to remote] DEBUG org.asynchttpclient.netty.request.NettyRequestSender - Using open Channel [id: 0xb0d6d594, L:/127.0.0.1:57223 - R:localhost/127.0.0.1:49788] for POST '/session/dd3a87974cccffbb5cb77f096da357c9/url'
19:30:21.624 [AsyncHttpClient-1-14] DEBUG org.asynchttpclient.netty.handler.HttpHandler - 

Request DefaultHttpRequest(decodeResult: success, version: HTTP/1.1)
POST /session/dd3a87974cccffbb5cb77f096da357c9/url HTTP/1.1
User-Agent: selenium/4.1.2 (java windows)
Content-Length: 59
Content-Type: application/json; charset=utf-8
host: localhost:49788
accept: */*

Response DefaultHttpResponse(decodeResult: success, version: HTTP/1.1)
HTTP/1.1 200 OK
Content-Type: application/json; charset=utf-8
cache-control: no-cache
content-length: 14

19:30:21.624 [AsyncHttpClient-1-14] DEBUG org.asynchttpclient.netty.channel.ChannelManager - Adding key: http://localhost:49788 for channel [id: 0xb0d6d594, L:/127.0.0.1:57223 - R:localhost/127.0.0.1:49788]
19:30:21.638 [Forwarding getCurrentUrl on session dd3a87974cccffbb5cb77f096da357c9 to remote] DEBUG org.asynchttpclient.netty.request.NettyRequestSender - Using pooled Channel '[id: 0xb0d6d594, L:/127.0.0.1:57223 - R:localhost/127.0.0.1:49788]' for 'GET' to 'http://localhost:49788/session/dd3a87974cccffbb5cb77f096da357c9/url'
19:30:21.638 [Forwarding getCurrentUrl on session dd3a87974cccffbb5cb77f096da357c9 to remote] DEBUG org.asynchttpclient.netty.request.NettyRequestSender - Using open Channel [id: 0xb0d6d594, L:/127.0.0.1:57223 - R:localhost/127.0.0.1:49788] for GET '/session/dd3a87974cccffbb5cb77f096da357c9/url'
19:30:21.658 [AsyncHttpClient-1-14] DEBUG org.asynchttpclient.netty.handler.HttpHandler - 

Request DefaultFullHttpRequest(decodeResult: success, version: HTTP/1.1, content: EmptyByteBufBE)
GET /session/dd3a87974cccffbb5cb77f096da357c9/url HTTP/1.1
User-Agent: selenium/4.1.2 (java windows)
Cache-Control: no-cache
Content-Type: application/json; charset=utf-8
host: localhost:49788
accept: */*

Response DefaultHttpResponse(decodeResult: success, version: HTTP/1.1)
HTTP/1.1 200 OK
Content-Type: application/json; charset=utf-8
cache-control: no-cache
content-length: 41

19:30:21.659 [AsyncHttpClient-1-14] DEBUG org.asynchttpclient.netty.channel.ChannelManager - Adding key: http://localhost:49788 for channel [id: 0xb0d6d594, L:/127.0.0.1:57223 - R:localhost/127.0.0.1:49788]
19:30:21.685 [AsyncHttpClient-1-1] DEBUG org.asynchttpclient.netty.channel.DefaultChannelPool - Entry count for : http://localhost:57224 : 1
19:30:21.686 [AsyncHttpClient-1-1] DEBUG org.asynchttpclient.netty.channel.DefaultChannelPool - Entry count for : http://localhost:49788 : 1
19:30:21.694 [Forwarding findElement on session dd3a87974cccffbb5cb77f096da357c9 to remote] DEBUG org.asynchttpclient.netty.request.NettyRequestSender - Using pooled Channel '[id: 0xb0d6d594, L:/127.0.0.1:57223 - R:localhost/127.0.0.1:49788]' for 'POST' to 'http://localhost:49788/session/dd3a87974cccffbb5cb77f096da357c9/element'
19:30:21.694 [Forwarding findElement on session dd3a87974cccffbb5cb77f096da357c9 to remote] DEBUG org.asynchttpclient.netty.request.NettyRequestSender - Using open Channel [id: 0xb0d6d594, L:/127.0.0.1:57223 - R:localhost/127.0.0.1:49788] for POST '/session/dd3a87974cccffbb5cb77f096da357c9/element'
19:30:22.783 [AsyncHttpClient-1-1] DEBUG org.asynchttpclient.netty.channel.DefaultChannelPool - Entry count for : http://localhost:57224 : 1
19:30:23.723 [AsyncHttpClient-1-14] DEBUG org.asynchttpclient.netty.handler.HttpHandler - 

Request DefaultHttpRequest(decodeResult: success, version: HTTP/1.1)
POST /session/dd3a87974cccffbb5cb77f096da357c9/element HTTP/1.1
User-Agent: selenium/4.1.2 (java windows)
Content-Length: 85
Content-Type: application/json; charset=utf-8
host: localhost:49788
accept: */*

Response DefaultHttpResponse(decodeResult: success, version: HTTP/1.1)
HTTP/1.1 404 Not Found
Content-Type: application/json; charset=utf-8
cache-control: no-cache
content-length: 1039

19:30:23.724 [AsyncHttpClient-1-14] DEBUG org.asynchttpclient.netty.channel.ChannelManager - Adding key: http://localhost:49788 for channel [id: 0xb0d6d594, L:/127.0.0.1:57223 - R:localhost/127.0.0.1:49788]
19:30:23.856 [Forwarding findElement on session dd3a87974cccffbb5cb77f096da357c9 to remote] DEBUG org.asynchttpclient.netty.request.NettyRequestSender - Using pooled Channel '[id: 0xb0d6d594, L:/127.0.0.1:57223 - R:localhost/127.0.0.1:49788]' for 'POST' to 'http://localhost:49788/session/dd3a87974cccffbb5cb77f096da357c9/element'
19:30:23.857 [Forwarding findElement on session dd3a87974cccffbb5cb77f096da357c9 to remote] DEBUG org.asynchttpclient.netty.request.NettyRequestSender - Using open Channel [id: 0xb0d6d594, L:/127.0.0.1:57223 - R:localhost/127.0.0.1:49788] for POST '/session/dd3a87974cccffbb5cb77f096da357c9/element'
19:30:23.891 [AsyncHttpClient-1-1] DEBUG org.asynchttpclient.netty.channel.DefaultChannelPool - Entry count for : http://localhost:57224 : 1
19:30:24.985 [AsyncHttpClient-1-1] DEBUG org.asynchttpclient.netty.channel.DefaultChannelPool - Entry count for : http://localhost:57224 : 1
19:30:26.089 [AsyncHttpClient-1-1] DEBUG org.asynchttpclient.netty.channel.DefaultChannelPool - Entry count for : http://localhost:57224 : 1
19:30:27.182 [AsyncHttpClient-1-1] DEBUG org.asynchttpclient.netty.channel.DefaultChannelPool - Entry count for : http://localhost:57224 : 1
19:30:28.290 [AsyncHttpClient-1-1] DEBUG org.asynchttpclient.netty.channel.DefaultChannelPool - Entry count for : http://localhost:57224 : 1
19:30:29.384 [AsyncHttpClient-1-1] DEBUG org.asynchttpclient.netty.channel.DefaultChannelPool - Entry count for : http://localhost:57224 : 1
19:30:30.484 [AsyncHttpClient-1-1] DEBUG org.asynchttpclient.netty.channel.DefaultChannelPool - Entry count for : http://localhost:57224 : 1
19:30:30.554 [AsyncHttpClient-1-14] DEBUG org.asynchttpclient.netty.handler.HttpHandler - 

Request DefaultHttpRequest(decodeResult: success, version: HTTP/1.1)
POST /session/dd3a87974cccffbb5cb77f096da357c9/element HTTP/1.1
User-Agent: selenium/4.1.2 (java windows)
Content-Length: 85
Content-Type: application/json; charset=utf-8
host: localhost:49788
accept: */*

Response DefaultHttpResponse(decodeResult: success, version: HTTP/1.1)
HTTP/1.1 200 OK
Content-Type: application/json; charset=utf-8
cache-control: no-cache
content-length: 88

19:30:30.554 [AsyncHttpClient-1-14] DEBUG org.asynchttpclient.netty.channel.ChannelManager - Adding key: http://localhost:49788 for channel [id: 0xb0d6d594, L:/127.0.0.1:57223 - R:localhost/127.0.0.1:49788]
19:30:30.558 [Forwarding getElementTagName on session dd3a87974cccffbb5cb77f096da357c9 to remote] DEBUG org.asynchttpclient.netty.request.NettyRequestSender - Using pooled Channel '[id: 0xb0d6d594, L:/127.0.0.1:57223 - R:localhost/127.0.0.1:49788]' for 'GET' to 'http://localhost:49788/session/dd3a87974cccffbb5cb77f096da357c9/element/305cc746-84a4-4153-a1dd-8b9cc8c49917/name'
19:30:30.558 [Forwarding getElementTagName on session dd3a87974cccffbb5cb77f096da357c9 to remote] DEBUG org.asynchttpclient.netty.request.NettyRequestSender - Using open Channel [id: 0xb0d6d594, L:/127.0.0.1:57223 - R:localhost/127.0.0.1:49788] for GET '/session/dd3a87974cccffbb5cb77f096da357c9/element/305cc746-84a4-4153-a1dd-8b9cc8c49917/name'
19:30:30.569 [AsyncHttpClient-1-14] DEBUG org.asynchttpclient.netty.handler.HttpHandler - 

Request DefaultFullHttpRequest(decodeResult: success, version: HTTP/1.1, content: EmptyByteBufBE)
GET /session/dd3a87974cccffbb5cb77f096da357c9/element/305cc746-84a4-4153-a1dd-8b9cc8c49917/name HTTP/1.1
User-Agent: selenium/4.1.2 (java windows)
Cache-Control: no-cache
Content-Type: application/json; charset=utf-8
host: localhost:49788
accept: */*

Response DefaultHttpResponse(decodeResult: success, version: HTTP/1.1)
HTTP/1.1 200 OK
Content-Type: application/json; charset=utf-8
cache-control: no-cache
content-length: 16

19:30:30.569 [AsyncHttpClient-1-14] DEBUG org.asynchttpclient.netty.channel.ChannelManager - Adding key: http://localhost:49788 for channel [id: 0xb0d6d594, L:/127.0.0.1:57223 - R:localhost/127.0.0.1:49788]
19:30:30.572 [Forwarding getElementTagName on session dd3a87974cccffbb5cb77f096da357c9 to remote] DEBUG org.asynchttpclient.netty.request.NettyRequestSender - Using pooled Channel '[id: 0xb0d6d594, L:/127.0.0.1:57223 - R:localhost/127.0.0.1:49788]' for 'GET' to 'http://localhost:49788/session/dd3a87974cccffbb5cb77f096da357c9/element/305cc746-84a4-4153-a1dd-8b9cc8c49917/name'
19:30:30.573 [Forwarding getElementTagName on session dd3a87974cccffbb5cb77f096da357c9 to remote] DEBUG org.asynchttpclient.netty.request.NettyRequestSender - Using open Channel [id: 0xb0d6d594, L:/127.0.0.1:57223 - R:localhost/127.0.0.1:49788] for GET '/session/dd3a87974cccffbb5cb77f096da357c9/element/305cc746-84a4-4153-a1dd-8b9cc8c49917/name'
19:30:30.581 [AsyncHttpClient-1-14] DEBUG org.asynchttpclient.netty.handler.HttpHandler - 

Request DefaultFullHttpRequest(decodeResult: success, version: HTTP/1.1, content: EmptyByteBufBE)
GET /session/dd3a87974cccffbb5cb77f096da357c9/element/305cc746-84a4-4153-a1dd-8b9cc8c49917/name HTTP/1.1
User-Agent: selenium/4.1.2 (java windows)
Cache-Control: no-cache
Content-Type: application/json; charset=utf-8
host: localhost:49788
accept: */*

Response DefaultHttpResponse(decodeResult: success, version: HTTP/1.1)
HTTP/1.1 200 OK
Content-Type: application/json; charset=utf-8
cache-control: no-cache
content-length: 16

19:30:30.581 [AsyncHttpClient-1-14] DEBUG org.asynchttpclient.netty.channel.ChannelManager - Adding key: http://localhost:49788 for channel [id: 0xb0d6d594, L:/127.0.0.1:57223 - R:localhost/127.0.0.1:49788]
19:30:30.585 [Forwarding findElement on session dd3a87974cccffbb5cb77f096da357c9 to remote] DEBUG org.asynchttpclient.netty.request.NettyRequestSender - Using pooled Channel '[id: 0xb0d6d594, L:/127.0.0.1:57223 - R:localhost/127.0.0.1:49788]' for 'POST' to 'http://localhost:49788/session/dd3a87974cccffbb5cb77f096da357c9/element'
19:30:30.586 [Forwarding findElement on session dd3a87974cccffbb5cb77f096da357c9 to remote] DEBUG org.asynchttpclient.netty.request.NettyRequestSender - Using open Channel [id: 0xb0d6d594, L:/127.0.0.1:57223 - R:localhost/127.0.0.1:49788] for POST '/session/dd3a87974cccffbb5cb77f096da357c9/element'
19:30:30.602 [AsyncHttpClient-1-14] DEBUG org.asynchttpclient.netty.handler.HttpHandler - 

Request DefaultHttpRequest(decodeResult: success, version: HTTP/1.1)
POST /session/dd3a87974cccffbb5cb77f096da357c9/element HTTP/1.1
User-Agent: selenium/4.1.2 (java windows)
Content-Length: 85
Content-Type: application/json; charset=utf-8
host: localhost:49788
accept: */*

Response DefaultHttpResponse(decodeResult: success, version: HTTP/1.1)
HTTP/1.1 200 OK
Content-Type: application/json; charset=utf-8
cache-control: no-cache
content-length: 88

19:30:30.602 [AsyncHttpClient-1-14] DEBUG org.asynchttpclient.netty.channel.ChannelManager - Adding key: http://localhost:49788 for channel [id: 0xb0d6d594, L:/127.0.0.1:57223 - R:localhost/127.0.0.1:49788]
19:30:30.604 [Forwarding clickElement on session dd3a87974cccffbb5cb77f096da357c9 to remote] DEBUG org.asynchttpclient.netty.request.NettyRequestSender - Using pooled Channel '[id: 0xb0d6d594, L:/127.0.0.1:57223 - R:localhost/127.0.0.1:49788]' for 'POST' to 'http://localhost:49788/session/dd3a87974cccffbb5cb77f096da357c9/element/305cc746-84a4-4153-a1dd-8b9cc8c49917/click'
19:30:30.605 [Forwarding clickElement on session dd3a87974cccffbb5cb77f096da357c9 to remote] DEBUG org.asynchttpclient.netty.request.NettyRequestSender - Using open Channel [id: 0xb0d6d594, L:/127.0.0.1:57223 - R:localhost/127.0.0.1:49788] for POST '/session/dd3a87974cccffbb5cb77f096da357c9/element/305cc746-84a4-4153-a1dd-8b9cc8c49917/click'
19:30:30.811 [AsyncHttpClient-1-14] DEBUG org.asynchttpclient.netty.handler.HttpHandler - 

Request DefaultHttpRequest(decodeResult: success, version: HTTP/1.1)
POST /session/dd3a87974cccffbb5cb77f096da357c9/element/305cc746-84a4-4153-a1dd-8b9cc8c49917/click HTTP/1.1
User-Agent: selenium/4.1.2 (java windows)
Content-Length: 50
Content-Type: application/json; charset=utf-8
host: localhost:49788
accept: */*

Response DefaultHttpResponse(decodeResult: success, version: HTTP/1.1)
HTTP/1.1 200 OK
Content-Type: application/json; charset=utf-8
cache-control: no-cache
content-length: 14

19:30:30.812 [AsyncHttpClient-1-14] DEBUG org.asynchttpclient.netty.channel.ChannelManager - Adding key: http://localhost:49788 for channel [id: 0xb0d6d594, L:/127.0.0.1:57223 - R:localhost/127.0.0.1:49788]
19:30:30.846 [Forwarding findElement on session dd3a87974cccffbb5cb77f096da357c9 to remote] DEBUG org.asynchttpclient.netty.request.NettyRequestSender - Using pooled Channel '[id: 0xb0d6d594, L:/127.0.0.1:57223 - R:localhost/127.0.0.1:49788]' for 'POST' to 'http://localhost:49788/session/dd3a87974cccffbb5cb77f096da357c9/element'
19:30:30.847 [Forwarding findElement on session dd3a87974cccffbb5cb77f096da357c9 to remote] DEBUG org.asynchttpclient.netty.request.NettyRequestSender - Using open Channel [id: 0xb0d6d594, L:/127.0.0.1:57223 - R:localhost/127.0.0.1:49788] for POST '/session/dd3a87974cccffbb5cb77f096da357c9/element'
19:30:30.935 [AsyncHttpClient-1-14] DEBUG org.asynchttpclient.netty.handler.HttpHandler - 

Request DefaultHttpRequest(decodeResult: success, version: HTTP/1.1)
POST /session/dd3a87974cccffbb5cb77f096da357c9/element HTTP/1.1
User-Agent: selenium/4.1.2 (java windows)
Content-Length: 85
Content-Type: application/json; charset=utf-8
host: localhost:49788
accept: */*

Response DefaultHttpResponse(decodeResult: success, version: HTTP/1.1)
HTTP/1.1 200 OK
Content-Type: application/json; charset=utf-8
cache-control: no-cache
content-length: 88

19:30:30.935 [AsyncHttpClient-1-14] DEBUG org.asynchttpclient.netty.channel.ChannelManager - Adding key: http://localhost:49788 for channel [id: 0xb0d6d594, L:/127.0.0.1:57223 - R:localhost/127.0.0.1:49788]
19:30:30.939 [Forwarding getElementTagName on session dd3a87974cccffbb5cb77f096da357c9 to remote] DEBUG org.asynchttpclient.netty.request.NettyRequestSender - Using pooled Channel '[id: 0xb0d6d594, L:/127.0.0.1:57223 - R:localhost/127.0.0.1:49788]' for 'GET' to 'http://localhost:49788/session/dd3a87974cccffbb5cb77f096da357c9/element/305cc746-84a4-4153-a1dd-8b9cc8c49917/name'
19:30:30.939 [Forwarding getElementTagName on session dd3a87974cccffbb5cb77f096da357c9 to remote] DEBUG org.asynchttpclient.netty.request.NettyRequestSender - Using open Channel [id: 0xb0d6d594, L:/127.0.0.1:57223 - R:localhost/127.0.0.1:49788] for GET '/session/dd3a87974cccffbb5cb77f096da357c9/element/305cc746-84a4-4153-a1dd-8b9cc8c49917/name'
19:30:30.951 [AsyncHttpClient-1-14] DEBUG org.asynchttpclient.netty.handler.HttpHandler - 

Request DefaultFullHttpRequest(decodeResult: success, version: HTTP/1.1, content: EmptyByteBufBE)
GET /session/dd3a87974cccffbb5cb77f096da357c9/element/305cc746-84a4-4153-a1dd-8b9cc8c49917/name HTTP/1.1
User-Agent: selenium/4.1.2 (java windows)
Cache-Control: no-cache
Content-Type: application/json; charset=utf-8
host: localhost:49788
accept: */*

Response DefaultHttpResponse(decodeResult: success, version: HTTP/1.1)
HTTP/1.1 200 OK
Content-Type: application/json; charset=utf-8
cache-control: no-cache
content-length: 16

19:30:30.951 [AsyncHttpClient-1-14] DEBUG org.asynchttpclient.netty.channel.ChannelManager - Adding key: http://localhost:49788 for channel [id: 0xb0d6d594, L:/127.0.0.1:57223 - R:localhost/127.0.0.1:49788]
19:30:30.954 [Forwarding getElementTagName on session dd3a87974cccffbb5cb77f096da357c9 to remote] DEBUG org.asynchttpclient.netty.request.NettyRequestSender - Using pooled Channel '[id: 0xb0d6d594, L:/127.0.0.1:57223 - R:localhost/127.0.0.1:49788]' for 'GET' to 'http://localhost:49788/session/dd3a87974cccffbb5cb77f096da357c9/element/305cc746-84a4-4153-a1dd-8b9cc8c49917/name'
19:30:30.955 [Forwarding getElementTagName on session dd3a87974cccffbb5cb77f096da357c9 to remote] DEBUG org.asynchttpclient.netty.request.NettyRequestSender - Using open Channel [id: 0xb0d6d594, L:/127.0.0.1:57223 - R:localhost/127.0.0.1:49788] for GET '/session/dd3a87974cccffbb5cb77f096da357c9/element/305cc746-84a4-4153-a1dd-8b9cc8c49917/name'
19:30:30.961 [AsyncHttpClient-1-14] DEBUG org.asynchttpclient.netty.handler.HttpHandler - 

Request DefaultFullHttpRequest(decodeResult: success, version: HTTP/1.1, content: EmptyByteBufBE)
GET /session/dd3a87974cccffbb5cb77f096da357c9/element/305cc746-84a4-4153-a1dd-8b9cc8c49917/name HTTP/1.1
User-Agent: selenium/4.1.2 (java windows)
Cache-Control: no-cache
Content-Type: application/json; charset=utf-8
host: localhost:49788
accept: */*

Response DefaultHttpResponse(decodeResult: success, version: HTTP/1.1)
HTTP/1.1 200 OK
Content-Type: application/json; charset=utf-8
cache-control: no-cache
content-length: 16

19:30:30.962 [AsyncHttpClient-1-14] DEBUG org.asynchttpclient.netty.channel.ChannelManager - Adding key: http://localhost:49788 for channel [id: 0xb0d6d594, L:/127.0.0.1:57223 - R:localhost/127.0.0.1:49788]
19:30:30.966 [Forwarding findElement on session dd3a87974cccffbb5cb77f096da357c9 to remote] DEBUG org.asynchttpclient.netty.request.NettyRequestSender - Using pooled Channel '[id: 0xb0d6d594, L:/127.0.0.1:57223 - R:localhost/127.0.0.1:49788]' for 'POST' to 'http://localhost:49788/session/dd3a87974cccffbb5cb77f096da357c9/element'
19:30:30.966 [Forwarding findElement on session dd3a87974cccffbb5cb77f096da357c9 to remote] DEBUG org.asynchttpclient.netty.request.NettyRequestSender - Using open Channel [id: 0xb0d6d594, L:/127.0.0.1:57223 - R:localhost/127.0.0.1:49788] for POST '/session/dd3a87974cccffbb5cb77f096da357c9/element'
19:30:30.989 [AsyncHttpClient-1-14] DEBUG org.asynchttpclient.netty.handler.HttpHandler - 

Request DefaultHttpRequest(decodeResult: success, version: HTTP/1.1)
POST /session/dd3a87974cccffbb5cb77f096da357c9/element HTTP/1.1
User-Agent: selenium/4.1.2 (java windows)
Content-Length: 85
Content-Type: application/json; charset=utf-8
host: localhost:49788
accept: */*

Response DefaultHttpResponse(decodeResult: success, version: HTTP/1.1)
HTTP/1.1 200 OK
Content-Type: application/json; charset=utf-8
cache-control: no-cache
content-length: 88

19:30:30.990 [AsyncHttpClient-1-14] DEBUG org.asynchttpclient.netty.channel.ChannelManager - Adding key: http://localhost:49788 for channel [id: 0xb0d6d594, L:/127.0.0.1:57223 - R:localhost/127.0.0.1:49788]
19:30:30.992 [Forwarding clickElement on session dd3a87974cccffbb5cb77f096da357c9 to remote] DEBUG org.asynchttpclient.netty.request.NettyRequestSender - Using pooled Channel '[id: 0xb0d6d594, L:/127.0.0.1:57223 - R:localhost/127.0.0.1:49788]' for 'POST' to 'http://localhost:49788/session/dd3a87974cccffbb5cb77f096da357c9/element/305cc746-84a4-4153-a1dd-8b9cc8c49917/click'
19:30:30.992 [Forwarding clickElement on session dd3a87974cccffbb5cb77f096da357c9 to remote] DEBUG org.asynchttpclient.netty.request.NettyRequestSender - Using open Channel [id: 0xb0d6d594, L:/127.0.0.1:57223 - R:localhost/127.0.0.1:49788] for POST '/session/dd3a87974cccffbb5cb77f096da357c9/element/305cc746-84a4-4153-a1dd-8b9cc8c49917/click'
19:30:31.154 [AsyncHttpClient-1-14] DEBUG org.asynchttpclient.netty.handler.HttpHandler - 

Request DefaultHttpRequest(decodeResult: success, version: HTTP/1.1)
POST /session/dd3a87974cccffbb5cb77f096da357c9/element/305cc746-84a4-4153-a1dd-8b9cc8c49917/click HTTP/1.1
User-Agent: selenium/4.1.2 (java windows)
Content-Length: 50
Content-Type: application/json; charset=utf-8
host: localhost:49788
accept: */*

Response DefaultHttpResponse(decodeResult: success, version: HTTP/1.1)
HTTP/1.1 200 OK
Content-Type: application/json; charset=utf-8
cache-control: no-cache
content-length: 14

19:30:31.154 [AsyncHttpClient-1-14] DEBUG org.asynchttpclient.netty.channel.ChannelManager - Adding key: http://localhost:49788 for channel [id: 0xb0d6d594, L:/127.0.0.1:57223 - R:localhost/127.0.0.1:49788]
  &amp#27;[32mAnd &amp#27;[0m&amp#27;[32mI buy two of the products&amp#27;[0m           &amp#27;[90m# starter.stepdefinitions.CartSteps.iBuyTwoOfTheProducts()&amp#27;[0m
19:30:31.175 [Forwarding screenshot on session dd3a87974cccffbb5cb77f096da357c9 to remote] DEBUG org.asynchttpclient.netty.request.NettyRequestSender - Using pooled Channel '[id: 0xb0d6d594, L:/127.0.0.1:57223 - R:localhost/127.0.0.1:49788]' for 'GET' to 'http://localhost:49788/session/dd3a87974cccffbb5cb77f096da357c9/screenshot'
19:30:31.175 [Forwarding screenshot on session dd3a87974cccffbb5cb77f096da357c9 to remote] DEBUG org.asynchttpclient.netty.request.NettyRequestSender - Using open Channel [id: 0xb0d6d594, L:/127.0.0.1:57223 - R:localhost/127.0.0.1:49788] for GET '/session/dd3a87974cccffbb5cb77f096da357c9/screenshot'
19:30:31.583 [AsyncHttpClient-1-1] DEBUG org.asynchttpclient.netty.channel.DefaultChannelPool - Entry count for : http://localhost:57224 : 1
19:30:31.646 [AsyncHttpClient-1-14] DEBUG org.asynchttpclient.netty.handler.HttpHandler - 

Request DefaultFullHttpRequest(decodeResult: success, version: HTTP/1.1, content: EmptyByteBufBE)
GET /session/dd3a87974cccffbb5cb77f096da357c9/screenshot HTTP/1.1
User-Agent: selenium/4.1.2 (java windows)
Cache-Control: no-cache
Content-Type: application/json; charset=utf-8
host: localhost:49788
accept: */*

Response DefaultHttpResponse(decodeResult: success, version: HTTP/1.1)
HTTP/1.1 200 OK
Content-Type: application/json; charset=utf-8
cache-control: no-cache
content-length: 76828

19:30:31.648 [AsyncHttpClient-1-14] DEBUG org.asynchttpclient.netty.channel.ChannelManager - Adding key: http://localhost:49788 for channel [id: 0xb0d6d594, L:/127.0.0.1:57223 - R:localhost/127.0.0.1:49788]
19:30:31.654 [main] DEBUG net.serenitybdd.core.photography.Darkroom - Send negative for processing for target\site\serenity\8ce4bfe1243484c0f75f6d09d57a5d455c91acc89ceec56a47e1b6e049fe0387.png
19:30:31.655 [Darkroom Processing Line] DEBUG net.serenitybdd.core.photography.DarkroomProcessingLine - Processing screenshot image in /var/screenshots/screenshot-9459254979104117943
19:30:31.655 [Darkroom Processing Line] DEBUG net.serenitybdd.core.photography.DarkroomProcessingLine - Saving screenshot to target\site\serenity\8ce4bfe1243484c0f75f6d09d57a5d455c91acc89ceec56a47e1b6e049fe0387.png
19:30:31.682 [Forwarding findElement on session dd3a87974cccffbb5cb77f096da357c9 to remote] DEBUG org.asynchttpclient.netty.request.NettyRequestSender - Using pooled Channel '[id: 0xb0d6d594, L:/127.0.0.1:57223 - R:localhost/127.0.0.1:49788]' for 'POST' to 'http://localhost:49788/session/dd3a87974cccffbb5cb77f096da357c9/element'
19:30:31.682 [Forwarding findElement on session dd3a87974cccffbb5cb77f096da357c9 to remote] DEBUG org.asynchttpclient.netty.request.NettyRequestSender - Using open Channel [id: 0xb0d6d594, L:/127.0.0.1:57223 - R:localhost/127.0.0.1:49788] for POST '/session/dd3a87974cccffbb5cb77f096da357c9/element'
19:30:31.721 [AsyncHttpClient-1-14] DEBUG org.asynchttpclient.netty.handler.HttpHandler - 

Request DefaultHttpRequest(decodeResult: success, version: HTTP/1.1)
POST /session/dd3a87974cccffbb5cb77f096da357c9/element HTTP/1.1
User-Agent: selenium/4.1.2 (java windows)
Content-Length: 88
Content-Type: application/json; charset=utf-8
host: localhost:49788
accept: */*

Response DefaultHttpResponse(decodeResult: success, version: HTTP/1.1)
HTTP/1.1 200 OK
Content-Type: application/json; charset=utf-8
cache-control: no-cache
content-length: 88

19:30:31.721 [AsyncHttpClient-1-14] DEBUG org.asynchttpclient.netty.channel.ChannelManager - Adding key: http://localhost:49788 for channel [id: 0xb0d6d594, L:/127.0.0.1:57223 - R:localhost/127.0.0.1:49788]
19:30:31.723 [Forwarding getElementTagName on session dd3a87974cccffbb5cb77f096da357c9 to remote] DEBUG org.asynchttpclient.netty.request.NettyRequestSender - Using pooled Channel '[id: 0xb0d6d594, L:/127.0.0.1:57223 - R:localhost/127.0.0.1:49788]' for 'GET' to 'http://localhost:49788/session/dd3a87974cccffbb5cb77f096da357c9/element/509c0b45-838d-4fc9-9a5d-19005da5737d/name'
19:30:31.724 [Forwarding getElementTagName on session dd3a87974cccffbb5cb77f096da357c9 to remote] DEBUG org.asynchttpclient.netty.request.NettyRequestSender - Using open Channel [id: 0xb0d6d594, L:/127.0.0.1:57223 - R:localhost/127.0.0.1:49788] for GET '/session/dd3a87974cccffbb5cb77f096da357c9/element/509c0b45-838d-4fc9-9a5d-19005da5737d/name'
19:30:31.732 [AsyncHttpClient-1-14] DEBUG org.asynchttpclient.netty.handler.HttpHandler - 

Request DefaultFullHttpRequest(decodeResult: success, version: HTTP/1.1, content: EmptyByteBufBE)
GET /session/dd3a87974cccffbb5cb77f096da357c9/element/509c0b45-838d-4fc9-9a5d-19005da5737d/name HTTP/1.1
User-Agent: selenium/4.1.2 (java windows)
Cache-Control: no-cache
Content-Type: application/json; charset=utf-8
host: localhost:49788
accept: */*

Response DefaultHttpResponse(decodeResult: success, version: HTTP/1.1)
HTTP/1.1 200 OK
Content-Type: application/json; charset=utf-8
cache-control: no-cache
content-length: 13

19:30:31.732 [AsyncHttpClient-1-14] DEBUG org.asynchttpclient.netty.channel.ChannelManager - Adding key: http://localhost:49788 for channel [id: 0xb0d6d594, L:/127.0.0.1:57223 - R:localhost/127.0.0.1:49788]
19:30:31.735 [Forwarding getElementTagName on session dd3a87974cccffbb5cb77f096da357c9 to remote] DEBUG org.asynchttpclient.netty.request.NettyRequestSender - Using pooled Channel '[id: 0xb0d6d594, L:/127.0.0.1:57223 - R:localhost/127.0.0.1:49788]' for 'GET' to 'http://localhost:49788/session/dd3a87974cccffbb5cb77f096da357c9/element/509c0b45-838d-4fc9-9a5d-19005da5737d/name'
19:30:31.735 [Forwarding getElementTagName on session dd3a87974cccffbb5cb77f096da357c9 to remote] DEBUG org.asynchttpclient.netty.request.NettyRequestSender - Using open Channel [id: 0xb0d6d594, L:/127.0.0.1:57223 - R:localhost/127.0.0.1:49788] for GET '/session/dd3a87974cccffbb5cb77f096da357c9/element/509c0b45-838d-4fc9-9a5d-19005da5737d/name'
19:30:31.740 [AsyncHttpClient-1-14] DEBUG org.asynchttpclient.netty.handler.HttpHandler - 

Request DefaultFullHttpRequest(decodeResult: success, version: HTTP/1.1, content: EmptyByteBufBE)
GET /session/dd3a87974cccffbb5cb77f096da357c9/element/509c0b45-838d-4fc9-9a5d-19005da5737d/name HTTP/1.1
User-Agent: selenium/4.1.2 (java windows)
Cache-Control: no-cache
Content-Type: application/json; charset=utf-8
host: localhost:49788
accept: */*

Response DefaultHttpResponse(decodeResult: success, version: HTTP/1.1)
HTTP/1.1 200 OK
Content-Type: application/json; charset=utf-8
cache-control: no-cache
content-length: 13

19:30:31.741 [AsyncHttpClient-1-14] DEBUG org.asynchttpclient.netty.channel.ChannelManager - Adding key: http://localhost:49788 for channel [id: 0xb0d6d594, L:/127.0.0.1:57223 - R:localhost/127.0.0.1:49788]
19:30:31.747 [Forwarding findElement on session dd3a87974cccffbb5cb77f096da357c9 to remote] DEBUG org.asynchttpclient.netty.request.NettyRequestSender - Using pooled Channel '[id: 0xb0d6d594, L:/127.0.0.1:57223 - R:localhost/127.0.0.1:49788]' for 'POST' to 'http://localhost:49788/session/dd3a87974cccffbb5cb77f096da357c9/element'
19:30:31.747 [Forwarding findElement on session dd3a87974cccffbb5cb77f096da357c9 to remote] DEBUG org.asynchttpclient.netty.request.NettyRequestSender - Using open Channel [id: 0xb0d6d594, L:/127.0.0.1:57223 - R:localhost/127.0.0.1:49788] for POST '/session/dd3a87974cccffbb5cb77f096da357c9/element'
19:30:31.763 [AsyncHttpClient-1-14] DEBUG org.asynchttpclient.netty.handler.HttpHandler - 

Request DefaultHttpRequest(decodeResult: success, version: HTTP/1.1)
POST /session/dd3a87974cccffbb5cb77f096da357c9/element HTTP/1.1
User-Agent: selenium/4.1.2 (java windows)
Content-Length: 88
Content-Type: application/json; charset=utf-8
host: localhost:49788
accept: */*

Response DefaultHttpResponse(decodeResult: success, version: HTTP/1.1)
HTTP/1.1 200 OK
Content-Type: application/json; charset=utf-8
cache-control: no-cache
content-length: 88

19:30:31.763 [AsyncHttpClient-1-14] DEBUG org.asynchttpclient.netty.channel.ChannelManager - Adding key: http://localhost:49788 for channel [id: 0xb0d6d594, L:/127.0.0.1:57223 - R:localhost/127.0.0.1:49788]
19:30:31.766 [Forwarding clickElement on session dd3a87974cccffbb5cb77f096da357c9 to remote] DEBUG org.asynchttpclient.netty.request.NettyRequestSender - Using pooled Channel '[id: 0xb0d6d594, L:/127.0.0.1:57223 - R:localhost/127.0.0.1:49788]' for 'POST' to 'http://localhost:49788/session/dd3a87974cccffbb5cb77f096da357c9/element/509c0b45-838d-4fc9-9a5d-19005da5737d/click'
19:30:31.766 [Forwarding clickElement on session dd3a87974cccffbb5cb77f096da357c9 to remote] DEBUG org.asynchttpclient.netty.request.NettyRequestSender - Using open Channel [id: 0xb0d6d594, L:/127.0.0.1:57223 - R:localhost/127.0.0.1:49788] for POST '/session/dd3a87974cccffbb5cb77f096da357c9/element/509c0b45-838d-4fc9-9a5d-19005da5737d/click'
19:30:31.869 [AsyncHttpClient-1-14] DEBUG org.asynchttpclient.netty.handler.HttpHandler - 

Request DefaultHttpRequest(decodeResult: success, version: HTTP/1.1)
POST /session/dd3a87974cccffbb5cb77f096da357c9/element/509c0b45-838d-4fc9-9a5d-19005da5737d/click HTTP/1.1
User-Agent: selenium/4.1.2 (java windows)
Content-Length: 50
Content-Type: application/json; charset=utf-8
host: localhost:49788
accept: */*

Response DefaultHttpResponse(decodeResult: success, version: HTTP/1.1)
HTTP/1.1 200 OK
Content-Type: application/json; charset=utf-8
cache-control: no-cache
content-length: 14

19:30:31.870 [AsyncHttpClient-1-14] DEBUG org.asynchttpclient.netty.channel.ChannelManager - Adding key: http://localhost:49788 for channel [id: 0xb0d6d594, L:/127.0.0.1:57223 - R:localhost/127.0.0.1:49788]
  &amp#27;[32mWhen &amp#27;[0m&amp#27;[32mI open cart page&amp#27;[0m                   &amp#27;[90m# starter.stepdefinitions.CartSteps.iOpenCartPage()&amp#27;[0m
19:30:31.893 [Forwarding screenshot on session dd3a87974cccffbb5cb77f096da357c9 to remote] DEBUG org.asynchttpclient.netty.request.NettyRequestSender - Using pooled Channel '[id: 0xb0d6d594, L:/127.0.0.1:57223 - R:localhost/127.0.0.1:49788]' for 'GET' to 'http://localhost:49788/session/dd3a87974cccffbb5cb77f096da357c9/screenshot'
19:30:31.893 [Forwarding screenshot on session dd3a87974cccffbb5cb77f096da357c9 to remote] DEBUG org.asynchttpclient.netty.request.NettyRequestSender - Using open Channel [id: 0xb0d6d594, L:/127.0.0.1:57223 - R:localhost/127.0.0.1:49788] for GET '/session/dd3a87974cccffbb5cb77f096da357c9/screenshot'
19:30:32.683 [AsyncHttpClient-1-1] DEBUG org.asynchttpclient.netty.channel.DefaultChannelPool - Entry count for : http://localhost:57224 : 1
19:30:33.033 [AsyncHttpClient-1-14] DEBUG org.asynchttpclient.netty.handler.HttpHandler - 

Request DefaultFullHttpRequest(decodeResult: success, version: HTTP/1.1, content: EmptyByteBufBE)
GET /session/dd3a87974cccffbb5cb77f096da357c9/screenshot HTTP/1.1
User-Agent: selenium/4.1.2 (java windows)
Cache-Control: no-cache
Content-Type: application/json; charset=utf-8
host: localhost:49788
accept: */*

Response DefaultHttpResponse(decodeResult: success, version: HTTP/1.1)
HTTP/1.1 200 OK
Content-Type: application/json; charset=utf-8
cache-control: no-cache
content-length: 50012

19:30:33.035 [AsyncHttpClient-1-14] DEBUG org.asynchttpclient.netty.channel.ChannelManager - Adding key: http://localhost:49788 for channel [id: 0xb0d6d594, L:/127.0.0.1:57223 - R:localhost/127.0.0.1:49788]
19:30:33.043 [main] DEBUG net.serenitybdd.core.photography.Darkroom - Send negative for processing for target\site\serenity\5326f8cafaa34daed22f53515641bc3c5081230579d410989090631589f2eed1.png
19:30:33.045 [Darkroom Processing Line] DEBUG net.serenitybdd.core.photography.DarkroomProcessingLine - Processing screenshot image in /var/screenshots/screenshot-9322181187504267232
19:30:33.045 [Darkroom Processing Line] DEBUG net.serenitybdd.core.photography.DarkroomProcessingLine - Saving screenshot to target\site\serenity\5326f8cafaa34daed22f53515641bc3c5081230579d410989090631589f2eed1.png
19:30:33.067 [Forwarding findElement on session dd3a87974cccffbb5cb77f096da357c9 to remote] DEBUG org.asynchttpclient.netty.request.NettyRequestSender - Using pooled Channel '[id: 0xb0d6d594, L:/127.0.0.1:57223 - R:localhost/127.0.0.1:49788]' for 'POST' to 'http://localhost:49788/session/dd3a87974cccffbb5cb77f096da357c9/element'
19:30:33.068 [Forwarding findElement on session dd3a87974cccffbb5cb77f096da357c9 to remote] DEBUG org.asynchttpclient.netty.request.NettyRequestSender - Using open Channel [id: 0xb0d6d594, L:/127.0.0.1:57223 - R:localhost/127.0.0.1:49788] for POST '/session/dd3a87974cccffbb5cb77f096da357c9/element'
19:30:33.090 [AsyncHttpClient-1-14] DEBUG org.asynchttpclient.netty.handler.HttpHandler - 

Request DefaultHttpRequest(decodeResult: success, version: HTTP/1.1)
POST /session/dd3a87974cccffbb5cb77f096da357c9/element HTTP/1.1
User-Agent: selenium/4.1.2 (java windows)
Content-Length: 77
Content-Type: application/json; charset=utf-8
host: localhost:49788
accept: */*

Response DefaultHttpResponse(decodeResult: success, version: HTTP/1.1)
HTTP/1.1 200 OK
Content-Type: application/json; charset=utf-8
cache-control: no-cache
content-length: 88

19:30:33.091 [AsyncHttpClient-1-14] DEBUG org.asynchttpclient.netty.channel.ChannelManager - Adding key: http://localhost:49788 for channel [id: 0xb0d6d594, L:/127.0.0.1:57223 - R:localhost/127.0.0.1:49788]
19:30:33.093 [Forwarding getElementTagName on session dd3a87974cccffbb5cb77f096da357c9 to remote] DEBUG org.asynchttpclient.netty.request.NettyRequestSender - Using pooled Channel '[id: 0xb0d6d594, L:/127.0.0.1:57223 - R:localhost/127.0.0.1:49788]' for 'GET' to 'http://localhost:49788/session/dd3a87974cccffbb5cb77f096da357c9/element/5feb2cb0-2870-44a8-9afc-bdd56f12d830/name'
19:30:33.094 [Forwarding getElementTagName on session dd3a87974cccffbb5cb77f096da357c9 to remote] DEBUG org.asynchttpclient.netty.request.NettyRequestSender - Using open Channel [id: 0xb0d6d594, L:/127.0.0.1:57223 - R:localhost/127.0.0.1:49788] for GET '/session/dd3a87974cccffbb5cb77f096da357c9/element/5feb2cb0-2870-44a8-9afc-bdd56f12d830/name'
19:30:33.101 [AsyncHttpClient-1-14] DEBUG org.asynchttpclient.netty.handler.HttpHandler - 

Request DefaultFullHttpRequest(decodeResult: success, version: HTTP/1.1, content: EmptyByteBufBE)
GET /session/dd3a87974cccffbb5cb77f096da357c9/element/5feb2cb0-2870-44a8-9afc-bdd56f12d830/name HTTP/1.1
User-Agent: selenium/4.1.2 (java windows)
Cache-Control: no-cache
Content-Type: application/json; charset=utf-8
host: localhost:49788
accept: */*

Response DefaultHttpResponse(decodeResult: success, version: HTTP/1.1)
HTTP/1.1 200 OK
Content-Type: application/json; charset=utf-8
cache-control: no-cache
content-length: 16

19:30:33.101 [AsyncHttpClient-1-14] DEBUG org.asynchttpclient.netty.channel.ChannelManager - Adding key: http://localhost:49788 for channel [id: 0xb0d6d594, L:/127.0.0.1:57223 - R:localhost/127.0.0.1:49788]
19:30:33.103 [Forwarding getElementTagName on session dd3a87974cccffbb5cb77f096da357c9 to remote] DEBUG org.asynchttpclient.netty.request.NettyRequestSender - Using pooled Channel '[id: 0xb0d6d594, L:/127.0.0.1:57223 - R:localhost/127.0.0.1:49788]' for 'GET' to 'http://localhost:49788/session/dd3a87974cccffbb5cb77f096da357c9/element/5feb2cb0-2870-44a8-9afc-bdd56f12d830/name'
19:30:33.103 [Forwarding getElementTagName on session dd3a87974cccffbb5cb77f096da357c9 to remote] DEBUG org.asynchttpclient.netty.request.NettyRequestSender - Using open Channel [id: 0xb0d6d594, L:/127.0.0.1:57223 - R:localhost/127.0.0.1:49788] for GET '/session/dd3a87974cccffbb5cb77f096da357c9/element/5feb2cb0-2870-44a8-9afc-bdd56f12d830/name'
19:30:33.108 [AsyncHttpClient-1-14] DEBUG org.asynchttpclient.netty.handler.HttpHandler - 

Request DefaultFullHttpRequest(decodeResult: success, version: HTTP/1.1, content: EmptyByteBufBE)
GET /session/dd3a87974cccffbb5cb77f096da357c9/element/5feb2cb0-2870-44a8-9afc-bdd56f12d830/name HTTP/1.1
User-Agent: selenium/4.1.2 (java windows)
Cache-Control: no-cache
Content-Type: application/json; charset=utf-8
host: localhost:49788
accept: */*

Response DefaultHttpResponse(decodeResult: success, version: HTTP/1.1)
HTTP/1.1 200 OK
Content-Type: application/json; charset=utf-8
cache-control: no-cache
content-length: 16

19:30:33.108 [AsyncHttpClient-1-14] DEBUG org.asynchttpclient.netty.channel.ChannelManager - Adding key: http://localhost:49788 for channel [id: 0xb0d6d594, L:/127.0.0.1:57223 - R:localhost/127.0.0.1:49788]
19:30:33.113 [Forwarding findElement on session dd3a87974cccffbb5cb77f096da357c9 to remote] DEBUG org.asynchttpclient.netty.request.NettyRequestSender - Using pooled Channel '[id: 0xb0d6d594, L:/127.0.0.1:57223 - R:localhost/127.0.0.1:49788]' for 'POST' to 'http://localhost:49788/session/dd3a87974cccffbb5cb77f096da357c9/element'
19:30:33.114 [Forwarding findElement on session dd3a87974cccffbb5cb77f096da357c9 to remote] DEBUG org.asynchttpclient.netty.request.NettyRequestSender - Using open Channel [id: 0xb0d6d594, L:/127.0.0.1:57223 - R:localhost/127.0.0.1:49788] for POST '/session/dd3a87974cccffbb5cb77f096da357c9/element'
19:30:33.125 [AsyncHttpClient-1-14] DEBUG org.asynchttpclient.netty.handler.HttpHandler - 

Request DefaultHttpRequest(decodeResult: success, version: HTTP/1.1)
POST /session/dd3a87974cccffbb5cb77f096da357c9/element HTTP/1.1
User-Agent: selenium/4.1.2 (java windows)
Content-Length: 77
Content-Type: application/json; charset=utf-8
host: localhost:49788
accept: */*

Response DefaultHttpResponse(decodeResult: success, version: HTTP/1.1)
HTTP/1.1 200 OK
Content-Type: application/json; charset=utf-8
cache-control: no-cache
content-length: 88

19:30:33.125 [AsyncHttpClient-1-14] DEBUG org.asynchttpclient.netty.channel.ChannelManager - Adding key: http://localhost:49788 for channel [id: 0xb0d6d594, L:/127.0.0.1:57223 - R:localhost/127.0.0.1:49788]
19:30:33.128 [Forwarding clickElement on session dd3a87974cccffbb5cb77f096da357c9 to remote] DEBUG org.asynchttpclient.netty.request.NettyRequestSender - Using pooled Channel '[id: 0xb0d6d594, L:/127.0.0.1:57223 - R:localhost/127.0.0.1:49788]' for 'POST' to 'http://localhost:49788/session/dd3a87974cccffbb5cb77f096da357c9/element/5feb2cb0-2870-44a8-9afc-bdd56f12d830/click'
19:30:33.128 [Forwarding clickElement on session dd3a87974cccffbb5cb77f096da357c9 to remote] DEBUG org.asynchttpclient.netty.request.NettyRequestSender - Using open Channel [id: 0xb0d6d594, L:/127.0.0.1:57223 - R:localhost/127.0.0.1:49788] for POST '/session/dd3a87974cccffbb5cb77f096da357c9/element/5feb2cb0-2870-44a8-9afc-bdd56f12d830/click'
19:30:33.204 [AsyncHttpClient-1-14] DEBUG org.asynchttpclient.netty.handler.HttpHandler - 

Request DefaultHttpRequest(decodeResult: success, version: HTTP/1.1)
POST /session/dd3a87974cccffbb5cb77f096da357c9/element/5feb2cb0-2870-44a8-9afc-bdd56f12d830/click HTTP/1.1
User-Agent: selenium/4.1.2 (java windows)
Content-Length: 50
Content-Type: application/json; charset=utf-8
host: localhost:49788
accept: */*

Response DefaultHttpResponse(decodeResult: success, version: HTTP/1.1)
HTTP/1.1 200 OK
Content-Type: application/json; charset=utf-8
cache-control: no-cache
content-length: 14

19:30:33.204 [AsyncHttpClient-1-14] DEBUG org.asynchttpclient.netty.channel.ChannelManager - Adding key: http://localhost:49788 for channel [id: 0xb0d6d594, L:/127.0.0.1:57223 - R:localhost/127.0.0.1:49788]
  &amp#27;[32mAnd &amp#27;[0m&amp#27;[32mI click minus logo&amp#27;[0m                  &amp#27;[90m# starter.stepdefinitions.CartSteps.iClickMinusLogo()&amp#27;[0m
19:30:33.224 [Forwarding screenshot on session dd3a87974cccffbb5cb77f096da357c9 to remote] DEBUG org.asynchttpclient.netty.request.NettyRequestSender - Using pooled Channel '[id: 0xb0d6d594, L:/127.0.0.1:57223 - R:localhost/127.0.0.1:49788]' for 'GET' to 'http://localhost:49788/session/dd3a87974cccffbb5cb77f096da357c9/screenshot'
19:30:33.224 [Forwarding screenshot on session dd3a87974cccffbb5cb77f096da357c9 to remote] DEBUG org.asynchttpclient.netty.request.NettyRequestSender - Using open Channel [id: 0xb0d6d594, L:/127.0.0.1:57223 - R:localhost/127.0.0.1:49788] for GET '/session/dd3a87974cccffbb5cb77f096da357c9/screenshot'
19:30:33.620 [AsyncHttpClient-1-14] DEBUG org.asynchttpclient.netty.handler.HttpHandler - 

Request DefaultFullHttpRequest(decodeResult: success, version: HTTP/1.1, content: EmptyByteBufBE)
GET /session/dd3a87974cccffbb5cb77f096da357c9/screenshot HTTP/1.1
User-Agent: selenium/4.1.2 (java windows)
Cache-Control: no-cache
Content-Type: application/json; charset=utf-8
host: localhost:49788
accept: */*

Response DefaultHttpResponse(decodeResult: success, version: HTTP/1.1)
HTTP/1.1 200 OK
Content-Type: application/json; charset=utf-8
cache-control: no-cache
content-length: 48464

19:30:33.621 [AsyncHttpClient-1-14] DEBUG org.asynchttpclient.netty.channel.ChannelManager - Adding key: http://localhost:49788 for channel [id: 0xb0d6d594, L:/127.0.0.1:57223 - R:localhost/127.0.0.1:49788]
19:30:33.627 [main] DEBUG net.serenitybdd.core.photography.Darkroom - Send negative for processing for target\site\serenity\3947396014b799cd693acda74a0e8b00dc1449b848676082c41797ba6bef81fc.png
19:30:33.628 [Darkroom Processing Line] DEBUG net.serenitybdd.core.photography.DarkroomProcessingLine - Processing screenshot image in /var/screenshots/screenshot-2026603354092043099
19:30:33.629 [Darkroom Processing Line] DEBUG net.serenitybdd.core.photography.DarkroomProcessingLine - Saving screenshot to target\site\serenity\3947396014b799cd693acda74a0e8b00dc1449b848676082c41797ba6bef81fc.png
19:30:33.651 [Forwarding findElement on session dd3a87974cccffbb5cb77f096da357c9 to remote] DEBUG org.asynchttpclient.netty.request.NettyRequestSender - Using pooled Channel '[id: 0xb0d6d594, L:/127.0.0.1:57223 - R:localhost/127.0.0.1:49788]' for 'POST' to 'http://localhost:49788/session/dd3a87974cccffbb5cb77f096da357c9/element'
19:30:33.652 [Forwarding findElement on session dd3a87974cccffbb5cb77f096da357c9 to remote] DEBUG org.asynchttpclient.netty.request.NettyRequestSender - Using open Channel [id: 0xb0d6d594, L:/127.0.0.1:57223 - R:localhost/127.0.0.1:49788] for POST '/session/dd3a87974cccffbb5cb77f096da357c9/element'
19:30:33.687 [AsyncHttpClient-1-14] DEBUG org.asynchttpclient.netty.handler.HttpHandler - 

Request DefaultHttpRequest(decodeResult: success, version: HTTP/1.1)
POST /session/dd3a87974cccffbb5cb77f096da357c9/element HTTP/1.1
User-Agent: selenium/4.1.2 (java windows)
Content-Length: 89
Content-Type: application/json; charset=utf-8
host: localhost:49788
accept: */*

Response DefaultHttpResponse(decodeResult: success, version: HTTP/1.1)
HTTP/1.1 200 OK
Content-Type: application/json; charset=utf-8
cache-control: no-cache
content-length: 88

19:30:33.688 [AsyncHttpClient-1-14] DEBUG org.asynchttpclient.netty.channel.ChannelManager - Adding key: http://localhost:49788 for channel [id: 0xb0d6d594, L:/127.0.0.1:57223 - R:localhost/127.0.0.1:49788]
19:30:33.691 [Forwarding getElementText on session dd3a87974cccffbb5cb77f096da357c9 to remote] DEBUG org.asynchttpclient.netty.request.NettyRequestSender - Using pooled Channel '[id: 0xb0d6d594, L:/127.0.0.1:57223 - R:localhost/127.0.0.1:49788]' for 'GET' to 'http://localhost:49788/session/dd3a87974cccffbb5cb77f096da357c9/element/c2f5bfb7-0286-4fc4-b8ea-a3981ef99446/text'
19:30:33.691 [Forwarding getElementText on session dd3a87974cccffbb5cb77f096da357c9 to remote] DEBUG org.asynchttpclient.netty.request.NettyRequestSender - Using open Channel [id: 0xb0d6d594, L:/127.0.0.1:57223 - R:localhost/127.0.0.1:49788] for GET '/session/dd3a87974cccffbb5cb77f096da357c9/element/c2f5bfb7-0286-4fc4-b8ea-a3981ef99446/text'
19:30:33.733 [AsyncHttpClient-1-14] DEBUG org.asynchttpclient.netty.handler.HttpHandler - 

Request DefaultFullHttpRequest(decodeResult: success, version: HTTP/1.1, content: EmptyByteBufBE)
GET /session/dd3a87974cccffbb5cb77f096da357c9/element/c2f5bfb7-0286-4fc4-b8ea-a3981ef99446/text HTTP/1.1
User-Agent: selenium/4.1.2 (java windows)
Cache-Control: no-cache
Content-Type: application/json; charset=utf-8
host: localhost:49788
accept: */*

Response DefaultHttpResponse(decodeResult: success, version: HTTP/1.1)
HTTP/1.1 200 OK
Content-Type: application/json; charset=utf-8
cache-control: no-cache
content-length: 13

19:30:33.733 [AsyncHttpClient-1-14] DEBUG org.asynchttpclient.netty.channel.ChannelManager - Adding key: http://localhost:49788 for channel [id: 0xb0d6d594, L:/127.0.0.1:57223 - R:localhost/127.0.0.1:49788]
  &amp#27;[32mThen &amp#27;[0m&amp#27;[32mThe quantity of product is reduced&amp#27;[0m &amp#27;[90m# starter.stepdefinitions.CartSteps.theQuantityOfProductIsReduced()&amp#27;[0m
19:30:33.749 [Forwarding screenshot on session dd3a87974cccffbb5cb77f096da357c9 to remote] DEBUG org.asynchttpclient.netty.request.NettyRequestSender - Using pooled Channel '[id: 0xb0d6d594, L:/127.0.0.1:57223 - R:localhost/127.0.0.1:49788]' for 'GET' to 'http://localhost:49788/session/dd3a87974cccffbb5cb77f096da357c9/screenshot'
19:30:33.751 [Forwarding screenshot on session dd3a87974cccffbb5cb77f096da357c9 to remote] DEBUG org.asynchttpclient.netty.request.NettyRequestSender - Using open Channel [id: 0xb0d6d594, L:/127.0.0.1:57223 - R:localhost/127.0.0.1:49788] for GET '/session/dd3a87974cccffbb5cb77f096da357c9/screenshot'
19:30:33.789 [AsyncHttpClient-1-1] DEBUG org.asynchttpclient.netty.channel.DefaultChannelPool - Entry count for : http://localhost:57224 : 1
19:30:34.095 [AsyncHttpClient-1-14] DEBUG org.asynchttpclient.netty.handler.HttpHandler - 

Request DefaultFullHttpRequest(decodeResult: success, version: HTTP/1.1, content: EmptyByteBufBE)
GET /session/dd3a87974cccffbb5cb77f096da357c9/screenshot HTTP/1.1
User-Agent: selenium/4.1.2 (java windows)
Cache-Control: no-cache
Content-Type: application/json; charset=utf-8
host: localhost:49788
accept: */*

Response DefaultHttpResponse(decodeResult: success, version: HTTP/1.1)
HTTP/1.1 200 OK
Content-Type: application/json; charset=utf-8
cache-control: no-cache
content-length: 46604

19:30:34.096 [AsyncHttpClient-1-14] DEBUG org.asynchttpclient.netty.channel.ChannelManager - Adding key: http://localhost:49788 for channel [id: 0xb0d6d594, L:/127.0.0.1:57223 - R:localhost/127.0.0.1:49788]
19:30:34.101 [main] DEBUG net.serenitybdd.core.photography.Darkroom - Send negative for processing for target\site\serenity\a96fc24405914e4c8044c4b9b42e75447395d693223a2f7772b93ff66f5e9da4.png
19:30:34.101 [Darkroom Processing Line] DEBUG net.serenitybdd.core.photography.DarkroomProcessingLine - Processing screenshot image in /var/screenshots/screenshot-5974151914111746154
19:30:34.101 [Darkroom Processing Line] DEBUG net.serenitybdd.core.photography.DarkroomProcessingLine - Saving screenshot to target\site\serenity\a96fc24405914e4c8044c4b9b42e75447395d693223a2f7772b93ff66f5e9da4.png
19:30:34.103 [main] INFO  - 
  _____   ___   ___   _____     ___     _     ___   ___   ___   ___  
 |_   _| | __| / __| |_   _|   | _ \   /_\   / __| / __| | __| |   \ 
   | |   | _|  \__ \   | |     |  _/  / _ \  \__ \ \__ \ | _|  | |) |
   |_|   |___| |___/   |_|     |_|   /_/ \_\ |___/ |___/ |___| |___/ 

Reduce Product Quantity
----------------------------------------------------------------------
19:30:34.106 [AsyncHttpClient-1-16] DEBUG org.asynchttpclient.netty.handler.WebSocketHandler - Channel Closed: [id: 0x7a9bcba2, L:/127.0.0.1:57234 ! R:localhost/127.0.0.1:57224] with attribute NettyResponseFuture{currentRetry=5,
	isDone=1,
	isCancelled=0,
	asyncHandler=org.asynchttpclient.ws.WebSocketUpgradeHandler@71165f3e,
	nettyRequest=org.asynchttpclient.netty.request.NettyRequest@3414cf78,
	future=java.util.concurrent.CompletableFuture@3e52d1f0[Completed normally],
	uri=ws://localhost:57224/devtools/browser/6dfea9a7-814d-4fb5-8b31-a0bf1ae5eaf8,
	keepAlive=true,
	redirectCount=0,
	timeoutsHolder=null,
	inAuth=0,
	touch=1667997018469}
19:30:34.106 [AsyncHttpClient-1-16] DEBUG org.asynchttpclient.netty.channel.ChannelManager - Closing Channel [id: 0x7a9bcba2, L:/127.0.0.1:57234 ! R:localhost/127.0.0.1:57224] 
19:30:34.107 [Driver Command Executor] DEBUG org.asynchttpclient.netty.request.NettyRequestSender - Using pooled Channel '[id: 0xb0d6d594, L:/127.0.0.1:57223 - R:localhost/127.0.0.1:49788]' for 'DELETE' to 'http://localhost:49788/session/dd3a87974cccffbb5cb77f096da357c9'
19:30:34.108 [Driver Command Executor] DEBUG org.asynchttpclient.netty.request.NettyRequestSender - Using open Channel [id: 0xb0d6d594, L:/127.0.0.1:57223 - R:localhost/127.0.0.1:49788] for DELETE '/session/dd3a87974cccffbb5cb77f096da357c9'
19:30:34.218 [AsyncHttpClient-1-15] DEBUG org.asynchttpclient.netty.handler.HttpHandler - Unexpected I/O exception on channel [id: 0x94afbc0c, L:/127.0.0.1:57233 - R:localhost/127.0.0.1:57224]
java.net.SocketException: Connection reset
	at java.base/sun.nio.ch.SocketChannelImpl.throwConnectionReset(SocketChannelImpl.java:345)
	at java.base/sun.nio.ch.SocketChannelImpl.read(SocketChannelImpl.java:376)
	at io.netty.buffer.PooledByteBuf.setBytes(PooledByteBuf.java:258)
	at io.netty.buffer.AbstractByteBuf.writeBytes(AbstractByteBuf.java:1132)
	at io.netty.channel.socket.nio.NioSocketChannel.doReadBytes(NioSocketChannel.java:350)
	at io.netty.channel.nio.AbstractNioByteChannel$NioByteUnsafe.read(AbstractNioByteChannel.java:151)
	at io.netty.channel.nio.NioEventLoop.processSelectedKey(NioEventLoop.java:722)
	at io.netty.channel.nio.NioEventLoop.processSelectedKeysOptimized(NioEventLoop.java:658)
	at io.netty.channel.nio.NioEventLoop.processSelectedKeys(NioEventLoop.java:584)
	at io.netty.channel.nio.NioEventLoop.run(NioEventLoop.java:496)
	at io.netty.util.concurrent.SingleThreadEventExecutor$4.run(SingleThreadEventExecutor.java:986)
	at io.netty.util.internal.ThreadExecutorMap$2.run(ThreadExecutorMap.java:74)
	at io.netty.util.concurrent.FastThreadLocalRunnable.run(FastThreadLocalRunnable.java:30)
	at java.base/java.lang.Thread.run(Thread.java:830)
19:30:34.220 [AsyncHttpClient-1-15] DEBUG org.asynchttpclient.netty.channel.ChannelManager - Closing Channel [id: 0x94afbc0c, L:/127.0.0.1:57233 - R:localhost/127.0.0.1:57224] 
19:30:34.221 [AsyncHttpClient-1-15] DEBUG org.asynchttpclient.netty.handler.HttpHandler - Channel Closed: [id: 0x94afbc0c, L:/127.0.0.1:57233 ! R:localhost/127.0.0.1:57224] with attribute DISCARD
19:30:34.338 [AsyncHttpClient-1-14] DEBUG org.asynchttpclient.netty.handler.HttpHandler - 

Request DefaultFullHttpRequest(decodeResult: success, version: HTTP/1.1, content: EmptyByteBufBE)
DELETE /session/dd3a87974cccffbb5cb77f096da357c9 HTTP/1.1
User-Agent: selenium/4.1.2 (java windows)
Content-Type: application/json; charset=utf-8
host: localhost:49788
accept: */*

Response DefaultHttpResponse(decodeResult: success, version: HTTP/1.1)
HTTP/1.1 200 OK
Content-Type: application/json; charset=utf-8
cache-control: no-cache
content-length: 14

19:30:34.339 [AsyncHttpClient-1-14] DEBUG org.asynchttpclient.netty.channel.ChannelManager - Adding key: http://localhost:49788 for channel [id: 0xb0d6d594, L:/127.0.0.1:57223 - R:localhost/127.0.0.1:49788]
19:30:34.464 [AsyncHttpClient-1-14] DEBUG org.asynchttpclient.netty.handler.HttpHandler - Channel Closed: [id: 0xb0d6d594, L:/127.0.0.1:57223 ! R:localhost/127.0.0.1:49788] with attribute DISCARD
19:30:34.889 [AsyncHttpClient-1-1] DEBUG org.asynchttpclient.netty.channel.DefaultChannelPool - Entry count for : http://localhost:57224 : 1
19:30:34.889 [AsyncHttpClient-1-1] DEBUG org.asynchttpclient.netty.channel.DefaultChannelPool - Entry count for : http://localhost:49788 : 1
19:30:34.889 [AsyncHttpClient-1-1] DEBUG org.asynchttpclient.netty.channel.DefaultChannelPool - Adding Candidate expired Channel [id: 0x94afbc0c, L:/127.0.0.1:57233 ! R:localhost/127.0.0.1:57224] isIdleTimeoutExpired=false isRemotelyClosed=true isTtlExpired=false
19:30:34.889 [AsyncHttpClient-1-1] DEBUG org.asynchttpclient.netty.channel.DefaultChannelPool - Closing Idle Channel [id: 0x94afbc0c, L:/127.0.0.1:57233 ! R:localhost/127.0.0.1:57224]
19:30:34.889 [AsyncHttpClient-1-1] DEBUG org.asynchttpclient.netty.channel.DefaultChannelPool - Adding Candidate expired Channel [id: 0xb0d6d594, L:/127.0.0.1:57223 ! R:localhost/127.0.0.1:49788] isIdleTimeoutExpired=false isRemotelyClosed=true isTtlExpired=false
19:30:34.889 [AsyncHttpClient-1-1] DEBUG org.asynchttpclient.netty.channel.DefaultChannelPool - Closing Idle Channel [id: 0xb0d6d594, L:/127.0.0.1:57223 ! R:localhost/127.0.0.1:49788]
19:30:34.889 [AsyncHttpClient-1-1] DEBUG org.asynchttpclient.netty.channel.DefaultChannelPool - Closed 2 connections out of 2 in 0 ms
]]></system-out>
    <system-err><![CDATA[Starting ChromeDriver 106.0.5249.61 (511755355844955cd3e264779baf0dd38212a4d0-refs/branch-heads/5249@{#569}) on port 49788
Only local connections are allowed.
Please see https://chromedriver.chromium.org/security-considerations for suggestions on keeping ChromeDriver safe.
ChromeDriver was started successfully.
[1667997016.613][WARNING]: This version of ChromeDriver has not been tested with Chrome version 107.
Nov 09, 2022 7:30:18 PM org.openqa.selenium.remote.ProtocolHandshake createSession
INFO: Detected dialect: W3C
Nov 09, 2022 7:30:18 PM org.openqa.selenium.devtools.CdpVersionFinder findNearestMatch
WARNING: Unable to find an exact match for CDP version 107, so returning the closest version found: a no-op implementation
Nov 09, 2022 7:30:18 PM org.openqa.selenium.devtools.CdpVersionFinder findNearestMatch
INFO: Unable to find CDP implementation matching 107.
Nov 09, 2022 7:30:18 PM org.openqa.selenium.chromium.ChromiumDriver lambda$new$3
WARNING: Unable to find version of CDP to use for . You may need to include a dependency on a specific version of the CDP using something similar to `org.seleniumhq.selenium:selenium-devtools-v86:4.1.2` where the version ("v86") matches the version of the chromium-based browser you're using and the version number of the artifact is the same as Selenium's.
]]></system-err>
  </testcase>
</testsuite>