<?xml version="1.0" encoding="UTF-8"?>
<testsuite xmlns:xsi="http://www.w3.org/2001/XMLSchema-instance" xsi:noNamespaceSchemaLocation="https://maven.apache.org/surefire/maven-failsafe-plugin/xsd/failsafe-test-report-3.0.xsd" version="3.0" name="CucumberTestSuite" time="209.377" tests="27" errors="0" skipped="0" failures="0">
  <properties>
    <property name="java.specification.version" value="13"/>
    <property name="webdriver.chrome.driver" value="C:\Users\ASUS\Desktop\stupen\miniproject\Web\ASWeb\src\test\resources\webdriver\chromedriver.exe"/>
    <property name="sun.cpu.isalist" value="amd64"/>
    <property name="sun.jnu.encoding" value="Cp1252"/>
    <property name="java.class.path" value="C:\Users\ASUS\Desktop\stupen\miniproject\Web\ASWeb\target\test-classes;C:\Users\ASUS\.m2\repository\net\serenity-bdd\serenity-core\3.2.1\serenity-core-3.2.1.jar;C:\Users\ASUS\.m2\repository\net\serenity-bdd\serenity-model\3.2.1\serenity-model-3.2.1.jar;C:\Users\ASUS\.m2\repository\org\apache\commons\commons-text\1.9\commons-text-1.9.jar;C:\Users\ASUS\.m2\repository\commons-net\commons-net\3.8.0\commons-net-3.8.0.jar;C:\Users\ASUS\.m2\repository\com\google\guava\guava\31.1-jre\guava-31.1-jre.jar;C:\Users\ASUS\.m2\repository\com\google\guava\failureaccess\1.0.1\failureaccess-1.0.1.jar;C:\Users\ASUS\.m2\repository\com\google\guava\listenablefuture\9999.0-empty-to-avoid-conflict-with-guava\listenablefuture-9999.0-empty-to-avoid-conflict-with-guava.jar;C:\Users\ASUS\.m2\repository\com\google\code\findbugs\jsr305\3.0.2\jsr305-3.0.2.jar;C:\Users\ASUS\.m2\repository\org\checkerframework\checker-qual\3.12.0\checker-qual-3.12.0.jar;C:\Users\ASUS\.m2\repository\com\google\errorprone\error_prone_annotations\2.11.0\error_prone_annotations-2.11.0.jar;C:\Users\ASUS\.m2\repository\com\google\j2objc\j2objc-annotations\1.3\j2objc-annotations-1.3.jar;C:\Users\ASUS\.m2\repository\com\google\inject\guice\5.1.0\guice-5.1.0.jar;C:\Users\ASUS\.m2\repository\javax\inject\javax.inject\1\javax.inject-1.jar;C:\Users\ASUS\.m2\repository\aopalliance\aopalliance\1.0\aopalliance-1.0.jar;C:\Users\ASUS\.m2\repository\org\jsoup\jsoup\1.14.3\jsoup-1.14.3.jar;C:\Users\ASUS\.m2\repository\com\thoughtworks\xstream\xstream\1.4.19\xstream-1.4.19.jar;C:\Users\ASUS\.m2\repository\io\github\x-stream\mxparser\1.2.2\mxparser-1.2.2.jar;C:\Users\ASUS\.m2\repository\xmlpull\xmlpull\1.1.3.1\xmlpull-1.1.3.1.jar;C:\Users\ASUS\.m2\repository\io\cucumber\cucumber-java\7.2.3\cucumber-java-7.2.3.jar;C:\Users\ASUS\.m2\repository\com\typesafe\config\1.4.2\config-1.4.2.jar;C:\Users\ASUS\.m2\repository\org\imgscalr\imgscalr-lib\4.2\imgscalr-lib-4.2.jar;C:\Users\ASUS\.m2\repository\org\awaitility\awaitility\4.2.0\awaitility-4.2.0.jar;C:\Users\ASUS\.m2\repository\org\freemarker\freemarker\2.3.31\freemarker-2.3.31.jar;C:\Users\ASUS\.m2\repository\io\github\classgraph\classgraph\4.8.138\classgraph-4.8.138.jar;C:\Users\ASUS\.m2\repository\net\sourceforge\jexcelapi\jxl\2.6.12\jxl-2.6.12.jar;C:\Users\ASUS\.m2\repository\net\bytebuddy\byte-buddy\1.12.8\byte-buddy-1.12.8.jar;C:\Users\ASUS\.m2\repository\net\bytebuddy\byte-buddy-agent\1.12.8\byte-buddy-agent-1.12.8.jar;C:\Users\ASUS\.m2\repository\org\objenesis\objenesis\3.1\objenesis-3.1.jar;C:\Users\ASUS\.m2\repository\net\serenity-bdd\serenity-reports\3.2.1\serenity-reports-3.2.1.jar;C:\Users\ASUS\.m2\repository\net\serenity-bdd\serenity-stats\3.2.1\serenity-stats-3.2.1.jar;C:\Users\ASUS\.m2\repository\net\serenity-bdd\serenity-reports-configuration\3.2.1\serenity-reports-configuration-3.2.1.jar;C:\Users\ASUS\.m2\repository\com\vladsch\flexmark\flexmark-all\0.34.30\flexmark-all-0.34.30.jar;C:\Users\ASUS\.m2\repository\com\vladsch\flexmark\flexmark\0.34.30\flexmark-0.34.30.jar;C:\Users\ASUS\.m2\repository\com\vladsch\flexmark\flexmark-ext-abbreviation\0.34.30\flexmark-ext-abbreviation-0.34.30.jar;C:\Users\ASUS\.m2\repository\com\vladsch\flexmark\flexmark-ext-admonition\0.34.30\flexmark-ext-admonition-0.34.30.jar;C:\Users\ASUS\.m2\repository\com\vladsch\flexmark\flexmark-ext-anchorlink\0.34.30\flexmark-ext-anchorlink-0.34.30.jar;C:\Users\ASUS\.m2\repository\com\vladsch\flexmark\flexmark-ext-aside\0.34.30\flexmark-ext-aside-0.34.30.jar;C:\Users\ASUS\.m2\repository\com\vladsch\flexmark\flexmark-ext-attributes\0.34.30\flexmark-ext-attributes-0.34.30.jar;C:\Users\ASUS\.m2\repository\com\vladsch\flexmark\flexmark-ext-autolink\0.34.30\flexmark-ext-autolink-0.34.30.jar;C:\Users\ASUS\.m2\repository\org\nibor\autolink\autolink\0.6.0\autolink-0.6.0.jar;C:\Users\ASUS\.m2\repository\com\vladsch\flexmark\flexmark-ext-definition\0.34.30\flexmark-ext-definition-0.34.30.jar;C:\Users\ASUS\.m2\repository\com\vladsch\flexmark\flexmark-ext-emoji\0.34.30\flexmark-ext-emoji-0.34.30.jar;C:\Users\ASUS\.m2\repository\com\vladsch\flexmark\flexmark-ext-enumerated-reference\0.34.30\flexmark-ext-enumerated-reference-0.34.30.jar;C:\Users\ASUS\.m2\repository\com\vladsch\flexmark\flexmark-ext-escaped-character\0.34.30\flexmark-ext-escaped-character-0.34.30.jar;C:\Users\ASUS\.m2\repository\com\vladsch\flexmark\flexmark-ext-footnotes\0.34.30\flexmark-ext-footnotes-0.34.30.jar;C:\Users\ASUS\.m2\repository\com\vladsch\flexmark\flexmark-ext-gfm-issues\0.34.30\flexmark-ext-gfm-issues-0.34.30.jar;C:\Users\ASUS\.m2\repository\com\vladsch\flexmark\flexmark-ext-gfm-strikethrough\0.34.30\flexmark-ext-gfm-strikethrough-0.34.30.jar;C:\Users\ASUS\.m2\repository\com\vladsch\flexmark\flexmark-ext-gfm-tables\0.34.30\flexmark-ext-gfm-tables-0.34.30.jar;C:\Users\ASUS\.m2\repository\com\vladsch\flexmark\flexmark-ext-gfm-tasklist\0.34.30\flexmark-ext-gfm-tasklist-0.34.30.jar;C:\Users\ASUS\.m2\repository\com\vladsch\flexmark\flexmark-ext-gfm-users\0.34.30\flexmark-ext-gfm-users-0.34.30.jar;C:\Users\ASUS\.m2\repository\com\vladsch\flexmark\flexmark-ext-gitlab\0.34.30\flexmark-ext-gitlab-0.34.30.jar;C:\Users\ASUS\.m2\repository\com\vladsch\flexmark\flexmark-ext-jekyll-front-matter\0.34.30\flexmark-ext-jekyll-front-matter-0.34.30.jar;C:\Users\ASUS\.m2\repository\com\vladsch\flexmark\flexmark-ext-jekyll-tag\0.34.30\flexmark-ext-jekyll-tag-0.34.30.jar;C:\Users\ASUS\.m2\repository\com\vladsch\flexmark\flexmark-ext-media-tags\0.34.30\flexmark-ext-media-tags-0.34.30.jar;C:\Users\ASUS\.m2\repository\com\vladsch\flexmark\flexmark-test-util\0.34.30\flexmark-test-util-0.34.30.jar;C:\Users\ASUS\.m2\repository\com\vladsch\flexmark\flexmark-ext-ins\0.34.30\flexmark-ext-ins-0.34.30.jar;C:\Users\ASUS\.m2\repository\com\vladsch\flexmark\flexmark-ext-xwiki-macros\0.34.30\flexmark-ext-xwiki-macros-0.34.30.jar;C:\Users\ASUS\.m2\repository\com\vladsch\flexmark\flexmark-ext-superscript\0.34.30\flexmark-ext-superscript-0.34.30.jar;C:\Users\ASUS\.m2\repository\com\vladsch\flexmark\flexmark-ext-tables\0.34.30\flexmark-ext-tables-0.34.30.jar;C:\Users\ASUS\.m2\repository\com\vladsch\flexmark\flexmark-ext-toc\0.34.30\flexmark-ext-toc-0.34.30.jar;C:\Users\ASUS\.m2\repository\com\vladsch\flexmark\flexmark-ext-typographic\0.34.30\flexmark-ext-typographic-0.34.30.jar;C:\Users\ASUS\.m2\repository\com\vladsch\flexmark\flexmark-ext-wikilink\0.34.30\flexmark-ext-wikilink-0.34.30.jar;C:\Users\ASUS\.m2\repository\com\vladsch\flexmark\flexmark-ext-yaml-front-matter\0.34.30\flexmark-ext-yaml-front-matter-0.34.30.jar;C:\Users\ASUS\.m2\repository\com\vladsch\flexmark\flexmark-ext-youtube-embedded\0.34.30\flexmark-ext-youtube-embedded-0.34.30.jar;C:\Users\ASUS\.m2\repository\com\vladsch\flexmark\flexmark-formatter\0.34.30\flexmark-formatter-0.34.30.jar;C:\Users\ASUS\.m2\repository\com\vladsch\flexmark\flexmark-html-parser\0.34.30\flexmark-html-parser-0.34.30.jar;C:\Users\ASUS\.m2\repository\com\vladsch\flexmark\flexmark-jira-converter\0.34.30\flexmark-jira-converter-0.34.30.jar;C:\Users\ASUS\.m2\repository\com\vladsch\flexmark\flexmark-pdf-converter\0.34.30\flexmark-pdf-converter-0.34.30.jar;C:\Users\ASUS\.m2\repository\com\openhtmltopdf\openhtmltopdf-core\0.0.1-RC13\openhtmltopdf-core-0.0.1-RC13.jar;C:\Users\ASUS\.m2\repository\com\openhtmltopdf\openhtmltopdf-pdfbox\0.0.1-RC13\openhtmltopdf-pdfbox-0.0.1-RC13.jar;C:\Users\ASUS\.m2\repository\org\apache\pdfbox\pdfbox\2.0.8\pdfbox-2.0.8.jar;C:\Users\ASUS\.m2\repository\org\apache\pdfbox\fontbox\2.0.8\fontbox-2.0.8.jar;C:\Users\ASUS\.m2\repository\commons-logging\commons-logging\1.2\commons-logging-1.2.jar;C:\Users\ASUS\.m2\repository\org\apache\pdfbox\xmpbox\2.0.8\xmpbox-2.0.8.jar;C:\Users\ASUS\.m2\repository\de\rototor\pdfbox\graphics2d\0.12\graphics2d-0.12.jar;C:\Users\ASUS\.m2\repository\com\openhtmltopdf\openhtmltopdf-rtl-support\0.0.1-RC13\openhtmltopdf-rtl-support-0.0.1-RC13.jar;C:\Users\ASUS\.m2\repository\com\ibm\icu\icu4j\59.1\icu4j-59.1.jar;C:\Users\ASUS\.m2\repository\com\openhtmltopdf\openhtmltopdf-jsoup-dom-converter\0.0.1-RC13\openhtmltopdf-jsoup-dom-converter-0.0.1-RC13.jar;C:\Users\ASUS\.m2\repository\com\vladsch\flexmark\flexmark-profile-pegdown\0.34.30\flexmark-profile-pegdown-0.34.30.jar;C:\Users\ASUS\.m2\repository\com\vladsch\flexmark\flexmark-util\0.34.30\flexmark-util-0.34.30.jar;C:\Users\ASUS\.m2\repository\com\vladsch\flexmark\flexmark-youtrack-converter\0.34.30\flexmark-youtrack-converter-0.34.30.jar;C:\Users\ASUS\.m2\repository\es\nitaur\markdown\txtmark\0.16\txtmark-0.16.jar;C:\Users\ASUS\.m2\repository\net\serenity-bdd\serenity-report-resources\3.2.1\serenity-report-resources-3.2.1.jar;C:\Users\ASUS\.m2\repository\com\google\code\gson\gson\2.9.0\gson-2.9.0.jar;C:\Users\ASUS\.m2\repository\com\fasterxml\jackson\core\jackson-core\2.13.2\jackson-core-2.13.2.jar;C:\Users\ASUS\.m2\repository\com\fasterxml\jackson\core\jackson-databind\2.13.2\jackson-databind-2.13.2.jar;C:\Users\ASUS\.m2\repository\com\fasterxml\jackson\core\jackson-annotations\2.13.2\jackson-annotations-2.13.2.jar;C:\Users\ASUS\.m2\repository\commons-codec\commons-codec\1.15\commons-codec-1.15.jar;C:\Users\ASUS\.m2\repository\commons-io\commons-io\2.11.0\commons-io-2.11.0.jar;C:\Users\ASUS\.m2\repository\org\seleniumhq\selenium\selenium-java\4.1.2\selenium-java-4.1.2.jar;C:\Users\ASUS\.m2\repository\org\seleniumhq\selenium\selenium-devtools-v85\4.1.2\selenium-devtools-v85-4.1.2.jar;C:\Users\ASUS\.m2\repository\org\seleniumhq\selenium\selenium-devtools-v95\4.1.2\selenium-devtools-v95-4.1.2.jar;C:\Users\ASUS\.m2\repository\org\seleniumhq\selenium\selenium-devtools-v96\4.1.2\selenium-devtools-v96-4.1.2.jar;C:\Users\ASUS\.m2\repository\org\seleniumhq\selenium\selenium-devtools-v97\4.1.2\selenium-devtools-v97-4.1.2.jar;C:\Users\ASUS\.m2\repository\org\seleniumhq\selenium\selenium-firefox-xpi-driver\4.1.2\selenium-firefox-xpi-driver-4.1.2.jar;C:\Users\ASUS\.m2\repository\org\seleniumhq\selenium\selenium-opera-driver\4.1.2\selenium-opera-driver-4.1.2.jar;C:\Users\ASUS\.m2\repository\org\seleniumhq\selenium\selenium-remote-driver\4.1.2\selenium-remote-driver-4.1.2.jar;C:\Users\ASUS\.m2\repository\com\beust\jcommander\1.82\jcommander-1.82.jar;C:\Users\ASUS\.m2\repository\io\netty\netty-buffer\4.1.73.Final\netty-buffer-4.1.73.Final.jar;C:\Users\ASUS\.m2\repository\io\netty\netty-codec-http\4.1.73.Final\netty-codec-http-4.1.73.Final.jar;C:\Users\ASUS\.m2\repository\io\netty\netty-codec\4.1.73.Final\netty-codec-4.1.73.Final.jar;C:\Users\ASUS\.m2\repository\io\netty\netty-handler\4.1.73.Final\netty-handler-4.1.73.Final.jar;C:\Users\ASUS\.m2\repository\io\netty\netty-tcnative-classes\2.0.46.Final\netty-tcnative-classes-2.0.46.Final.jar;C:\Users\ASUS\.m2\repository\io\netty\netty-common\4.1.73.Final\netty-common-4.1.73.Final.jar;C:\Users\ASUS\.m2\repository\io\netty\netty-transport-classes-epoll\4.1.73.Final\netty-transport-classes-epoll-4.1.73.Final.jar;C:\Users\ASUS\.m2\repository\io\netty\netty-transport-classes-kqueue\4.1.73.Final\netty-transport-classes-kqueue-4.1.73.Final.jar;C:\Users\ASUS\.m2\repository\io\netty\netty-transport-native-epoll\4.1.73.Final\netty-transport-native-epoll-4.1.73.Final.jar;C:\Users\ASUS\.m2\repository\io\netty\netty-transport-native-kqueue\4.1.73.Final\netty-transport-native-kqueue-4.1.73.Final.jar;C:\Users\ASUS\.m2\repository\io\netty\netty-transport-native-unix-common\4.1.73.Final\netty-transport-native-unix-common-4.1.73.Final.jar;C:\Users\ASUS\.m2\repository\io\netty\netty-transport\4.1.73.Final\netty-transport-4.1.73.Final.jar;C:\Users\ASUS\.m2\repository\io\netty\netty-resolver\4.1.73.Final\netty-resolver-4.1.73.Final.jar;C:\Users\ASUS\.m2\repository\io\opentelemetry\opentelemetry-api\1.10.1\opentelemetry-api-1.10.1.jar;C:\Users\ASUS\.m2\repository\io\opentelemetry\opentelemetry-context\1.10.1\opentelemetry-context-1.10.1.jar;C:\Users\ASUS\.m2\repository\io\opentelemetry\opentelemetry-exporter-logging\1.10.1\opentelemetry-exporter-logging-1.10.1.jar;C:\Users\ASUS\.m2\repository\io\opentelemetry\opentelemetry-sdk-metrics\1.10.1-alpha\opentelemetry-sdk-metrics-1.10.1-alpha.jar;C:\Users\ASUS\.m2\repository\io\opentelemetry\opentelemetry-sdk-logs\1.10.1-alpha\opentelemetry-sdk-logs-1.10.1-alpha.jar;C:\Users\ASUS\.m2\repository\io\opentelemetry\opentelemetry-sdk-common\1.10.1\opentelemetry-sdk-common-1.10.1.jar;C:\Users\ASUS\.m2\repository\io\opentelemetry\opentelemetry-sdk-extension-autoconfigure-spi\1.10.1\opentelemetry-sdk-extension-autoconfigure-spi-1.10.1.jar;C:\Users\ASUS\.m2\repository\io\opentelemetry\opentelemetry-sdk-extension-autoconfigure\1.10.1-alpha\opentelemetry-sdk-extension-autoconfigure-1.10.1-alpha.jar;C:\Users\ASUS\.m2\repository\io\opentelemetry\opentelemetry-sdk-trace\1.10.1\opentelemetry-sdk-trace-1.10.1.jar;C:\Users\ASUS\.m2\repository\io\opentelemetry\opentelemetry-sdk\1.10.1\opentelemetry-sdk-1.10.1.jar;C:\Users\ASUS\.m2\repository\io\opentelemetry\opentelemetry-semconv\1.10.1-alpha\opentelemetry-semconv-1.10.1-alpha.jar;C:\Users\ASUS\.m2\repository\io\ous\jtoml\2.0.0\jtoml-2.0.0.jar;C:\Users\ASUS\.m2\repository\org\apache\commons\commons-exec\1.3\commons-exec-1.3.jar;C:\Users\ASUS\.m2\repository\org\asynchttpclient\async-http-client\2.12.3\async-http-client-2.12.3.jar;C:\Users\ASUS\.m2\repository\org\asynchttpclient\async-http-client-netty-utils\2.12.3\async-http-client-netty-utils-2.12.3.jar;C:\Users\ASUS\.m2\repository\io\netty\netty-codec-socks\4.1.60.Final\netty-codec-socks-4.1.60.Final.jar;C:\Users\ASUS\.m2\repository\io\netty\netty-handler-proxy\4.1.60.Final\netty-handler-proxy-4.1.60.Final.jar;C:\Users\ASUS\.m2\repository\io\netty\netty-transport-native-epoll\4.1.60.Final\netty-transport-native-epoll-4.1.60.Final-linux-x86_64.jar;C:\Users\ASUS\.m2\repository\io\netty\netty-transport-native-kqueue\4.1.60.Final\netty-transport-native-kqueue-4.1.60.Final-osx-x86_64.jar;C:\Users\ASUS\.m2\repository\org\reactivestreams\reactive-streams\1.0.3\reactive-streams-1.0.3.jar;C:\Users\ASUS\.m2\repository\com\typesafe\netty\netty-reactive-streams\2.0.4\netty-reactive-streams-2.0.4.jar;C:\Users\ASUS\.m2\repository\org\seleniumhq\selenium\selenium-http\4.1.2\selenium-http-4.1.2.jar;C:\Users\ASUS\.m2\repository\net\jodah\failsafe\2.4.4\failsafe-2.4.4.jar;C:\Users\ASUS\.m2\repository\org\seleniumhq\selenium\selenium-safari-driver\4.1.2\selenium-safari-driver-4.1.2.jar;C:\Users\ASUS\.m2\repository\org\seleniumhq\selenium\selenium-api\4.1.2\selenium-api-4.1.2.jar;C:\Users\ASUS\.m2\repository\org\seleniumhq\selenium\selenium-support\4.1.2\selenium-support-4.1.2.jar;C:\Users\ASUS\.m2\repository\com\google\auto\service\auto-service-annotations\1.0.1\auto-service-annotations-1.0.1.jar;C:\Users\ASUS\.m2\repository\com\google\auto\service\auto-service\1.0.1\auto-service-1.0.1.jar;C:\Users\ASUS\.m2\repository\com\google\auto\auto-common\1.2\auto-common-1.2.jar;C:\Users\ASUS\.m2\repository\org\seleniumhq\selenium\selenium-json\4.1.2\selenium-json-4.1.2.jar;C:\Users\ASUS\.m2\repository\org\seleniumhq\selenium\selenium-chrome-driver\4.1.2\selenium-chrome-driver-4.1.2.jar;C:\Users\ASUS\.m2\repository\org\seleniumhq\selenium\selenium-chromium-driver\4.1.2\selenium-chromium-driver-4.1.2.jar;C:\Users\ASUS\.m2\repository\org\seleniumhq\selenium\selenium-firefox-driver\4.1.2\selenium-firefox-driver-4.1.2.jar;C:\Users\ASUS\.m2\repository\org\seleniumhq\selenium\selenium-edge-driver\4.1.2\selenium-edge-driver-4.1.2.jar;C:\Users\ASUS\.m2\repository\org\seleniumhq\selenium\selenium-ie-driver\4.1.2\selenium-ie-driver-4.1.2.jar;C:\Users\ASUS\.m2\repository\org\projectlombok\lombok\1.18.20\lombok-1.18.20.jar;C:\Users\ASUS\.m2\repository\io\appium\java-client\8.0.0\java-client-8.0.0.jar;C:\Users\ASUS\.m2\repository\commons-validator\commons-validator\1.7\commons-validator-1.7.jar;C:\Users\ASUS\.m2\repository\commons-digester\commons-digester\2.1\commons-digester-2.1.jar;C:\Users\ASUS\.m2\repository\org\aspectj\aspectjweaver\1.9.8\aspectjweaver-1.9.8.jar;C:\Users\ASUS\.m2\repository\org\codehaus\groovy\groovy\3.0.10\groovy-3.0.10.jar;C:\Users\ASUS\.m2\repository\net\sf\opencsv\opencsv\2.0\opencsv-2.0.jar;C:\Users\ASUS\.m2\repository\commons-beanutils\commons-beanutils\1.9.4\commons-beanutils-1.9.4.jar;C:\Users\ASUS\.m2\repository\org\apache\commons\commons-lang3\3.12.0\commons-lang3-3.12.0.jar;C:\Users\ASUS\.m2\repository\commons-collections\commons-collections\3.2.2\commons-collections-3.2.2.jar;C:\Users\ASUS\.m2\repository\org\fluentlenium\fluentlenium-core\0.10.2\fluentlenium-core-0.10.2.jar;C:\Users\ASUS\.m2\repository\io\github\bonigarcia\webdrivermanager\5.1.0\webdrivermanager-5.1.0.jar;C:\Users\ASUS\.m2\repository\com\github\docker-java\docker-java\3.2.13\docker-java-3.2.13.jar;C:\Users\ASUS\.m2\repository\com\github\docker-java\docker-java-core\3.2.13\docker-java-core-3.2.13.jar;C:\Users\ASUS\.m2\repository\com\github\docker-java\docker-java-api\3.2.13\docker-java-api-3.2.13.jar;C:\Users\ASUS\.m2\repository\org\apache\commons\commons-compress\1.21\commons-compress-1.21.jar;C:\Users\ASUS\.m2\repository\org\bouncycastle\bcpkix-jdk15on\1.64\bcpkix-jdk15on-1.64.jar;C:\Users\ASUS\.m2\repository\org\bouncycastle\bcprov-jdk15on\1.64\bcprov-jdk15on-1.64.jar;C:\Users\ASUS\.m2\repository\org\slf4j\jcl-over-slf4j\1.7.30\jcl-over-slf4j-1.7.30.jar;C:\Users\ASUS\.m2\repository\com\github\docker-java\docker-java-transport-httpclient5\3.2.13\docker-java-transport-httpclient5-3.2.13.jar;C:\Users\ASUS\.m2\repository\com\github\docker-java\docker-java-transport\3.2.13\docker-java-transport-3.2.13.jar;C:\Users\ASUS\.m2\repository\org\apache\httpcomponents\client5\httpclient5\5.0.3\httpclient5-5.0.3.jar;C:\Users\ASUS\.m2\repository\org\apache\httpcomponents\core5\httpcore5\5.0.2\httpcore5-5.0.2.jar;C:\Users\ASUS\.m2\repository\net\java\dev\jna\jna\5.8.0\jna-5.8.0.jar;C:\Users\ASUS\.m2\repository\org\brotli\dec\0.1.2\dec-0.1.2.jar;C:\Users\ASUS\.m2\repository\com\jhlabs\filters\2.0.235\filters-2.0.235.jar;C:\Users\ASUS\.m2\repository\com\paulhammant\ngwebdriver\1.1.6\ngwebdriver-1.1.6.jar;C:\Users\ASUS\.m2\repository\joda-time\joda-time\2.8.2\joda-time-2.8.2.jar;C:\Users\ASUS\.m2\repository\org\hamcrest\hamcrest\2.2\hamcrest-2.2.jar;C:\Users\ASUS\.m2\repository\com\google\jimfs\jimfs\1.2\jimfs-1.2.jar;C:\Users\ASUS\.m2\repository\org\mockito\mockito-core\3.3.3\mockito-core-3.3.3.jar;C:\Users\ASUS\.m2\repository\javax\xml\bind\jaxb-api\2.3.1\jaxb-api-2.3.1.jar;C:\Users\ASUS\.m2\repository\javax\activation\javax.activation-api\1.2.0\javax.activation-api-1.2.0.jar;C:\Users\ASUS\.m2\repository\com\sun\xml\bind\jaxb-core\2.3.0.1\jaxb-core-2.3.0.1.jar;C:\Users\ASUS\.m2\repository\com\sun\xml\bind\jaxb-impl\2.3.3\jaxb-impl-2.3.3.jar;C:\Users\ASUS\.m2\repository\jakarta\xml\bind\jakarta.xml.bind-api\2.3.3\jakarta.xml.bind-api-2.3.3.jar;C:\Users\ASUS\.m2\repository\com\sun\activation\jakarta.activation\1.2.2\jakarta.activation-1.2.2.jar;C:\Users\ASUS\.m2\repository\javax\activation\activation\1.1.1\activation-1.1.1.jar;C:\Users\ASUS\.m2\repository\net\serenity-bdd\serenity-cucumber\3.2.1\serenity-cucumber-3.2.1.jar;C:\Users\ASUS\.m2\repository\io\cucumber\cucumber-core\7.2.3\cucumber-core-7.2.3.jar;C:\Users\ASUS\.m2\repository\io\cucumber\cucumber-gherkin\7.2.3\cucumber-gherkin-7.2.3.jar;C:\Users\ASUS\.m2\repository\io\cucumber\cucumber-gherkin-messages\7.2.3\cucumber-gherkin-messages-7.2.3.jar;C:\Users\ASUS\.m2\repository\io\cucumber\messages\17.1.1\messages-17.1.1.jar;C:\Users\ASUS\.m2\repository\io\cucumber\tag-expressions\4.1.0\tag-expressions-4.1.0.jar;C:\Users\ASUS\.m2\repository\io\cucumber\cucumber-expressions\15.0.1\cucumber-expressions-15.0.1.jar;C:\Users\ASUS\.m2\repository\io\cucumber\datatable\7.2.3\datatable-7.2.3.jar;C:\Users\ASUS\.m2\repository\io\cucumber\cucumber-plugin\7.2.3\cucumber-plugin-7.2.3.jar;C:\Users\ASUS\.m2\repository\io\cucumber\docstring\7.2.3\docstring-7.2.3.jar;C:\Users\ASUS\.m2\repository\io\cucumber\html-formatter\17.0.0\html-formatter-17.0.0.jar;C:\Users\ASUS\.m2\repository\io\cucumber\ci-environment\8.1.0\ci-environment-8.1.0.jar;C:\Users\ASUS\.m2\repository\io\cucumber\cucumber-junit\7.2.3\cucumber-junit-7.2.3.jar;C:\Users\ASUS\.m2\repository\org\apache\commons\commons-csv\1.5\commons-csv-1.5.jar;C:\Users\ASUS\.m2\repository\net\serenity-bdd\serenity-screenplay\3.2.1\serenity-screenplay-3.2.1.jar;C:\Users\ASUS\.m2\repository\net\serenity-bdd\serenity-screenplay-webdriver\3.2.1\serenity-screenplay-webdriver-3.2.1.jar;C:\Users\ASUS\.m2\repository\net\serenity-bdd\serenity-ensure\3.2.1\serenity-ensure-3.2.1.jar;C:\Users\ASUS\.m2\repository\net\serenity-bdd\serenity-junit\3.2.1\serenity-junit-3.2.1.jar;C:\Users\ASUS\.m2\repository\org\jetbrains\kotlin\kotlin-stdlib\1.6.0\kotlin-stdlib-1.6.0.jar;C:\Users\ASUS\.m2\repository\org\jetbrains\annotations\13.0\annotations-13.0.jar;C:\Users\ASUS\.m2\repository\org\jetbrains\kotlin\kotlin-stdlib-common\1.6.0\kotlin-stdlib-common-1.6.0.jar;C:\Users\ASUS\.m2\repository\org\junit\platform\junit-platform-launcher\1.8.1\junit-platform-launcher-1.8.1.jar;C:\Users\ASUS\.m2\repository\org\junit\platform\junit-platform-engine\1.8.1\junit-platform-engine-1.8.1.jar;C:\Users\ASUS\.m2\repository\org\opentest4j\opentest4j\1.2.0\opentest4j-1.2.0.jar;C:\Users\ASUS\.m2\repository\org\junit\platform\junit-platform-commons\1.8.1\junit-platform-commons-1.8.1.jar;C:\Users\ASUS\.m2\repository\org\apiguardian\apiguardian-api\1.1.2\apiguardian-api-1.1.2.jar;C:\Users\ASUS\.m2\repository\org\junit\jupiter\junit-jupiter-engine\5.8.2\junit-jupiter-engine-5.8.2.jar;C:\Users\ASUS\.m2\repository\org\junit\jupiter\junit-jupiter-api\5.8.2\junit-jupiter-api-5.8.2.jar;C:\Users\ASUS\.m2\repository\org\junit\vintage\junit-vintage-engine\5.8.2\junit-vintage-engine-5.8.2.jar;C:\Users\ASUS\.m2\repository\junit\junit\4.13.2\junit-4.13.2.jar;C:\Users\ASUS\.m2\repository\org\hamcrest\hamcrest-core\1.3\hamcrest-core-1.3.jar;C:\Users\ASUS\.m2\repository\ch\qos\logback\logback-classic\1.2.10\logback-classic-1.2.10.jar;C:\Users\ASUS\.m2\repository\ch\qos\logback\logback-core\1.2.10\logback-core-1.2.10.jar;C:\Users\ASUS\.m2\repository\org\slf4j\slf4j-api\1.7.32\slf4j-api-1.7.32.jar;C:\Users\ASUS\.m2\repository\org\assertj\assertj-core\3.6.2\assertj-core-3.6.2.jar;"/>
    <property name="java.vm.vendor" value="Oracle Corporation"/>
    <property name="sun.arch.data.model" value="64"/>
    <property name="user.variant" value=""/>
    <property name="java.vendor.url" value="https://java.oracle.com/"/>
    <property name="user.timezone" value="Asia/Jakarta"/>
    <property name="log4j2.formatMsgNoLookups" value="true"/>
    <property name="os.name" value="Windows 10"/>
    <property name="java.vm.specification.version" value="13"/>
    <property name="sun.java.launcher" value="SUN_STANDARD"/>
    <property name="user.country" value="ID"/>
    <property name="sun.boot.library.path" value="C:\Program Files\Java\jdk-13.0.2\bin"/>
    <property name="sun.java.command" value="org.apache.maven.surefire.booter.ForkedBooter C:\Users\ASUS\AppData\Local\Temp\surefire12860717315145562695 2022-10-31T20-36-41_813-jvmRun1 surefire17426148427322952332tmp surefire_017128545844250138439tmp"/>
    <property name="jdk.debug" value="release"/>
    <property name="surefire.test.class.path" value="C:\Users\ASUS\Desktop\stupen\miniproject\Web\ASWeb\target\test-classes;C:\Users\ASUS\.m2\repository\net\serenity-bdd\serenity-core\3.2.1\serenity-core-3.2.1.jar;C:\Users\ASUS\.m2\repository\net\serenity-bdd\serenity-model\3.2.1\serenity-model-3.2.1.jar;C:\Users\ASUS\.m2\repository\org\apache\commons\commons-text\1.9\commons-text-1.9.jar;C:\Users\ASUS\.m2\repository\commons-net\commons-net\3.8.0\commons-net-3.8.0.jar;C:\Users\ASUS\.m2\repository\com\google\guava\guava\31.1-jre\guava-31.1-jre.jar;C:\Users\ASUS\.m2\repository\com\google\guava\failureaccess\1.0.1\failureaccess-1.0.1.jar;C:\Users\ASUS\.m2\repository\com\google\guava\listenablefuture\9999.0-empty-to-avoid-conflict-with-guava\listenablefuture-9999.0-empty-to-avoid-conflict-with-guava.jar;C:\Users\ASUS\.m2\repository\com\google\code\findbugs\jsr305\3.0.2\jsr305-3.0.2.jar;C:\Users\ASUS\.m2\repository\org\checkerframework\checker-qual\3.12.0\checker-qual-3.12.0.jar;C:\Users\ASUS\.m2\repository\com\google\errorprone\error_prone_annotations\2.11.0\error_prone_annotations-2.11.0.jar;C:\Users\ASUS\.m2\repository\com\google\j2objc\j2objc-annotations\1.3\j2objc-annotations-1.3.jar;C:\Users\ASUS\.m2\repository\com\google\inject\guice\5.1.0\guice-5.1.0.jar;C:\Users\ASUS\.m2\repository\javax\inject\javax.inject\1\javax.inject-1.jar;C:\Users\ASUS\.m2\repository\aopalliance\aopalliance\1.0\aopalliance-1.0.jar;C:\Users\ASUS\.m2\repository\org\jsoup\jsoup\1.14.3\jsoup-1.14.3.jar;C:\Users\ASUS\.m2\repository\com\thoughtworks\xstream\xstream\1.4.19\xstream-1.4.19.jar;C:\Users\ASUS\.m2\repository\io\github\x-stream\mxparser\1.2.2\mxparser-1.2.2.jar;C:\Users\ASUS\.m2\repository\xmlpull\xmlpull\1.1.3.1\xmlpull-1.1.3.1.jar;C:\Users\ASUS\.m2\repository\io\cucumber\cucumber-java\7.2.3\cucumber-java-7.2.3.jar;C:\Users\ASUS\.m2\repository\com\typesafe\config\1.4.2\config-1.4.2.jar;C:\Users\ASUS\.m2\repository\org\imgscalr\imgscalr-lib\4.2\imgscalr-lib-4.2.jar;C:\Users\ASUS\.m2\repository\org\awaitility\awaitility\4.2.0\awaitility-4.2.0.jar;C:\Users\ASUS\.m2\repository\org\freemarker\freemarker\2.3.31\freemarker-2.3.31.jar;C:\Users\ASUS\.m2\repository\io\github\classgraph\classgraph\4.8.138\classgraph-4.8.138.jar;C:\Users\ASUS\.m2\repository\net\sourceforge\jexcelapi\jxl\2.6.12\jxl-2.6.12.jar;C:\Users\ASUS\.m2\repository\net\bytebuddy\byte-buddy\1.12.8\byte-buddy-1.12.8.jar;C:\Users\ASUS\.m2\repository\net\bytebuddy\byte-buddy-agent\1.12.8\byte-buddy-agent-1.12.8.jar;C:\Users\ASUS\.m2\repository\org\objenesis\objenesis\3.1\objenesis-3.1.jar;C:\Users\ASUS\.m2\repository\net\serenity-bdd\serenity-reports\3.2.1\serenity-reports-3.2.1.jar;C:\Users\ASUS\.m2\repository\net\serenity-bdd\serenity-stats\3.2.1\serenity-stats-3.2.1.jar;C:\Users\ASUS\.m2\repository\net\serenity-bdd\serenity-reports-configuration\3.2.1\serenity-reports-configuration-3.2.1.jar;C:\Users\ASUS\.m2\repository\com\vladsch\flexmark\flexmark-all\0.34.30\flexmark-all-0.34.30.jar;C:\Users\ASUS\.m2\repository\com\vladsch\flexmark\flexmark\0.34.30\flexmark-0.34.30.jar;C:\Users\ASUS\.m2\repository\com\vladsch\flexmark\flexmark-ext-abbreviation\0.34.30\flexmark-ext-abbreviation-0.34.30.jar;C:\Users\ASUS\.m2\repository\com\vladsch\flexmark\flexmark-ext-admonition\0.34.30\flexmark-ext-admonition-0.34.30.jar;C:\Users\ASUS\.m2\repository\com\vladsch\flexmark\flexmark-ext-anchorlink\0.34.30\flexmark-ext-anchorlink-0.34.30.jar;C:\Users\ASUS\.m2\repository\com\vladsch\flexmark\flexmark-ext-aside\0.34.30\flexmark-ext-aside-0.34.30.jar;C:\Users\ASUS\.m2\repository\com\vladsch\flexmark\flexmark-ext-attributes\0.34.30\flexmark-ext-attributes-0.34.30.jar;C:\Users\ASUS\.m2\repository\com\vladsch\flexmark\flexmark-ext-autolink\0.34.30\flexmark-ext-autolink-0.34.30.jar;C:\Users\ASUS\.m2\repository\org\nibor\autolink\autolink\0.6.0\autolink-0.6.0.jar;C:\Users\ASUS\.m2\repository\com\vladsch\flexmark\flexmark-ext-definition\0.34.30\flexmark-ext-definition-0.34.30.jar;C:\Users\ASUS\.m2\repository\com\vladsch\flexmark\flexmark-ext-emoji\0.34.30\flexmark-ext-emoji-0.34.30.jar;C:\Users\ASUS\.m2\repository\com\vladsch\flexmark\flexmark-ext-enumerated-reference\0.34.30\flexmark-ext-enumerated-reference-0.34.30.jar;C:\Users\ASUS\.m2\repository\com\vladsch\flexmark\flexmark-ext-escaped-character\0.34.30\flexmark-ext-escaped-character-0.34.30.jar;C:\Users\ASUS\.m2\repository\com\vladsch\flexmark\flexmark-ext-footnotes\0.34.30\flexmark-ext-footnotes-0.34.30.jar;C:\Users\ASUS\.m2\repository\com\vladsch\flexmark\flexmark-ext-gfm-issues\0.34.30\flexmark-ext-gfm-issues-0.34.30.jar;C:\Users\ASUS\.m2\repository\com\vladsch\flexmark\flexmark-ext-gfm-strikethrough\0.34.30\flexmark-ext-gfm-strikethrough-0.34.30.jar;C:\Users\ASUS\.m2\repository\com\vladsch\flexmark\flexmark-ext-gfm-tables\0.34.30\flexmark-ext-gfm-tables-0.34.30.jar;C:\Users\ASUS\.m2\repository\com\vladsch\flexmark\flexmark-ext-gfm-tasklist\0.34.30\flexmark-ext-gfm-tasklist-0.34.30.jar;C:\Users\ASUS\.m2\repository\com\vladsch\flexmark\flexmark-ext-gfm-users\0.34.30\flexmark-ext-gfm-users-0.34.30.jar;C:\Users\ASUS\.m2\repository\com\vladsch\flexmark\flexmark-ext-gitlab\0.34.30\flexmark-ext-gitlab-0.34.30.jar;C:\Users\ASUS\.m2\repository\com\vladsch\flexmark\flexmark-ext-jekyll-front-matter\0.34.30\flexmark-ext-jekyll-front-matter-0.34.30.jar;C:\Users\ASUS\.m2\repository\com\vladsch\flexmark\flexmark-ext-jekyll-tag\0.34.30\flexmark-ext-jekyll-tag-0.34.30.jar;C:\Users\ASUS\.m2\repository\com\vladsch\flexmark\flexmark-ext-media-tags\0.34.30\flexmark-ext-media-tags-0.34.30.jar;C:\Users\ASUS\.m2\repository\com\vladsch\flexmark\flexmark-test-util\0.34.30\flexmark-test-util-0.34.30.jar;C:\Users\ASUS\.m2\repository\com\vladsch\flexmark\flexmark-ext-ins\0.34.30\flexmark-ext-ins-0.34.30.jar;C:\Users\ASUS\.m2\repository\com\vladsch\flexmark\flexmark-ext-xwiki-macros\0.34.30\flexmark-ext-xwiki-macros-0.34.30.jar;C:\Users\ASUS\.m2\repository\com\vladsch\flexmark\flexmark-ext-superscript\0.34.30\flexmark-ext-superscript-0.34.30.jar;C:\Users\ASUS\.m2\repository\com\vladsch\flexmark\flexmark-ext-tables\0.34.30\flexmark-ext-tables-0.34.30.jar;C:\Users\ASUS\.m2\repository\com\vladsch\flexmark\flexmark-ext-toc\0.34.30\flexmark-ext-toc-0.34.30.jar;C:\Users\ASUS\.m2\repository\com\vladsch\flexmark\flexmark-ext-typographic\0.34.30\flexmark-ext-typographic-0.34.30.jar;C:\Users\ASUS\.m2\repository\com\vladsch\flexmark\flexmark-ext-wikilink\0.34.30\flexmark-ext-wikilink-0.34.30.jar;C:\Users\ASUS\.m2\repository\com\vladsch\flexmark\flexmark-ext-yaml-front-matter\0.34.30\flexmark-ext-yaml-front-matter-0.34.30.jar;C:\Users\ASUS\.m2\repository\com\vladsch\flexmark\flexmark-ext-youtube-embedded\0.34.30\flexmark-ext-youtube-embedded-0.34.30.jar;C:\Users\ASUS\.m2\repository\com\vladsch\flexmark\flexmark-formatter\0.34.30\flexmark-formatter-0.34.30.jar;C:\Users\ASUS\.m2\repository\com\vladsch\flexmark\flexmark-html-parser\0.34.30\flexmark-html-parser-0.34.30.jar;C:\Users\ASUS\.m2\repository\com\vladsch\flexmark\flexmark-jira-converter\0.34.30\flexmark-jira-converter-0.34.30.jar;C:\Users\ASUS\.m2\repository\com\vladsch\flexmark\flexmark-pdf-converter\0.34.30\flexmark-pdf-converter-0.34.30.jar;C:\Users\ASUS\.m2\repository\com\openhtmltopdf\openhtmltopdf-core\0.0.1-RC13\openhtmltopdf-core-0.0.1-RC13.jar;C:\Users\ASUS\.m2\repository\com\openhtmltopdf\openhtmltopdf-pdfbox\0.0.1-RC13\openhtmltopdf-pdfbox-0.0.1-RC13.jar;C:\Users\ASUS\.m2\repository\org\apache\pdfbox\pdfbox\2.0.8\pdfbox-2.0.8.jar;C:\Users\ASUS\.m2\repository\org\apache\pdfbox\fontbox\2.0.8\fontbox-2.0.8.jar;C:\Users\ASUS\.m2\repository\commons-logging\commons-logging\1.2\commons-logging-1.2.jar;C:\Users\ASUS\.m2\repository\org\apache\pdfbox\xmpbox\2.0.8\xmpbox-2.0.8.jar;C:\Users\ASUS\.m2\repository\de\rototor\pdfbox\graphics2d\0.12\graphics2d-0.12.jar;C:\Users\ASUS\.m2\repository\com\openhtmltopdf\openhtmltopdf-rtl-support\0.0.1-RC13\openhtmltopdf-rtl-support-0.0.1-RC13.jar;C:\Users\ASUS\.m2\repository\com\ibm\icu\icu4j\59.1\icu4j-59.1.jar;C:\Users\ASUS\.m2\repository\com\openhtmltopdf\openhtmltopdf-jsoup-dom-converter\0.0.1-RC13\openhtmltopdf-jsoup-dom-converter-0.0.1-RC13.jar;C:\Users\ASUS\.m2\repository\com\vladsch\flexmark\flexmark-profile-pegdown\0.34.30\flexmark-profile-pegdown-0.34.30.jar;C:\Users\ASUS\.m2\repository\com\vladsch\flexmark\flexmark-util\0.34.30\flexmark-util-0.34.30.jar;C:\Users\ASUS\.m2\repository\com\vladsch\flexmark\flexmark-youtrack-converter\0.34.30\flexmark-youtrack-converter-0.34.30.jar;C:\Users\ASUS\.m2\repository\es\nitaur\markdown\txtmark\0.16\txtmark-0.16.jar;C:\Users\ASUS\.m2\repository\net\serenity-bdd\serenity-report-resources\3.2.1\serenity-report-resources-3.2.1.jar;C:\Users\ASUS\.m2\repository\com\google\code\gson\gson\2.9.0\gson-2.9.0.jar;C:\Users\ASUS\.m2\repository\com\fasterxml\jackson\core\jackson-core\2.13.2\jackson-core-2.13.2.jar;C:\Users\ASUS\.m2\repository\com\fasterxml\jackson\core\jackson-databind\2.13.2\jackson-databind-2.13.2.jar;C:\Users\ASUS\.m2\repository\com\fasterxml\jackson\core\jackson-annotations\2.13.2\jackson-annotations-2.13.2.jar;C:\Users\ASUS\.m2\repository\commons-codec\commons-codec\1.15\commons-codec-1.15.jar;C:\Users\ASUS\.m2\repository\commons-io\commons-io\2.11.0\commons-io-2.11.0.jar;C:\Users\ASUS\.m2\repository\org\seleniumhq\selenium\selenium-java\4.1.2\selenium-java-4.1.2.jar;C:\Users\ASUS\.m2\repository\org\seleniumhq\selenium\selenium-devtools-v85\4.1.2\selenium-devtools-v85-4.1.2.jar;C:\Users\ASUS\.m2\repository\org\seleniumhq\selenium\selenium-devtools-v95\4.1.2\selenium-devtools-v95-4.1.2.jar;C:\Users\ASUS\.m2\repository\org\seleniumhq\selenium\selenium-devtools-v96\4.1.2\selenium-devtools-v96-4.1.2.jar;C:\Users\ASUS\.m2\repository\org\seleniumhq\selenium\selenium-devtools-v97\4.1.2\selenium-devtools-v97-4.1.2.jar;C:\Users\ASUS\.m2\repository\org\seleniumhq\selenium\selenium-firefox-xpi-driver\4.1.2\selenium-firefox-xpi-driver-4.1.2.jar;C:\Users\ASUS\.m2\repository\org\seleniumhq\selenium\selenium-opera-driver\4.1.2\selenium-opera-driver-4.1.2.jar;C:\Users\ASUS\.m2\repository\org\seleniumhq\selenium\selenium-remote-driver\4.1.2\selenium-remote-driver-4.1.2.jar;C:\Users\ASUS\.m2\repository\com\beust\jcommander\1.82\jcommander-1.82.jar;C:\Users\ASUS\.m2\repository\io\netty\netty-buffer\4.1.73.Final\netty-buffer-4.1.73.Final.jar;C:\Users\ASUS\.m2\repository\io\netty\netty-codec-http\4.1.73.Final\netty-codec-http-4.1.73.Final.jar;C:\Users\ASUS\.m2\repository\io\netty\netty-codec\4.1.73.Final\netty-codec-4.1.73.Final.jar;C:\Users\ASUS\.m2\repository\io\netty\netty-handler\4.1.73.Final\netty-handler-4.1.73.Final.jar;C:\Users\ASUS\.m2\repository\io\netty\netty-tcnative-classes\2.0.46.Final\netty-tcnative-classes-2.0.46.Final.jar;C:\Users\ASUS\.m2\repository\io\netty\netty-common\4.1.73.Final\netty-common-4.1.73.Final.jar;C:\Users\ASUS\.m2\repository\io\netty\netty-transport-classes-epoll\4.1.73.Final\netty-transport-classes-epoll-4.1.73.Final.jar;C:\Users\ASUS\.m2\repository\io\netty\netty-transport-classes-kqueue\4.1.73.Final\netty-transport-classes-kqueue-4.1.73.Final.jar;C:\Users\ASUS\.m2\repository\io\netty\netty-transport-native-epoll\4.1.73.Final\netty-transport-native-epoll-4.1.73.Final.jar;C:\Users\ASUS\.m2\repository\io\netty\netty-transport-native-kqueue\4.1.73.Final\netty-transport-native-kqueue-4.1.73.Final.jar;C:\Users\ASUS\.m2\repository\io\netty\netty-transport-native-unix-common\4.1.73.Final\netty-transport-native-unix-common-4.1.73.Final.jar;C:\Users\ASUS\.m2\repository\io\netty\netty-transport\4.1.73.Final\netty-transport-4.1.73.Final.jar;C:\Users\ASUS\.m2\repository\io\netty\netty-resolver\4.1.73.Final\netty-resolver-4.1.73.Final.jar;C:\Users\ASUS\.m2\repository\io\opentelemetry\opentelemetry-api\1.10.1\opentelemetry-api-1.10.1.jar;C:\Users\ASUS\.m2\repository\io\opentelemetry\opentelemetry-context\1.10.1\opentelemetry-context-1.10.1.jar;C:\Users\ASUS\.m2\repository\io\opentelemetry\opentelemetry-exporter-logging\1.10.1\opentelemetry-exporter-logging-1.10.1.jar;C:\Users\ASUS\.m2\repository\io\opentelemetry\opentelemetry-sdk-metrics\1.10.1-alpha\opentelemetry-sdk-metrics-1.10.1-alpha.jar;C:\Users\ASUS\.m2\repository\io\opentelemetry\opentelemetry-sdk-logs\1.10.1-alpha\opentelemetry-sdk-logs-1.10.1-alpha.jar;C:\Users\ASUS\.m2\repository\io\opentelemetry\opentelemetry-sdk-common\1.10.1\opentelemetry-sdk-common-1.10.1.jar;C:\Users\ASUS\.m2\repository\io\opentelemetry\opentelemetry-sdk-extension-autoconfigure-spi\1.10.1\opentelemetry-sdk-extension-autoconfigure-spi-1.10.1.jar;C:\Users\ASUS\.m2\repository\io\opentelemetry\opentelemetry-sdk-extension-autoconfigure\1.10.1-alpha\opentelemetry-sdk-extension-autoconfigure-1.10.1-alpha.jar;C:\Users\ASUS\.m2\repository\io\opentelemetry\opentelemetry-sdk-trace\1.10.1\opentelemetry-sdk-trace-1.10.1.jar;C:\Users\ASUS\.m2\repository\io\opentelemetry\opentelemetry-sdk\1.10.1\opentelemetry-sdk-1.10.1.jar;C:\Users\ASUS\.m2\repository\io\opentelemetry\opentelemetry-semconv\1.10.1-alpha\opentelemetry-semconv-1.10.1-alpha.jar;C:\Users\ASUS\.m2\repository\io\ous\jtoml\2.0.0\jtoml-2.0.0.jar;C:\Users\ASUS\.m2\repository\org\apache\commons\commons-exec\1.3\commons-exec-1.3.jar;C:\Users\ASUS\.m2\repository\org\asynchttpclient\async-http-client\2.12.3\async-http-client-2.12.3.jar;C:\Users\ASUS\.m2\repository\org\asynchttpclient\async-http-client-netty-utils\2.12.3\async-http-client-netty-utils-2.12.3.jar;C:\Users\ASUS\.m2\repository\io\netty\netty-codec-socks\4.1.60.Final\netty-codec-socks-4.1.60.Final.jar;C:\Users\ASUS\.m2\repository\io\netty\netty-handler-proxy\4.1.60.Final\netty-handler-proxy-4.1.60.Final.jar;C:\Users\ASUS\.m2\repository\io\netty\netty-transport-native-epoll\4.1.60.Final\netty-transport-native-epoll-4.1.60.Final-linux-x86_64.jar;C:\Users\ASUS\.m2\repository\io\netty\netty-transport-native-kqueue\4.1.60.Final\netty-transport-native-kqueue-4.1.60.Final-osx-x86_64.jar;C:\Users\ASUS\.m2\repository\org\reactivestreams\reactive-streams\1.0.3\reactive-streams-1.0.3.jar;C:\Users\ASUS\.m2\repository\com\typesafe\netty\netty-reactive-streams\2.0.4\netty-reactive-streams-2.0.4.jar;C:\Users\ASUS\.m2\repository\org\seleniumhq\selenium\selenium-http\4.1.2\selenium-http-4.1.2.jar;C:\Users\ASUS\.m2\repository\net\jodah\failsafe\2.4.4\failsafe-2.4.4.jar;C:\Users\ASUS\.m2\repository\org\seleniumhq\selenium\selenium-safari-driver\4.1.2\selenium-safari-driver-4.1.2.jar;C:\Users\ASUS\.m2\repository\org\seleniumhq\selenium\selenium-api\4.1.2\selenium-api-4.1.2.jar;C:\Users\ASUS\.m2\repository\org\seleniumhq\selenium\selenium-support\4.1.2\selenium-support-4.1.2.jar;C:\Users\ASUS\.m2\repository\com\google\auto\service\auto-service-annotations\1.0.1\auto-service-annotations-1.0.1.jar;C:\Users\ASUS\.m2\repository\com\google\auto\service\auto-service\1.0.1\auto-service-1.0.1.jar;C:\Users\ASUS\.m2\repository\com\google\auto\auto-common\1.2\auto-common-1.2.jar;C:\Users\ASUS\.m2\repository\org\seleniumhq\selenium\selenium-json\4.1.2\selenium-json-4.1.2.jar;C:\Users\ASUS\.m2\repository\org\seleniumhq\selenium\selenium-chrome-driver\4.1.2\selenium-chrome-driver-4.1.2.jar;C:\Users\ASUS\.m2\repository\org\seleniumhq\selenium\selenium-chromium-driver\4.1.2\selenium-chromium-driver-4.1.2.jar;C:\Users\ASUS\.m2\repository\org\seleniumhq\selenium\selenium-firefox-driver\4.1.2\selenium-firefox-driver-4.1.2.jar;C:\Users\ASUS\.m2\repository\org\seleniumhq\selenium\selenium-edge-driver\4.1.2\selenium-edge-driver-4.1.2.jar;C:\Users\ASUS\.m2\repository\org\seleniumhq\selenium\selenium-ie-driver\4.1.2\selenium-ie-driver-4.1.2.jar;C:\Users\ASUS\.m2\repository\org\projectlombok\lombok\1.18.20\lombok-1.18.20.jar;C:\Users\ASUS\.m2\repository\io\appium\java-client\8.0.0\java-client-8.0.0.jar;C:\Users\ASUS\.m2\repository\commons-validator\commons-validator\1.7\commons-validator-1.7.jar;C:\Users\ASUS\.m2\repository\commons-digester\commons-digester\2.1\commons-digester-2.1.jar;C:\Users\ASUS\.m2\repository\org\aspectj\aspectjweaver\1.9.8\aspectjweaver-1.9.8.jar;C:\Users\ASUS\.m2\repository\org\codehaus\groovy\groovy\3.0.10\groovy-3.0.10.jar;C:\Users\ASUS\.m2\repository\net\sf\opencsv\opencsv\2.0\opencsv-2.0.jar;C:\Users\ASUS\.m2\repository\commons-beanutils\commons-beanutils\1.9.4\commons-beanutils-1.9.4.jar;C:\Users\ASUS\.m2\repository\org\apache\commons\commons-lang3\3.12.0\commons-lang3-3.12.0.jar;C:\Users\ASUS\.m2\repository\commons-collections\commons-collections\3.2.2\commons-collections-3.2.2.jar;C:\Users\ASUS\.m2\repository\org\fluentlenium\fluentlenium-core\0.10.2\fluentlenium-core-0.10.2.jar;C:\Users\ASUS\.m2\repository\io\github\bonigarcia\webdrivermanager\5.1.0\webdrivermanager-5.1.0.jar;C:\Users\ASUS\.m2\repository\com\github\docker-java\docker-java\3.2.13\docker-java-3.2.13.jar;C:\Users\ASUS\.m2\repository\com\github\docker-java\docker-java-core\3.2.13\docker-java-core-3.2.13.jar;C:\Users\ASUS\.m2\repository\com\github\docker-java\docker-java-api\3.2.13\docker-java-api-3.2.13.jar;C:\Users\ASUS\.m2\repository\org\apache\commons\commons-compress\1.21\commons-compress-1.21.jar;C:\Users\ASUS\.m2\repository\org\bouncycastle\bcpkix-jdk15on\1.64\bcpkix-jdk15on-1.64.jar;C:\Users\ASUS\.m2\repository\org\bouncycastle\bcprov-jdk15on\1.64\bcprov-jdk15on-1.64.jar;C:\Users\ASUS\.m2\repository\org\slf4j\jcl-over-slf4j\1.7.30\jcl-over-slf4j-1.7.30.jar;C:\Users\ASUS\.m2\repository\com\github\docker-java\docker-java-transport-httpclient5\3.2.13\docker-java-transport-httpclient5-3.2.13.jar;C:\Users\ASUS\.m2\repository\com\github\docker-java\docker-java-transport\3.2.13\docker-java-transport-3.2.13.jar;C:\Users\ASUS\.m2\repository\org\apache\httpcomponents\client5\httpclient5\5.0.3\httpclient5-5.0.3.jar;C:\Users\ASUS\.m2\repository\org\apache\httpcomponents\core5\httpcore5\5.0.2\httpcore5-5.0.2.jar;C:\Users\ASUS\.m2\repository\net\java\dev\jna\jna\5.8.0\jna-5.8.0.jar;C:\Users\ASUS\.m2\repository\org\brotli\dec\0.1.2\dec-0.1.2.jar;C:\Users\ASUS\.m2\repository\com\jhlabs\filters\2.0.235\filters-2.0.235.jar;C:\Users\ASUS\.m2\repository\com\paulhammant\ngwebdriver\1.1.6\ngwebdriver-1.1.6.jar;C:\Users\ASUS\.m2\repository\joda-time\joda-time\2.8.2\joda-time-2.8.2.jar;C:\Users\ASUS\.m2\repository\org\hamcrest\hamcrest\2.2\hamcrest-2.2.jar;C:\Users\ASUS\.m2\repository\com\google\jimfs\jimfs\1.2\jimfs-1.2.jar;C:\Users\ASUS\.m2\repository\org\mockito\mockito-core\3.3.3\mockito-core-3.3.3.jar;C:\Users\ASUS\.m2\repository\javax\xml\bind\jaxb-api\2.3.1\jaxb-api-2.3.1.jar;C:\Users\ASUS\.m2\repository\javax\activation\javax.activation-api\1.2.0\javax.activation-api-1.2.0.jar;C:\Users\ASUS\.m2\repository\com\sun\xml\bind\jaxb-core\2.3.0.1\jaxb-core-2.3.0.1.jar;C:\Users\ASUS\.m2\repository\com\sun\xml\bind\jaxb-impl\2.3.3\jaxb-impl-2.3.3.jar;C:\Users\ASUS\.m2\repository\jakarta\xml\bind\jakarta.xml.bind-api\2.3.3\jakarta.xml.bind-api-2.3.3.jar;C:\Users\ASUS\.m2\repository\com\sun\activation\jakarta.activation\1.2.2\jakarta.activation-1.2.2.jar;C:\Users\ASUS\.m2\repository\javax\activation\activation\1.1.1\activation-1.1.1.jar;C:\Users\ASUS\.m2\repository\net\serenity-bdd\serenity-cucumber\3.2.1\serenity-cucumber-3.2.1.jar;C:\Users\ASUS\.m2\repository\io\cucumber\cucumber-core\7.2.3\cucumber-core-7.2.3.jar;C:\Users\ASUS\.m2\repository\io\cucumber\cucumber-gherkin\7.2.3\cucumber-gherkin-7.2.3.jar;C:\Users\ASUS\.m2\repository\io\cucumber\cucumber-gherkin-messages\7.2.3\cucumber-gherkin-messages-7.2.3.jar;C:\Users\ASUS\.m2\repository\io\cucumber\messages\17.1.1\messages-17.1.1.jar;C:\Users\ASUS\.m2\repository\io\cucumber\tag-expressions\4.1.0\tag-expressions-4.1.0.jar;C:\Users\ASUS\.m2\repository\io\cucumber\cucumber-expressions\15.0.1\cucumber-expressions-15.0.1.jar;C:\Users\ASUS\.m2\repository\io\cucumber\datatable\7.2.3\datatable-7.2.3.jar;C:\Users\ASUS\.m2\repository\io\cucumber\cucumber-plugin\7.2.3\cucumber-plugin-7.2.3.jar;C:\Users\ASUS\.m2\repository\io\cucumber\docstring\7.2.3\docstring-7.2.3.jar;C:\Users\ASUS\.m2\repository\io\cucumber\html-formatter\17.0.0\html-formatter-17.0.0.jar;C:\Users\ASUS\.m2\repository\io\cucumber\ci-environment\8.1.0\ci-environment-8.1.0.jar;C:\Users\ASUS\.m2\repository\io\cucumber\cucumber-junit\7.2.3\cucumber-junit-7.2.3.jar;C:\Users\ASUS\.m2\repository\org\apache\commons\commons-csv\1.5\commons-csv-1.5.jar;C:\Users\ASUS\.m2\repository\net\serenity-bdd\serenity-screenplay\3.2.1\serenity-screenplay-3.2.1.jar;C:\Users\ASUS\.m2\repository\net\serenity-bdd\serenity-screenplay-webdriver\3.2.1\serenity-screenplay-webdriver-3.2.1.jar;C:\Users\ASUS\.m2\repository\net\serenity-bdd\serenity-ensure\3.2.1\serenity-ensure-3.2.1.jar;C:\Users\ASUS\.m2\repository\net\serenity-bdd\serenity-junit\3.2.1\serenity-junit-3.2.1.jar;C:\Users\ASUS\.m2\repository\org\jetbrains\kotlin\kotlin-stdlib\1.6.0\kotlin-stdlib-1.6.0.jar;C:\Users\ASUS\.m2\repository\org\jetbrains\annotations\13.0\annotations-13.0.jar;C:\Users\ASUS\.m2\repository\org\jetbrains\kotlin\kotlin-stdlib-common\1.6.0\kotlin-stdlib-common-1.6.0.jar;C:\Users\ASUS\.m2\repository\org\junit\platform\junit-platform-launcher\1.8.1\junit-platform-launcher-1.8.1.jar;C:\Users\ASUS\.m2\repository\org\junit\platform\junit-platform-engine\1.8.1\junit-platform-engine-1.8.1.jar;C:\Users\ASUS\.m2\repository\org\opentest4j\opentest4j\1.2.0\opentest4j-1.2.0.jar;C:\Users\ASUS\.m2\repository\org\junit\platform\junit-platform-commons\1.8.1\junit-platform-commons-1.8.1.jar;C:\Users\ASUS\.m2\repository\org\apiguardian\apiguardian-api\1.1.2\apiguardian-api-1.1.2.jar;C:\Users\ASUS\.m2\repository\org\junit\jupiter\junit-jupiter-engine\5.8.2\junit-jupiter-engine-5.8.2.jar;C:\Users\ASUS\.m2\repository\org\junit\jupiter\junit-jupiter-api\5.8.2\junit-jupiter-api-5.8.2.jar;C:\Users\ASUS\.m2\repository\org\junit\vintage\junit-vintage-engine\5.8.2\junit-vintage-engine-5.8.2.jar;C:\Users\ASUS\.m2\repository\junit\junit\4.13.2\junit-4.13.2.jar;C:\Users\ASUS\.m2\repository\org\hamcrest\hamcrest-core\1.3\hamcrest-core-1.3.jar;C:\Users\ASUS\.m2\repository\ch\qos\logback\logback-classic\1.2.10\logback-classic-1.2.10.jar;C:\Users\ASUS\.m2\repository\ch\qos\logback\logback-core\1.2.10\logback-core-1.2.10.jar;C:\Users\ASUS\.m2\repository\org\slf4j\slf4j-api\1.7.32\slf4j-api-1.7.32.jar;C:\Users\ASUS\.m2\repository\org\assertj\assertj-core\3.6.2\assertj-core-3.6.2.jar;"/>
    <property name="sun.cpu.endian" value="little"/>
    <property name="user.home" value="C:\Users\ASUS"/>
    <property name="user.language" value="en"/>
    <property name="java.specification.vendor" value="Oracle Corporation"/>
    <property name="jdk.module.path" value="C:\Users\ASUS\Desktop\stupen\miniproject\Web\ASWeb\target\ASWeb-1.0-SNAPSHOT.jar"/>
    <property name="java.version.date" value="2020-01-14"/>
    <property name="java.home" value="C:\Program Files\Java\jdk-13.0.2"/>
    <property name="file.separator" value="\"/>
    <property name="basedir" value="C:\Users\ASUS\Desktop\stupen\miniproject\Web\ASWeb"/>
    <property name="java.vm.compressedOopsMode" value="32-bit"/>
    <property name="line.separator" value="&#10;"/>
    <property name="java.vm.specification.vendor" value="Oracle Corporation"/>
    <property name="java.specification.name" value="Java Platform API Specification"/>
    <property name="surefire.real.class.path" value="C:\Users\ASUS\.m2\repository\org\apache\maven\surefire\surefire-booter\3.0.0-M5\surefire-booter-3.0.0-M5.jar;C:\Users\ASUS\.m2\repository\org\apache\maven\surefire\surefire-api\3.0.0-M5\surefire-api-3.0.0-M5.jar;C:\Users\ASUS\.m2\repository\org\apache\maven\surefire\surefire-logger-api\3.0.0-M5\surefire-logger-api-3.0.0-M5.jar;C:\Users\ASUS\.m2\repository\org\apache\maven\surefire\surefire-shared-utils\3.0.0-M4\surefire-shared-utils-3.0.0-M4.jar;C:\Users\ASUS\.m2\repository\org\apache\maven\surefire\surefire-extensions-spi\3.0.0-M5\surefire-extensions-spi-3.0.0-M5.jar;C:\Users\ASUS\Desktop\stupen\miniproject\Web\ASWeb\target\test-classes;C:\Users\ASUS\.m2\repository\net\serenity-bdd\serenity-core\3.2.1\serenity-core-3.2.1.jar;C:\Users\ASUS\.m2\repository\net\serenity-bdd\serenity-model\3.2.1\serenity-model-3.2.1.jar;C:\Users\ASUS\.m2\repository\org\apache\commons\commons-text\1.9\commons-text-1.9.jar;C:\Users\ASUS\.m2\repository\commons-net\commons-net\3.8.0\commons-net-3.8.0.jar;C:\Users\ASUS\.m2\repository\com\google\guava\guava\31.1-jre\guava-31.1-jre.jar;C:\Users\ASUS\.m2\repository\com\google\guava\failureaccess\1.0.1\failureaccess-1.0.1.jar;C:\Users\ASUS\.m2\repository\com\google\guava\listenablefuture\9999.0-empty-to-avoid-conflict-with-guava\listenablefuture-9999.0-empty-to-avoid-conflict-with-guava.jar;C:\Users\ASUS\.m2\repository\com\google\code\findbugs\jsr305\3.0.2\jsr305-3.0.2.jar;C:\Users\ASUS\.m2\repository\org\checkerframework\checker-qual\3.12.0\checker-qual-3.12.0.jar;C:\Users\ASUS\.m2\repository\com\google\errorprone\error_prone_annotations\2.11.0\error_prone_annotations-2.11.0.jar;C:\Users\ASUS\.m2\repository\com\google\j2objc\j2objc-annotations\1.3\j2objc-annotations-1.3.jar;C:\Users\ASUS\.m2\repository\com\google\inject\guice\5.1.0\guice-5.1.0.jar;C:\Users\ASUS\.m2\repository\javax\inject\javax.inject\1\javax.inject-1.jar;C:\Users\ASUS\.m2\repository\aopalliance\aopalliance\1.0\aopalliance-1.0.jar;C:\Users\ASUS\.m2\repository\org\jsoup\jsoup\1.14.3\jsoup-1.14.3.jar;C:\Users\ASUS\.m2\repository\com\thoughtworks\xstream\xstream\1.4.19\xstream-1.4.19.jar;C:\Users\ASUS\.m2\repository\io\github\x-stream\mxparser\1.2.2\mxparser-1.2.2.jar;C:\Users\ASUS\.m2\repository\xmlpull\xmlpull\1.1.3.1\xmlpull-1.1.3.1.jar;C:\Users\ASUS\.m2\repository\io\cucumber\cucumber-java\7.2.3\cucumber-java-7.2.3.jar;C:\Users\ASUS\.m2\repository\com\typesafe\config\1.4.2\config-1.4.2.jar;C:\Users\ASUS\.m2\repository\org\imgscalr\imgscalr-lib\4.2\imgscalr-lib-4.2.jar;C:\Users\ASUS\.m2\repository\org\awaitility\awaitility\4.2.0\awaitility-4.2.0.jar;C:\Users\ASUS\.m2\repository\org\freemarker\freemarker\2.3.31\freemarker-2.3.31.jar;C:\Users\ASUS\.m2\repository\io\github\classgraph\classgraph\4.8.138\classgraph-4.8.138.jar;C:\Users\ASUS\.m2\repository\net\sourceforge\jexcelapi\jxl\2.6.12\jxl-2.6.12.jar;C:\Users\ASUS\.m2\repository\net\bytebuddy\byte-buddy\1.12.8\byte-buddy-1.12.8.jar;C:\Users\ASUS\.m2\repository\net\bytebuddy\byte-buddy-agent\1.12.8\byte-buddy-agent-1.12.8.jar;C:\Users\ASUS\.m2\repository\org\objenesis\objenesis\3.1\objenesis-3.1.jar;C:\Users\ASUS\.m2\repository\net\serenity-bdd\serenity-reports\3.2.1\serenity-reports-3.2.1.jar;C:\Users\ASUS\.m2\repository\net\serenity-bdd\serenity-stats\3.2.1\serenity-stats-3.2.1.jar;C:\Users\ASUS\.m2\repository\net\serenity-bdd\serenity-reports-configuration\3.2.1\serenity-reports-configuration-3.2.1.jar;C:\Users\ASUS\.m2\repository\com\vladsch\flexmark\flexmark-all\0.34.30\flexmark-all-0.34.30.jar;C:\Users\ASUS\.m2\repository\com\vladsch\flexmark\flexmark\0.34.30\flexmark-0.34.30.jar;C:\Users\ASUS\.m2\repository\com\vladsch\flexmark\flexmark-ext-abbreviation\0.34.30\flexmark-ext-abbreviation-0.34.30.jar;C:\Users\ASUS\.m2\repository\com\vladsch\flexmark\flexmark-ext-admonition\0.34.30\flexmark-ext-admonition-0.34.30.jar;C:\Users\ASUS\.m2\repository\com\vladsch\flexmark\flexmark-ext-anchorlink\0.34.30\flexmark-ext-anchorlink-0.34.30.jar;C:\Users\ASUS\.m2\repository\com\vladsch\flexmark\flexmark-ext-aside\0.34.30\flexmark-ext-aside-0.34.30.jar;C:\Users\ASUS\.m2\repository\com\vladsch\flexmark\flexmark-ext-attributes\0.34.30\flexmark-ext-attributes-0.34.30.jar;C:\Users\ASUS\.m2\repository\com\vladsch\flexmark\flexmark-ext-autolink\0.34.30\flexmark-ext-autolink-0.34.30.jar;C:\Users\ASUS\.m2\repository\org\nibor\autolink\autolink\0.6.0\autolink-0.6.0.jar;C:\Users\ASUS\.m2\repository\com\vladsch\flexmark\flexmark-ext-definition\0.34.30\flexmark-ext-definition-0.34.30.jar;C:\Users\ASUS\.m2\repository\com\vladsch\flexmark\flexmark-ext-emoji\0.34.30\flexmark-ext-emoji-0.34.30.jar;C:\Users\ASUS\.m2\repository\com\vladsch\flexmark\flexmark-ext-enumerated-reference\0.34.30\flexmark-ext-enumerated-reference-0.34.30.jar;C:\Users\ASUS\.m2\repository\com\vladsch\flexmark\flexmark-ext-escaped-character\0.34.30\flexmark-ext-escaped-character-0.34.30.jar;C:\Users\ASUS\.m2\repository\com\vladsch\flexmark\flexmark-ext-footnotes\0.34.30\flexmark-ext-footnotes-0.34.30.jar;C:\Users\ASUS\.m2\repository\com\vladsch\flexmark\flexmark-ext-gfm-issues\0.34.30\flexmark-ext-gfm-issues-0.34.30.jar;C:\Users\ASUS\.m2\repository\com\vladsch\flexmark\flexmark-ext-gfm-strikethrough\0.34.30\flexmark-ext-gfm-strikethrough-0.34.30.jar;C:\Users\ASUS\.m2\repository\com\vladsch\flexmark\flexmark-ext-gfm-tables\0.34.30\flexmark-ext-gfm-tables-0.34.30.jar;C:\Users\ASUS\.m2\repository\com\vladsch\flexmark\flexmark-ext-gfm-tasklist\0.34.30\flexmark-ext-gfm-tasklist-0.34.30.jar;C:\Users\ASUS\.m2\repository\com\vladsch\flexmark\flexmark-ext-gfm-users\0.34.30\flexmark-ext-gfm-users-0.34.30.jar;C:\Users\ASUS\.m2\repository\com\vladsch\flexmark\flexmark-ext-gitlab\0.34.30\flexmark-ext-gitlab-0.34.30.jar;C:\Users\ASUS\.m2\repository\com\vladsch\flexmark\flexmark-ext-jekyll-front-matter\0.34.30\flexmark-ext-jekyll-front-matter-0.34.30.jar;C:\Users\ASUS\.m2\repository\com\vladsch\flexmark\flexmark-ext-jekyll-tag\0.34.30\flexmark-ext-jekyll-tag-0.34.30.jar;C:\Users\ASUS\.m2\repository\com\vladsch\flexmark\flexmark-ext-media-tags\0.34.30\flexmark-ext-media-tags-0.34.30.jar;C:\Users\ASUS\.m2\repository\com\vladsch\flexmark\flexmark-test-util\0.34.30\flexmark-test-util-0.34.30.jar;C:\Users\ASUS\.m2\repository\com\vladsch\flexmark\flexmark-ext-ins\0.34.30\flexmark-ext-ins-0.34.30.jar;C:\Users\ASUS\.m2\repository\com\vladsch\flexmark\flexmark-ext-xwiki-macros\0.34.30\flexmark-ext-xwiki-macros-0.34.30.jar;C:\Users\ASUS\.m2\repository\com\vladsch\flexmark\flexmark-ext-superscript\0.34.30\flexmark-ext-superscript-0.34.30.jar;C:\Users\ASUS\.m2\repository\com\vladsch\flexmark\flexmark-ext-tables\0.34.30\flexmark-ext-tables-0.34.30.jar;C:\Users\ASUS\.m2\repository\com\vladsch\flexmark\flexmark-ext-toc\0.34.30\flexmark-ext-toc-0.34.30.jar;C:\Users\ASUS\.m2\repository\com\vladsch\flexmark\flexmark-ext-typographic\0.34.30\flexmark-ext-typographic-0.34.30.jar;C:\Users\ASUS\.m2\repository\com\vladsch\flexmark\flexmark-ext-wikilink\0.34.30\flexmark-ext-wikilink-0.34.30.jar;C:\Users\ASUS\.m2\repository\com\vladsch\flexmark\flexmark-ext-yaml-front-matter\0.34.30\flexmark-ext-yaml-front-matter-0.34.30.jar;C:\Users\ASUS\.m2\repository\com\vladsch\flexmark\flexmark-ext-youtube-embedded\0.34.30\flexmark-ext-youtube-embedded-0.34.30.jar;C:\Users\ASUS\.m2\repository\com\vladsch\flexmark\flexmark-formatter\0.34.30\flexmark-formatter-0.34.30.jar;C:\Users\ASUS\.m2\repository\com\vladsch\flexmark\flexmark-html-parser\0.34.30\flexmark-html-parser-0.34.30.jar;C:\Users\ASUS\.m2\repository\com\vladsch\flexmark\flexmark-jira-converter\0.34.30\flexmark-jira-converter-0.34.30.jar;C:\Users\ASUS\.m2\repository\com\vladsch\flexmark\flexmark-pdf-converter\0.34.30\flexmark-pdf-converter-0.34.30.jar;C:\Users\ASUS\.m2\repository\com\openhtmltopdf\openhtmltopdf-core\0.0.1-RC13\openhtmltopdf-core-0.0.1-RC13.jar;C:\Users\ASUS\.m2\repository\com\openhtmltopdf\openhtmltopdf-pdfbox\0.0.1-RC13\openhtmltopdf-pdfbox-0.0.1-RC13.jar;C:\Users\ASUS\.m2\repository\org\apache\pdfbox\pdfbox\2.0.8\pdfbox-2.0.8.jar;C:\Users\ASUS\.m2\repository\org\apache\pdfbox\fontbox\2.0.8\fontbox-2.0.8.jar;C:\Users\ASUS\.m2\repository\commons-logging\commons-logging\1.2\commons-logging-1.2.jar;C:\Users\ASUS\.m2\repository\org\apache\pdfbox\xmpbox\2.0.8\xmpbox-2.0.8.jar;C:\Users\ASUS\.m2\repository\de\rototor\pdfbox\graphics2d\0.12\graphics2d-0.12.jar;C:\Users\ASUS\.m2\repository\com\openhtmltopdf\openhtmltopdf-rtl-support\0.0.1-RC13\openhtmltopdf-rtl-support-0.0.1-RC13.jar;C:\Users\ASUS\.m2\repository\com\ibm\icu\icu4j\59.1\icu4j-59.1.jar;C:\Users\ASUS\.m2\repository\com\openhtmltopdf\openhtmltopdf-jsoup-dom-converter\0.0.1-RC13\openhtmltopdf-jsoup-dom-converter-0.0.1-RC13.jar;C:\Users\ASUS\.m2\repository\com\vladsch\flexmark\flexmark-profile-pegdown\0.34.30\flexmark-profile-pegdown-0.34.30.jar;C:\Users\ASUS\.m2\repository\com\vladsch\flexmark\flexmark-util\0.34.30\flexmark-util-0.34.30.jar;C:\Users\ASUS\.m2\repository\com\vladsch\flexmark\flexmark-youtrack-converter\0.34.30\flexmark-youtrack-converter-0.34.30.jar;C:\Users\ASUS\.m2\repository\es\nitaur\markdown\txtmark\0.16\txtmark-0.16.jar;C:\Users\ASUS\.m2\repository\net\serenity-bdd\serenity-report-resources\3.2.1\serenity-report-resources-3.2.1.jar;C:\Users\ASUS\.m2\repository\com\google\code\gson\gson\2.9.0\gson-2.9.0.jar;C:\Users\ASUS\.m2\repository\com\fasterxml\jackson\core\jackson-core\2.13.2\jackson-core-2.13.2.jar;C:\Users\ASUS\.m2\repository\com\fasterxml\jackson\core\jackson-databind\2.13.2\jackson-databind-2.13.2.jar;C:\Users\ASUS\.m2\repository\com\fasterxml\jackson\core\jackson-annotations\2.13.2\jackson-annotations-2.13.2.jar;C:\Users\ASUS\.m2\repository\commons-codec\commons-codec\1.15\commons-codec-1.15.jar;C:\Users\ASUS\.m2\repository\commons-io\commons-io\2.11.0\commons-io-2.11.0.jar;C:\Users\ASUS\.m2\repository\org\seleniumhq\selenium\selenium-java\4.1.2\selenium-java-4.1.2.jar;C:\Users\ASUS\.m2\repository\org\seleniumhq\selenium\selenium-devtools-v85\4.1.2\selenium-devtools-v85-4.1.2.jar;C:\Users\ASUS\.m2\repository\org\seleniumhq\selenium\selenium-devtools-v95\4.1.2\selenium-devtools-v95-4.1.2.jar;C:\Users\ASUS\.m2\repository\org\seleniumhq\selenium\selenium-devtools-v96\4.1.2\selenium-devtools-v96-4.1.2.jar;C:\Users\ASUS\.m2\repository\org\seleniumhq\selenium\selenium-devtools-v97\4.1.2\selenium-devtools-v97-4.1.2.jar;C:\Users\ASUS\.m2\repository\org\seleniumhq\selenium\selenium-firefox-xpi-driver\4.1.2\selenium-firefox-xpi-driver-4.1.2.jar;C:\Users\ASUS\.m2\repository\org\seleniumhq\selenium\selenium-opera-driver\4.1.2\selenium-opera-driver-4.1.2.jar;C:\Users\ASUS\.m2\repository\org\seleniumhq\selenium\selenium-remote-driver\4.1.2\selenium-remote-driver-4.1.2.jar;C:\Users\ASUS\.m2\repository\com\beust\jcommander\1.82\jcommander-1.82.jar;C:\Users\ASUS\.m2\repository\io\netty\netty-buffer\4.1.73.Final\netty-buffer-4.1.73.Final.jar;C:\Users\ASUS\.m2\repository\io\netty\netty-codec-http\4.1.73.Final\netty-codec-http-4.1.73.Final.jar;C:\Users\ASUS\.m2\repository\io\netty\netty-codec\4.1.73.Final\netty-codec-4.1.73.Final.jar;C:\Users\ASUS\.m2\repository\io\netty\netty-handler\4.1.73.Final\netty-handler-4.1.73.Final.jar;C:\Users\ASUS\.m2\repository\io\netty\netty-tcnative-classes\2.0.46.Final\netty-tcnative-classes-2.0.46.Final.jar;C:\Users\ASUS\.m2\repository\io\netty\netty-common\4.1.73.Final\netty-common-4.1.73.Final.jar;C:\Users\ASUS\.m2\repository\io\netty\netty-transport-classes-epoll\4.1.73.Final\netty-transport-classes-epoll-4.1.73.Final.jar;C:\Users\ASUS\.m2\repository\io\netty\netty-transport-classes-kqueue\4.1.73.Final\netty-transport-classes-kqueue-4.1.73.Final.jar;C:\Users\ASUS\.m2\repository\io\netty\netty-transport-native-epoll\4.1.73.Final\netty-transport-native-epoll-4.1.73.Final.jar;C:\Users\ASUS\.m2\repository\io\netty\netty-transport-native-kqueue\4.1.73.Final\netty-transport-native-kqueue-4.1.73.Final.jar;C:\Users\ASUS\.m2\repository\io\netty\netty-transport-native-unix-common\4.1.73.Final\netty-transport-native-unix-common-4.1.73.Final.jar;C:\Users\ASUS\.m2\repository\io\netty\netty-transport\4.1.73.Final\netty-transport-4.1.73.Final.jar;C:\Users\ASUS\.m2\repository\io\netty\netty-resolver\4.1.73.Final\netty-resolver-4.1.73.Final.jar;C:\Users\ASUS\.m2\repository\io\opentelemetry\opentelemetry-api\1.10.1\opentelemetry-api-1.10.1.jar;C:\Users\ASUS\.m2\repository\io\opentelemetry\opentelemetry-context\1.10.1\opentelemetry-context-1.10.1.jar;C:\Users\ASUS\.m2\repository\io\opentelemetry\opentelemetry-exporter-logging\1.10.1\opentelemetry-exporter-logging-1.10.1.jar;C:\Users\ASUS\.m2\repository\io\opentelemetry\opentelemetry-sdk-metrics\1.10.1-alpha\opentelemetry-sdk-metrics-1.10.1-alpha.jar;C:\Users\ASUS\.m2\repository\io\opentelemetry\opentelemetry-sdk-logs\1.10.1-alpha\opentelemetry-sdk-logs-1.10.1-alpha.jar;C:\Users\ASUS\.m2\repository\io\opentelemetry\opentelemetry-sdk-common\1.10.1\opentelemetry-sdk-common-1.10.1.jar;C:\Users\ASUS\.m2\repository\io\opentelemetry\opentelemetry-sdk-extension-autoconfigure-spi\1.10.1\opentelemetry-sdk-extension-autoconfigure-spi-1.10.1.jar;C:\Users\ASUS\.m2\repository\io\opentelemetry\opentelemetry-sdk-extension-autoconfigure\1.10.1-alpha\opentelemetry-sdk-extension-autoconfigure-1.10.1-alpha.jar;C:\Users\ASUS\.m2\repository\io\opentelemetry\opentelemetry-sdk-trace\1.10.1\opentelemetry-sdk-trace-1.10.1.jar;C:\Users\ASUS\.m2\repository\io\opentelemetry\opentelemetry-sdk\1.10.1\opentelemetry-sdk-1.10.1.jar;C:\Users\ASUS\.m2\repository\io\opentelemetry\opentelemetry-semconv\1.10.1-alpha\opentelemetry-semconv-1.10.1-alpha.jar;C:\Users\ASUS\.m2\repository\io\ous\jtoml\2.0.0\jtoml-2.0.0.jar;C:\Users\ASUS\.m2\repository\org\apache\commons\commons-exec\1.3\commons-exec-1.3.jar;C:\Users\ASUS\.m2\repository\org\asynchttpclient\async-http-client\2.12.3\async-http-client-2.12.3.jar;C:\Users\ASUS\.m2\repository\org\asynchttpclient\async-http-client-netty-utils\2.12.3\async-http-client-netty-utils-2.12.3.jar;C:\Users\ASUS\.m2\repository\io\netty\netty-codec-socks\4.1.60.Final\netty-codec-socks-4.1.60.Final.jar;C:\Users\ASUS\.m2\repository\io\netty\netty-handler-proxy\4.1.60.Final\netty-handler-proxy-4.1.60.Final.jar;C:\Users\ASUS\.m2\repository\io\netty\netty-transport-native-epoll\4.1.60.Final\netty-transport-native-epoll-4.1.60.Final-linux-x86_64.jar;C:\Users\ASUS\.m2\repository\io\netty\netty-transport-native-kqueue\4.1.60.Final\netty-transport-native-kqueue-4.1.60.Final-osx-x86_64.jar;C:\Users\ASUS\.m2\repository\org\reactivestreams\reactive-streams\1.0.3\reactive-streams-1.0.3.jar;C:\Users\ASUS\.m2\repository\com\typesafe\netty\netty-reactive-streams\2.0.4\netty-reactive-streams-2.0.4.jar;C:\Users\ASUS\.m2\repository\org\seleniumhq\selenium\selenium-http\4.1.2\selenium-http-4.1.2.jar;C:\Users\ASUS\.m2\repository\net\jodah\failsafe\2.4.4\failsafe-2.4.4.jar;C:\Users\ASUS\.m2\repository\org\seleniumhq\selenium\selenium-safari-driver\4.1.2\selenium-safari-driver-4.1.2.jar;C:\Users\ASUS\.m2\repository\org\seleniumhq\selenium\selenium-api\4.1.2\selenium-api-4.1.2.jar;C:\Users\ASUS\.m2\repository\org\seleniumhq\selenium\selenium-support\4.1.2\selenium-support-4.1.2.jar;C:\Users\ASUS\.m2\repository\com\google\auto\service\auto-service-annotations\1.0.1\auto-service-annotations-1.0.1.jar;C:\Users\ASUS\.m2\repository\com\google\auto\service\auto-service\1.0.1\auto-service-1.0.1.jar;C:\Users\ASUS\.m2\repository\com\google\auto\auto-common\1.2\auto-common-1.2.jar;C:\Users\ASUS\.m2\repository\org\seleniumhq\selenium\selenium-json\4.1.2\selenium-json-4.1.2.jar;C:\Users\ASUS\.m2\repository\org\seleniumhq\selenium\selenium-chrome-driver\4.1.2\selenium-chrome-driver-4.1.2.jar;C:\Users\ASUS\.m2\repository\org\seleniumhq\selenium\selenium-chromium-driver\4.1.2\selenium-chromium-driver-4.1.2.jar;C:\Users\ASUS\.m2\repository\org\seleniumhq\selenium\selenium-firefox-driver\4.1.2\selenium-firefox-driver-4.1.2.jar;C:\Users\ASUS\.m2\repository\org\seleniumhq\selenium\selenium-edge-driver\4.1.2\selenium-edge-driver-4.1.2.jar;C:\Users\ASUS\.m2\repository\org\seleniumhq\selenium\selenium-ie-driver\4.1.2\selenium-ie-driver-4.1.2.jar;C:\Users\ASUS\.m2\repository\org\projectlombok\lombok\1.18.20\lombok-1.18.20.jar;C:\Users\ASUS\.m2\repository\io\appium\java-client\8.0.0\java-client-8.0.0.jar;C:\Users\ASUS\.m2\repository\commons-validator\commons-validator\1.7\commons-validator-1.7.jar;C:\Users\ASUS\.m2\repository\commons-digester\commons-digester\2.1\commons-digester-2.1.jar;C:\Users\ASUS\.m2\repository\org\aspectj\aspectjweaver\1.9.8\aspectjweaver-1.9.8.jar;C:\Users\ASUS\.m2\repository\org\codehaus\groovy\groovy\3.0.10\groovy-3.0.10.jar;C:\Users\ASUS\.m2\repository\net\sf\opencsv\opencsv\2.0\opencsv-2.0.jar;C:\Users\ASUS\.m2\repository\commons-beanutils\commons-beanutils\1.9.4\commons-beanutils-1.9.4.jar;C:\Users\ASUS\.m2\repository\org\apache\commons\commons-lang3\3.12.0\commons-lang3-3.12.0.jar;C:\Users\ASUS\.m2\repository\commons-collections\commons-collections\3.2.2\commons-collections-3.2.2.jar;C:\Users\ASUS\.m2\repository\org\fluentlenium\fluentlenium-core\0.10.2\fluentlenium-core-0.10.2.jar;C:\Users\ASUS\.m2\repository\io\github\bonigarcia\webdrivermanager\5.1.0\webdrivermanager-5.1.0.jar;C:\Users\ASUS\.m2\repository\com\github\docker-java\docker-java\3.2.13\docker-java-3.2.13.jar;C:\Users\ASUS\.m2\repository\com\github\docker-java\docker-java-core\3.2.13\docker-java-core-3.2.13.jar;C:\Users\ASUS\.m2\repository\com\github\docker-java\docker-java-api\3.2.13\docker-java-api-3.2.13.jar;C:\Users\ASUS\.m2\repository\org\apache\commons\commons-compress\1.21\commons-compress-1.21.jar;C:\Users\ASUS\.m2\repository\org\bouncycastle\bcpkix-jdk15on\1.64\bcpkix-jdk15on-1.64.jar;C:\Users\ASUS\.m2\repository\org\bouncycastle\bcprov-jdk15on\1.64\bcprov-jdk15on-1.64.jar;C:\Users\ASUS\.m2\repository\org\slf4j\jcl-over-slf4j\1.7.30\jcl-over-slf4j-1.7.30.jar;C:\Users\ASUS\.m2\repository\com\github\docker-java\docker-java-transport-httpclient5\3.2.13\docker-java-transport-httpclient5-3.2.13.jar;C:\Users\ASUS\.m2\repository\com\github\docker-java\docker-java-transport\3.2.13\docker-java-transport-3.2.13.jar;C:\Users\ASUS\.m2\repository\org\apache\httpcomponents\client5\httpclient5\5.0.3\httpclient5-5.0.3.jar;C:\Users\ASUS\.m2\repository\org\apache\httpcomponents\core5\httpcore5\5.0.2\httpcore5-5.0.2.jar;C:\Users\ASUS\.m2\repository\net\java\dev\jna\jna\5.8.0\jna-5.8.0.jar;C:\Users\ASUS\.m2\repository\org\brotli\dec\0.1.2\dec-0.1.2.jar;C:\Users\ASUS\.m2\repository\com\jhlabs\filters\2.0.235\filters-2.0.235.jar;C:\Users\ASUS\.m2\repository\com\paulhammant\ngwebdriver\1.1.6\ngwebdriver-1.1.6.jar;C:\Users\ASUS\.m2\repository\joda-time\joda-time\2.8.2\joda-time-2.8.2.jar;C:\Users\ASUS\.m2\repository\org\hamcrest\hamcrest\2.2\hamcrest-2.2.jar;C:\Users\ASUS\.m2\repository\com\google\jimfs\jimfs\1.2\jimfs-1.2.jar;C:\Users\ASUS\.m2\repository\org\mockito\mockito-core\3.3.3\mockito-core-3.3.3.jar;C:\Users\ASUS\.m2\repository\javax\xml\bind\jaxb-api\2.3.1\jaxb-api-2.3.1.jar;C:\Users\ASUS\.m2\repository\javax\activation\javax.activation-api\1.2.0\javax.activation-api-1.2.0.jar;C:\Users\ASUS\.m2\repository\com\sun\xml\bind\jaxb-core\2.3.0.1\jaxb-core-2.3.0.1.jar;C:\Users\ASUS\.m2\repository\com\sun\xml\bind\jaxb-impl\2.3.3\jaxb-impl-2.3.3.jar;C:\Users\ASUS\.m2\repository\jakarta\xml\bind\jakarta.xml.bind-api\2.3.3\jakarta.xml.bind-api-2.3.3.jar;C:\Users\ASUS\.m2\repository\com\sun\activation\jakarta.activation\1.2.2\jakarta.activation-1.2.2.jar;C:\Users\ASUS\.m2\repository\javax\activation\activation\1.1.1\activation-1.1.1.jar;C:\Users\ASUS\.m2\repository\net\serenity-bdd\serenity-cucumber\3.2.1\serenity-cucumber-3.2.1.jar;C:\Users\ASUS\.m2\repository\io\cucumber\cucumber-core\7.2.3\cucumber-core-7.2.3.jar;C:\Users\ASUS\.m2\repository\io\cucumber\cucumber-gherkin\7.2.3\cucumber-gherkin-7.2.3.jar;C:\Users\ASUS\.m2\repository\io\cucumber\cucumber-gherkin-messages\7.2.3\cucumber-gherkin-messages-7.2.3.jar;C:\Users\ASUS\.m2\repository\io\cucumber\messages\17.1.1\messages-17.1.1.jar;C:\Users\ASUS\.m2\repository\io\cucumber\tag-expressions\4.1.0\tag-expressions-4.1.0.jar;C:\Users\ASUS\.m2\repository\io\cucumber\cucumber-expressions\15.0.1\cucumber-expressions-15.0.1.jar;C:\Users\ASUS\.m2\repository\io\cucumber\datatable\7.2.3\datatable-7.2.3.jar;C:\Users\ASUS\.m2\repository\io\cucumber\cucumber-plugin\7.2.3\cucumber-plugin-7.2.3.jar;C:\Users\ASUS\.m2\repository\io\cucumber\docstring\7.2.3\docstring-7.2.3.jar;C:\Users\ASUS\.m2\repository\io\cucumber\html-formatter\17.0.0\html-formatter-17.0.0.jar;C:\Users\ASUS\.m2\repository\io\cucumber\ci-environment\8.1.0\ci-environment-8.1.0.jar;C:\Users\ASUS\.m2\repository\io\cucumber\cucumber-junit\7.2.3\cucumber-junit-7.2.3.jar;C:\Users\ASUS\.m2\repository\org\apache\commons\commons-csv\1.5\commons-csv-1.5.jar;C:\Users\ASUS\.m2\repository\net\serenity-bdd\serenity-screenplay\3.2.1\serenity-screenplay-3.2.1.jar;C:\Users\ASUS\.m2\repository\net\serenity-bdd\serenity-screenplay-webdriver\3.2.1\serenity-screenplay-webdriver-3.2.1.jar;C:\Users\ASUS\.m2\repository\net\serenity-bdd\serenity-ensure\3.2.1\serenity-ensure-3.2.1.jar;C:\Users\ASUS\.m2\repository\net\serenity-bdd\serenity-junit\3.2.1\serenity-junit-3.2.1.jar;C:\Users\ASUS\.m2\repository\org\jetbrains\kotlin\kotlin-stdlib\1.6.0\kotlin-stdlib-1.6.0.jar;C:\Users\ASUS\.m2\repository\org\jetbrains\annotations\13.0\annotations-13.0.jar;C:\Users\ASUS\.m2\repository\org\jetbrains\kotlin\kotlin-stdlib-common\1.6.0\kotlin-stdlib-common-1.6.0.jar;C:\Users\ASUS\.m2\repository\org\junit\platform\junit-platform-launcher\1.8.1\junit-platform-launcher-1.8.1.jar;C:\Users\ASUS\.m2\repository\org\junit\platform\junit-platform-engine\1.8.1\junit-platform-engine-1.8.1.jar;C:\Users\ASUS\.m2\repository\org\opentest4j\opentest4j\1.2.0\opentest4j-1.2.0.jar;C:\Users\ASUS\.m2\repository\org\junit\platform\junit-platform-commons\1.8.1\junit-platform-commons-1.8.1.jar;C:\Users\ASUS\.m2\repository\org\apiguardian\apiguardian-api\1.1.2\apiguardian-api-1.1.2.jar;C:\Users\ASUS\.m2\repository\org\junit\jupiter\junit-jupiter-engine\5.8.2\junit-jupiter-engine-5.8.2.jar;C:\Users\ASUS\.m2\repository\org\junit\jupiter\junit-jupiter-api\5.8.2\junit-jupiter-api-5.8.2.jar;C:\Users\ASUS\.m2\repository\org\junit\vintage\junit-vintage-engine\5.8.2\junit-vintage-engine-5.8.2.jar;C:\Users\ASUS\.m2\repository\junit\junit\4.13.2\junit-4.13.2.jar;C:\Users\ASUS\.m2\repository\org\hamcrest\hamcrest-core\1.3\hamcrest-core-1.3.jar;C:\Users\ASUS\.m2\repository\ch\qos\logback\logback-classic\1.2.10\logback-classic-1.2.10.jar;C:\Users\ASUS\.m2\repository\ch\qos\logback\logback-core\1.2.10\logback-core-1.2.10.jar;C:\Users\ASUS\.m2\repository\org\slf4j\slf4j-api\1.7.32\slf4j-api-1.7.32.jar;C:\Users\ASUS\.m2\repository\org\assertj\assertj-core\3.6.2\assertj-core-3.6.2.jar;C:\Users\ASUS\.m2\repository\org\apache\maven\surefire\surefire-junit-platform\3.0.0-M5\surefire-junit-platform-3.0.0-M5.jar;C:\Users\ASUS\.m2\repository\org\apache\maven\surefire\common-java5\3.0.0-M5\common-java5-3.0.0-M5.jar"/>
    <property name="user.script" value=""/>
    <property name="java.protocol.handler.pkgs" value="com.google.common"/>
    <property name="sun.management.compiler" value="HotSpot 64-Bit Tiered Compilers"/>
    <property name="java.runtime.version" value="13.0.2+8"/>
    <property name="user.name" value="ASUS"/>
    <property name="path.separator" value=";"/>
    <property name="os.version" value="10.0"/>
    <property name="java.runtime.name" value="Java(TM) SE Runtime Environment"/>
    <property name="file.encoding" value="Cp1252"/>
    <property name="webdriver.base.url" value=""/>
    <property name="java.vm.name" value="Java HotSpot(TM) 64-Bit Server VM"/>
    <property name="localRepository" value="C:\Users\ASUS\.m2\repository"/>
    <property name="java.vendor.url.bug" value="https://bugreport.java.com/bugreport/"/>
    <property name="java.io.tmpdir" value="C:\Users\ASUS\AppData\Local\Temp\"/>
    <property name="java.version" value="13.0.2"/>
    <property name="user.dir" value="C:\Users\ASUS\Desktop\stupen\miniproject\Web\ASWeb"/>
    <property name="os.arch" value="amd64"/>
    <property name="java.vm.specification.name" value="Java Virtual Machine Specification"/>
    <property name="sun.os.patch.level" value=""/>
    <property name="java.library.path" value="C:\Program Files\Java\jdk-13.0.2\bin;C:\WINDOWS\Sun\Java\bin;C:\WINDOWS\system32;C:\WINDOWS;C:\Program Files\Java\jdk-11.0.12\bin;C:\Program Files\Common Files\Oracle\Java\javapath;C:\Program Files (x86)\Common Files\Oracle\Java\javapath;C:\Windows\system32;C:\Windows;C:\Windows\System32\Wbem;C:\Windows\System32\WindowsPowerShell\v1.0\;C:\Windows\System32\OpenSSH\;C:\Program Files (x86)\NVIDIA Corporation\PhysX\Common;C:\Program Files\NVIDIA Corporation\NVIDIA NvDLISR;C:\Program Files\Intel\WiFi\bin\;C:\Program Files\Common Files\Intel\WirelessCommon\;C:\Users\ASUS\AppData\Local\Programs\Python\Python37;C:\Gradle\gradle-6.1.1\bin;C:\apache-maven-3.6.3\bin;C:\WINDOWS\system32;C:\WINDOWS;C:\WINDOWS\System32\Wbem;C:\WINDOWS\System32\WindowsPowerShell\v1.0\;C:\WINDOWS\System32\OpenSSH\;C:\Users\ASUS\AppData\Local\Programs\Python\Python37\Scripts;C:\Program Files\PostgreSQL\13\bin;D:\PuTTY\;C:\Program Files\nodejs\;C:\Program Files\IBM\SPSS\Statistics\25\JRE\bin;C:\Program Files\Git\cmd;C:\Windows\system32;C:\Windows;C:\Windows\System32\Wbem;C:\Windows\System32\WindowsPowerShell\v1.0\;C:\Windows\System32\OpenSSH\;C:\Program Files (x86)\NVIDIA Corporation\PhysX\Common;C:\Program Files\NVIDIA Corporation\NVIDIA NvDLISR;C:\Program Files\Intel\WiFi\bin\;C:\Program Files\Common Files\Intel\WirelessCommon\;C:\Users\ASUS\AppData\Local\Programs\Python\Python37;C:\Users\ASUS\AppData\Local\Programs\Microsoft VS Code\bin;C:\Program Files\Java\jdk-13.0.2\bin;C:\Program Files\Git\bin\;C:\Program Files\Git\cmd\;C:\Gradle\gradle-6.1.1\bin;C:\Users\ASUS\AppData\Local\Microsoft\WindowsApps;C:\Users\ASUS\AppData\Roaming\Microsoft\Windows\Start Menu\Programs\Python 3.7;C:\Users\ASUS\AppData\Local\Programs\Python\Python37\Scripts;C:\Program Files\heroku\bin;C:\Program Files\PostgreSQL\13\bin;C:\Users\ASUS\AppData\Roaming\npm;C:\Program Files\JetBrains\IntelliJ IDEA 2022.2.1\bin;;C:\Program Files\JetBrains\IntelliJ IDEA Community Edition 2022.2.2\bin;;C:\android_sdk\platform-tools;C:\android_sdk\tools\bin;;."/>
    <property name="java.vm.info" value="mixed mode"/>
    <property name="java.vendor" value="Oracle Corporation"/>
    <property name="java.vm.version" value="13.0.2+8"/>
    <property name="sun.io.unicode.encoding" value="UnicodeLittle"/>
    <property name="java.class.version" value="57.0"/>
  </properties>
  <testcase name="View Cart Detail (filled)" classname="Manage Cart" time="16.54">
    <system-out><![CDATA[20:36:46.757 [main] INFO io.cucumber.core.plugin.SerenityReporter - Running feature from file:///C:/Users/ASUS/Desktop/stupen/miniproject/Web/ASWeb/src/test/resources/features/Cart.feature
20:36:46.960 [main] INFO  - 

-------------------------------------------------------------------------------------
     _______. _______ .______       _______ .__   __.  __  .___________.____    ____ 
    /       ||   ____||   _  \     |   ____||  \ |  | |  | |           |\   \  /   / 
   |   (----`|  |__   |  |_)  |    |  |__   |   \|  | |  | `---|  |----` \   \/   /  
    \   \    |   __|  |      /     |   __|  |  . `  | |  |     |  |       \_    _/   
.----)   |   |  |____ |  |\  \----.|  |____ |  |\   | |  |     |  |         |  |     
|_______/    |_______|| _| `._____||_______||__| \__| |__|     |__|         |__|    
                                                                                     
 News and tutorials at http://www.serenity-bdd.info                                  
 Documentation at https://wakaleo.gitbooks.io/the-serenity-book/content/             
 Join the Serenity Community on Gitter: https://gitter.im/serenity-bdd/serenity-core 
 Serenity BDD Support and Training at http://serenity-bdd.info/#/trainingandsupport  
-------------------------------------------------------------------------------------

20:36:46.963 [main] DEBUG net.thucydides.core.steps.StepEventBus - Test suite started for story net.thucydides.core.model.Story@a99674c0
20:36:46.966 [main] INFO  - Test Suite Started: Manage Cart
20:36:46.980 [main] INFO io.cucumber.core.plugin.SerenityReporter - Running feature from file:///C:/Users/ASUS/Desktop/stupen/miniproject/Web/ASWeb/src/test/resources/features/Login.feature
20:36:46.988 [main] DEBUG net.thucydides.core.steps.StepEventBus - Test suite started for story net.thucydides.core.model.Story@23282f08
20:36:46.991 [main] INFO  - Test Suite Started: Login
20:36:46.991 [main] INFO io.cucumber.core.plugin.SerenityReporter - Running feature from file:///C:/Users/ASUS/Desktop/stupen/miniproject/Web/ASWeb/src/test/resources/features/Logout.feature
20:36:46.996 [main] DEBUG net.thucydides.core.steps.StepEventBus - Test suite started for story net.thucydides.core.model.Story@7960de68
20:36:46.996 [main] INFO  - Test Suite Started: Logout
20:36:46.996 [main] INFO io.cucumber.core.plugin.SerenityReporter - Running feature from file:///C:/Users/ASUS/Desktop/stupen/miniproject/Web/ASWeb/src/test/resources/features/Product.feature
20:36:47.003 [main] DEBUG net.thucydides.core.steps.StepEventBus - Test suite started for story net.thucydides.core.model.Story@94d3a930
20:36:47.004 [main] INFO  - Test Suite Started: Manage Product
20:36:47.004 [main] INFO io.cucumber.core.plugin.SerenityReporter - Running feature from file:///C:/Users/ASUS/Desktop/stupen/miniproject/Web/ASWeb/src/test/resources/features/Register.feature
20:36:47.012 [main] DEBUG net.thucydides.core.steps.StepEventBus - Test suite started for story net.thucydides.core.model.Story@30e75088
20:36:47.013 [main] INFO  - Test Suite Started: Register
20:36:47.013 [main] INFO io.cucumber.core.plugin.SerenityReporter - Running feature from file:///C:/Users/ASUS/Desktop/stupen/miniproject/Web/ASWeb/src/test/resources/features/Transaction.feature
20:36:47.018 [main] DEBUG net.thucydides.core.steps.StepEventBus - Test suite started for story net.thucydides.core.model.Story@c54cf0a8
20:36:47.019 [main] INFO  - Test Suite Started: Transaction
20:36:47.020 [main] INFO io.cucumber.core.plugin.SerenityReporter - Running feature from file:///C:/Users/ASUS/Desktop/stupen/miniproject/Web/ASWeb/src/test/resources/features/Cart.feature
20:36:47.023 [main] DEBUG net.thucydides.core.steps.StepEventBus - Test suite started for story net.thucydides.core.model.Story@a99674c0
20:36:47.023 [main] INFO  - Test Suite Started: Manage Cart

@Cart
Scenario: View Cart Detail (filled)       &amp#27;[90m# src/test/resources/features/Cart.feature:7&amp#27;[0m
20:36:47.148 [main] INFO io.cucumber.core.plugin.SerenityReporter - Running feature from file:///C:/Users/ASUS/Desktop/stupen/miniproject/Web/ASWeb/src/test/resources/features/Cart.feature
20:36:47.311 [main] INFO  - 
  _____   ___   ___   _____     ___   _____     _     ___   _____   ___   ___  
 |_   _| | __| / __| |_   _|   / __| |_   _|   /_\   | _ \ |_   _| | __| |   \ 
   | |   | _|  \__ \   | |     \__ \   | |    / _ \  |   /   | |   | _|  | |) |
   |_|   |___| |___/   |_|     |___/   |_|   /_/ \_\ |_|_\   |_|   |___| |___/ 

View Cart Detail (filled)(manage-cart;view-cart-detail-(filled))
--------------------------------------------------------------------------------
20:36:48.281 [main] INFO net.serenitybdd.core.webdriver.driverproviders.ChromeDriverProvider - Using automatically driver download
20:36:49.057 [main] DEBUG io.github.bonigarcia.wdm.cache.ResolutionCache - Resolution chrome=107 in cache (valid until 20:37:19 31/10/2022 WIB)
20:36:49.064 [main] DEBUG io.github.bonigarcia.wdm.cache.ResolutionCache - Resolution chrome107=107.0.5304.62 in cache (valid until 19:37:19 01/11/2022 WIB)
20:36:49.068 [main] INFO io.github.bonigarcia.wdm.WebDriverManager - Using chromedriver 107.0.5304.62 (resolved driver for Chrome 107)
20:36:49.090 [main] DEBUG io.github.bonigarcia.wdm.WebDriverManager - Driver chromedriver 107.0.5304.62 found in cache
20:36:49.091 [main] INFO io.github.bonigarcia.wdm.WebDriverManager - Exporting webdriver.chrome.driver as C:\Users\ASUS\.cache\selenium\chromedriver\win32\107.0.5304.62\chromedriver.exe
20:36:49.827 [main] DEBUG net.thucydides.core.reflection.ClassFinder - Could not load class .CucumberTestSuite
20:36:49.827 [main] DEBUG net.thucydides.core.reflection.ClassFinder - Could not load class .starter.pages.CartPages
20:36:49.827 [main] DEBUG net.thucydides.core.reflection.ClassFinder - Could not load class .starter.pages.LogInOutPages
20:36:49.827 [main] DEBUG net.thucydides.core.reflection.ClassFinder - Could not load class .starter.pages.ProductPages
20:36:49.827 [main] DEBUG net.thucydides.core.reflection.ClassFinder - Could not load class .starter.pages.RegisterPage
20:36:49.827 [main] DEBUG net.thucydides.core.reflection.ClassFinder - Could not load class .starter.pages.TransactionPages
20:36:49.827 [main] DEBUG net.thucydides.core.reflection.ClassFinder - Could not load class .starter.stepdefinitions.CartSteps
20:36:49.827 [main] DEBUG net.thucydides.core.reflection.ClassFinder - Could not load class .starter.stepdefinitions.LogInOutSteps
20:36:49.827 [main] DEBUG net.thucydides.core.reflection.ClassFinder - Could not load class .starter.stepdefinitions.ProductSteps
20:36:49.827 [main] DEBUG net.thucydides.core.reflection.ClassFinder - Could not load class .starter.stepdefinitions.RegisterSteps
20:36:49.827 [main] DEBUG net.thucydides.core.reflection.ClassFinder - Could not load class .starter.stepdefinitions.TransactionSteps
20:36:49.828 [main] DEBUG net.thucydides.core.reflection.ClassFinder - Could not load class META-INF.versions.9.com.sun.istack.logging.StackHelper
20:36:49.829 [main] DEBUG net.thucydides.core.reflection.ClassFinder - Could not load class META-INF.versions.9.com.sun.xml.bind.v2.runtime.reflect.opt.AccessorInjector
20:36:49.829 [main] DEBUG net.thucydides.core.reflection.ClassFinder - Could not load class META-INF.versions.9.com.sun.xml.bind.v2.runtime.reflect.opt.Injector
20:36:49.829 [main] DEBUG net.thucydides.core.reflection.ClassFinder - Could not load class META-INF.versions.9.com.sun.xml.bind.v2.runtime.reflect.opt.OptimizedAccessorFactory
20:36:49.830 [main] DEBUG net.thucydides.core.reflection.ClassFinder - Could not load class META-INF.versions.9.com.sun.xml.bind.v2.runtime.reflect.opt.OptimizedTransducedAccessorFactory
20:36:49.830 [main] DEBUG net.thucydides.core.reflection.ClassFinder - Could not load class META-INF.versions.9.io.opentelemetry.sdk.internal.CurrentJavaVersionSpecific
20:36:49.830 [main] DEBUG net.thucydides.core.reflection.ClassFinder - Could not load class META-INF.versions.9.io.opentelemetry.sdk.internal.Java9VersionSpecific
20:36:49.831 [main] DEBUG net.thucydides.core.reflection.ClassFinder - Could not load class META-INF.versions.9.javax.xml.bind.ModuleUtil
20:36:49.831 [main] DEBUG net.thucydides.core.reflection.ClassFinder - Could not load class META-INF.versions.9.module-info
20:36:49.832 [main] DEBUG net.thucydides.core.reflection.ClassFinder - Could not load class META-INF.versions.9.org.junit.platform.commons.util.ModuleUtils
20:36:50.171 [main] DEBUG net.thucydides.core.reflection.ClassFinder - Could not load class com.google.gson.internal.
20:36:50.390 [main] DEBUG net.thucydides.core.reflection.ClassFinder - Could not load class com.sun.xml.bind.v2.runtime.output.FastInfosetStreamWriterOutput
20:36:50.890 [main] DEBUG net.thucydides.core.reflection.ClassFinder - Could not load class module-info
20:36:54.025 [main] DEBUG io.netty.util.internal.logging.InternalLoggerFactory - Using SLF4J as the default logging framework
20:36:54.028 [main] DEBUG io.netty.util.ResourceLeakDetector - -Dio.netty.leakDetection.level: simple
20:36:54.028 [main] DEBUG io.netty.util.ResourceLeakDetector - -Dio.netty.leakDetection.targetRecords: 4
20:36:54.032 [main] DEBUG io.netty.util.ResourceLeakDetectorFactory - Loaded default ResourceLeakDetector: io.netty.util.ResourceLeakDetector@5bfd3d0
20:36:54.052 [main] DEBUG io.netty.util.internal.PlatformDependent0 - -Dio.netty.noUnsafe: false
20:36:54.052 [main] DEBUG io.netty.util.internal.PlatformDependent0 - Java version: 13
20:36:54.053 [main] DEBUG io.netty.util.internal.PlatformDependent0 - sun.misc.Unsafe.theUnsafe: available
20:36:54.053 [main] DEBUG io.netty.util.internal.PlatformDependent0 - sun.misc.Unsafe.copyMemory: available
20:36:54.054 [main] DEBUG io.netty.util.internal.PlatformDependent0 - java.nio.Buffer.address: available
20:36:54.054 [main] DEBUG io.netty.util.internal.PlatformDependent0 - direct buffer constructor: unavailable: Reflective setAccessible(true) disabled
20:36:54.055 [main] DEBUG io.netty.util.internal.PlatformDependent0 - java.nio.Bits.unaligned: available, true
20:36:54.056 [main] DEBUG io.netty.util.internal.PlatformDependent0 - jdk.internal.misc.Unsafe.allocateUninitializedArray(int): unavailable: class io.netty.util.internal.PlatformDependent0$6 cannot access class jdk.internal.misc.Unsafe (in module java.base) because module java.base does not export jdk.internal.misc to unnamed module @344344fa
20:36:54.058 [main] DEBUG io.netty.util.internal.PlatformDependent0 - java.nio.DirectByteBuffer.<init>(long, int): unavailable
20:36:54.058 [main] DEBUG io.netty.util.internal.PlatformDependent - sun.misc.Unsafe: available
20:36:54.061 [main] DEBUG io.netty.util.internal.PlatformDependent - maxDirectMemory: 2109734912 bytes (maybe)
20:36:54.061 [main] DEBUG io.netty.util.internal.PlatformDependent - -Dio.netty.tmpdir: C:\Users\ASUS\AppData\Local\Temp (java.io.tmpdir)
20:36:54.061 [main] DEBUG io.netty.util.internal.PlatformDependent - -Dio.netty.bitMode: 64 (sun.arch.data.model)
20:36:54.062 [main] DEBUG io.netty.util.internal.PlatformDependent - Platform: Windows
20:36:54.062 [main] DEBUG io.netty.util.internal.PlatformDependent - -Dio.netty.maxDirectMemory: -1 bytes
20:36:54.063 [main] DEBUG io.netty.util.internal.PlatformDependent - -Dio.netty.uninitializedArrayAllocationThreshold: -1
20:36:54.063 [main] DEBUG io.netty.util.internal.CleanerJava9 - java.nio.ByteBuffer.cleaner(): available
20:36:54.064 [main] DEBUG io.netty.util.internal.PlatformDependent - -Dio.netty.noPreferDirect: false
20:36:54.074 [main] DEBUG io.netty.util.internal.PlatformDependent - org.jctools-core.MpscChunkedArrayQueue: available
20:36:54.094 [main] DEBUG io.netty.util.internal.InternalThreadLocalMap - -Dio.netty.threadLocalMap.stringBuilder.initialSize: 1024
20:36:54.094 [main] DEBUG io.netty.util.internal.InternalThreadLocalMap - -Dio.netty.threadLocalMap.stringBuilder.maxSize: 4096
20:36:54.160 [main] DEBUG io.netty.handler.ssl.JdkSslContext - Default protocols (JDK): [TLSv1.3, TLSv1.2, TLSv1.1, TLSv1] 
20:36:54.160 [main] DEBUG io.netty.handler.ssl.JdkSslContext - Default cipher suites (JDK): [TLS_ECDHE_ECDSA_WITH_AES_256_GCM_SHA384, TLS_ECDHE_ECDSA_WITH_AES_128_GCM_SHA256, TLS_ECDHE_RSA_WITH_AES_128_GCM_SHA256, TLS_ECDHE_RSA_WITH_AES_256_GCM_SHA384, TLS_ECDHE_RSA_WITH_AES_128_CBC_SHA, TLS_ECDHE_RSA_WITH_AES_256_CBC_SHA, TLS_RSA_WITH_AES_128_GCM_SHA256, TLS_RSA_WITH_AES_128_CBC_SHA, TLS_RSA_WITH_AES_256_CBC_SHA, TLS_AES_128_GCM_SHA256, TLS_AES_256_GCM_SHA384]
20:36:54.184 [main] DEBUG io.netty.channel.MultithreadEventLoopGroup - -Dio.netty.eventLoopThreads: 16
20:36:54.195 [main] DEBUG io.netty.channel.nio.NioEventLoop - -Dio.netty.noKeySetOptimization: false
20:36:54.195 [main] DEBUG io.netty.channel.nio.NioEventLoop - -Dio.netty.selectorAutoRebuildThreshold: 512
20:36:54.414 [main] DEBUG io.netty.buffer.PooledByteBufAllocator - -Dio.netty.allocator.numHeapArenas: 16
20:36:54.414 [main] DEBUG io.netty.buffer.PooledByteBufAllocator - -Dio.netty.allocator.numDirectArenas: 16
20:36:54.414 [main] DEBUG io.netty.buffer.PooledByteBufAllocator - -Dio.netty.allocator.pageSize: 8192
20:36:54.414 [main] DEBUG io.netty.buffer.PooledByteBufAllocator - -Dio.netty.allocator.maxOrder: 11
20:36:54.414 [main] DEBUG io.netty.buffer.PooledByteBufAllocator - -Dio.netty.allocator.chunkSize: 16777216
20:36:54.414 [main] DEBUG io.netty.buffer.PooledByteBufAllocator - -Dio.netty.allocator.smallCacheSize: 256
20:36:54.414 [main] DEBUG io.netty.buffer.PooledByteBufAllocator - -Dio.netty.allocator.normalCacheSize: 64
20:36:54.414 [main] DEBUG io.netty.buffer.PooledByteBufAllocator - -Dio.netty.allocator.maxCachedBufferCapacity: 32768
20:36:54.414 [main] DEBUG io.netty.buffer.PooledByteBufAllocator - -Dio.netty.allocator.cacheTrimInterval: 8192
20:36:54.414 [main] DEBUG io.netty.buffer.PooledByteBufAllocator - -Dio.netty.allocator.cacheTrimIntervalMillis: 0
20:36:54.414 [main] DEBUG io.netty.buffer.PooledByteBufAllocator - -Dio.netty.allocator.useCacheForAllThreads: true
20:36:54.414 [main] DEBUG io.netty.buffer.PooledByteBufAllocator - -Dio.netty.allocator.maxCachedByteBuffersPerChunk: 1023
20:36:54.423 [main] DEBUG io.netty.buffer.ByteBufUtil - -Dio.netty.allocator.type: pooled
20:36:54.423 [main] DEBUG io.netty.buffer.ByteBufUtil - -Dio.netty.threadLocalDirectBufferSize: 0
20:36:54.423 [main] DEBUG io.netty.buffer.ByteBufUtil - -Dio.netty.maxThreadLocalCharBufferSize: 16384
20:36:54.626 [main] DEBUG net.serenitybdd.core.webdriver.driverproviders.ProvideNewDriver - Instantiating driver
20:36:54.626 [main] DEBUG net.serenitybdd.core.webdriver.driverproviders.ProvideNewDriver - Driver capabilities: Capabilities {acceptInsecureCerts: false, base.url: https://alta-shop.vercel.app/, browserName: chrome, chrome.driver: src/test/resources/webdrive..., driver: chrome, goog:chromeOptions: {args: [], extensions: []}, wait.for.timeout: 10000}
20:36:55.359 [Forwarding newSession on session null to remote] DEBUG io.netty.channel.DefaultChannelId - -Dio.netty.processId: 15960 (auto-detected)
20:36:55.361 [Forwarding newSession on session null to remote] DEBUG io.netty.util.NetUtil - -Djava.net.preferIPv4Stack: false
20:36:55.361 [Forwarding newSession on session null to remote] DEBUG io.netty.util.NetUtil - -Djava.net.preferIPv6Addresses: false
20:36:55.539 [Forwarding newSession on session null to remote] DEBUG io.netty.util.NetUtilInitializations - Loopback interface: lo (Software Loopback Interface 1, 127.0.0.1)
20:36:55.541 [Forwarding newSession on session null to remote] DEBUG io.netty.util.NetUtil - Failed to get SOMAXCONN from sysctl and file \proc\sys\net\core\somaxconn. Default: 200
20:36:55.721 [Forwarding newSession on session null to remote] DEBUG io.netty.channel.DefaultChannelId - -Dio.netty.machineId: d4:d2:52:ff:fe:a4:e5:f7 (auto-detected)
20:36:55.768 [AsyncHttpClient-1-2] DEBUG io.netty.buffer.AbstractByteBuf - -Dio.netty.buffer.checkAccessible: true
20:36:55.769 [AsyncHttpClient-1-2] DEBUG io.netty.buffer.AbstractByteBuf - -Dio.netty.buffer.checkBounds: true
20:36:55.769 [AsyncHttpClient-1-2] DEBUG io.netty.util.ResourceLeakDetectorFactory - Loaded default ResourceLeakDetector: io.netty.util.ResourceLeakDetector@1a63c56c
20:36:55.785 [AsyncHttpClient-1-2] DEBUG org.asynchttpclient.netty.channel.NettyConnectListener - Using new Channel '[id: 0x82d952ab, L:/127.0.0.1:49412 - R:localhost/127.0.0.1:54444]' for 'POST' to '/session'
20:36:55.803 [AsyncHttpClient-1-2] DEBUG io.netty.util.Recycler - -Dio.netty.recycler.maxCapacityPerThread: 4096
20:36:55.803 [AsyncHttpClient-1-2] DEBUG io.netty.util.Recycler - -Dio.netty.recycler.ratio: 8
20:36:55.803 [AsyncHttpClient-1-2] DEBUG io.netty.util.Recycler - -Dio.netty.recycler.chunkSize: 32
20:36:55.803 [AsyncHttpClient-1-2] DEBUG io.netty.util.Recycler - -Dio.netty.recycler.blocking: false
20:36:57.397 [AsyncHttpClient-1-2] DEBUG io.netty.handler.codec.compression.Brotli - brotli4j not in the classpath; Brotli support will be unavailable.
20:36:57.397 [AsyncHttpClient-1-2] DEBUG org.asynchttpclient.netty.handler.HttpHandler - 

Request DefaultHttpRequest(decodeResult: success, version: HTTP/1.1)
POST /session HTTP/1.1
User-Agent: selenium/4.1.2 (java windows)
Content-Length: 646
Content-Type: application/json; charset=utf-8
host: localhost:54444
accept: */*

Response DefaultHttpResponse(decodeResult: success, version: HTTP/1.1)
HTTP/1.1 200 OK
Content-Type: application/json; charset=utf-8
cache-control: no-cache
content-length: 787

20:36:57.407 [AsyncHttpClient-1-2] DEBUG org.asynchttpclient.netty.channel.ChannelManager - Adding key: http://localhost:54444 for channel [id: 0x82d952ab, L:/127.0.0.1:49412 - R:localhost/127.0.0.1:54444]
20:36:57.470 [AsyncHttpClient-1-3] DEBUG org.asynchttpclient.netty.channel.NettyConnectListener - Using new Channel '[id: 0xeb311acd, L:/127.0.0.1:49421 - R:localhost/127.0.0.1:49413]' for 'GET' to '/json/version'
20:36:57.476 [AsyncHttpClient-1-3] DEBUG org.asynchttpclient.netty.handler.HttpHandler - 

Request DefaultFullHttpRequest(decodeResult: success, version: HTTP/1.1, content: EmptyByteBufBE)
GET /json/version HTTP/1.1
User-Agent: selenium/4.1.2 (java windows)
host: localhost:49413
accept: */*

Response DefaultHttpResponse(decodeResult: success, version: HTTP/1.1)
HTTP/1.1 200 OK
Content-Type: application/json; charset=UTF-8
content-length: 423

20:36:57.476 [AsyncHttpClient-1-3] DEBUG org.asynchttpclient.netty.channel.ChannelManager - Adding key: http://localhost:49413 for channel [id: 0xeb311acd, L:/127.0.0.1:49421 - R:localhost/127.0.0.1:49413]
20:36:57.488 [main] DEBUG io.netty.util.internal.ThreadLocalRandom - -Dio.netty.initialSeedUniquifier: 0xdf38f0f86f7977c7
20:36:57.493 [AsyncHttpClient-1-4] DEBUG org.asynchttpclient.netty.channel.NettyConnectListener - Using new Channel '[id: 0x985c750e, L:/127.0.0.1:49422 - R:localhost/127.0.0.1:49413]' for 'GET' to '/devtools/browser/6565cc92-96c8-4495-a64d-ad82673beb17'
20:36:57.499 [AsyncHttpClient-1-4] DEBUG org.asynchttpclient.netty.handler.WebSocketHandler - 

Request DefaultFullHttpRequest(decodeResult: success, version: HTTP/1.1, content: EmptyByteBufBE)
GET /devtools/browser/6565cc92-96c8-4495-a64d-ad82673beb17 HTTP/1.1
upgrade: websocket
connection: upgrade
sec-websocket-key: cfCrbGhqvxDPrsQS4sqRRw==
sec-websocket-version: 13
origin: http://localhost:49413
host: localhost:49413
accept: */*
user-agent: AHC/2.1

Response DefaultHttpResponse(decodeResult: success, version: HTTP/1.1)
HTTP/1.1 101 WebSocket Protocol Handshake
Upgrade: WebSocket
Connection: Upgrade
Sec-WebSocket-Accept: Dq/1LljgxDqENhiof8pX+0plcmY=

20:36:58.197 [main] DEBUG net.thucydides.core.reflection.ClassFinder - Could not load class .CucumberTestSuite
20:36:58.198 [main] DEBUG net.thucydides.core.reflection.ClassFinder - Could not load class .starter.pages.CartPages
20:36:58.198 [main] DEBUG net.thucydides.core.reflection.ClassFinder - Could not load class .starter.pages.LogInOutPages
20:36:58.198 [main] DEBUG net.thucydides.core.reflection.ClassFinder - Could not load class .starter.pages.ProductPages
20:36:58.198 [main] DEBUG net.thucydides.core.reflection.ClassFinder - Could not load class .starter.pages.RegisterPage
20:36:58.198 [main] DEBUG net.thucydides.core.reflection.ClassFinder - Could not load class .starter.pages.TransactionPages
20:36:58.198 [main] DEBUG net.thucydides.core.reflection.ClassFinder - Could not load class .starter.stepdefinitions.CartSteps
20:36:58.198 [main] DEBUG net.thucydides.core.reflection.ClassFinder - Could not load class .starter.stepdefinitions.LogInOutSteps
20:36:58.198 [main] DEBUG net.thucydides.core.reflection.ClassFinder - Could not load class .starter.stepdefinitions.ProductSteps
20:36:58.198 [main] DEBUG net.thucydides.core.reflection.ClassFinder - Could not load class .starter.stepdefinitions.RegisterSteps
20:36:58.198 [main] DEBUG net.thucydides.core.reflection.ClassFinder - Could not load class .starter.stepdefinitions.TransactionSteps
20:36:58.199 [main] DEBUG net.thucydides.core.reflection.ClassFinder - Could not load class META-INF.versions.9.com.sun.istack.logging.StackHelper
20:36:58.199 [main] DEBUG net.thucydides.core.reflection.ClassFinder - Could not load class META-INF.versions.9.com.sun.xml.bind.v2.runtime.reflect.opt.AccessorInjector
20:36:58.199 [main] DEBUG net.thucydides.core.reflection.ClassFinder - Could not load class META-INF.versions.9.com.sun.xml.bind.v2.runtime.reflect.opt.Injector
20:36:58.200 [main] DEBUG net.thucydides.core.reflection.ClassFinder - Could not load class META-INF.versions.9.com.sun.xml.bind.v2.runtime.reflect.opt.OptimizedAccessorFactory
20:36:58.200 [main] DEBUG net.thucydides.core.reflection.ClassFinder - Could not load class META-INF.versions.9.com.sun.xml.bind.v2.runtime.reflect.opt.OptimizedTransducedAccessorFactory
20:36:58.200 [main] DEBUG net.thucydides.core.reflection.ClassFinder - Could not load class META-INF.versions.9.io.opentelemetry.sdk.internal.CurrentJavaVersionSpecific
20:36:58.201 [main] DEBUG net.thucydides.core.reflection.ClassFinder - Could not load class META-INF.versions.9.io.opentelemetry.sdk.internal.Java9VersionSpecific
20:36:58.201 [main] DEBUG net.thucydides.core.reflection.ClassFinder - Could not load class META-INF.versions.9.javax.xml.bind.ModuleUtil
20:36:58.201 [main] DEBUG net.thucydides.core.reflection.ClassFinder - Could not load class META-INF.versions.9.module-info
20:36:58.202 [main] DEBUG net.thucydides.core.reflection.ClassFinder - Could not load class META-INF.versions.9.org.junit.platform.commons.util.ModuleUtils
20:36:58.204 [main] DEBUG net.thucydides.core.reflection.ClassFinder - Could not load class com.google.gson.internal.
20:36:58.205 [main] DEBUG net.thucydides.core.reflection.ClassFinder - Could not load class com.sun.xml.bind.v2.runtime.output.FastInfosetStreamWriterOutput
20:36:58.207 [main] DEBUG net.thucydides.core.reflection.ClassFinder - Could not load class module-info
20:36:58.228 [Forwarding get on session 85cfb0f85cdacdeb20b9873b44ca45a8 to remote] DEBUG org.asynchttpclient.netty.request.NettyRequestSender - Using pooled Channel '[id: 0x82d952ab, L:/127.0.0.1:49412 - R:localhost/127.0.0.1:54444]' for 'POST' to 'http://localhost:54444/session/85cfb0f85cdacdeb20b9873b44ca45a8/url'
20:36:58.228 [Forwarding get on session 85cfb0f85cdacdeb20b9873b44ca45a8 to remote] DEBUG org.asynchttpclient.netty.request.NettyRequestSender - Using open Channel [id: 0x82d952ab, L:/127.0.0.1:49412 - R:localhost/127.0.0.1:54444] for POST '/session/85cfb0f85cdacdeb20b9873b44ca45a8/url'
20:36:58.479 [AsyncHttpClient-1-1] DEBUG org.asynchttpclient.netty.channel.DefaultChannelPool - Entry count for : http://localhost:49413 : 1
20:36:58.723 [AsyncHttpClient-1-2] DEBUG org.asynchttpclient.netty.handler.HttpHandler - 

Request DefaultHttpRequest(decodeResult: success, version: HTTP/1.1)
POST /session/85cfb0f85cdacdeb20b9873b44ca45a8/url HTTP/1.1
User-Agent: selenium/4.1.2 (java windows)
Content-Length: 59
Content-Type: application/json; charset=utf-8
host: localhost:54444
accept: */*

Response DefaultHttpResponse(decodeResult: success, version: HTTP/1.1)
HTTP/1.1 200 OK
Content-Type: application/json; charset=utf-8
cache-control: no-cache
content-length: 14

20:36:58.724 [AsyncHttpClient-1-2] DEBUG org.asynchttpclient.netty.channel.ChannelManager - Adding key: http://localhost:54444 for channel [id: 0x82d952ab, L:/127.0.0.1:49412 - R:localhost/127.0.0.1:54444]
20:36:58.731 [Forwarding setTimeout on session 85cfb0f85cdacdeb20b9873b44ca45a8 to remote] DEBUG org.asynchttpclient.netty.request.NettyRequestSender - Using pooled Channel '[id: 0x82d952ab, L:/127.0.0.1:49412 - R:localhost/127.0.0.1:54444]' for 'POST' to 'http://localhost:54444/session/85cfb0f85cdacdeb20b9873b44ca45a8/timeouts'
20:36:58.732 [Forwarding setTimeout on session 85cfb0f85cdacdeb20b9873b44ca45a8 to remote] DEBUG org.asynchttpclient.netty.request.NettyRequestSender - Using open Channel [id: 0x82d952ab, L:/127.0.0.1:49412 - R:localhost/127.0.0.1:54444] for POST '/session/85cfb0f85cdacdeb20b9873b44ca45a8/timeouts'
20:36:58.734 [AsyncHttpClient-1-2] DEBUG org.asynchttpclient.netty.handler.HttpHandler - 

Request DefaultHttpRequest(decodeResult: success, version: HTTP/1.1)
POST /session/85cfb0f85cdacdeb20b9873b44ca45a8/timeouts HTTP/1.1
User-Agent: selenium/4.1.2 (java windows)
Content-Length: 22
Content-Type: application/json; charset=utf-8
host: localhost:54444
accept: */*

Response DefaultHttpResponse(decodeResult: success, version: HTTP/1.1)
HTTP/1.1 200 OK
Content-Type: application/json; charset=utf-8
cache-control: no-cache
content-length: 14

20:36:58.734 [AsyncHttpClient-1-2] DEBUG org.asynchttpclient.netty.channel.ChannelManager - Adding key: http://localhost:54444 for channel [id: 0x82d952ab, L:/127.0.0.1:49412 - R:localhost/127.0.0.1:54444]
20:36:58.739 [Forwarding getCurrentUrl on session 85cfb0f85cdacdeb20b9873b44ca45a8 to remote] DEBUG org.asynchttpclient.netty.request.NettyRequestSender - Using pooled Channel '[id: 0x82d952ab, L:/127.0.0.1:49412 - R:localhost/127.0.0.1:54444]' for 'GET' to 'http://localhost:54444/session/85cfb0f85cdacdeb20b9873b44ca45a8/url'
20:36:58.739 [Forwarding getCurrentUrl on session 85cfb0f85cdacdeb20b9873b44ca45a8 to remote] DEBUG org.asynchttpclient.netty.request.NettyRequestSender - Using open Channel [id: 0x82d952ab, L:/127.0.0.1:49412 - R:localhost/127.0.0.1:54444] for GET '/session/85cfb0f85cdacdeb20b9873b44ca45a8/url'
20:36:58.745 [AsyncHttpClient-1-2] DEBUG org.asynchttpclient.netty.handler.HttpHandler - 

Request DefaultFullHttpRequest(decodeResult: success, version: HTTP/1.1, content: EmptyByteBufBE)
GET /session/85cfb0f85cdacdeb20b9873b44ca45a8/url HTTP/1.1
User-Agent: selenium/4.1.2 (java windows)
Cache-Control: no-cache
Content-Type: application/json; charset=utf-8
host: localhost:54444
accept: */*

Response DefaultHttpResponse(decodeResult: success, version: HTTP/1.1)
HTTP/1.1 200 OK
Content-Type: application/json; charset=utf-8
cache-control: no-cache
content-length: 41

20:36:58.745 [AsyncHttpClient-1-2] DEBUG org.asynchttpclient.netty.channel.ChannelManager - Adding key: http://localhost:54444 for channel [id: 0x82d952ab, L:/127.0.0.1:49412 - R:localhost/127.0.0.1:54444]
  &amp#27;[32mGiven &amp#27;[0m&amp#27;[32mI open homepage url&amp#27;[0m               &amp#27;[90m# starter.stepdefinitions.CartSteps.iOpenHomepageUrl()&amp#27;[0m
20:36:58.781 [main] DEBUG net.serenitybdd.core.photography.Darkroom - Opening darkroom
20:36:58.782 [Darkroom Processing Line] DEBUG net.serenitybdd.core.photography.DarkroomProcessingLine - Darkroom processing line starting up
20:36:58.783 [Forwarding screenshot on session 85cfb0f85cdacdeb20b9873b44ca45a8 to remote] DEBUG org.asynchttpclient.netty.request.NettyRequestSender - Using pooled Channel '[id: 0x82d952ab, L:/127.0.0.1:49412 - R:localhost/127.0.0.1:54444]' for 'GET' to 'http://localhost:54444/session/85cfb0f85cdacdeb20b9873b44ca45a8/screenshot'
20:36:58.783 [Forwarding screenshot on session 85cfb0f85cdacdeb20b9873b44ca45a8 to remote] DEBUG org.asynchttpclient.netty.request.NettyRequestSender - Using open Channel [id: 0x82d952ab, L:/127.0.0.1:49412 - R:localhost/127.0.0.1:54444] for GET '/session/85cfb0f85cdacdeb20b9873b44ca45a8/screenshot'
20:36:59.290 [AsyncHttpClient-1-2] DEBUG org.asynchttpclient.netty.handler.HttpHandler - 

Request DefaultFullHttpRequest(decodeResult: success, version: HTTP/1.1, content: EmptyByteBufBE)
GET /session/85cfb0f85cdacdeb20b9873b44ca45a8/screenshot HTTP/1.1
User-Agent: selenium/4.1.2 (java windows)
Cache-Control: no-cache
Content-Type: application/json; charset=utf-8
host: localhost:54444
accept: */*

Response DefaultHttpResponse(decodeResult: success, version: HTTP/1.1)
HTTP/1.1 200 OK
Content-Type: application/json; charset=utf-8
cache-control: no-cache
content-length: 45904

20:36:59.292 [AsyncHttpClient-1-2] DEBUG org.asynchttpclient.netty.channel.ChannelManager - Adding key: http://localhost:54444 for channel [id: 0x82d952ab, L:/127.0.0.1:49412 - R:localhost/127.0.0.1:54444]
20:36:59.401 [main] DEBUG net.serenitybdd.core.photography.Darkroom - Send negative for processing for target\site\serenity\c1590d4614ffb938f1612e6aa09ced0fc7a1154b9b7c1df28572ea8aa8bb2182.png
20:36:59.402 [Darkroom Processing Line] DEBUG net.serenitybdd.core.photography.DarkroomProcessingLine - Processing screenshot image in /var/screenshots/screenshot-16978221281384599720
20:36:59.402 [Darkroom Processing Line] DEBUG net.serenitybdd.core.photography.DarkroomProcessingLine - Saving screenshot to target\site\serenity\c1590d4614ffb938f1612e6aa09ced0fc7a1154b9b7c1df28572ea8aa8bb2182.png
20:36:59.431 [Forwarding findElement on session 85cfb0f85cdacdeb20b9873b44ca45a8 to remote] DEBUG org.asynchttpclient.netty.request.NettyRequestSender - Using pooled Channel '[id: 0x82d952ab, L:/127.0.0.1:49412 - R:localhost/127.0.0.1:54444]' for 'POST' to 'http://localhost:54444/session/85cfb0f85cdacdeb20b9873b44ca45a8/element'
20:36:59.432 [Forwarding findElement on session 85cfb0f85cdacdeb20b9873b44ca45a8 to remote] DEBUG org.asynchttpclient.netty.request.NettyRequestSender - Using open Channel [id: 0x82d952ab, L:/127.0.0.1:49412 - R:localhost/127.0.0.1:54444] for POST '/session/85cfb0f85cdacdeb20b9873b44ca45a8/element'
20:36:59.579 [AsyncHttpClient-1-1] DEBUG org.asynchttpclient.netty.channel.DefaultChannelPool - Entry count for : http://localhost:49413 : 1
20:37:00.679 [AsyncHttpClient-1-1] DEBUG org.asynchttpclient.netty.channel.DefaultChannelPool - Entry count for : http://localhost:49413 : 1
20:37:01.312 [AsyncHttpClient-1-2] DEBUG org.asynchttpclient.netty.handler.HttpHandler - 

Request DefaultHttpRequest(decodeResult: success, version: HTTP/1.1)
POST /session/85cfb0f85cdacdeb20b9873b44ca45a8/element HTTP/1.1
User-Agent: selenium/4.1.2 (java windows)
Content-Length: 85
Content-Type: application/json; charset=utf-8
host: localhost:54444
accept: */*

Response DefaultHttpResponse(decodeResult: success, version: HTTP/1.1)
HTTP/1.1 200 OK
Content-Type: application/json; charset=utf-8
cache-control: no-cache
content-length: 88

20:37:01.313 [AsyncHttpClient-1-2] DEBUG org.asynchttpclient.netty.channel.ChannelManager - Adding key: http://localhost:54444 for channel [id: 0x82d952ab, L:/127.0.0.1:49412 - R:localhost/127.0.0.1:54444]
20:37:01.318 [Forwarding getElementTagName on session 85cfb0f85cdacdeb20b9873b44ca45a8 to remote] DEBUG org.asynchttpclient.netty.request.NettyRequestSender - Using pooled Channel '[id: 0x82d952ab, L:/127.0.0.1:49412 - R:localhost/127.0.0.1:54444]' for 'GET' to 'http://localhost:54444/session/85cfb0f85cdacdeb20b9873b44ca45a8/element/b90056b5-8f44-4ff1-9f8d-f3ebeafaecfb/name'
20:37:01.318 [Forwarding getElementTagName on session 85cfb0f85cdacdeb20b9873b44ca45a8 to remote] DEBUG org.asynchttpclient.netty.request.NettyRequestSender - Using open Channel [id: 0x82d952ab, L:/127.0.0.1:49412 - R:localhost/127.0.0.1:54444] for GET '/session/85cfb0f85cdacdeb20b9873b44ca45a8/element/b90056b5-8f44-4ff1-9f8d-f3ebeafaecfb/name'
20:37:01.326 [AsyncHttpClient-1-2] DEBUG org.asynchttpclient.netty.handler.HttpHandler - 

Request DefaultFullHttpRequest(decodeResult: success, version: HTTP/1.1, content: EmptyByteBufBE)
GET /session/85cfb0f85cdacdeb20b9873b44ca45a8/element/b90056b5-8f44-4ff1-9f8d-f3ebeafaecfb/name HTTP/1.1
User-Agent: selenium/4.1.2 (java windows)
Cache-Control: no-cache
Content-Type: application/json; charset=utf-8
host: localhost:54444
accept: */*

Response DefaultHttpResponse(decodeResult: success, version: HTTP/1.1)
HTTP/1.1 200 OK
Content-Type: application/json; charset=utf-8
cache-control: no-cache
content-length: 16

20:37:01.327 [AsyncHttpClient-1-2] DEBUG org.asynchttpclient.netty.channel.ChannelManager - Adding key: http://localhost:54444 for channel [id: 0x82d952ab, L:/127.0.0.1:49412 - R:localhost/127.0.0.1:54444]
20:37:01.331 [Forwarding getElementTagName on session 85cfb0f85cdacdeb20b9873b44ca45a8 to remote] DEBUG org.asynchttpclient.netty.request.NettyRequestSender - Using pooled Channel '[id: 0x82d952ab, L:/127.0.0.1:49412 - R:localhost/127.0.0.1:54444]' for 'GET' to 'http://localhost:54444/session/85cfb0f85cdacdeb20b9873b44ca45a8/element/b90056b5-8f44-4ff1-9f8d-f3ebeafaecfb/name'
20:37:01.331 [Forwarding getElementTagName on session 85cfb0f85cdacdeb20b9873b44ca45a8 to remote] DEBUG org.asynchttpclient.netty.request.NettyRequestSender - Using open Channel [id: 0x82d952ab, L:/127.0.0.1:49412 - R:localhost/127.0.0.1:54444] for GET '/session/85cfb0f85cdacdeb20b9873b44ca45a8/element/b90056b5-8f44-4ff1-9f8d-f3ebeafaecfb/name'
20:37:01.336 [AsyncHttpClient-1-2] DEBUG org.asynchttpclient.netty.handler.HttpHandler - 

Request DefaultFullHttpRequest(decodeResult: success, version: HTTP/1.1, content: EmptyByteBufBE)
GET /session/85cfb0f85cdacdeb20b9873b44ca45a8/element/b90056b5-8f44-4ff1-9f8d-f3ebeafaecfb/name HTTP/1.1
User-Agent: selenium/4.1.2 (java windows)
Cache-Control: no-cache
Content-Type: application/json; charset=utf-8
host: localhost:54444
accept: */*

Response DefaultHttpResponse(decodeResult: success, version: HTTP/1.1)
HTTP/1.1 200 OK
Content-Type: application/json; charset=utf-8
cache-control: no-cache
content-length: 16

20:37:01.337 [AsyncHttpClient-1-2] DEBUG org.asynchttpclient.netty.channel.ChannelManager - Adding key: http://localhost:54444 for channel [id: 0x82d952ab, L:/127.0.0.1:49412 - R:localhost/127.0.0.1:54444]
20:37:01.344 [Forwarding findElement on session 85cfb0f85cdacdeb20b9873b44ca45a8 to remote] DEBUG org.asynchttpclient.netty.request.NettyRequestSender - Using pooled Channel '[id: 0x82d952ab, L:/127.0.0.1:49412 - R:localhost/127.0.0.1:54444]' for 'POST' to 'http://localhost:54444/session/85cfb0f85cdacdeb20b9873b44ca45a8/element'
20:37:01.344 [Forwarding findElement on session 85cfb0f85cdacdeb20b9873b44ca45a8 to remote] DEBUG org.asynchttpclient.netty.request.NettyRequestSender - Using open Channel [id: 0x82d952ab, L:/127.0.0.1:49412 - R:localhost/127.0.0.1:54444] for POST '/session/85cfb0f85cdacdeb20b9873b44ca45a8/element'
20:37:01.361 [AsyncHttpClient-1-2] DEBUG org.asynchttpclient.netty.handler.HttpHandler - 

Request DefaultHttpRequest(decodeResult: success, version: HTTP/1.1)
POST /session/85cfb0f85cdacdeb20b9873b44ca45a8/element HTTP/1.1
User-Agent: selenium/4.1.2 (java windows)
Content-Length: 85
Content-Type: application/json; charset=utf-8
host: localhost:54444
accept: */*

Response DefaultHttpResponse(decodeResult: success, version: HTTP/1.1)
HTTP/1.1 200 OK
Content-Type: application/json; charset=utf-8
cache-control: no-cache
content-length: 88

20:37:01.362 [AsyncHttpClient-1-2] DEBUG org.asynchttpclient.netty.channel.ChannelManager - Adding key: http://localhost:54444 for channel [id: 0x82d952ab, L:/127.0.0.1:49412 - R:localhost/127.0.0.1:54444]
20:37:01.368 [Forwarding clickElement on session 85cfb0f85cdacdeb20b9873b44ca45a8 to remote] DEBUG org.asynchttpclient.netty.request.NettyRequestSender - Using pooled Channel '[id: 0x82d952ab, L:/127.0.0.1:49412 - R:localhost/127.0.0.1:54444]' for 'POST' to 'http://localhost:54444/session/85cfb0f85cdacdeb20b9873b44ca45a8/element/b90056b5-8f44-4ff1-9f8d-f3ebeafaecfb/click'
20:37:01.368 [Forwarding clickElement on session 85cfb0f85cdacdeb20b9873b44ca45a8 to remote] DEBUG org.asynchttpclient.netty.request.NettyRequestSender - Using open Channel [id: 0x82d952ab, L:/127.0.0.1:49412 - R:localhost/127.0.0.1:54444] for POST '/session/85cfb0f85cdacdeb20b9873b44ca45a8/element/b90056b5-8f44-4ff1-9f8d-f3ebeafaecfb/click'
20:37:01.456 [AsyncHttpClient-1-2] DEBUG org.asynchttpclient.netty.handler.HttpHandler - 

Request DefaultHttpRequest(decodeResult: success, version: HTTP/1.1)
POST /session/85cfb0f85cdacdeb20b9873b44ca45a8/element/b90056b5-8f44-4ff1-9f8d-f3ebeafaecfb/click HTTP/1.1
User-Agent: selenium/4.1.2 (java windows)
Content-Length: 50
Content-Type: application/json; charset=utf-8
host: localhost:54444
accept: */*

Response DefaultHttpResponse(decodeResult: success, version: HTTP/1.1)
HTTP/1.1 200 OK
Content-Type: application/json; charset=utf-8
cache-control: no-cache
content-length: 14

20:37:01.456 [AsyncHttpClient-1-2] DEBUG org.asynchttpclient.netty.channel.ChannelManager - Adding key: http://localhost:54444 for channel [id: 0x82d952ab, L:/127.0.0.1:49412 - R:localhost/127.0.0.1:54444]
  &amp#27;[32mWhen &amp#27;[0m&amp#27;[32mI buy product&amp#27;[0m                      &amp#27;[90m# starter.stepdefinitions.CartSteps.iBuyProduct()&amp#27;[0m
20:37:01.470 [Forwarding screenshot on session 85cfb0f85cdacdeb20b9873b44ca45a8 to remote] DEBUG org.asynchttpclient.netty.request.NettyRequestSender - Using pooled Channel '[id: 0x82d952ab, L:/127.0.0.1:49412 - R:localhost/127.0.0.1:54444]' for 'GET' to 'http://localhost:54444/session/85cfb0f85cdacdeb20b9873b44ca45a8/screenshot'
20:37:01.470 [Forwarding screenshot on session 85cfb0f85cdacdeb20b9873b44ca45a8 to remote] DEBUG org.asynchttpclient.netty.request.NettyRequestSender - Using open Channel [id: 0x82d952ab, L:/127.0.0.1:49412 - R:localhost/127.0.0.1:54444] for GET '/session/85cfb0f85cdacdeb20b9873b44ca45a8/screenshot'
20:37:01.749 [AsyncHttpClient-1-2] DEBUG org.asynchttpclient.netty.handler.HttpHandler - 

Request DefaultFullHttpRequest(decodeResult: success, version: HTTP/1.1, content: EmptyByteBufBE)
GET /session/85cfb0f85cdacdeb20b9873b44ca45a8/screenshot HTTP/1.1
User-Agent: selenium/4.1.2 (java windows)
Cache-Control: no-cache
Content-Type: application/json; charset=utf-8
host: localhost:54444
accept: */*

Response DefaultHttpResponse(decodeResult: success, version: HTTP/1.1)
HTTP/1.1 200 OK
Content-Type: application/json; charset=utf-8
cache-control: no-cache
content-length: 77668

20:37:01.751 [AsyncHttpClient-1-2] DEBUG org.asynchttpclient.netty.channel.ChannelManager - Adding key: http://localhost:54444 for channel [id: 0x82d952ab, L:/127.0.0.1:49412 - R:localhost/127.0.0.1:54444]
20:37:01.756 [main] DEBUG net.serenitybdd.core.photography.Darkroom - Send negative for processing for target\site\serenity\3e8dedae7cd4444f11f19dbbf404878840b799991592e1aac9345771ba033b53.png
20:37:01.757 [Darkroom Processing Line] DEBUG net.serenitybdd.core.photography.DarkroomProcessingLine - Processing screenshot image in /var/screenshots/screenshot-8976544395796332838
20:37:01.757 [Darkroom Processing Line] DEBUG net.serenitybdd.core.photography.DarkroomProcessingLine - Saving screenshot to target\site\serenity\3e8dedae7cd4444f11f19dbbf404878840b799991592e1aac9345771ba033b53.png
20:37:01.778 [Forwarding findElement on session 85cfb0f85cdacdeb20b9873b44ca45a8 to remote] DEBUG org.asynchttpclient.netty.request.NettyRequestSender - Using pooled Channel '[id: 0x82d952ab, L:/127.0.0.1:49412 - R:localhost/127.0.0.1:54444]' for 'POST' to 'http://localhost:54444/session/85cfb0f85cdacdeb20b9873b44ca45a8/element'
20:37:01.778 [Forwarding findElement on session 85cfb0f85cdacdeb20b9873b44ca45a8 to remote] DEBUG org.asynchttpclient.netty.request.NettyRequestSender - Using open Channel [id: 0x82d952ab, L:/127.0.0.1:49412 - R:localhost/127.0.0.1:54444] for POST '/session/85cfb0f85cdacdeb20b9873b44ca45a8/element'
20:37:01.787 [AsyncHttpClient-1-1] DEBUG org.asynchttpclient.netty.channel.DefaultChannelPool - Entry count for : http://localhost:49413 : 1
20:37:01.797 [AsyncHttpClient-1-2] DEBUG org.asynchttpclient.netty.handler.HttpHandler - 

Request DefaultHttpRequest(decodeResult: success, version: HTTP/1.1)
POST /session/85cfb0f85cdacdeb20b9873b44ca45a8/element HTTP/1.1
User-Agent: selenium/4.1.2 (java windows)
Content-Length: 88
Content-Type: application/json; charset=utf-8
host: localhost:54444
accept: */*

Response DefaultHttpResponse(decodeResult: success, version: HTTP/1.1)
HTTP/1.1 200 OK
Content-Type: application/json; charset=utf-8
cache-control: no-cache
content-length: 88

20:37:01.798 [AsyncHttpClient-1-2] DEBUG org.asynchttpclient.netty.channel.ChannelManager - Adding key: http://localhost:54444 for channel [id: 0x82d952ab, L:/127.0.0.1:49412 - R:localhost/127.0.0.1:54444]
20:37:01.800 [Forwarding getElementTagName on session 85cfb0f85cdacdeb20b9873b44ca45a8 to remote] DEBUG org.asynchttpclient.netty.request.NettyRequestSender - Using pooled Channel '[id: 0x82d952ab, L:/127.0.0.1:49412 - R:localhost/127.0.0.1:54444]' for 'GET' to 'http://localhost:54444/session/85cfb0f85cdacdeb20b9873b44ca45a8/element/1df049d1-e578-422a-be06-d023cee45b2e/name'
20:37:01.800 [Forwarding getElementTagName on session 85cfb0f85cdacdeb20b9873b44ca45a8 to remote] DEBUG org.asynchttpclient.netty.request.NettyRequestSender - Using open Channel [id: 0x82d952ab, L:/127.0.0.1:49412 - R:localhost/127.0.0.1:54444] for GET '/session/85cfb0f85cdacdeb20b9873b44ca45a8/element/1df049d1-e578-422a-be06-d023cee45b2e/name'
20:37:01.805 [AsyncHttpClient-1-2] DEBUG org.asynchttpclient.netty.handler.HttpHandler - 

Request DefaultFullHttpRequest(decodeResult: success, version: HTTP/1.1, content: EmptyByteBufBE)
GET /session/85cfb0f85cdacdeb20b9873b44ca45a8/element/1df049d1-e578-422a-be06-d023cee45b2e/name HTTP/1.1
User-Agent: selenium/4.1.2 (java windows)
Cache-Control: no-cache
Content-Type: application/json; charset=utf-8
host: localhost:54444
accept: */*

Response DefaultHttpResponse(decodeResult: success, version: HTTP/1.1)
HTTP/1.1 200 OK
Content-Type: application/json; charset=utf-8
cache-control: no-cache
content-length: 13

20:37:01.805 [AsyncHttpClient-1-2] DEBUG org.asynchttpclient.netty.channel.ChannelManager - Adding key: http://localhost:54444 for channel [id: 0x82d952ab, L:/127.0.0.1:49412 - R:localhost/127.0.0.1:54444]
20:37:01.809 [Forwarding getElementTagName on session 85cfb0f85cdacdeb20b9873b44ca45a8 to remote] DEBUG org.asynchttpclient.netty.request.NettyRequestSender - Using pooled Channel '[id: 0x82d952ab, L:/127.0.0.1:49412 - R:localhost/127.0.0.1:54444]' for 'GET' to 'http://localhost:54444/session/85cfb0f85cdacdeb20b9873b44ca45a8/element/1df049d1-e578-422a-be06-d023cee45b2e/name'
20:37:01.810 [Forwarding getElementTagName on session 85cfb0f85cdacdeb20b9873b44ca45a8 to remote] DEBUG org.asynchttpclient.netty.request.NettyRequestSender - Using open Channel [id: 0x82d952ab, L:/127.0.0.1:49412 - R:localhost/127.0.0.1:54444] for GET '/session/85cfb0f85cdacdeb20b9873b44ca45a8/element/1df049d1-e578-422a-be06-d023cee45b2e/name'
20:37:01.815 [AsyncHttpClient-1-2] DEBUG org.asynchttpclient.netty.handler.HttpHandler - 

Request DefaultFullHttpRequest(decodeResult: success, version: HTTP/1.1, content: EmptyByteBufBE)
GET /session/85cfb0f85cdacdeb20b9873b44ca45a8/element/1df049d1-e578-422a-be06-d023cee45b2e/name HTTP/1.1
User-Agent: selenium/4.1.2 (java windows)
Cache-Control: no-cache
Content-Type: application/json; charset=utf-8
host: localhost:54444
accept: */*

Response DefaultHttpResponse(decodeResult: success, version: HTTP/1.1)
HTTP/1.1 200 OK
Content-Type: application/json; charset=utf-8
cache-control: no-cache
content-length: 13

20:37:01.815 [AsyncHttpClient-1-2] DEBUG org.asynchttpclient.netty.channel.ChannelManager - Adding key: http://localhost:54444 for channel [id: 0x82d952ab, L:/127.0.0.1:49412 - R:localhost/127.0.0.1:54444]
20:37:01.820 [Forwarding findElement on session 85cfb0f85cdacdeb20b9873b44ca45a8 to remote] DEBUG org.asynchttpclient.netty.request.NettyRequestSender - Using pooled Channel '[id: 0x82d952ab, L:/127.0.0.1:49412 - R:localhost/127.0.0.1:54444]' for 'POST' to 'http://localhost:54444/session/85cfb0f85cdacdeb20b9873b44ca45a8/element'
20:37:01.820 [Forwarding findElement on session 85cfb0f85cdacdeb20b9873b44ca45a8 to remote] DEBUG org.asynchttpclient.netty.request.NettyRequestSender - Using open Channel [id: 0x82d952ab, L:/127.0.0.1:49412 - R:localhost/127.0.0.1:54444] for POST '/session/85cfb0f85cdacdeb20b9873b44ca45a8/element'
20:37:01.830 [AsyncHttpClient-1-2] DEBUG org.asynchttpclient.netty.handler.HttpHandler - 

Request DefaultHttpRequest(decodeResult: success, version: HTTP/1.1)
POST /session/85cfb0f85cdacdeb20b9873b44ca45a8/element HTTP/1.1
User-Agent: selenium/4.1.2 (java windows)
Content-Length: 88
Content-Type: application/json; charset=utf-8
host: localhost:54444
accept: */*

Response DefaultHttpResponse(decodeResult: success, version: HTTP/1.1)
HTTP/1.1 200 OK
Content-Type: application/json; charset=utf-8
cache-control: no-cache
content-length: 88

20:37:01.831 [AsyncHttpClient-1-2] DEBUG org.asynchttpclient.netty.channel.ChannelManager - Adding key: http://localhost:54444 for channel [id: 0x82d952ab, L:/127.0.0.1:49412 - R:localhost/127.0.0.1:54444]
20:37:01.833 [Forwarding clickElement on session 85cfb0f85cdacdeb20b9873b44ca45a8 to remote] DEBUG org.asynchttpclient.netty.request.NettyRequestSender - Using pooled Channel '[id: 0x82d952ab, L:/127.0.0.1:49412 - R:localhost/127.0.0.1:54444]' for 'POST' to 'http://localhost:54444/session/85cfb0f85cdacdeb20b9873b44ca45a8/element/1df049d1-e578-422a-be06-d023cee45b2e/click'
20:37:01.833 [Forwarding clickElement on session 85cfb0f85cdacdeb20b9873b44ca45a8 to remote] DEBUG org.asynchttpclient.netty.request.NettyRequestSender - Using open Channel [id: 0x82d952ab, L:/127.0.0.1:49412 - R:localhost/127.0.0.1:54444] for POST '/session/85cfb0f85cdacdeb20b9873b44ca45a8/element/1df049d1-e578-422a-be06-d023cee45b2e/click'
20:37:01.884 [AsyncHttpClient-1-2] DEBUG org.asynchttpclient.netty.handler.HttpHandler - 

Request DefaultHttpRequest(decodeResult: success, version: HTTP/1.1)
POST /session/85cfb0f85cdacdeb20b9873b44ca45a8/element/1df049d1-e578-422a-be06-d023cee45b2e/click HTTP/1.1
User-Agent: selenium/4.1.2 (java windows)
Content-Length: 50
Content-Type: application/json; charset=utf-8
host: localhost:54444
accept: */*

Response DefaultHttpResponse(decodeResult: success, version: HTTP/1.1)
HTTP/1.1 200 OK
Content-Type: application/json; charset=utf-8
cache-control: no-cache
content-length: 14

20:37:01.884 [AsyncHttpClient-1-2] DEBUG org.asynchttpclient.netty.channel.ChannelManager - Adding key: http://localhost:54444 for channel [id: 0x82d952ab, L:/127.0.0.1:49412 - R:localhost/127.0.0.1:54444]
  &amp#27;[32mAnd &amp#27;[0m&amp#27;[32mI click cart logo&amp#27;[0m                   &amp#27;[90m# starter.stepdefinitions.CartSteps.iClickCartLogo()&amp#27;[0m
20:37:01.902 [Forwarding screenshot on session 85cfb0f85cdacdeb20b9873b44ca45a8 to remote] DEBUG org.asynchttpclient.netty.request.NettyRequestSender - Using pooled Channel '[id: 0x82d952ab, L:/127.0.0.1:49412 - R:localhost/127.0.0.1:54444]' for 'GET' to 'http://localhost:54444/session/85cfb0f85cdacdeb20b9873b44ca45a8/screenshot'
20:37:01.902 [Forwarding screenshot on session 85cfb0f85cdacdeb20b9873b44ca45a8 to remote] DEBUG org.asynchttpclient.netty.request.NettyRequestSender - Using open Channel [id: 0x82d952ab, L:/127.0.0.1:49412 - R:localhost/127.0.0.1:54444] for GET '/session/85cfb0f85cdacdeb20b9873b44ca45a8/screenshot'
20:37:02.417 [AsyncHttpClient-1-2] DEBUG org.asynchttpclient.netty.handler.HttpHandler - 

Request DefaultFullHttpRequest(decodeResult: success, version: HTTP/1.1, content: EmptyByteBufBE)
GET /session/85cfb0f85cdacdeb20b9873b44ca45a8/screenshot HTTP/1.1
User-Agent: selenium/4.1.2 (java windows)
Cache-Control: no-cache
Content-Type: application/json; charset=utf-8
host: localhost:54444
accept: */*

Response DefaultHttpResponse(decodeResult: success, version: HTTP/1.1)
HTTP/1.1 200 OK
Content-Type: application/json; charset=utf-8
cache-control: no-cache
content-length: 47328

20:37:02.418 [AsyncHttpClient-1-2] DEBUG org.asynchttpclient.netty.channel.ChannelManager - Adding key: http://localhost:54444 for channel [id: 0x82d952ab, L:/127.0.0.1:49412 - R:localhost/127.0.0.1:54444]
20:37:02.421 [main] DEBUG net.serenitybdd.core.photography.Darkroom - Send negative for processing for target\site\serenity\2c5193bd589634ae78037958a369fc4b6bea117810468deb1b803e3dd792b92b.png
20:37:02.421 [Darkroom Processing Line] DEBUG net.serenitybdd.core.photography.DarkroomProcessingLine - Processing screenshot image in /var/screenshots/screenshot-17843697060650609192
20:37:02.422 [Darkroom Processing Line] DEBUG net.serenitybdd.core.photography.DarkroomProcessingLine - Saving screenshot to target\site\serenity\2c5193bd589634ae78037958a369fc4b6bea117810468deb1b803e3dd792b92b.png
20:37:02.433 [Forwarding findElement on session 85cfb0f85cdacdeb20b9873b44ca45a8 to remote] DEBUG org.asynchttpclient.netty.request.NettyRequestSender - Using pooled Channel '[id: 0x82d952ab, L:/127.0.0.1:49412 - R:localhost/127.0.0.1:54444]' for 'POST' to 'http://localhost:54444/session/85cfb0f85cdacdeb20b9873b44ca45a8/element'
20:37:02.433 [Forwarding findElement on session 85cfb0f85cdacdeb20b9873b44ca45a8 to remote] DEBUG org.asynchttpclient.netty.request.NettyRequestSender - Using open Channel [id: 0x82d952ab, L:/127.0.0.1:49412 - R:localhost/127.0.0.1:54444] for POST '/session/85cfb0f85cdacdeb20b9873b44ca45a8/element'
20:37:02.451 [AsyncHttpClient-1-2] DEBUG org.asynchttpclient.netty.handler.HttpHandler - 

Request DefaultHttpRequest(decodeResult: success, version: HTTP/1.1)
POST /session/85cfb0f85cdacdeb20b9873b44ca45a8/element HTTP/1.1
User-Agent: selenium/4.1.2 (java windows)
Content-Length: 89
Content-Type: application/json; charset=utf-8
host: localhost:54444
accept: */*

Response DefaultHttpResponse(decodeResult: success, version: HTTP/1.1)
HTTP/1.1 200 OK
Content-Type: application/json; charset=utf-8
cache-control: no-cache
content-length: 88

20:37:02.451 [AsyncHttpClient-1-2] DEBUG org.asynchttpclient.netty.channel.ChannelManager - Adding key: http://localhost:54444 for channel [id: 0x82d952ab, L:/127.0.0.1:49412 - R:localhost/127.0.0.1:54444]
20:37:02.466 [Forwarding isElementDisplayed on session 85cfb0f85cdacdeb20b9873b44ca45a8 to remote] DEBUG org.asynchttpclient.netty.request.NettyRequestSender - Using pooled Channel '[id: 0x82d952ab, L:/127.0.0.1:49412 - R:localhost/127.0.0.1:54444]' for 'POST' to 'http://localhost:54444/session/85cfb0f85cdacdeb20b9873b44ca45a8/execute/sync'
20:37:02.466 [Forwarding isElementDisplayed on session 85cfb0f85cdacdeb20b9873b44ca45a8 to remote] DEBUG org.asynchttpclient.netty.request.NettyRequestSender - Using open Channel [id: 0x82d952ab, L:/127.0.0.1:49412 - R:localhost/127.0.0.1:54444] for POST '/session/85cfb0f85cdacdeb20b9873b44ca45a8/execute/sync'
20:37:02.490 [AsyncHttpClient-1-2] DEBUG org.asynchttpclient.netty.handler.HttpHandler - 

Request DefaultHttpRequest(decodeResult: success, version: HTTP/1.1)
POST /session/85cfb0f85cdacdeb20b9873b44ca45a8/execute/sync HTTP/1.1
User-Agent: selenium/4.1.2 (java windows)
Content-Length: 48780
Content-Type: application/json; charset=utf-8
host: localhost:54444
accept: */*

Response DefaultHttpResponse(decodeResult: success, version: HTTP/1.1)
HTTP/1.1 200 OK
Content-Type: application/json; charset=utf-8
cache-control: no-cache
content-length: 14

20:37:02.491 [AsyncHttpClient-1-2] DEBUG org.asynchttpclient.netty.channel.ChannelManager - Adding key: http://localhost:54444 for channel [id: 0x82d952ab, L:/127.0.0.1:49412 - R:localhost/127.0.0.1:54444]
  &amp#27;[32mThen &amp#27;[0m&amp#27;[32mI see my cart filled with products&amp#27;[0m &amp#27;[90m# starter.stepdefinitions.CartSteps.iSeeMyCartFilledWithProducts()&amp#27;[0m
20:37:02.501 [Forwarding screenshot on session 85cfb0f85cdacdeb20b9873b44ca45a8 to remote] DEBUG org.asynchttpclient.netty.request.NettyRequestSender - Using pooled Channel '[id: 0x82d952ab, L:/127.0.0.1:49412 - R:localhost/127.0.0.1:54444]' for 'GET' to 'http://localhost:54444/session/85cfb0f85cdacdeb20b9873b44ca45a8/screenshot'
20:37:02.501 [Forwarding screenshot on session 85cfb0f85cdacdeb20b9873b44ca45a8 to remote] DEBUG org.asynchttpclient.netty.request.NettyRequestSender - Using open Channel [id: 0x82d952ab, L:/127.0.0.1:49412 - R:localhost/127.0.0.1:54444] for GET '/session/85cfb0f85cdacdeb20b9873b44ca45a8/screenshot'
20:37:02.666 [AsyncHttpClient-1-2] DEBUG org.asynchttpclient.netty.handler.HttpHandler - 

Request DefaultFullHttpRequest(decodeResult: success, version: HTTP/1.1, content: EmptyByteBufBE)
GET /session/85cfb0f85cdacdeb20b9873b44ca45a8/screenshot HTTP/1.1
User-Agent: selenium/4.1.2 (java windows)
Cache-Control: no-cache
Content-Type: application/json; charset=utf-8
host: localhost:54444
accept: */*

Response DefaultHttpResponse(decodeResult: success, version: HTTP/1.1)
HTTP/1.1 200 OK
Content-Type: application/json; charset=utf-8
cache-control: no-cache
content-length: 46856

20:37:02.666 [AsyncHttpClient-1-2] DEBUG org.asynchttpclient.netty.channel.ChannelManager - Adding key: http://localhost:54444 for channel [id: 0x82d952ab, L:/127.0.0.1:49412 - R:localhost/127.0.0.1:54444]
20:37:02.680 [main] DEBUG net.serenitybdd.core.photography.Darkroom - Send negative for processing for target\site\serenity\cf223c48293e200bc373918ede51d3bac9fbfa97b6b78180f391d7a673c594da.png
20:37:02.680 [Darkroom Processing Line] DEBUG net.serenitybdd.core.photography.DarkroomProcessingLine - Processing screenshot image in /var/screenshots/screenshot-13924981997757093098
20:37:02.680 [Darkroom Processing Line] DEBUG net.serenitybdd.core.photography.DarkroomProcessingLine - Saving screenshot to target\site\serenity\cf223c48293e200bc373918ede51d3bac9fbfa97b6b78180f391d7a673c594da.png
20:37:02.685 [main] INFO  - 
  _____   ___   ___   _____     ___     _     ___   ___   ___   ___  
 |_   _| | __| / __| |_   _|   | _ \   /_\   / __| / __| | __| |   \ 
   | |   | _|  \__ \   | |     |  _/  / _ \  \__ \ \__ \ | _|  | |) |
   |_|   |___| |___/   |_|     |_|   /_/ \_\ |___/ |___/ |___| |___/ 

View Cart Detail (filled)
----------------------------------------------------------------------
20:37:02.828 [Driver Command Executor] DEBUG org.asynchttpclient.netty.request.NettyRequestSender - Using pooled Channel '[id: 0x82d952ab, L:/127.0.0.1:49412 - R:localhost/127.0.0.1:54444]' for 'DELETE' to 'http://localhost:54444/session/85cfb0f85cdacdeb20b9873b44ca45a8'
20:37:02.828 [Driver Command Executor] DEBUG org.asynchttpclient.netty.request.NettyRequestSender - Using open Channel [id: 0x82d952ab, L:/127.0.0.1:49412 - R:localhost/127.0.0.1:54444] for DELETE '/session/85cfb0f85cdacdeb20b9873b44ca45a8'
20:37:02.830 [AsyncHttpClient-1-4] DEBUG org.asynchttpclient.netty.handler.WebSocketHandler - Channel Closed: [id: 0x985c750e, L:/127.0.0.1:49422 ! R:localhost/127.0.0.1:49413] with attribute NettyResponseFuture{currentRetry=5,
	isDone=1,
	isCancelled=0,
	asyncHandler=org.asynchttpclient.ws.WebSocketUpgradeHandler@70dda79a,
	nettyRequest=org.asynchttpclient.netty.request.NettyRequest@3aade633,
	future=java.util.concurrent.CompletableFuture@4bd4d3c2[Completed normally],
	uri=ws://localhost:49413/devtools/browser/6565cc92-96c8-4495-a64d-ad82673beb17,
	keepAlive=true,
	redirectCount=0,
	timeoutsHolder=null,
	inAuth=0,
	touch=1667223417516}
20:37:02.831 [AsyncHttpClient-1-4] DEBUG org.asynchttpclient.netty.channel.ChannelManager - Closing Channel [id: 0x985c750e, L:/127.0.0.1:49422 ! R:localhost/127.0.0.1:49413] 
20:37:02.883 [AsyncHttpClient-1-1] DEBUG org.asynchttpclient.netty.channel.DefaultChannelPool - Entry count for : http://localhost:49413 : 1
20:37:02.910 [AsyncHttpClient-1-3] DEBUG org.asynchttpclient.netty.handler.HttpHandler - Unexpected I/O exception on channel [id: 0xeb311acd, L:/127.0.0.1:49421 - R:localhost/127.0.0.1:49413]
java.net.SocketException: Connection reset
	at java.base/sun.nio.ch.SocketChannelImpl.throwConnectionReset(SocketChannelImpl.java:345)
	at java.base/sun.nio.ch.SocketChannelImpl.read(SocketChannelImpl.java:376)
	at io.netty.buffer.PooledByteBuf.setBytes(PooledByteBuf.java:258)
	at io.netty.buffer.AbstractByteBuf.writeBytes(AbstractByteBuf.java:1132)
	at io.netty.channel.socket.nio.NioSocketChannel.doReadBytes(NioSocketChannel.java:350)
	at io.netty.channel.nio.AbstractNioByteChannel$NioByteUnsafe.read(AbstractNioByteChannel.java:151)
	at io.netty.channel.nio.NioEventLoop.processSelectedKey(NioEventLoop.java:722)
	at io.netty.channel.nio.NioEventLoop.processSelectedKeysOptimized(NioEventLoop.java:658)
	at io.netty.channel.nio.NioEventLoop.processSelectedKeys(NioEventLoop.java:584)
	at io.netty.channel.nio.NioEventLoop.run(NioEventLoop.java:496)
	at io.netty.util.concurrent.SingleThreadEventExecutor$4.run(SingleThreadEventExecutor.java:986)
	at io.netty.util.internal.ThreadExecutorMap$2.run(ThreadExecutorMap.java:74)
	at io.netty.util.concurrent.FastThreadLocalRunnable.run(FastThreadLocalRunnable.java:30)
	at java.base/java.lang.Thread.run(Thread.java:830)
20:37:02.911 [AsyncHttpClient-1-3] DEBUG org.asynchttpclient.netty.channel.ChannelManager - Closing Channel [id: 0xeb311acd, L:/127.0.0.1:49421 - R:localhost/127.0.0.1:49413] 
20:37:02.915 [AsyncHttpClient-1-3] DEBUG org.asynchttpclient.netty.handler.HttpHandler - Channel Closed: [id: 0xeb311acd, L:/127.0.0.1:49421 ! R:localhost/127.0.0.1:49413] with attribute DISCARD
20:37:02.937 [AsyncHttpClient-1-2] DEBUG org.asynchttpclient.netty.handler.HttpHandler - 

Request DefaultFullHttpRequest(decodeResult: success, version: HTTP/1.1, content: EmptyByteBufBE)
DELETE /session/85cfb0f85cdacdeb20b9873b44ca45a8 HTTP/1.1
User-Agent: selenium/4.1.2 (java windows)
Content-Type: application/json; charset=utf-8
host: localhost:54444
accept: */*

Response DefaultHttpResponse(decodeResult: success, version: HTTP/1.1)
HTTP/1.1 200 OK
Content-Type: application/json; charset=utf-8
cache-control: no-cache
content-length: 14

20:37:02.937 [AsyncHttpClient-1-2] DEBUG org.asynchttpclient.netty.channel.ChannelManager - Adding key: http://localhost:54444 for channel [id: 0x82d952ab, L:/127.0.0.1:49412 - R:localhost/127.0.0.1:54444]
20:37:03.035 [AsyncHttpClient-1-2] DEBUG org.asynchttpclient.netty.handler.HttpHandler - Channel Closed: [id: 0x82d952ab, L:/127.0.0.1:49412 ! R:localhost/127.0.0.1:54444] with attribute DISCARD
]]></system-out>
    <system-err><![CDATA[Starting ChromeDriver 106.0.5249.61 (511755355844955cd3e264779baf0dd38212a4d0-refs/branch-heads/5249@{#569}) on port 54444
Only local connections are allowed.
Please see https://chromedriver.chromium.org/security-considerations for suggestions on keeping ChromeDriver safe.
ChromeDriver was started successfully.
[1667223417.135][WARNING]: This version of ChromeDriver has not been tested with Chrome version 107.
Oct 31, 2022 8:36:57 PM org.openqa.selenium.remote.ProtocolHandshake createSession
INFO: Detected dialect: W3C
Oct 31, 2022 8:36:57 PM org.openqa.selenium.devtools.CdpVersionFinder findNearestMatch
WARNING: Unable to find an exact match for CDP version 107, so returning the closest version found: a no-op implementation
Oct 31, 2022 8:36:57 PM org.openqa.selenium.devtools.CdpVersionFinder findNearestMatch
INFO: Unable to find CDP implementation matching 107.
Oct 31, 2022 8:36:57 PM org.openqa.selenium.chromium.ChromiumDriver lambda$new$3
WARNING: Unable to find version of CDP to use for . You may need to include a dependency on a specific version of the CDP using something similar to `org.seleniumhq.selenium:selenium-devtools-v86:4.1.2` where the version ("v86") matches the version of the chromium-based browser you're using and the version number of the artifact is the same as Selenium's.
]]></system-err>
  </testcase>
  <testcase name="View Cart Detail (empty)" classname="Manage Cart" time="5.313">
    <system-out><![CDATA[
@Cart
Scenario: View Cart Detail (empty) &amp#27;[90m# src/test/resources/features/Cart.feature:13&amp#27;[0m
20:37:03.581 [main] INFO io.cucumber.core.plugin.SerenityReporter - Running feature from file:///C:/Users/ASUS/Desktop/stupen/miniproject/Web/ASWeb/src/test/resources/features/Cart.feature
20:37:03.584 [main] INFO  - 
  _____   ___   ___   _____     ___   _____     _     ___   _____   ___   ___  
 |_   _| | __| / __| |_   _|   / __| |_   _|   /_\   | _ \ |_   _| | __| |   \ 
   | |   | _|  \__ \   | |     \__ \   | |    / _ \  |   /   | |   | _|  | |) |
   |_|   |___| |___/   |_|     |___/   |_|   /_/ \_\ |_|_\   |_|   |___| |___/ 

View Cart Detail (empty)(manage-cart;view-cart-detail-(empty))
--------------------------------------------------------------------------------
20:37:03.605 [main] INFO net.serenitybdd.core.webdriver.driverproviders.ChromeDriverProvider - Using automatically driver download
20:37:03.776 [main] DEBUG io.github.bonigarcia.wdm.cache.ResolutionCache - Resolution chrome=107 in cache (valid until 20:37:19 31/10/2022 WIB)
20:37:03.783 [main] DEBUG io.github.bonigarcia.wdm.cache.ResolutionCache - Resolution chrome107=107.0.5304.62 in cache (valid until 19:37:19 01/11/2022 WIB)
20:37:03.788 [main] INFO io.github.bonigarcia.wdm.WebDriverManager - Using chromedriver 107.0.5304.62 (resolved driver for Chrome 107)
20:37:03.808 [main] DEBUG io.github.bonigarcia.wdm.WebDriverManager - Driver chromedriver 107.0.5304.62 found in cache
20:37:03.810 [main] INFO io.github.bonigarcia.wdm.WebDriverManager - Exporting webdriver.chrome.driver as C:\Users\ASUS\.cache\selenium\chromedriver\win32\107.0.5304.62\chromedriver.exe
20:37:03.978 [AsyncHttpClient-1-1] DEBUG org.asynchttpclient.netty.channel.DefaultChannelPool - Entry count for : http://localhost:54444 : 1
20:37:03.978 [AsyncHttpClient-1-1] DEBUG org.asynchttpclient.netty.channel.DefaultChannelPool - Entry count for : http://localhost:49413 : 1
20:37:03.978 [AsyncHttpClient-1-1] DEBUG org.asynchttpclient.netty.channel.DefaultChannelPool - Adding Candidate expired Channel [id: 0x82d952ab, L:/127.0.0.1:49412 ! R:localhost/127.0.0.1:54444] isIdleTimeoutExpired=false isRemotelyClosed=true isTtlExpired=false
20:37:03.978 [AsyncHttpClient-1-1] DEBUG org.asynchttpclient.netty.channel.DefaultChannelPool - Closing Idle Channel [id: 0x82d952ab, L:/127.0.0.1:49412 ! R:localhost/127.0.0.1:54444]
20:37:03.978 [AsyncHttpClient-1-1] DEBUG org.asynchttpclient.netty.channel.DefaultChannelPool - Adding Candidate expired Channel [id: 0xeb311acd, L:/127.0.0.1:49421 ! R:localhost/127.0.0.1:49413] isIdleTimeoutExpired=false isRemotelyClosed=true isTtlExpired=false
20:37:03.978 [AsyncHttpClient-1-1] DEBUG org.asynchttpclient.netty.channel.DefaultChannelPool - Closing Idle Channel [id: 0xeb311acd, L:/127.0.0.1:49421 ! R:localhost/127.0.0.1:49413]
20:37:03.979 [AsyncHttpClient-1-1] DEBUG org.asynchttpclient.netty.channel.DefaultChannelPool - Closed 2 connections out of 2 in 1 ms
20:37:04.002 [main] DEBUG net.serenitybdd.core.webdriver.driverproviders.ProvideNewDriver - Instantiating driver
20:37:04.002 [main] DEBUG net.serenitybdd.core.webdriver.driverproviders.ProvideNewDriver - Driver capabilities: Capabilities {acceptInsecureCerts: false, base.url: https://alta-shop.vercel.app/, browserName: chrome, chrome.driver: src/test/resources/webdrive..., driver: chrome, goog:chromeOptions: {args: [], extensions: []}, wait.for.timeout: 10000}
20:37:04.557 [AsyncHttpClient-1-5] DEBUG org.asynchttpclient.netty.channel.NettyConnectListener - Using new Channel '[id: 0x82cff951, L:/127.0.0.1:49444 - R:localhost/127.0.0.1:63375]' for 'POST' to '/session'
20:37:05.461 [AsyncHttpClient-1-5] DEBUG org.asynchttpclient.netty.handler.HttpHandler - 

Request DefaultHttpRequest(decodeResult: success, version: HTTP/1.1)
POST /session HTTP/1.1
User-Agent: selenium/4.1.2 (java windows)
Content-Length: 646
Content-Type: application/json; charset=utf-8
host: localhost:63375
accept: */*

Response DefaultHttpResponse(decodeResult: success, version: HTTP/1.1)
HTTP/1.1 200 OK
Content-Type: application/json; charset=utf-8
cache-control: no-cache
content-length: 787

20:37:05.462 [AsyncHttpClient-1-5] DEBUG org.asynchttpclient.netty.channel.ChannelManager - Adding key: http://localhost:63375 for channel [id: 0x82cff951, L:/127.0.0.1:49444 - R:localhost/127.0.0.1:63375]
20:37:05.485 [AsyncHttpClient-1-6] DEBUG org.asynchttpclient.netty.channel.NettyConnectListener - Using new Channel '[id: 0x78e2edbb, L:/127.0.0.1:49451 - R:localhost/127.0.0.1:49445]' for 'GET' to '/json/version'
20:37:05.494 [AsyncHttpClient-1-6] DEBUG org.asynchttpclient.netty.handler.HttpHandler - 

Request DefaultFullHttpRequest(decodeResult: success, version: HTTP/1.1, content: EmptyByteBufBE)
GET /json/version HTTP/1.1
User-Agent: selenium/4.1.2 (java windows)
host: localhost:49445
accept: */*

Response DefaultHttpResponse(decodeResult: success, version: HTTP/1.1)
HTTP/1.1 200 OK
Content-Type: application/json; charset=UTF-8
content-length: 423

20:37:05.494 [AsyncHttpClient-1-6] DEBUG org.asynchttpclient.netty.channel.ChannelManager - Adding key: http://localhost:49445 for channel [id: 0x78e2edbb, L:/127.0.0.1:49451 - R:localhost/127.0.0.1:49445]
20:37:05.499 [AsyncHttpClient-1-7] DEBUG org.asynchttpclient.netty.channel.NettyConnectListener - Using new Channel '[id: 0x0acb6391, L:/127.0.0.1:49452 - R:localhost/127.0.0.1:49445]' for 'GET' to '/devtools/browser/588cb07f-8450-4e71-b51a-537c4e59338c'
20:37:05.509 [AsyncHttpClient-1-7] DEBUG org.asynchttpclient.netty.handler.WebSocketHandler - 

Request DefaultFullHttpRequest(decodeResult: success, version: HTTP/1.1, content: EmptyByteBufBE)
GET /devtools/browser/588cb07f-8450-4e71-b51a-537c4e59338c HTTP/1.1
upgrade: websocket
connection: upgrade
sec-websocket-key: ob855csf703bHrDawkxQVw==
sec-websocket-version: 13
origin: http://localhost:49445
host: localhost:49445
accept: */*
user-agent: AHC/2.1

Response DefaultHttpResponse(decodeResult: success, version: HTTP/1.1)
HTTP/1.1 101 WebSocket Protocol Handshake
Upgrade: WebSocket
Connection: Upgrade
Sec-WebSocket-Accept: KRoVPVyM85K1c2tVv5KGxoPiM9E=

20:37:05.519 [Forwarding get on session 83731817f1c24409b2cb0c16f6001bb1 to remote] DEBUG org.asynchttpclient.netty.request.NettyRequestSender - Using pooled Channel '[id: 0x82cff951, L:/127.0.0.1:49444 - R:localhost/127.0.0.1:63375]' for 'POST' to 'http://localhost:63375/session/83731817f1c24409b2cb0c16f6001bb1/url'
20:37:05.519 [Forwarding get on session 83731817f1c24409b2cb0c16f6001bb1 to remote] DEBUG org.asynchttpclient.netty.request.NettyRequestSender - Using open Channel [id: 0x82cff951, L:/127.0.0.1:49444 - R:localhost/127.0.0.1:63375] for POST '/session/83731817f1c24409b2cb0c16f6001bb1/url'
20:37:06.182 [AsyncHttpClient-1-1] DEBUG org.asynchttpclient.netty.channel.DefaultChannelPool - Entry count for : http://localhost:49445 : 1
20:37:07.281 [AsyncHttpClient-1-1] DEBUG org.asynchttpclient.netty.channel.DefaultChannelPool - Entry count for : http://localhost:49445 : 1
20:37:07.466 [AsyncHttpClient-1-5] DEBUG org.asynchttpclient.netty.handler.HttpHandler - 

Request DefaultHttpRequest(decodeResult: success, version: HTTP/1.1)
POST /session/83731817f1c24409b2cb0c16f6001bb1/url HTTP/1.1
User-Agent: selenium/4.1.2 (java windows)
Content-Length: 59
Content-Type: application/json; charset=utf-8
host: localhost:63375
accept: */*

Response DefaultHttpResponse(decodeResult: success, version: HTTP/1.1)
HTTP/1.1 200 OK
Content-Type: application/json; charset=utf-8
cache-control: no-cache
content-length: 14

20:37:07.467 [AsyncHttpClient-1-5] DEBUG org.asynchttpclient.netty.channel.ChannelManager - Adding key: http://localhost:63375 for channel [id: 0x82cff951, L:/127.0.0.1:49444 - R:localhost/127.0.0.1:63375]
20:37:07.469 [Forwarding setTimeout on session 83731817f1c24409b2cb0c16f6001bb1 to remote] DEBUG org.asynchttpclient.netty.request.NettyRequestSender - Using pooled Channel '[id: 0x82cff951, L:/127.0.0.1:49444 - R:localhost/127.0.0.1:63375]' for 'POST' to 'http://localhost:63375/session/83731817f1c24409b2cb0c16f6001bb1/timeouts'
20:37:07.469 [Forwarding setTimeout on session 83731817f1c24409b2cb0c16f6001bb1 to remote] DEBUG org.asynchttpclient.netty.request.NettyRequestSender - Using open Channel [id: 0x82cff951, L:/127.0.0.1:49444 - R:localhost/127.0.0.1:63375] for POST '/session/83731817f1c24409b2cb0c16f6001bb1/timeouts'
20:37:07.470 [AsyncHttpClient-1-5] DEBUG org.asynchttpclient.netty.handler.HttpHandler - 

Request DefaultHttpRequest(decodeResult: success, version: HTTP/1.1)
POST /session/83731817f1c24409b2cb0c16f6001bb1/timeouts HTTP/1.1
User-Agent: selenium/4.1.2 (java windows)
Content-Length: 22
Content-Type: application/json; charset=utf-8
host: localhost:63375
accept: */*

Response DefaultHttpResponse(decodeResult: success, version: HTTP/1.1)
HTTP/1.1 200 OK
Content-Type: application/json; charset=utf-8
cache-control: no-cache
content-length: 14

20:37:07.470 [AsyncHttpClient-1-5] DEBUG org.asynchttpclient.netty.channel.ChannelManager - Adding key: http://localhost:63375 for channel [id: 0x82cff951, L:/127.0.0.1:49444 - R:localhost/127.0.0.1:63375]
20:37:07.473 [Forwarding getCurrentUrl on session 83731817f1c24409b2cb0c16f6001bb1 to remote] DEBUG org.asynchttpclient.netty.request.NettyRequestSender - Using pooled Channel '[id: 0x82cff951, L:/127.0.0.1:49444 - R:localhost/127.0.0.1:63375]' for 'GET' to 'http://localhost:63375/session/83731817f1c24409b2cb0c16f6001bb1/url'
20:37:07.473 [Forwarding getCurrentUrl on session 83731817f1c24409b2cb0c16f6001bb1 to remote] DEBUG org.asynchttpclient.netty.request.NettyRequestSender - Using open Channel [id: 0x82cff951, L:/127.0.0.1:49444 - R:localhost/127.0.0.1:63375] for GET '/session/83731817f1c24409b2cb0c16f6001bb1/url'
20:37:07.485 [AsyncHttpClient-1-5] DEBUG org.asynchttpclient.netty.handler.HttpHandler - 

Request DefaultFullHttpRequest(decodeResult: success, version: HTTP/1.1, content: EmptyByteBufBE)
GET /session/83731817f1c24409b2cb0c16f6001bb1/url HTTP/1.1
User-Agent: selenium/4.1.2 (java windows)
Cache-Control: no-cache
Content-Type: application/json; charset=utf-8
host: localhost:63375
accept: */*

Response DefaultHttpResponse(decodeResult: success, version: HTTP/1.1)
HTTP/1.1 200 OK
Content-Type: application/json; charset=utf-8
cache-control: no-cache
content-length: 41

20:37:07.485 [AsyncHttpClient-1-5] DEBUG org.asynchttpclient.netty.channel.ChannelManager - Adding key: http://localhost:63375 for channel [id: 0x82cff951, L:/127.0.0.1:49444 - R:localhost/127.0.0.1:63375]
  &amp#27;[32mGiven &amp#27;[0m&amp#27;[32mI open homepage url&amp#27;[0m        &amp#27;[90m# starter.stepdefinitions.CartSteps.iOpenHomepageUrl()&amp#27;[0m
20:37:07.496 [Forwarding screenshot on session 83731817f1c24409b2cb0c16f6001bb1 to remote] DEBUG org.asynchttpclient.netty.request.NettyRequestSender - Using pooled Channel '[id: 0x82cff951, L:/127.0.0.1:49444 - R:localhost/127.0.0.1:63375]' for 'GET' to 'http://localhost:63375/session/83731817f1c24409b2cb0c16f6001bb1/screenshot'
20:37:07.496 [Forwarding screenshot on session 83731817f1c24409b2cb0c16f6001bb1 to remote] DEBUG org.asynchttpclient.netty.request.NettyRequestSender - Using open Channel [id: 0x82cff951, L:/127.0.0.1:49444 - R:localhost/127.0.0.1:63375] for GET '/session/83731817f1c24409b2cb0c16f6001bb1/screenshot'
20:37:07.669 [AsyncHttpClient-1-5] DEBUG org.asynchttpclient.netty.handler.HttpHandler - 

Request DefaultFullHttpRequest(decodeResult: success, version: HTTP/1.1, content: EmptyByteBufBE)
GET /session/83731817f1c24409b2cb0c16f6001bb1/screenshot HTTP/1.1
User-Agent: selenium/4.1.2 (java windows)
Cache-Control: no-cache
Content-Type: application/json; charset=utf-8
host: localhost:63375
accept: */*

Response DefaultHttpResponse(decodeResult: success, version: HTTP/1.1)
HTTP/1.1 200 OK
Content-Type: application/json; charset=utf-8
cache-control: no-cache
content-length: 33720

20:37:07.670 [AsyncHttpClient-1-5] DEBUG org.asynchttpclient.netty.channel.ChannelManager - Adding key: http://localhost:63375 for channel [id: 0x82cff951, L:/127.0.0.1:49444 - R:localhost/127.0.0.1:63375]
20:37:07.672 [main] DEBUG net.serenitybdd.core.photography.Darkroom - Send negative for processing for target\site\serenity\cb147d187b210e5734cb1cb3d2237948745a9afc9a8bd370fb012ff910816934.png
20:37:07.673 [Darkroom Processing Line] DEBUG net.serenitybdd.core.photography.DarkroomProcessingLine - Processing screenshot image in /var/screenshots/screenshot-16598109193646877366
20:37:07.673 [Darkroom Processing Line] DEBUG net.serenitybdd.core.photography.DarkroomProcessingLine - Saving screenshot to target\site\serenity\cb147d187b210e5734cb1cb3d2237948745a9afc9a8bd370fb012ff910816934.png
20:37:07.684 [Forwarding findElement on session 83731817f1c24409b2cb0c16f6001bb1 to remote] DEBUG org.asynchttpclient.netty.request.NettyRequestSender - Using pooled Channel '[id: 0x82cff951, L:/127.0.0.1:49444 - R:localhost/127.0.0.1:63375]' for 'POST' to 'http://localhost:63375/session/83731817f1c24409b2cb0c16f6001bb1/element'
20:37:07.684 [Forwarding findElement on session 83731817f1c24409b2cb0c16f6001bb1 to remote] DEBUG org.asynchttpclient.netty.request.NettyRequestSender - Using open Channel [id: 0x82cff951, L:/127.0.0.1:49444 - R:localhost/127.0.0.1:63375] for POST '/session/83731817f1c24409b2cb0c16f6001bb1/element'
20:37:07.698 [AsyncHttpClient-1-5] DEBUG org.asynchttpclient.netty.handler.HttpHandler - 

Request DefaultHttpRequest(decodeResult: success, version: HTTP/1.1)
POST /session/83731817f1c24409b2cb0c16f6001bb1/element HTTP/1.1
User-Agent: selenium/4.1.2 (java windows)
Content-Length: 88
Content-Type: application/json; charset=utf-8
host: localhost:63375
accept: */*

Response DefaultHttpResponse(decodeResult: success, version: HTTP/1.1)
HTTP/1.1 200 OK
Content-Type: application/json; charset=utf-8
cache-control: no-cache
content-length: 88

20:37:07.698 [AsyncHttpClient-1-5] DEBUG org.asynchttpclient.netty.channel.ChannelManager - Adding key: http://localhost:63375 for channel [id: 0x82cff951, L:/127.0.0.1:49444 - R:localhost/127.0.0.1:63375]
20:37:07.700 [Forwarding getElementTagName on session 83731817f1c24409b2cb0c16f6001bb1 to remote] DEBUG org.asynchttpclient.netty.request.NettyRequestSender - Using pooled Channel '[id: 0x82cff951, L:/127.0.0.1:49444 - R:localhost/127.0.0.1:63375]' for 'GET' to 'http://localhost:63375/session/83731817f1c24409b2cb0c16f6001bb1/element/df9c8eda-19ad-4fde-99ba-a8fd633339e2/name'
20:37:07.700 [Forwarding getElementTagName on session 83731817f1c24409b2cb0c16f6001bb1 to remote] DEBUG org.asynchttpclient.netty.request.NettyRequestSender - Using open Channel [id: 0x82cff951, L:/127.0.0.1:49444 - R:localhost/127.0.0.1:63375] for GET '/session/83731817f1c24409b2cb0c16f6001bb1/element/df9c8eda-19ad-4fde-99ba-a8fd633339e2/name'
20:37:07.705 [AsyncHttpClient-1-5] DEBUG org.asynchttpclient.netty.handler.HttpHandler - 

Request DefaultFullHttpRequest(decodeResult: success, version: HTTP/1.1, content: EmptyByteBufBE)
GET /session/83731817f1c24409b2cb0c16f6001bb1/element/df9c8eda-19ad-4fde-99ba-a8fd633339e2/name HTTP/1.1
User-Agent: selenium/4.1.2 (java windows)
Cache-Control: no-cache
Content-Type: application/json; charset=utf-8
host: localhost:63375
accept: */*

Response DefaultHttpResponse(decodeResult: success, version: HTTP/1.1)
HTTP/1.1 200 OK
Content-Type: application/json; charset=utf-8
cache-control: no-cache
content-length: 13

20:37:07.705 [AsyncHttpClient-1-5] DEBUG org.asynchttpclient.netty.channel.ChannelManager - Adding key: http://localhost:63375 for channel [id: 0x82cff951, L:/127.0.0.1:49444 - R:localhost/127.0.0.1:63375]
20:37:07.706 [Forwarding getElementTagName on session 83731817f1c24409b2cb0c16f6001bb1 to remote] DEBUG org.asynchttpclient.netty.request.NettyRequestSender - Using pooled Channel '[id: 0x82cff951, L:/127.0.0.1:49444 - R:localhost/127.0.0.1:63375]' for 'GET' to 'http://localhost:63375/session/83731817f1c24409b2cb0c16f6001bb1/element/df9c8eda-19ad-4fde-99ba-a8fd633339e2/name'
20:37:07.706 [Forwarding getElementTagName on session 83731817f1c24409b2cb0c16f6001bb1 to remote] DEBUG org.asynchttpclient.netty.request.NettyRequestSender - Using open Channel [id: 0x82cff951, L:/127.0.0.1:49444 - R:localhost/127.0.0.1:63375] for GET '/session/83731817f1c24409b2cb0c16f6001bb1/element/df9c8eda-19ad-4fde-99ba-a8fd633339e2/name'
20:37:07.712 [AsyncHttpClient-1-5] DEBUG org.asynchttpclient.netty.handler.HttpHandler - 

Request DefaultFullHttpRequest(decodeResult: success, version: HTTP/1.1, content: EmptyByteBufBE)
GET /session/83731817f1c24409b2cb0c16f6001bb1/element/df9c8eda-19ad-4fde-99ba-a8fd633339e2/name HTTP/1.1
User-Agent: selenium/4.1.2 (java windows)
Cache-Control: no-cache
Content-Type: application/json; charset=utf-8
host: localhost:63375
accept: */*

Response DefaultHttpResponse(decodeResult: success, version: HTTP/1.1)
HTTP/1.1 200 OK
Content-Type: application/json; charset=utf-8
cache-control: no-cache
content-length: 13

20:37:07.712 [AsyncHttpClient-1-5] DEBUG org.asynchttpclient.netty.channel.ChannelManager - Adding key: http://localhost:63375 for channel [id: 0x82cff951, L:/127.0.0.1:49444 - R:localhost/127.0.0.1:63375]
20:37:07.715 [Forwarding findElement on session 83731817f1c24409b2cb0c16f6001bb1 to remote] DEBUG org.asynchttpclient.netty.request.NettyRequestSender - Using pooled Channel '[id: 0x82cff951, L:/127.0.0.1:49444 - R:localhost/127.0.0.1:63375]' for 'POST' to 'http://localhost:63375/session/83731817f1c24409b2cb0c16f6001bb1/element'
20:37:07.715 [Forwarding findElement on session 83731817f1c24409b2cb0c16f6001bb1 to remote] DEBUG org.asynchttpclient.netty.request.NettyRequestSender - Using open Channel [id: 0x82cff951, L:/127.0.0.1:49444 - R:localhost/127.0.0.1:63375] for POST '/session/83731817f1c24409b2cb0c16f6001bb1/element'
20:37:07.722 [AsyncHttpClient-1-5] DEBUG org.asynchttpclient.netty.handler.HttpHandler - 

Request DefaultHttpRequest(decodeResult: success, version: HTTP/1.1)
POST /session/83731817f1c24409b2cb0c16f6001bb1/element HTTP/1.1
User-Agent: selenium/4.1.2 (java windows)
Content-Length: 88
Content-Type: application/json; charset=utf-8
host: localhost:63375
accept: */*

Response DefaultHttpResponse(decodeResult: success, version: HTTP/1.1)
HTTP/1.1 200 OK
Content-Type: application/json; charset=utf-8
cache-control: no-cache
content-length: 88

20:37:07.722 [AsyncHttpClient-1-5] DEBUG org.asynchttpclient.netty.channel.ChannelManager - Adding key: http://localhost:63375 for channel [id: 0x82cff951, L:/127.0.0.1:49444 - R:localhost/127.0.0.1:63375]
20:37:07.724 [Forwarding clickElement on session 83731817f1c24409b2cb0c16f6001bb1 to remote] DEBUG org.asynchttpclient.netty.request.NettyRequestSender - Using pooled Channel '[id: 0x82cff951, L:/127.0.0.1:49444 - R:localhost/127.0.0.1:63375]' for 'POST' to 'http://localhost:63375/session/83731817f1c24409b2cb0c16f6001bb1/element/df9c8eda-19ad-4fde-99ba-a8fd633339e2/click'
20:37:07.724 [Forwarding clickElement on session 83731817f1c24409b2cb0c16f6001bb1 to remote] DEBUG org.asynchttpclient.netty.request.NettyRequestSender - Using open Channel [id: 0x82cff951, L:/127.0.0.1:49444 - R:localhost/127.0.0.1:63375] for POST '/session/83731817f1c24409b2cb0c16f6001bb1/element/df9c8eda-19ad-4fde-99ba-a8fd633339e2/click'
20:37:07.764 [AsyncHttpClient-1-5] DEBUG org.asynchttpclient.netty.handler.HttpHandler - 

Request DefaultHttpRequest(decodeResult: success, version: HTTP/1.1)
POST /session/83731817f1c24409b2cb0c16f6001bb1/element/df9c8eda-19ad-4fde-99ba-a8fd633339e2/click HTTP/1.1
User-Agent: selenium/4.1.2 (java windows)
Content-Length: 50
Content-Type: application/json; charset=utf-8
host: localhost:63375
accept: */*

Response DefaultHttpResponse(decodeResult: success, version: HTTP/1.1)
HTTP/1.1 200 OK
Content-Type: application/json; charset=utf-8
cache-control: no-cache
content-length: 14

20:37:07.765 [AsyncHttpClient-1-5] DEBUG org.asynchttpclient.netty.channel.ChannelManager - Adding key: http://localhost:63375 for channel [id: 0x82cff951, L:/127.0.0.1:49444 - R:localhost/127.0.0.1:63375]
  &amp#27;[32mWhen &amp#27;[0m&amp#27;[32mI click cart logo&amp#27;[0m           &amp#27;[90m# starter.stepdefinitions.CartSteps.iClickCartLogo()&amp#27;[0m
20:37:07.773 [Forwarding screenshot on session 83731817f1c24409b2cb0c16f6001bb1 to remote] DEBUG org.asynchttpclient.netty.request.NettyRequestSender - Using pooled Channel '[id: 0x82cff951, L:/127.0.0.1:49444 - R:localhost/127.0.0.1:63375]' for 'GET' to 'http://localhost:63375/session/83731817f1c24409b2cb0c16f6001bb1/screenshot'
20:37:07.773 [Forwarding screenshot on session 83731817f1c24409b2cb0c16f6001bb1 to remote] DEBUG org.asynchttpclient.netty.request.NettyRequestSender - Using open Channel [id: 0x82cff951, L:/127.0.0.1:49444 - R:localhost/127.0.0.1:63375] for GET '/session/83731817f1c24409b2cb0c16f6001bb1/screenshot'
20:37:08.096 [AsyncHttpClient-1-5] DEBUG org.asynchttpclient.netty.handler.HttpHandler - 

Request DefaultFullHttpRequest(decodeResult: success, version: HTTP/1.1, content: EmptyByteBufBE)
GET /session/83731817f1c24409b2cb0c16f6001bb1/screenshot HTTP/1.1
User-Agent: selenium/4.1.2 (java windows)
Cache-Control: no-cache
Content-Type: application/json; charset=utf-8
host: localhost:63375
accept: */*

Response DefaultHttpResponse(decodeResult: success, version: HTTP/1.1)
HTTP/1.1 200 OK
Content-Type: application/json; charset=utf-8
cache-control: no-cache
content-length: 28620

20:37:08.096 [AsyncHttpClient-1-5] DEBUG org.asynchttpclient.netty.channel.ChannelManager - Adding key: http://localhost:63375 for channel [id: 0x82cff951, L:/127.0.0.1:49444 - R:localhost/127.0.0.1:63375]
20:37:08.098 [main] DEBUG net.serenitybdd.core.photography.Darkroom - Send negative for processing for target\site\serenity\113b6c557856b1f3055712ee06027d77a75a96e411d955d73186ca4153a9094e.png
20:37:08.098 [Darkroom Processing Line] DEBUG net.serenitybdd.core.photography.DarkroomProcessingLine - Processing screenshot image in /var/screenshots/screenshot-5128765029295586662
20:37:08.098 [Darkroom Processing Line] DEBUG net.serenitybdd.core.photography.DarkroomProcessingLine - Saving screenshot to target\site\serenity\113b6c557856b1f3055712ee06027d77a75a96e411d955d73186ca4153a9094e.png
20:37:08.105 [Forwarding findElement on session 83731817f1c24409b2cb0c16f6001bb1 to remote] DEBUG org.asynchttpclient.netty.request.NettyRequestSender - Using pooled Channel '[id: 0x82cff951, L:/127.0.0.1:49444 - R:localhost/127.0.0.1:63375]' for 'POST' to 'http://localhost:63375/session/83731817f1c24409b2cb0c16f6001bb1/element'
20:37:08.105 [Forwarding findElement on session 83731817f1c24409b2cb0c16f6001bb1 to remote] DEBUG org.asynchttpclient.netty.request.NettyRequestSender - Using open Channel [id: 0x82cff951, L:/127.0.0.1:49444 - R:localhost/127.0.0.1:63375] for POST '/session/83731817f1c24409b2cb0c16f6001bb1/element'
20:37:08.116 [AsyncHttpClient-1-5] DEBUG org.asynchttpclient.netty.handler.HttpHandler - 

Request DefaultHttpRequest(decodeResult: success, version: HTTP/1.1)
POST /session/83731817f1c24409b2cb0c16f6001bb1/element HTTP/1.1
User-Agent: selenium/4.1.2 (java windows)
Content-Length: 89
Content-Type: application/json; charset=utf-8
host: localhost:63375
accept: */*

Response DefaultHttpResponse(decodeResult: success, version: HTTP/1.1)
HTTP/1.1 200 OK
Content-Type: application/json; charset=utf-8
cache-control: no-cache
content-length: 88

20:37:08.117 [AsyncHttpClient-1-5] DEBUG org.asynchttpclient.netty.channel.ChannelManager - Adding key: http://localhost:63375 for channel [id: 0x82cff951, L:/127.0.0.1:49444 - R:localhost/127.0.0.1:63375]
20:37:08.121 [Forwarding isElementDisplayed on session 83731817f1c24409b2cb0c16f6001bb1 to remote] DEBUG org.asynchttpclient.netty.request.NettyRequestSender - Using pooled Channel '[id: 0x82cff951, L:/127.0.0.1:49444 - R:localhost/127.0.0.1:63375]' for 'POST' to 'http://localhost:63375/session/83731817f1c24409b2cb0c16f6001bb1/execute/sync'
20:37:08.121 [Forwarding isElementDisplayed on session 83731817f1c24409b2cb0c16f6001bb1 to remote] DEBUG org.asynchttpclient.netty.request.NettyRequestSender - Using open Channel [id: 0x82cff951, L:/127.0.0.1:49444 - R:localhost/127.0.0.1:63375] for POST '/session/83731817f1c24409b2cb0c16f6001bb1/execute/sync'
20:37:08.135 [AsyncHttpClient-1-5] DEBUG org.asynchttpclient.netty.handler.HttpHandler - 

Request DefaultHttpRequest(decodeResult: success, version: HTTP/1.1)
POST /session/83731817f1c24409b2cb0c16f6001bb1/execute/sync HTTP/1.1
User-Agent: selenium/4.1.2 (java windows)
Content-Length: 48780
Content-Type: application/json; charset=utf-8
host: localhost:63375
accept: */*

Response DefaultHttpResponse(decodeResult: success, version: HTTP/1.1)
HTTP/1.1 200 OK
Content-Type: application/json; charset=utf-8
cache-control: no-cache
content-length: 14

20:37:08.135 [AsyncHttpClient-1-5] DEBUG org.asynchttpclient.netty.channel.ChannelManager - Adding key: http://localhost:63375 for channel [id: 0x82cff951, L:/127.0.0.1:49444 - R:localhost/127.0.0.1:63375]
  &amp#27;[32mThen &amp#27;[0m&amp#27;[32mI see my cart empty&amp#27;[0m         &amp#27;[90m# starter.stepdefinitions.CartSteps.iSeeMyCartEmpty()&amp#27;[0m
20:37:08.140 [main] INFO  - 
  _____   ___   ___   _____     ___     _     ___   ___   ___   ___  
 |_   _| | __| / __| |_   _|   | _ \   /_\   / __| / __| | __| |   \ 
   | |   | _|  \__ \   | |     |  _/  / _ \  \__ \ \__ \ | _|  | |) |
   |_|   |___| |___/   |_|     |_|   /_/ \_\ |___/ |___/ |___| |___/ 

View Cart Detail (empty)
----------------------------------------------------------------------
20:37:08.144 [AsyncHttpClient-1-7] DEBUG org.asynchttpclient.netty.handler.WebSocketHandler - Channel Closed: [id: 0x0acb6391, L:/127.0.0.1:49452 ! R:localhost/127.0.0.1:49445] with attribute NettyResponseFuture{currentRetry=5,
	isDone=1,
	isCancelled=0,
	asyncHandler=org.asynchttpclient.ws.WebSocketUpgradeHandler@10979e8a,
	nettyRequest=org.asynchttpclient.netty.request.NettyRequest@559502fc,
	future=java.util.concurrent.CompletableFuture@3030fd91[Completed normally],
	uri=ws://localhost:49445/devtools/browser/588cb07f-8450-4e71-b51a-537c4e59338c,
	keepAlive=true,
	redirectCount=0,
	timeoutsHolder=null,
	inAuth=0,
	touch=1667223425510}
20:37:08.144 [AsyncHttpClient-1-7] DEBUG org.asynchttpclient.netty.channel.ChannelManager - Closing Channel [id: 0x0acb6391, L:/127.0.0.1:49452 ! R:localhost/127.0.0.1:49445] 
20:37:08.145 [Driver Command Executor] DEBUG org.asynchttpclient.netty.request.NettyRequestSender - Using pooled Channel '[id: 0x82cff951, L:/127.0.0.1:49444 - R:localhost/127.0.0.1:63375]' for 'DELETE' to 'http://localhost:63375/session/83731817f1c24409b2cb0c16f6001bb1'
20:37:08.145 [Driver Command Executor] DEBUG org.asynchttpclient.netty.request.NettyRequestSender - Using open Channel [id: 0x82cff951, L:/127.0.0.1:49444 - R:localhost/127.0.0.1:63375] for DELETE '/session/83731817f1c24409b2cb0c16f6001bb1'
20:37:08.255 [AsyncHttpClient-1-6] DEBUG org.asynchttpclient.netty.handler.HttpHandler - Unexpected I/O exception on channel [id: 0x78e2edbb, L:/127.0.0.1:49451 - R:localhost/127.0.0.1:49445]
java.net.SocketException: Connection reset
	at java.base/sun.nio.ch.SocketChannelImpl.throwConnectionReset(SocketChannelImpl.java:345)
	at java.base/sun.nio.ch.SocketChannelImpl.read(SocketChannelImpl.java:376)
	at io.netty.buffer.PooledByteBuf.setBytes(PooledByteBuf.java:258)
	at io.netty.buffer.AbstractByteBuf.writeBytes(AbstractByteBuf.java:1132)
	at io.netty.channel.socket.nio.NioSocketChannel.doReadBytes(NioSocketChannel.java:350)
	at io.netty.channel.nio.AbstractNioByteChannel$NioByteUnsafe.read(AbstractNioByteChannel.java:151)
	at io.netty.channel.nio.NioEventLoop.processSelectedKey(NioEventLoop.java:722)
	at io.netty.channel.nio.NioEventLoop.processSelectedKeysOptimized(NioEventLoop.java:658)
	at io.netty.channel.nio.NioEventLoop.processSelectedKeys(NioEventLoop.java:584)
	at io.netty.channel.nio.NioEventLoop.run(NioEventLoop.java:496)
	at io.netty.util.concurrent.SingleThreadEventExecutor$4.run(SingleThreadEventExecutor.java:986)
	at io.netty.util.internal.ThreadExecutorMap$2.run(ThreadExecutorMap.java:74)
	at io.netty.util.concurrent.FastThreadLocalRunnable.run(FastThreadLocalRunnable.java:30)
	at java.base/java.lang.Thread.run(Thread.java:830)
20:37:08.256 [AsyncHttpClient-1-6] DEBUG org.asynchttpclient.netty.channel.ChannelManager - Closing Channel [id: 0x78e2edbb, L:/127.0.0.1:49451 - R:localhost/127.0.0.1:49445] 
20:37:08.256 [AsyncHttpClient-1-6] DEBUG org.asynchttpclient.netty.handler.HttpHandler - Channel Closed: [id: 0x78e2edbb, L:/127.0.0.1:49451 ! R:localhost/127.0.0.1:49445] with attribute DISCARD
20:37:08.284 [AsyncHttpClient-1-5] DEBUG org.asynchttpclient.netty.handler.HttpHandler - 

Request DefaultFullHttpRequest(decodeResult: success, version: HTTP/1.1, content: EmptyByteBufBE)
DELETE /session/83731817f1c24409b2cb0c16f6001bb1 HTTP/1.1
User-Agent: selenium/4.1.2 (java windows)
Content-Type: application/json; charset=utf-8
host: localhost:63375
accept: */*

Response DefaultHttpResponse(decodeResult: success, version: HTTP/1.1)
HTTP/1.1 200 OK
Content-Type: application/json; charset=utf-8
cache-control: no-cache
content-length: 14

20:37:08.284 [AsyncHttpClient-1-5] DEBUG org.asynchttpclient.netty.channel.ChannelManager - Adding key: http://localhost:63375 for channel [id: 0x82cff951, L:/127.0.0.1:49444 - R:localhost/127.0.0.1:63375]
20:37:08.342 [AsyncHttpClient-1-5] DEBUG org.asynchttpclient.netty.handler.HttpHandler - Channel Closed: [id: 0x82cff951, L:/127.0.0.1:49444 ! R:localhost/127.0.0.1:63375] with attribute DISCARD
20:37:08.382 [AsyncHttpClient-1-1] DEBUG org.asynchttpclient.netty.channel.DefaultChannelPool - Entry count for : http://localhost:49445 : 1
20:37:08.382 [AsyncHttpClient-1-1] DEBUG org.asynchttpclient.netty.channel.DefaultChannelPool - Entry count for : http://localhost:63375 : 1
20:37:08.382 [AsyncHttpClient-1-1] DEBUG org.asynchttpclient.netty.channel.DefaultChannelPool - Adding Candidate expired Channel [id: 0x78e2edbb, L:/127.0.0.1:49451 ! R:localhost/127.0.0.1:49445] isIdleTimeoutExpired=false isRemotelyClosed=true isTtlExpired=false
20:37:08.382 [AsyncHttpClient-1-1] DEBUG org.asynchttpclient.netty.channel.DefaultChannelPool - Closing Idle Channel [id: 0x78e2edbb, L:/127.0.0.1:49451 ! R:localhost/127.0.0.1:49445]
20:37:08.382 [AsyncHttpClient-1-1] DEBUG org.asynchttpclient.netty.channel.DefaultChannelPool - Adding Candidate expired Channel [id: 0x82cff951, L:/127.0.0.1:49444 ! R:localhost/127.0.0.1:63375] isIdleTimeoutExpired=false isRemotelyClosed=true isTtlExpired=false
20:37:08.382 [AsyncHttpClient-1-1] DEBUG org.asynchttpclient.netty.channel.DefaultChannelPool - Closing Idle Channel [id: 0x82cff951, L:/127.0.0.1:49444 ! R:localhost/127.0.0.1:63375]
20:37:08.382 [AsyncHttpClient-1-1] DEBUG org.asynchttpclient.netty.channel.DefaultChannelPool - Closed 2 connections out of 2 in 0 ms
]]></system-out>
    <system-err><![CDATA[Starting ChromeDriver 106.0.5249.61 (511755355844955cd3e264779baf0dd38212a4d0-refs/branch-heads/5249@{#569}) on port 63375
Only local connections are allowed.
Please see https://chromedriver.chromium.org/security-considerations for suggestions on keeping ChromeDriver safe.
ChromeDriver was started successfully.
[1667223425.243][WARNING]: This version of ChromeDriver has not been tested with Chrome version 107.
Oct 31, 2022 8:37:05 PM org.openqa.selenium.remote.ProtocolHandshake createSession
INFO: Detected dialect: W3C
Oct 31, 2022 8:37:05 PM org.openqa.selenium.devtools.CdpVersionFinder findNearestMatch
WARNING: Unable to find an exact match for CDP version 107, so returning the closest version found: a no-op implementation
Oct 31, 2022 8:37:05 PM org.openqa.selenium.devtools.CdpVersionFinder findNearestMatch
INFO: Unable to find CDP implementation matching 107.
Oct 31, 2022 8:37:05 PM org.openqa.selenium.chromium.ChromiumDriver lambda$new$3
WARNING: Unable to find version of CDP to use for . You may need to include a dependency on a specific version of the CDP using something similar to `org.seleniumhq.selenium:selenium-devtools-v86:4.1.2` where the version ("v86") matches the version of the chromium-based browser you're using and the version number of the artifact is the same as Selenium's.
]]></system-err>
  </testcase>
  <testcase name="Delete Product From Cart" classname="Manage Cart" time="7.156">
    <system-out><![CDATA[
@Cart
Scenario: Delete Product From Cart         &amp#27;[90m# src/test/resources/features/Cart.feature:18&amp#27;[0m
20:37:08.892 [main] INFO io.cucumber.core.plugin.SerenityReporter - Running feature from file:///C:/Users/ASUS/Desktop/stupen/miniproject/Web/ASWeb/src/test/resources/features/Cart.feature
20:37:08.896 [main] INFO  - 
  _____   ___   ___   _____     ___   _____     _     ___   _____   ___   ___  
 |_   _| | __| / __| |_   _|   / __| |_   _|   /_\   | _ \ |_   _| | __| |   \ 
   | |   | _|  \__ \   | |     \__ \   | |    / _ \  |   /   | |   | _|  | |) |
   |_|   |___| |___/   |_|     |___/   |_|   /_/ \_\ |_|_\   |_|   |___| |___/ 

Delete Product From Cart(manage-cart;delete-product-from-cart)
--------------------------------------------------------------------------------
20:37:08.912 [main] INFO net.serenitybdd.core.webdriver.driverproviders.ChromeDriverProvider - Using automatically driver download
20:37:09.040 [main] DEBUG io.github.bonigarcia.wdm.cache.ResolutionCache - Resolution chrome=107 in cache (valid until 20:37:19 31/10/2022 WIB)
20:37:09.047 [main] DEBUG io.github.bonigarcia.wdm.cache.ResolutionCache - Resolution chrome107=107.0.5304.62 in cache (valid until 19:37:19 01/11/2022 WIB)
20:37:09.050 [main] INFO io.github.bonigarcia.wdm.WebDriverManager - Using chromedriver 107.0.5304.62 (resolved driver for Chrome 107)
20:37:09.067 [main] DEBUG io.github.bonigarcia.wdm.WebDriverManager - Driver chromedriver 107.0.5304.62 found in cache
20:37:09.068 [main] INFO io.github.bonigarcia.wdm.WebDriverManager - Exporting webdriver.chrome.driver as C:\Users\ASUS\.cache\selenium\chromedriver\win32\107.0.5304.62\chromedriver.exe
20:37:09.216 [main] DEBUG net.serenitybdd.core.webdriver.driverproviders.ProvideNewDriver - Instantiating driver
20:37:09.217 [main] DEBUG net.serenitybdd.core.webdriver.driverproviders.ProvideNewDriver - Driver capabilities: Capabilities {acceptInsecureCerts: false, base.url: https://alta-shop.vercel.app/, browserName: chrome, chrome.driver: src/test/resources/webdrive..., driver: chrome, goog:chromeOptions: {args: [], extensions: []}, wait.for.timeout: 10000}
20:37:09.775 [AsyncHttpClient-1-8] DEBUG org.asynchttpclient.netty.channel.NettyConnectListener - Using new Channel '[id: 0xb3d81714, L:/127.0.0.1:49476 - R:localhost/127.0.0.1:49850]' for 'POST' to '/session'
20:37:10.590 [AsyncHttpClient-1-8] DEBUG org.asynchttpclient.netty.handler.HttpHandler - 

Request DefaultHttpRequest(decodeResult: success, version: HTTP/1.1)
POST /session HTTP/1.1
User-Agent: selenium/4.1.2 (java windows)
Content-Length: 646
Content-Type: application/json; charset=utf-8
host: localhost:49850
accept: */*

Response DefaultHttpResponse(decodeResult: success, version: HTTP/1.1)
HTTP/1.1 200 OK
Content-Type: application/json; charset=utf-8
cache-control: no-cache
content-length: 787

20:37:10.590 [AsyncHttpClient-1-8] DEBUG org.asynchttpclient.netty.channel.ChannelManager - Adding key: http://localhost:49850 for channel [id: 0xb3d81714, L:/127.0.0.1:49476 - R:localhost/127.0.0.1:49850]
20:37:10.610 [AsyncHttpClient-1-9] DEBUG org.asynchttpclient.netty.channel.NettyConnectListener - Using new Channel '[id: 0x808b545b, L:/127.0.0.1:49483 - R:localhost/127.0.0.1:49477]' for 'GET' to '/json/version'
20:37:10.617 [AsyncHttpClient-1-9] DEBUG org.asynchttpclient.netty.handler.HttpHandler - 

Request DefaultFullHttpRequest(decodeResult: success, version: HTTP/1.1, content: EmptyByteBufBE)
GET /json/version HTTP/1.1
User-Agent: selenium/4.1.2 (java windows)
host: localhost:49477
accept: */*

Response DefaultHttpResponse(decodeResult: success, version: HTTP/1.1)
HTTP/1.1 200 OK
Content-Type: application/json; charset=UTF-8
content-length: 423

20:37:10.617 [AsyncHttpClient-1-9] DEBUG org.asynchttpclient.netty.channel.ChannelManager - Adding key: http://localhost:49477 for channel [id: 0x808b545b, L:/127.0.0.1:49483 - R:localhost/127.0.0.1:49477]
20:37:10.622 [AsyncHttpClient-1-10] DEBUG org.asynchttpclient.netty.channel.NettyConnectListener - Using new Channel '[id: 0xce8431c0, L:/127.0.0.1:49484 - R:localhost/127.0.0.1:49477]' for 'GET' to '/devtools/browser/2b14003a-9324-4935-ad21-56647b81f4bd'
20:37:10.628 [AsyncHttpClient-1-10] DEBUG org.asynchttpclient.netty.handler.WebSocketHandler - 

Request DefaultFullHttpRequest(decodeResult: success, version: HTTP/1.1, content: EmptyByteBufBE)
GET /devtools/browser/2b14003a-9324-4935-ad21-56647b81f4bd HTTP/1.1
upgrade: websocket
connection: upgrade
sec-websocket-key: MEmo54Kd+g1ULpkds3MeWA==
sec-websocket-version: 13
origin: http://localhost:49477
host: localhost:49477
accept: */*
user-agent: AHC/2.1

Response DefaultHttpResponse(decodeResult: success, version: HTTP/1.1)
HTTP/1.1 101 WebSocket Protocol Handshake
Upgrade: WebSocket
Connection: Upgrade
Sec-WebSocket-Accept: 32TizHlsGh0KXAUHezf9YYpEss0=

20:37:10.635 [Forwarding get on session 95900aff8d8566ca4acd96fd4981fd24 to remote] DEBUG org.asynchttpclient.netty.request.NettyRequestSender - Using pooled Channel '[id: 0xb3d81714, L:/127.0.0.1:49476 - R:localhost/127.0.0.1:49850]' for 'POST' to 'http://localhost:49850/session/95900aff8d8566ca4acd96fd4981fd24/url'
20:37:10.635 [Forwarding get on session 95900aff8d8566ca4acd96fd4981fd24 to remote] DEBUG org.asynchttpclient.netty.request.NettyRequestSender - Using open Channel [id: 0xb3d81714, L:/127.0.0.1:49476 - R:localhost/127.0.0.1:49850] for POST '/session/95900aff8d8566ca4acd96fd4981fd24/url'
20:37:11.523 [AsyncHttpClient-1-8] DEBUG org.asynchttpclient.netty.handler.HttpHandler - 

Request DefaultHttpRequest(decodeResult: success, version: HTTP/1.1)
POST /session/95900aff8d8566ca4acd96fd4981fd24/url HTTP/1.1
User-Agent: selenium/4.1.2 (java windows)
Content-Length: 59
Content-Type: application/json; charset=utf-8
host: localhost:49850
accept: */*

Response DefaultHttpResponse(decodeResult: success, version: HTTP/1.1)
HTTP/1.1 200 OK
Content-Type: application/json; charset=utf-8
cache-control: no-cache
content-length: 14

20:37:11.523 [AsyncHttpClient-1-8] DEBUG org.asynchttpclient.netty.channel.ChannelManager - Adding key: http://localhost:49850 for channel [id: 0xb3d81714, L:/127.0.0.1:49476 - R:localhost/127.0.0.1:49850]
20:37:11.528 [Forwarding setTimeout on session 95900aff8d8566ca4acd96fd4981fd24 to remote] DEBUG org.asynchttpclient.netty.request.NettyRequestSender - Using pooled Channel '[id: 0xb3d81714, L:/127.0.0.1:49476 - R:localhost/127.0.0.1:49850]' for 'POST' to 'http://localhost:49850/session/95900aff8d8566ca4acd96fd4981fd24/timeouts'
20:37:11.528 [Forwarding setTimeout on session 95900aff8d8566ca4acd96fd4981fd24 to remote] DEBUG org.asynchttpclient.netty.request.NettyRequestSender - Using open Channel [id: 0xb3d81714, L:/127.0.0.1:49476 - R:localhost/127.0.0.1:49850] for POST '/session/95900aff8d8566ca4acd96fd4981fd24/timeouts'
20:37:11.529 [AsyncHttpClient-1-8] DEBUG org.asynchttpclient.netty.handler.HttpHandler - 

Request DefaultHttpRequest(decodeResult: success, version: HTTP/1.1)
POST /session/95900aff8d8566ca4acd96fd4981fd24/timeouts HTTP/1.1
User-Agent: selenium/4.1.2 (java windows)
Content-Length: 22
Content-Type: application/json; charset=utf-8
host: localhost:49850
accept: */*

Response DefaultHttpResponse(decodeResult: success, version: HTTP/1.1)
HTTP/1.1 200 OK
Content-Type: application/json; charset=utf-8
cache-control: no-cache
content-length: 14

20:37:11.530 [AsyncHttpClient-1-8] DEBUG org.asynchttpclient.netty.channel.ChannelManager - Adding key: http://localhost:49850 for channel [id: 0xb3d81714, L:/127.0.0.1:49476 - R:localhost/127.0.0.1:49850]
20:37:11.535 [Forwarding getCurrentUrl on session 95900aff8d8566ca4acd96fd4981fd24 to remote] DEBUG org.asynchttpclient.netty.request.NettyRequestSender - Using pooled Channel '[id: 0xb3d81714, L:/127.0.0.1:49476 - R:localhost/127.0.0.1:49850]' for 'GET' to 'http://localhost:49850/session/95900aff8d8566ca4acd96fd4981fd24/url'
20:37:11.535 [Forwarding getCurrentUrl on session 95900aff8d8566ca4acd96fd4981fd24 to remote] DEBUG org.asynchttpclient.netty.request.NettyRequestSender - Using open Channel [id: 0xb3d81714, L:/127.0.0.1:49476 - R:localhost/127.0.0.1:49850] for GET '/session/95900aff8d8566ca4acd96fd4981fd24/url'
20:37:11.540 [AsyncHttpClient-1-8] DEBUG org.asynchttpclient.netty.handler.HttpHandler - 

Request DefaultFullHttpRequest(decodeResult: success, version: HTTP/1.1, content: EmptyByteBufBE)
GET /session/95900aff8d8566ca4acd96fd4981fd24/url HTTP/1.1
User-Agent: selenium/4.1.2 (java windows)
Cache-Control: no-cache
Content-Type: application/json; charset=utf-8
host: localhost:49850
accept: */*

Response DefaultHttpResponse(decodeResult: success, version: HTTP/1.1)
HTTP/1.1 200 OK
Content-Type: application/json; charset=utf-8
cache-control: no-cache
content-length: 41

20:37:11.540 [AsyncHttpClient-1-8] DEBUG org.asynchttpclient.netty.channel.ChannelManager - Adding key: http://localhost:49850 for channel [id: 0xb3d81714, L:/127.0.0.1:49476 - R:localhost/127.0.0.1:49850]
  &amp#27;[32mGiven &amp#27;[0m&amp#27;[32mI open homepage url&amp#27;[0m                &amp#27;[90m# starter.stepdefinitions.CartSteps.iOpenHomepageUrl()&amp#27;[0m
20:37:11.549 [Forwarding screenshot on session 95900aff8d8566ca4acd96fd4981fd24 to remote] DEBUG org.asynchttpclient.netty.request.NettyRequestSender - Using pooled Channel '[id: 0xb3d81714, L:/127.0.0.1:49476 - R:localhost/127.0.0.1:49850]' for 'GET' to 'http://localhost:49850/session/95900aff8d8566ca4acd96fd4981fd24/screenshot'
20:37:11.549 [Forwarding screenshot on session 95900aff8d8566ca4acd96fd4981fd24 to remote] DEBUG org.asynchttpclient.netty.request.NettyRequestSender - Using open Channel [id: 0xb3d81714, L:/127.0.0.1:49476 - R:localhost/127.0.0.1:49850] for GET '/session/95900aff8d8566ca4acd96fd4981fd24/screenshot'
20:37:11.686 [AsyncHttpClient-1-1] DEBUG org.asynchttpclient.netty.channel.DefaultChannelPool - Entry count for : http://localhost:49477 : 1
20:37:12.031 [AsyncHttpClient-1-8] DEBUG org.asynchttpclient.netty.handler.HttpHandler - 

Request DefaultFullHttpRequest(decodeResult: success, version: HTTP/1.1, content: EmptyByteBufBE)
GET /session/95900aff8d8566ca4acd96fd4981fd24/screenshot HTTP/1.1
User-Agent: selenium/4.1.2 (java windows)
Cache-Control: no-cache
Content-Type: application/json; charset=utf-8
host: localhost:49850
accept: */*

Response DefaultHttpResponse(decodeResult: success, version: HTTP/1.1)
HTTP/1.1 200 OK
Content-Type: application/json; charset=utf-8
cache-control: no-cache
content-length: 46624

20:37:12.031 [AsyncHttpClient-1-8] DEBUG org.asynchttpclient.netty.channel.ChannelManager - Adding key: http://localhost:49850 for channel [id: 0xb3d81714, L:/127.0.0.1:49476 - R:localhost/127.0.0.1:49850]
20:37:12.034 [main] DEBUG net.serenitybdd.core.photography.Darkroom - Send negative for processing for target\site\serenity\eb3f3dab39493e223bdc5bb25b9e0a21276d673ce272f8beb7b7b1d8390fff15.png
20:37:12.034 [Darkroom Processing Line] DEBUG net.serenitybdd.core.photography.DarkroomProcessingLine - Processing screenshot image in /var/screenshots/screenshot-8910335064494948317
20:37:12.034 [Darkroom Processing Line] DEBUG net.serenitybdd.core.photography.DarkroomProcessingLine - Saving screenshot to target\site\serenity\eb3f3dab39493e223bdc5bb25b9e0a21276d673ce272f8beb7b7b1d8390fff15.png
20:37:12.041 [Forwarding get on session 95900aff8d8566ca4acd96fd4981fd24 to remote] DEBUG org.asynchttpclient.netty.request.NettyRequestSender - Using pooled Channel '[id: 0xb3d81714, L:/127.0.0.1:49476 - R:localhost/127.0.0.1:49850]' for 'POST' to 'http://localhost:49850/session/95900aff8d8566ca4acd96fd4981fd24/url'
20:37:12.042 [Forwarding get on session 95900aff8d8566ca4acd96fd4981fd24 to remote] DEBUG org.asynchttpclient.netty.request.NettyRequestSender - Using open Channel [id: 0xb3d81714, L:/127.0.0.1:49476 - R:localhost/127.0.0.1:49850] for POST '/session/95900aff8d8566ca4acd96fd4981fd24/url'
20:37:12.240 [AsyncHttpClient-1-8] DEBUG org.asynchttpclient.netty.handler.HttpHandler - 

Request DefaultHttpRequest(decodeResult: success, version: HTTP/1.1)
POST /session/95900aff8d8566ca4acd96fd4981fd24/url HTTP/1.1
User-Agent: selenium/4.1.2 (java windows)
Content-Length: 59
Content-Type: application/json; charset=utf-8
host: localhost:49850
accept: */*

Response DefaultHttpResponse(decodeResult: success, version: HTTP/1.1)
HTTP/1.1 200 OK
Content-Type: application/json; charset=utf-8
cache-control: no-cache
content-length: 14

20:37:12.241 [AsyncHttpClient-1-8] DEBUG org.asynchttpclient.netty.channel.ChannelManager - Adding key: http://localhost:49850 for channel [id: 0xb3d81714, L:/127.0.0.1:49476 - R:localhost/127.0.0.1:49850]
20:37:12.247 [Forwarding getCurrentUrl on session 95900aff8d8566ca4acd96fd4981fd24 to remote] DEBUG org.asynchttpclient.netty.request.NettyRequestSender - Using pooled Channel '[id: 0xb3d81714, L:/127.0.0.1:49476 - R:localhost/127.0.0.1:49850]' for 'GET' to 'http://localhost:49850/session/95900aff8d8566ca4acd96fd4981fd24/url'
20:37:12.247 [Forwarding getCurrentUrl on session 95900aff8d8566ca4acd96fd4981fd24 to remote] DEBUG org.asynchttpclient.netty.request.NettyRequestSender - Using open Channel [id: 0xb3d81714, L:/127.0.0.1:49476 - R:localhost/127.0.0.1:49850] for GET '/session/95900aff8d8566ca4acd96fd4981fd24/url'
20:37:12.252 [AsyncHttpClient-1-8] DEBUG org.asynchttpclient.netty.handler.HttpHandler - 

Request DefaultFullHttpRequest(decodeResult: success, version: HTTP/1.1, content: EmptyByteBufBE)
GET /session/95900aff8d8566ca4acd96fd4981fd24/url HTTP/1.1
User-Agent: selenium/4.1.2 (java windows)
Cache-Control: no-cache
Content-Type: application/json; charset=utf-8
host: localhost:49850
accept: */*

Response DefaultHttpResponse(decodeResult: success, version: HTTP/1.1)
HTTP/1.1 200 OK
Content-Type: application/json; charset=utf-8
cache-control: no-cache
content-length: 41

20:37:12.253 [AsyncHttpClient-1-8] DEBUG org.asynchttpclient.netty.channel.ChannelManager - Adding key: http://localhost:49850 for channel [id: 0xb3d81714, L:/127.0.0.1:49476 - R:localhost/127.0.0.1:49850]
20:37:12.261 [Forwarding findElement on session 95900aff8d8566ca4acd96fd4981fd24 to remote] DEBUG org.asynchttpclient.netty.request.NettyRequestSender - Using pooled Channel '[id: 0xb3d81714, L:/127.0.0.1:49476 - R:localhost/127.0.0.1:49850]' for 'POST' to 'http://localhost:49850/session/95900aff8d8566ca4acd96fd4981fd24/element'
20:37:12.261 [Forwarding findElement on session 95900aff8d8566ca4acd96fd4981fd24 to remote] DEBUG org.asynchttpclient.netty.request.NettyRequestSender - Using open Channel [id: 0xb3d81714, L:/127.0.0.1:49476 - R:localhost/127.0.0.1:49850] for POST '/session/95900aff8d8566ca4acd96fd4981fd24/element'
20:37:12.778 [AsyncHttpClient-1-1] DEBUG org.asynchttpclient.netty.channel.DefaultChannelPool - Entry count for : http://localhost:49477 : 1
20:37:13.834 [AsyncHttpClient-1-8] DEBUG org.asynchttpclient.netty.handler.HttpHandler - 

Request DefaultHttpRequest(decodeResult: success, version: HTTP/1.1)
POST /session/95900aff8d8566ca4acd96fd4981fd24/element HTTP/1.1
User-Agent: selenium/4.1.2 (java windows)
Content-Length: 85
Content-Type: application/json; charset=utf-8
host: localhost:49850
accept: */*

Response DefaultHttpResponse(decodeResult: success, version: HTTP/1.1)
HTTP/1.1 200 OK
Content-Type: application/json; charset=utf-8
cache-control: no-cache
content-length: 88

20:37:13.834 [AsyncHttpClient-1-8] DEBUG org.asynchttpclient.netty.channel.ChannelManager - Adding key: http://localhost:49850 for channel [id: 0xb3d81714, L:/127.0.0.1:49476 - R:localhost/127.0.0.1:49850]
20:37:13.837 [Forwarding getElementTagName on session 95900aff8d8566ca4acd96fd4981fd24 to remote] DEBUG org.asynchttpclient.netty.request.NettyRequestSender - Using pooled Channel '[id: 0xb3d81714, L:/127.0.0.1:49476 - R:localhost/127.0.0.1:49850]' for 'GET' to 'http://localhost:49850/session/95900aff8d8566ca4acd96fd4981fd24/element/9a471e57-6ed0-4b1b-950c-c2dc467a5316/name'
20:37:13.837 [Forwarding getElementTagName on session 95900aff8d8566ca4acd96fd4981fd24 to remote] DEBUG org.asynchttpclient.netty.request.NettyRequestSender - Using open Channel [id: 0xb3d81714, L:/127.0.0.1:49476 - R:localhost/127.0.0.1:49850] for GET '/session/95900aff8d8566ca4acd96fd4981fd24/element/9a471e57-6ed0-4b1b-950c-c2dc467a5316/name'
20:37:13.842 [AsyncHttpClient-1-8] DEBUG org.asynchttpclient.netty.handler.HttpHandler - 

Request DefaultFullHttpRequest(decodeResult: success, version: HTTP/1.1, content: EmptyByteBufBE)
GET /session/95900aff8d8566ca4acd96fd4981fd24/element/9a471e57-6ed0-4b1b-950c-c2dc467a5316/name HTTP/1.1
User-Agent: selenium/4.1.2 (java windows)
Cache-Control: no-cache
Content-Type: application/json; charset=utf-8
host: localhost:49850
accept: */*

Response DefaultHttpResponse(decodeResult: success, version: HTTP/1.1)
HTTP/1.1 200 OK
Content-Type: application/json; charset=utf-8
cache-control: no-cache
content-length: 16

20:37:13.842 [AsyncHttpClient-1-8] DEBUG org.asynchttpclient.netty.channel.ChannelManager - Adding key: http://localhost:49850 for channel [id: 0xb3d81714, L:/127.0.0.1:49476 - R:localhost/127.0.0.1:49850]
20:37:13.845 [Forwarding getElementTagName on session 95900aff8d8566ca4acd96fd4981fd24 to remote] DEBUG org.asynchttpclient.netty.request.NettyRequestSender - Using pooled Channel '[id: 0xb3d81714, L:/127.0.0.1:49476 - R:localhost/127.0.0.1:49850]' for 'GET' to 'http://localhost:49850/session/95900aff8d8566ca4acd96fd4981fd24/element/9a471e57-6ed0-4b1b-950c-c2dc467a5316/name'
20:37:13.845 [Forwarding getElementTagName on session 95900aff8d8566ca4acd96fd4981fd24 to remote] DEBUG org.asynchttpclient.netty.request.NettyRequestSender - Using open Channel [id: 0xb3d81714, L:/127.0.0.1:49476 - R:localhost/127.0.0.1:49850] for GET '/session/95900aff8d8566ca4acd96fd4981fd24/element/9a471e57-6ed0-4b1b-950c-c2dc467a5316/name'
20:37:13.849 [AsyncHttpClient-1-8] DEBUG org.asynchttpclient.netty.handler.HttpHandler - 

Request DefaultFullHttpRequest(decodeResult: success, version: HTTP/1.1, content: EmptyByteBufBE)
GET /session/95900aff8d8566ca4acd96fd4981fd24/element/9a471e57-6ed0-4b1b-950c-c2dc467a5316/name HTTP/1.1
User-Agent: selenium/4.1.2 (java windows)
Cache-Control: no-cache
Content-Type: application/json; charset=utf-8
host: localhost:49850
accept: */*

Response DefaultHttpResponse(decodeResult: success, version: HTTP/1.1)
HTTP/1.1 200 OK
Content-Type: application/json; charset=utf-8
cache-control: no-cache
content-length: 16

20:37:13.849 [AsyncHttpClient-1-8] DEBUG org.asynchttpclient.netty.channel.ChannelManager - Adding key: http://localhost:49850 for channel [id: 0xb3d81714, L:/127.0.0.1:49476 - R:localhost/127.0.0.1:49850]
20:37:13.852 [Forwarding findElement on session 95900aff8d8566ca4acd96fd4981fd24 to remote] DEBUG org.asynchttpclient.netty.request.NettyRequestSender - Using pooled Channel '[id: 0xb3d81714, L:/127.0.0.1:49476 - R:localhost/127.0.0.1:49850]' for 'POST' to 'http://localhost:49850/session/95900aff8d8566ca4acd96fd4981fd24/element'
20:37:13.852 [Forwarding findElement on session 95900aff8d8566ca4acd96fd4981fd24 to remote] DEBUG org.asynchttpclient.netty.request.NettyRequestSender - Using open Channel [id: 0xb3d81714, L:/127.0.0.1:49476 - R:localhost/127.0.0.1:49850] for POST '/session/95900aff8d8566ca4acd96fd4981fd24/element'
20:37:13.861 [AsyncHttpClient-1-8] DEBUG org.asynchttpclient.netty.handler.HttpHandler - 

Request DefaultHttpRequest(decodeResult: success, version: HTTP/1.1)
POST /session/95900aff8d8566ca4acd96fd4981fd24/element HTTP/1.1
User-Agent: selenium/4.1.2 (java windows)
Content-Length: 85
Content-Type: application/json; charset=utf-8
host: localhost:49850
accept: */*

Response DefaultHttpResponse(decodeResult: success, version: HTTP/1.1)
HTTP/1.1 200 OK
Content-Type: application/json; charset=utf-8
cache-control: no-cache
content-length: 88

20:37:13.862 [AsyncHttpClient-1-8] DEBUG org.asynchttpclient.netty.channel.ChannelManager - Adding key: http://localhost:49850 for channel [id: 0xb3d81714, L:/127.0.0.1:49476 - R:localhost/127.0.0.1:49850]
20:37:13.863 [Forwarding clickElement on session 95900aff8d8566ca4acd96fd4981fd24 to remote] DEBUG org.asynchttpclient.netty.request.NettyRequestSender - Using pooled Channel '[id: 0xb3d81714, L:/127.0.0.1:49476 - R:localhost/127.0.0.1:49850]' for 'POST' to 'http://localhost:49850/session/95900aff8d8566ca4acd96fd4981fd24/element/9a471e57-6ed0-4b1b-950c-c2dc467a5316/click'
20:37:13.863 [Forwarding clickElement on session 95900aff8d8566ca4acd96fd4981fd24 to remote] DEBUG org.asynchttpclient.netty.request.NettyRequestSender - Using open Channel [id: 0xb3d81714, L:/127.0.0.1:49476 - R:localhost/127.0.0.1:49850] for POST '/session/95900aff8d8566ca4acd96fd4981fd24/element/9a471e57-6ed0-4b1b-950c-c2dc467a5316/click'
20:37:13.880 [AsyncHttpClient-1-1] DEBUG org.asynchttpclient.netty.channel.DefaultChannelPool - Entry count for : http://localhost:49477 : 1
20:37:13.917 [AsyncHttpClient-1-8] DEBUG org.asynchttpclient.netty.handler.HttpHandler - 

Request DefaultHttpRequest(decodeResult: success, version: HTTP/1.1)
POST /session/95900aff8d8566ca4acd96fd4981fd24/element/9a471e57-6ed0-4b1b-950c-c2dc467a5316/click HTTP/1.1
User-Agent: selenium/4.1.2 (java windows)
Content-Length: 50
Content-Type: application/json; charset=utf-8
host: localhost:49850
accept: */*

Response DefaultHttpResponse(decodeResult: success, version: HTTP/1.1)
HTTP/1.1 200 OK
Content-Type: application/json; charset=utf-8
cache-control: no-cache
content-length: 14

20:37:13.918 [AsyncHttpClient-1-8] DEBUG org.asynchttpclient.netty.channel.ChannelManager - Adding key: http://localhost:49850 for channel [id: 0xb3d81714, L:/127.0.0.1:49476 - R:localhost/127.0.0.1:49850]
  &amp#27;[32mAnd &amp#27;[0m&amp#27;[32mI buy one of the products&amp#27;[0m            &amp#27;[90m# starter.stepdefinitions.CartSteps.iBuyOneOfTheProducts()&amp#27;[0m
20:37:13.928 [Forwarding screenshot on session 95900aff8d8566ca4acd96fd4981fd24 to remote] DEBUG org.asynchttpclient.netty.request.NettyRequestSender - Using pooled Channel '[id: 0xb3d81714, L:/127.0.0.1:49476 - R:localhost/127.0.0.1:49850]' for 'GET' to 'http://localhost:49850/session/95900aff8d8566ca4acd96fd4981fd24/screenshot'
20:37:13.928 [Forwarding screenshot on session 95900aff8d8566ca4acd96fd4981fd24 to remote] DEBUG org.asynchttpclient.netty.request.NettyRequestSender - Using open Channel [id: 0xb3d81714, L:/127.0.0.1:49476 - R:localhost/127.0.0.1:49850] for GET '/session/95900aff8d8566ca4acd96fd4981fd24/screenshot'
20:37:14.135 [AsyncHttpClient-1-8] DEBUG org.asynchttpclient.netty.handler.HttpHandler - 

Request DefaultFullHttpRequest(decodeResult: success, version: HTTP/1.1, content: EmptyByteBufBE)
GET /session/95900aff8d8566ca4acd96fd4981fd24/screenshot HTTP/1.1
User-Agent: selenium/4.1.2 (java windows)
Cache-Control: no-cache
Content-Type: application/json; charset=utf-8
host: localhost:49850
accept: */*

Response DefaultHttpResponse(decodeResult: success, version: HTTP/1.1)
HTTP/1.1 200 OK
Content-Type: application/json; charset=utf-8
cache-control: no-cache
content-length: 77412

20:37:14.136 [AsyncHttpClient-1-8] DEBUG org.asynchttpclient.netty.channel.ChannelManager - Adding key: http://localhost:49850 for channel [id: 0xb3d81714, L:/127.0.0.1:49476 - R:localhost/127.0.0.1:49850]
20:37:14.139 [main] DEBUG net.serenitybdd.core.photography.Darkroom - Send negative for processing for target\site\serenity\c167f1f1f82b114251a852f365c9a33b45a7c0b638806794fca484686caf049a.png
20:37:14.139 [Darkroom Processing Line] DEBUG net.serenitybdd.core.photography.DarkroomProcessingLine - Processing screenshot image in /var/screenshots/screenshot-17620575027568624071
20:37:14.139 [Darkroom Processing Line] DEBUG net.serenitybdd.core.photography.DarkroomProcessingLine - Saving screenshot to target\site\serenity\c167f1f1f82b114251a852f365c9a33b45a7c0b638806794fca484686caf049a.png
20:37:14.148 [Forwarding findElement on session 95900aff8d8566ca4acd96fd4981fd24 to remote] DEBUG org.asynchttpclient.netty.request.NettyRequestSender - Using pooled Channel '[id: 0xb3d81714, L:/127.0.0.1:49476 - R:localhost/127.0.0.1:49850]' for 'POST' to 'http://localhost:49850/session/95900aff8d8566ca4acd96fd4981fd24/element'
20:37:14.148 [Forwarding findElement on session 95900aff8d8566ca4acd96fd4981fd24 to remote] DEBUG org.asynchttpclient.netty.request.NettyRequestSender - Using open Channel [id: 0xb3d81714, L:/127.0.0.1:49476 - R:localhost/127.0.0.1:49850] for POST '/session/95900aff8d8566ca4acd96fd4981fd24/element'
20:37:14.162 [AsyncHttpClient-1-8] DEBUG org.asynchttpclient.netty.handler.HttpHandler - 

Request DefaultHttpRequest(decodeResult: success, version: HTTP/1.1)
POST /session/95900aff8d8566ca4acd96fd4981fd24/element HTTP/1.1
User-Agent: selenium/4.1.2 (java windows)
Content-Length: 88
Content-Type: application/json; charset=utf-8
host: localhost:49850
accept: */*

Response DefaultHttpResponse(decodeResult: success, version: HTTP/1.1)
HTTP/1.1 200 OK
Content-Type: application/json; charset=utf-8
cache-control: no-cache
content-length: 88

20:37:14.162 [AsyncHttpClient-1-8] DEBUG org.asynchttpclient.netty.channel.ChannelManager - Adding key: http://localhost:49850 for channel [id: 0xb3d81714, L:/127.0.0.1:49476 - R:localhost/127.0.0.1:49850]
20:37:14.163 [Forwarding getElementTagName on session 95900aff8d8566ca4acd96fd4981fd24 to remote] DEBUG org.asynchttpclient.netty.request.NettyRequestSender - Using pooled Channel '[id: 0xb3d81714, L:/127.0.0.1:49476 - R:localhost/127.0.0.1:49850]' for 'GET' to 'http://localhost:49850/session/95900aff8d8566ca4acd96fd4981fd24/element/b17c1172-6d3c-4e1c-9261-6f67a2f69f98/name'
20:37:14.164 [Forwarding getElementTagName on session 95900aff8d8566ca4acd96fd4981fd24 to remote] DEBUG org.asynchttpclient.netty.request.NettyRequestSender - Using open Channel [id: 0xb3d81714, L:/127.0.0.1:49476 - R:localhost/127.0.0.1:49850] for GET '/session/95900aff8d8566ca4acd96fd4981fd24/element/b17c1172-6d3c-4e1c-9261-6f67a2f69f98/name'
20:37:14.169 [AsyncHttpClient-1-8] DEBUG org.asynchttpclient.netty.handler.HttpHandler - 

Request DefaultFullHttpRequest(decodeResult: success, version: HTTP/1.1, content: EmptyByteBufBE)
GET /session/95900aff8d8566ca4acd96fd4981fd24/element/b17c1172-6d3c-4e1c-9261-6f67a2f69f98/name HTTP/1.1
User-Agent: selenium/4.1.2 (java windows)
Cache-Control: no-cache
Content-Type: application/json; charset=utf-8
host: localhost:49850
accept: */*

Response DefaultHttpResponse(decodeResult: success, version: HTTP/1.1)
HTTP/1.1 200 OK
Content-Type: application/json; charset=utf-8
cache-control: no-cache
content-length: 13

20:37:14.169 [AsyncHttpClient-1-8] DEBUG org.asynchttpclient.netty.channel.ChannelManager - Adding key: http://localhost:49850 for channel [id: 0xb3d81714, L:/127.0.0.1:49476 - R:localhost/127.0.0.1:49850]
20:37:14.171 [Forwarding getElementTagName on session 95900aff8d8566ca4acd96fd4981fd24 to remote] DEBUG org.asynchttpclient.netty.request.NettyRequestSender - Using pooled Channel '[id: 0xb3d81714, L:/127.0.0.1:49476 - R:localhost/127.0.0.1:49850]' for 'GET' to 'http://localhost:49850/session/95900aff8d8566ca4acd96fd4981fd24/element/b17c1172-6d3c-4e1c-9261-6f67a2f69f98/name'
20:37:14.171 [Forwarding getElementTagName on session 95900aff8d8566ca4acd96fd4981fd24 to remote] DEBUG org.asynchttpclient.netty.request.NettyRequestSender - Using open Channel [id: 0xb3d81714, L:/127.0.0.1:49476 - R:localhost/127.0.0.1:49850] for GET '/session/95900aff8d8566ca4acd96fd4981fd24/element/b17c1172-6d3c-4e1c-9261-6f67a2f69f98/name'
20:37:14.176 [AsyncHttpClient-1-8] DEBUG org.asynchttpclient.netty.handler.HttpHandler - 

Request DefaultFullHttpRequest(decodeResult: success, version: HTTP/1.1, content: EmptyByteBufBE)
GET /session/95900aff8d8566ca4acd96fd4981fd24/element/b17c1172-6d3c-4e1c-9261-6f67a2f69f98/name HTTP/1.1
User-Agent: selenium/4.1.2 (java windows)
Cache-Control: no-cache
Content-Type: application/json; charset=utf-8
host: localhost:49850
accept: */*

Response DefaultHttpResponse(decodeResult: success, version: HTTP/1.1)
HTTP/1.1 200 OK
Content-Type: application/json; charset=utf-8
cache-control: no-cache
content-length: 13

20:37:14.176 [AsyncHttpClient-1-8] DEBUG org.asynchttpclient.netty.channel.ChannelManager - Adding key: http://localhost:49850 for channel [id: 0xb3d81714, L:/127.0.0.1:49476 - R:localhost/127.0.0.1:49850]
20:37:14.179 [Forwarding findElement on session 95900aff8d8566ca4acd96fd4981fd24 to remote] DEBUG org.asynchttpclient.netty.request.NettyRequestSender - Using pooled Channel '[id: 0xb3d81714, L:/127.0.0.1:49476 - R:localhost/127.0.0.1:49850]' for 'POST' to 'http://localhost:49850/session/95900aff8d8566ca4acd96fd4981fd24/element'
20:37:14.179 [Forwarding findElement on session 95900aff8d8566ca4acd96fd4981fd24 to remote] DEBUG org.asynchttpclient.netty.request.NettyRequestSender - Using open Channel [id: 0xb3d81714, L:/127.0.0.1:49476 - R:localhost/127.0.0.1:49850] for POST '/session/95900aff8d8566ca4acd96fd4981fd24/element'
20:37:14.186 [AsyncHttpClient-1-8] DEBUG org.asynchttpclient.netty.handler.HttpHandler - 

Request DefaultHttpRequest(decodeResult: success, version: HTTP/1.1)
POST /session/95900aff8d8566ca4acd96fd4981fd24/element HTTP/1.1
User-Agent: selenium/4.1.2 (java windows)
Content-Length: 88
Content-Type: application/json; charset=utf-8
host: localhost:49850
accept: */*

Response DefaultHttpResponse(decodeResult: success, version: HTTP/1.1)
HTTP/1.1 200 OK
Content-Type: application/json; charset=utf-8
cache-control: no-cache
content-length: 88

20:37:14.186 [AsyncHttpClient-1-8] DEBUG org.asynchttpclient.netty.channel.ChannelManager - Adding key: http://localhost:49850 for channel [id: 0xb3d81714, L:/127.0.0.1:49476 - R:localhost/127.0.0.1:49850]
20:37:14.188 [Forwarding clickElement on session 95900aff8d8566ca4acd96fd4981fd24 to remote] DEBUG org.asynchttpclient.netty.request.NettyRequestSender - Using pooled Channel '[id: 0xb3d81714, L:/127.0.0.1:49476 - R:localhost/127.0.0.1:49850]' for 'POST' to 'http://localhost:49850/session/95900aff8d8566ca4acd96fd4981fd24/element/b17c1172-6d3c-4e1c-9261-6f67a2f69f98/click'
20:37:14.188 [Forwarding clickElement on session 95900aff8d8566ca4acd96fd4981fd24 to remote] DEBUG org.asynchttpclient.netty.request.NettyRequestSender - Using open Channel [id: 0xb3d81714, L:/127.0.0.1:49476 - R:localhost/127.0.0.1:49850] for POST '/session/95900aff8d8566ca4acd96fd4981fd24/element/b17c1172-6d3c-4e1c-9261-6f67a2f69f98/click'
20:37:14.233 [AsyncHttpClient-1-8] DEBUG org.asynchttpclient.netty.handler.HttpHandler - 

Request DefaultHttpRequest(decodeResult: success, version: HTTP/1.1)
POST /session/95900aff8d8566ca4acd96fd4981fd24/element/b17c1172-6d3c-4e1c-9261-6f67a2f69f98/click HTTP/1.1
User-Agent: selenium/4.1.2 (java windows)
Content-Length: 50
Content-Type: application/json; charset=utf-8
host: localhost:49850
accept: */*

Response DefaultHttpResponse(decodeResult: success, version: HTTP/1.1)
HTTP/1.1 200 OK
Content-Type: application/json; charset=utf-8
cache-control: no-cache
content-length: 14

20:37:14.233 [AsyncHttpClient-1-8] DEBUG org.asynchttpclient.netty.channel.ChannelManager - Adding key: http://localhost:49850 for channel [id: 0xb3d81714, L:/127.0.0.1:49476 - R:localhost/127.0.0.1:49850]
  &amp#27;[32mWhen &amp#27;[0m&amp#27;[32mI open cart page&amp#27;[0m                    &amp#27;[90m# starter.stepdefinitions.CartSteps.iOpenCartPage()&amp#27;[0m
20:37:14.246 [Forwarding screenshot on session 95900aff8d8566ca4acd96fd4981fd24 to remote] DEBUG org.asynchttpclient.netty.request.NettyRequestSender - Using pooled Channel '[id: 0xb3d81714, L:/127.0.0.1:49476 - R:localhost/127.0.0.1:49850]' for 'GET' to 'http://localhost:49850/session/95900aff8d8566ca4acd96fd4981fd24/screenshot'
20:37:14.246 [Forwarding screenshot on session 95900aff8d8566ca4acd96fd4981fd24 to remote] DEBUG org.asynchttpclient.netty.request.NettyRequestSender - Using open Channel [id: 0xb3d81714, L:/127.0.0.1:49476 - R:localhost/127.0.0.1:49850] for GET '/session/95900aff8d8566ca4acd96fd4981fd24/screenshot'
20:37:14.714 [AsyncHttpClient-1-8] DEBUG org.asynchttpclient.netty.handler.HttpHandler - 

Request DefaultFullHttpRequest(decodeResult: success, version: HTTP/1.1, content: EmptyByteBufBE)
GET /session/95900aff8d8566ca4acd96fd4981fd24/screenshot HTTP/1.1
User-Agent: selenium/4.1.2 (java windows)
Cache-Control: no-cache
Content-Type: application/json; charset=utf-8
host: localhost:49850
accept: */*

Response DefaultHttpResponse(decodeResult: success, version: HTTP/1.1)
HTTP/1.1 200 OK
Content-Type: application/json; charset=utf-8
cache-control: no-cache
content-length: 47328

20:37:14.715 [AsyncHttpClient-1-8] DEBUG org.asynchttpclient.netty.channel.ChannelManager - Adding key: http://localhost:49850 for channel [id: 0xb3d81714, L:/127.0.0.1:49476 - R:localhost/127.0.0.1:49850]
20:37:14.720 [main] DEBUG net.serenitybdd.core.photography.Darkroom - Send negative for processing for target\site\serenity\2c5193bd589634ae78037958a369fc4b6bea117810468deb1b803e3dd792b92b.png
20:37:14.735 [Forwarding findElement on session 95900aff8d8566ca4acd96fd4981fd24 to remote] DEBUG org.asynchttpclient.netty.request.NettyRequestSender - Using pooled Channel '[id: 0xb3d81714, L:/127.0.0.1:49476 - R:localhost/127.0.0.1:49850]' for 'POST' to 'http://localhost:49850/session/95900aff8d8566ca4acd96fd4981fd24/element'
20:37:14.735 [Forwarding findElement on session 95900aff8d8566ca4acd96fd4981fd24 to remote] DEBUG org.asynchttpclient.netty.request.NettyRequestSender - Using open Channel [id: 0xb3d81714, L:/127.0.0.1:49476 - R:localhost/127.0.0.1:49850] for POST '/session/95900aff8d8566ca4acd96fd4981fd24/element'
20:37:14.750 [AsyncHttpClient-1-8] DEBUG org.asynchttpclient.netty.handler.HttpHandler - 

Request DefaultHttpRequest(decodeResult: success, version: HTTP/1.1)
POST /session/95900aff8d8566ca4acd96fd4981fd24/element HTTP/1.1
User-Agent: selenium/4.1.2 (java windows)
Content-Length: 77
Content-Type: application/json; charset=utf-8
host: localhost:49850
accept: */*

Response DefaultHttpResponse(decodeResult: success, version: HTTP/1.1)
HTTP/1.1 200 OK
Content-Type: application/json; charset=utf-8
cache-control: no-cache
content-length: 88

20:37:14.750 [AsyncHttpClient-1-8] DEBUG org.asynchttpclient.netty.channel.ChannelManager - Adding key: http://localhost:49850 for channel [id: 0xb3d81714, L:/127.0.0.1:49476 - R:localhost/127.0.0.1:49850]
20:37:14.752 [Forwarding getElementTagName on session 95900aff8d8566ca4acd96fd4981fd24 to remote] DEBUG org.asynchttpclient.netty.request.NettyRequestSender - Using pooled Channel '[id: 0xb3d81714, L:/127.0.0.1:49476 - R:localhost/127.0.0.1:49850]' for 'GET' to 'http://localhost:49850/session/95900aff8d8566ca4acd96fd4981fd24/element/c6e68042-73c2-4754-bc54-b53f3ef59b2a/name'
20:37:14.752 [Forwarding getElementTagName on session 95900aff8d8566ca4acd96fd4981fd24 to remote] DEBUG org.asynchttpclient.netty.request.NettyRequestSender - Using open Channel [id: 0xb3d81714, L:/127.0.0.1:49476 - R:localhost/127.0.0.1:49850] for GET '/session/95900aff8d8566ca4acd96fd4981fd24/element/c6e68042-73c2-4754-bc54-b53f3ef59b2a/name'
20:37:14.757 [AsyncHttpClient-1-8] DEBUG org.asynchttpclient.netty.handler.HttpHandler - 

Request DefaultFullHttpRequest(decodeResult: success, version: HTTP/1.1, content: EmptyByteBufBE)
GET /session/95900aff8d8566ca4acd96fd4981fd24/element/c6e68042-73c2-4754-bc54-b53f3ef59b2a/name HTTP/1.1
User-Agent: selenium/4.1.2 (java windows)
Cache-Control: no-cache
Content-Type: application/json; charset=utf-8
host: localhost:49850
accept: */*

Response DefaultHttpResponse(decodeResult: success, version: HTTP/1.1)
HTTP/1.1 200 OK
Content-Type: application/json; charset=utf-8
cache-control: no-cache
content-length: 16

20:37:14.757 [AsyncHttpClient-1-8] DEBUG org.asynchttpclient.netty.channel.ChannelManager - Adding key: http://localhost:49850 for channel [id: 0xb3d81714, L:/127.0.0.1:49476 - R:localhost/127.0.0.1:49850]
20:37:14.760 [Forwarding getElementTagName on session 95900aff8d8566ca4acd96fd4981fd24 to remote] DEBUG org.asynchttpclient.netty.request.NettyRequestSender - Using pooled Channel '[id: 0xb3d81714, L:/127.0.0.1:49476 - R:localhost/127.0.0.1:49850]' for 'GET' to 'http://localhost:49850/session/95900aff8d8566ca4acd96fd4981fd24/element/c6e68042-73c2-4754-bc54-b53f3ef59b2a/name'
20:37:14.761 [Forwarding getElementTagName on session 95900aff8d8566ca4acd96fd4981fd24 to remote] DEBUG org.asynchttpclient.netty.request.NettyRequestSender - Using open Channel [id: 0xb3d81714, L:/127.0.0.1:49476 - R:localhost/127.0.0.1:49850] for GET '/session/95900aff8d8566ca4acd96fd4981fd24/element/c6e68042-73c2-4754-bc54-b53f3ef59b2a/name'
20:37:14.765 [AsyncHttpClient-1-8] DEBUG org.asynchttpclient.netty.handler.HttpHandler - 

Request DefaultFullHttpRequest(decodeResult: success, version: HTTP/1.1, content: EmptyByteBufBE)
GET /session/95900aff8d8566ca4acd96fd4981fd24/element/c6e68042-73c2-4754-bc54-b53f3ef59b2a/name HTTP/1.1
User-Agent: selenium/4.1.2 (java windows)
Cache-Control: no-cache
Content-Type: application/json; charset=utf-8
host: localhost:49850
accept: */*

Response DefaultHttpResponse(decodeResult: success, version: HTTP/1.1)
HTTP/1.1 200 OK
Content-Type: application/json; charset=utf-8
cache-control: no-cache
content-length: 16

20:37:14.765 [AsyncHttpClient-1-8] DEBUG org.asynchttpclient.netty.channel.ChannelManager - Adding key: http://localhost:49850 for channel [id: 0xb3d81714, L:/127.0.0.1:49476 - R:localhost/127.0.0.1:49850]
20:37:14.768 [Forwarding findElement on session 95900aff8d8566ca4acd96fd4981fd24 to remote] DEBUG org.asynchttpclient.netty.request.NettyRequestSender - Using pooled Channel '[id: 0xb3d81714, L:/127.0.0.1:49476 - R:localhost/127.0.0.1:49850]' for 'POST' to 'http://localhost:49850/session/95900aff8d8566ca4acd96fd4981fd24/element'
20:37:14.768 [Forwarding findElement on session 95900aff8d8566ca4acd96fd4981fd24 to remote] DEBUG org.asynchttpclient.netty.request.NettyRequestSender - Using open Channel [id: 0xb3d81714, L:/127.0.0.1:49476 - R:localhost/127.0.0.1:49850] for POST '/session/95900aff8d8566ca4acd96fd4981fd24/element'
20:37:14.777 [AsyncHttpClient-1-8] DEBUG org.asynchttpclient.netty.handler.HttpHandler - 

Request DefaultHttpRequest(decodeResult: success, version: HTTP/1.1)
POST /session/95900aff8d8566ca4acd96fd4981fd24/element HTTP/1.1
User-Agent: selenium/4.1.2 (java windows)
Content-Length: 77
Content-Type: application/json; charset=utf-8
host: localhost:49850
accept: */*

Response DefaultHttpResponse(decodeResult: success, version: HTTP/1.1)
HTTP/1.1 200 OK
Content-Type: application/json; charset=utf-8
cache-control: no-cache
content-length: 88

20:37:14.777 [AsyncHttpClient-1-8] DEBUG org.asynchttpclient.netty.channel.ChannelManager - Adding key: http://localhost:49850 for channel [id: 0xb3d81714, L:/127.0.0.1:49476 - R:localhost/127.0.0.1:49850]
20:37:14.778 [Forwarding clickElement on session 95900aff8d8566ca4acd96fd4981fd24 to remote] DEBUG org.asynchttpclient.netty.request.NettyRequestSender - Using pooled Channel '[id: 0xb3d81714, L:/127.0.0.1:49476 - R:localhost/127.0.0.1:49850]' for 'POST' to 'http://localhost:49850/session/95900aff8d8566ca4acd96fd4981fd24/element/c6e68042-73c2-4754-bc54-b53f3ef59b2a/click'
20:37:14.779 [Forwarding clickElement on session 95900aff8d8566ca4acd96fd4981fd24 to remote] DEBUG org.asynchttpclient.netty.request.NettyRequestSender - Using open Channel [id: 0xb3d81714, L:/127.0.0.1:49476 - R:localhost/127.0.0.1:49850] for POST '/session/95900aff8d8566ca4acd96fd4981fd24/element/c6e68042-73c2-4754-bc54-b53f3ef59b2a/click'
20:37:14.822 [AsyncHttpClient-1-8] DEBUG org.asynchttpclient.netty.handler.HttpHandler - 

Request DefaultHttpRequest(decodeResult: success, version: HTTP/1.1)
POST /session/95900aff8d8566ca4acd96fd4981fd24/element/c6e68042-73c2-4754-bc54-b53f3ef59b2a/click HTTP/1.1
User-Agent: selenium/4.1.2 (java windows)
Content-Length: 50
Content-Type: application/json; charset=utf-8
host: localhost:49850
accept: */*

Response DefaultHttpResponse(decodeResult: success, version: HTTP/1.1)
HTTP/1.1 200 OK
Content-Type: application/json; charset=utf-8
cache-control: no-cache
content-length: 14

20:37:14.823 [AsyncHttpClient-1-8] DEBUG org.asynchttpclient.netty.channel.ChannelManager - Adding key: http://localhost:49850 for channel [id: 0xb3d81714, L:/127.0.0.1:49476 - R:localhost/127.0.0.1:49850]
  &amp#27;[32mAnd &amp#27;[0m&amp#27;[32mI click minus logo&amp#27;[0m                   &amp#27;[90m# starter.stepdefinitions.CartSteps.iClickMinusLogo()&amp#27;[0m
20:37:14.843 [Forwarding screenshot on session 95900aff8d8566ca4acd96fd4981fd24 to remote] DEBUG org.asynchttpclient.netty.request.NettyRequestSender - Using pooled Channel '[id: 0xb3d81714, L:/127.0.0.1:49476 - R:localhost/127.0.0.1:49850]' for 'GET' to 'http://localhost:49850/session/95900aff8d8566ca4acd96fd4981fd24/screenshot'
20:37:14.843 [Forwarding screenshot on session 95900aff8d8566ca4acd96fd4981fd24 to remote] DEBUG org.asynchttpclient.netty.request.NettyRequestSender - Using open Channel [id: 0xb3d81714, L:/127.0.0.1:49476 - R:localhost/127.0.0.1:49850] for GET '/session/95900aff8d8566ca4acd96fd4981fd24/screenshot'
20:37:14.980 [AsyncHttpClient-1-1] DEBUG org.asynchttpclient.netty.channel.DefaultChannelPool - Entry count for : http://localhost:49477 : 1
20:37:15.117 [AsyncHttpClient-1-8] DEBUG org.asynchttpclient.netty.handler.HttpHandler - 

Request DefaultFullHttpRequest(decodeResult: success, version: HTTP/1.1, content: EmptyByteBufBE)
GET /session/95900aff8d8566ca4acd96fd4981fd24/screenshot HTTP/1.1
User-Agent: selenium/4.1.2 (java windows)
Cache-Control: no-cache
Content-Type: application/json; charset=utf-8
host: localhost:49850
accept: */*

Response DefaultHttpResponse(decodeResult: success, version: HTTP/1.1)
HTTP/1.1 200 OK
Content-Type: application/json; charset=utf-8
cache-control: no-cache
content-length: 26992

20:37:15.118 [AsyncHttpClient-1-8] DEBUG org.asynchttpclient.netty.channel.ChannelManager - Adding key: http://localhost:49850 for channel [id: 0xb3d81714, L:/127.0.0.1:49476 - R:localhost/127.0.0.1:49850]
20:37:15.120 [main] DEBUG net.serenitybdd.core.photography.Darkroom - Send negative for processing for target\site\serenity\63892e4db1bc265b96c5f29734a8ef6a71b88aacba3df8510194638dad18abdc.png
20:37:15.121 [Darkroom Processing Line] DEBUG net.serenitybdd.core.photography.DarkroomProcessingLine - Processing screenshot image in /var/screenshots/screenshot-10631181625072397257
20:37:15.121 [Darkroom Processing Line] DEBUG net.serenitybdd.core.photography.DarkroomProcessingLine - Saving screenshot to target\site\serenity\63892e4db1bc265b96c5f29734a8ef6a71b88aacba3df8510194638dad18abdc.png
20:37:15.135 [Forwarding findElement on session 95900aff8d8566ca4acd96fd4981fd24 to remote] DEBUG org.asynchttpclient.netty.request.NettyRequestSender - Using pooled Channel '[id: 0xb3d81714, L:/127.0.0.1:49476 - R:localhost/127.0.0.1:49850]' for 'POST' to 'http://localhost:49850/session/95900aff8d8566ca4acd96fd4981fd24/element'
20:37:15.135 [Forwarding findElement on session 95900aff8d8566ca4acd96fd4981fd24 to remote] DEBUG org.asynchttpclient.netty.request.NettyRequestSender - Using open Channel [id: 0xb3d81714, L:/127.0.0.1:49476 - R:localhost/127.0.0.1:49850] for POST '/session/95900aff8d8566ca4acd96fd4981fd24/element'
20:37:15.152 [AsyncHttpClient-1-8] DEBUG org.asynchttpclient.netty.handler.HttpHandler - 

Request DefaultHttpRequest(decodeResult: success, version: HTTP/1.1)
POST /session/95900aff8d8566ca4acd96fd4981fd24/element HTTP/1.1
User-Agent: selenium/4.1.2 (java windows)
Content-Length: 89
Content-Type: application/json; charset=utf-8
host: localhost:49850
accept: */*

Response DefaultHttpResponse(decodeResult: success, version: HTTP/1.1)
HTTP/1.1 200 OK
Content-Type: application/json; charset=utf-8
cache-control: no-cache
content-length: 88

20:37:15.153 [AsyncHttpClient-1-8] DEBUG org.asynchttpclient.netty.channel.ChannelManager - Adding key: http://localhost:49850 for channel [id: 0xb3d81714, L:/127.0.0.1:49476 - R:localhost/127.0.0.1:49850]
20:37:15.160 [Forwarding isElementDisplayed on session 95900aff8d8566ca4acd96fd4981fd24 to remote] DEBUG org.asynchttpclient.netty.request.NettyRequestSender - Using pooled Channel '[id: 0xb3d81714, L:/127.0.0.1:49476 - R:localhost/127.0.0.1:49850]' for 'POST' to 'http://localhost:49850/session/95900aff8d8566ca4acd96fd4981fd24/execute/sync'
20:37:15.160 [Forwarding isElementDisplayed on session 95900aff8d8566ca4acd96fd4981fd24 to remote] DEBUG org.asynchttpclient.netty.request.NettyRequestSender - Using open Channel [id: 0xb3d81714, L:/127.0.0.1:49476 - R:localhost/127.0.0.1:49850] for POST '/session/95900aff8d8566ca4acd96fd4981fd24/execute/sync'
20:37:15.181 [AsyncHttpClient-1-8] DEBUG org.asynchttpclient.netty.handler.HttpHandler - 

Request DefaultHttpRequest(decodeResult: success, version: HTTP/1.1)
POST /session/95900aff8d8566ca4acd96fd4981fd24/execute/sync HTTP/1.1
User-Agent: selenium/4.1.2 (java windows)
Content-Length: 48780
Content-Type: application/json; charset=utf-8
host: localhost:49850
accept: */*

Response DefaultHttpResponse(decodeResult: success, version: HTTP/1.1)
HTTP/1.1 200 OK
Content-Type: application/json; charset=utf-8
cache-control: no-cache
content-length: 14

20:37:15.181 [AsyncHttpClient-1-8] DEBUG org.asynchttpclient.netty.channel.ChannelManager - Adding key: http://localhost:49850 for channel [id: 0xb3d81714, L:/127.0.0.1:49476 - R:localhost/127.0.0.1:49850]
  &amp#27;[32mThen &amp#27;[0m&amp#27;[32mThe product is deleted from my cart&amp#27;[0m &amp#27;[90m# starter.stepdefinitions.CartSteps.theProductIsDeletedFromMyCart()&amp#27;[0m
20:37:15.188 [Forwarding screenshot on session 95900aff8d8566ca4acd96fd4981fd24 to remote] DEBUG org.asynchttpclient.netty.request.NettyRequestSender - Using pooled Channel '[id: 0xb3d81714, L:/127.0.0.1:49476 - R:localhost/127.0.0.1:49850]' for 'GET' to 'http://localhost:49850/session/95900aff8d8566ca4acd96fd4981fd24/screenshot'
20:37:15.188 [Forwarding screenshot on session 95900aff8d8566ca4acd96fd4981fd24 to remote] DEBUG org.asynchttpclient.netty.request.NettyRequestSender - Using open Channel [id: 0xb3d81714, L:/127.0.0.1:49476 - R:localhost/127.0.0.1:49850] for GET '/session/95900aff8d8566ca4acd96fd4981fd24/screenshot'
20:37:15.348 [AsyncHttpClient-1-8] DEBUG org.asynchttpclient.netty.handler.HttpHandler - 

Request DefaultFullHttpRequest(decodeResult: success, version: HTTP/1.1, content: EmptyByteBufBE)
GET /session/95900aff8d8566ca4acd96fd4981fd24/screenshot HTTP/1.1
User-Agent: selenium/4.1.2 (java windows)
Cache-Control: no-cache
Content-Type: application/json; charset=utf-8
host: localhost:49850
accept: */*

Response DefaultHttpResponse(decodeResult: success, version: HTTP/1.1)
HTTP/1.1 200 OK
Content-Type: application/json; charset=utf-8
cache-control: no-cache
content-length: 26392

20:37:15.349 [AsyncHttpClient-1-8] DEBUG org.asynchttpclient.netty.channel.ChannelManager - Adding key: http://localhost:49850 for channel [id: 0xb3d81714, L:/127.0.0.1:49476 - R:localhost/127.0.0.1:49850]
20:37:15.350 [main] DEBUG net.serenitybdd.core.photography.Darkroom - Send negative for processing for target\site\serenity\e4fef15195a022b196c355ed7e36381d0a50a77a474d2ff091777bfde7161c7e.png
20:37:15.351 [Darkroom Processing Line] DEBUG net.serenitybdd.core.photography.DarkroomProcessingLine - Processing screenshot image in /var/screenshots/screenshot-7154336243699786869
20:37:15.351 [Darkroom Processing Line] DEBUG net.serenitybdd.core.photography.DarkroomProcessingLine - Saving screenshot to target\site\serenity\e4fef15195a022b196c355ed7e36381d0a50a77a474d2ff091777bfde7161c7e.png
20:37:15.352 [main] INFO  - 
  _____   ___   ___   _____     ___     _     ___   ___   ___   ___  
 |_   _| | __| / __| |_   _|   | _ \   /_\   / __| / __| | __| |   \ 
   | |   | _|  \__ \   | |     |  _/  / _ \  \__ \ \__ \ | _|  | |) |
   |_|   |___| |___/   |_|     |_|   /_/ \_\ |___/ |___/ |___| |___/ 

Delete Product From Cart
----------------------------------------------------------------------
20:37:15.354 [AsyncHttpClient-1-10] DEBUG org.asynchttpclient.netty.handler.WebSocketHandler - Channel Closed: [id: 0xce8431c0, L:/127.0.0.1:49484 ! R:localhost/127.0.0.1:49477] with attribute NettyResponseFuture{currentRetry=5,
	isDone=1,
	isCancelled=0,
	asyncHandler=org.asynchttpclient.ws.WebSocketUpgradeHandler@56a3d6bb,
	nettyRequest=org.asynchttpclient.netty.request.NettyRequest@13a1420b,
	future=java.util.concurrent.CompletableFuture@12950051[Completed normally],
	uri=ws://localhost:49477/devtools/browser/2b14003a-9324-4935-ad21-56647b81f4bd,
	keepAlive=true,
	redirectCount=0,
	timeoutsHolder=null,
	inAuth=0,
	touch=1667223430629}
20:37:15.354 [AsyncHttpClient-1-10] DEBUG org.asynchttpclient.netty.channel.ChannelManager - Closing Channel [id: 0xce8431c0, L:/127.0.0.1:49484 ! R:localhost/127.0.0.1:49477] 
20:37:15.355 [Driver Command Executor] DEBUG org.asynchttpclient.netty.request.NettyRequestSender - Using pooled Channel '[id: 0xb3d81714, L:/127.0.0.1:49476 - R:localhost/127.0.0.1:49850]' for 'DELETE' to 'http://localhost:49850/session/95900aff8d8566ca4acd96fd4981fd24'
20:37:15.355 [Driver Command Executor] DEBUG org.asynchttpclient.netty.request.NettyRequestSender - Using open Channel [id: 0xb3d81714, L:/127.0.0.1:49476 - R:localhost/127.0.0.1:49850] for DELETE '/session/95900aff8d8566ca4acd96fd4981fd24'
20:37:15.430 [AsyncHttpClient-1-9] DEBUG org.asynchttpclient.netty.handler.HttpHandler - Unexpected I/O exception on channel [id: 0x808b545b, L:/127.0.0.1:49483 - R:localhost/127.0.0.1:49477]
java.net.SocketException: Connection reset
	at java.base/sun.nio.ch.SocketChannelImpl.throwConnectionReset(SocketChannelImpl.java:345)
	at java.base/sun.nio.ch.SocketChannelImpl.read(SocketChannelImpl.java:376)
	at io.netty.buffer.PooledByteBuf.setBytes(PooledByteBuf.java:258)
	at io.netty.buffer.AbstractByteBuf.writeBytes(AbstractByteBuf.java:1132)
	at io.netty.channel.socket.nio.NioSocketChannel.doReadBytes(NioSocketChannel.java:350)
	at io.netty.channel.nio.AbstractNioByteChannel$NioByteUnsafe.read(AbstractNioByteChannel.java:151)
	at io.netty.channel.nio.NioEventLoop.processSelectedKey(NioEventLoop.java:722)
	at io.netty.channel.nio.NioEventLoop.processSelectedKeysOptimized(NioEventLoop.java:658)
	at io.netty.channel.nio.NioEventLoop.processSelectedKeys(NioEventLoop.java:584)
	at io.netty.channel.nio.NioEventLoop.run(NioEventLoop.java:496)
	at io.netty.util.concurrent.SingleThreadEventExecutor$4.run(SingleThreadEventExecutor.java:986)
	at io.netty.util.internal.ThreadExecutorMap$2.run(ThreadExecutorMap.java:74)
	at io.netty.util.concurrent.FastThreadLocalRunnable.run(FastThreadLocalRunnable.java:30)
	at java.base/java.lang.Thread.run(Thread.java:830)
20:37:15.430 [AsyncHttpClient-1-9] DEBUG org.asynchttpclient.netty.channel.ChannelManager - Closing Channel [id: 0x808b545b, L:/127.0.0.1:49483 - R:localhost/127.0.0.1:49477] 
20:37:15.431 [AsyncHttpClient-1-9] DEBUG org.asynchttpclient.netty.handler.HttpHandler - Channel Closed: [id: 0x808b545b, L:/127.0.0.1:49483 ! R:localhost/127.0.0.1:49477] with attribute DISCARD
20:37:15.451 [AsyncHttpClient-1-8] DEBUG org.asynchttpclient.netty.handler.HttpHandler - 

Request DefaultFullHttpRequest(decodeResult: success, version: HTTP/1.1, content: EmptyByteBufBE)
DELETE /session/95900aff8d8566ca4acd96fd4981fd24 HTTP/1.1
User-Agent: selenium/4.1.2 (java windows)
Content-Type: application/json; charset=utf-8
host: localhost:49850
accept: */*

Response DefaultHttpResponse(decodeResult: success, version: HTTP/1.1)
HTTP/1.1 200 OK
Content-Type: application/json; charset=utf-8
cache-control: no-cache
content-length: 14

20:37:15.451 [AsyncHttpClient-1-8] DEBUG org.asynchttpclient.netty.channel.ChannelManager - Adding key: http://localhost:49850 for channel [id: 0xb3d81714, L:/127.0.0.1:49476 - R:localhost/127.0.0.1:49850]
20:37:15.516 [AsyncHttpClient-1-8] DEBUG org.asynchttpclient.netty.handler.HttpHandler - Channel Closed: [id: 0xb3d81714, L:/127.0.0.1:49476 ! R:localhost/127.0.0.1:49850] with attribute DISCARD
]]></system-out>
    <system-err><![CDATA[Starting ChromeDriver 106.0.5249.61 (511755355844955cd3e264779baf0dd38212a4d0-refs/branch-heads/5249@{#569}) on port 49850
Only local connections are allowed.
Please see https://chromedriver.chromium.org/security-considerations for suggestions on keeping ChromeDriver safe.
ChromeDriver was started successfully.
[1667223430.420][WARNING]: This version of ChromeDriver has not been tested with Chrome version 107.
Oct 31, 2022 8:37:10 PM org.openqa.selenium.remote.ProtocolHandshake createSession
INFO: Detected dialect: W3C
Oct 31, 2022 8:37:10 PM org.openqa.selenium.devtools.CdpVersionFinder findNearestMatch
WARNING: Unable to find an exact match for CDP version 107, so returning the closest version found: a no-op implementation
Oct 31, 2022 8:37:10 PM org.openqa.selenium.devtools.CdpVersionFinder findNearestMatch
INFO: Unable to find CDP implementation matching 107.
Oct 31, 2022 8:37:10 PM org.openqa.selenium.chromium.ChromiumDriver lambda$new$3
WARNING: Unable to find version of CDP to use for . You may need to include a dependency on a specific version of the CDP using something similar to `org.seleniumhq.selenium:selenium-devtools-v86:4.1.2` where the version ("v86") matches the version of the chromium-based browser you're using and the version number of the artifact is the same as Selenium's.
]]></system-err>
  </testcase>
  <testcase name="Add Product Quantity" classname="Manage Cart" time="8.82">
    <system-out><![CDATA[
@Cart
Scenario: Add Product Quantity          &amp#27;[90m# src/test/resources/features/Cart.feature:26&amp#27;[0m
20:37:16.047 [main] INFO io.cucumber.core.plugin.SerenityReporter - Running feature from file:///C:/Users/ASUS/Desktop/stupen/miniproject/Web/ASWeb/src/test/resources/features/Cart.feature
20:37:16.050 [main] INFO  - 
  _____   ___   ___   _____     ___   _____     _     ___   _____   ___   ___  
 |_   _| | __| / __| |_   _|   / __| |_   _|   /_\   | _ \ |_   _| | __| |   \ 
   | |   | _|  \__ \   | |     \__ \   | |    / _ \  |   /   | |   | _|  | |) |
   |_|   |___| |___/   |_|     |___/   |_|   /_/ \_\ |_|_\   |_|   |___| |___/ 

Add Product Quantity(manage-cart;add-product-quantity)
--------------------------------------------------------------------------------
20:37:16.066 [main] INFO net.serenitybdd.core.webdriver.driverproviders.ChromeDriverProvider - Using automatically driver download
20:37:16.081 [AsyncHttpClient-1-1] DEBUG org.asynchttpclient.netty.channel.DefaultChannelPool - Entry count for : http://localhost:49477 : 1
20:37:16.081 [AsyncHttpClient-1-1] DEBUG org.asynchttpclient.netty.channel.DefaultChannelPool - Entry count for : http://localhost:49850 : 1
20:37:16.081 [AsyncHttpClient-1-1] DEBUG org.asynchttpclient.netty.channel.DefaultChannelPool - Adding Candidate expired Channel [id: 0x808b545b, L:/127.0.0.1:49483 ! R:localhost/127.0.0.1:49477] isIdleTimeoutExpired=false isRemotelyClosed=true isTtlExpired=false
20:37:16.081 [AsyncHttpClient-1-1] DEBUG org.asynchttpclient.netty.channel.DefaultChannelPool - Closing Idle Channel [id: 0x808b545b, L:/127.0.0.1:49483 ! R:localhost/127.0.0.1:49477]
20:37:16.081 [AsyncHttpClient-1-1] DEBUG org.asynchttpclient.netty.channel.DefaultChannelPool - Adding Candidate expired Channel [id: 0xb3d81714, L:/127.0.0.1:49476 ! R:localhost/127.0.0.1:49850] isIdleTimeoutExpired=false isRemotelyClosed=true isTtlExpired=false
20:37:16.081 [AsyncHttpClient-1-1] DEBUG org.asynchttpclient.netty.channel.DefaultChannelPool - Closing Idle Channel [id: 0xb3d81714, L:/127.0.0.1:49476 ! R:localhost/127.0.0.1:49850]
20:37:16.081 [AsyncHttpClient-1-1] DEBUG org.asynchttpclient.netty.channel.DefaultChannelPool - Closed 2 connections out of 2 in 0 ms
20:37:16.205 [main] DEBUG io.github.bonigarcia.wdm.cache.ResolutionCache - Resolution chrome=107 in cache (valid until 20:37:19 31/10/2022 WIB)
20:37:16.212 [main] DEBUG io.github.bonigarcia.wdm.cache.ResolutionCache - Resolution chrome107=107.0.5304.62 in cache (valid until 19:37:19 01/11/2022 WIB)
20:37:16.215 [main] INFO io.github.bonigarcia.wdm.WebDriverManager - Using chromedriver 107.0.5304.62 (resolved driver for Chrome 107)
20:37:16.237 [main] DEBUG io.github.bonigarcia.wdm.WebDriverManager - Driver chromedriver 107.0.5304.62 found in cache
20:37:16.238 [main] INFO io.github.bonigarcia.wdm.WebDriverManager - Exporting webdriver.chrome.driver as C:\Users\ASUS\.cache\selenium\chromedriver\win32\107.0.5304.62\chromedriver.exe
20:37:16.412 [main] DEBUG net.serenitybdd.core.webdriver.driverproviders.ProvideNewDriver - Instantiating driver
20:37:16.412 [main] DEBUG net.serenitybdd.core.webdriver.driverproviders.ProvideNewDriver - Driver capabilities: Capabilities {acceptInsecureCerts: false, base.url: https://alta-shop.vercel.app/, browserName: chrome, chrome.driver: src/test/resources/webdrive..., driver: chrome, goog:chromeOptions: {args: [], extensions: []}, wait.for.timeout: 10000}
20:37:16.970 [AsyncHttpClient-1-11] DEBUG org.asynchttpclient.netty.channel.NettyConnectListener - Using new Channel '[id: 0x95bc51c5, L:/127.0.0.1:49509 - R:localhost/127.0.0.1:59940]' for 'POST' to '/session'
20:37:18.554 [AsyncHttpClient-1-11] DEBUG org.asynchttpclient.netty.handler.HttpHandler - 

Request DefaultHttpRequest(decodeResult: success, version: HTTP/1.1)
POST /session HTTP/1.1
User-Agent: selenium/4.1.2 (java windows)
Content-Length: 646
Content-Type: application/json; charset=utf-8
host: localhost:59940
accept: */*

Response DefaultHttpResponse(decodeResult: success, version: HTTP/1.1)
HTTP/1.1 200 OK
Content-Type: application/json; charset=utf-8
cache-control: no-cache
content-length: 787

20:37:18.554 [AsyncHttpClient-1-11] DEBUG org.asynchttpclient.netty.channel.ChannelManager - Adding key: http://localhost:59940 for channel [id: 0x95bc51c5, L:/127.0.0.1:49509 - R:localhost/127.0.0.1:59940]
20:37:18.578 [AsyncHttpClient-1-12] DEBUG org.asynchttpclient.netty.channel.NettyConnectListener - Using new Channel '[id: 0x73485bb1, L:/127.0.0.1:49517 - R:localhost/127.0.0.1:49510]' for 'GET' to '/json/version'
20:37:18.592 [AsyncHttpClient-1-12] DEBUG org.asynchttpclient.netty.handler.HttpHandler - 

Request DefaultFullHttpRequest(decodeResult: success, version: HTTP/1.1, content: EmptyByteBufBE)
GET /json/version HTTP/1.1
User-Agent: selenium/4.1.2 (java windows)
host: localhost:49510
accept: */*

Response DefaultHttpResponse(decodeResult: success, version: HTTP/1.1)
HTTP/1.1 200 OK
Content-Type: application/json; charset=UTF-8
content-length: 423

20:37:18.592 [AsyncHttpClient-1-12] DEBUG org.asynchttpclient.netty.channel.ChannelManager - Adding key: http://localhost:49510 for channel [id: 0x73485bb1, L:/127.0.0.1:49517 - R:localhost/127.0.0.1:49510]
20:37:18.611 [AsyncHttpClient-1-13] DEBUG org.asynchttpclient.netty.channel.NettyConnectListener - Using new Channel '[id: 0x145347f4, L:/127.0.0.1:49518 - R:localhost/127.0.0.1:49510]' for 'GET' to '/devtools/browser/d8874b37-a0e0-4107-b570-9430d18d4680'
20:37:18.633 [AsyncHttpClient-1-13] DEBUG org.asynchttpclient.netty.handler.WebSocketHandler - 

Request DefaultFullHttpRequest(decodeResult: success, version: HTTP/1.1, content: EmptyByteBufBE)
GET /devtools/browser/d8874b37-a0e0-4107-b570-9430d18d4680 HTTP/1.1
upgrade: websocket
connection: upgrade
sec-websocket-key: qrbwu0NSdkEuEGob7EXkTQ==
sec-websocket-version: 13
origin: http://localhost:49510
host: localhost:49510
accept: */*
user-agent: AHC/2.1

Response DefaultHttpResponse(decodeResult: success, version: HTTP/1.1)
HTTP/1.1 101 WebSocket Protocol Handshake
Upgrade: WebSocket
Connection: Upgrade
Sec-WebSocket-Accept: a6rlTJUigVyCOuL/b1Lg/1PqA2o=

20:37:18.650 [Forwarding get on session 7669f468be53ad014a9b32599b09d3a8 to remote] DEBUG org.asynchttpclient.netty.request.NettyRequestSender - Using pooled Channel '[id: 0x95bc51c5, L:/127.0.0.1:49509 - R:localhost/127.0.0.1:59940]' for 'POST' to 'http://localhost:59940/session/7669f468be53ad014a9b32599b09d3a8/url'
20:37:18.651 [Forwarding get on session 7669f468be53ad014a9b32599b09d3a8 to remote] DEBUG org.asynchttpclient.netty.request.NettyRequestSender - Using open Channel [id: 0x95bc51c5, L:/127.0.0.1:49509 - R:localhost/127.0.0.1:59940] for POST '/session/7669f468be53ad014a9b32599b09d3a8/url'
20:37:19.388 [AsyncHttpClient-1-1] DEBUG org.asynchttpclient.netty.channel.DefaultChannelPool - Entry count for : http://localhost:49510 : 1
20:37:19.779 [AsyncHttpClient-1-11] DEBUG org.asynchttpclient.netty.handler.HttpHandler - 

Request DefaultHttpRequest(decodeResult: success, version: HTTP/1.1)
POST /session/7669f468be53ad014a9b32599b09d3a8/url HTTP/1.1
User-Agent: selenium/4.1.2 (java windows)
Content-Length: 59
Content-Type: application/json; charset=utf-8
host: localhost:59940
accept: */*

Response DefaultHttpResponse(decodeResult: success, version: HTTP/1.1)
HTTP/1.1 200 OK
Content-Type: application/json; charset=utf-8
cache-control: no-cache
content-length: 14

20:37:19.779 [AsyncHttpClient-1-11] DEBUG org.asynchttpclient.netty.channel.ChannelManager - Adding key: http://localhost:59940 for channel [id: 0x95bc51c5, L:/127.0.0.1:49509 - R:localhost/127.0.0.1:59940]
20:37:19.783 [Forwarding setTimeout on session 7669f468be53ad014a9b32599b09d3a8 to remote] DEBUG org.asynchttpclient.netty.request.NettyRequestSender - Using pooled Channel '[id: 0x95bc51c5, L:/127.0.0.1:49509 - R:localhost/127.0.0.1:59940]' for 'POST' to 'http://localhost:59940/session/7669f468be53ad014a9b32599b09d3a8/timeouts'
20:37:19.783 [Forwarding setTimeout on session 7669f468be53ad014a9b32599b09d3a8 to remote] DEBUG org.asynchttpclient.netty.request.NettyRequestSender - Using open Channel [id: 0x95bc51c5, L:/127.0.0.1:49509 - R:localhost/127.0.0.1:59940] for POST '/session/7669f468be53ad014a9b32599b09d3a8/timeouts'
20:37:19.785 [AsyncHttpClient-1-11] DEBUG org.asynchttpclient.netty.handler.HttpHandler - 

Request DefaultHttpRequest(decodeResult: success, version: HTTP/1.1)
POST /session/7669f468be53ad014a9b32599b09d3a8/timeouts HTTP/1.1
User-Agent: selenium/4.1.2 (java windows)
Content-Length: 22
Content-Type: application/json; charset=utf-8
host: localhost:59940
accept: */*

Response DefaultHttpResponse(decodeResult: success, version: HTTP/1.1)
HTTP/1.1 200 OK
Content-Type: application/json; charset=utf-8
cache-control: no-cache
content-length: 14

20:37:19.785 [AsyncHttpClient-1-11] DEBUG org.asynchttpclient.netty.channel.ChannelManager - Adding key: http://localhost:59940 for channel [id: 0x95bc51c5, L:/127.0.0.1:49509 - R:localhost/127.0.0.1:59940]
20:37:19.792 [Forwarding getCurrentUrl on session 7669f468be53ad014a9b32599b09d3a8 to remote] DEBUG org.asynchttpclient.netty.request.NettyRequestSender - Using pooled Channel '[id: 0x95bc51c5, L:/127.0.0.1:49509 - R:localhost/127.0.0.1:59940]' for 'GET' to 'http://localhost:59940/session/7669f468be53ad014a9b32599b09d3a8/url'
20:37:19.792 [Forwarding getCurrentUrl on session 7669f468be53ad014a9b32599b09d3a8 to remote] DEBUG org.asynchttpclient.netty.request.NettyRequestSender - Using open Channel [id: 0x95bc51c5, L:/127.0.0.1:49509 - R:localhost/127.0.0.1:59940] for GET '/session/7669f468be53ad014a9b32599b09d3a8/url'
20:37:19.803 [AsyncHttpClient-1-11] DEBUG org.asynchttpclient.netty.handler.HttpHandler - 

Request DefaultFullHttpRequest(decodeResult: success, version: HTTP/1.1, content: EmptyByteBufBE)
GET /session/7669f468be53ad014a9b32599b09d3a8/url HTTP/1.1
User-Agent: selenium/4.1.2 (java windows)
Cache-Control: no-cache
Content-Type: application/json; charset=utf-8
host: localhost:59940
accept: */*

Response DefaultHttpResponse(decodeResult: success, version: HTTP/1.1)
HTTP/1.1 200 OK
Content-Type: application/json; charset=utf-8
cache-control: no-cache
content-length: 41

20:37:19.803 [AsyncHttpClient-1-11] DEBUG org.asynchttpclient.netty.channel.ChannelManager - Adding key: http://localhost:59940 for channel [id: 0x95bc51c5, L:/127.0.0.1:49509 - R:localhost/127.0.0.1:59940]
  &amp#27;[32mGiven &amp#27;[0m&amp#27;[32mI open homepage url&amp#27;[0m             &amp#27;[90m# starter.stepdefinitions.CartSteps.iOpenHomepageUrl()&amp#27;[0m
20:37:19.818 [Forwarding screenshot on session 7669f468be53ad014a9b32599b09d3a8 to remote] DEBUG org.asynchttpclient.netty.request.NettyRequestSender - Using pooled Channel '[id: 0x95bc51c5, L:/127.0.0.1:49509 - R:localhost/127.0.0.1:59940]' for 'GET' to 'http://localhost:59940/session/7669f468be53ad014a9b32599b09d3a8/screenshot'
20:37:19.819 [Forwarding screenshot on session 7669f468be53ad014a9b32599b09d3a8 to remote] DEBUG org.asynchttpclient.netty.request.NettyRequestSender - Using open Channel [id: 0x95bc51c5, L:/127.0.0.1:49509 - R:localhost/127.0.0.1:59940] for GET '/session/7669f468be53ad014a9b32599b09d3a8/screenshot'
20:37:20.484 [AsyncHttpClient-1-1] DEBUG org.asynchttpclient.netty.channel.DefaultChannelPool - Entry count for : http://localhost:49510 : 1
20:37:20.775 [AsyncHttpClient-1-11] DEBUG org.asynchttpclient.netty.handler.HttpHandler - 

Request DefaultFullHttpRequest(decodeResult: success, version: HTTP/1.1, content: EmptyByteBufBE)
GET /session/7669f468be53ad014a9b32599b09d3a8/screenshot HTTP/1.1
User-Agent: selenium/4.1.2 (java windows)
Cache-Control: no-cache
Content-Type: application/json; charset=utf-8
host: localhost:59940
accept: */*

Response DefaultHttpResponse(decodeResult: success, version: HTTP/1.1)
HTTP/1.1 200 OK
Content-Type: application/json; charset=utf-8
cache-control: no-cache
content-length: 33636

20:37:20.778 [AsyncHttpClient-1-11] DEBUG org.asynchttpclient.netty.channel.ChannelManager - Adding key: http://localhost:59940 for channel [id: 0x95bc51c5, L:/127.0.0.1:49509 - R:localhost/127.0.0.1:59940]
20:37:20.782 [main] DEBUG net.serenitybdd.core.photography.Darkroom - Send negative for processing for target\site\serenity\667f0b2f2bd35c597ac34ee4aab7c2dab4021c02ee488c2b04d1b918fd605324.png
20:37:20.783 [Darkroom Processing Line] DEBUG net.serenitybdd.core.photography.DarkroomProcessingLine - Processing screenshot image in /var/screenshots/screenshot-8881883376957957901
20:37:20.783 [Darkroom Processing Line] DEBUG net.serenitybdd.core.photography.DarkroomProcessingLine - Saving screenshot to target\site\serenity\667f0b2f2bd35c597ac34ee4aab7c2dab4021c02ee488c2b04d1b918fd605324.png
20:37:20.808 [Forwarding get on session 7669f468be53ad014a9b32599b09d3a8 to remote] DEBUG org.asynchttpclient.netty.request.NettyRequestSender - Using pooled Channel '[id: 0x95bc51c5, L:/127.0.0.1:49509 - R:localhost/127.0.0.1:59940]' for 'POST' to 'http://localhost:59940/session/7669f468be53ad014a9b32599b09d3a8/url'
20:37:20.808 [Forwarding get on session 7669f468be53ad014a9b32599b09d3a8 to remote] DEBUG org.asynchttpclient.netty.request.NettyRequestSender - Using open Channel [id: 0x95bc51c5, L:/127.0.0.1:49509 - R:localhost/127.0.0.1:59940] for POST '/session/7669f468be53ad014a9b32599b09d3a8/url'
20:37:21.156 [AsyncHttpClient-1-11] DEBUG org.asynchttpclient.netty.handler.HttpHandler - 

Request DefaultHttpRequest(decodeResult: success, version: HTTP/1.1)
POST /session/7669f468be53ad014a9b32599b09d3a8/url HTTP/1.1
User-Agent: selenium/4.1.2 (java windows)
Content-Length: 59
Content-Type: application/json; charset=utf-8
host: localhost:59940
accept: */*

Response DefaultHttpResponse(decodeResult: success, version: HTTP/1.1)
HTTP/1.1 200 OK
Content-Type: application/json; charset=utf-8
cache-control: no-cache
content-length: 14

20:37:21.157 [AsyncHttpClient-1-11] DEBUG org.asynchttpclient.netty.channel.ChannelManager - Adding key: http://localhost:59940 for channel [id: 0x95bc51c5, L:/127.0.0.1:49509 - R:localhost/127.0.0.1:59940]
20:37:21.165 [Forwarding getCurrentUrl on session 7669f468be53ad014a9b32599b09d3a8 to remote] DEBUG org.asynchttpclient.netty.request.NettyRequestSender - Using pooled Channel '[id: 0x95bc51c5, L:/127.0.0.1:49509 - R:localhost/127.0.0.1:59940]' for 'GET' to 'http://localhost:59940/session/7669f468be53ad014a9b32599b09d3a8/url'
20:37:21.165 [Forwarding getCurrentUrl on session 7669f468be53ad014a9b32599b09d3a8 to remote] DEBUG org.asynchttpclient.netty.request.NettyRequestSender - Using open Channel [id: 0x95bc51c5, L:/127.0.0.1:49509 - R:localhost/127.0.0.1:59940] for GET '/session/7669f468be53ad014a9b32599b09d3a8/url'
20:37:21.172 [AsyncHttpClient-1-11] DEBUG org.asynchttpclient.netty.handler.HttpHandler - 

Request DefaultFullHttpRequest(decodeResult: success, version: HTTP/1.1, content: EmptyByteBufBE)
GET /session/7669f468be53ad014a9b32599b09d3a8/url HTTP/1.1
User-Agent: selenium/4.1.2 (java windows)
Cache-Control: no-cache
Content-Type: application/json; charset=utf-8
host: localhost:59940
accept: */*

Response DefaultHttpResponse(decodeResult: success, version: HTTP/1.1)
HTTP/1.1 200 OK
Content-Type: application/json; charset=utf-8
cache-control: no-cache
content-length: 41

20:37:21.173 [AsyncHttpClient-1-11] DEBUG org.asynchttpclient.netty.channel.ChannelManager - Adding key: http://localhost:59940 for channel [id: 0x95bc51c5, L:/127.0.0.1:49509 - R:localhost/127.0.0.1:59940]
20:37:21.185 [Forwarding findElement on session 7669f468be53ad014a9b32599b09d3a8 to remote] DEBUG org.asynchttpclient.netty.request.NettyRequestSender - Using pooled Channel '[id: 0x95bc51c5, L:/127.0.0.1:49509 - R:localhost/127.0.0.1:59940]' for 'POST' to 'http://localhost:59940/session/7669f468be53ad014a9b32599b09d3a8/element'
20:37:21.186 [Forwarding findElement on session 7669f468be53ad014a9b32599b09d3a8 to remote] DEBUG org.asynchttpclient.netty.request.NettyRequestSender - Using open Channel [id: 0x95bc51c5, L:/127.0.0.1:49509 - R:localhost/127.0.0.1:59940] for POST '/session/7669f468be53ad014a9b32599b09d3a8/element'
20:37:21.580 [AsyncHttpClient-1-1] DEBUG org.asynchttpclient.netty.channel.DefaultChannelPool - Entry count for : http://localhost:49510 : 1
20:37:22.679 [AsyncHttpClient-1-1] DEBUG org.asynchttpclient.netty.channel.DefaultChannelPool - Entry count for : http://localhost:49510 : 1
20:37:22.758 [AsyncHttpClient-1-11] DEBUG org.asynchttpclient.netty.handler.HttpHandler - 

Request DefaultHttpRequest(decodeResult: success, version: HTTP/1.1)
POST /session/7669f468be53ad014a9b32599b09d3a8/element HTTP/1.1
User-Agent: selenium/4.1.2 (java windows)
Content-Length: 85
Content-Type: application/json; charset=utf-8
host: localhost:59940
accept: */*

Response DefaultHttpResponse(decodeResult: success, version: HTTP/1.1)
HTTP/1.1 200 OK
Content-Type: application/json; charset=utf-8
cache-control: no-cache
content-length: 88

20:37:22.759 [AsyncHttpClient-1-11] DEBUG org.asynchttpclient.netty.channel.ChannelManager - Adding key: http://localhost:59940 for channel [id: 0x95bc51c5, L:/127.0.0.1:49509 - R:localhost/127.0.0.1:59940]
20:37:22.762 [Forwarding getElementTagName on session 7669f468be53ad014a9b32599b09d3a8 to remote] DEBUG org.asynchttpclient.netty.request.NettyRequestSender - Using pooled Channel '[id: 0x95bc51c5, L:/127.0.0.1:49509 - R:localhost/127.0.0.1:59940]' for 'GET' to 'http://localhost:59940/session/7669f468be53ad014a9b32599b09d3a8/element/936a9595-a0f1-4270-9200-0bca443b4ddd/name'
20:37:22.763 [Forwarding getElementTagName on session 7669f468be53ad014a9b32599b09d3a8 to remote] DEBUG org.asynchttpclient.netty.request.NettyRequestSender - Using open Channel [id: 0x95bc51c5, L:/127.0.0.1:49509 - R:localhost/127.0.0.1:59940] for GET '/session/7669f468be53ad014a9b32599b09d3a8/element/936a9595-a0f1-4270-9200-0bca443b4ddd/name'
20:37:22.769 [AsyncHttpClient-1-11] DEBUG org.asynchttpclient.netty.handler.HttpHandler - 

Request DefaultFullHttpRequest(decodeResult: success, version: HTTP/1.1, content: EmptyByteBufBE)
GET /session/7669f468be53ad014a9b32599b09d3a8/element/936a9595-a0f1-4270-9200-0bca443b4ddd/name HTTP/1.1
User-Agent: selenium/4.1.2 (java windows)
Cache-Control: no-cache
Content-Type: application/json; charset=utf-8
host: localhost:59940
accept: */*

Response DefaultHttpResponse(decodeResult: success, version: HTTP/1.1)
HTTP/1.1 200 OK
Content-Type: application/json; charset=utf-8
cache-control: no-cache
content-length: 16

20:37:22.770 [AsyncHttpClient-1-11] DEBUG org.asynchttpclient.netty.channel.ChannelManager - Adding key: http://localhost:59940 for channel [id: 0x95bc51c5, L:/127.0.0.1:49509 - R:localhost/127.0.0.1:59940]
20:37:22.772 [Forwarding getElementTagName on session 7669f468be53ad014a9b32599b09d3a8 to remote] DEBUG org.asynchttpclient.netty.request.NettyRequestSender - Using pooled Channel '[id: 0x95bc51c5, L:/127.0.0.1:49509 - R:localhost/127.0.0.1:59940]' for 'GET' to 'http://localhost:59940/session/7669f468be53ad014a9b32599b09d3a8/element/936a9595-a0f1-4270-9200-0bca443b4ddd/name'
20:37:22.772 [Forwarding getElementTagName on session 7669f468be53ad014a9b32599b09d3a8 to remote] DEBUG org.asynchttpclient.netty.request.NettyRequestSender - Using open Channel [id: 0x95bc51c5, L:/127.0.0.1:49509 - R:localhost/127.0.0.1:59940] for GET '/session/7669f468be53ad014a9b32599b09d3a8/element/936a9595-a0f1-4270-9200-0bca443b4ddd/name'
20:37:22.778 [AsyncHttpClient-1-11] DEBUG org.asynchttpclient.netty.handler.HttpHandler - 

Request DefaultFullHttpRequest(decodeResult: success, version: HTTP/1.1, content: EmptyByteBufBE)
GET /session/7669f468be53ad014a9b32599b09d3a8/element/936a9595-a0f1-4270-9200-0bca443b4ddd/name HTTP/1.1
User-Agent: selenium/4.1.2 (java windows)
Cache-Control: no-cache
Content-Type: application/json; charset=utf-8
host: localhost:59940
accept: */*

Response DefaultHttpResponse(decodeResult: success, version: HTTP/1.1)
HTTP/1.1 200 OK
Content-Type: application/json; charset=utf-8
cache-control: no-cache
content-length: 16

20:37:22.778 [AsyncHttpClient-1-11] DEBUG org.asynchttpclient.netty.channel.ChannelManager - Adding key: http://localhost:59940 for channel [id: 0x95bc51c5, L:/127.0.0.1:49509 - R:localhost/127.0.0.1:59940]
20:37:22.781 [Forwarding findElement on session 7669f468be53ad014a9b32599b09d3a8 to remote] DEBUG org.asynchttpclient.netty.request.NettyRequestSender - Using pooled Channel '[id: 0x95bc51c5, L:/127.0.0.1:49509 - R:localhost/127.0.0.1:59940]' for 'POST' to 'http://localhost:59940/session/7669f468be53ad014a9b32599b09d3a8/element'
20:37:22.781 [Forwarding findElement on session 7669f468be53ad014a9b32599b09d3a8 to remote] DEBUG org.asynchttpclient.netty.request.NettyRequestSender - Using open Channel [id: 0x95bc51c5, L:/127.0.0.1:49509 - R:localhost/127.0.0.1:59940] for POST '/session/7669f468be53ad014a9b32599b09d3a8/element'
20:37:22.791 [AsyncHttpClient-1-11] DEBUG org.asynchttpclient.netty.handler.HttpHandler - 

Request DefaultHttpRequest(decodeResult: success, version: HTTP/1.1)
POST /session/7669f468be53ad014a9b32599b09d3a8/element HTTP/1.1
User-Agent: selenium/4.1.2 (java windows)
Content-Length: 85
Content-Type: application/json; charset=utf-8
host: localhost:59940
accept: */*

Response DefaultHttpResponse(decodeResult: success, version: HTTP/1.1)
HTTP/1.1 200 OK
Content-Type: application/json; charset=utf-8
cache-control: no-cache
content-length: 88

20:37:22.791 [AsyncHttpClient-1-11] DEBUG org.asynchttpclient.netty.channel.ChannelManager - Adding key: http://localhost:59940 for channel [id: 0x95bc51c5, L:/127.0.0.1:49509 - R:localhost/127.0.0.1:59940]
20:37:22.795 [Forwarding clickElement on session 7669f468be53ad014a9b32599b09d3a8 to remote] DEBUG org.asynchttpclient.netty.request.NettyRequestSender - Using pooled Channel '[id: 0x95bc51c5, L:/127.0.0.1:49509 - R:localhost/127.0.0.1:59940]' for 'POST' to 'http://localhost:59940/session/7669f468be53ad014a9b32599b09d3a8/element/936a9595-a0f1-4270-9200-0bca443b4ddd/click'
20:37:22.795 [Forwarding clickElement on session 7669f468be53ad014a9b32599b09d3a8 to remote] DEBUG org.asynchttpclient.netty.request.NettyRequestSender - Using open Channel [id: 0x95bc51c5, L:/127.0.0.1:49509 - R:localhost/127.0.0.1:59940] for POST '/session/7669f468be53ad014a9b32599b09d3a8/element/936a9595-a0f1-4270-9200-0bca443b4ddd/click'
20:37:22.885 [AsyncHttpClient-1-11] DEBUG org.asynchttpclient.netty.handler.HttpHandler - 

Request DefaultHttpRequest(decodeResult: success, version: HTTP/1.1)
POST /session/7669f468be53ad014a9b32599b09d3a8/element/936a9595-a0f1-4270-9200-0bca443b4ddd/click HTTP/1.1
User-Agent: selenium/4.1.2 (java windows)
Content-Length: 50
Content-Type: application/json; charset=utf-8
host: localhost:59940
accept: */*

Response DefaultHttpResponse(decodeResult: success, version: HTTP/1.1)
HTTP/1.1 200 OK
Content-Type: application/json; charset=utf-8
cache-control: no-cache
content-length: 14

20:37:22.885 [AsyncHttpClient-1-11] DEBUG org.asynchttpclient.netty.channel.ChannelManager - Adding key: http://localhost:59940 for channel [id: 0x95bc51c5, L:/127.0.0.1:49509 - R:localhost/127.0.0.1:59940]
  &amp#27;[32mAnd &amp#27;[0m&amp#27;[32mI buy one of the products&amp#27;[0m         &amp#27;[90m# starter.stepdefinitions.CartSteps.iBuyOneOfTheProducts()&amp#27;[0m
20:37:22.893 [Forwarding screenshot on session 7669f468be53ad014a9b32599b09d3a8 to remote] DEBUG org.asynchttpclient.netty.request.NettyRequestSender - Using pooled Channel '[id: 0x95bc51c5, L:/127.0.0.1:49509 - R:localhost/127.0.0.1:59940]' for 'GET' to 'http://localhost:59940/session/7669f468be53ad014a9b32599b09d3a8/screenshot'
20:37:22.893 [Forwarding screenshot on session 7669f468be53ad014a9b32599b09d3a8 to remote] DEBUG org.asynchttpclient.netty.request.NettyRequestSender - Using open Channel [id: 0x95bc51c5, L:/127.0.0.1:49509 - R:localhost/127.0.0.1:59940] for GET '/session/7669f468be53ad014a9b32599b09d3a8/screenshot'
20:37:23.146 [AsyncHttpClient-1-11] DEBUG org.asynchttpclient.netty.handler.HttpHandler - 

Request DefaultFullHttpRequest(decodeResult: success, version: HTTP/1.1, content: EmptyByteBufBE)
GET /session/7669f468be53ad014a9b32599b09d3a8/screenshot HTTP/1.1
User-Agent: selenium/4.1.2 (java windows)
Cache-Control: no-cache
Content-Type: application/json; charset=utf-8
host: localhost:59940
accept: */*

Response DefaultHttpResponse(decodeResult: success, version: HTTP/1.1)
HTTP/1.1 200 OK
Content-Type: application/json; charset=utf-8
cache-control: no-cache
content-length: 77580

20:37:23.147 [AsyncHttpClient-1-11] DEBUG org.asynchttpclient.netty.channel.ChannelManager - Adding key: http://localhost:59940 for channel [id: 0x95bc51c5, L:/127.0.0.1:49509 - R:localhost/127.0.0.1:59940]
20:37:23.149 [main] DEBUG net.serenitybdd.core.photography.Darkroom - Send negative for processing for target\site\serenity\84e9c2cf5350bdd8a216d6303278d452eeb1e0d9d23f4a433b30acd17465de7b.png
20:37:23.150 [Darkroom Processing Line] DEBUG net.serenitybdd.core.photography.DarkroomProcessingLine - Processing screenshot image in /var/screenshots/screenshot-3985958134576571602
20:37:23.150 [Darkroom Processing Line] DEBUG net.serenitybdd.core.photography.DarkroomProcessingLine - Saving screenshot to target\site\serenity\84e9c2cf5350bdd8a216d6303278d452eeb1e0d9d23f4a433b30acd17465de7b.png
20:37:23.158 [Forwarding findElement on session 7669f468be53ad014a9b32599b09d3a8 to remote] DEBUG org.asynchttpclient.netty.request.NettyRequestSender - Using pooled Channel '[id: 0x95bc51c5, L:/127.0.0.1:49509 - R:localhost/127.0.0.1:59940]' for 'POST' to 'http://localhost:59940/session/7669f468be53ad014a9b32599b09d3a8/element'
20:37:23.158 [Forwarding findElement on session 7669f468be53ad014a9b32599b09d3a8 to remote] DEBUG org.asynchttpclient.netty.request.NettyRequestSender - Using open Channel [id: 0x95bc51c5, L:/127.0.0.1:49509 - R:localhost/127.0.0.1:59940] for POST '/session/7669f468be53ad014a9b32599b09d3a8/element'
20:37:23.171 [AsyncHttpClient-1-11] DEBUG org.asynchttpclient.netty.handler.HttpHandler - 

Request DefaultHttpRequest(decodeResult: success, version: HTTP/1.1)
POST /session/7669f468be53ad014a9b32599b09d3a8/element HTTP/1.1
User-Agent: selenium/4.1.2 (java windows)
Content-Length: 88
Content-Type: application/json; charset=utf-8
host: localhost:59940
accept: */*

Response DefaultHttpResponse(decodeResult: success, version: HTTP/1.1)
HTTP/1.1 200 OK
Content-Type: application/json; charset=utf-8
cache-control: no-cache
content-length: 88

20:37:23.171 [AsyncHttpClient-1-11] DEBUG org.asynchttpclient.netty.channel.ChannelManager - Adding key: http://localhost:59940 for channel [id: 0x95bc51c5, L:/127.0.0.1:49509 - R:localhost/127.0.0.1:59940]
20:37:23.172 [Forwarding getElementTagName on session 7669f468be53ad014a9b32599b09d3a8 to remote] DEBUG org.asynchttpclient.netty.request.NettyRequestSender - Using pooled Channel '[id: 0x95bc51c5, L:/127.0.0.1:49509 - R:localhost/127.0.0.1:59940]' for 'GET' to 'http://localhost:59940/session/7669f468be53ad014a9b32599b09d3a8/element/63a639bc-48f5-43c1-ac57-823660686140/name'
20:37:23.172 [Forwarding getElementTagName on session 7669f468be53ad014a9b32599b09d3a8 to remote] DEBUG org.asynchttpclient.netty.request.NettyRequestSender - Using open Channel [id: 0x95bc51c5, L:/127.0.0.1:49509 - R:localhost/127.0.0.1:59940] for GET '/session/7669f468be53ad014a9b32599b09d3a8/element/63a639bc-48f5-43c1-ac57-823660686140/name'
20:37:23.178 [AsyncHttpClient-1-11] DEBUG org.asynchttpclient.netty.handler.HttpHandler - 

Request DefaultFullHttpRequest(decodeResult: success, version: HTTP/1.1, content: EmptyByteBufBE)
GET /session/7669f468be53ad014a9b32599b09d3a8/element/63a639bc-48f5-43c1-ac57-823660686140/name HTTP/1.1
User-Agent: selenium/4.1.2 (java windows)
Cache-Control: no-cache
Content-Type: application/json; charset=utf-8
host: localhost:59940
accept: */*

Response DefaultHttpResponse(decodeResult: success, version: HTTP/1.1)
HTTP/1.1 200 OK
Content-Type: application/json; charset=utf-8
cache-control: no-cache
content-length: 13

20:37:23.178 [AsyncHttpClient-1-11] DEBUG org.asynchttpclient.netty.channel.ChannelManager - Adding key: http://localhost:59940 for channel [id: 0x95bc51c5, L:/127.0.0.1:49509 - R:localhost/127.0.0.1:59940]
20:37:23.179 [Forwarding getElementTagName on session 7669f468be53ad014a9b32599b09d3a8 to remote] DEBUG org.asynchttpclient.netty.request.NettyRequestSender - Using pooled Channel '[id: 0x95bc51c5, L:/127.0.0.1:49509 - R:localhost/127.0.0.1:59940]' for 'GET' to 'http://localhost:59940/session/7669f468be53ad014a9b32599b09d3a8/element/63a639bc-48f5-43c1-ac57-823660686140/name'
20:37:23.180 [Forwarding getElementTagName on session 7669f468be53ad014a9b32599b09d3a8 to remote] DEBUG org.asynchttpclient.netty.request.NettyRequestSender - Using open Channel [id: 0x95bc51c5, L:/127.0.0.1:49509 - R:localhost/127.0.0.1:59940] for GET '/session/7669f468be53ad014a9b32599b09d3a8/element/63a639bc-48f5-43c1-ac57-823660686140/name'
20:37:23.183 [AsyncHttpClient-1-11] DEBUG org.asynchttpclient.netty.handler.HttpHandler - 

Request DefaultFullHttpRequest(decodeResult: success, version: HTTP/1.1, content: EmptyByteBufBE)
GET /session/7669f468be53ad014a9b32599b09d3a8/element/63a639bc-48f5-43c1-ac57-823660686140/name HTTP/1.1
User-Agent: selenium/4.1.2 (java windows)
Cache-Control: no-cache
Content-Type: application/json; charset=utf-8
host: localhost:59940
accept: */*

Response DefaultHttpResponse(decodeResult: success, version: HTTP/1.1)
HTTP/1.1 200 OK
Content-Type: application/json; charset=utf-8
cache-control: no-cache
content-length: 13

20:37:23.183 [AsyncHttpClient-1-11] DEBUG org.asynchttpclient.netty.channel.ChannelManager - Adding key: http://localhost:59940 for channel [id: 0x95bc51c5, L:/127.0.0.1:49509 - R:localhost/127.0.0.1:59940]
20:37:23.185 [Forwarding findElement on session 7669f468be53ad014a9b32599b09d3a8 to remote] DEBUG org.asynchttpclient.netty.request.NettyRequestSender - Using pooled Channel '[id: 0x95bc51c5, L:/127.0.0.1:49509 - R:localhost/127.0.0.1:59940]' for 'POST' to 'http://localhost:59940/session/7669f468be53ad014a9b32599b09d3a8/element'
20:37:23.185 [Forwarding findElement on session 7669f468be53ad014a9b32599b09d3a8 to remote] DEBUG org.asynchttpclient.netty.request.NettyRequestSender - Using open Channel [id: 0x95bc51c5, L:/127.0.0.1:49509 - R:localhost/127.0.0.1:59940] for POST '/session/7669f468be53ad014a9b32599b09d3a8/element'
20:37:23.194 [AsyncHttpClient-1-11] DEBUG org.asynchttpclient.netty.handler.HttpHandler - 

Request DefaultHttpRequest(decodeResult: success, version: HTTP/1.1)
POST /session/7669f468be53ad014a9b32599b09d3a8/element HTTP/1.1
User-Agent: selenium/4.1.2 (java windows)
Content-Length: 88
Content-Type: application/json; charset=utf-8
host: localhost:59940
accept: */*

Response DefaultHttpResponse(decodeResult: success, version: HTTP/1.1)
HTTP/1.1 200 OK
Content-Type: application/json; charset=utf-8
cache-control: no-cache
content-length: 88

20:37:23.194 [AsyncHttpClient-1-11] DEBUG org.asynchttpclient.netty.channel.ChannelManager - Adding key: http://localhost:59940 for channel [id: 0x95bc51c5, L:/127.0.0.1:49509 - R:localhost/127.0.0.1:59940]
20:37:23.196 [Forwarding clickElement on session 7669f468be53ad014a9b32599b09d3a8 to remote] DEBUG org.asynchttpclient.netty.request.NettyRequestSender - Using pooled Channel '[id: 0x95bc51c5, L:/127.0.0.1:49509 - R:localhost/127.0.0.1:59940]' for 'POST' to 'http://localhost:59940/session/7669f468be53ad014a9b32599b09d3a8/element/63a639bc-48f5-43c1-ac57-823660686140/click'
20:37:23.196 [Forwarding clickElement on session 7669f468be53ad014a9b32599b09d3a8 to remote] DEBUG org.asynchttpclient.netty.request.NettyRequestSender - Using open Channel [id: 0x95bc51c5, L:/127.0.0.1:49509 - R:localhost/127.0.0.1:59940] for POST '/session/7669f468be53ad014a9b32599b09d3a8/element/63a639bc-48f5-43c1-ac57-823660686140/click'
20:37:23.234 [AsyncHttpClient-1-11] DEBUG org.asynchttpclient.netty.handler.HttpHandler - 

Request DefaultHttpRequest(decodeResult: success, version: HTTP/1.1)
POST /session/7669f468be53ad014a9b32599b09d3a8/element/63a639bc-48f5-43c1-ac57-823660686140/click HTTP/1.1
User-Agent: selenium/4.1.2 (java windows)
Content-Length: 50
Content-Type: application/json; charset=utf-8
host: localhost:59940
accept: */*

Response DefaultHttpResponse(decodeResult: success, version: HTTP/1.1)
HTTP/1.1 200 OK
Content-Type: application/json; charset=utf-8
cache-control: no-cache
content-length: 14

20:37:23.234 [AsyncHttpClient-1-11] DEBUG org.asynchttpclient.netty.channel.ChannelManager - Adding key: http://localhost:59940 for channel [id: 0x95bc51c5, L:/127.0.0.1:49509 - R:localhost/127.0.0.1:59940]
  &amp#27;[32mWhen &amp#27;[0m&amp#27;[32mI open cart page&amp#27;[0m                 &amp#27;[90m# starter.stepdefinitions.CartSteps.iOpenCartPage()&amp#27;[0m
20:37:23.246 [Forwarding screenshot on session 7669f468be53ad014a9b32599b09d3a8 to remote] DEBUG org.asynchttpclient.netty.request.NettyRequestSender - Using pooled Channel '[id: 0x95bc51c5, L:/127.0.0.1:49509 - R:localhost/127.0.0.1:59940]' for 'GET' to 'http://localhost:59940/session/7669f468be53ad014a9b32599b09d3a8/screenshot'
20:37:23.246 [Forwarding screenshot on session 7669f468be53ad014a9b32599b09d3a8 to remote] DEBUG org.asynchttpclient.netty.request.NettyRequestSender - Using open Channel [id: 0x95bc51c5, L:/127.0.0.1:49509 - R:localhost/127.0.0.1:59940] for GET '/session/7669f468be53ad014a9b32599b09d3a8/screenshot'
20:37:23.588 [AsyncHttpClient-1-11] DEBUG org.asynchttpclient.netty.handler.HttpHandler - 

Request DefaultFullHttpRequest(decodeResult: success, version: HTTP/1.1, content: EmptyByteBufBE)
GET /session/7669f468be53ad014a9b32599b09d3a8/screenshot HTTP/1.1
User-Agent: selenium/4.1.2 (java windows)
Cache-Control: no-cache
Content-Type: application/json; charset=utf-8
host: localhost:59940
accept: */*

Response DefaultHttpResponse(decodeResult: success, version: HTTP/1.1)
HTTP/1.1 200 OK
Content-Type: application/json; charset=utf-8
cache-control: no-cache
content-length: 48552

20:37:23.589 [AsyncHttpClient-1-11] DEBUG org.asynchttpclient.netty.channel.ChannelManager - Adding key: http://localhost:59940 for channel [id: 0x95bc51c5, L:/127.0.0.1:49509 - R:localhost/127.0.0.1:59940]
20:37:23.591 [main] DEBUG net.serenitybdd.core.photography.Darkroom - Send negative for processing for target\site\serenity\0417692d426caa16a06d3b23b01c806fdfdb7d2e05481cdded97037a620554e1.png
20:37:23.592 [Darkroom Processing Line] DEBUG net.serenitybdd.core.photography.DarkroomProcessingLine - Processing screenshot image in /var/screenshots/screenshot-5838148775877400630
20:37:23.592 [Darkroom Processing Line] DEBUG net.serenitybdd.core.photography.DarkroomProcessingLine - Saving screenshot to target\site\serenity\0417692d426caa16a06d3b23b01c806fdfdb7d2e05481cdded97037a620554e1.png
20:37:23.604 [Forwarding findElement on session 7669f468be53ad014a9b32599b09d3a8 to remote] DEBUG org.asynchttpclient.netty.request.NettyRequestSender - Using pooled Channel '[id: 0x95bc51c5, L:/127.0.0.1:49509 - R:localhost/127.0.0.1:59940]' for 'POST' to 'http://localhost:59940/session/7669f468be53ad014a9b32599b09d3a8/element'
20:37:23.604 [Forwarding findElement on session 7669f468be53ad014a9b32599b09d3a8 to remote] DEBUG org.asynchttpclient.netty.request.NettyRequestSender - Using open Channel [id: 0x95bc51c5, L:/127.0.0.1:49509 - R:localhost/127.0.0.1:59940] for POST '/session/7669f468be53ad014a9b32599b09d3a8/element'
20:37:23.616 [AsyncHttpClient-1-11] DEBUG org.asynchttpclient.netty.handler.HttpHandler - 

Request DefaultHttpRequest(decodeResult: success, version: HTTP/1.1)
POST /session/7669f468be53ad014a9b32599b09d3a8/element HTTP/1.1
User-Agent: selenium/4.1.2 (java windows)
Content-Length: 77
Content-Type: application/json; charset=utf-8
host: localhost:59940
accept: */*

Response DefaultHttpResponse(decodeResult: success, version: HTTP/1.1)
HTTP/1.1 200 OK
Content-Type: application/json; charset=utf-8
cache-control: no-cache
content-length: 88

20:37:23.617 [AsyncHttpClient-1-11] DEBUG org.asynchttpclient.netty.channel.ChannelManager - Adding key: http://localhost:59940 for channel [id: 0x95bc51c5, L:/127.0.0.1:49509 - R:localhost/127.0.0.1:59940]
20:37:23.618 [Forwarding getElementTagName on session 7669f468be53ad014a9b32599b09d3a8 to remote] DEBUG org.asynchttpclient.netty.request.NettyRequestSender - Using pooled Channel '[id: 0x95bc51c5, L:/127.0.0.1:49509 - R:localhost/127.0.0.1:59940]' for 'GET' to 'http://localhost:59940/session/7669f468be53ad014a9b32599b09d3a8/element/02f74b6c-3c7b-4721-ae40-1ba2fb4eb5f6/name'
20:37:23.618 [Forwarding getElementTagName on session 7669f468be53ad014a9b32599b09d3a8 to remote] DEBUG org.asynchttpclient.netty.request.NettyRequestSender - Using open Channel [id: 0x95bc51c5, L:/127.0.0.1:49509 - R:localhost/127.0.0.1:59940] for GET '/session/7669f468be53ad014a9b32599b09d3a8/element/02f74b6c-3c7b-4721-ae40-1ba2fb4eb5f6/name'
20:37:23.622 [AsyncHttpClient-1-11] DEBUG org.asynchttpclient.netty.handler.HttpHandler - 

Request DefaultFullHttpRequest(decodeResult: success, version: HTTP/1.1, content: EmptyByteBufBE)
GET /session/7669f468be53ad014a9b32599b09d3a8/element/02f74b6c-3c7b-4721-ae40-1ba2fb4eb5f6/name HTTP/1.1
User-Agent: selenium/4.1.2 (java windows)
Cache-Control: no-cache
Content-Type: application/json; charset=utf-8
host: localhost:59940
accept: */*

Response DefaultHttpResponse(decodeResult: success, version: HTTP/1.1)
HTTP/1.1 200 OK
Content-Type: application/json; charset=utf-8
cache-control: no-cache
content-length: 16

20:37:23.622 [AsyncHttpClient-1-11] DEBUG org.asynchttpclient.netty.channel.ChannelManager - Adding key: http://localhost:59940 for channel [id: 0x95bc51c5, L:/127.0.0.1:49509 - R:localhost/127.0.0.1:59940]
20:37:23.624 [Forwarding getElementTagName on session 7669f468be53ad014a9b32599b09d3a8 to remote] DEBUG org.asynchttpclient.netty.request.NettyRequestSender - Using pooled Channel '[id: 0x95bc51c5, L:/127.0.0.1:49509 - R:localhost/127.0.0.1:59940]' for 'GET' to 'http://localhost:59940/session/7669f468be53ad014a9b32599b09d3a8/element/02f74b6c-3c7b-4721-ae40-1ba2fb4eb5f6/name'
20:37:23.624 [Forwarding getElementTagName on session 7669f468be53ad014a9b32599b09d3a8 to remote] DEBUG org.asynchttpclient.netty.request.NettyRequestSender - Using open Channel [id: 0x95bc51c5, L:/127.0.0.1:49509 - R:localhost/127.0.0.1:59940] for GET '/session/7669f468be53ad014a9b32599b09d3a8/element/02f74b6c-3c7b-4721-ae40-1ba2fb4eb5f6/name'
20:37:23.630 [AsyncHttpClient-1-11] DEBUG org.asynchttpclient.netty.handler.HttpHandler - 

Request DefaultFullHttpRequest(decodeResult: success, version: HTTP/1.1, content: EmptyByteBufBE)
GET /session/7669f468be53ad014a9b32599b09d3a8/element/02f74b6c-3c7b-4721-ae40-1ba2fb4eb5f6/name HTTP/1.1
User-Agent: selenium/4.1.2 (java windows)
Cache-Control: no-cache
Content-Type: application/json; charset=utf-8
host: localhost:59940
accept: */*

Response DefaultHttpResponse(decodeResult: success, version: HTTP/1.1)
HTTP/1.1 200 OK
Content-Type: application/json; charset=utf-8
cache-control: no-cache
content-length: 16

20:37:23.630 [AsyncHttpClient-1-11] DEBUG org.asynchttpclient.netty.channel.ChannelManager - Adding key: http://localhost:59940 for channel [id: 0x95bc51c5, L:/127.0.0.1:49509 - R:localhost/127.0.0.1:59940]
20:37:23.632 [Forwarding findElement on session 7669f468be53ad014a9b32599b09d3a8 to remote] DEBUG org.asynchttpclient.netty.request.NettyRequestSender - Using pooled Channel '[id: 0x95bc51c5, L:/127.0.0.1:49509 - R:localhost/127.0.0.1:59940]' for 'POST' to 'http://localhost:59940/session/7669f468be53ad014a9b32599b09d3a8/element'
20:37:23.632 [Forwarding findElement on session 7669f468be53ad014a9b32599b09d3a8 to remote] DEBUG org.asynchttpclient.netty.request.NettyRequestSender - Using open Channel [id: 0x95bc51c5, L:/127.0.0.1:49509 - R:localhost/127.0.0.1:59940] for POST '/session/7669f468be53ad014a9b32599b09d3a8/element'
20:37:23.638 [AsyncHttpClient-1-11] DEBUG org.asynchttpclient.netty.handler.HttpHandler - 

Request DefaultHttpRequest(decodeResult: success, version: HTTP/1.1)
POST /session/7669f468be53ad014a9b32599b09d3a8/element HTTP/1.1
User-Agent: selenium/4.1.2 (java windows)
Content-Length: 77
Content-Type: application/json; charset=utf-8
host: localhost:59940
accept: */*

Response DefaultHttpResponse(decodeResult: success, version: HTTP/1.1)
HTTP/1.1 200 OK
Content-Type: application/json; charset=utf-8
cache-control: no-cache
content-length: 88

20:37:23.638 [AsyncHttpClient-1-11] DEBUG org.asynchttpclient.netty.channel.ChannelManager - Adding key: http://localhost:59940 for channel [id: 0x95bc51c5, L:/127.0.0.1:49509 - R:localhost/127.0.0.1:59940]
20:37:23.639 [Forwarding clickElement on session 7669f468be53ad014a9b32599b09d3a8 to remote] DEBUG org.asynchttpclient.netty.request.NettyRequestSender - Using pooled Channel '[id: 0x95bc51c5, L:/127.0.0.1:49509 - R:localhost/127.0.0.1:59940]' for 'POST' to 'http://localhost:59940/session/7669f468be53ad014a9b32599b09d3a8/element/02f74b6c-3c7b-4721-ae40-1ba2fb4eb5f6/click'
20:37:23.639 [Forwarding clickElement on session 7669f468be53ad014a9b32599b09d3a8 to remote] DEBUG org.asynchttpclient.netty.request.NettyRequestSender - Using open Channel [id: 0x95bc51c5, L:/127.0.0.1:49509 - R:localhost/127.0.0.1:59940] for POST '/session/7669f468be53ad014a9b32599b09d3a8/element/02f74b6c-3c7b-4721-ae40-1ba2fb4eb5f6/click'
20:37:23.680 [AsyncHttpClient-1-11] DEBUG org.asynchttpclient.netty.handler.HttpHandler - 

Request DefaultHttpRequest(decodeResult: success, version: HTTP/1.1)
POST /session/7669f468be53ad014a9b32599b09d3a8/element/02f74b6c-3c7b-4721-ae40-1ba2fb4eb5f6/click HTTP/1.1
User-Agent: selenium/4.1.2 (java windows)
Content-Length: 50
Content-Type: application/json; charset=utf-8
host: localhost:59940
accept: */*

Response DefaultHttpResponse(decodeResult: success, version: HTTP/1.1)
HTTP/1.1 200 OK
Content-Type: application/json; charset=utf-8
cache-control: no-cache
content-length: 14

20:37:23.681 [AsyncHttpClient-1-11] DEBUG org.asynchttpclient.netty.channel.ChannelManager - Adding key: http://localhost:59940 for channel [id: 0x95bc51c5, L:/127.0.0.1:49509 - R:localhost/127.0.0.1:59940]
  &amp#27;[32mAnd &amp#27;[0m&amp#27;[32mI click plus logo&amp#27;[0m                 &amp#27;[90m# starter.stepdefinitions.CartSteps.iClickPlusLogo()&amp#27;[0m
20:37:23.687 [Forwarding screenshot on session 7669f468be53ad014a9b32599b09d3a8 to remote] DEBUG org.asynchttpclient.netty.request.NettyRequestSender - Using pooled Channel '[id: 0x95bc51c5, L:/127.0.0.1:49509 - R:localhost/127.0.0.1:59940]' for 'GET' to 'http://localhost:59940/session/7669f468be53ad014a9b32599b09d3a8/screenshot'
20:37:23.687 [Forwarding screenshot on session 7669f468be53ad014a9b32599b09d3a8 to remote] DEBUG org.asynchttpclient.netty.request.NettyRequestSender - Using open Channel [id: 0x95bc51c5, L:/127.0.0.1:49509 - R:localhost/127.0.0.1:59940] for GET '/session/7669f468be53ad014a9b32599b09d3a8/screenshot'
20:37:23.784 [AsyncHttpClient-1-1] DEBUG org.asynchttpclient.netty.channel.DefaultChannelPool - Entry count for : http://localhost:49510 : 1
20:37:23.885 [AsyncHttpClient-1-11] DEBUG org.asynchttpclient.netty.handler.HttpHandler - 

Request DefaultFullHttpRequest(decodeResult: success, version: HTTP/1.1, content: EmptyByteBufBE)
GET /session/7669f468be53ad014a9b32599b09d3a8/screenshot HTTP/1.1
User-Agent: selenium/4.1.2 (java windows)
Cache-Control: no-cache
Content-Type: application/json; charset=utf-8
host: localhost:59940
accept: */*

Response DefaultHttpResponse(decodeResult: success, version: HTTP/1.1)
HTTP/1.1 200 OK
Content-Type: application/json; charset=utf-8
cache-control: no-cache
content-length: 51244

20:37:23.885 [AsyncHttpClient-1-11] DEBUG org.asynchttpclient.netty.channel.ChannelManager - Adding key: http://localhost:59940 for channel [id: 0x95bc51c5, L:/127.0.0.1:49509 - R:localhost/127.0.0.1:59940]
20:37:23.888 [main] DEBUG net.serenitybdd.core.photography.Darkroom - Send negative for processing for target\site\serenity\0ed5fb4dad352c91c2d91b4084c73be54f4761ca6b70d06c12cb9b9c621a7a5d.png
20:37:23.888 [Darkroom Processing Line] DEBUG net.serenitybdd.core.photography.DarkroomProcessingLine - Processing screenshot image in /var/screenshots/screenshot-2319320426889236838
20:37:23.888 [Darkroom Processing Line] DEBUG net.serenitybdd.core.photography.DarkroomProcessingLine - Saving screenshot to target\site\serenity\0ed5fb4dad352c91c2d91b4084c73be54f4761ca6b70d06c12cb9b9c621a7a5d.png
20:37:23.904 [Forwarding findElement on session 7669f468be53ad014a9b32599b09d3a8 to remote] DEBUG org.asynchttpclient.netty.request.NettyRequestSender - Using pooled Channel '[id: 0x95bc51c5, L:/127.0.0.1:49509 - R:localhost/127.0.0.1:59940]' for 'POST' to 'http://localhost:59940/session/7669f468be53ad014a9b32599b09d3a8/element'
20:37:23.904 [Forwarding findElement on session 7669f468be53ad014a9b32599b09d3a8 to remote] DEBUG org.asynchttpclient.netty.request.NettyRequestSender - Using open Channel [id: 0x95bc51c5, L:/127.0.0.1:49509 - R:localhost/127.0.0.1:59940] for POST '/session/7669f468be53ad014a9b32599b09d3a8/element'
20:37:23.917 [AsyncHttpClient-1-11] DEBUG org.asynchttpclient.netty.handler.HttpHandler - 

Request DefaultHttpRequest(decodeResult: success, version: HTTP/1.1)
POST /session/7669f468be53ad014a9b32599b09d3a8/element HTTP/1.1
User-Agent: selenium/4.1.2 (java windows)
Content-Length: 89
Content-Type: application/json; charset=utf-8
host: localhost:59940
accept: */*

Response DefaultHttpResponse(decodeResult: success, version: HTTP/1.1)
HTTP/1.1 200 OK
Content-Type: application/json; charset=utf-8
cache-control: no-cache
content-length: 88

20:37:23.917 [AsyncHttpClient-1-11] DEBUG org.asynchttpclient.netty.channel.ChannelManager - Adding key: http://localhost:59940 for channel [id: 0x95bc51c5, L:/127.0.0.1:49509 - R:localhost/127.0.0.1:59940]
20:37:23.918 [Forwarding getElementText on session 7669f468be53ad014a9b32599b09d3a8 to remote] DEBUG org.asynchttpclient.netty.request.NettyRequestSender - Using pooled Channel '[id: 0x95bc51c5, L:/127.0.0.1:49509 - R:localhost/127.0.0.1:59940]' for 'GET' to 'http://localhost:59940/session/7669f468be53ad014a9b32599b09d3a8/element/41f8fa25-bfb3-41a9-8dd3-dd4a18f7dac2/text'
20:37:23.919 [Forwarding getElementText on session 7669f468be53ad014a9b32599b09d3a8 to remote] DEBUG org.asynchttpclient.netty.request.NettyRequestSender - Using open Channel [id: 0x95bc51c5, L:/127.0.0.1:49509 - R:localhost/127.0.0.1:59940] for GET '/session/7669f468be53ad014a9b32599b09d3a8/element/41f8fa25-bfb3-41a9-8dd3-dd4a18f7dac2/text'
20:37:23.937 [AsyncHttpClient-1-11] DEBUG org.asynchttpclient.netty.handler.HttpHandler - 

Request DefaultFullHttpRequest(decodeResult: success, version: HTTP/1.1, content: EmptyByteBufBE)
GET /session/7669f468be53ad014a9b32599b09d3a8/element/41f8fa25-bfb3-41a9-8dd3-dd4a18f7dac2/text HTTP/1.1
User-Agent: selenium/4.1.2 (java windows)
Cache-Control: no-cache
Content-Type: application/json; charset=utf-8
host: localhost:59940
accept: */*

Response DefaultHttpResponse(decodeResult: success, version: HTTP/1.1)
HTTP/1.1 200 OK
Content-Type: application/json; charset=utf-8
cache-control: no-cache
content-length: 13

20:37:23.937 [AsyncHttpClient-1-11] DEBUG org.asynchttpclient.netty.channel.ChannelManager - Adding key: http://localhost:59940 for channel [id: 0x95bc51c5, L:/127.0.0.1:49509 - R:localhost/127.0.0.1:59940]
  &amp#27;[32mThen &amp#27;[0m&amp#27;[32mThe quantity of product is added&amp#27;[0m &amp#27;[90m# starter.stepdefinitions.CartSteps.theQuantityOfProductIsAdded()&amp#27;[0m
20:37:23.945 [Forwarding screenshot on session 7669f468be53ad014a9b32599b09d3a8 to remote] DEBUG org.asynchttpclient.netty.request.NettyRequestSender - Using pooled Channel '[id: 0x95bc51c5, L:/127.0.0.1:49509 - R:localhost/127.0.0.1:59940]' for 'GET' to 'http://localhost:59940/session/7669f468be53ad014a9b32599b09d3a8/screenshot'
20:37:23.945 [Forwarding screenshot on session 7669f468be53ad014a9b32599b09d3a8 to remote] DEBUG org.asynchttpclient.netty.request.NettyRequestSender - Using open Channel [id: 0x95bc51c5, L:/127.0.0.1:49509 - R:localhost/127.0.0.1:59940] for GET '/session/7669f468be53ad014a9b32599b09d3a8/screenshot'
20:37:24.150 [AsyncHttpClient-1-11] DEBUG org.asynchttpclient.netty.handler.HttpHandler - 

Request DefaultFullHttpRequest(decodeResult: success, version: HTTP/1.1, content: EmptyByteBufBE)
GET /session/7669f468be53ad014a9b32599b09d3a8/screenshot HTTP/1.1
User-Agent: selenium/4.1.2 (java windows)
Cache-Control: no-cache
Content-Type: application/json; charset=utf-8
host: localhost:59940
accept: */*

Response DefaultHttpResponse(decodeResult: success, version: HTTP/1.1)
HTTP/1.1 200 OK
Content-Type: application/json; charset=utf-8
cache-control: no-cache
content-length: 49860

20:37:24.150 [AsyncHttpClient-1-11] DEBUG org.asynchttpclient.netty.channel.ChannelManager - Adding key: http://localhost:59940 for channel [id: 0x95bc51c5, L:/127.0.0.1:49509 - R:localhost/127.0.0.1:59940]
20:37:24.152 [main] DEBUG net.serenitybdd.core.photography.Darkroom - Send negative for processing for target\site\serenity\19f07244d63030b242d11de5656176ef291ff56e60b6f2b6f43514ce630afd4b.png
20:37:24.153 [Darkroom Processing Line] DEBUG net.serenitybdd.core.photography.DarkroomProcessingLine - Processing screenshot image in /var/screenshots/screenshot-17343618197249631571
20:37:24.153 [Darkroom Processing Line] DEBUG net.serenitybdd.core.photography.DarkroomProcessingLine - Saving screenshot to target\site\serenity\19f07244d63030b242d11de5656176ef291ff56e60b6f2b6f43514ce630afd4b.png
20:37:24.154 [main] INFO  - 
  _____   ___   ___   _____     ___     _     ___   ___   ___   ___  
 |_   _| | __| / __| |_   _|   | _ \   /_\   / __| / __| | __| |   \ 
   | |   | _|  \__ \   | |     |  _/  / _ \  \__ \ \__ \ | _|  | |) |
   |_|   |___| |___/   |_|     |_|   /_/ \_\ |___/ |___/ |___| |___/ 

Add Product Quantity
----------------------------------------------------------------------
20:37:24.156 [AsyncHttpClient-1-13] DEBUG org.asynchttpclient.netty.handler.WebSocketHandler - Channel Closed: [id: 0x145347f4, L:/127.0.0.1:49518 ! R:localhost/127.0.0.1:49510] with attribute NettyResponseFuture{currentRetry=5,
	isDone=1,
	isCancelled=0,
	asyncHandler=org.asynchttpclient.ws.WebSocketUpgradeHandler@6b81026,
	nettyRequest=org.asynchttpclient.netty.request.NettyRequest@43ba8e95,
	future=java.util.concurrent.CompletableFuture@4c2fc77f[Completed normally],
	uri=ws://localhost:49510/devtools/browser/d8874b37-a0e0-4107-b570-9430d18d4680,
	keepAlive=true,
	redirectCount=0,
	timeoutsHolder=null,
	inAuth=0,
	touch=1667223438634}
20:37:24.156 [AsyncHttpClient-1-13] DEBUG org.asynchttpclient.netty.channel.ChannelManager - Closing Channel [id: 0x145347f4, L:/127.0.0.1:49518 ! R:localhost/127.0.0.1:49510] 
20:37:24.156 [Driver Command Executor] DEBUG org.asynchttpclient.netty.request.NettyRequestSender - Using pooled Channel '[id: 0x95bc51c5, L:/127.0.0.1:49509 - R:localhost/127.0.0.1:59940]' for 'DELETE' to 'http://localhost:59940/session/7669f468be53ad014a9b32599b09d3a8'
20:37:24.156 [Driver Command Executor] DEBUG org.asynchttpclient.netty.request.NettyRequestSender - Using open Channel [id: 0x95bc51c5, L:/127.0.0.1:49509 - R:localhost/127.0.0.1:59940] for DELETE '/session/7669f468be53ad014a9b32599b09d3a8'
20:37:24.238 [AsyncHttpClient-1-12] DEBUG org.asynchttpclient.netty.handler.HttpHandler - Unexpected I/O exception on channel [id: 0x73485bb1, L:/127.0.0.1:49517 - R:localhost/127.0.0.1:49510]
java.net.SocketException: Connection reset
	at java.base/sun.nio.ch.SocketChannelImpl.throwConnectionReset(SocketChannelImpl.java:345)
	at java.base/sun.nio.ch.SocketChannelImpl.read(SocketChannelImpl.java:376)
	at io.netty.buffer.PooledByteBuf.setBytes(PooledByteBuf.java:258)
	at io.netty.buffer.AbstractByteBuf.writeBytes(AbstractByteBuf.java:1132)
	at io.netty.channel.socket.nio.NioSocketChannel.doReadBytes(NioSocketChannel.java:350)
	at io.netty.channel.nio.AbstractNioByteChannel$NioByteUnsafe.read(AbstractNioByteChannel.java:151)
	at io.netty.channel.nio.NioEventLoop.processSelectedKey(NioEventLoop.java:722)
	at io.netty.channel.nio.NioEventLoop.processSelectedKeysOptimized(NioEventLoop.java:658)
	at io.netty.channel.nio.NioEventLoop.processSelectedKeys(NioEventLoop.java:584)
	at io.netty.channel.nio.NioEventLoop.run(NioEventLoop.java:496)
	at io.netty.util.concurrent.SingleThreadEventExecutor$4.run(SingleThreadEventExecutor.java:986)
	at io.netty.util.internal.ThreadExecutorMap$2.run(ThreadExecutorMap.java:74)
	at io.netty.util.concurrent.FastThreadLocalRunnable.run(FastThreadLocalRunnable.java:30)
	at java.base/java.lang.Thread.run(Thread.java:830)
20:37:24.238 [AsyncHttpClient-1-12] DEBUG org.asynchttpclient.netty.channel.ChannelManager - Closing Channel [id: 0x73485bb1, L:/127.0.0.1:49517 - R:localhost/127.0.0.1:49510] 
20:37:24.238 [AsyncHttpClient-1-12] DEBUG org.asynchttpclient.netty.handler.HttpHandler - Channel Closed: [id: 0x73485bb1, L:/127.0.0.1:49517 ! R:localhost/127.0.0.1:49510] with attribute DISCARD
20:37:24.261 [AsyncHttpClient-1-11] DEBUG org.asynchttpclient.netty.handler.HttpHandler - 

Request DefaultFullHttpRequest(decodeResult: success, version: HTTP/1.1, content: EmptyByteBufBE)
DELETE /session/7669f468be53ad014a9b32599b09d3a8 HTTP/1.1
User-Agent: selenium/4.1.2 (java windows)
Content-Type: application/json; charset=utf-8
host: localhost:59940
accept: */*

Response DefaultHttpResponse(decodeResult: success, version: HTTP/1.1)
HTTP/1.1 200 OK
Content-Type: application/json; charset=utf-8
cache-control: no-cache
content-length: 14

20:37:24.262 [AsyncHttpClient-1-11] DEBUG org.asynchttpclient.netty.channel.ChannelManager - Adding key: http://localhost:59940 for channel [id: 0x95bc51c5, L:/127.0.0.1:49509 - R:localhost/127.0.0.1:59940]
20:37:24.326 [AsyncHttpClient-1-11] DEBUG org.asynchttpclient.netty.handler.HttpHandler - Channel Closed: [id: 0x95bc51c5, L:/127.0.0.1:49509 ! R:localhost/127.0.0.1:59940] with attribute DISCARD
]]></system-out>
    <system-err><![CDATA[Starting ChromeDriver 106.0.5249.61 (511755355844955cd3e264779baf0dd38212a4d0-refs/branch-heads/5249@{#569}) on port 59940
Only local connections are allowed.
Please see https://chromedriver.chromium.org/security-considerations for suggestions on keeping ChromeDriver safe.
ChromeDriver was started successfully.
[1667223437.954][WARNING]: This version of ChromeDriver has not been tested with Chrome version 107.
Oct 31, 2022 8:37:18 PM org.openqa.selenium.remote.ProtocolHandshake createSession
INFO: Detected dialect: W3C
Oct 31, 2022 8:37:18 PM org.openqa.selenium.devtools.CdpVersionFinder findNearestMatch
WARNING: Unable to find an exact match for CDP version 107, so returning the closest version found: a no-op implementation
Oct 31, 2022 8:37:18 PM org.openqa.selenium.devtools.CdpVersionFinder findNearestMatch
INFO: Unable to find CDP implementation matching 107.
Oct 31, 2022 8:37:18 PM org.openqa.selenium.chromium.ChromiumDriver lambda$new$3
WARNING: Unable to find version of CDP to use for . You may need to include a dependency on a specific version of the CDP using something similar to `org.seleniumhq.selenium:selenium-devtools-v86:4.1.2` where the version ("v86") matches the version of the chromium-based browser you're using and the version number of the artifact is the same as Selenium's.
]]></system-err>
  </testcase>
  <testcase name="Reduce Product Quantity" classname="Manage Cart" time="7.892">
    <system-out><![CDATA[
@Cart
Scenario: Reduce Product Quantity         &amp#27;[90m# src/test/resources/features/Cart.feature:33&amp#27;[0m
20:37:24.864 [main] INFO io.cucumber.core.plugin.SerenityReporter - Running feature from file:///C:/Users/ASUS/Desktop/stupen/miniproject/Web/ASWeb/src/test/resources/features/Cart.feature
20:37:24.865 [main] INFO  - 
  _____   ___   ___   _____     ___   _____     _     ___   _____   ___   ___  
 |_   _| | __| / __| |_   _|   / __| |_   _|   /_\   | _ \ |_   _| | __| |   \ 
   | |   | _|  \__ \   | |     \__ \   | |    / _ \  |   /   | |   | _|  | |) |
   |_|   |___| |___/   |_|     |___/   |_|   /_/ \_\ |_|_\   |_|   |___| |___/ 

Reduce Product Quantity(manage-cart;reduce-product-quantity)
--------------------------------------------------------------------------------
20:37:24.878 [main] INFO net.serenitybdd.core.webdriver.driverproviders.ChromeDriverProvider - Using automatically driver download
20:37:24.886 [AsyncHttpClient-1-1] DEBUG org.asynchttpclient.netty.channel.DefaultChannelPool - Entry count for : http://localhost:49510 : 1
20:37:24.886 [AsyncHttpClient-1-1] DEBUG org.asynchttpclient.netty.channel.DefaultChannelPool - Entry count for : http://localhost:59940 : 1
20:37:24.886 [AsyncHttpClient-1-1] DEBUG org.asynchttpclient.netty.channel.DefaultChannelPool - Adding Candidate expired Channel [id: 0x73485bb1, L:/127.0.0.1:49517 ! R:localhost/127.0.0.1:49510] isIdleTimeoutExpired=false isRemotelyClosed=true isTtlExpired=false
20:37:24.886 [AsyncHttpClient-1-1] DEBUG org.asynchttpclient.netty.channel.DefaultChannelPool - Closing Idle Channel [id: 0x73485bb1, L:/127.0.0.1:49517 ! R:localhost/127.0.0.1:49510]
20:37:24.886 [AsyncHttpClient-1-1] DEBUG org.asynchttpclient.netty.channel.DefaultChannelPool - Adding Candidate expired Channel [id: 0x95bc51c5, L:/127.0.0.1:49509 ! R:localhost/127.0.0.1:59940] isIdleTimeoutExpired=false isRemotelyClosed=true isTtlExpired=false
20:37:24.886 [AsyncHttpClient-1-1] DEBUG org.asynchttpclient.netty.channel.DefaultChannelPool - Closing Idle Channel [id: 0x95bc51c5, L:/127.0.0.1:49509 ! R:localhost/127.0.0.1:59940]
20:37:24.886 [AsyncHttpClient-1-1] DEBUG org.asynchttpclient.netty.channel.DefaultChannelPool - Closed 2 connections out of 2 in 0 ms
20:37:24.984 [main] DEBUG io.github.bonigarcia.wdm.cache.ResolutionCache - Removing resolution chrome=107 from cache (expired on Mon Oct 31 20:37:19 WIB 2022)
20:37:25.003 [main] DEBUG org.apache.hc.client5.http.impl.classic.InternalHttpClient - ex-00000001: preparing request execution
20:37:25.009 [main] DEBUG org.apache.hc.client5.http.protocol.RequestAddCookies - Cookie spec selected: strict
20:37:25.015 [main] DEBUG org.apache.hc.client5.http.protocol.RequestAuthCache - Auth cache not set in the context
20:37:25.016 [main] DEBUG org.apache.hc.client5.http.impl.classic.ProtocolExec - ex-00000001: target auth state: UNCHALLENGED
20:37:25.016 [main] DEBUG org.apache.hc.client5.http.impl.classic.ProtocolExec - ex-00000001: proxy auth state: UNCHALLENGED
20:37:25.016 [main] DEBUG org.apache.hc.client5.http.impl.classic.ConnectExec - ex-00000001: acquiring connection with route {s}->https://raw.githubusercontent.com:443
20:37:25.016 [main] DEBUG org.apache.hc.client5.http.impl.classic.InternalHttpClient - ex-00000001: acquiring endpoint (3 MINUTES)
20:37:25.019 [main] DEBUG org.apache.hc.client5.http.impl.io.PoolingHttpClientConnectionManager - ex-00000001: endpoint lease request (3 MINUTES) [route: {s}->https://raw.githubusercontent.com:443][total available: 0; route allocated: 0 of 5; total allocated: 0 of 25]
20:37:25.023 [main] DEBUG org.apache.hc.client5.http.impl.io.PoolingHttpClientConnectionManager - ex-00000001: endpoint leased [route: {s}->https://raw.githubusercontent.com:443][total available: 0; route allocated: 1 of 5; total allocated: 1 of 25]
20:37:25.037 [main] DEBUG org.apache.hc.client5.http.impl.io.PoolingHttpClientConnectionManager - ex-00000001: acquired ep-00000000
20:37:25.037 [main] DEBUG org.apache.hc.client5.http.impl.classic.InternalHttpClient - ex-00000001: acquired endpoint ep-00000000
20:37:25.037 [main] DEBUG org.apache.hc.client5.http.impl.classic.ConnectExec - ex-00000001: opening connection {s}->https://raw.githubusercontent.com:443
20:37:25.038 [main] DEBUG org.apache.hc.client5.http.impl.classic.InternalHttpClient - ep-00000000: connecting endpoint (30 SECONDS)
20:37:25.038 [main] DEBUG org.apache.hc.client5.http.impl.io.PoolingHttpClientConnectionManager - ep-00000000: connecting endpoint to https://raw.githubusercontent.com:443 (30 SECONDS)
20:37:25.046 [main] DEBUG org.apache.hc.client5.http.impl.io.DefaultHttpClientConnectionOperator - http-outgoing-0: connecting to raw.githubusercontent.com/185.199.108.133:443
20:37:25.046 [main] DEBUG org.apache.hc.client5.http.ssl.SSLConnectionSocketFactory - Connecting socket to raw.githubusercontent.com/185.199.108.133:443 with timeout 30 SECONDS
20:37:26.101 [main] DEBUG org.apache.hc.client5.http.ssl.SSLConnectionSocketFactory - Enabled protocols: [TLSv1.3, TLSv1.2]
20:37:26.101 [main] DEBUG org.apache.hc.client5.http.ssl.SSLConnectionSocketFactory - Enabled cipher suites: [TLS_AES_256_GCM_SHA384, TLS_AES_128_GCM_SHA256, TLS_CHACHA20_POLY1305_SHA256, TLS_ECDHE_ECDSA_WITH_AES_256_GCM_SHA384, TLS_ECDHE_ECDSA_WITH_AES_128_GCM_SHA256, TLS_ECDHE_ECDSA_WITH_CHACHA20_POLY1305_SHA256, TLS_ECDHE_RSA_WITH_AES_256_GCM_SHA384, TLS_ECDHE_RSA_WITH_CHACHA20_POLY1305_SHA256, TLS_ECDHE_RSA_WITH_AES_128_GCM_SHA256, TLS_DHE_RSA_WITH_AES_256_GCM_SHA384, TLS_DHE_RSA_WITH_CHACHA20_POLY1305_SHA256, TLS_DHE_DSS_WITH_AES_256_GCM_SHA384, TLS_DHE_RSA_WITH_AES_128_GCM_SHA256, TLS_DHE_DSS_WITH_AES_128_GCM_SHA256, TLS_ECDHE_ECDSA_WITH_AES_256_CBC_SHA384, TLS_ECDHE_RSA_WITH_AES_256_CBC_SHA384, TLS_ECDHE_ECDSA_WITH_AES_128_CBC_SHA256, TLS_ECDHE_RSA_WITH_AES_128_CBC_SHA256, TLS_DHE_RSA_WITH_AES_256_CBC_SHA256, TLS_DHE_DSS_WITH_AES_256_CBC_SHA256, TLS_DHE_RSA_WITH_AES_128_CBC_SHA256, TLS_DHE_DSS_WITH_AES_128_CBC_SHA256, TLS_ECDH_ECDSA_WITH_AES_256_GCM_SHA384, TLS_ECDH_RSA_WITH_AES_256_GCM_SHA384, TLS_ECDH_ECDSA_WITH_AES_128_GCM_SHA256, TLS_ECDH_RSA_WITH_AES_128_GCM_SHA256, TLS_ECDH_ECDSA_WITH_AES_256_CBC_SHA384, TLS_ECDH_RSA_WITH_AES_256_CBC_SHA384, TLS_ECDH_ECDSA_WITH_AES_128_CBC_SHA256, TLS_ECDH_RSA_WITH_AES_128_CBC_SHA256, TLS_ECDHE_ECDSA_WITH_AES_256_CBC_SHA, TLS_ECDHE_RSA_WITH_AES_256_CBC_SHA, TLS_ECDHE_ECDSA_WITH_AES_128_CBC_SHA, TLS_ECDHE_RSA_WITH_AES_128_CBC_SHA, TLS_DHE_RSA_WITH_AES_256_CBC_SHA, TLS_DHE_DSS_WITH_AES_256_CBC_SHA, TLS_DHE_RSA_WITH_AES_128_CBC_SHA, TLS_DHE_DSS_WITH_AES_128_CBC_SHA, TLS_ECDH_ECDSA_WITH_AES_256_CBC_SHA, TLS_ECDH_RSA_WITH_AES_256_CBC_SHA, TLS_ECDH_ECDSA_WITH_AES_128_CBC_SHA, TLS_ECDH_RSA_WITH_AES_128_CBC_SHA, TLS_RSA_WITH_AES_256_GCM_SHA384, TLS_RSA_WITH_AES_128_GCM_SHA256, TLS_RSA_WITH_AES_256_CBC_SHA256, TLS_RSA_WITH_AES_128_CBC_SHA256, TLS_RSA_WITH_AES_256_CBC_SHA, TLS_RSA_WITH_AES_128_CBC_SHA, TLS_EMPTY_RENEGOTIATION_INFO_SCSV]
20:37:26.101 [main] DEBUG org.apache.hc.client5.http.ssl.SSLConnectionSocketFactory - Starting handshake
20:37:26.243 [main] DEBUG org.apache.hc.client5.http.ssl.SSLConnectionSocketFactory - Secure session established
20:37:26.243 [main] DEBUG org.apache.hc.client5.http.ssl.SSLConnectionSocketFactory -  negotiated protocol: TLSv1.3
20:37:26.243 [main] DEBUG org.apache.hc.client5.http.ssl.SSLConnectionSocketFactory -  negotiated cipher suite: TLS_AES_256_GCM_SHA384
20:37:26.243 [main] DEBUG org.apache.hc.client5.http.ssl.SSLConnectionSocketFactory -  peer principal: CN=*.github.io, O="GitHub, Inc.", L=San Francisco, ST=California, C=US
20:37:26.243 [main] DEBUG org.apache.hc.client5.http.ssl.SSLConnectionSocketFactory -  peer alternative names: [*.github.io, github.com, *.github.com, www.github.com, github.io, githubusercontent.com, *.githubusercontent.com]
20:37:26.243 [main] DEBUG org.apache.hc.client5.http.ssl.SSLConnectionSocketFactory -  issuer principal: CN=DigiCert TLS RSA SHA256 2020 CA1, O=DigiCert Inc, C=US
20:37:26.244 [main] DEBUG org.apache.hc.client5.http.impl.io.DefaultHttpClientConnectionOperator - http-outgoing-0: connection established 192.168.100.18:49545<->185.199.108.133:443
20:37:26.244 [main] DEBUG org.apache.hc.client5.http.impl.io.PoolingHttpClientConnectionManager - ep-00000000: connected http-outgoing-0
20:37:26.244 [main] DEBUG org.apache.hc.client5.http.impl.classic.InternalHttpClient - ep-00000000: endpoint connected
20:37:26.245 [main] DEBUG org.apache.hc.client5.http.impl.classic.MainClientExec - ex-00000001: executing GET /bonigarcia/webdrivermanager/master/src/main/resources/commands.properties HTTP/1.1
20:37:26.246 [main] DEBUG org.apache.hc.client5.http.impl.classic.InternalHttpClient - ep-00000000: start execution ex-00000001
20:37:26.246 [main] DEBUG org.apache.hc.client5.http.impl.io.PoolingHttpClientConnectionManager - ep-00000000: executing exchange ex-00000001 over http-outgoing-0
20:37:26.246 [main] DEBUG org.apache.hc.client5.http.headers - http-outgoing-0 >> GET /bonigarcia/webdrivermanager/master/src/main/resources/commands.properties HTTP/1.1
20:37:26.246 [main] DEBUG org.apache.hc.client5.http.headers - http-outgoing-0 >> user-agent: Apache-HttpClient/5.0
20:37:26.246 [main] DEBUG org.apache.hc.client5.http.headers - http-outgoing-0 >> accept-encoding: gzip, deflate, br
20:37:26.246 [main] DEBUG org.apache.hc.client5.http.headers - http-outgoing-0 >> cache-control: max-age=0
20:37:26.246 [main] DEBUG org.apache.hc.client5.http.headers - http-outgoing-0 >> connection: keep-alive
20:37:26.246 [main] DEBUG org.apache.hc.client5.http.headers - http-outgoing-0 >> Host: raw.githubusercontent.com
20:37:26.246 [main] DEBUG org.apache.hc.client5.http.wire - http-outgoing-0 >> "GET /bonigarcia/webdrivermanager/master/src/main/resources/commands.properties HTTP/1.1[\r][\n]"
20:37:26.246 [main] DEBUG org.apache.hc.client5.http.wire - http-outgoing-0 >> "user-agent: Apache-HttpClient/5.0[\r][\n]"
20:37:26.246 [main] DEBUG org.apache.hc.client5.http.wire - http-outgoing-0 >> "accept-encoding: gzip, deflate, br[\r][\n]"
20:37:26.246 [main] DEBUG org.apache.hc.client5.http.wire - http-outgoing-0 >> "cache-control: max-age=0[\r][\n]"
20:37:26.246 [main] DEBUG org.apache.hc.client5.http.wire - http-outgoing-0 >> "connection: keep-alive[\r][\n]"
20:37:26.246 [main] DEBUG org.apache.hc.client5.http.wire - http-outgoing-0 >> "Host: raw.githubusercontent.com[\r][\n]"
20:37:26.246 [main] DEBUG org.apache.hc.client5.http.wire - http-outgoing-0 >> "[\r][\n]"
20:37:26.290 [main] DEBUG org.apache.hc.client5.http.wire - http-outgoing-0 << "HTTP/1.1 200 OK[\r][\n]"
20:37:26.290 [main] DEBUG org.apache.hc.client5.http.wire - http-outgoing-0 << "Connection: keep-alive[\r][\n]"
20:37:26.290 [main] DEBUG org.apache.hc.client5.http.wire - http-outgoing-0 << "Content-Length: 723[\r][\n]"
20:37:26.290 [main] DEBUG org.apache.hc.client5.http.wire - http-outgoing-0 << "Cache-Control: max-age=300[\r][\n]"
20:37:26.291 [main] DEBUG org.apache.hc.client5.http.wire - http-outgoing-0 << "Content-Security-Policy: default-src 'none'; style-src 'unsafe-inline'; sandbox[\r][\n]"
20:37:26.291 [main] DEBUG org.apache.hc.client5.http.wire - http-outgoing-0 << "Content-Type: text/plain; charset=utf-8[\r][\n]"
20:37:26.291 [main] DEBUG org.apache.hc.client5.http.wire - http-outgoing-0 << "ETag: W/"e82b438271e9e8680c688b0b680efd0bdd22faa6d6f0a32fc1fd8accc486b67e"[\r][\n]"
20:37:26.291 [main] DEBUG org.apache.hc.client5.http.wire - http-outgoing-0 << "Strict-Transport-Security: max-age=31536000[\r][\n]"
20:37:26.291 [main] DEBUG org.apache.hc.client5.http.wire - http-outgoing-0 << "X-Content-Type-Options: nosniff[\r][\n]"
20:37:26.291 [main] DEBUG org.apache.hc.client5.http.wire - http-outgoing-0 << "X-Frame-Options: deny[\r][\n]"
20:37:26.291 [main] DEBUG org.apache.hc.client5.http.wire - http-outgoing-0 << "X-XSS-Protection: 1; mode=block[\r][\n]"
20:37:26.291 [main] DEBUG org.apache.hc.client5.http.wire - http-outgoing-0 << "X-GitHub-Request-Id: 0828:7A5A:31CB3:8F021:63597E87[\r][\n]"
20:37:26.291 [main] DEBUG org.apache.hc.client5.http.wire - http-outgoing-0 << "Content-Encoding: gzip[\r][\n]"
20:37:26.291 [main] DEBUG org.apache.hc.client5.http.wire - http-outgoing-0 << "Accept-Ranges: bytes[\r][\n]"
20:37:26.291 [main] DEBUG org.apache.hc.client5.http.wire - http-outgoing-0 << "Date: Mon, 31 Oct 2022 13:37:25 GMT[\r][\n]"
20:37:26.291 [main] DEBUG org.apache.hc.client5.http.wire - http-outgoing-0 << "Via: 1.1 varnish[\r][\n]"
20:37:26.291 [main] DEBUG org.apache.hc.client5.http.wire - http-outgoing-0 << "X-Served-By: cache-qpg1265-QPG[\r][\n]"
20:37:26.291 [main] DEBUG org.apache.hc.client5.http.wire - http-outgoing-0 << "X-Cache: HIT[\r][\n]"
20:37:26.291 [main] DEBUG org.apache.hc.client5.http.wire - http-outgoing-0 << "X-Cache-Hits: 1[\r][\n]"
20:37:26.291 [main] DEBUG org.apache.hc.client5.http.wire - http-outgoing-0 << "X-Timer: S1667223446.832646,VS0,VE3[\r][\n]"
20:37:26.291 [main] DEBUG org.apache.hc.client5.http.wire - http-outgoing-0 << "Vary: Authorization,Accept-Encoding,Origin[\r][\n]"
20:37:26.291 [main] DEBUG org.apache.hc.client5.http.wire - http-outgoing-0 << "Access-Control-Allow-Origin: *[\r][\n]"
20:37:26.291 [main] DEBUG org.apache.hc.client5.http.wire - http-outgoing-0 << "X-Fastly-Request-ID: 7b10909169a822b842ec10e92f823524120e5d43[\r][\n]"
20:37:26.291 [main] DEBUG org.apache.hc.client5.http.wire - http-outgoing-0 << "Expires: Mon, 31 Oct 2022 13:42:25 GMT[\r][\n]"
20:37:26.291 [main] DEBUG org.apache.hc.client5.http.wire - http-outgoing-0 << "Source-Age: 149[\r][\n]"
20:37:26.291 [main] DEBUG org.apache.hc.client5.http.wire - http-outgoing-0 << "[\r][\n]"
20:37:26.297 [main] DEBUG org.apache.hc.client5.http.headers - http-outgoing-0 << HTTP/1.1 200 OK
20:37:26.297 [main] DEBUG org.apache.hc.client5.http.headers - http-outgoing-0 << Connection: keep-alive
20:37:26.297 [main] DEBUG org.apache.hc.client5.http.headers - http-outgoing-0 << Content-Length: 723
20:37:26.297 [main] DEBUG org.apache.hc.client5.http.headers - http-outgoing-0 << Cache-Control: max-age=300
20:37:26.297 [main] DEBUG org.apache.hc.client5.http.headers - http-outgoing-0 << Content-Security-Policy: default-src 'none'; style-src 'unsafe-inline'; sandbox
20:37:26.297 [main] DEBUG org.apache.hc.client5.http.headers - http-outgoing-0 << Content-Type: text/plain; charset=utf-8
20:37:26.297 [main] DEBUG org.apache.hc.client5.http.headers - http-outgoing-0 << ETag: W/"e82b438271e9e8680c688b0b680efd0bdd22faa6d6f0a32fc1fd8accc486b67e"
20:37:26.297 [main] DEBUG org.apache.hc.client5.http.headers - http-outgoing-0 << Strict-Transport-Security: max-age=31536000
20:37:26.297 [main] DEBUG org.apache.hc.client5.http.headers - http-outgoing-0 << X-Content-Type-Options: nosniff
20:37:26.297 [main] DEBUG org.apache.hc.client5.http.headers - http-outgoing-0 << X-Frame-Options: deny
20:37:26.297 [main] DEBUG org.apache.hc.client5.http.headers - http-outgoing-0 << X-XSS-Protection: 1; mode=block
20:37:26.297 [main] DEBUG org.apache.hc.client5.http.headers - http-outgoing-0 << X-GitHub-Request-Id: 0828:7A5A:31CB3:8F021:63597E87
20:37:26.297 [main] DEBUG org.apache.hc.client5.http.headers - http-outgoing-0 << Content-Encoding: gzip
20:37:26.297 [main] DEBUG org.apache.hc.client5.http.headers - http-outgoing-0 << Accept-Ranges: bytes
20:37:26.297 [main] DEBUG org.apache.hc.client5.http.headers - http-outgoing-0 << Date: Mon, 31 Oct 2022 13:37:25 GMT
20:37:26.297 [main] DEBUG org.apache.hc.client5.http.headers - http-outgoing-0 << Via: 1.1 varnish
20:37:26.297 [main] DEBUG org.apache.hc.client5.http.headers - http-outgoing-0 << X-Served-By: cache-qpg1265-QPG
20:37:26.297 [main] DEBUG org.apache.hc.client5.http.headers - http-outgoing-0 << X-Cache: HIT
20:37:26.297 [main] DEBUG org.apache.hc.client5.http.headers - http-outgoing-0 << X-Cache-Hits: 1
20:37:26.297 [main] DEBUG org.apache.hc.client5.http.headers - http-outgoing-0 << X-Timer: S1667223446.832646,VS0,VE3
20:37:26.297 [main] DEBUG org.apache.hc.client5.http.headers - http-outgoing-0 << Vary: Authorization,Accept-Encoding,Origin
20:37:26.297 [main] DEBUG org.apache.hc.client5.http.headers - http-outgoing-0 << Access-Control-Allow-Origin: *
20:37:26.298 [main] DEBUG org.apache.hc.client5.http.headers - http-outgoing-0 << X-Fastly-Request-ID: 7b10909169a822b842ec10e92f823524120e5d43
20:37:26.298 [main] DEBUG org.apache.hc.client5.http.headers - http-outgoing-0 << Expires: Mon, 31 Oct 2022 13:42:25 GMT
20:37:26.298 [main] DEBUG org.apache.hc.client5.http.headers - http-outgoing-0 << Source-Age: 149
20:37:26.305 [main] DEBUG org.apache.hc.client5.http.impl.classic.MainClientExec - ex-00000001: connection can be kept alive for 3 MINUTES
20:37:26.352 [main] DEBUG org.apache.hc.client5.http.wire - http-outgoing-0 << "[0x1f][0xffffff8b][0x8][0x0][0x0][0x0][0x0][0x0][0x0][0x3][0xffffffb5]V]o[0xffffffda]0[0x14]}[0xffffffe7]W\[0xffffff81]*[0xffffffb5][0x12][0x1f][[M[0xffffffd3]$[0x1e]hF[0xffffffbb]i [0x18][0xffffffb4][0xffffffdd]&[0xfffffff9][0xffffffc5]$7[0xffffffc1]R[0x12]#;[0xffffff94]v[0xffffffbf]~[0xffffffb6][0xfffffff3]1[0xffffff92][0xffffff9a][0xffffffc1][0x1a]x[0xffffffcb][0xffffffb5][0xffffffaf][0xffffffcf]9[0xffffffbe][0xfffffff7]8v[0xb][0x1c][0x1e]E4[0xfffffff6]$x4[0xffffffa1][0xb]*[0xffffffb1][0xffffffd1][0xffffff82][0xfffffffb]%[0xffffff93][0xffffffe0][0xffffffb3][0x10][0xffffffc1][0xffffffe5]qBY,!Y[0xffffffea] KM8,[0x10][0xfffffff0][0x19][0xffffffdd]u[0xffffff82][0x1e][0xffffffb0][0xffffffd8]L[0xffffffcb]%[0xffffff86][0xffffffa1][0xe][0xffffffb8][0xfffffff0]P[0xffffffe8]$[0xf][0x13]t[0x13]3[0xfffffff9][0xffffff84]B2[0xffffffae][0xffffffe6]|@[0xfffffff5][0x1d][0x8][0xffffffc4][0x18][0x16][0xffffff82]o[0xffffffa4][0xffffff9a]P[0xffffff94][0xffffffe7][0xffffffce]R[0xfffffff0][0x8][0xffffffdb]p[0xffffffcb][0x4][0xfffffffa][0xfffffffc][0xffffffb9][\r][0xffffff93][0x15][\n]"
20:37:26.352 [main] DEBUG org.apache.hc.client5.http.wire - http-outgoing-0 << "[0xffffffda][0xffffff86][0xffffffa1][0x17][0xffffffa8]Q3[0xffffffcb][0xffffffd6][0xffffffd1][0xffffff85][0xffffffc6][0xfffffff7][0xffffff98][0xffffffef][0xffffffa3][0xffffffc0]8[0x1][0xffffffae]s[0x12][0x16][0x7] _d[0xffffff82][0xffffff91][0xffffff84][0xfffffff3][0x1f],[0xfffffff6][0x14]j[0x1b]F,^+[0xffffff98]1ua2[0xffffffbf]h([0xffffff8e][0xffffff94][0xffffffa2][0xffffff91]m[0xffffffa3][0xffffffeb][0xffffff9a][0xffffffb0][0xffffffbb]I[0x17]t[0xffffffdf][0xffffffbd][0xffffffef][0xffffffbb][0xffffff91][0xffffffd7]U[0xffffffbb][0xffffff82][0xffffff9e][0x3][0xffffff9b][0xffffff88][0xffffffb9][0xffffffa6]$[0xffffffa6][0xc][0xffffff9b][0xffffffa5][0xffffffe2][0xffffff83][0xffffff98]F[0xffffffd8]o[0xffffff9e]Mg[0xffffff93][0xffffffbb][0xffffffd9]`|[0xfffffffb]u4[0xffffff9c][0x7f]"}B[0xffffffce][0x8][0xffffffb9][0xffffffe3]<[0x8][0xffffff91][0xffffff90][0xffffff94][0xffffff82][0xffffff90][0xffffffc1]j[0x15]2WI[0xffffffe3]1![0x19][0xffffff91]BnB[0xffffff80][0x9]<f[0xffffffb5][0xffffffe8]=[0xffffffd1]p[0xffffffbd][[0xffffffcf][0xffffffe5][0x1b][0xfffffff4][0xffffff9c][0xffffffff][0xfffffffc][0xfffffff8][0xffffffe1][0xffffffe2][0xffffff94][0xffffffa2][0xffffffae][0xe][0x14]5[0xffffff9a]8[0xffffff83][0xffffffd1]`:[0xfffffffd]<[0xffffffb8][0x1f][0xffffff9c]R[0xffffffcf]u[0x7f]6[0xffffffbc][0xffffff83][0xffffffef][0xf][0xffffffc3][0xffffffd9]/[0xfffffff8][0xfffffff2][0xffffffcd]y s[0xffffffee]'[0x1b]*0g[0xffffffcb][0xffffffc8]nF7H][0xffffff83][0xffffff97]{[0xffffffb1]Q[0x5][\r][0xffffffb5]c[0xffffffb4][0xf][0x2][0xffffffb3][0xffffffb4][0xffffff93][0xe]C[0xffffffa7][0xffffffb3]kAD][0xffffff9d][0xffffffde][0xffffffdb][0xffffffda][0xffffff88][0xffffffec][0xffffffa5][0xffffffbc][0xffffff99][0xffffffd9][0xffffffba]t[0xffffffb5][0xffffffea]9[0xffffffea][0x10])[0xffffffb7][0xffffffca][0xffffff9e][0xfffffff2][0xffffffe2]d^N[0xffffffd8]FW[0x16][0xffffffcd][0xffffffdc]_[0x10][0xfffffff9]i|[0x1c][0xffffff93][0xffffff8e][0xfffffff9]o[0x16][0xffffff86]4'!$G[0xffffffdf]W[0xfffffff4]W*j[[0xfffffff3]xR[0xffffffae][0xffffffb6][0xc][0xffffffd0],; #[0xffffffa9][0xffffff92]5[0xffffffb5][0x7][0xffffff9c][0xffffffb5][0xffffffd0][0x7f][0xffffff90][0xffffffc7]jgs[0xfffffffc][0xffffffc2][0xb][0xffffffd9][0x0]t[0xffffff9e]^'Y[0xfffffffb][0xffffff9f][0xffffffb1][0xffffffd8]:[0xffffffbf][0xffffff8d][0xffffffa5][0xffffff9a][0xffffffad][0x7f]m[0x5]&[0xffffffaa][0xffffffa0]^[0xffffff9b][0xffffffcb][0x5]f[0xffffffae][0xffffffe0]RU[0xffffff82][0x10]MS9l[0xffffff91]4t[0xfffffffb][0xffffff8a]][0xffffffd6][0xfffffff4][0xffffff96][0xffffffa6][0xffffff9f]P[0xffffffce][0xffffffd5][0xffffffce][0xffffff93][0xffffffff][0xffffff97][0xffffffcc]p[0xfffffffd][0xfffffff3][0xffffffe8][0x1b][0xffffffcc][0xffffffa2][0xffffffd9]Q[0xffffffbe][0xffffffb2][0xffffffa3][0xffffffc7]m'[0xffffffdf][0xffffffe4][[0xfffffffb]^[0xffffffb0][0xffffff9a][0xffffffbe][0xffffffda][0xffffffda]_[0xffffffce][0xffffff80][0xffffffd2][0xffffffc1]7[0xffffffb7]][0xffffffc1]b[0xffffffee][0xffffffb5][0xffffffff]w[0xffffff83][0xffffffed][0xffffffa7];[0x15]<[0x10]4[0xffffff92][0xffffff84][0x18][\n]"
20:37:26.352 [main] DEBUG org.apache.hc.client5.http.wire - http-outgoing-0 << "BB[0xffffffba][0xffffff8e]][0xffffffb5]jo[0xffffffb9]+"[0xffffffea][0xffffffb4][0xffffffff]h"[0xffffffea]\?5[0xffffffa9][0xffffffaf]k[0xffffffec][0xffffffff]P[0xffffffea][\n]"
20:37:26.352 [main] DEBUG org.apache.hc.client5.http.wire - http-outgoing-0 << "w[0xffffffe1]K[0x13][0xffffffda][0xffffffec][0xffffff98][0xffffffe6]Y[0xfffffffd]h8m6[0xffffff9c]T[0xffffffc1][0xfffffff2][0xffffffa7][0xffffff91]z_[0xffffff95]o85p[0x1c][0x13][0xffffffe6][0xfffffff0]5[0xffffffee][0xfffffffc][0xffffff92][0xffffff96][0xffffffda][0xfffffff7][0xffffffcf][0xffffffb1][0x5][0x1d][0xffffffea]K[0xffffff9b]9[0xffffff8e][0xffffffad]e[0xfffffff7][0xffffff93][0xffffffa8]`[0xffffffda][0xffffffff][0x1a][0xffffffd2][0xffffff88][0xffffff85][0xfffffffd][0xfffffff2][0xffffff91]N[0xfffffff6]`[0xffffffdf]2[0xffffffcf][0xffffffae]E[0xffffff97][0xffffffc5][0xffffffa2][0xffffff9d][0xffffffef]'[0xffffff9d]mun.[0xffffffd3]f^[0xffffffc7][0xffffff82][0xffffffda][0xffffff82]9[0xfffffff5][0xffffffa9]`[0x5][0xffffffbc]4[0xffffffa1][0x1d]<M[0xffffffb5]A[0xffffffa7]3[[0xffffffc0][0x7f][0x0][0xffffffc1][0xffffffd0]$[0xffffff85][0x1d][\r][0x0][0x0]"
20:37:26.353 [main] DEBUG org.apache.hc.client5.http.impl.classic.InternalHttpClient - ep-00000000: releasing valid endpoint
20:37:26.353 [main] DEBUG org.apache.hc.client5.http.impl.io.PoolingHttpClientConnectionManager - ep-00000000: releasing endpoint
20:37:26.353 [main] DEBUG org.apache.hc.client5.http.impl.io.PoolingHttpClientConnectionManager - ep-00000000: connection http-outgoing-0 can be kept alive for 3 MINUTES
20:37:26.354 [main] DEBUG org.apache.hc.client5.http.impl.io.PoolingHttpClientConnectionManager - ep-00000000: connection released [route: {s}->https://raw.githubusercontent.com:443][total available: 1; route allocated: 1 of 5; total allocated: 1 of 25]
20:37:26.354 [main] DEBUG io.github.bonigarcia.wdm.versions.VersionDetector - Detecting chrome version using online commands.properties
20:37:26.356 [main] DEBUG io.github.bonigarcia.wdm.versions.Shell - Running command on the shell: [cmd.exe, /C, wmic, datafile, where, name="%PROGRAMFILES:\=\\%\\Google\\Chrome\\Application\\chrome.exe", get, Version, /value]
20:37:26.565 [main] DEBUG io.github.bonigarcia.wdm.versions.Shell - Result: 
20:37:26.565 [main] DEBUG io.github.bonigarcia.wdm.versions.Shell - Running command on the shell: [cmd.exe, /C, wmic, datafile, where, name="%PROGRAMFILES(X86):\=\\%\\Google\\Chrome\\Application\\chrome.exe", get, Version, /value]
20:37:26.670 [main] DEBUG io.github.bonigarcia.wdm.versions.Shell - Result: Version=107.0.5304.62
20:37:26.673 [main] DEBUG io.github.bonigarcia.wdm.cache.ResolutionCache - Resolution chrome107=107.0.5304.62 in cache (valid until 19:37:19 01/11/2022 WIB)
20:37:26.674 [main] INFO io.github.bonigarcia.wdm.WebDriverManager - Using chromedriver 107.0.5304.62 (resolved driver for Chrome 107)
20:37:26.678 [main] DEBUG io.github.bonigarcia.wdm.cache.ResolutionCache - Storing resolution chrome=107 in cache (valid until 21:37:26 31/10/2022 WIB)
20:37:26.683 [main] DEBUG io.github.bonigarcia.wdm.WebDriverManager - Driver chromedriver 107.0.5304.62 found in cache
20:37:26.684 [main] INFO io.github.bonigarcia.wdm.WebDriverManager - Exporting webdriver.chrome.driver as C:\Users\ASUS\.cache\selenium\chromedriver\win32\107.0.5304.62\chromedriver.exe
20:37:26.805 [main] DEBUG net.serenitybdd.core.webdriver.driverproviders.ProvideNewDriver - Instantiating driver
20:37:26.805 [main] DEBUG net.serenitybdd.core.webdriver.driverproviders.ProvideNewDriver - Driver capabilities: Capabilities {acceptInsecureCerts: false, base.url: https://alta-shop.vercel.app/, browserName: chrome, chrome.driver: src/test/resources/webdrive..., driver: chrome, goog:chromeOptions: {args: [], extensions: []}, wait.for.timeout: 10000}
20:37:27.362 [AsyncHttpClient-1-14] DEBUG org.asynchttpclient.netty.channel.NettyConnectListener - Using new Channel '[id: 0x035df254, L:/127.0.0.1:49548 - R:localhost/127.0.0.1:64355]' for 'POST' to '/session'
20:37:28.085 [AsyncHttpClient-1-14] DEBUG org.asynchttpclient.netty.handler.HttpHandler - 

Request DefaultHttpRequest(decodeResult: success, version: HTTP/1.1)
POST /session HTTP/1.1
User-Agent: selenium/4.1.2 (java windows)
Content-Length: 646
Content-Type: application/json; charset=utf-8
host: localhost:64355
accept: */*

Response DefaultHttpResponse(decodeResult: success, version: HTTP/1.1)
HTTP/1.1 200 OK
Content-Type: application/json; charset=utf-8
cache-control: no-cache
content-length: 789

20:37:28.086 [AsyncHttpClient-1-14] DEBUG org.asynchttpclient.netty.channel.ChannelManager - Adding key: http://localhost:64355 for channel [id: 0x035df254, L:/127.0.0.1:49548 - R:localhost/127.0.0.1:64355]
20:37:28.102 [AsyncHttpClient-1-15] DEBUG org.asynchttpclient.netty.channel.NettyConnectListener - Using new Channel '[id: 0x9e7a4490, L:/127.0.0.1:49556 - R:localhost/127.0.0.1:49549]' for 'GET' to '/json/version'
20:37:28.108 [AsyncHttpClient-1-15] DEBUG org.asynchttpclient.netty.handler.HttpHandler - 

Request DefaultFullHttpRequest(decodeResult: success, version: HTTP/1.1, content: EmptyByteBufBE)
GET /json/version HTTP/1.1
User-Agent: selenium/4.1.2 (java windows)
host: localhost:49549
accept: */*

Response DefaultHttpResponse(decodeResult: success, version: HTTP/1.1)
HTTP/1.1 200 OK
Content-Type: application/json; charset=UTF-8
content-length: 423

20:37:28.109 [AsyncHttpClient-1-15] DEBUG org.asynchttpclient.netty.channel.ChannelManager - Adding key: http://localhost:49549 for channel [id: 0x9e7a4490, L:/127.0.0.1:49556 - R:localhost/127.0.0.1:49549]
20:37:28.114 [AsyncHttpClient-1-16] DEBUG org.asynchttpclient.netty.channel.NettyConnectListener - Using new Channel '[id: 0x4c0c05c4, L:/127.0.0.1:49557 - R:localhost/127.0.0.1:49549]' for 'GET' to '/devtools/browser/7c5c4ec1-aace-4717-9c11-0792b764e78b'
20:37:28.121 [AsyncHttpClient-1-16] DEBUG org.asynchttpclient.netty.handler.WebSocketHandler - 

Request DefaultFullHttpRequest(decodeResult: success, version: HTTP/1.1, content: EmptyByteBufBE)
GET /devtools/browser/7c5c4ec1-aace-4717-9c11-0792b764e78b HTTP/1.1
upgrade: websocket
connection: upgrade
sec-websocket-key: gvQvM/Oq4goHRxY7KbSBUw==
sec-websocket-version: 13
origin: http://localhost:49549
host: localhost:49549
accept: */*
user-agent: AHC/2.1

Response DefaultHttpResponse(decodeResult: success, version: HTTP/1.1)
HTTP/1.1 101 WebSocket Protocol Handshake
Upgrade: WebSocket
Connection: Upgrade
Sec-WebSocket-Accept: s7ydReNDfnnLj3m2W8mUzlxckEs=

20:37:28.128 [Forwarding get on session 85438d590a359b777eecc1a8276e81ca to remote] DEBUG org.asynchttpclient.netty.request.NettyRequestSender - Using pooled Channel '[id: 0x035df254, L:/127.0.0.1:49548 - R:localhost/127.0.0.1:64355]' for 'POST' to 'http://localhost:64355/session/85438d590a359b777eecc1a8276e81ca/url'
20:37:28.128 [Forwarding get on session 85438d590a359b777eecc1a8276e81ca to remote] DEBUG org.asynchttpclient.netty.request.NettyRequestSender - Using open Channel [id: 0x035df254, L:/127.0.0.1:49548 - R:localhost/127.0.0.1:64355] for POST '/session/85438d590a359b777eecc1a8276e81ca/url'
20:37:28.179 [AsyncHttpClient-1-1] DEBUG org.asynchttpclient.netty.channel.DefaultChannelPool - Entry count for : http://localhost:49549 : 1
20:37:28.771 [AsyncHttpClient-1-14] DEBUG org.asynchttpclient.netty.handler.HttpHandler - 

Request DefaultHttpRequest(decodeResult: success, version: HTTP/1.1)
POST /session/85438d590a359b777eecc1a8276e81ca/url HTTP/1.1
User-Agent: selenium/4.1.2 (java windows)
Content-Length: 59
Content-Type: application/json; charset=utf-8
host: localhost:64355
accept: */*

Response DefaultHttpResponse(decodeResult: success, version: HTTP/1.1)
HTTP/1.1 200 OK
Content-Type: application/json; charset=utf-8
cache-control: no-cache
content-length: 14

20:37:28.771 [AsyncHttpClient-1-14] DEBUG org.asynchttpclient.netty.channel.ChannelManager - Adding key: http://localhost:64355 for channel [id: 0x035df254, L:/127.0.0.1:49548 - R:localhost/127.0.0.1:64355]
20:37:28.775 [Forwarding setTimeout on session 85438d590a359b777eecc1a8276e81ca to remote] DEBUG org.asynchttpclient.netty.request.NettyRequestSender - Using pooled Channel '[id: 0x035df254, L:/127.0.0.1:49548 - R:localhost/127.0.0.1:64355]' for 'POST' to 'http://localhost:64355/session/85438d590a359b777eecc1a8276e81ca/timeouts'
20:37:28.775 [Forwarding setTimeout on session 85438d590a359b777eecc1a8276e81ca to remote] DEBUG org.asynchttpclient.netty.request.NettyRequestSender - Using open Channel [id: 0x035df254, L:/127.0.0.1:49548 - R:localhost/127.0.0.1:64355] for POST '/session/85438d590a359b777eecc1a8276e81ca/timeouts'
20:37:28.777 [AsyncHttpClient-1-14] DEBUG org.asynchttpclient.netty.handler.HttpHandler - 

Request DefaultHttpRequest(decodeResult: success, version: HTTP/1.1)
POST /session/85438d590a359b777eecc1a8276e81ca/timeouts HTTP/1.1
User-Agent: selenium/4.1.2 (java windows)
Content-Length: 22
Content-Type: application/json; charset=utf-8
host: localhost:64355
accept: */*

Response DefaultHttpResponse(decodeResult: success, version: HTTP/1.1)
HTTP/1.1 200 OK
Content-Type: application/json; charset=utf-8
cache-control: no-cache
content-length: 14

20:37:28.778 [AsyncHttpClient-1-14] DEBUG org.asynchttpclient.netty.channel.ChannelManager - Adding key: http://localhost:64355 for channel [id: 0x035df254, L:/127.0.0.1:49548 - R:localhost/127.0.0.1:64355]
20:37:28.783 [Forwarding getCurrentUrl on session 85438d590a359b777eecc1a8276e81ca to remote] DEBUG org.asynchttpclient.netty.request.NettyRequestSender - Using pooled Channel '[id: 0x035df254, L:/127.0.0.1:49548 - R:localhost/127.0.0.1:64355]' for 'GET' to 'http://localhost:64355/session/85438d590a359b777eecc1a8276e81ca/url'
20:37:28.783 [Forwarding getCurrentUrl on session 85438d590a359b777eecc1a8276e81ca to remote] DEBUG org.asynchttpclient.netty.request.NettyRequestSender - Using open Channel [id: 0x035df254, L:/127.0.0.1:49548 - R:localhost/127.0.0.1:64355] for GET '/session/85438d590a359b777eecc1a8276e81ca/url'
20:37:28.792 [AsyncHttpClient-1-14] DEBUG org.asynchttpclient.netty.handler.HttpHandler - 

Request DefaultFullHttpRequest(decodeResult: success, version: HTTP/1.1, content: EmptyByteBufBE)
GET /session/85438d590a359b777eecc1a8276e81ca/url HTTP/1.1
User-Agent: selenium/4.1.2 (java windows)
Cache-Control: no-cache
Content-Type: application/json; charset=utf-8
host: localhost:64355
accept: */*

Response DefaultHttpResponse(decodeResult: success, version: HTTP/1.1)
HTTP/1.1 200 OK
Content-Type: application/json; charset=utf-8
cache-control: no-cache
content-length: 41

20:37:28.793 [AsyncHttpClient-1-14] DEBUG org.asynchttpclient.netty.channel.ChannelManager - Adding key: http://localhost:64355 for channel [id: 0x035df254, L:/127.0.0.1:49548 - R:localhost/127.0.0.1:64355]
  &amp#27;[32mGiven &amp#27;[0m&amp#27;[32mI open homepage url&amp#27;[0m               &amp#27;[90m# starter.stepdefinitions.CartSteps.iOpenHomepageUrl()&amp#27;[0m
20:37:28.804 [Forwarding screenshot on session 85438d590a359b777eecc1a8276e81ca to remote] DEBUG org.asynchttpclient.netty.request.NettyRequestSender - Using pooled Channel '[id: 0x035df254, L:/127.0.0.1:49548 - R:localhost/127.0.0.1:64355]' for 'GET' to 'http://localhost:64355/session/85438d590a359b777eecc1a8276e81ca/screenshot'
20:37:28.804 [Forwarding screenshot on session 85438d590a359b777eecc1a8276e81ca to remote] DEBUG org.asynchttpclient.netty.request.NettyRequestSender - Using open Channel [id: 0x035df254, L:/127.0.0.1:49548 - R:localhost/127.0.0.1:64355] for GET '/session/85438d590a359b777eecc1a8276e81ca/screenshot'
20:37:29.285 [AsyncHttpClient-1-1] DEBUG org.asynchttpclient.netty.channel.DefaultChannelPool - Entry count for : http://localhost:49549 : 1
20:37:29.297 [AsyncHttpClient-1-14] DEBUG org.asynchttpclient.netty.handler.HttpHandler - 

Request DefaultFullHttpRequest(decodeResult: success, version: HTTP/1.1, content: EmptyByteBufBE)
GET /session/85438d590a359b777eecc1a8276e81ca/screenshot HTTP/1.1
User-Agent: selenium/4.1.2 (java windows)
Cache-Control: no-cache
Content-Type: application/json; charset=utf-8
host: localhost:64355
accept: */*

Response DefaultHttpResponse(decodeResult: success, version: HTTP/1.1)
HTTP/1.1 200 OK
Content-Type: application/json; charset=utf-8
cache-control: no-cache
content-length: 44980

20:37:29.299 [AsyncHttpClient-1-14] DEBUG org.asynchttpclient.netty.channel.ChannelManager - Adding key: http://localhost:64355 for channel [id: 0x035df254, L:/127.0.0.1:49548 - R:localhost/127.0.0.1:64355]
20:37:29.302 [main] DEBUG net.serenitybdd.core.photography.Darkroom - Send negative for processing for target\site\serenity\60d57c27bb1f2f78dcddd31798b4a8dcb8827d4d207739b7a25e65d7475fff6f.png
20:37:29.302 [Darkroom Processing Line] DEBUG net.serenitybdd.core.photography.DarkroomProcessingLine - Processing screenshot image in /var/screenshots/screenshot-9934274937460024823
20:37:29.302 [Darkroom Processing Line] DEBUG net.serenitybdd.core.photography.DarkroomProcessingLine - Saving screenshot to target\site\serenity\60d57c27bb1f2f78dcddd31798b4a8dcb8827d4d207739b7a25e65d7475fff6f.png
20:37:29.311 [Forwarding get on session 85438d590a359b777eecc1a8276e81ca to remote] DEBUG org.asynchttpclient.netty.request.NettyRequestSender - Using pooled Channel '[id: 0x035df254, L:/127.0.0.1:49548 - R:localhost/127.0.0.1:64355]' for 'POST' to 'http://localhost:64355/session/85438d590a359b777eecc1a8276e81ca/url'
20:37:29.312 [Forwarding get on session 85438d590a359b777eecc1a8276e81ca to remote] DEBUG org.asynchttpclient.netty.request.NettyRequestSender - Using open Channel [id: 0x035df254, L:/127.0.0.1:49548 - R:localhost/127.0.0.1:64355] for POST '/session/85438d590a359b777eecc1a8276e81ca/url'
20:37:29.519 [AsyncHttpClient-1-14] DEBUG org.asynchttpclient.netty.handler.HttpHandler - 

Request DefaultHttpRequest(decodeResult: success, version: HTTP/1.1)
POST /session/85438d590a359b777eecc1a8276e81ca/url HTTP/1.1
User-Agent: selenium/4.1.2 (java windows)
Content-Length: 59
Content-Type: application/json; charset=utf-8
host: localhost:64355
accept: */*

Response DefaultHttpResponse(decodeResult: success, version: HTTP/1.1)
HTTP/1.1 200 OK
Content-Type: application/json; charset=utf-8
cache-control: no-cache
content-length: 14

20:37:29.519 [AsyncHttpClient-1-14] DEBUG org.asynchttpclient.netty.channel.ChannelManager - Adding key: http://localhost:64355 for channel [id: 0x035df254, L:/127.0.0.1:49548 - R:localhost/127.0.0.1:64355]
20:37:29.522 [Forwarding getCurrentUrl on session 85438d590a359b777eecc1a8276e81ca to remote] DEBUG org.asynchttpclient.netty.request.NettyRequestSender - Using pooled Channel '[id: 0x035df254, L:/127.0.0.1:49548 - R:localhost/127.0.0.1:64355]' for 'GET' to 'http://localhost:64355/session/85438d590a359b777eecc1a8276e81ca/url'
20:37:29.522 [Forwarding getCurrentUrl on session 85438d590a359b777eecc1a8276e81ca to remote] DEBUG org.asynchttpclient.netty.request.NettyRequestSender - Using open Channel [id: 0x035df254, L:/127.0.0.1:49548 - R:localhost/127.0.0.1:64355] for GET '/session/85438d590a359b777eecc1a8276e81ca/url'
20:37:29.531 [AsyncHttpClient-1-14] DEBUG org.asynchttpclient.netty.handler.HttpHandler - 

Request DefaultFullHttpRequest(decodeResult: success, version: HTTP/1.1, content: EmptyByteBufBE)
GET /session/85438d590a359b777eecc1a8276e81ca/url HTTP/1.1
User-Agent: selenium/4.1.2 (java windows)
Cache-Control: no-cache
Content-Type: application/json; charset=utf-8
host: localhost:64355
accept: */*

Response DefaultHttpResponse(decodeResult: success, version: HTTP/1.1)
HTTP/1.1 200 OK
Content-Type: application/json; charset=utf-8
cache-control: no-cache
content-length: 41

20:37:29.531 [AsyncHttpClient-1-14] DEBUG org.asynchttpclient.netty.channel.ChannelManager - Adding key: http://localhost:64355 for channel [id: 0x035df254, L:/127.0.0.1:49548 - R:localhost/127.0.0.1:64355]
20:37:29.536 [Forwarding findElement on session 85438d590a359b777eecc1a8276e81ca to remote] DEBUG org.asynchttpclient.netty.request.NettyRequestSender - Using pooled Channel '[id: 0x035df254, L:/127.0.0.1:49548 - R:localhost/127.0.0.1:64355]' for 'POST' to 'http://localhost:64355/session/85438d590a359b777eecc1a8276e81ca/element'
20:37:29.536 [Forwarding findElement on session 85438d590a359b777eecc1a8276e81ca to remote] DEBUG org.asynchttpclient.netty.request.NettyRequestSender - Using open Channel [id: 0x035df254, L:/127.0.0.1:49548 - R:localhost/127.0.0.1:64355] for POST '/session/85438d590a359b777eecc1a8276e81ca/element'
20:37:30.382 [AsyncHttpClient-1-1] DEBUG org.asynchttpclient.netty.channel.DefaultChannelPool - Entry count for : http://localhost:49549 : 1
20:37:31.014 [AsyncHttpClient-1-14] DEBUG org.asynchttpclient.netty.handler.HttpHandler - 

Request DefaultHttpRequest(decodeResult: success, version: HTTP/1.1)
POST /session/85438d590a359b777eecc1a8276e81ca/element HTTP/1.1
User-Agent: selenium/4.1.2 (java windows)
Content-Length: 85
Content-Type: application/json; charset=utf-8
host: localhost:64355
accept: */*

Response DefaultHttpResponse(decodeResult: success, version: HTTP/1.1)
HTTP/1.1 200 OK
Content-Type: application/json; charset=utf-8
cache-control: no-cache
content-length: 88

20:37:31.014 [AsyncHttpClient-1-14] DEBUG org.asynchttpclient.netty.channel.ChannelManager - Adding key: http://localhost:64355 for channel [id: 0x035df254, L:/127.0.0.1:49548 - R:localhost/127.0.0.1:64355]
20:37:31.016 [Forwarding getElementTagName on session 85438d590a359b777eecc1a8276e81ca to remote] DEBUG org.asynchttpclient.netty.request.NettyRequestSender - Using pooled Channel '[id: 0x035df254, L:/127.0.0.1:49548 - R:localhost/127.0.0.1:64355]' for 'GET' to 'http://localhost:64355/session/85438d590a359b777eecc1a8276e81ca/element/7a544d2c-fbad-4709-bde2-791aafbe2e71/name'
20:37:31.016 [Forwarding getElementTagName on session 85438d590a359b777eecc1a8276e81ca to remote] DEBUG org.asynchttpclient.netty.request.NettyRequestSender - Using open Channel [id: 0x035df254, L:/127.0.0.1:49548 - R:localhost/127.0.0.1:64355] for GET '/session/85438d590a359b777eecc1a8276e81ca/element/7a544d2c-fbad-4709-bde2-791aafbe2e71/name'
20:37:31.020 [AsyncHttpClient-1-14] DEBUG org.asynchttpclient.netty.handler.HttpHandler - 

Request DefaultFullHttpRequest(decodeResult: success, version: HTTP/1.1, content: EmptyByteBufBE)
GET /session/85438d590a359b777eecc1a8276e81ca/element/7a544d2c-fbad-4709-bde2-791aafbe2e71/name HTTP/1.1
User-Agent: selenium/4.1.2 (java windows)
Cache-Control: no-cache
Content-Type: application/json; charset=utf-8
host: localhost:64355
accept: */*

Response DefaultHttpResponse(decodeResult: success, version: HTTP/1.1)
HTTP/1.1 200 OK
Content-Type: application/json; charset=utf-8
cache-control: no-cache
content-length: 16

20:37:31.021 [AsyncHttpClient-1-14] DEBUG org.asynchttpclient.netty.channel.ChannelManager - Adding key: http://localhost:64355 for channel [id: 0x035df254, L:/127.0.0.1:49548 - R:localhost/127.0.0.1:64355]
20:37:31.022 [Forwarding getElementTagName on session 85438d590a359b777eecc1a8276e81ca to remote] DEBUG org.asynchttpclient.netty.request.NettyRequestSender - Using pooled Channel '[id: 0x035df254, L:/127.0.0.1:49548 - R:localhost/127.0.0.1:64355]' for 'GET' to 'http://localhost:64355/session/85438d590a359b777eecc1a8276e81ca/element/7a544d2c-fbad-4709-bde2-791aafbe2e71/name'
20:37:31.022 [Forwarding getElementTagName on session 85438d590a359b777eecc1a8276e81ca to remote] DEBUG org.asynchttpclient.netty.request.NettyRequestSender - Using open Channel [id: 0x035df254, L:/127.0.0.1:49548 - R:localhost/127.0.0.1:64355] for GET '/session/85438d590a359b777eecc1a8276e81ca/element/7a544d2c-fbad-4709-bde2-791aafbe2e71/name'
20:37:31.027 [AsyncHttpClient-1-14] DEBUG org.asynchttpclient.netty.handler.HttpHandler - 

Request DefaultFullHttpRequest(decodeResult: success, version: HTTP/1.1, content: EmptyByteBufBE)
GET /session/85438d590a359b777eecc1a8276e81ca/element/7a544d2c-fbad-4709-bde2-791aafbe2e71/name HTTP/1.1
User-Agent: selenium/4.1.2 (java windows)
Cache-Control: no-cache
Content-Type: application/json; charset=utf-8
host: localhost:64355
accept: */*

Response DefaultHttpResponse(decodeResult: success, version: HTTP/1.1)
HTTP/1.1 200 OK
Content-Type: application/json; charset=utf-8
cache-control: no-cache
content-length: 16

20:37:31.028 [AsyncHttpClient-1-14] DEBUG org.asynchttpclient.netty.channel.ChannelManager - Adding key: http://localhost:64355 for channel [id: 0x035df254, L:/127.0.0.1:49548 - R:localhost/127.0.0.1:64355]
20:37:31.030 [Forwarding findElement on session 85438d590a359b777eecc1a8276e81ca to remote] DEBUG org.asynchttpclient.netty.request.NettyRequestSender - Using pooled Channel '[id: 0x035df254, L:/127.0.0.1:49548 - R:localhost/127.0.0.1:64355]' for 'POST' to 'http://localhost:64355/session/85438d590a359b777eecc1a8276e81ca/element'
20:37:31.030 [Forwarding findElement on session 85438d590a359b777eecc1a8276e81ca to remote] DEBUG org.asynchttpclient.netty.request.NettyRequestSender - Using open Channel [id: 0x035df254, L:/127.0.0.1:49548 - R:localhost/127.0.0.1:64355] for POST '/session/85438d590a359b777eecc1a8276e81ca/element'
20:37:31.038 [AsyncHttpClient-1-14] DEBUG org.asynchttpclient.netty.handler.HttpHandler - 

Request DefaultHttpRequest(decodeResult: success, version: HTTP/1.1)
POST /session/85438d590a359b777eecc1a8276e81ca/element HTTP/1.1
User-Agent: selenium/4.1.2 (java windows)
Content-Length: 85
Content-Type: application/json; charset=utf-8
host: localhost:64355
accept: */*

Response DefaultHttpResponse(decodeResult: success, version: HTTP/1.1)
HTTP/1.1 200 OK
Content-Type: application/json; charset=utf-8
cache-control: no-cache
content-length: 88

20:37:31.039 [AsyncHttpClient-1-14] DEBUG org.asynchttpclient.netty.channel.ChannelManager - Adding key: http://localhost:64355 for channel [id: 0x035df254, L:/127.0.0.1:49548 - R:localhost/127.0.0.1:64355]
20:37:31.040 [Forwarding clickElement on session 85438d590a359b777eecc1a8276e81ca to remote] DEBUG org.asynchttpclient.netty.request.NettyRequestSender - Using pooled Channel '[id: 0x035df254, L:/127.0.0.1:49548 - R:localhost/127.0.0.1:64355]' for 'POST' to 'http://localhost:64355/session/85438d590a359b777eecc1a8276e81ca/element/7a544d2c-fbad-4709-bde2-791aafbe2e71/click'
20:37:31.040 [Forwarding clickElement on session 85438d590a359b777eecc1a8276e81ca to remote] DEBUG org.asynchttpclient.netty.request.NettyRequestSender - Using open Channel [id: 0x035df254, L:/127.0.0.1:49548 - R:localhost/127.0.0.1:64355] for POST '/session/85438d590a359b777eecc1a8276e81ca/element/7a544d2c-fbad-4709-bde2-791aafbe2e71/click'
20:37:31.090 [AsyncHttpClient-1-14] DEBUG org.asynchttpclient.netty.handler.HttpHandler - 

Request DefaultHttpRequest(decodeResult: success, version: HTTP/1.1)
POST /session/85438d590a359b777eecc1a8276e81ca/element/7a544d2c-fbad-4709-bde2-791aafbe2e71/click HTTP/1.1
User-Agent: selenium/4.1.2 (java windows)
Content-Length: 50
Content-Type: application/json; charset=utf-8
host: localhost:64355
accept: */*

Response DefaultHttpResponse(decodeResult: success, version: HTTP/1.1)
HTTP/1.1 200 OK
Content-Type: application/json; charset=utf-8
cache-control: no-cache
content-length: 14

20:37:31.090 [AsyncHttpClient-1-14] DEBUG org.asynchttpclient.netty.channel.ChannelManager - Adding key: http://localhost:64355 for channel [id: 0x035df254, L:/127.0.0.1:49548 - R:localhost/127.0.0.1:64355]
20:37:31.096 [Forwarding findElement on session 85438d590a359b777eecc1a8276e81ca to remote] DEBUG org.asynchttpclient.netty.request.NettyRequestSender - Using pooled Channel '[id: 0x035df254, L:/127.0.0.1:49548 - R:localhost/127.0.0.1:64355]' for 'POST' to 'http://localhost:64355/session/85438d590a359b777eecc1a8276e81ca/element'
20:37:31.097 [Forwarding findElement on session 85438d590a359b777eecc1a8276e81ca to remote] DEBUG org.asynchttpclient.netty.request.NettyRequestSender - Using open Channel [id: 0x035df254, L:/127.0.0.1:49548 - R:localhost/127.0.0.1:64355] for POST '/session/85438d590a359b777eecc1a8276e81ca/element'
20:37:31.108 [AsyncHttpClient-1-14] DEBUG org.asynchttpclient.netty.handler.HttpHandler - 

Request DefaultHttpRequest(decodeResult: success, version: HTTP/1.1)
POST /session/85438d590a359b777eecc1a8276e81ca/element HTTP/1.1
User-Agent: selenium/4.1.2 (java windows)
Content-Length: 85
Content-Type: application/json; charset=utf-8
host: localhost:64355
accept: */*

Response DefaultHttpResponse(decodeResult: success, version: HTTP/1.1)
HTTP/1.1 200 OK
Content-Type: application/json; charset=utf-8
cache-control: no-cache
content-length: 88

20:37:31.109 [AsyncHttpClient-1-14] DEBUG org.asynchttpclient.netty.channel.ChannelManager - Adding key: http://localhost:64355 for channel [id: 0x035df254, L:/127.0.0.1:49548 - R:localhost/127.0.0.1:64355]
20:37:31.112 [Forwarding getElementTagName on session 85438d590a359b777eecc1a8276e81ca to remote] DEBUG org.asynchttpclient.netty.request.NettyRequestSender - Using pooled Channel '[id: 0x035df254, L:/127.0.0.1:49548 - R:localhost/127.0.0.1:64355]' for 'GET' to 'http://localhost:64355/session/85438d590a359b777eecc1a8276e81ca/element/7a544d2c-fbad-4709-bde2-791aafbe2e71/name'
20:37:31.113 [Forwarding getElementTagName on session 85438d590a359b777eecc1a8276e81ca to remote] DEBUG org.asynchttpclient.netty.request.NettyRequestSender - Using open Channel [id: 0x035df254, L:/127.0.0.1:49548 - R:localhost/127.0.0.1:64355] for GET '/session/85438d590a359b777eecc1a8276e81ca/element/7a544d2c-fbad-4709-bde2-791aafbe2e71/name'
20:37:31.117 [AsyncHttpClient-1-14] DEBUG org.asynchttpclient.netty.handler.HttpHandler - 

Request DefaultFullHttpRequest(decodeResult: success, version: HTTP/1.1, content: EmptyByteBufBE)
GET /session/85438d590a359b777eecc1a8276e81ca/element/7a544d2c-fbad-4709-bde2-791aafbe2e71/name HTTP/1.1
User-Agent: selenium/4.1.2 (java windows)
Cache-Control: no-cache
Content-Type: application/json; charset=utf-8
host: localhost:64355
accept: */*

Response DefaultHttpResponse(decodeResult: success, version: HTTP/1.1)
HTTP/1.1 200 OK
Content-Type: application/json; charset=utf-8
cache-control: no-cache
content-length: 16

20:37:31.117 [AsyncHttpClient-1-14] DEBUG org.asynchttpclient.netty.channel.ChannelManager - Adding key: http://localhost:64355 for channel [id: 0x035df254, L:/127.0.0.1:49548 - R:localhost/127.0.0.1:64355]
20:37:31.118 [Forwarding getElementTagName on session 85438d590a359b777eecc1a8276e81ca to remote] DEBUG org.asynchttpclient.netty.request.NettyRequestSender - Using pooled Channel '[id: 0x035df254, L:/127.0.0.1:49548 - R:localhost/127.0.0.1:64355]' for 'GET' to 'http://localhost:64355/session/85438d590a359b777eecc1a8276e81ca/element/7a544d2c-fbad-4709-bde2-791aafbe2e71/name'
20:37:31.118 [Forwarding getElementTagName on session 85438d590a359b777eecc1a8276e81ca to remote] DEBUG org.asynchttpclient.netty.request.NettyRequestSender - Using open Channel [id: 0x035df254, L:/127.0.0.1:49548 - R:localhost/127.0.0.1:64355] for GET '/session/85438d590a359b777eecc1a8276e81ca/element/7a544d2c-fbad-4709-bde2-791aafbe2e71/name'
20:37:31.122 [AsyncHttpClient-1-14] DEBUG org.asynchttpclient.netty.handler.HttpHandler - 

Request DefaultFullHttpRequest(decodeResult: success, version: HTTP/1.1, content: EmptyByteBufBE)
GET /session/85438d590a359b777eecc1a8276e81ca/element/7a544d2c-fbad-4709-bde2-791aafbe2e71/name HTTP/1.1
User-Agent: selenium/4.1.2 (java windows)
Cache-Control: no-cache
Content-Type: application/json; charset=utf-8
host: localhost:64355
accept: */*

Response DefaultHttpResponse(decodeResult: success, version: HTTP/1.1)
HTTP/1.1 200 OK
Content-Type: application/json; charset=utf-8
cache-control: no-cache
content-length: 16

20:37:31.122 [AsyncHttpClient-1-14] DEBUG org.asynchttpclient.netty.channel.ChannelManager - Adding key: http://localhost:64355 for channel [id: 0x035df254, L:/127.0.0.1:49548 - R:localhost/127.0.0.1:64355]
20:37:31.124 [Forwarding findElement on session 85438d590a359b777eecc1a8276e81ca to remote] DEBUG org.asynchttpclient.netty.request.NettyRequestSender - Using pooled Channel '[id: 0x035df254, L:/127.0.0.1:49548 - R:localhost/127.0.0.1:64355]' for 'POST' to 'http://localhost:64355/session/85438d590a359b777eecc1a8276e81ca/element'
20:37:31.125 [Forwarding findElement on session 85438d590a359b777eecc1a8276e81ca to remote] DEBUG org.asynchttpclient.netty.request.NettyRequestSender - Using open Channel [id: 0x035df254, L:/127.0.0.1:49548 - R:localhost/127.0.0.1:64355] for POST '/session/85438d590a359b777eecc1a8276e81ca/element'
20:37:31.132 [AsyncHttpClient-1-14] DEBUG org.asynchttpclient.netty.handler.HttpHandler - 

Request DefaultHttpRequest(decodeResult: success, version: HTTP/1.1)
POST /session/85438d590a359b777eecc1a8276e81ca/element HTTP/1.1
User-Agent: selenium/4.1.2 (java windows)
Content-Length: 85
Content-Type: application/json; charset=utf-8
host: localhost:64355
accept: */*

Response DefaultHttpResponse(decodeResult: success, version: HTTP/1.1)
HTTP/1.1 200 OK
Content-Type: application/json; charset=utf-8
cache-control: no-cache
content-length: 88

20:37:31.132 [AsyncHttpClient-1-14] DEBUG org.asynchttpclient.netty.channel.ChannelManager - Adding key: http://localhost:64355 for channel [id: 0x035df254, L:/127.0.0.1:49548 - R:localhost/127.0.0.1:64355]
20:37:31.134 [Forwarding clickElement on session 85438d590a359b777eecc1a8276e81ca to remote] DEBUG org.asynchttpclient.netty.request.NettyRequestSender - Using pooled Channel '[id: 0x035df254, L:/127.0.0.1:49548 - R:localhost/127.0.0.1:64355]' for 'POST' to 'http://localhost:64355/session/85438d590a359b777eecc1a8276e81ca/element/7a544d2c-fbad-4709-bde2-791aafbe2e71/click'
20:37:31.134 [Forwarding clickElement on session 85438d590a359b777eecc1a8276e81ca to remote] DEBUG org.asynchttpclient.netty.request.NettyRequestSender - Using open Channel [id: 0x035df254, L:/127.0.0.1:49548 - R:localhost/127.0.0.1:64355] for POST '/session/85438d590a359b777eecc1a8276e81ca/element/7a544d2c-fbad-4709-bde2-791aafbe2e71/click'
20:37:31.168 [AsyncHttpClient-1-14] DEBUG org.asynchttpclient.netty.handler.HttpHandler - 

Request DefaultHttpRequest(decodeResult: success, version: HTTP/1.1)
POST /session/85438d590a359b777eecc1a8276e81ca/element/7a544d2c-fbad-4709-bde2-791aafbe2e71/click HTTP/1.1
User-Agent: selenium/4.1.2 (java windows)
Content-Length: 50
Content-Type: application/json; charset=utf-8
host: localhost:64355
accept: */*

Response DefaultHttpResponse(decodeResult: success, version: HTTP/1.1)
HTTP/1.1 200 OK
Content-Type: application/json; charset=utf-8
cache-control: no-cache
content-length: 14

20:37:31.168 [AsyncHttpClient-1-14] DEBUG org.asynchttpclient.netty.channel.ChannelManager - Adding key: http://localhost:64355 for channel [id: 0x035df254, L:/127.0.0.1:49548 - R:localhost/127.0.0.1:64355]
  &amp#27;[32mAnd &amp#27;[0m&amp#27;[32mI buy two of the products&amp#27;[0m           &amp#27;[90m# starter.stepdefinitions.CartSteps.iBuyTwoOfTheProducts()&amp#27;[0m
20:37:31.173 [Forwarding screenshot on session 85438d590a359b777eecc1a8276e81ca to remote] DEBUG org.asynchttpclient.netty.request.NettyRequestSender - Using pooled Channel '[id: 0x035df254, L:/127.0.0.1:49548 - R:localhost/127.0.0.1:64355]' for 'GET' to 'http://localhost:64355/session/85438d590a359b777eecc1a8276e81ca/screenshot'
20:37:31.173 [Forwarding screenshot on session 85438d590a359b777eecc1a8276e81ca to remote] DEBUG org.asynchttpclient.netty.request.NettyRequestSender - Using open Channel [id: 0x035df254, L:/127.0.0.1:49548 - R:localhost/127.0.0.1:64355] for GET '/session/85438d590a359b777eecc1a8276e81ca/screenshot'
20:37:31.399 [AsyncHttpClient-1-14] DEBUG org.asynchttpclient.netty.handler.HttpHandler - 

Request DefaultFullHttpRequest(decodeResult: success, version: HTTP/1.1, content: EmptyByteBufBE)
GET /session/85438d590a359b777eecc1a8276e81ca/screenshot HTTP/1.1
User-Agent: selenium/4.1.2 (java windows)
Cache-Control: no-cache
Content-Type: application/json; charset=utf-8
host: localhost:64355
accept: */*

Response DefaultHttpResponse(decodeResult: success, version: HTTP/1.1)
HTTP/1.1 200 OK
Content-Type: application/json; charset=utf-8
cache-control: no-cache
content-length: 78036

20:37:31.399 [AsyncHttpClient-1-14] DEBUG org.asynchttpclient.netty.channel.ChannelManager - Adding key: http://localhost:64355 for channel [id: 0x035df254, L:/127.0.0.1:49548 - R:localhost/127.0.0.1:64355]
20:37:31.402 [main] DEBUG net.serenitybdd.core.photography.Darkroom - Send negative for processing for target\site\serenity\80f6c15e057b7881e918fd029fe9539e653cc2b7aa737a377611735f41696226.png
20:37:31.402 [Darkroom Processing Line] DEBUG net.serenitybdd.core.photography.DarkroomProcessingLine - Processing screenshot image in /var/screenshots/screenshot-15523788680472792200
20:37:31.402 [Darkroom Processing Line] DEBUG net.serenitybdd.core.photography.DarkroomProcessingLine - Saving screenshot to target\site\serenity\80f6c15e057b7881e918fd029fe9539e653cc2b7aa737a377611735f41696226.png
20:37:31.411 [Forwarding findElement on session 85438d590a359b777eecc1a8276e81ca to remote] DEBUG org.asynchttpclient.netty.request.NettyRequestSender - Using pooled Channel '[id: 0x035df254, L:/127.0.0.1:49548 - R:localhost/127.0.0.1:64355]' for 'POST' to 'http://localhost:64355/session/85438d590a359b777eecc1a8276e81ca/element'
20:37:31.411 [Forwarding findElement on session 85438d590a359b777eecc1a8276e81ca to remote] DEBUG org.asynchttpclient.netty.request.NettyRequestSender - Using open Channel [id: 0x035df254, L:/127.0.0.1:49548 - R:localhost/127.0.0.1:64355] for POST '/session/85438d590a359b777eecc1a8276e81ca/element'
20:37:31.421 [AsyncHttpClient-1-14] DEBUG org.asynchttpclient.netty.handler.HttpHandler - 

Request DefaultHttpRequest(decodeResult: success, version: HTTP/1.1)
POST /session/85438d590a359b777eecc1a8276e81ca/element HTTP/1.1
User-Agent: selenium/4.1.2 (java windows)
Content-Length: 88
Content-Type: application/json; charset=utf-8
host: localhost:64355
accept: */*

Response DefaultHttpResponse(decodeResult: success, version: HTTP/1.1)
HTTP/1.1 200 OK
Content-Type: application/json; charset=utf-8
cache-control: no-cache
content-length: 88

20:37:31.422 [AsyncHttpClient-1-14] DEBUG org.asynchttpclient.netty.channel.ChannelManager - Adding key: http://localhost:64355 for channel [id: 0x035df254, L:/127.0.0.1:49548 - R:localhost/127.0.0.1:64355]
20:37:31.423 [Forwarding getElementTagName on session 85438d590a359b777eecc1a8276e81ca to remote] DEBUG org.asynchttpclient.netty.request.NettyRequestSender - Using pooled Channel '[id: 0x035df254, L:/127.0.0.1:49548 - R:localhost/127.0.0.1:64355]' for 'GET' to 'http://localhost:64355/session/85438d590a359b777eecc1a8276e81ca/element/9c78fb45-9039-4c76-945e-7b463aa10b40/name'
20:37:31.423 [Forwarding getElementTagName on session 85438d590a359b777eecc1a8276e81ca to remote] DEBUG org.asynchttpclient.netty.request.NettyRequestSender - Using open Channel [id: 0x035df254, L:/127.0.0.1:49548 - R:localhost/127.0.0.1:64355] for GET '/session/85438d590a359b777eecc1a8276e81ca/element/9c78fb45-9039-4c76-945e-7b463aa10b40/name'
20:37:31.429 [AsyncHttpClient-1-14] DEBUG org.asynchttpclient.netty.handler.HttpHandler - 

Request DefaultFullHttpRequest(decodeResult: success, version: HTTP/1.1, content: EmptyByteBufBE)
GET /session/85438d590a359b777eecc1a8276e81ca/element/9c78fb45-9039-4c76-945e-7b463aa10b40/name HTTP/1.1
User-Agent: selenium/4.1.2 (java windows)
Cache-Control: no-cache
Content-Type: application/json; charset=utf-8
host: localhost:64355
accept: */*

Response DefaultHttpResponse(decodeResult: success, version: HTTP/1.1)
HTTP/1.1 200 OK
Content-Type: application/json; charset=utf-8
cache-control: no-cache
content-length: 13

20:37:31.429 [AsyncHttpClient-1-14] DEBUG org.asynchttpclient.netty.channel.ChannelManager - Adding key: http://localhost:64355 for channel [id: 0x035df254, L:/127.0.0.1:49548 - R:localhost/127.0.0.1:64355]
20:37:31.430 [Forwarding getElementTagName on session 85438d590a359b777eecc1a8276e81ca to remote] DEBUG org.asynchttpclient.netty.request.NettyRequestSender - Using pooled Channel '[id: 0x035df254, L:/127.0.0.1:49548 - R:localhost/127.0.0.1:64355]' for 'GET' to 'http://localhost:64355/session/85438d590a359b777eecc1a8276e81ca/element/9c78fb45-9039-4c76-945e-7b463aa10b40/name'
20:37:31.430 [Forwarding getElementTagName on session 85438d590a359b777eecc1a8276e81ca to remote] DEBUG org.asynchttpclient.netty.request.NettyRequestSender - Using open Channel [id: 0x035df254, L:/127.0.0.1:49548 - R:localhost/127.0.0.1:64355] for GET '/session/85438d590a359b777eecc1a8276e81ca/element/9c78fb45-9039-4c76-945e-7b463aa10b40/name'
20:37:31.433 [AsyncHttpClient-1-14] DEBUG org.asynchttpclient.netty.handler.HttpHandler - 

Request DefaultFullHttpRequest(decodeResult: success, version: HTTP/1.1, content: EmptyByteBufBE)
GET /session/85438d590a359b777eecc1a8276e81ca/element/9c78fb45-9039-4c76-945e-7b463aa10b40/name HTTP/1.1
User-Agent: selenium/4.1.2 (java windows)
Cache-Control: no-cache
Content-Type: application/json; charset=utf-8
host: localhost:64355
accept: */*

Response DefaultHttpResponse(decodeResult: success, version: HTTP/1.1)
HTTP/1.1 200 OK
Content-Type: application/json; charset=utf-8
cache-control: no-cache
content-length: 13

20:37:31.433 [AsyncHttpClient-1-14] DEBUG org.asynchttpclient.netty.channel.ChannelManager - Adding key: http://localhost:64355 for channel [id: 0x035df254, L:/127.0.0.1:49548 - R:localhost/127.0.0.1:64355]
20:37:31.435 [Forwarding findElement on session 85438d590a359b777eecc1a8276e81ca to remote] DEBUG org.asynchttpclient.netty.request.NettyRequestSender - Using pooled Channel '[id: 0x035df254, L:/127.0.0.1:49548 - R:localhost/127.0.0.1:64355]' for 'POST' to 'http://localhost:64355/session/85438d590a359b777eecc1a8276e81ca/element'
20:37:31.435 [Forwarding findElement on session 85438d590a359b777eecc1a8276e81ca to remote] DEBUG org.asynchttpclient.netty.request.NettyRequestSender - Using open Channel [id: 0x035df254, L:/127.0.0.1:49548 - R:localhost/127.0.0.1:64355] for POST '/session/85438d590a359b777eecc1a8276e81ca/element'
20:37:31.442 [AsyncHttpClient-1-14] DEBUG org.asynchttpclient.netty.handler.HttpHandler - 

Request DefaultHttpRequest(decodeResult: success, version: HTTP/1.1)
POST /session/85438d590a359b777eecc1a8276e81ca/element HTTP/1.1
User-Agent: selenium/4.1.2 (java windows)
Content-Length: 88
Content-Type: application/json; charset=utf-8
host: localhost:64355
accept: */*

Response DefaultHttpResponse(decodeResult: success, version: HTTP/1.1)
HTTP/1.1 200 OK
Content-Type: application/json; charset=utf-8
cache-control: no-cache
content-length: 88

20:37:31.442 [AsyncHttpClient-1-14] DEBUG org.asynchttpclient.netty.channel.ChannelManager - Adding key: http://localhost:64355 for channel [id: 0x035df254, L:/127.0.0.1:49548 - R:localhost/127.0.0.1:64355]
20:37:31.444 [Forwarding clickElement on session 85438d590a359b777eecc1a8276e81ca to remote] DEBUG org.asynchttpclient.netty.request.NettyRequestSender - Using pooled Channel '[id: 0x035df254, L:/127.0.0.1:49548 - R:localhost/127.0.0.1:64355]' for 'POST' to 'http://localhost:64355/session/85438d590a359b777eecc1a8276e81ca/element/9c78fb45-9039-4c76-945e-7b463aa10b40/click'
20:37:31.444 [Forwarding clickElement on session 85438d590a359b777eecc1a8276e81ca to remote] DEBUG org.asynchttpclient.netty.request.NettyRequestSender - Using open Channel [id: 0x035df254, L:/127.0.0.1:49548 - R:localhost/127.0.0.1:64355] for POST '/session/85438d590a359b777eecc1a8276e81ca/element/9c78fb45-9039-4c76-945e-7b463aa10b40/click'
20:37:31.474 [AsyncHttpClient-1-14] DEBUG org.asynchttpclient.netty.handler.HttpHandler - 

Request DefaultHttpRequest(decodeResult: success, version: HTTP/1.1)
POST /session/85438d590a359b777eecc1a8276e81ca/element/9c78fb45-9039-4c76-945e-7b463aa10b40/click HTTP/1.1
User-Agent: selenium/4.1.2 (java windows)
Content-Length: 50
Content-Type: application/json; charset=utf-8
host: localhost:64355
accept: */*

Response DefaultHttpResponse(decodeResult: success, version: HTTP/1.1)
HTTP/1.1 200 OK
Content-Type: application/json; charset=utf-8
cache-control: no-cache
content-length: 14

20:37:31.475 [AsyncHttpClient-1-14] DEBUG org.asynchttpclient.netty.channel.ChannelManager - Adding key: http://localhost:64355 for channel [id: 0x035df254, L:/127.0.0.1:49548 - R:localhost/127.0.0.1:64355]
  &amp#27;[32mWhen &amp#27;[0m&amp#27;[32mI open cart page&amp#27;[0m                   &amp#27;[90m# starter.stepdefinitions.CartSteps.iOpenCartPage()&amp#27;[0m
20:37:31.480 [AsyncHttpClient-1-1] DEBUG org.asynchttpclient.netty.channel.DefaultChannelPool - Entry count for : http://localhost:49549 : 1
20:37:31.480 [AsyncHttpClient-1-1] DEBUG org.asynchttpclient.netty.channel.DefaultChannelPool - Entry count for : http://localhost:64355 : 1
20:37:31.481 [Forwarding screenshot on session 85438d590a359b777eecc1a8276e81ca to remote] DEBUG org.asynchttpclient.netty.request.NettyRequestSender - Using pooled Channel '[id: 0x035df254, L:/127.0.0.1:49548 - R:localhost/127.0.0.1:64355]' for 'GET' to 'http://localhost:64355/session/85438d590a359b777eecc1a8276e81ca/screenshot'
20:37:31.481 [Forwarding screenshot on session 85438d590a359b777eecc1a8276e81ca to remote] DEBUG org.asynchttpclient.netty.request.NettyRequestSender - Using open Channel [id: 0x035df254, L:/127.0.0.1:49548 - R:localhost/127.0.0.1:64355] for GET '/session/85438d590a359b777eecc1a8276e81ca/screenshot'
20:37:31.783 [AsyncHttpClient-1-14] DEBUG org.asynchttpclient.netty.handler.HttpHandler - 

Request DefaultFullHttpRequest(decodeResult: success, version: HTTP/1.1, content: EmptyByteBufBE)
GET /session/85438d590a359b777eecc1a8276e81ca/screenshot HTTP/1.1
User-Agent: selenium/4.1.2 (java windows)
Cache-Control: no-cache
Content-Type: application/json; charset=utf-8
host: localhost:64355
accept: */*

Response DefaultHttpResponse(decodeResult: success, version: HTTP/1.1)
HTTP/1.1 200 OK
Content-Type: application/json; charset=utf-8
cache-control: no-cache
content-length: 50880

20:37:31.783 [AsyncHttpClient-1-14] DEBUG org.asynchttpclient.netty.channel.ChannelManager - Adding key: http://localhost:64355 for channel [id: 0x035df254, L:/127.0.0.1:49548 - R:localhost/127.0.0.1:64355]
20:37:31.785 [main] DEBUG net.serenitybdd.core.photography.Darkroom - Send negative for processing for target\site\serenity\763f79252c3986c5517edae544ae635eea2590362fda0d32cf1a5589ec0ae4a8.png
20:37:31.785 [Darkroom Processing Line] DEBUG net.serenitybdd.core.photography.DarkroomProcessingLine - Processing screenshot image in /var/screenshots/screenshot-4482017719169966217
20:37:31.785 [Darkroom Processing Line] DEBUG net.serenitybdd.core.photography.DarkroomProcessingLine - Saving screenshot to target\site\serenity\763f79252c3986c5517edae544ae635eea2590362fda0d32cf1a5589ec0ae4a8.png
20:37:31.794 [Forwarding findElement on session 85438d590a359b777eecc1a8276e81ca to remote] DEBUG org.asynchttpclient.netty.request.NettyRequestSender - Using pooled Channel '[id: 0x035df254, L:/127.0.0.1:49548 - R:localhost/127.0.0.1:64355]' for 'POST' to 'http://localhost:64355/session/85438d590a359b777eecc1a8276e81ca/element'
20:37:31.794 [Forwarding findElement on session 85438d590a359b777eecc1a8276e81ca to remote] DEBUG org.asynchttpclient.netty.request.NettyRequestSender - Using open Channel [id: 0x035df254, L:/127.0.0.1:49548 - R:localhost/127.0.0.1:64355] for POST '/session/85438d590a359b777eecc1a8276e81ca/element'
20:37:31.804 [AsyncHttpClient-1-14] DEBUG org.asynchttpclient.netty.handler.HttpHandler - 

Request DefaultHttpRequest(decodeResult: success, version: HTTP/1.1)
POST /session/85438d590a359b777eecc1a8276e81ca/element HTTP/1.1
User-Agent: selenium/4.1.2 (java windows)
Content-Length: 77
Content-Type: application/json; charset=utf-8
host: localhost:64355
accept: */*

Response DefaultHttpResponse(decodeResult: success, version: HTTP/1.1)
HTTP/1.1 200 OK
Content-Type: application/json; charset=utf-8
cache-control: no-cache
content-length: 88

20:37:31.804 [AsyncHttpClient-1-14] DEBUG org.asynchttpclient.netty.channel.ChannelManager - Adding key: http://localhost:64355 for channel [id: 0x035df254, L:/127.0.0.1:49548 - R:localhost/127.0.0.1:64355]
20:37:31.806 [Forwarding getElementTagName on session 85438d590a359b777eecc1a8276e81ca to remote] DEBUG org.asynchttpclient.netty.request.NettyRequestSender - Using pooled Channel '[id: 0x035df254, L:/127.0.0.1:49548 - R:localhost/127.0.0.1:64355]' for 'GET' to 'http://localhost:64355/session/85438d590a359b777eecc1a8276e81ca/element/d5cf3ed7-e206-48d6-87b5-657dc91b11f0/name'
20:37:31.806 [Forwarding getElementTagName on session 85438d590a359b777eecc1a8276e81ca to remote] DEBUG org.asynchttpclient.netty.request.NettyRequestSender - Using open Channel [id: 0x035df254, L:/127.0.0.1:49548 - R:localhost/127.0.0.1:64355] for GET '/session/85438d590a359b777eecc1a8276e81ca/element/d5cf3ed7-e206-48d6-87b5-657dc91b11f0/name'
20:37:31.811 [AsyncHttpClient-1-14] DEBUG org.asynchttpclient.netty.handler.HttpHandler - 

Request DefaultFullHttpRequest(decodeResult: success, version: HTTP/1.1, content: EmptyByteBufBE)
GET /session/85438d590a359b777eecc1a8276e81ca/element/d5cf3ed7-e206-48d6-87b5-657dc91b11f0/name HTTP/1.1
User-Agent: selenium/4.1.2 (java windows)
Cache-Control: no-cache
Content-Type: application/json; charset=utf-8
host: localhost:64355
accept: */*

Response DefaultHttpResponse(decodeResult: success, version: HTTP/1.1)
HTTP/1.1 200 OK
Content-Type: application/json; charset=utf-8
cache-control: no-cache
content-length: 16

20:37:31.811 [AsyncHttpClient-1-14] DEBUG org.asynchttpclient.netty.channel.ChannelManager - Adding key: http://localhost:64355 for channel [id: 0x035df254, L:/127.0.0.1:49548 - R:localhost/127.0.0.1:64355]
20:37:31.812 [Forwarding getElementTagName on session 85438d590a359b777eecc1a8276e81ca to remote] DEBUG org.asynchttpclient.netty.request.NettyRequestSender - Using pooled Channel '[id: 0x035df254, L:/127.0.0.1:49548 - R:localhost/127.0.0.1:64355]' for 'GET' to 'http://localhost:64355/session/85438d590a359b777eecc1a8276e81ca/element/d5cf3ed7-e206-48d6-87b5-657dc91b11f0/name'
20:37:31.812 [Forwarding getElementTagName on session 85438d590a359b777eecc1a8276e81ca to remote] DEBUG org.asynchttpclient.netty.request.NettyRequestSender - Using open Channel [id: 0x035df254, L:/127.0.0.1:49548 - R:localhost/127.0.0.1:64355] for GET '/session/85438d590a359b777eecc1a8276e81ca/element/d5cf3ed7-e206-48d6-87b5-657dc91b11f0/name'
20:37:31.815 [AsyncHttpClient-1-14] DEBUG org.asynchttpclient.netty.handler.HttpHandler - 

Request DefaultFullHttpRequest(decodeResult: success, version: HTTP/1.1, content: EmptyByteBufBE)
GET /session/85438d590a359b777eecc1a8276e81ca/element/d5cf3ed7-e206-48d6-87b5-657dc91b11f0/name HTTP/1.1
User-Agent: selenium/4.1.2 (java windows)
Cache-Control: no-cache
Content-Type: application/json; charset=utf-8
host: localhost:64355
accept: */*

Response DefaultHttpResponse(decodeResult: success, version: HTTP/1.1)
HTTP/1.1 200 OK
Content-Type: application/json; charset=utf-8
cache-control: no-cache
content-length: 16

20:37:31.815 [AsyncHttpClient-1-14] DEBUG org.asynchttpclient.netty.channel.ChannelManager - Adding key: http://localhost:64355 for channel [id: 0x035df254, L:/127.0.0.1:49548 - R:localhost/127.0.0.1:64355]
20:37:31.818 [Forwarding findElement on session 85438d590a359b777eecc1a8276e81ca to remote] DEBUG org.asynchttpclient.netty.request.NettyRequestSender - Using pooled Channel '[id: 0x035df254, L:/127.0.0.1:49548 - R:localhost/127.0.0.1:64355]' for 'POST' to 'http://localhost:64355/session/85438d590a359b777eecc1a8276e81ca/element'
20:37:31.818 [Forwarding findElement on session 85438d590a359b777eecc1a8276e81ca to remote] DEBUG org.asynchttpclient.netty.request.NettyRequestSender - Using open Channel [id: 0x035df254, L:/127.0.0.1:49548 - R:localhost/127.0.0.1:64355] for POST '/session/85438d590a359b777eecc1a8276e81ca/element'
20:37:31.826 [AsyncHttpClient-1-14] DEBUG org.asynchttpclient.netty.handler.HttpHandler - 

Request DefaultHttpRequest(decodeResult: success, version: HTTP/1.1)
POST /session/85438d590a359b777eecc1a8276e81ca/element HTTP/1.1
User-Agent: selenium/4.1.2 (java windows)
Content-Length: 77
Content-Type: application/json; charset=utf-8
host: localhost:64355
accept: */*

Response DefaultHttpResponse(decodeResult: success, version: HTTP/1.1)
HTTP/1.1 200 OK
Content-Type: application/json; charset=utf-8
cache-control: no-cache
content-length: 88

20:37:31.826 [AsyncHttpClient-1-14] DEBUG org.asynchttpclient.netty.channel.ChannelManager - Adding key: http://localhost:64355 for channel [id: 0x035df254, L:/127.0.0.1:49548 - R:localhost/127.0.0.1:64355]
20:37:31.827 [Forwarding clickElement on session 85438d590a359b777eecc1a8276e81ca to remote] DEBUG org.asynchttpclient.netty.request.NettyRequestSender - Using pooled Channel '[id: 0x035df254, L:/127.0.0.1:49548 - R:localhost/127.0.0.1:64355]' for 'POST' to 'http://localhost:64355/session/85438d590a359b777eecc1a8276e81ca/element/d5cf3ed7-e206-48d6-87b5-657dc91b11f0/click'
20:37:31.827 [Forwarding clickElement on session 85438d590a359b777eecc1a8276e81ca to remote] DEBUG org.asynchttpclient.netty.request.NettyRequestSender - Using open Channel [id: 0x035df254, L:/127.0.0.1:49548 - R:localhost/127.0.0.1:64355] for POST '/session/85438d590a359b777eecc1a8276e81ca/element/d5cf3ed7-e206-48d6-87b5-657dc91b11f0/click'
20:37:31.862 [AsyncHttpClient-1-14] DEBUG org.asynchttpclient.netty.handler.HttpHandler - 

Request DefaultHttpRequest(decodeResult: success, version: HTTP/1.1)
POST /session/85438d590a359b777eecc1a8276e81ca/element/d5cf3ed7-e206-48d6-87b5-657dc91b11f0/click HTTP/1.1
User-Agent: selenium/4.1.2 (java windows)
Content-Length: 50
Content-Type: application/json; charset=utf-8
host: localhost:64355
accept: */*

Response DefaultHttpResponse(decodeResult: success, version: HTTP/1.1)
HTTP/1.1 200 OK
Content-Type: application/json; charset=utf-8
cache-control: no-cache
content-length: 14

20:37:31.862 [AsyncHttpClient-1-14] DEBUG org.asynchttpclient.netty.channel.ChannelManager - Adding key: http://localhost:64355 for channel [id: 0x035df254, L:/127.0.0.1:49548 - R:localhost/127.0.0.1:64355]
  &amp#27;[32mAnd &amp#27;[0m&amp#27;[32mI click minus logo&amp#27;[0m                  &amp#27;[90m# starter.stepdefinitions.CartSteps.iClickMinusLogo()&amp#27;[0m
20:37:31.870 [Forwarding screenshot on session 85438d590a359b777eecc1a8276e81ca to remote] DEBUG org.asynchttpclient.netty.request.NettyRequestSender - Using pooled Channel '[id: 0x035df254, L:/127.0.0.1:49548 - R:localhost/127.0.0.1:64355]' for 'GET' to 'http://localhost:64355/session/85438d590a359b777eecc1a8276e81ca/screenshot'
20:37:31.870 [Forwarding screenshot on session 85438d590a359b777eecc1a8276e81ca to remote] DEBUG org.asynchttpclient.netty.request.NettyRequestSender - Using open Channel [id: 0x035df254, L:/127.0.0.1:49548 - R:localhost/127.0.0.1:64355] for GET '/session/85438d590a359b777eecc1a8276e81ca/screenshot'
20:37:32.040 [AsyncHttpClient-1-14] DEBUG org.asynchttpclient.netty.handler.HttpHandler - 

Request DefaultFullHttpRequest(decodeResult: success, version: HTTP/1.1, content: EmptyByteBufBE)
GET /session/85438d590a359b777eecc1a8276e81ca/screenshot HTTP/1.1
User-Agent: selenium/4.1.2 (java windows)
Cache-Control: no-cache
Content-Type: application/json; charset=utf-8
host: localhost:64355
accept: */*

Response DefaultHttpResponse(decodeResult: success, version: HTTP/1.1)
HTTP/1.1 200 OK
Content-Type: application/json; charset=utf-8
cache-control: no-cache
content-length: 48212

20:37:32.042 [AsyncHttpClient-1-14] DEBUG org.asynchttpclient.netty.channel.ChannelManager - Adding key: http://localhost:64355 for channel [id: 0x035df254, L:/127.0.0.1:49548 - R:localhost/127.0.0.1:64355]
20:37:32.045 [main] DEBUG net.serenitybdd.core.photography.Darkroom - Send negative for processing for target\site\serenity\bc747449789a96a0949daebffd75433f8965265a74eb54b49a7019914160cfd8.png
20:37:32.045 [Darkroom Processing Line] DEBUG net.serenitybdd.core.photography.DarkroomProcessingLine - Processing screenshot image in /var/screenshots/screenshot-11471623983037702759
20:37:32.045 [Darkroom Processing Line] DEBUG net.serenitybdd.core.photography.DarkroomProcessingLine - Saving screenshot to target\site\serenity\bc747449789a96a0949daebffd75433f8965265a74eb54b49a7019914160cfd8.png
20:37:32.054 [Forwarding findElement on session 85438d590a359b777eecc1a8276e81ca to remote] DEBUG org.asynchttpclient.netty.request.NettyRequestSender - Using pooled Channel '[id: 0x035df254, L:/127.0.0.1:49548 - R:localhost/127.0.0.1:64355]' for 'POST' to 'http://localhost:64355/session/85438d590a359b777eecc1a8276e81ca/element'
20:37:32.054 [Forwarding findElement on session 85438d590a359b777eecc1a8276e81ca to remote] DEBUG org.asynchttpclient.netty.request.NettyRequestSender - Using open Channel [id: 0x035df254, L:/127.0.0.1:49548 - R:localhost/127.0.0.1:64355] for POST '/session/85438d590a359b777eecc1a8276e81ca/element'
20:37:32.066 [AsyncHttpClient-1-14] DEBUG org.asynchttpclient.netty.handler.HttpHandler - 

Request DefaultHttpRequest(decodeResult: success, version: HTTP/1.1)
POST /session/85438d590a359b777eecc1a8276e81ca/element HTTP/1.1
User-Agent: selenium/4.1.2 (java windows)
Content-Length: 89
Content-Type: application/json; charset=utf-8
host: localhost:64355
accept: */*

Response DefaultHttpResponse(decodeResult: success, version: HTTP/1.1)
HTTP/1.1 200 OK
Content-Type: application/json; charset=utf-8
cache-control: no-cache
content-length: 88

20:37:32.066 [AsyncHttpClient-1-14] DEBUG org.asynchttpclient.netty.channel.ChannelManager - Adding key: http://localhost:64355 for channel [id: 0x035df254, L:/127.0.0.1:49548 - R:localhost/127.0.0.1:64355]
20:37:32.067 [Forwarding getElementText on session 85438d590a359b777eecc1a8276e81ca to remote] DEBUG org.asynchttpclient.netty.request.NettyRequestSender - Using pooled Channel '[id: 0x035df254, L:/127.0.0.1:49548 - R:localhost/127.0.0.1:64355]' for 'GET' to 'http://localhost:64355/session/85438d590a359b777eecc1a8276e81ca/element/5045266c-e314-4de8-b8ad-cbef3d4ba54f/text'
20:37:32.067 [Forwarding getElementText on session 85438d590a359b777eecc1a8276e81ca to remote] DEBUG org.asynchttpclient.netty.request.NettyRequestSender - Using open Channel [id: 0x035df254, L:/127.0.0.1:49548 - R:localhost/127.0.0.1:64355] for GET '/session/85438d590a359b777eecc1a8276e81ca/element/5045266c-e314-4de8-b8ad-cbef3d4ba54f/text'
20:37:32.082 [AsyncHttpClient-1-14] DEBUG org.asynchttpclient.netty.handler.HttpHandler - 

Request DefaultFullHttpRequest(decodeResult: success, version: HTTP/1.1, content: EmptyByteBufBE)
GET /session/85438d590a359b777eecc1a8276e81ca/element/5045266c-e314-4de8-b8ad-cbef3d4ba54f/text HTTP/1.1
User-Agent: selenium/4.1.2 (java windows)
Cache-Control: no-cache
Content-Type: application/json; charset=utf-8
host: localhost:64355
accept: */*

Response DefaultHttpResponse(decodeResult: success, version: HTTP/1.1)
HTTP/1.1 200 OK
Content-Type: application/json; charset=utf-8
cache-control: no-cache
content-length: 13

20:37:32.082 [AsyncHttpClient-1-14] DEBUG org.asynchttpclient.netty.channel.ChannelManager - Adding key: http://localhost:64355 for channel [id: 0x035df254, L:/127.0.0.1:49548 - R:localhost/127.0.0.1:64355]
  &amp#27;[32mThen &amp#27;[0m&amp#27;[32mThe quantity of product is reduced&amp#27;[0m &amp#27;[90m# starter.stepdefinitions.CartSteps.theQuantityOfProductIsReduced()&amp#27;[0m
20:37:32.087 [main] INFO  - 
  _____   ___   ___   _____     ___     _     ___   ___   ___   ___  
 |_   _| | __| / __| |_   _|   | _ \   /_\   / __| / __| | __| |   \ 
   | |   | _|  \__ \   | |     |  _/  / _ \  \__ \ \__ \ | _|  | |) |
   |_|   |___| |___/   |_|     |_|   /_/ \_\ |___/ |___/ |___| |___/ 

Reduce Product Quantity
----------------------------------------------------------------------
20:37:32.088 [AsyncHttpClient-1-16] DEBUG org.asynchttpclient.netty.handler.WebSocketHandler - Channel Closed: [id: 0x4c0c05c4, L:/127.0.0.1:49557 ! R:localhost/127.0.0.1:49549] with attribute NettyResponseFuture{currentRetry=5,
	isDone=1,
	isCancelled=0,
	asyncHandler=org.asynchttpclient.ws.WebSocketUpgradeHandler@a382045,
	nettyRequest=org.asynchttpclient.netty.request.NettyRequest@4f3abf66,
	future=java.util.concurrent.CompletableFuture@4da1dc57[Completed normally],
	uri=ws://localhost:49549/devtools/browser/7c5c4ec1-aace-4717-9c11-0792b764e78b,
	keepAlive=true,
	redirectCount=0,
	timeoutsHolder=null,
	inAuth=0,
	touch=1667223448122}
20:37:32.088 [AsyncHttpClient-1-16] DEBUG org.asynchttpclient.netty.channel.ChannelManager - Closing Channel [id: 0x4c0c05c4, L:/127.0.0.1:49557 ! R:localhost/127.0.0.1:49549] 
20:37:32.088 [Driver Command Executor] DEBUG org.asynchttpclient.netty.request.NettyRequestSender - Using pooled Channel '[id: 0x035df254, L:/127.0.0.1:49548 - R:localhost/127.0.0.1:64355]' for 'DELETE' to 'http://localhost:64355/session/85438d590a359b777eecc1a8276e81ca'
20:37:32.088 [Driver Command Executor] DEBUG org.asynchttpclient.netty.request.NettyRequestSender - Using open Channel [id: 0x035df254, L:/127.0.0.1:49548 - R:localhost/127.0.0.1:64355] for DELETE '/session/85438d590a359b777eecc1a8276e81ca'
20:37:32.152 [AsyncHttpClient-1-15] DEBUG org.asynchttpclient.netty.handler.HttpHandler - Unexpected I/O exception on channel [id: 0x9e7a4490, L:/127.0.0.1:49556 - R:localhost/127.0.0.1:49549]
java.net.SocketException: Connection reset
	at java.base/sun.nio.ch.SocketChannelImpl.throwConnectionReset(SocketChannelImpl.java:345)
	at java.base/sun.nio.ch.SocketChannelImpl.read(SocketChannelImpl.java:376)
	at io.netty.buffer.PooledByteBuf.setBytes(PooledByteBuf.java:258)
	at io.netty.buffer.AbstractByteBuf.writeBytes(AbstractByteBuf.java:1132)
	at io.netty.channel.socket.nio.NioSocketChannel.doReadBytes(NioSocketChannel.java:350)
	at io.netty.channel.nio.AbstractNioByteChannel$NioByteUnsafe.read(AbstractNioByteChannel.java:151)
	at io.netty.channel.nio.NioEventLoop.processSelectedKey(NioEventLoop.java:722)
	at io.netty.channel.nio.NioEventLoop.processSelectedKeysOptimized(NioEventLoop.java:658)
	at io.netty.channel.nio.NioEventLoop.processSelectedKeys(NioEventLoop.java:584)
	at io.netty.channel.nio.NioEventLoop.run(NioEventLoop.java:496)
	at io.netty.util.concurrent.SingleThreadEventExecutor$4.run(SingleThreadEventExecutor.java:986)
	at io.netty.util.internal.ThreadExecutorMap$2.run(ThreadExecutorMap.java:74)
	at io.netty.util.concurrent.FastThreadLocalRunnable.run(FastThreadLocalRunnable.java:30)
	at java.base/java.lang.Thread.run(Thread.java:830)
20:37:32.153 [AsyncHttpClient-1-15] DEBUG org.asynchttpclient.netty.channel.ChannelManager - Closing Channel [id: 0x9e7a4490, L:/127.0.0.1:49556 - R:localhost/127.0.0.1:49549] 
20:37:32.153 [AsyncHttpClient-1-15] DEBUG org.asynchttpclient.netty.handler.HttpHandler - Channel Closed: [id: 0x9e7a4490, L:/127.0.0.1:49556 ! R:localhost/127.0.0.1:49549] with attribute DISCARD
20:37:32.171 [AsyncHttpClient-1-14] DEBUG org.asynchttpclient.netty.handler.HttpHandler - 

Request DefaultFullHttpRequest(decodeResult: success, version: HTTP/1.1, content: EmptyByteBufBE)
DELETE /session/85438d590a359b777eecc1a8276e81ca HTTP/1.1
User-Agent: selenium/4.1.2 (java windows)
Content-Type: application/json; charset=utf-8
host: localhost:64355
accept: */*

Response DefaultHttpResponse(decodeResult: success, version: HTTP/1.1)
HTTP/1.1 200 OK
Content-Type: application/json; charset=utf-8
cache-control: no-cache
content-length: 14

20:37:32.171 [AsyncHttpClient-1-14] DEBUG org.asynchttpclient.netty.channel.ChannelManager - Adding key: http://localhost:64355 for channel [id: 0x035df254, L:/127.0.0.1:49548 - R:localhost/127.0.0.1:64355]
20:37:32.230 [AsyncHttpClient-1-14] DEBUG org.asynchttpclient.netty.handler.HttpHandler - Channel Closed: [id: 0x035df254, L:/127.0.0.1:49548 ! R:localhost/127.0.0.1:64355] with attribute DISCARD
20:37:32.580 [AsyncHttpClient-1-1] DEBUG org.asynchttpclient.netty.channel.DefaultChannelPool - Entry count for : http://localhost:49549 : 1
20:37:32.580 [AsyncHttpClient-1-1] DEBUG org.asynchttpclient.netty.channel.DefaultChannelPool - Entry count for : http://localhost:64355 : 1
20:37:32.580 [AsyncHttpClient-1-1] DEBUG org.asynchttpclient.netty.channel.DefaultChannelPool - Adding Candidate expired Channel [id: 0x9e7a4490, L:/127.0.0.1:49556 ! R:localhost/127.0.0.1:49549] isIdleTimeoutExpired=false isRemotelyClosed=true isTtlExpired=false
20:37:32.580 [AsyncHttpClient-1-1] DEBUG org.asynchttpclient.netty.channel.DefaultChannelPool - Closing Idle Channel [id: 0x9e7a4490, L:/127.0.0.1:49556 ! R:localhost/127.0.0.1:49549]
20:37:32.580 [AsyncHttpClient-1-1] DEBUG org.asynchttpclient.netty.channel.DefaultChannelPool - Adding Candidate expired Channel [id: 0x035df254, L:/127.0.0.1:49548 ! R:localhost/127.0.0.1:64355] isIdleTimeoutExpired=false isRemotelyClosed=true isTtlExpired=false
20:37:32.580 [AsyncHttpClient-1-1] DEBUG org.asynchttpclient.netty.channel.DefaultChannelPool - Closing Idle Channel [id: 0x035df254, L:/127.0.0.1:49548 ! R:localhost/127.0.0.1:64355]
20:37:32.580 [AsyncHttpClient-1-1] DEBUG org.asynchttpclient.netty.channel.DefaultChannelPool - Closed 2 connections out of 2 in 0 ms
]]></system-out>
    <system-err><![CDATA[Starting ChromeDriver 106.0.5249.61 (511755355844955cd3e264779baf0dd38212a4d0-refs/branch-heads/5249@{#569}) on port 64355
Only local connections are allowed.
Please see https://chromedriver.chromium.org/security-considerations for suggestions on keeping ChromeDriver safe.
ChromeDriver was started successfully.
[1667223447.917][WARNING]: This version of ChromeDriver has not been tested with Chrome version 107.
Oct 31, 2022 8:37:28 PM org.openqa.selenium.remote.ProtocolHandshake createSession
INFO: Detected dialect: W3C
Oct 31, 2022 8:37:28 PM org.openqa.selenium.devtools.CdpVersionFinder findNearestMatch
WARNING: Unable to find an exact match for CDP version 107, so returning the closest version found: a no-op implementation
Oct 31, 2022 8:37:28 PM org.openqa.selenium.devtools.CdpVersionFinder findNearestMatch
INFO: Unable to find CDP implementation matching 107.
Oct 31, 2022 8:37:28 PM org.openqa.selenium.chromium.ChromiumDriver lambda$new$3
WARNING: Unable to find version of CDP to use for . You may need to include a dependency on a specific version of the CDP using something similar to `org.seleniumhq.selenium:selenium-devtools-v86:4.1.2` where the version ("v86") matches the version of the chromium-based browser you're using and the version number of the artifact is the same as Selenium's.
]]></system-err>
  </testcase>
  <testcase name="Show Login Page" classname="Login" time="4.134">
    <system-out><![CDATA[20:37:32.751 [main] INFO io.cucumber.core.plugin.SerenityReporter - Running feature from file:///C:/Users/ASUS/Desktop/stupen/miniproject/Web/ASWeb/src/test/resources/features/Login.feature
20:37:32.754 [main] DEBUG net.thucydides.core.steps.StepEventBus - Test suite started for story net.thucydides.core.model.Story@23282f08
20:37:32.755 [main] INFO  - Test Suite Started: Login

Scenario: Show Login Page      &amp#27;[90m# src/test/resources/features/Login.feature:6&amp#27;[0m
20:37:32.763 [main] INFO io.cucumber.core.plugin.SerenityReporter - Running feature from file:///C:/Users/ASUS/Desktop/stupen/miniproject/Web/ASWeb/src/test/resources/features/Login.feature
20:37:32.765 [main] INFO  - 
  _____   ___   ___   _____     ___   _____     _     ___   _____   ___   ___  
 |_   _| | __| / __| |_   _|   / __| |_   _|   /_\   | _ \ |_   _| | __| |   \ 
   | |   | _|  \__ \   | |     \__ \   | |    / _ \  |   /   | |   | _|  | |) |
   |_|   |___| |___/   |_|     |___/   |_|   /_/ \_\ |_|_\   |_|   |___| |___/ 

Show Login Page(login;show-login-page)
--------------------------------------------------------------------------------
20:37:32.950 [main] INFO net.serenitybdd.core.webdriver.driverproviders.ChromeDriverProvider - Using automatically driver download
20:37:33.149 [main] DEBUG io.github.bonigarcia.wdm.cache.ResolutionCache - Resolution chrome=107 in cache (valid until 21:37:26 31/10/2022 WIB)
20:37:33.162 [main] DEBUG io.github.bonigarcia.wdm.cache.ResolutionCache - Resolution chrome107=107.0.5304.62 in cache (valid until 19:37:19 01/11/2022 WIB)
20:37:33.166 [main] INFO io.github.bonigarcia.wdm.WebDriverManager - Using chromedriver 107.0.5304.62 (resolved driver for Chrome 107)
20:37:33.185 [main] DEBUG io.github.bonigarcia.wdm.WebDriverManager - Driver chromedriver 107.0.5304.62 found in cache
20:37:33.187 [main] INFO io.github.bonigarcia.wdm.WebDriverManager - Exporting webdriver.chrome.driver as C:\Users\ASUS\.cache\selenium\chromedriver\win32\107.0.5304.62\chromedriver.exe
20:37:33.355 [main] DEBUG net.serenitybdd.core.webdriver.driverproviders.ProvideNewDriver - Instantiating driver
20:37:33.355 [main] DEBUG net.serenitybdd.core.webdriver.driverproviders.ProvideNewDriver - Driver capabilities: Capabilities {acceptInsecureCerts: false, base.url: https://alta-shop.vercel.app/, browserName: chrome, chrome.driver: src/test/resources/webdrive..., driver: chrome, goog:chromeOptions: {args: [], extensions: []}, wait.for.timeout: 10000}
20:37:33.907 [AsyncHttpClient-1-17] DEBUG org.asynchttpclient.netty.channel.NettyConnectListener - Using new Channel '[id: 0xf3418960, L:/127.0.0.1:49584 - R:localhost/127.0.0.1:62828]' for 'POST' to '/session'
20:37:34.914 [AsyncHttpClient-1-17] DEBUG org.asynchttpclient.netty.handler.HttpHandler - 

Request DefaultHttpRequest(decodeResult: success, version: HTTP/1.1)
POST /session HTTP/1.1
User-Agent: selenium/4.1.2 (java windows)
Content-Length: 646
Content-Type: application/json; charset=utf-8
host: localhost:62828
accept: */*

Response DefaultHttpResponse(decodeResult: success, version: HTTP/1.1)
HTTP/1.1 200 OK
Content-Type: application/json; charset=utf-8
cache-control: no-cache
content-length: 789

20:37:34.914 [AsyncHttpClient-1-17] DEBUG org.asynchttpclient.netty.channel.ChannelManager - Adding key: http://localhost:62828 for channel [id: 0xf3418960, L:/127.0.0.1:49584 - R:localhost/127.0.0.1:62828]
20:37:34.937 [AsyncHttpClient-1-2] DEBUG org.asynchttpclient.netty.channel.NettyConnectListener - Using new Channel '[id: 0x0ac11604, L:/127.0.0.1:49593 - R:localhost/127.0.0.1:49586]' for 'GET' to '/json/version'
20:37:34.939 [AsyncHttpClient-1-2] DEBUG org.asynchttpclient.netty.handler.HttpHandler - 

Request DefaultFullHttpRequest(decodeResult: success, version: HTTP/1.1, content: EmptyByteBufBE)
GET /json/version HTTP/1.1
User-Agent: selenium/4.1.2 (java windows)
host: localhost:49586
accept: */*

Response DefaultHttpResponse(decodeResult: success, version: HTTP/1.1)
HTTP/1.1 200 OK
Content-Type: application/json; charset=UTF-8
content-length: 423

20:37:34.940 [AsyncHttpClient-1-2] DEBUG org.asynchttpclient.netty.channel.ChannelManager - Adding key: http://localhost:49586 for channel [id: 0x0ac11604, L:/127.0.0.1:49593 - R:localhost/127.0.0.1:49586]
20:37:34.946 [AsyncHttpClient-1-3] DEBUG org.asynchttpclient.netty.channel.NettyConnectListener - Using new Channel '[id: 0x2d176abf, L:/127.0.0.1:49594 - R:localhost/127.0.0.1:49586]' for 'GET' to '/devtools/browser/bb0d5bfc-41e3-4605-992e-9668d47bd96b'
20:37:34.947 [AsyncHttpClient-1-3] DEBUG org.asynchttpclient.netty.handler.WebSocketHandler - 

Request DefaultFullHttpRequest(decodeResult: success, version: HTTP/1.1, content: EmptyByteBufBE)
GET /devtools/browser/bb0d5bfc-41e3-4605-992e-9668d47bd96b HTTP/1.1
upgrade: websocket
connection: upgrade
sec-websocket-key: yzCc/TuWZg7oc3ZKOwhoBg==
sec-websocket-version: 13
origin: http://localhost:49586
host: localhost:49586
accept: */*
user-agent: AHC/2.1

Response DefaultHttpResponse(decodeResult: success, version: HTTP/1.1)
HTTP/1.1 101 WebSocket Protocol Handshake
Upgrade: WebSocket
Connection: Upgrade
Sec-WebSocket-Accept: 0QtDA+pXJiJ/+AgDFRws7yhnbuc=

20:37:34.954 [Forwarding get on session 211057b83af0518f8b6400e1a3375bd0 to remote] DEBUG org.asynchttpclient.netty.request.NettyRequestSender - Using pooled Channel '[id: 0xf3418960, L:/127.0.0.1:49584 - R:localhost/127.0.0.1:62828]' for 'POST' to 'http://localhost:62828/session/211057b83af0518f8b6400e1a3375bd0/url'
20:37:34.954 [Forwarding get on session 211057b83af0518f8b6400e1a3375bd0 to remote] DEBUG org.asynchttpclient.netty.request.NettyRequestSender - Using open Channel [id: 0xf3418960, L:/127.0.0.1:49584 - R:localhost/127.0.0.1:62828] for POST '/session/211057b83af0518f8b6400e1a3375bd0/url'
20:37:35.807 [AsyncHttpClient-1-17] DEBUG org.asynchttpclient.netty.handler.HttpHandler - 

Request DefaultHttpRequest(decodeResult: success, version: HTTP/1.1)
POST /session/211057b83af0518f8b6400e1a3375bd0/url HTTP/1.1
User-Agent: selenium/4.1.2 (java windows)
Content-Length: 74
Content-Type: application/json; charset=utf-8
host: localhost:62828
accept: */*

Response DefaultHttpResponse(decodeResult: success, version: HTTP/1.1)
HTTP/1.1 200 OK
Content-Type: application/json; charset=utf-8
cache-control: no-cache
content-length: 14

20:37:35.808 [AsyncHttpClient-1-17] DEBUG org.asynchttpclient.netty.channel.ChannelManager - Adding key: http://localhost:62828 for channel [id: 0xf3418960, L:/127.0.0.1:49584 - R:localhost/127.0.0.1:62828]
20:37:35.809 [Forwarding setTimeout on session 211057b83af0518f8b6400e1a3375bd0 to remote] DEBUG org.asynchttpclient.netty.request.NettyRequestSender - Using pooled Channel '[id: 0xf3418960, L:/127.0.0.1:49584 - R:localhost/127.0.0.1:62828]' for 'POST' to 'http://localhost:62828/session/211057b83af0518f8b6400e1a3375bd0/timeouts'
20:37:35.809 [Forwarding setTimeout on session 211057b83af0518f8b6400e1a3375bd0 to remote] DEBUG org.asynchttpclient.netty.request.NettyRequestSender - Using open Channel [id: 0xf3418960, L:/127.0.0.1:49584 - R:localhost/127.0.0.1:62828] for POST '/session/211057b83af0518f8b6400e1a3375bd0/timeouts'
20:37:35.810 [AsyncHttpClient-1-17] DEBUG org.asynchttpclient.netty.handler.HttpHandler - 

Request DefaultHttpRequest(decodeResult: success, version: HTTP/1.1)
POST /session/211057b83af0518f8b6400e1a3375bd0/timeouts HTTP/1.1
User-Agent: selenium/4.1.2 (java windows)
Content-Length: 22
Content-Type: application/json; charset=utf-8
host: localhost:62828
accept: */*

Response DefaultHttpResponse(decodeResult: success, version: HTTP/1.1)
HTTP/1.1 200 OK
Content-Type: application/json; charset=utf-8
cache-control: no-cache
content-length: 14

20:37:35.810 [AsyncHttpClient-1-17] DEBUG org.asynchttpclient.netty.channel.ChannelManager - Adding key: http://localhost:62828 for channel [id: 0xf3418960, L:/127.0.0.1:49584 - R:localhost/127.0.0.1:62828]
20:37:35.813 [Forwarding getCurrentUrl on session 211057b83af0518f8b6400e1a3375bd0 to remote] DEBUG org.asynchttpclient.netty.request.NettyRequestSender - Using pooled Channel '[id: 0xf3418960, L:/127.0.0.1:49584 - R:localhost/127.0.0.1:62828]' for 'GET' to 'http://localhost:62828/session/211057b83af0518f8b6400e1a3375bd0/url'
20:37:35.813 [Forwarding getCurrentUrl on session 211057b83af0518f8b6400e1a3375bd0 to remote] DEBUG org.asynchttpclient.netty.request.NettyRequestSender - Using open Channel [id: 0xf3418960, L:/127.0.0.1:49584 - R:localhost/127.0.0.1:62828] for GET '/session/211057b83af0518f8b6400e1a3375bd0/url'
20:37:35.819 [AsyncHttpClient-1-17] DEBUG org.asynchttpclient.netty.handler.HttpHandler - 

Request DefaultFullHttpRequest(decodeResult: success, version: HTTP/1.1, content: EmptyByteBufBE)
GET /session/211057b83af0518f8b6400e1a3375bd0/url HTTP/1.1
User-Agent: selenium/4.1.2 (java windows)
Cache-Control: no-cache
Content-Type: application/json; charset=utf-8
host: localhost:62828
accept: */*

Response DefaultHttpResponse(decodeResult: success, version: HTTP/1.1)
HTTP/1.1 200 OK
Content-Type: application/json; charset=utf-8
cache-control: no-cache
content-length: 51

20:37:35.819 [AsyncHttpClient-1-17] DEBUG org.asynchttpclient.netty.channel.ChannelManager - Adding key: http://localhost:62828 for channel [id: 0xf3418960, L:/127.0.0.1:49584 - R:localhost/127.0.0.1:62828]
  &amp#27;[32mWhen &amp#27;[0m&amp#27;[32mI open login url&amp#27;[0m        &amp#27;[90m# starter.stepdefinitions.LogInOutSteps.iOpenLoginUrl()&amp#27;[0m
20:37:35.825 [main] DEBUG net.serenitybdd.core.photography.Darkroom - Opening darkroom
20:37:35.826 [Darkroom Processing Line] DEBUG net.serenitybdd.core.photography.DarkroomProcessingLine - Darkroom processing line starting up
20:37:35.826 [Forwarding screenshot on session 211057b83af0518f8b6400e1a3375bd0 to remote] DEBUG org.asynchttpclient.netty.request.NettyRequestSender - Using pooled Channel '[id: 0xf3418960, L:/127.0.0.1:49584 - R:localhost/127.0.0.1:62828]' for 'GET' to 'http://localhost:62828/session/211057b83af0518f8b6400e1a3375bd0/screenshot'
20:37:35.826 [Forwarding screenshot on session 211057b83af0518f8b6400e1a3375bd0 to remote] DEBUG org.asynchttpclient.netty.request.NettyRequestSender - Using open Channel [id: 0xf3418960, L:/127.0.0.1:49584 - R:localhost/127.0.0.1:62828] for GET '/session/211057b83af0518f8b6400e1a3375bd0/screenshot'
20:37:35.884 [AsyncHttpClient-1-1] DEBUG org.asynchttpclient.netty.channel.DefaultChannelPool - Entry count for : http://localhost:49586 : 1
20:37:36.223 [AsyncHttpClient-1-17] DEBUG org.asynchttpclient.netty.handler.HttpHandler - 

Request DefaultFullHttpRequest(decodeResult: success, version: HTTP/1.1, content: EmptyByteBufBE)
GET /session/211057b83af0518f8b6400e1a3375bd0/screenshot HTTP/1.1
User-Agent: selenium/4.1.2 (java windows)
Cache-Control: no-cache
Content-Type: application/json; charset=utf-8
host: localhost:62828
accept: */*

Response DefaultHttpResponse(decodeResult: success, version: HTTP/1.1)
HTTP/1.1 200 OK
Content-Type: application/json; charset=utf-8
cache-control: no-cache
content-length: 38472

20:37:36.224 [AsyncHttpClient-1-17] DEBUG org.asynchttpclient.netty.channel.ChannelManager - Adding key: http://localhost:62828 for channel [id: 0xf3418960, L:/127.0.0.1:49584 - R:localhost/127.0.0.1:62828]
20:37:36.226 [main] DEBUG net.serenitybdd.core.photography.Darkroom - Send negative for processing for target\site\serenity\6c2309ed56aeb278067cd6b3caf368b9f01e276e2bf175d46007f31c90d5af21.png
20:37:36.227 [Darkroom Processing Line] DEBUG net.serenitybdd.core.photography.DarkroomProcessingLine - Processing screenshot image in /var/screenshots/screenshot-4863359821080934595
20:37:36.227 [Darkroom Processing Line] DEBUG net.serenitybdd.core.photography.DarkroomProcessingLine - Saving screenshot to target\site\serenity\6c2309ed56aeb278067cd6b3caf368b9f01e276e2bf175d46007f31c90d5af21.png
20:37:36.236 [Forwarding findElement on session 211057b83af0518f8b6400e1a3375bd0 to remote] DEBUG org.asynchttpclient.netty.request.NettyRequestSender - Using pooled Channel '[id: 0xf3418960, L:/127.0.0.1:49584 - R:localhost/127.0.0.1:62828]' for 'POST' to 'http://localhost:62828/session/211057b83af0518f8b6400e1a3375bd0/element'
20:37:36.236 [Forwarding findElement on session 211057b83af0518f8b6400e1a3375bd0 to remote] DEBUG org.asynchttpclient.netty.request.NettyRequestSender - Using open Channel [id: 0xf3418960, L:/127.0.0.1:49584 - R:localhost/127.0.0.1:62828] for POST '/session/211057b83af0518f8b6400e1a3375bd0/element'
20:37:36.247 [AsyncHttpClient-1-17] DEBUG org.asynchttpclient.netty.handler.HttpHandler - 

Request DefaultHttpRequest(decodeResult: success, version: HTTP/1.1)
POST /session/211057b83af0518f8b6400e1a3375bd0/element HTTP/1.1
User-Agent: selenium/4.1.2 (java windows)
Content-Length: 77
Content-Type: application/json; charset=utf-8
host: localhost:62828
accept: */*

Response DefaultHttpResponse(decodeResult: success, version: HTTP/1.1)
HTTP/1.1 200 OK
Content-Type: application/json; charset=utf-8
cache-control: no-cache
content-length: 88

20:37:36.247 [AsyncHttpClient-1-17] DEBUG org.asynchttpclient.netty.channel.ChannelManager - Adding key: http://localhost:62828 for channel [id: 0xf3418960, L:/127.0.0.1:49584 - R:localhost/127.0.0.1:62828]
20:37:36.251 [Forwarding isElementDisplayed on session 211057b83af0518f8b6400e1a3375bd0 to remote] DEBUG org.asynchttpclient.netty.request.NettyRequestSender - Using pooled Channel '[id: 0xf3418960, L:/127.0.0.1:49584 - R:localhost/127.0.0.1:62828]' for 'POST' to 'http://localhost:62828/session/211057b83af0518f8b6400e1a3375bd0/execute/sync'
20:37:36.251 [Forwarding isElementDisplayed on session 211057b83af0518f8b6400e1a3375bd0 to remote] DEBUG org.asynchttpclient.netty.request.NettyRequestSender - Using open Channel [id: 0xf3418960, L:/127.0.0.1:49584 - R:localhost/127.0.0.1:62828] for POST '/session/211057b83af0518f8b6400e1a3375bd0/execute/sync'
20:37:36.266 [AsyncHttpClient-1-17] DEBUG org.asynchttpclient.netty.handler.HttpHandler - 

Request DefaultHttpRequest(decodeResult: success, version: HTTP/1.1)
POST /session/211057b83af0518f8b6400e1a3375bd0/execute/sync HTTP/1.1
User-Agent: selenium/4.1.2 (java windows)
Content-Length: 48780
Content-Type: application/json; charset=utf-8
host: localhost:62828
accept: */*

Response DefaultHttpResponse(decodeResult: success, version: HTTP/1.1)
HTTP/1.1 200 OK
Content-Type: application/json; charset=utf-8
cache-control: no-cache
content-length: 14

20:37:36.266 [AsyncHttpClient-1-17] DEBUG org.asynchttpclient.netty.channel.ChannelManager - Adding key: http://localhost:62828 for channel [id: 0xf3418960, L:/127.0.0.1:49584 - R:localhost/127.0.0.1:62828]
  &amp#27;[32mThen &amp#27;[0m&amp#27;[32mI will go to login page&amp#27;[0m &amp#27;[90m# starter.stepdefinitions.LogInOutSteps.iWillGoToLoginPage()&amp#27;[0m
20:37:36.271 [main] INFO  - 
  _____   ___   ___   _____     ___     _     ___   ___   ___   ___  
 |_   _| | __| / __| |_   _|   | _ \   /_\   / __| / __| | __| |   \ 
   | |   | _|  \__ \   | |     |  _/  / _ \  \__ \ \__ \ | _|  | |) |
   |_|   |___| |___/   |_|     |_|   /_/ \_\ |___/ |___/ |___| |___/ 

Show Login Page
----------------------------------------------------------------------
20:37:36.272 [AsyncHttpClient-1-3] DEBUG org.asynchttpclient.netty.handler.WebSocketHandler - Channel Closed: [id: 0x2d176abf, L:/127.0.0.1:49594 ! R:localhost/127.0.0.1:49586] with attribute NettyResponseFuture{currentRetry=5,
	isDone=1,
	isCancelled=0,
	asyncHandler=org.asynchttpclient.ws.WebSocketUpgradeHandler@6ea44f7,
	nettyRequest=org.asynchttpclient.netty.request.NettyRequest@6fb8fe8e,
	future=java.util.concurrent.CompletableFuture@10cb0887[Completed normally],
	uri=ws://localhost:49586/devtools/browser/bb0d5bfc-41e3-4605-992e-9668d47bd96b,
	keepAlive=true,
	redirectCount=0,
	timeoutsHolder=null,
	inAuth=0,
	touch=1667223454948}
20:37:36.272 [AsyncHttpClient-1-3] DEBUG org.asynchttpclient.netty.channel.ChannelManager - Closing Channel [id: 0x2d176abf, L:/127.0.0.1:49594 ! R:localhost/127.0.0.1:49586] 
20:37:36.272 [Driver Command Executor] DEBUG org.asynchttpclient.netty.request.NettyRequestSender - Using pooled Channel '[id: 0xf3418960, L:/127.0.0.1:49584 - R:localhost/127.0.0.1:62828]' for 'DELETE' to 'http://localhost:62828/session/211057b83af0518f8b6400e1a3375bd0'
20:37:36.272 [Driver Command Executor] DEBUG org.asynchttpclient.netty.request.NettyRequestSender - Using open Channel [id: 0xf3418960, L:/127.0.0.1:49584 - R:localhost/127.0.0.1:62828] for DELETE '/session/211057b83af0518f8b6400e1a3375bd0'
20:37:36.296 [AsyncHttpClient-1-2] DEBUG org.asynchttpclient.netty.handler.HttpHandler - Unexpected I/O exception on channel [id: 0x0ac11604, L:/127.0.0.1:49593 - R:localhost/127.0.0.1:49586]
java.net.SocketException: Connection reset
	at java.base/sun.nio.ch.SocketChannelImpl.throwConnectionReset(SocketChannelImpl.java:345)
	at java.base/sun.nio.ch.SocketChannelImpl.read(SocketChannelImpl.java:376)
	at io.netty.buffer.PooledByteBuf.setBytes(PooledByteBuf.java:258)
	at io.netty.buffer.AbstractByteBuf.writeBytes(AbstractByteBuf.java:1132)
	at io.netty.channel.socket.nio.NioSocketChannel.doReadBytes(NioSocketChannel.java:350)
	at io.netty.channel.nio.AbstractNioByteChannel$NioByteUnsafe.read(AbstractNioByteChannel.java:151)
	at io.netty.channel.nio.NioEventLoop.processSelectedKey(NioEventLoop.java:722)
	at io.netty.channel.nio.NioEventLoop.processSelectedKeysOptimized(NioEventLoop.java:658)
	at io.netty.channel.nio.NioEventLoop.processSelectedKeys(NioEventLoop.java:584)
	at io.netty.channel.nio.NioEventLoop.run(NioEventLoop.java:496)
	at io.netty.util.concurrent.SingleThreadEventExecutor$4.run(SingleThreadEventExecutor.java:986)
	at io.netty.util.internal.ThreadExecutorMap$2.run(ThreadExecutorMap.java:74)
	at io.netty.util.concurrent.FastThreadLocalRunnable.run(FastThreadLocalRunnable.java:30)
	at java.base/java.lang.Thread.run(Thread.java:830)
20:37:36.296 [AsyncHttpClient-1-2] DEBUG org.asynchttpclient.netty.channel.ChannelManager - Closing Channel [id: 0x0ac11604, L:/127.0.0.1:49593 - R:localhost/127.0.0.1:49586] 
20:37:36.297 [AsyncHttpClient-1-2] DEBUG org.asynchttpclient.netty.handler.HttpHandler - Channel Closed: [id: 0x0ac11604, L:/127.0.0.1:49593 ! R:localhost/127.0.0.1:49586] with attribute DISCARD
20:37:36.314 [AsyncHttpClient-1-17] DEBUG org.asynchttpclient.netty.handler.HttpHandler - 

Request DefaultFullHttpRequest(decodeResult: success, version: HTTP/1.1, content: EmptyByteBufBE)
DELETE /session/211057b83af0518f8b6400e1a3375bd0 HTTP/1.1
User-Agent: selenium/4.1.2 (java windows)
Content-Type: application/json; charset=utf-8
host: localhost:62828
accept: */*

Response DefaultHttpResponse(decodeResult: success, version: HTTP/1.1)
HTTP/1.1 200 OK
Content-Type: application/json; charset=utf-8
cache-control: no-cache
content-length: 14

20:37:36.314 [AsyncHttpClient-1-17] DEBUG org.asynchttpclient.netty.channel.ChannelManager - Adding key: http://localhost:62828 for channel [id: 0xf3418960, L:/127.0.0.1:49584 - R:localhost/127.0.0.1:62828]
20:37:36.364 [AsyncHttpClient-1-17] DEBUG org.asynchttpclient.netty.handler.HttpHandler - Channel Closed: [id: 0xf3418960, L:/127.0.0.1:49584 ! R:localhost/127.0.0.1:62828] with attribute DISCARD
]]></system-out>
    <system-err><![CDATA[Starting ChromeDriver 106.0.5249.61 (511755355844955cd3e264779baf0dd38212a4d0-refs/branch-heads/5249@{#569}) on port 62828
Only local connections are allowed.
Please see https://chromedriver.chromium.org/security-considerations for suggestions on keeping ChromeDriver safe.
ChromeDriver was started successfully.
[1667223454.654][WARNING]: This version of ChromeDriver has not been tested with Chrome version 107.
Oct 31, 2022 8:37:34 PM org.openqa.selenium.remote.ProtocolHandshake createSession
INFO: Detected dialect: W3C
Oct 31, 2022 8:37:34 PM org.openqa.selenium.devtools.CdpVersionFinder findNearestMatch
WARNING: Unable to find an exact match for CDP version 107, so returning the closest version found: a no-op implementation
Oct 31, 2022 8:37:34 PM org.openqa.selenium.devtools.CdpVersionFinder findNearestMatch
INFO: Unable to find CDP implementation matching 107.
Oct 31, 2022 8:37:34 PM org.openqa.selenium.chromium.ChromiumDriver lambda$new$3
WARNING: Unable to find version of CDP to use for . You may need to include a dependency on a specific version of the CDP using something similar to `org.seleniumhq.selenium:selenium-devtools-v86:4.1.2` where the version ("v86") matches the version of the chromium-based browser you're using and the version number of the artifact is the same as Selenium's.
]]></system-err>
  </testcase>
  <testcase name="Login with username and password #1" classname="Login" time="5.825">
    <system-out><![CDATA[
Scenario Outline: Login with username and password &amp#27;[90m# src/test/resources/features/Login.feature:19&amp#27;[0m
20:37:36.901 [main] INFO io.cucumber.core.plugin.SerenityReporter - Running feature from file:///C:/Users/ASUS/Desktop/stupen/miniproject/Web/ASWeb/src/test/resources/features/Login.feature
20:37:36.912 [main] INFO  - 
  _____   ___   ___   _____     ___   _____     _     ___   _____   ___   ___  
 |_   _| | __| / __| |_   _|   / __| |_   _|   /_\   | _ \ |_   _| | __| |   \ 
   | |   | _|  \__ \   | |     \__ \   | |    / _ \  |   /   | |   | _|  | |) |
   |_|   |___| |___/   |_|     |___/   |_|   /_/ \_\ |_|_\   |_|   |___| |___/ 

Login with username and password(login;login-with-username-and-password)
--------------------------------------------------------------------------------
20:37:36.929 [main] INFO net.serenitybdd.core.webdriver.driverproviders.ChromeDriverProvider - Using automatically driver download
20:37:36.983 [AsyncHttpClient-1-1] DEBUG org.asynchttpclient.netty.channel.DefaultChannelPool - Entry count for : http://localhost:49586 : 1
20:37:36.983 [AsyncHttpClient-1-1] DEBUG org.asynchttpclient.netty.channel.DefaultChannelPool - Entry count for : http://localhost:62828 : 1
20:37:36.983 [AsyncHttpClient-1-1] DEBUG org.asynchttpclient.netty.channel.DefaultChannelPool - Adding Candidate expired Channel [id: 0x0ac11604, L:/127.0.0.1:49593 ! R:localhost/127.0.0.1:49586] isIdleTimeoutExpired=false isRemotelyClosed=true isTtlExpired=false
20:37:36.983 [AsyncHttpClient-1-1] DEBUG org.asynchttpclient.netty.channel.DefaultChannelPool - Closing Idle Channel [id: 0x0ac11604, L:/127.0.0.1:49593 ! R:localhost/127.0.0.1:49586]
20:37:36.983 [AsyncHttpClient-1-1] DEBUG org.asynchttpclient.netty.channel.DefaultChannelPool - Adding Candidate expired Channel [id: 0xf3418960, L:/127.0.0.1:49584 ! R:localhost/127.0.0.1:62828] isIdleTimeoutExpired=false isRemotelyClosed=true isTtlExpired=false
20:37:36.983 [AsyncHttpClient-1-1] DEBUG org.asynchttpclient.netty.channel.DefaultChannelPool - Closing Idle Channel [id: 0xf3418960, L:/127.0.0.1:49584 ! R:localhost/127.0.0.1:62828]
20:37:36.983 [AsyncHttpClient-1-1] DEBUG org.asynchttpclient.netty.channel.DefaultChannelPool - Closed 2 connections out of 2 in 0 ms
20:37:37.042 [main] DEBUG io.github.bonigarcia.wdm.cache.ResolutionCache - Resolution chrome=107 in cache (valid until 21:37:26 31/10/2022 WIB)
20:37:37.047 [main] DEBUG io.github.bonigarcia.wdm.cache.ResolutionCache - Resolution chrome107=107.0.5304.62 in cache (valid until 19:37:19 01/11/2022 WIB)
20:37:37.049 [main] INFO io.github.bonigarcia.wdm.WebDriverManager - Using chromedriver 107.0.5304.62 (resolved driver for Chrome 107)
20:37:37.062 [main] DEBUG io.github.bonigarcia.wdm.WebDriverManager - Driver chromedriver 107.0.5304.62 found in cache
20:37:37.063 [main] INFO io.github.bonigarcia.wdm.WebDriverManager - Exporting webdriver.chrome.driver as C:\Users\ASUS\.cache\selenium\chromedriver\win32\107.0.5304.62\chromedriver.exe
20:37:37.184 [main] DEBUG net.serenitybdd.core.webdriver.driverproviders.ProvideNewDriver - Instantiating driver
20:37:37.184 [main] DEBUG net.serenitybdd.core.webdriver.driverproviders.ProvideNewDriver - Driver capabilities: Capabilities {acceptInsecureCerts: false, base.url: https://alta-shop.vercel.app/, browserName: chrome, chrome.driver: src/test/resources/webdrive..., driver: chrome, goog:chromeOptions: {args: [], extensions: []}, wait.for.timeout: 10000}
20:37:37.733 [AsyncHttpClient-1-4] DEBUG org.asynchttpclient.netty.channel.NettyConnectListener - Using new Channel '[id: 0xa42f5eb6, L:/127.0.0.1:49608 - R:localhost/127.0.0.1:50549]' for 'POST' to '/session'
20:37:38.479 [AsyncHttpClient-1-4] DEBUG org.asynchttpclient.netty.handler.HttpHandler - 

Request DefaultHttpRequest(decodeResult: success, version: HTTP/1.1)
POST /session HTTP/1.1
User-Agent: selenium/4.1.2 (java windows)
Content-Length: 646
Content-Type: application/json; charset=utf-8
host: localhost:50549
accept: */*

Response DefaultHttpResponse(decodeResult: success, version: HTTP/1.1)
HTTP/1.1 200 OK
Content-Type: application/json; charset=utf-8
cache-control: no-cache
content-length: 789

20:37:38.479 [AsyncHttpClient-1-4] DEBUG org.asynchttpclient.netty.channel.ChannelManager - Adding key: http://localhost:50549 for channel [id: 0xa42f5eb6, L:/127.0.0.1:49608 - R:localhost/127.0.0.1:50549]
20:37:38.491 [AsyncHttpClient-1-5] DEBUG org.asynchttpclient.netty.channel.NettyConnectListener - Using new Channel '[id: 0x427222ca, L:/127.0.0.1:49615 - R:localhost/127.0.0.1:49609]' for 'GET' to '/json/version'
20:37:38.492 [AsyncHttpClient-1-5] DEBUG org.asynchttpclient.netty.handler.HttpHandler - 

Request DefaultFullHttpRequest(decodeResult: success, version: HTTP/1.1, content: EmptyByteBufBE)
GET /json/version HTTP/1.1
User-Agent: selenium/4.1.2 (java windows)
host: localhost:49609
accept: */*

Response DefaultHttpResponse(decodeResult: success, version: HTTP/1.1)
HTTP/1.1 200 OK
Content-Type: application/json; charset=UTF-8
content-length: 423

20:37:38.492 [AsyncHttpClient-1-5] DEBUG org.asynchttpclient.netty.channel.ChannelManager - Adding key: http://localhost:49609 for channel [id: 0x427222ca, L:/127.0.0.1:49615 - R:localhost/127.0.0.1:49609]
20:37:38.495 [AsyncHttpClient-1-6] DEBUG org.asynchttpclient.netty.channel.NettyConnectListener - Using new Channel '[id: 0x378b63c4, L:/127.0.0.1:49616 - R:localhost/127.0.0.1:49609]' for 'GET' to '/devtools/browser/ccc8e6c3-bf80-433d-be81-38c622d0bfa8'
20:37:38.496 [AsyncHttpClient-1-6] DEBUG org.asynchttpclient.netty.handler.WebSocketHandler - 

Request DefaultFullHttpRequest(decodeResult: success, version: HTTP/1.1, content: EmptyByteBufBE)
GET /devtools/browser/ccc8e6c3-bf80-433d-be81-38c622d0bfa8 HTTP/1.1
upgrade: websocket
connection: upgrade
sec-websocket-key: whgW9ikpaugJuTLb4/qxOw==
sec-websocket-version: 13
origin: http://localhost:49609
host: localhost:49609
accept: */*
user-agent: AHC/2.1

Response DefaultHttpResponse(decodeResult: success, version: HTTP/1.1)
HTTP/1.1 101 WebSocket Protocol Handshake
Upgrade: WebSocket
Connection: Upgrade
Sec-WebSocket-Accept: 7J2vtzrzQmo85gmT1h/Gi2BzaEw=

20:37:38.500 [Forwarding get on session 7c823b1d259f813ef12df2e611839e0d to remote] DEBUG org.asynchttpclient.netty.request.NettyRequestSender - Using pooled Channel '[id: 0xa42f5eb6, L:/127.0.0.1:49608 - R:localhost/127.0.0.1:50549]' for 'POST' to 'http://localhost:50549/session/7c823b1d259f813ef12df2e611839e0d/url'
20:37:38.501 [Forwarding get on session 7c823b1d259f813ef12df2e611839e0d to remote] DEBUG org.asynchttpclient.netty.request.NettyRequestSender - Using open Channel [id: 0xa42f5eb6, L:/127.0.0.1:49608 - R:localhost/127.0.0.1:50549] for POST '/session/7c823b1d259f813ef12df2e611839e0d/url'
20:37:39.179 [AsyncHttpClient-1-1] DEBUG org.asynchttpclient.netty.channel.DefaultChannelPool - Entry count for : http://localhost:49609 : 1
20:37:39.290 [AsyncHttpClient-1-4] DEBUG org.asynchttpclient.netty.handler.HttpHandler - 

Request DefaultHttpRequest(decodeResult: success, version: HTTP/1.1)
POST /session/7c823b1d259f813ef12df2e611839e0d/url HTTP/1.1
User-Agent: selenium/4.1.2 (java windows)
Content-Length: 74
Content-Type: application/json; charset=utf-8
host: localhost:50549
accept: */*

Response DefaultHttpResponse(decodeResult: success, version: HTTP/1.1)
HTTP/1.1 200 OK
Content-Type: application/json; charset=utf-8
cache-control: no-cache
content-length: 14

20:37:39.290 [AsyncHttpClient-1-4] DEBUG org.asynchttpclient.netty.channel.ChannelManager - Adding key: http://localhost:50549 for channel [id: 0xa42f5eb6, L:/127.0.0.1:49608 - R:localhost/127.0.0.1:50549]
20:37:39.291 [Forwarding setTimeout on session 7c823b1d259f813ef12df2e611839e0d to remote] DEBUG org.asynchttpclient.netty.request.NettyRequestSender - Using pooled Channel '[id: 0xa42f5eb6, L:/127.0.0.1:49608 - R:localhost/127.0.0.1:50549]' for 'POST' to 'http://localhost:50549/session/7c823b1d259f813ef12df2e611839e0d/timeouts'
20:37:39.291 [Forwarding setTimeout on session 7c823b1d259f813ef12df2e611839e0d to remote] DEBUG org.asynchttpclient.netty.request.NettyRequestSender - Using open Channel [id: 0xa42f5eb6, L:/127.0.0.1:49608 - R:localhost/127.0.0.1:50549] for POST '/session/7c823b1d259f813ef12df2e611839e0d/timeouts'
20:37:39.292 [AsyncHttpClient-1-4] DEBUG org.asynchttpclient.netty.handler.HttpHandler - 

Request DefaultHttpRequest(decodeResult: success, version: HTTP/1.1)
POST /session/7c823b1d259f813ef12df2e611839e0d/timeouts HTTP/1.1
User-Agent: selenium/4.1.2 (java windows)
Content-Length: 22
Content-Type: application/json; charset=utf-8
host: localhost:50549
accept: */*

Response DefaultHttpResponse(decodeResult: success, version: HTTP/1.1)
HTTP/1.1 200 OK
Content-Type: application/json; charset=utf-8
cache-control: no-cache
content-length: 14

20:37:39.292 [AsyncHttpClient-1-4] DEBUG org.asynchttpclient.netty.channel.ChannelManager - Adding key: http://localhost:50549 for channel [id: 0xa42f5eb6, L:/127.0.0.1:49608 - R:localhost/127.0.0.1:50549]
20:37:39.295 [Forwarding getCurrentUrl on session 7c823b1d259f813ef12df2e611839e0d to remote] DEBUG org.asynchttpclient.netty.request.NettyRequestSender - Using pooled Channel '[id: 0xa42f5eb6, L:/127.0.0.1:49608 - R:localhost/127.0.0.1:50549]' for 'GET' to 'http://localhost:50549/session/7c823b1d259f813ef12df2e611839e0d/url'
20:37:39.295 [Forwarding getCurrentUrl on session 7c823b1d259f813ef12df2e611839e0d to remote] DEBUG org.asynchttpclient.netty.request.NettyRequestSender - Using open Channel [id: 0xa42f5eb6, L:/127.0.0.1:49608 - R:localhost/127.0.0.1:50549] for GET '/session/7c823b1d259f813ef12df2e611839e0d/url'
20:37:39.299 [AsyncHttpClient-1-4] DEBUG org.asynchttpclient.netty.handler.HttpHandler - 

Request DefaultFullHttpRequest(decodeResult: success, version: HTTP/1.1, content: EmptyByteBufBE)
GET /session/7c823b1d259f813ef12df2e611839e0d/url HTTP/1.1
User-Agent: selenium/4.1.2 (java windows)
Cache-Control: no-cache
Content-Type: application/json; charset=utf-8
host: localhost:50549
accept: */*

Response DefaultHttpResponse(decodeResult: success, version: HTTP/1.1)
HTTP/1.1 200 OK
Content-Type: application/json; charset=utf-8
cache-control: no-cache
content-length: 51

20:37:39.300 [AsyncHttpClient-1-4] DEBUG org.asynchttpclient.netty.channel.ChannelManager - Adding key: http://localhost:50549 for channel [id: 0xa42f5eb6, L:/127.0.0.1:49608 - R:localhost/127.0.0.1:50549]
  &amp#27;[32mGiven &amp#27;[0m&amp#27;[32mI am in login page&amp#27;[0m                         &amp#27;[90m# starter.stepdefinitions.LogInOutSteps.iAmInLoginPage()&amp#27;[0m
20:37:39.305 [Forwarding screenshot on session 7c823b1d259f813ef12df2e611839e0d to remote] DEBUG org.asynchttpclient.netty.request.NettyRequestSender - Using pooled Channel '[id: 0xa42f5eb6, L:/127.0.0.1:49608 - R:localhost/127.0.0.1:50549]' for 'GET' to 'http://localhost:50549/session/7c823b1d259f813ef12df2e611839e0d/screenshot'
20:37:39.305 [Forwarding screenshot on session 7c823b1d259f813ef12df2e611839e0d to remote] DEBUG org.asynchttpclient.netty.request.NettyRequestSender - Using open Channel [id: 0xa42f5eb6, L:/127.0.0.1:49608 - R:localhost/127.0.0.1:50549] for GET '/session/7c823b1d259f813ef12df2e611839e0d/screenshot'
20:37:39.595 [AsyncHttpClient-1-4] DEBUG org.asynchttpclient.netty.handler.HttpHandler - 

Request DefaultFullHttpRequest(decodeResult: success, version: HTTP/1.1, content: EmptyByteBufBE)
GET /session/7c823b1d259f813ef12df2e611839e0d/screenshot HTTP/1.1
User-Agent: selenium/4.1.2 (java windows)
Cache-Control: no-cache
Content-Type: application/json; charset=utf-8
host: localhost:50549
accept: */*

Response DefaultHttpResponse(decodeResult: success, version: HTTP/1.1)
HTTP/1.1 200 OK
Content-Type: application/json; charset=utf-8
cache-control: no-cache
content-length: 38472

20:37:39.596 [AsyncHttpClient-1-4] DEBUG org.asynchttpclient.netty.channel.ChannelManager - Adding key: http://localhost:50549 for channel [id: 0xa42f5eb6, L:/127.0.0.1:49608 - R:localhost/127.0.0.1:50549]
20:37:39.598 [main] DEBUG net.serenitybdd.core.photography.Darkroom - Send negative for processing for target\site\serenity\6c2309ed56aeb278067cd6b3caf368b9f01e276e2bf175d46007f31c90d5af21.png
20:37:39.609 [Forwarding findElement on session 7c823b1d259f813ef12df2e611839e0d to remote] DEBUG org.asynchttpclient.netty.request.NettyRequestSender - Using pooled Channel '[id: 0xa42f5eb6, L:/127.0.0.1:49608 - R:localhost/127.0.0.1:50549]' for 'POST' to 'http://localhost:50549/session/7c823b1d259f813ef12df2e611839e0d/element'
20:37:39.609 [Forwarding findElement on session 7c823b1d259f813ef12df2e611839e0d to remote] DEBUG org.asynchttpclient.netty.request.NettyRequestSender - Using open Channel [id: 0xa42f5eb6, L:/127.0.0.1:49608 - R:localhost/127.0.0.1:50549] for POST '/session/7c823b1d259f813ef12df2e611839e0d/element'
20:37:39.622 [AsyncHttpClient-1-4] DEBUG org.asynchttpclient.netty.handler.HttpHandler - 

Request DefaultHttpRequest(decodeResult: success, version: HTTP/1.1)
POST /session/7c823b1d259f813ef12df2e611839e0d/element HTTP/1.1
User-Agent: selenium/4.1.2 (java windows)
Content-Length: 87
Content-Type: application/json; charset=utf-8
host: localhost:50549
accept: */*

Response DefaultHttpResponse(decodeResult: success, version: HTTP/1.1)
HTTP/1.1 200 OK
Content-Type: application/json; charset=utf-8
cache-control: no-cache
content-length: 88

20:37:39.622 [AsyncHttpClient-1-4] DEBUG org.asynchttpclient.netty.channel.ChannelManager - Adding key: http://localhost:50549 for channel [id: 0xa42f5eb6, L:/127.0.0.1:49608 - R:localhost/127.0.0.1:50549]
20:37:39.623 [Forwarding clearElement on session 7c823b1d259f813ef12df2e611839e0d to remote] DEBUG org.asynchttpclient.netty.request.NettyRequestSender - Using pooled Channel '[id: 0xa42f5eb6, L:/127.0.0.1:49608 - R:localhost/127.0.0.1:50549]' for 'POST' to 'http://localhost:50549/session/7c823b1d259f813ef12df2e611839e0d/element/a8cc356f-ffe6-4216-a634-d5bbd7f2c4c2/clear'
20:37:39.624 [Forwarding clearElement on session 7c823b1d259f813ef12df2e611839e0d to remote] DEBUG org.asynchttpclient.netty.request.NettyRequestSender - Using open Channel [id: 0xa42f5eb6, L:/127.0.0.1:49608 - R:localhost/127.0.0.1:50549] for POST '/session/7c823b1d259f813ef12df2e611839e0d/element/a8cc356f-ffe6-4216-a634-d5bbd7f2c4c2/clear'
20:37:39.656 [AsyncHttpClient-1-4] DEBUG org.asynchttpclient.netty.handler.HttpHandler - 

Request DefaultHttpRequest(decodeResult: success, version: HTTP/1.1)
POST /session/7c823b1d259f813ef12df2e611839e0d/element/a8cc356f-ffe6-4216-a634-d5bbd7f2c4c2/clear HTTP/1.1
User-Agent: selenium/4.1.2 (java windows)
Content-Length: 50
Content-Type: application/json; charset=utf-8
host: localhost:50549
accept: */*

Response DefaultHttpResponse(decodeResult: success, version: HTTP/1.1)
HTTP/1.1 200 OK
Content-Type: application/json; charset=utf-8
cache-control: no-cache
content-length: 14

20:37:39.656 [AsyncHttpClient-1-4] DEBUG org.asynchttpclient.netty.channel.ChannelManager - Adding key: http://localhost:50549 for channel [id: 0xa42f5eb6, L:/127.0.0.1:49608 - R:localhost/127.0.0.1:50549]
20:37:39.659 [Forwarding sendKeysToElement on session 7c823b1d259f813ef12df2e611839e0d to remote] DEBUG org.asynchttpclient.netty.request.NettyRequestSender - Using pooled Channel '[id: 0xa42f5eb6, L:/127.0.0.1:49608 - R:localhost/127.0.0.1:50549]' for 'POST' to 'http://localhost:50549/session/7c823b1d259f813ef12df2e611839e0d/element/a8cc356f-ffe6-4216-a634-d5bbd7f2c4c2/value'
20:37:39.659 [Forwarding sendKeysToElement on session 7c823b1d259f813ef12df2e611839e0d to remote] DEBUG org.asynchttpclient.netty.request.NettyRequestSender - Using open Channel [id: 0xa42f5eb6, L:/127.0.0.1:49608 - R:localhost/127.0.0.1:50549] for POST '/session/7c823b1d259f813ef12df2e611839e0d/element/a8cc356f-ffe6-4216-a634-d5bbd7f2c4c2/value'
20:37:39.753 [AsyncHttpClient-1-4] DEBUG org.asynchttpclient.netty.handler.HttpHandler - 

Request DefaultHttpRequest(decodeResult: success, version: HTTP/1.1)
POST /session/7c823b1d259f813ef12df2e611839e0d/element/a8cc356f-ffe6-4216-a634-d5bbd7f2c4c2/value HTTP/1.1
User-Agent: selenium/4.1.2 (java windows)
Content-Length: 221
Content-Type: application/json; charset=utf-8
host: localhost:50549
accept: */*

Response DefaultHttpResponse(decodeResult: success, version: HTTP/1.1)
HTTP/1.1 200 OK
Content-Type: application/json; charset=utf-8
cache-control: no-cache
content-length: 14

20:37:39.754 [AsyncHttpClient-1-4] DEBUG org.asynchttpclient.netty.channel.ChannelManager - Adding key: http://localhost:50549 for channel [id: 0xa42f5eb6, L:/127.0.0.1:49608 - R:localhost/127.0.0.1:50549]
  &amp#27;[32mWhen &amp#27;[0m&amp#27;[32mI input &amp#27;[0m&amp#27;[32m&amp#27;[1m"thaur@mail.com"&amp#27;[0m&amp#27;[32m email&amp#27;[0m              &amp#27;[90m# starter.stepdefinitions.LogInOutSteps.iInputEmailEmail(java.lang.String)&amp#27;[0m
20:37:39.761 [Forwarding screenshot on session 7c823b1d259f813ef12df2e611839e0d to remote] DEBUG org.asynchttpclient.netty.request.NettyRequestSender - Using pooled Channel '[id: 0xa42f5eb6, L:/127.0.0.1:49608 - R:localhost/127.0.0.1:50549]' for 'GET' to 'http://localhost:50549/session/7c823b1d259f813ef12df2e611839e0d/screenshot'
20:37:39.761 [Forwarding screenshot on session 7c823b1d259f813ef12df2e611839e0d to remote] DEBUG org.asynchttpclient.netty.request.NettyRequestSender - Using open Channel [id: 0xa42f5eb6, L:/127.0.0.1:49608 - R:localhost/127.0.0.1:50549] for GET '/session/7c823b1d259f813ef12df2e611839e0d/screenshot'
20:37:39.949 [AsyncHttpClient-1-4] DEBUG org.asynchttpclient.netty.handler.HttpHandler - 

Request DefaultFullHttpRequest(decodeResult: success, version: HTTP/1.1, content: EmptyByteBufBE)
GET /session/7c823b1d259f813ef12df2e611839e0d/screenshot HTTP/1.1
User-Agent: selenium/4.1.2 (java windows)
Cache-Control: no-cache
Content-Type: application/json; charset=utf-8
host: localhost:50549
accept: */*

Response DefaultHttpResponse(decodeResult: success, version: HTTP/1.1)
HTTP/1.1 200 OK
Content-Type: application/json; charset=utf-8
cache-control: no-cache
content-length: 43604

20:37:39.949 [AsyncHttpClient-1-4] DEBUG org.asynchttpclient.netty.channel.ChannelManager - Adding key: http://localhost:50549 for channel [id: 0xa42f5eb6, L:/127.0.0.1:49608 - R:localhost/127.0.0.1:50549]
20:37:39.951 [main] DEBUG net.serenitybdd.core.photography.Darkroom - Send negative for processing for target\site\serenity\b8eb9cbbefd346281bfc9a2a1d17026d8d7bbe03279cc6c896c587bdfe1b8ce8.png
20:37:39.951 [Darkroom Processing Line] DEBUG net.serenitybdd.core.photography.DarkroomProcessingLine - Processing screenshot image in /var/screenshots/screenshot-132747708710158279
20:37:39.951 [Darkroom Processing Line] DEBUG net.serenitybdd.core.photography.DarkroomProcessingLine - Saving screenshot to target\site\serenity\b8eb9cbbefd346281bfc9a2a1d17026d8d7bbe03279cc6c896c587bdfe1b8ce8.png
20:37:39.959 [Forwarding findElement on session 7c823b1d259f813ef12df2e611839e0d to remote] DEBUG org.asynchttpclient.netty.request.NettyRequestSender - Using pooled Channel '[id: 0xa42f5eb6, L:/127.0.0.1:49608 - R:localhost/127.0.0.1:50549]' for 'POST' to 'http://localhost:50549/session/7c823b1d259f813ef12df2e611839e0d/element'
20:37:39.959 [Forwarding findElement on session 7c823b1d259f813ef12df2e611839e0d to remote] DEBUG org.asynchttpclient.netty.request.NettyRequestSender - Using open Channel [id: 0xa42f5eb6, L:/127.0.0.1:49608 - R:localhost/127.0.0.1:50549] for POST '/session/7c823b1d259f813ef12df2e611839e0d/element'
20:37:39.970 [AsyncHttpClient-1-4] DEBUG org.asynchttpclient.netty.handler.HttpHandler - 

Request DefaultHttpRequest(decodeResult: success, version: HTTP/1.1)
POST /session/7c823b1d259f813ef12df2e611839e0d/element HTTP/1.1
User-Agent: selenium/4.1.2 (java windows)
Content-Length: 90
Content-Type: application/json; charset=utf-8
host: localhost:50549
accept: */*

Response DefaultHttpResponse(decodeResult: success, version: HTTP/1.1)
HTTP/1.1 200 OK
Content-Type: application/json; charset=utf-8
cache-control: no-cache
content-length: 88

20:37:39.970 [AsyncHttpClient-1-4] DEBUG org.asynchttpclient.netty.channel.ChannelManager - Adding key: http://localhost:50549 for channel [id: 0xa42f5eb6, L:/127.0.0.1:49608 - R:localhost/127.0.0.1:50549]
20:37:39.971 [Forwarding clearElement on session 7c823b1d259f813ef12df2e611839e0d to remote] DEBUG org.asynchttpclient.netty.request.NettyRequestSender - Using pooled Channel '[id: 0xa42f5eb6, L:/127.0.0.1:49608 - R:localhost/127.0.0.1:50549]' for 'POST' to 'http://localhost:50549/session/7c823b1d259f813ef12df2e611839e0d/element/36c79514-0607-4a40-918c-6bcad1304b2a/clear'
20:37:39.971 [Forwarding clearElement on session 7c823b1d259f813ef12df2e611839e0d to remote] DEBUG org.asynchttpclient.netty.request.NettyRequestSender - Using open Channel [id: 0xa42f5eb6, L:/127.0.0.1:49608 - R:localhost/127.0.0.1:50549] for POST '/session/7c823b1d259f813ef12df2e611839e0d/element/36c79514-0607-4a40-918c-6bcad1304b2a/clear'
20:37:40.000 [AsyncHttpClient-1-4] DEBUG org.asynchttpclient.netty.handler.HttpHandler - 

Request DefaultHttpRequest(decodeResult: success, version: HTTP/1.1)
POST /session/7c823b1d259f813ef12df2e611839e0d/element/36c79514-0607-4a40-918c-6bcad1304b2a/clear HTTP/1.1
User-Agent: selenium/4.1.2 (java windows)
Content-Length: 50
Content-Type: application/json; charset=utf-8
host: localhost:50549
accept: */*

Response DefaultHttpResponse(decodeResult: success, version: HTTP/1.1)
HTTP/1.1 200 OK
Content-Type: application/json; charset=utf-8
cache-control: no-cache
content-length: 14

20:37:40.000 [AsyncHttpClient-1-4] DEBUG org.asynchttpclient.netty.channel.ChannelManager - Adding key: http://localhost:50549 for channel [id: 0xa42f5eb6, L:/127.0.0.1:49608 - R:localhost/127.0.0.1:50549]
20:37:40.001 [Forwarding sendKeysToElement on session 7c823b1d259f813ef12df2e611839e0d to remote] DEBUG org.asynchttpclient.netty.request.NettyRequestSender - Using pooled Channel '[id: 0xa42f5eb6, L:/127.0.0.1:49608 - R:localhost/127.0.0.1:50549]' for 'POST' to 'http://localhost:50549/session/7c823b1d259f813ef12df2e611839e0d/element/36c79514-0607-4a40-918c-6bcad1304b2a/value'
20:37:40.001 [Forwarding sendKeysToElement on session 7c823b1d259f813ef12df2e611839e0d to remote] DEBUG org.asynchttpclient.netty.request.NettyRequestSender - Using open Channel [id: 0xa42f5eb6, L:/127.0.0.1:49608 - R:localhost/127.0.0.1:50549] for POST '/session/7c823b1d259f813ef12df2e611839e0d/element/36c79514-0607-4a40-918c-6bcad1304b2a/value'
20:37:40.057 [AsyncHttpClient-1-4] DEBUG org.asynchttpclient.netty.handler.HttpHandler - 

Request DefaultHttpRequest(decodeResult: success, version: HTTP/1.1)
POST /session/7c823b1d259f813ef12df2e611839e0d/element/36c79514-0607-4a40-918c-6bcad1304b2a/value HTTP/1.1
User-Agent: selenium/4.1.2 (java windows)
Content-Length: 141
Content-Type: application/json; charset=utf-8
host: localhost:50549
accept: */*

Response DefaultHttpResponse(decodeResult: success, version: HTTP/1.1)
HTTP/1.1 200 OK
Content-Type: application/json; charset=utf-8
cache-control: no-cache
content-length: 14

20:37:40.057 [AsyncHttpClient-1-4] DEBUG org.asynchttpclient.netty.channel.ChannelManager - Adding key: http://localhost:50549 for channel [id: 0xa42f5eb6, L:/127.0.0.1:49608 - R:localhost/127.0.0.1:50549]
  &amp#27;[32mAnd &amp#27;[0m&amp#27;[32mI input &amp#27;[0m&amp#27;[32m&amp#27;[1m"thaurn"&amp#27;[0m&amp#27;[32m password&amp#27;[0m                    &amp#27;[90m# starter.stepdefinitions.LogInOutSteps.iInputPasswordPassword(java.lang.String)&amp#27;[0m
20:37:40.065 [Forwarding screenshot on session 7c823b1d259f813ef12df2e611839e0d to remote] DEBUG org.asynchttpclient.netty.request.NettyRequestSender - Using pooled Channel '[id: 0xa42f5eb6, L:/127.0.0.1:49608 - R:localhost/127.0.0.1:50549]' for 'GET' to 'http://localhost:50549/session/7c823b1d259f813ef12df2e611839e0d/screenshot'
20:37:40.065 [Forwarding screenshot on session 7c823b1d259f813ef12df2e611839e0d to remote] DEBUG org.asynchttpclient.netty.request.NettyRequestSender - Using open Channel [id: 0xa42f5eb6, L:/127.0.0.1:49608 - R:localhost/127.0.0.1:50549] for GET '/session/7c823b1d259f813ef12df2e611839e0d/screenshot'
20:37:40.251 [AsyncHttpClient-1-4] DEBUG org.asynchttpclient.netty.handler.HttpHandler - 

Request DefaultFullHttpRequest(decodeResult: success, version: HTTP/1.1, content: EmptyByteBufBE)
GET /session/7c823b1d259f813ef12df2e611839e0d/screenshot HTTP/1.1
User-Agent: selenium/4.1.2 (java windows)
Cache-Control: no-cache
Content-Type: application/json; charset=utf-8
host: localhost:50549
accept: */*

Response DefaultHttpResponse(decodeResult: success, version: HTTP/1.1)
HTTP/1.1 200 OK
Content-Type: application/json; charset=utf-8
cache-control: no-cache
content-length: 45060

20:37:40.251 [AsyncHttpClient-1-4] DEBUG org.asynchttpclient.netty.channel.ChannelManager - Adding key: http://localhost:50549 for channel [id: 0xa42f5eb6, L:/127.0.0.1:49608 - R:localhost/127.0.0.1:50549]
20:37:40.253 [main] DEBUG net.serenitybdd.core.photography.Darkroom - Send negative for processing for target\site\serenity\0fefac3385d76cfb4a0179c3b7978b77575fd5f5c634625b5dad860019e5b147.png
20:37:40.254 [Darkroom Processing Line] DEBUG net.serenitybdd.core.photography.DarkroomProcessingLine - Processing screenshot image in /var/screenshots/screenshot-5652345317581248444
20:37:40.254 [Darkroom Processing Line] DEBUG net.serenitybdd.core.photography.DarkroomProcessingLine - Saving screenshot to target\site\serenity\0fefac3385d76cfb4a0179c3b7978b77575fd5f5c634625b5dad860019e5b147.png
20:37:40.262 [Forwarding findElement on session 7c823b1d259f813ef12df2e611839e0d to remote] DEBUG org.asynchttpclient.netty.request.NettyRequestSender - Using pooled Channel '[id: 0xa42f5eb6, L:/127.0.0.1:49608 - R:localhost/127.0.0.1:50549]' for 'POST' to 'http://localhost:50549/session/7c823b1d259f813ef12df2e611839e0d/element'
20:37:40.263 [Forwarding findElement on session 7c823b1d259f813ef12df2e611839e0d to remote] DEBUG org.asynchttpclient.netty.request.NettyRequestSender - Using open Channel [id: 0xa42f5eb6, L:/127.0.0.1:49608 - R:localhost/127.0.0.1:50549] for POST '/session/7c823b1d259f813ef12df2e611839e0d/element'
20:37:40.272 [AsyncHttpClient-1-4] DEBUG org.asynchttpclient.netty.handler.HttpHandler - 

Request DefaultHttpRequest(decodeResult: success, version: HTTP/1.1)
POST /session/7c823b1d259f813ef12df2e611839e0d/element HTTP/1.1
User-Agent: selenium/4.1.2 (java windows)
Content-Length: 81
Content-Type: application/json; charset=utf-8
host: localhost:50549
accept: */*

Response DefaultHttpResponse(decodeResult: success, version: HTTP/1.1)
HTTP/1.1 200 OK
Content-Type: application/json; charset=utf-8
cache-control: no-cache
content-length: 88

20:37:40.272 [AsyncHttpClient-1-4] DEBUG org.asynchttpclient.netty.channel.ChannelManager - Adding key: http://localhost:50549 for channel [id: 0xa42f5eb6, L:/127.0.0.1:49608 - R:localhost/127.0.0.1:50549]
20:37:40.274 [Forwarding getElementTagName on session 7c823b1d259f813ef12df2e611839e0d to remote] DEBUG org.asynchttpclient.netty.request.NettyRequestSender - Using pooled Channel '[id: 0xa42f5eb6, L:/127.0.0.1:49608 - R:localhost/127.0.0.1:50549]' for 'GET' to 'http://localhost:50549/session/7c823b1d259f813ef12df2e611839e0d/element/e853753e-0d97-439c-a5a8-170e8697f7d8/name'
20:37:40.274 [Forwarding getElementTagName on session 7c823b1d259f813ef12df2e611839e0d to remote] DEBUG org.asynchttpclient.netty.request.NettyRequestSender - Using open Channel [id: 0xa42f5eb6, L:/127.0.0.1:49608 - R:localhost/127.0.0.1:50549] for GET '/session/7c823b1d259f813ef12df2e611839e0d/element/e853753e-0d97-439c-a5a8-170e8697f7d8/name'
20:37:40.280 [AsyncHttpClient-1-4] DEBUG org.asynchttpclient.netty.handler.HttpHandler - 

Request DefaultFullHttpRequest(decodeResult: success, version: HTTP/1.1, content: EmptyByteBufBE)
GET /session/7c823b1d259f813ef12df2e611839e0d/element/e853753e-0d97-439c-a5a8-170e8697f7d8/name HTTP/1.1
User-Agent: selenium/4.1.2 (java windows)
Cache-Control: no-cache
Content-Type: application/json; charset=utf-8
host: localhost:50549
accept: */*

Response DefaultHttpResponse(decodeResult: success, version: HTTP/1.1)
HTTP/1.1 200 OK
Content-Type: application/json; charset=utf-8
cache-control: no-cache
content-length: 16

20:37:40.280 [AsyncHttpClient-1-4] DEBUG org.asynchttpclient.netty.channel.ChannelManager - Adding key: http://localhost:50549 for channel [id: 0xa42f5eb6, L:/127.0.0.1:49608 - R:localhost/127.0.0.1:50549]
20:37:40.281 [AsyncHttpClient-1-1] DEBUG org.asynchttpclient.netty.channel.DefaultChannelPool - Entry count for : http://localhost:49609 : 1
20:37:40.281 [AsyncHttpClient-1-1] DEBUG org.asynchttpclient.netty.channel.DefaultChannelPool - Entry count for : http://localhost:50549 : 1
20:37:40.281 [Forwarding getElementTagName on session 7c823b1d259f813ef12df2e611839e0d to remote] DEBUG org.asynchttpclient.netty.request.NettyRequestSender - Using pooled Channel '[id: 0xa42f5eb6, L:/127.0.0.1:49608 - R:localhost/127.0.0.1:50549]' for 'GET' to 'http://localhost:50549/session/7c823b1d259f813ef12df2e611839e0d/element/e853753e-0d97-439c-a5a8-170e8697f7d8/name'
20:37:40.281 [Forwarding getElementTagName on session 7c823b1d259f813ef12df2e611839e0d to remote] DEBUG org.asynchttpclient.netty.request.NettyRequestSender - Using open Channel [id: 0xa42f5eb6, L:/127.0.0.1:49608 - R:localhost/127.0.0.1:50549] for GET '/session/7c823b1d259f813ef12df2e611839e0d/element/e853753e-0d97-439c-a5a8-170e8697f7d8/name'
20:37:40.284 [AsyncHttpClient-1-4] DEBUG org.asynchttpclient.netty.handler.HttpHandler - 

Request DefaultFullHttpRequest(decodeResult: success, version: HTTP/1.1, content: EmptyByteBufBE)
GET /session/7c823b1d259f813ef12df2e611839e0d/element/e853753e-0d97-439c-a5a8-170e8697f7d8/name HTTP/1.1
User-Agent: selenium/4.1.2 (java windows)
Cache-Control: no-cache
Content-Type: application/json; charset=utf-8
host: localhost:50549
accept: */*

Response DefaultHttpResponse(decodeResult: success, version: HTTP/1.1)
HTTP/1.1 200 OK
Content-Type: application/json; charset=utf-8
cache-control: no-cache
content-length: 16

20:37:40.284 [AsyncHttpClient-1-4] DEBUG org.asynchttpclient.netty.channel.ChannelManager - Adding key: http://localhost:50549 for channel [id: 0xa42f5eb6, L:/127.0.0.1:49608 - R:localhost/127.0.0.1:50549]
20:37:40.286 [Forwarding findElement on session 7c823b1d259f813ef12df2e611839e0d to remote] DEBUG org.asynchttpclient.netty.request.NettyRequestSender - Using pooled Channel '[id: 0xa42f5eb6, L:/127.0.0.1:49608 - R:localhost/127.0.0.1:50549]' for 'POST' to 'http://localhost:50549/session/7c823b1d259f813ef12df2e611839e0d/element'
20:37:40.286 [Forwarding findElement on session 7c823b1d259f813ef12df2e611839e0d to remote] DEBUG org.asynchttpclient.netty.request.NettyRequestSender - Using open Channel [id: 0xa42f5eb6, L:/127.0.0.1:49608 - R:localhost/127.0.0.1:50549] for POST '/session/7c823b1d259f813ef12df2e611839e0d/element'
20:37:40.291 [AsyncHttpClient-1-4] DEBUG org.asynchttpclient.netty.handler.HttpHandler - 

Request DefaultHttpRequest(decodeResult: success, version: HTTP/1.1)
POST /session/7c823b1d259f813ef12df2e611839e0d/element HTTP/1.1
User-Agent: selenium/4.1.2 (java windows)
Content-Length: 81
Content-Type: application/json; charset=utf-8
host: localhost:50549
accept: */*

Response DefaultHttpResponse(decodeResult: success, version: HTTP/1.1)
HTTP/1.1 200 OK
Content-Type: application/json; charset=utf-8
cache-control: no-cache
content-length: 88

20:37:40.292 [AsyncHttpClient-1-4] DEBUG org.asynchttpclient.netty.channel.ChannelManager - Adding key: http://localhost:50549 for channel [id: 0xa42f5eb6, L:/127.0.0.1:49608 - R:localhost/127.0.0.1:50549]
20:37:40.293 [Forwarding clickElement on session 7c823b1d259f813ef12df2e611839e0d to remote] DEBUG org.asynchttpclient.netty.request.NettyRequestSender - Using pooled Channel '[id: 0xa42f5eb6, L:/127.0.0.1:49608 - R:localhost/127.0.0.1:50549]' for 'POST' to 'http://localhost:50549/session/7c823b1d259f813ef12df2e611839e0d/element/e853753e-0d97-439c-a5a8-170e8697f7d8/click'
20:37:40.293 [Forwarding clickElement on session 7c823b1d259f813ef12df2e611839e0d to remote] DEBUG org.asynchttpclient.netty.request.NettyRequestSender - Using open Channel [id: 0xa42f5eb6, L:/127.0.0.1:49608 - R:localhost/127.0.0.1:50549] for POST '/session/7c823b1d259f813ef12df2e611839e0d/element/e853753e-0d97-439c-a5a8-170e8697f7d8/click'
20:37:40.340 [AsyncHttpClient-1-4] DEBUG org.asynchttpclient.netty.handler.HttpHandler - 

Request DefaultHttpRequest(decodeResult: success, version: HTTP/1.1)
POST /session/7c823b1d259f813ef12df2e611839e0d/element/e853753e-0d97-439c-a5a8-170e8697f7d8/click HTTP/1.1
User-Agent: selenium/4.1.2 (java windows)
Content-Length: 50
Content-Type: application/json; charset=utf-8
host: localhost:50549
accept: */*

Response DefaultHttpResponse(decodeResult: success, version: HTTP/1.1)
HTTP/1.1 200 OK
Content-Type: application/json; charset=utf-8
cache-control: no-cache
content-length: 14

20:37:40.340 [AsyncHttpClient-1-4] DEBUG org.asynchttpclient.netty.channel.ChannelManager - Adding key: http://localhost:50549 for channel [id: 0xa42f5eb6, L:/127.0.0.1:49608 - R:localhost/127.0.0.1:50549]
  &amp#27;[32mAnd &amp#27;[0m&amp#27;[32mI click login button&amp#27;[0m                         &amp#27;[90m# starter.stepdefinitions.LogInOutSteps.iClickLoginButton()&amp#27;[0m
20:37:40.349 [Forwarding screenshot on session 7c823b1d259f813ef12df2e611839e0d to remote] DEBUG org.asynchttpclient.netty.request.NettyRequestSender - Using pooled Channel '[id: 0xa42f5eb6, L:/127.0.0.1:49608 - R:localhost/127.0.0.1:50549]' for 'GET' to 'http://localhost:50549/session/7c823b1d259f813ef12df2e611839e0d/screenshot'
20:37:40.349 [Forwarding screenshot on session 7c823b1d259f813ef12df2e611839e0d to remote] DEBUG org.asynchttpclient.netty.request.NettyRequestSender - Using open Channel [id: 0xa42f5eb6, L:/127.0.0.1:49608 - R:localhost/127.0.0.1:50549] for GET '/session/7c823b1d259f813ef12df2e611839e0d/screenshot'
20:37:40.650 [AsyncHttpClient-1-4] DEBUG org.asynchttpclient.netty.handler.HttpHandler - 

Request DefaultFullHttpRequest(decodeResult: success, version: HTTP/1.1, content: EmptyByteBufBE)
GET /session/7c823b1d259f813ef12df2e611839e0d/screenshot HTTP/1.1
User-Agent: selenium/4.1.2 (java windows)
Cache-Control: no-cache
Content-Type: application/json; charset=utf-8
host: localhost:50549
accept: */*

Response DefaultHttpResponse(decodeResult: success, version: HTTP/1.1)
HTTP/1.1 200 OK
Content-Type: application/json; charset=utf-8
cache-control: no-cache
content-length: 44008

20:37:40.651 [AsyncHttpClient-1-4] DEBUG org.asynchttpclient.netty.channel.ChannelManager - Adding key: http://localhost:50549 for channel [id: 0xa42f5eb6, L:/127.0.0.1:49608 - R:localhost/127.0.0.1:50549]
20:37:40.653 [main] DEBUG net.serenitybdd.core.photography.Darkroom - Send negative for processing for target\site\serenity\d1b2f677527c040e53f89ba94f5ce263163711eeb0c12c1f3522c6d853af02cd.png
20:37:40.653 [Darkroom Processing Line] DEBUG net.serenitybdd.core.photography.DarkroomProcessingLine - Processing screenshot image in /var/screenshots/screenshot-2527937797085636346
20:37:40.653 [Darkroom Processing Line] DEBUG net.serenitybdd.core.photography.DarkroomProcessingLine - Saving screenshot to target\site\serenity\d1b2f677527c040e53f89ba94f5ce263163711eeb0c12c1f3522c6d853af02cd.png
20:37:40.662 [Forwarding findElement on session 7c823b1d259f813ef12df2e611839e0d to remote] DEBUG org.asynchttpclient.netty.request.NettyRequestSender - Using pooled Channel '[id: 0xa42f5eb6, L:/127.0.0.1:49608 - R:localhost/127.0.0.1:50549]' for 'POST' to 'http://localhost:50549/session/7c823b1d259f813ef12df2e611839e0d/element'
20:37:40.662 [Forwarding findElement on session 7c823b1d259f813ef12df2e611839e0d to remote] DEBUG org.asynchttpclient.netty.request.NettyRequestSender - Using open Channel [id: 0xa42f5eb6, L:/127.0.0.1:49608 - R:localhost/127.0.0.1:50549] for POST '/session/7c823b1d259f813ef12df2e611839e0d/element'
20:37:41.379 [AsyncHttpClient-1-1] DEBUG org.asynchttpclient.netty.channel.DefaultChannelPool - Entry count for : http://localhost:49609 : 1
20:37:41.695 [AsyncHttpClient-1-4] DEBUG org.asynchttpclient.netty.handler.HttpHandler - 

Request DefaultHttpRequest(decodeResult: success, version: HTTP/1.1)
POST /session/7c823b1d259f813ef12df2e611839e0d/element HTTP/1.1
User-Agent: selenium/4.1.2 (java windows)
Content-Length: 79
Content-Type: application/json; charset=utf-8
host: localhost:50549
accept: */*

Response DefaultHttpResponse(decodeResult: success, version: HTTP/1.1)
HTTP/1.1 200 OK
Content-Type: application/json; charset=utf-8
cache-control: no-cache
content-length: 88

20:37:41.696 [AsyncHttpClient-1-4] DEBUG org.asynchttpclient.netty.channel.ChannelManager - Adding key: http://localhost:50549 for channel [id: 0xa42f5eb6, L:/127.0.0.1:49608 - R:localhost/127.0.0.1:50549]
20:37:41.700 [Forwarding isElementDisplayed on session 7c823b1d259f813ef12df2e611839e0d to remote] DEBUG org.asynchttpclient.netty.request.NettyRequestSender - Using pooled Channel '[id: 0xa42f5eb6, L:/127.0.0.1:49608 - R:localhost/127.0.0.1:50549]' for 'POST' to 'http://localhost:50549/session/7c823b1d259f813ef12df2e611839e0d/execute/sync'
20:37:41.700 [Forwarding isElementDisplayed on session 7c823b1d259f813ef12df2e611839e0d to remote] DEBUG org.asynchttpclient.netty.request.NettyRequestSender - Using open Channel [id: 0xa42f5eb6, L:/127.0.0.1:49608 - R:localhost/127.0.0.1:50549] for POST '/session/7c823b1d259f813ef12df2e611839e0d/execute/sync'
20:37:41.716 [AsyncHttpClient-1-4] DEBUG org.asynchttpclient.netty.handler.HttpHandler - 

Request DefaultHttpRequest(decodeResult: success, version: HTTP/1.1)
POST /session/7c823b1d259f813ef12df2e611839e0d/execute/sync HTTP/1.1
User-Agent: selenium/4.1.2 (java windows)
Content-Length: 48780
Content-Type: application/json; charset=utf-8
host: localhost:50549
accept: */*

Response DefaultHttpResponse(decodeResult: success, version: HTTP/1.1)
HTTP/1.1 200 OK
Content-Type: application/json; charset=utf-8
cache-control: no-cache
content-length: 14

20:37:41.716 [AsyncHttpClient-1-4] DEBUG org.asynchttpclient.netty.channel.ChannelManager - Adding key: http://localhost:50549 for channel [id: 0xa42f5eb6, L:/127.0.0.1:49608 - R:localhost/127.0.0.1:50549]
  &amp#27;[32mThen &amp#27;[0m&amp#27;[32mI get &amp#27;[0m&amp#27;[32m&amp#27;[1m"logged in"&amp#27;[0m&amp#27;[32m as result&amp#27;[0m                 &amp#27;[90m# starter.stepdefinitions.LogInOutSteps.iGetResult(java.lang.String)&amp#27;[0m
20:37:41.721 [Forwarding screenshot on session 7c823b1d259f813ef12df2e611839e0d to remote] DEBUG org.asynchttpclient.netty.request.NettyRequestSender - Using pooled Channel '[id: 0xa42f5eb6, L:/127.0.0.1:49608 - R:localhost/127.0.0.1:50549]' for 'GET' to 'http://localhost:50549/session/7c823b1d259f813ef12df2e611839e0d/screenshot'
20:37:41.721 [Forwarding screenshot on session 7c823b1d259f813ef12df2e611839e0d to remote] DEBUG org.asynchttpclient.netty.request.NettyRequestSender - Using open Channel [id: 0xa42f5eb6, L:/127.0.0.1:49608 - R:localhost/127.0.0.1:50549] for GET '/session/7c823b1d259f813ef12df2e611839e0d/screenshot'
20:37:42.025 [AsyncHttpClient-1-4] DEBUG org.asynchttpclient.netty.handler.HttpHandler - 

Request DefaultFullHttpRequest(decodeResult: success, version: HTTP/1.1, content: EmptyByteBufBE)
GET /session/7c823b1d259f813ef12df2e611839e0d/screenshot HTTP/1.1
User-Agent: selenium/4.1.2 (java windows)
Cache-Control: no-cache
Content-Type: application/json; charset=utf-8
host: localhost:50549
accept: */*

Response DefaultHttpResponse(decodeResult: success, version: HTTP/1.1)
HTTP/1.1 200 OK
Content-Type: application/json; charset=utf-8
cache-control: no-cache
content-length: 33504

20:37:42.026 [AsyncHttpClient-1-4] DEBUG org.asynchttpclient.netty.channel.ChannelManager - Adding key: http://localhost:50549 for channel [id: 0xa42f5eb6, L:/127.0.0.1:49608 - R:localhost/127.0.0.1:50549]
20:37:42.030 [main] DEBUG net.serenitybdd.core.photography.Darkroom - Send negative for processing for target\site\serenity\ede291db93c56e8eb7c25e45ebd8898da6aecfafe4b2834ff7114a8166680c9a.png
20:37:42.030 [Darkroom Processing Line] DEBUG net.serenitybdd.core.photography.DarkroomProcessingLine - Processing screenshot image in /var/screenshots/screenshot-12988335166533182475
20:37:42.030 [Darkroom Processing Line] DEBUG net.serenitybdd.core.photography.DarkroomProcessingLine - Saving screenshot to target\site\serenity\ede291db93c56e8eb7c25e45ebd8898da6aecfafe4b2834ff7114a8166680c9a.png
20:37:42.038 [AsyncHttpClient-1-6] DEBUG org.asynchttpclient.netty.handler.WebSocketHandler - Channel Closed: [id: 0x378b63c4, L:/127.0.0.1:49616 ! R:localhost/127.0.0.1:49609] with attribute NettyResponseFuture{currentRetry=5,
	isDone=1,
	isCancelled=0,
	asyncHandler=org.asynchttpclient.ws.WebSocketUpgradeHandler@b41ea4c,
	nettyRequest=org.asynchttpclient.netty.request.NettyRequest@6efb9c5,
	future=java.util.concurrent.CompletableFuture@73566696[Completed normally],
	uri=ws://localhost:49609/devtools/browser/ccc8e6c3-bf80-433d-be81-38c622d0bfa8,
	keepAlive=true,
	redirectCount=0,
	timeoutsHolder=null,
	inAuth=0,
	touch=1667223458496}
20:37:42.038 [AsyncHttpClient-1-6] DEBUG org.asynchttpclient.netty.channel.ChannelManager - Closing Channel [id: 0x378b63c4, L:/127.0.0.1:49616 ! R:localhost/127.0.0.1:49609] 
20:37:42.038 [Driver Command Executor] DEBUG org.asynchttpclient.netty.request.NettyRequestSender - Using pooled Channel '[id: 0xa42f5eb6, L:/127.0.0.1:49608 - R:localhost/127.0.0.1:50549]' for 'DELETE' to 'http://localhost:50549/session/7c823b1d259f813ef12df2e611839e0d'
20:37:42.038 [Driver Command Executor] DEBUG org.asynchttpclient.netty.request.NettyRequestSender - Using open Channel [id: 0xa42f5eb6, L:/127.0.0.1:49608 - R:localhost/127.0.0.1:50549] for DELETE '/session/7c823b1d259f813ef12df2e611839e0d'
20:37:42.099 [AsyncHttpClient-1-5] DEBUG org.asynchttpclient.netty.handler.HttpHandler - Unexpected I/O exception on channel [id: 0x427222ca, L:/127.0.0.1:49615 - R:localhost/127.0.0.1:49609]
java.net.SocketException: Connection reset
	at java.base/sun.nio.ch.SocketChannelImpl.throwConnectionReset(SocketChannelImpl.java:345)
	at java.base/sun.nio.ch.SocketChannelImpl.read(SocketChannelImpl.java:376)
	at io.netty.buffer.PooledByteBuf.setBytes(PooledByteBuf.java:258)
	at io.netty.buffer.AbstractByteBuf.writeBytes(AbstractByteBuf.java:1132)
	at io.netty.channel.socket.nio.NioSocketChannel.doReadBytes(NioSocketChannel.java:350)
	at io.netty.channel.nio.AbstractNioByteChannel$NioByteUnsafe.read(AbstractNioByteChannel.java:151)
	at io.netty.channel.nio.NioEventLoop.processSelectedKey(NioEventLoop.java:722)
	at io.netty.channel.nio.NioEventLoop.processSelectedKeysOptimized(NioEventLoop.java:658)
	at io.netty.channel.nio.NioEventLoop.processSelectedKeys(NioEventLoop.java:584)
	at io.netty.channel.nio.NioEventLoop.run(NioEventLoop.java:496)
	at io.netty.util.concurrent.SingleThreadEventExecutor$4.run(SingleThreadEventExecutor.java:986)
	at io.netty.util.internal.ThreadExecutorMap$2.run(ThreadExecutorMap.java:74)
	at io.netty.util.concurrent.FastThreadLocalRunnable.run(FastThreadLocalRunnable.java:30)
	at java.base/java.lang.Thread.run(Thread.java:830)
20:37:42.100 [AsyncHttpClient-1-5] DEBUG org.asynchttpclient.netty.channel.ChannelManager - Closing Channel [id: 0x427222ca, L:/127.0.0.1:49615 - R:localhost/127.0.0.1:49609] 
20:37:42.100 [AsyncHttpClient-1-5] DEBUG org.asynchttpclient.netty.handler.HttpHandler - Channel Closed: [id: 0x427222ca, L:/127.0.0.1:49615 ! R:localhost/127.0.0.1:49609] with attribute DISCARD
20:37:42.121 [AsyncHttpClient-1-4] DEBUG org.asynchttpclient.netty.handler.HttpHandler - 

Request DefaultFullHttpRequest(decodeResult: success, version: HTTP/1.1, content: EmptyByteBufBE)
DELETE /session/7c823b1d259f813ef12df2e611839e0d HTTP/1.1
User-Agent: selenium/4.1.2 (java windows)
Content-Type: application/json; charset=utf-8
host: localhost:50549
accept: */*

Response DefaultHttpResponse(decodeResult: success, version: HTTP/1.1)
HTTP/1.1 200 OK
Content-Type: application/json; charset=utf-8
cache-control: no-cache
content-length: 14

20:37:42.121 [AsyncHttpClient-1-4] DEBUG org.asynchttpclient.netty.channel.ChannelManager - Adding key: http://localhost:50549 for channel [id: 0xa42f5eb6, L:/127.0.0.1:49608 - R:localhost/127.0.0.1:50549]
20:37:42.181 [AsyncHttpClient-1-4] DEBUG org.asynchttpclient.netty.handler.HttpHandler - Channel Closed: [id: 0xa42f5eb6, L:/127.0.0.1:49608 ! R:localhost/127.0.0.1:50549] with attribute DISCARD
20:37:42.492 [AsyncHttpClient-1-1] DEBUG org.asynchttpclient.netty.channel.DefaultChannelPool - Entry count for : http://localhost:49609 : 1
20:37:42.492 [AsyncHttpClient-1-1] DEBUG org.asynchttpclient.netty.channel.DefaultChannelPool - Entry count for : http://localhost:50549 : 1
20:37:42.492 [AsyncHttpClient-1-1] DEBUG org.asynchttpclient.netty.channel.DefaultChannelPool - Adding Candidate expired Channel [id: 0x427222ca, L:/127.0.0.1:49615 ! R:localhost/127.0.0.1:49609] isIdleTimeoutExpired=false isRemotelyClosed=true isTtlExpired=false
20:37:42.493 [AsyncHttpClient-1-1] DEBUG org.asynchttpclient.netty.channel.DefaultChannelPool - Closing Idle Channel [id: 0x427222ca, L:/127.0.0.1:49615 ! R:localhost/127.0.0.1:49609]
20:37:42.493 [AsyncHttpClient-1-1] DEBUG org.asynchttpclient.netty.channel.DefaultChannelPool - Adding Candidate expired Channel [id: 0xa42f5eb6, L:/127.0.0.1:49608 ! R:localhost/127.0.0.1:50549] isIdleTimeoutExpired=false isRemotelyClosed=true isTtlExpired=false
20:37:42.493 [AsyncHttpClient-1-1] DEBUG org.asynchttpclient.netty.channel.DefaultChannelPool - Closing Idle Channel [id: 0xa42f5eb6, L:/127.0.0.1:49608 ! R:localhost/127.0.0.1:50549]
20:37:42.493 [AsyncHttpClient-1-1] DEBUG org.asynchttpclient.netty.channel.DefaultChannelPool - Closed 2 connections out of 2 in 1 ms
20:37:42.713 [main] INFO  - 
  _____   ___   ___   _____     ___     _     ___   ___   ___   ___  
 |_   _| | __| / __| |_   _|   | _ \   /_\   / __| / __| | __| |   \ 
   | |   | _|  \__ \   | |     |  _/  / _ \  \__ \ \__ \ | _|  | |) |
   |_|   |___| |___/   |_|     |_|   /_/ \_\ |___/ |___/ |___| |___/ 

Login with username and password
----------------------------------------------------------------------
]]></system-out>
    <system-err><![CDATA[Starting ChromeDriver 106.0.5249.61 (511755355844955cd3e264779baf0dd38212a4d0-refs/branch-heads/5249@{#569}) on port 50549
Only local connections are allowed.
Please see https://chromedriver.chromium.org/security-considerations for suggestions on keeping ChromeDriver safe.
ChromeDriver was started successfully.
[1667223458.341][WARNING]: This version of ChromeDriver has not been tested with Chrome version 107.
Oct 31, 2022 8:37:38 PM org.openqa.selenium.remote.ProtocolHandshake createSession
INFO: Detected dialect: W3C
Oct 31, 2022 8:37:38 PM org.openqa.selenium.devtools.CdpVersionFinder findNearestMatch
WARNING: Unable to find an exact match for CDP version 107, so returning the closest version found: a no-op implementation
Oct 31, 2022 8:37:38 PM org.openqa.selenium.devtools.CdpVersionFinder findNearestMatch
INFO: Unable to find CDP implementation matching 107.
Oct 31, 2022 8:37:38 PM org.openqa.selenium.chromium.ChromiumDriver lambda$new$3
WARNING: Unable to find version of CDP to use for . You may need to include a dependency on a specific version of the CDP using something similar to `org.seleniumhq.selenium:selenium-devtools-v86:4.1.2` where the version ("v86") matches the version of the chromium-based browser you're using and the version number of the artifact is the same as Selenium's.
]]></system-err>
  </testcase>
  <testcase name="Login with username and password #2" classname="Login" time="5.824">
    <system-out><![CDATA[
Scenario Outline: Login with username and password &amp#27;[90m# src/test/resources/features/Login.feature:20&amp#27;[0m
20:37:42.728 [main] INFO io.cucumber.core.plugin.SerenityReporter - Running feature from file:///C:/Users/ASUS/Desktop/stupen/miniproject/Web/ASWeb/src/test/resources/features/Login.feature
20:37:42.741 [main] INFO net.serenitybdd.core.webdriver.driverproviders.ChromeDriverProvider - Using automatically driver download
20:37:42.848 [main] DEBUG io.github.bonigarcia.wdm.cache.ResolutionCache - Resolution chrome=107 in cache (valid until 21:37:26 31/10/2022 WIB)
20:37:42.851 [main] DEBUG io.github.bonigarcia.wdm.cache.ResolutionCache - Resolution chrome107=107.0.5304.62 in cache (valid until 19:37:19 01/11/2022 WIB)
20:37:42.853 [main] INFO io.github.bonigarcia.wdm.WebDriverManager - Using chromedriver 107.0.5304.62 (resolved driver for Chrome 107)
20:37:42.863 [main] DEBUG io.github.bonigarcia.wdm.WebDriverManager - Driver chromedriver 107.0.5304.62 found in cache
20:37:42.865 [main] INFO io.github.bonigarcia.wdm.WebDriverManager - Exporting webdriver.chrome.driver as C:\Users\ASUS\.cache\selenium\chromedriver\win32\107.0.5304.62\chromedriver.exe
20:37:43.006 [main] DEBUG net.serenitybdd.core.webdriver.driverproviders.ProvideNewDriver - Instantiating driver
20:37:43.006 [main] DEBUG net.serenitybdd.core.webdriver.driverproviders.ProvideNewDriver - Driver capabilities: Capabilities {acceptInsecureCerts: false, base.url: https://alta-shop.vercel.app/, browserName: chrome, chrome.driver: src/test/resources/webdrive..., driver: chrome, goog:chromeOptions: {args: [], extensions: []}, wait.for.timeout: 10000}
20:37:43.547 [AsyncHttpClient-1-7] DEBUG org.asynchttpclient.netty.channel.NettyConnectListener - Using new Channel '[id: 0xbc09f43b, L:/127.0.0.1:49638 - R:localhost/127.0.0.1:57843]' for 'POST' to '/session'
20:37:44.362 [AsyncHttpClient-1-7] DEBUG org.asynchttpclient.netty.handler.HttpHandler - 

Request DefaultHttpRequest(decodeResult: success, version: HTTP/1.1)
POST /session HTTP/1.1
User-Agent: selenium/4.1.2 (java windows)
Content-Length: 646
Content-Type: application/json; charset=utf-8
host: localhost:57843
accept: */*

Response DefaultHttpResponse(decodeResult: success, version: HTTP/1.1)
HTTP/1.1 200 OK
Content-Type: application/json; charset=utf-8
cache-control: no-cache
content-length: 787

20:37:44.362 [AsyncHttpClient-1-7] DEBUG org.asynchttpclient.netty.channel.ChannelManager - Adding key: http://localhost:57843 for channel [id: 0xbc09f43b, L:/127.0.0.1:49638 - R:localhost/127.0.0.1:57843]
20:37:44.371 [AsyncHttpClient-1-8] DEBUG org.asynchttpclient.netty.channel.NettyConnectListener - Using new Channel '[id: 0x0888d4ab, L:/127.0.0.1:49647 - R:localhost/127.0.0.1:49639]' for 'GET' to '/json/version'
20:37:44.371 [AsyncHttpClient-1-8] DEBUG org.asynchttpclient.netty.handler.HttpHandler - 

Request DefaultFullHttpRequest(decodeResult: success, version: HTTP/1.1, content: EmptyByteBufBE)
GET /json/version HTTP/1.1
User-Agent: selenium/4.1.2 (java windows)
host: localhost:49639
accept: */*

Response DefaultHttpResponse(decodeResult: success, version: HTTP/1.1)
HTTP/1.1 200 OK
Content-Type: application/json; charset=UTF-8
content-length: 423

20:37:44.371 [AsyncHttpClient-1-8] DEBUG org.asynchttpclient.netty.channel.ChannelManager - Adding key: http://localhost:49639 for channel [id: 0x0888d4ab, L:/127.0.0.1:49647 - R:localhost/127.0.0.1:49639]
20:37:44.373 [AsyncHttpClient-1-9] DEBUG org.asynchttpclient.netty.channel.NettyConnectListener - Using new Channel '[id: 0x2dc95f36, L:/127.0.0.1:49648 - R:localhost/127.0.0.1:49639]' for 'GET' to '/devtools/browser/f3fb495a-a552-4a40-bd20-f0475c54e738'
20:37:44.375 [AsyncHttpClient-1-9] DEBUG org.asynchttpclient.netty.handler.WebSocketHandler - 

Request DefaultFullHttpRequest(decodeResult: success, version: HTTP/1.1, content: EmptyByteBufBE)
GET /devtools/browser/f3fb495a-a552-4a40-bd20-f0475c54e738 HTTP/1.1
upgrade: websocket
connection: upgrade
sec-websocket-key: DZ0FVpuNEbVdnCHQU+heJw==
sec-websocket-version: 13
origin: http://localhost:49639
host: localhost:49639
accept: */*
user-agent: AHC/2.1

Response DefaultHttpResponse(decodeResult: success, version: HTTP/1.1)
HTTP/1.1 101 WebSocket Protocol Handshake
Upgrade: WebSocket
Connection: Upgrade
Sec-WebSocket-Accept: Qa1SwvViZRRpSml/xlN7tlpGo+I=

20:37:44.379 [Forwarding get on session fe56c020171e25991040906e84ba07ac to remote] DEBUG org.asynchttpclient.netty.request.NettyRequestSender - Using pooled Channel '[id: 0xbc09f43b, L:/127.0.0.1:49638 - R:localhost/127.0.0.1:57843]' for 'POST' to 'http://localhost:57843/session/fe56c020171e25991040906e84ba07ac/url'
20:37:44.379 [Forwarding get on session fe56c020171e25991040906e84ba07ac to remote] DEBUG org.asynchttpclient.netty.request.NettyRequestSender - Using open Channel [id: 0xbc09f43b, L:/127.0.0.1:49638 - R:localhost/127.0.0.1:57843] for POST '/session/fe56c020171e25991040906e84ba07ac/url'
20:37:44.684 [AsyncHttpClient-1-1] DEBUG org.asynchttpclient.netty.channel.DefaultChannelPool - Entry count for : http://localhost:49639 : 1
20:37:45.023 [AsyncHttpClient-1-7] DEBUG org.asynchttpclient.netty.handler.HttpHandler - 

Request DefaultHttpRequest(decodeResult: success, version: HTTP/1.1)
POST /session/fe56c020171e25991040906e84ba07ac/url HTTP/1.1
User-Agent: selenium/4.1.2 (java windows)
Content-Length: 74
Content-Type: application/json; charset=utf-8
host: localhost:57843
accept: */*

Response DefaultHttpResponse(decodeResult: success, version: HTTP/1.1)
HTTP/1.1 200 OK
Content-Type: application/json; charset=utf-8
cache-control: no-cache
content-length: 14

20:37:45.023 [AsyncHttpClient-1-7] DEBUG org.asynchttpclient.netty.channel.ChannelManager - Adding key: http://localhost:57843 for channel [id: 0xbc09f43b, L:/127.0.0.1:49638 - R:localhost/127.0.0.1:57843]
20:37:45.024 [Forwarding setTimeout on session fe56c020171e25991040906e84ba07ac to remote] DEBUG org.asynchttpclient.netty.request.NettyRequestSender - Using pooled Channel '[id: 0xbc09f43b, L:/127.0.0.1:49638 - R:localhost/127.0.0.1:57843]' for 'POST' to 'http://localhost:57843/session/fe56c020171e25991040906e84ba07ac/timeouts'
20:37:45.024 [Forwarding setTimeout on session fe56c020171e25991040906e84ba07ac to remote] DEBUG org.asynchttpclient.netty.request.NettyRequestSender - Using open Channel [id: 0xbc09f43b, L:/127.0.0.1:49638 - R:localhost/127.0.0.1:57843] for POST '/session/fe56c020171e25991040906e84ba07ac/timeouts'
20:37:45.025 [AsyncHttpClient-1-7] DEBUG org.asynchttpclient.netty.handler.HttpHandler - 

Request DefaultHttpRequest(decodeResult: success, version: HTTP/1.1)
POST /session/fe56c020171e25991040906e84ba07ac/timeouts HTTP/1.1
User-Agent: selenium/4.1.2 (java windows)
Content-Length: 22
Content-Type: application/json; charset=utf-8
host: localhost:57843
accept: */*

Response DefaultHttpResponse(decodeResult: success, version: HTTP/1.1)
HTTP/1.1 200 OK
Content-Type: application/json; charset=utf-8
cache-control: no-cache
content-length: 14

20:37:45.025 [AsyncHttpClient-1-7] DEBUG org.asynchttpclient.netty.channel.ChannelManager - Adding key: http://localhost:57843 for channel [id: 0xbc09f43b, L:/127.0.0.1:49638 - R:localhost/127.0.0.1:57843]
20:37:45.029 [Forwarding getCurrentUrl on session fe56c020171e25991040906e84ba07ac to remote] DEBUG org.asynchttpclient.netty.request.NettyRequestSender - Using pooled Channel '[id: 0xbc09f43b, L:/127.0.0.1:49638 - R:localhost/127.0.0.1:57843]' for 'GET' to 'http://localhost:57843/session/fe56c020171e25991040906e84ba07ac/url'
20:37:45.029 [Forwarding getCurrentUrl on session fe56c020171e25991040906e84ba07ac to remote] DEBUG org.asynchttpclient.netty.request.NettyRequestSender - Using open Channel [id: 0xbc09f43b, L:/127.0.0.1:49638 - R:localhost/127.0.0.1:57843] for GET '/session/fe56c020171e25991040906e84ba07ac/url'
20:37:45.034 [AsyncHttpClient-1-7] DEBUG org.asynchttpclient.netty.handler.HttpHandler - 

Request DefaultFullHttpRequest(decodeResult: success, version: HTTP/1.1, content: EmptyByteBufBE)
GET /session/fe56c020171e25991040906e84ba07ac/url HTTP/1.1
User-Agent: selenium/4.1.2 (java windows)
Cache-Control: no-cache
Content-Type: application/json; charset=utf-8
host: localhost:57843
accept: */*

Response DefaultHttpResponse(decodeResult: success, version: HTTP/1.1)
HTTP/1.1 200 OK
Content-Type: application/json; charset=utf-8
cache-control: no-cache
content-length: 51

20:37:45.034 [AsyncHttpClient-1-7] DEBUG org.asynchttpclient.netty.channel.ChannelManager - Adding key: http://localhost:57843 for channel [id: 0xbc09f43b, L:/127.0.0.1:49638 - R:localhost/127.0.0.1:57843]
  &amp#27;[32mGiven &amp#27;[0m&amp#27;[32mI am in login page&amp#27;[0m                         &amp#27;[90m# starter.stepdefinitions.LogInOutSteps.iAmInLoginPage()&amp#27;[0m
20:37:45.042 [Forwarding screenshot on session fe56c020171e25991040906e84ba07ac to remote] DEBUG org.asynchttpclient.netty.request.NettyRequestSender - Using pooled Channel '[id: 0xbc09f43b, L:/127.0.0.1:49638 - R:localhost/127.0.0.1:57843]' for 'GET' to 'http://localhost:57843/session/fe56c020171e25991040906e84ba07ac/screenshot'
20:37:45.043 [Forwarding screenshot on session fe56c020171e25991040906e84ba07ac to remote] DEBUG org.asynchttpclient.netty.request.NettyRequestSender - Using open Channel [id: 0xbc09f43b, L:/127.0.0.1:49638 - R:localhost/127.0.0.1:57843] for GET '/session/fe56c020171e25991040906e84ba07ac/screenshot'
20:37:45.529 [AsyncHttpClient-1-7] DEBUG org.asynchttpclient.netty.handler.HttpHandler - 

Request DefaultFullHttpRequest(decodeResult: success, version: HTTP/1.1, content: EmptyByteBufBE)
GET /session/fe56c020171e25991040906e84ba07ac/screenshot HTTP/1.1
User-Agent: selenium/4.1.2 (java windows)
Cache-Control: no-cache
Content-Type: application/json; charset=utf-8
host: localhost:57843
accept: */*

Response DefaultHttpResponse(decodeResult: success, version: HTTP/1.1)
HTTP/1.1 200 OK
Content-Type: application/json; charset=utf-8
cache-control: no-cache
content-length: 38472

20:37:45.529 [AsyncHttpClient-1-7] DEBUG org.asynchttpclient.netty.channel.ChannelManager - Adding key: http://localhost:57843 for channel [id: 0xbc09f43b, L:/127.0.0.1:49638 - R:localhost/127.0.0.1:57843]
20:37:45.531 [main] DEBUG net.serenitybdd.core.photography.Darkroom - Send negative for processing for target\site\serenity\6c2309ed56aeb278067cd6b3caf368b9f01e276e2bf175d46007f31c90d5af21.png
20:37:45.538 [Forwarding findElement on session fe56c020171e25991040906e84ba07ac to remote] DEBUG org.asynchttpclient.netty.request.NettyRequestSender - Using pooled Channel '[id: 0xbc09f43b, L:/127.0.0.1:49638 - R:localhost/127.0.0.1:57843]' for 'POST' to 'http://localhost:57843/session/fe56c020171e25991040906e84ba07ac/element'
20:37:45.538 [Forwarding findElement on session fe56c020171e25991040906e84ba07ac to remote] DEBUG org.asynchttpclient.netty.request.NettyRequestSender - Using open Channel [id: 0xbc09f43b, L:/127.0.0.1:49638 - R:localhost/127.0.0.1:57843] for POST '/session/fe56c020171e25991040906e84ba07ac/element'
20:37:45.548 [AsyncHttpClient-1-7] DEBUG org.asynchttpclient.netty.handler.HttpHandler - 

Request DefaultHttpRequest(decodeResult: success, version: HTTP/1.1)
POST /session/fe56c020171e25991040906e84ba07ac/element HTTP/1.1
User-Agent: selenium/4.1.2 (java windows)
Content-Length: 87
Content-Type: application/json; charset=utf-8
host: localhost:57843
accept: */*

Response DefaultHttpResponse(decodeResult: success, version: HTTP/1.1)
HTTP/1.1 200 OK
Content-Type: application/json; charset=utf-8
cache-control: no-cache
content-length: 88

20:37:45.548 [AsyncHttpClient-1-7] DEBUG org.asynchttpclient.netty.channel.ChannelManager - Adding key: http://localhost:57843 for channel [id: 0xbc09f43b, L:/127.0.0.1:49638 - R:localhost/127.0.0.1:57843]
20:37:45.549 [Forwarding clearElement on session fe56c020171e25991040906e84ba07ac to remote] DEBUG org.asynchttpclient.netty.request.NettyRequestSender - Using pooled Channel '[id: 0xbc09f43b, L:/127.0.0.1:49638 - R:localhost/127.0.0.1:57843]' for 'POST' to 'http://localhost:57843/session/fe56c020171e25991040906e84ba07ac/element/556c0240-6e34-4ce2-a96d-81195eff5206/clear'
20:37:45.549 [Forwarding clearElement on session fe56c020171e25991040906e84ba07ac to remote] DEBUG org.asynchttpclient.netty.request.NettyRequestSender - Using open Channel [id: 0xbc09f43b, L:/127.0.0.1:49638 - R:localhost/127.0.0.1:57843] for POST '/session/fe56c020171e25991040906e84ba07ac/element/556c0240-6e34-4ce2-a96d-81195eff5206/clear'
20:37:45.577 [AsyncHttpClient-1-7] DEBUG org.asynchttpclient.netty.handler.HttpHandler - 

Request DefaultHttpRequest(decodeResult: success, version: HTTP/1.1)
POST /session/fe56c020171e25991040906e84ba07ac/element/556c0240-6e34-4ce2-a96d-81195eff5206/clear HTTP/1.1
User-Agent: selenium/4.1.2 (java windows)
Content-Length: 50
Content-Type: application/json; charset=utf-8
host: localhost:57843
accept: */*

Response DefaultHttpResponse(decodeResult: success, version: HTTP/1.1)
HTTP/1.1 200 OK
Content-Type: application/json; charset=utf-8
cache-control: no-cache
content-length: 14

20:37:45.578 [AsyncHttpClient-1-7] DEBUG org.asynchttpclient.netty.channel.ChannelManager - Adding key: http://localhost:57843 for channel [id: 0xbc09f43b, L:/127.0.0.1:49638 - R:localhost/127.0.0.1:57843]
20:37:45.579 [Forwarding sendKeysToElement on session fe56c020171e25991040906e84ba07ac to remote] DEBUG org.asynchttpclient.netty.request.NettyRequestSender - Using pooled Channel '[id: 0xbc09f43b, L:/127.0.0.1:49638 - R:localhost/127.0.0.1:57843]' for 'POST' to 'http://localhost:57843/session/fe56c020171e25991040906e84ba07ac/element/556c0240-6e34-4ce2-a96d-81195eff5206/value'
20:37:45.579 [Forwarding sendKeysToElement on session fe56c020171e25991040906e84ba07ac to remote] DEBUG org.asynchttpclient.netty.request.NettyRequestSender - Using open Channel [id: 0xbc09f43b, L:/127.0.0.1:49638 - R:localhost/127.0.0.1:57843] for POST '/session/fe56c020171e25991040906e84ba07ac/element/556c0240-6e34-4ce2-a96d-81195eff5206/value'
20:37:45.670 [AsyncHttpClient-1-7] DEBUG org.asynchttpclient.netty.handler.HttpHandler - 

Request DefaultHttpRequest(decodeResult: success, version: HTTP/1.1)
POST /session/fe56c020171e25991040906e84ba07ac/element/556c0240-6e34-4ce2-a96d-81195eff5206/value HTTP/1.1
User-Agent: selenium/4.1.2 (java windows)
Content-Length: 221
Content-Type: application/json; charset=utf-8
host: localhost:57843
accept: */*

Response DefaultHttpResponse(decodeResult: success, version: HTTP/1.1)
HTTP/1.1 200 OK
Content-Type: application/json; charset=utf-8
cache-control: no-cache
content-length: 14

20:37:45.671 [AsyncHttpClient-1-7] DEBUG org.asynchttpclient.netty.channel.ChannelManager - Adding key: http://localhost:57843 for channel [id: 0xbc09f43b, L:/127.0.0.1:49638 - R:localhost/127.0.0.1:57843]
  &amp#27;[32mWhen &amp#27;[0m&amp#27;[32mI input &amp#27;[0m&amp#27;[32m&amp#27;[1m"thaur@mail.com"&amp#27;[0m&amp#27;[32m email&amp#27;[0m              &amp#27;[90m# starter.stepdefinitions.LogInOutSteps.iInputEmailEmail(java.lang.String)&amp#27;[0m
20:37:45.679 [Forwarding screenshot on session fe56c020171e25991040906e84ba07ac to remote] DEBUG org.asynchttpclient.netty.request.NettyRequestSender - Using pooled Channel '[id: 0xbc09f43b, L:/127.0.0.1:49638 - R:localhost/127.0.0.1:57843]' for 'GET' to 'http://localhost:57843/session/fe56c020171e25991040906e84ba07ac/screenshot'
20:37:45.679 [Forwarding screenshot on session fe56c020171e25991040906e84ba07ac to remote] DEBUG org.asynchttpclient.netty.request.NettyRequestSender - Using open Channel [id: 0xbc09f43b, L:/127.0.0.1:49638 - R:localhost/127.0.0.1:57843] for GET '/session/fe56c020171e25991040906e84ba07ac/screenshot'
20:37:45.794 [AsyncHttpClient-1-1] DEBUG org.asynchttpclient.netty.channel.DefaultChannelPool - Entry count for : http://localhost:49639 : 1
20:37:45.853 [AsyncHttpClient-1-7] DEBUG org.asynchttpclient.netty.handler.HttpHandler - 

Request DefaultFullHttpRequest(decodeResult: success, version: HTTP/1.1, content: EmptyByteBufBE)
GET /session/fe56c020171e25991040906e84ba07ac/screenshot HTTP/1.1
User-Agent: selenium/4.1.2 (java windows)
Cache-Control: no-cache
Content-Type: application/json; charset=utf-8
host: localhost:57843
accept: */*

Response DefaultHttpResponse(decodeResult: success, version: HTTP/1.1)
HTTP/1.1 200 OK
Content-Type: application/json; charset=utf-8
cache-control: no-cache
content-length: 43800

20:37:45.853 [AsyncHttpClient-1-7] DEBUG org.asynchttpclient.netty.channel.ChannelManager - Adding key: http://localhost:57843 for channel [id: 0xbc09f43b, L:/127.0.0.1:49638 - R:localhost/127.0.0.1:57843]
20:37:45.855 [main] DEBUG net.serenitybdd.core.photography.Darkroom - Send negative for processing for target\site\serenity\c759f1a90f1666f1e1064df6bfae5008cf633199238241b9c1ec4eb75d72802a.png
20:37:45.855 [Darkroom Processing Line] DEBUG net.serenitybdd.core.photography.DarkroomProcessingLine - Processing screenshot image in /var/screenshots/screenshot-12569430018123074025
20:37:45.855 [Darkroom Processing Line] DEBUG net.serenitybdd.core.photography.DarkroomProcessingLine - Saving screenshot to target\site\serenity\c759f1a90f1666f1e1064df6bfae5008cf633199238241b9c1ec4eb75d72802a.png
20:37:45.863 [Forwarding findElement on session fe56c020171e25991040906e84ba07ac to remote] DEBUG org.asynchttpclient.netty.request.NettyRequestSender - Using pooled Channel '[id: 0xbc09f43b, L:/127.0.0.1:49638 - R:localhost/127.0.0.1:57843]' for 'POST' to 'http://localhost:57843/session/fe56c020171e25991040906e84ba07ac/element'
20:37:45.863 [Forwarding findElement on session fe56c020171e25991040906e84ba07ac to remote] DEBUG org.asynchttpclient.netty.request.NettyRequestSender - Using open Channel [id: 0xbc09f43b, L:/127.0.0.1:49638 - R:localhost/127.0.0.1:57843] for POST '/session/fe56c020171e25991040906e84ba07ac/element'
20:37:45.873 [AsyncHttpClient-1-7] DEBUG org.asynchttpclient.netty.handler.HttpHandler - 

Request DefaultHttpRequest(decodeResult: success, version: HTTP/1.1)
POST /session/fe56c020171e25991040906e84ba07ac/element HTTP/1.1
User-Agent: selenium/4.1.2 (java windows)
Content-Length: 90
Content-Type: application/json; charset=utf-8
host: localhost:57843
accept: */*

Response DefaultHttpResponse(decodeResult: success, version: HTTP/1.1)
HTTP/1.1 200 OK
Content-Type: application/json; charset=utf-8
cache-control: no-cache
content-length: 88

20:37:45.873 [AsyncHttpClient-1-7] DEBUG org.asynchttpclient.netty.channel.ChannelManager - Adding key: http://localhost:57843 for channel [id: 0xbc09f43b, L:/127.0.0.1:49638 - R:localhost/127.0.0.1:57843]
20:37:45.876 [Forwarding clearElement on session fe56c020171e25991040906e84ba07ac to remote] DEBUG org.asynchttpclient.netty.request.NettyRequestSender - Using pooled Channel '[id: 0xbc09f43b, L:/127.0.0.1:49638 - R:localhost/127.0.0.1:57843]' for 'POST' to 'http://localhost:57843/session/fe56c020171e25991040906e84ba07ac/element/c0f241c7-63ed-4690-9a7c-4df0a6a2fb18/clear'
20:37:45.876 [Forwarding clearElement on session fe56c020171e25991040906e84ba07ac to remote] DEBUG org.asynchttpclient.netty.request.NettyRequestSender - Using open Channel [id: 0xbc09f43b, L:/127.0.0.1:49638 - R:localhost/127.0.0.1:57843] for POST '/session/fe56c020171e25991040906e84ba07ac/element/c0f241c7-63ed-4690-9a7c-4df0a6a2fb18/clear'
20:37:45.908 [AsyncHttpClient-1-7] DEBUG org.asynchttpclient.netty.handler.HttpHandler - 

Request DefaultHttpRequest(decodeResult: success, version: HTTP/1.1)
POST /session/fe56c020171e25991040906e84ba07ac/element/c0f241c7-63ed-4690-9a7c-4df0a6a2fb18/clear HTTP/1.1
User-Agent: selenium/4.1.2 (java windows)
Content-Length: 50
Content-Type: application/json; charset=utf-8
host: localhost:57843
accept: */*

Response DefaultHttpResponse(decodeResult: success, version: HTTP/1.1)
HTTP/1.1 200 OK
Content-Type: application/json; charset=utf-8
cache-control: no-cache
content-length: 14

20:37:45.908 [AsyncHttpClient-1-7] DEBUG org.asynchttpclient.netty.channel.ChannelManager - Adding key: http://localhost:57843 for channel [id: 0xbc09f43b, L:/127.0.0.1:49638 - R:localhost/127.0.0.1:57843]
20:37:45.910 [Forwarding sendKeysToElement on session fe56c020171e25991040906e84ba07ac to remote] DEBUG org.asynchttpclient.netty.request.NettyRequestSender - Using pooled Channel '[id: 0xbc09f43b, L:/127.0.0.1:49638 - R:localhost/127.0.0.1:57843]' for 'POST' to 'http://localhost:57843/session/fe56c020171e25991040906e84ba07ac/element/c0f241c7-63ed-4690-9a7c-4df0a6a2fb18/value'
20:37:45.910 [Forwarding sendKeysToElement on session fe56c020171e25991040906e84ba07ac to remote] DEBUG org.asynchttpclient.netty.request.NettyRequestSender - Using open Channel [id: 0xbc09f43b, L:/127.0.0.1:49638 - R:localhost/127.0.0.1:57843] for POST '/session/fe56c020171e25991040906e84ba07ac/element/c0f241c7-63ed-4690-9a7c-4df0a6a2fb18/value'
20:37:45.969 [AsyncHttpClient-1-7] DEBUG org.asynchttpclient.netty.handler.HttpHandler - 

Request DefaultHttpRequest(decodeResult: success, version: HTTP/1.1)
POST /session/fe56c020171e25991040906e84ba07ac/element/c0f241c7-63ed-4690-9a7c-4df0a6a2fb18/value HTTP/1.1
User-Agent: selenium/4.1.2 (java windows)
Content-Length: 131
Content-Type: application/json; charset=utf-8
host: localhost:57843
accept: */*

Response DefaultHttpResponse(decodeResult: success, version: HTTP/1.1)
HTTP/1.1 200 OK
Content-Type: application/json; charset=utf-8
cache-control: no-cache
content-length: 14

20:37:45.969 [AsyncHttpClient-1-7] DEBUG org.asynchttpclient.netty.channel.ChannelManager - Adding key: http://localhost:57843 for channel [id: 0xbc09f43b, L:/127.0.0.1:49638 - R:localhost/127.0.0.1:57843]
  &amp#27;[32mAnd &amp#27;[0m&amp#27;[32mI input &amp#27;[0m&amp#27;[32m&amp#27;[1m"pinto"&amp#27;[0m&amp#27;[32m password&amp#27;[0m                     &amp#27;[90m# starter.stepdefinitions.LogInOutSteps.iInputPasswordPassword(java.lang.String)&amp#27;[0m
20:37:45.978 [Forwarding screenshot on session fe56c020171e25991040906e84ba07ac to remote] DEBUG org.asynchttpclient.netty.request.NettyRequestSender - Using pooled Channel '[id: 0xbc09f43b, L:/127.0.0.1:49638 - R:localhost/127.0.0.1:57843]' for 'GET' to 'http://localhost:57843/session/fe56c020171e25991040906e84ba07ac/screenshot'
20:37:45.978 [Forwarding screenshot on session fe56c020171e25991040906e84ba07ac to remote] DEBUG org.asynchttpclient.netty.request.NettyRequestSender - Using open Channel [id: 0xbc09f43b, L:/127.0.0.1:49638 - R:localhost/127.0.0.1:57843] for GET '/session/fe56c020171e25991040906e84ba07ac/screenshot'
20:37:46.150 [AsyncHttpClient-1-7] DEBUG org.asynchttpclient.netty.handler.HttpHandler - 

Request DefaultFullHttpRequest(decodeResult: success, version: HTTP/1.1, content: EmptyByteBufBE)
GET /session/fe56c020171e25991040906e84ba07ac/screenshot HTTP/1.1
User-Agent: selenium/4.1.2 (java windows)
Cache-Control: no-cache
Content-Type: application/json; charset=utf-8
host: localhost:57843
accept: */*

Response DefaultHttpResponse(decodeResult: success, version: HTTP/1.1)
HTTP/1.1 200 OK
Content-Type: application/json; charset=utf-8
cache-control: no-cache
content-length: 45224

20:37:46.150 [AsyncHttpClient-1-7] DEBUG org.asynchttpclient.netty.channel.ChannelManager - Adding key: http://localhost:57843 for channel [id: 0xbc09f43b, L:/127.0.0.1:49638 - R:localhost/127.0.0.1:57843]
20:37:46.152 [main] DEBUG net.serenitybdd.core.photography.Darkroom - Send negative for processing for target\site\serenity\be161136a17d317c2370b35399865da69b5f9216ae61410db857a132d8a46b2c.png
20:37:46.152 [Darkroom Processing Line] DEBUG net.serenitybdd.core.photography.DarkroomProcessingLine - Processing screenshot image in /var/screenshots/screenshot-4898104541849219924
20:37:46.152 [Darkroom Processing Line] DEBUG net.serenitybdd.core.photography.DarkroomProcessingLine - Saving screenshot to target\site\serenity\be161136a17d317c2370b35399865da69b5f9216ae61410db857a132d8a46b2c.png
20:37:46.161 [Forwarding findElement on session fe56c020171e25991040906e84ba07ac to remote] DEBUG org.asynchttpclient.netty.request.NettyRequestSender - Using pooled Channel '[id: 0xbc09f43b, L:/127.0.0.1:49638 - R:localhost/127.0.0.1:57843]' for 'POST' to 'http://localhost:57843/session/fe56c020171e25991040906e84ba07ac/element'
20:37:46.161 [Forwarding findElement on session fe56c020171e25991040906e84ba07ac to remote] DEBUG org.asynchttpclient.netty.request.NettyRequestSender - Using open Channel [id: 0xbc09f43b, L:/127.0.0.1:49638 - R:localhost/127.0.0.1:57843] for POST '/session/fe56c020171e25991040906e84ba07ac/element'
20:37:46.171 [AsyncHttpClient-1-7] DEBUG org.asynchttpclient.netty.handler.HttpHandler - 

Request DefaultHttpRequest(decodeResult: success, version: HTTP/1.1)
POST /session/fe56c020171e25991040906e84ba07ac/element HTTP/1.1
User-Agent: selenium/4.1.2 (java windows)
Content-Length: 81
Content-Type: application/json; charset=utf-8
host: localhost:57843
accept: */*

Response DefaultHttpResponse(decodeResult: success, version: HTTP/1.1)
HTTP/1.1 200 OK
Content-Type: application/json; charset=utf-8
cache-control: no-cache
content-length: 88

20:37:46.171 [AsyncHttpClient-1-7] DEBUG org.asynchttpclient.netty.channel.ChannelManager - Adding key: http://localhost:57843 for channel [id: 0xbc09f43b, L:/127.0.0.1:49638 - R:localhost/127.0.0.1:57843]
20:37:46.172 [Forwarding getElementTagName on session fe56c020171e25991040906e84ba07ac to remote] DEBUG org.asynchttpclient.netty.request.NettyRequestSender - Using pooled Channel '[id: 0xbc09f43b, L:/127.0.0.1:49638 - R:localhost/127.0.0.1:57843]' for 'GET' to 'http://localhost:57843/session/fe56c020171e25991040906e84ba07ac/element/350d9632-cc94-4fac-b719-7eafea08e48f/name'
20:37:46.172 [Forwarding getElementTagName on session fe56c020171e25991040906e84ba07ac to remote] DEBUG org.asynchttpclient.netty.request.NettyRequestSender - Using open Channel [id: 0xbc09f43b, L:/127.0.0.1:49638 - R:localhost/127.0.0.1:57843] for GET '/session/fe56c020171e25991040906e84ba07ac/element/350d9632-cc94-4fac-b719-7eafea08e48f/name'
20:37:46.179 [AsyncHttpClient-1-7] DEBUG org.asynchttpclient.netty.handler.HttpHandler - 

Request DefaultFullHttpRequest(decodeResult: success, version: HTTP/1.1, content: EmptyByteBufBE)
GET /session/fe56c020171e25991040906e84ba07ac/element/350d9632-cc94-4fac-b719-7eafea08e48f/name HTTP/1.1
User-Agent: selenium/4.1.2 (java windows)
Cache-Control: no-cache
Content-Type: application/json; charset=utf-8
host: localhost:57843
accept: */*

Response DefaultHttpResponse(decodeResult: success, version: HTTP/1.1)
HTTP/1.1 200 OK
Content-Type: application/json; charset=utf-8
cache-control: no-cache
content-length: 16

20:37:46.179 [AsyncHttpClient-1-7] DEBUG org.asynchttpclient.netty.channel.ChannelManager - Adding key: http://localhost:57843 for channel [id: 0xbc09f43b, L:/127.0.0.1:49638 - R:localhost/127.0.0.1:57843]
20:37:46.180 [Forwarding getElementTagName on session fe56c020171e25991040906e84ba07ac to remote] DEBUG org.asynchttpclient.netty.request.NettyRequestSender - Using pooled Channel '[id: 0xbc09f43b, L:/127.0.0.1:49638 - R:localhost/127.0.0.1:57843]' for 'GET' to 'http://localhost:57843/session/fe56c020171e25991040906e84ba07ac/element/350d9632-cc94-4fac-b719-7eafea08e48f/name'
20:37:46.180 [Forwarding getElementTagName on session fe56c020171e25991040906e84ba07ac to remote] DEBUG org.asynchttpclient.netty.request.NettyRequestSender - Using open Channel [id: 0xbc09f43b, L:/127.0.0.1:49638 - R:localhost/127.0.0.1:57843] for GET '/session/fe56c020171e25991040906e84ba07ac/element/350d9632-cc94-4fac-b719-7eafea08e48f/name'
20:37:46.183 [AsyncHttpClient-1-7] DEBUG org.asynchttpclient.netty.handler.HttpHandler - 

Request DefaultFullHttpRequest(decodeResult: success, version: HTTP/1.1, content: EmptyByteBufBE)
GET /session/fe56c020171e25991040906e84ba07ac/element/350d9632-cc94-4fac-b719-7eafea08e48f/name HTTP/1.1
User-Agent: selenium/4.1.2 (java windows)
Cache-Control: no-cache
Content-Type: application/json; charset=utf-8
host: localhost:57843
accept: */*

Response DefaultHttpResponse(decodeResult: success, version: HTTP/1.1)
HTTP/1.1 200 OK
Content-Type: application/json; charset=utf-8
cache-control: no-cache
content-length: 16

20:37:46.183 [AsyncHttpClient-1-7] DEBUG org.asynchttpclient.netty.channel.ChannelManager - Adding key: http://localhost:57843 for channel [id: 0xbc09f43b, L:/127.0.0.1:49638 - R:localhost/127.0.0.1:57843]
20:37:46.184 [Forwarding findElement on session fe56c020171e25991040906e84ba07ac to remote] DEBUG org.asynchttpclient.netty.request.NettyRequestSender - Using pooled Channel '[id: 0xbc09f43b, L:/127.0.0.1:49638 - R:localhost/127.0.0.1:57843]' for 'POST' to 'http://localhost:57843/session/fe56c020171e25991040906e84ba07ac/element'
20:37:46.184 [Forwarding findElement on session fe56c020171e25991040906e84ba07ac to remote] DEBUG org.asynchttpclient.netty.request.NettyRequestSender - Using open Channel [id: 0xbc09f43b, L:/127.0.0.1:49638 - R:localhost/127.0.0.1:57843] for POST '/session/fe56c020171e25991040906e84ba07ac/element'
20:37:46.190 [AsyncHttpClient-1-7] DEBUG org.asynchttpclient.netty.handler.HttpHandler - 

Request DefaultHttpRequest(decodeResult: success, version: HTTP/1.1)
POST /session/fe56c020171e25991040906e84ba07ac/element HTTP/1.1
User-Agent: selenium/4.1.2 (java windows)
Content-Length: 81
Content-Type: application/json; charset=utf-8
host: localhost:57843
accept: */*

Response DefaultHttpResponse(decodeResult: success, version: HTTP/1.1)
HTTP/1.1 200 OK
Content-Type: application/json; charset=utf-8
cache-control: no-cache
content-length: 88

20:37:46.190 [AsyncHttpClient-1-7] DEBUG org.asynchttpclient.netty.channel.ChannelManager - Adding key: http://localhost:57843 for channel [id: 0xbc09f43b, L:/127.0.0.1:49638 - R:localhost/127.0.0.1:57843]
20:37:46.192 [Forwarding clickElement on session fe56c020171e25991040906e84ba07ac to remote] DEBUG org.asynchttpclient.netty.request.NettyRequestSender - Using pooled Channel '[id: 0xbc09f43b, L:/127.0.0.1:49638 - R:localhost/127.0.0.1:57843]' for 'POST' to 'http://localhost:57843/session/fe56c020171e25991040906e84ba07ac/element/350d9632-cc94-4fac-b719-7eafea08e48f/click'
20:37:46.192 [Forwarding clickElement on session fe56c020171e25991040906e84ba07ac to remote] DEBUG org.asynchttpclient.netty.request.NettyRequestSender - Using open Channel [id: 0xbc09f43b, L:/127.0.0.1:49638 - R:localhost/127.0.0.1:57843] for POST '/session/fe56c020171e25991040906e84ba07ac/element/350d9632-cc94-4fac-b719-7eafea08e48f/click'
20:37:46.240 [AsyncHttpClient-1-7] DEBUG org.asynchttpclient.netty.handler.HttpHandler - 

Request DefaultHttpRequest(decodeResult: success, version: HTTP/1.1)
POST /session/fe56c020171e25991040906e84ba07ac/element/350d9632-cc94-4fac-b719-7eafea08e48f/click HTTP/1.1
User-Agent: selenium/4.1.2 (java windows)
Content-Length: 50
Content-Type: application/json; charset=utf-8
host: localhost:57843
accept: */*

Response DefaultHttpResponse(decodeResult: success, version: HTTP/1.1)
HTTP/1.1 200 OK
Content-Type: application/json; charset=utf-8
cache-control: no-cache
content-length: 14

20:37:46.241 [AsyncHttpClient-1-7] DEBUG org.asynchttpclient.netty.channel.ChannelManager - Adding key: http://localhost:57843 for channel [id: 0xbc09f43b, L:/127.0.0.1:49638 - R:localhost/127.0.0.1:57843]
  &amp#27;[32mAnd &amp#27;[0m&amp#27;[32mI click login button&amp#27;[0m                         &amp#27;[90m# starter.stepdefinitions.LogInOutSteps.iClickLoginButton()&amp#27;[0m
20:37:46.249 [Forwarding screenshot on session fe56c020171e25991040906e84ba07ac to remote] DEBUG org.asynchttpclient.netty.request.NettyRequestSender - Using pooled Channel '[id: 0xbc09f43b, L:/127.0.0.1:49638 - R:localhost/127.0.0.1:57843]' for 'GET' to 'http://localhost:57843/session/fe56c020171e25991040906e84ba07ac/screenshot'
20:37:46.250 [Forwarding screenshot on session fe56c020171e25991040906e84ba07ac to remote] DEBUG org.asynchttpclient.netty.request.NettyRequestSender - Using open Channel [id: 0xbc09f43b, L:/127.0.0.1:49638 - R:localhost/127.0.0.1:57843] for GET '/session/fe56c020171e25991040906e84ba07ac/screenshot'
20:37:46.575 [AsyncHttpClient-1-7] DEBUG org.asynchttpclient.netty.handler.HttpHandler - 

Request DefaultFullHttpRequest(decodeResult: success, version: HTTP/1.1, content: EmptyByteBufBE)
GET /session/fe56c020171e25991040906e84ba07ac/screenshot HTTP/1.1
User-Agent: selenium/4.1.2 (java windows)
Cache-Control: no-cache
Content-Type: application/json; charset=utf-8
host: localhost:57843
accept: */*

Response DefaultHttpResponse(decodeResult: success, version: HTTP/1.1)
HTTP/1.1 200 OK
Content-Type: application/json; charset=utf-8
cache-control: no-cache
content-length: 44024

20:37:46.576 [AsyncHttpClient-1-7] DEBUG org.asynchttpclient.netty.channel.ChannelManager - Adding key: http://localhost:57843 for channel [id: 0xbc09f43b, L:/127.0.0.1:49638 - R:localhost/127.0.0.1:57843]
20:37:46.579 [main] DEBUG net.serenitybdd.core.photography.Darkroom - Send negative for processing for target\site\serenity\a757a5799c75e4f90c709132fb6d9769d19235ddd61f72d800dd8c433c3a9ad3.png
20:37:46.579 [Darkroom Processing Line] DEBUG net.serenitybdd.core.photography.DarkroomProcessingLine - Processing screenshot image in /var/screenshots/screenshot-16475751354154044285
20:37:46.579 [Darkroom Processing Line] DEBUG net.serenitybdd.core.photography.DarkroomProcessingLine - Saving screenshot to target\site\serenity\a757a5799c75e4f90c709132fb6d9769d19235ddd61f72d800dd8c433c3a9ad3.png
20:37:46.590 [Forwarding findElement on session fe56c020171e25991040906e84ba07ac to remote] DEBUG org.asynchttpclient.netty.request.NettyRequestSender - Using pooled Channel '[id: 0xbc09f43b, L:/127.0.0.1:49638 - R:localhost/127.0.0.1:57843]' for 'POST' to 'http://localhost:57843/session/fe56c020171e25991040906e84ba07ac/element'
20:37:46.590 [Forwarding findElement on session fe56c020171e25991040906e84ba07ac to remote] DEBUG org.asynchttpclient.netty.request.NettyRequestSender - Using open Channel [id: 0xbc09f43b, L:/127.0.0.1:49638 - R:localhost/127.0.0.1:57843] for POST '/session/fe56c020171e25991040906e84ba07ac/element'
20:37:46.882 [AsyncHttpClient-1-1] DEBUG org.asynchttpclient.netty.channel.DefaultChannelPool - Entry count for : http://localhost:49639 : 1
20:37:47.599 [AsyncHttpClient-1-7] DEBUG org.asynchttpclient.netty.handler.HttpHandler - 

Request DefaultHttpRequest(decodeResult: success, version: HTTP/1.1)
POST /session/fe56c020171e25991040906e84ba07ac/element HTTP/1.1
User-Agent: selenium/4.1.2 (java windows)
Content-Length: 59
Content-Type: application/json; charset=utf-8
host: localhost:57843
accept: */*

Response DefaultHttpResponse(decodeResult: success, version: HTTP/1.1)
HTTP/1.1 200 OK
Content-Type: application/json; charset=utf-8
cache-control: no-cache
content-length: 88

20:37:47.599 [AsyncHttpClient-1-7] DEBUG org.asynchttpclient.netty.channel.ChannelManager - Adding key: http://localhost:57843 for channel [id: 0xbc09f43b, L:/127.0.0.1:49638 - R:localhost/127.0.0.1:57843]
20:37:47.604 [Forwarding isElementDisplayed on session fe56c020171e25991040906e84ba07ac to remote] DEBUG org.asynchttpclient.netty.request.NettyRequestSender - Using pooled Channel '[id: 0xbc09f43b, L:/127.0.0.1:49638 - R:localhost/127.0.0.1:57843]' for 'POST' to 'http://localhost:57843/session/fe56c020171e25991040906e84ba07ac/execute/sync'
20:37:47.604 [Forwarding isElementDisplayed on session fe56c020171e25991040906e84ba07ac to remote] DEBUG org.asynchttpclient.netty.request.NettyRequestSender - Using open Channel [id: 0xbc09f43b, L:/127.0.0.1:49638 - R:localhost/127.0.0.1:57843] for POST '/session/fe56c020171e25991040906e84ba07ac/execute/sync'
20:37:47.618 [AsyncHttpClient-1-7] DEBUG org.asynchttpclient.netty.handler.HttpHandler - 

Request DefaultHttpRequest(decodeResult: success, version: HTTP/1.1)
POST /session/fe56c020171e25991040906e84ba07ac/execute/sync HTTP/1.1
User-Agent: selenium/4.1.2 (java windows)
Content-Length: 48780
Content-Type: application/json; charset=utf-8
host: localhost:57843
accept: */*

Response DefaultHttpResponse(decodeResult: success, version: HTTP/1.1)
HTTP/1.1 200 OK
Content-Type: application/json; charset=utf-8
cache-control: no-cache
content-length: 14

20:37:47.619 [AsyncHttpClient-1-7] DEBUG org.asynchttpclient.netty.channel.ChannelManager - Adding key: http://localhost:57843 for channel [id: 0xbc09f43b, L:/127.0.0.1:49638 - R:localhost/127.0.0.1:57843]
20:37:47.623 [Forwarding findElement on session fe56c020171e25991040906e84ba07ac to remote] DEBUG org.asynchttpclient.netty.request.NettyRequestSender - Using pooled Channel '[id: 0xbc09f43b, L:/127.0.0.1:49638 - R:localhost/127.0.0.1:57843]' for 'POST' to 'http://localhost:57843/session/fe56c020171e25991040906e84ba07ac/element'
20:37:47.623 [Forwarding findElement on session fe56c020171e25991040906e84ba07ac to remote] DEBUG org.asynchttpclient.netty.request.NettyRequestSender - Using open Channel [id: 0xbc09f43b, L:/127.0.0.1:49638 - R:localhost/127.0.0.1:57843] for POST '/session/fe56c020171e25991040906e84ba07ac/element'
20:37:47.632 [AsyncHttpClient-1-7] DEBUG org.asynchttpclient.netty.handler.HttpHandler - 

Request DefaultHttpRequest(decodeResult: success, version: HTTP/1.1)
POST /session/fe56c020171e25991040906e84ba07ac/element HTTP/1.1
User-Agent: selenium/4.1.2 (java windows)
Content-Length: 59
Content-Type: application/json; charset=utf-8
host: localhost:57843
accept: */*

Response DefaultHttpResponse(decodeResult: success, version: HTTP/1.1)
HTTP/1.1 200 OK
Content-Type: application/json; charset=utf-8
cache-control: no-cache
content-length: 88

20:37:47.632 [AsyncHttpClient-1-7] DEBUG org.asynchttpclient.netty.channel.ChannelManager - Adding key: http://localhost:57843 for channel [id: 0xbc09f43b, L:/127.0.0.1:49638 - R:localhost/127.0.0.1:57843]
20:37:47.635 [Forwarding isElementDisplayed on session fe56c020171e25991040906e84ba07ac to remote] DEBUG org.asynchttpclient.netty.request.NettyRequestSender - Using pooled Channel '[id: 0xbc09f43b, L:/127.0.0.1:49638 - R:localhost/127.0.0.1:57843]' for 'POST' to 'http://localhost:57843/session/fe56c020171e25991040906e84ba07ac/execute/sync'
20:37:47.635 [Forwarding isElementDisplayed on session fe56c020171e25991040906e84ba07ac to remote] DEBUG org.asynchttpclient.netty.request.NettyRequestSender - Using open Channel [id: 0xbc09f43b, L:/127.0.0.1:49638 - R:localhost/127.0.0.1:57843] for POST '/session/fe56c020171e25991040906e84ba07ac/execute/sync'
20:37:47.651 [AsyncHttpClient-1-7] DEBUG org.asynchttpclient.netty.handler.HttpHandler - 

Request DefaultHttpRequest(decodeResult: success, version: HTTP/1.1)
POST /session/fe56c020171e25991040906e84ba07ac/execute/sync HTTP/1.1
User-Agent: selenium/4.1.2 (java windows)
Content-Length: 48780
Content-Type: application/json; charset=utf-8
host: localhost:57843
accept: */*

Response DefaultHttpResponse(decodeResult: success, version: HTTP/1.1)
HTTP/1.1 200 OK
Content-Type: application/json; charset=utf-8
cache-control: no-cache
content-length: 14

20:37:47.651 [AsyncHttpClient-1-7] DEBUG org.asynchttpclient.netty.channel.ChannelManager - Adding key: http://localhost:57843 for channel [id: 0xbc09f43b, L:/127.0.0.1:49638 - R:localhost/127.0.0.1:57843]
  &amp#27;[32mThen &amp#27;[0m&amp#27;[32mI get &amp#27;[0m&amp#27;[32m&amp#27;[1m"error"&amp#27;[0m&amp#27;[32m as result&amp#27;[0m                     &amp#27;[90m# starter.stepdefinitions.LogInOutSteps.iGetResult(java.lang.String)&amp#27;[0m
20:37:47.657 [Forwarding screenshot on session fe56c020171e25991040906e84ba07ac to remote] DEBUG org.asynchttpclient.netty.request.NettyRequestSender - Using pooled Channel '[id: 0xbc09f43b, L:/127.0.0.1:49638 - R:localhost/127.0.0.1:57843]' for 'GET' to 'http://localhost:57843/session/fe56c020171e25991040906e84ba07ac/screenshot'
20:37:47.657 [Forwarding screenshot on session fe56c020171e25991040906e84ba07ac to remote] DEBUG org.asynchttpclient.netty.request.NettyRequestSender - Using open Channel [id: 0xbc09f43b, L:/127.0.0.1:49638 - R:localhost/127.0.0.1:57843] for GET '/session/fe56c020171e25991040906e84ba07ac/screenshot'
20:37:47.853 [AsyncHttpClient-1-7] DEBUG org.asynchttpclient.netty.handler.HttpHandler - 

Request DefaultFullHttpRequest(decodeResult: success, version: HTTP/1.1, content: EmptyByteBufBE)
GET /session/fe56c020171e25991040906e84ba07ac/screenshot HTTP/1.1
User-Agent: selenium/4.1.2 (java windows)
Cache-Control: no-cache
Content-Type: application/json; charset=utf-8
host: localhost:57843
accept: */*

Response DefaultHttpResponse(decodeResult: success, version: HTTP/1.1)
HTTP/1.1 200 OK
Content-Type: application/json; charset=utf-8
cache-control: no-cache
content-length: 54248

20:37:47.853 [AsyncHttpClient-1-7] DEBUG org.asynchttpclient.netty.channel.ChannelManager - Adding key: http://localhost:57843 for channel [id: 0xbc09f43b, L:/127.0.0.1:49638 - R:localhost/127.0.0.1:57843]
20:37:47.856 [main] DEBUG net.serenitybdd.core.photography.Darkroom - Send negative for processing for target\site\serenity\39a5f0e5351eaa9a1049b5f9e7b67a378e20d5202fb24c4ce1034fa3ded0f00b.png
20:37:47.856 [Darkroom Processing Line] DEBUG net.serenitybdd.core.photography.DarkroomProcessingLine - Processing screenshot image in /var/screenshots/screenshot-6445542142615669140
20:37:47.856 [Darkroom Processing Line] DEBUG net.serenitybdd.core.photography.DarkroomProcessingLine - Saving screenshot to target\site\serenity\39a5f0e5351eaa9a1049b5f9e7b67a378e20d5202fb24c4ce1034fa3ded0f00b.png
20:37:47.865 [AsyncHttpClient-1-9] DEBUG org.asynchttpclient.netty.handler.WebSocketHandler - Channel Closed: [id: 0x2dc95f36, L:/127.0.0.1:49648 ! R:localhost/127.0.0.1:49639] with attribute NettyResponseFuture{currentRetry=5,
	isDone=1,
	isCancelled=0,
	asyncHandler=org.asynchttpclient.ws.WebSocketUpgradeHandler@3ad02009,
	nettyRequest=org.asynchttpclient.netty.request.NettyRequest@ae5877a,
	future=java.util.concurrent.CompletableFuture@424ba661[Completed normally],
	uri=ws://localhost:49639/devtools/browser/f3fb495a-a552-4a40-bd20-f0475c54e738,
	keepAlive=true,
	redirectCount=0,
	timeoutsHolder=null,
	inAuth=0,
	touch=1667223464376}
20:37:47.865 [AsyncHttpClient-1-9] DEBUG org.asynchttpclient.netty.channel.ChannelManager - Closing Channel [id: 0x2dc95f36, L:/127.0.0.1:49648 ! R:localhost/127.0.0.1:49639] 
20:37:47.865 [Driver Command Executor] DEBUG org.asynchttpclient.netty.request.NettyRequestSender - Using pooled Channel '[id: 0xbc09f43b, L:/127.0.0.1:49638 - R:localhost/127.0.0.1:57843]' for 'DELETE' to 'http://localhost:57843/session/fe56c020171e25991040906e84ba07ac'
20:37:47.865 [Driver Command Executor] DEBUG org.asynchttpclient.netty.request.NettyRequestSender - Using open Channel [id: 0xbc09f43b, L:/127.0.0.1:49638 - R:localhost/127.0.0.1:57843] for DELETE '/session/fe56c020171e25991040906e84ba07ac'
20:37:47.910 [AsyncHttpClient-1-8] DEBUG org.asynchttpclient.netty.handler.HttpHandler - Unexpected I/O exception on channel [id: 0x0888d4ab, L:/127.0.0.1:49647 - R:localhost/127.0.0.1:49639]
java.net.SocketException: Connection reset
	at java.base/sun.nio.ch.SocketChannelImpl.throwConnectionReset(SocketChannelImpl.java:345)
	at java.base/sun.nio.ch.SocketChannelImpl.read(SocketChannelImpl.java:376)
	at io.netty.buffer.PooledByteBuf.setBytes(PooledByteBuf.java:258)
	at io.netty.buffer.AbstractByteBuf.writeBytes(AbstractByteBuf.java:1132)
	at io.netty.channel.socket.nio.NioSocketChannel.doReadBytes(NioSocketChannel.java:350)
	at io.netty.channel.nio.AbstractNioByteChannel$NioByteUnsafe.read(AbstractNioByteChannel.java:151)
	at io.netty.channel.nio.NioEventLoop.processSelectedKey(NioEventLoop.java:722)
	at io.netty.channel.nio.NioEventLoop.processSelectedKeysOptimized(NioEventLoop.java:658)
	at io.netty.channel.nio.NioEventLoop.processSelectedKeys(NioEventLoop.java:584)
	at io.netty.channel.nio.NioEventLoop.run(NioEventLoop.java:496)
	at io.netty.util.concurrent.SingleThreadEventExecutor$4.run(SingleThreadEventExecutor.java:986)
	at io.netty.util.internal.ThreadExecutorMap$2.run(ThreadExecutorMap.java:74)
	at io.netty.util.concurrent.FastThreadLocalRunnable.run(FastThreadLocalRunnable.java:30)
	at java.base/java.lang.Thread.run(Thread.java:830)
20:37:47.911 [AsyncHttpClient-1-8] DEBUG org.asynchttpclient.netty.channel.ChannelManager - Closing Channel [id: 0x0888d4ab, L:/127.0.0.1:49647 - R:localhost/127.0.0.1:49639] 
20:37:47.911 [AsyncHttpClient-1-8] DEBUG org.asynchttpclient.netty.handler.HttpHandler - Channel Closed: [id: 0x0888d4ab, L:/127.0.0.1:49647 ! R:localhost/127.0.0.1:49639] with attribute DISCARD
20:37:47.935 [AsyncHttpClient-1-7] DEBUG org.asynchttpclient.netty.handler.HttpHandler - 

Request DefaultFullHttpRequest(decodeResult: success, version: HTTP/1.1, content: EmptyByteBufBE)
DELETE /session/fe56c020171e25991040906e84ba07ac HTTP/1.1
User-Agent: selenium/4.1.2 (java windows)
Content-Type: application/json; charset=utf-8
host: localhost:57843
accept: */*

Response DefaultHttpResponse(decodeResult: success, version: HTTP/1.1)
HTTP/1.1 200 OK
Content-Type: application/json; charset=utf-8
cache-control: no-cache
content-length: 14

20:37:47.936 [AsyncHttpClient-1-7] DEBUG org.asynchttpclient.netty.channel.ChannelManager - Adding key: http://localhost:57843 for channel [id: 0xbc09f43b, L:/127.0.0.1:49638 - R:localhost/127.0.0.1:57843]
20:37:47.980 [AsyncHttpClient-1-1] DEBUG org.asynchttpclient.netty.channel.DefaultChannelPool - Entry count for : http://localhost:57843 : 1
20:37:47.980 [AsyncHttpClient-1-1] DEBUG org.asynchttpclient.netty.channel.DefaultChannelPool - Entry count for : http://localhost:49639 : 1
20:37:47.980 [AsyncHttpClient-1-1] DEBUG org.asynchttpclient.netty.channel.DefaultChannelPool - Adding Candidate expired Channel [id: 0x0888d4ab, L:/127.0.0.1:49647 ! R:localhost/127.0.0.1:49639] isIdleTimeoutExpired=false isRemotelyClosed=true isTtlExpired=false
20:37:47.980 [AsyncHttpClient-1-1] DEBUG org.asynchttpclient.netty.channel.DefaultChannelPool - Closing Idle Channel [id: 0x0888d4ab, L:/127.0.0.1:49647 ! R:localhost/127.0.0.1:49639]
20:37:47.980 [AsyncHttpClient-1-1] DEBUG org.asynchttpclient.netty.channel.DefaultChannelPool - Closed 1 connections out of 2 in 0 ms
20:37:48.001 [AsyncHttpClient-1-7] DEBUG org.asynchttpclient.netty.handler.HttpHandler - Channel Closed: [id: 0xbc09f43b, L:/127.0.0.1:49638 ! R:localhost/127.0.0.1:57843] with attribute DISCARD
20:37:48.538 [main] INFO  - 
  _____   ___   ___   _____     ___     _     ___   ___   ___   ___  
 |_   _| | __| / __| |_   _|   | _ \   /_\   / __| / __| | __| |   \ 
   | |   | _|  \__ \   | |     |  _/  / _ \  \__ \ \__ \ | _|  | |) |
   |_|   |___| |___/   |_|     |_|   /_/ \_\ |___/ |___/ |___| |___/ 

Login with username and password
----------------------------------------------------------------------
]]></system-out>
    <system-err><![CDATA[Starting ChromeDriver 106.0.5249.61 (511755355844955cd3e264779baf0dd38212a4d0-refs/branch-heads/5249@{#569}) on port 57843
Only local connections are allowed.
Please see https://chromedriver.chromium.org/security-considerations for suggestions on keeping ChromeDriver safe.
ChromeDriver was started successfully.
[1667223464.218][WARNING]: This version of ChromeDriver has not been tested with Chrome version 107.
Oct 31, 2022 8:37:44 PM org.openqa.selenium.remote.ProtocolHandshake createSession
INFO: Detected dialect: W3C
Oct 31, 2022 8:37:44 PM org.openqa.selenium.devtools.CdpVersionFinder findNearestMatch
WARNING: Unable to find an exact match for CDP version 107, so returning the closest version found: a no-op implementation
Oct 31, 2022 8:37:44 PM org.openqa.selenium.devtools.CdpVersionFinder findNearestMatch
INFO: Unable to find CDP implementation matching 107.
Oct 31, 2022 8:37:44 PM org.openqa.selenium.chromium.ChromiumDriver lambda$new$3
WARNING: Unable to find version of CDP to use for . You may need to include a dependency on a specific version of the CDP using something similar to `org.seleniumhq.selenium:selenium-devtools-v86:4.1.2` where the version ("v86") matches the version of the chromium-based browser you're using and the version number of the artifact is the same as Selenium's.
]]></system-err>
  </testcase>
  <testcase name="Login with username and password #3" classname="Login" time="5.546">
    <system-out><![CDATA[
Scenario Outline: Login with username and password &amp#27;[90m# src/test/resources/features/Login.feature:21&amp#27;[0m
20:37:48.562 [main] INFO io.cucumber.core.plugin.SerenityReporter - Running feature from file:///C:/Users/ASUS/Desktop/stupen/miniproject/Web/ASWeb/src/test/resources/features/Login.feature
20:37:48.573 [main] INFO net.serenitybdd.core.webdriver.driverproviders.ChromeDriverProvider - Using automatically driver download
20:37:48.682 [main] DEBUG io.github.bonigarcia.wdm.cache.ResolutionCache - Resolution chrome=107 in cache (valid until 21:37:26 31/10/2022 WIB)
20:37:48.686 [main] DEBUG io.github.bonigarcia.wdm.cache.ResolutionCache - Resolution chrome107=107.0.5304.62 in cache (valid until 19:37:19 01/11/2022 WIB)
20:37:48.688 [main] INFO io.github.bonigarcia.wdm.WebDriverManager - Using chromedriver 107.0.5304.62 (resolved driver for Chrome 107)
20:37:48.699 [main] DEBUG io.github.bonigarcia.wdm.WebDriverManager - Driver chromedriver 107.0.5304.62 found in cache
20:37:48.699 [main] INFO io.github.bonigarcia.wdm.WebDriverManager - Exporting webdriver.chrome.driver as C:\Users\ASUS\.cache\selenium\chromedriver\win32\107.0.5304.62\chromedriver.exe
20:37:48.830 [main] DEBUG net.serenitybdd.core.webdriver.driverproviders.ProvideNewDriver - Instantiating driver
20:37:48.830 [main] DEBUG net.serenitybdd.core.webdriver.driverproviders.ProvideNewDriver - Driver capabilities: Capabilities {acceptInsecureCerts: false, base.url: https://alta-shop.vercel.app/, browserName: chrome, chrome.driver: src/test/resources/webdrive..., driver: chrome, goog:chromeOptions: {args: [], extensions: []}, wait.for.timeout: 10000}
20:37:49.080 [AsyncHttpClient-1-1] DEBUG org.asynchttpclient.netty.channel.DefaultChannelPool - Entry count for : http://localhost:57843 : 1
20:37:49.080 [AsyncHttpClient-1-1] DEBUG org.asynchttpclient.netty.channel.DefaultChannelPool - Adding Candidate expired Channel [id: 0xbc09f43b, L:/127.0.0.1:49638 ! R:localhost/127.0.0.1:57843] isIdleTimeoutExpired=false isRemotelyClosed=true isTtlExpired=false
20:37:49.080 [AsyncHttpClient-1-1] DEBUG org.asynchttpclient.netty.channel.DefaultChannelPool - Closing Idle Channel [id: 0xbc09f43b, L:/127.0.0.1:49638 ! R:localhost/127.0.0.1:57843]
20:37:49.080 [AsyncHttpClient-1-1] DEBUG org.asynchttpclient.netty.channel.DefaultChannelPool - Closed 1 connections out of 1 in 0 ms
20:37:49.359 [AsyncHttpClient-1-10] DEBUG org.asynchttpclient.netty.channel.NettyConnectListener - Using new Channel '[id: 0x3758e5ba, L:/127.0.0.1:49674 - R:localhost/127.0.0.1:52006]' for 'POST' to '/session'
20:37:50.142 [AsyncHttpClient-1-10] DEBUG org.asynchttpclient.netty.handler.HttpHandler - 

Request DefaultHttpRequest(decodeResult: success, version: HTTP/1.1)
POST /session HTTP/1.1
User-Agent: selenium/4.1.2 (java windows)
Content-Length: 646
Content-Type: application/json; charset=utf-8
host: localhost:52006
accept: */*

Response DefaultHttpResponse(decodeResult: success, version: HTTP/1.1)
HTTP/1.1 200 OK
Content-Type: application/json; charset=utf-8
cache-control: no-cache
content-length: 789

20:37:50.142 [AsyncHttpClient-1-10] DEBUG org.asynchttpclient.netty.channel.ChannelManager - Adding key: http://localhost:52006 for channel [id: 0x3758e5ba, L:/127.0.0.1:49674 - R:localhost/127.0.0.1:52006]
20:37:50.154 [AsyncHttpClient-1-11] DEBUG org.asynchttpclient.netty.channel.NettyConnectListener - Using new Channel '[id: 0x0326e2fc, L:/127.0.0.1:49682 - R:localhost/127.0.0.1:49675]' for 'GET' to '/json/version'
20:37:50.155 [AsyncHttpClient-1-11] DEBUG org.asynchttpclient.netty.handler.HttpHandler - 

Request DefaultFullHttpRequest(decodeResult: success, version: HTTP/1.1, content: EmptyByteBufBE)
GET /json/version HTTP/1.1
User-Agent: selenium/4.1.2 (java windows)
host: localhost:49675
accept: */*

Response DefaultHttpResponse(decodeResult: success, version: HTTP/1.1)
HTTP/1.1 200 OK
Content-Type: application/json; charset=UTF-8
content-length: 423

20:37:50.155 [AsyncHttpClient-1-11] DEBUG org.asynchttpclient.netty.channel.ChannelManager - Adding key: http://localhost:49675 for channel [id: 0x0326e2fc, L:/127.0.0.1:49682 - R:localhost/127.0.0.1:49675]
20:37:50.158 [AsyncHttpClient-1-12] DEBUG org.asynchttpclient.netty.channel.NettyConnectListener - Using new Channel '[id: 0xa35e2569, L:/127.0.0.1:49683 - R:localhost/127.0.0.1:49675]' for 'GET' to '/devtools/browser/e253c182-e4fb-460e-b61e-bc31c6fe59c3'
20:37:50.159 [AsyncHttpClient-1-12] DEBUG org.asynchttpclient.netty.handler.WebSocketHandler - 

Request DefaultFullHttpRequest(decodeResult: success, version: HTTP/1.1, content: EmptyByteBufBE)
GET /devtools/browser/e253c182-e4fb-460e-b61e-bc31c6fe59c3 HTTP/1.1
upgrade: websocket
connection: upgrade
sec-websocket-key: 9jGb8YPe/d6fcr1YEMi8Lg==
sec-websocket-version: 13
origin: http://localhost:49675
host: localhost:49675
accept: */*
user-agent: AHC/2.1

Response DefaultHttpResponse(decodeResult: success, version: HTTP/1.1)
HTTP/1.1 101 WebSocket Protocol Handshake
Upgrade: WebSocket
Connection: Upgrade
Sec-WebSocket-Accept: Qf6KaVN4RuuGiVsTdMSAdm4zkvg=

20:37:50.163 [Forwarding get on session 92aad8d3fa37a748b8fc6d889e9f3b94 to remote] DEBUG org.asynchttpclient.netty.request.NettyRequestSender - Using pooled Channel '[id: 0x3758e5ba, L:/127.0.0.1:49674 - R:localhost/127.0.0.1:52006]' for 'POST' to 'http://localhost:52006/session/92aad8d3fa37a748b8fc6d889e9f3b94/url'
20:37:50.164 [Forwarding get on session 92aad8d3fa37a748b8fc6d889e9f3b94 to remote] DEBUG org.asynchttpclient.netty.request.NettyRequestSender - Using open Channel [id: 0x3758e5ba, L:/127.0.0.1:49674 - R:localhost/127.0.0.1:52006] for POST '/session/92aad8d3fa37a748b8fc6d889e9f3b94/url'
20:37:50.182 [AsyncHttpClient-1-1] DEBUG org.asynchttpclient.netty.channel.DefaultChannelPool - Entry count for : http://localhost:49675 : 1
20:37:50.673 [AsyncHttpClient-1-10] DEBUG org.asynchttpclient.netty.handler.HttpHandler - 

Request DefaultHttpRequest(decodeResult: success, version: HTTP/1.1)
POST /session/92aad8d3fa37a748b8fc6d889e9f3b94/url HTTP/1.1
User-Agent: selenium/4.1.2 (java windows)
Content-Length: 74
Content-Type: application/json; charset=utf-8
host: localhost:52006
accept: */*

Response DefaultHttpResponse(decodeResult: success, version: HTTP/1.1)
HTTP/1.1 200 OK
Content-Type: application/json; charset=utf-8
cache-control: no-cache
content-length: 14

20:37:50.673 [AsyncHttpClient-1-10] DEBUG org.asynchttpclient.netty.channel.ChannelManager - Adding key: http://localhost:52006 for channel [id: 0x3758e5ba, L:/127.0.0.1:49674 - R:localhost/127.0.0.1:52006]
20:37:50.675 [Forwarding setTimeout on session 92aad8d3fa37a748b8fc6d889e9f3b94 to remote] DEBUG org.asynchttpclient.netty.request.NettyRequestSender - Using pooled Channel '[id: 0x3758e5ba, L:/127.0.0.1:49674 - R:localhost/127.0.0.1:52006]' for 'POST' to 'http://localhost:52006/session/92aad8d3fa37a748b8fc6d889e9f3b94/timeouts'
20:37:50.675 [Forwarding setTimeout on session 92aad8d3fa37a748b8fc6d889e9f3b94 to remote] DEBUG org.asynchttpclient.netty.request.NettyRequestSender - Using open Channel [id: 0x3758e5ba, L:/127.0.0.1:49674 - R:localhost/127.0.0.1:52006] for POST '/session/92aad8d3fa37a748b8fc6d889e9f3b94/timeouts'
20:37:50.676 [AsyncHttpClient-1-10] DEBUG org.asynchttpclient.netty.handler.HttpHandler - 

Request DefaultHttpRequest(decodeResult: success, version: HTTP/1.1)
POST /session/92aad8d3fa37a748b8fc6d889e9f3b94/timeouts HTTP/1.1
User-Agent: selenium/4.1.2 (java windows)
Content-Length: 22
Content-Type: application/json; charset=utf-8
host: localhost:52006
accept: */*

Response DefaultHttpResponse(decodeResult: success, version: HTTP/1.1)
HTTP/1.1 200 OK
Content-Type: application/json; charset=utf-8
cache-control: no-cache
content-length: 14

20:37:50.677 [AsyncHttpClient-1-10] DEBUG org.asynchttpclient.netty.channel.ChannelManager - Adding key: http://localhost:52006 for channel [id: 0x3758e5ba, L:/127.0.0.1:49674 - R:localhost/127.0.0.1:52006]
20:37:50.681 [Forwarding getCurrentUrl on session 92aad8d3fa37a748b8fc6d889e9f3b94 to remote] DEBUG org.asynchttpclient.netty.request.NettyRequestSender - Using pooled Channel '[id: 0x3758e5ba, L:/127.0.0.1:49674 - R:localhost/127.0.0.1:52006]' for 'GET' to 'http://localhost:52006/session/92aad8d3fa37a748b8fc6d889e9f3b94/url'
20:37:50.681 [Forwarding getCurrentUrl on session 92aad8d3fa37a748b8fc6d889e9f3b94 to remote] DEBUG org.asynchttpclient.netty.request.NettyRequestSender - Using open Channel [id: 0x3758e5ba, L:/127.0.0.1:49674 - R:localhost/127.0.0.1:52006] for GET '/session/92aad8d3fa37a748b8fc6d889e9f3b94/url'
20:37:50.686 [AsyncHttpClient-1-10] DEBUG org.asynchttpclient.netty.handler.HttpHandler - 

Request DefaultFullHttpRequest(decodeResult: success, version: HTTP/1.1, content: EmptyByteBufBE)
GET /session/92aad8d3fa37a748b8fc6d889e9f3b94/url HTTP/1.1
User-Agent: selenium/4.1.2 (java windows)
Cache-Control: no-cache
Content-Type: application/json; charset=utf-8
host: localhost:52006
accept: */*

Response DefaultHttpResponse(decodeResult: success, version: HTTP/1.1)
HTTP/1.1 200 OK
Content-Type: application/json; charset=utf-8
cache-control: no-cache
content-length: 51

20:37:50.686 [AsyncHttpClient-1-10] DEBUG org.asynchttpclient.netty.channel.ChannelManager - Adding key: http://localhost:52006 for channel [id: 0x3758e5ba, L:/127.0.0.1:49674 - R:localhost/127.0.0.1:52006]
  &amp#27;[32mGiven &amp#27;[0m&amp#27;[32mI am in login page&amp#27;[0m                         &amp#27;[90m# starter.stepdefinitions.LogInOutSteps.iAmInLoginPage()&amp#27;[0m
20:37:50.693 [Forwarding screenshot on session 92aad8d3fa37a748b8fc6d889e9f3b94 to remote] DEBUG org.asynchttpclient.netty.request.NettyRequestSender - Using pooled Channel '[id: 0x3758e5ba, L:/127.0.0.1:49674 - R:localhost/127.0.0.1:52006]' for 'GET' to 'http://localhost:52006/session/92aad8d3fa37a748b8fc6d889e9f3b94/screenshot'
20:37:50.693 [Forwarding screenshot on session 92aad8d3fa37a748b8fc6d889e9f3b94 to remote] DEBUG org.asynchttpclient.netty.request.NettyRequestSender - Using open Channel [id: 0x3758e5ba, L:/127.0.0.1:49674 - R:localhost/127.0.0.1:52006] for GET '/session/92aad8d3fa37a748b8fc6d889e9f3b94/screenshot'
20:37:51.151 [AsyncHttpClient-1-10] DEBUG org.asynchttpclient.netty.handler.HttpHandler - 

Request DefaultFullHttpRequest(decodeResult: success, version: HTTP/1.1, content: EmptyByteBufBE)
GET /session/92aad8d3fa37a748b8fc6d889e9f3b94/screenshot HTTP/1.1
User-Agent: selenium/4.1.2 (java windows)
Cache-Control: no-cache
Content-Type: application/json; charset=utf-8
host: localhost:52006
accept: */*

Response DefaultHttpResponse(decodeResult: success, version: HTTP/1.1)
HTTP/1.1 200 OK
Content-Type: application/json; charset=utf-8
cache-control: no-cache
content-length: 38472

20:37:51.152 [AsyncHttpClient-1-10] DEBUG org.asynchttpclient.netty.channel.ChannelManager - Adding key: http://localhost:52006 for channel [id: 0x3758e5ba, L:/127.0.0.1:49674 - R:localhost/127.0.0.1:52006]
20:37:51.154 [main] DEBUG net.serenitybdd.core.photography.Darkroom - Send negative for processing for target\site\serenity\6c2309ed56aeb278067cd6b3caf368b9f01e276e2bf175d46007f31c90d5af21.png
20:37:51.161 [Forwarding findElement on session 92aad8d3fa37a748b8fc6d889e9f3b94 to remote] DEBUG org.asynchttpclient.netty.request.NettyRequestSender - Using pooled Channel '[id: 0x3758e5ba, L:/127.0.0.1:49674 - R:localhost/127.0.0.1:52006]' for 'POST' to 'http://localhost:52006/session/92aad8d3fa37a748b8fc6d889e9f3b94/element'
20:37:51.161 [Forwarding findElement on session 92aad8d3fa37a748b8fc6d889e9f3b94 to remote] DEBUG org.asynchttpclient.netty.request.NettyRequestSender - Using open Channel [id: 0x3758e5ba, L:/127.0.0.1:49674 - R:localhost/127.0.0.1:52006] for POST '/session/92aad8d3fa37a748b8fc6d889e9f3b94/element'
20:37:51.173 [AsyncHttpClient-1-10] DEBUG org.asynchttpclient.netty.handler.HttpHandler - 

Request DefaultHttpRequest(decodeResult: success, version: HTTP/1.1)
POST /session/92aad8d3fa37a748b8fc6d889e9f3b94/element HTTP/1.1
User-Agent: selenium/4.1.2 (java windows)
Content-Length: 87
Content-Type: application/json; charset=utf-8
host: localhost:52006
accept: */*

Response DefaultHttpResponse(decodeResult: success, version: HTTP/1.1)
HTTP/1.1 200 OK
Content-Type: application/json; charset=utf-8
cache-control: no-cache
content-length: 88

20:37:51.173 [AsyncHttpClient-1-10] DEBUG org.asynchttpclient.netty.channel.ChannelManager - Adding key: http://localhost:52006 for channel [id: 0x3758e5ba, L:/127.0.0.1:49674 - R:localhost/127.0.0.1:52006]
20:37:51.175 [Forwarding clearElement on session 92aad8d3fa37a748b8fc6d889e9f3b94 to remote] DEBUG org.asynchttpclient.netty.request.NettyRequestSender - Using pooled Channel '[id: 0x3758e5ba, L:/127.0.0.1:49674 - R:localhost/127.0.0.1:52006]' for 'POST' to 'http://localhost:52006/session/92aad8d3fa37a748b8fc6d889e9f3b94/element/fc36b767-8ecf-4123-ae87-8e143e547c73/clear'
20:37:51.175 [Forwarding clearElement on session 92aad8d3fa37a748b8fc6d889e9f3b94 to remote] DEBUG org.asynchttpclient.netty.request.NettyRequestSender - Using open Channel [id: 0x3758e5ba, L:/127.0.0.1:49674 - R:localhost/127.0.0.1:52006] for POST '/session/92aad8d3fa37a748b8fc6d889e9f3b94/element/fc36b767-8ecf-4123-ae87-8e143e547c73/clear'
20:37:51.205 [AsyncHttpClient-1-10] DEBUG org.asynchttpclient.netty.handler.HttpHandler - 

Request DefaultHttpRequest(decodeResult: success, version: HTTP/1.1)
POST /session/92aad8d3fa37a748b8fc6d889e9f3b94/element/fc36b767-8ecf-4123-ae87-8e143e547c73/clear HTTP/1.1
User-Agent: selenium/4.1.2 (java windows)
Content-Length: 50
Content-Type: application/json; charset=utf-8
host: localhost:52006
accept: */*

Response DefaultHttpResponse(decodeResult: success, version: HTTP/1.1)
HTTP/1.1 200 OK
Content-Type: application/json; charset=utf-8
cache-control: no-cache
content-length: 14

20:37:51.205 [AsyncHttpClient-1-10] DEBUG org.asynchttpclient.netty.channel.ChannelManager - Adding key: http://localhost:52006 for channel [id: 0x3758e5ba, L:/127.0.0.1:49674 - R:localhost/127.0.0.1:52006]
20:37:51.207 [Forwarding sendKeysToElement on session 92aad8d3fa37a748b8fc6d889e9f3b94 to remote] DEBUG org.asynchttpclient.netty.request.NettyRequestSender - Using pooled Channel '[id: 0x3758e5ba, L:/127.0.0.1:49674 - R:localhost/127.0.0.1:52006]' for 'POST' to 'http://localhost:52006/session/92aad8d3fa37a748b8fc6d889e9f3b94/element/fc36b767-8ecf-4123-ae87-8e143e547c73/value'
20:37:51.207 [Forwarding sendKeysToElement on session 92aad8d3fa37a748b8fc6d889e9f3b94 to remote] DEBUG org.asynchttpclient.netty.request.NettyRequestSender - Using open Channel [id: 0x3758e5ba, L:/127.0.0.1:49674 - R:localhost/127.0.0.1:52006] for POST '/session/92aad8d3fa37a748b8fc6d889e9f3b94/element/fc36b767-8ecf-4123-ae87-8e143e547c73/value'
20:37:51.280 [AsyncHttpClient-1-1] DEBUG org.asynchttpclient.netty.channel.DefaultChannelPool - Entry count for : http://localhost:49675 : 1
20:37:51.312 [AsyncHttpClient-1-10] DEBUG org.asynchttpclient.netty.handler.HttpHandler - 

Request DefaultHttpRequest(decodeResult: success, version: HTTP/1.1)
POST /session/92aad8d3fa37a748b8fc6d889e9f3b94/element/fc36b767-8ecf-4123-ae87-8e143e547c73/value HTTP/1.1
User-Agent: selenium/4.1.2 (java windows)
Content-Length: 211
Content-Type: application/json; charset=utf-8
host: localhost:52006
accept: */*

Response DefaultHttpResponse(decodeResult: success, version: HTTP/1.1)
HTTP/1.1 200 OK
Content-Type: application/json; charset=utf-8
cache-control: no-cache
content-length: 14

20:37:51.313 [AsyncHttpClient-1-10] DEBUG org.asynchttpclient.netty.channel.ChannelManager - Adding key: http://localhost:52006 for channel [id: 0x3758e5ba, L:/127.0.0.1:49674 - R:localhost/127.0.0.1:52006]
  &amp#27;[32mWhen &amp#27;[0m&amp#27;[32mI input &amp#27;[0m&amp#27;[32m&amp#27;[1m"user@mail.com"&amp#27;[0m&amp#27;[32m email&amp#27;[0m               &amp#27;[90m# starter.stepdefinitions.LogInOutSteps.iInputEmailEmail(java.lang.String)&amp#27;[0m
20:37:51.321 [Forwarding screenshot on session 92aad8d3fa37a748b8fc6d889e9f3b94 to remote] DEBUG org.asynchttpclient.netty.request.NettyRequestSender - Using pooled Channel '[id: 0x3758e5ba, L:/127.0.0.1:49674 - R:localhost/127.0.0.1:52006]' for 'GET' to 'http://localhost:52006/session/92aad8d3fa37a748b8fc6d889e9f3b94/screenshot'
20:37:51.321 [Forwarding screenshot on session 92aad8d3fa37a748b8fc6d889e9f3b94 to remote] DEBUG org.asynchttpclient.netty.request.NettyRequestSender - Using open Channel [id: 0x3758e5ba, L:/127.0.0.1:49674 - R:localhost/127.0.0.1:52006] for GET '/session/92aad8d3fa37a748b8fc6d889e9f3b94/screenshot'
20:37:51.473 [AsyncHttpClient-1-10] DEBUG org.asynchttpclient.netty.handler.HttpHandler - 

Request DefaultFullHttpRequest(decodeResult: success, version: HTTP/1.1, content: EmptyByteBufBE)
GET /session/92aad8d3fa37a748b8fc6d889e9f3b94/screenshot HTTP/1.1
User-Agent: selenium/4.1.2 (java windows)
Cache-Control: no-cache
Content-Type: application/json; charset=utf-8
host: localhost:52006
accept: */*

Response DefaultHttpResponse(decodeResult: success, version: HTTP/1.1)
HTTP/1.1 200 OK
Content-Type: application/json; charset=utf-8
cache-control: no-cache
content-length: 44456

20:37:51.473 [AsyncHttpClient-1-10] DEBUG org.asynchttpclient.netty.channel.ChannelManager - Adding key: http://localhost:52006 for channel [id: 0x3758e5ba, L:/127.0.0.1:49674 - R:localhost/127.0.0.1:52006]
20:37:51.477 [main] DEBUG net.serenitybdd.core.photography.Darkroom - Send negative for processing for target\site\serenity\acf6da1b2f3029544931899bd76949f5ef7e69a380ab5af20ca35105d9e4f7b2.png
20:37:51.477 [Darkroom Processing Line] DEBUG net.serenitybdd.core.photography.DarkroomProcessingLine - Processing screenshot image in /var/screenshots/screenshot-18148337512009014088
20:37:51.477 [Darkroom Processing Line] DEBUG net.serenitybdd.core.photography.DarkroomProcessingLine - Saving screenshot to target\site\serenity\acf6da1b2f3029544931899bd76949f5ef7e69a380ab5af20ca35105d9e4f7b2.png
20:37:51.486 [Forwarding findElement on session 92aad8d3fa37a748b8fc6d889e9f3b94 to remote] DEBUG org.asynchttpclient.netty.request.NettyRequestSender - Using pooled Channel '[id: 0x3758e5ba, L:/127.0.0.1:49674 - R:localhost/127.0.0.1:52006]' for 'POST' to 'http://localhost:52006/session/92aad8d3fa37a748b8fc6d889e9f3b94/element'
20:37:51.486 [Forwarding findElement on session 92aad8d3fa37a748b8fc6d889e9f3b94 to remote] DEBUG org.asynchttpclient.netty.request.NettyRequestSender - Using open Channel [id: 0x3758e5ba, L:/127.0.0.1:49674 - R:localhost/127.0.0.1:52006] for POST '/session/92aad8d3fa37a748b8fc6d889e9f3b94/element'
20:37:51.498 [AsyncHttpClient-1-10] DEBUG org.asynchttpclient.netty.handler.HttpHandler - 

Request DefaultHttpRequest(decodeResult: success, version: HTTP/1.1)
POST /session/92aad8d3fa37a748b8fc6d889e9f3b94/element HTTP/1.1
User-Agent: selenium/4.1.2 (java windows)
Content-Length: 90
Content-Type: application/json; charset=utf-8
host: localhost:52006
accept: */*

Response DefaultHttpResponse(decodeResult: success, version: HTTP/1.1)
HTTP/1.1 200 OK
Content-Type: application/json; charset=utf-8
cache-control: no-cache
content-length: 88

20:37:51.498 [AsyncHttpClient-1-10] DEBUG org.asynchttpclient.netty.channel.ChannelManager - Adding key: http://localhost:52006 for channel [id: 0x3758e5ba, L:/127.0.0.1:49674 - R:localhost/127.0.0.1:52006]
20:37:51.499 [Forwarding clearElement on session 92aad8d3fa37a748b8fc6d889e9f3b94 to remote] DEBUG org.asynchttpclient.netty.request.NettyRequestSender - Using pooled Channel '[id: 0x3758e5ba, L:/127.0.0.1:49674 - R:localhost/127.0.0.1:52006]' for 'POST' to 'http://localhost:52006/session/92aad8d3fa37a748b8fc6d889e9f3b94/element/525cdda4-ab76-4892-b1a0-a7c9a06400dc/clear'
20:37:51.499 [Forwarding clearElement on session 92aad8d3fa37a748b8fc6d889e9f3b94 to remote] DEBUG org.asynchttpclient.netty.request.NettyRequestSender - Using open Channel [id: 0x3758e5ba, L:/127.0.0.1:49674 - R:localhost/127.0.0.1:52006] for POST '/session/92aad8d3fa37a748b8fc6d889e9f3b94/element/525cdda4-ab76-4892-b1a0-a7c9a06400dc/clear'
20:37:51.530 [AsyncHttpClient-1-10] DEBUG org.asynchttpclient.netty.handler.HttpHandler - 

Request DefaultHttpRequest(decodeResult: success, version: HTTP/1.1)
POST /session/92aad8d3fa37a748b8fc6d889e9f3b94/element/525cdda4-ab76-4892-b1a0-a7c9a06400dc/clear HTTP/1.1
User-Agent: selenium/4.1.2 (java windows)
Content-Length: 50
Content-Type: application/json; charset=utf-8
host: localhost:52006
accept: */*

Response DefaultHttpResponse(decodeResult: success, version: HTTP/1.1)
HTTP/1.1 200 OK
Content-Type: application/json; charset=utf-8
cache-control: no-cache
content-length: 14

20:37:51.530 [AsyncHttpClient-1-10] DEBUG org.asynchttpclient.netty.channel.ChannelManager - Adding key: http://localhost:52006 for channel [id: 0x3758e5ba, L:/127.0.0.1:49674 - R:localhost/127.0.0.1:52006]
20:37:51.532 [Forwarding sendKeysToElement on session 92aad8d3fa37a748b8fc6d889e9f3b94 to remote] DEBUG org.asynchttpclient.netty.request.NettyRequestSender - Using pooled Channel '[id: 0x3758e5ba, L:/127.0.0.1:49674 - R:localhost/127.0.0.1:52006]' for 'POST' to 'http://localhost:52006/session/92aad8d3fa37a748b8fc6d889e9f3b94/element/525cdda4-ab76-4892-b1a0-a7c9a06400dc/value'
20:37:51.532 [Forwarding sendKeysToElement on session 92aad8d3fa37a748b8fc6d889e9f3b94 to remote] DEBUG org.asynchttpclient.netty.request.NettyRequestSender - Using open Channel [id: 0x3758e5ba, L:/127.0.0.1:49674 - R:localhost/127.0.0.1:52006] for POST '/session/92aad8d3fa37a748b8fc6d889e9f3b94/element/525cdda4-ab76-4892-b1a0-a7c9a06400dc/value'
20:37:51.570 [AsyncHttpClient-1-10] DEBUG org.asynchttpclient.netty.handler.HttpHandler - 

Request DefaultHttpRequest(decodeResult: success, version: HTTP/1.1)
POST /session/92aad8d3fa37a748b8fc6d889e9f3b94/element/525cdda4-ab76-4892-b1a0-a7c9a06400dc/value HTTP/1.1
User-Agent: selenium/4.1.2 (java windows)
Content-Length: 82
Content-Type: application/json; charset=utf-8
host: localhost:52006
accept: */*

Response DefaultHttpResponse(decodeResult: success, version: HTTP/1.1)
HTTP/1.1 200 OK
Content-Type: application/json; charset=utf-8
cache-control: no-cache
content-length: 14

20:37:51.570 [AsyncHttpClient-1-10] DEBUG org.asynchttpclient.netty.channel.ChannelManager - Adding key: http://localhost:52006 for channel [id: 0x3758e5ba, L:/127.0.0.1:49674 - R:localhost/127.0.0.1:52006]
  &amp#27;[32mAnd &amp#27;[0m&amp#27;[32mI input &amp#27;[0m&amp#27;[32m&amp#27;[1m""&amp#27;[0m&amp#27;[32m password&amp#27;[0m                          &amp#27;[90m# starter.stepdefinitions.LogInOutSteps.iInputPasswordPassword(java.lang.String)&amp#27;[0m
20:37:51.578 [Forwarding screenshot on session 92aad8d3fa37a748b8fc6d889e9f3b94 to remote] DEBUG org.asynchttpclient.netty.request.NettyRequestSender - Using pooled Channel '[id: 0x3758e5ba, L:/127.0.0.1:49674 - R:localhost/127.0.0.1:52006]' for 'GET' to 'http://localhost:52006/session/92aad8d3fa37a748b8fc6d889e9f3b94/screenshot'
20:37:51.578 [Forwarding screenshot on session 92aad8d3fa37a748b8fc6d889e9f3b94 to remote] DEBUG org.asynchttpclient.netty.request.NettyRequestSender - Using open Channel [id: 0x3758e5ba, L:/127.0.0.1:49674 - R:localhost/127.0.0.1:52006] for GET '/session/92aad8d3fa37a748b8fc6d889e9f3b94/screenshot'
20:37:51.734 [AsyncHttpClient-1-10] DEBUG org.asynchttpclient.netty.handler.HttpHandler - 

Request DefaultFullHttpRequest(decodeResult: success, version: HTTP/1.1, content: EmptyByteBufBE)
GET /session/92aad8d3fa37a748b8fc6d889e9f3b94/screenshot HTTP/1.1
User-Agent: selenium/4.1.2 (java windows)
Cache-Control: no-cache
Content-Type: application/json; charset=utf-8
host: localhost:52006
accept: */*

Response DefaultHttpResponse(decodeResult: success, version: HTTP/1.1)
HTTP/1.1 200 OK
Content-Type: application/json; charset=utf-8
cache-control: no-cache
content-length: 44644

20:37:51.734 [AsyncHttpClient-1-10] DEBUG org.asynchttpclient.netty.channel.ChannelManager - Adding key: http://localhost:52006 for channel [id: 0x3758e5ba, L:/127.0.0.1:49674 - R:localhost/127.0.0.1:52006]
20:37:51.736 [main] DEBUG net.serenitybdd.core.photography.Darkroom - Send negative for processing for target\site\serenity\efc29536751972e5d4da109388dc8868f2a682411fe90c943efcb1217f48460c.png
20:37:51.737 [Darkroom Processing Line] DEBUG net.serenitybdd.core.photography.DarkroomProcessingLine - Processing screenshot image in /var/screenshots/screenshot-16844299807754273051
20:37:51.737 [Darkroom Processing Line] DEBUG net.serenitybdd.core.photography.DarkroomProcessingLine - Saving screenshot to target\site\serenity\efc29536751972e5d4da109388dc8868f2a682411fe90c943efcb1217f48460c.png
20:37:51.745 [Forwarding findElement on session 92aad8d3fa37a748b8fc6d889e9f3b94 to remote] DEBUG org.asynchttpclient.netty.request.NettyRequestSender - Using pooled Channel '[id: 0x3758e5ba, L:/127.0.0.1:49674 - R:localhost/127.0.0.1:52006]' for 'POST' to 'http://localhost:52006/session/92aad8d3fa37a748b8fc6d889e9f3b94/element'
20:37:51.745 [Forwarding findElement on session 92aad8d3fa37a748b8fc6d889e9f3b94 to remote] DEBUG org.asynchttpclient.netty.request.NettyRequestSender - Using open Channel [id: 0x3758e5ba, L:/127.0.0.1:49674 - R:localhost/127.0.0.1:52006] for POST '/session/92aad8d3fa37a748b8fc6d889e9f3b94/element'
20:37:51.755 [AsyncHttpClient-1-10] DEBUG org.asynchttpclient.netty.handler.HttpHandler - 

Request DefaultHttpRequest(decodeResult: success, version: HTTP/1.1)
POST /session/92aad8d3fa37a748b8fc6d889e9f3b94/element HTTP/1.1
User-Agent: selenium/4.1.2 (java windows)
Content-Length: 81
Content-Type: application/json; charset=utf-8
host: localhost:52006
accept: */*

Response DefaultHttpResponse(decodeResult: success, version: HTTP/1.1)
HTTP/1.1 200 OK
Content-Type: application/json; charset=utf-8
cache-control: no-cache
content-length: 88

20:37:51.755 [AsyncHttpClient-1-10] DEBUG org.asynchttpclient.netty.channel.ChannelManager - Adding key: http://localhost:52006 for channel [id: 0x3758e5ba, L:/127.0.0.1:49674 - R:localhost/127.0.0.1:52006]
20:37:51.757 [Forwarding getElementTagName on session 92aad8d3fa37a748b8fc6d889e9f3b94 to remote] DEBUG org.asynchttpclient.netty.request.NettyRequestSender - Using pooled Channel '[id: 0x3758e5ba, L:/127.0.0.1:49674 - R:localhost/127.0.0.1:52006]' for 'GET' to 'http://localhost:52006/session/92aad8d3fa37a748b8fc6d889e9f3b94/element/c10c593d-ee82-4073-b9b1-adbf63e33d49/name'
20:37:51.757 [Forwarding getElementTagName on session 92aad8d3fa37a748b8fc6d889e9f3b94 to remote] DEBUG org.asynchttpclient.netty.request.NettyRequestSender - Using open Channel [id: 0x3758e5ba, L:/127.0.0.1:49674 - R:localhost/127.0.0.1:52006] for GET '/session/92aad8d3fa37a748b8fc6d889e9f3b94/element/c10c593d-ee82-4073-b9b1-adbf63e33d49/name'
20:37:51.763 [AsyncHttpClient-1-10] DEBUG org.asynchttpclient.netty.handler.HttpHandler - 

Request DefaultFullHttpRequest(decodeResult: success, version: HTTP/1.1, content: EmptyByteBufBE)
GET /session/92aad8d3fa37a748b8fc6d889e9f3b94/element/c10c593d-ee82-4073-b9b1-adbf63e33d49/name HTTP/1.1
User-Agent: selenium/4.1.2 (java windows)
Cache-Control: no-cache
Content-Type: application/json; charset=utf-8
host: localhost:52006
accept: */*

Response DefaultHttpResponse(decodeResult: success, version: HTTP/1.1)
HTTP/1.1 200 OK
Content-Type: application/json; charset=utf-8
cache-control: no-cache
content-length: 16

20:37:51.763 [AsyncHttpClient-1-10] DEBUG org.asynchttpclient.netty.channel.ChannelManager - Adding key: http://localhost:52006 for channel [id: 0x3758e5ba, L:/127.0.0.1:49674 - R:localhost/127.0.0.1:52006]
20:37:51.765 [Forwarding getElementTagName on session 92aad8d3fa37a748b8fc6d889e9f3b94 to remote] DEBUG org.asynchttpclient.netty.request.NettyRequestSender - Using pooled Channel '[id: 0x3758e5ba, L:/127.0.0.1:49674 - R:localhost/127.0.0.1:52006]' for 'GET' to 'http://localhost:52006/session/92aad8d3fa37a748b8fc6d889e9f3b94/element/c10c593d-ee82-4073-b9b1-adbf63e33d49/name'
20:37:51.765 [Forwarding getElementTagName on session 92aad8d3fa37a748b8fc6d889e9f3b94 to remote] DEBUG org.asynchttpclient.netty.request.NettyRequestSender - Using open Channel [id: 0x3758e5ba, L:/127.0.0.1:49674 - R:localhost/127.0.0.1:52006] for GET '/session/92aad8d3fa37a748b8fc6d889e9f3b94/element/c10c593d-ee82-4073-b9b1-adbf63e33d49/name'
20:37:51.768 [AsyncHttpClient-1-10] DEBUG org.asynchttpclient.netty.handler.HttpHandler - 

Request DefaultFullHttpRequest(decodeResult: success, version: HTTP/1.1, content: EmptyByteBufBE)
GET /session/92aad8d3fa37a748b8fc6d889e9f3b94/element/c10c593d-ee82-4073-b9b1-adbf63e33d49/name HTTP/1.1
User-Agent: selenium/4.1.2 (java windows)
Cache-Control: no-cache
Content-Type: application/json; charset=utf-8
host: localhost:52006
accept: */*

Response DefaultHttpResponse(decodeResult: success, version: HTTP/1.1)
HTTP/1.1 200 OK
Content-Type: application/json; charset=utf-8
cache-control: no-cache
content-length: 16

20:37:51.768 [AsyncHttpClient-1-10] DEBUG org.asynchttpclient.netty.channel.ChannelManager - Adding key: http://localhost:52006 for channel [id: 0x3758e5ba, L:/127.0.0.1:49674 - R:localhost/127.0.0.1:52006]
20:37:51.770 [Forwarding findElement on session 92aad8d3fa37a748b8fc6d889e9f3b94 to remote] DEBUG org.asynchttpclient.netty.request.NettyRequestSender - Using pooled Channel '[id: 0x3758e5ba, L:/127.0.0.1:49674 - R:localhost/127.0.0.1:52006]' for 'POST' to 'http://localhost:52006/session/92aad8d3fa37a748b8fc6d889e9f3b94/element'
20:37:51.770 [Forwarding findElement on session 92aad8d3fa37a748b8fc6d889e9f3b94 to remote] DEBUG org.asynchttpclient.netty.request.NettyRequestSender - Using open Channel [id: 0x3758e5ba, L:/127.0.0.1:49674 - R:localhost/127.0.0.1:52006] for POST '/session/92aad8d3fa37a748b8fc6d889e9f3b94/element'
20:37:51.778 [AsyncHttpClient-1-10] DEBUG org.asynchttpclient.netty.handler.HttpHandler - 

Request DefaultHttpRequest(decodeResult: success, version: HTTP/1.1)
POST /session/92aad8d3fa37a748b8fc6d889e9f3b94/element HTTP/1.1
User-Agent: selenium/4.1.2 (java windows)
Content-Length: 81
Content-Type: application/json; charset=utf-8
host: localhost:52006
accept: */*

Response DefaultHttpResponse(decodeResult: success, version: HTTP/1.1)
HTTP/1.1 200 OK
Content-Type: application/json; charset=utf-8
cache-control: no-cache
content-length: 88

20:37:51.778 [AsyncHttpClient-1-10] DEBUG org.asynchttpclient.netty.channel.ChannelManager - Adding key: http://localhost:52006 for channel [id: 0x3758e5ba, L:/127.0.0.1:49674 - R:localhost/127.0.0.1:52006]
20:37:51.779 [Forwarding clickElement on session 92aad8d3fa37a748b8fc6d889e9f3b94 to remote] DEBUG org.asynchttpclient.netty.request.NettyRequestSender - Using pooled Channel '[id: 0x3758e5ba, L:/127.0.0.1:49674 - R:localhost/127.0.0.1:52006]' for 'POST' to 'http://localhost:52006/session/92aad8d3fa37a748b8fc6d889e9f3b94/element/c10c593d-ee82-4073-b9b1-adbf63e33d49/click'
20:37:51.779 [Forwarding clickElement on session 92aad8d3fa37a748b8fc6d889e9f3b94 to remote] DEBUG org.asynchttpclient.netty.request.NettyRequestSender - Using open Channel [id: 0x3758e5ba, L:/127.0.0.1:49674 - R:localhost/127.0.0.1:52006] for POST '/session/92aad8d3fa37a748b8fc6d889e9f3b94/element/c10c593d-ee82-4073-b9b1-adbf63e33d49/click'
20:37:51.822 [AsyncHttpClient-1-10] DEBUG org.asynchttpclient.netty.handler.HttpHandler - 

Request DefaultHttpRequest(decodeResult: success, version: HTTP/1.1)
POST /session/92aad8d3fa37a748b8fc6d889e9f3b94/element/c10c593d-ee82-4073-b9b1-adbf63e33d49/click HTTP/1.1
User-Agent: selenium/4.1.2 (java windows)
Content-Length: 50
Content-Type: application/json; charset=utf-8
host: localhost:52006
accept: */*

Response DefaultHttpResponse(decodeResult: success, version: HTTP/1.1)
HTTP/1.1 200 OK
Content-Type: application/json; charset=utf-8
cache-control: no-cache
content-length: 14

20:37:51.822 [AsyncHttpClient-1-10] DEBUG org.asynchttpclient.netty.channel.ChannelManager - Adding key: http://localhost:52006 for channel [id: 0x3758e5ba, L:/127.0.0.1:49674 - R:localhost/127.0.0.1:52006]
  &amp#27;[32mAnd &amp#27;[0m&amp#27;[32mI click login button&amp#27;[0m                         &amp#27;[90m# starter.stepdefinitions.LogInOutSteps.iClickLoginButton()&amp#27;[0m
20:37:51.829 [Forwarding screenshot on session 92aad8d3fa37a748b8fc6d889e9f3b94 to remote] DEBUG org.asynchttpclient.netty.request.NettyRequestSender - Using pooled Channel '[id: 0x3758e5ba, L:/127.0.0.1:49674 - R:localhost/127.0.0.1:52006]' for 'GET' to 'http://localhost:52006/session/92aad8d3fa37a748b8fc6d889e9f3b94/screenshot'
20:37:51.829 [Forwarding screenshot on session 92aad8d3fa37a748b8fc6d889e9f3b94 to remote] DEBUG org.asynchttpclient.netty.request.NettyRequestSender - Using open Channel [id: 0x3758e5ba, L:/127.0.0.1:49674 - R:localhost/127.0.0.1:52006] for GET '/session/92aad8d3fa37a748b8fc6d889e9f3b94/screenshot'
20:37:52.119 [AsyncHttpClient-1-10] DEBUG org.asynchttpclient.netty.handler.HttpHandler - 

Request DefaultFullHttpRequest(decodeResult: success, version: HTTP/1.1, content: EmptyByteBufBE)
GET /session/92aad8d3fa37a748b8fc6d889e9f3b94/screenshot HTTP/1.1
User-Agent: selenium/4.1.2 (java windows)
Cache-Control: no-cache
Content-Type: application/json; charset=utf-8
host: localhost:52006
accept: */*

Response DefaultHttpResponse(decodeResult: success, version: HTTP/1.1)
HTTP/1.1 200 OK
Content-Type: application/json; charset=utf-8
cache-control: no-cache
content-length: 44828

20:37:52.120 [AsyncHttpClient-1-10] DEBUG org.asynchttpclient.netty.channel.ChannelManager - Adding key: http://localhost:52006 for channel [id: 0x3758e5ba, L:/127.0.0.1:49674 - R:localhost/127.0.0.1:52006]
20:37:52.122 [main] DEBUG net.serenitybdd.core.photography.Darkroom - Send negative for processing for target\site\serenity\297f8abe2cc9d6bb520595d136127bb5b05f7490544ca9b9556af3c77f81f1f4.png
20:37:52.122 [Darkroom Processing Line] DEBUG net.serenitybdd.core.photography.DarkroomProcessingLine - Processing screenshot image in /var/screenshots/screenshot-6082598320837984357
20:37:52.122 [Darkroom Processing Line] DEBUG net.serenitybdd.core.photography.DarkroomProcessingLine - Saving screenshot to target\site\serenity\297f8abe2cc9d6bb520595d136127bb5b05f7490544ca9b9556af3c77f81f1f4.png
20:37:52.132 [Forwarding findElement on session 92aad8d3fa37a748b8fc6d889e9f3b94 to remote] DEBUG org.asynchttpclient.netty.request.NettyRequestSender - Using pooled Channel '[id: 0x3758e5ba, L:/127.0.0.1:49674 - R:localhost/127.0.0.1:52006]' for 'POST' to 'http://localhost:52006/session/92aad8d3fa37a748b8fc6d889e9f3b94/element'
20:37:52.132 [Forwarding findElement on session 92aad8d3fa37a748b8fc6d889e9f3b94 to remote] DEBUG org.asynchttpclient.netty.request.NettyRequestSender - Using open Channel [id: 0x3758e5ba, L:/127.0.0.1:49674 - R:localhost/127.0.0.1:52006] for POST '/session/92aad8d3fa37a748b8fc6d889e9f3b94/element'
20:37:52.380 [AsyncHttpClient-1-1] DEBUG org.asynchttpclient.netty.channel.DefaultChannelPool - Entry count for : http://localhost:49675 : 1
20:37:53.191 [AsyncHttpClient-1-10] DEBUG org.asynchttpclient.netty.handler.HttpHandler - 

Request DefaultHttpRequest(decodeResult: success, version: HTTP/1.1)
POST /session/92aad8d3fa37a748b8fc6d889e9f3b94/element HTTP/1.1
User-Agent: selenium/4.1.2 (java windows)
Content-Length: 59
Content-Type: application/json; charset=utf-8
host: localhost:52006
accept: */*

Response DefaultHttpResponse(decodeResult: success, version: HTTP/1.1)
HTTP/1.1 200 OK
Content-Type: application/json; charset=utf-8
cache-control: no-cache
content-length: 88

20:37:53.192 [AsyncHttpClient-1-10] DEBUG org.asynchttpclient.netty.channel.ChannelManager - Adding key: http://localhost:52006 for channel [id: 0x3758e5ba, L:/127.0.0.1:49674 - R:localhost/127.0.0.1:52006]
20:37:53.195 [Forwarding isElementDisplayed on session 92aad8d3fa37a748b8fc6d889e9f3b94 to remote] DEBUG org.asynchttpclient.netty.request.NettyRequestSender - Using pooled Channel '[id: 0x3758e5ba, L:/127.0.0.1:49674 - R:localhost/127.0.0.1:52006]' for 'POST' to 'http://localhost:52006/session/92aad8d3fa37a748b8fc6d889e9f3b94/execute/sync'
20:37:53.195 [Forwarding isElementDisplayed on session 92aad8d3fa37a748b8fc6d889e9f3b94 to remote] DEBUG org.asynchttpclient.netty.request.NettyRequestSender - Using open Channel [id: 0x3758e5ba, L:/127.0.0.1:49674 - R:localhost/127.0.0.1:52006] for POST '/session/92aad8d3fa37a748b8fc6d889e9f3b94/execute/sync'
20:37:53.210 [AsyncHttpClient-1-10] DEBUG org.asynchttpclient.netty.handler.HttpHandler - 

Request DefaultHttpRequest(decodeResult: success, version: HTTP/1.1)
POST /session/92aad8d3fa37a748b8fc6d889e9f3b94/execute/sync HTTP/1.1
User-Agent: selenium/4.1.2 (java windows)
Content-Length: 48780
Content-Type: application/json; charset=utf-8
host: localhost:52006
accept: */*

Response DefaultHttpResponse(decodeResult: success, version: HTTP/1.1)
HTTP/1.1 200 OK
Content-Type: application/json; charset=utf-8
cache-control: no-cache
content-length: 14

20:37:53.210 [AsyncHttpClient-1-10] DEBUG org.asynchttpclient.netty.channel.ChannelManager - Adding key: http://localhost:52006 for channel [id: 0x3758e5ba, L:/127.0.0.1:49674 - R:localhost/127.0.0.1:52006]
20:37:53.212 [Forwarding findElement on session 92aad8d3fa37a748b8fc6d889e9f3b94 to remote] DEBUG org.asynchttpclient.netty.request.NettyRequestSender - Using pooled Channel '[id: 0x3758e5ba, L:/127.0.0.1:49674 - R:localhost/127.0.0.1:52006]' for 'POST' to 'http://localhost:52006/session/92aad8d3fa37a748b8fc6d889e9f3b94/element'
20:37:53.212 [Forwarding findElement on session 92aad8d3fa37a748b8fc6d889e9f3b94 to remote] DEBUG org.asynchttpclient.netty.request.NettyRequestSender - Using open Channel [id: 0x3758e5ba, L:/127.0.0.1:49674 - R:localhost/127.0.0.1:52006] for POST '/session/92aad8d3fa37a748b8fc6d889e9f3b94/element'
20:37:53.218 [AsyncHttpClient-1-10] DEBUG org.asynchttpclient.netty.handler.HttpHandler - 

Request DefaultHttpRequest(decodeResult: success, version: HTTP/1.1)
POST /session/92aad8d3fa37a748b8fc6d889e9f3b94/element HTTP/1.1
User-Agent: selenium/4.1.2 (java windows)
Content-Length: 59
Content-Type: application/json; charset=utf-8
host: localhost:52006
accept: */*

Response DefaultHttpResponse(decodeResult: success, version: HTTP/1.1)
HTTP/1.1 200 OK
Content-Type: application/json; charset=utf-8
cache-control: no-cache
content-length: 88

20:37:53.218 [AsyncHttpClient-1-10] DEBUG org.asynchttpclient.netty.channel.ChannelManager - Adding key: http://localhost:52006 for channel [id: 0x3758e5ba, L:/127.0.0.1:49674 - R:localhost/127.0.0.1:52006]
20:37:53.222 [Forwarding isElementDisplayed on session 92aad8d3fa37a748b8fc6d889e9f3b94 to remote] DEBUG org.asynchttpclient.netty.request.NettyRequestSender - Using pooled Channel '[id: 0x3758e5ba, L:/127.0.0.1:49674 - R:localhost/127.0.0.1:52006]' for 'POST' to 'http://localhost:52006/session/92aad8d3fa37a748b8fc6d889e9f3b94/execute/sync'
20:37:53.223 [Forwarding isElementDisplayed on session 92aad8d3fa37a748b8fc6d889e9f3b94 to remote] DEBUG org.asynchttpclient.netty.request.NettyRequestSender - Using open Channel [id: 0x3758e5ba, L:/127.0.0.1:49674 - R:localhost/127.0.0.1:52006] for POST '/session/92aad8d3fa37a748b8fc6d889e9f3b94/execute/sync'
20:37:53.236 [AsyncHttpClient-1-10] DEBUG org.asynchttpclient.netty.handler.HttpHandler - 

Request DefaultHttpRequest(decodeResult: success, version: HTTP/1.1)
POST /session/92aad8d3fa37a748b8fc6d889e9f3b94/execute/sync HTTP/1.1
User-Agent: selenium/4.1.2 (java windows)
Content-Length: 48780
Content-Type: application/json; charset=utf-8
host: localhost:52006
accept: */*

Response DefaultHttpResponse(decodeResult: success, version: HTTP/1.1)
HTTP/1.1 200 OK
Content-Type: application/json; charset=utf-8
cache-control: no-cache
content-length: 14

20:37:53.236 [AsyncHttpClient-1-10] DEBUG org.asynchttpclient.netty.channel.ChannelManager - Adding key: http://localhost:52006 for channel [id: 0x3758e5ba, L:/127.0.0.1:49674 - R:localhost/127.0.0.1:52006]
  &amp#27;[32mThen &amp#27;[0m&amp#27;[32mI get &amp#27;[0m&amp#27;[32m&amp#27;[1m"error"&amp#27;[0m&amp#27;[32m as result&amp#27;[0m                     &amp#27;[90m# starter.stepdefinitions.LogInOutSteps.iGetResult(java.lang.String)&amp#27;[0m
20:37:53.239 [Forwarding screenshot on session 92aad8d3fa37a748b8fc6d889e9f3b94 to remote] DEBUG org.asynchttpclient.netty.request.NettyRequestSender - Using pooled Channel '[id: 0x3758e5ba, L:/127.0.0.1:49674 - R:localhost/127.0.0.1:52006]' for 'GET' to 'http://localhost:52006/session/92aad8d3fa37a748b8fc6d889e9f3b94/screenshot'
20:37:53.240 [Forwarding screenshot on session 92aad8d3fa37a748b8fc6d889e9f3b94 to remote] DEBUG org.asynchttpclient.netty.request.NettyRequestSender - Using open Channel [id: 0x3758e5ba, L:/127.0.0.1:49674 - R:localhost/127.0.0.1:52006] for GET '/session/92aad8d3fa37a748b8fc6d889e9f3b94/screenshot'
20:37:53.450 [AsyncHttpClient-1-10] DEBUG org.asynchttpclient.netty.handler.HttpHandler - 

Request DefaultFullHttpRequest(decodeResult: success, version: HTTP/1.1, content: EmptyByteBufBE)
GET /session/92aad8d3fa37a748b8fc6d889e9f3b94/screenshot HTTP/1.1
User-Agent: selenium/4.1.2 (java windows)
Cache-Control: no-cache
Content-Type: application/json; charset=utf-8
host: localhost:52006
accept: */*

Response DefaultHttpResponse(decodeResult: success, version: HTTP/1.1)
HTTP/1.1 200 OK
Content-Type: application/json; charset=utf-8
cache-control: no-cache
content-length: 53320

20:37:53.450 [AsyncHttpClient-1-10] DEBUG org.asynchttpclient.netty.channel.ChannelManager - Adding key: http://localhost:52006 for channel [id: 0x3758e5ba, L:/127.0.0.1:49674 - R:localhost/127.0.0.1:52006]
20:37:53.452 [main] DEBUG net.serenitybdd.core.photography.Darkroom - Send negative for processing for target\site\serenity\71a1f6732c8eead6b089c9bf6c46ab8e8c32af10a59c910931476f87faa386ee.png
20:37:53.452 [Darkroom Processing Line] DEBUG net.serenitybdd.core.photography.DarkroomProcessingLine - Processing screenshot image in /var/screenshots/screenshot-6522025885231988413
20:37:53.452 [Darkroom Processing Line] DEBUG net.serenitybdd.core.photography.DarkroomProcessingLine - Saving screenshot to target\site\serenity\71a1f6732c8eead6b089c9bf6c46ab8e8c32af10a59c910931476f87faa386ee.png
20:37:53.457 [AsyncHttpClient-1-12] DEBUG org.asynchttpclient.netty.handler.WebSocketHandler - Channel Closed: [id: 0xa35e2569, L:/127.0.0.1:49683 ! R:localhost/127.0.0.1:49675] with attribute NettyResponseFuture{currentRetry=5,
	isDone=1,
	isCancelled=0,
	asyncHandler=org.asynchttpclient.ws.WebSocketUpgradeHandler@644c3a53,
	nettyRequest=org.asynchttpclient.netty.request.NettyRequest@19bd0fba,
	future=java.util.concurrent.CompletableFuture@1cc4eca0[Completed normally],
	uri=ws://localhost:49675/devtools/browser/e253c182-e4fb-460e-b61e-bc31c6fe59c3,
	keepAlive=true,
	redirectCount=0,
	timeoutsHolder=null,
	inAuth=0,
	touch=1667223470160}
20:37:53.457 [AsyncHttpClient-1-12] DEBUG org.asynchttpclient.netty.channel.ChannelManager - Closing Channel [id: 0xa35e2569, L:/127.0.0.1:49683 ! R:localhost/127.0.0.1:49675] 
20:37:53.457 [Driver Command Executor] DEBUG org.asynchttpclient.netty.request.NettyRequestSender - Using pooled Channel '[id: 0x3758e5ba, L:/127.0.0.1:49674 - R:localhost/127.0.0.1:52006]' for 'DELETE' to 'http://localhost:52006/session/92aad8d3fa37a748b8fc6d889e9f3b94'
20:37:53.457 [Driver Command Executor] DEBUG org.asynchttpclient.netty.request.NettyRequestSender - Using open Channel [id: 0x3758e5ba, L:/127.0.0.1:49674 - R:localhost/127.0.0.1:52006] for DELETE '/session/92aad8d3fa37a748b8fc6d889e9f3b94'
20:37:53.483 [AsyncHttpClient-1-1] DEBUG org.asynchttpclient.netty.channel.DefaultChannelPool - Entry count for : http://localhost:49675 : 1
20:37:53.491 [AsyncHttpClient-1-11] DEBUG org.asynchttpclient.netty.handler.HttpHandler - Unexpected I/O exception on channel [id: 0x0326e2fc, L:/127.0.0.1:49682 - R:localhost/127.0.0.1:49675]
java.net.SocketException: Connection reset
	at java.base/sun.nio.ch.SocketChannelImpl.throwConnectionReset(SocketChannelImpl.java:345)
	at java.base/sun.nio.ch.SocketChannelImpl.read(SocketChannelImpl.java:376)
	at io.netty.buffer.PooledByteBuf.setBytes(PooledByteBuf.java:258)
	at io.netty.buffer.AbstractByteBuf.writeBytes(AbstractByteBuf.java:1132)
	at io.netty.channel.socket.nio.NioSocketChannel.doReadBytes(NioSocketChannel.java:350)
	at io.netty.channel.nio.AbstractNioByteChannel$NioByteUnsafe.read(AbstractNioByteChannel.java:151)
	at io.netty.channel.nio.NioEventLoop.processSelectedKey(NioEventLoop.java:722)
	at io.netty.channel.nio.NioEventLoop.processSelectedKeysOptimized(NioEventLoop.java:658)
	at io.netty.channel.nio.NioEventLoop.processSelectedKeys(NioEventLoop.java:584)
	at io.netty.channel.nio.NioEventLoop.run(NioEventLoop.java:496)
	at io.netty.util.concurrent.SingleThreadEventExecutor$4.run(SingleThreadEventExecutor.java:986)
	at io.netty.util.internal.ThreadExecutorMap$2.run(ThreadExecutorMap.java:74)
	at io.netty.util.concurrent.FastThreadLocalRunnable.run(FastThreadLocalRunnable.java:30)
	at java.base/java.lang.Thread.run(Thread.java:830)
20:37:53.491 [AsyncHttpClient-1-11] DEBUG org.asynchttpclient.netty.channel.ChannelManager - Closing Channel [id: 0x0326e2fc, L:/127.0.0.1:49682 - R:localhost/127.0.0.1:49675] 
20:37:53.491 [AsyncHttpClient-1-11] DEBUG org.asynchttpclient.netty.handler.HttpHandler - Channel Closed: [id: 0x0326e2fc, L:/127.0.0.1:49682 ! R:localhost/127.0.0.1:49675] with attribute DISCARD
20:37:53.514 [AsyncHttpClient-1-10] DEBUG org.asynchttpclient.netty.handler.HttpHandler - 

Request DefaultFullHttpRequest(decodeResult: success, version: HTTP/1.1, content: EmptyByteBufBE)
DELETE /session/92aad8d3fa37a748b8fc6d889e9f3b94 HTTP/1.1
User-Agent: selenium/4.1.2 (java windows)
Content-Type: application/json; charset=utf-8
host: localhost:52006
accept: */*

Response DefaultHttpResponse(decodeResult: success, version: HTTP/1.1)
HTTP/1.1 200 OK
Content-Type: application/json; charset=utf-8
cache-control: no-cache
content-length: 14

20:37:53.514 [AsyncHttpClient-1-10] DEBUG org.asynchttpclient.netty.channel.ChannelManager - Adding key: http://localhost:52006 for channel [id: 0x3758e5ba, L:/127.0.0.1:49674 - R:localhost/127.0.0.1:52006]
20:37:53.551 [AsyncHttpClient-1-10] DEBUG org.asynchttpclient.netty.handler.HttpHandler - Channel Closed: [id: 0x3758e5ba, L:/127.0.0.1:49674 ! R:localhost/127.0.0.1:52006] with attribute DISCARD
]]></system-out>
    <system-err><![CDATA[Starting ChromeDriver 106.0.5249.61 (511755355844955cd3e264779baf0dd38212a4d0-refs/branch-heads/5249@{#569}) on port 52006
Only local connections are allowed.
Please see https://chromedriver.chromium.org/security-considerations for suggestions on keeping ChromeDriver safe.
ChromeDriver was started successfully.
[1667223469.954][WARNING]: This version of ChromeDriver has not been tested with Chrome version 107.
Oct 31, 2022 8:37:50 PM org.openqa.selenium.remote.ProtocolHandshake createSession
INFO: Detected dialect: W3C
Oct 31, 2022 8:37:50 PM org.openqa.selenium.devtools.CdpVersionFinder findNearestMatch
WARNING: Unable to find an exact match for CDP version 107, so returning the closest version found: a no-op implementation
Oct 31, 2022 8:37:50 PM org.openqa.selenium.devtools.CdpVersionFinder findNearestMatch
INFO: Unable to find CDP implementation matching 107.
Oct 31, 2022 8:37:50 PM org.openqa.selenium.chromium.ChromiumDriver lambda$new$3
WARNING: Unable to find version of CDP to use for . You may need to include a dependency on a specific version of the CDP using something similar to `org.seleniumhq.selenium:selenium-devtools-v86:4.1.2` where the version ("v86") matches the version of the chromium-based browser you're using and the version number of the artifact is the same as Selenium's.
]]></system-err>
  </testcase>
  <testcase name="Login with username and password #4" classname="Login" time="5.825">
    <system-out><![CDATA[
Scenario Outline: Login with username and password &amp#27;[90m# src/test/resources/features/Login.feature:22&amp#27;[0m
20:37:54.103 [main] INFO io.cucumber.core.plugin.SerenityReporter - Running feature from file:///C:/Users/ASUS/Desktop/stupen/miniproject/Web/ASWeb/src/test/resources/features/Login.feature
20:37:54.113 [main] INFO net.serenitybdd.core.webdriver.driverproviders.ChromeDriverProvider - Using automatically driver download
20:37:54.210 [main] DEBUG io.github.bonigarcia.wdm.cache.ResolutionCache - Resolution chrome=107 in cache (valid until 21:37:26 31/10/2022 WIB)
20:37:54.213 [main] DEBUG io.github.bonigarcia.wdm.cache.ResolutionCache - Resolution chrome107=107.0.5304.62 in cache (valid until 19:37:19 01/11/2022 WIB)
20:37:54.220 [main] INFO io.github.bonigarcia.wdm.WebDriverManager - Using chromedriver 107.0.5304.62 (resolved driver for Chrome 107)
20:37:54.234 [main] DEBUG io.github.bonigarcia.wdm.WebDriverManager - Driver chromedriver 107.0.5304.62 found in cache
20:37:54.235 [main] INFO io.github.bonigarcia.wdm.WebDriverManager - Exporting webdriver.chrome.driver as C:\Users\ASUS\.cache\selenium\chromedriver\win32\107.0.5304.62\chromedriver.exe
20:37:54.377 [main] DEBUG net.serenitybdd.core.webdriver.driverproviders.ProvideNewDriver - Instantiating driver
20:37:54.377 [main] DEBUG net.serenitybdd.core.webdriver.driverproviders.ProvideNewDriver - Driver capabilities: Capabilities {acceptInsecureCerts: false, base.url: https://alta-shop.vercel.app/, browserName: chrome, chrome.driver: src/test/resources/webdrive..., driver: chrome, goog:chromeOptions: {args: [], extensions: []}, wait.for.timeout: 10000}
20:37:54.580 [AsyncHttpClient-1-1] DEBUG org.asynchttpclient.netty.channel.DefaultChannelPool - Entry count for : http://localhost:49675 : 1
20:37:54.580 [AsyncHttpClient-1-1] DEBUG org.asynchttpclient.netty.channel.DefaultChannelPool - Entry count for : http://localhost:52006 : 1
20:37:54.580 [AsyncHttpClient-1-1] DEBUG org.asynchttpclient.netty.channel.DefaultChannelPool - Adding Candidate expired Channel [id: 0x0326e2fc, L:/127.0.0.1:49682 ! R:localhost/127.0.0.1:49675] isIdleTimeoutExpired=false isRemotelyClosed=true isTtlExpired=false
20:37:54.580 [AsyncHttpClient-1-1] DEBUG org.asynchttpclient.netty.channel.DefaultChannelPool - Closing Idle Channel [id: 0x0326e2fc, L:/127.0.0.1:49682 ! R:localhost/127.0.0.1:49675]
20:37:54.580 [AsyncHttpClient-1-1] DEBUG org.asynchttpclient.netty.channel.DefaultChannelPool - Adding Candidate expired Channel [id: 0x3758e5ba, L:/127.0.0.1:49674 ! R:localhost/127.0.0.1:52006] isIdleTimeoutExpired=false isRemotelyClosed=true isTtlExpired=false
20:37:54.580 [AsyncHttpClient-1-1] DEBUG org.asynchttpclient.netty.channel.DefaultChannelPool - Closing Idle Channel [id: 0x3758e5ba, L:/127.0.0.1:49674 ! R:localhost/127.0.0.1:52006]
20:37:54.580 [AsyncHttpClient-1-1] DEBUG org.asynchttpclient.netty.channel.DefaultChannelPool - Closed 2 connections out of 2 in 0 ms
20:37:54.929 [AsyncHttpClient-1-13] DEBUG org.asynchttpclient.netty.channel.NettyConnectListener - Using new Channel '[id: 0x5200dad2, L:/127.0.0.1:49703 - R:localhost/127.0.0.1:64181]' for 'POST' to '/session'
20:37:55.704 [AsyncHttpClient-1-13] DEBUG org.asynchttpclient.netty.handler.HttpHandler - 

Request DefaultHttpRequest(decodeResult: success, version: HTTP/1.1)
POST /session HTTP/1.1
User-Agent: selenium/4.1.2 (java windows)
Content-Length: 646
Content-Type: application/json; charset=utf-8
host: localhost:64181
accept: */*

Response DefaultHttpResponse(decodeResult: success, version: HTTP/1.1)
HTTP/1.1 200 OK
Content-Type: application/json; charset=utf-8
cache-control: no-cache
content-length: 789

20:37:55.704 [AsyncHttpClient-1-13] DEBUG org.asynchttpclient.netty.channel.ChannelManager - Adding key: http://localhost:64181 for channel [id: 0x5200dad2, L:/127.0.0.1:49703 - R:localhost/127.0.0.1:64181]
20:37:55.720 [AsyncHttpClient-1-14] DEBUG org.asynchttpclient.netty.channel.NettyConnectListener - Using new Channel '[id: 0xfadea81c, L:/127.0.0.1:49711 - R:localhost/127.0.0.1:49704]' for 'GET' to '/json/version'
20:37:55.721 [AsyncHttpClient-1-14] DEBUG org.asynchttpclient.netty.handler.HttpHandler - 

Request DefaultFullHttpRequest(decodeResult: success, version: HTTP/1.1, content: EmptyByteBufBE)
GET /json/version HTTP/1.1
User-Agent: selenium/4.1.2 (java windows)
host: localhost:49704
accept: */*

Response DefaultHttpResponse(decodeResult: success, version: HTTP/1.1)
HTTP/1.1 200 OK
Content-Type: application/json; charset=UTF-8
content-length: 423

20:37:55.721 [AsyncHttpClient-1-14] DEBUG org.asynchttpclient.netty.channel.ChannelManager - Adding key: http://localhost:49704 for channel [id: 0xfadea81c, L:/127.0.0.1:49711 - R:localhost/127.0.0.1:49704]
20:37:55.724 [AsyncHttpClient-1-15] DEBUG org.asynchttpclient.netty.channel.NettyConnectListener - Using new Channel '[id: 0x2fc43b6b, L:/127.0.0.1:49712 - R:localhost/127.0.0.1:49704]' for 'GET' to '/devtools/browser/36946d60-0186-4967-b7d5-2776ac654a5d'
20:37:55.725 [AsyncHttpClient-1-15] DEBUG org.asynchttpclient.netty.handler.WebSocketHandler - 

Request DefaultFullHttpRequest(decodeResult: success, version: HTTP/1.1, content: EmptyByteBufBE)
GET /devtools/browser/36946d60-0186-4967-b7d5-2776ac654a5d HTTP/1.1
upgrade: websocket
connection: upgrade
sec-websocket-key: ILu7xGGv5ZsfrZfLGcIiAg==
sec-websocket-version: 13
origin: http://localhost:49704
host: localhost:49704
accept: */*
user-agent: AHC/2.1

Response DefaultHttpResponse(decodeResult: success, version: HTTP/1.1)
HTTP/1.1 101 WebSocket Protocol Handshake
Upgrade: WebSocket
Connection: Upgrade
Sec-WebSocket-Accept: gy3OzybIzpMJr8eencfl/B843jA=

20:37:55.730 [Forwarding get on session 774ac65aa1cf21fc64cbf4c6eb5bf421 to remote] DEBUG org.asynchttpclient.netty.request.NettyRequestSender - Using pooled Channel '[id: 0x5200dad2, L:/127.0.0.1:49703 - R:localhost/127.0.0.1:64181]' for 'POST' to 'http://localhost:64181/session/774ac65aa1cf21fc64cbf4c6eb5bf421/url'
20:37:55.731 [Forwarding get on session 774ac65aa1cf21fc64cbf4c6eb5bf421 to remote] DEBUG org.asynchttpclient.netty.request.NettyRequestSender - Using open Channel [id: 0x5200dad2, L:/127.0.0.1:49703 - R:localhost/127.0.0.1:64181] for POST '/session/774ac65aa1cf21fc64cbf4c6eb5bf421/url'
20:37:56.552 [AsyncHttpClient-1-13] DEBUG org.asynchttpclient.netty.handler.HttpHandler - 

Request DefaultHttpRequest(decodeResult: success, version: HTTP/1.1)
POST /session/774ac65aa1cf21fc64cbf4c6eb5bf421/url HTTP/1.1
User-Agent: selenium/4.1.2 (java windows)
Content-Length: 74
Content-Type: application/json; charset=utf-8
host: localhost:64181
accept: */*

Response DefaultHttpResponse(decodeResult: success, version: HTTP/1.1)
HTTP/1.1 200 OK
Content-Type: application/json; charset=utf-8
cache-control: no-cache
content-length: 14

20:37:56.552 [AsyncHttpClient-1-13] DEBUG org.asynchttpclient.netty.channel.ChannelManager - Adding key: http://localhost:64181 for channel [id: 0x5200dad2, L:/127.0.0.1:49703 - R:localhost/127.0.0.1:64181]
20:37:56.553 [Forwarding setTimeout on session 774ac65aa1cf21fc64cbf4c6eb5bf421 to remote] DEBUG org.asynchttpclient.netty.request.NettyRequestSender - Using pooled Channel '[id: 0x5200dad2, L:/127.0.0.1:49703 - R:localhost/127.0.0.1:64181]' for 'POST' to 'http://localhost:64181/session/774ac65aa1cf21fc64cbf4c6eb5bf421/timeouts'
20:37:56.553 [Forwarding setTimeout on session 774ac65aa1cf21fc64cbf4c6eb5bf421 to remote] DEBUG org.asynchttpclient.netty.request.NettyRequestSender - Using open Channel [id: 0x5200dad2, L:/127.0.0.1:49703 - R:localhost/127.0.0.1:64181] for POST '/session/774ac65aa1cf21fc64cbf4c6eb5bf421/timeouts'
20:37:56.554 [AsyncHttpClient-1-13] DEBUG org.asynchttpclient.netty.handler.HttpHandler - 

Request DefaultHttpRequest(decodeResult: success, version: HTTP/1.1)
POST /session/774ac65aa1cf21fc64cbf4c6eb5bf421/timeouts HTTP/1.1
User-Agent: selenium/4.1.2 (java windows)
Content-Length: 22
Content-Type: application/json; charset=utf-8
host: localhost:64181
accept: */*

Response DefaultHttpResponse(decodeResult: success, version: HTTP/1.1)
HTTP/1.1 200 OK
Content-Type: application/json; charset=utf-8
cache-control: no-cache
content-length: 14

20:37:56.554 [AsyncHttpClient-1-13] DEBUG org.asynchttpclient.netty.channel.ChannelManager - Adding key: http://localhost:64181 for channel [id: 0x5200dad2, L:/127.0.0.1:49703 - R:localhost/127.0.0.1:64181]
20:37:56.557 [Forwarding getCurrentUrl on session 774ac65aa1cf21fc64cbf4c6eb5bf421 to remote] DEBUG org.asynchttpclient.netty.request.NettyRequestSender - Using pooled Channel '[id: 0x5200dad2, L:/127.0.0.1:49703 - R:localhost/127.0.0.1:64181]' for 'GET' to 'http://localhost:64181/session/774ac65aa1cf21fc64cbf4c6eb5bf421/url'
20:37:56.557 [Forwarding getCurrentUrl on session 774ac65aa1cf21fc64cbf4c6eb5bf421 to remote] DEBUG org.asynchttpclient.netty.request.NettyRequestSender - Using open Channel [id: 0x5200dad2, L:/127.0.0.1:49703 - R:localhost/127.0.0.1:64181] for GET '/session/774ac65aa1cf21fc64cbf4c6eb5bf421/url'
20:37:56.563 [AsyncHttpClient-1-13] DEBUG org.asynchttpclient.netty.handler.HttpHandler - 

Request DefaultFullHttpRequest(decodeResult: success, version: HTTP/1.1, content: EmptyByteBufBE)
GET /session/774ac65aa1cf21fc64cbf4c6eb5bf421/url HTTP/1.1
User-Agent: selenium/4.1.2 (java windows)
Cache-Control: no-cache
Content-Type: application/json; charset=utf-8
host: localhost:64181
accept: */*

Response DefaultHttpResponse(decodeResult: success, version: HTTP/1.1)
HTTP/1.1 200 OK
Content-Type: application/json; charset=utf-8
cache-control: no-cache
content-length: 51

20:37:56.563 [AsyncHttpClient-1-13] DEBUG org.asynchttpclient.netty.channel.ChannelManager - Adding key: http://localhost:64181 for channel [id: 0x5200dad2, L:/127.0.0.1:49703 - R:localhost/127.0.0.1:64181]
  &amp#27;[32mGiven &amp#27;[0m&amp#27;[32mI am in login page&amp#27;[0m                         &amp#27;[90m# starter.stepdefinitions.LogInOutSteps.iAmInLoginPage()&amp#27;[0m
20:37:56.568 [Forwarding screenshot on session 774ac65aa1cf21fc64cbf4c6eb5bf421 to remote] DEBUG org.asynchttpclient.netty.request.NettyRequestSender - Using pooled Channel '[id: 0x5200dad2, L:/127.0.0.1:49703 - R:localhost/127.0.0.1:64181]' for 'GET' to 'http://localhost:64181/session/774ac65aa1cf21fc64cbf4c6eb5bf421/screenshot'
20:37:56.568 [Forwarding screenshot on session 774ac65aa1cf21fc64cbf4c6eb5bf421 to remote] DEBUG org.asynchttpclient.netty.request.NettyRequestSender - Using open Channel [id: 0x5200dad2, L:/127.0.0.1:49703 - R:localhost/127.0.0.1:64181] for GET '/session/774ac65aa1cf21fc64cbf4c6eb5bf421/screenshot'
20:37:56.784 [AsyncHttpClient-1-1] DEBUG org.asynchttpclient.netty.channel.DefaultChannelPool - Entry count for : http://localhost:49704 : 1
20:37:56.991 [AsyncHttpClient-1-13] DEBUG org.asynchttpclient.netty.handler.HttpHandler - 

Request DefaultFullHttpRequest(decodeResult: success, version: HTTP/1.1, content: EmptyByteBufBE)
GET /session/774ac65aa1cf21fc64cbf4c6eb5bf421/screenshot HTTP/1.1
User-Agent: selenium/4.1.2 (java windows)
Cache-Control: no-cache
Content-Type: application/json; charset=utf-8
host: localhost:64181
accept: */*

Response DefaultHttpResponse(decodeResult: success, version: HTTP/1.1)
HTTP/1.1 200 OK
Content-Type: application/json; charset=utf-8
cache-control: no-cache
content-length: 38472

20:37:56.992 [AsyncHttpClient-1-13] DEBUG org.asynchttpclient.netty.channel.ChannelManager - Adding key: http://localhost:64181 for channel [id: 0x5200dad2, L:/127.0.0.1:49703 - R:localhost/127.0.0.1:64181]
20:37:56.993 [main] DEBUG net.serenitybdd.core.photography.Darkroom - Send negative for processing for target\site\serenity\6c2309ed56aeb278067cd6b3caf368b9f01e276e2bf175d46007f31c90d5af21.png
20:37:57.001 [Forwarding findElement on session 774ac65aa1cf21fc64cbf4c6eb5bf421 to remote] DEBUG org.asynchttpclient.netty.request.NettyRequestSender - Using pooled Channel '[id: 0x5200dad2, L:/127.0.0.1:49703 - R:localhost/127.0.0.1:64181]' for 'POST' to 'http://localhost:64181/session/774ac65aa1cf21fc64cbf4c6eb5bf421/element'
20:37:57.001 [Forwarding findElement on session 774ac65aa1cf21fc64cbf4c6eb5bf421 to remote] DEBUG org.asynchttpclient.netty.request.NettyRequestSender - Using open Channel [id: 0x5200dad2, L:/127.0.0.1:49703 - R:localhost/127.0.0.1:64181] for POST '/session/774ac65aa1cf21fc64cbf4c6eb5bf421/element'
20:37:57.011 [AsyncHttpClient-1-13] DEBUG org.asynchttpclient.netty.handler.HttpHandler - 

Request DefaultHttpRequest(decodeResult: success, version: HTTP/1.1)
POST /session/774ac65aa1cf21fc64cbf4c6eb5bf421/element HTTP/1.1
User-Agent: selenium/4.1.2 (java windows)
Content-Length: 87
Content-Type: application/json; charset=utf-8
host: localhost:64181
accept: */*

Response DefaultHttpResponse(decodeResult: success, version: HTTP/1.1)
HTTP/1.1 200 OK
Content-Type: application/json; charset=utf-8
cache-control: no-cache
content-length: 88

20:37:57.011 [AsyncHttpClient-1-13] DEBUG org.asynchttpclient.netty.channel.ChannelManager - Adding key: http://localhost:64181 for channel [id: 0x5200dad2, L:/127.0.0.1:49703 - R:localhost/127.0.0.1:64181]
20:37:57.012 [Forwarding clearElement on session 774ac65aa1cf21fc64cbf4c6eb5bf421 to remote] DEBUG org.asynchttpclient.netty.request.NettyRequestSender - Using pooled Channel '[id: 0x5200dad2, L:/127.0.0.1:49703 - R:localhost/127.0.0.1:64181]' for 'POST' to 'http://localhost:64181/session/774ac65aa1cf21fc64cbf4c6eb5bf421/element/feec4edb-f648-4212-ad6e-3ddac3133f18/clear'
20:37:57.012 [Forwarding clearElement on session 774ac65aa1cf21fc64cbf4c6eb5bf421 to remote] DEBUG org.asynchttpclient.netty.request.NettyRequestSender - Using open Channel [id: 0x5200dad2, L:/127.0.0.1:49703 - R:localhost/127.0.0.1:64181] for POST '/session/774ac65aa1cf21fc64cbf4c6eb5bf421/element/feec4edb-f648-4212-ad6e-3ddac3133f18/clear'
20:37:57.041 [AsyncHttpClient-1-13] DEBUG org.asynchttpclient.netty.handler.HttpHandler - 

Request DefaultHttpRequest(decodeResult: success, version: HTTP/1.1)
POST /session/774ac65aa1cf21fc64cbf4c6eb5bf421/element/feec4edb-f648-4212-ad6e-3ddac3133f18/clear HTTP/1.1
User-Agent: selenium/4.1.2 (java windows)
Content-Length: 50
Content-Type: application/json; charset=utf-8
host: localhost:64181
accept: */*

Response DefaultHttpResponse(decodeResult: success, version: HTTP/1.1)
HTTP/1.1 200 OK
Content-Type: application/json; charset=utf-8
cache-control: no-cache
content-length: 14

20:37:57.041 [AsyncHttpClient-1-13] DEBUG org.asynchttpclient.netty.channel.ChannelManager - Adding key: http://localhost:64181 for channel [id: 0x5200dad2, L:/127.0.0.1:49703 - R:localhost/127.0.0.1:64181]
20:37:57.042 [Forwarding sendKeysToElement on session 774ac65aa1cf21fc64cbf4c6eb5bf421 to remote] DEBUG org.asynchttpclient.netty.request.NettyRequestSender - Using pooled Channel '[id: 0x5200dad2, L:/127.0.0.1:49703 - R:localhost/127.0.0.1:64181]' for 'POST' to 'http://localhost:64181/session/774ac65aa1cf21fc64cbf4c6eb5bf421/element/feec4edb-f648-4212-ad6e-3ddac3133f18/value'
20:37:57.042 [Forwarding sendKeysToElement on session 774ac65aa1cf21fc64cbf4c6eb5bf421 to remote] DEBUG org.asynchttpclient.netty.request.NettyRequestSender - Using open Channel [id: 0x5200dad2, L:/127.0.0.1:49703 - R:localhost/127.0.0.1:64181] for POST '/session/774ac65aa1cf21fc64cbf4c6eb5bf421/element/feec4edb-f648-4212-ad6e-3ddac3133f18/value'
20:37:57.078 [AsyncHttpClient-1-13] DEBUG org.asynchttpclient.netty.handler.HttpHandler - 

Request DefaultHttpRequest(decodeResult: success, version: HTTP/1.1)
POST /session/774ac65aa1cf21fc64cbf4c6eb5bf421/element/feec4edb-f648-4212-ad6e-3ddac3133f18/value HTTP/1.1
User-Agent: selenium/4.1.2 (java windows)
Content-Length: 82
Content-Type: application/json; charset=utf-8
host: localhost:64181
accept: */*

Response DefaultHttpResponse(decodeResult: success, version: HTTP/1.1)
HTTP/1.1 200 OK
Content-Type: application/json; charset=utf-8
cache-control: no-cache
content-length: 14

20:37:57.078 [AsyncHttpClient-1-13] DEBUG org.asynchttpclient.netty.channel.ChannelManager - Adding key: http://localhost:64181 for channel [id: 0x5200dad2, L:/127.0.0.1:49703 - R:localhost/127.0.0.1:64181]
  &amp#27;[32mWhen &amp#27;[0m&amp#27;[32mI input &amp#27;[0m&amp#27;[32m&amp#27;[1m""&amp#27;[0m&amp#27;[32m email&amp#27;[0m                            &amp#27;[90m# starter.stepdefinitions.LogInOutSteps.iInputEmailEmail(java.lang.String)&amp#27;[0m
20:37:57.086 [Forwarding screenshot on session 774ac65aa1cf21fc64cbf4c6eb5bf421 to remote] DEBUG org.asynchttpclient.netty.request.NettyRequestSender - Using pooled Channel '[id: 0x5200dad2, L:/127.0.0.1:49703 - R:localhost/127.0.0.1:64181]' for 'GET' to 'http://localhost:64181/session/774ac65aa1cf21fc64cbf4c6eb5bf421/screenshot'
20:37:57.086 [Forwarding screenshot on session 774ac65aa1cf21fc64cbf4c6eb5bf421 to remote] DEBUG org.asynchttpclient.netty.request.NettyRequestSender - Using open Channel [id: 0x5200dad2, L:/127.0.0.1:49703 - R:localhost/127.0.0.1:64181] for GET '/session/774ac65aa1cf21fc64cbf4c6eb5bf421/screenshot'
20:37:57.236 [AsyncHttpClient-1-13] DEBUG org.asynchttpclient.netty.handler.HttpHandler - 

Request DefaultFullHttpRequest(decodeResult: success, version: HTTP/1.1, content: EmptyByteBufBE)
GET /session/774ac65aa1cf21fc64cbf4c6eb5bf421/screenshot HTTP/1.1
User-Agent: selenium/4.1.2 (java windows)
Cache-Control: no-cache
Content-Type: application/json; charset=utf-8
host: localhost:64181
accept: */*

Response DefaultHttpResponse(decodeResult: success, version: HTTP/1.1)
HTTP/1.1 200 OK
Content-Type: application/json; charset=utf-8
cache-control: no-cache
content-length: 38800

20:37:57.236 [AsyncHttpClient-1-13] DEBUG org.asynchttpclient.netty.channel.ChannelManager - Adding key: http://localhost:64181 for channel [id: 0x5200dad2, L:/127.0.0.1:49703 - R:localhost/127.0.0.1:64181]
20:37:57.238 [main] DEBUG net.serenitybdd.core.photography.Darkroom - Send negative for processing for target\site\serenity\95086ee47669f217087a0de1f1e7bcf4cb3566176abe5c1e9bb65b2f1ab9fccb.png
20:37:57.238 [Darkroom Processing Line] DEBUG net.serenitybdd.core.photography.DarkroomProcessingLine - Processing screenshot image in /var/screenshots/screenshot-13657681127286186794
20:37:57.238 [Darkroom Processing Line] DEBUG net.serenitybdd.core.photography.DarkroomProcessingLine - Saving screenshot to target\site\serenity\95086ee47669f217087a0de1f1e7bcf4cb3566176abe5c1e9bb65b2f1ab9fccb.png
20:37:57.245 [Forwarding findElement on session 774ac65aa1cf21fc64cbf4c6eb5bf421 to remote] DEBUG org.asynchttpclient.netty.request.NettyRequestSender - Using pooled Channel '[id: 0x5200dad2, L:/127.0.0.1:49703 - R:localhost/127.0.0.1:64181]' for 'POST' to 'http://localhost:64181/session/774ac65aa1cf21fc64cbf4c6eb5bf421/element'
20:37:57.245 [Forwarding findElement on session 774ac65aa1cf21fc64cbf4c6eb5bf421 to remote] DEBUG org.asynchttpclient.netty.request.NettyRequestSender - Using open Channel [id: 0x5200dad2, L:/127.0.0.1:49703 - R:localhost/127.0.0.1:64181] for POST '/session/774ac65aa1cf21fc64cbf4c6eb5bf421/element'
20:37:57.254 [AsyncHttpClient-1-13] DEBUG org.asynchttpclient.netty.handler.HttpHandler - 

Request DefaultHttpRequest(decodeResult: success, version: HTTP/1.1)
POST /session/774ac65aa1cf21fc64cbf4c6eb5bf421/element HTTP/1.1
User-Agent: selenium/4.1.2 (java windows)
Content-Length: 90
Content-Type: application/json; charset=utf-8
host: localhost:64181
accept: */*

Response DefaultHttpResponse(decodeResult: success, version: HTTP/1.1)
HTTP/1.1 200 OK
Content-Type: application/json; charset=utf-8
cache-control: no-cache
content-length: 88

20:37:57.254 [AsyncHttpClient-1-13] DEBUG org.asynchttpclient.netty.channel.ChannelManager - Adding key: http://localhost:64181 for channel [id: 0x5200dad2, L:/127.0.0.1:49703 - R:localhost/127.0.0.1:64181]
20:37:57.255 [Forwarding clearElement on session 774ac65aa1cf21fc64cbf4c6eb5bf421 to remote] DEBUG org.asynchttpclient.netty.request.NettyRequestSender - Using pooled Channel '[id: 0x5200dad2, L:/127.0.0.1:49703 - R:localhost/127.0.0.1:64181]' for 'POST' to 'http://localhost:64181/session/774ac65aa1cf21fc64cbf4c6eb5bf421/element/4608807f-cee3-4d45-9fb1-59ca336b063d/clear'
20:37:57.255 [Forwarding clearElement on session 774ac65aa1cf21fc64cbf4c6eb5bf421 to remote] DEBUG org.asynchttpclient.netty.request.NettyRequestSender - Using open Channel [id: 0x5200dad2, L:/127.0.0.1:49703 - R:localhost/127.0.0.1:64181] for POST '/session/774ac65aa1cf21fc64cbf4c6eb5bf421/element/4608807f-cee3-4d45-9fb1-59ca336b063d/clear'
20:37:57.282 [AsyncHttpClient-1-13] DEBUG org.asynchttpclient.netty.handler.HttpHandler - 

Request DefaultHttpRequest(decodeResult: success, version: HTTP/1.1)
POST /session/774ac65aa1cf21fc64cbf4c6eb5bf421/element/4608807f-cee3-4d45-9fb1-59ca336b063d/clear HTTP/1.1
User-Agent: selenium/4.1.2 (java windows)
Content-Length: 50
Content-Type: application/json; charset=utf-8
host: localhost:64181
accept: */*

Response DefaultHttpResponse(decodeResult: success, version: HTTP/1.1)
HTTP/1.1 200 OK
Content-Type: application/json; charset=utf-8
cache-control: no-cache
content-length: 14

20:37:57.283 [AsyncHttpClient-1-13] DEBUG org.asynchttpclient.netty.channel.ChannelManager - Adding key: http://localhost:64181 for channel [id: 0x5200dad2, L:/127.0.0.1:49703 - R:localhost/127.0.0.1:64181]
20:37:57.284 [Forwarding sendKeysToElement on session 774ac65aa1cf21fc64cbf4c6eb5bf421 to remote] DEBUG org.asynchttpclient.netty.request.NettyRequestSender - Using pooled Channel '[id: 0x5200dad2, L:/127.0.0.1:49703 - R:localhost/127.0.0.1:64181]' for 'POST' to 'http://localhost:64181/session/774ac65aa1cf21fc64cbf4c6eb5bf421/element/4608807f-cee3-4d45-9fb1-59ca336b063d/value'
20:37:57.284 [Forwarding sendKeysToElement on session 774ac65aa1cf21fc64cbf4c6eb5bf421 to remote] DEBUG org.asynchttpclient.netty.request.NettyRequestSender - Using open Channel [id: 0x5200dad2, L:/127.0.0.1:49703 - R:localhost/127.0.0.1:64181] for POST '/session/774ac65aa1cf21fc64cbf4c6eb5bf421/element/4608807f-cee3-4d45-9fb1-59ca336b063d/value'
20:37:57.342 [AsyncHttpClient-1-13] DEBUG org.asynchttpclient.netty.handler.HttpHandler - 

Request DefaultHttpRequest(decodeResult: success, version: HTTP/1.1)
POST /session/774ac65aa1cf21fc64cbf4c6eb5bf421/element/4608807f-cee3-4d45-9fb1-59ca336b063d/value HTTP/1.1
User-Agent: selenium/4.1.2 (java windows)
Content-Length: 141
Content-Type: application/json; charset=utf-8
host: localhost:64181
accept: */*

Response DefaultHttpResponse(decodeResult: success, version: HTTP/1.1)
HTTP/1.1 200 OK
Content-Type: application/json; charset=utf-8
cache-control: no-cache
content-length: 14

20:37:57.342 [AsyncHttpClient-1-13] DEBUG org.asynchttpclient.netty.channel.ChannelManager - Adding key: http://localhost:64181 for channel [id: 0x5200dad2, L:/127.0.0.1:49703 - R:localhost/127.0.0.1:64181]
  &amp#27;[32mAnd &amp#27;[0m&amp#27;[32mI input &amp#27;[0m&amp#27;[32m&amp#27;[1m"nxxxae"&amp#27;[0m&amp#27;[32m password&amp#27;[0m                    &amp#27;[90m# starter.stepdefinitions.LogInOutSteps.iInputPasswordPassword(java.lang.String)&amp#27;[0m
20:37:57.348 [Forwarding screenshot on session 774ac65aa1cf21fc64cbf4c6eb5bf421 to remote] DEBUG org.asynchttpclient.netty.request.NettyRequestSender - Using pooled Channel '[id: 0x5200dad2, L:/127.0.0.1:49703 - R:localhost/127.0.0.1:64181]' for 'GET' to 'http://localhost:64181/session/774ac65aa1cf21fc64cbf4c6eb5bf421/screenshot'
20:37:57.348 [Forwarding screenshot on session 774ac65aa1cf21fc64cbf4c6eb5bf421 to remote] DEBUG org.asynchttpclient.netty.request.NettyRequestSender - Using open Channel [id: 0x5200dad2, L:/127.0.0.1:49703 - R:localhost/127.0.0.1:64181] for GET '/session/774ac65aa1cf21fc64cbf4c6eb5bf421/screenshot'
20:37:57.498 [AsyncHttpClient-1-13] DEBUG org.asynchttpclient.netty.handler.HttpHandler - 

Request DefaultFullHttpRequest(decodeResult: success, version: HTTP/1.1, content: EmptyByteBufBE)
GET /session/774ac65aa1cf21fc64cbf4c6eb5bf421/screenshot HTTP/1.1
User-Agent: selenium/4.1.2 (java windows)
Cache-Control: no-cache
Content-Type: application/json; charset=utf-8
host: localhost:64181
accept: */*

Response DefaultHttpResponse(decodeResult: success, version: HTTP/1.1)
HTTP/1.1 200 OK
Content-Type: application/json; charset=utf-8
cache-control: no-cache
content-length: 41804

20:37:57.499 [AsyncHttpClient-1-13] DEBUG org.asynchttpclient.netty.channel.ChannelManager - Adding key: http://localhost:64181 for channel [id: 0x5200dad2, L:/127.0.0.1:49703 - R:localhost/127.0.0.1:64181]
20:37:57.500 [main] DEBUG net.serenitybdd.core.photography.Darkroom - Send negative for processing for target\site\serenity\c376b641740820089d14c7ab1c1eef2a3505ffcd925b435b38eeabf08e94201c.png
20:37:57.501 [Darkroom Processing Line] DEBUG net.serenitybdd.core.photography.DarkroomProcessingLine - Processing screenshot image in /var/screenshots/screenshot-5404405016965415390
20:37:57.501 [Darkroom Processing Line] DEBUG net.serenitybdd.core.photography.DarkroomProcessingLine - Saving screenshot to target\site\serenity\c376b641740820089d14c7ab1c1eef2a3505ffcd925b435b38eeabf08e94201c.png
20:37:57.511 [Forwarding findElement on session 774ac65aa1cf21fc64cbf4c6eb5bf421 to remote] DEBUG org.asynchttpclient.netty.request.NettyRequestSender - Using pooled Channel '[id: 0x5200dad2, L:/127.0.0.1:49703 - R:localhost/127.0.0.1:64181]' for 'POST' to 'http://localhost:64181/session/774ac65aa1cf21fc64cbf4c6eb5bf421/element'
20:37:57.511 [Forwarding findElement on session 774ac65aa1cf21fc64cbf4c6eb5bf421 to remote] DEBUG org.asynchttpclient.netty.request.NettyRequestSender - Using open Channel [id: 0x5200dad2, L:/127.0.0.1:49703 - R:localhost/127.0.0.1:64181] for POST '/session/774ac65aa1cf21fc64cbf4c6eb5bf421/element'
20:37:57.523 [AsyncHttpClient-1-13] DEBUG org.asynchttpclient.netty.handler.HttpHandler - 

Request DefaultHttpRequest(decodeResult: success, version: HTTP/1.1)
POST /session/774ac65aa1cf21fc64cbf4c6eb5bf421/element HTTP/1.1
User-Agent: selenium/4.1.2 (java windows)
Content-Length: 81
Content-Type: application/json; charset=utf-8
host: localhost:64181
accept: */*

Response DefaultHttpResponse(decodeResult: success, version: HTTP/1.1)
HTTP/1.1 200 OK
Content-Type: application/json; charset=utf-8
cache-control: no-cache
content-length: 88

20:37:57.523 [AsyncHttpClient-1-13] DEBUG org.asynchttpclient.netty.channel.ChannelManager - Adding key: http://localhost:64181 for channel [id: 0x5200dad2, L:/127.0.0.1:49703 - R:localhost/127.0.0.1:64181]
20:37:57.524 [Forwarding getElementTagName on session 774ac65aa1cf21fc64cbf4c6eb5bf421 to remote] DEBUG org.asynchttpclient.netty.request.NettyRequestSender - Using pooled Channel '[id: 0x5200dad2, L:/127.0.0.1:49703 - R:localhost/127.0.0.1:64181]' for 'GET' to 'http://localhost:64181/session/774ac65aa1cf21fc64cbf4c6eb5bf421/element/307b4290-3178-4bdd-bfb0-cdf5412cd7a2/name'
20:37:57.524 [Forwarding getElementTagName on session 774ac65aa1cf21fc64cbf4c6eb5bf421 to remote] DEBUG org.asynchttpclient.netty.request.NettyRequestSender - Using open Channel [id: 0x5200dad2, L:/127.0.0.1:49703 - R:localhost/127.0.0.1:64181] for GET '/session/774ac65aa1cf21fc64cbf4c6eb5bf421/element/307b4290-3178-4bdd-bfb0-cdf5412cd7a2/name'
20:37:57.531 [AsyncHttpClient-1-13] DEBUG org.asynchttpclient.netty.handler.HttpHandler - 

Request DefaultFullHttpRequest(decodeResult: success, version: HTTP/1.1, content: EmptyByteBufBE)
GET /session/774ac65aa1cf21fc64cbf4c6eb5bf421/element/307b4290-3178-4bdd-bfb0-cdf5412cd7a2/name HTTP/1.1
User-Agent: selenium/4.1.2 (java windows)
Cache-Control: no-cache
Content-Type: application/json; charset=utf-8
host: localhost:64181
accept: */*

Response DefaultHttpResponse(decodeResult: success, version: HTTP/1.1)
HTTP/1.1 200 OK
Content-Type: application/json; charset=utf-8
cache-control: no-cache
content-length: 16

20:37:57.531 [AsyncHttpClient-1-13] DEBUG org.asynchttpclient.netty.channel.ChannelManager - Adding key: http://localhost:64181 for channel [id: 0x5200dad2, L:/127.0.0.1:49703 - R:localhost/127.0.0.1:64181]
20:37:57.532 [Forwarding getElementTagName on session 774ac65aa1cf21fc64cbf4c6eb5bf421 to remote] DEBUG org.asynchttpclient.netty.request.NettyRequestSender - Using pooled Channel '[id: 0x5200dad2, L:/127.0.0.1:49703 - R:localhost/127.0.0.1:64181]' for 'GET' to 'http://localhost:64181/session/774ac65aa1cf21fc64cbf4c6eb5bf421/element/307b4290-3178-4bdd-bfb0-cdf5412cd7a2/name'
20:37:57.533 [Forwarding getElementTagName on session 774ac65aa1cf21fc64cbf4c6eb5bf421 to remote] DEBUG org.asynchttpclient.netty.request.NettyRequestSender - Using open Channel [id: 0x5200dad2, L:/127.0.0.1:49703 - R:localhost/127.0.0.1:64181] for GET '/session/774ac65aa1cf21fc64cbf4c6eb5bf421/element/307b4290-3178-4bdd-bfb0-cdf5412cd7a2/name'
20:37:57.535 [AsyncHttpClient-1-13] DEBUG org.asynchttpclient.netty.handler.HttpHandler - 

Request DefaultFullHttpRequest(decodeResult: success, version: HTTP/1.1, content: EmptyByteBufBE)
GET /session/774ac65aa1cf21fc64cbf4c6eb5bf421/element/307b4290-3178-4bdd-bfb0-cdf5412cd7a2/name HTTP/1.1
User-Agent: selenium/4.1.2 (java windows)
Cache-Control: no-cache
Content-Type: application/json; charset=utf-8
host: localhost:64181
accept: */*

Response DefaultHttpResponse(decodeResult: success, version: HTTP/1.1)
HTTP/1.1 200 OK
Content-Type: application/json; charset=utf-8
cache-control: no-cache
content-length: 16

20:37:57.535 [AsyncHttpClient-1-13] DEBUG org.asynchttpclient.netty.channel.ChannelManager - Adding key: http://localhost:64181 for channel [id: 0x5200dad2, L:/127.0.0.1:49703 - R:localhost/127.0.0.1:64181]
20:37:57.537 [Forwarding findElement on session 774ac65aa1cf21fc64cbf4c6eb5bf421 to remote] DEBUG org.asynchttpclient.netty.request.NettyRequestSender - Using pooled Channel '[id: 0x5200dad2, L:/127.0.0.1:49703 - R:localhost/127.0.0.1:64181]' for 'POST' to 'http://localhost:64181/session/774ac65aa1cf21fc64cbf4c6eb5bf421/element'
20:37:57.537 [Forwarding findElement on session 774ac65aa1cf21fc64cbf4c6eb5bf421 to remote] DEBUG org.asynchttpclient.netty.request.NettyRequestSender - Using open Channel [id: 0x5200dad2, L:/127.0.0.1:49703 - R:localhost/127.0.0.1:64181] for POST '/session/774ac65aa1cf21fc64cbf4c6eb5bf421/element'
20:37:57.546 [AsyncHttpClient-1-13] DEBUG org.asynchttpclient.netty.handler.HttpHandler - 

Request DefaultHttpRequest(decodeResult: success, version: HTTP/1.1)
POST /session/774ac65aa1cf21fc64cbf4c6eb5bf421/element HTTP/1.1
User-Agent: selenium/4.1.2 (java windows)
Content-Length: 81
Content-Type: application/json; charset=utf-8
host: localhost:64181
accept: */*

Response DefaultHttpResponse(decodeResult: success, version: HTTP/1.1)
HTTP/1.1 200 OK
Content-Type: application/json; charset=utf-8
cache-control: no-cache
content-length: 88

20:37:57.546 [AsyncHttpClient-1-13] DEBUG org.asynchttpclient.netty.channel.ChannelManager - Adding key: http://localhost:64181 for channel [id: 0x5200dad2, L:/127.0.0.1:49703 - R:localhost/127.0.0.1:64181]
20:37:57.547 [Forwarding clickElement on session 774ac65aa1cf21fc64cbf4c6eb5bf421 to remote] DEBUG org.asynchttpclient.netty.request.NettyRequestSender - Using pooled Channel '[id: 0x5200dad2, L:/127.0.0.1:49703 - R:localhost/127.0.0.1:64181]' for 'POST' to 'http://localhost:64181/session/774ac65aa1cf21fc64cbf4c6eb5bf421/element/307b4290-3178-4bdd-bfb0-cdf5412cd7a2/click'
20:37:57.547 [Forwarding clickElement on session 774ac65aa1cf21fc64cbf4c6eb5bf421 to remote] DEBUG org.asynchttpclient.netty.request.NettyRequestSender - Using open Channel [id: 0x5200dad2, L:/127.0.0.1:49703 - R:localhost/127.0.0.1:64181] for POST '/session/774ac65aa1cf21fc64cbf4c6eb5bf421/element/307b4290-3178-4bdd-bfb0-cdf5412cd7a2/click'
20:37:57.605 [AsyncHttpClient-1-13] DEBUG org.asynchttpclient.netty.handler.HttpHandler - 

Request DefaultHttpRequest(decodeResult: success, version: HTTP/1.1)
POST /session/774ac65aa1cf21fc64cbf4c6eb5bf421/element/307b4290-3178-4bdd-bfb0-cdf5412cd7a2/click HTTP/1.1
User-Agent: selenium/4.1.2 (java windows)
Content-Length: 50
Content-Type: application/json; charset=utf-8
host: localhost:64181
accept: */*

Response DefaultHttpResponse(decodeResult: success, version: HTTP/1.1)
HTTP/1.1 200 OK
Content-Type: application/json; charset=utf-8
cache-control: no-cache
content-length: 14

20:37:57.605 [AsyncHttpClient-1-13] DEBUG org.asynchttpclient.netty.channel.ChannelManager - Adding key: http://localhost:64181 for channel [id: 0x5200dad2, L:/127.0.0.1:49703 - R:localhost/127.0.0.1:64181]
  &amp#27;[32mAnd &amp#27;[0m&amp#27;[32mI click login button&amp#27;[0m                         &amp#27;[90m# starter.stepdefinitions.LogInOutSteps.iClickLoginButton()&amp#27;[0m
20:37:57.615 [Forwarding screenshot on session 774ac65aa1cf21fc64cbf4c6eb5bf421 to remote] DEBUG org.asynchttpclient.netty.request.NettyRequestSender - Using pooled Channel '[id: 0x5200dad2, L:/127.0.0.1:49703 - R:localhost/127.0.0.1:64181]' for 'GET' to 'http://localhost:64181/session/774ac65aa1cf21fc64cbf4c6eb5bf421/screenshot'
20:37:57.615 [Forwarding screenshot on session 774ac65aa1cf21fc64cbf4c6eb5bf421 to remote] DEBUG org.asynchttpclient.netty.request.NettyRequestSender - Using open Channel [id: 0x5200dad2, L:/127.0.0.1:49703 - R:localhost/127.0.0.1:64181] for GET '/session/774ac65aa1cf21fc64cbf4c6eb5bf421/screenshot'
20:37:57.887 [AsyncHttpClient-1-1] DEBUG org.asynchttpclient.netty.channel.DefaultChannelPool - Entry count for : http://localhost:49704 : 1
20:37:57.919 [AsyncHttpClient-1-13] DEBUG org.asynchttpclient.netty.handler.HttpHandler - 

Request DefaultFullHttpRequest(decodeResult: success, version: HTTP/1.1, content: EmptyByteBufBE)
GET /session/774ac65aa1cf21fc64cbf4c6eb5bf421/screenshot HTTP/1.1
User-Agent: selenium/4.1.2 (java windows)
Cache-Control: no-cache
Content-Type: application/json; charset=utf-8
host: localhost:64181
accept: */*

Response DefaultHttpResponse(decodeResult: success, version: HTTP/1.1)
HTTP/1.1 200 OK
Content-Type: application/json; charset=utf-8
cache-control: no-cache
content-length: 39944

20:37:57.919 [AsyncHttpClient-1-13] DEBUG org.asynchttpclient.netty.channel.ChannelManager - Adding key: http://localhost:64181 for channel [id: 0x5200dad2, L:/127.0.0.1:49703 - R:localhost/127.0.0.1:64181]
20:37:57.921 [main] DEBUG net.serenitybdd.core.photography.Darkroom - Send negative for processing for target\site\serenity\45134f7b086fae2dae786a7a0c958c6fda1a356095be8d077de649ec99078a34.png
20:37:57.922 [Darkroom Processing Line] DEBUG net.serenitybdd.core.photography.DarkroomProcessingLine - Processing screenshot image in /var/screenshots/screenshot-8213585280433853071
20:37:57.922 [Darkroom Processing Line] DEBUG net.serenitybdd.core.photography.DarkroomProcessingLine - Saving screenshot to target\site\serenity\45134f7b086fae2dae786a7a0c958c6fda1a356095be8d077de649ec99078a34.png
20:37:57.934 [Forwarding findElement on session 774ac65aa1cf21fc64cbf4c6eb5bf421 to remote] DEBUG org.asynchttpclient.netty.request.NettyRequestSender - Using pooled Channel '[id: 0x5200dad2, L:/127.0.0.1:49703 - R:localhost/127.0.0.1:64181]' for 'POST' to 'http://localhost:64181/session/774ac65aa1cf21fc64cbf4c6eb5bf421/element'
20:37:57.934 [Forwarding findElement on session 774ac65aa1cf21fc64cbf4c6eb5bf421 to remote] DEBUG org.asynchttpclient.netty.request.NettyRequestSender - Using open Channel [id: 0x5200dad2, L:/127.0.0.1:49703 - R:localhost/127.0.0.1:64181] for POST '/session/774ac65aa1cf21fc64cbf4c6eb5bf421/element'
20:37:58.942 [AsyncHttpClient-1-13] DEBUG org.asynchttpclient.netty.handler.HttpHandler - 

Request DefaultHttpRequest(decodeResult: success, version: HTTP/1.1)
POST /session/774ac65aa1cf21fc64cbf4c6eb5bf421/element HTTP/1.1
User-Agent: selenium/4.1.2 (java windows)
Content-Length: 59
Content-Type: application/json; charset=utf-8
host: localhost:64181
accept: */*

Response DefaultHttpResponse(decodeResult: success, version: HTTP/1.1)
HTTP/1.1 200 OK
Content-Type: application/json; charset=utf-8
cache-control: no-cache
content-length: 88

20:37:58.942 [AsyncHttpClient-1-13] DEBUG org.asynchttpclient.netty.channel.ChannelManager - Adding key: http://localhost:64181 for channel [id: 0x5200dad2, L:/127.0.0.1:49703 - R:localhost/127.0.0.1:64181]
20:37:58.948 [Forwarding isElementDisplayed on session 774ac65aa1cf21fc64cbf4c6eb5bf421 to remote] DEBUG org.asynchttpclient.netty.request.NettyRequestSender - Using pooled Channel '[id: 0x5200dad2, L:/127.0.0.1:49703 - R:localhost/127.0.0.1:64181]' for 'POST' to 'http://localhost:64181/session/774ac65aa1cf21fc64cbf4c6eb5bf421/execute/sync'
20:37:58.948 [Forwarding isElementDisplayed on session 774ac65aa1cf21fc64cbf4c6eb5bf421 to remote] DEBUG org.asynchttpclient.netty.request.NettyRequestSender - Using open Channel [id: 0x5200dad2, L:/127.0.0.1:49703 - R:localhost/127.0.0.1:64181] for POST '/session/774ac65aa1cf21fc64cbf4c6eb5bf421/execute/sync'
20:37:58.963 [AsyncHttpClient-1-13] DEBUG org.asynchttpclient.netty.handler.HttpHandler - 

Request DefaultHttpRequest(decodeResult: success, version: HTTP/1.1)
POST /session/774ac65aa1cf21fc64cbf4c6eb5bf421/execute/sync HTTP/1.1
User-Agent: selenium/4.1.2 (java windows)
Content-Length: 48780
Content-Type: application/json; charset=utf-8
host: localhost:64181
accept: */*

Response DefaultHttpResponse(decodeResult: success, version: HTTP/1.1)
HTTP/1.1 200 OK
Content-Type: application/json; charset=utf-8
cache-control: no-cache
content-length: 14

20:37:58.963 [AsyncHttpClient-1-13] DEBUG org.asynchttpclient.netty.channel.ChannelManager - Adding key: http://localhost:64181 for channel [id: 0x5200dad2, L:/127.0.0.1:49703 - R:localhost/127.0.0.1:64181]
20:37:58.965 [Forwarding findElement on session 774ac65aa1cf21fc64cbf4c6eb5bf421 to remote] DEBUG org.asynchttpclient.netty.request.NettyRequestSender - Using pooled Channel '[id: 0x5200dad2, L:/127.0.0.1:49703 - R:localhost/127.0.0.1:64181]' for 'POST' to 'http://localhost:64181/session/774ac65aa1cf21fc64cbf4c6eb5bf421/element'
20:37:58.965 [Forwarding findElement on session 774ac65aa1cf21fc64cbf4c6eb5bf421 to remote] DEBUG org.asynchttpclient.netty.request.NettyRequestSender - Using open Channel [id: 0x5200dad2, L:/127.0.0.1:49703 - R:localhost/127.0.0.1:64181] for POST '/session/774ac65aa1cf21fc64cbf4c6eb5bf421/element'
20:37:58.972 [AsyncHttpClient-1-13] DEBUG org.asynchttpclient.netty.handler.HttpHandler - 

Request DefaultHttpRequest(decodeResult: success, version: HTTP/1.1)
POST /session/774ac65aa1cf21fc64cbf4c6eb5bf421/element HTTP/1.1
User-Agent: selenium/4.1.2 (java windows)
Content-Length: 59
Content-Type: application/json; charset=utf-8
host: localhost:64181
accept: */*

Response DefaultHttpResponse(decodeResult: success, version: HTTP/1.1)
HTTP/1.1 200 OK
Content-Type: application/json; charset=utf-8
cache-control: no-cache
content-length: 88

20:37:58.972 [AsyncHttpClient-1-13] DEBUG org.asynchttpclient.netty.channel.ChannelManager - Adding key: http://localhost:64181 for channel [id: 0x5200dad2, L:/127.0.0.1:49703 - R:localhost/127.0.0.1:64181]
20:37:58.975 [Forwarding isElementDisplayed on session 774ac65aa1cf21fc64cbf4c6eb5bf421 to remote] DEBUG org.asynchttpclient.netty.request.NettyRequestSender - Using pooled Channel '[id: 0x5200dad2, L:/127.0.0.1:49703 - R:localhost/127.0.0.1:64181]' for 'POST' to 'http://localhost:64181/session/774ac65aa1cf21fc64cbf4c6eb5bf421/execute/sync'
20:37:58.975 [Forwarding isElementDisplayed on session 774ac65aa1cf21fc64cbf4c6eb5bf421 to remote] DEBUG org.asynchttpclient.netty.request.NettyRequestSender - Using open Channel [id: 0x5200dad2, L:/127.0.0.1:49703 - R:localhost/127.0.0.1:64181] for POST '/session/774ac65aa1cf21fc64cbf4c6eb5bf421/execute/sync'
20:37:58.983 [AsyncHttpClient-1-1] DEBUG org.asynchttpclient.netty.channel.DefaultChannelPool - Entry count for : http://localhost:49704 : 1
20:37:58.989 [AsyncHttpClient-1-13] DEBUG org.asynchttpclient.netty.handler.HttpHandler - 

Request DefaultHttpRequest(decodeResult: success, version: HTTP/1.1)
POST /session/774ac65aa1cf21fc64cbf4c6eb5bf421/execute/sync HTTP/1.1
User-Agent: selenium/4.1.2 (java windows)
Content-Length: 48780
Content-Type: application/json; charset=utf-8
host: localhost:64181
accept: */*

Response DefaultHttpResponse(decodeResult: success, version: HTTP/1.1)
HTTP/1.1 200 OK
Content-Type: application/json; charset=utf-8
cache-control: no-cache
content-length: 14

20:37:58.989 [AsyncHttpClient-1-13] DEBUG org.asynchttpclient.netty.channel.ChannelManager - Adding key: http://localhost:64181 for channel [id: 0x5200dad2, L:/127.0.0.1:49703 - R:localhost/127.0.0.1:64181]
  &amp#27;[32mThen &amp#27;[0m&amp#27;[32mI get &amp#27;[0m&amp#27;[32m&amp#27;[1m"error"&amp#27;[0m&amp#27;[32m as result&amp#27;[0m                     &amp#27;[90m# starter.stepdefinitions.LogInOutSteps.iGetResult(java.lang.String)&amp#27;[0m
20:37:58.996 [Forwarding screenshot on session 774ac65aa1cf21fc64cbf4c6eb5bf421 to remote] DEBUG org.asynchttpclient.netty.request.NettyRequestSender - Using pooled Channel '[id: 0x5200dad2, L:/127.0.0.1:49703 - R:localhost/127.0.0.1:64181]' for 'GET' to 'http://localhost:64181/session/774ac65aa1cf21fc64cbf4c6eb5bf421/screenshot'
20:37:58.996 [Forwarding screenshot on session 774ac65aa1cf21fc64cbf4c6eb5bf421 to remote] DEBUG org.asynchttpclient.netty.request.NettyRequestSender - Using open Channel [id: 0x5200dad2, L:/127.0.0.1:49703 - R:localhost/127.0.0.1:64181] for GET '/session/774ac65aa1cf21fc64cbf4c6eb5bf421/screenshot'
20:37:59.207 [AsyncHttpClient-1-13] DEBUG org.asynchttpclient.netty.handler.HttpHandler - 

Request DefaultFullHttpRequest(decodeResult: success, version: HTTP/1.1, content: EmptyByteBufBE)
GET /session/774ac65aa1cf21fc64cbf4c6eb5bf421/screenshot HTTP/1.1
User-Agent: selenium/4.1.2 (java windows)
Cache-Control: no-cache
Content-Type: application/json; charset=utf-8
host: localhost:64181
accept: */*

Response DefaultHttpResponse(decodeResult: success, version: HTTP/1.1)
HTTP/1.1 200 OK
Content-Type: application/json; charset=utf-8
cache-control: no-cache
content-length: 46660

20:37:59.208 [AsyncHttpClient-1-13] DEBUG org.asynchttpclient.netty.channel.ChannelManager - Adding key: http://localhost:64181 for channel [id: 0x5200dad2, L:/127.0.0.1:49703 - R:localhost/127.0.0.1:64181]
20:37:59.211 [main] DEBUG net.serenitybdd.core.photography.Darkroom - Send negative for processing for target\site\serenity\af07aa487d803d0202dcd9fe93cdca98da54281c7ac28265fe680825d4d74f72.png
20:37:59.211 [Darkroom Processing Line] DEBUG net.serenitybdd.core.photography.DarkroomProcessingLine - Processing screenshot image in /var/screenshots/screenshot-14656003849895773101
20:37:59.211 [Darkroom Processing Line] DEBUG net.serenitybdd.core.photography.DarkroomProcessingLine - Saving screenshot to target\site\serenity\af07aa487d803d0202dcd9fe93cdca98da54281c7ac28265fe680825d4d74f72.png
20:37:59.218 [AsyncHttpClient-1-15] DEBUG org.asynchttpclient.netty.handler.WebSocketHandler - Channel Closed: [id: 0x2fc43b6b, L:/127.0.0.1:49712 ! R:localhost/127.0.0.1:49704] with attribute NettyResponseFuture{currentRetry=5,
	isDone=1,
	isCancelled=0,
	asyncHandler=org.asynchttpclient.ws.WebSocketUpgradeHandler@6b7039a1,
	nettyRequest=org.asynchttpclient.netty.request.NettyRequest@380d59bb,
	future=java.util.concurrent.CompletableFuture@13d94f25[Completed normally],
	uri=ws://localhost:49704/devtools/browser/36946d60-0186-4967-b7d5-2776ac654a5d,
	keepAlive=true,
	redirectCount=0,
	timeoutsHolder=null,
	inAuth=0,
	touch=1667223475726}
20:37:59.218 [AsyncHttpClient-1-15] DEBUG org.asynchttpclient.netty.channel.ChannelManager - Closing Channel [id: 0x2fc43b6b, L:/127.0.0.1:49712 ! R:localhost/127.0.0.1:49704] 
20:37:59.219 [Driver Command Executor] DEBUG org.asynchttpclient.netty.request.NettyRequestSender - Using pooled Channel '[id: 0x5200dad2, L:/127.0.0.1:49703 - R:localhost/127.0.0.1:64181]' for 'DELETE' to 'http://localhost:64181/session/774ac65aa1cf21fc64cbf4c6eb5bf421'
20:37:59.219 [Driver Command Executor] DEBUG org.asynchttpclient.netty.request.NettyRequestSender - Using open Channel [id: 0x5200dad2, L:/127.0.0.1:49703 - R:localhost/127.0.0.1:64181] for DELETE '/session/774ac65aa1cf21fc64cbf4c6eb5bf421'
20:37:59.304 [AsyncHttpClient-1-14] DEBUG org.asynchttpclient.netty.handler.HttpHandler - Unexpected I/O exception on channel [id: 0xfadea81c, L:/127.0.0.1:49711 - R:localhost/127.0.0.1:49704]
java.net.SocketException: Connection reset
	at java.base/sun.nio.ch.SocketChannelImpl.throwConnectionReset(SocketChannelImpl.java:345)
	at java.base/sun.nio.ch.SocketChannelImpl.read(SocketChannelImpl.java:376)
	at io.netty.buffer.PooledByteBuf.setBytes(PooledByteBuf.java:258)
	at io.netty.buffer.AbstractByteBuf.writeBytes(AbstractByteBuf.java:1132)
	at io.netty.channel.socket.nio.NioSocketChannel.doReadBytes(NioSocketChannel.java:350)
	at io.netty.channel.nio.AbstractNioByteChannel$NioByteUnsafe.read(AbstractNioByteChannel.java:151)
	at io.netty.channel.nio.NioEventLoop.processSelectedKey(NioEventLoop.java:722)
	at io.netty.channel.nio.NioEventLoop.processSelectedKeysOptimized(NioEventLoop.java:658)
	at io.netty.channel.nio.NioEventLoop.processSelectedKeys(NioEventLoop.java:584)
	at io.netty.channel.nio.NioEventLoop.run(NioEventLoop.java:496)
	at io.netty.util.concurrent.SingleThreadEventExecutor$4.run(SingleThreadEventExecutor.java:986)
	at io.netty.util.internal.ThreadExecutorMap$2.run(ThreadExecutorMap.java:74)
	at io.netty.util.concurrent.FastThreadLocalRunnable.run(FastThreadLocalRunnable.java:30)
	at java.base/java.lang.Thread.run(Thread.java:830)
20:37:59.304 [AsyncHttpClient-1-14] DEBUG org.asynchttpclient.netty.channel.ChannelManager - Closing Channel [id: 0xfadea81c, L:/127.0.0.1:49711 - R:localhost/127.0.0.1:49704] 
20:37:59.304 [AsyncHttpClient-1-14] DEBUG org.asynchttpclient.netty.handler.HttpHandler - Channel Closed: [id: 0xfadea81c, L:/127.0.0.1:49711 ! R:localhost/127.0.0.1:49704] with attribute DISCARD
20:37:59.324 [AsyncHttpClient-1-13] DEBUG org.asynchttpclient.netty.handler.HttpHandler - 

Request DefaultFullHttpRequest(decodeResult: success, version: HTTP/1.1, content: EmptyByteBufBE)
DELETE /session/774ac65aa1cf21fc64cbf4c6eb5bf421 HTTP/1.1
User-Agent: selenium/4.1.2 (java windows)
Content-Type: application/json; charset=utf-8
host: localhost:64181
accept: */*

Response DefaultHttpResponse(decodeResult: success, version: HTTP/1.1)
HTTP/1.1 200 OK
Content-Type: application/json; charset=utf-8
cache-control: no-cache
content-length: 14

20:37:59.324 [AsyncHttpClient-1-13] DEBUG org.asynchttpclient.netty.channel.ChannelManager - Adding key: http://localhost:64181 for channel [id: 0x5200dad2, L:/127.0.0.1:49703 - R:localhost/127.0.0.1:64181]
20:37:59.379 [AsyncHttpClient-1-13] DEBUG org.asynchttpclient.netty.handler.HttpHandler - Channel Closed: [id: 0x5200dad2, L:/127.0.0.1:49703 ! R:localhost/127.0.0.1:64181] with attribute DISCARD
]]></system-out>
    <system-err><![CDATA[Starting ChromeDriver 106.0.5249.61 (511755355844955cd3e264779baf0dd38212a4d0-refs/branch-heads/5249@{#569}) on port 64181
Only local connections are allowed.
Please see https://chromedriver.chromium.org/security-considerations for suggestions on keeping ChromeDriver safe.
ChromeDriver was started successfully.
[1667223475.601][WARNING]: This version of ChromeDriver has not been tested with Chrome version 107.
Oct 31, 2022 8:37:55 PM org.openqa.selenium.remote.ProtocolHandshake createSession
INFO: Detected dialect: W3C
Oct 31, 2022 8:37:55 PM org.openqa.selenium.devtools.CdpVersionFinder findNearestMatch
WARNING: Unable to find an exact match for CDP version 107, so returning the closest version found: a no-op implementation
Oct 31, 2022 8:37:55 PM org.openqa.selenium.devtools.CdpVersionFinder findNearestMatch
INFO: Unable to find CDP implementation matching 107.
Oct 31, 2022 8:37:55 PM org.openqa.selenium.chromium.ChromiumDriver lambda$new$3
WARNING: Unable to find version of CDP to use for . You may need to include a dependency on a specific version of the CDP using something similar to `org.seleniumhq.selenium:selenium-devtools-v86:4.1.2` where the version ("v86") matches the version of the chromium-based browser you're using and the version number of the artifact is the same as Selenium's.
]]></system-err>
  </testcase>
  <testcase name="Login with username and password #5" classname="Login" time="8.807">
    <system-out><![CDATA[
Scenario Outline: Login with username and password &amp#27;[90m# src/test/resources/features/Login.feature:23&amp#27;[0m
20:37:59.922 [main] INFO io.cucumber.core.plugin.SerenityReporter - Running feature from file:///C:/Users/ASUS/Desktop/stupen/miniproject/Web/ASWeb/src/test/resources/features/Login.feature
20:37:59.934 [main] INFO net.serenitybdd.core.webdriver.driverproviders.ChromeDriverProvider - Using automatically driver download
20:38:00.073 [main] DEBUG io.github.bonigarcia.wdm.cache.ResolutionCache - Resolution chrome=107 in cache (valid until 21:37:26 31/10/2022 WIB)
20:38:00.077 [main] DEBUG io.github.bonigarcia.wdm.cache.ResolutionCache - Resolution chrome107=107.0.5304.62 in cache (valid until 19:37:19 01/11/2022 WIB)
20:38:00.079 [AsyncHttpClient-1-1] DEBUG org.asynchttpclient.netty.channel.DefaultChannelPool - Entry count for : http://localhost:64181 : 1
20:38:00.079 [AsyncHttpClient-1-1] DEBUG org.asynchttpclient.netty.channel.DefaultChannelPool - Entry count for : http://localhost:49704 : 1
20:38:00.079 [AsyncHttpClient-1-1] DEBUG org.asynchttpclient.netty.channel.DefaultChannelPool - Adding Candidate expired Channel [id: 0x5200dad2, L:/127.0.0.1:49703 ! R:localhost/127.0.0.1:64181] isIdleTimeoutExpired=false isRemotelyClosed=true isTtlExpired=false
20:38:00.079 [AsyncHttpClient-1-1] DEBUG org.asynchttpclient.netty.channel.DefaultChannelPool - Closing Idle Channel [id: 0x5200dad2, L:/127.0.0.1:49703 ! R:localhost/127.0.0.1:64181]
20:38:00.079 [AsyncHttpClient-1-1] DEBUG org.asynchttpclient.netty.channel.DefaultChannelPool - Adding Candidate expired Channel [id: 0xfadea81c, L:/127.0.0.1:49711 ! R:localhost/127.0.0.1:49704] isIdleTimeoutExpired=false isRemotelyClosed=true isTtlExpired=false
20:38:00.079 [AsyncHttpClient-1-1] DEBUG org.asynchttpclient.netty.channel.DefaultChannelPool - Closing Idle Channel [id: 0xfadea81c, L:/127.0.0.1:49711 ! R:localhost/127.0.0.1:49704]
20:38:00.079 [AsyncHttpClient-1-1] DEBUG org.asynchttpclient.netty.channel.DefaultChannelPool - Closed 2 connections out of 2 in 0 ms
20:38:00.083 [main] INFO io.github.bonigarcia.wdm.WebDriverManager - Using chromedriver 107.0.5304.62 (resolved driver for Chrome 107)
20:38:00.099 [main] DEBUG io.github.bonigarcia.wdm.WebDriverManager - Driver chromedriver 107.0.5304.62 found in cache
20:38:00.100 [main] INFO io.github.bonigarcia.wdm.WebDriverManager - Exporting webdriver.chrome.driver as C:\Users\ASUS\.cache\selenium\chromedriver\win32\107.0.5304.62\chromedriver.exe
20:38:00.288 [main] DEBUG net.serenitybdd.core.webdriver.driverproviders.ProvideNewDriver - Instantiating driver
20:38:00.288 [main] DEBUG net.serenitybdd.core.webdriver.driverproviders.ProvideNewDriver - Driver capabilities: Capabilities {acceptInsecureCerts: false, base.url: https://alta-shop.vercel.app/, browserName: chrome, chrome.driver: src/test/resources/webdrive..., driver: chrome, goog:chromeOptions: {args: [], extensions: []}, wait.for.timeout: 10000}
20:38:00.842 [AsyncHttpClient-1-16] DEBUG org.asynchttpclient.netty.channel.NettyConnectListener - Using new Channel '[id: 0x8225b328, L:/127.0.0.1:49740 - R:localhost/127.0.0.1:61063]' for 'POST' to '/session'
20:38:03.163 [AsyncHttpClient-1-16] DEBUG org.asynchttpclient.netty.handler.HttpHandler - 

Request DefaultHttpRequest(decodeResult: success, version: HTTP/1.1)
POST /session HTTP/1.1
User-Agent: selenium/4.1.2 (java windows)
Content-Length: 646
Content-Type: application/json; charset=utf-8
host: localhost:61063
accept: */*

Response DefaultHttpResponse(decodeResult: success, version: HTTP/1.1)
HTTP/1.1 200 OK
Content-Type: application/json; charset=utf-8
cache-control: no-cache
content-length: 789

20:38:03.164 [AsyncHttpClient-1-16] DEBUG org.asynchttpclient.netty.channel.ChannelManager - Adding key: http://localhost:61063 for channel [id: 0x8225b328, L:/127.0.0.1:49740 - R:localhost/127.0.0.1:61063]
20:38:03.174 [AsyncHttpClient-1-17] DEBUG org.asynchttpclient.netty.channel.NettyConnectListener - Using new Channel '[id: 0xd49e0f1f, L:/127.0.0.1:49756 - R:localhost/127.0.0.1:49741]' for 'GET' to '/json/version'
20:38:03.175 [AsyncHttpClient-1-17] DEBUG org.asynchttpclient.netty.handler.HttpHandler - 

Request DefaultFullHttpRequest(decodeResult: success, version: HTTP/1.1, content: EmptyByteBufBE)
GET /json/version HTTP/1.1
User-Agent: selenium/4.1.2 (java windows)
host: localhost:49741
accept: */*

Response DefaultHttpResponse(decodeResult: success, version: HTTP/1.1)
HTTP/1.1 200 OK
Content-Type: application/json; charset=UTF-8
content-length: 423

20:38:03.175 [AsyncHttpClient-1-17] DEBUG org.asynchttpclient.netty.channel.ChannelManager - Adding key: http://localhost:49741 for channel [id: 0xd49e0f1f, L:/127.0.0.1:49756 - R:localhost/127.0.0.1:49741]
20:38:03.178 [AsyncHttpClient-1-2] DEBUG org.asynchttpclient.netty.channel.NettyConnectListener - Using new Channel '[id: 0xb1e122aa, L:/127.0.0.1:49757 - R:localhost/127.0.0.1:49741]' for 'GET' to '/devtools/browser/bd4076e8-eeff-4810-9b26-1f813a89b6d6'
20:38:03.179 [AsyncHttpClient-1-2] DEBUG org.asynchttpclient.netty.handler.WebSocketHandler - 

Request DefaultFullHttpRequest(decodeResult: success, version: HTTP/1.1, content: EmptyByteBufBE)
GET /devtools/browser/bd4076e8-eeff-4810-9b26-1f813a89b6d6 HTTP/1.1
upgrade: websocket
connection: upgrade
sec-websocket-key: c7IAmWZA1NuIv+s9gpt80g==
sec-websocket-version: 13
origin: http://localhost:49741
host: localhost:49741
accept: */*
user-agent: AHC/2.1

Response DefaultHttpResponse(decodeResult: success, version: HTTP/1.1)
HTTP/1.1 101 WebSocket Protocol Handshake
Upgrade: WebSocket
Connection: Upgrade
Sec-WebSocket-Accept: 9hegn4I+FKdu8FeclaxebpFLJXs=

20:38:03.185 [Forwarding get on session 1eb9efb700c666dc6eacee8cb65e3a1d to remote] DEBUG org.asynchttpclient.netty.request.NettyRequestSender - Using pooled Channel '[id: 0x8225b328, L:/127.0.0.1:49740 - R:localhost/127.0.0.1:61063]' for 'POST' to 'http://localhost:61063/session/1eb9efb700c666dc6eacee8cb65e3a1d/url'
20:38:03.185 [Forwarding get on session 1eb9efb700c666dc6eacee8cb65e3a1d to remote] DEBUG org.asynchttpclient.netty.request.NettyRequestSender - Using open Channel [id: 0x8225b328, L:/127.0.0.1:49740 - R:localhost/127.0.0.1:61063] for POST '/session/1eb9efb700c666dc6eacee8cb65e3a1d/url'
20:38:03.380 [AsyncHttpClient-1-1] DEBUG org.asynchttpclient.netty.channel.DefaultChannelPool - Entry count for : http://localhost:49741 : 1
20:38:04.030 [AsyncHttpClient-1-16] DEBUG org.asynchttpclient.netty.handler.HttpHandler - 

Request DefaultHttpRequest(decodeResult: success, version: HTTP/1.1)
POST /session/1eb9efb700c666dc6eacee8cb65e3a1d/url HTTP/1.1
User-Agent: selenium/4.1.2 (java windows)
Content-Length: 74
Content-Type: application/json; charset=utf-8
host: localhost:61063
accept: */*

Response DefaultHttpResponse(decodeResult: success, version: HTTP/1.1)
HTTP/1.1 200 OK
Content-Type: application/json; charset=utf-8
cache-control: no-cache
content-length: 14

20:38:04.030 [AsyncHttpClient-1-16] DEBUG org.asynchttpclient.netty.channel.ChannelManager - Adding key: http://localhost:61063 for channel [id: 0x8225b328, L:/127.0.0.1:49740 - R:localhost/127.0.0.1:61063]
20:38:04.033 [Forwarding setTimeout on session 1eb9efb700c666dc6eacee8cb65e3a1d to remote] DEBUG org.asynchttpclient.netty.request.NettyRequestSender - Using pooled Channel '[id: 0x8225b328, L:/127.0.0.1:49740 - R:localhost/127.0.0.1:61063]' for 'POST' to 'http://localhost:61063/session/1eb9efb700c666dc6eacee8cb65e3a1d/timeouts'
20:38:04.033 [Forwarding setTimeout on session 1eb9efb700c666dc6eacee8cb65e3a1d to remote] DEBUG org.asynchttpclient.netty.request.NettyRequestSender - Using open Channel [id: 0x8225b328, L:/127.0.0.1:49740 - R:localhost/127.0.0.1:61063] for POST '/session/1eb9efb700c666dc6eacee8cb65e3a1d/timeouts'
20:38:04.035 [AsyncHttpClient-1-16] DEBUG org.asynchttpclient.netty.handler.HttpHandler - 

Request DefaultHttpRequest(decodeResult: success, version: HTTP/1.1)
POST /session/1eb9efb700c666dc6eacee8cb65e3a1d/timeouts HTTP/1.1
User-Agent: selenium/4.1.2 (java windows)
Content-Length: 22
Content-Type: application/json; charset=utf-8
host: localhost:61063
accept: */*

Response DefaultHttpResponse(decodeResult: success, version: HTTP/1.1)
HTTP/1.1 200 OK
Content-Type: application/json; charset=utf-8
cache-control: no-cache
content-length: 14

20:38:04.035 [AsyncHttpClient-1-16] DEBUG org.asynchttpclient.netty.channel.ChannelManager - Adding key: http://localhost:61063 for channel [id: 0x8225b328, L:/127.0.0.1:49740 - R:localhost/127.0.0.1:61063]
20:38:04.039 [Forwarding getCurrentUrl on session 1eb9efb700c666dc6eacee8cb65e3a1d to remote] DEBUG org.asynchttpclient.netty.request.NettyRequestSender - Using pooled Channel '[id: 0x8225b328, L:/127.0.0.1:49740 - R:localhost/127.0.0.1:61063]' for 'GET' to 'http://localhost:61063/session/1eb9efb700c666dc6eacee8cb65e3a1d/url'
20:38:04.040 [Forwarding getCurrentUrl on session 1eb9efb700c666dc6eacee8cb65e3a1d to remote] DEBUG org.asynchttpclient.netty.request.NettyRequestSender - Using open Channel [id: 0x8225b328, L:/127.0.0.1:49740 - R:localhost/127.0.0.1:61063] for GET '/session/1eb9efb700c666dc6eacee8cb65e3a1d/url'
20:38:04.053 [AsyncHttpClient-1-16] DEBUG org.asynchttpclient.netty.handler.HttpHandler - 

Request DefaultFullHttpRequest(decodeResult: success, version: HTTP/1.1, content: EmptyByteBufBE)
GET /session/1eb9efb700c666dc6eacee8cb65e3a1d/url HTTP/1.1
User-Agent: selenium/4.1.2 (java windows)
Cache-Control: no-cache
Content-Type: application/json; charset=utf-8
host: localhost:61063
accept: */*

Response DefaultHttpResponse(decodeResult: success, version: HTTP/1.1)
HTTP/1.1 200 OK
Content-Type: application/json; charset=utf-8
cache-control: no-cache
content-length: 51

20:38:04.053 [AsyncHttpClient-1-16] DEBUG org.asynchttpclient.netty.channel.ChannelManager - Adding key: http://localhost:61063 for channel [id: 0x8225b328, L:/127.0.0.1:49740 - R:localhost/127.0.0.1:61063]
  &amp#27;[32mGiven &amp#27;[0m&amp#27;[32mI am in login page&amp#27;[0m                         &amp#27;[90m# starter.stepdefinitions.LogInOutSteps.iAmInLoginPage()&amp#27;[0m
20:38:04.066 [Forwarding screenshot on session 1eb9efb700c666dc6eacee8cb65e3a1d to remote] DEBUG org.asynchttpclient.netty.request.NettyRequestSender - Using pooled Channel '[id: 0x8225b328, L:/127.0.0.1:49740 - R:localhost/127.0.0.1:61063]' for 'GET' to 'http://localhost:61063/session/1eb9efb700c666dc6eacee8cb65e3a1d/screenshot'
20:38:04.066 [Forwarding screenshot on session 1eb9efb700c666dc6eacee8cb65e3a1d to remote] DEBUG org.asynchttpclient.netty.request.NettyRequestSender - Using open Channel [id: 0x8225b328, L:/127.0.0.1:49740 - R:localhost/127.0.0.1:61063] for GET '/session/1eb9efb700c666dc6eacee8cb65e3a1d/screenshot'
20:38:04.481 [AsyncHttpClient-1-1] DEBUG org.asynchttpclient.netty.channel.DefaultChannelPool - Entry count for : http://localhost:49741 : 1
20:38:04.821 [AsyncHttpClient-1-16] DEBUG org.asynchttpclient.netty.handler.HttpHandler - 

Request DefaultFullHttpRequest(decodeResult: success, version: HTTP/1.1, content: EmptyByteBufBE)
GET /session/1eb9efb700c666dc6eacee8cb65e3a1d/screenshot HTTP/1.1
User-Agent: selenium/4.1.2 (java windows)
Cache-Control: no-cache
Content-Type: application/json; charset=utf-8
host: localhost:61063
accept: */*

Response DefaultHttpResponse(decodeResult: success, version: HTTP/1.1)
HTTP/1.1 200 OK
Content-Type: application/json; charset=utf-8
cache-control: no-cache
content-length: 38472

20:38:04.821 [AsyncHttpClient-1-16] DEBUG org.asynchttpclient.netty.channel.ChannelManager - Adding key: http://localhost:61063 for channel [id: 0x8225b328, L:/127.0.0.1:49740 - R:localhost/127.0.0.1:61063]
20:38:04.824 [main] DEBUG net.serenitybdd.core.photography.Darkroom - Send negative for processing for target\site\serenity\6c2309ed56aeb278067cd6b3caf368b9f01e276e2bf175d46007f31c90d5af21.png
20:38:04.835 [Forwarding findElement on session 1eb9efb700c666dc6eacee8cb65e3a1d to remote] DEBUG org.asynchttpclient.netty.request.NettyRequestSender - Using pooled Channel '[id: 0x8225b328, L:/127.0.0.1:49740 - R:localhost/127.0.0.1:61063]' for 'POST' to 'http://localhost:61063/session/1eb9efb700c666dc6eacee8cb65e3a1d/element'
20:38:04.835 [Forwarding findElement on session 1eb9efb700c666dc6eacee8cb65e3a1d to remote] DEBUG org.asynchttpclient.netty.request.NettyRequestSender - Using open Channel [id: 0x8225b328, L:/127.0.0.1:49740 - R:localhost/127.0.0.1:61063] for POST '/session/1eb9efb700c666dc6eacee8cb65e3a1d/element'
20:38:04.850 [AsyncHttpClient-1-16] DEBUG org.asynchttpclient.netty.handler.HttpHandler - 

Request DefaultHttpRequest(decodeResult: success, version: HTTP/1.1)
POST /session/1eb9efb700c666dc6eacee8cb65e3a1d/element HTTP/1.1
User-Agent: selenium/4.1.2 (java windows)
Content-Length: 87
Content-Type: application/json; charset=utf-8
host: localhost:61063
accept: */*

Response DefaultHttpResponse(decodeResult: success, version: HTTP/1.1)
HTTP/1.1 200 OK
Content-Type: application/json; charset=utf-8
cache-control: no-cache
content-length: 88

20:38:04.850 [AsyncHttpClient-1-16] DEBUG org.asynchttpclient.netty.channel.ChannelManager - Adding key: http://localhost:61063 for channel [id: 0x8225b328, L:/127.0.0.1:49740 - R:localhost/127.0.0.1:61063]
20:38:04.851 [Forwarding clearElement on session 1eb9efb700c666dc6eacee8cb65e3a1d to remote] DEBUG org.asynchttpclient.netty.request.NettyRequestSender - Using pooled Channel '[id: 0x8225b328, L:/127.0.0.1:49740 - R:localhost/127.0.0.1:61063]' for 'POST' to 'http://localhost:61063/session/1eb9efb700c666dc6eacee8cb65e3a1d/element/289584f3-0824-43ae-8d0f-a6202edb56d7/clear'
20:38:04.851 [Forwarding clearElement on session 1eb9efb700c666dc6eacee8cb65e3a1d to remote] DEBUG org.asynchttpclient.netty.request.NettyRequestSender - Using open Channel [id: 0x8225b328, L:/127.0.0.1:49740 - R:localhost/127.0.0.1:61063] for POST '/session/1eb9efb700c666dc6eacee8cb65e3a1d/element/289584f3-0824-43ae-8d0f-a6202edb56d7/clear'
20:38:04.902 [AsyncHttpClient-1-16] DEBUG org.asynchttpclient.netty.handler.HttpHandler - 

Request DefaultHttpRequest(decodeResult: success, version: HTTP/1.1)
POST /session/1eb9efb700c666dc6eacee8cb65e3a1d/element/289584f3-0824-43ae-8d0f-a6202edb56d7/clear HTTP/1.1
User-Agent: selenium/4.1.2 (java windows)
Content-Length: 50
Content-Type: application/json; charset=utf-8
host: localhost:61063
accept: */*

Response DefaultHttpResponse(decodeResult: success, version: HTTP/1.1)
HTTP/1.1 200 OK
Content-Type: application/json; charset=utf-8
cache-control: no-cache
content-length: 14

20:38:04.902 [AsyncHttpClient-1-16] DEBUG org.asynchttpclient.netty.channel.ChannelManager - Adding key: http://localhost:61063 for channel [id: 0x8225b328, L:/127.0.0.1:49740 - R:localhost/127.0.0.1:61063]
20:38:04.906 [Forwarding sendKeysToElement on session 1eb9efb700c666dc6eacee8cb65e3a1d to remote] DEBUG org.asynchttpclient.netty.request.NettyRequestSender - Using pooled Channel '[id: 0x8225b328, L:/127.0.0.1:49740 - R:localhost/127.0.0.1:61063]' for 'POST' to 'http://localhost:61063/session/1eb9efb700c666dc6eacee8cb65e3a1d/element/289584f3-0824-43ae-8d0f-a6202edb56d7/value'
20:38:04.906 [Forwarding sendKeysToElement on session 1eb9efb700c666dc6eacee8cb65e3a1d to remote] DEBUG org.asynchttpclient.netty.request.NettyRequestSender - Using open Channel [id: 0x8225b328, L:/127.0.0.1:49740 - R:localhost/127.0.0.1:61063] for POST '/session/1eb9efb700c666dc6eacee8cb65e3a1d/element/289584f3-0824-43ae-8d0f-a6202edb56d7/value'
20:38:05.065 [AsyncHttpClient-1-16] DEBUG org.asynchttpclient.netty.handler.HttpHandler - 

Request DefaultHttpRequest(decodeResult: success, version: HTTP/1.1)
POST /session/1eb9efb700c666dc6eacee8cb65e3a1d/element/289584f3-0824-43ae-8d0f-a6202edb56d7/value HTTP/1.1
User-Agent: selenium/4.1.2 (java windows)
Content-Length: 231
Content-Type: application/json; charset=utf-8
host: localhost:61063
accept: */*

Response DefaultHttpResponse(decodeResult: success, version: HTTP/1.1)
HTTP/1.1 200 OK
Content-Type: application/json; charset=utf-8
cache-control: no-cache
content-length: 14

20:38:05.066 [AsyncHttpClient-1-16] DEBUG org.asynchttpclient.netty.channel.ChannelManager - Adding key: http://localhost:61063 for channel [id: 0x8225b328, L:/127.0.0.1:49740 - R:localhost/127.0.0.1:61063]
  &amp#27;[32mWhen &amp#27;[0m&amp#27;[32mI input &amp#27;[0m&amp#27;[32m&amp#27;[1m"naevis@mail.com"&amp#27;[0m&amp#27;[32m email&amp#27;[0m             &amp#27;[90m# starter.stepdefinitions.LogInOutSteps.iInputEmailEmail(java.lang.String)&amp#27;[0m
20:38:05.080 [Forwarding screenshot on session 1eb9efb700c666dc6eacee8cb65e3a1d to remote] DEBUG org.asynchttpclient.netty.request.NettyRequestSender - Using pooled Channel '[id: 0x8225b328, L:/127.0.0.1:49740 - R:localhost/127.0.0.1:61063]' for 'GET' to 'http://localhost:61063/session/1eb9efb700c666dc6eacee8cb65e3a1d/screenshot'
20:38:05.080 [Forwarding screenshot on session 1eb9efb700c666dc6eacee8cb65e3a1d to remote] DEBUG org.asynchttpclient.netty.request.NettyRequestSender - Using open Channel [id: 0x8225b328, L:/127.0.0.1:49740 - R:localhost/127.0.0.1:61063] for GET '/session/1eb9efb700c666dc6eacee8cb65e3a1d/screenshot'
20:38:05.346 [AsyncHttpClient-1-16] DEBUG org.asynchttpclient.netty.handler.HttpHandler - 

Request DefaultFullHttpRequest(decodeResult: success, version: HTTP/1.1, content: EmptyByteBufBE)
GET /session/1eb9efb700c666dc6eacee8cb65e3a1d/screenshot HTTP/1.1
User-Agent: selenium/4.1.2 (java windows)
Cache-Control: no-cache
Content-Type: application/json; charset=utf-8
host: localhost:61063
accept: */*

Response DefaultHttpResponse(decodeResult: success, version: HTTP/1.1)
HTTP/1.1 200 OK
Content-Type: application/json; charset=utf-8
cache-control: no-cache
content-length: 45224

20:38:05.346 [AsyncHttpClient-1-16] DEBUG org.asynchttpclient.netty.channel.ChannelManager - Adding key: http://localhost:61063 for channel [id: 0x8225b328, L:/127.0.0.1:49740 - R:localhost/127.0.0.1:61063]
20:38:05.350 [main] DEBUG net.serenitybdd.core.photography.Darkroom - Send negative for processing for target\site\serenity\9586258d480dfc56c8afae1c797c83ea04c44976fcbcc6aea653160032ee3a49.png
20:38:05.350 [Darkroom Processing Line] DEBUG net.serenitybdd.core.photography.DarkroomProcessingLine - Processing screenshot image in /var/screenshots/screenshot-1612168716786050472
20:38:05.351 [Darkroom Processing Line] DEBUG net.serenitybdd.core.photography.DarkroomProcessingLine - Saving screenshot to target\site\serenity\9586258d480dfc56c8afae1c797c83ea04c44976fcbcc6aea653160032ee3a49.png
20:38:05.367 [Forwarding findElement on session 1eb9efb700c666dc6eacee8cb65e3a1d to remote] DEBUG org.asynchttpclient.netty.request.NettyRequestSender - Using pooled Channel '[id: 0x8225b328, L:/127.0.0.1:49740 - R:localhost/127.0.0.1:61063]' for 'POST' to 'http://localhost:61063/session/1eb9efb700c666dc6eacee8cb65e3a1d/element'
20:38:05.367 [Forwarding findElement on session 1eb9efb700c666dc6eacee8cb65e3a1d to remote] DEBUG org.asynchttpclient.netty.request.NettyRequestSender - Using open Channel [id: 0x8225b328, L:/127.0.0.1:49740 - R:localhost/127.0.0.1:61063] for POST '/session/1eb9efb700c666dc6eacee8cb65e3a1d/element'
20:38:05.386 [AsyncHttpClient-1-16] DEBUG org.asynchttpclient.netty.handler.HttpHandler - 

Request DefaultHttpRequest(decodeResult: success, version: HTTP/1.1)
POST /session/1eb9efb700c666dc6eacee8cb65e3a1d/element HTTP/1.1
User-Agent: selenium/4.1.2 (java windows)
Content-Length: 90
Content-Type: application/json; charset=utf-8
host: localhost:61063
accept: */*

Response DefaultHttpResponse(decodeResult: success, version: HTTP/1.1)
HTTP/1.1 200 OK
Content-Type: application/json; charset=utf-8
cache-control: no-cache
content-length: 88

20:38:05.386 [AsyncHttpClient-1-16] DEBUG org.asynchttpclient.netty.channel.ChannelManager - Adding key: http://localhost:61063 for channel [id: 0x8225b328, L:/127.0.0.1:49740 - R:localhost/127.0.0.1:61063]
20:38:05.389 [Forwarding clearElement on session 1eb9efb700c666dc6eacee8cb65e3a1d to remote] DEBUG org.asynchttpclient.netty.request.NettyRequestSender - Using pooled Channel '[id: 0x8225b328, L:/127.0.0.1:49740 - R:localhost/127.0.0.1:61063]' for 'POST' to 'http://localhost:61063/session/1eb9efb700c666dc6eacee8cb65e3a1d/element/ce4aa821-315a-44dc-8228-75e920a09719/clear'
20:38:05.389 [Forwarding clearElement on session 1eb9efb700c666dc6eacee8cb65e3a1d to remote] DEBUG org.asynchttpclient.netty.request.NettyRequestSender - Using open Channel [id: 0x8225b328, L:/127.0.0.1:49740 - R:localhost/127.0.0.1:61063] for POST '/session/1eb9efb700c666dc6eacee8cb65e3a1d/element/ce4aa821-315a-44dc-8228-75e920a09719/clear'
20:38:05.440 [AsyncHttpClient-1-16] DEBUG org.asynchttpclient.netty.handler.HttpHandler - 

Request DefaultHttpRequest(decodeResult: success, version: HTTP/1.1)
POST /session/1eb9efb700c666dc6eacee8cb65e3a1d/element/ce4aa821-315a-44dc-8228-75e920a09719/clear HTTP/1.1
User-Agent: selenium/4.1.2 (java windows)
Content-Length: 50
Content-Type: application/json; charset=utf-8
host: localhost:61063
accept: */*

Response DefaultHttpResponse(decodeResult: success, version: HTTP/1.1)
HTTP/1.1 200 OK
Content-Type: application/json; charset=utf-8
cache-control: no-cache
content-length: 14

20:38:05.441 [AsyncHttpClient-1-16] DEBUG org.asynchttpclient.netty.channel.ChannelManager - Adding key: http://localhost:61063 for channel [id: 0x8225b328, L:/127.0.0.1:49740 - R:localhost/127.0.0.1:61063]
20:38:05.445 [Forwarding sendKeysToElement on session 1eb9efb700c666dc6eacee8cb65e3a1d to remote] DEBUG org.asynchttpclient.netty.request.NettyRequestSender - Using pooled Channel '[id: 0x8225b328, L:/127.0.0.1:49740 - R:localhost/127.0.0.1:61063]' for 'POST' to 'http://localhost:61063/session/1eb9efb700c666dc6eacee8cb65e3a1d/element/ce4aa821-315a-44dc-8228-75e920a09719/value'
20:38:05.445 [Forwarding sendKeysToElement on session 1eb9efb700c666dc6eacee8cb65e3a1d to remote] DEBUG org.asynchttpclient.netty.request.NettyRequestSender - Using open Channel [id: 0x8225b328, L:/127.0.0.1:49740 - R:localhost/127.0.0.1:61063] for POST '/session/1eb9efb700c666dc6eacee8cb65e3a1d/element/ce4aa821-315a-44dc-8228-75e920a09719/value'
20:38:05.550 [AsyncHttpClient-1-16] DEBUG org.asynchttpclient.netty.handler.HttpHandler - 

Request DefaultHttpRequest(decodeResult: success, version: HTTP/1.1)
POST /session/1eb9efb700c666dc6eacee8cb65e3a1d/element/ce4aa821-315a-44dc-8228-75e920a09719/value HTTP/1.1
User-Agent: selenium/4.1.2 (java windows)
Content-Length: 121
Content-Type: application/json; charset=utf-8
host: localhost:61063
accept: */*

Response DefaultHttpResponse(decodeResult: success, version: HTTP/1.1)
HTTP/1.1 200 OK
Content-Type: application/json; charset=utf-8
cache-control: no-cache
content-length: 14

20:38:05.551 [AsyncHttpClient-1-16] DEBUG org.asynchttpclient.netty.channel.ChannelManager - Adding key: http://localhost:61063 for channel [id: 0x8225b328, L:/127.0.0.1:49740 - R:localhost/127.0.0.1:61063]
  &amp#27;[32mAnd &amp#27;[0m&amp#27;[32mI input &amp#27;[0m&amp#27;[32m&amp#27;[1m"pass"&amp#27;[0m&amp#27;[32m password&amp#27;[0m                      &amp#27;[90m# starter.stepdefinitions.LogInOutSteps.iInputPasswordPassword(java.lang.String)&amp#27;[0m
20:38:05.564 [Forwarding screenshot on session 1eb9efb700c666dc6eacee8cb65e3a1d to remote] DEBUG org.asynchttpclient.netty.request.NettyRequestSender - Using pooled Channel '[id: 0x8225b328, L:/127.0.0.1:49740 - R:localhost/127.0.0.1:61063]' for 'GET' to 'http://localhost:61063/session/1eb9efb700c666dc6eacee8cb65e3a1d/screenshot'
20:38:05.564 [Forwarding screenshot on session 1eb9efb700c666dc6eacee8cb65e3a1d to remote] DEBUG org.asynchttpclient.netty.request.NettyRequestSender - Using open Channel [id: 0x8225b328, L:/127.0.0.1:49740 - R:localhost/127.0.0.1:61063] for GET '/session/1eb9efb700c666dc6eacee8cb65e3a1d/screenshot'
20:38:05.583 [AsyncHttpClient-1-1] DEBUG org.asynchttpclient.netty.channel.DefaultChannelPool - Entry count for : http://localhost:49741 : 1
20:38:05.800 [AsyncHttpClient-1-16] DEBUG org.asynchttpclient.netty.handler.HttpHandler - 

Request DefaultFullHttpRequest(decodeResult: success, version: HTTP/1.1, content: EmptyByteBufBE)
GET /session/1eb9efb700c666dc6eacee8cb65e3a1d/screenshot HTTP/1.1
User-Agent: selenium/4.1.2 (java windows)
Cache-Control: no-cache
Content-Type: application/json; charset=utf-8
host: localhost:61063
accept: */*

Response DefaultHttpResponse(decodeResult: success, version: HTTP/1.1)
HTTP/1.1 200 OK
Content-Type: application/json; charset=utf-8
cache-control: no-cache
content-length: 47428

20:38:05.801 [AsyncHttpClient-1-16] DEBUG org.asynchttpclient.netty.channel.ChannelManager - Adding key: http://localhost:61063 for channel [id: 0x8225b328, L:/127.0.0.1:49740 - R:localhost/127.0.0.1:61063]
20:38:05.811 [main] DEBUG net.serenitybdd.core.photography.Darkroom - Send negative for processing for target\site\serenity\af3936a2b9eb0925694e3bbaf07450db6d3103eaa4a7b1f38124efe025f9ba9d.png
20:38:05.814 [Darkroom Processing Line] DEBUG net.serenitybdd.core.photography.DarkroomProcessingLine - Processing screenshot image in /var/screenshots/screenshot-1483516570733248007
20:38:05.814 [Darkroom Processing Line] DEBUG net.serenitybdd.core.photography.DarkroomProcessingLine - Saving screenshot to target\site\serenity\af3936a2b9eb0925694e3bbaf07450db6d3103eaa4a7b1f38124efe025f9ba9d.png
20:38:05.836 [Forwarding findElement on session 1eb9efb700c666dc6eacee8cb65e3a1d to remote] DEBUG org.asynchttpclient.netty.request.NettyRequestSender - Using pooled Channel '[id: 0x8225b328, L:/127.0.0.1:49740 - R:localhost/127.0.0.1:61063]' for 'POST' to 'http://localhost:61063/session/1eb9efb700c666dc6eacee8cb65e3a1d/element'
20:38:05.836 [Forwarding findElement on session 1eb9efb700c666dc6eacee8cb65e3a1d to remote] DEBUG org.asynchttpclient.netty.request.NettyRequestSender - Using open Channel [id: 0x8225b328, L:/127.0.0.1:49740 - R:localhost/127.0.0.1:61063] for POST '/session/1eb9efb700c666dc6eacee8cb65e3a1d/element'
20:38:05.872 [AsyncHttpClient-1-16] DEBUG org.asynchttpclient.netty.handler.HttpHandler - 

Request DefaultHttpRequest(decodeResult: success, version: HTTP/1.1)
POST /session/1eb9efb700c666dc6eacee8cb65e3a1d/element HTTP/1.1
User-Agent: selenium/4.1.2 (java windows)
Content-Length: 81
Content-Type: application/json; charset=utf-8
host: localhost:61063
accept: */*

Response DefaultHttpResponse(decodeResult: success, version: HTTP/1.1)
HTTP/1.1 200 OK
Content-Type: application/json; charset=utf-8
cache-control: no-cache
content-length: 88

20:38:05.872 [AsyncHttpClient-1-16] DEBUG org.asynchttpclient.netty.channel.ChannelManager - Adding key: http://localhost:61063 for channel [id: 0x8225b328, L:/127.0.0.1:49740 - R:localhost/127.0.0.1:61063]
20:38:05.877 [Forwarding getElementTagName on session 1eb9efb700c666dc6eacee8cb65e3a1d to remote] DEBUG org.asynchttpclient.netty.request.NettyRequestSender - Using pooled Channel '[id: 0x8225b328, L:/127.0.0.1:49740 - R:localhost/127.0.0.1:61063]' for 'GET' to 'http://localhost:61063/session/1eb9efb700c666dc6eacee8cb65e3a1d/element/02c475e3-6143-4da6-a996-9f01cb97620e/name'
20:38:05.878 [Forwarding getElementTagName on session 1eb9efb700c666dc6eacee8cb65e3a1d to remote] DEBUG org.asynchttpclient.netty.request.NettyRequestSender - Using open Channel [id: 0x8225b328, L:/127.0.0.1:49740 - R:localhost/127.0.0.1:61063] for GET '/session/1eb9efb700c666dc6eacee8cb65e3a1d/element/02c475e3-6143-4da6-a996-9f01cb97620e/name'
20:38:05.896 [AsyncHttpClient-1-16] DEBUG org.asynchttpclient.netty.handler.HttpHandler - 

Request DefaultFullHttpRequest(decodeResult: success, version: HTTP/1.1, content: EmptyByteBufBE)
GET /session/1eb9efb700c666dc6eacee8cb65e3a1d/element/02c475e3-6143-4da6-a996-9f01cb97620e/name HTTP/1.1
User-Agent: selenium/4.1.2 (java windows)
Cache-Control: no-cache
Content-Type: application/json; charset=utf-8
host: localhost:61063
accept: */*

Response DefaultHttpResponse(decodeResult: success, version: HTTP/1.1)
HTTP/1.1 200 OK
Content-Type: application/json; charset=utf-8
cache-control: no-cache
content-length: 16

20:38:05.897 [AsyncHttpClient-1-16] DEBUG org.asynchttpclient.netty.channel.ChannelManager - Adding key: http://localhost:61063 for channel [id: 0x8225b328, L:/127.0.0.1:49740 - R:localhost/127.0.0.1:61063]
20:38:05.899 [Forwarding getElementTagName on session 1eb9efb700c666dc6eacee8cb65e3a1d to remote] DEBUG org.asynchttpclient.netty.request.NettyRequestSender - Using pooled Channel '[id: 0x8225b328, L:/127.0.0.1:49740 - R:localhost/127.0.0.1:61063]' for 'GET' to 'http://localhost:61063/session/1eb9efb700c666dc6eacee8cb65e3a1d/element/02c475e3-6143-4da6-a996-9f01cb97620e/name'
20:38:05.899 [Forwarding getElementTagName on session 1eb9efb700c666dc6eacee8cb65e3a1d to remote] DEBUG org.asynchttpclient.netty.request.NettyRequestSender - Using open Channel [id: 0x8225b328, L:/127.0.0.1:49740 - R:localhost/127.0.0.1:61063] for GET '/session/1eb9efb700c666dc6eacee8cb65e3a1d/element/02c475e3-6143-4da6-a996-9f01cb97620e/name'
20:38:05.909 [AsyncHttpClient-1-16] DEBUG org.asynchttpclient.netty.handler.HttpHandler - 

Request DefaultFullHttpRequest(decodeResult: success, version: HTTP/1.1, content: EmptyByteBufBE)
GET /session/1eb9efb700c666dc6eacee8cb65e3a1d/element/02c475e3-6143-4da6-a996-9f01cb97620e/name HTTP/1.1
User-Agent: selenium/4.1.2 (java windows)
Cache-Control: no-cache
Content-Type: application/json; charset=utf-8
host: localhost:61063
accept: */*

Response DefaultHttpResponse(decodeResult: success, version: HTTP/1.1)
HTTP/1.1 200 OK
Content-Type: application/json; charset=utf-8
cache-control: no-cache
content-length: 16

20:38:05.909 [AsyncHttpClient-1-16] DEBUG org.asynchttpclient.netty.channel.ChannelManager - Adding key: http://localhost:61063 for channel [id: 0x8225b328, L:/127.0.0.1:49740 - R:localhost/127.0.0.1:61063]
20:38:05.917 [Forwarding findElement on session 1eb9efb700c666dc6eacee8cb65e3a1d to remote] DEBUG org.asynchttpclient.netty.request.NettyRequestSender - Using pooled Channel '[id: 0x8225b328, L:/127.0.0.1:49740 - R:localhost/127.0.0.1:61063]' for 'POST' to 'http://localhost:61063/session/1eb9efb700c666dc6eacee8cb65e3a1d/element'
20:38:05.917 [Forwarding findElement on session 1eb9efb700c666dc6eacee8cb65e3a1d to remote] DEBUG org.asynchttpclient.netty.request.NettyRequestSender - Using open Channel [id: 0x8225b328, L:/127.0.0.1:49740 - R:localhost/127.0.0.1:61063] for POST '/session/1eb9efb700c666dc6eacee8cb65e3a1d/element'
20:38:05.940 [AsyncHttpClient-1-16] DEBUG org.asynchttpclient.netty.handler.HttpHandler - 

Request DefaultHttpRequest(decodeResult: success, version: HTTP/1.1)
POST /session/1eb9efb700c666dc6eacee8cb65e3a1d/element HTTP/1.1
User-Agent: selenium/4.1.2 (java windows)
Content-Length: 81
Content-Type: application/json; charset=utf-8
host: localhost:61063
accept: */*

Response DefaultHttpResponse(decodeResult: success, version: HTTP/1.1)
HTTP/1.1 200 OK
Content-Type: application/json; charset=utf-8
cache-control: no-cache
content-length: 88

20:38:05.941 [AsyncHttpClient-1-16] DEBUG org.asynchttpclient.netty.channel.ChannelManager - Adding key: http://localhost:61063 for channel [id: 0x8225b328, L:/127.0.0.1:49740 - R:localhost/127.0.0.1:61063]
20:38:05.944 [Forwarding clickElement on session 1eb9efb700c666dc6eacee8cb65e3a1d to remote] DEBUG org.asynchttpclient.netty.request.NettyRequestSender - Using pooled Channel '[id: 0x8225b328, L:/127.0.0.1:49740 - R:localhost/127.0.0.1:61063]' for 'POST' to 'http://localhost:61063/session/1eb9efb700c666dc6eacee8cb65e3a1d/element/02c475e3-6143-4da6-a996-9f01cb97620e/click'
20:38:05.944 [Forwarding clickElement on session 1eb9efb700c666dc6eacee8cb65e3a1d to remote] DEBUG org.asynchttpclient.netty.request.NettyRequestSender - Using open Channel [id: 0x8225b328, L:/127.0.0.1:49740 - R:localhost/127.0.0.1:61063] for POST '/session/1eb9efb700c666dc6eacee8cb65e3a1d/element/02c475e3-6143-4da6-a996-9f01cb97620e/click'
20:38:06.084 [AsyncHttpClient-1-16] DEBUG org.asynchttpclient.netty.handler.HttpHandler - 

Request DefaultHttpRequest(decodeResult: success, version: HTTP/1.1)
POST /session/1eb9efb700c666dc6eacee8cb65e3a1d/element/02c475e3-6143-4da6-a996-9f01cb97620e/click HTTP/1.1
User-Agent: selenium/4.1.2 (java windows)
Content-Length: 50
Content-Type: application/json; charset=utf-8
host: localhost:61063
accept: */*

Response DefaultHttpResponse(decodeResult: success, version: HTTP/1.1)
HTTP/1.1 200 OK
Content-Type: application/json; charset=utf-8
cache-control: no-cache
content-length: 14

20:38:06.084 [AsyncHttpClient-1-16] DEBUG org.asynchttpclient.netty.channel.ChannelManager - Adding key: http://localhost:61063 for channel [id: 0x8225b328, L:/127.0.0.1:49740 - R:localhost/127.0.0.1:61063]
  &amp#27;[32mAnd &amp#27;[0m&amp#27;[32mI click login button&amp#27;[0m                         &amp#27;[90m# starter.stepdefinitions.LogInOutSteps.iClickLoginButton()&amp#27;[0m
20:38:06.118 [Forwarding screenshot on session 1eb9efb700c666dc6eacee8cb65e3a1d to remote] DEBUG org.asynchttpclient.netty.request.NettyRequestSender - Using pooled Channel '[id: 0x8225b328, L:/127.0.0.1:49740 - R:localhost/127.0.0.1:61063]' for 'GET' to 'http://localhost:61063/session/1eb9efb700c666dc6eacee8cb65e3a1d/screenshot'
20:38:06.118 [Forwarding screenshot on session 1eb9efb700c666dc6eacee8cb65e3a1d to remote] DEBUG org.asynchttpclient.netty.request.NettyRequestSender - Using open Channel [id: 0x8225b328, L:/127.0.0.1:49740 - R:localhost/127.0.0.1:61063] for GET '/session/1eb9efb700c666dc6eacee8cb65e3a1d/screenshot'
20:38:06.683 [AsyncHttpClient-1-1] DEBUG org.asynchttpclient.netty.channel.DefaultChannelPool - Entry count for : http://localhost:49741 : 1
20:38:06.951 [AsyncHttpClient-1-16] DEBUG org.asynchttpclient.netty.handler.HttpHandler - 

Request DefaultFullHttpRequest(decodeResult: success, version: HTTP/1.1, content: EmptyByteBufBE)
GET /session/1eb9efb700c666dc6eacee8cb65e3a1d/screenshot HTTP/1.1
User-Agent: selenium/4.1.2 (java windows)
Cache-Control: no-cache
Content-Type: application/json; charset=utf-8
host: localhost:61063
accept: */*

Response DefaultHttpResponse(decodeResult: success, version: HTTP/1.1)
HTTP/1.1 200 OK
Content-Type: application/json; charset=utf-8
cache-control: no-cache
content-length: 45300

20:38:06.952 [AsyncHttpClient-1-16] DEBUG org.asynchttpclient.netty.channel.ChannelManager - Adding key: http://localhost:61063 for channel [id: 0x8225b328, L:/127.0.0.1:49740 - R:localhost/127.0.0.1:61063]
20:38:06.957 [main] DEBUG net.serenitybdd.core.photography.Darkroom - Send negative for processing for target\site\serenity\506e5b1c5a38da7b035e36601b791fb351ff51d06a3a19c1cb3e56ddfb901572.png
20:38:06.957 [Darkroom Processing Line] DEBUG net.serenitybdd.core.photography.DarkroomProcessingLine - Processing screenshot image in /var/screenshots/screenshot-5792761127312743870
20:38:06.957 [Darkroom Processing Line] DEBUG net.serenitybdd.core.photography.DarkroomProcessingLine - Saving screenshot to target\site\serenity\506e5b1c5a38da7b035e36601b791fb351ff51d06a3a19c1cb3e56ddfb901572.png
20:38:06.979 [Forwarding findElement on session 1eb9efb700c666dc6eacee8cb65e3a1d to remote] DEBUG org.asynchttpclient.netty.request.NettyRequestSender - Using pooled Channel '[id: 0x8225b328, L:/127.0.0.1:49740 - R:localhost/127.0.0.1:61063]' for 'POST' to 'http://localhost:61063/session/1eb9efb700c666dc6eacee8cb65e3a1d/element'
20:38:06.979 [Forwarding findElement on session 1eb9efb700c666dc6eacee8cb65e3a1d to remote] DEBUG org.asynchttpclient.netty.request.NettyRequestSender - Using open Channel [id: 0x8225b328, L:/127.0.0.1:49740 - R:localhost/127.0.0.1:61063] for POST '/session/1eb9efb700c666dc6eacee8cb65e3a1d/element'
20:38:07.486 [AsyncHttpClient-1-16] DEBUG org.asynchttpclient.netty.handler.HttpHandler - 

Request DefaultHttpRequest(decodeResult: success, version: HTTP/1.1)
POST /session/1eb9efb700c666dc6eacee8cb65e3a1d/element HTTP/1.1
User-Agent: selenium/4.1.2 (java windows)
Content-Length: 59
Content-Type: application/json; charset=utf-8
host: localhost:61063
accept: */*

Response DefaultHttpResponse(decodeResult: success, version: HTTP/1.1)
HTTP/1.1 200 OK
Content-Type: application/json; charset=utf-8
cache-control: no-cache
content-length: 88

20:38:07.487 [AsyncHttpClient-1-16] DEBUG org.asynchttpclient.netty.channel.ChannelManager - Adding key: http://localhost:61063 for channel [id: 0x8225b328, L:/127.0.0.1:49740 - R:localhost/127.0.0.1:61063]
20:38:07.496 [Forwarding isElementDisplayed on session 1eb9efb700c666dc6eacee8cb65e3a1d to remote] DEBUG org.asynchttpclient.netty.request.NettyRequestSender - Using pooled Channel '[id: 0x8225b328, L:/127.0.0.1:49740 - R:localhost/127.0.0.1:61063]' for 'POST' to 'http://localhost:61063/session/1eb9efb700c666dc6eacee8cb65e3a1d/execute/sync'
20:38:07.496 [Forwarding isElementDisplayed on session 1eb9efb700c666dc6eacee8cb65e3a1d to remote] DEBUG org.asynchttpclient.netty.request.NettyRequestSender - Using open Channel [id: 0x8225b328, L:/127.0.0.1:49740 - R:localhost/127.0.0.1:61063] for POST '/session/1eb9efb700c666dc6eacee8cb65e3a1d/execute/sync'
20:38:07.529 [AsyncHttpClient-1-16] DEBUG org.asynchttpclient.netty.handler.HttpHandler - 

Request DefaultHttpRequest(decodeResult: success, version: HTTP/1.1)
POST /session/1eb9efb700c666dc6eacee8cb65e3a1d/execute/sync HTTP/1.1
User-Agent: selenium/4.1.2 (java windows)
Content-Length: 48780
Content-Type: application/json; charset=utf-8
host: localhost:61063
accept: */*

Response DefaultHttpResponse(decodeResult: success, version: HTTP/1.1)
HTTP/1.1 200 OK
Content-Type: application/json; charset=utf-8
cache-control: no-cache
content-length: 14

20:38:07.529 [AsyncHttpClient-1-16] DEBUG org.asynchttpclient.netty.channel.ChannelManager - Adding key: http://localhost:61063 for channel [id: 0x8225b328, L:/127.0.0.1:49740 - R:localhost/127.0.0.1:61063]
20:38:07.535 [Forwarding findElement on session 1eb9efb700c666dc6eacee8cb65e3a1d to remote] DEBUG org.asynchttpclient.netty.request.NettyRequestSender - Using pooled Channel '[id: 0x8225b328, L:/127.0.0.1:49740 - R:localhost/127.0.0.1:61063]' for 'POST' to 'http://localhost:61063/session/1eb9efb700c666dc6eacee8cb65e3a1d/element'
20:38:07.535 [Forwarding findElement on session 1eb9efb700c666dc6eacee8cb65e3a1d to remote] DEBUG org.asynchttpclient.netty.request.NettyRequestSender - Using open Channel [id: 0x8225b328, L:/127.0.0.1:49740 - R:localhost/127.0.0.1:61063] for POST '/session/1eb9efb700c666dc6eacee8cb65e3a1d/element'
20:38:07.548 [AsyncHttpClient-1-16] DEBUG org.asynchttpclient.netty.handler.HttpHandler - 

Request DefaultHttpRequest(decodeResult: success, version: HTTP/1.1)
POST /session/1eb9efb700c666dc6eacee8cb65e3a1d/element HTTP/1.1
User-Agent: selenium/4.1.2 (java windows)
Content-Length: 59
Content-Type: application/json; charset=utf-8
host: localhost:61063
accept: */*

Response DefaultHttpResponse(decodeResult: success, version: HTTP/1.1)
HTTP/1.1 200 OK
Content-Type: application/json; charset=utf-8
cache-control: no-cache
content-length: 88

20:38:07.548 [AsyncHttpClient-1-16] DEBUG org.asynchttpclient.netty.channel.ChannelManager - Adding key: http://localhost:61063 for channel [id: 0x8225b328, L:/127.0.0.1:49740 - R:localhost/127.0.0.1:61063]
20:38:07.557 [Forwarding isElementDisplayed on session 1eb9efb700c666dc6eacee8cb65e3a1d to remote] DEBUG org.asynchttpclient.netty.request.NettyRequestSender - Using pooled Channel '[id: 0x8225b328, L:/127.0.0.1:49740 - R:localhost/127.0.0.1:61063]' for 'POST' to 'http://localhost:61063/session/1eb9efb700c666dc6eacee8cb65e3a1d/execute/sync'
20:38:07.557 [Forwarding isElementDisplayed on session 1eb9efb700c666dc6eacee8cb65e3a1d to remote] DEBUG org.asynchttpclient.netty.request.NettyRequestSender - Using open Channel [id: 0x8225b328, L:/127.0.0.1:49740 - R:localhost/127.0.0.1:61063] for POST '/session/1eb9efb700c666dc6eacee8cb65e3a1d/execute/sync'
20:38:07.588 [AsyncHttpClient-1-16] DEBUG org.asynchttpclient.netty.handler.HttpHandler - 

Request DefaultHttpRequest(decodeResult: success, version: HTTP/1.1)
POST /session/1eb9efb700c666dc6eacee8cb65e3a1d/execute/sync HTTP/1.1
User-Agent: selenium/4.1.2 (java windows)
Content-Length: 48780
Content-Type: application/json; charset=utf-8
host: localhost:61063
accept: */*

Response DefaultHttpResponse(decodeResult: success, version: HTTP/1.1)
HTTP/1.1 200 OK
Content-Type: application/json; charset=utf-8
cache-control: no-cache
content-length: 14

20:38:07.588 [AsyncHttpClient-1-16] DEBUG org.asynchttpclient.netty.channel.ChannelManager - Adding key: http://localhost:61063 for channel [id: 0x8225b328, L:/127.0.0.1:49740 - R:localhost/127.0.0.1:61063]
  &amp#27;[32mThen &amp#27;[0m&amp#27;[32mI get &amp#27;[0m&amp#27;[32m&amp#27;[1m"error"&amp#27;[0m&amp#27;[32m as result&amp#27;[0m                     &amp#27;[90m# starter.stepdefinitions.LogInOutSteps.iGetResult(java.lang.String)&amp#27;[0m
20:38:07.601 [Forwarding screenshot on session 1eb9efb700c666dc6eacee8cb65e3a1d to remote] DEBUG org.asynchttpclient.netty.request.NettyRequestSender - Using pooled Channel '[id: 0x8225b328, L:/127.0.0.1:49740 - R:localhost/127.0.0.1:61063]' for 'GET' to 'http://localhost:61063/session/1eb9efb700c666dc6eacee8cb65e3a1d/screenshot'
20:38:07.601 [Forwarding screenshot on session 1eb9efb700c666dc6eacee8cb65e3a1d to remote] DEBUG org.asynchttpclient.netty.request.NettyRequestSender - Using open Channel [id: 0x8225b328, L:/127.0.0.1:49740 - R:localhost/127.0.0.1:61063] for GET '/session/1eb9efb700c666dc6eacee8cb65e3a1d/screenshot'
20:38:07.779 [AsyncHttpClient-1-1] DEBUG org.asynchttpclient.netty.channel.DefaultChannelPool - Entry count for : http://localhost:49741 : 1
20:38:07.880 [AsyncHttpClient-1-16] DEBUG org.asynchttpclient.netty.handler.HttpHandler - 

Request DefaultFullHttpRequest(decodeResult: success, version: HTTP/1.1, content: EmptyByteBufBE)
GET /session/1eb9efb700c666dc6eacee8cb65e3a1d/screenshot HTTP/1.1
User-Agent: selenium/4.1.2 (java windows)
Cache-Control: no-cache
Content-Type: application/json; charset=utf-8
host: localhost:61063
accept: */*

Response DefaultHttpResponse(decodeResult: success, version: HTTP/1.1)
HTTP/1.1 200 OK
Content-Type: application/json; charset=utf-8
cache-control: no-cache
content-length: 53308

20:38:07.881 [AsyncHttpClient-1-16] DEBUG org.asynchttpclient.netty.channel.ChannelManager - Adding key: http://localhost:61063 for channel [id: 0x8225b328, L:/127.0.0.1:49740 - R:localhost/127.0.0.1:61063]
20:38:07.885 [main] DEBUG net.serenitybdd.core.photography.Darkroom - Send negative for processing for target\site\serenity\1954d68a27fbc7737a6c8608070af1bfb0f79218a0997c3c3559d5672ce6a28d.png
20:38:07.886 [Darkroom Processing Line] DEBUG net.serenitybdd.core.photography.DarkroomProcessingLine - Processing screenshot image in /var/screenshots/screenshot-10886005382301517046
20:38:07.886 [Darkroom Processing Line] DEBUG net.serenitybdd.core.photography.DarkroomProcessingLine - Saving screenshot to target\site\serenity\1954d68a27fbc7737a6c8608070af1bfb0f79218a0997c3c3559d5672ce6a28d.png
20:38:07.898 [AsyncHttpClient-1-2] DEBUG org.asynchttpclient.netty.handler.WebSocketHandler - Channel Closed: [id: 0xb1e122aa, L:/127.0.0.1:49757 ! R:localhost/127.0.0.1:49741] with attribute NettyResponseFuture{currentRetry=5,
	isDone=1,
	isCancelled=0,
	asyncHandler=org.asynchttpclient.ws.WebSocketUpgradeHandler@3a4fc6c0,
	nettyRequest=org.asynchttpclient.netty.request.NettyRequest@33f92fe3,
	future=java.util.concurrent.CompletableFuture@350ce5d1[Completed normally],
	uri=ws://localhost:49741/devtools/browser/bd4076e8-eeff-4810-9b26-1f813a89b6d6,
	keepAlive=true,
	redirectCount=0,
	timeoutsHolder=null,
	inAuth=0,
	touch=1667223483179}
20:38:07.899 [AsyncHttpClient-1-2] DEBUG org.asynchttpclient.netty.channel.ChannelManager - Closing Channel [id: 0xb1e122aa, L:/127.0.0.1:49757 ! R:localhost/127.0.0.1:49741] 
20:38:07.901 [Driver Command Executor] DEBUG org.asynchttpclient.netty.request.NettyRequestSender - Using pooled Channel '[id: 0x8225b328, L:/127.0.0.1:49740 - R:localhost/127.0.0.1:61063]' for 'DELETE' to 'http://localhost:61063/session/1eb9efb700c666dc6eacee8cb65e3a1d'
20:38:07.901 [Driver Command Executor] DEBUG org.asynchttpclient.netty.request.NettyRequestSender - Using open Channel [id: 0x8225b328, L:/127.0.0.1:49740 - R:localhost/127.0.0.1:61063] for DELETE '/session/1eb9efb700c666dc6eacee8cb65e3a1d'
20:38:08.064 [AsyncHttpClient-1-17] DEBUG org.asynchttpclient.netty.handler.HttpHandler - Unexpected I/O exception on channel [id: 0xd49e0f1f, L:/127.0.0.1:49756 - R:localhost/127.0.0.1:49741]
java.net.SocketException: Connection reset
	at java.base/sun.nio.ch.SocketChannelImpl.throwConnectionReset(SocketChannelImpl.java:345)
	at java.base/sun.nio.ch.SocketChannelImpl.read(SocketChannelImpl.java:376)
	at io.netty.buffer.PooledByteBuf.setBytes(PooledByteBuf.java:258)
	at io.netty.buffer.AbstractByteBuf.writeBytes(AbstractByteBuf.java:1132)
	at io.netty.channel.socket.nio.NioSocketChannel.doReadBytes(NioSocketChannel.java:350)
	at io.netty.channel.nio.AbstractNioByteChannel$NioByteUnsafe.read(AbstractNioByteChannel.java:151)
	at io.netty.channel.nio.NioEventLoop.processSelectedKey(NioEventLoop.java:722)
	at io.netty.channel.nio.NioEventLoop.processSelectedKeysOptimized(NioEventLoop.java:658)
	at io.netty.channel.nio.NioEventLoop.processSelectedKeys(NioEventLoop.java:584)
	at io.netty.channel.nio.NioEventLoop.run(NioEventLoop.java:496)
	at io.netty.util.concurrent.SingleThreadEventExecutor$4.run(SingleThreadEventExecutor.java:986)
	at io.netty.util.internal.ThreadExecutorMap$2.run(ThreadExecutorMap.java:74)
	at io.netty.util.concurrent.FastThreadLocalRunnable.run(FastThreadLocalRunnable.java:30)
	at java.base/java.lang.Thread.run(Thread.java:830)
20:38:08.064 [AsyncHttpClient-1-17] DEBUG org.asynchttpclient.netty.channel.ChannelManager - Closing Channel [id: 0xd49e0f1f, L:/127.0.0.1:49756 - R:localhost/127.0.0.1:49741] 
20:38:08.065 [AsyncHttpClient-1-17] DEBUG org.asynchttpclient.netty.handler.HttpHandler - Channel Closed: [id: 0xd49e0f1f, L:/127.0.0.1:49756 ! R:localhost/127.0.0.1:49741] with attribute DISCARD
20:38:08.092 [AsyncHttpClient-1-16] DEBUG org.asynchttpclient.netty.handler.HttpHandler - 

Request DefaultFullHttpRequest(decodeResult: success, version: HTTP/1.1, content: EmptyByteBufBE)
DELETE /session/1eb9efb700c666dc6eacee8cb65e3a1d HTTP/1.1
User-Agent: selenium/4.1.2 (java windows)
Content-Type: application/json; charset=utf-8
host: localhost:61063
accept: */*

Response DefaultHttpResponse(decodeResult: success, version: HTTP/1.1)
HTTP/1.1 200 OK
Content-Type: application/json; charset=utf-8
cache-control: no-cache
content-length: 14

20:38:08.093 [AsyncHttpClient-1-16] DEBUG org.asynchttpclient.netty.channel.ChannelManager - Adding key: http://localhost:61063 for channel [id: 0x8225b328, L:/127.0.0.1:49740 - R:localhost/127.0.0.1:61063]
20:38:08.187 [AsyncHttpClient-1-16] DEBUG org.asynchttpclient.netty.handler.HttpHandler - Channel Closed: [id: 0x8225b328, L:/127.0.0.1:49740 ! R:localhost/127.0.0.1:61063] with attribute DISCARD
]]></system-out>
    <system-err><![CDATA[Starting ChromeDriver 106.0.5249.61 (511755355844955cd3e264779baf0dd38212a4d0-refs/branch-heads/5249@{#569}) on port 61063
Only local connections are allowed.
Please see https://chromedriver.chromium.org/security-considerations for suggestions on keeping ChromeDriver safe.
ChromeDriver was started successfully.
[1667223481.847][WARNING]: This version of ChromeDriver has not been tested with Chrome version 107.
Oct 31, 2022 8:38:03 PM org.openqa.selenium.remote.ProtocolHandshake createSession
INFO: Detected dialect: W3C
Oct 31, 2022 8:38:03 PM org.openqa.selenium.devtools.CdpVersionFinder findNearestMatch
WARNING: Unable to find an exact match for CDP version 107, so returning the closest version found: a no-op implementation
Oct 31, 2022 8:38:03 PM org.openqa.selenium.devtools.CdpVersionFinder findNearestMatch
INFO: Unable to find CDP implementation matching 107.
Oct 31, 2022 8:38:03 PM org.openqa.selenium.chromium.ChromiumDriver lambda$new$3
WARNING: Unable to find version of CDP to use for . You may need to include a dependency on a specific version of the CDP using something similar to `org.seleniumhq.selenium:selenium-devtools-v86:4.1.2` where the version ("v86") matches the version of the chromium-based browser you're using and the version number of the artifact is the same as Selenium's.
]]></system-err>
  </testcase>
  <testcase name="Login with username and password #6" classname="Login" time="6.657">
    <system-out><![CDATA[
Scenario Outline: Login with username and password &amp#27;[90m# src/test/resources/features/Login.feature:24&amp#27;[0m
20:38:08.730 [main] INFO io.cucumber.core.plugin.SerenityReporter - Running feature from file:///C:/Users/ASUS/Desktop/stupen/miniproject/Web/ASWeb/src/test/resources/features/Login.feature
20:38:08.747 [main] INFO net.serenitybdd.core.webdriver.driverproviders.ChromeDriverProvider - Using automatically driver download
20:38:08.880 [AsyncHttpClient-1-1] DEBUG org.asynchttpclient.netty.channel.DefaultChannelPool - Entry count for : http://localhost:61063 : 1
20:38:08.880 [AsyncHttpClient-1-1] DEBUG org.asynchttpclient.netty.channel.DefaultChannelPool - Entry count for : http://localhost:49741 : 1
20:38:08.880 [AsyncHttpClient-1-1] DEBUG org.asynchttpclient.netty.channel.DefaultChannelPool - Adding Candidate expired Channel [id: 0x8225b328, L:/127.0.0.1:49740 ! R:localhost/127.0.0.1:61063] isIdleTimeoutExpired=false isRemotelyClosed=true isTtlExpired=false
20:38:08.880 [AsyncHttpClient-1-1] DEBUG org.asynchttpclient.netty.channel.DefaultChannelPool - Closing Idle Channel [id: 0x8225b328, L:/127.0.0.1:49740 ! R:localhost/127.0.0.1:61063]
20:38:08.880 [AsyncHttpClient-1-1] DEBUG org.asynchttpclient.netty.channel.DefaultChannelPool - Adding Candidate expired Channel [id: 0xd49e0f1f, L:/127.0.0.1:49756 ! R:localhost/127.0.0.1:49741] isIdleTimeoutExpired=false isRemotelyClosed=true isTtlExpired=false
20:38:08.880 [AsyncHttpClient-1-1] DEBUG org.asynchttpclient.netty.channel.DefaultChannelPool - Closing Idle Channel [id: 0xd49e0f1f, L:/127.0.0.1:49756 ! R:localhost/127.0.0.1:49741]
20:38:08.880 [AsyncHttpClient-1-1] DEBUG org.asynchttpclient.netty.channel.DefaultChannelPool - Closed 2 connections out of 2 in 0 ms
20:38:08.930 [main] DEBUG io.github.bonigarcia.wdm.cache.ResolutionCache - Resolution chrome=107 in cache (valid until 21:37:26 31/10/2022 WIB)
20:38:08.934 [main] DEBUG io.github.bonigarcia.wdm.cache.ResolutionCache - Resolution chrome107=107.0.5304.62 in cache (valid until 19:37:19 01/11/2022 WIB)
20:38:08.936 [main] INFO io.github.bonigarcia.wdm.WebDriverManager - Using chromedriver 107.0.5304.62 (resolved driver for Chrome 107)
20:38:08.963 [main] DEBUG io.github.bonigarcia.wdm.WebDriverManager - Driver chromedriver 107.0.5304.62 found in cache
20:38:08.963 [main] INFO io.github.bonigarcia.wdm.WebDriverManager - Exporting webdriver.chrome.driver as C:\Users\ASUS\.cache\selenium\chromedriver\win32\107.0.5304.62\chromedriver.exe
20:38:09.152 [main] DEBUG net.serenitybdd.core.webdriver.driverproviders.ProvideNewDriver - Instantiating driver
20:38:09.152 [main] DEBUG net.serenitybdd.core.webdriver.driverproviders.ProvideNewDriver - Driver capabilities: Capabilities {acceptInsecureCerts: false, base.url: https://alta-shop.vercel.app/, browserName: chrome, chrome.driver: src/test/resources/webdrive..., driver: chrome, goog:chromeOptions: {args: [], extensions: []}, wait.for.timeout: 10000}
20:38:09.705 [AsyncHttpClient-1-3] DEBUG org.asynchttpclient.netty.channel.NettyConnectListener - Using new Channel '[id: 0x579495a1, L:/127.0.0.1:49776 - R:localhost/127.0.0.1:59033]' for 'POST' to '/session'
20:38:10.878 [AsyncHttpClient-1-3] DEBUG org.asynchttpclient.netty.handler.HttpHandler - 

Request DefaultHttpRequest(decodeResult: success, version: HTTP/1.1)
POST /session HTTP/1.1
User-Agent: selenium/4.1.2 (java windows)
Content-Length: 646
Content-Type: application/json; charset=utf-8
host: localhost:59033
accept: */*

Response DefaultHttpResponse(decodeResult: success, version: HTTP/1.1)
HTTP/1.1 200 OK
Content-Type: application/json; charset=utf-8
cache-control: no-cache
content-length: 788

20:38:10.879 [AsyncHttpClient-1-3] DEBUG org.asynchttpclient.netty.channel.ChannelManager - Adding key: http://localhost:59033 for channel [id: 0x579495a1, L:/127.0.0.1:49776 - R:localhost/127.0.0.1:59033]
20:38:10.893 [AsyncHttpClient-1-4] DEBUG org.asynchttpclient.netty.channel.NettyConnectListener - Using new Channel '[id: 0x75c8451c, L:/127.0.0.1:49785 - R:localhost/127.0.0.1:49777]' for 'GET' to '/json/version'
20:38:10.893 [AsyncHttpClient-1-4] DEBUG org.asynchttpclient.netty.handler.HttpHandler - 

Request DefaultFullHttpRequest(decodeResult: success, version: HTTP/1.1, content: EmptyByteBufBE)
GET /json/version HTTP/1.1
User-Agent: selenium/4.1.2 (java windows)
host: localhost:49777
accept: */*

Response DefaultHttpResponse(decodeResult: success, version: HTTP/1.1)
HTTP/1.1 200 OK
Content-Type: application/json; charset=UTF-8
content-length: 423

20:38:10.894 [AsyncHttpClient-1-4] DEBUG org.asynchttpclient.netty.channel.ChannelManager - Adding key: http://localhost:49777 for channel [id: 0x75c8451c, L:/127.0.0.1:49785 - R:localhost/127.0.0.1:49777]
20:38:10.898 [AsyncHttpClient-1-5] DEBUG org.asynchttpclient.netty.channel.NettyConnectListener - Using new Channel '[id: 0xc7c57ecd, L:/127.0.0.1:49786 - R:localhost/127.0.0.1:49777]' for 'GET' to '/devtools/browser/f0f84200-2446-4ac5-96ac-4a6c75c4452b'
20:38:10.901 [AsyncHttpClient-1-5] DEBUG org.asynchttpclient.netty.handler.WebSocketHandler - 

Request DefaultFullHttpRequest(decodeResult: success, version: HTTP/1.1, content: EmptyByteBufBE)
GET /devtools/browser/f0f84200-2446-4ac5-96ac-4a6c75c4452b HTTP/1.1
upgrade: websocket
connection: upgrade
sec-websocket-key: OSW1ih68LoZgP7m89VpXqQ==
sec-websocket-version: 13
origin: http://localhost:49777
host: localhost:49777
accept: */*
user-agent: AHC/2.1

Response DefaultHttpResponse(decodeResult: success, version: HTTP/1.1)
HTTP/1.1 101 WebSocket Protocol Handshake
Upgrade: WebSocket
Connection: Upgrade
Sec-WebSocket-Accept: 111y8BcIT952GzeWngmqwx2g108=

20:38:10.907 [Forwarding get on session 308e7f14014567c48e1cf1011d0d26d9 to remote] DEBUG org.asynchttpclient.netty.request.NettyRequestSender - Using pooled Channel '[id: 0x579495a1, L:/127.0.0.1:49776 - R:localhost/127.0.0.1:59033]' for 'POST' to 'http://localhost:59033/session/308e7f14014567c48e1cf1011d0d26d9/url'
20:38:10.907 [Forwarding get on session 308e7f14014567c48e1cf1011d0d26d9 to remote] DEBUG org.asynchttpclient.netty.request.NettyRequestSender - Using open Channel [id: 0x579495a1, L:/127.0.0.1:49776 - R:localhost/127.0.0.1:59033] for POST '/session/308e7f14014567c48e1cf1011d0d26d9/url'
20:38:11.085 [AsyncHttpClient-1-1] DEBUG org.asynchttpclient.netty.channel.DefaultChannelPool - Entry count for : http://localhost:49777 : 1
20:38:11.618 [AsyncHttpClient-1-3] DEBUG org.asynchttpclient.netty.handler.HttpHandler - 

Request DefaultHttpRequest(decodeResult: success, version: HTTP/1.1)
POST /session/308e7f14014567c48e1cf1011d0d26d9/url HTTP/1.1
User-Agent: selenium/4.1.2 (java windows)
Content-Length: 74
Content-Type: application/json; charset=utf-8
host: localhost:59033
accept: */*

Response DefaultHttpResponse(decodeResult: success, version: HTTP/1.1)
HTTP/1.1 200 OK
Content-Type: application/json; charset=utf-8
cache-control: no-cache
content-length: 14

20:38:11.618 [AsyncHttpClient-1-3] DEBUG org.asynchttpclient.netty.channel.ChannelManager - Adding key: http://localhost:59033 for channel [id: 0x579495a1, L:/127.0.0.1:49776 - R:localhost/127.0.0.1:59033]
20:38:11.619 [Forwarding setTimeout on session 308e7f14014567c48e1cf1011d0d26d9 to remote] DEBUG org.asynchttpclient.netty.request.NettyRequestSender - Using pooled Channel '[id: 0x579495a1, L:/127.0.0.1:49776 - R:localhost/127.0.0.1:59033]' for 'POST' to 'http://localhost:59033/session/308e7f14014567c48e1cf1011d0d26d9/timeouts'
20:38:11.619 [Forwarding setTimeout on session 308e7f14014567c48e1cf1011d0d26d9 to remote] DEBUG org.asynchttpclient.netty.request.NettyRequestSender - Using open Channel [id: 0x579495a1, L:/127.0.0.1:49776 - R:localhost/127.0.0.1:59033] for POST '/session/308e7f14014567c48e1cf1011d0d26d9/timeouts'
20:38:11.620 [AsyncHttpClient-1-3] DEBUG org.asynchttpclient.netty.handler.HttpHandler - 

Request DefaultHttpRequest(decodeResult: success, version: HTTP/1.1)
POST /session/308e7f14014567c48e1cf1011d0d26d9/timeouts HTTP/1.1
User-Agent: selenium/4.1.2 (java windows)
Content-Length: 22
Content-Type: application/json; charset=utf-8
host: localhost:59033
accept: */*

Response DefaultHttpResponse(decodeResult: success, version: HTTP/1.1)
HTTP/1.1 200 OK
Content-Type: application/json; charset=utf-8
cache-control: no-cache
content-length: 14

20:38:11.620 [AsyncHttpClient-1-3] DEBUG org.asynchttpclient.netty.channel.ChannelManager - Adding key: http://localhost:59033 for channel [id: 0x579495a1, L:/127.0.0.1:49776 - R:localhost/127.0.0.1:59033]
20:38:11.623 [Forwarding getCurrentUrl on session 308e7f14014567c48e1cf1011d0d26d9 to remote] DEBUG org.asynchttpclient.netty.request.NettyRequestSender - Using pooled Channel '[id: 0x579495a1, L:/127.0.0.1:49776 - R:localhost/127.0.0.1:59033]' for 'GET' to 'http://localhost:59033/session/308e7f14014567c48e1cf1011d0d26d9/url'
20:38:11.623 [Forwarding getCurrentUrl on session 308e7f14014567c48e1cf1011d0d26d9 to remote] DEBUG org.asynchttpclient.netty.request.NettyRequestSender - Using open Channel [id: 0x579495a1, L:/127.0.0.1:49776 - R:localhost/127.0.0.1:59033] for GET '/session/308e7f14014567c48e1cf1011d0d26d9/url'
20:38:11.629 [AsyncHttpClient-1-3] DEBUG org.asynchttpclient.netty.handler.HttpHandler - 

Request DefaultFullHttpRequest(decodeResult: success, version: HTTP/1.1, content: EmptyByteBufBE)
GET /session/308e7f14014567c48e1cf1011d0d26d9/url HTTP/1.1
User-Agent: selenium/4.1.2 (java windows)
Cache-Control: no-cache
Content-Type: application/json; charset=utf-8
host: localhost:59033
accept: */*

Response DefaultHttpResponse(decodeResult: success, version: HTTP/1.1)
HTTP/1.1 200 OK
Content-Type: application/json; charset=utf-8
cache-control: no-cache
content-length: 51

20:38:11.629 [AsyncHttpClient-1-3] DEBUG org.asynchttpclient.netty.channel.ChannelManager - Adding key: http://localhost:59033 for channel [id: 0x579495a1, L:/127.0.0.1:49776 - R:localhost/127.0.0.1:59033]
  &amp#27;[32mGiven &amp#27;[0m&amp#27;[32mI am in login page&amp#27;[0m                         &amp#27;[90m# starter.stepdefinitions.LogInOutSteps.iAmInLoginPage()&amp#27;[0m
20:38:11.638 [Forwarding screenshot on session 308e7f14014567c48e1cf1011d0d26d9 to remote] DEBUG org.asynchttpclient.netty.request.NettyRequestSender - Using pooled Channel '[id: 0x579495a1, L:/127.0.0.1:49776 - R:localhost/127.0.0.1:59033]' for 'GET' to 'http://localhost:59033/session/308e7f14014567c48e1cf1011d0d26d9/screenshot'
20:38:11.638 [Forwarding screenshot on session 308e7f14014567c48e1cf1011d0d26d9 to remote] DEBUG org.asynchttpclient.netty.request.NettyRequestSender - Using open Channel [id: 0x579495a1, L:/127.0.0.1:49776 - R:localhost/127.0.0.1:59033] for GET '/session/308e7f14014567c48e1cf1011d0d26d9/screenshot'
20:38:12.127 [AsyncHttpClient-1-3] DEBUG org.asynchttpclient.netty.handler.HttpHandler - 

Request DefaultFullHttpRequest(decodeResult: success, version: HTTP/1.1, content: EmptyByteBufBE)
GET /session/308e7f14014567c48e1cf1011d0d26d9/screenshot HTTP/1.1
User-Agent: selenium/4.1.2 (java windows)
Cache-Control: no-cache
Content-Type: application/json; charset=utf-8
host: localhost:59033
accept: */*

Response DefaultHttpResponse(decodeResult: success, version: HTTP/1.1)
HTTP/1.1 200 OK
Content-Type: application/json; charset=utf-8
cache-control: no-cache
content-length: 38472

20:38:12.127 [AsyncHttpClient-1-3] DEBUG org.asynchttpclient.netty.channel.ChannelManager - Adding key: http://localhost:59033 for channel [id: 0x579495a1, L:/127.0.0.1:49776 - R:localhost/127.0.0.1:59033]
20:38:12.130 [main] DEBUG net.serenitybdd.core.photography.Darkroom - Send negative for processing for target\site\serenity\6c2309ed56aeb278067cd6b3caf368b9f01e276e2bf175d46007f31c90d5af21.png
20:38:12.138 [Forwarding findElement on session 308e7f14014567c48e1cf1011d0d26d9 to remote] DEBUG org.asynchttpclient.netty.request.NettyRequestSender - Using pooled Channel '[id: 0x579495a1, L:/127.0.0.1:49776 - R:localhost/127.0.0.1:59033]' for 'POST' to 'http://localhost:59033/session/308e7f14014567c48e1cf1011d0d26d9/element'
20:38:12.138 [Forwarding findElement on session 308e7f14014567c48e1cf1011d0d26d9 to remote] DEBUG org.asynchttpclient.netty.request.NettyRequestSender - Using open Channel [id: 0x579495a1, L:/127.0.0.1:49776 - R:localhost/127.0.0.1:59033] for POST '/session/308e7f14014567c48e1cf1011d0d26d9/element'
20:38:12.151 [AsyncHttpClient-1-3] DEBUG org.asynchttpclient.netty.handler.HttpHandler - 

Request DefaultHttpRequest(decodeResult: success, version: HTTP/1.1)
POST /session/308e7f14014567c48e1cf1011d0d26d9/element HTTP/1.1
User-Agent: selenium/4.1.2 (java windows)
Content-Length: 87
Content-Type: application/json; charset=utf-8
host: localhost:59033
accept: */*

Response DefaultHttpResponse(decodeResult: success, version: HTTP/1.1)
HTTP/1.1 200 OK
Content-Type: application/json; charset=utf-8
cache-control: no-cache
content-length: 88

20:38:12.151 [AsyncHttpClient-1-3] DEBUG org.asynchttpclient.netty.channel.ChannelManager - Adding key: http://localhost:59033 for channel [id: 0x579495a1, L:/127.0.0.1:49776 - R:localhost/127.0.0.1:59033]
20:38:12.152 [Forwarding clearElement on session 308e7f14014567c48e1cf1011d0d26d9 to remote] DEBUG org.asynchttpclient.netty.request.NettyRequestSender - Using pooled Channel '[id: 0x579495a1, L:/127.0.0.1:49776 - R:localhost/127.0.0.1:59033]' for 'POST' to 'http://localhost:59033/session/308e7f14014567c48e1cf1011d0d26d9/element/e4cdc2d7-db0d-4154-87c8-4550dd838f87/clear'
20:38:12.152 [Forwarding clearElement on session 308e7f14014567c48e1cf1011d0d26d9 to remote] DEBUG org.asynchttpclient.netty.request.NettyRequestSender - Using open Channel [id: 0x579495a1, L:/127.0.0.1:49776 - R:localhost/127.0.0.1:59033] for POST '/session/308e7f14014567c48e1cf1011d0d26d9/element/e4cdc2d7-db0d-4154-87c8-4550dd838f87/clear'
20:38:12.180 [AsyncHttpClient-1-1] DEBUG org.asynchttpclient.netty.channel.DefaultChannelPool - Entry count for : http://localhost:49777 : 1
20:38:12.186 [AsyncHttpClient-1-3] DEBUG org.asynchttpclient.netty.handler.HttpHandler - 

Request DefaultHttpRequest(decodeResult: success, version: HTTP/1.1)
POST /session/308e7f14014567c48e1cf1011d0d26d9/element/e4cdc2d7-db0d-4154-87c8-4550dd838f87/clear HTTP/1.1
User-Agent: selenium/4.1.2 (java windows)
Content-Length: 50
Content-Type: application/json; charset=utf-8
host: localhost:59033
accept: */*

Response DefaultHttpResponse(decodeResult: success, version: HTTP/1.1)
HTTP/1.1 200 OK
Content-Type: application/json; charset=utf-8
cache-control: no-cache
content-length: 14

20:38:12.186 [AsyncHttpClient-1-3] DEBUG org.asynchttpclient.netty.channel.ChannelManager - Adding key: http://localhost:59033 for channel [id: 0x579495a1, L:/127.0.0.1:49776 - R:localhost/127.0.0.1:59033]
20:38:12.188 [Forwarding sendKeysToElement on session 308e7f14014567c48e1cf1011d0d26d9 to remote] DEBUG org.asynchttpclient.netty.request.NettyRequestSender - Using pooled Channel '[id: 0x579495a1, L:/127.0.0.1:49776 - R:localhost/127.0.0.1:59033]' for 'POST' to 'http://localhost:59033/session/308e7f14014567c48e1cf1011d0d26d9/element/e4cdc2d7-db0d-4154-87c8-4550dd838f87/value'
20:38:12.188 [Forwarding sendKeysToElement on session 308e7f14014567c48e1cf1011d0d26d9 to remote] DEBUG org.asynchttpclient.netty.request.NettyRequestSender - Using open Channel [id: 0x579495a1, L:/127.0.0.1:49776 - R:localhost/127.0.0.1:59033] for POST '/session/308e7f14014567c48e1cf1011d0d26d9/element/e4cdc2d7-db0d-4154-87c8-4550dd838f87/value'
20:38:12.233 [AsyncHttpClient-1-3] DEBUG org.asynchttpclient.netty.handler.HttpHandler - 

Request DefaultHttpRequest(decodeResult: success, version: HTTP/1.1)
POST /session/308e7f14014567c48e1cf1011d0d26d9/element/e4cdc2d7-db0d-4154-87c8-4550dd838f87/value HTTP/1.1
User-Agent: selenium/4.1.2 (java windows)
Content-Length: 82
Content-Type: application/json; charset=utf-8
host: localhost:59033
accept: */*

Response DefaultHttpResponse(decodeResult: success, version: HTTP/1.1)
HTTP/1.1 200 OK
Content-Type: application/json; charset=utf-8
cache-control: no-cache
content-length: 14

20:38:12.233 [AsyncHttpClient-1-3] DEBUG org.asynchttpclient.netty.channel.ChannelManager - Adding key: http://localhost:59033 for channel [id: 0x579495a1, L:/127.0.0.1:49776 - R:localhost/127.0.0.1:59033]
  &amp#27;[32mWhen &amp#27;[0m&amp#27;[32mI input &amp#27;[0m&amp#27;[32m&amp#27;[1m""&amp#27;[0m&amp#27;[32m email&amp#27;[0m                            &amp#27;[90m# starter.stepdefinitions.LogInOutSteps.iInputEmailEmail(java.lang.String)&amp#27;[0m
20:38:12.244 [Forwarding screenshot on session 308e7f14014567c48e1cf1011d0d26d9 to remote] DEBUG org.asynchttpclient.netty.request.NettyRequestSender - Using pooled Channel '[id: 0x579495a1, L:/127.0.0.1:49776 - R:localhost/127.0.0.1:59033]' for 'GET' to 'http://localhost:59033/session/308e7f14014567c48e1cf1011d0d26d9/screenshot'
20:38:12.244 [Forwarding screenshot on session 308e7f14014567c48e1cf1011d0d26d9 to remote] DEBUG org.asynchttpclient.netty.request.NettyRequestSender - Using open Channel [id: 0x579495a1, L:/127.0.0.1:49776 - R:localhost/127.0.0.1:59033] for GET '/session/308e7f14014567c48e1cf1011d0d26d9/screenshot'
20:38:12.392 [AsyncHttpClient-1-3] DEBUG org.asynchttpclient.netty.handler.HttpHandler - 

Request DefaultFullHttpRequest(decodeResult: success, version: HTTP/1.1, content: EmptyByteBufBE)
GET /session/308e7f14014567c48e1cf1011d0d26d9/screenshot HTTP/1.1
User-Agent: selenium/4.1.2 (java windows)
Cache-Control: no-cache
Content-Type: application/json; charset=utf-8
host: localhost:59033
accept: */*

Response DefaultHttpResponse(decodeResult: success, version: HTTP/1.1)
HTTP/1.1 200 OK
Content-Type: application/json; charset=utf-8
cache-control: no-cache
content-length: 38780

20:38:12.393 [AsyncHttpClient-1-3] DEBUG org.asynchttpclient.netty.channel.ChannelManager - Adding key: http://localhost:59033 for channel [id: 0x579495a1, L:/127.0.0.1:49776 - R:localhost/127.0.0.1:59033]
20:38:12.395 [main] DEBUG net.serenitybdd.core.photography.Darkroom - Send negative for processing for target\site\serenity\82bc91dc00931c672e062404d2532e791c846c5a164f4bf4f407ab5ce7e4b8b2.png
20:38:12.395 [Darkroom Processing Line] DEBUG net.serenitybdd.core.photography.DarkroomProcessingLine - Processing screenshot image in /var/screenshots/screenshot-341107739755260913
20:38:12.395 [Darkroom Processing Line] DEBUG net.serenitybdd.core.photography.DarkroomProcessingLine - Saving screenshot to target\site\serenity\82bc91dc00931c672e062404d2532e791c846c5a164f4bf4f407ab5ce7e4b8b2.png
20:38:12.403 [Forwarding findElement on session 308e7f14014567c48e1cf1011d0d26d9 to remote] DEBUG org.asynchttpclient.netty.request.NettyRequestSender - Using pooled Channel '[id: 0x579495a1, L:/127.0.0.1:49776 - R:localhost/127.0.0.1:59033]' for 'POST' to 'http://localhost:59033/session/308e7f14014567c48e1cf1011d0d26d9/element'
20:38:12.403 [Forwarding findElement on session 308e7f14014567c48e1cf1011d0d26d9 to remote] DEBUG org.asynchttpclient.netty.request.NettyRequestSender - Using open Channel [id: 0x579495a1, L:/127.0.0.1:49776 - R:localhost/127.0.0.1:59033] for POST '/session/308e7f14014567c48e1cf1011d0d26d9/element'
20:38:12.416 [AsyncHttpClient-1-3] DEBUG org.asynchttpclient.netty.handler.HttpHandler - 

Request DefaultHttpRequest(decodeResult: success, version: HTTP/1.1)
POST /session/308e7f14014567c48e1cf1011d0d26d9/element HTTP/1.1
User-Agent: selenium/4.1.2 (java windows)
Content-Length: 90
Content-Type: application/json; charset=utf-8
host: localhost:59033
accept: */*

Response DefaultHttpResponse(decodeResult: success, version: HTTP/1.1)
HTTP/1.1 200 OK
Content-Type: application/json; charset=utf-8
cache-control: no-cache
content-length: 88

20:38:12.416 [AsyncHttpClient-1-3] DEBUG org.asynchttpclient.netty.channel.ChannelManager - Adding key: http://localhost:59033 for channel [id: 0x579495a1, L:/127.0.0.1:49776 - R:localhost/127.0.0.1:59033]
20:38:12.417 [Forwarding clearElement on session 308e7f14014567c48e1cf1011d0d26d9 to remote] DEBUG org.asynchttpclient.netty.request.NettyRequestSender - Using pooled Channel '[id: 0x579495a1, L:/127.0.0.1:49776 - R:localhost/127.0.0.1:59033]' for 'POST' to 'http://localhost:59033/session/308e7f14014567c48e1cf1011d0d26d9/element/df4b9023-3b14-4a64-b20c-45df0a717a1f/clear'
20:38:12.417 [Forwarding clearElement on session 308e7f14014567c48e1cf1011d0d26d9 to remote] DEBUG org.asynchttpclient.netty.request.NettyRequestSender - Using open Channel [id: 0x579495a1, L:/127.0.0.1:49776 - R:localhost/127.0.0.1:59033] for POST '/session/308e7f14014567c48e1cf1011d0d26d9/element/df4b9023-3b14-4a64-b20c-45df0a717a1f/clear'
20:38:12.450 [AsyncHttpClient-1-3] DEBUG org.asynchttpclient.netty.handler.HttpHandler - 

Request DefaultHttpRequest(decodeResult: success, version: HTTP/1.1)
POST /session/308e7f14014567c48e1cf1011d0d26d9/element/df4b9023-3b14-4a64-b20c-45df0a717a1f/clear HTTP/1.1
User-Agent: selenium/4.1.2 (java windows)
Content-Length: 50
Content-Type: application/json; charset=utf-8
host: localhost:59033
accept: */*

Response DefaultHttpResponse(decodeResult: success, version: HTTP/1.1)
HTTP/1.1 200 OK
Content-Type: application/json; charset=utf-8
cache-control: no-cache
content-length: 14

20:38:12.450 [AsyncHttpClient-1-3] DEBUG org.asynchttpclient.netty.channel.ChannelManager - Adding key: http://localhost:59033 for channel [id: 0x579495a1, L:/127.0.0.1:49776 - R:localhost/127.0.0.1:59033]
20:38:12.452 [Forwarding sendKeysToElement on session 308e7f14014567c48e1cf1011d0d26d9 to remote] DEBUG org.asynchttpclient.netty.request.NettyRequestSender - Using pooled Channel '[id: 0x579495a1, L:/127.0.0.1:49776 - R:localhost/127.0.0.1:59033]' for 'POST' to 'http://localhost:59033/session/308e7f14014567c48e1cf1011d0d26d9/element/df4b9023-3b14-4a64-b20c-45df0a717a1f/value'
20:38:12.452 [Forwarding sendKeysToElement on session 308e7f14014567c48e1cf1011d0d26d9 to remote] DEBUG org.asynchttpclient.netty.request.NettyRequestSender - Using open Channel [id: 0x579495a1, L:/127.0.0.1:49776 - R:localhost/127.0.0.1:59033] for POST '/session/308e7f14014567c48e1cf1011d0d26d9/element/df4b9023-3b14-4a64-b20c-45df0a717a1f/value'
20:38:12.492 [AsyncHttpClient-1-3] DEBUG org.asynchttpclient.netty.handler.HttpHandler - 

Request DefaultHttpRequest(decodeResult: success, version: HTTP/1.1)
POST /session/308e7f14014567c48e1cf1011d0d26d9/element/df4b9023-3b14-4a64-b20c-45df0a717a1f/value HTTP/1.1
User-Agent: selenium/4.1.2 (java windows)
Content-Length: 82
Content-Type: application/json; charset=utf-8
host: localhost:59033
accept: */*

Response DefaultHttpResponse(decodeResult: success, version: HTTP/1.1)
HTTP/1.1 200 OK
Content-Type: application/json; charset=utf-8
cache-control: no-cache
content-length: 14

20:38:12.492 [AsyncHttpClient-1-3] DEBUG org.asynchttpclient.netty.channel.ChannelManager - Adding key: http://localhost:59033 for channel [id: 0x579495a1, L:/127.0.0.1:49776 - R:localhost/127.0.0.1:59033]
  &amp#27;[32mAnd &amp#27;[0m&amp#27;[32mI input &amp#27;[0m&amp#27;[32m&amp#27;[1m""&amp#27;[0m&amp#27;[32m password&amp#27;[0m                          &amp#27;[90m# starter.stepdefinitions.LogInOutSteps.iInputPasswordPassword(java.lang.String)&amp#27;[0m
20:38:12.502 [Forwarding screenshot on session 308e7f14014567c48e1cf1011d0d26d9 to remote] DEBUG org.asynchttpclient.netty.request.NettyRequestSender - Using pooled Channel '[id: 0x579495a1, L:/127.0.0.1:49776 - R:localhost/127.0.0.1:59033]' for 'GET' to 'http://localhost:59033/session/308e7f14014567c48e1cf1011d0d26d9/screenshot'
20:38:12.502 [Forwarding screenshot on session 308e7f14014567c48e1cf1011d0d26d9 to remote] DEBUG org.asynchttpclient.netty.request.NettyRequestSender - Using open Channel [id: 0x579495a1, L:/127.0.0.1:49776 - R:localhost/127.0.0.1:59033] for GET '/session/308e7f14014567c48e1cf1011d0d26d9/screenshot'
20:38:12.668 [AsyncHttpClient-1-3] DEBUG org.asynchttpclient.netty.handler.HttpHandler - 

Request DefaultFullHttpRequest(decodeResult: success, version: HTTP/1.1, content: EmptyByteBufBE)
GET /session/308e7f14014567c48e1cf1011d0d26d9/screenshot HTTP/1.1
User-Agent: selenium/4.1.2 (java windows)
Cache-Control: no-cache
Content-Type: application/json; charset=utf-8
host: localhost:59033
accept: */*

Response DefaultHttpResponse(decodeResult: success, version: HTTP/1.1)
HTTP/1.1 200 OK
Content-Type: application/json; charset=utf-8
cache-control: no-cache
content-length: 39140

20:38:12.668 [AsyncHttpClient-1-3] DEBUG org.asynchttpclient.netty.channel.ChannelManager - Adding key: http://localhost:59033 for channel [id: 0x579495a1, L:/127.0.0.1:49776 - R:localhost/127.0.0.1:59033]
20:38:12.670 [main] DEBUG net.serenitybdd.core.photography.Darkroom - Send negative for processing for target\site\serenity\0084bdb66393c9ae7ebc326d47abe1c82e674265862e4764cc63f91397371f2b.png
20:38:12.670 [Darkroom Processing Line] DEBUG net.serenitybdd.core.photography.DarkroomProcessingLine - Processing screenshot image in /var/screenshots/screenshot-3349049943179422985
20:38:12.671 [Darkroom Processing Line] DEBUG net.serenitybdd.core.photography.DarkroomProcessingLine - Saving screenshot to target\site\serenity\0084bdb66393c9ae7ebc326d47abe1c82e674265862e4764cc63f91397371f2b.png
20:38:12.679 [Forwarding findElement on session 308e7f14014567c48e1cf1011d0d26d9 to remote] DEBUG org.asynchttpclient.netty.request.NettyRequestSender - Using pooled Channel '[id: 0x579495a1, L:/127.0.0.1:49776 - R:localhost/127.0.0.1:59033]' for 'POST' to 'http://localhost:59033/session/308e7f14014567c48e1cf1011d0d26d9/element'
20:38:12.680 [Forwarding findElement on session 308e7f14014567c48e1cf1011d0d26d9 to remote] DEBUG org.asynchttpclient.netty.request.NettyRequestSender - Using open Channel [id: 0x579495a1, L:/127.0.0.1:49776 - R:localhost/127.0.0.1:59033] for POST '/session/308e7f14014567c48e1cf1011d0d26d9/element'
20:38:12.691 [AsyncHttpClient-1-3] DEBUG org.asynchttpclient.netty.handler.HttpHandler - 

Request DefaultHttpRequest(decodeResult: success, version: HTTP/1.1)
POST /session/308e7f14014567c48e1cf1011d0d26d9/element HTTP/1.1
User-Agent: selenium/4.1.2 (java windows)
Content-Length: 81
Content-Type: application/json; charset=utf-8
host: localhost:59033
accept: */*

Response DefaultHttpResponse(decodeResult: success, version: HTTP/1.1)
HTTP/1.1 200 OK
Content-Type: application/json; charset=utf-8
cache-control: no-cache
content-length: 88

20:38:12.691 [AsyncHttpClient-1-3] DEBUG org.asynchttpclient.netty.channel.ChannelManager - Adding key: http://localhost:59033 for channel [id: 0x579495a1, L:/127.0.0.1:49776 - R:localhost/127.0.0.1:59033]
20:38:12.693 [Forwarding getElementTagName on session 308e7f14014567c48e1cf1011d0d26d9 to remote] DEBUG org.asynchttpclient.netty.request.NettyRequestSender - Using pooled Channel '[id: 0x579495a1, L:/127.0.0.1:49776 - R:localhost/127.0.0.1:59033]' for 'GET' to 'http://localhost:59033/session/308e7f14014567c48e1cf1011d0d26d9/element/4bfe5f9e-e553-44d6-9338-1e8b5afddaea/name'
20:38:12.693 [Forwarding getElementTagName on session 308e7f14014567c48e1cf1011d0d26d9 to remote] DEBUG org.asynchttpclient.netty.request.NettyRequestSender - Using open Channel [id: 0x579495a1, L:/127.0.0.1:49776 - R:localhost/127.0.0.1:59033] for GET '/session/308e7f14014567c48e1cf1011d0d26d9/element/4bfe5f9e-e553-44d6-9338-1e8b5afddaea/name'
20:38:12.698 [AsyncHttpClient-1-3] DEBUG org.asynchttpclient.netty.handler.HttpHandler - 

Request DefaultFullHttpRequest(decodeResult: success, version: HTTP/1.1, content: EmptyByteBufBE)
GET /session/308e7f14014567c48e1cf1011d0d26d9/element/4bfe5f9e-e553-44d6-9338-1e8b5afddaea/name HTTP/1.1
User-Agent: selenium/4.1.2 (java windows)
Cache-Control: no-cache
Content-Type: application/json; charset=utf-8
host: localhost:59033
accept: */*

Response DefaultHttpResponse(decodeResult: success, version: HTTP/1.1)
HTTP/1.1 200 OK
Content-Type: application/json; charset=utf-8
cache-control: no-cache
content-length: 16

20:38:12.698 [AsyncHttpClient-1-3] DEBUG org.asynchttpclient.netty.channel.ChannelManager - Adding key: http://localhost:59033 for channel [id: 0x579495a1, L:/127.0.0.1:49776 - R:localhost/127.0.0.1:59033]
20:38:12.700 [Forwarding getElementTagName on session 308e7f14014567c48e1cf1011d0d26d9 to remote] DEBUG org.asynchttpclient.netty.request.NettyRequestSender - Using pooled Channel '[id: 0x579495a1, L:/127.0.0.1:49776 - R:localhost/127.0.0.1:59033]' for 'GET' to 'http://localhost:59033/session/308e7f14014567c48e1cf1011d0d26d9/element/4bfe5f9e-e553-44d6-9338-1e8b5afddaea/name'
20:38:12.700 [Forwarding getElementTagName on session 308e7f14014567c48e1cf1011d0d26d9 to remote] DEBUG org.asynchttpclient.netty.request.NettyRequestSender - Using open Channel [id: 0x579495a1, L:/127.0.0.1:49776 - R:localhost/127.0.0.1:59033] for GET '/session/308e7f14014567c48e1cf1011d0d26d9/element/4bfe5f9e-e553-44d6-9338-1e8b5afddaea/name'
20:38:12.704 [AsyncHttpClient-1-3] DEBUG org.asynchttpclient.netty.handler.HttpHandler - 

Request DefaultFullHttpRequest(decodeResult: success, version: HTTP/1.1, content: EmptyByteBufBE)
GET /session/308e7f14014567c48e1cf1011d0d26d9/element/4bfe5f9e-e553-44d6-9338-1e8b5afddaea/name HTTP/1.1
User-Agent: selenium/4.1.2 (java windows)
Cache-Control: no-cache
Content-Type: application/json; charset=utf-8
host: localhost:59033
accept: */*

Response DefaultHttpResponse(decodeResult: success, version: HTTP/1.1)
HTTP/1.1 200 OK
Content-Type: application/json; charset=utf-8
cache-control: no-cache
content-length: 16

20:38:12.704 [AsyncHttpClient-1-3] DEBUG org.asynchttpclient.netty.channel.ChannelManager - Adding key: http://localhost:59033 for channel [id: 0x579495a1, L:/127.0.0.1:49776 - R:localhost/127.0.0.1:59033]
20:38:12.705 [Forwarding findElement on session 308e7f14014567c48e1cf1011d0d26d9 to remote] DEBUG org.asynchttpclient.netty.request.NettyRequestSender - Using pooled Channel '[id: 0x579495a1, L:/127.0.0.1:49776 - R:localhost/127.0.0.1:59033]' for 'POST' to 'http://localhost:59033/session/308e7f14014567c48e1cf1011d0d26d9/element'
20:38:12.705 [Forwarding findElement on session 308e7f14014567c48e1cf1011d0d26d9 to remote] DEBUG org.asynchttpclient.netty.request.NettyRequestSender - Using open Channel [id: 0x579495a1, L:/127.0.0.1:49776 - R:localhost/127.0.0.1:59033] for POST '/session/308e7f14014567c48e1cf1011d0d26d9/element'
20:38:12.715 [AsyncHttpClient-1-3] DEBUG org.asynchttpclient.netty.handler.HttpHandler - 

Request DefaultHttpRequest(decodeResult: success, version: HTTP/1.1)
POST /session/308e7f14014567c48e1cf1011d0d26d9/element HTTP/1.1
User-Agent: selenium/4.1.2 (java windows)
Content-Length: 81
Content-Type: application/json; charset=utf-8
host: localhost:59033
accept: */*

Response DefaultHttpResponse(decodeResult: success, version: HTTP/1.1)
HTTP/1.1 200 OK
Content-Type: application/json; charset=utf-8
cache-control: no-cache
content-length: 88

20:38:12.715 [AsyncHttpClient-1-3] DEBUG org.asynchttpclient.netty.channel.ChannelManager - Adding key: http://localhost:59033 for channel [id: 0x579495a1, L:/127.0.0.1:49776 - R:localhost/127.0.0.1:59033]
20:38:12.716 [Forwarding clickElement on session 308e7f14014567c48e1cf1011d0d26d9 to remote] DEBUG org.asynchttpclient.netty.request.NettyRequestSender - Using pooled Channel '[id: 0x579495a1, L:/127.0.0.1:49776 - R:localhost/127.0.0.1:59033]' for 'POST' to 'http://localhost:59033/session/308e7f14014567c48e1cf1011d0d26d9/element/4bfe5f9e-e553-44d6-9338-1e8b5afddaea/click'
20:38:12.717 [Forwarding clickElement on session 308e7f14014567c48e1cf1011d0d26d9 to remote] DEBUG org.asynchttpclient.netty.request.NettyRequestSender - Using open Channel [id: 0x579495a1, L:/127.0.0.1:49776 - R:localhost/127.0.0.1:59033] for POST '/session/308e7f14014567c48e1cf1011d0d26d9/element/4bfe5f9e-e553-44d6-9338-1e8b5afddaea/click'
20:38:12.783 [AsyncHttpClient-1-3] DEBUG org.asynchttpclient.netty.handler.HttpHandler - 

Request DefaultHttpRequest(decodeResult: success, version: HTTP/1.1)
POST /session/308e7f14014567c48e1cf1011d0d26d9/element/4bfe5f9e-e553-44d6-9338-1e8b5afddaea/click HTTP/1.1
User-Agent: selenium/4.1.2 (java windows)
Content-Length: 50
Content-Type: application/json; charset=utf-8
host: localhost:59033
accept: */*

Response DefaultHttpResponse(decodeResult: success, version: HTTP/1.1)
HTTP/1.1 200 OK
Content-Type: application/json; charset=utf-8
cache-control: no-cache
content-length: 14

20:38:12.783 [AsyncHttpClient-1-3] DEBUG org.asynchttpclient.netty.channel.ChannelManager - Adding key: http://localhost:59033 for channel [id: 0x579495a1, L:/127.0.0.1:49776 - R:localhost/127.0.0.1:59033]
  &amp#27;[32mAnd &amp#27;[0m&amp#27;[32mI click login button&amp#27;[0m                         &amp#27;[90m# starter.stepdefinitions.LogInOutSteps.iClickLoginButton()&amp#27;[0m
20:38:12.791 [Forwarding screenshot on session 308e7f14014567c48e1cf1011d0d26d9 to remote] DEBUG org.asynchttpclient.netty.request.NettyRequestSender - Using pooled Channel '[id: 0x579495a1, L:/127.0.0.1:49776 - R:localhost/127.0.0.1:59033]' for 'GET' to 'http://localhost:59033/session/308e7f14014567c48e1cf1011d0d26d9/screenshot'
20:38:12.791 [Forwarding screenshot on session 308e7f14014567c48e1cf1011d0d26d9 to remote] DEBUG org.asynchttpclient.netty.request.NettyRequestSender - Using open Channel [id: 0x579495a1, L:/127.0.0.1:49776 - R:localhost/127.0.0.1:59033] for GET '/session/308e7f14014567c48e1cf1011d0d26d9/screenshot'
20:38:13.231 [AsyncHttpClient-1-3] DEBUG org.asynchttpclient.netty.handler.HttpHandler - 

Request DefaultFullHttpRequest(decodeResult: success, version: HTTP/1.1, content: EmptyByteBufBE)
GET /session/308e7f14014567c48e1cf1011d0d26d9/screenshot HTTP/1.1
User-Agent: selenium/4.1.2 (java windows)
Cache-Control: no-cache
Content-Type: application/json; charset=utf-8
host: localhost:59033
accept: */*

Response DefaultHttpResponse(decodeResult: success, version: HTTP/1.1)
HTTP/1.1 200 OK
Content-Type: application/json; charset=utf-8
cache-control: no-cache
content-length: 38560

20:38:13.231 [AsyncHttpClient-1-3] DEBUG org.asynchttpclient.netty.channel.ChannelManager - Adding key: http://localhost:59033 for channel [id: 0x579495a1, L:/127.0.0.1:49776 - R:localhost/127.0.0.1:59033]
20:38:13.235 [main] DEBUG net.serenitybdd.core.photography.Darkroom - Send negative for processing for target\site\serenity\0759af2b54863986105d0b9a6e58f17c755f8ef6e69c4033aa0549d521fb4a26.png
20:38:13.236 [Darkroom Processing Line] DEBUG net.serenitybdd.core.photography.DarkroomProcessingLine - Processing screenshot image in /var/screenshots/screenshot-14159687230499629341
20:38:13.236 [Darkroom Processing Line] DEBUG net.serenitybdd.core.photography.DarkroomProcessingLine - Saving screenshot to target\site\serenity\0759af2b54863986105d0b9a6e58f17c755f8ef6e69c4033aa0549d521fb4a26.png
20:38:13.254 [Forwarding findElement on session 308e7f14014567c48e1cf1011d0d26d9 to remote] DEBUG org.asynchttpclient.netty.request.NettyRequestSender - Using pooled Channel '[id: 0x579495a1, L:/127.0.0.1:49776 - R:localhost/127.0.0.1:59033]' for 'POST' to 'http://localhost:59033/session/308e7f14014567c48e1cf1011d0d26d9/element'
20:38:13.254 [Forwarding findElement on session 308e7f14014567c48e1cf1011d0d26d9 to remote] DEBUG org.asynchttpclient.netty.request.NettyRequestSender - Using open Channel [id: 0x579495a1, L:/127.0.0.1:49776 - R:localhost/127.0.0.1:59033] for POST '/session/308e7f14014567c48e1cf1011d0d26d9/element'
20:38:13.294 [AsyncHttpClient-1-1] DEBUG org.asynchttpclient.netty.channel.DefaultChannelPool - Entry count for : http://localhost:49777 : 1
20:38:14.075 [AsyncHttpClient-1-3] DEBUG org.asynchttpclient.netty.handler.HttpHandler - 

Request DefaultHttpRequest(decodeResult: success, version: HTTP/1.1)
POST /session/308e7f14014567c48e1cf1011d0d26d9/element HTTP/1.1
User-Agent: selenium/4.1.2 (java windows)
Content-Length: 59
Content-Type: application/json; charset=utf-8
host: localhost:59033
accept: */*

Response DefaultHttpResponse(decodeResult: success, version: HTTP/1.1)
HTTP/1.1 200 OK
Content-Type: application/json; charset=utf-8
cache-control: no-cache
content-length: 88

20:38:14.075 [AsyncHttpClient-1-3] DEBUG org.asynchttpclient.netty.channel.ChannelManager - Adding key: http://localhost:59033 for channel [id: 0x579495a1, L:/127.0.0.1:49776 - R:localhost/127.0.0.1:59033]
20:38:14.084 [Forwarding isElementDisplayed on session 308e7f14014567c48e1cf1011d0d26d9 to remote] DEBUG org.asynchttpclient.netty.request.NettyRequestSender - Using pooled Channel '[id: 0x579495a1, L:/127.0.0.1:49776 - R:localhost/127.0.0.1:59033]' for 'POST' to 'http://localhost:59033/session/308e7f14014567c48e1cf1011d0d26d9/execute/sync'
20:38:14.084 [Forwarding isElementDisplayed on session 308e7f14014567c48e1cf1011d0d26d9 to remote] DEBUG org.asynchttpclient.netty.request.NettyRequestSender - Using open Channel [id: 0x579495a1, L:/127.0.0.1:49776 - R:localhost/127.0.0.1:59033] for POST '/session/308e7f14014567c48e1cf1011d0d26d9/execute/sync'
20:38:14.117 [AsyncHttpClient-1-3] DEBUG org.asynchttpclient.netty.handler.HttpHandler - 

Request DefaultHttpRequest(decodeResult: success, version: HTTP/1.1)
POST /session/308e7f14014567c48e1cf1011d0d26d9/execute/sync HTTP/1.1
User-Agent: selenium/4.1.2 (java windows)
Content-Length: 48780
Content-Type: application/json; charset=utf-8
host: localhost:59033
accept: */*

Response DefaultHttpResponse(decodeResult: success, version: HTTP/1.1)
HTTP/1.1 200 OK
Content-Type: application/json; charset=utf-8
cache-control: no-cache
content-length: 14

20:38:14.117 [AsyncHttpClient-1-3] DEBUG org.asynchttpclient.netty.channel.ChannelManager - Adding key: http://localhost:59033 for channel [id: 0x579495a1, L:/127.0.0.1:49776 - R:localhost/127.0.0.1:59033]
20:38:14.121 [Forwarding findElement on session 308e7f14014567c48e1cf1011d0d26d9 to remote] DEBUG org.asynchttpclient.netty.request.NettyRequestSender - Using pooled Channel '[id: 0x579495a1, L:/127.0.0.1:49776 - R:localhost/127.0.0.1:59033]' for 'POST' to 'http://localhost:59033/session/308e7f14014567c48e1cf1011d0d26d9/element'
20:38:14.121 [Forwarding findElement on session 308e7f14014567c48e1cf1011d0d26d9 to remote] DEBUG org.asynchttpclient.netty.request.NettyRequestSender - Using open Channel [id: 0x579495a1, L:/127.0.0.1:49776 - R:localhost/127.0.0.1:59033] for POST '/session/308e7f14014567c48e1cf1011d0d26d9/element'
20:38:14.135 [AsyncHttpClient-1-3] DEBUG org.asynchttpclient.netty.handler.HttpHandler - 

Request DefaultHttpRequest(decodeResult: success, version: HTTP/1.1)
POST /session/308e7f14014567c48e1cf1011d0d26d9/element HTTP/1.1
User-Agent: selenium/4.1.2 (java windows)
Content-Length: 59
Content-Type: application/json; charset=utf-8
host: localhost:59033
accept: */*

Response DefaultHttpResponse(decodeResult: success, version: HTTP/1.1)
HTTP/1.1 200 OK
Content-Type: application/json; charset=utf-8
cache-control: no-cache
content-length: 88

20:38:14.135 [AsyncHttpClient-1-3] DEBUG org.asynchttpclient.netty.channel.ChannelManager - Adding key: http://localhost:59033 for channel [id: 0x579495a1, L:/127.0.0.1:49776 - R:localhost/127.0.0.1:59033]
20:38:14.142 [Forwarding isElementDisplayed on session 308e7f14014567c48e1cf1011d0d26d9 to remote] DEBUG org.asynchttpclient.netty.request.NettyRequestSender - Using pooled Channel '[id: 0x579495a1, L:/127.0.0.1:49776 - R:localhost/127.0.0.1:59033]' for 'POST' to 'http://localhost:59033/session/308e7f14014567c48e1cf1011d0d26d9/execute/sync'
20:38:14.142 [Forwarding isElementDisplayed on session 308e7f14014567c48e1cf1011d0d26d9 to remote] DEBUG org.asynchttpclient.netty.request.NettyRequestSender - Using open Channel [id: 0x579495a1, L:/127.0.0.1:49776 - R:localhost/127.0.0.1:59033] for POST '/session/308e7f14014567c48e1cf1011d0d26d9/execute/sync'
20:38:14.170 [AsyncHttpClient-1-3] DEBUG org.asynchttpclient.netty.handler.HttpHandler - 

Request DefaultHttpRequest(decodeResult: success, version: HTTP/1.1)
POST /session/308e7f14014567c48e1cf1011d0d26d9/execute/sync HTTP/1.1
User-Agent: selenium/4.1.2 (java windows)
Content-Length: 48780
Content-Type: application/json; charset=utf-8
host: localhost:59033
accept: */*

Response DefaultHttpResponse(decodeResult: success, version: HTTP/1.1)
HTTP/1.1 200 OK
Content-Type: application/json; charset=utf-8
cache-control: no-cache
content-length: 14

20:38:14.171 [AsyncHttpClient-1-3] DEBUG org.asynchttpclient.netty.channel.ChannelManager - Adding key: http://localhost:59033 for channel [id: 0x579495a1, L:/127.0.0.1:49776 - R:localhost/127.0.0.1:59033]
  &amp#27;[32mThen &amp#27;[0m&amp#27;[32mI get &amp#27;[0m&amp#27;[32m&amp#27;[1m"error"&amp#27;[0m&amp#27;[32m as result&amp#27;[0m                     &amp#27;[90m# starter.stepdefinitions.LogInOutSteps.iGetResult(java.lang.String)&amp#27;[0m
20:38:14.182 [Forwarding screenshot on session 308e7f14014567c48e1cf1011d0d26d9 to remote] DEBUG org.asynchttpclient.netty.request.NettyRequestSender - Using pooled Channel '[id: 0x579495a1, L:/127.0.0.1:49776 - R:localhost/127.0.0.1:59033]' for 'GET' to 'http://localhost:59033/session/308e7f14014567c48e1cf1011d0d26d9/screenshot'
20:38:14.182 [Forwarding screenshot on session 308e7f14014567c48e1cf1011d0d26d9 to remote] DEBUG org.asynchttpclient.netty.request.NettyRequestSender - Using open Channel [id: 0x579495a1, L:/127.0.0.1:49776 - R:localhost/127.0.0.1:59033] for GET '/session/308e7f14014567c48e1cf1011d0d26d9/screenshot'
20:38:14.380 [AsyncHttpClient-1-1] DEBUG org.asynchttpclient.netty.channel.DefaultChannelPool - Entry count for : http://localhost:49777 : 1
20:38:14.506 [AsyncHttpClient-1-3] DEBUG org.asynchttpclient.netty.handler.HttpHandler - 

Request DefaultFullHttpRequest(decodeResult: success, version: HTTP/1.1, content: EmptyByteBufBE)
GET /session/308e7f14014567c48e1cf1011d0d26d9/screenshot HTTP/1.1
User-Agent: selenium/4.1.2 (java windows)
Cache-Control: no-cache
Content-Type: application/json; charset=utf-8
host: localhost:59033
accept: */*

Response DefaultHttpResponse(decodeResult: success, version: HTTP/1.1)
HTTP/1.1 200 OK
Content-Type: application/json; charset=utf-8
cache-control: no-cache
content-length: 44992

20:38:14.507 [AsyncHttpClient-1-3] DEBUG org.asynchttpclient.netty.channel.ChannelManager - Adding key: http://localhost:59033 for channel [id: 0x579495a1, L:/127.0.0.1:49776 - R:localhost/127.0.0.1:59033]
20:38:14.511 [main] DEBUG net.serenitybdd.core.photography.Darkroom - Send negative for processing for target\site\serenity\3bebdcc5b339f9ca11839ded4fa44dfd0ce67c56b6f17bde5633c4faa67f6210.png
20:38:14.512 [Darkroom Processing Line] DEBUG net.serenitybdd.core.photography.DarkroomProcessingLine - Processing screenshot image in /var/screenshots/screenshot-10090611187936148209
20:38:14.512 [Darkroom Processing Line] DEBUG net.serenitybdd.core.photography.DarkroomProcessingLine - Saving screenshot to target\site\serenity\3bebdcc5b339f9ca11839ded4fa44dfd0ce67c56b6f17bde5633c4faa67f6210.png
20:38:14.527 [AsyncHttpClient-1-5] DEBUG org.asynchttpclient.netty.handler.WebSocketHandler - Channel Closed: [id: 0xc7c57ecd, L:/127.0.0.1:49786 ! R:localhost/127.0.0.1:49777] with attribute NettyResponseFuture{currentRetry=5,
	isDone=1,
	isCancelled=0,
	asyncHandler=org.asynchttpclient.ws.WebSocketUpgradeHandler@385f29ee,
	nettyRequest=org.asynchttpclient.netty.request.NettyRequest@1ae0d431,
	future=java.util.concurrent.CompletableFuture@a4d3d6a[Completed normally],
	uri=ws://localhost:49777/devtools/browser/f0f84200-2446-4ac5-96ac-4a6c75c4452b,
	keepAlive=true,
	redirectCount=0,
	timeoutsHolder=null,
	inAuth=0,
	touch=1667223490901}
20:38:14.527 [AsyncHttpClient-1-5] DEBUG org.asynchttpclient.netty.channel.ChannelManager - Closing Channel [id: 0xc7c57ecd, L:/127.0.0.1:49786 ! R:localhost/127.0.0.1:49777] 
20:38:14.528 [Driver Command Executor] DEBUG org.asynchttpclient.netty.request.NettyRequestSender - Using pooled Channel '[id: 0x579495a1, L:/127.0.0.1:49776 - R:localhost/127.0.0.1:59033]' for 'DELETE' to 'http://localhost:59033/session/308e7f14014567c48e1cf1011d0d26d9'
20:38:14.528 [Driver Command Executor] DEBUG org.asynchttpclient.netty.request.NettyRequestSender - Using open Channel [id: 0x579495a1, L:/127.0.0.1:49776 - R:localhost/127.0.0.1:59033] for DELETE '/session/308e7f14014567c48e1cf1011d0d26d9'
20:38:14.734 [AsyncHttpClient-1-4] DEBUG org.asynchttpclient.netty.handler.HttpHandler - Unexpected I/O exception on channel [id: 0x75c8451c, L:/127.0.0.1:49785 - R:localhost/127.0.0.1:49777]
java.net.SocketException: Connection reset
	at java.base/sun.nio.ch.SocketChannelImpl.throwConnectionReset(SocketChannelImpl.java:345)
	at java.base/sun.nio.ch.SocketChannelImpl.read(SocketChannelImpl.java:376)
	at io.netty.buffer.PooledByteBuf.setBytes(PooledByteBuf.java:258)
	at io.netty.buffer.AbstractByteBuf.writeBytes(AbstractByteBuf.java:1132)
	at io.netty.channel.socket.nio.NioSocketChannel.doReadBytes(NioSocketChannel.java:350)
	at io.netty.channel.nio.AbstractNioByteChannel$NioByteUnsafe.read(AbstractNioByteChannel.java:151)
	at io.netty.channel.nio.NioEventLoop.processSelectedKey(NioEventLoop.java:722)
	at io.netty.channel.nio.NioEventLoop.processSelectedKeysOptimized(NioEventLoop.java:658)
	at io.netty.channel.nio.NioEventLoop.processSelectedKeys(NioEventLoop.java:584)
	at io.netty.channel.nio.NioEventLoop.run(NioEventLoop.java:496)
	at io.netty.util.concurrent.SingleThreadEventExecutor$4.run(SingleThreadEventExecutor.java:986)
	at io.netty.util.internal.ThreadExecutorMap$2.run(ThreadExecutorMap.java:74)
	at io.netty.util.concurrent.FastThreadLocalRunnable.run(FastThreadLocalRunnable.java:30)
	at java.base/java.lang.Thread.run(Thread.java:830)
20:38:14.734 [AsyncHttpClient-1-4] DEBUG org.asynchttpclient.netty.channel.ChannelManager - Closing Channel [id: 0x75c8451c, L:/127.0.0.1:49785 - R:localhost/127.0.0.1:49777] 
20:38:14.734 [AsyncHttpClient-1-4] DEBUG org.asynchttpclient.netty.handler.HttpHandler - Channel Closed: [id: 0x75c8451c, L:/127.0.0.1:49785 ! R:localhost/127.0.0.1:49777] with attribute DISCARD
20:38:14.766 [AsyncHttpClient-1-3] DEBUG org.asynchttpclient.netty.handler.HttpHandler - 

Request DefaultFullHttpRequest(decodeResult: success, version: HTTP/1.1, content: EmptyByteBufBE)
DELETE /session/308e7f14014567c48e1cf1011d0d26d9 HTTP/1.1
User-Agent: selenium/4.1.2 (java windows)
Content-Type: application/json; charset=utf-8
host: localhost:59033
accept: */*

Response DefaultHttpResponse(decodeResult: success, version: HTTP/1.1)
HTTP/1.1 200 OK
Content-Type: application/json; charset=utf-8
cache-control: no-cache
content-length: 14

20:38:14.767 [AsyncHttpClient-1-3] DEBUG org.asynchttpclient.netty.channel.ChannelManager - Adding key: http://localhost:59033 for channel [id: 0x579495a1, L:/127.0.0.1:49776 - R:localhost/127.0.0.1:59033]
20:38:14.849 [AsyncHttpClient-1-3] DEBUG org.asynchttpclient.netty.handler.HttpHandler - Channel Closed: [id: 0x579495a1, L:/127.0.0.1:49776 ! R:localhost/127.0.0.1:59033] with attribute DISCARD
]]></system-out>
    <system-err><![CDATA[Starting ChromeDriver 106.0.5249.61 (511755355844955cd3e264779baf0dd38212a4d0-refs/branch-heads/5249@{#569}) on port 59033
Only local connections are allowed.
Please see https://chromedriver.chromium.org/security-considerations for suggestions on keeping ChromeDriver safe.
ChromeDriver was started successfully.
[1667223490.438][WARNING]: This version of ChromeDriver has not been tested with Chrome version 107.
Oct 31, 2022 8:38:10 PM org.openqa.selenium.remote.ProtocolHandshake createSession
INFO: Detected dialect: W3C
Oct 31, 2022 8:38:10 PM org.openqa.selenium.devtools.CdpVersionFinder findNearestMatch
WARNING: Unable to find an exact match for CDP version 107, so returning the closest version found: a no-op implementation
Oct 31, 2022 8:38:10 PM org.openqa.selenium.devtools.CdpVersionFinder findNearestMatch
INFO: Unable to find CDP implementation matching 107.
Oct 31, 2022 8:38:10 PM org.openqa.selenium.chromium.ChromiumDriver lambda$new$3
WARNING: Unable to find version of CDP to use for . You may need to include a dependency on a specific version of the CDP using something similar to `org.seleniumhq.selenium:selenium-devtools-v86:4.1.2` where the version ("v86") matches the version of the chromium-based browser you're using and the version number of the artifact is the same as Selenium's.
]]></system-err>
  </testcase>
  <testcase name="Logout" classname="Logout" time="10.88">
    <system-out><![CDATA[20:38:15.379 [main] INFO io.cucumber.core.plugin.SerenityReporter - Running feature from file:///C:/Users/ASUS/Desktop/stupen/miniproject/Web/ASWeb/src/test/resources/features/Logout.feature
20:38:15.381 [main] DEBUG net.thucydides.core.steps.StepEventBus - Test suite started for story net.thucydides.core.model.Story@7960de68
20:38:15.381 [main] INFO  - Test Suite Started: Logout

Scenario: Logout                      &amp#27;[90m# src/test/resources/features/Logout.feature:6&amp#27;[0m
20:38:15.388 [main] INFO io.cucumber.core.plugin.SerenityReporter - Running feature from file:///C:/Users/ASUS/Desktop/stupen/miniproject/Web/ASWeb/src/test/resources/features/Logout.feature
20:38:15.390 [main] INFO  - 
  _____   ___   ___   _____     ___   _____     _     ___   _____   ___   ___  
 |_   _| | __| / __| |_   _|   / __| |_   _|   /_\   | _ \ |_   _| | __| |   \ 
   | |   | _|  \__ \   | |     \__ \   | |    / _ \  |   /   | |   | _|  | |) |
   |_|   |___| |___/   |_|     |___/   |_|   /_/ \_\ |_|_\   |_|   |___| |___/ 

Logout(logout;logout)
--------------------------------------------------------------------------------
20:38:15.405 [main] INFO net.serenitybdd.core.webdriver.driverproviders.ChromeDriverProvider - Using automatically driver download
20:38:15.484 [AsyncHttpClient-1-1] DEBUG org.asynchttpclient.netty.channel.DefaultChannelPool - Entry count for : http://localhost:59033 : 1
20:38:15.484 [AsyncHttpClient-1-1] DEBUG org.asynchttpclient.netty.channel.DefaultChannelPool - Entry count for : http://localhost:49777 : 1
20:38:15.484 [AsyncHttpClient-1-1] DEBUG org.asynchttpclient.netty.channel.DefaultChannelPool - Adding Candidate expired Channel [id: 0x579495a1, L:/127.0.0.1:49776 ! R:localhost/127.0.0.1:59033] isIdleTimeoutExpired=false isRemotelyClosed=true isTtlExpired=false
20:38:15.484 [AsyncHttpClient-1-1] DEBUG org.asynchttpclient.netty.channel.DefaultChannelPool - Closing Idle Channel [id: 0x579495a1, L:/127.0.0.1:49776 ! R:localhost/127.0.0.1:59033]
20:38:15.484 [AsyncHttpClient-1-1] DEBUG org.asynchttpclient.netty.channel.DefaultChannelPool - Adding Candidate expired Channel [id: 0x75c8451c, L:/127.0.0.1:49785 ! R:localhost/127.0.0.1:49777] isIdleTimeoutExpired=false isRemotelyClosed=true isTtlExpired=false
20:38:15.484 [AsyncHttpClient-1-1] DEBUG org.asynchttpclient.netty.channel.DefaultChannelPool - Closing Idle Channel [id: 0x75c8451c, L:/127.0.0.1:49785 ! R:localhost/127.0.0.1:49777]
20:38:15.484 [AsyncHttpClient-1-1] DEBUG org.asynchttpclient.netty.channel.DefaultChannelPool - Closed 2 connections out of 2 in 0 ms
20:38:15.535 [main] DEBUG io.github.bonigarcia.wdm.cache.ResolutionCache - Resolution chrome=107 in cache (valid until 21:37:26 31/10/2022 WIB)
20:38:15.540 [main] DEBUG io.github.bonigarcia.wdm.cache.ResolutionCache - Resolution chrome107=107.0.5304.62 in cache (valid until 19:37:19 01/11/2022 WIB)
20:38:15.543 [main] INFO io.github.bonigarcia.wdm.WebDriverManager - Using chromedriver 107.0.5304.62 (resolved driver for Chrome 107)
20:38:15.559 [main] DEBUG io.github.bonigarcia.wdm.WebDriverManager - Driver chromedriver 107.0.5304.62 found in cache
20:38:15.560 [main] INFO io.github.bonigarcia.wdm.WebDriverManager - Exporting webdriver.chrome.driver as C:\Users\ASUS\.cache\selenium\chromedriver\win32\107.0.5304.62\chromedriver.exe
20:38:15.732 [main] DEBUG net.serenitybdd.core.webdriver.driverproviders.ProvideNewDriver - Instantiating driver
20:38:15.732 [main] DEBUG net.serenitybdd.core.webdriver.driverproviders.ProvideNewDriver - Driver capabilities: Capabilities {acceptInsecureCerts: false, base.url: https://alta-shop.vercel.app/, browserName: chrome, chrome.driver: src/test/resources/webdrive..., driver: chrome, goog:chromeOptions: {args: [], extensions: []}, wait.for.timeout: 10000}
20:38:16.301 [AsyncHttpClient-1-6] DEBUG org.asynchttpclient.netty.channel.NettyConnectListener - Using new Channel '[id: 0x2b37534d, L:/127.0.0.1:49808 - R:localhost/127.0.0.1:55367]' for 'POST' to '/session'
20:38:17.947 [AsyncHttpClient-1-6] DEBUG org.asynchttpclient.netty.handler.HttpHandler - 

Request DefaultHttpRequest(decodeResult: success, version: HTTP/1.1)
POST /session HTTP/1.1
User-Agent: selenium/4.1.2 (java windows)
Content-Length: 646
Content-Type: application/json; charset=utf-8
host: localhost:55367
accept: */*

Response DefaultHttpResponse(decodeResult: success, version: HTTP/1.1)
HTTP/1.1 200 OK
Content-Type: application/json; charset=utf-8
cache-control: no-cache
content-length: 789

20:38:17.948 [AsyncHttpClient-1-6] DEBUG org.asynchttpclient.netty.channel.ChannelManager - Adding key: http://localhost:55367 for channel [id: 0x2b37534d, L:/127.0.0.1:49808 - R:localhost/127.0.0.1:55367]
20:38:17.966 [AsyncHttpClient-1-7] DEBUG org.asynchttpclient.netty.channel.NettyConnectListener - Using new Channel '[id: 0x29341321, L:/127.0.0.1:49818 - R:localhost/127.0.0.1:49809]' for 'GET' to '/json/version'
20:38:17.968 [AsyncHttpClient-1-7] DEBUG org.asynchttpclient.netty.handler.HttpHandler - 

Request DefaultFullHttpRequest(decodeResult: success, version: HTTP/1.1, content: EmptyByteBufBE)
GET /json/version HTTP/1.1
User-Agent: selenium/4.1.2 (java windows)
host: localhost:49809
accept: */*

Response DefaultHttpResponse(decodeResult: success, version: HTTP/1.1)
HTTP/1.1 200 OK
Content-Type: application/json; charset=UTF-8
content-length: 423

20:38:17.968 [AsyncHttpClient-1-7] DEBUG org.asynchttpclient.netty.channel.ChannelManager - Adding key: http://localhost:49809 for channel [id: 0x29341321, L:/127.0.0.1:49818 - R:localhost/127.0.0.1:49809]
20:38:17.977 [AsyncHttpClient-1-8] DEBUG org.asynchttpclient.netty.channel.NettyConnectListener - Using new Channel '[id: 0x461f81b6, L:/127.0.0.1:49819 - R:localhost/127.0.0.1:49809]' for 'GET' to '/devtools/browser/8e539554-b174-4b80-8738-f8c0a9dfd3dc'
20:38:17.979 [AsyncHttpClient-1-8] DEBUG org.asynchttpclient.netty.handler.WebSocketHandler - 

Request DefaultFullHttpRequest(decodeResult: success, version: HTTP/1.1, content: EmptyByteBufBE)
GET /devtools/browser/8e539554-b174-4b80-8738-f8c0a9dfd3dc HTTP/1.1
upgrade: websocket
connection: upgrade
sec-websocket-key: p5m/hbT1wUMDlBF6v9ZjQQ==
sec-websocket-version: 13
origin: http://localhost:49809
host: localhost:49809
accept: */*
user-agent: AHC/2.1

Response DefaultHttpResponse(decodeResult: success, version: HTTP/1.1)
HTTP/1.1 101 WebSocket Protocol Handshake
Upgrade: WebSocket
Connection: Upgrade
Sec-WebSocket-Accept: gIWeo64jXe/RdR6rJJ8L0KbPMUI=

20:38:17.991 [Forwarding get on session c81fcebf2d2b0ff7de7123a99aa3ca5b to remote] DEBUG org.asynchttpclient.netty.request.NettyRequestSender - Using pooled Channel '[id: 0x2b37534d, L:/127.0.0.1:49808 - R:localhost/127.0.0.1:55367]' for 'POST' to 'http://localhost:55367/session/c81fcebf2d2b0ff7de7123a99aa3ca5b/url'
20:38:17.992 [Forwarding get on session c81fcebf2d2b0ff7de7123a99aa3ca5b to remote] DEBUG org.asynchttpclient.netty.request.NettyRequestSender - Using open Channel [id: 0x2b37534d, L:/127.0.0.1:49808 - R:localhost/127.0.0.1:55367] for POST '/session/c81fcebf2d2b0ff7de7123a99aa3ca5b/url'
20:38:18.812 [AsyncHttpClient-1-1] DEBUG org.asynchttpclient.netty.channel.DefaultChannelPool - Entry count for : http://localhost:49809 : 1
20:38:19.806 [AsyncHttpClient-1-6] DEBUG org.asynchttpclient.netty.handler.HttpHandler - 

Request DefaultHttpRequest(decodeResult: success, version: HTTP/1.1)
POST /session/c81fcebf2d2b0ff7de7123a99aa3ca5b/url HTTP/1.1
User-Agent: selenium/4.1.2 (java windows)
Content-Length: 74
Content-Type: application/json; charset=utf-8
host: localhost:55367
accept: */*

Response DefaultHttpResponse(decodeResult: success, version: HTTP/1.1)
HTTP/1.1 200 OK
Content-Type: application/json; charset=utf-8
cache-control: no-cache
content-length: 14

20:38:19.806 [AsyncHttpClient-1-6] DEBUG org.asynchttpclient.netty.channel.ChannelManager - Adding key: http://localhost:55367 for channel [id: 0x2b37534d, L:/127.0.0.1:49808 - R:localhost/127.0.0.1:55367]
20:38:19.811 [Forwarding setTimeout on session c81fcebf2d2b0ff7de7123a99aa3ca5b to remote] DEBUG org.asynchttpclient.netty.request.NettyRequestSender - Using pooled Channel '[id: 0x2b37534d, L:/127.0.0.1:49808 - R:localhost/127.0.0.1:55367]' for 'POST' to 'http://localhost:55367/session/c81fcebf2d2b0ff7de7123a99aa3ca5b/timeouts'
20:38:19.811 [Forwarding setTimeout on session c81fcebf2d2b0ff7de7123a99aa3ca5b to remote] DEBUG org.asynchttpclient.netty.request.NettyRequestSender - Using open Channel [id: 0x2b37534d, L:/127.0.0.1:49808 - R:localhost/127.0.0.1:55367] for POST '/session/c81fcebf2d2b0ff7de7123a99aa3ca5b/timeouts'
20:38:19.813 [AsyncHttpClient-1-6] DEBUG org.asynchttpclient.netty.handler.HttpHandler - 

Request DefaultHttpRequest(decodeResult: success, version: HTTP/1.1)
POST /session/c81fcebf2d2b0ff7de7123a99aa3ca5b/timeouts HTTP/1.1
User-Agent: selenium/4.1.2 (java windows)
Content-Length: 22
Content-Type: application/json; charset=utf-8
host: localhost:55367
accept: */*

Response DefaultHttpResponse(decodeResult: success, version: HTTP/1.1)
HTTP/1.1 200 OK
Content-Type: application/json; charset=utf-8
cache-control: no-cache
content-length: 14

20:38:19.813 [AsyncHttpClient-1-6] DEBUG org.asynchttpclient.netty.channel.ChannelManager - Adding key: http://localhost:55367 for channel [id: 0x2b37534d, L:/127.0.0.1:49808 - R:localhost/127.0.0.1:55367]
20:38:19.822 [Forwarding getCurrentUrl on session c81fcebf2d2b0ff7de7123a99aa3ca5b to remote] DEBUG org.asynchttpclient.netty.request.NettyRequestSender - Using pooled Channel '[id: 0x2b37534d, L:/127.0.0.1:49808 - R:localhost/127.0.0.1:55367]' for 'GET' to 'http://localhost:55367/session/c81fcebf2d2b0ff7de7123a99aa3ca5b/url'
20:38:19.822 [Forwarding getCurrentUrl on session c81fcebf2d2b0ff7de7123a99aa3ca5b to remote] DEBUG org.asynchttpclient.netty.request.NettyRequestSender - Using open Channel [id: 0x2b37534d, L:/127.0.0.1:49808 - R:localhost/127.0.0.1:55367] for GET '/session/c81fcebf2d2b0ff7de7123a99aa3ca5b/url'
20:38:19.832 [AsyncHttpClient-1-6] DEBUG org.asynchttpclient.netty.handler.HttpHandler - 

Request DefaultFullHttpRequest(decodeResult: success, version: HTTP/1.1, content: EmptyByteBufBE)
GET /session/c81fcebf2d2b0ff7de7123a99aa3ca5b/url HTTP/1.1
User-Agent: selenium/4.1.2 (java windows)
Cache-Control: no-cache
Content-Type: application/json; charset=utf-8
host: localhost:55367
accept: */*

Response DefaultHttpResponse(decodeResult: success, version: HTTP/1.1)
HTTP/1.1 200 OK
Content-Type: application/json; charset=utf-8
cache-control: no-cache
content-length: 51

20:38:19.833 [AsyncHttpClient-1-6] DEBUG org.asynchttpclient.netty.channel.ChannelManager - Adding key: http://localhost:55367 for channel [id: 0x2b37534d, L:/127.0.0.1:49808 - R:localhost/127.0.0.1:55367]
20:38:19.847 [Forwarding findElement on session c81fcebf2d2b0ff7de7123a99aa3ca5b to remote] DEBUG org.asynchttpclient.netty.request.NettyRequestSender - Using pooled Channel '[id: 0x2b37534d, L:/127.0.0.1:49808 - R:localhost/127.0.0.1:55367]' for 'POST' to 'http://localhost:55367/session/c81fcebf2d2b0ff7de7123a99aa3ca5b/element'
20:38:19.847 [Forwarding findElement on session c81fcebf2d2b0ff7de7123a99aa3ca5b to remote] DEBUG org.asynchttpclient.netty.request.NettyRequestSender - Using open Channel [id: 0x2b37534d, L:/127.0.0.1:49808 - R:localhost/127.0.0.1:55367] for POST '/session/c81fcebf2d2b0ff7de7123a99aa3ca5b/element'
20:38:19.885 [AsyncHttpClient-1-1] DEBUG org.asynchttpclient.netty.channel.DefaultChannelPool - Entry count for : http://localhost:49809 : 1
20:38:19.889 [AsyncHttpClient-1-6] DEBUG org.asynchttpclient.netty.handler.HttpHandler - 

Request DefaultHttpRequest(decodeResult: success, version: HTTP/1.1)
POST /session/c81fcebf2d2b0ff7de7123a99aa3ca5b/element HTTP/1.1
User-Agent: selenium/4.1.2 (java windows)
Content-Length: 87
Content-Type: application/json; charset=utf-8
host: localhost:55367
accept: */*

Response DefaultHttpResponse(decodeResult: success, version: HTTP/1.1)
HTTP/1.1 200 OK
Content-Type: application/json; charset=utf-8
cache-control: no-cache
content-length: 88

20:38:19.889 [AsyncHttpClient-1-6] DEBUG org.asynchttpclient.netty.channel.ChannelManager - Adding key: http://localhost:55367 for channel [id: 0x2b37534d, L:/127.0.0.1:49808 - R:localhost/127.0.0.1:55367]
20:38:19.892 [Forwarding clearElement on session c81fcebf2d2b0ff7de7123a99aa3ca5b to remote] DEBUG org.asynchttpclient.netty.request.NettyRequestSender - Using pooled Channel '[id: 0x2b37534d, L:/127.0.0.1:49808 - R:localhost/127.0.0.1:55367]' for 'POST' to 'http://localhost:55367/session/c81fcebf2d2b0ff7de7123a99aa3ca5b/element/d7e9ec61-3a58-4fa9-8858-4df57b6e0bb7/clear'
20:38:19.892 [Forwarding clearElement on session c81fcebf2d2b0ff7de7123a99aa3ca5b to remote] DEBUG org.asynchttpclient.netty.request.NettyRequestSender - Using open Channel [id: 0x2b37534d, L:/127.0.0.1:49808 - R:localhost/127.0.0.1:55367] for POST '/session/c81fcebf2d2b0ff7de7123a99aa3ca5b/element/d7e9ec61-3a58-4fa9-8858-4df57b6e0bb7/clear'
20:38:19.981 [AsyncHttpClient-1-6] DEBUG org.asynchttpclient.netty.handler.HttpHandler - 

Request DefaultHttpRequest(decodeResult: success, version: HTTP/1.1)
POST /session/c81fcebf2d2b0ff7de7123a99aa3ca5b/element/d7e9ec61-3a58-4fa9-8858-4df57b6e0bb7/clear HTTP/1.1
User-Agent: selenium/4.1.2 (java windows)
Content-Length: 50
Content-Type: application/json; charset=utf-8
host: localhost:55367
accept: */*

Response DefaultHttpResponse(decodeResult: success, version: HTTP/1.1)
HTTP/1.1 200 OK
Content-Type: application/json; charset=utf-8
cache-control: no-cache
content-length: 14

20:38:19.982 [AsyncHttpClient-1-6] DEBUG org.asynchttpclient.netty.channel.ChannelManager - Adding key: http://localhost:55367 for channel [id: 0x2b37534d, L:/127.0.0.1:49808 - R:localhost/127.0.0.1:55367]
20:38:19.985 [Forwarding sendKeysToElement on session c81fcebf2d2b0ff7de7123a99aa3ca5b to remote] DEBUG org.asynchttpclient.netty.request.NettyRequestSender - Using pooled Channel '[id: 0x2b37534d, L:/127.0.0.1:49808 - R:localhost/127.0.0.1:55367]' for 'POST' to 'http://localhost:55367/session/c81fcebf2d2b0ff7de7123a99aa3ca5b/element/d7e9ec61-3a58-4fa9-8858-4df57b6e0bb7/value'
20:38:19.985 [Forwarding sendKeysToElement on session c81fcebf2d2b0ff7de7123a99aa3ca5b to remote] DEBUG org.asynchttpclient.netty.request.NettyRequestSender - Using open Channel [id: 0x2b37534d, L:/127.0.0.1:49808 - R:localhost/127.0.0.1:55367] for POST '/session/c81fcebf2d2b0ff7de7123a99aa3ca5b/element/d7e9ec61-3a58-4fa9-8858-4df57b6e0bb7/value'
20:38:20.276 [AsyncHttpClient-1-6] DEBUG org.asynchttpclient.netty.handler.HttpHandler - 

Request DefaultHttpRequest(decodeResult: success, version: HTTP/1.1)
POST /session/c81fcebf2d2b0ff7de7123a99aa3ca5b/element/d7e9ec61-3a58-4fa9-8858-4df57b6e0bb7/value HTTP/1.1
User-Agent: selenium/4.1.2 (java windows)
Content-Length: 221
Content-Type: application/json; charset=utf-8
host: localhost:55367
accept: */*

Response DefaultHttpResponse(decodeResult: success, version: HTTP/1.1)
HTTP/1.1 200 OK
Content-Type: application/json; charset=utf-8
cache-control: no-cache
content-length: 14

20:38:20.276 [AsyncHttpClient-1-6] DEBUG org.asynchttpclient.netty.channel.ChannelManager - Adding key: http://localhost:55367 for channel [id: 0x2b37534d, L:/127.0.0.1:49808 - R:localhost/127.0.0.1:55367]
20:38:20.291 [Forwarding findElement on session c81fcebf2d2b0ff7de7123a99aa3ca5b to remote] DEBUG org.asynchttpclient.netty.request.NettyRequestSender - Using pooled Channel '[id: 0x2b37534d, L:/127.0.0.1:49808 - R:localhost/127.0.0.1:55367]' for 'POST' to 'http://localhost:55367/session/c81fcebf2d2b0ff7de7123a99aa3ca5b/element'
20:38:20.292 [Forwarding findElement on session c81fcebf2d2b0ff7de7123a99aa3ca5b to remote] DEBUG org.asynchttpclient.netty.request.NettyRequestSender - Using open Channel [id: 0x2b37534d, L:/127.0.0.1:49808 - R:localhost/127.0.0.1:55367] for POST '/session/c81fcebf2d2b0ff7de7123a99aa3ca5b/element'
20:38:20.318 [AsyncHttpClient-1-6] DEBUG org.asynchttpclient.netty.handler.HttpHandler - 

Request DefaultHttpRequest(decodeResult: success, version: HTTP/1.1)
POST /session/c81fcebf2d2b0ff7de7123a99aa3ca5b/element HTTP/1.1
User-Agent: selenium/4.1.2 (java windows)
Content-Length: 90
Content-Type: application/json; charset=utf-8
host: localhost:55367
accept: */*

Response DefaultHttpResponse(decodeResult: success, version: HTTP/1.1)
HTTP/1.1 200 OK
Content-Type: application/json; charset=utf-8
cache-control: no-cache
content-length: 88

20:38:20.319 [AsyncHttpClient-1-6] DEBUG org.asynchttpclient.netty.channel.ChannelManager - Adding key: http://localhost:55367 for channel [id: 0x2b37534d, L:/127.0.0.1:49808 - R:localhost/127.0.0.1:55367]
20:38:20.321 [Forwarding clearElement on session c81fcebf2d2b0ff7de7123a99aa3ca5b to remote] DEBUG org.asynchttpclient.netty.request.NettyRequestSender - Using pooled Channel '[id: 0x2b37534d, L:/127.0.0.1:49808 - R:localhost/127.0.0.1:55367]' for 'POST' to 'http://localhost:55367/session/c81fcebf2d2b0ff7de7123a99aa3ca5b/element/0ee34a95-ad07-49ae-bc55-87fc639a8300/clear'
20:38:20.321 [Forwarding clearElement on session c81fcebf2d2b0ff7de7123a99aa3ca5b to remote] DEBUG org.asynchttpclient.netty.request.NettyRequestSender - Using open Channel [id: 0x2b37534d, L:/127.0.0.1:49808 - R:localhost/127.0.0.1:55367] for POST '/session/c81fcebf2d2b0ff7de7123a99aa3ca5b/element/0ee34a95-ad07-49ae-bc55-87fc639a8300/clear'
20:38:20.406 [AsyncHttpClient-1-6] DEBUG org.asynchttpclient.netty.handler.HttpHandler - 

Request DefaultHttpRequest(decodeResult: success, version: HTTP/1.1)
POST /session/c81fcebf2d2b0ff7de7123a99aa3ca5b/element/0ee34a95-ad07-49ae-bc55-87fc639a8300/clear HTTP/1.1
User-Agent: selenium/4.1.2 (java windows)
Content-Length: 50
Content-Type: application/json; charset=utf-8
host: localhost:55367
accept: */*

Response DefaultHttpResponse(decodeResult: success, version: HTTP/1.1)
HTTP/1.1 200 OK
Content-Type: application/json; charset=utf-8
cache-control: no-cache
content-length: 14

20:38:20.406 [AsyncHttpClient-1-6] DEBUG org.asynchttpclient.netty.channel.ChannelManager - Adding key: http://localhost:55367 for channel [id: 0x2b37534d, L:/127.0.0.1:49808 - R:localhost/127.0.0.1:55367]
20:38:20.412 [Forwarding sendKeysToElement on session c81fcebf2d2b0ff7de7123a99aa3ca5b to remote] DEBUG org.asynchttpclient.netty.request.NettyRequestSender - Using pooled Channel '[id: 0x2b37534d, L:/127.0.0.1:49808 - R:localhost/127.0.0.1:55367]' for 'POST' to 'http://localhost:55367/session/c81fcebf2d2b0ff7de7123a99aa3ca5b/element/0ee34a95-ad07-49ae-bc55-87fc639a8300/value'
20:38:20.412 [Forwarding sendKeysToElement on session c81fcebf2d2b0ff7de7123a99aa3ca5b to remote] DEBUG org.asynchttpclient.netty.request.NettyRequestSender - Using open Channel [id: 0x2b37534d, L:/127.0.0.1:49808 - R:localhost/127.0.0.1:55367] for POST '/session/c81fcebf2d2b0ff7de7123a99aa3ca5b/element/0ee34a95-ad07-49ae-bc55-87fc639a8300/value'
20:38:20.621 [AsyncHttpClient-1-6] DEBUG org.asynchttpclient.netty.handler.HttpHandler - 

Request DefaultHttpRequest(decodeResult: success, version: HTTP/1.1)
POST /session/c81fcebf2d2b0ff7de7123a99aa3ca5b/element/0ee34a95-ad07-49ae-bc55-87fc639a8300/value HTTP/1.1
User-Agent: selenium/4.1.2 (java windows)
Content-Length: 141
Content-Type: application/json; charset=utf-8
host: localhost:55367
accept: */*

Response DefaultHttpResponse(decodeResult: success, version: HTTP/1.1)
HTTP/1.1 200 OK
Content-Type: application/json; charset=utf-8
cache-control: no-cache
content-length: 14

20:38:20.622 [AsyncHttpClient-1-6] DEBUG org.asynchttpclient.netty.channel.ChannelManager - Adding key: http://localhost:55367 for channel [id: 0x2b37534d, L:/127.0.0.1:49808 - R:localhost/127.0.0.1:55367]
20:38:20.640 [Forwarding findElement on session c81fcebf2d2b0ff7de7123a99aa3ca5b to remote] DEBUG org.asynchttpclient.netty.request.NettyRequestSender - Using pooled Channel '[id: 0x2b37534d, L:/127.0.0.1:49808 - R:localhost/127.0.0.1:55367]' for 'POST' to 'http://localhost:55367/session/c81fcebf2d2b0ff7de7123a99aa3ca5b/element'
20:38:20.640 [Forwarding findElement on session c81fcebf2d2b0ff7de7123a99aa3ca5b to remote] DEBUG org.asynchttpclient.netty.request.NettyRequestSender - Using open Channel [id: 0x2b37534d, L:/127.0.0.1:49808 - R:localhost/127.0.0.1:55367] for POST '/session/c81fcebf2d2b0ff7de7123a99aa3ca5b/element'
20:38:20.676 [AsyncHttpClient-1-6] DEBUG org.asynchttpclient.netty.handler.HttpHandler - 

Request DefaultHttpRequest(decodeResult: success, version: HTTP/1.1)
POST /session/c81fcebf2d2b0ff7de7123a99aa3ca5b/element HTTP/1.1
User-Agent: selenium/4.1.2 (java windows)
Content-Length: 81
Content-Type: application/json; charset=utf-8
host: localhost:55367
accept: */*

Response DefaultHttpResponse(decodeResult: success, version: HTTP/1.1)
HTTP/1.1 200 OK
Content-Type: application/json; charset=utf-8
cache-control: no-cache
content-length: 88

20:38:20.676 [AsyncHttpClient-1-6] DEBUG org.asynchttpclient.netty.channel.ChannelManager - Adding key: http://localhost:55367 for channel [id: 0x2b37534d, L:/127.0.0.1:49808 - R:localhost/127.0.0.1:55367]
20:38:20.679 [Forwarding getElementTagName on session c81fcebf2d2b0ff7de7123a99aa3ca5b to remote] DEBUG org.asynchttpclient.netty.request.NettyRequestSender - Using pooled Channel '[id: 0x2b37534d, L:/127.0.0.1:49808 - R:localhost/127.0.0.1:55367]' for 'GET' to 'http://localhost:55367/session/c81fcebf2d2b0ff7de7123a99aa3ca5b/element/ebc9c9cc-12e3-4213-9894-705bcaf1d1d7/name'
20:38:20.680 [Forwarding getElementTagName on session c81fcebf2d2b0ff7de7123a99aa3ca5b to remote] DEBUG org.asynchttpclient.netty.request.NettyRequestSender - Using open Channel [id: 0x2b37534d, L:/127.0.0.1:49808 - R:localhost/127.0.0.1:55367] for GET '/session/c81fcebf2d2b0ff7de7123a99aa3ca5b/element/ebc9c9cc-12e3-4213-9894-705bcaf1d1d7/name'
20:38:20.688 [AsyncHttpClient-1-6] DEBUG org.asynchttpclient.netty.handler.HttpHandler - 

Request DefaultFullHttpRequest(decodeResult: success, version: HTTP/1.1, content: EmptyByteBufBE)
GET /session/c81fcebf2d2b0ff7de7123a99aa3ca5b/element/ebc9c9cc-12e3-4213-9894-705bcaf1d1d7/name HTTP/1.1
User-Agent: selenium/4.1.2 (java windows)
Cache-Control: no-cache
Content-Type: application/json; charset=utf-8
host: localhost:55367
accept: */*

Response DefaultHttpResponse(decodeResult: success, version: HTTP/1.1)
HTTP/1.1 200 OK
Content-Type: application/json; charset=utf-8
cache-control: no-cache
content-length: 16

20:38:20.689 [AsyncHttpClient-1-6] DEBUG org.asynchttpclient.netty.channel.ChannelManager - Adding key: http://localhost:55367 for channel [id: 0x2b37534d, L:/127.0.0.1:49808 - R:localhost/127.0.0.1:55367]
20:38:20.692 [Forwarding getElementTagName on session c81fcebf2d2b0ff7de7123a99aa3ca5b to remote] DEBUG org.asynchttpclient.netty.request.NettyRequestSender - Using pooled Channel '[id: 0x2b37534d, L:/127.0.0.1:49808 - R:localhost/127.0.0.1:55367]' for 'GET' to 'http://localhost:55367/session/c81fcebf2d2b0ff7de7123a99aa3ca5b/element/ebc9c9cc-12e3-4213-9894-705bcaf1d1d7/name'
20:38:20.692 [Forwarding getElementTagName on session c81fcebf2d2b0ff7de7123a99aa3ca5b to remote] DEBUG org.asynchttpclient.netty.request.NettyRequestSender - Using open Channel [id: 0x2b37534d, L:/127.0.0.1:49808 - R:localhost/127.0.0.1:55367] for GET '/session/c81fcebf2d2b0ff7de7123a99aa3ca5b/element/ebc9c9cc-12e3-4213-9894-705bcaf1d1d7/name'
20:38:20.700 [AsyncHttpClient-1-6] DEBUG org.asynchttpclient.netty.handler.HttpHandler - 

Request DefaultFullHttpRequest(decodeResult: success, version: HTTP/1.1, content: EmptyByteBufBE)
GET /session/c81fcebf2d2b0ff7de7123a99aa3ca5b/element/ebc9c9cc-12e3-4213-9894-705bcaf1d1d7/name HTTP/1.1
User-Agent: selenium/4.1.2 (java windows)
Cache-Control: no-cache
Content-Type: application/json; charset=utf-8
host: localhost:55367
accept: */*

Response DefaultHttpResponse(decodeResult: success, version: HTTP/1.1)
HTTP/1.1 200 OK
Content-Type: application/json; charset=utf-8
cache-control: no-cache
content-length: 16

20:38:20.700 [AsyncHttpClient-1-6] DEBUG org.asynchttpclient.netty.channel.ChannelManager - Adding key: http://localhost:55367 for channel [id: 0x2b37534d, L:/127.0.0.1:49808 - R:localhost/127.0.0.1:55367]
20:38:20.705 [Forwarding findElement on session c81fcebf2d2b0ff7de7123a99aa3ca5b to remote] DEBUG org.asynchttpclient.netty.request.NettyRequestSender - Using pooled Channel '[id: 0x2b37534d, L:/127.0.0.1:49808 - R:localhost/127.0.0.1:55367]' for 'POST' to 'http://localhost:55367/session/c81fcebf2d2b0ff7de7123a99aa3ca5b/element'
20:38:20.705 [Forwarding findElement on session c81fcebf2d2b0ff7de7123a99aa3ca5b to remote] DEBUG org.asynchttpclient.netty.request.NettyRequestSender - Using open Channel [id: 0x2b37534d, L:/127.0.0.1:49808 - R:localhost/127.0.0.1:55367] for POST '/session/c81fcebf2d2b0ff7de7123a99aa3ca5b/element'
20:38:20.723 [AsyncHttpClient-1-6] DEBUG org.asynchttpclient.netty.handler.HttpHandler - 

Request DefaultHttpRequest(decodeResult: success, version: HTTP/1.1)
POST /session/c81fcebf2d2b0ff7de7123a99aa3ca5b/element HTTP/1.1
User-Agent: selenium/4.1.2 (java windows)
Content-Length: 81
Content-Type: application/json; charset=utf-8
host: localhost:55367
accept: */*

Response DefaultHttpResponse(decodeResult: success, version: HTTP/1.1)
HTTP/1.1 200 OK
Content-Type: application/json; charset=utf-8
cache-control: no-cache
content-length: 88

20:38:20.724 [AsyncHttpClient-1-6] DEBUG org.asynchttpclient.netty.channel.ChannelManager - Adding key: http://localhost:55367 for channel [id: 0x2b37534d, L:/127.0.0.1:49808 - R:localhost/127.0.0.1:55367]
20:38:20.729 [Forwarding clickElement on session c81fcebf2d2b0ff7de7123a99aa3ca5b to remote] DEBUG org.asynchttpclient.netty.request.NettyRequestSender - Using pooled Channel '[id: 0x2b37534d, L:/127.0.0.1:49808 - R:localhost/127.0.0.1:55367]' for 'POST' to 'http://localhost:55367/session/c81fcebf2d2b0ff7de7123a99aa3ca5b/element/ebc9c9cc-12e3-4213-9894-705bcaf1d1d7/click'
20:38:20.729 [Forwarding clickElement on session c81fcebf2d2b0ff7de7123a99aa3ca5b to remote] DEBUG org.asynchttpclient.netty.request.NettyRequestSender - Using open Channel [id: 0x2b37534d, L:/127.0.0.1:49808 - R:localhost/127.0.0.1:55367] for POST '/session/c81fcebf2d2b0ff7de7123a99aa3ca5b/element/ebc9c9cc-12e3-4213-9894-705bcaf1d1d7/click'
20:38:20.874 [AsyncHttpClient-1-6] DEBUG org.asynchttpclient.netty.handler.HttpHandler - 

Request DefaultHttpRequest(decodeResult: success, version: HTTP/1.1)
POST /session/c81fcebf2d2b0ff7de7123a99aa3ca5b/element/ebc9c9cc-12e3-4213-9894-705bcaf1d1d7/click HTTP/1.1
User-Agent: selenium/4.1.2 (java windows)
Content-Length: 50
Content-Type: application/json; charset=utf-8
host: localhost:55367
accept: */*

Response DefaultHttpResponse(decodeResult: success, version: HTTP/1.1)
HTTP/1.1 200 OK
Content-Type: application/json; charset=utf-8
cache-control: no-cache
content-length: 14

20:38:20.875 [AsyncHttpClient-1-6] DEBUG org.asynchttpclient.netty.channel.ChannelManager - Adding key: http://localhost:55367 for channel [id: 0x2b37534d, L:/127.0.0.1:49808 - R:localhost/127.0.0.1:55367]
  &amp#27;[32mGiven &amp#27;[0m&amp#27;[32mI am logged in to the website&amp#27;[0m &amp#27;[90m# starter.stepdefinitions.LogInOutSteps.iAmLoggedInToTheWebsite()&amp#27;[0m
20:38:20.898 [main] DEBUG net.serenitybdd.core.photography.Darkroom - Opening darkroom
20:38:20.899 [Darkroom Processing Line] DEBUG net.serenitybdd.core.photography.DarkroomProcessingLine - Darkroom processing line starting up
20:38:20.899 [Forwarding screenshot on session c81fcebf2d2b0ff7de7123a99aa3ca5b to remote] DEBUG org.asynchttpclient.netty.request.NettyRequestSender - Using pooled Channel '[id: 0x2b37534d, L:/127.0.0.1:49808 - R:localhost/127.0.0.1:55367]' for 'GET' to 'http://localhost:55367/session/c81fcebf2d2b0ff7de7123a99aa3ca5b/screenshot'
20:38:20.899 [Forwarding screenshot on session c81fcebf2d2b0ff7de7123a99aa3ca5b to remote] DEBUG org.asynchttpclient.netty.request.NettyRequestSender - Using open Channel [id: 0x2b37534d, L:/127.0.0.1:49808 - R:localhost/127.0.0.1:55367] for GET '/session/c81fcebf2d2b0ff7de7123a99aa3ca5b/screenshot'
20:38:20.980 [AsyncHttpClient-1-1] DEBUG org.asynchttpclient.netty.channel.DefaultChannelPool - Entry count for : http://localhost:49809 : 1
20:38:22.083 [AsyncHttpClient-1-1] DEBUG org.asynchttpclient.netty.channel.DefaultChannelPool - Entry count for : http://localhost:49809 : 1
20:38:22.100 [AsyncHttpClient-1-6] DEBUG org.asynchttpclient.netty.handler.HttpHandler - 

Request DefaultFullHttpRequest(decodeResult: success, version: HTTP/1.1, content: EmptyByteBufBE)
GET /session/c81fcebf2d2b0ff7de7123a99aa3ca5b/screenshot HTTP/1.1
User-Agent: selenium/4.1.2 (java windows)
Cache-Control: no-cache
Content-Type: application/json; charset=utf-8
host: localhost:55367
accept: */*

Response DefaultHttpResponse(decodeResult: success, version: HTTP/1.1)
HTTP/1.1 200 OK
Content-Type: application/json; charset=utf-8
cache-control: no-cache
content-length: 42496

20:38:22.101 [AsyncHttpClient-1-6] DEBUG org.asynchttpclient.netty.channel.ChannelManager - Adding key: http://localhost:55367 for channel [id: 0x2b37534d, L:/127.0.0.1:49808 - R:localhost/127.0.0.1:55367]
20:38:22.106 [main] DEBUG net.serenitybdd.core.photography.Darkroom - Send negative for processing for target\site\serenity\9fdb0425900d7a3f7888804ad8e3829e26d9bbfcd7327eb6f0af6d56825907f5.png
20:38:22.106 [Darkroom Processing Line] DEBUG net.serenitybdd.core.photography.DarkroomProcessingLine - Processing screenshot image in /var/screenshots/screenshot-5343816863591548011
20:38:22.107 [Darkroom Processing Line] DEBUG net.serenitybdd.core.photography.DarkroomProcessingLine - Saving screenshot to target\site\serenity\9fdb0425900d7a3f7888804ad8e3829e26d9bbfcd7327eb6f0af6d56825907f5.png
20:38:22.133 [Forwarding findElement on session c81fcebf2d2b0ff7de7123a99aa3ca5b to remote] DEBUG org.asynchttpclient.netty.request.NettyRequestSender - Using pooled Channel '[id: 0x2b37534d, L:/127.0.0.1:49808 - R:localhost/127.0.0.1:55367]' for 'POST' to 'http://localhost:55367/session/c81fcebf2d2b0ff7de7123a99aa3ca5b/element'
20:38:22.133 [Forwarding findElement on session c81fcebf2d2b0ff7de7123a99aa3ca5b to remote] DEBUG org.asynchttpclient.netty.request.NettyRequestSender - Using open Channel [id: 0x2b37534d, L:/127.0.0.1:49808 - R:localhost/127.0.0.1:55367] for POST '/session/c81fcebf2d2b0ff7de7123a99aa3ca5b/element'
20:38:22.402 [AsyncHttpClient-1-6] DEBUG org.asynchttpclient.netty.handler.HttpHandler - 

Request DefaultHttpRequest(decodeResult: success, version: HTTP/1.1)
POST /session/c81fcebf2d2b0ff7de7123a99aa3ca5b/element HTTP/1.1
User-Agent: selenium/4.1.2 (java windows)
Content-Length: 79
Content-Type: application/json; charset=utf-8
host: localhost:55367
accept: */*

Response DefaultHttpResponse(decodeResult: success, version: HTTP/1.1)
HTTP/1.1 200 OK
Content-Type: application/json; charset=utf-8
cache-control: no-cache
content-length: 88

20:38:22.402 [AsyncHttpClient-1-6] DEBUG org.asynchttpclient.netty.channel.ChannelManager - Adding key: http://localhost:55367 for channel [id: 0x2b37534d, L:/127.0.0.1:49808 - R:localhost/127.0.0.1:55367]
20:38:22.405 [Forwarding getElementTagName on session c81fcebf2d2b0ff7de7123a99aa3ca5b to remote] DEBUG org.asynchttpclient.netty.request.NettyRequestSender - Using pooled Channel '[id: 0x2b37534d, L:/127.0.0.1:49808 - R:localhost/127.0.0.1:55367]' for 'GET' to 'http://localhost:55367/session/c81fcebf2d2b0ff7de7123a99aa3ca5b/element/5469d6a7-dbd6-4cac-9f2b-59a3de312f0a/name'
20:38:22.405 [Forwarding getElementTagName on session c81fcebf2d2b0ff7de7123a99aa3ca5b to remote] DEBUG org.asynchttpclient.netty.request.NettyRequestSender - Using open Channel [id: 0x2b37534d, L:/127.0.0.1:49808 - R:localhost/127.0.0.1:55367] for GET '/session/c81fcebf2d2b0ff7de7123a99aa3ca5b/element/5469d6a7-dbd6-4cac-9f2b-59a3de312f0a/name'
20:38:22.416 [AsyncHttpClient-1-6] DEBUG org.asynchttpclient.netty.handler.HttpHandler - 

Request DefaultFullHttpRequest(decodeResult: success, version: HTTP/1.1, content: EmptyByteBufBE)
GET /session/c81fcebf2d2b0ff7de7123a99aa3ca5b/element/5469d6a7-dbd6-4cac-9f2b-59a3de312f0a/name HTTP/1.1
User-Agent: selenium/4.1.2 (java windows)
Cache-Control: no-cache
Content-Type: application/json; charset=utf-8
host: localhost:55367
accept: */*

Response DefaultHttpResponse(decodeResult: success, version: HTTP/1.1)
HTTP/1.1 200 OK
Content-Type: application/json; charset=utf-8
cache-control: no-cache
content-length: 13

20:38:22.417 [AsyncHttpClient-1-6] DEBUG org.asynchttpclient.netty.channel.ChannelManager - Adding key: http://localhost:55367 for channel [id: 0x2b37534d, L:/127.0.0.1:49808 - R:localhost/127.0.0.1:55367]
20:38:22.420 [Forwarding getElementTagName on session c81fcebf2d2b0ff7de7123a99aa3ca5b to remote] DEBUG org.asynchttpclient.netty.request.NettyRequestSender - Using pooled Channel '[id: 0x2b37534d, L:/127.0.0.1:49808 - R:localhost/127.0.0.1:55367]' for 'GET' to 'http://localhost:55367/session/c81fcebf2d2b0ff7de7123a99aa3ca5b/element/5469d6a7-dbd6-4cac-9f2b-59a3de312f0a/name'
20:38:22.420 [Forwarding getElementTagName on session c81fcebf2d2b0ff7de7123a99aa3ca5b to remote] DEBUG org.asynchttpclient.netty.request.NettyRequestSender - Using open Channel [id: 0x2b37534d, L:/127.0.0.1:49808 - R:localhost/127.0.0.1:55367] for GET '/session/c81fcebf2d2b0ff7de7123a99aa3ca5b/element/5469d6a7-dbd6-4cac-9f2b-59a3de312f0a/name'
20:38:22.430 [AsyncHttpClient-1-6] DEBUG org.asynchttpclient.netty.handler.HttpHandler - 

Request DefaultFullHttpRequest(decodeResult: success, version: HTTP/1.1, content: EmptyByteBufBE)
GET /session/c81fcebf2d2b0ff7de7123a99aa3ca5b/element/5469d6a7-dbd6-4cac-9f2b-59a3de312f0a/name HTTP/1.1
User-Agent: selenium/4.1.2 (java windows)
Cache-Control: no-cache
Content-Type: application/json; charset=utf-8
host: localhost:55367
accept: */*

Response DefaultHttpResponse(decodeResult: success, version: HTTP/1.1)
HTTP/1.1 200 OK
Content-Type: application/json; charset=utf-8
cache-control: no-cache
content-length: 13

20:38:22.431 [AsyncHttpClient-1-6] DEBUG org.asynchttpclient.netty.channel.ChannelManager - Adding key: http://localhost:55367 for channel [id: 0x2b37534d, L:/127.0.0.1:49808 - R:localhost/127.0.0.1:55367]
20:38:22.435 [Forwarding findElement on session c81fcebf2d2b0ff7de7123a99aa3ca5b to remote] DEBUG org.asynchttpclient.netty.request.NettyRequestSender - Using pooled Channel '[id: 0x2b37534d, L:/127.0.0.1:49808 - R:localhost/127.0.0.1:55367]' for 'POST' to 'http://localhost:55367/session/c81fcebf2d2b0ff7de7123a99aa3ca5b/element'
20:38:22.435 [Forwarding findElement on session c81fcebf2d2b0ff7de7123a99aa3ca5b to remote] DEBUG org.asynchttpclient.netty.request.NettyRequestSender - Using open Channel [id: 0x2b37534d, L:/127.0.0.1:49808 - R:localhost/127.0.0.1:55367] for POST '/session/c81fcebf2d2b0ff7de7123a99aa3ca5b/element'
20:38:22.454 [AsyncHttpClient-1-6] DEBUG org.asynchttpclient.netty.handler.HttpHandler - 

Request DefaultHttpRequest(decodeResult: success, version: HTTP/1.1)
POST /session/c81fcebf2d2b0ff7de7123a99aa3ca5b/element HTTP/1.1
User-Agent: selenium/4.1.2 (java windows)
Content-Length: 79
Content-Type: application/json; charset=utf-8
host: localhost:55367
accept: */*

Response DefaultHttpResponse(decodeResult: success, version: HTTP/1.1)
HTTP/1.1 200 OK
Content-Type: application/json; charset=utf-8
cache-control: no-cache
content-length: 88

20:38:22.455 [AsyncHttpClient-1-6] DEBUG org.asynchttpclient.netty.channel.ChannelManager - Adding key: http://localhost:55367 for channel [id: 0x2b37534d, L:/127.0.0.1:49808 - R:localhost/127.0.0.1:55367]
20:38:22.458 [Forwarding clickElement on session c81fcebf2d2b0ff7de7123a99aa3ca5b to remote] DEBUG org.asynchttpclient.netty.request.NettyRequestSender - Using pooled Channel '[id: 0x2b37534d, L:/127.0.0.1:49808 - R:localhost/127.0.0.1:55367]' for 'POST' to 'http://localhost:55367/session/c81fcebf2d2b0ff7de7123a99aa3ca5b/element/5469d6a7-dbd6-4cac-9f2b-59a3de312f0a/click'
20:38:22.458 [Forwarding clickElement on session c81fcebf2d2b0ff7de7123a99aa3ca5b to remote] DEBUG org.asynchttpclient.netty.request.NettyRequestSender - Using open Channel [id: 0x2b37534d, L:/127.0.0.1:49808 - R:localhost/127.0.0.1:55367] for POST '/session/c81fcebf2d2b0ff7de7123a99aa3ca5b/element/5469d6a7-dbd6-4cac-9f2b-59a3de312f0a/click'
20:38:22.615 [AsyncHttpClient-1-6] DEBUG org.asynchttpclient.netty.handler.HttpHandler - 

Request DefaultHttpRequest(decodeResult: success, version: HTTP/1.1)
POST /session/c81fcebf2d2b0ff7de7123a99aa3ca5b/element/5469d6a7-dbd6-4cac-9f2b-59a3de312f0a/click HTTP/1.1
User-Agent: selenium/4.1.2 (java windows)
Content-Length: 50
Content-Type: application/json; charset=utf-8
host: localhost:55367
accept: */*

Response DefaultHttpResponse(decodeResult: success, version: HTTP/1.1)
HTTP/1.1 200 OK
Content-Type: application/json; charset=utf-8
cache-control: no-cache
content-length: 14

20:38:22.615 [AsyncHttpClient-1-6] DEBUG org.asynchttpclient.netty.channel.ChannelManager - Adding key: http://localhost:55367 for channel [id: 0x2b37534d, L:/127.0.0.1:49808 - R:localhost/127.0.0.1:55367]
  &amp#27;[32mWhen &amp#27;[0m&amp#27;[32mI click user logo&amp#27;[0m              &amp#27;[90m# starter.stepdefinitions.LogInOutSteps.iClickUserLogo()&amp#27;[0m
20:38:22.637 [Forwarding screenshot on session c81fcebf2d2b0ff7de7123a99aa3ca5b to remote] DEBUG org.asynchttpclient.netty.request.NettyRequestSender - Using pooled Channel '[id: 0x2b37534d, L:/127.0.0.1:49808 - R:localhost/127.0.0.1:55367]' for 'GET' to 'http://localhost:55367/session/c81fcebf2d2b0ff7de7123a99aa3ca5b/screenshot'
20:38:22.637 [Forwarding screenshot on session c81fcebf2d2b0ff7de7123a99aa3ca5b to remote] DEBUG org.asynchttpclient.netty.request.NettyRequestSender - Using open Channel [id: 0x2b37534d, L:/127.0.0.1:49808 - R:localhost/127.0.0.1:55367] for GET '/session/c81fcebf2d2b0ff7de7123a99aa3ca5b/screenshot'
20:38:23.179 [AsyncHttpClient-1-1] DEBUG org.asynchttpclient.netty.channel.DefaultChannelPool - Entry count for : http://localhost:49809 : 1
20:38:24.280 [AsyncHttpClient-1-1] DEBUG org.asynchttpclient.netty.channel.DefaultChannelPool - Entry count for : http://localhost:49809 : 1
20:38:24.874 [AsyncHttpClient-1-6] DEBUG org.asynchttpclient.netty.handler.HttpHandler - 

Request DefaultFullHttpRequest(decodeResult: success, version: HTTP/1.1, content: EmptyByteBufBE)
GET /session/c81fcebf2d2b0ff7de7123a99aa3ca5b/screenshot HTTP/1.1
User-Agent: selenium/4.1.2 (java windows)
Cache-Control: no-cache
Content-Type: application/json; charset=utf-8
host: localhost:55367
accept: */*

Response DefaultHttpResponse(decodeResult: success, version: HTTP/1.1)
HTTP/1.1 200 OK
Content-Type: application/json; charset=utf-8
cache-control: no-cache
content-length: 50020

20:38:24.875 [AsyncHttpClient-1-6] DEBUG org.asynchttpclient.netty.channel.ChannelManager - Adding key: http://localhost:55367 for channel [id: 0x2b37534d, L:/127.0.0.1:49808 - R:localhost/127.0.0.1:55367]
20:38:24.880 [main] DEBUG net.serenitybdd.core.photography.Darkroom - Send negative for processing for target\site\serenity\aea5be3292cce5ff6b4519a8ed83cf180bd758a534bfcc0f6444ac996aa849e5.png
20:38:24.881 [Darkroom Processing Line] DEBUG net.serenitybdd.core.photography.DarkroomProcessingLine - Processing screenshot image in /var/screenshots/screenshot-10559148349219429
20:38:24.882 [Darkroom Processing Line] DEBUG net.serenitybdd.core.photography.DarkroomProcessingLine - Saving screenshot to target\site\serenity\aea5be3292cce5ff6b4519a8ed83cf180bd758a534bfcc0f6444ac996aa849e5.png
20:38:24.898 [Forwarding findElement on session c81fcebf2d2b0ff7de7123a99aa3ca5b to remote] DEBUG org.asynchttpclient.netty.request.NettyRequestSender - Using pooled Channel '[id: 0x2b37534d, L:/127.0.0.1:49808 - R:localhost/127.0.0.1:55367]' for 'POST' to 'http://localhost:55367/session/c81fcebf2d2b0ff7de7123a99aa3ca5b/element'
20:38:24.898 [Forwarding findElement on session c81fcebf2d2b0ff7de7123a99aa3ca5b to remote] DEBUG org.asynchttpclient.netty.request.NettyRequestSender - Using open Channel [id: 0x2b37534d, L:/127.0.0.1:49808 - R:localhost/127.0.0.1:55367] for POST '/session/c81fcebf2d2b0ff7de7123a99aa3ca5b/element'
20:38:24.922 [AsyncHttpClient-1-6] DEBUG org.asynchttpclient.netty.handler.HttpHandler - 

Request DefaultHttpRequest(decodeResult: success, version: HTTP/1.1)
POST /session/c81fcebf2d2b0ff7de7123a99aa3ca5b/element HTTP/1.1
User-Agent: selenium/4.1.2 (java windows)
Content-Length: 71
Content-Type: application/json; charset=utf-8
host: localhost:55367
accept: */*

Response DefaultHttpResponse(decodeResult: success, version: HTTP/1.1)
HTTP/1.1 200 OK
Content-Type: application/json; charset=utf-8
cache-control: no-cache
content-length: 88

20:38:24.923 [AsyncHttpClient-1-6] DEBUG org.asynchttpclient.netty.channel.ChannelManager - Adding key: http://localhost:55367 for channel [id: 0x2b37534d, L:/127.0.0.1:49808 - R:localhost/127.0.0.1:55367]
20:38:24.924 [Forwarding getElementTagName on session c81fcebf2d2b0ff7de7123a99aa3ca5b to remote] DEBUG org.asynchttpclient.netty.request.NettyRequestSender - Using pooled Channel '[id: 0x2b37534d, L:/127.0.0.1:49808 - R:localhost/127.0.0.1:55367]' for 'GET' to 'http://localhost:55367/session/c81fcebf2d2b0ff7de7123a99aa3ca5b/element/f852b645-41e3-429d-98a4-cfd7570db169/name'
20:38:24.924 [Forwarding getElementTagName on session c81fcebf2d2b0ff7de7123a99aa3ca5b to remote] DEBUG org.asynchttpclient.netty.request.NettyRequestSender - Using open Channel [id: 0x2b37534d, L:/127.0.0.1:49808 - R:localhost/127.0.0.1:55367] for GET '/session/c81fcebf2d2b0ff7de7123a99aa3ca5b/element/f852b645-41e3-429d-98a4-cfd7570db169/name'
20:38:24.933 [AsyncHttpClient-1-6] DEBUG org.asynchttpclient.netty.handler.HttpHandler - 

Request DefaultFullHttpRequest(decodeResult: success, version: HTTP/1.1, content: EmptyByteBufBE)
GET /session/c81fcebf2d2b0ff7de7123a99aa3ca5b/element/f852b645-41e3-429d-98a4-cfd7570db169/name HTTP/1.1
User-Agent: selenium/4.1.2 (java windows)
Cache-Control: no-cache
Content-Type: application/json; charset=utf-8
host: localhost:55367
accept: */*

Response DefaultHttpResponse(decodeResult: success, version: HTTP/1.1)
HTTP/1.1 200 OK
Content-Type: application/json; charset=utf-8
cache-control: no-cache
content-length: 15

20:38:24.933 [AsyncHttpClient-1-6] DEBUG org.asynchttpclient.netty.channel.ChannelManager - Adding key: http://localhost:55367 for channel [id: 0x2b37534d, L:/127.0.0.1:49808 - R:localhost/127.0.0.1:55367]
20:38:24.935 [Forwarding getElementTagName on session c81fcebf2d2b0ff7de7123a99aa3ca5b to remote] DEBUG org.asynchttpclient.netty.request.NettyRequestSender - Using pooled Channel '[id: 0x2b37534d, L:/127.0.0.1:49808 - R:localhost/127.0.0.1:55367]' for 'GET' to 'http://localhost:55367/session/c81fcebf2d2b0ff7de7123a99aa3ca5b/element/f852b645-41e3-429d-98a4-cfd7570db169/name'
20:38:24.936 [Forwarding getElementTagName on session c81fcebf2d2b0ff7de7123a99aa3ca5b to remote] DEBUG org.asynchttpclient.netty.request.NettyRequestSender - Using open Channel [id: 0x2b37534d, L:/127.0.0.1:49808 - R:localhost/127.0.0.1:55367] for GET '/session/c81fcebf2d2b0ff7de7123a99aa3ca5b/element/f852b645-41e3-429d-98a4-cfd7570db169/name'
20:38:24.941 [AsyncHttpClient-1-6] DEBUG org.asynchttpclient.netty.handler.HttpHandler - 

Request DefaultFullHttpRequest(decodeResult: success, version: HTTP/1.1, content: EmptyByteBufBE)
GET /session/c81fcebf2d2b0ff7de7123a99aa3ca5b/element/f852b645-41e3-429d-98a4-cfd7570db169/name HTTP/1.1
User-Agent: selenium/4.1.2 (java windows)
Cache-Control: no-cache
Content-Type: application/json; charset=utf-8
host: localhost:55367
accept: */*

Response DefaultHttpResponse(decodeResult: success, version: HTTP/1.1)
HTTP/1.1 200 OK
Content-Type: application/json; charset=utf-8
cache-control: no-cache
content-length: 15

20:38:24.941 [AsyncHttpClient-1-6] DEBUG org.asynchttpclient.netty.channel.ChannelManager - Adding key: http://localhost:55367 for channel [id: 0x2b37534d, L:/127.0.0.1:49808 - R:localhost/127.0.0.1:55367]
20:38:24.947 [Forwarding findElement on session c81fcebf2d2b0ff7de7123a99aa3ca5b to remote] DEBUG org.asynchttpclient.netty.request.NettyRequestSender - Using pooled Channel '[id: 0x2b37534d, L:/127.0.0.1:49808 - R:localhost/127.0.0.1:55367]' for 'POST' to 'http://localhost:55367/session/c81fcebf2d2b0ff7de7123a99aa3ca5b/element'
20:38:24.947 [Forwarding findElement on session c81fcebf2d2b0ff7de7123a99aa3ca5b to remote] DEBUG org.asynchttpclient.netty.request.NettyRequestSender - Using open Channel [id: 0x2b37534d, L:/127.0.0.1:49808 - R:localhost/127.0.0.1:55367] for POST '/session/c81fcebf2d2b0ff7de7123a99aa3ca5b/element'
20:38:24.962 [AsyncHttpClient-1-6] DEBUG org.asynchttpclient.netty.handler.HttpHandler - 

Request DefaultHttpRequest(decodeResult: success, version: HTTP/1.1)
POST /session/c81fcebf2d2b0ff7de7123a99aa3ca5b/element HTTP/1.1
User-Agent: selenium/4.1.2 (java windows)
Content-Length: 71
Content-Type: application/json; charset=utf-8
host: localhost:55367
accept: */*

Response DefaultHttpResponse(decodeResult: success, version: HTTP/1.1)
HTTP/1.1 200 OK
Content-Type: application/json; charset=utf-8
cache-control: no-cache
content-length: 88

20:38:24.963 [AsyncHttpClient-1-6] DEBUG org.asynchttpclient.netty.channel.ChannelManager - Adding key: http://localhost:55367 for channel [id: 0x2b37534d, L:/127.0.0.1:49808 - R:localhost/127.0.0.1:55367]
20:38:24.964 [Forwarding clickElement on session c81fcebf2d2b0ff7de7123a99aa3ca5b to remote] DEBUG org.asynchttpclient.netty.request.NettyRequestSender - Using pooled Channel '[id: 0x2b37534d, L:/127.0.0.1:49808 - R:localhost/127.0.0.1:55367]' for 'POST' to 'http://localhost:55367/session/c81fcebf2d2b0ff7de7123a99aa3ca5b/element/f852b645-41e3-429d-98a4-cfd7570db169/click'
20:38:24.964 [Forwarding clickElement on session c81fcebf2d2b0ff7de7123a99aa3ca5b to remote] DEBUG org.asynchttpclient.netty.request.NettyRequestSender - Using open Channel [id: 0x2b37534d, L:/127.0.0.1:49808 - R:localhost/127.0.0.1:55367] for POST '/session/c81fcebf2d2b0ff7de7123a99aa3ca5b/element/f852b645-41e3-429d-98a4-cfd7570db169/click'
20:38:25.087 [AsyncHttpClient-1-6] DEBUG org.asynchttpclient.netty.handler.HttpHandler - 

Request DefaultHttpRequest(decodeResult: success, version: HTTP/1.1)
POST /session/c81fcebf2d2b0ff7de7123a99aa3ca5b/element/f852b645-41e3-429d-98a4-cfd7570db169/click HTTP/1.1
User-Agent: selenium/4.1.2 (java windows)
Content-Length: 50
Content-Type: application/json; charset=utf-8
host: localhost:55367
accept: */*

Response DefaultHttpResponse(decodeResult: success, version: HTTP/1.1)
HTTP/1.1 200 OK
Content-Type: application/json; charset=utf-8
cache-control: no-cache
content-length: 14

20:38:25.088 [AsyncHttpClient-1-6] DEBUG org.asynchttpclient.netty.channel.ChannelManager - Adding key: http://localhost:55367 for channel [id: 0x2b37534d, L:/127.0.0.1:49808 - R:localhost/127.0.0.1:55367]
  &amp#27;[32mAnd &amp#27;[0m&amp#27;[32mI click logout button&amp#27;[0m           &amp#27;[90m# starter.stepdefinitions.LogInOutSteps.iClickLogoutButton()&amp#27;[0m
20:38:25.098 [Forwarding screenshot on session c81fcebf2d2b0ff7de7123a99aa3ca5b to remote] DEBUG org.asynchttpclient.netty.request.NettyRequestSender - Using pooled Channel '[id: 0x2b37534d, L:/127.0.0.1:49808 - R:localhost/127.0.0.1:55367]' for 'GET' to 'http://localhost:55367/session/c81fcebf2d2b0ff7de7123a99aa3ca5b/screenshot'
20:38:25.098 [Forwarding screenshot on session c81fcebf2d2b0ff7de7123a99aa3ca5b to remote] DEBUG org.asynchttpclient.netty.request.NettyRequestSender - Using open Channel [id: 0x2b37534d, L:/127.0.0.1:49808 - R:localhost/127.0.0.1:55367] for GET '/session/c81fcebf2d2b0ff7de7123a99aa3ca5b/screenshot'
20:38:25.279 [AsyncHttpClient-1-6] DEBUG org.asynchttpclient.netty.handler.HttpHandler - 

Request DefaultFullHttpRequest(decodeResult: success, version: HTTP/1.1, content: EmptyByteBufBE)
GET /session/c81fcebf2d2b0ff7de7123a99aa3ca5b/screenshot HTTP/1.1
User-Agent: selenium/4.1.2 (java windows)
Cache-Control: no-cache
Content-Type: application/json; charset=utf-8
host: localhost:55367
accept: */*

Response DefaultHttpResponse(decodeResult: success, version: HTTP/1.1)
HTTP/1.1 200 OK
Content-Type: application/json; charset=utf-8
cache-control: no-cache
content-length: 38472

20:38:25.280 [AsyncHttpClient-1-6] DEBUG org.asynchttpclient.netty.channel.ChannelManager - Adding key: http://localhost:55367 for channel [id: 0x2b37534d, L:/127.0.0.1:49808 - R:localhost/127.0.0.1:55367]
20:38:25.283 [main] DEBUG net.serenitybdd.core.photography.Darkroom - Send negative for processing for target\site\serenity\6c2309ed56aeb278067cd6b3caf368b9f01e276e2bf175d46007f31c90d5af21.png
20:38:25.292 [Forwarding findElement on session c81fcebf2d2b0ff7de7123a99aa3ca5b to remote] DEBUG org.asynchttpclient.netty.request.NettyRequestSender - Using pooled Channel '[id: 0x2b37534d, L:/127.0.0.1:49808 - R:localhost/127.0.0.1:55367]' for 'POST' to 'http://localhost:55367/session/c81fcebf2d2b0ff7de7123a99aa3ca5b/element'
20:38:25.292 [Forwarding findElement on session c81fcebf2d2b0ff7de7123a99aa3ca5b to remote] DEBUG org.asynchttpclient.netty.request.NettyRequestSender - Using open Channel [id: 0x2b37534d, L:/127.0.0.1:49808 - R:localhost/127.0.0.1:55367] for POST '/session/c81fcebf2d2b0ff7de7123a99aa3ca5b/element'
20:38:25.313 [AsyncHttpClient-1-6] DEBUG org.asynchttpclient.netty.handler.HttpHandler - 

Request DefaultHttpRequest(decodeResult: success, version: HTTP/1.1)
POST /session/c81fcebf2d2b0ff7de7123a99aa3ca5b/element HTTP/1.1
User-Agent: selenium/4.1.2 (java windows)
Content-Length: 77
Content-Type: application/json; charset=utf-8
host: localhost:55367
accept: */*

Response DefaultHttpResponse(decodeResult: success, version: HTTP/1.1)
HTTP/1.1 200 OK
Content-Type: application/json; charset=utf-8
cache-control: no-cache
content-length: 88

20:38:25.313 [AsyncHttpClient-1-6] DEBUG org.asynchttpclient.netty.channel.ChannelManager - Adding key: http://localhost:55367 for channel [id: 0x2b37534d, L:/127.0.0.1:49808 - R:localhost/127.0.0.1:55367]
20:38:25.319 [Forwarding isElementDisplayed on session c81fcebf2d2b0ff7de7123a99aa3ca5b to remote] DEBUG org.asynchttpclient.netty.request.NettyRequestSender - Using pooled Channel '[id: 0x2b37534d, L:/127.0.0.1:49808 - R:localhost/127.0.0.1:55367]' for 'POST' to 'http://localhost:55367/session/c81fcebf2d2b0ff7de7123a99aa3ca5b/execute/sync'
20:38:25.319 [Forwarding isElementDisplayed on session c81fcebf2d2b0ff7de7123a99aa3ca5b to remote] DEBUG org.asynchttpclient.netty.request.NettyRequestSender - Using open Channel [id: 0x2b37534d, L:/127.0.0.1:49808 - R:localhost/127.0.0.1:55367] for POST '/session/c81fcebf2d2b0ff7de7123a99aa3ca5b/execute/sync'
20:38:25.344 [AsyncHttpClient-1-6] DEBUG org.asynchttpclient.netty.handler.HttpHandler - 

Request DefaultHttpRequest(decodeResult: success, version: HTTP/1.1)
POST /session/c81fcebf2d2b0ff7de7123a99aa3ca5b/execute/sync HTTP/1.1
User-Agent: selenium/4.1.2 (java windows)
Content-Length: 48780
Content-Type: application/json; charset=utf-8
host: localhost:55367
accept: */*

Response DefaultHttpResponse(decodeResult: success, version: HTTP/1.1)
HTTP/1.1 200 OK
Content-Type: application/json; charset=utf-8
cache-control: no-cache
content-length: 14

20:38:25.344 [AsyncHttpClient-1-6] DEBUG org.asynchttpclient.netty.channel.ChannelManager - Adding key: http://localhost:55367 for channel [id: 0x2b37534d, L:/127.0.0.1:49808 - R:localhost/127.0.0.1:55367]
  &amp#27;[32mThen &amp#27;[0m&amp#27;[32mI am back to login page&amp#27;[0m        &amp#27;[90m# starter.stepdefinitions.LogInOutSteps.iAmBackToLoginPage()&amp#27;[0m
20:38:25.351 [Forwarding screenshot on session c81fcebf2d2b0ff7de7123a99aa3ca5b to remote] DEBUG org.asynchttpclient.netty.request.NettyRequestSender - Using pooled Channel '[id: 0x2b37534d, L:/127.0.0.1:49808 - R:localhost/127.0.0.1:55367]' for 'GET' to 'http://localhost:55367/session/c81fcebf2d2b0ff7de7123a99aa3ca5b/screenshot'
20:38:25.352 [Forwarding screenshot on session c81fcebf2d2b0ff7de7123a99aa3ca5b to remote] DEBUG org.asynchttpclient.netty.request.NettyRequestSender - Using open Channel [id: 0x2b37534d, L:/127.0.0.1:49808 - R:localhost/127.0.0.1:55367] for GET '/session/c81fcebf2d2b0ff7de7123a99aa3ca5b/screenshot'
20:38:25.380 [AsyncHttpClient-1-1] DEBUG org.asynchttpclient.netty.channel.DefaultChannelPool - Entry count for : http://localhost:49809 : 1
20:38:25.543 [AsyncHttpClient-1-6] DEBUG org.asynchttpclient.netty.handler.HttpHandler - 

Request DefaultFullHttpRequest(decodeResult: success, version: HTTP/1.1, content: EmptyByteBufBE)
GET /session/c81fcebf2d2b0ff7de7123a99aa3ca5b/screenshot HTTP/1.1
User-Agent: selenium/4.1.2 (java windows)
Cache-Control: no-cache
Content-Type: application/json; charset=utf-8
host: localhost:55367
accept: */*

Response DefaultHttpResponse(decodeResult: success, version: HTTP/1.1)
HTTP/1.1 200 OK
Content-Type: application/json; charset=utf-8
cache-control: no-cache
content-length: 38472

20:38:25.544 [AsyncHttpClient-1-6] DEBUG org.asynchttpclient.netty.channel.ChannelManager - Adding key: http://localhost:55367 for channel [id: 0x2b37534d, L:/127.0.0.1:49808 - R:localhost/127.0.0.1:55367]
20:38:25.546 [main] DEBUG net.serenitybdd.core.photography.Darkroom - Send negative for processing for target\site\serenity\6c2309ed56aeb278067cd6b3caf368b9f01e276e2bf175d46007f31c90d5af21.png
20:38:25.548 [main] INFO  - 
  _____   ___   ___   _____     ___     _     ___   ___   ___   ___  
 |_   _| | __| / __| |_   _|   | _ \   /_\   / __| / __| | __| |   \ 
   | |   | _|  \__ \   | |     |  _/  / _ \  \__ \ \__ \ | _|  | |) |
   |_|   |___| |___/   |_|     |_|   /_/ \_\ |___/ |___/ |___| |___/ 

Logout
----------------------------------------------------------------------
20:38:25.549 [AsyncHttpClient-1-8] DEBUG org.asynchttpclient.netty.handler.WebSocketHandler - Channel Closed: [id: 0x461f81b6, L:/127.0.0.1:49819 ! R:localhost/127.0.0.1:49809] with attribute NettyResponseFuture{currentRetry=5,
	isDone=1,
	isCancelled=0,
	asyncHandler=org.asynchttpclient.ws.WebSocketUpgradeHandler@3d7a9f6,
	nettyRequest=org.asynchttpclient.netty.request.NettyRequest@bcd2620,
	future=java.util.concurrent.CompletableFuture@7fd60f34[Completed normally],
	uri=ws://localhost:49809/devtools/browser/8e539554-b174-4b80-8738-f8c0a9dfd3dc,
	keepAlive=true,
	redirectCount=0,
	timeoutsHolder=null,
	inAuth=0,
	touch=1667223497980}
20:38:25.550 [AsyncHttpClient-1-8] DEBUG org.asynchttpclient.netty.channel.ChannelManager - Closing Channel [id: 0x461f81b6, L:/127.0.0.1:49819 ! R:localhost/127.0.0.1:49809] 
20:38:25.550 [Driver Command Executor] DEBUG org.asynchttpclient.netty.request.NettyRequestSender - Using pooled Channel '[id: 0x2b37534d, L:/127.0.0.1:49808 - R:localhost/127.0.0.1:55367]' for 'DELETE' to 'http://localhost:55367/session/c81fcebf2d2b0ff7de7123a99aa3ca5b'
20:38:25.550 [Driver Command Executor] DEBUG org.asynchttpclient.netty.request.NettyRequestSender - Using open Channel [id: 0x2b37534d, L:/127.0.0.1:49808 - R:localhost/127.0.0.1:55367] for DELETE '/session/c81fcebf2d2b0ff7de7123a99aa3ca5b'
20:38:25.620 [AsyncHttpClient-1-7] DEBUG org.asynchttpclient.netty.handler.HttpHandler - Unexpected I/O exception on channel [id: 0x29341321, L:/127.0.0.1:49818 - R:localhost/127.0.0.1:49809]
java.net.SocketException: Connection reset
	at java.base/sun.nio.ch.SocketChannelImpl.throwConnectionReset(SocketChannelImpl.java:345)
	at java.base/sun.nio.ch.SocketChannelImpl.read(SocketChannelImpl.java:376)
	at io.netty.buffer.PooledByteBuf.setBytes(PooledByteBuf.java:258)
	at io.netty.buffer.AbstractByteBuf.writeBytes(AbstractByteBuf.java:1132)
	at io.netty.channel.socket.nio.NioSocketChannel.doReadBytes(NioSocketChannel.java:350)
	at io.netty.channel.nio.AbstractNioByteChannel$NioByteUnsafe.read(AbstractNioByteChannel.java:151)
	at io.netty.channel.nio.NioEventLoop.processSelectedKey(NioEventLoop.java:722)
	at io.netty.channel.nio.NioEventLoop.processSelectedKeysOptimized(NioEventLoop.java:658)
	at io.netty.channel.nio.NioEventLoop.processSelectedKeys(NioEventLoop.java:584)
	at io.netty.channel.nio.NioEventLoop.run(NioEventLoop.java:496)
	at io.netty.util.concurrent.SingleThreadEventExecutor$4.run(SingleThreadEventExecutor.java:986)
	at io.netty.util.internal.ThreadExecutorMap$2.run(ThreadExecutorMap.java:74)
	at io.netty.util.concurrent.FastThreadLocalRunnable.run(FastThreadLocalRunnable.java:30)
	at java.base/java.lang.Thread.run(Thread.java:830)
20:38:25.621 [AsyncHttpClient-1-7] DEBUG org.asynchttpclient.netty.channel.ChannelManager - Closing Channel [id: 0x29341321, L:/127.0.0.1:49818 - R:localhost/127.0.0.1:49809] 
20:38:25.621 [AsyncHttpClient-1-7] DEBUG org.asynchttpclient.netty.handler.HttpHandler - Channel Closed: [id: 0x29341321, L:/127.0.0.1:49818 ! R:localhost/127.0.0.1:49809] with attribute DISCARD
20:38:25.654 [AsyncHttpClient-1-6] DEBUG org.asynchttpclient.netty.handler.HttpHandler - 

Request DefaultFullHttpRequest(decodeResult: success, version: HTTP/1.1, content: EmptyByteBufBE)
DELETE /session/c81fcebf2d2b0ff7de7123a99aa3ca5b HTTP/1.1
User-Agent: selenium/4.1.2 (java windows)
Content-Type: application/json; charset=utf-8
host: localhost:55367
accept: */*

Response DefaultHttpResponse(decodeResult: success, version: HTTP/1.1)
HTTP/1.1 200 OK
Content-Type: application/json; charset=utf-8
cache-control: no-cache
content-length: 14

20:38:25.654 [AsyncHttpClient-1-6] DEBUG org.asynchttpclient.netty.channel.ChannelManager - Adding key: http://localhost:55367 for channel [id: 0x2b37534d, L:/127.0.0.1:49808 - R:localhost/127.0.0.1:55367]
20:38:25.733 [AsyncHttpClient-1-6] DEBUG org.asynchttpclient.netty.handler.HttpHandler - Channel Closed: [id: 0x2b37534d, L:/127.0.0.1:49808 ! R:localhost/127.0.0.1:55367] with attribute DISCARD
]]></system-out>
    <system-err><![CDATA[Starting ChromeDriver 106.0.5249.61 (511755355844955cd3e264779baf0dd38212a4d0-refs/branch-heads/5249@{#569}) on port 55367
Only local connections are allowed.
Please see https://chromedriver.chromium.org/security-considerations for suggestions on keeping ChromeDriver safe.
ChromeDriver was started successfully.
[1667223497.243][WARNING]: This version of ChromeDriver has not been tested with Chrome version 107.
Oct 31, 2022 8:38:17 PM org.openqa.selenium.remote.ProtocolHandshake createSession
INFO: Detected dialect: W3C
Oct 31, 2022 8:38:17 PM org.openqa.selenium.devtools.CdpVersionFinder findNearestMatch
WARNING: Unable to find an exact match for CDP version 107, so returning the closest version found: a no-op implementation
Oct 31, 2022 8:38:17 PM org.openqa.selenium.devtools.CdpVersionFinder findNearestMatch
INFO: Unable to find CDP implementation matching 107.
Oct 31, 2022 8:38:17 PM org.openqa.selenium.chromium.ChromiumDriver lambda$new$3
WARNING: Unable to find version of CDP to use for . You may need to include a dependency on a specific version of the CDP using something similar to `org.seleniumhq.selenium:selenium-devtools-v86:4.1.2` where the version ("v86") matches the version of the chromium-based browser you're using and the version number of the artifact is the same as Selenium's.
]]></system-err>
  </testcase>
  <testcase name="Show Product List" classname="Manage Product" time="7.287">
    <system-out><![CDATA[20:38:26.263 [main] INFO io.cucumber.core.plugin.SerenityReporter - Running feature from file:///C:/Users/ASUS/Desktop/stupen/miniproject/Web/ASWeb/src/test/resources/features/Product.feature
20:38:26.266 [main] DEBUG net.thucydides.core.steps.StepEventBus - Test suite started for story net.thucydides.core.model.Story@94d3a930
20:38:26.266 [main] INFO  - Test Suite Started: Manage Product

Scenario: Show Product List &amp#27;[90m# src/test/resources/features/Product.feature:6&amp#27;[0m
20:38:26.273 [main] INFO io.cucumber.core.plugin.SerenityReporter - Running feature from file:///C:/Users/ASUS/Desktop/stupen/miniproject/Web/ASWeb/src/test/resources/features/Product.feature
20:38:26.276 [main] INFO  - 
  _____   ___   ___   _____     ___   _____     _     ___   _____   ___   ___  
 |_   _| | __| / __| |_   _|   / __| |_   _|   /_\   | _ \ |_   _| | __| |   \ 
   | |   | _|  \__ \   | |     \__ \   | |    / _ \  |   /   | |   | _|  | |) |
   |_|   |___| |___/   |_|     |___/   |_|   /_/ \_\ |_|_\   |_|   |___| |___/ 

Show Product List(manage-product;show-product-list)
--------------------------------------------------------------------------------
20:38:26.467 [main] INFO net.serenitybdd.core.webdriver.driverproviders.ChromeDriverProvider - Using automatically driver download
20:38:26.478 [AsyncHttpClient-1-1] DEBUG org.asynchttpclient.netty.channel.DefaultChannelPool - Entry count for : http://localhost:49809 : 1
20:38:26.478 [AsyncHttpClient-1-1] DEBUG org.asynchttpclient.netty.channel.DefaultChannelPool - Entry count for : http://localhost:55367 : 1
20:38:26.480 [AsyncHttpClient-1-1] DEBUG org.asynchttpclient.netty.channel.DefaultChannelPool - Adding Candidate expired Channel [id: 0x29341321, L:/127.0.0.1:49818 ! R:localhost/127.0.0.1:49809] isIdleTimeoutExpired=false isRemotelyClosed=true isTtlExpired=false
20:38:26.480 [AsyncHttpClient-1-1] DEBUG org.asynchttpclient.netty.channel.DefaultChannelPool - Closing Idle Channel [id: 0x29341321, L:/127.0.0.1:49818 ! R:localhost/127.0.0.1:49809]
20:38:26.480 [AsyncHttpClient-1-1] DEBUG org.asynchttpclient.netty.channel.DefaultChannelPool - Adding Candidate expired Channel [id: 0x2b37534d, L:/127.0.0.1:49808 ! R:localhost/127.0.0.1:55367] isIdleTimeoutExpired=false isRemotelyClosed=true isTtlExpired=false
20:38:26.480 [AsyncHttpClient-1-1] DEBUG org.asynchttpclient.netty.channel.DefaultChannelPool - Closing Idle Channel [id: 0x2b37534d, L:/127.0.0.1:49808 ! R:localhost/127.0.0.1:55367]
20:38:26.480 [AsyncHttpClient-1-1] DEBUG org.asynchttpclient.netty.channel.DefaultChannelPool - Closed 2 connections out of 2 in 0 ms
20:38:26.712 [main] DEBUG io.github.bonigarcia.wdm.cache.ResolutionCache - Resolution chrome=107 in cache (valid until 21:37:26 31/10/2022 WIB)
20:38:26.719 [main] DEBUG io.github.bonigarcia.wdm.cache.ResolutionCache - Resolution chrome107=107.0.5304.62 in cache (valid until 19:37:19 01/11/2022 WIB)
20:38:26.722 [main] INFO io.github.bonigarcia.wdm.WebDriverManager - Using chromedriver 107.0.5304.62 (resolved driver for Chrome 107)
20:38:26.765 [main] DEBUG io.github.bonigarcia.wdm.WebDriverManager - Driver chromedriver 107.0.5304.62 found in cache
20:38:26.766 [main] INFO io.github.bonigarcia.wdm.WebDriverManager - Exporting webdriver.chrome.driver as C:\Users\ASUS\.cache\selenium\chromedriver\win32\107.0.5304.62\chromedriver.exe
20:38:27.026 [main] DEBUG net.serenitybdd.core.webdriver.driverproviders.ProvideNewDriver - Instantiating driver
20:38:27.026 [main] DEBUG net.serenitybdd.core.webdriver.driverproviders.ProvideNewDriver - Driver capabilities: Capabilities {acceptInsecureCerts: false, base.url: https://alta-shop.vercel.app/, browserName: chrome, chrome.driver: src/test/resources/webdrive..., driver: chrome, goog:chromeOptions: {args: [], extensions: []}, wait.for.timeout: 10000}
20:38:27.595 [AsyncHttpClient-1-9] DEBUG org.asynchttpclient.netty.channel.NettyConnectListener - Using new Channel '[id: 0xe8b44e26, L:/127.0.0.1:49842 - R:localhost/127.0.0.1:55327]' for 'POST' to '/session'
20:38:29.590 [AsyncHttpClient-1-9] DEBUG org.asynchttpclient.netty.handler.HttpHandler - 

Request DefaultHttpRequest(decodeResult: success, version: HTTP/1.1)
POST /session HTTP/1.1
User-Agent: selenium/4.1.2 (java windows)
Content-Length: 646
Content-Type: application/json; charset=utf-8
host: localhost:55327
accept: */*

Response DefaultHttpResponse(decodeResult: success, version: HTTP/1.1)
HTTP/1.1 200 OK
Content-Type: application/json; charset=utf-8
cache-control: no-cache
content-length: 789

20:38:29.591 [AsyncHttpClient-1-9] DEBUG org.asynchttpclient.netty.channel.ChannelManager - Adding key: http://localhost:55327 for channel [id: 0xe8b44e26, L:/127.0.0.1:49842 - R:localhost/127.0.0.1:55327]
20:38:29.608 [AsyncHttpClient-1-10] DEBUG org.asynchttpclient.netty.channel.NettyConnectListener - Using new Channel '[id: 0x2beb288e, L:/127.0.0.1:49852 - R:localhost/127.0.0.1:49843]' for 'GET' to '/json/version'
20:38:29.609 [AsyncHttpClient-1-10] DEBUG org.asynchttpclient.netty.handler.HttpHandler - 

Request DefaultFullHttpRequest(decodeResult: success, version: HTTP/1.1, content: EmptyByteBufBE)
GET /json/version HTTP/1.1
User-Agent: selenium/4.1.2 (java windows)
host: localhost:49843
accept: */*

Response DefaultHttpResponse(decodeResult: success, version: HTTP/1.1)
HTTP/1.1 200 OK
Content-Type: application/json; charset=UTF-8
content-length: 423

20:38:29.610 [AsyncHttpClient-1-10] DEBUG org.asynchttpclient.netty.channel.ChannelManager - Adding key: http://localhost:49843 for channel [id: 0x2beb288e, L:/127.0.0.1:49852 - R:localhost/127.0.0.1:49843]
20:38:29.614 [AsyncHttpClient-1-11] DEBUG org.asynchttpclient.netty.channel.NettyConnectListener - Using new Channel '[id: 0x4a532460, L:/127.0.0.1:49853 - R:localhost/127.0.0.1:49843]' for 'GET' to '/devtools/browser/b3472f68-cddb-4ba0-9ac0-6ae91517bb44'
20:38:29.616 [AsyncHttpClient-1-11] DEBUG org.asynchttpclient.netty.handler.WebSocketHandler - 

Request DefaultFullHttpRequest(decodeResult: success, version: HTTP/1.1, content: EmptyByteBufBE)
GET /devtools/browser/b3472f68-cddb-4ba0-9ac0-6ae91517bb44 HTTP/1.1
upgrade: websocket
connection: upgrade
sec-websocket-key: Vgq/QgdzhkFGYGlsXAun3g==
sec-websocket-version: 13
origin: http://localhost:49843
host: localhost:49843
accept: */*
user-agent: AHC/2.1

Response DefaultHttpResponse(decodeResult: success, version: HTTP/1.1)
HTTP/1.1 101 WebSocket Protocol Handshake
Upgrade: WebSocket
Connection: Upgrade
Sec-WebSocket-Accept: IG+OfbqUNcDUVc2bRMm6XT76bgs=

20:38:29.625 [Forwarding get on session a134f06084179fac26251469c4367c78 to remote] DEBUG org.asynchttpclient.netty.request.NettyRequestSender - Using pooled Channel '[id: 0xe8b44e26, L:/127.0.0.1:49842 - R:localhost/127.0.0.1:55327]' for 'POST' to 'http://localhost:55327/session/a134f06084179fac26251469c4367c78/url'
20:38:29.625 [Forwarding get on session a134f06084179fac26251469c4367c78 to remote] DEBUG org.asynchttpclient.netty.request.NettyRequestSender - Using open Channel [id: 0xe8b44e26, L:/127.0.0.1:49842 - R:localhost/127.0.0.1:55327] for POST '/session/a134f06084179fac26251469c4367c78/url'
20:38:29.779 [AsyncHttpClient-1-1] DEBUG org.asynchttpclient.netty.channel.DefaultChannelPool - Entry count for : http://localhost:49843 : 1
20:38:30.474 [AsyncHttpClient-1-9] DEBUG org.asynchttpclient.netty.handler.HttpHandler - 

Request DefaultHttpRequest(decodeResult: success, version: HTTP/1.1)
POST /session/a134f06084179fac26251469c4367c78/url HTTP/1.1
User-Agent: selenium/4.1.2 (java windows)
Content-Length: 59
Content-Type: application/json; charset=utf-8
host: localhost:55327
accept: */*

Response DefaultHttpResponse(decodeResult: success, version: HTTP/1.1)
HTTP/1.1 200 OK
Content-Type: application/json; charset=utf-8
cache-control: no-cache
content-length: 14

20:38:30.474 [AsyncHttpClient-1-9] DEBUG org.asynchttpclient.netty.channel.ChannelManager - Adding key: http://localhost:55327 for channel [id: 0xe8b44e26, L:/127.0.0.1:49842 - R:localhost/127.0.0.1:55327]
20:38:30.476 [Forwarding setTimeout on session a134f06084179fac26251469c4367c78 to remote] DEBUG org.asynchttpclient.netty.request.NettyRequestSender - Using pooled Channel '[id: 0xe8b44e26, L:/127.0.0.1:49842 - R:localhost/127.0.0.1:55327]' for 'POST' to 'http://localhost:55327/session/a134f06084179fac26251469c4367c78/timeouts'
20:38:30.476 [Forwarding setTimeout on session a134f06084179fac26251469c4367c78 to remote] DEBUG org.asynchttpclient.netty.request.NettyRequestSender - Using open Channel [id: 0xe8b44e26, L:/127.0.0.1:49842 - R:localhost/127.0.0.1:55327] for POST '/session/a134f06084179fac26251469c4367c78/timeouts'
20:38:30.477 [AsyncHttpClient-1-9] DEBUG org.asynchttpclient.netty.handler.HttpHandler - 

Request DefaultHttpRequest(decodeResult: success, version: HTTP/1.1)
POST /session/a134f06084179fac26251469c4367c78/timeouts HTTP/1.1
User-Agent: selenium/4.1.2 (java windows)
Content-Length: 22
Content-Type: application/json; charset=utf-8
host: localhost:55327
accept: */*

Response DefaultHttpResponse(decodeResult: success, version: HTTP/1.1)
HTTP/1.1 200 OK
Content-Type: application/json; charset=utf-8
cache-control: no-cache
content-length: 14

20:38:30.477 [AsyncHttpClient-1-9] DEBUG org.asynchttpclient.netty.channel.ChannelManager - Adding key: http://localhost:55327 for channel [id: 0xe8b44e26, L:/127.0.0.1:49842 - R:localhost/127.0.0.1:55327]
20:38:30.482 [Forwarding getCurrentUrl on session a134f06084179fac26251469c4367c78 to remote] DEBUG org.asynchttpclient.netty.request.NettyRequestSender - Using pooled Channel '[id: 0xe8b44e26, L:/127.0.0.1:49842 - R:localhost/127.0.0.1:55327]' for 'GET' to 'http://localhost:55327/session/a134f06084179fac26251469c4367c78/url'
20:38:30.482 [Forwarding getCurrentUrl on session a134f06084179fac26251469c4367c78 to remote] DEBUG org.asynchttpclient.netty.request.NettyRequestSender - Using open Channel [id: 0xe8b44e26, L:/127.0.0.1:49842 - R:localhost/127.0.0.1:55327] for GET '/session/a134f06084179fac26251469c4367c78/url'
20:38:30.488 [AsyncHttpClient-1-9] DEBUG org.asynchttpclient.netty.handler.HttpHandler - 

Request DefaultFullHttpRequest(decodeResult: success, version: HTTP/1.1, content: EmptyByteBufBE)
GET /session/a134f06084179fac26251469c4367c78/url HTTP/1.1
User-Agent: selenium/4.1.2 (java windows)
Cache-Control: no-cache
Content-Type: application/json; charset=utf-8
host: localhost:55327
accept: */*

Response DefaultHttpResponse(decodeResult: success, version: HTTP/1.1)
HTTP/1.1 200 OK
Content-Type: application/json; charset=utf-8
cache-control: no-cache
content-length: 41

20:38:30.488 [AsyncHttpClient-1-9] DEBUG org.asynchttpclient.netty.channel.ChannelManager - Adding key: http://localhost:55327 for channel [id: 0xe8b44e26, L:/127.0.0.1:49842 - R:localhost/127.0.0.1:55327]
  &amp#27;[32mWhen &amp#27;[0m&amp#27;[32mI open product url&amp#27;[0m   &amp#27;[90m# starter.stepdefinitions.ProductSteps.iOpenProductUrl()&amp#27;[0m
20:38:30.501 [main] DEBUG net.serenitybdd.core.photography.Darkroom - Opening darkroom
20:38:30.501 [Darkroom Processing Line] DEBUG net.serenitybdd.core.photography.DarkroomProcessingLine - Darkroom processing line starting up
20:38:30.502 [Forwarding screenshot on session a134f06084179fac26251469c4367c78 to remote] DEBUG org.asynchttpclient.netty.request.NettyRequestSender - Using pooled Channel '[id: 0xe8b44e26, L:/127.0.0.1:49842 - R:localhost/127.0.0.1:55327]' for 'GET' to 'http://localhost:55327/session/a134f06084179fac26251469c4367c78/screenshot'
20:38:30.502 [Forwarding screenshot on session a134f06084179fac26251469c4367c78 to remote] DEBUG org.asynchttpclient.netty.request.NettyRequestSender - Using open Channel [id: 0xe8b44e26, L:/127.0.0.1:49842 - R:localhost/127.0.0.1:55327] for GET '/session/a134f06084179fac26251469c4367c78/screenshot'
20:38:30.884 [AsyncHttpClient-1-1] DEBUG org.asynchttpclient.netty.channel.DefaultChannelPool - Entry count for : http://localhost:49843 : 1
20:38:31.111 [AsyncHttpClient-1-9] DEBUG org.asynchttpclient.netty.handler.HttpHandler - 

Request DefaultFullHttpRequest(decodeResult: success, version: HTTP/1.1, content: EmptyByteBufBE)
GET /session/a134f06084179fac26251469c4367c78/screenshot HTTP/1.1
User-Agent: selenium/4.1.2 (java windows)
Cache-Control: no-cache
Content-Type: application/json; charset=utf-8
host: localhost:55327
accept: */*

Response DefaultHttpResponse(decodeResult: success, version: HTTP/1.1)
HTTP/1.1 200 OK
Content-Type: application/json; charset=utf-8
cache-control: no-cache
content-length: 40920

20:38:31.112 [AsyncHttpClient-1-9] DEBUG org.asynchttpclient.netty.channel.ChannelManager - Adding key: http://localhost:55327 for channel [id: 0xe8b44e26, L:/127.0.0.1:49842 - R:localhost/127.0.0.1:55327]
20:38:31.114 [main] DEBUG net.serenitybdd.core.photography.Darkroom - Send negative for processing for target\site\serenity\3464e6ab3cafbb5e3e554739a1e52e63bb804c803553b51e05cf17e401592537.png
20:38:31.115 [Darkroom Processing Line] DEBUG net.serenitybdd.core.photography.DarkroomProcessingLine - Processing screenshot image in /var/screenshots/screenshot-829614554857437970
20:38:31.115 [Darkroom Processing Line] DEBUG net.serenitybdd.core.photography.DarkroomProcessingLine - Saving screenshot to target\site\serenity\3464e6ab3cafbb5e3e554739a1e52e63bb804c803553b51e05cf17e401592537.png
20:38:31.124 [Forwarding findElement on session a134f06084179fac26251469c4367c78 to remote] DEBUG org.asynchttpclient.netty.request.NettyRequestSender - Using pooled Channel '[id: 0xe8b44e26, L:/127.0.0.1:49842 - R:localhost/127.0.0.1:55327]' for 'POST' to 'http://localhost:55327/session/a134f06084179fac26251469c4367c78/element'
20:38:31.124 [Forwarding findElement on session a134f06084179fac26251469c4367c78 to remote] DEBUG org.asynchttpclient.netty.request.NettyRequestSender - Using open Channel [id: 0xe8b44e26, L:/127.0.0.1:49842 - R:localhost/127.0.0.1:55327] for POST '/session/a134f06084179fac26251469c4367c78/element'
20:38:31.987 [AsyncHttpClient-1-1] DEBUG org.asynchttpclient.netty.channel.DefaultChannelPool - Entry count for : http://localhost:49843 : 1
20:38:32.685 [AsyncHttpClient-1-9] DEBUG org.asynchttpclient.netty.handler.HttpHandler - 

Request DefaultHttpRequest(decodeResult: success, version: HTTP/1.1)
POST /session/a134f06084179fac26251469c4367c78/element HTTP/1.1
User-Agent: selenium/4.1.2 (java windows)
Content-Length: 91
Content-Type: application/json; charset=utf-8
host: localhost:55327
accept: */*

Response DefaultHttpResponse(decodeResult: success, version: HTTP/1.1)
HTTP/1.1 200 OK
Content-Type: application/json; charset=utf-8
cache-control: no-cache
content-length: 88

20:38:32.685 [AsyncHttpClient-1-9] DEBUG org.asynchttpclient.netty.channel.ChannelManager - Adding key: http://localhost:55327 for channel [id: 0xe8b44e26, L:/127.0.0.1:49842 - R:localhost/127.0.0.1:55327]
20:38:32.690 [Forwarding isElementDisplayed on session a134f06084179fac26251469c4367c78 to remote] DEBUG org.asynchttpclient.netty.request.NettyRequestSender - Using pooled Channel '[id: 0xe8b44e26, L:/127.0.0.1:49842 - R:localhost/127.0.0.1:55327]' for 'POST' to 'http://localhost:55327/session/a134f06084179fac26251469c4367c78/execute/sync'
20:38:32.690 [Forwarding isElementDisplayed on session a134f06084179fac26251469c4367c78 to remote] DEBUG org.asynchttpclient.netty.request.NettyRequestSender - Using open Channel [id: 0xe8b44e26, L:/127.0.0.1:49842 - R:localhost/127.0.0.1:55327] for POST '/session/a134f06084179fac26251469c4367c78/execute/sync'
20:38:32.710 [AsyncHttpClient-1-9] DEBUG org.asynchttpclient.netty.handler.HttpHandler - 

Request DefaultHttpRequest(decodeResult: success, version: HTTP/1.1)
POST /session/a134f06084179fac26251469c4367c78/execute/sync HTTP/1.1
User-Agent: selenium/4.1.2 (java windows)
Content-Length: 48780
Content-Type: application/json; charset=utf-8
host: localhost:55327
accept: */*

Response DefaultHttpResponse(decodeResult: success, version: HTTP/1.1)
HTTP/1.1 200 OK
Content-Type: application/json; charset=utf-8
cache-control: no-cache
content-length: 14

20:38:32.710 [AsyncHttpClient-1-9] DEBUG org.asynchttpclient.netty.channel.ChannelManager - Adding key: http://localhost:55327 for channel [id: 0xe8b44e26, L:/127.0.0.1:49842 - R:localhost/127.0.0.1:55327]
  &amp#27;[32mThen &amp#27;[0m&amp#27;[32mI get product list&amp#27;[0m   &amp#27;[90m# starter.stepdefinitions.ProductSteps.iGetProductList()&amp#27;[0m
20:38:32.716 [Forwarding screenshot on session a134f06084179fac26251469c4367c78 to remote] DEBUG org.asynchttpclient.netty.request.NettyRequestSender - Using pooled Channel '[id: 0xe8b44e26, L:/127.0.0.1:49842 - R:localhost/127.0.0.1:55327]' for 'GET' to 'http://localhost:55327/session/a134f06084179fac26251469c4367c78/screenshot'
20:38:32.716 [Forwarding screenshot on session a134f06084179fac26251469c4367c78 to remote] DEBUG org.asynchttpclient.netty.request.NettyRequestSender - Using open Channel [id: 0xe8b44e26, L:/127.0.0.1:49842 - R:localhost/127.0.0.1:55327] for GET '/session/a134f06084179fac26251469c4367c78/screenshot'
20:38:32.885 [AsyncHttpClient-1-9] DEBUG org.asynchttpclient.netty.handler.HttpHandler - 

Request DefaultFullHttpRequest(decodeResult: success, version: HTTP/1.1, content: EmptyByteBufBE)
GET /session/a134f06084179fac26251469c4367c78/screenshot HTTP/1.1
User-Agent: selenium/4.1.2 (java windows)
Cache-Control: no-cache
Content-Type: application/json; charset=utf-8
host: localhost:55327
accept: */*

Response DefaultHttpResponse(decodeResult: success, version: HTTP/1.1)
HTTP/1.1 200 OK
Content-Type: application/json; charset=utf-8
cache-control: no-cache
content-length: 74784

20:38:32.885 [AsyncHttpClient-1-9] DEBUG org.asynchttpclient.netty.channel.ChannelManager - Adding key: http://localhost:55327 for channel [id: 0xe8b44e26, L:/127.0.0.1:49842 - R:localhost/127.0.0.1:55327]
20:38:32.888 [main] DEBUG net.serenitybdd.core.photography.Darkroom - Send negative for processing for target\site\serenity\e80d9ce471da86b3f903157bef62eab6e012d5d2e7767ae3e3c89bacb4e9ba04.png
20:38:32.889 [Darkroom Processing Line] DEBUG net.serenitybdd.core.photography.DarkroomProcessingLine - Processing screenshot image in /var/screenshots/screenshot-6920623092680938351
20:38:32.889 [Darkroom Processing Line] DEBUG net.serenitybdd.core.photography.DarkroomProcessingLine - Saving screenshot to target\site\serenity\e80d9ce471da86b3f903157bef62eab6e012d5d2e7767ae3e3c89bacb4e9ba04.png
20:38:32.890 [main] INFO  - 
  _____   ___   ___   _____     ___     _     ___   ___   ___   ___  
 |_   _| | __| / __| |_   _|   | _ \   /_\   / __| / __| | __| |   \ 
   | |   | _|  \__ \   | |     |  _/  / _ \  \__ \ \__ \ | _|  | |) |
   |_|   |___| |___/   |_|     |_|   /_/ \_\ |___/ |___/ |___| |___/ 

Show Product List
----------------------------------------------------------------------
20:38:32.891 [AsyncHttpClient-1-11] DEBUG org.asynchttpclient.netty.handler.WebSocketHandler - Channel Closed: [id: 0x4a532460, L:/127.0.0.1:49853 ! R:localhost/127.0.0.1:49843] with attribute NettyResponseFuture{currentRetry=5,
	isDone=1,
	isCancelled=0,
	asyncHandler=org.asynchttpclient.ws.WebSocketUpgradeHandler@6705146b,
	nettyRequest=org.asynchttpclient.netty.request.NettyRequest@5982c7cc,
	future=java.util.concurrent.CompletableFuture@1aa6ca99[Completed normally],
	uri=ws://localhost:49843/devtools/browser/b3472f68-cddb-4ba0-9ac0-6ae91517bb44,
	keepAlive=true,
	redirectCount=0,
	timeoutsHolder=null,
	inAuth=0,
	touch=1667223509617}
20:38:32.891 [AsyncHttpClient-1-11] DEBUG org.asynchttpclient.netty.channel.ChannelManager - Closing Channel [id: 0x4a532460, L:/127.0.0.1:49853 ! R:localhost/127.0.0.1:49843] 
20:38:32.891 [Driver Command Executor] DEBUG org.asynchttpclient.netty.request.NettyRequestSender - Using pooled Channel '[id: 0xe8b44e26, L:/127.0.0.1:49842 - R:localhost/127.0.0.1:55327]' for 'DELETE' to 'http://localhost:55327/session/a134f06084179fac26251469c4367c78'
20:38:32.891 [Driver Command Executor] DEBUG org.asynchttpclient.netty.request.NettyRequestSender - Using open Channel [id: 0xe8b44e26, L:/127.0.0.1:49842 - R:localhost/127.0.0.1:55327] for DELETE '/session/a134f06084179fac26251469c4367c78'
20:38:32.941 [AsyncHttpClient-1-10] DEBUG org.asynchttpclient.netty.handler.HttpHandler - Unexpected I/O exception on channel [id: 0x2beb288e, L:/127.0.0.1:49852 - R:localhost/127.0.0.1:49843]
java.net.SocketException: Connection reset
	at java.base/sun.nio.ch.SocketChannelImpl.throwConnectionReset(SocketChannelImpl.java:345)
	at java.base/sun.nio.ch.SocketChannelImpl.read(SocketChannelImpl.java:376)
	at io.netty.buffer.PooledByteBuf.setBytes(PooledByteBuf.java:258)
	at io.netty.buffer.AbstractByteBuf.writeBytes(AbstractByteBuf.java:1132)
	at io.netty.channel.socket.nio.NioSocketChannel.doReadBytes(NioSocketChannel.java:350)
	at io.netty.channel.nio.AbstractNioByteChannel$NioByteUnsafe.read(AbstractNioByteChannel.java:151)
	at io.netty.channel.nio.NioEventLoop.processSelectedKey(NioEventLoop.java:722)
	at io.netty.channel.nio.NioEventLoop.processSelectedKeysOptimized(NioEventLoop.java:658)
	at io.netty.channel.nio.NioEventLoop.processSelectedKeys(NioEventLoop.java:584)
	at io.netty.channel.nio.NioEventLoop.run(NioEventLoop.java:496)
	at io.netty.util.concurrent.SingleThreadEventExecutor$4.run(SingleThreadEventExecutor.java:986)
	at io.netty.util.internal.ThreadExecutorMap$2.run(ThreadExecutorMap.java:74)
	at io.netty.util.concurrent.FastThreadLocalRunnable.run(FastThreadLocalRunnable.java:30)
	at java.base/java.lang.Thread.run(Thread.java:830)
20:38:32.941 [AsyncHttpClient-1-10] DEBUG org.asynchttpclient.netty.channel.ChannelManager - Closing Channel [id: 0x2beb288e, L:/127.0.0.1:49852 - R:localhost/127.0.0.1:49843] 
20:38:32.942 [AsyncHttpClient-1-10] DEBUG org.asynchttpclient.netty.handler.HttpHandler - Channel Closed: [id: 0x2beb288e, L:/127.0.0.1:49852 ! R:localhost/127.0.0.1:49843] with attribute DISCARD
20:38:32.966 [AsyncHttpClient-1-9] DEBUG org.asynchttpclient.netty.handler.HttpHandler - 

Request DefaultFullHttpRequest(decodeResult: success, version: HTTP/1.1, content: EmptyByteBufBE)
DELETE /session/a134f06084179fac26251469c4367c78 HTTP/1.1
User-Agent: selenium/4.1.2 (java windows)
Content-Type: application/json; charset=utf-8
host: localhost:55327
accept: */*

Response DefaultHttpResponse(decodeResult: success, version: HTTP/1.1)
HTTP/1.1 200 OK
Content-Type: application/json; charset=utf-8
cache-control: no-cache
content-length: 14

20:38:32.967 [AsyncHttpClient-1-9] DEBUG org.asynchttpclient.netty.channel.ChannelManager - Adding key: http://localhost:55327 for channel [id: 0xe8b44e26, L:/127.0.0.1:49842 - R:localhost/127.0.0.1:55327]
20:38:33.018 [AsyncHttpClient-1-9] DEBUG org.asynchttpclient.netty.handler.HttpHandler - Channel Closed: [id: 0xe8b44e26, L:/127.0.0.1:49842 ! R:localhost/127.0.0.1:55327] with attribute DISCARD
20:38:33.079 [AsyncHttpClient-1-1] DEBUG org.asynchttpclient.netty.channel.DefaultChannelPool - Entry count for : http://localhost:55327 : 1
20:38:33.079 [AsyncHttpClient-1-1] DEBUG org.asynchttpclient.netty.channel.DefaultChannelPool - Entry count for : http://localhost:49843 : 1
20:38:33.079 [AsyncHttpClient-1-1] DEBUG org.asynchttpclient.netty.channel.DefaultChannelPool - Adding Candidate expired Channel [id: 0xe8b44e26, L:/127.0.0.1:49842 ! R:localhost/127.0.0.1:55327] isIdleTimeoutExpired=false isRemotelyClosed=true isTtlExpired=false
20:38:33.079 [AsyncHttpClient-1-1] DEBUG org.asynchttpclient.netty.channel.DefaultChannelPool - Closing Idle Channel [id: 0xe8b44e26, L:/127.0.0.1:49842 ! R:localhost/127.0.0.1:55327]
20:38:33.079 [AsyncHttpClient-1-1] DEBUG org.asynchttpclient.netty.channel.DefaultChannelPool - Adding Candidate expired Channel [id: 0x2beb288e, L:/127.0.0.1:49852 ! R:localhost/127.0.0.1:49843] isIdleTimeoutExpired=false isRemotelyClosed=true isTtlExpired=false
20:38:33.079 [AsyncHttpClient-1-1] DEBUG org.asynchttpclient.netty.channel.DefaultChannelPool - Closing Idle Channel [id: 0x2beb288e, L:/127.0.0.1:49852 ! R:localhost/127.0.0.1:49843]
20:38:33.079 [AsyncHttpClient-1-1] DEBUG org.asynchttpclient.netty.channel.DefaultChannelPool - Closed 2 connections out of 2 in 0 ms
]]></system-out>
    <system-err><![CDATA[Starting ChromeDriver 106.0.5249.61 (511755355844955cd3e264779baf0dd38212a4d0-refs/branch-heads/5249@{#569}) on port 55327
Only local connections are allowed.
Please see https://chromedriver.chromium.org/security-considerations for suggestions on keeping ChromeDriver safe.
ChromeDriver was started successfully.
[1667223508.615][WARNING]: This version of ChromeDriver has not been tested with Chrome version 107.
Oct 31, 2022 8:38:29 PM org.openqa.selenium.remote.ProtocolHandshake createSession
INFO: Detected dialect: W3C
Oct 31, 2022 8:38:29 PM org.openqa.selenium.devtools.CdpVersionFinder findNearestMatch
WARNING: Unable to find an exact match for CDP version 107, so returning the closest version found: a no-op implementation
Oct 31, 2022 8:38:29 PM org.openqa.selenium.devtools.CdpVersionFinder findNearestMatch
INFO: Unable to find CDP implementation matching 107.
Oct 31, 2022 8:38:29 PM org.openqa.selenium.chromium.ChromiumDriver lambda$new$3
WARNING: Unable to find version of CDP to use for . You may need to include a dependency on a specific version of the CDP using something similar to `org.seleniumhq.selenium:selenium-devtools-v86:4.1.2` where the version ("v86") matches the version of the chromium-based browser you're using and the version number of the artifact is the same as Selenium's.
]]></system-err>
  </testcase>
  <testcase name="Select Category" classname="Manage Product" time="5.148">
    <system-out><![CDATA[
Scenario: Select Category                          &amp#27;[90m# src/test/resources/features/Product.feature:10&amp#27;[0m
20:38:33.562 [main] INFO io.cucumber.core.plugin.SerenityReporter - Running feature from file:///C:/Users/ASUS/Desktop/stupen/miniproject/Web/ASWeb/src/test/resources/features/Product.feature
20:38:33.564 [main] INFO  - 
  _____   ___   ___   _____     ___   _____     _     ___   _____   ___   ___  
 |_   _| | __| / __| |_   _|   / __| |_   _|   /_\   | _ \ |_   _| | __| |   \ 
   | |   | _|  \__ \   | |     \__ \   | |    / _ \  |   /   | |   | _|  | |) |
   |_|   |___| |___/   |_|     |___/   |_|   /_/ \_\ |_|_\   |_|   |___| |___/ 

Select Category(manage-product;select-category)
--------------------------------------------------------------------------------
20:38:33.579 [main] INFO net.serenitybdd.core.webdriver.driverproviders.ChromeDriverProvider - Using automatically driver download
20:38:33.749 [main] DEBUG io.github.bonigarcia.wdm.cache.ResolutionCache - Resolution chrome=107 in cache (valid until 21:37:26 31/10/2022 WIB)
20:38:33.757 [main] DEBUG io.github.bonigarcia.wdm.cache.ResolutionCache - Resolution chrome107=107.0.5304.62 in cache (valid until 19:37:19 01/11/2022 WIB)
20:38:33.761 [main] INFO io.github.bonigarcia.wdm.WebDriverManager - Using chromedriver 107.0.5304.62 (resolved driver for Chrome 107)
20:38:33.781 [main] DEBUG io.github.bonigarcia.wdm.WebDriverManager - Driver chromedriver 107.0.5304.62 found in cache
20:38:33.782 [main] INFO io.github.bonigarcia.wdm.WebDriverManager - Exporting webdriver.chrome.driver as C:\Users\ASUS\.cache\selenium\chromedriver\win32\107.0.5304.62\chromedriver.exe
20:38:33.993 [main] DEBUG net.serenitybdd.core.webdriver.driverproviders.ProvideNewDriver - Instantiating driver
20:38:33.993 [main] DEBUG net.serenitybdd.core.webdriver.driverproviders.ProvideNewDriver - Driver capabilities: Capabilities {acceptInsecureCerts: false, base.url: https://alta-shop.vercel.app/, browserName: chrome, chrome.driver: src/test/resources/webdrive..., driver: chrome, goog:chromeOptions: {args: [], extensions: []}, wait.for.timeout: 10000}
20:38:34.546 [AsyncHttpClient-1-12] DEBUG org.asynchttpclient.netty.channel.NettyConnectListener - Using new Channel '[id: 0xcab49323, L:/127.0.0.1:49873 - R:localhost/127.0.0.1:57213]' for 'POST' to '/session'
20:38:35.531 [AsyncHttpClient-1-12] DEBUG org.asynchttpclient.netty.handler.HttpHandler - 

Request DefaultHttpRequest(decodeResult: success, version: HTTP/1.1)
POST /session HTTP/1.1
User-Agent: selenium/4.1.2 (java windows)
Content-Length: 646
Content-Type: application/json; charset=utf-8
host: localhost:57213
accept: */*

Response DefaultHttpResponse(decodeResult: success, version: HTTP/1.1)
HTTP/1.1 200 OK
Content-Type: application/json; charset=utf-8
cache-control: no-cache
content-length: 789

20:38:35.531 [AsyncHttpClient-1-12] DEBUG org.asynchttpclient.netty.channel.ChannelManager - Adding key: http://localhost:57213 for channel [id: 0xcab49323, L:/127.0.0.1:49873 - R:localhost/127.0.0.1:57213]
20:38:35.541 [AsyncHttpClient-1-13] DEBUG org.asynchttpclient.netty.channel.NettyConnectListener - Using new Channel '[id: 0xf2091cb3, L:/127.0.0.1:49882 - R:localhost/127.0.0.1:49874]' for 'GET' to '/json/version'
20:38:35.542 [AsyncHttpClient-1-13] DEBUG org.asynchttpclient.netty.handler.HttpHandler - 

Request DefaultFullHttpRequest(decodeResult: success, version: HTTP/1.1, content: EmptyByteBufBE)
GET /json/version HTTP/1.1
User-Agent: selenium/4.1.2 (java windows)
host: localhost:49874
accept: */*

Response DefaultHttpResponse(decodeResult: success, version: HTTP/1.1)
HTTP/1.1 200 OK
Content-Type: application/json; charset=UTF-8
content-length: 423

20:38:35.542 [AsyncHttpClient-1-13] DEBUG org.asynchttpclient.netty.channel.ChannelManager - Adding key: http://localhost:49874 for channel [id: 0xf2091cb3, L:/127.0.0.1:49882 - R:localhost/127.0.0.1:49874]
20:38:35.546 [AsyncHttpClient-1-14] DEBUG org.asynchttpclient.netty.channel.NettyConnectListener - Using new Channel '[id: 0x2786a993, L:/127.0.0.1:49883 - R:localhost/127.0.0.1:49874]' for 'GET' to '/devtools/browser/04de20a3-1c51-4682-8087-40a2d0b26d35'
20:38:35.546 [AsyncHttpClient-1-14] DEBUG org.asynchttpclient.netty.handler.WebSocketHandler - 

Request DefaultFullHttpRequest(decodeResult: success, version: HTTP/1.1, content: EmptyByteBufBE)
GET /devtools/browser/04de20a3-1c51-4682-8087-40a2d0b26d35 HTTP/1.1
upgrade: websocket
connection: upgrade
sec-websocket-key: aHLlNi/d4p4WWysYpGPOCw==
sec-websocket-version: 13
origin: http://localhost:49874
host: localhost:49874
accept: */*
user-agent: AHC/2.1

Response DefaultHttpResponse(decodeResult: success, version: HTTP/1.1)
HTTP/1.1 101 WebSocket Protocol Handshake
Upgrade: WebSocket
Connection: Upgrade
Sec-WebSocket-Accept: s6aCjT+kOq0O+vpYeEnifTrtQAs=

20:38:35.552 [Forwarding get on session c08034bdbb61e1e6f2e3c2d7f665e32d to remote] DEBUG org.asynchttpclient.netty.request.NettyRequestSender - Using pooled Channel '[id: 0xcab49323, L:/127.0.0.1:49873 - R:localhost/127.0.0.1:57213]' for 'POST' to 'http://localhost:57213/session/c08034bdbb61e1e6f2e3c2d7f665e32d/url'
20:38:35.552 [Forwarding get on session c08034bdbb61e1e6f2e3c2d7f665e32d to remote] DEBUG org.asynchttpclient.netty.request.NettyRequestSender - Using open Channel [id: 0xcab49323, L:/127.0.0.1:49873 - R:localhost/127.0.0.1:57213] for POST '/session/c08034bdbb61e1e6f2e3c2d7f665e32d/url'
20:38:36.380 [AsyncHttpClient-1-1] DEBUG org.asynchttpclient.netty.channel.DefaultChannelPool - Entry count for : http://localhost:49874 : 1
20:38:36.380 [AsyncHttpClient-1-12] DEBUG org.asynchttpclient.netty.handler.HttpHandler - 

Request DefaultHttpRequest(decodeResult: success, version: HTTP/1.1)
POST /session/c08034bdbb61e1e6f2e3c2d7f665e32d/url HTTP/1.1
User-Agent: selenium/4.1.2 (java windows)
Content-Length: 59
Content-Type: application/json; charset=utf-8
host: localhost:57213
accept: */*

Response DefaultHttpResponse(decodeResult: success, version: HTTP/1.1)
HTTP/1.1 200 OK
Content-Type: application/json; charset=utf-8
cache-control: no-cache
content-length: 14

20:38:36.380 [AsyncHttpClient-1-12] DEBUG org.asynchttpclient.netty.channel.ChannelManager - Adding key: http://localhost:57213 for channel [id: 0xcab49323, L:/127.0.0.1:49873 - R:localhost/127.0.0.1:57213]
20:38:36.382 [Forwarding setTimeout on session c08034bdbb61e1e6f2e3c2d7f665e32d to remote] DEBUG org.asynchttpclient.netty.request.NettyRequestSender - Using pooled Channel '[id: 0xcab49323, L:/127.0.0.1:49873 - R:localhost/127.0.0.1:57213]' for 'POST' to 'http://localhost:57213/session/c08034bdbb61e1e6f2e3c2d7f665e32d/timeouts'
20:38:36.382 [Forwarding setTimeout on session c08034bdbb61e1e6f2e3c2d7f665e32d to remote] DEBUG org.asynchttpclient.netty.request.NettyRequestSender - Using open Channel [id: 0xcab49323, L:/127.0.0.1:49873 - R:localhost/127.0.0.1:57213] for POST '/session/c08034bdbb61e1e6f2e3c2d7f665e32d/timeouts'
20:38:36.382 [AsyncHttpClient-1-12] DEBUG org.asynchttpclient.netty.handler.HttpHandler - 

Request DefaultHttpRequest(decodeResult: success, version: HTTP/1.1)
POST /session/c08034bdbb61e1e6f2e3c2d7f665e32d/timeouts HTTP/1.1
User-Agent: selenium/4.1.2 (java windows)
Content-Length: 22
Content-Type: application/json; charset=utf-8
host: localhost:57213
accept: */*

Response DefaultHttpResponse(decodeResult: success, version: HTTP/1.1)
HTTP/1.1 200 OK
Content-Type: application/json; charset=utf-8
cache-control: no-cache
content-length: 14

20:38:36.383 [AsyncHttpClient-1-12] DEBUG org.asynchttpclient.netty.channel.ChannelManager - Adding key: http://localhost:57213 for channel [id: 0xcab49323, L:/127.0.0.1:49873 - R:localhost/127.0.0.1:57213]
20:38:36.386 [Forwarding getCurrentUrl on session c08034bdbb61e1e6f2e3c2d7f665e32d to remote] DEBUG org.asynchttpclient.netty.request.NettyRequestSender - Using pooled Channel '[id: 0xcab49323, L:/127.0.0.1:49873 - R:localhost/127.0.0.1:57213]' for 'GET' to 'http://localhost:57213/session/c08034bdbb61e1e6f2e3c2d7f665e32d/url'
20:38:36.386 [Forwarding getCurrentUrl on session c08034bdbb61e1e6f2e3c2d7f665e32d to remote] DEBUG org.asynchttpclient.netty.request.NettyRequestSender - Using open Channel [id: 0xcab49323, L:/127.0.0.1:49873 - R:localhost/127.0.0.1:57213] for GET '/session/c08034bdbb61e1e6f2e3c2d7f665e32d/url'
20:38:36.391 [AsyncHttpClient-1-12] DEBUG org.asynchttpclient.netty.handler.HttpHandler - 

Request DefaultFullHttpRequest(decodeResult: success, version: HTTP/1.1, content: EmptyByteBufBE)
GET /session/c08034bdbb61e1e6f2e3c2d7f665e32d/url HTTP/1.1
User-Agent: selenium/4.1.2 (java windows)
Cache-Control: no-cache
Content-Type: application/json; charset=utf-8
host: localhost:57213
accept: */*

Response DefaultHttpResponse(decodeResult: success, version: HTTP/1.1)
HTTP/1.1 200 OK
Content-Type: application/json; charset=utf-8
cache-control: no-cache
content-length: 41

20:38:36.391 [AsyncHttpClient-1-12] DEBUG org.asynchttpclient.netty.channel.ChannelManager - Adding key: http://localhost:57213 for channel [id: 0xcab49323, L:/127.0.0.1:49873 - R:localhost/127.0.0.1:57213]
  &amp#27;[32mGiven &amp#27;[0m&amp#27;[32mI open mainpage url&amp#27;[0m                        &amp#27;[90m# starter.stepdefinitions.ProductSteps.iOpenMainpageUrl()&amp#27;[0m
20:38:36.400 [Forwarding screenshot on session c08034bdbb61e1e6f2e3c2d7f665e32d to remote] DEBUG org.asynchttpclient.netty.request.NettyRequestSender - Using pooled Channel '[id: 0xcab49323, L:/127.0.0.1:49873 - R:localhost/127.0.0.1:57213]' for 'GET' to 'http://localhost:57213/session/c08034bdbb61e1e6f2e3c2d7f665e32d/screenshot'
20:38:36.400 [Forwarding screenshot on session c08034bdbb61e1e6f2e3c2d7f665e32d to remote] DEBUG org.asynchttpclient.netty.request.NettyRequestSender - Using open Channel [id: 0xcab49323, L:/127.0.0.1:49873 - R:localhost/127.0.0.1:57213] for GET '/session/c08034bdbb61e1e6f2e3c2d7f665e32d/screenshot'
20:38:36.754 [AsyncHttpClient-1-12] DEBUG org.asynchttpclient.netty.handler.HttpHandler - 

Request DefaultFullHttpRequest(decodeResult: success, version: HTTP/1.1, content: EmptyByteBufBE)
GET /session/c08034bdbb61e1e6f2e3c2d7f665e32d/screenshot HTTP/1.1
User-Agent: selenium/4.1.2 (java windows)
Cache-Control: no-cache
Content-Type: application/json; charset=utf-8
host: localhost:57213
accept: */*

Response DefaultHttpResponse(decodeResult: success, version: HTTP/1.1)
HTTP/1.1 200 OK
Content-Type: application/json; charset=utf-8
cache-control: no-cache
content-length: 46152

20:38:36.754 [AsyncHttpClient-1-12] DEBUG org.asynchttpclient.netty.channel.ChannelManager - Adding key: http://localhost:57213 for channel [id: 0xcab49323, L:/127.0.0.1:49873 - R:localhost/127.0.0.1:57213]
20:38:36.757 [main] DEBUG net.serenitybdd.core.photography.Darkroom - Send negative for processing for target\site\serenity\f26e8a1ac22a4a6b3038427bfad74a17d14de029577a2756d3d0b6eec43d3114.png
20:38:36.757 [Darkroom Processing Line] DEBUG net.serenitybdd.core.photography.DarkroomProcessingLine - Processing screenshot image in /var/screenshots/screenshot-11648450466817341764
20:38:36.757 [Darkroom Processing Line] DEBUG net.serenitybdd.core.photography.DarkroomProcessingLine - Saving screenshot to target\site\serenity\f26e8a1ac22a4a6b3038427bfad74a17d14de029577a2756d3d0b6eec43d3114.png
20:38:36.773 [Forwarding findElement on session c08034bdbb61e1e6f2e3c2d7f665e32d to remote] DEBUG org.asynchttpclient.netty.request.NettyRequestSender - Using pooled Channel '[id: 0xcab49323, L:/127.0.0.1:49873 - R:localhost/127.0.0.1:57213]' for 'POST' to 'http://localhost:57213/session/c08034bdbb61e1e6f2e3c2d7f665e32d/element'
20:38:36.773 [Forwarding findElement on session c08034bdbb61e1e6f2e3c2d7f665e32d to remote] DEBUG org.asynchttpclient.netty.request.NettyRequestSender - Using open Channel [id: 0xcab49323, L:/127.0.0.1:49873 - R:localhost/127.0.0.1:57213] for POST '/session/c08034bdbb61e1e6f2e3c2d7f665e32d/element'
20:38:36.790 [AsyncHttpClient-1-12] DEBUG org.asynchttpclient.netty.handler.HttpHandler - 

Request DefaultHttpRequest(decodeResult: success, version: HTTP/1.1)
POST /session/c08034bdbb61e1e6f2e3c2d7f665e32d/element HTTP/1.1
User-Agent: selenium/4.1.2 (java windows)
Content-Length: 88
Content-Type: application/json; charset=utf-8
host: localhost:57213
accept: */*

Response DefaultHttpResponse(decodeResult: success, version: HTTP/1.1)
HTTP/1.1 200 OK
Content-Type: application/json; charset=utf-8
cache-control: no-cache
content-length: 88

20:38:36.790 [AsyncHttpClient-1-12] DEBUG org.asynchttpclient.netty.channel.ChannelManager - Adding key: http://localhost:57213 for channel [id: 0xcab49323, L:/127.0.0.1:49873 - R:localhost/127.0.0.1:57213]
20:38:36.792 [Forwarding getElementTagName on session c08034bdbb61e1e6f2e3c2d7f665e32d to remote] DEBUG org.asynchttpclient.netty.request.NettyRequestSender - Using pooled Channel '[id: 0xcab49323, L:/127.0.0.1:49873 - R:localhost/127.0.0.1:57213]' for 'GET' to 'http://localhost:57213/session/c08034bdbb61e1e6f2e3c2d7f665e32d/element/0aaddef2-7ccc-4c5e-b2e7-71ac25d939eb/name'
20:38:36.792 [Forwarding getElementTagName on session c08034bdbb61e1e6f2e3c2d7f665e32d to remote] DEBUG org.asynchttpclient.netty.request.NettyRequestSender - Using open Channel [id: 0xcab49323, L:/127.0.0.1:49873 - R:localhost/127.0.0.1:57213] for GET '/session/c08034bdbb61e1e6f2e3c2d7f665e32d/element/0aaddef2-7ccc-4c5e-b2e7-71ac25d939eb/name'
20:38:36.800 [AsyncHttpClient-1-12] DEBUG org.asynchttpclient.netty.handler.HttpHandler - 

Request DefaultFullHttpRequest(decodeResult: success, version: HTTP/1.1, content: EmptyByteBufBE)
GET /session/c08034bdbb61e1e6f2e3c2d7f665e32d/element/0aaddef2-7ccc-4c5e-b2e7-71ac25d939eb/name HTTP/1.1
User-Agent: selenium/4.1.2 (java windows)
Cache-Control: no-cache
Content-Type: application/json; charset=utf-8
host: localhost:57213
accept: */*

Response DefaultHttpResponse(decodeResult: success, version: HTTP/1.1)
HTTP/1.1 200 OK
Content-Type: application/json; charset=utf-8
cache-control: no-cache
content-length: 15

20:38:36.800 [AsyncHttpClient-1-12] DEBUG org.asynchttpclient.netty.channel.ChannelManager - Adding key: http://localhost:57213 for channel [id: 0xcab49323, L:/127.0.0.1:49873 - R:localhost/127.0.0.1:57213]
20:38:36.801 [Forwarding getElementTagName on session c08034bdbb61e1e6f2e3c2d7f665e32d to remote] DEBUG org.asynchttpclient.netty.request.NettyRequestSender - Using pooled Channel '[id: 0xcab49323, L:/127.0.0.1:49873 - R:localhost/127.0.0.1:57213]' for 'GET' to 'http://localhost:57213/session/c08034bdbb61e1e6f2e3c2d7f665e32d/element/0aaddef2-7ccc-4c5e-b2e7-71ac25d939eb/name'
20:38:36.801 [Forwarding getElementTagName on session c08034bdbb61e1e6f2e3c2d7f665e32d to remote] DEBUG org.asynchttpclient.netty.request.NettyRequestSender - Using open Channel [id: 0xcab49323, L:/127.0.0.1:49873 - R:localhost/127.0.0.1:57213] for GET '/session/c08034bdbb61e1e6f2e3c2d7f665e32d/element/0aaddef2-7ccc-4c5e-b2e7-71ac25d939eb/name'
20:38:36.805 [AsyncHttpClient-1-12] DEBUG org.asynchttpclient.netty.handler.HttpHandler - 

Request DefaultFullHttpRequest(decodeResult: success, version: HTTP/1.1, content: EmptyByteBufBE)
GET /session/c08034bdbb61e1e6f2e3c2d7f665e32d/element/0aaddef2-7ccc-4c5e-b2e7-71ac25d939eb/name HTTP/1.1
User-Agent: selenium/4.1.2 (java windows)
Cache-Control: no-cache
Content-Type: application/json; charset=utf-8
host: localhost:57213
accept: */*

Response DefaultHttpResponse(decodeResult: success, version: HTTP/1.1)
HTTP/1.1 200 OK
Content-Type: application/json; charset=utf-8
cache-control: no-cache
content-length: 15

20:38:36.805 [AsyncHttpClient-1-12] DEBUG org.asynchttpclient.netty.channel.ChannelManager - Adding key: http://localhost:57213 for channel [id: 0xcab49323, L:/127.0.0.1:49873 - R:localhost/127.0.0.1:57213]
20:38:36.808 [Forwarding findElement on session c08034bdbb61e1e6f2e3c2d7f665e32d to remote] DEBUG org.asynchttpclient.netty.request.NettyRequestSender - Using pooled Channel '[id: 0xcab49323, L:/127.0.0.1:49873 - R:localhost/127.0.0.1:57213]' for 'POST' to 'http://localhost:57213/session/c08034bdbb61e1e6f2e3c2d7f665e32d/element'
20:38:36.808 [Forwarding findElement on session c08034bdbb61e1e6f2e3c2d7f665e32d to remote] DEBUG org.asynchttpclient.netty.request.NettyRequestSender - Using open Channel [id: 0xcab49323, L:/127.0.0.1:49873 - R:localhost/127.0.0.1:57213] for POST '/session/c08034bdbb61e1e6f2e3c2d7f665e32d/element'
20:38:36.819 [AsyncHttpClient-1-12] DEBUG org.asynchttpclient.netty.handler.HttpHandler - 

Request DefaultHttpRequest(decodeResult: success, version: HTTP/1.1)
POST /session/c08034bdbb61e1e6f2e3c2d7f665e32d/element HTTP/1.1
User-Agent: selenium/4.1.2 (java windows)
Content-Length: 88
Content-Type: application/json; charset=utf-8
host: localhost:57213
accept: */*

Response DefaultHttpResponse(decodeResult: success, version: HTTP/1.1)
HTTP/1.1 200 OK
Content-Type: application/json; charset=utf-8
cache-control: no-cache
content-length: 88

20:38:36.819 [AsyncHttpClient-1-12] DEBUG org.asynchttpclient.netty.channel.ChannelManager - Adding key: http://localhost:57213 for channel [id: 0xcab49323, L:/127.0.0.1:49873 - R:localhost/127.0.0.1:57213]
20:38:36.821 [Forwarding clickElement on session c08034bdbb61e1e6f2e3c2d7f665e32d to remote] DEBUG org.asynchttpclient.netty.request.NettyRequestSender - Using pooled Channel '[id: 0xcab49323, L:/127.0.0.1:49873 - R:localhost/127.0.0.1:57213]' for 'POST' to 'http://localhost:57213/session/c08034bdbb61e1e6f2e3c2d7f665e32d/element/0aaddef2-7ccc-4c5e-b2e7-71ac25d939eb/click'
20:38:36.821 [Forwarding clickElement on session c08034bdbb61e1e6f2e3c2d7f665e32d to remote] DEBUG org.asynchttpclient.netty.request.NettyRequestSender - Using open Channel [id: 0xcab49323, L:/127.0.0.1:49873 - R:localhost/127.0.0.1:57213] for POST '/session/c08034bdbb61e1e6f2e3c2d7f665e32d/element/0aaddef2-7ccc-4c5e-b2e7-71ac25d939eb/click'
20:38:36.922 [AsyncHttpClient-1-12] DEBUG org.asynchttpclient.netty.handler.HttpHandler - 

Request DefaultHttpRequest(decodeResult: success, version: HTTP/1.1)
POST /session/c08034bdbb61e1e6f2e3c2d7f665e32d/element/0aaddef2-7ccc-4c5e-b2e7-71ac25d939eb/click HTTP/1.1
User-Agent: selenium/4.1.2 (java windows)
Content-Length: 50
Content-Type: application/json; charset=utf-8
host: localhost:57213
accept: */*

Response DefaultHttpResponse(decodeResult: success, version: HTTP/1.1)
HTTP/1.1 200 OK
Content-Type: application/json; charset=utf-8
cache-control: no-cache
content-length: 14

20:38:36.922 [AsyncHttpClient-1-12] DEBUG org.asynchttpclient.netty.channel.ChannelManager - Adding key: http://localhost:57213 for channel [id: 0xcab49323, L:/127.0.0.1:49873 - R:localhost/127.0.0.1:57213]
  &amp#27;[32mWhen &amp#27;[0m&amp#27;[32mI click select category&amp#27;[0m                     &amp#27;[90m# starter.stepdefinitions.ProductSteps.iClickSelectCategory()&amp#27;[0m
20:38:36.931 [Forwarding screenshot on session c08034bdbb61e1e6f2e3c2d7f665e32d to remote] DEBUG org.asynchttpclient.netty.request.NettyRequestSender - Using pooled Channel '[id: 0xcab49323, L:/127.0.0.1:49873 - R:localhost/127.0.0.1:57213]' for 'GET' to 'http://localhost:57213/session/c08034bdbb61e1e6f2e3c2d7f665e32d/screenshot'
20:38:36.932 [Forwarding screenshot on session c08034bdbb61e1e6f2e3c2d7f665e32d to remote] DEBUG org.asynchttpclient.netty.request.NettyRequestSender - Using open Channel [id: 0xcab49323, L:/127.0.0.1:49873 - R:localhost/127.0.0.1:57213] for GET '/session/c08034bdbb61e1e6f2e3c2d7f665e32d/screenshot'
20:38:37.217 [AsyncHttpClient-1-12] DEBUG org.asynchttpclient.netty.handler.HttpHandler - 

Request DefaultFullHttpRequest(decodeResult: success, version: HTTP/1.1, content: EmptyByteBufBE)
GET /session/c08034bdbb61e1e6f2e3c2d7f665e32d/screenshot HTTP/1.1
User-Agent: selenium/4.1.2 (java windows)
Cache-Control: no-cache
Content-Type: application/json; charset=utf-8
host: localhost:57213
accept: */*

Response DefaultHttpResponse(decodeResult: success, version: HTTP/1.1)
HTTP/1.1 200 OK
Content-Type: application/json; charset=utf-8
cache-control: no-cache
content-length: 40388

20:38:37.218 [AsyncHttpClient-1-12] DEBUG org.asynchttpclient.netty.channel.ChannelManager - Adding key: http://localhost:57213 for channel [id: 0xcab49323, L:/127.0.0.1:49873 - R:localhost/127.0.0.1:57213]
20:38:37.220 [main] DEBUG net.serenitybdd.core.photography.Darkroom - Send negative for processing for target\site\serenity\254daf810b5b3710b27d4e35d4c1de40edb7d49220432bde9773a2cc511cdd93.png
20:38:37.220 [Darkroom Processing Line] DEBUG net.serenitybdd.core.photography.DarkroomProcessingLine - Processing screenshot image in /var/screenshots/screenshot-3332972455880709806
20:38:37.220 [Darkroom Processing Line] DEBUG net.serenitybdd.core.photography.DarkroomProcessingLine - Saving screenshot to target\site\serenity\254daf810b5b3710b27d4e35d4c1de40edb7d49220432bde9773a2cc511cdd93.png
20:38:37.232 [Forwarding findElement on session c08034bdbb61e1e6f2e3c2d7f665e32d to remote] DEBUG org.asynchttpclient.netty.request.NettyRequestSender - Using pooled Channel '[id: 0xcab49323, L:/127.0.0.1:49873 - R:localhost/127.0.0.1:57213]' for 'POST' to 'http://localhost:57213/session/c08034bdbb61e1e6f2e3c2d7f665e32d/element'
20:38:37.232 [Forwarding findElement on session c08034bdbb61e1e6f2e3c2d7f665e32d to remote] DEBUG org.asynchttpclient.netty.request.NettyRequestSender - Using open Channel [id: 0xcab49323, L:/127.0.0.1:49873 - R:localhost/127.0.0.1:57213] for POST '/session/c08034bdbb61e1e6f2e3c2d7f665e32d/element'
20:38:37.250 [AsyncHttpClient-1-12] DEBUG org.asynchttpclient.netty.handler.HttpHandler - 

Request DefaultHttpRequest(decodeResult: success, version: HTTP/1.1)
POST /session/c08034bdbb61e1e6f2e3c2d7f665e32d/element HTTP/1.1
User-Agent: selenium/4.1.2 (java windows)
Content-Length: 88
Content-Type: application/json; charset=utf-8
host: localhost:57213
accept: */*

Response DefaultHttpResponse(decodeResult: success, version: HTTP/1.1)
HTTP/1.1 200 OK
Content-Type: application/json; charset=utf-8
cache-control: no-cache
content-length: 88

20:38:37.251 [AsyncHttpClient-1-12] DEBUG org.asynchttpclient.netty.channel.ChannelManager - Adding key: http://localhost:57213 for channel [id: 0xcab49323, L:/127.0.0.1:49873 - R:localhost/127.0.0.1:57213]
20:38:37.252 [Forwarding getElementTagName on session c08034bdbb61e1e6f2e3c2d7f665e32d to remote] DEBUG org.asynchttpclient.netty.request.NettyRequestSender - Using pooled Channel '[id: 0xcab49323, L:/127.0.0.1:49873 - R:localhost/127.0.0.1:57213]' for 'GET' to 'http://localhost:57213/session/c08034bdbb61e1e6f2e3c2d7f665e32d/element/fae3359a-d306-4055-b064-3cf758d2e571/name'
20:38:37.252 [Forwarding getElementTagName on session c08034bdbb61e1e6f2e3c2d7f665e32d to remote] DEBUG org.asynchttpclient.netty.request.NettyRequestSender - Using open Channel [id: 0xcab49323, L:/127.0.0.1:49873 - R:localhost/127.0.0.1:57213] for GET '/session/c08034bdbb61e1e6f2e3c2d7f665e32d/element/fae3359a-d306-4055-b064-3cf758d2e571/name'
20:38:37.256 [AsyncHttpClient-1-12] DEBUG org.asynchttpclient.netty.handler.HttpHandler - 

Request DefaultFullHttpRequest(decodeResult: success, version: HTTP/1.1, content: EmptyByteBufBE)
GET /session/c08034bdbb61e1e6f2e3c2d7f665e32d/element/fae3359a-d306-4055-b064-3cf758d2e571/name HTTP/1.1
User-Agent: selenium/4.1.2 (java windows)
Cache-Control: no-cache
Content-Type: application/json; charset=utf-8
host: localhost:57213
accept: */*

Response DefaultHttpResponse(decodeResult: success, version: HTTP/1.1)
HTTP/1.1 200 OK
Content-Type: application/json; charset=utf-8
cache-control: no-cache
content-length: 15

20:38:37.256 [AsyncHttpClient-1-12] DEBUG org.asynchttpclient.netty.channel.ChannelManager - Adding key: http://localhost:57213 for channel [id: 0xcab49323, L:/127.0.0.1:49873 - R:localhost/127.0.0.1:57213]
20:38:37.257 [Forwarding getElementTagName on session c08034bdbb61e1e6f2e3c2d7f665e32d to remote] DEBUG org.asynchttpclient.netty.request.NettyRequestSender - Using pooled Channel '[id: 0xcab49323, L:/127.0.0.1:49873 - R:localhost/127.0.0.1:57213]' for 'GET' to 'http://localhost:57213/session/c08034bdbb61e1e6f2e3c2d7f665e32d/element/fae3359a-d306-4055-b064-3cf758d2e571/name'
20:38:37.257 [Forwarding getElementTagName on session c08034bdbb61e1e6f2e3c2d7f665e32d to remote] DEBUG org.asynchttpclient.netty.request.NettyRequestSender - Using open Channel [id: 0xcab49323, L:/127.0.0.1:49873 - R:localhost/127.0.0.1:57213] for GET '/session/c08034bdbb61e1e6f2e3c2d7f665e32d/element/fae3359a-d306-4055-b064-3cf758d2e571/name'
20:38:37.268 [AsyncHttpClient-1-12] DEBUG org.asynchttpclient.netty.handler.HttpHandler - 

Request DefaultFullHttpRequest(decodeResult: success, version: HTTP/1.1, content: EmptyByteBufBE)
GET /session/c08034bdbb61e1e6f2e3c2d7f665e32d/element/fae3359a-d306-4055-b064-3cf758d2e571/name HTTP/1.1
User-Agent: selenium/4.1.2 (java windows)
Cache-Control: no-cache
Content-Type: application/json; charset=utf-8
host: localhost:57213
accept: */*

Response DefaultHttpResponse(decodeResult: success, version: HTTP/1.1)
HTTP/1.1 200 OK
Content-Type: application/json; charset=utf-8
cache-control: no-cache
content-length: 15

20:38:37.268 [AsyncHttpClient-1-12] DEBUG org.asynchttpclient.netty.channel.ChannelManager - Adding key: http://localhost:57213 for channel [id: 0xcab49323, L:/127.0.0.1:49873 - R:localhost/127.0.0.1:57213]
20:38:37.270 [Forwarding findElement on session c08034bdbb61e1e6f2e3c2d7f665e32d to remote] DEBUG org.asynchttpclient.netty.request.NettyRequestSender - Using pooled Channel '[id: 0xcab49323, L:/127.0.0.1:49873 - R:localhost/127.0.0.1:57213]' for 'POST' to 'http://localhost:57213/session/c08034bdbb61e1e6f2e3c2d7f665e32d/element'
20:38:37.270 [Forwarding findElement on session c08034bdbb61e1e6f2e3c2d7f665e32d to remote] DEBUG org.asynchttpclient.netty.request.NettyRequestSender - Using open Channel [id: 0xcab49323, L:/127.0.0.1:49873 - R:localhost/127.0.0.1:57213] for POST '/session/c08034bdbb61e1e6f2e3c2d7f665e32d/element'
20:38:37.285 [AsyncHttpClient-1-12] DEBUG org.asynchttpclient.netty.handler.HttpHandler - 

Request DefaultHttpRequest(decodeResult: success, version: HTTP/1.1)
POST /session/c08034bdbb61e1e6f2e3c2d7f665e32d/element HTTP/1.1
User-Agent: selenium/4.1.2 (java windows)
Content-Length: 88
Content-Type: application/json; charset=utf-8
host: localhost:57213
accept: */*

Response DefaultHttpResponse(decodeResult: success, version: HTTP/1.1)
HTTP/1.1 200 OK
Content-Type: application/json; charset=utf-8
cache-control: no-cache
content-length: 88

20:38:37.285 [AsyncHttpClient-1-12] DEBUG org.asynchttpclient.netty.channel.ChannelManager - Adding key: http://localhost:57213 for channel [id: 0xcab49323, L:/127.0.0.1:49873 - R:localhost/127.0.0.1:57213]
20:38:37.286 [Forwarding clickElement on session c08034bdbb61e1e6f2e3c2d7f665e32d to remote] DEBUG org.asynchttpclient.netty.request.NettyRequestSender - Using pooled Channel '[id: 0xcab49323, L:/127.0.0.1:49873 - R:localhost/127.0.0.1:57213]' for 'POST' to 'http://localhost:57213/session/c08034bdbb61e1e6f2e3c2d7f665e32d/element/fae3359a-d306-4055-b064-3cf758d2e571/click'
20:38:37.286 [Forwarding clickElement on session c08034bdbb61e1e6f2e3c2d7f665e32d to remote] DEBUG org.asynchttpclient.netty.request.NettyRequestSender - Using open Channel [id: 0xcab49323, L:/127.0.0.1:49873 - R:localhost/127.0.0.1:57213] for POST '/session/c08034bdbb61e1e6f2e3c2d7f665e32d/element/fae3359a-d306-4055-b064-3cf758d2e571/click'
20:38:37.335 [AsyncHttpClient-1-12] DEBUG org.asynchttpclient.netty.handler.HttpHandler - 

Request DefaultHttpRequest(decodeResult: success, version: HTTP/1.1)
POST /session/c08034bdbb61e1e6f2e3c2d7f665e32d/element/fae3359a-d306-4055-b064-3cf758d2e571/click HTTP/1.1
User-Agent: selenium/4.1.2 (java windows)
Content-Length: 50
Content-Type: application/json; charset=utf-8
host: localhost:57213
accept: */*

Response DefaultHttpResponse(decodeResult: success, version: HTTP/1.1)
HTTP/1.1 200 OK
Content-Type: application/json; charset=utf-8
cache-control: no-cache
content-length: 14

20:38:37.335 [AsyncHttpClient-1-12] DEBUG org.asynchttpclient.netty.channel.ChannelManager - Adding key: http://localhost:57213 for channel [id: 0xcab49323, L:/127.0.0.1:49873 - R:localhost/127.0.0.1:57213]
  &amp#27;[32mAnd &amp#27;[0m&amp#27;[32mI click one of the category&amp#27;[0m                  &amp#27;[90m# starter.stepdefinitions.ProductSteps.iClickOneOfTheCategory()&amp#27;[0m
20:38:37.345 [Forwarding screenshot on session c08034bdbb61e1e6f2e3c2d7f665e32d to remote] DEBUG org.asynchttpclient.netty.request.NettyRequestSender - Using pooled Channel '[id: 0xcab49323, L:/127.0.0.1:49873 - R:localhost/127.0.0.1:57213]' for 'GET' to 'http://localhost:57213/session/c08034bdbb61e1e6f2e3c2d7f665e32d/screenshot'
20:38:37.345 [Forwarding screenshot on session c08034bdbb61e1e6f2e3c2d7f665e32d to remote] DEBUG org.asynchttpclient.netty.request.NettyRequestSender - Using open Channel [id: 0xcab49323, L:/127.0.0.1:49873 - R:localhost/127.0.0.1:57213] for GET '/session/c08034bdbb61e1e6f2e3c2d7f665e32d/screenshot'
20:38:37.479 [AsyncHttpClient-1-1] DEBUG org.asynchttpclient.netty.channel.DefaultChannelPool - Entry count for : http://localhost:49874 : 1
20:38:37.587 [AsyncHttpClient-1-12] DEBUG org.asynchttpclient.netty.handler.HttpHandler - 

Request DefaultFullHttpRequest(decodeResult: success, version: HTTP/1.1, content: EmptyByteBufBE)
GET /session/c08034bdbb61e1e6f2e3c2d7f665e32d/screenshot HTTP/1.1
User-Agent: selenium/4.1.2 (java windows)
Cache-Control: no-cache
Content-Type: application/json; charset=utf-8
host: localhost:57213
accept: */*

Response DefaultHttpResponse(decodeResult: success, version: HTTP/1.1)
HTTP/1.1 200 OK
Content-Type: application/json; charset=utf-8
cache-control: no-cache
content-length: 35380

20:38:37.588 [AsyncHttpClient-1-12] DEBUG org.asynchttpclient.netty.channel.ChannelManager - Adding key: http://localhost:57213 for channel [id: 0xcab49323, L:/127.0.0.1:49873 - R:localhost/127.0.0.1:57213]
20:38:37.591 [main] DEBUG net.serenitybdd.core.photography.Darkroom - Send negative for processing for target\site\serenity\e53bff66e7d8859b310fdc7e356990d2ea3f93a943052502288be85a39a6dff2.png
20:38:37.591 [Darkroom Processing Line] DEBUG net.serenitybdd.core.photography.DarkroomProcessingLine - Processing screenshot image in /var/screenshots/screenshot-12793027512057678722
20:38:37.591 [Darkroom Processing Line] DEBUG net.serenitybdd.core.photography.DarkroomProcessingLine - Saving screenshot to target\site\serenity\e53bff66e7d8859b310fdc7e356990d2ea3f93a943052502288be85a39a6dff2.png
20:38:37.608 [Forwarding findElement on session c08034bdbb61e1e6f2e3c2d7f665e32d to remote] DEBUG org.asynchttpclient.netty.request.NettyRequestSender - Using pooled Channel '[id: 0xcab49323, L:/127.0.0.1:49873 - R:localhost/127.0.0.1:57213]' for 'POST' to 'http://localhost:57213/session/c08034bdbb61e1e6f2e3c2d7f665e32d/element'
20:38:37.608 [Forwarding findElement on session c08034bdbb61e1e6f2e3c2d7f665e32d to remote] DEBUG org.asynchttpclient.netty.request.NettyRequestSender - Using open Channel [id: 0xcab49323, L:/127.0.0.1:49873 - R:localhost/127.0.0.1:57213] for POST '/session/c08034bdbb61e1e6f2e3c2d7f665e32d/element'
20:38:37.628 [AsyncHttpClient-1-12] DEBUG org.asynchttpclient.netty.handler.HttpHandler - 

Request DefaultHttpRequest(decodeResult: success, version: HTTP/1.1)
POST /session/c08034bdbb61e1e6f2e3c2d7f665e32d/element HTTP/1.1
User-Agent: selenium/4.1.2 (java windows)
Content-Length: 87
Content-Type: application/json; charset=utf-8
host: localhost:57213
accept: */*

Response DefaultHttpResponse(decodeResult: success, version: HTTP/1.1)
HTTP/1.1 200 OK
Content-Type: application/json; charset=utf-8
cache-control: no-cache
content-length: 88

20:38:37.628 [AsyncHttpClient-1-12] DEBUG org.asynchttpclient.netty.channel.ChannelManager - Adding key: http://localhost:57213 for channel [id: 0xcab49323, L:/127.0.0.1:49873 - R:localhost/127.0.0.1:57213]
20:38:37.634 [Forwarding isElementDisplayed on session c08034bdbb61e1e6f2e3c2d7f665e32d to remote] DEBUG org.asynchttpclient.netty.request.NettyRequestSender - Using pooled Channel '[id: 0xcab49323, L:/127.0.0.1:49873 - R:localhost/127.0.0.1:57213]' for 'POST' to 'http://localhost:57213/session/c08034bdbb61e1e6f2e3c2d7f665e32d/execute/sync'
20:38:37.634 [Forwarding isElementDisplayed on session c08034bdbb61e1e6f2e3c2d7f665e32d to remote] DEBUG org.asynchttpclient.netty.request.NettyRequestSender - Using open Channel [id: 0xcab49323, L:/127.0.0.1:49873 - R:localhost/127.0.0.1:57213] for POST '/session/c08034bdbb61e1e6f2e3c2d7f665e32d/execute/sync'
20:38:37.656 [AsyncHttpClient-1-12] DEBUG org.asynchttpclient.netty.handler.HttpHandler - 

Request DefaultHttpRequest(decodeResult: success, version: HTTP/1.1)
POST /session/c08034bdbb61e1e6f2e3c2d7f665e32d/execute/sync HTTP/1.1
User-Agent: selenium/4.1.2 (java windows)
Content-Length: 48780
Content-Type: application/json; charset=utf-8
host: localhost:57213
accept: */*

Response DefaultHttpResponse(decodeResult: success, version: HTTP/1.1)
HTTP/1.1 200 OK
Content-Type: application/json; charset=utf-8
cache-control: no-cache
content-length: 14

20:38:37.656 [AsyncHttpClient-1-12] DEBUG org.asynchttpclient.netty.channel.ChannelManager - Adding key: http://localhost:57213 for channel [id: 0xcab49323, L:/127.0.0.1:49873 - R:localhost/127.0.0.1:57213]
  &amp#27;[32mThen &amp#27;[0m&amp#27;[32mI can see products based on chosen category&amp#27;[0m &amp#27;[90m# starter.stepdefinitions.ProductSteps.iCanSeeProductsBasedOnChosenCategory()&amp#27;[0m
20:38:37.666 [Forwarding screenshot on session c08034bdbb61e1e6f2e3c2d7f665e32d to remote] DEBUG org.asynchttpclient.netty.request.NettyRequestSender - Using pooled Channel '[id: 0xcab49323, L:/127.0.0.1:49873 - R:localhost/127.0.0.1:57213]' for 'GET' to 'http://localhost:57213/session/c08034bdbb61e1e6f2e3c2d7f665e32d/screenshot'
20:38:37.666 [Forwarding screenshot on session c08034bdbb61e1e6f2e3c2d7f665e32d to remote] DEBUG org.asynchttpclient.netty.request.NettyRequestSender - Using open Channel [id: 0xcab49323, L:/127.0.0.1:49873 - R:localhost/127.0.0.1:57213] for GET '/session/c08034bdbb61e1e6f2e3c2d7f665e32d/screenshot'
20:38:37.933 [AsyncHttpClient-1-12] DEBUG org.asynchttpclient.netty.handler.HttpHandler - 

Request DefaultFullHttpRequest(decodeResult: success, version: HTTP/1.1, content: EmptyByteBufBE)
GET /session/c08034bdbb61e1e6f2e3c2d7f665e32d/screenshot HTTP/1.1
User-Agent: selenium/4.1.2 (java windows)
Cache-Control: no-cache
Content-Type: application/json; charset=utf-8
host: localhost:57213
accept: */*

Response DefaultHttpResponse(decodeResult: success, version: HTTP/1.1)
HTTP/1.1 200 OK
Content-Type: application/json; charset=utf-8
cache-control: no-cache
content-length: 35668

20:38:37.934 [AsyncHttpClient-1-12] DEBUG org.asynchttpclient.netty.channel.ChannelManager - Adding key: http://localhost:57213 for channel [id: 0xcab49323, L:/127.0.0.1:49873 - R:localhost/127.0.0.1:57213]
20:38:37.936 [main] DEBUG net.serenitybdd.core.photography.Darkroom - Send negative for processing for target\site\serenity\e67410e83e74158a3e21bddc33a59233cc8a8132e441fe16253c3f5f0f5a0856.png
20:38:37.937 [Darkroom Processing Line] DEBUG net.serenitybdd.core.photography.DarkroomProcessingLine - Processing screenshot image in /var/screenshots/screenshot-2876846821683127757
20:38:37.937 [Darkroom Processing Line] DEBUG net.serenitybdd.core.photography.DarkroomProcessingLine - Saving screenshot to target\site\serenity\e67410e83e74158a3e21bddc33a59233cc8a8132e441fe16253c3f5f0f5a0856.png
20:38:37.938 [main] INFO  - 
  _____   ___   ___   _____     ___     _     ___   ___   ___   ___  
 |_   _| | __| / __| |_   _|   | _ \   /_\   / __| / __| | __| |   \ 
   | |   | _|  \__ \   | |     |  _/  / _ \  \__ \ \__ \ | _|  | |) |
   |_|   |___| |___/   |_|     |_|   /_/ \_\ |___/ |___/ |___| |___/ 

Select Category
----------------------------------------------------------------------
20:38:37.939 [AsyncHttpClient-1-14] DEBUG org.asynchttpclient.netty.handler.WebSocketHandler - Channel Closed: [id: 0x2786a993, L:/127.0.0.1:49883 ! R:localhost/127.0.0.1:49874] with attribute NettyResponseFuture{currentRetry=5,
	isDone=1,
	isCancelled=0,
	asyncHandler=org.asynchttpclient.ws.WebSocketUpgradeHandler@41e28c0c,
	nettyRequest=org.asynchttpclient.netty.request.NettyRequest@736bd0a5,
	future=java.util.concurrent.CompletableFuture@411edbde[Completed normally],
	uri=ws://localhost:49874/devtools/browser/04de20a3-1c51-4682-8087-40a2d0b26d35,
	keepAlive=true,
	redirectCount=0,
	timeoutsHolder=null,
	inAuth=0,
	touch=1667223515547}
20:38:37.939 [AsyncHttpClient-1-14] DEBUG org.asynchttpclient.netty.channel.ChannelManager - Closing Channel [id: 0x2786a993, L:/127.0.0.1:49883 ! R:localhost/127.0.0.1:49874] 
20:38:37.939 [Driver Command Executor] DEBUG org.asynchttpclient.netty.request.NettyRequestSender - Using pooled Channel '[id: 0xcab49323, L:/127.0.0.1:49873 - R:localhost/127.0.0.1:57213]' for 'DELETE' to 'http://localhost:57213/session/c08034bdbb61e1e6f2e3c2d7f665e32d'
20:38:37.939 [Driver Command Executor] DEBUG org.asynchttpclient.netty.request.NettyRequestSender - Using open Channel [id: 0xcab49323, L:/127.0.0.1:49873 - R:localhost/127.0.0.1:57213] for DELETE '/session/c08034bdbb61e1e6f2e3c2d7f665e32d'
20:38:38.086 [AsyncHttpClient-1-13] DEBUG org.asynchttpclient.netty.handler.HttpHandler - Unexpected I/O exception on channel [id: 0xf2091cb3, L:/127.0.0.1:49882 - R:localhost/127.0.0.1:49874]
java.net.SocketException: Connection reset
	at java.base/sun.nio.ch.SocketChannelImpl.throwConnectionReset(SocketChannelImpl.java:345)
	at java.base/sun.nio.ch.SocketChannelImpl.read(SocketChannelImpl.java:376)
	at io.netty.buffer.PooledByteBuf.setBytes(PooledByteBuf.java:258)
	at io.netty.buffer.AbstractByteBuf.writeBytes(AbstractByteBuf.java:1132)
	at io.netty.channel.socket.nio.NioSocketChannel.doReadBytes(NioSocketChannel.java:350)
	at io.netty.channel.nio.AbstractNioByteChannel$NioByteUnsafe.read(AbstractNioByteChannel.java:151)
	at io.netty.channel.nio.NioEventLoop.processSelectedKey(NioEventLoop.java:722)
	at io.netty.channel.nio.NioEventLoop.processSelectedKeysOptimized(NioEventLoop.java:658)
	at io.netty.channel.nio.NioEventLoop.processSelectedKeys(NioEventLoop.java:584)
	at io.netty.channel.nio.NioEventLoop.run(NioEventLoop.java:496)
	at io.netty.util.concurrent.SingleThreadEventExecutor$4.run(SingleThreadEventExecutor.java:986)
	at io.netty.util.internal.ThreadExecutorMap$2.run(ThreadExecutorMap.java:74)
	at io.netty.util.concurrent.FastThreadLocalRunnable.run(FastThreadLocalRunnable.java:30)
	at java.base/java.lang.Thread.run(Thread.java:830)
20:38:38.087 [AsyncHttpClient-1-13] DEBUG org.asynchttpclient.netty.channel.ChannelManager - Closing Channel [id: 0xf2091cb3, L:/127.0.0.1:49882 - R:localhost/127.0.0.1:49874] 
20:38:38.087 [AsyncHttpClient-1-13] DEBUG org.asynchttpclient.netty.handler.HttpHandler - Channel Closed: [id: 0xf2091cb3, L:/127.0.0.1:49882 ! R:localhost/127.0.0.1:49874] with attribute DISCARD
20:38:38.113 [AsyncHttpClient-1-12] DEBUG org.asynchttpclient.netty.handler.HttpHandler - 

Request DefaultFullHttpRequest(decodeResult: success, version: HTTP/1.1, content: EmptyByteBufBE)
DELETE /session/c08034bdbb61e1e6f2e3c2d7f665e32d HTTP/1.1
User-Agent: selenium/4.1.2 (java windows)
Content-Type: application/json; charset=utf-8
host: localhost:57213
accept: */*

Response DefaultHttpResponse(decodeResult: success, version: HTTP/1.1)
HTTP/1.1 200 OK
Content-Type: application/json; charset=utf-8
cache-control: no-cache
content-length: 14

20:38:38.114 [AsyncHttpClient-1-12] DEBUG org.asynchttpclient.netty.channel.ChannelManager - Adding key: http://localhost:57213 for channel [id: 0xcab49323, L:/127.0.0.1:49873 - R:localhost/127.0.0.1:57213]
20:38:38.176 [AsyncHttpClient-1-12] DEBUG org.asynchttpclient.netty.handler.HttpHandler - Channel Closed: [id: 0xcab49323, L:/127.0.0.1:49873 ! R:localhost/127.0.0.1:57213] with attribute DISCARD
20:38:38.579 [AsyncHttpClient-1-1] DEBUG org.asynchttpclient.netty.channel.DefaultChannelPool - Entry count for : http://localhost:57213 : 1
20:38:38.579 [AsyncHttpClient-1-1] DEBUG org.asynchttpclient.netty.channel.DefaultChannelPool - Entry count for : http://localhost:49874 : 1
20:38:38.579 [AsyncHttpClient-1-1] DEBUG org.asynchttpclient.netty.channel.DefaultChannelPool - Adding Candidate expired Channel [id: 0xcab49323, L:/127.0.0.1:49873 ! R:localhost/127.0.0.1:57213] isIdleTimeoutExpired=false isRemotelyClosed=true isTtlExpired=false
20:38:38.579 [AsyncHttpClient-1-1] DEBUG org.asynchttpclient.netty.channel.DefaultChannelPool - Closing Idle Channel [id: 0xcab49323, L:/127.0.0.1:49873 ! R:localhost/127.0.0.1:57213]
20:38:38.579 [AsyncHttpClient-1-1] DEBUG org.asynchttpclient.netty.channel.DefaultChannelPool - Adding Candidate expired Channel [id: 0xf2091cb3, L:/127.0.0.1:49882 ! R:localhost/127.0.0.1:49874] isIdleTimeoutExpired=false isRemotelyClosed=true isTtlExpired=false
20:38:38.579 [AsyncHttpClient-1-1] DEBUG org.asynchttpclient.netty.channel.DefaultChannelPool - Closing Idle Channel [id: 0xf2091cb3, L:/127.0.0.1:49882 ! R:localhost/127.0.0.1:49874]
20:38:38.579 [AsyncHttpClient-1-1] DEBUG org.asynchttpclient.netty.channel.DefaultChannelPool - Closed 2 connections out of 2 in 0 ms
]]></system-out>
    <system-err><![CDATA[Starting ChromeDriver 106.0.5249.61 (511755355844955cd3e264779baf0dd38212a4d0-refs/branch-heads/5249@{#569}) on port 57213
Only local connections are allowed.
Please see https://chromedriver.chromium.org/security-considerations for suggestions on keeping ChromeDriver safe.
ChromeDriver was started successfully.
[1667223515.253][WARNING]: This version of ChromeDriver has not been tested with Chrome version 107.
Oct 31, 2022 8:38:35 PM org.openqa.selenium.remote.ProtocolHandshake createSession
INFO: Detected dialect: W3C
Oct 31, 2022 8:38:35 PM org.openqa.selenium.devtools.CdpVersionFinder findNearestMatch
WARNING: Unable to find an exact match for CDP version 107, so returning the closest version found: a no-op implementation
Oct 31, 2022 8:38:35 PM org.openqa.selenium.devtools.CdpVersionFinder findNearestMatch
INFO: Unable to find CDP implementation matching 107.
Oct 31, 2022 8:38:35 PM org.openqa.selenium.chromium.ChromiumDriver lambda$new$3
WARNING: Unable to find version of CDP to use for . You may need to include a dependency on a specific version of the CDP using something similar to `org.seleniumhq.selenium:selenium-devtools-v86:4.1.2` where the version ("v86") matches the version of the chromium-based browser you're using and the version number of the artifact is the same as Selenium's.
]]></system-err>
  </testcase>
  <testcase name="View Product Detail" classname="Manage Product" time="7.647">
    <system-out><![CDATA[
Scenario: View Product Detail                &amp#27;[90m# src/test/resources/features/Product.feature:16&amp#27;[0m
20:38:38.721 [main] INFO io.cucumber.core.plugin.SerenityReporter - Running feature from file:///C:/Users/ASUS/Desktop/stupen/miniproject/Web/ASWeb/src/test/resources/features/Product.feature
20:38:38.725 [main] INFO  - 
  _____   ___   ___   _____     ___   _____     _     ___   _____   ___   ___  
 |_   _| | __| / __| |_   _|   / __| |_   _|   /_\   | _ \ |_   _| | __| |   \ 
   | |   | _|  \__ \   | |     \__ \   | |    / _ \  |   /   | |   | _|  | |) |
   |_|   |___| |___/   |_|     |___/   |_|   /_/ \_\ |_|_\   |_|   |___| |___/ 

View Product Detail(manage-product;view-product-detail)
--------------------------------------------------------------------------------
20:38:38.752 [main] INFO net.serenitybdd.core.webdriver.driverproviders.ChromeDriverProvider - Using automatically driver download
20:38:38.990 [main] DEBUG io.github.bonigarcia.wdm.cache.ResolutionCache - Resolution chrome=107 in cache (valid until 21:37:26 31/10/2022 WIB)
20:38:39.003 [main] DEBUG io.github.bonigarcia.wdm.cache.ResolutionCache - Resolution chrome107=107.0.5304.62 in cache (valid until 19:37:19 01/11/2022 WIB)
20:38:39.009 [main] INFO io.github.bonigarcia.wdm.WebDriverManager - Using chromedriver 107.0.5304.62 (resolved driver for Chrome 107)
20:38:39.033 [main] DEBUG io.github.bonigarcia.wdm.WebDriverManager - Driver chromedriver 107.0.5304.62 found in cache
20:38:39.034 [main] INFO io.github.bonigarcia.wdm.WebDriverManager - Exporting webdriver.chrome.driver as C:\Users\ASUS\.cache\selenium\chromedriver\win32\107.0.5304.62\chromedriver.exe
20:38:39.305 [main] DEBUG net.serenitybdd.core.webdriver.driverproviders.ProvideNewDriver - Instantiating driver
20:38:39.305 [main] DEBUG net.serenitybdd.core.webdriver.driverproviders.ProvideNewDriver - Driver capabilities: Capabilities {acceptInsecureCerts: false, base.url: https://alta-shop.vercel.app/, browserName: chrome, chrome.driver: src/test/resources/webdrive..., driver: chrome, goog:chromeOptions: {args: [], extensions: []}, wait.for.timeout: 10000}
20:38:39.865 [AsyncHttpClient-1-15] DEBUG org.asynchttpclient.netty.channel.NettyConnectListener - Using new Channel '[id: 0x9464ccc8, L:/127.0.0.1:49903 - R:localhost/127.0.0.1:54919]' for 'POST' to '/session'
20:38:41.037 [AsyncHttpClient-1-15] DEBUG org.asynchttpclient.netty.handler.HttpHandler - 

Request DefaultHttpRequest(decodeResult: success, version: HTTP/1.1)
POST /session HTTP/1.1
User-Agent: selenium/4.1.2 (java windows)
Content-Length: 646
Content-Type: application/json; charset=utf-8
host: localhost:54919
accept: */*

Response DefaultHttpResponse(decodeResult: success, version: HTTP/1.1)
HTTP/1.1 200 OK
Content-Type: application/json; charset=utf-8
cache-control: no-cache
content-length: 788

20:38:41.037 [AsyncHttpClient-1-15] DEBUG org.asynchttpclient.netty.channel.ChannelManager - Adding key: http://localhost:54919 for channel [id: 0x9464ccc8, L:/127.0.0.1:49903 - R:localhost/127.0.0.1:54919]
20:38:41.055 [AsyncHttpClient-1-16] DEBUG org.asynchttpclient.netty.channel.NettyConnectListener - Using new Channel '[id: 0x6348a8a2, L:/127.0.0.1:49911 - R:localhost/127.0.0.1:49904]' for 'GET' to '/json/version'
20:38:41.056 [AsyncHttpClient-1-16] DEBUG org.asynchttpclient.netty.handler.HttpHandler - 

Request DefaultFullHttpRequest(decodeResult: success, version: HTTP/1.1, content: EmptyByteBufBE)
GET /json/version HTTP/1.1
User-Agent: selenium/4.1.2 (java windows)
host: localhost:49904
accept: */*

Response DefaultHttpResponse(decodeResult: success, version: HTTP/1.1)
HTTP/1.1 200 OK
Content-Type: application/json; charset=UTF-8
content-length: 423

20:38:41.056 [AsyncHttpClient-1-16] DEBUG org.asynchttpclient.netty.channel.ChannelManager - Adding key: http://localhost:49904 for channel [id: 0x6348a8a2, L:/127.0.0.1:49911 - R:localhost/127.0.0.1:49904]
20:38:41.060 [AsyncHttpClient-1-17] DEBUG org.asynchttpclient.netty.channel.NettyConnectListener - Using new Channel '[id: 0x66dcb803, L:/127.0.0.1:49912 - R:localhost/127.0.0.1:49904]' for 'GET' to '/devtools/browser/944613c2-2595-428e-8809-a1889cb1809a'
20:38:41.061 [AsyncHttpClient-1-17] DEBUG org.asynchttpclient.netty.handler.WebSocketHandler - 

Request DefaultFullHttpRequest(decodeResult: success, version: HTTP/1.1, content: EmptyByteBufBE)
GET /devtools/browser/944613c2-2595-428e-8809-a1889cb1809a HTTP/1.1
upgrade: websocket
connection: upgrade
sec-websocket-key: SaBVfDwEcHO3Yt+PHWZPPA==
sec-websocket-version: 13
origin: http://localhost:49904
host: localhost:49904
accept: */*
user-agent: AHC/2.1

Response DefaultHttpResponse(decodeResult: success, version: HTTP/1.1)
HTTP/1.1 101 WebSocket Protocol Handshake
Upgrade: WebSocket
Connection: Upgrade
Sec-WebSocket-Accept: wwvZBz4zNk94GB9lT6qDpd1Jvxw=

20:38:41.069 [Forwarding get on session 0c385a34799ae70174dc0c00f1cf97f0 to remote] DEBUG org.asynchttpclient.netty.request.NettyRequestSender - Using pooled Channel '[id: 0x9464ccc8, L:/127.0.0.1:49903 - R:localhost/127.0.0.1:54919]' for 'POST' to 'http://localhost:54919/session/0c385a34799ae70174dc0c00f1cf97f0/url'
20:38:41.069 [Forwarding get on session 0c385a34799ae70174dc0c00f1cf97f0 to remote] DEBUG org.asynchttpclient.netty.request.NettyRequestSender - Using open Channel [id: 0x9464ccc8, L:/127.0.0.1:49903 - R:localhost/127.0.0.1:54919] for POST '/session/0c385a34799ae70174dc0c00f1cf97f0/url'
20:38:41.740 [AsyncHttpClient-1-15] DEBUG org.asynchttpclient.netty.handler.HttpHandler - 

Request DefaultHttpRequest(decodeResult: success, version: HTTP/1.1)
POST /session/0c385a34799ae70174dc0c00f1cf97f0/url HTTP/1.1
User-Agent: selenium/4.1.2 (java windows)
Content-Length: 59
Content-Type: application/json; charset=utf-8
host: localhost:54919
accept: */*

Response DefaultHttpResponse(decodeResult: success, version: HTTP/1.1)
HTTP/1.1 200 OK
Content-Type: application/json; charset=utf-8
cache-control: no-cache
content-length: 14

20:38:41.740 [AsyncHttpClient-1-15] DEBUG org.asynchttpclient.netty.channel.ChannelManager - Adding key: http://localhost:54919 for channel [id: 0x9464ccc8, L:/127.0.0.1:49903 - R:localhost/127.0.0.1:54919]
20:38:41.746 [Forwarding setTimeout on session 0c385a34799ae70174dc0c00f1cf97f0 to remote] DEBUG org.asynchttpclient.netty.request.NettyRequestSender - Using pooled Channel '[id: 0x9464ccc8, L:/127.0.0.1:49903 - R:localhost/127.0.0.1:54919]' for 'POST' to 'http://localhost:54919/session/0c385a34799ae70174dc0c00f1cf97f0/timeouts'
20:38:41.746 [Forwarding setTimeout on session 0c385a34799ae70174dc0c00f1cf97f0 to remote] DEBUG org.asynchttpclient.netty.request.NettyRequestSender - Using open Channel [id: 0x9464ccc8, L:/127.0.0.1:49903 - R:localhost/127.0.0.1:54919] for POST '/session/0c385a34799ae70174dc0c00f1cf97f0/timeouts'
20:38:41.747 [AsyncHttpClient-1-15] DEBUG org.asynchttpclient.netty.handler.HttpHandler - 

Request DefaultHttpRequest(decodeResult: success, version: HTTP/1.1)
POST /session/0c385a34799ae70174dc0c00f1cf97f0/timeouts HTTP/1.1
User-Agent: selenium/4.1.2 (java windows)
Content-Length: 22
Content-Type: application/json; charset=utf-8
host: localhost:54919
accept: */*

Response DefaultHttpResponse(decodeResult: success, version: HTTP/1.1)
HTTP/1.1 200 OK
Content-Type: application/json; charset=utf-8
cache-control: no-cache
content-length: 14

20:38:41.747 [AsyncHttpClient-1-15] DEBUG org.asynchttpclient.netty.channel.ChannelManager - Adding key: http://localhost:54919 for channel [id: 0x9464ccc8, L:/127.0.0.1:49903 - R:localhost/127.0.0.1:54919]
20:38:41.752 [Forwarding getCurrentUrl on session 0c385a34799ae70174dc0c00f1cf97f0 to remote] DEBUG org.asynchttpclient.netty.request.NettyRequestSender - Using pooled Channel '[id: 0x9464ccc8, L:/127.0.0.1:49903 - R:localhost/127.0.0.1:54919]' for 'GET' to 'http://localhost:54919/session/0c385a34799ae70174dc0c00f1cf97f0/url'
20:38:41.753 [Forwarding getCurrentUrl on session 0c385a34799ae70174dc0c00f1cf97f0 to remote] DEBUG org.asynchttpclient.netty.request.NettyRequestSender - Using open Channel [id: 0x9464ccc8, L:/127.0.0.1:49903 - R:localhost/127.0.0.1:54919] for GET '/session/0c385a34799ae70174dc0c00f1cf97f0/url'
20:38:41.760 [AsyncHttpClient-1-15] DEBUG org.asynchttpclient.netty.handler.HttpHandler - 

Request DefaultFullHttpRequest(decodeResult: success, version: HTTP/1.1, content: EmptyByteBufBE)
GET /session/0c385a34799ae70174dc0c00f1cf97f0/url HTTP/1.1
User-Agent: selenium/4.1.2 (java windows)
Cache-Control: no-cache
Content-Type: application/json; charset=utf-8
host: localhost:54919
accept: */*

Response DefaultHttpResponse(decodeResult: success, version: HTTP/1.1)
HTTP/1.1 200 OK
Content-Type: application/json; charset=utf-8
cache-control: no-cache
content-length: 41

20:38:41.760 [AsyncHttpClient-1-15] DEBUG org.asynchttpclient.netty.channel.ChannelManager - Adding key: http://localhost:54919 for channel [id: 0x9464ccc8, L:/127.0.0.1:49903 - R:localhost/127.0.0.1:54919]
  &amp#27;[32mGiven &amp#27;[0m&amp#27;[32mI open product url&amp#27;[0m                   &amp#27;[90m# starter.stepdefinitions.ProductSteps.iOpenProductUrl()&amp#27;[0m
20:38:41.774 [Forwarding screenshot on session 0c385a34799ae70174dc0c00f1cf97f0 to remote] DEBUG org.asynchttpclient.netty.request.NettyRequestSender - Using pooled Channel '[id: 0x9464ccc8, L:/127.0.0.1:49903 - R:localhost/127.0.0.1:54919]' for 'GET' to 'http://localhost:54919/session/0c385a34799ae70174dc0c00f1cf97f0/screenshot'
20:38:41.774 [Forwarding screenshot on session 0c385a34799ae70174dc0c00f1cf97f0 to remote] DEBUG org.asynchttpclient.netty.request.NettyRequestSender - Using open Channel [id: 0x9464ccc8, L:/127.0.0.1:49903 - R:localhost/127.0.0.1:54919] for GET '/session/0c385a34799ae70174dc0c00f1cf97f0/screenshot'
20:38:41.879 [AsyncHttpClient-1-1] DEBUG org.asynchttpclient.netty.channel.DefaultChannelPool - Entry count for : http://localhost:49904 : 1
20:38:42.278 [AsyncHttpClient-1-15] DEBUG org.asynchttpclient.netty.handler.HttpHandler - 

Request DefaultFullHttpRequest(decodeResult: success, version: HTTP/1.1, content: EmptyByteBufBE)
GET /session/0c385a34799ae70174dc0c00f1cf97f0/screenshot HTTP/1.1
User-Agent: selenium/4.1.2 (java windows)
Cache-Control: no-cache
Content-Type: application/json; charset=utf-8
host: localhost:54919
accept: */*

Response DefaultHttpResponse(decodeResult: success, version: HTTP/1.1)
HTTP/1.1 200 OK
Content-Type: application/json; charset=utf-8
cache-control: no-cache
content-length: 46152

20:38:42.278 [AsyncHttpClient-1-15] DEBUG org.asynchttpclient.netty.channel.ChannelManager - Adding key: http://localhost:54919 for channel [id: 0x9464ccc8, L:/127.0.0.1:49903 - R:localhost/127.0.0.1:54919]
20:38:42.282 [main] DEBUG net.serenitybdd.core.photography.Darkroom - Send negative for processing for target\site\serenity\f26e8a1ac22a4a6b3038427bfad74a17d14de029577a2756d3d0b6eec43d3114.png
20:38:42.291 [Forwarding findElement on session 0c385a34799ae70174dc0c00f1cf97f0 to remote] DEBUG org.asynchttpclient.netty.request.NettyRequestSender - Using pooled Channel '[id: 0x9464ccc8, L:/127.0.0.1:49903 - R:localhost/127.0.0.1:54919]' for 'POST' to 'http://localhost:54919/session/0c385a34799ae70174dc0c00f1cf97f0/element'
20:38:42.291 [Forwarding findElement on session 0c385a34799ae70174dc0c00f1cf97f0 to remote] DEBUG org.asynchttpclient.netty.request.NettyRequestSender - Using open Channel [id: 0x9464ccc8, L:/127.0.0.1:49903 - R:localhost/127.0.0.1:54919] for POST '/session/0c385a34799ae70174dc0c00f1cf97f0/element'
20:38:42.980 [AsyncHttpClient-1-1] DEBUG org.asynchttpclient.netty.channel.DefaultChannelPool - Entry count for : http://localhost:49904 : 1
20:38:43.924 [AsyncHttpClient-1-15] DEBUG org.asynchttpclient.netty.handler.HttpHandler - 

Request DefaultHttpRequest(decodeResult: success, version: HTTP/1.1)
POST /session/0c385a34799ae70174dc0c00f1cf97f0/element HTTP/1.1
User-Agent: selenium/4.1.2 (java windows)
Content-Length: 87
Content-Type: application/json; charset=utf-8
host: localhost:54919
accept: */*

Response DefaultHttpResponse(decodeResult: success, version: HTTP/1.1)
HTTP/1.1 200 OK
Content-Type: application/json; charset=utf-8
cache-control: no-cache
content-length: 88

20:38:43.925 [AsyncHttpClient-1-15] DEBUG org.asynchttpclient.netty.channel.ChannelManager - Adding key: http://localhost:54919 for channel [id: 0x9464ccc8, L:/127.0.0.1:49903 - R:localhost/127.0.0.1:54919]
20:38:43.927 [Forwarding getElementTagName on session 0c385a34799ae70174dc0c00f1cf97f0 to remote] DEBUG org.asynchttpclient.netty.request.NettyRequestSender - Using pooled Channel '[id: 0x9464ccc8, L:/127.0.0.1:49903 - R:localhost/127.0.0.1:54919]' for 'GET' to 'http://localhost:54919/session/0c385a34799ae70174dc0c00f1cf97f0/element/9730d26c-9e9c-4e44-8952-d9052c447610/name'
20:38:43.927 [Forwarding getElementTagName on session 0c385a34799ae70174dc0c00f1cf97f0 to remote] DEBUG org.asynchttpclient.netty.request.NettyRequestSender - Using open Channel [id: 0x9464ccc8, L:/127.0.0.1:49903 - R:localhost/127.0.0.1:54919] for GET '/session/0c385a34799ae70174dc0c00f1cf97f0/element/9730d26c-9e9c-4e44-8952-d9052c447610/name'
20:38:43.935 [AsyncHttpClient-1-15] DEBUG org.asynchttpclient.netty.handler.HttpHandler - 

Request DefaultFullHttpRequest(decodeResult: success, version: HTTP/1.1, content: EmptyByteBufBE)
GET /session/0c385a34799ae70174dc0c00f1cf97f0/element/9730d26c-9e9c-4e44-8952-d9052c447610/name HTTP/1.1
User-Agent: selenium/4.1.2 (java windows)
Cache-Control: no-cache
Content-Type: application/json; charset=utf-8
host: localhost:54919
accept: */*

Response DefaultHttpResponse(decodeResult: success, version: HTTP/1.1)
HTTP/1.1 200 OK
Content-Type: application/json; charset=utf-8
cache-control: no-cache
content-length: 16

20:38:43.935 [AsyncHttpClient-1-15] DEBUG org.asynchttpclient.netty.channel.ChannelManager - Adding key: http://localhost:54919 for channel [id: 0x9464ccc8, L:/127.0.0.1:49903 - R:localhost/127.0.0.1:54919]
20:38:43.937 [Forwarding getElementTagName on session 0c385a34799ae70174dc0c00f1cf97f0 to remote] DEBUG org.asynchttpclient.netty.request.NettyRequestSender - Using pooled Channel '[id: 0x9464ccc8, L:/127.0.0.1:49903 - R:localhost/127.0.0.1:54919]' for 'GET' to 'http://localhost:54919/session/0c385a34799ae70174dc0c00f1cf97f0/element/9730d26c-9e9c-4e44-8952-d9052c447610/name'
20:38:43.937 [Forwarding getElementTagName on session 0c385a34799ae70174dc0c00f1cf97f0 to remote] DEBUG org.asynchttpclient.netty.request.NettyRequestSender - Using open Channel [id: 0x9464ccc8, L:/127.0.0.1:49903 - R:localhost/127.0.0.1:54919] for GET '/session/0c385a34799ae70174dc0c00f1cf97f0/element/9730d26c-9e9c-4e44-8952-d9052c447610/name'
20:38:43.941 [AsyncHttpClient-1-15] DEBUG org.asynchttpclient.netty.handler.HttpHandler - 

Request DefaultFullHttpRequest(decodeResult: success, version: HTTP/1.1, content: EmptyByteBufBE)
GET /session/0c385a34799ae70174dc0c00f1cf97f0/element/9730d26c-9e9c-4e44-8952-d9052c447610/name HTTP/1.1
User-Agent: selenium/4.1.2 (java windows)
Cache-Control: no-cache
Content-Type: application/json; charset=utf-8
host: localhost:54919
accept: */*

Response DefaultHttpResponse(decodeResult: success, version: HTTP/1.1)
HTTP/1.1 200 OK
Content-Type: application/json; charset=utf-8
cache-control: no-cache
content-length: 16

20:38:43.941 [AsyncHttpClient-1-15] DEBUG org.asynchttpclient.netty.channel.ChannelManager - Adding key: http://localhost:54919 for channel [id: 0x9464ccc8, L:/127.0.0.1:49903 - R:localhost/127.0.0.1:54919]
20:38:43.946 [Forwarding findElement on session 0c385a34799ae70174dc0c00f1cf97f0 to remote] DEBUG org.asynchttpclient.netty.request.NettyRequestSender - Using pooled Channel '[id: 0x9464ccc8, L:/127.0.0.1:49903 - R:localhost/127.0.0.1:54919]' for 'POST' to 'http://localhost:54919/session/0c385a34799ae70174dc0c00f1cf97f0/element'
20:38:43.946 [Forwarding findElement on session 0c385a34799ae70174dc0c00f1cf97f0 to remote] DEBUG org.asynchttpclient.netty.request.NettyRequestSender - Using open Channel [id: 0x9464ccc8, L:/127.0.0.1:49903 - R:localhost/127.0.0.1:54919] for POST '/session/0c385a34799ae70174dc0c00f1cf97f0/element'
20:38:43.958 [AsyncHttpClient-1-15] DEBUG org.asynchttpclient.netty.handler.HttpHandler - 

Request DefaultHttpRequest(decodeResult: success, version: HTTP/1.1)
POST /session/0c385a34799ae70174dc0c00f1cf97f0/element HTTP/1.1
User-Agent: selenium/4.1.2 (java windows)
Content-Length: 87
Content-Type: application/json; charset=utf-8
host: localhost:54919
accept: */*

Response DefaultHttpResponse(decodeResult: success, version: HTTP/1.1)
HTTP/1.1 200 OK
Content-Type: application/json; charset=utf-8
cache-control: no-cache
content-length: 88

20:38:43.958 [AsyncHttpClient-1-15] DEBUG org.asynchttpclient.netty.channel.ChannelManager - Adding key: http://localhost:54919 for channel [id: 0x9464ccc8, L:/127.0.0.1:49903 - R:localhost/127.0.0.1:54919]
20:38:43.960 [Forwarding clickElement on session 0c385a34799ae70174dc0c00f1cf97f0 to remote] DEBUG org.asynchttpclient.netty.request.NettyRequestSender - Using pooled Channel '[id: 0x9464ccc8, L:/127.0.0.1:49903 - R:localhost/127.0.0.1:54919]' for 'POST' to 'http://localhost:54919/session/0c385a34799ae70174dc0c00f1cf97f0/element/9730d26c-9e9c-4e44-8952-d9052c447610/click'
20:38:43.960 [Forwarding clickElement on session 0c385a34799ae70174dc0c00f1cf97f0 to remote] DEBUG org.asynchttpclient.netty.request.NettyRequestSender - Using open Channel [id: 0x9464ccc8, L:/127.0.0.1:49903 - R:localhost/127.0.0.1:54919] for POST '/session/0c385a34799ae70174dc0c00f1cf97f0/element/9730d26c-9e9c-4e44-8952-d9052c447610/click'
20:38:44.029 [AsyncHttpClient-1-15] DEBUG org.asynchttpclient.netty.handler.HttpHandler - 

Request DefaultHttpRequest(decodeResult: success, version: HTTP/1.1)
POST /session/0c385a34799ae70174dc0c00f1cf97f0/element/9730d26c-9e9c-4e44-8952-d9052c447610/click HTTP/1.1
User-Agent: selenium/4.1.2 (java windows)
Content-Length: 50
Content-Type: application/json; charset=utf-8
host: localhost:54919
accept: */*

Response DefaultHttpResponse(decodeResult: success, version: HTTP/1.1)
HTTP/1.1 200 OK
Content-Type: application/json; charset=utf-8
cache-control: no-cache
content-length: 14

20:38:44.029 [AsyncHttpClient-1-15] DEBUG org.asynchttpclient.netty.channel.ChannelManager - Adding key: http://localhost:54919 for channel [id: 0x9464ccc8, L:/127.0.0.1:49903 - R:localhost/127.0.0.1:54919]
  &amp#27;[32mWhen &amp#27;[0m&amp#27;[32mI click detail on one of the products&amp#27;[0m &amp#27;[90m# starter.stepdefinitions.ProductSteps.iClickDetailOnOneOfTheProducts()&amp#27;[0m
20:38:44.039 [Forwarding screenshot on session 0c385a34799ae70174dc0c00f1cf97f0 to remote] DEBUG org.asynchttpclient.netty.request.NettyRequestSender - Using pooled Channel '[id: 0x9464ccc8, L:/127.0.0.1:49903 - R:localhost/127.0.0.1:54919]' for 'GET' to 'http://localhost:54919/session/0c385a34799ae70174dc0c00f1cf97f0/screenshot'
20:38:44.039 [Forwarding screenshot on session 0c385a34799ae70174dc0c00f1cf97f0 to remote] DEBUG org.asynchttpclient.netty.request.NettyRequestSender - Using open Channel [id: 0x9464ccc8, L:/127.0.0.1:49903 - R:localhost/127.0.0.1:54919] for GET '/session/0c385a34799ae70174dc0c00f1cf97f0/screenshot'
20:38:44.079 [AsyncHttpClient-1-1] DEBUG org.asynchttpclient.netty.channel.DefaultChannelPool - Entry count for : http://localhost:49904 : 1
20:38:44.504 [AsyncHttpClient-1-15] DEBUG org.asynchttpclient.netty.handler.HttpHandler - 

Request DefaultFullHttpRequest(decodeResult: success, version: HTTP/1.1, content: EmptyByteBufBE)
GET /session/0c385a34799ae70174dc0c00f1cf97f0/screenshot HTTP/1.1
User-Agent: selenium/4.1.2 (java windows)
Cache-Control: no-cache
Content-Type: application/json; charset=utf-8
host: localhost:54919
accept: */*

Response DefaultHttpResponse(decodeResult: success, version: HTTP/1.1)
HTTP/1.1 200 OK
Content-Type: application/json; charset=utf-8
cache-control: no-cache
content-length: 25300

20:38:44.504 [AsyncHttpClient-1-15] DEBUG org.asynchttpclient.netty.channel.ChannelManager - Adding key: http://localhost:54919 for channel [id: 0x9464ccc8, L:/127.0.0.1:49903 - R:localhost/127.0.0.1:54919]
20:38:44.505 [main] DEBUG net.serenitybdd.core.photography.Darkroom - Send negative for processing for target\site\serenity\466886dd9bfeda6264c877715f6a0ea2ecfc2fb03ad24d2dbe79b3aa29e1298a.png
20:38:44.506 [Darkroom Processing Line] DEBUG net.serenitybdd.core.photography.DarkroomProcessingLine - Processing screenshot image in /var/screenshots/screenshot-10444648661215615684
20:38:44.506 [Darkroom Processing Line] DEBUG net.serenitybdd.core.photography.DarkroomProcessingLine - Saving screenshot to target\site\serenity\466886dd9bfeda6264c877715f6a0ea2ecfc2fb03ad24d2dbe79b3aa29e1298a.png
20:38:44.514 [Forwarding findElement on session 0c385a34799ae70174dc0c00f1cf97f0 to remote] DEBUG org.asynchttpclient.netty.request.NettyRequestSender - Using pooled Channel '[id: 0x9464ccc8, L:/127.0.0.1:49903 - R:localhost/127.0.0.1:54919]' for 'POST' to 'http://localhost:54919/session/0c385a34799ae70174dc0c00f1cf97f0/element'
20:38:44.514 [Forwarding findElement on session 0c385a34799ae70174dc0c00f1cf97f0 to remote] DEBUG org.asynchttpclient.netty.request.NettyRequestSender - Using open Channel [id: 0x9464ccc8, L:/127.0.0.1:49903 - R:localhost/127.0.0.1:54919] for POST '/session/0c385a34799ae70174dc0c00f1cf97f0/element'
20:38:45.183 [AsyncHttpClient-1-1] DEBUG org.asynchttpclient.netty.channel.DefaultChannelPool - Entry count for : http://localhost:49904 : 1
20:38:45.432 [AsyncHttpClient-1-15] DEBUG org.asynchttpclient.netty.handler.HttpHandler - 

Request DefaultHttpRequest(decodeResult: success, version: HTTP/1.1)
POST /session/0c385a34799ae70174dc0c00f1cf97f0/element HTTP/1.1
User-Agent: selenium/4.1.2 (java windows)
Content-Length: 125
Content-Type: application/json; charset=utf-8
host: localhost:54919
accept: */*

Response DefaultHttpResponse(decodeResult: success, version: HTTP/1.1)
HTTP/1.1 200 OK
Content-Type: application/json; charset=utf-8
cache-control: no-cache
content-length: 88

20:38:45.432 [AsyncHttpClient-1-15] DEBUG org.asynchttpclient.netty.channel.ChannelManager - Adding key: http://localhost:54919 for channel [id: 0x9464ccc8, L:/127.0.0.1:49903 - R:localhost/127.0.0.1:54919]
20:38:45.438 [Forwarding isElementDisplayed on session 0c385a34799ae70174dc0c00f1cf97f0 to remote] DEBUG org.asynchttpclient.netty.request.NettyRequestSender - Using pooled Channel '[id: 0x9464ccc8, L:/127.0.0.1:49903 - R:localhost/127.0.0.1:54919]' for 'POST' to 'http://localhost:54919/session/0c385a34799ae70174dc0c00f1cf97f0/execute/sync'
20:38:45.438 [Forwarding isElementDisplayed on session 0c385a34799ae70174dc0c00f1cf97f0 to remote] DEBUG org.asynchttpclient.netty.request.NettyRequestSender - Using open Channel [id: 0x9464ccc8, L:/127.0.0.1:49903 - R:localhost/127.0.0.1:54919] for POST '/session/0c385a34799ae70174dc0c00f1cf97f0/execute/sync'
20:38:45.454 [AsyncHttpClient-1-15] DEBUG org.asynchttpclient.netty.handler.HttpHandler - 

Request DefaultHttpRequest(decodeResult: success, version: HTTP/1.1)
POST /session/0c385a34799ae70174dc0c00f1cf97f0/execute/sync HTTP/1.1
User-Agent: selenium/4.1.2 (java windows)
Content-Length: 48780
Content-Type: application/json; charset=utf-8
host: localhost:54919
accept: */*

Response DefaultHttpResponse(decodeResult: success, version: HTTP/1.1)
HTTP/1.1 200 OK
Content-Type: application/json; charset=utf-8
cache-control: no-cache
content-length: 14

20:38:45.454 [AsyncHttpClient-1-15] DEBUG org.asynchttpclient.netty.channel.ChannelManager - Adding key: http://localhost:54919 for channel [id: 0x9464ccc8, L:/127.0.0.1:49903 - R:localhost/127.0.0.1:54919]
  &amp#27;[32mThen &amp#27;[0m&amp#27;[32mI get the product details&amp#27;[0m             &amp#27;[90m# starter.stepdefinitions.ProductSteps.iGetTheProductDetails()&amp#27;[0m
20:38:45.460 [Forwarding screenshot on session 0c385a34799ae70174dc0c00f1cf97f0 to remote] DEBUG org.asynchttpclient.netty.request.NettyRequestSender - Using pooled Channel '[id: 0x9464ccc8, L:/127.0.0.1:49903 - R:localhost/127.0.0.1:54919]' for 'GET' to 'http://localhost:54919/session/0c385a34799ae70174dc0c00f1cf97f0/screenshot'
20:38:45.460 [Forwarding screenshot on session 0c385a34799ae70174dc0c00f1cf97f0 to remote] DEBUG org.asynchttpclient.netty.request.NettyRequestSender - Using open Channel [id: 0x9464ccc8, L:/127.0.0.1:49903 - R:localhost/127.0.0.1:54919] for GET '/session/0c385a34799ae70174dc0c00f1cf97f0/screenshot'
20:38:45.608 [AsyncHttpClient-1-15] DEBUG org.asynchttpclient.netty.handler.HttpHandler - 

Request DefaultFullHttpRequest(decodeResult: success, version: HTTP/1.1, content: EmptyByteBufBE)
GET /session/0c385a34799ae70174dc0c00f1cf97f0/screenshot HTTP/1.1
User-Agent: selenium/4.1.2 (java windows)
Cache-Control: no-cache
Content-Type: application/json; charset=utf-8
host: localhost:54919
accept: */*

Response DefaultHttpResponse(decodeResult: success, version: HTTP/1.1)
HTTP/1.1 200 OK
Content-Type: application/json; charset=utf-8
cache-control: no-cache
content-length: 40048

20:38:45.608 [AsyncHttpClient-1-15] DEBUG org.asynchttpclient.netty.channel.ChannelManager - Adding key: http://localhost:54919 for channel [id: 0x9464ccc8, L:/127.0.0.1:49903 - R:localhost/127.0.0.1:54919]
20:38:45.610 [main] DEBUG net.serenitybdd.core.photography.Darkroom - Send negative for processing for target\site\serenity\86ec50e276194c8da94199129f0906ff665513c56405071da80c30d3f1a7f79e.png
20:38:45.610 [Darkroom Processing Line] DEBUG net.serenitybdd.core.photography.DarkroomProcessingLine - Processing screenshot image in /var/screenshots/screenshot-239483855185013128
20:38:45.610 [Darkroom Processing Line] DEBUG net.serenitybdd.core.photography.DarkroomProcessingLine - Saving screenshot to target\site\serenity\86ec50e276194c8da94199129f0906ff665513c56405071da80c30d3f1a7f79e.png
20:38:45.612 [main] INFO  - 
  _____   ___   ___   _____     ___     _     ___   ___   ___   ___  
 |_   _| | __| / __| |_   _|   | _ \   /_\   / __| / __| | __| |   \ 
   | |   | _|  \__ \   | |     |  _/  / _ \  \__ \ \__ \ | _|  | |) |
   |_|   |___| |___/   |_|     |_|   /_/ \_\ |___/ |___/ |___| |___/ 

View Product Detail
----------------------------------------------------------------------
20:38:45.613 [AsyncHttpClient-1-17] DEBUG org.asynchttpclient.netty.handler.WebSocketHandler - Channel Closed: [id: 0x66dcb803, L:/127.0.0.1:49912 ! R:localhost/127.0.0.1:49904] with attribute NettyResponseFuture{currentRetry=5,
	isDone=1,
	isCancelled=0,
	asyncHandler=org.asynchttpclient.ws.WebSocketUpgradeHandler@335798fa,
	nettyRequest=org.asynchttpclient.netty.request.NettyRequest@3005803b,
	future=java.util.concurrent.CompletableFuture@41cbcadc[Completed normally],
	uri=ws://localhost:49904/devtools/browser/944613c2-2595-428e-8809-a1889cb1809a,
	keepAlive=true,
	redirectCount=0,
	timeoutsHolder=null,
	inAuth=0,
	touch=1667223521062}
20:38:45.613 [AsyncHttpClient-1-17] DEBUG org.asynchttpclient.netty.channel.ChannelManager - Closing Channel [id: 0x66dcb803, L:/127.0.0.1:49912 ! R:localhost/127.0.0.1:49904] 
20:38:45.614 [Driver Command Executor] DEBUG org.asynchttpclient.netty.request.NettyRequestSender - Using pooled Channel '[id: 0x9464ccc8, L:/127.0.0.1:49903 - R:localhost/127.0.0.1:54919]' for 'DELETE' to 'http://localhost:54919/session/0c385a34799ae70174dc0c00f1cf97f0'
20:38:45.614 [Driver Command Executor] DEBUG org.asynchttpclient.netty.request.NettyRequestSender - Using open Channel [id: 0x9464ccc8, L:/127.0.0.1:49903 - R:localhost/127.0.0.1:54919] for DELETE '/session/0c385a34799ae70174dc0c00f1cf97f0'
20:38:45.699 [AsyncHttpClient-1-16] DEBUG org.asynchttpclient.netty.handler.HttpHandler - Unexpected I/O exception on channel [id: 0x6348a8a2, L:/127.0.0.1:49911 - R:localhost/127.0.0.1:49904]
java.net.SocketException: Connection reset
	at java.base/sun.nio.ch.SocketChannelImpl.throwConnectionReset(SocketChannelImpl.java:345)
	at java.base/sun.nio.ch.SocketChannelImpl.read(SocketChannelImpl.java:376)
	at io.netty.buffer.PooledByteBuf.setBytes(PooledByteBuf.java:258)
	at io.netty.buffer.AbstractByteBuf.writeBytes(AbstractByteBuf.java:1132)
	at io.netty.channel.socket.nio.NioSocketChannel.doReadBytes(NioSocketChannel.java:350)
	at io.netty.channel.nio.AbstractNioByteChannel$NioByteUnsafe.read(AbstractNioByteChannel.java:151)
	at io.netty.channel.nio.NioEventLoop.processSelectedKey(NioEventLoop.java:722)
	at io.netty.channel.nio.NioEventLoop.processSelectedKeysOptimized(NioEventLoop.java:658)
	at io.netty.channel.nio.NioEventLoop.processSelectedKeys(NioEventLoop.java:584)
	at io.netty.channel.nio.NioEventLoop.run(NioEventLoop.java:496)
	at io.netty.util.concurrent.SingleThreadEventExecutor$4.run(SingleThreadEventExecutor.java:986)
	at io.netty.util.internal.ThreadExecutorMap$2.run(ThreadExecutorMap.java:74)
	at io.netty.util.concurrent.FastThreadLocalRunnable.run(FastThreadLocalRunnable.java:30)
	at java.base/java.lang.Thread.run(Thread.java:830)
20:38:45.700 [AsyncHttpClient-1-16] DEBUG org.asynchttpclient.netty.channel.ChannelManager - Closing Channel [id: 0x6348a8a2, L:/127.0.0.1:49911 - R:localhost/127.0.0.1:49904] 
20:38:45.700 [AsyncHttpClient-1-16] DEBUG org.asynchttpclient.netty.handler.HttpHandler - Channel Closed: [id: 0x6348a8a2, L:/127.0.0.1:49911 ! R:localhost/127.0.0.1:49904] with attribute DISCARD
20:38:45.726 [AsyncHttpClient-1-15] DEBUG org.asynchttpclient.netty.handler.HttpHandler - 

Request DefaultFullHttpRequest(decodeResult: success, version: HTTP/1.1, content: EmptyByteBufBE)
DELETE /session/0c385a34799ae70174dc0c00f1cf97f0 HTTP/1.1
User-Agent: selenium/4.1.2 (java windows)
Content-Type: application/json; charset=utf-8
host: localhost:54919
accept: */*

Response DefaultHttpResponse(decodeResult: success, version: HTTP/1.1)
HTTP/1.1 200 OK
Content-Type: application/json; charset=utf-8
cache-control: no-cache
content-length: 14

20:38:45.726 [AsyncHttpClient-1-15] DEBUG org.asynchttpclient.netty.channel.ChannelManager - Adding key: http://localhost:54919 for channel [id: 0x9464ccc8, L:/127.0.0.1:49903 - R:localhost/127.0.0.1:54919]
20:38:45.819 [AsyncHttpClient-1-15] DEBUG org.asynchttpclient.netty.handler.HttpHandler - Channel Closed: [id: 0x9464ccc8, L:/127.0.0.1:49903 ! R:localhost/127.0.0.1:54919] with attribute DISCARD
20:38:46.279 [AsyncHttpClient-1-1] DEBUG org.asynchttpclient.netty.channel.DefaultChannelPool - Entry count for : http://localhost:54919 : 1
20:38:46.279 [AsyncHttpClient-1-1] DEBUG org.asynchttpclient.netty.channel.DefaultChannelPool - Entry count for : http://localhost:49904 : 1
20:38:46.279 [AsyncHttpClient-1-1] DEBUG org.asynchttpclient.netty.channel.DefaultChannelPool - Adding Candidate expired Channel [id: 0x9464ccc8, L:/127.0.0.1:49903 ! R:localhost/127.0.0.1:54919] isIdleTimeoutExpired=false isRemotelyClosed=true isTtlExpired=false
20:38:46.279 [AsyncHttpClient-1-1] DEBUG org.asynchttpclient.netty.channel.DefaultChannelPool - Closing Idle Channel [id: 0x9464ccc8, L:/127.0.0.1:49903 ! R:localhost/127.0.0.1:54919]
20:38:46.279 [AsyncHttpClient-1-1] DEBUG org.asynchttpclient.netty.channel.DefaultChannelPool - Adding Candidate expired Channel [id: 0x6348a8a2, L:/127.0.0.1:49911 ! R:localhost/127.0.0.1:49904] isIdleTimeoutExpired=false isRemotelyClosed=true isTtlExpired=false
20:38:46.279 [AsyncHttpClient-1-1] DEBUG org.asynchttpclient.netty.channel.DefaultChannelPool - Closing Idle Channel [id: 0x6348a8a2, L:/127.0.0.1:49911 ! R:localhost/127.0.0.1:49904]
20:38:46.279 [AsyncHttpClient-1-1] DEBUG org.asynchttpclient.netty.channel.DefaultChannelPool - Closed 2 connections out of 2 in 0 ms
]]></system-out>
    <system-err><![CDATA[Starting ChromeDriver 106.0.5249.61 (511755355844955cd3e264779baf0dd38212a4d0-refs/branch-heads/5249@{#569}) on port 54919
Only local connections are allowed.
Please see https://chromedriver.chromium.org/security-considerations for suggestions on keeping ChromeDriver safe.
ChromeDriver was started successfully.
[1667223520.717][WARNING]: This version of ChromeDriver has not been tested with Chrome version 107.
Oct 31, 2022 8:38:41 PM org.openqa.selenium.remote.ProtocolHandshake createSession
INFO: Detected dialect: W3C
Oct 31, 2022 8:38:41 PM org.openqa.selenium.devtools.CdpVersionFinder findNearestMatch
WARNING: Unable to find an exact match for CDP version 107, so returning the closest version found: a no-op implementation
Oct 31, 2022 8:38:41 PM org.openqa.selenium.devtools.CdpVersionFinder findNearestMatch
INFO: Unable to find CDP implementation matching 107.
Oct 31, 2022 8:38:41 PM org.openqa.selenium.chromium.ChromiumDriver lambda$new$3
WARNING: Unable to find version of CDP to use for . You may need to include a dependency on a specific version of the CDP using something similar to `org.seleniumhq.selenium:selenium-devtools-v86:4.1.2` where the version ("v86") matches the version of the chromium-based browser you're using and the version number of the artifact is the same as Selenium's.
]]></system-err>
  </testcase>
  <testcase name="Add Product to Cart" classname="Manage Product" time="5.73">
    <system-out><![CDATA[
Scenario: Add Product to Cart      &amp#27;[90m# src/test/resources/features/Product.feature:21&amp#27;[0m
20:38:46.356 [main] INFO io.cucumber.core.plugin.SerenityReporter - Running feature from file:///C:/Users/ASUS/Desktop/stupen/miniproject/Web/ASWeb/src/test/resources/features/Product.feature
20:38:46.359 [main] INFO  - 
  _____   ___   ___   _____     ___   _____     _     ___   _____   ___   ___  
 |_   _| | __| / __| |_   _|   / __| |_   _|   /_\   | _ \ |_   _| | __| |   \ 
   | |   | _|  \__ \   | |     \__ \   | |    / _ \  |   /   | |   | _|  | |) |
   |_|   |___| |___/   |_|     |___/   |_|   /_/ \_\ |_|_\   |_|   |___| |___/ 

Add Product to Cart(manage-product;add-product-to-cart)
--------------------------------------------------------------------------------
20:38:46.374 [main] INFO net.serenitybdd.core.webdriver.driverproviders.ChromeDriverProvider - Using automatically driver download
20:38:46.518 [main] DEBUG io.github.bonigarcia.wdm.cache.ResolutionCache - Resolution chrome=107 in cache (valid until 21:37:26 31/10/2022 WIB)
20:38:46.524 [main] DEBUG io.github.bonigarcia.wdm.cache.ResolutionCache - Resolution chrome107=107.0.5304.62 in cache (valid until 19:37:19 01/11/2022 WIB)
20:38:46.527 [main] INFO io.github.bonigarcia.wdm.WebDriverManager - Using chromedriver 107.0.5304.62 (resolved driver for Chrome 107)
20:38:46.541 [main] DEBUG io.github.bonigarcia.wdm.WebDriverManager - Driver chromedriver 107.0.5304.62 found in cache
20:38:46.542 [main] INFO io.github.bonigarcia.wdm.WebDriverManager - Exporting webdriver.chrome.driver as C:\Users\ASUS\.cache\selenium\chromedriver\win32\107.0.5304.62\chromedriver.exe
20:38:46.709 [main] DEBUG net.serenitybdd.core.webdriver.driverproviders.ProvideNewDriver - Instantiating driver
20:38:46.709 [main] DEBUG net.serenitybdd.core.webdriver.driverproviders.ProvideNewDriver - Driver capabilities: Capabilities {acceptInsecureCerts: false, base.url: https://alta-shop.vercel.app/, browserName: chrome, chrome.driver: src/test/resources/webdrive..., driver: chrome, goog:chromeOptions: {args: [], extensions: []}, wait.for.timeout: 10000}
20:38:47.256 [AsyncHttpClient-1-2] DEBUG org.asynchttpclient.netty.channel.NettyConnectListener - Using new Channel '[id: 0xafebb2f6, L:/127.0.0.1:49933 - R:localhost/127.0.0.1:56522]' for 'POST' to '/session'
20:38:48.182 [AsyncHttpClient-1-2] DEBUG org.asynchttpclient.netty.handler.HttpHandler - 

Request DefaultHttpRequest(decodeResult: success, version: HTTP/1.1)
POST /session HTTP/1.1
User-Agent: selenium/4.1.2 (java windows)
Content-Length: 646
Content-Type: application/json; charset=utf-8
host: localhost:56522
accept: */*

Response DefaultHttpResponse(decodeResult: success, version: HTTP/1.1)
HTTP/1.1 200 OK
Content-Type: application/json; charset=utf-8
cache-control: no-cache
content-length: 789

20:38:48.182 [AsyncHttpClient-1-2] DEBUG org.asynchttpclient.netty.channel.ChannelManager - Adding key: http://localhost:56522 for channel [id: 0xafebb2f6, L:/127.0.0.1:49933 - R:localhost/127.0.0.1:56522]
20:38:48.192 [AsyncHttpClient-1-3] DEBUG org.asynchttpclient.netty.channel.NettyConnectListener - Using new Channel '[id: 0xb3dce533, L:/127.0.0.1:49941 - R:localhost/127.0.0.1:49935]' for 'GET' to '/json/version'
20:38:48.195 [AsyncHttpClient-1-3] DEBUG org.asynchttpclient.netty.handler.HttpHandler - 

Request DefaultFullHttpRequest(decodeResult: success, version: HTTP/1.1, content: EmptyByteBufBE)
GET /json/version HTTP/1.1
User-Agent: selenium/4.1.2 (java windows)
host: localhost:49935
accept: */*

Response DefaultHttpResponse(decodeResult: success, version: HTTP/1.1)
HTTP/1.1 200 OK
Content-Type: application/json; charset=UTF-8
content-length: 423

20:38:48.195 [AsyncHttpClient-1-3] DEBUG org.asynchttpclient.netty.channel.ChannelManager - Adding key: http://localhost:49935 for channel [id: 0xb3dce533, L:/127.0.0.1:49941 - R:localhost/127.0.0.1:49935]
20:38:48.198 [AsyncHttpClient-1-4] DEBUG org.asynchttpclient.netty.channel.NettyConnectListener - Using new Channel '[id: 0xc89fe1a9, L:/127.0.0.1:49942 - R:localhost/127.0.0.1:49935]' for 'GET' to '/devtools/browser/c819e12d-d134-4a61-a5f1-332e0944298c'
20:38:48.199 [AsyncHttpClient-1-4] DEBUG org.asynchttpclient.netty.handler.WebSocketHandler - 

Request DefaultFullHttpRequest(decodeResult: success, version: HTTP/1.1, content: EmptyByteBufBE)
GET /devtools/browser/c819e12d-d134-4a61-a5f1-332e0944298c HTTP/1.1
upgrade: websocket
connection: upgrade
sec-websocket-key: YlH+uTUVxax74pTm/mdksw==
sec-websocket-version: 13
origin: http://localhost:49935
host: localhost:49935
accept: */*
user-agent: AHC/2.1

Response DefaultHttpResponse(decodeResult: success, version: HTTP/1.1)
HTTP/1.1 101 WebSocket Protocol Handshake
Upgrade: WebSocket
Connection: Upgrade
Sec-WebSocket-Accept: I6IXYjCkPeXOl0qPk4NVt/0qUaw=

20:38:48.203 [Forwarding get on session a42aa2748d32beeca22de1c1d27f3de9 to remote] DEBUG org.asynchttpclient.netty.request.NettyRequestSender - Using pooled Channel '[id: 0xafebb2f6, L:/127.0.0.1:49933 - R:localhost/127.0.0.1:56522]' for 'POST' to 'http://localhost:56522/session/a42aa2748d32beeca22de1c1d27f3de9/url'
20:38:48.203 [Forwarding get on session a42aa2748d32beeca22de1c1d27f3de9 to remote] DEBUG org.asynchttpclient.netty.request.NettyRequestSender - Using open Channel [id: 0xafebb2f6, L:/127.0.0.1:49933 - R:localhost/127.0.0.1:56522] for POST '/session/a42aa2748d32beeca22de1c1d27f3de9/url'
20:38:48.481 [AsyncHttpClient-1-1] DEBUG org.asynchttpclient.netty.channel.DefaultChannelPool - Entry count for : http://localhost:49935 : 1
20:38:48.805 [AsyncHttpClient-1-2] DEBUG org.asynchttpclient.netty.handler.HttpHandler - 

Request DefaultHttpRequest(decodeResult: success, version: HTTP/1.1)
POST /session/a42aa2748d32beeca22de1c1d27f3de9/url HTTP/1.1
User-Agent: selenium/4.1.2 (java windows)
Content-Length: 59
Content-Type: application/json; charset=utf-8
host: localhost:56522
accept: */*

Response DefaultHttpResponse(decodeResult: success, version: HTTP/1.1)
HTTP/1.1 200 OK
Content-Type: application/json; charset=utf-8
cache-control: no-cache
content-length: 14

20:38:48.805 [AsyncHttpClient-1-2] DEBUG org.asynchttpclient.netty.channel.ChannelManager - Adding key: http://localhost:56522 for channel [id: 0xafebb2f6, L:/127.0.0.1:49933 - R:localhost/127.0.0.1:56522]
20:38:48.806 [Forwarding setTimeout on session a42aa2748d32beeca22de1c1d27f3de9 to remote] DEBUG org.asynchttpclient.netty.request.NettyRequestSender - Using pooled Channel '[id: 0xafebb2f6, L:/127.0.0.1:49933 - R:localhost/127.0.0.1:56522]' for 'POST' to 'http://localhost:56522/session/a42aa2748d32beeca22de1c1d27f3de9/timeouts'
20:38:48.806 [Forwarding setTimeout on session a42aa2748d32beeca22de1c1d27f3de9 to remote] DEBUG org.asynchttpclient.netty.request.NettyRequestSender - Using open Channel [id: 0xafebb2f6, L:/127.0.0.1:49933 - R:localhost/127.0.0.1:56522] for POST '/session/a42aa2748d32beeca22de1c1d27f3de9/timeouts'
20:38:48.807 [AsyncHttpClient-1-2] DEBUG org.asynchttpclient.netty.handler.HttpHandler - 

Request DefaultHttpRequest(decodeResult: success, version: HTTP/1.1)
POST /session/a42aa2748d32beeca22de1c1d27f3de9/timeouts HTTP/1.1
User-Agent: selenium/4.1.2 (java windows)
Content-Length: 22
Content-Type: application/json; charset=utf-8
host: localhost:56522
accept: */*

Response DefaultHttpResponse(decodeResult: success, version: HTTP/1.1)
HTTP/1.1 200 OK
Content-Type: application/json; charset=utf-8
cache-control: no-cache
content-length: 14

20:38:48.807 [AsyncHttpClient-1-2] DEBUG org.asynchttpclient.netty.channel.ChannelManager - Adding key: http://localhost:56522 for channel [id: 0xafebb2f6, L:/127.0.0.1:49933 - R:localhost/127.0.0.1:56522]
20:38:48.811 [Forwarding getCurrentUrl on session a42aa2748d32beeca22de1c1d27f3de9 to remote] DEBUG org.asynchttpclient.netty.request.NettyRequestSender - Using pooled Channel '[id: 0xafebb2f6, L:/127.0.0.1:49933 - R:localhost/127.0.0.1:56522]' for 'GET' to 'http://localhost:56522/session/a42aa2748d32beeca22de1c1d27f3de9/url'
20:38:48.811 [Forwarding getCurrentUrl on session a42aa2748d32beeca22de1c1d27f3de9 to remote] DEBUG org.asynchttpclient.netty.request.NettyRequestSender - Using open Channel [id: 0xafebb2f6, L:/127.0.0.1:49933 - R:localhost/127.0.0.1:56522] for GET '/session/a42aa2748d32beeca22de1c1d27f3de9/url'
20:38:48.817 [AsyncHttpClient-1-2] DEBUG org.asynchttpclient.netty.handler.HttpHandler - 

Request DefaultFullHttpRequest(decodeResult: success, version: HTTP/1.1, content: EmptyByteBufBE)
GET /session/a42aa2748d32beeca22de1c1d27f3de9/url HTTP/1.1
User-Agent: selenium/4.1.2 (java windows)
Cache-Control: no-cache
Content-Type: application/json; charset=utf-8
host: localhost:56522
accept: */*

Response DefaultHttpResponse(decodeResult: success, version: HTTP/1.1)
HTTP/1.1 200 OK
Content-Type: application/json; charset=utf-8
cache-control: no-cache
content-length: 41

20:38:48.817 [AsyncHttpClient-1-2] DEBUG org.asynchttpclient.netty.channel.ChannelManager - Adding key: http://localhost:56522 for channel [id: 0xafebb2f6, L:/127.0.0.1:49933 - R:localhost/127.0.0.1:56522]
  &amp#27;[32mGiven &amp#27;[0m&amp#27;[32mI open mainpage url&amp#27;[0m        &amp#27;[90m# starter.stepdefinitions.ProductSteps.iOpenMainpageUrl()&amp#27;[0m
20:38:48.823 [Forwarding screenshot on session a42aa2748d32beeca22de1c1d27f3de9 to remote] DEBUG org.asynchttpclient.netty.request.NettyRequestSender - Using pooled Channel '[id: 0xafebb2f6, L:/127.0.0.1:49933 - R:localhost/127.0.0.1:56522]' for 'GET' to 'http://localhost:56522/session/a42aa2748d32beeca22de1c1d27f3de9/screenshot'
20:38:48.823 [Forwarding screenshot on session a42aa2748d32beeca22de1c1d27f3de9 to remote] DEBUG org.asynchttpclient.netty.request.NettyRequestSender - Using open Channel [id: 0xafebb2f6, L:/127.0.0.1:49933 - R:localhost/127.0.0.1:56522] for GET '/session/a42aa2748d32beeca22de1c1d27f3de9/screenshot'
20:38:49.379 [AsyncHttpClient-1-2] DEBUG org.asynchttpclient.netty.handler.HttpHandler - 

Request DefaultFullHttpRequest(decodeResult: success, version: HTTP/1.1, content: EmptyByteBufBE)
GET /session/a42aa2748d32beeca22de1c1d27f3de9/screenshot HTTP/1.1
User-Agent: selenium/4.1.2 (java windows)
Cache-Control: no-cache
Content-Type: application/json; charset=utf-8
host: localhost:56522
accept: */*

Response DefaultHttpResponse(decodeResult: success, version: HTTP/1.1)
HTTP/1.1 200 OK
Content-Type: application/json; charset=utf-8
cache-control: no-cache
content-length: 45924

20:38:49.379 [AsyncHttpClient-1-2] DEBUG org.asynchttpclient.netty.channel.ChannelManager - Adding key: http://localhost:56522 for channel [id: 0xafebb2f6, L:/127.0.0.1:49933 - R:localhost/127.0.0.1:56522]
20:38:49.383 [main] DEBUG net.serenitybdd.core.photography.Darkroom - Send negative for processing for target\site\serenity\d8205015732c79333d9264c186628957756f04b107f90ffe1e27f33dbd7b03b1.png
20:38:49.383 [Darkroom Processing Line] DEBUG net.serenitybdd.core.photography.DarkroomProcessingLine - Processing screenshot image in /var/screenshots/screenshot-12121273828425791110
20:38:49.383 [Darkroom Processing Line] DEBUG net.serenitybdd.core.photography.DarkroomProcessingLine - Saving screenshot to target\site\serenity\d8205015732c79333d9264c186628957756f04b107f90ffe1e27f33dbd7b03b1.png
20:38:49.390 [Forwarding findElement on session a42aa2748d32beeca22de1c1d27f3de9 to remote] DEBUG org.asynchttpclient.netty.request.NettyRequestSender - Using pooled Channel '[id: 0xafebb2f6, L:/127.0.0.1:49933 - R:localhost/127.0.0.1:56522]' for 'POST' to 'http://localhost:56522/session/a42aa2748d32beeca22de1c1d27f3de9/element'
20:38:49.390 [Forwarding findElement on session a42aa2748d32beeca22de1c1d27f3de9 to remote] DEBUG org.asynchttpclient.netty.request.NettyRequestSender - Using open Channel [id: 0xafebb2f6, L:/127.0.0.1:49933 - R:localhost/127.0.0.1:56522] for POST '/session/a42aa2748d32beeca22de1c1d27f3de9/element'
20:38:49.580 [AsyncHttpClient-1-1] DEBUG org.asynchttpclient.netty.channel.DefaultChannelPool - Entry count for : http://localhost:49935 : 1
20:38:50.679 [AsyncHttpClient-1-1] DEBUG org.asynchttpclient.netty.channel.DefaultChannelPool - Entry count for : http://localhost:49935 : 1
20:38:50.972 [AsyncHttpClient-1-2] DEBUG org.asynchttpclient.netty.handler.HttpHandler - 

Request DefaultHttpRequest(decodeResult: success, version: HTTP/1.1)
POST /session/a42aa2748d32beeca22de1c1d27f3de9/element HTTP/1.1
User-Agent: selenium/4.1.2 (java windows)
Content-Length: 85
Content-Type: application/json; charset=utf-8
host: localhost:56522
accept: */*

Response DefaultHttpResponse(decodeResult: success, version: HTTP/1.1)
HTTP/1.1 200 OK
Content-Type: application/json; charset=utf-8
cache-control: no-cache
content-length: 88

20:38:50.972 [AsyncHttpClient-1-2] DEBUG org.asynchttpclient.netty.channel.ChannelManager - Adding key: http://localhost:56522 for channel [id: 0xafebb2f6, L:/127.0.0.1:49933 - R:localhost/127.0.0.1:56522]
20:38:50.973 [Forwarding getElementTagName on session a42aa2748d32beeca22de1c1d27f3de9 to remote] DEBUG org.asynchttpclient.netty.request.NettyRequestSender - Using pooled Channel '[id: 0xafebb2f6, L:/127.0.0.1:49933 - R:localhost/127.0.0.1:56522]' for 'GET' to 'http://localhost:56522/session/a42aa2748d32beeca22de1c1d27f3de9/element/ec71d568-3560-4c7b-8da4-eb27336a4c88/name'
20:38:50.973 [Forwarding getElementTagName on session a42aa2748d32beeca22de1c1d27f3de9 to remote] DEBUG org.asynchttpclient.netty.request.NettyRequestSender - Using open Channel [id: 0xafebb2f6, L:/127.0.0.1:49933 - R:localhost/127.0.0.1:56522] for GET '/session/a42aa2748d32beeca22de1c1d27f3de9/element/ec71d568-3560-4c7b-8da4-eb27336a4c88/name'
20:38:50.982 [AsyncHttpClient-1-2] DEBUG org.asynchttpclient.netty.handler.HttpHandler - 

Request DefaultFullHttpRequest(decodeResult: success, version: HTTP/1.1, content: EmptyByteBufBE)
GET /session/a42aa2748d32beeca22de1c1d27f3de9/element/ec71d568-3560-4c7b-8da4-eb27336a4c88/name HTTP/1.1
User-Agent: selenium/4.1.2 (java windows)
Cache-Control: no-cache
Content-Type: application/json; charset=utf-8
host: localhost:56522
accept: */*

Response DefaultHttpResponse(decodeResult: success, version: HTTP/1.1)
HTTP/1.1 200 OK
Content-Type: application/json; charset=utf-8
cache-control: no-cache
content-length: 16

20:38:50.982 [AsyncHttpClient-1-2] DEBUG org.asynchttpclient.netty.channel.ChannelManager - Adding key: http://localhost:56522 for channel [id: 0xafebb2f6, L:/127.0.0.1:49933 - R:localhost/127.0.0.1:56522]
20:38:50.984 [Forwarding getElementTagName on session a42aa2748d32beeca22de1c1d27f3de9 to remote] DEBUG org.asynchttpclient.netty.request.NettyRequestSender - Using pooled Channel '[id: 0xafebb2f6, L:/127.0.0.1:49933 - R:localhost/127.0.0.1:56522]' for 'GET' to 'http://localhost:56522/session/a42aa2748d32beeca22de1c1d27f3de9/element/ec71d568-3560-4c7b-8da4-eb27336a4c88/name'
20:38:50.984 [Forwarding getElementTagName on session a42aa2748d32beeca22de1c1d27f3de9 to remote] DEBUG org.asynchttpclient.netty.request.NettyRequestSender - Using open Channel [id: 0xafebb2f6, L:/127.0.0.1:49933 - R:localhost/127.0.0.1:56522] for GET '/session/a42aa2748d32beeca22de1c1d27f3de9/element/ec71d568-3560-4c7b-8da4-eb27336a4c88/name'
20:38:50.988 [AsyncHttpClient-1-2] DEBUG org.asynchttpclient.netty.handler.HttpHandler - 

Request DefaultFullHttpRequest(decodeResult: success, version: HTTP/1.1, content: EmptyByteBufBE)
GET /session/a42aa2748d32beeca22de1c1d27f3de9/element/ec71d568-3560-4c7b-8da4-eb27336a4c88/name HTTP/1.1
User-Agent: selenium/4.1.2 (java windows)
Cache-Control: no-cache
Content-Type: application/json; charset=utf-8
host: localhost:56522
accept: */*

Response DefaultHttpResponse(decodeResult: success, version: HTTP/1.1)
HTTP/1.1 200 OK
Content-Type: application/json; charset=utf-8
cache-control: no-cache
content-length: 16

20:38:50.988 [AsyncHttpClient-1-2] DEBUG org.asynchttpclient.netty.channel.ChannelManager - Adding key: http://localhost:56522 for channel [id: 0xafebb2f6, L:/127.0.0.1:49933 - R:localhost/127.0.0.1:56522]
20:38:50.990 [Forwarding findElement on session a42aa2748d32beeca22de1c1d27f3de9 to remote] DEBUG org.asynchttpclient.netty.request.NettyRequestSender - Using pooled Channel '[id: 0xafebb2f6, L:/127.0.0.1:49933 - R:localhost/127.0.0.1:56522]' for 'POST' to 'http://localhost:56522/session/a42aa2748d32beeca22de1c1d27f3de9/element'
20:38:50.990 [Forwarding findElement on session a42aa2748d32beeca22de1c1d27f3de9 to remote] DEBUG org.asynchttpclient.netty.request.NettyRequestSender - Using open Channel [id: 0xafebb2f6, L:/127.0.0.1:49933 - R:localhost/127.0.0.1:56522] for POST '/session/a42aa2748d32beeca22de1c1d27f3de9/element'
20:38:51.001 [AsyncHttpClient-1-2] DEBUG org.asynchttpclient.netty.handler.HttpHandler - 

Request DefaultHttpRequest(decodeResult: success, version: HTTP/1.1)
POST /session/a42aa2748d32beeca22de1c1d27f3de9/element HTTP/1.1
User-Agent: selenium/4.1.2 (java windows)
Content-Length: 85
Content-Type: application/json; charset=utf-8
host: localhost:56522
accept: */*

Response DefaultHttpResponse(decodeResult: success, version: HTTP/1.1)
HTTP/1.1 200 OK
Content-Type: application/json; charset=utf-8
cache-control: no-cache
content-length: 88

20:38:51.001 [AsyncHttpClient-1-2] DEBUG org.asynchttpclient.netty.channel.ChannelManager - Adding key: http://localhost:56522 for channel [id: 0xafebb2f6, L:/127.0.0.1:49933 - R:localhost/127.0.0.1:56522]
20:38:51.002 [Forwarding clickElement on session a42aa2748d32beeca22de1c1d27f3de9 to remote] DEBUG org.asynchttpclient.netty.request.NettyRequestSender - Using pooled Channel '[id: 0xafebb2f6, L:/127.0.0.1:49933 - R:localhost/127.0.0.1:56522]' for 'POST' to 'http://localhost:56522/session/a42aa2748d32beeca22de1c1d27f3de9/element/ec71d568-3560-4c7b-8da4-eb27336a4c88/click'
20:38:51.002 [Forwarding clickElement on session a42aa2748d32beeca22de1c1d27f3de9 to remote] DEBUG org.asynchttpclient.netty.request.NettyRequestSender - Using open Channel [id: 0xafebb2f6, L:/127.0.0.1:49933 - R:localhost/127.0.0.1:56522] for POST '/session/a42aa2748d32beeca22de1c1d27f3de9/element/ec71d568-3560-4c7b-8da4-eb27336a4c88/click'
20:38:51.058 [AsyncHttpClient-1-2] DEBUG org.asynchttpclient.netty.handler.HttpHandler - 

Request DefaultHttpRequest(decodeResult: success, version: HTTP/1.1)
POST /session/a42aa2748d32beeca22de1c1d27f3de9/element/ec71d568-3560-4c7b-8da4-eb27336a4c88/click HTTP/1.1
User-Agent: selenium/4.1.2 (java windows)
Content-Length: 50
Content-Type: application/json; charset=utf-8
host: localhost:56522
accept: */*

Response DefaultHttpResponse(decodeResult: success, version: HTTP/1.1)
HTTP/1.1 200 OK
Content-Type: application/json; charset=utf-8
cache-control: no-cache
content-length: 14

20:38:51.058 [AsyncHttpClient-1-2] DEBUG org.asynchttpclient.netty.channel.ChannelManager - Adding key: http://localhost:56522 for channel [id: 0xafebb2f6, L:/127.0.0.1:49933 - R:localhost/127.0.0.1:56522]
  &amp#27;[32mWhen &amp#27;[0m&amp#27;[32mI click beli in one product&amp#27;[0m &amp#27;[90m# starter.stepdefinitions.ProductSteps.iClickBeliInOneProduct()&amp#27;[0m
20:38:51.065 [Forwarding screenshot on session a42aa2748d32beeca22de1c1d27f3de9 to remote] DEBUG org.asynchttpclient.netty.request.NettyRequestSender - Using pooled Channel '[id: 0xafebb2f6, L:/127.0.0.1:49933 - R:localhost/127.0.0.1:56522]' for 'GET' to 'http://localhost:56522/session/a42aa2748d32beeca22de1c1d27f3de9/screenshot'
20:38:51.065 [Forwarding screenshot on session a42aa2748d32beeca22de1c1d27f3de9 to remote] DEBUG org.asynchttpclient.netty.request.NettyRequestSender - Using open Channel [id: 0xafebb2f6, L:/127.0.0.1:49933 - R:localhost/127.0.0.1:56522] for GET '/session/a42aa2748d32beeca22de1c1d27f3de9/screenshot'
20:38:51.305 [AsyncHttpClient-1-2] DEBUG org.asynchttpclient.netty.handler.HttpHandler - 

Request DefaultFullHttpRequest(decodeResult: success, version: HTTP/1.1, content: EmptyByteBufBE)
GET /session/a42aa2748d32beeca22de1c1d27f3de9/screenshot HTTP/1.1
User-Agent: selenium/4.1.2 (java windows)
Cache-Control: no-cache
Content-Type: application/json; charset=utf-8
host: localhost:56522
accept: */*

Response DefaultHttpResponse(decodeResult: success, version: HTTP/1.1)
HTTP/1.1 200 OK
Content-Type: application/json; charset=utf-8
cache-control: no-cache
content-length: 77396

20:38:51.306 [AsyncHttpClient-1-2] DEBUG org.asynchttpclient.netty.channel.ChannelManager - Adding key: http://localhost:56522 for channel [id: 0xafebb2f6, L:/127.0.0.1:49933 - R:localhost/127.0.0.1:56522]
20:38:51.308 [main] DEBUG net.serenitybdd.core.photography.Darkroom - Send negative for processing for target\site\serenity\617c86989dfcb1fdf700df558fd26bbd876e75b138507afc739c7021b33b46ca.png
20:38:51.309 [Darkroom Processing Line] DEBUG net.serenitybdd.core.photography.DarkroomProcessingLine - Processing screenshot image in /var/screenshots/screenshot-14755847728092991855
20:38:51.309 [Darkroom Processing Line] DEBUG net.serenitybdd.core.photography.DarkroomProcessingLine - Saving screenshot to target\site\serenity\617c86989dfcb1fdf700df558fd26bbd876e75b138507afc739c7021b33b46ca.png
20:38:51.318 [Forwarding findElement on session a42aa2748d32beeca22de1c1d27f3de9 to remote] DEBUG org.asynchttpclient.netty.request.NettyRequestSender - Using pooled Channel '[id: 0xafebb2f6, L:/127.0.0.1:49933 - R:localhost/127.0.0.1:56522]' for 'POST' to 'http://localhost:56522/session/a42aa2748d32beeca22de1c1d27f3de9/element'
20:38:51.318 [Forwarding findElement on session a42aa2748d32beeca22de1c1d27f3de9 to remote] DEBUG org.asynchttpclient.netty.request.NettyRequestSender - Using open Channel [id: 0xafebb2f6, L:/127.0.0.1:49933 - R:localhost/127.0.0.1:56522] for POST '/session/a42aa2748d32beeca22de1c1d27f3de9/element'
20:38:51.331 [AsyncHttpClient-1-2] DEBUG org.asynchttpclient.netty.handler.HttpHandler - 

Request DefaultHttpRequest(decodeResult: success, version: HTTP/1.1)
POST /session/a42aa2748d32beeca22de1c1d27f3de9/element HTTP/1.1
User-Agent: selenium/4.1.2 (java windows)
Content-Length: 63
Content-Type: application/json; charset=utf-8
host: localhost:56522
accept: */*

Response DefaultHttpResponse(decodeResult: success, version: HTTP/1.1)
HTTP/1.1 200 OK
Content-Type: application/json; charset=utf-8
cache-control: no-cache
content-length: 88

20:38:51.332 [AsyncHttpClient-1-2] DEBUG org.asynchttpclient.netty.channel.ChannelManager - Adding key: http://localhost:56522 for channel [id: 0xafebb2f6, L:/127.0.0.1:49933 - R:localhost/127.0.0.1:56522]
20:38:51.334 [Forwarding isElementDisplayed on session a42aa2748d32beeca22de1c1d27f3de9 to remote] DEBUG org.asynchttpclient.netty.request.NettyRequestSender - Using pooled Channel '[id: 0xafebb2f6, L:/127.0.0.1:49933 - R:localhost/127.0.0.1:56522]' for 'POST' to 'http://localhost:56522/session/a42aa2748d32beeca22de1c1d27f3de9/execute/sync'
20:38:51.335 [Forwarding isElementDisplayed on session a42aa2748d32beeca22de1c1d27f3de9 to remote] DEBUG org.asynchttpclient.netty.request.NettyRequestSender - Using open Channel [id: 0xafebb2f6, L:/127.0.0.1:49933 - R:localhost/127.0.0.1:56522] for POST '/session/a42aa2748d32beeca22de1c1d27f3de9/execute/sync'
20:38:51.350 [AsyncHttpClient-1-2] DEBUG org.asynchttpclient.netty.handler.HttpHandler - 

Request DefaultHttpRequest(decodeResult: success, version: HTTP/1.1)
POST /session/a42aa2748d32beeca22de1c1d27f3de9/execute/sync HTTP/1.1
User-Agent: selenium/4.1.2 (java windows)
Content-Length: 48780
Content-Type: application/json; charset=utf-8
host: localhost:56522
accept: */*

Response DefaultHttpResponse(decodeResult: success, version: HTTP/1.1)
HTTP/1.1 200 OK
Content-Type: application/json; charset=utf-8
cache-control: no-cache
content-length: 14

20:38:51.350 [AsyncHttpClient-1-2] DEBUG org.asynchttpclient.netty.channel.ChannelManager - Adding key: http://localhost:56522 for channel [id: 0xafebb2f6, L:/127.0.0.1:49933 - R:localhost/127.0.0.1:56522]
  &amp#27;[32mThen &amp#27;[0m&amp#27;[32mProduct added to cart&amp#27;[0m       &amp#27;[90m# starter.stepdefinitions.ProductSteps.productAddedToCart()&amp#27;[0m
20:38:51.355 [main] INFO  - 
  _____   ___   ___   _____     ___     _     ___   ___   ___   ___  
 |_   _| | __| / __| |_   _|   | _ \   /_\   / __| / __| | __| |   \ 
   | |   | _|  \__ \   | |     |  _/  / _ \  \__ \ \__ \ | _|  | |) |
   |_|   |___| |___/   |_|     |_|   /_/ \_\ |___/ |___/ |___| |___/ 

Add Product to Cart
----------------------------------------------------------------------
20:38:51.356 [AsyncHttpClient-1-4] DEBUG org.asynchttpclient.netty.handler.WebSocketHandler - Channel Closed: [id: 0xc89fe1a9, L:/127.0.0.1:49942 ! R:localhost/127.0.0.1:49935] with attribute NettyResponseFuture{currentRetry=5,
	isDone=1,
	isCancelled=0,
	asyncHandler=org.asynchttpclient.ws.WebSocketUpgradeHandler@24889fce,
	nettyRequest=org.asynchttpclient.netty.request.NettyRequest@57c27f64,
	future=java.util.concurrent.CompletableFuture@22a6e78a[Completed normally],
	uri=ws://localhost:49935/devtools/browser/c819e12d-d134-4a61-a5f1-332e0944298c,
	keepAlive=true,
	redirectCount=0,
	timeoutsHolder=null,
	inAuth=0,
	touch=1667223528199}
20:38:51.356 [AsyncHttpClient-1-4] DEBUG org.asynchttpclient.netty.channel.ChannelManager - Closing Channel [id: 0xc89fe1a9, L:/127.0.0.1:49942 ! R:localhost/127.0.0.1:49935] 
20:38:51.356 [Driver Command Executor] DEBUG org.asynchttpclient.netty.request.NettyRequestSender - Using pooled Channel '[id: 0xafebb2f6, L:/127.0.0.1:49933 - R:localhost/127.0.0.1:56522]' for 'DELETE' to 'http://localhost:56522/session/a42aa2748d32beeca22de1c1d27f3de9'
20:38:51.356 [Driver Command Executor] DEBUG org.asynchttpclient.netty.request.NettyRequestSender - Using open Channel [id: 0xafebb2f6, L:/127.0.0.1:49933 - R:localhost/127.0.0.1:56522] for DELETE '/session/a42aa2748d32beeca22de1c1d27f3de9'
20:38:51.453 [AsyncHttpClient-1-3] DEBUG org.asynchttpclient.netty.handler.HttpHandler - Unexpected I/O exception on channel [id: 0xb3dce533, L:/127.0.0.1:49941 - R:localhost/127.0.0.1:49935]
java.net.SocketException: Connection reset
	at java.base/sun.nio.ch.SocketChannelImpl.throwConnectionReset(SocketChannelImpl.java:345)
	at java.base/sun.nio.ch.SocketChannelImpl.read(SocketChannelImpl.java:376)
	at io.netty.buffer.PooledByteBuf.setBytes(PooledByteBuf.java:258)
	at io.netty.buffer.AbstractByteBuf.writeBytes(AbstractByteBuf.java:1132)
	at io.netty.channel.socket.nio.NioSocketChannel.doReadBytes(NioSocketChannel.java:350)
	at io.netty.channel.nio.AbstractNioByteChannel$NioByteUnsafe.read(AbstractNioByteChannel.java:151)
	at io.netty.channel.nio.NioEventLoop.processSelectedKey(NioEventLoop.java:722)
	at io.netty.channel.nio.NioEventLoop.processSelectedKeysOptimized(NioEventLoop.java:658)
	at io.netty.channel.nio.NioEventLoop.processSelectedKeys(NioEventLoop.java:584)
	at io.netty.channel.nio.NioEventLoop.run(NioEventLoop.java:496)
	at io.netty.util.concurrent.SingleThreadEventExecutor$4.run(SingleThreadEventExecutor.java:986)
	at io.netty.util.internal.ThreadExecutorMap$2.run(ThreadExecutorMap.java:74)
	at io.netty.util.concurrent.FastThreadLocalRunnable.run(FastThreadLocalRunnable.java:30)
	at java.base/java.lang.Thread.run(Thread.java:830)
20:38:51.454 [AsyncHttpClient-1-3] DEBUG org.asynchttpclient.netty.channel.ChannelManager - Closing Channel [id: 0xb3dce533, L:/127.0.0.1:49941 - R:localhost/127.0.0.1:49935] 
20:38:51.454 [AsyncHttpClient-1-3] DEBUG org.asynchttpclient.netty.handler.HttpHandler - Channel Closed: [id: 0xb3dce533, L:/127.0.0.1:49941 ! R:localhost/127.0.0.1:49935] with attribute DISCARD
20:38:51.487 [AsyncHttpClient-1-2] DEBUG org.asynchttpclient.netty.handler.HttpHandler - 

Request DefaultFullHttpRequest(decodeResult: success, version: HTTP/1.1, content: EmptyByteBufBE)
DELETE /session/a42aa2748d32beeca22de1c1d27f3de9 HTTP/1.1
User-Agent: selenium/4.1.2 (java windows)
Content-Type: application/json; charset=utf-8
host: localhost:56522
accept: */*

Response DefaultHttpResponse(decodeResult: success, version: HTTP/1.1)
HTTP/1.1 200 OK
Content-Type: application/json; charset=utf-8
cache-control: no-cache
content-length: 14

20:38:51.487 [AsyncHttpClient-1-2] DEBUG org.asynchttpclient.netty.channel.ChannelManager - Adding key: http://localhost:56522 for channel [id: 0xafebb2f6, L:/127.0.0.1:49933 - R:localhost/127.0.0.1:56522]
20:38:51.559 [AsyncHttpClient-1-2] DEBUG org.asynchttpclient.netty.handler.HttpHandler - Channel Closed: [id: 0xafebb2f6, L:/127.0.0.1:49933 ! R:localhost/127.0.0.1:56522] with attribute DISCARD
20:38:51.779 [AsyncHttpClient-1-1] DEBUG org.asynchttpclient.netty.channel.DefaultChannelPool - Entry count for : http://localhost:56522 : 1
20:38:51.779 [AsyncHttpClient-1-1] DEBUG org.asynchttpclient.netty.channel.DefaultChannelPool - Entry count for : http://localhost:49935 : 1
20:38:51.779 [AsyncHttpClient-1-1] DEBUG org.asynchttpclient.netty.channel.DefaultChannelPool - Adding Candidate expired Channel [id: 0xafebb2f6, L:/127.0.0.1:49933 ! R:localhost/127.0.0.1:56522] isIdleTimeoutExpired=false isRemotelyClosed=true isTtlExpired=false
20:38:51.779 [AsyncHttpClient-1-1] DEBUG org.asynchttpclient.netty.channel.DefaultChannelPool - Closing Idle Channel [id: 0xafebb2f6, L:/127.0.0.1:49933 ! R:localhost/127.0.0.1:56522]
20:38:51.779 [AsyncHttpClient-1-1] DEBUG org.asynchttpclient.netty.channel.DefaultChannelPool - Adding Candidate expired Channel [id: 0xb3dce533, L:/127.0.0.1:49941 ! R:localhost/127.0.0.1:49935] isIdleTimeoutExpired=false isRemotelyClosed=true isTtlExpired=false
20:38:51.779 [AsyncHttpClient-1-1] DEBUG org.asynchttpclient.netty.channel.DefaultChannelPool - Closing Idle Channel [id: 0xb3dce533, L:/127.0.0.1:49941 ! R:localhost/127.0.0.1:49935]
20:38:51.779 [AsyncHttpClient-1-1] DEBUG org.asynchttpclient.netty.channel.DefaultChannelPool - Closed 2 connections out of 2 in 0 ms
]]></system-out>
    <system-err><![CDATA[Starting ChromeDriver 106.0.5249.61 (511755355844955cd3e264779baf0dd38212a4d0-refs/branch-heads/5249@{#569}) on port 56522
Only local connections are allowed.
Please see https://chromedriver.chromium.org/security-considerations for suggestions on keeping ChromeDriver safe.
ChromeDriver was started successfully.
[1667223527.989][WARNING]: This version of ChromeDriver has not been tested with Chrome version 107.
Oct 31, 2022 8:38:48 PM org.openqa.selenium.remote.ProtocolHandshake createSession
INFO: Detected dialect: W3C
Oct 31, 2022 8:38:48 PM org.openqa.selenium.devtools.CdpVersionFinder findNearestMatch
WARNING: Unable to find an exact match for CDP version 107, so returning the closest version found: a no-op implementation
Oct 31, 2022 8:38:48 PM org.openqa.selenium.devtools.CdpVersionFinder findNearestMatch
INFO: Unable to find CDP implementation matching 107.
Oct 31, 2022 8:38:48 PM org.openqa.selenium.chromium.ChromiumDriver lambda$new$3
WARNING: Unable to find version of CDP to use for . You may need to include a dependency on a specific version of the CDP using something similar to `org.seleniumhq.selenium:selenium-devtools-v86:4.1.2` where the version ("v86") matches the version of the chromium-based browser you're using and the version number of the artifact is the same as Selenium's.
]]></system-err>
  </testcase>
  <testcase name="Open Register Page" classname="Register" time="4.271">
    <system-out><![CDATA[20:38:52.081 [main] INFO io.cucumber.core.plugin.SerenityReporter - Running feature from file:///C:/Users/ASUS/Desktop/stupen/miniproject/Web/ASWeb/src/test/resources/features/Register.feature
20:38:52.083 [main] DEBUG net.thucydides.core.steps.StepEventBus - Test suite started for story net.thucydides.core.model.Story@30e75088
20:38:52.083 [main] INFO  - Test Suite Started: Register

Scenario: Open Register Page      &amp#27;[90m# src/test/resources/features/Register.feature:6&amp#27;[0m
20:38:52.088 [main] INFO io.cucumber.core.plugin.SerenityReporter - Running feature from file:///C:/Users/ASUS/Desktop/stupen/miniproject/Web/ASWeb/src/test/resources/features/Register.feature
20:38:52.090 [main] INFO  - 
  _____   ___   ___   _____     ___   _____     _     ___   _____   ___   ___  
 |_   _| | __| / __| |_   _|   / __| |_   _|   /_\   | _ \ |_   _| | __| |   \ 
   | |   | _|  \__ \   | |     \__ \   | |    / _ \  |   /   | |   | _|  | |) |
   |_|   |___| |___/   |_|     |___/   |_|   /_/ \_\ |_|_\   |_|   |___| |___/ 

Open Register Page(register;open-register-page)
--------------------------------------------------------------------------------
20:38:52.212 [main] INFO net.serenitybdd.core.webdriver.driverproviders.ChromeDriverProvider - Using automatically driver download
20:38:52.392 [main] DEBUG io.github.bonigarcia.wdm.cache.ResolutionCache - Resolution chrome=107 in cache (valid until 21:37:26 31/10/2022 WIB)
20:38:52.398 [main] DEBUG io.github.bonigarcia.wdm.cache.ResolutionCache - Resolution chrome107=107.0.5304.62 in cache (valid until 19:37:19 01/11/2022 WIB)
20:38:52.401 [main] INFO io.github.bonigarcia.wdm.WebDriverManager - Using chromedriver 107.0.5304.62 (resolved driver for Chrome 107)
20:38:52.418 [main] DEBUG io.github.bonigarcia.wdm.WebDriverManager - Driver chromedriver 107.0.5304.62 found in cache
20:38:52.419 [main] INFO io.github.bonigarcia.wdm.WebDriverManager - Exporting webdriver.chrome.driver as C:\Users\ASUS\.cache\selenium\chromedriver\win32\107.0.5304.62\chromedriver.exe
20:38:52.578 [main] DEBUG net.serenitybdd.core.webdriver.driverproviders.ProvideNewDriver - Instantiating driver
20:38:52.578 [main] DEBUG net.serenitybdd.core.webdriver.driverproviders.ProvideNewDriver - Driver capabilities: Capabilities {acceptInsecureCerts: false, base.url: https://alta-shop.vercel.app/, browserName: chrome, chrome.driver: src/test/resources/webdrive..., driver: chrome, goog:chromeOptions: {args: [], extensions: []}, wait.for.timeout: 10000}
20:38:53.121 [AsyncHttpClient-1-5] DEBUG org.asynchttpclient.netty.channel.NettyConnectListener - Using new Channel '[id: 0x247b894c, L:/127.0.0.1:49963 - R:localhost/127.0.0.1:62913]' for 'POST' to '/session'
20:38:54.114 [AsyncHttpClient-1-5] DEBUG org.asynchttpclient.netty.handler.HttpHandler - 

Request DefaultHttpRequest(decodeResult: success, version: HTTP/1.1)
POST /session HTTP/1.1
User-Agent: selenium/4.1.2 (java windows)
Content-Length: 646
Content-Type: application/json; charset=utf-8
host: localhost:62913
accept: */*

Response DefaultHttpResponse(decodeResult: success, version: HTTP/1.1)
HTTP/1.1 200 OK
Content-Type: application/json; charset=utf-8
cache-control: no-cache
content-length: 787

20:38:54.115 [AsyncHttpClient-1-5] DEBUG org.asynchttpclient.netty.channel.ChannelManager - Adding key: http://localhost:62913 for channel [id: 0x247b894c, L:/127.0.0.1:49963 - R:localhost/127.0.0.1:62913]
20:38:54.133 [AsyncHttpClient-1-6] DEBUG org.asynchttpclient.netty.channel.NettyConnectListener - Using new Channel '[id: 0xd5866c5e, L:/127.0.0.1:49971 - R:localhost/127.0.0.1:49964]' for 'GET' to '/json/version'
20:38:54.134 [AsyncHttpClient-1-6] DEBUG org.asynchttpclient.netty.handler.HttpHandler - 

Request DefaultFullHttpRequest(decodeResult: success, version: HTTP/1.1, content: EmptyByteBufBE)
GET /json/version HTTP/1.1
User-Agent: selenium/4.1.2 (java windows)
host: localhost:49964
accept: */*

Response DefaultHttpResponse(decodeResult: success, version: HTTP/1.1)
HTTP/1.1 200 OK
Content-Type: application/json; charset=UTF-8
content-length: 423

20:38:54.134 [AsyncHttpClient-1-6] DEBUG org.asynchttpclient.netty.channel.ChannelManager - Adding key: http://localhost:49964 for channel [id: 0xd5866c5e, L:/127.0.0.1:49971 - R:localhost/127.0.0.1:49964]
20:38:54.139 [AsyncHttpClient-1-7] DEBUG org.asynchttpclient.netty.channel.NettyConnectListener - Using new Channel '[id: 0x7f6b9c15, L:/127.0.0.1:49972 - R:localhost/127.0.0.1:49964]' for 'GET' to '/devtools/browser/750d461b-95f7-4430-8c95-83d1a93fc1c2'
20:38:54.140 [AsyncHttpClient-1-7] DEBUG org.asynchttpclient.netty.handler.WebSocketHandler - 

Request DefaultFullHttpRequest(decodeResult: success, version: HTTP/1.1, content: EmptyByteBufBE)
GET /devtools/browser/750d461b-95f7-4430-8c95-83d1a93fc1c2 HTTP/1.1
upgrade: websocket
connection: upgrade
sec-websocket-key: H8FOfqzGoBcT9m+X9Cv2MQ==
sec-websocket-version: 13
origin: http://localhost:49964
host: localhost:49964
accept: */*
user-agent: AHC/2.1

Response DefaultHttpResponse(decodeResult: success, version: HTTP/1.1)
HTTP/1.1 101 WebSocket Protocol Handshake
Upgrade: WebSocket
Connection: Upgrade
Sec-WebSocket-Accept: a+Cn+WjRAgUJuDe3dmSiYNDkvS8=

20:38:54.149 [Forwarding get on session 58c15ea3961f2295fd8ea0183b68a215 to remote] DEBUG org.asynchttpclient.netty.request.NettyRequestSender - Using pooled Channel '[id: 0x247b894c, L:/127.0.0.1:49963 - R:localhost/127.0.0.1:62913]' for 'POST' to 'http://localhost:62913/session/58c15ea3961f2295fd8ea0183b68a215/url'
20:38:54.149 [Forwarding get on session 58c15ea3961f2295fd8ea0183b68a215 to remote] DEBUG org.asynchttpclient.netty.request.NettyRequestSender - Using open Channel [id: 0x247b894c, L:/127.0.0.1:49963 - R:localhost/127.0.0.1:62913] for POST '/session/58c15ea3961f2295fd8ea0183b68a215/url'
20:38:55.045 [AsyncHttpClient-1-5] DEBUG org.asynchttpclient.netty.handler.HttpHandler - 

Request DefaultHttpRequest(decodeResult: success, version: HTTP/1.1)
POST /session/58c15ea3961f2295fd8ea0183b68a215/url HTTP/1.1
User-Agent: selenium/4.1.2 (java windows)
Content-Length: 77
Content-Type: application/json; charset=utf-8
host: localhost:62913
accept: */*

Response DefaultHttpResponse(decodeResult: success, version: HTTP/1.1)
HTTP/1.1 200 OK
Content-Type: application/json; charset=utf-8
cache-control: no-cache
content-length: 14

20:38:55.045 [AsyncHttpClient-1-5] DEBUG org.asynchttpclient.netty.channel.ChannelManager - Adding key: http://localhost:62913 for channel [id: 0x247b894c, L:/127.0.0.1:49963 - R:localhost/127.0.0.1:62913]
20:38:55.047 [Forwarding setTimeout on session 58c15ea3961f2295fd8ea0183b68a215 to remote] DEBUG org.asynchttpclient.netty.request.NettyRequestSender - Using pooled Channel '[id: 0x247b894c, L:/127.0.0.1:49963 - R:localhost/127.0.0.1:62913]' for 'POST' to 'http://localhost:62913/session/58c15ea3961f2295fd8ea0183b68a215/timeouts'
20:38:55.047 [Forwarding setTimeout on session 58c15ea3961f2295fd8ea0183b68a215 to remote] DEBUG org.asynchttpclient.netty.request.NettyRequestSender - Using open Channel [id: 0x247b894c, L:/127.0.0.1:49963 - R:localhost/127.0.0.1:62913] for POST '/session/58c15ea3961f2295fd8ea0183b68a215/timeouts'
20:38:55.048 [AsyncHttpClient-1-5] DEBUG org.asynchttpclient.netty.handler.HttpHandler - 

Request DefaultHttpRequest(decodeResult: success, version: HTTP/1.1)
POST /session/58c15ea3961f2295fd8ea0183b68a215/timeouts HTTP/1.1
User-Agent: selenium/4.1.2 (java windows)
Content-Length: 22
Content-Type: application/json; charset=utf-8
host: localhost:62913
accept: */*

Response DefaultHttpResponse(decodeResult: success, version: HTTP/1.1)
HTTP/1.1 200 OK
Content-Type: application/json; charset=utf-8
cache-control: no-cache
content-length: 14

20:38:55.048 [AsyncHttpClient-1-5] DEBUG org.asynchttpclient.netty.channel.ChannelManager - Adding key: http://localhost:62913 for channel [id: 0x247b894c, L:/127.0.0.1:49963 - R:localhost/127.0.0.1:62913]
20:38:55.050 [Forwarding getCurrentUrl on session 58c15ea3961f2295fd8ea0183b68a215 to remote] DEBUG org.asynchttpclient.netty.request.NettyRequestSender - Using pooled Channel '[id: 0x247b894c, L:/127.0.0.1:49963 - R:localhost/127.0.0.1:62913]' for 'GET' to 'http://localhost:62913/session/58c15ea3961f2295fd8ea0183b68a215/url'
20:38:55.051 [Forwarding getCurrentUrl on session 58c15ea3961f2295fd8ea0183b68a215 to remote] DEBUG org.asynchttpclient.netty.request.NettyRequestSender - Using open Channel [id: 0x247b894c, L:/127.0.0.1:49963 - R:localhost/127.0.0.1:62913] for GET '/session/58c15ea3961f2295fd8ea0183b68a215/url'
20:38:55.056 [AsyncHttpClient-1-5] DEBUG org.asynchttpclient.netty.handler.HttpHandler - 

Request DefaultFullHttpRequest(decodeResult: success, version: HTTP/1.1, content: EmptyByteBufBE)
GET /session/58c15ea3961f2295fd8ea0183b68a215/url HTTP/1.1
User-Agent: selenium/4.1.2 (java windows)
Cache-Control: no-cache
Content-Type: application/json; charset=utf-8
host: localhost:62913
accept: */*

Response DefaultHttpResponse(decodeResult: success, version: HTTP/1.1)
HTTP/1.1 200 OK
Content-Type: application/json; charset=utf-8
cache-control: no-cache
content-length: 54

20:38:55.056 [AsyncHttpClient-1-5] DEBUG org.asynchttpclient.netty.channel.ChannelManager - Adding key: http://localhost:62913 for channel [id: 0x247b894c, L:/127.0.0.1:49963 - R:localhost/127.0.0.1:62913]
  &amp#27;[32mWhen &amp#27;[0m&amp#27;[32mI open register page&amp#27;[0m       &amp#27;[90m# starter.stepdefinitions.RegisterSteps.iOpenRegisterPage()&amp#27;[0m
20:38:55.062 [main] DEBUG net.serenitybdd.core.photography.Darkroom - Opening darkroom
20:38:55.063 [Darkroom Processing Line] DEBUG net.serenitybdd.core.photography.DarkroomProcessingLine - Darkroom processing line starting up
20:38:55.063 [Forwarding screenshot on session 58c15ea3961f2295fd8ea0183b68a215 to remote] DEBUG org.asynchttpclient.netty.request.NettyRequestSender - Using pooled Channel '[id: 0x247b894c, L:/127.0.0.1:49963 - R:localhost/127.0.0.1:62913]' for 'GET' to 'http://localhost:62913/session/58c15ea3961f2295fd8ea0183b68a215/screenshot'
20:38:55.063 [Forwarding screenshot on session 58c15ea3961f2295fd8ea0183b68a215 to remote] DEBUG org.asynchttpclient.netty.request.NettyRequestSender - Using open Channel [id: 0x247b894c, L:/127.0.0.1:49963 - R:localhost/127.0.0.1:62913] for GET '/session/58c15ea3961f2295fd8ea0183b68a215/screenshot'
20:38:55.085 [AsyncHttpClient-1-1] DEBUG org.asynchttpclient.netty.channel.DefaultChannelPool - Entry count for : http://localhost:49964 : 1
20:38:55.592 [AsyncHttpClient-1-5] DEBUG org.asynchttpclient.netty.handler.HttpHandler - 

Request DefaultFullHttpRequest(decodeResult: success, version: HTTP/1.1, content: EmptyByteBufBE)
GET /session/58c15ea3961f2295fd8ea0183b68a215/screenshot HTTP/1.1
User-Agent: selenium/4.1.2 (java windows)
Cache-Control: no-cache
Content-Type: application/json; charset=utf-8
host: localhost:62913
accept: */*

Response DefaultHttpResponse(decodeResult: success, version: HTTP/1.1)
HTTP/1.1 200 OK
Content-Type: application/json; charset=utf-8
cache-control: no-cache
content-length: 45380

20:38:55.592 [AsyncHttpClient-1-5] DEBUG org.asynchttpclient.netty.channel.ChannelManager - Adding key: http://localhost:62913 for channel [id: 0x247b894c, L:/127.0.0.1:49963 - R:localhost/127.0.0.1:62913]
20:38:55.594 [main] DEBUG net.serenitybdd.core.photography.Darkroom - Send negative for processing for target\site\serenity\74af2a90e11b4e8cdcc90c8b8f2efe0850d173caaf4338fdd4e69cc971e1b305.png
20:38:55.595 [Darkroom Processing Line] DEBUG net.serenitybdd.core.photography.DarkroomProcessingLine - Processing screenshot image in /var/screenshots/screenshot-13217737274627135724
20:38:55.596 [Darkroom Processing Line] DEBUG net.serenitybdd.core.photography.DarkroomProcessingLine - Saving screenshot to target\site\serenity\74af2a90e11b4e8cdcc90c8b8f2efe0850d173caaf4338fdd4e69cc971e1b305.png
20:38:55.603 [Forwarding findElement on session 58c15ea3961f2295fd8ea0183b68a215 to remote] DEBUG org.asynchttpclient.netty.request.NettyRequestSender - Using pooled Channel '[id: 0x247b894c, L:/127.0.0.1:49963 - R:localhost/127.0.0.1:62913]' for 'POST' to 'http://localhost:62913/session/58c15ea3961f2295fd8ea0183b68a215/element'
20:38:55.604 [Forwarding findElement on session 58c15ea3961f2295fd8ea0183b68a215 to remote] DEBUG org.asynchttpclient.netty.request.NettyRequestSender - Using open Channel [id: 0x247b894c, L:/127.0.0.1:49963 - R:localhost/127.0.0.1:62913] for POST '/session/58c15ea3961f2295fd8ea0183b68a215/element'
20:38:55.617 [AsyncHttpClient-1-5] DEBUG org.asynchttpclient.netty.handler.HttpHandler - 

Request DefaultHttpRequest(decodeResult: success, version: HTTP/1.1)
POST /session/58c15ea3961f2295fd8ea0183b68a215/element HTTP/1.1
User-Agent: selenium/4.1.2 (java windows)
Content-Length: 80
Content-Type: application/json; charset=utf-8
host: localhost:62913
accept: */*

Response DefaultHttpResponse(decodeResult: success, version: HTTP/1.1)
HTTP/1.1 200 OK
Content-Type: application/json; charset=utf-8
cache-control: no-cache
content-length: 88

20:38:55.617 [AsyncHttpClient-1-5] DEBUG org.asynchttpclient.netty.channel.ChannelManager - Adding key: http://localhost:62913 for channel [id: 0x247b894c, L:/127.0.0.1:49963 - R:localhost/127.0.0.1:62913]
20:38:55.620 [Forwarding isElementDisplayed on session 58c15ea3961f2295fd8ea0183b68a215 to remote] DEBUG org.asynchttpclient.netty.request.NettyRequestSender - Using pooled Channel '[id: 0x247b894c, L:/127.0.0.1:49963 - R:localhost/127.0.0.1:62913]' for 'POST' to 'http://localhost:62913/session/58c15ea3961f2295fd8ea0183b68a215/execute/sync'
20:38:55.620 [Forwarding isElementDisplayed on session 58c15ea3961f2295fd8ea0183b68a215 to remote] DEBUG org.asynchttpclient.netty.request.NettyRequestSender - Using open Channel [id: 0x247b894c, L:/127.0.0.1:49963 - R:localhost/127.0.0.1:62913] for POST '/session/58c15ea3961f2295fd8ea0183b68a215/execute/sync'
20:38:55.636 [AsyncHttpClient-1-5] DEBUG org.asynchttpclient.netty.handler.HttpHandler - 

Request DefaultHttpRequest(decodeResult: success, version: HTTP/1.1)
POST /session/58c15ea3961f2295fd8ea0183b68a215/execute/sync HTTP/1.1
User-Agent: selenium/4.1.2 (java windows)
Content-Length: 48780
Content-Type: application/json; charset=utf-8
host: localhost:62913
accept: */*

Response DefaultHttpResponse(decodeResult: success, version: HTTP/1.1)
HTTP/1.1 200 OK
Content-Type: application/json; charset=utf-8
cache-control: no-cache
content-length: 14

20:38:55.636 [AsyncHttpClient-1-5] DEBUG org.asynchttpclient.netty.channel.ChannelManager - Adding key: http://localhost:62913 for channel [id: 0x247b894c, L:/127.0.0.1:49963 - R:localhost/127.0.0.1:62913]
  &amp#27;[32mThen &amp#27;[0m&amp#27;[32mI will go to register page&amp#27;[0m &amp#27;[90m# starter.stepdefinitions.RegisterSteps.i_will_go_to_register_page()&amp#27;[0m
20:38:55.643 [main] INFO  - 
  _____   ___   ___   _____     ___     _     ___   ___   ___   ___  
 |_   _| | __| / __| |_   _|   | _ \   /_\   / __| / __| | __| |   \ 
   | |   | _|  \__ \   | |     |  _/  / _ \  \__ \ \__ \ | _|  | |) |
   |_|   |___| |___/   |_|     |_|   /_/ \_\ |___/ |___/ |___| |___/ 

Open Register Page
----------------------------------------------------------------------
20:38:55.644 [AsyncHttpClient-1-7] DEBUG org.asynchttpclient.netty.handler.WebSocketHandler - Channel Closed: [id: 0x7f6b9c15, L:/127.0.0.1:49972 ! R:localhost/127.0.0.1:49964] with attribute NettyResponseFuture{currentRetry=5,
	isDone=1,
	isCancelled=0,
	asyncHandler=org.asynchttpclient.ws.WebSocketUpgradeHandler@2a1537d7,
	nettyRequest=org.asynchttpclient.netty.request.NettyRequest@13b46c00,
	future=java.util.concurrent.CompletableFuture@5c80ab1c[Completed normally],
	uri=ws://localhost:49964/devtools/browser/750d461b-95f7-4430-8c95-83d1a93fc1c2,
	keepAlive=true,
	redirectCount=0,
	timeoutsHolder=null,
	inAuth=0,
	touch=1667223534141}
20:38:55.644 [AsyncHttpClient-1-7] DEBUG org.asynchttpclient.netty.channel.ChannelManager - Closing Channel [id: 0x7f6b9c15, L:/127.0.0.1:49972 ! R:localhost/127.0.0.1:49964] 
20:38:55.645 [Driver Command Executor] DEBUG org.asynchttpclient.netty.request.NettyRequestSender - Using pooled Channel '[id: 0x247b894c, L:/127.0.0.1:49963 - R:localhost/127.0.0.1:62913]' for 'DELETE' to 'http://localhost:62913/session/58c15ea3961f2295fd8ea0183b68a215'
20:38:55.645 [Driver Command Executor] DEBUG org.asynchttpclient.netty.request.NettyRequestSender - Using open Channel [id: 0x247b894c, L:/127.0.0.1:49963 - R:localhost/127.0.0.1:62913] for DELETE '/session/58c15ea3961f2295fd8ea0183b68a215'
20:38:55.729 [AsyncHttpClient-1-6] DEBUG org.asynchttpclient.netty.handler.HttpHandler - Unexpected I/O exception on channel [id: 0xd5866c5e, L:/127.0.0.1:49971 - R:localhost/127.0.0.1:49964]
java.net.SocketException: Connection reset
	at java.base/sun.nio.ch.SocketChannelImpl.throwConnectionReset(SocketChannelImpl.java:345)
	at java.base/sun.nio.ch.SocketChannelImpl.read(SocketChannelImpl.java:376)
	at io.netty.buffer.PooledByteBuf.setBytes(PooledByteBuf.java:258)
	at io.netty.buffer.AbstractByteBuf.writeBytes(AbstractByteBuf.java:1132)
	at io.netty.channel.socket.nio.NioSocketChannel.doReadBytes(NioSocketChannel.java:350)
	at io.netty.channel.nio.AbstractNioByteChannel$NioByteUnsafe.read(AbstractNioByteChannel.java:151)
	at io.netty.channel.nio.NioEventLoop.processSelectedKey(NioEventLoop.java:722)
	at io.netty.channel.nio.NioEventLoop.processSelectedKeysOptimized(NioEventLoop.java:658)
	at io.netty.channel.nio.NioEventLoop.processSelectedKeys(NioEventLoop.java:584)
	at io.netty.channel.nio.NioEventLoop.run(NioEventLoop.java:496)
	at io.netty.util.concurrent.SingleThreadEventExecutor$4.run(SingleThreadEventExecutor.java:986)
	at io.netty.util.internal.ThreadExecutorMap$2.run(ThreadExecutorMap.java:74)
	at io.netty.util.concurrent.FastThreadLocalRunnable.run(FastThreadLocalRunnable.java:30)
	at java.base/java.lang.Thread.run(Thread.java:830)
20:38:55.729 [AsyncHttpClient-1-6] DEBUG org.asynchttpclient.netty.channel.ChannelManager - Closing Channel [id: 0xd5866c5e, L:/127.0.0.1:49971 - R:localhost/127.0.0.1:49964] 
20:38:55.730 [AsyncHttpClient-1-6] DEBUG org.asynchttpclient.netty.handler.HttpHandler - Channel Closed: [id: 0xd5866c5e, L:/127.0.0.1:49971 ! R:localhost/127.0.0.1:49964] with attribute DISCARD
20:38:55.759 [AsyncHttpClient-1-5] DEBUG org.asynchttpclient.netty.handler.HttpHandler - 

Request DefaultFullHttpRequest(decodeResult: success, version: HTTP/1.1, content: EmptyByteBufBE)
DELETE /session/58c15ea3961f2295fd8ea0183b68a215 HTTP/1.1
User-Agent: selenium/4.1.2 (java windows)
Content-Type: application/json; charset=utf-8
host: localhost:62913
accept: */*

Response DefaultHttpResponse(decodeResult: success, version: HTTP/1.1)
HTTP/1.1 200 OK
Content-Type: application/json; charset=utf-8
cache-control: no-cache
content-length: 14

20:38:55.759 [AsyncHttpClient-1-5] DEBUG org.asynchttpclient.netty.channel.ChannelManager - Adding key: http://localhost:62913 for channel [id: 0x247b894c, L:/127.0.0.1:49963 - R:localhost/127.0.0.1:62913]
20:38:55.827 [AsyncHttpClient-1-5] DEBUG org.asynchttpclient.netty.handler.HttpHandler - Channel Closed: [id: 0x247b894c, L:/127.0.0.1:49963 ! R:localhost/127.0.0.1:62913] with attribute DISCARD
20:38:56.183 [AsyncHttpClient-1-1] DEBUG org.asynchttpclient.netty.channel.DefaultChannelPool - Entry count for : http://localhost:62913 : 1
20:38:56.183 [AsyncHttpClient-1-1] DEBUG org.asynchttpclient.netty.channel.DefaultChannelPool - Entry count for : http://localhost:49964 : 1
20:38:56.183 [AsyncHttpClient-1-1] DEBUG org.asynchttpclient.netty.channel.DefaultChannelPool - Adding Candidate expired Channel [id: 0x247b894c, L:/127.0.0.1:49963 ! R:localhost/127.0.0.1:62913] isIdleTimeoutExpired=false isRemotelyClosed=true isTtlExpired=false
20:38:56.183 [AsyncHttpClient-1-1] DEBUG org.asynchttpclient.netty.channel.DefaultChannelPool - Closing Idle Channel [id: 0x247b894c, L:/127.0.0.1:49963 ! R:localhost/127.0.0.1:62913]
20:38:56.183 [AsyncHttpClient-1-1] DEBUG org.asynchttpclient.netty.channel.DefaultChannelPool - Adding Candidate expired Channel [id: 0xd5866c5e, L:/127.0.0.1:49971 ! R:localhost/127.0.0.1:49964] isIdleTimeoutExpired=false isRemotelyClosed=true isTtlExpired=false
20:38:56.183 [AsyncHttpClient-1-1] DEBUG org.asynchttpclient.netty.channel.DefaultChannelPool - Closing Idle Channel [id: 0xd5866c5e, L:/127.0.0.1:49971 ! R:localhost/127.0.0.1:49964]
20:38:56.183 [AsyncHttpClient-1-1] DEBUG org.asynchttpclient.netty.channel.DefaultChannelPool - Closed 2 connections out of 2 in 0 ms
]]></system-out>
    <system-err><![CDATA[Starting ChromeDriver 106.0.5249.61 (511755355844955cd3e264779baf0dd38212a4d0-refs/branch-heads/5249@{#569}) on port 62913
Only local connections are allowed.
Please see https://chromedriver.chromium.org/security-considerations for suggestions on keeping ChromeDriver safe.
ChromeDriver was started successfully.
[1667223533.815][WARNING]: This version of ChromeDriver has not been tested with Chrome version 107.
Oct 31, 2022 8:38:54 PM org.openqa.selenium.remote.ProtocolHandshake createSession
INFO: Detected dialect: W3C
Oct 31, 2022 8:38:54 PM org.openqa.selenium.devtools.CdpVersionFinder findNearestMatch
WARNING: Unable to find an exact match for CDP version 107, so returning the closest version found: a no-op implementation
Oct 31, 2022 8:38:54 PM org.openqa.selenium.devtools.CdpVersionFinder findNearestMatch
INFO: Unable to find CDP implementation matching 107.
Oct 31, 2022 8:38:54 PM org.openqa.selenium.chromium.ChromiumDriver lambda$new$3
WARNING: Unable to find version of CDP to use for . You may need to include a dependency on a specific version of the CDP using something similar to `org.seleniumhq.selenium:selenium-devtools-v86:4.1.2` where the version ("v86") matches the version of the chromium-based browser you're using and the version number of the artifact is the same as Selenium's.
]]></system-err>
  </testcase>
  <testcase name="Register with new email" classname="Register" time="7.193">
    <system-out><![CDATA[
Scenario: Register with new email    &amp#27;[90m# src/test/resources/features/Register.feature:10&amp#27;[0m
20:38:56.368 [main] INFO io.cucumber.core.plugin.SerenityReporter - Running feature from file:///C:/Users/ASUS/Desktop/stupen/miniproject/Web/ASWeb/src/test/resources/features/Register.feature
20:38:56.371 [main] INFO  - 
  _____   ___   ___   _____     ___   _____     _     ___   _____   ___   ___  
 |_   _| | __| / __| |_   _|   / __| |_   _|   /_\   | _ \ |_   _| | __| |   \ 
   | |   | _|  \__ \   | |     \__ \   | |    / _ \  |   /   | |   | _|  | |) |
   |_|   |___| |___/   |_|     |___/   |_|   /_/ \_\ |_|_\   |_|   |___| |___/ 

Register with new email(register;register-with-new-email)
--------------------------------------------------------------------------------
20:38:56.400 [main] INFO net.serenitybdd.core.webdriver.driverproviders.ChromeDriverProvider - Using automatically driver download
20:38:56.566 [main] DEBUG io.github.bonigarcia.wdm.cache.ResolutionCache - Resolution chrome=107 in cache (valid until 21:37:26 31/10/2022 WIB)
20:38:56.572 [main] DEBUG io.github.bonigarcia.wdm.cache.ResolutionCache - Resolution chrome107=107.0.5304.62 in cache (valid until 19:37:19 01/11/2022 WIB)
20:38:56.574 [main] INFO io.github.bonigarcia.wdm.WebDriverManager - Using chromedriver 107.0.5304.62 (resolved driver for Chrome 107)
20:38:56.592 [main] DEBUG io.github.bonigarcia.wdm.WebDriverManager - Driver chromedriver 107.0.5304.62 found in cache
20:38:56.595 [main] INFO io.github.bonigarcia.wdm.WebDriverManager - Exporting webdriver.chrome.driver as C:\Users\ASUS\.cache\selenium\chromedriver\win32\107.0.5304.62\chromedriver.exe
20:38:56.794 [main] DEBUG net.serenitybdd.core.webdriver.driverproviders.ProvideNewDriver - Instantiating driver
20:38:56.794 [main] DEBUG net.serenitybdd.core.webdriver.driverproviders.ProvideNewDriver - Driver capabilities: Capabilities {acceptInsecureCerts: false, base.url: https://alta-shop.vercel.app/, browserName: chrome, chrome.driver: src/test/resources/webdrive..., driver: chrome, goog:chromeOptions: {args: [], extensions: []}, wait.for.timeout: 10000}
20:38:57.352 [AsyncHttpClient-1-8] DEBUG org.asynchttpclient.netty.channel.NettyConnectListener - Using new Channel '[id: 0x9f027bef, L:/127.0.0.1:49986 - R:localhost/127.0.0.1:55599]' for 'POST' to '/session'
20:38:58.465 [AsyncHttpClient-1-8] DEBUG org.asynchttpclient.netty.handler.HttpHandler - 

Request DefaultHttpRequest(decodeResult: success, version: HTTP/1.1)
POST /session HTTP/1.1
User-Agent: selenium/4.1.2 (java windows)
Content-Length: 646
Content-Type: application/json; charset=utf-8
host: localhost:55599
accept: */*

Response DefaultHttpResponse(decodeResult: success, version: HTTP/1.1)
HTTP/1.1 200 OK
Content-Type: application/json; charset=utf-8
cache-control: no-cache
content-length: 789

20:38:58.465 [AsyncHttpClient-1-8] DEBUG org.asynchttpclient.netty.channel.ChannelManager - Adding key: http://localhost:55599 for channel [id: 0x9f027bef, L:/127.0.0.1:49986 - R:localhost/127.0.0.1:55599]
20:38:58.473 [AsyncHttpClient-1-9] DEBUG org.asynchttpclient.netty.channel.NettyConnectListener - Using new Channel '[id: 0x7042e352, L:/127.0.0.1:49994 - R:localhost/127.0.0.1:49987]' for 'GET' to '/json/version'
20:38:58.473 [AsyncHttpClient-1-9] DEBUG org.asynchttpclient.netty.handler.HttpHandler - 

Request DefaultFullHttpRequest(decodeResult: success, version: HTTP/1.1, content: EmptyByteBufBE)
GET /json/version HTTP/1.1
User-Agent: selenium/4.1.2 (java windows)
host: localhost:49987
accept: */*

Response DefaultHttpResponse(decodeResult: success, version: HTTP/1.1)
HTTP/1.1 200 OK
Content-Type: application/json; charset=UTF-8
content-length: 423

20:38:58.474 [AsyncHttpClient-1-9] DEBUG org.asynchttpclient.netty.channel.ChannelManager - Adding key: http://localhost:49987 for channel [id: 0x7042e352, L:/127.0.0.1:49994 - R:localhost/127.0.0.1:49987]
20:38:58.476 [AsyncHttpClient-1-10] DEBUG org.asynchttpclient.netty.channel.NettyConnectListener - Using new Channel '[id: 0xb79d25fd, L:/127.0.0.1:49995 - R:localhost/127.0.0.1:49987]' for 'GET' to '/devtools/browser/68d3cc4f-8c74-435a-8308-09df8f18e9f7'
20:38:58.479 [AsyncHttpClient-1-10] DEBUG org.asynchttpclient.netty.handler.WebSocketHandler - 

Request DefaultFullHttpRequest(decodeResult: success, version: HTTP/1.1, content: EmptyByteBufBE)
GET /devtools/browser/68d3cc4f-8c74-435a-8308-09df8f18e9f7 HTTP/1.1
upgrade: websocket
connection: upgrade
sec-websocket-key: GTYlom17eWjOyoOes6AJQg==
sec-websocket-version: 13
origin: http://localhost:49987
host: localhost:49987
accept: */*
user-agent: AHC/2.1

Response DefaultHttpResponse(decodeResult: success, version: HTTP/1.1)
HTTP/1.1 101 WebSocket Protocol Handshake
Upgrade: WebSocket
Connection: Upgrade
Sec-WebSocket-Accept: XK0bJHmheIYGKcJXSsl1TFpr6DI=

20:38:58.485 [Forwarding get on session 2f4c84806e4c3538476e21e529408c6f to remote] DEBUG org.asynchttpclient.netty.request.NettyRequestSender - Using pooled Channel '[id: 0x9f027bef, L:/127.0.0.1:49986 - R:localhost/127.0.0.1:55599]' for 'POST' to 'http://localhost:55599/session/2f4c84806e4c3538476e21e529408c6f/url'
20:38:58.485 [Forwarding get on session 2f4c84806e4c3538476e21e529408c6f to remote] DEBUG org.asynchttpclient.netty.request.NettyRequestSender - Using open Channel [id: 0x9f027bef, L:/127.0.0.1:49986 - R:localhost/127.0.0.1:55599] for POST '/session/2f4c84806e4c3538476e21e529408c6f/url'
20:38:59.122 [AsyncHttpClient-1-8] DEBUG org.asynchttpclient.netty.handler.HttpHandler - 

Request DefaultHttpRequest(decodeResult: success, version: HTTP/1.1)
POST /session/2f4c84806e4c3538476e21e529408c6f/url HTTP/1.1
User-Agent: selenium/4.1.2 (java windows)
Content-Length: 77
Content-Type: application/json; charset=utf-8
host: localhost:55599
accept: */*

Response DefaultHttpResponse(decodeResult: success, version: HTTP/1.1)
HTTP/1.1 200 OK
Content-Type: application/json; charset=utf-8
cache-control: no-cache
content-length: 14

20:38:59.122 [AsyncHttpClient-1-8] DEBUG org.asynchttpclient.netty.channel.ChannelManager - Adding key: http://localhost:55599 for channel [id: 0x9f027bef, L:/127.0.0.1:49986 - R:localhost/127.0.0.1:55599]
20:38:59.124 [Forwarding setTimeout on session 2f4c84806e4c3538476e21e529408c6f to remote] DEBUG org.asynchttpclient.netty.request.NettyRequestSender - Using pooled Channel '[id: 0x9f027bef, L:/127.0.0.1:49986 - R:localhost/127.0.0.1:55599]' for 'POST' to 'http://localhost:55599/session/2f4c84806e4c3538476e21e529408c6f/timeouts'
20:38:59.124 [Forwarding setTimeout on session 2f4c84806e4c3538476e21e529408c6f to remote] DEBUG org.asynchttpclient.netty.request.NettyRequestSender - Using open Channel [id: 0x9f027bef, L:/127.0.0.1:49986 - R:localhost/127.0.0.1:55599] for POST '/session/2f4c84806e4c3538476e21e529408c6f/timeouts'
20:38:59.125 [AsyncHttpClient-1-8] DEBUG org.asynchttpclient.netty.handler.HttpHandler - 

Request DefaultHttpRequest(decodeResult: success, version: HTTP/1.1)
POST /session/2f4c84806e4c3538476e21e529408c6f/timeouts HTTP/1.1
User-Agent: selenium/4.1.2 (java windows)
Content-Length: 22
Content-Type: application/json; charset=utf-8
host: localhost:55599
accept: */*

Response DefaultHttpResponse(decodeResult: success, version: HTTP/1.1)
HTTP/1.1 200 OK
Content-Type: application/json; charset=utf-8
cache-control: no-cache
content-length: 14

20:38:59.125 [AsyncHttpClient-1-8] DEBUG org.asynchttpclient.netty.channel.ChannelManager - Adding key: http://localhost:55599 for channel [id: 0x9f027bef, L:/127.0.0.1:49986 - R:localhost/127.0.0.1:55599]
20:38:59.129 [Forwarding getCurrentUrl on session 2f4c84806e4c3538476e21e529408c6f to remote] DEBUG org.asynchttpclient.netty.request.NettyRequestSender - Using pooled Channel '[id: 0x9f027bef, L:/127.0.0.1:49986 - R:localhost/127.0.0.1:55599]' for 'GET' to 'http://localhost:55599/session/2f4c84806e4c3538476e21e529408c6f/url'
20:38:59.129 [Forwarding getCurrentUrl on session 2f4c84806e4c3538476e21e529408c6f to remote] DEBUG org.asynchttpclient.netty.request.NettyRequestSender - Using open Channel [id: 0x9f027bef, L:/127.0.0.1:49986 - R:localhost/127.0.0.1:55599] for GET '/session/2f4c84806e4c3538476e21e529408c6f/url'
20:38:59.135 [AsyncHttpClient-1-8] DEBUG org.asynchttpclient.netty.handler.HttpHandler - 

Request DefaultFullHttpRequest(decodeResult: success, version: HTTP/1.1, content: EmptyByteBufBE)
GET /session/2f4c84806e4c3538476e21e529408c6f/url HTTP/1.1
User-Agent: selenium/4.1.2 (java windows)
Cache-Control: no-cache
Content-Type: application/json; charset=utf-8
host: localhost:55599
accept: */*

Response DefaultHttpResponse(decodeResult: success, version: HTTP/1.1)
HTTP/1.1 200 OK
Content-Type: application/json; charset=utf-8
cache-control: no-cache
content-length: 54

20:38:59.135 [AsyncHttpClient-1-8] DEBUG org.asynchttpclient.netty.channel.ChannelManager - Adding key: http://localhost:55599 for channel [id: 0x9f027bef, L:/127.0.0.1:49986 - R:localhost/127.0.0.1:55599]
  &amp#27;[32mGiven &amp#27;[0m&amp#27;[32mI open register page&amp#27;[0m         &amp#27;[90m# starter.stepdefinitions.RegisterSteps.iOpenRegisterPage()&amp#27;[0m
20:38:59.143 [Forwarding screenshot on session 2f4c84806e4c3538476e21e529408c6f to remote] DEBUG org.asynchttpclient.netty.request.NettyRequestSender - Using pooled Channel '[id: 0x9f027bef, L:/127.0.0.1:49986 - R:localhost/127.0.0.1:55599]' for 'GET' to 'http://localhost:55599/session/2f4c84806e4c3538476e21e529408c6f/screenshot'
20:38:59.143 [Forwarding screenshot on session 2f4c84806e4c3538476e21e529408c6f to remote] DEBUG org.asynchttpclient.netty.request.NettyRequestSender - Using open Channel [id: 0x9f027bef, L:/127.0.0.1:49986 - R:localhost/127.0.0.1:55599] for GET '/session/2f4c84806e4c3538476e21e529408c6f/screenshot'
20:38:59.483 [AsyncHttpClient-1-1] DEBUG org.asynchttpclient.netty.channel.DefaultChannelPool - Entry count for : http://localhost:49987 : 1
20:38:59.686 [AsyncHttpClient-1-8] DEBUG org.asynchttpclient.netty.handler.HttpHandler - 

Request DefaultFullHttpRequest(decodeResult: success, version: HTTP/1.1, content: EmptyByteBufBE)
GET /session/2f4c84806e4c3538476e21e529408c6f/screenshot HTTP/1.1
User-Agent: selenium/4.1.2 (java windows)
Cache-Control: no-cache
Content-Type: application/json; charset=utf-8
host: localhost:55599
accept: */*

Response DefaultHttpResponse(decodeResult: success, version: HTTP/1.1)
HTTP/1.1 200 OK
Content-Type: application/json; charset=utf-8
cache-control: no-cache
content-length: 45380

20:38:59.686 [AsyncHttpClient-1-8] DEBUG org.asynchttpclient.netty.channel.ChannelManager - Adding key: http://localhost:55599 for channel [id: 0x9f027bef, L:/127.0.0.1:49986 - R:localhost/127.0.0.1:55599]
20:38:59.688 [main] DEBUG net.serenitybdd.core.photography.Darkroom - Send negative for processing for target\site\serenity\74af2a90e11b4e8cdcc90c8b8f2efe0850d173caaf4338fdd4e69cc971e1b305.png
20:38:59.694 [Forwarding findElement on session 2f4c84806e4c3538476e21e529408c6f to remote] DEBUG org.asynchttpclient.netty.request.NettyRequestSender - Using pooled Channel '[id: 0x9f027bef, L:/127.0.0.1:49986 - R:localhost/127.0.0.1:55599]' for 'POST' to 'http://localhost:55599/session/2f4c84806e4c3538476e21e529408c6f/element'
20:38:59.694 [Forwarding findElement on session 2f4c84806e4c3538476e21e529408c6f to remote] DEBUG org.asynchttpclient.netty.request.NettyRequestSender - Using open Channel [id: 0x9f027bef, L:/127.0.0.1:49986 - R:localhost/127.0.0.1:55599] for POST '/session/2f4c84806e4c3538476e21e529408c6f/element'
20:38:59.711 [AsyncHttpClient-1-8] DEBUG org.asynchttpclient.netty.handler.HttpHandler - 

Request DefaultHttpRequest(decodeResult: success, version: HTTP/1.1)
POST /session/2f4c84806e4c3538476e21e529408c6f/element HTTP/1.1
User-Agent: selenium/4.1.2 (java windows)
Content-Length: 94
Content-Type: application/json; charset=utf-8
host: localhost:55599
accept: */*

Response DefaultHttpResponse(decodeResult: success, version: HTTP/1.1)
HTTP/1.1 200 OK
Content-Type: application/json; charset=utf-8
cache-control: no-cache
content-length: 88

20:38:59.711 [AsyncHttpClient-1-8] DEBUG org.asynchttpclient.netty.channel.ChannelManager - Adding key: http://localhost:55599 for channel [id: 0x9f027bef, L:/127.0.0.1:49986 - R:localhost/127.0.0.1:55599]
20:38:59.712 [Forwarding clearElement on session 2f4c84806e4c3538476e21e529408c6f to remote] DEBUG org.asynchttpclient.netty.request.NettyRequestSender - Using pooled Channel '[id: 0x9f027bef, L:/127.0.0.1:49986 - R:localhost/127.0.0.1:55599]' for 'POST' to 'http://localhost:55599/session/2f4c84806e4c3538476e21e529408c6f/element/0fef61b6-f65f-46bd-9491-7e04978472d5/clear'
20:38:59.712 [Forwarding clearElement on session 2f4c84806e4c3538476e21e529408c6f to remote] DEBUG org.asynchttpclient.netty.request.NettyRequestSender - Using open Channel [id: 0x9f027bef, L:/127.0.0.1:49986 - R:localhost/127.0.0.1:55599] for POST '/session/2f4c84806e4c3538476e21e529408c6f/element/0fef61b6-f65f-46bd-9491-7e04978472d5/clear'
20:38:59.747 [AsyncHttpClient-1-8] DEBUG org.asynchttpclient.netty.handler.HttpHandler - 

Request DefaultHttpRequest(decodeResult: success, version: HTTP/1.1)
POST /session/2f4c84806e4c3538476e21e529408c6f/element/0fef61b6-f65f-46bd-9491-7e04978472d5/clear HTTP/1.1
User-Agent: selenium/4.1.2 (java windows)
Content-Length: 50
Content-Type: application/json; charset=utf-8
host: localhost:55599
accept: */*

Response DefaultHttpResponse(decodeResult: success, version: HTTP/1.1)
HTTP/1.1 200 OK
Content-Type: application/json; charset=utf-8
cache-control: no-cache
content-length: 14

20:38:59.747 [AsyncHttpClient-1-8] DEBUG org.asynchttpclient.netty.channel.ChannelManager - Adding key: http://localhost:55599 for channel [id: 0x9f027bef, L:/127.0.0.1:49986 - R:localhost/127.0.0.1:55599]
20:38:59.748 [Forwarding sendKeysToElement on session 2f4c84806e4c3538476e21e529408c6f to remote] DEBUG org.asynchttpclient.netty.request.NettyRequestSender - Using pooled Channel '[id: 0x9f027bef, L:/127.0.0.1:49986 - R:localhost/127.0.0.1:55599]' for 'POST' to 'http://localhost:55599/session/2f4c84806e4c3538476e21e529408c6f/element/0fef61b6-f65f-46bd-9491-7e04978472d5/value'
20:38:59.748 [Forwarding sendKeysToElement on session 2f4c84806e4c3538476e21e529408c6f to remote] DEBUG org.asynchttpclient.netty.request.NettyRequestSender - Using open Channel [id: 0x9f027bef, L:/127.0.0.1:49986 - R:localhost/127.0.0.1:55599] for POST '/session/2f4c84806e4c3538476e21e529408c6f/element/0fef61b6-f65f-46bd-9491-7e04978472d5/value'
20:38:59.828 [AsyncHttpClient-1-8] DEBUG org.asynchttpclient.netty.handler.HttpHandler - 

Request DefaultHttpRequest(decodeResult: success, version: HTTP/1.1)
POST /session/2f4c84806e4c3538476e21e529408c6f/element/0fef61b6-f65f-46bd-9491-7e04978472d5/value HTTP/1.1
User-Agent: selenium/4.1.2 (java windows)
Content-Length: 121
Content-Type: application/json; charset=utf-8
host: localhost:55599
accept: */*

Response DefaultHttpResponse(decodeResult: success, version: HTTP/1.1)
HTTP/1.1 200 OK
Content-Type: application/json; charset=utf-8
cache-control: no-cache
content-length: 14

20:38:59.829 [AsyncHttpClient-1-8] DEBUG org.asynchttpclient.netty.channel.ChannelManager - Adding key: http://localhost:55599 for channel [id: 0x9f027bef, L:/127.0.0.1:49986 - R:localhost/127.0.0.1:55599]
  &amp#27;[32mWhen &amp#27;[0m&amp#27;[32mI input full name&amp#27;[0m             &amp#27;[90m# starter.stepdefinitions.RegisterSteps.iInputFullName()&amp#27;[0m
20:38:59.835 [Forwarding screenshot on session 2f4c84806e4c3538476e21e529408c6f to remote] DEBUG org.asynchttpclient.netty.request.NettyRequestSender - Using pooled Channel '[id: 0x9f027bef, L:/127.0.0.1:49986 - R:localhost/127.0.0.1:55599]' for 'GET' to 'http://localhost:55599/session/2f4c84806e4c3538476e21e529408c6f/screenshot'
20:38:59.835 [Forwarding screenshot on session 2f4c84806e4c3538476e21e529408c6f to remote] DEBUG org.asynchttpclient.netty.request.NettyRequestSender - Using open Channel [id: 0x9f027bef, L:/127.0.0.1:49986 - R:localhost/127.0.0.1:55599] for GET '/session/2f4c84806e4c3538476e21e529408c6f/screenshot'
20:39:00.065 [AsyncHttpClient-1-8] DEBUG org.asynchttpclient.netty.handler.HttpHandler - 

Request DefaultFullHttpRequest(decodeResult: success, version: HTTP/1.1, content: EmptyByteBufBE)
GET /session/2f4c84806e4c3538476e21e529408c6f/screenshot HTTP/1.1
User-Agent: selenium/4.1.2 (java windows)
Cache-Control: no-cache
Content-Type: application/json; charset=utf-8
host: localhost:55599
accept: */*

Response DefaultHttpResponse(decodeResult: success, version: HTTP/1.1)
HTTP/1.1 200 OK
Content-Type: application/json; charset=utf-8
cache-control: no-cache
content-length: 47004

20:39:00.065 [AsyncHttpClient-1-8] DEBUG org.asynchttpclient.netty.channel.ChannelManager - Adding key: http://localhost:55599 for channel [id: 0x9f027bef, L:/127.0.0.1:49986 - R:localhost/127.0.0.1:55599]
20:39:00.067 [main] DEBUG net.serenitybdd.core.photography.Darkroom - Send negative for processing for target\site\serenity\d6ed22207b41692d34db8bfe56d0fed552be83845f98694e8bc724a2a6ae9db7.png
20:39:00.067 [Darkroom Processing Line] DEBUG net.serenitybdd.core.photography.DarkroomProcessingLine - Processing screenshot image in /var/screenshots/screenshot-5141978139155272604
20:39:00.067 [Darkroom Processing Line] DEBUG net.serenitybdd.core.photography.DarkroomProcessingLine - Saving screenshot to target\site\serenity\d6ed22207b41692d34db8bfe56d0fed552be83845f98694e8bc724a2a6ae9db7.png
20:39:00.082 [Forwarding findElement on session 2f4c84806e4c3538476e21e529408c6f to remote] DEBUG org.asynchttpclient.netty.request.NettyRequestSender - Using pooled Channel '[id: 0x9f027bef, L:/127.0.0.1:49986 - R:localhost/127.0.0.1:55599]' for 'POST' to 'http://localhost:55599/session/2f4c84806e4c3538476e21e529408c6f/element'
20:39:00.082 [Forwarding findElement on session 2f4c84806e4c3538476e21e529408c6f to remote] DEBUG org.asynchttpclient.netty.request.NettyRequestSender - Using open Channel [id: 0x9f027bef, L:/127.0.0.1:49986 - R:localhost/127.0.0.1:55599] for POST '/session/2f4c84806e4c3538476e21e529408c6f/element'
20:39:00.115 [AsyncHttpClient-1-8] DEBUG org.asynchttpclient.netty.handler.HttpHandler - 

Request DefaultHttpRequest(decodeResult: success, version: HTTP/1.1)
POST /session/2f4c84806e4c3538476e21e529408c6f/element HTTP/1.1
User-Agent: selenium/4.1.2 (java windows)
Content-Length: 87
Content-Type: application/json; charset=utf-8
host: localhost:55599
accept: */*

Response DefaultHttpResponse(decodeResult: success, version: HTTP/1.1)
HTTP/1.1 200 OK
Content-Type: application/json; charset=utf-8
cache-control: no-cache
content-length: 88

20:39:00.116 [AsyncHttpClient-1-8] DEBUG org.asynchttpclient.netty.channel.ChannelManager - Adding key: http://localhost:55599 for channel [id: 0x9f027bef, L:/127.0.0.1:49986 - R:localhost/127.0.0.1:55599]
20:39:00.121 [Forwarding clearElement on session 2f4c84806e4c3538476e21e529408c6f to remote] DEBUG org.asynchttpclient.netty.request.NettyRequestSender - Using pooled Channel '[id: 0x9f027bef, L:/127.0.0.1:49986 - R:localhost/127.0.0.1:55599]' for 'POST' to 'http://localhost:55599/session/2f4c84806e4c3538476e21e529408c6f/element/dc1051f3-df10-4e0b-9284-b0d6e4ecfa97/clear'
20:39:00.121 [Forwarding clearElement on session 2f4c84806e4c3538476e21e529408c6f to remote] DEBUG org.asynchttpclient.netty.request.NettyRequestSender - Using open Channel [id: 0x9f027bef, L:/127.0.0.1:49986 - R:localhost/127.0.0.1:55599] for POST '/session/2f4c84806e4c3538476e21e529408c6f/element/dc1051f3-df10-4e0b-9284-b0d6e4ecfa97/clear'
20:39:00.175 [AsyncHttpClient-1-8] DEBUG org.asynchttpclient.netty.handler.HttpHandler - 

Request DefaultHttpRequest(decodeResult: success, version: HTTP/1.1)
POST /session/2f4c84806e4c3538476e21e529408c6f/element/dc1051f3-df10-4e0b-9284-b0d6e4ecfa97/clear HTTP/1.1
User-Agent: selenium/4.1.2 (java windows)
Content-Length: 50
Content-Type: application/json; charset=utf-8
host: localhost:55599
accept: */*

Response DefaultHttpResponse(decodeResult: success, version: HTTP/1.1)
HTTP/1.1 200 OK
Content-Type: application/json; charset=utf-8
cache-control: no-cache
content-length: 14

20:39:00.175 [AsyncHttpClient-1-8] DEBUG org.asynchttpclient.netty.channel.ChannelManager - Adding key: http://localhost:55599 for channel [id: 0x9f027bef, L:/127.0.0.1:49986 - R:localhost/127.0.0.1:55599]
20:39:00.178 [Forwarding sendKeysToElement on session 2f4c84806e4c3538476e21e529408c6f to remote] DEBUG org.asynchttpclient.netty.request.NettyRequestSender - Using pooled Channel '[id: 0x9f027bef, L:/127.0.0.1:49986 - R:localhost/127.0.0.1:55599]' for 'POST' to 'http://localhost:55599/session/2f4c84806e4c3538476e21e529408c6f/element/dc1051f3-df10-4e0b-9284-b0d6e4ecfa97/value'
20:39:00.178 [Forwarding sendKeysToElement on session 2f4c84806e4c3538476e21e529408c6f to remote] DEBUG org.asynchttpclient.netty.request.NettyRequestSender - Using open Channel [id: 0x9f027bef, L:/127.0.0.1:49986 - R:localhost/127.0.0.1:55599] for POST '/session/2f4c84806e4c3538476e21e529408c6f/element/dc1051f3-df10-4e0b-9284-b0d6e4ecfa97/value'
20:39:00.391 [AsyncHttpClient-1-8] DEBUG org.asynchttpclient.netty.handler.HttpHandler - 

Request DefaultHttpRequest(decodeResult: success, version: HTTP/1.1)
POST /session/2f4c84806e4c3538476e21e529408c6f/element/dc1051f3-df10-4e0b-9284-b0d6e4ecfa97/value HTTP/1.1
User-Agent: selenium/4.1.2 (java windows)
Content-Length: 321
Content-Type: application/json; charset=utf-8
host: localhost:55599
accept: */*

Response DefaultHttpResponse(decodeResult: success, version: HTTP/1.1)
HTTP/1.1 200 OK
Content-Type: application/json; charset=utf-8
cache-control: no-cache
content-length: 14

20:39:00.391 [AsyncHttpClient-1-8] DEBUG org.asynchttpclient.netty.channel.ChannelManager - Adding key: http://localhost:55599 for channel [id: 0x9f027bef, L:/127.0.0.1:49986 - R:localhost/127.0.0.1:55599]
  &amp#27;[32mAnd &amp#27;[0m&amp#27;[32mI input new email&amp#27;[0m              &amp#27;[90m# starter.stepdefinitions.RegisterSteps.iInputNewEmail()&amp#27;[0m
20:39:00.403 [Forwarding screenshot on session 2f4c84806e4c3538476e21e529408c6f to remote] DEBUG org.asynchttpclient.netty.request.NettyRequestSender - Using pooled Channel '[id: 0x9f027bef, L:/127.0.0.1:49986 - R:localhost/127.0.0.1:55599]' for 'GET' to 'http://localhost:55599/session/2f4c84806e4c3538476e21e529408c6f/screenshot'
20:39:00.403 [Forwarding screenshot on session 2f4c84806e4c3538476e21e529408c6f to remote] DEBUG org.asynchttpclient.netty.request.NettyRequestSender - Using open Channel [id: 0x9f027bef, L:/127.0.0.1:49986 - R:localhost/127.0.0.1:55599] for GET '/session/2f4c84806e4c3538476e21e529408c6f/screenshot'
20:39:00.584 [AsyncHttpClient-1-1] DEBUG org.asynchttpclient.netty.channel.DefaultChannelPool - Entry count for : http://localhost:49987 : 1
20:39:00.650 [AsyncHttpClient-1-8] DEBUG org.asynchttpclient.netty.handler.HttpHandler - 

Request DefaultFullHttpRequest(decodeResult: success, version: HTTP/1.1, content: EmptyByteBufBE)
GET /session/2f4c84806e4c3538476e21e529408c6f/screenshot HTTP/1.1
User-Agent: selenium/4.1.2 (java windows)
Cache-Control: no-cache
Content-Type: application/json; charset=utf-8
host: localhost:55599
accept: */*

Response DefaultHttpResponse(decodeResult: success, version: HTTP/1.1)
HTTP/1.1 200 OK
Content-Type: application/json; charset=utf-8
cache-control: no-cache
content-length: 56424

20:39:00.650 [AsyncHttpClient-1-8] DEBUG org.asynchttpclient.netty.channel.ChannelManager - Adding key: http://localhost:55599 for channel [id: 0x9f027bef, L:/127.0.0.1:49986 - R:localhost/127.0.0.1:55599]
20:39:00.653 [main] DEBUG net.serenitybdd.core.photography.Darkroom - Send negative for processing for target\site\serenity\b96b641259e495ec97dbaa495373435a8965cc0b705c52ba3f42fad3540c6afa.png
20:39:00.653 [Darkroom Processing Line] DEBUG net.serenitybdd.core.photography.DarkroomProcessingLine - Processing screenshot image in /var/screenshots/screenshot-2225927546907789189
20:39:00.653 [Darkroom Processing Line] DEBUG net.serenitybdd.core.photography.DarkroomProcessingLine - Saving screenshot to target\site\serenity\b96b641259e495ec97dbaa495373435a8965cc0b705c52ba3f42fad3540c6afa.png
20:39:00.665 [Forwarding findElement on session 2f4c84806e4c3538476e21e529408c6f to remote] DEBUG org.asynchttpclient.netty.request.NettyRequestSender - Using pooled Channel '[id: 0x9f027bef, L:/127.0.0.1:49986 - R:localhost/127.0.0.1:55599]' for 'POST' to 'http://localhost:55599/session/2f4c84806e4c3538476e21e529408c6f/element'
20:39:00.665 [Forwarding findElement on session 2f4c84806e4c3538476e21e529408c6f to remote] DEBUG org.asynchttpclient.netty.request.NettyRequestSender - Using open Channel [id: 0x9f027bef, L:/127.0.0.1:49986 - R:localhost/127.0.0.1:55599] for POST '/session/2f4c84806e4c3538476e21e529408c6f/element'
20:39:00.682 [AsyncHttpClient-1-8] DEBUG org.asynchttpclient.netty.handler.HttpHandler - 

Request DefaultHttpRequest(decodeResult: success, version: HTTP/1.1)
POST /session/2f4c84806e4c3538476e21e529408c6f/element HTTP/1.1
User-Agent: selenium/4.1.2 (java windows)
Content-Length: 90
Content-Type: application/json; charset=utf-8
host: localhost:55599
accept: */*

Response DefaultHttpResponse(decodeResult: success, version: HTTP/1.1)
HTTP/1.1 200 OK
Content-Type: application/json; charset=utf-8
cache-control: no-cache
content-length: 88

20:39:00.682 [AsyncHttpClient-1-8] DEBUG org.asynchttpclient.netty.channel.ChannelManager - Adding key: http://localhost:55599 for channel [id: 0x9f027bef, L:/127.0.0.1:49986 - R:localhost/127.0.0.1:55599]
20:39:00.683 [Forwarding clearElement on session 2f4c84806e4c3538476e21e529408c6f to remote] DEBUG org.asynchttpclient.netty.request.NettyRequestSender - Using pooled Channel '[id: 0x9f027bef, L:/127.0.0.1:49986 - R:localhost/127.0.0.1:55599]' for 'POST' to 'http://localhost:55599/session/2f4c84806e4c3538476e21e529408c6f/element/7a6f0ecc-c863-432e-9bef-1d8b315d3c1c/clear'
20:39:00.683 [Forwarding clearElement on session 2f4c84806e4c3538476e21e529408c6f to remote] DEBUG org.asynchttpclient.netty.request.NettyRequestSender - Using open Channel [id: 0x9f027bef, L:/127.0.0.1:49986 - R:localhost/127.0.0.1:55599] for POST '/session/2f4c84806e4c3538476e21e529408c6f/element/7a6f0ecc-c863-432e-9bef-1d8b315d3c1c/clear'
20:39:00.743 [AsyncHttpClient-1-8] DEBUG org.asynchttpclient.netty.handler.HttpHandler - 

Request DefaultHttpRequest(decodeResult: success, version: HTTP/1.1)
POST /session/2f4c84806e4c3538476e21e529408c6f/element/7a6f0ecc-c863-432e-9bef-1d8b315d3c1c/clear HTTP/1.1
User-Agent: selenium/4.1.2 (java windows)
Content-Length: 50
Content-Type: application/json; charset=utf-8
host: localhost:55599
accept: */*

Response DefaultHttpResponse(decodeResult: success, version: HTTP/1.1)
HTTP/1.1 200 OK
Content-Type: application/json; charset=utf-8
cache-control: no-cache
content-length: 14

20:39:00.743 [AsyncHttpClient-1-8] DEBUG org.asynchttpclient.netty.channel.ChannelManager - Adding key: http://localhost:55599 for channel [id: 0x9f027bef, L:/127.0.0.1:49986 - R:localhost/127.0.0.1:55599]
20:39:00.747 [Forwarding sendKeysToElement on session 2f4c84806e4c3538476e21e529408c6f to remote] DEBUG org.asynchttpclient.netty.request.NettyRequestSender - Using pooled Channel '[id: 0x9f027bef, L:/127.0.0.1:49986 - R:localhost/127.0.0.1:55599]' for 'POST' to 'http://localhost:55599/session/2f4c84806e4c3538476e21e529408c6f/element/7a6f0ecc-c863-432e-9bef-1d8b315d3c1c/value'
20:39:00.747 [Forwarding sendKeysToElement on session 2f4c84806e4c3538476e21e529408c6f to remote] DEBUG org.asynchttpclient.netty.request.NettyRequestSender - Using open Channel [id: 0x9f027bef, L:/127.0.0.1:49986 - R:localhost/127.0.0.1:55599] for POST '/session/2f4c84806e4c3538476e21e529408c6f/element/7a6f0ecc-c863-432e-9bef-1d8b315d3c1c/value'
20:39:00.842 [AsyncHttpClient-1-8] DEBUG org.asynchttpclient.netty.handler.HttpHandler - 

Request DefaultHttpRequest(decodeResult: success, version: HTTP/1.1)
POST /session/2f4c84806e4c3538476e21e529408c6f/element/7a6f0ecc-c863-432e-9bef-1d8b315d3c1c/value HTTP/1.1
User-Agent: selenium/4.1.2 (java windows)
Content-Length: 141
Content-Type: application/json; charset=utf-8
host: localhost:55599
accept: */*

Response DefaultHttpResponse(decodeResult: success, version: HTTP/1.1)
HTTP/1.1 200 OK
Content-Type: application/json; charset=utf-8
cache-control: no-cache
content-length: 14

20:39:00.842 [AsyncHttpClient-1-8] DEBUG org.asynchttpclient.netty.channel.ChannelManager - Adding key: http://localhost:55599 for channel [id: 0x9f027bef, L:/127.0.0.1:49986 - R:localhost/127.0.0.1:55599]
  &amp#27;[32mAnd &amp#27;[0m&amp#27;[32mI input password&amp#27;[0m               &amp#27;[90m# starter.stepdefinitions.RegisterSteps.iInputPassword()&amp#27;[0m
20:39:00.853 [Forwarding screenshot on session 2f4c84806e4c3538476e21e529408c6f to remote] DEBUG org.asynchttpclient.netty.request.NettyRequestSender - Using pooled Channel '[id: 0x9f027bef, L:/127.0.0.1:49986 - R:localhost/127.0.0.1:55599]' for 'GET' to 'http://localhost:55599/session/2f4c84806e4c3538476e21e529408c6f/screenshot'
20:39:00.853 [Forwarding screenshot on session 2f4c84806e4c3538476e21e529408c6f to remote] DEBUG org.asynchttpclient.netty.request.NettyRequestSender - Using open Channel [id: 0x9f027bef, L:/127.0.0.1:49986 - R:localhost/127.0.0.1:55599] for GET '/session/2f4c84806e4c3538476e21e529408c6f/screenshot'
20:39:01.110 [AsyncHttpClient-1-8] DEBUG org.asynchttpclient.netty.handler.HttpHandler - 

Request DefaultFullHttpRequest(decodeResult: success, version: HTTP/1.1, content: EmptyByteBufBE)
GET /session/2f4c84806e4c3538476e21e529408c6f/screenshot HTTP/1.1
User-Agent: selenium/4.1.2 (java windows)
Cache-Control: no-cache
Content-Type: application/json; charset=utf-8
host: localhost:55599
accept: */*

Response DefaultHttpResponse(decodeResult: success, version: HTTP/1.1)
HTTP/1.1 200 OK
Content-Type: application/json; charset=utf-8
cache-control: no-cache
content-length: 57244

20:39:01.111 [AsyncHttpClient-1-8] DEBUG org.asynchttpclient.netty.channel.ChannelManager - Adding key: http://localhost:55599 for channel [id: 0x9f027bef, L:/127.0.0.1:49986 - R:localhost/127.0.0.1:55599]
20:39:01.117 [main] DEBUG net.serenitybdd.core.photography.Darkroom - Send negative for processing for target\site\serenity\8becdbd77b9f7171ed71141af5c427d317405050e16b21206dafecc282c13acb.png
20:39:01.118 [Darkroom Processing Line] DEBUG net.serenitybdd.core.photography.DarkroomProcessingLine - Processing screenshot image in /var/screenshots/screenshot-4328717986184335416
20:39:01.119 [Darkroom Processing Line] DEBUG net.serenitybdd.core.photography.DarkroomProcessingLine - Saving screenshot to target\site\serenity\8becdbd77b9f7171ed71141af5c427d317405050e16b21206dafecc282c13acb.png
20:39:01.131 [Forwarding findElement on session 2f4c84806e4c3538476e21e529408c6f to remote] DEBUG org.asynchttpclient.netty.request.NettyRequestSender - Using pooled Channel '[id: 0x9f027bef, L:/127.0.0.1:49986 - R:localhost/127.0.0.1:55599]' for 'POST' to 'http://localhost:55599/session/2f4c84806e4c3538476e21e529408c6f/element'
20:39:01.131 [Forwarding findElement on session 2f4c84806e4c3538476e21e529408c6f to remote] DEBUG org.asynchttpclient.netty.request.NettyRequestSender - Using open Channel [id: 0x9f027bef, L:/127.0.0.1:49986 - R:localhost/127.0.0.1:55599] for POST '/session/2f4c84806e4c3538476e21e529408c6f/element'
20:39:01.153 [AsyncHttpClient-1-8] DEBUG org.asynchttpclient.netty.handler.HttpHandler - 

Request DefaultHttpRequest(decodeResult: success, version: HTTP/1.1)
POST /session/2f4c84806e4c3538476e21e529408c6f/element HTTP/1.1
User-Agent: selenium/4.1.2 (java windows)
Content-Length: 84
Content-Type: application/json; charset=utf-8
host: localhost:55599
accept: */*

Response DefaultHttpResponse(decodeResult: success, version: HTTP/1.1)
HTTP/1.1 200 OK
Content-Type: application/json; charset=utf-8
cache-control: no-cache
content-length: 88

20:39:01.153 [AsyncHttpClient-1-8] DEBUG org.asynchttpclient.netty.channel.ChannelManager - Adding key: http://localhost:55599 for channel [id: 0x9f027bef, L:/127.0.0.1:49986 - R:localhost/127.0.0.1:55599]
20:39:01.155 [Forwarding getElementTagName on session 2f4c84806e4c3538476e21e529408c6f to remote] DEBUG org.asynchttpclient.netty.request.NettyRequestSender - Using pooled Channel '[id: 0x9f027bef, L:/127.0.0.1:49986 - R:localhost/127.0.0.1:55599]' for 'GET' to 'http://localhost:55599/session/2f4c84806e4c3538476e21e529408c6f/element/6b1f823a-57a5-465d-b313-c44c158bfee4/name'
20:39:01.155 [Forwarding getElementTagName on session 2f4c84806e4c3538476e21e529408c6f to remote] DEBUG org.asynchttpclient.netty.request.NettyRequestSender - Using open Channel [id: 0x9f027bef, L:/127.0.0.1:49986 - R:localhost/127.0.0.1:55599] for GET '/session/2f4c84806e4c3538476e21e529408c6f/element/6b1f823a-57a5-465d-b313-c44c158bfee4/name'
20:39:01.163 [AsyncHttpClient-1-8] DEBUG org.asynchttpclient.netty.handler.HttpHandler - 

Request DefaultFullHttpRequest(decodeResult: success, version: HTTP/1.1, content: EmptyByteBufBE)
GET /session/2f4c84806e4c3538476e21e529408c6f/element/6b1f823a-57a5-465d-b313-c44c158bfee4/name HTTP/1.1
User-Agent: selenium/4.1.2 (java windows)
Cache-Control: no-cache
Content-Type: application/json; charset=utf-8
host: localhost:55599
accept: */*

Response DefaultHttpResponse(decodeResult: success, version: HTTP/1.1)
HTTP/1.1 200 OK
Content-Type: application/json; charset=utf-8
cache-control: no-cache
content-length: 16

20:39:01.164 [AsyncHttpClient-1-8] DEBUG org.asynchttpclient.netty.channel.ChannelManager - Adding key: http://localhost:55599 for channel [id: 0x9f027bef, L:/127.0.0.1:49986 - R:localhost/127.0.0.1:55599]
20:39:01.166 [Forwarding getElementTagName on session 2f4c84806e4c3538476e21e529408c6f to remote] DEBUG org.asynchttpclient.netty.request.NettyRequestSender - Using pooled Channel '[id: 0x9f027bef, L:/127.0.0.1:49986 - R:localhost/127.0.0.1:55599]' for 'GET' to 'http://localhost:55599/session/2f4c84806e4c3538476e21e529408c6f/element/6b1f823a-57a5-465d-b313-c44c158bfee4/name'
20:39:01.166 [Forwarding getElementTagName on session 2f4c84806e4c3538476e21e529408c6f to remote] DEBUG org.asynchttpclient.netty.request.NettyRequestSender - Using open Channel [id: 0x9f027bef, L:/127.0.0.1:49986 - R:localhost/127.0.0.1:55599] for GET '/session/2f4c84806e4c3538476e21e529408c6f/element/6b1f823a-57a5-465d-b313-c44c158bfee4/name'
20:39:01.170 [AsyncHttpClient-1-8] DEBUG org.asynchttpclient.netty.handler.HttpHandler - 

Request DefaultFullHttpRequest(decodeResult: success, version: HTTP/1.1, content: EmptyByteBufBE)
GET /session/2f4c84806e4c3538476e21e529408c6f/element/6b1f823a-57a5-465d-b313-c44c158bfee4/name HTTP/1.1
User-Agent: selenium/4.1.2 (java windows)
Cache-Control: no-cache
Content-Type: application/json; charset=utf-8
host: localhost:55599
accept: */*

Response DefaultHttpResponse(decodeResult: success, version: HTTP/1.1)
HTTP/1.1 200 OK
Content-Type: application/json; charset=utf-8
cache-control: no-cache
content-length: 16

20:39:01.170 [AsyncHttpClient-1-8] DEBUG org.asynchttpclient.netty.channel.ChannelManager - Adding key: http://localhost:55599 for channel [id: 0x9f027bef, L:/127.0.0.1:49986 - R:localhost/127.0.0.1:55599]
20:39:01.173 [Forwarding findElement on session 2f4c84806e4c3538476e21e529408c6f to remote] DEBUG org.asynchttpclient.netty.request.NettyRequestSender - Using pooled Channel '[id: 0x9f027bef, L:/127.0.0.1:49986 - R:localhost/127.0.0.1:55599]' for 'POST' to 'http://localhost:55599/session/2f4c84806e4c3538476e21e529408c6f/element'
20:39:01.173 [Forwarding findElement on session 2f4c84806e4c3538476e21e529408c6f to remote] DEBUG org.asynchttpclient.netty.request.NettyRequestSender - Using open Channel [id: 0x9f027bef, L:/127.0.0.1:49986 - R:localhost/127.0.0.1:55599] for POST '/session/2f4c84806e4c3538476e21e529408c6f/element'
20:39:01.184 [AsyncHttpClient-1-8] DEBUG org.asynchttpclient.netty.handler.HttpHandler - 

Request DefaultHttpRequest(decodeResult: success, version: HTTP/1.1)
POST /session/2f4c84806e4c3538476e21e529408c6f/element HTTP/1.1
User-Agent: selenium/4.1.2 (java windows)
Content-Length: 84
Content-Type: application/json; charset=utf-8
host: localhost:55599
accept: */*

Response DefaultHttpResponse(decodeResult: success, version: HTTP/1.1)
HTTP/1.1 200 OK
Content-Type: application/json; charset=utf-8
cache-control: no-cache
content-length: 88

20:39:01.184 [AsyncHttpClient-1-8] DEBUG org.asynchttpclient.netty.channel.ChannelManager - Adding key: http://localhost:55599 for channel [id: 0x9f027bef, L:/127.0.0.1:49986 - R:localhost/127.0.0.1:55599]
20:39:01.186 [Forwarding clickElement on session 2f4c84806e4c3538476e21e529408c6f to remote] DEBUG org.asynchttpclient.netty.request.NettyRequestSender - Using pooled Channel '[id: 0x9f027bef, L:/127.0.0.1:49986 - R:localhost/127.0.0.1:55599]' for 'POST' to 'http://localhost:55599/session/2f4c84806e4c3538476e21e529408c6f/element/6b1f823a-57a5-465d-b313-c44c158bfee4/click'
20:39:01.186 [Forwarding clickElement on session 2f4c84806e4c3538476e21e529408c6f to remote] DEBUG org.asynchttpclient.netty.request.NettyRequestSender - Using open Channel [id: 0x9f027bef, L:/127.0.0.1:49986 - R:localhost/127.0.0.1:55599] for POST '/session/2f4c84806e4c3538476e21e529408c6f/element/6b1f823a-57a5-465d-b313-c44c158bfee4/click'
20:39:01.258 [AsyncHttpClient-1-8] DEBUG org.asynchttpclient.netty.handler.HttpHandler - 

Request DefaultHttpRequest(decodeResult: success, version: HTTP/1.1)
POST /session/2f4c84806e4c3538476e21e529408c6f/element/6b1f823a-57a5-465d-b313-c44c158bfee4/click HTTP/1.1
User-Agent: selenium/4.1.2 (java windows)
Content-Length: 50
Content-Type: application/json; charset=utf-8
host: localhost:55599
accept: */*

Response DefaultHttpResponse(decodeResult: success, version: HTTP/1.1)
HTTP/1.1 200 OK
Content-Type: application/json; charset=utf-8
cache-control: no-cache
content-length: 14

20:39:01.258 [AsyncHttpClient-1-8] DEBUG org.asynchttpclient.netty.channel.ChannelManager - Adding key: http://localhost:55599 for channel [id: 0x9f027bef, L:/127.0.0.1:49986 - R:localhost/127.0.0.1:55599]
  &amp#27;[32mAnd &amp#27;[0m&amp#27;[32mI click register&amp#27;[0m               &amp#27;[90m# starter.stepdefinitions.RegisterSteps.iClickRegister()&amp#27;[0m
20:39:01.270 [Forwarding screenshot on session 2f4c84806e4c3538476e21e529408c6f to remote] DEBUG org.asynchttpclient.netty.request.NettyRequestSender - Using pooled Channel '[id: 0x9f027bef, L:/127.0.0.1:49986 - R:localhost/127.0.0.1:55599]' for 'GET' to 'http://localhost:55599/session/2f4c84806e4c3538476e21e529408c6f/screenshot'
20:39:01.270 [Forwarding screenshot on session 2f4c84806e4c3538476e21e529408c6f to remote] DEBUG org.asynchttpclient.netty.request.NettyRequestSender - Using open Channel [id: 0x9f027bef, L:/127.0.0.1:49986 - R:localhost/127.0.0.1:55599] for GET '/session/2f4c84806e4c3538476e21e529408c6f/screenshot'
20:39:01.684 [AsyncHttpClient-1-1] DEBUG org.asynchttpclient.netty.channel.DefaultChannelPool - Entry count for : http://localhost:49987 : 1
20:39:01.732 [AsyncHttpClient-1-8] DEBUG org.asynchttpclient.netty.handler.HttpHandler - 

Request DefaultFullHttpRequest(decodeResult: success, version: HTTP/1.1, content: EmptyByteBufBE)
GET /session/2f4c84806e4c3538476e21e529408c6f/screenshot HTTP/1.1
User-Agent: selenium/4.1.2 (java windows)
Cache-Control: no-cache
Content-Type: application/json; charset=utf-8
host: localhost:55599
accept: */*

Response DefaultHttpResponse(decodeResult: success, version: HTTP/1.1)
HTTP/1.1 200 OK
Content-Type: application/json; charset=utf-8
cache-control: no-cache
content-length: 56240

20:39:01.732 [AsyncHttpClient-1-8] DEBUG org.asynchttpclient.netty.channel.ChannelManager - Adding key: http://localhost:55599 for channel [id: 0x9f027bef, L:/127.0.0.1:49986 - R:localhost/127.0.0.1:55599]
20:39:01.736 [main] DEBUG net.serenitybdd.core.photography.Darkroom - Send negative for processing for target\site\serenity\bec74f85c2a859ac63384c08818c5a2d90da762efa39648f054b47ab99b1c447.png
20:39:01.737 [Darkroom Processing Line] DEBUG net.serenitybdd.core.photography.DarkroomProcessingLine - Processing screenshot image in /var/screenshots/screenshot-14951532080232781209
20:39:01.737 [Darkroom Processing Line] DEBUG net.serenitybdd.core.photography.DarkroomProcessingLine - Saving screenshot to target\site\serenity\bec74f85c2a859ac63384c08818c5a2d90da762efa39648f054b47ab99b1c447.png
20:39:01.755 [Forwarding findElement on session 2f4c84806e4c3538476e21e529408c6f to remote] DEBUG org.asynchttpclient.netty.request.NettyRequestSender - Using pooled Channel '[id: 0x9f027bef, L:/127.0.0.1:49986 - R:localhost/127.0.0.1:55599]' for 'POST' to 'http://localhost:55599/session/2f4c84806e4c3538476e21e529408c6f/element'
20:39:01.755 [Forwarding findElement on session 2f4c84806e4c3538476e21e529408c6f to remote] DEBUG org.asynchttpclient.netty.request.NettyRequestSender - Using open Channel [id: 0x9f027bef, L:/127.0.0.1:49986 - R:localhost/127.0.0.1:55599] for POST '/session/2f4c84806e4c3538476e21e529408c6f/element'
20:39:02.665 [AsyncHttpClient-1-8] DEBUG org.asynchttpclient.netty.handler.HttpHandler - 

Request DefaultHttpRequest(decodeResult: success, version: HTTP/1.1)
POST /session/2f4c84806e4c3538476e21e529408c6f/element HTTP/1.1
User-Agent: selenium/4.1.2 (java windows)
Content-Length: 77
Content-Type: application/json; charset=utf-8
host: localhost:55599
accept: */*

Response DefaultHttpResponse(decodeResult: success, version: HTTP/1.1)
HTTP/1.1 200 OK
Content-Type: application/json; charset=utf-8
cache-control: no-cache
content-length: 88

20:39:02.665 [AsyncHttpClient-1-8] DEBUG org.asynchttpclient.netty.channel.ChannelManager - Adding key: http://localhost:55599 for channel [id: 0x9f027bef, L:/127.0.0.1:49986 - R:localhost/127.0.0.1:55599]
20:39:02.668 [Forwarding isElementDisplayed on session 2f4c84806e4c3538476e21e529408c6f to remote] DEBUG org.asynchttpclient.netty.request.NettyRequestSender - Using pooled Channel '[id: 0x9f027bef, L:/127.0.0.1:49986 - R:localhost/127.0.0.1:55599]' for 'POST' to 'http://localhost:55599/session/2f4c84806e4c3538476e21e529408c6f/execute/sync'
20:39:02.669 [Forwarding isElementDisplayed on session 2f4c84806e4c3538476e21e529408c6f to remote] DEBUG org.asynchttpclient.netty.request.NettyRequestSender - Using open Channel [id: 0x9f027bef, L:/127.0.0.1:49986 - R:localhost/127.0.0.1:55599] for POST '/session/2f4c84806e4c3538476e21e529408c6f/execute/sync'
20:39:02.688 [AsyncHttpClient-1-8] DEBUG org.asynchttpclient.netty.handler.HttpHandler - 

Request DefaultHttpRequest(decodeResult: success, version: HTTP/1.1)
POST /session/2f4c84806e4c3538476e21e529408c6f/execute/sync HTTP/1.1
User-Agent: selenium/4.1.2 (java windows)
Content-Length: 48780
Content-Type: application/json; charset=utf-8
host: localhost:55599
accept: */*

Response DefaultHttpResponse(decodeResult: success, version: HTTP/1.1)
HTTP/1.1 200 OK
Content-Type: application/json; charset=utf-8
cache-control: no-cache
content-length: 14

20:39:02.688 [AsyncHttpClient-1-8] DEBUG org.asynchttpclient.netty.channel.ChannelManager - Adding key: http://localhost:55599 for channel [id: 0x9f027bef, L:/127.0.0.1:49986 - R:localhost/127.0.0.1:55599]
  &amp#27;[32mThen &amp#27;[0m&amp#27;[32mI am redirected to login page&amp#27;[0m &amp#27;[90m# starter.stepdefinitions.RegisterSteps.iAmRedirectedToLoginPage()&amp#27;[0m
20:39:02.692 [Forwarding screenshot on session 2f4c84806e4c3538476e21e529408c6f to remote] DEBUG org.asynchttpclient.netty.request.NettyRequestSender - Using pooled Channel '[id: 0x9f027bef, L:/127.0.0.1:49986 - R:localhost/127.0.0.1:55599]' for 'GET' to 'http://localhost:55599/session/2f4c84806e4c3538476e21e529408c6f/screenshot'
20:39:02.692 [Forwarding screenshot on session 2f4c84806e4c3538476e21e529408c6f to remote] DEBUG org.asynchttpclient.netty.request.NettyRequestSender - Using open Channel [id: 0x9f027bef, L:/127.0.0.1:49986 - R:localhost/127.0.0.1:55599] for GET '/session/2f4c84806e4c3538476e21e529408c6f/screenshot'
20:39:02.780 [AsyncHttpClient-1-1] DEBUG org.asynchttpclient.netty.channel.DefaultChannelPool - Entry count for : http://localhost:49987 : 1
20:39:02.860 [AsyncHttpClient-1-8] DEBUG org.asynchttpclient.netty.handler.HttpHandler - 

Request DefaultFullHttpRequest(decodeResult: success, version: HTTP/1.1, content: EmptyByteBufBE)
GET /session/2f4c84806e4c3538476e21e529408c6f/screenshot HTTP/1.1
User-Agent: selenium/4.1.2 (java windows)
Cache-Control: no-cache
Content-Type: application/json; charset=utf-8
host: localhost:55599
accept: */*

Response DefaultHttpResponse(decodeResult: success, version: HTTP/1.1)
HTTP/1.1 200 OK
Content-Type: application/json; charset=utf-8
cache-control: no-cache
content-length: 38472

20:39:02.861 [AsyncHttpClient-1-8] DEBUG org.asynchttpclient.netty.channel.ChannelManager - Adding key: http://localhost:55599 for channel [id: 0x9f027bef, L:/127.0.0.1:49986 - R:localhost/127.0.0.1:55599]
20:39:02.862 [main] DEBUG net.serenitybdd.core.photography.Darkroom - Send negative for processing for target\site\serenity\6c2309ed56aeb278067cd6b3caf368b9f01e276e2bf175d46007f31c90d5af21.png
20:39:02.864 [main] INFO  - 
  _____   ___   ___   _____     ___     _     ___   ___   ___   ___  
 |_   _| | __| / __| |_   _|   | _ \   /_\   / __| / __| | __| |   \ 
   | |   | _|  \__ \   | |     |  _/  / _ \  \__ \ \__ \ | _|  | |) |
   |_|   |___| |___/   |_|     |_|   /_/ \_\ |___/ |___/ |___| |___/ 

Register with new email
----------------------------------------------------------------------
20:39:02.865 [AsyncHttpClient-1-10] DEBUG org.asynchttpclient.netty.handler.WebSocketHandler - Channel Closed: [id: 0xb79d25fd, L:/127.0.0.1:49995 ! R:localhost/127.0.0.1:49987] with attribute NettyResponseFuture{currentRetry=5,
	isDone=1,
	isCancelled=0,
	asyncHandler=org.asynchttpclient.ws.WebSocketUpgradeHandler@3da704e0,
	nettyRequest=org.asynchttpclient.netty.request.NettyRequest@5eca387f,
	future=java.util.concurrent.CompletableFuture@2cebcaef[Completed normally],
	uri=ws://localhost:49987/devtools/browser/68d3cc4f-8c74-435a-8308-09df8f18e9f7,
	keepAlive=true,
	redirectCount=0,
	timeoutsHolder=null,
	inAuth=0,
	touch=1667223538480}
20:39:02.865 [AsyncHttpClient-1-10] DEBUG org.asynchttpclient.netty.channel.ChannelManager - Closing Channel [id: 0xb79d25fd, L:/127.0.0.1:49995 ! R:localhost/127.0.0.1:49987] 
20:39:02.865 [Driver Command Executor] DEBUG org.asynchttpclient.netty.request.NettyRequestSender - Using pooled Channel '[id: 0x9f027bef, L:/127.0.0.1:49986 - R:localhost/127.0.0.1:55599]' for 'DELETE' to 'http://localhost:55599/session/2f4c84806e4c3538476e21e529408c6f'
20:39:02.865 [Driver Command Executor] DEBUG org.asynchttpclient.netty.request.NettyRequestSender - Using open Channel [id: 0x9f027bef, L:/127.0.0.1:49986 - R:localhost/127.0.0.1:55599] for DELETE '/session/2f4c84806e4c3538476e21e529408c6f'
20:39:02.879 [AsyncHttpClient-1-9] DEBUG org.asynchttpclient.netty.handler.HttpHandler - Unexpected I/O exception on channel [id: 0x7042e352, L:/127.0.0.1:49994 - R:localhost/127.0.0.1:49987]
java.net.SocketException: Connection reset
	at java.base/sun.nio.ch.SocketChannelImpl.throwConnectionReset(SocketChannelImpl.java:345)
	at java.base/sun.nio.ch.SocketChannelImpl.read(SocketChannelImpl.java:376)
	at io.netty.buffer.PooledByteBuf.setBytes(PooledByteBuf.java:258)
	at io.netty.buffer.AbstractByteBuf.writeBytes(AbstractByteBuf.java:1132)
	at io.netty.channel.socket.nio.NioSocketChannel.doReadBytes(NioSocketChannel.java:350)
	at io.netty.channel.nio.AbstractNioByteChannel$NioByteUnsafe.read(AbstractNioByteChannel.java:151)
	at io.netty.channel.nio.NioEventLoop.processSelectedKey(NioEventLoop.java:722)
	at io.netty.channel.nio.NioEventLoop.processSelectedKeysOptimized(NioEventLoop.java:658)
	at io.netty.channel.nio.NioEventLoop.processSelectedKeys(NioEventLoop.java:584)
	at io.netty.channel.nio.NioEventLoop.run(NioEventLoop.java:496)
	at io.netty.util.concurrent.SingleThreadEventExecutor$4.run(SingleThreadEventExecutor.java:986)
	at io.netty.util.internal.ThreadExecutorMap$2.run(ThreadExecutorMap.java:74)
	at io.netty.util.concurrent.FastThreadLocalRunnable.run(FastThreadLocalRunnable.java:30)
	at java.base/java.lang.Thread.run(Thread.java:830)
20:39:02.879 [AsyncHttpClient-1-9] DEBUG org.asynchttpclient.netty.channel.ChannelManager - Closing Channel [id: 0x7042e352, L:/127.0.0.1:49994 - R:localhost/127.0.0.1:49987] 
20:39:02.880 [AsyncHttpClient-1-9] DEBUG org.asynchttpclient.netty.handler.HttpHandler - Channel Closed: [id: 0x7042e352, L:/127.0.0.1:49994 ! R:localhost/127.0.0.1:49987] with attribute DISCARD
20:39:02.966 [AsyncHttpClient-1-8] DEBUG org.asynchttpclient.netty.handler.HttpHandler - 

Request DefaultFullHttpRequest(decodeResult: success, version: HTTP/1.1, content: EmptyByteBufBE)
DELETE /session/2f4c84806e4c3538476e21e529408c6f HTTP/1.1
User-Agent: selenium/4.1.2 (java windows)
Content-Type: application/json; charset=utf-8
host: localhost:55599
accept: */*

Response DefaultHttpResponse(decodeResult: success, version: HTTP/1.1)
HTTP/1.1 200 OK
Content-Type: application/json; charset=utf-8
cache-control: no-cache
content-length: 14

20:39:02.967 [AsyncHttpClient-1-8] DEBUG org.asynchttpclient.netty.channel.ChannelManager - Adding key: http://localhost:55599 for channel [id: 0x9f027bef, L:/127.0.0.1:49986 - R:localhost/127.0.0.1:55599]
20:39:03.023 [AsyncHttpClient-1-8] DEBUG org.asynchttpclient.netty.handler.HttpHandler - Channel Closed: [id: 0x9f027bef, L:/127.0.0.1:49986 ! R:localhost/127.0.0.1:55599] with attribute DISCARD
]]></system-out>
    <system-err><![CDATA[Starting ChromeDriver 106.0.5249.61 (511755355844955cd3e264779baf0dd38212a4d0-refs/branch-heads/5249@{#569}) on port 55599
Only local connections are allowed.
Please see https://chromedriver.chromium.org/security-considerations for suggestions on keeping ChromeDriver safe.
ChromeDriver was started successfully.
[1667223538.122][WARNING]: This version of ChromeDriver has not been tested with Chrome version 107.
Oct 31, 2022 8:38:58 PM org.openqa.selenium.remote.ProtocolHandshake createSession
INFO: Detected dialect: W3C
Oct 31, 2022 8:38:58 PM org.openqa.selenium.devtools.CdpVersionFinder findNearestMatch
WARNING: Unable to find an exact match for CDP version 107, so returning the closest version found: a no-op implementation
Oct 31, 2022 8:38:58 PM org.openqa.selenium.devtools.CdpVersionFinder findNearestMatch
INFO: Unable to find CDP implementation matching 107.
Oct 31, 2022 8:38:58 PM org.openqa.selenium.chromium.ChromiumDriver lambda$new$3
WARNING: Unable to find version of CDP to use for . You may need to include a dependency on a specific version of the CDP using something similar to `org.seleniumhq.selenium:selenium-devtools-v86:4.1.2` where the version ("v86") matches the version of the chromium-based browser you're using and the version number of the artifact is the same as Selenium's.
]]></system-err>
  </testcase>
  <testcase name="Register with registered email" classname="Register" time="6.708">
    <system-out><![CDATA[
Scenario: Register with registered email &amp#27;[90m# src/test/resources/features/Register.feature:18&amp#27;[0m
20:39:03.556 [main] INFO io.cucumber.core.plugin.SerenityReporter - Running feature from file:///C:/Users/ASUS/Desktop/stupen/miniproject/Web/ASWeb/src/test/resources/features/Register.feature
20:39:03.557 [main] INFO  - 
  _____   ___   ___   _____     ___   _____     _     ___   _____   ___   ___  
 |_   _| | __| / __| |_   _|   / __| |_   _|   /_\   | _ \ |_   _| | __| |   \ 
   | |   | _|  \__ \   | |     \__ \   | |    / _ \  |   /   | |   | _|  | |) |
   |_|   |___| |___/   |_|     |___/   |_|   /_/ \_\ |_|_\   |_|   |___| |___/ 

Register with registered email(register;register-with-registered-email)
--------------------------------------------------------------------------------
20:39:03.574 [main] INFO net.serenitybdd.core.webdriver.driverproviders.ChromeDriverProvider - Using automatically driver download
20:39:03.751 [main] DEBUG io.github.bonigarcia.wdm.cache.ResolutionCache - Resolution chrome=107 in cache (valid until 21:37:26 31/10/2022 WIB)
20:39:03.756 [main] DEBUG io.github.bonigarcia.wdm.cache.ResolutionCache - Resolution chrome107=107.0.5304.62 in cache (valid until 19:37:19 01/11/2022 WIB)
20:39:03.762 [main] INFO io.github.bonigarcia.wdm.WebDriverManager - Using chromedriver 107.0.5304.62 (resolved driver for Chrome 107)
20:39:03.795 [main] DEBUG io.github.bonigarcia.wdm.WebDriverManager - Driver chromedriver 107.0.5304.62 found in cache
20:39:03.796 [main] INFO io.github.bonigarcia.wdm.WebDriverManager - Exporting webdriver.chrome.driver as C:\Users\ASUS\.cache\selenium\chromedriver\win32\107.0.5304.62\chromedriver.exe
20:39:03.879 [AsyncHttpClient-1-1] DEBUG org.asynchttpclient.netty.channel.DefaultChannelPool - Entry count for : http://localhost:55599 : 1
20:39:03.879 [AsyncHttpClient-1-1] DEBUG org.asynchttpclient.netty.channel.DefaultChannelPool - Entry count for : http://localhost:49987 : 1
20:39:03.879 [AsyncHttpClient-1-1] DEBUG org.asynchttpclient.netty.channel.DefaultChannelPool - Adding Candidate expired Channel [id: 0x9f027bef, L:/127.0.0.1:49986 ! R:localhost/127.0.0.1:55599] isIdleTimeoutExpired=false isRemotelyClosed=true isTtlExpired=false
20:39:03.879 [AsyncHttpClient-1-1] DEBUG org.asynchttpclient.netty.channel.DefaultChannelPool - Closing Idle Channel [id: 0x9f027bef, L:/127.0.0.1:49986 ! R:localhost/127.0.0.1:55599]
20:39:03.879 [AsyncHttpClient-1-1] DEBUG org.asynchttpclient.netty.channel.DefaultChannelPool - Adding Candidate expired Channel [id: 0x7042e352, L:/127.0.0.1:49994 ! R:localhost/127.0.0.1:49987] isIdleTimeoutExpired=false isRemotelyClosed=true isTtlExpired=false
20:39:03.879 [AsyncHttpClient-1-1] DEBUG org.asynchttpclient.netty.channel.DefaultChannelPool - Closing Idle Channel [id: 0x7042e352, L:/127.0.0.1:49994 ! R:localhost/127.0.0.1:49987]
20:39:03.879 [AsyncHttpClient-1-1] DEBUG org.asynchttpclient.netty.channel.DefaultChannelPool - Closed 2 connections out of 2 in 0 ms
20:39:04.007 [main] DEBUG net.serenitybdd.core.webdriver.driverproviders.ProvideNewDriver - Instantiating driver
20:39:04.007 [main] DEBUG net.serenitybdd.core.webdriver.driverproviders.ProvideNewDriver - Driver capabilities: Capabilities {acceptInsecureCerts: false, base.url: https://alta-shop.vercel.app/, browserName: chrome, chrome.driver: src/test/resources/webdrive..., driver: chrome, goog:chromeOptions: {args: [], extensions: []}, wait.for.timeout: 10000}
20:39:04.553 [AsyncHttpClient-1-11] DEBUG org.asynchttpclient.netty.channel.NettyConnectListener - Using new Channel '[id: 0x2e22bf94, L:/127.0.0.1:50016 - R:localhost/127.0.0.1:55962]' for 'POST' to '/session'
20:39:05.652 [AsyncHttpClient-1-11] DEBUG org.asynchttpclient.netty.handler.HttpHandler - 

Request DefaultHttpRequest(decodeResult: success, version: HTTP/1.1)
POST /session HTTP/1.1
User-Agent: selenium/4.1.2 (java windows)
Content-Length: 646
Content-Type: application/json; charset=utf-8
host: localhost:55962
accept: */*

Response DefaultHttpResponse(decodeResult: success, version: HTTP/1.1)
HTTP/1.1 200 OK
Content-Type: application/json; charset=utf-8
cache-control: no-cache
content-length: 787

20:39:05.653 [AsyncHttpClient-1-11] DEBUG org.asynchttpclient.netty.channel.ChannelManager - Adding key: http://localhost:55962 for channel [id: 0x2e22bf94, L:/127.0.0.1:50016 - R:localhost/127.0.0.1:55962]
20:39:05.668 [AsyncHttpClient-1-12] DEBUG org.asynchttpclient.netty.channel.NettyConnectListener - Using new Channel '[id: 0x6f055471, L:/127.0.0.1:50024 - R:localhost/127.0.0.1:50017]' for 'GET' to '/json/version'
20:39:05.669 [AsyncHttpClient-1-12] DEBUG org.asynchttpclient.netty.handler.HttpHandler - 

Request DefaultFullHttpRequest(decodeResult: success, version: HTTP/1.1, content: EmptyByteBufBE)
GET /json/version HTTP/1.1
User-Agent: selenium/4.1.2 (java windows)
host: localhost:50017
accept: */*

Response DefaultHttpResponse(decodeResult: success, version: HTTP/1.1)
HTTP/1.1 200 OK
Content-Type: application/json; charset=UTF-8
content-length: 423

20:39:05.669 [AsyncHttpClient-1-12] DEBUG org.asynchttpclient.netty.channel.ChannelManager - Adding key: http://localhost:50017 for channel [id: 0x6f055471, L:/127.0.0.1:50024 - R:localhost/127.0.0.1:50017]
20:39:05.672 [AsyncHttpClient-1-13] DEBUG org.asynchttpclient.netty.channel.NettyConnectListener - Using new Channel '[id: 0xebef7816, L:/127.0.0.1:50025 - R:localhost/127.0.0.1:50017]' for 'GET' to '/devtools/browser/c8ea1a55-a737-43d0-ac82-f9af82c8c93d'
20:39:05.673 [AsyncHttpClient-1-13] DEBUG org.asynchttpclient.netty.handler.WebSocketHandler - 

Request DefaultFullHttpRequest(decodeResult: success, version: HTTP/1.1, content: EmptyByteBufBE)
GET /devtools/browser/c8ea1a55-a737-43d0-ac82-f9af82c8c93d HTTP/1.1
upgrade: websocket
connection: upgrade
sec-websocket-key: WzbrnB2vcRttIlZI4CFPQA==
sec-websocket-version: 13
origin: http://localhost:50017
host: localhost:50017
accept: */*
user-agent: AHC/2.1

Response DefaultHttpResponse(decodeResult: success, version: HTTP/1.1)
HTTP/1.1 101 WebSocket Protocol Handshake
Upgrade: WebSocket
Connection: Upgrade
Sec-WebSocket-Accept: 2K55wj9VTpPUh4xVXCupzTtaQxY=

20:39:05.681 [Forwarding get on session 7a3d4cbdb98d92182af176d9c1d57473 to remote] DEBUG org.asynchttpclient.netty.request.NettyRequestSender - Using pooled Channel '[id: 0x2e22bf94, L:/127.0.0.1:50016 - R:localhost/127.0.0.1:55962]' for 'POST' to 'http://localhost:55962/session/7a3d4cbdb98d92182af176d9c1d57473/url'
20:39:05.681 [Forwarding get on session 7a3d4cbdb98d92182af176d9c1d57473 to remote] DEBUG org.asynchttpclient.netty.request.NettyRequestSender - Using open Channel [id: 0x2e22bf94, L:/127.0.0.1:50016 - R:localhost/127.0.0.1:55962] for POST '/session/7a3d4cbdb98d92182af176d9c1d57473/url'
20:39:06.084 [AsyncHttpClient-1-1] DEBUG org.asynchttpclient.netty.channel.DefaultChannelPool - Entry count for : http://localhost:50017 : 1
20:39:06.361 [AsyncHttpClient-1-11] DEBUG org.asynchttpclient.netty.handler.HttpHandler - 

Request DefaultHttpRequest(decodeResult: success, version: HTTP/1.1)
POST /session/7a3d4cbdb98d92182af176d9c1d57473/url HTTP/1.1
User-Agent: selenium/4.1.2 (java windows)
Content-Length: 77
Content-Type: application/json; charset=utf-8
host: localhost:55962
accept: */*

Response DefaultHttpResponse(decodeResult: success, version: HTTP/1.1)
HTTP/1.1 200 OK
Content-Type: application/json; charset=utf-8
cache-control: no-cache
content-length: 14

20:39:06.361 [AsyncHttpClient-1-11] DEBUG org.asynchttpclient.netty.channel.ChannelManager - Adding key: http://localhost:55962 for channel [id: 0x2e22bf94, L:/127.0.0.1:50016 - R:localhost/127.0.0.1:55962]
20:39:06.362 [Forwarding setTimeout on session 7a3d4cbdb98d92182af176d9c1d57473 to remote] DEBUG org.asynchttpclient.netty.request.NettyRequestSender - Using pooled Channel '[id: 0x2e22bf94, L:/127.0.0.1:50016 - R:localhost/127.0.0.1:55962]' for 'POST' to 'http://localhost:55962/session/7a3d4cbdb98d92182af176d9c1d57473/timeouts'
20:39:06.362 [Forwarding setTimeout on session 7a3d4cbdb98d92182af176d9c1d57473 to remote] DEBUG org.asynchttpclient.netty.request.NettyRequestSender - Using open Channel [id: 0x2e22bf94, L:/127.0.0.1:50016 - R:localhost/127.0.0.1:55962] for POST '/session/7a3d4cbdb98d92182af176d9c1d57473/timeouts'
20:39:06.363 [AsyncHttpClient-1-11] DEBUG org.asynchttpclient.netty.handler.HttpHandler - 

Request DefaultHttpRequest(decodeResult: success, version: HTTP/1.1)
POST /session/7a3d4cbdb98d92182af176d9c1d57473/timeouts HTTP/1.1
User-Agent: selenium/4.1.2 (java windows)
Content-Length: 22
Content-Type: application/json; charset=utf-8
host: localhost:55962
accept: */*

Response DefaultHttpResponse(decodeResult: success, version: HTTP/1.1)
HTTP/1.1 200 OK
Content-Type: application/json; charset=utf-8
cache-control: no-cache
content-length: 14

20:39:06.363 [AsyncHttpClient-1-11] DEBUG org.asynchttpclient.netty.channel.ChannelManager - Adding key: http://localhost:55962 for channel [id: 0x2e22bf94, L:/127.0.0.1:50016 - R:localhost/127.0.0.1:55962]
20:39:06.366 [Forwarding getCurrentUrl on session 7a3d4cbdb98d92182af176d9c1d57473 to remote] DEBUG org.asynchttpclient.netty.request.NettyRequestSender - Using pooled Channel '[id: 0x2e22bf94, L:/127.0.0.1:50016 - R:localhost/127.0.0.1:55962]' for 'GET' to 'http://localhost:55962/session/7a3d4cbdb98d92182af176d9c1d57473/url'
20:39:06.366 [Forwarding getCurrentUrl on session 7a3d4cbdb98d92182af176d9c1d57473 to remote] DEBUG org.asynchttpclient.netty.request.NettyRequestSender - Using open Channel [id: 0x2e22bf94, L:/127.0.0.1:50016 - R:localhost/127.0.0.1:55962] for GET '/session/7a3d4cbdb98d92182af176d9c1d57473/url'
20:39:06.370 [AsyncHttpClient-1-11] DEBUG org.asynchttpclient.netty.handler.HttpHandler - 

Request DefaultFullHttpRequest(decodeResult: success, version: HTTP/1.1, content: EmptyByteBufBE)
GET /session/7a3d4cbdb98d92182af176d9c1d57473/url HTTP/1.1
User-Agent: selenium/4.1.2 (java windows)
Cache-Control: no-cache
Content-Type: application/json; charset=utf-8
host: localhost:55962
accept: */*

Response DefaultHttpResponse(decodeResult: success, version: HTTP/1.1)
HTTP/1.1 200 OK
Content-Type: application/json; charset=utf-8
cache-control: no-cache
content-length: 54

20:39:06.370 [AsyncHttpClient-1-11] DEBUG org.asynchttpclient.netty.channel.ChannelManager - Adding key: http://localhost:55962 for channel [id: 0x2e22bf94, L:/127.0.0.1:50016 - R:localhost/127.0.0.1:55962]
  &amp#27;[32mGiven &amp#27;[0m&amp#27;[32mI open register page&amp#27;[0m             &amp#27;[90m# starter.stepdefinitions.RegisterSteps.iOpenRegisterPage()&amp#27;[0m
20:39:06.377 [Forwarding screenshot on session 7a3d4cbdb98d92182af176d9c1d57473 to remote] DEBUG org.asynchttpclient.netty.request.NettyRequestSender - Using pooled Channel '[id: 0x2e22bf94, L:/127.0.0.1:50016 - R:localhost/127.0.0.1:55962]' for 'GET' to 'http://localhost:55962/session/7a3d4cbdb98d92182af176d9c1d57473/screenshot'
20:39:06.377 [Forwarding screenshot on session 7a3d4cbdb98d92182af176d9c1d57473 to remote] DEBUG org.asynchttpclient.netty.request.NettyRequestSender - Using open Channel [id: 0x2e22bf94, L:/127.0.0.1:50016 - R:localhost/127.0.0.1:55962] for GET '/session/7a3d4cbdb98d92182af176d9c1d57473/screenshot'
20:39:06.803 [AsyncHttpClient-1-11] DEBUG org.asynchttpclient.netty.handler.HttpHandler - 

Request DefaultFullHttpRequest(decodeResult: success, version: HTTP/1.1, content: EmptyByteBufBE)
GET /session/7a3d4cbdb98d92182af176d9c1d57473/screenshot HTTP/1.1
User-Agent: selenium/4.1.2 (java windows)
Cache-Control: no-cache
Content-Type: application/json; charset=utf-8
host: localhost:55962
accept: */*

Response DefaultHttpResponse(decodeResult: success, version: HTTP/1.1)
HTTP/1.1 200 OK
Content-Type: application/json; charset=utf-8
cache-control: no-cache
content-length: 45380

20:39:06.803 [AsyncHttpClient-1-11] DEBUG org.asynchttpclient.netty.channel.ChannelManager - Adding key: http://localhost:55962 for channel [id: 0x2e22bf94, L:/127.0.0.1:50016 - R:localhost/127.0.0.1:55962]
20:39:06.805 [main] DEBUG net.serenitybdd.core.photography.Darkroom - Send negative for processing for target\site\serenity\74af2a90e11b4e8cdcc90c8b8f2efe0850d173caaf4338fdd4e69cc971e1b305.png
20:39:06.811 [Forwarding findElement on session 7a3d4cbdb98d92182af176d9c1d57473 to remote] DEBUG org.asynchttpclient.netty.request.NettyRequestSender - Using pooled Channel '[id: 0x2e22bf94, L:/127.0.0.1:50016 - R:localhost/127.0.0.1:55962]' for 'POST' to 'http://localhost:55962/session/7a3d4cbdb98d92182af176d9c1d57473/element'
20:39:06.811 [Forwarding findElement on session 7a3d4cbdb98d92182af176d9c1d57473 to remote] DEBUG org.asynchttpclient.netty.request.NettyRequestSender - Using open Channel [id: 0x2e22bf94, L:/127.0.0.1:50016 - R:localhost/127.0.0.1:55962] for POST '/session/7a3d4cbdb98d92182af176d9c1d57473/element'
20:39:06.823 [AsyncHttpClient-1-11] DEBUG org.asynchttpclient.netty.handler.HttpHandler - 

Request DefaultHttpRequest(decodeResult: success, version: HTTP/1.1)
POST /session/7a3d4cbdb98d92182af176d9c1d57473/element HTTP/1.1
User-Agent: selenium/4.1.2 (java windows)
Content-Length: 94
Content-Type: application/json; charset=utf-8
host: localhost:55962
accept: */*

Response DefaultHttpResponse(decodeResult: success, version: HTTP/1.1)
HTTP/1.1 200 OK
Content-Type: application/json; charset=utf-8
cache-control: no-cache
content-length: 88

20:39:06.823 [AsyncHttpClient-1-11] DEBUG org.asynchttpclient.netty.channel.ChannelManager - Adding key: http://localhost:55962 for channel [id: 0x2e22bf94, L:/127.0.0.1:50016 - R:localhost/127.0.0.1:55962]
20:39:06.824 [Forwarding clearElement on session 7a3d4cbdb98d92182af176d9c1d57473 to remote] DEBUG org.asynchttpclient.netty.request.NettyRequestSender - Using pooled Channel '[id: 0x2e22bf94, L:/127.0.0.1:50016 - R:localhost/127.0.0.1:55962]' for 'POST' to 'http://localhost:55962/session/7a3d4cbdb98d92182af176d9c1d57473/element/2191ab91-5ada-4a92-a661-a7c4bcd6b014/clear'
20:39:06.824 [Forwarding clearElement on session 7a3d4cbdb98d92182af176d9c1d57473 to remote] DEBUG org.asynchttpclient.netty.request.NettyRequestSender - Using open Channel [id: 0x2e22bf94, L:/127.0.0.1:50016 - R:localhost/127.0.0.1:55962] for POST '/session/7a3d4cbdb98d92182af176d9c1d57473/element/2191ab91-5ada-4a92-a661-a7c4bcd6b014/clear'
20:39:06.858 [AsyncHttpClient-1-11] DEBUG org.asynchttpclient.netty.handler.HttpHandler - 

Request DefaultHttpRequest(decodeResult: success, version: HTTP/1.1)
POST /session/7a3d4cbdb98d92182af176d9c1d57473/element/2191ab91-5ada-4a92-a661-a7c4bcd6b014/clear HTTP/1.1
User-Agent: selenium/4.1.2 (java windows)
Content-Length: 50
Content-Type: application/json; charset=utf-8
host: localhost:55962
accept: */*

Response DefaultHttpResponse(decodeResult: success, version: HTTP/1.1)
HTTP/1.1 200 OK
Content-Type: application/json; charset=utf-8
cache-control: no-cache
content-length: 14

20:39:06.858 [AsyncHttpClient-1-11] DEBUG org.asynchttpclient.netty.channel.ChannelManager - Adding key: http://localhost:55962 for channel [id: 0x2e22bf94, L:/127.0.0.1:50016 - R:localhost/127.0.0.1:55962]
20:39:06.859 [Forwarding sendKeysToElement on session 7a3d4cbdb98d92182af176d9c1d57473 to remote] DEBUG org.asynchttpclient.netty.request.NettyRequestSender - Using pooled Channel '[id: 0x2e22bf94, L:/127.0.0.1:50016 - R:localhost/127.0.0.1:55962]' for 'POST' to 'http://localhost:55962/session/7a3d4cbdb98d92182af176d9c1d57473/element/2191ab91-5ada-4a92-a661-a7c4bcd6b014/value'
20:39:06.859 [Forwarding sendKeysToElement on session 7a3d4cbdb98d92182af176d9c1d57473 to remote] DEBUG org.asynchttpclient.netty.request.NettyRequestSender - Using open Channel [id: 0x2e22bf94, L:/127.0.0.1:50016 - R:localhost/127.0.0.1:55962] for POST '/session/7a3d4cbdb98d92182af176d9c1d57473/element/2191ab91-5ada-4a92-a661-a7c4bcd6b014/value'
20:39:06.936 [AsyncHttpClient-1-11] DEBUG org.asynchttpclient.netty.handler.HttpHandler - 

Request DefaultHttpRequest(decodeResult: success, version: HTTP/1.1)
POST /session/7a3d4cbdb98d92182af176d9c1d57473/element/2191ab91-5ada-4a92-a661-a7c4bcd6b014/value HTTP/1.1
User-Agent: selenium/4.1.2 (java windows)
Content-Length: 121
Content-Type: application/json; charset=utf-8
host: localhost:55962
accept: */*

Response DefaultHttpResponse(decodeResult: success, version: HTTP/1.1)
HTTP/1.1 200 OK
Content-Type: application/json; charset=utf-8
cache-control: no-cache
content-length: 14

20:39:06.936 [AsyncHttpClient-1-11] DEBUG org.asynchttpclient.netty.channel.ChannelManager - Adding key: http://localhost:55962 for channel [id: 0x2e22bf94, L:/127.0.0.1:50016 - R:localhost/127.0.0.1:55962]
  &amp#27;[32mWhen &amp#27;[0m&amp#27;[32mI input full name&amp#27;[0m                 &amp#27;[90m# starter.stepdefinitions.RegisterSteps.iInputFullName()&amp#27;[0m
20:39:06.943 [Forwarding screenshot on session 7a3d4cbdb98d92182af176d9c1d57473 to remote] DEBUG org.asynchttpclient.netty.request.NettyRequestSender - Using pooled Channel '[id: 0x2e22bf94, L:/127.0.0.1:50016 - R:localhost/127.0.0.1:55962]' for 'GET' to 'http://localhost:55962/session/7a3d4cbdb98d92182af176d9c1d57473/screenshot'
20:39:06.943 [Forwarding screenshot on session 7a3d4cbdb98d92182af176d9c1d57473 to remote] DEBUG org.asynchttpclient.netty.request.NettyRequestSender - Using open Channel [id: 0x2e22bf94, L:/127.0.0.1:50016 - R:localhost/127.0.0.1:55962] for GET '/session/7a3d4cbdb98d92182af176d9c1d57473/screenshot'
20:39:07.116 [AsyncHttpClient-1-11] DEBUG org.asynchttpclient.netty.handler.HttpHandler - 

Request DefaultFullHttpRequest(decodeResult: success, version: HTTP/1.1, content: EmptyByteBufBE)
GET /session/7a3d4cbdb98d92182af176d9c1d57473/screenshot HTTP/1.1
User-Agent: selenium/4.1.2 (java windows)
Cache-Control: no-cache
Content-Type: application/json; charset=utf-8
host: localhost:55962
accept: */*

Response DefaultHttpResponse(decodeResult: success, version: HTTP/1.1)
HTTP/1.1 200 OK
Content-Type: application/json; charset=utf-8
cache-control: no-cache
content-length: 47064

20:39:07.116 [AsyncHttpClient-1-11] DEBUG org.asynchttpclient.netty.channel.ChannelManager - Adding key: http://localhost:55962 for channel [id: 0x2e22bf94, L:/127.0.0.1:50016 - R:localhost/127.0.0.1:55962]
20:39:07.118 [main] DEBUG net.serenitybdd.core.photography.Darkroom - Send negative for processing for target\site\serenity\82dd9cea587be3a88b87b04db6ff1c1f70f4a8d79fdf43a51bb187214219bf34.png
20:39:07.118 [Darkroom Processing Line] DEBUG net.serenitybdd.core.photography.DarkroomProcessingLine - Processing screenshot image in /var/screenshots/screenshot-5526384592912922385
20:39:07.118 [Darkroom Processing Line] DEBUG net.serenitybdd.core.photography.DarkroomProcessingLine - Saving screenshot to target\site\serenity\82dd9cea587be3a88b87b04db6ff1c1f70f4a8d79fdf43a51bb187214219bf34.png
20:39:07.129 [Forwarding findElement on session 7a3d4cbdb98d92182af176d9c1d57473 to remote] DEBUG org.asynchttpclient.netty.request.NettyRequestSender - Using pooled Channel '[id: 0x2e22bf94, L:/127.0.0.1:50016 - R:localhost/127.0.0.1:55962]' for 'POST' to 'http://localhost:55962/session/7a3d4cbdb98d92182af176d9c1d57473/element'
20:39:07.130 [Forwarding findElement on session 7a3d4cbdb98d92182af176d9c1d57473 to remote] DEBUG org.asynchttpclient.netty.request.NettyRequestSender - Using open Channel [id: 0x2e22bf94, L:/127.0.0.1:50016 - R:localhost/127.0.0.1:55962] for POST '/session/7a3d4cbdb98d92182af176d9c1d57473/element'
20:39:07.141 [AsyncHttpClient-1-11] DEBUG org.asynchttpclient.netty.handler.HttpHandler - 

Request DefaultHttpRequest(decodeResult: success, version: HTTP/1.1)
POST /session/7a3d4cbdb98d92182af176d9c1d57473/element HTTP/1.1
User-Agent: selenium/4.1.2 (java windows)
Content-Length: 87
Content-Type: application/json; charset=utf-8
host: localhost:55962
accept: */*

Response DefaultHttpResponse(decodeResult: success, version: HTTP/1.1)
HTTP/1.1 200 OK
Content-Type: application/json; charset=utf-8
cache-control: no-cache
content-length: 88

20:39:07.141 [AsyncHttpClient-1-11] DEBUG org.asynchttpclient.netty.channel.ChannelManager - Adding key: http://localhost:55962 for channel [id: 0x2e22bf94, L:/127.0.0.1:50016 - R:localhost/127.0.0.1:55962]
20:39:07.142 [Forwarding clearElement on session 7a3d4cbdb98d92182af176d9c1d57473 to remote] DEBUG org.asynchttpclient.netty.request.NettyRequestSender - Using pooled Channel '[id: 0x2e22bf94, L:/127.0.0.1:50016 - R:localhost/127.0.0.1:55962]' for 'POST' to 'http://localhost:55962/session/7a3d4cbdb98d92182af176d9c1d57473/element/0d725dc1-4e27-4b85-b663-05650d8f6a89/clear'
20:39:07.143 [Forwarding clearElement on session 7a3d4cbdb98d92182af176d9c1d57473 to remote] DEBUG org.asynchttpclient.netty.request.NettyRequestSender - Using open Channel [id: 0x2e22bf94, L:/127.0.0.1:50016 - R:localhost/127.0.0.1:55962] for POST '/session/7a3d4cbdb98d92182af176d9c1d57473/element/0d725dc1-4e27-4b85-b663-05650d8f6a89/clear'
20:39:07.179 [AsyncHttpClient-1-11] DEBUG org.asynchttpclient.netty.handler.HttpHandler - 

Request DefaultHttpRequest(decodeResult: success, version: HTTP/1.1)
POST /session/7a3d4cbdb98d92182af176d9c1d57473/element/0d725dc1-4e27-4b85-b663-05650d8f6a89/clear HTTP/1.1
User-Agent: selenium/4.1.2 (java windows)
Content-Length: 50
Content-Type: application/json; charset=utf-8
host: localhost:55962
accept: */*

Response DefaultHttpResponse(decodeResult: success, version: HTTP/1.1)
HTTP/1.1 200 OK
Content-Type: application/json; charset=utf-8
cache-control: no-cache
content-length: 14

20:39:07.180 [AsyncHttpClient-1-1] DEBUG org.asynchttpclient.netty.channel.DefaultChannelPool - Entry count for : http://localhost:50017 : 1
20:39:07.180 [AsyncHttpClient-1-11] DEBUG org.asynchttpclient.netty.channel.ChannelManager - Adding key: http://localhost:55962 for channel [id: 0x2e22bf94, L:/127.0.0.1:50016 - R:localhost/127.0.0.1:55962]
20:39:07.181 [Forwarding sendKeysToElement on session 7a3d4cbdb98d92182af176d9c1d57473 to remote] DEBUG org.asynchttpclient.netty.request.NettyRequestSender - Using pooled Channel '[id: 0x2e22bf94, L:/127.0.0.1:50016 - R:localhost/127.0.0.1:55962]' for 'POST' to 'http://localhost:55962/session/7a3d4cbdb98d92182af176d9c1d57473/element/0d725dc1-4e27-4b85-b663-05650d8f6a89/value'
20:39:07.181 [Forwarding sendKeysToElement on session 7a3d4cbdb98d92182af176d9c1d57473 to remote] DEBUG org.asynchttpclient.netty.request.NettyRequestSender - Using open Channel [id: 0x2e22bf94, L:/127.0.0.1:50016 - R:localhost/127.0.0.1:55962] for POST '/session/7a3d4cbdb98d92182af176d9c1d57473/element/0d725dc1-4e27-4b85-b663-05650d8f6a89/value'
20:39:07.290 [AsyncHttpClient-1-11] DEBUG org.asynchttpclient.netty.handler.HttpHandler - 

Request DefaultHttpRequest(decodeResult: success, version: HTTP/1.1)
POST /session/7a3d4cbdb98d92182af176d9c1d57473/element/0d725dc1-4e27-4b85-b663-05650d8f6a89/value HTTP/1.1
User-Agent: selenium/4.1.2 (java windows)
Content-Length: 221
Content-Type: application/json; charset=utf-8
host: localhost:55962
accept: */*

Response DefaultHttpResponse(decodeResult: success, version: HTTP/1.1)
HTTP/1.1 200 OK
Content-Type: application/json; charset=utf-8
cache-control: no-cache
content-length: 14

20:39:07.290 [AsyncHttpClient-1-11] DEBUG org.asynchttpclient.netty.channel.ChannelManager - Adding key: http://localhost:55962 for channel [id: 0x2e22bf94, L:/127.0.0.1:50016 - R:localhost/127.0.0.1:55962]
  &amp#27;[32mAnd &amp#27;[0m&amp#27;[32mI input registered email&amp#27;[0m           &amp#27;[90m# starter.stepdefinitions.RegisterSteps.iInputRegisteredEmail()&amp#27;[0m
20:39:07.298 [Forwarding screenshot on session 7a3d4cbdb98d92182af176d9c1d57473 to remote] DEBUG org.asynchttpclient.netty.request.NettyRequestSender - Using pooled Channel '[id: 0x2e22bf94, L:/127.0.0.1:50016 - R:localhost/127.0.0.1:55962]' for 'GET' to 'http://localhost:55962/session/7a3d4cbdb98d92182af176d9c1d57473/screenshot'
20:39:07.298 [Forwarding screenshot on session 7a3d4cbdb98d92182af176d9c1d57473 to remote] DEBUG org.asynchttpclient.netty.request.NettyRequestSender - Using open Channel [id: 0x2e22bf94, L:/127.0.0.1:50016 - R:localhost/127.0.0.1:55962] for GET '/session/7a3d4cbdb98d92182af176d9c1d57473/screenshot'
20:39:07.490 [AsyncHttpClient-1-11] DEBUG org.asynchttpclient.netty.handler.HttpHandler - 

Request DefaultFullHttpRequest(decodeResult: success, version: HTTP/1.1, content: EmptyByteBufBE)
GET /session/7a3d4cbdb98d92182af176d9c1d57473/screenshot HTTP/1.1
User-Agent: selenium/4.1.2 (java windows)
Cache-Control: no-cache
Content-Type: application/json; charset=utf-8
host: localhost:55962
accept: */*

Response DefaultHttpResponse(decodeResult: success, version: HTTP/1.1)
HTTP/1.1 200 OK
Content-Type: application/json; charset=utf-8
cache-control: no-cache
content-length: 51396

20:39:07.490 [AsyncHttpClient-1-11] DEBUG org.asynchttpclient.netty.channel.ChannelManager - Adding key: http://localhost:55962 for channel [id: 0x2e22bf94, L:/127.0.0.1:50016 - R:localhost/127.0.0.1:55962]
20:39:07.492 [main] DEBUG net.serenitybdd.core.photography.Darkroom - Send negative for processing for target\site\serenity\024ca62992bdc6e329959e4748635d58bc10e0a8c3e4476d47ebccc0eb6c7647.png
20:39:07.492 [Darkroom Processing Line] DEBUG net.serenitybdd.core.photography.DarkroomProcessingLine - Processing screenshot image in /var/screenshots/screenshot-7846164031143279249
20:39:07.493 [Darkroom Processing Line] DEBUG net.serenitybdd.core.photography.DarkroomProcessingLine - Saving screenshot to target\site\serenity\024ca62992bdc6e329959e4748635d58bc10e0a8c3e4476d47ebccc0eb6c7647.png
20:39:07.502 [Forwarding findElement on session 7a3d4cbdb98d92182af176d9c1d57473 to remote] DEBUG org.asynchttpclient.netty.request.NettyRequestSender - Using pooled Channel '[id: 0x2e22bf94, L:/127.0.0.1:50016 - R:localhost/127.0.0.1:55962]' for 'POST' to 'http://localhost:55962/session/7a3d4cbdb98d92182af176d9c1d57473/element'
20:39:07.502 [Forwarding findElement on session 7a3d4cbdb98d92182af176d9c1d57473 to remote] DEBUG org.asynchttpclient.netty.request.NettyRequestSender - Using open Channel [id: 0x2e22bf94, L:/127.0.0.1:50016 - R:localhost/127.0.0.1:55962] for POST '/session/7a3d4cbdb98d92182af176d9c1d57473/element'
20:39:07.517 [AsyncHttpClient-1-11] DEBUG org.asynchttpclient.netty.handler.HttpHandler - 

Request DefaultHttpRequest(decodeResult: success, version: HTTP/1.1)
POST /session/7a3d4cbdb98d92182af176d9c1d57473/element HTTP/1.1
User-Agent: selenium/4.1.2 (java windows)
Content-Length: 90
Content-Type: application/json; charset=utf-8
host: localhost:55962
accept: */*

Response DefaultHttpResponse(decodeResult: success, version: HTTP/1.1)
HTTP/1.1 200 OK
Content-Type: application/json; charset=utf-8
cache-control: no-cache
content-length: 88

20:39:07.517 [AsyncHttpClient-1-11] DEBUG org.asynchttpclient.netty.channel.ChannelManager - Adding key: http://localhost:55962 for channel [id: 0x2e22bf94, L:/127.0.0.1:50016 - R:localhost/127.0.0.1:55962]
20:39:07.518 [Forwarding clearElement on session 7a3d4cbdb98d92182af176d9c1d57473 to remote] DEBUG org.asynchttpclient.netty.request.NettyRequestSender - Using pooled Channel '[id: 0x2e22bf94, L:/127.0.0.1:50016 - R:localhost/127.0.0.1:55962]' for 'POST' to 'http://localhost:55962/session/7a3d4cbdb98d92182af176d9c1d57473/element/b40a506b-cde0-42a0-975a-c57467101d55/clear'
20:39:07.518 [Forwarding clearElement on session 7a3d4cbdb98d92182af176d9c1d57473 to remote] DEBUG org.asynchttpclient.netty.request.NettyRequestSender - Using open Channel [id: 0x2e22bf94, L:/127.0.0.1:50016 - R:localhost/127.0.0.1:55962] for POST '/session/7a3d4cbdb98d92182af176d9c1d57473/element/b40a506b-cde0-42a0-975a-c57467101d55/clear'
20:39:07.558 [AsyncHttpClient-1-11] DEBUG org.asynchttpclient.netty.handler.HttpHandler - 

Request DefaultHttpRequest(decodeResult: success, version: HTTP/1.1)
POST /session/7a3d4cbdb98d92182af176d9c1d57473/element/b40a506b-cde0-42a0-975a-c57467101d55/clear HTTP/1.1
User-Agent: selenium/4.1.2 (java windows)
Content-Length: 50
Content-Type: application/json; charset=utf-8
host: localhost:55962
accept: */*

Response DefaultHttpResponse(decodeResult: success, version: HTTP/1.1)
HTTP/1.1 200 OK
Content-Type: application/json; charset=utf-8
cache-control: no-cache
content-length: 14

20:39:07.558 [AsyncHttpClient-1-11] DEBUG org.asynchttpclient.netty.channel.ChannelManager - Adding key: http://localhost:55962 for channel [id: 0x2e22bf94, L:/127.0.0.1:50016 - R:localhost/127.0.0.1:55962]
20:39:07.560 [Forwarding sendKeysToElement on session 7a3d4cbdb98d92182af176d9c1d57473 to remote] DEBUG org.asynchttpclient.netty.request.NettyRequestSender - Using pooled Channel '[id: 0x2e22bf94, L:/127.0.0.1:50016 - R:localhost/127.0.0.1:55962]' for 'POST' to 'http://localhost:55962/session/7a3d4cbdb98d92182af176d9c1d57473/element/b40a506b-cde0-42a0-975a-c57467101d55/value'
20:39:07.561 [Forwarding sendKeysToElement on session 7a3d4cbdb98d92182af176d9c1d57473 to remote] DEBUG org.asynchttpclient.netty.request.NettyRequestSender - Using open Channel [id: 0x2e22bf94, L:/127.0.0.1:50016 - R:localhost/127.0.0.1:55962] for POST '/session/7a3d4cbdb98d92182af176d9c1d57473/element/b40a506b-cde0-42a0-975a-c57467101d55/value'
20:39:07.652 [AsyncHttpClient-1-11] DEBUG org.asynchttpclient.netty.handler.HttpHandler - 

Request DefaultHttpRequest(decodeResult: success, version: HTTP/1.1)
POST /session/7a3d4cbdb98d92182af176d9c1d57473/element/b40a506b-cde0-42a0-975a-c57467101d55/value HTTP/1.1
User-Agent: selenium/4.1.2 (java windows)
Content-Length: 141
Content-Type: application/json; charset=utf-8
host: localhost:55962
accept: */*

Response DefaultHttpResponse(decodeResult: success, version: HTTP/1.1)
HTTP/1.1 200 OK
Content-Type: application/json; charset=utf-8
cache-control: no-cache
content-length: 14

20:39:07.652 [AsyncHttpClient-1-11] DEBUG org.asynchttpclient.netty.channel.ChannelManager - Adding key: http://localhost:55962 for channel [id: 0x2e22bf94, L:/127.0.0.1:50016 - R:localhost/127.0.0.1:55962]
  &amp#27;[32mAnd &amp#27;[0m&amp#27;[32mI input password&amp#27;[0m                   &amp#27;[90m# starter.stepdefinitions.RegisterSteps.iInputPassword()&amp#27;[0m
20:39:07.658 [Forwarding screenshot on session 7a3d4cbdb98d92182af176d9c1d57473 to remote] DEBUG org.asynchttpclient.netty.request.NettyRequestSender - Using pooled Channel '[id: 0x2e22bf94, L:/127.0.0.1:50016 - R:localhost/127.0.0.1:55962]' for 'GET' to 'http://localhost:55962/session/7a3d4cbdb98d92182af176d9c1d57473/screenshot'
20:39:07.658 [Forwarding screenshot on session 7a3d4cbdb98d92182af176d9c1d57473 to remote] DEBUG org.asynchttpclient.netty.request.NettyRequestSender - Using open Channel [id: 0x2e22bf94, L:/127.0.0.1:50016 - R:localhost/127.0.0.1:55962] for GET '/session/7a3d4cbdb98d92182af176d9c1d57473/screenshot'
20:39:07.858 [AsyncHttpClient-1-11] DEBUG org.asynchttpclient.netty.handler.HttpHandler - 

Request DefaultFullHttpRequest(decodeResult: success, version: HTTP/1.1, content: EmptyByteBufBE)
GET /session/7a3d4cbdb98d92182af176d9c1d57473/screenshot HTTP/1.1
User-Agent: selenium/4.1.2 (java windows)
Cache-Control: no-cache
Content-Type: application/json; charset=utf-8
host: localhost:55962
accept: */*

Response DefaultHttpResponse(decodeResult: success, version: HTTP/1.1)
HTTP/1.1 200 OK
Content-Type: application/json; charset=utf-8
cache-control: no-cache
content-length: 52304

20:39:07.858 [AsyncHttpClient-1-11] DEBUG org.asynchttpclient.netty.channel.ChannelManager - Adding key: http://localhost:55962 for channel [id: 0x2e22bf94, L:/127.0.0.1:50016 - R:localhost/127.0.0.1:55962]
20:39:07.862 [main] DEBUG net.serenitybdd.core.photography.Darkroom - Send negative for processing for target\site\serenity\91e11296fd5cfd1f98fa5dd20c6d0f5ef2b9026c1a9fe30303fa7482f1a014e2.png
20:39:07.863 [Darkroom Processing Line] DEBUG net.serenitybdd.core.photography.DarkroomProcessingLine - Processing screenshot image in /var/screenshots/screenshot-10028629749913673300
20:39:07.863 [Darkroom Processing Line] DEBUG net.serenitybdd.core.photography.DarkroomProcessingLine - Saving screenshot to target\site\serenity\91e11296fd5cfd1f98fa5dd20c6d0f5ef2b9026c1a9fe30303fa7482f1a014e2.png
20:39:07.873 [Forwarding findElement on session 7a3d4cbdb98d92182af176d9c1d57473 to remote] DEBUG org.asynchttpclient.netty.request.NettyRequestSender - Using pooled Channel '[id: 0x2e22bf94, L:/127.0.0.1:50016 - R:localhost/127.0.0.1:55962]' for 'POST' to 'http://localhost:55962/session/7a3d4cbdb98d92182af176d9c1d57473/element'
20:39:07.873 [Forwarding findElement on session 7a3d4cbdb98d92182af176d9c1d57473 to remote] DEBUG org.asynchttpclient.netty.request.NettyRequestSender - Using open Channel [id: 0x2e22bf94, L:/127.0.0.1:50016 - R:localhost/127.0.0.1:55962] for POST '/session/7a3d4cbdb98d92182af176d9c1d57473/element'
20:39:07.891 [AsyncHttpClient-1-11] DEBUG org.asynchttpclient.netty.handler.HttpHandler - 

Request DefaultHttpRequest(decodeResult: success, version: HTTP/1.1)
POST /session/7a3d4cbdb98d92182af176d9c1d57473/element HTTP/1.1
User-Agent: selenium/4.1.2 (java windows)
Content-Length: 84
Content-Type: application/json; charset=utf-8
host: localhost:55962
accept: */*

Response DefaultHttpResponse(decodeResult: success, version: HTTP/1.1)
HTTP/1.1 200 OK
Content-Type: application/json; charset=utf-8
cache-control: no-cache
content-length: 88

20:39:07.891 [AsyncHttpClient-1-11] DEBUG org.asynchttpclient.netty.channel.ChannelManager - Adding key: http://localhost:55962 for channel [id: 0x2e22bf94, L:/127.0.0.1:50016 - R:localhost/127.0.0.1:55962]
20:39:07.893 [Forwarding getElementTagName on session 7a3d4cbdb98d92182af176d9c1d57473 to remote] DEBUG org.asynchttpclient.netty.request.NettyRequestSender - Using pooled Channel '[id: 0x2e22bf94, L:/127.0.0.1:50016 - R:localhost/127.0.0.1:55962]' for 'GET' to 'http://localhost:55962/session/7a3d4cbdb98d92182af176d9c1d57473/element/71da1db9-346d-4c96-96f5-7896d5a5a90c/name'
20:39:07.893 [Forwarding getElementTagName on session 7a3d4cbdb98d92182af176d9c1d57473 to remote] DEBUG org.asynchttpclient.netty.request.NettyRequestSender - Using open Channel [id: 0x2e22bf94, L:/127.0.0.1:50016 - R:localhost/127.0.0.1:55962] for GET '/session/7a3d4cbdb98d92182af176d9c1d57473/element/71da1db9-346d-4c96-96f5-7896d5a5a90c/name'
20:39:07.904 [AsyncHttpClient-1-11] DEBUG org.asynchttpclient.netty.handler.HttpHandler - 

Request DefaultFullHttpRequest(decodeResult: success, version: HTTP/1.1, content: EmptyByteBufBE)
GET /session/7a3d4cbdb98d92182af176d9c1d57473/element/71da1db9-346d-4c96-96f5-7896d5a5a90c/name HTTP/1.1
User-Agent: selenium/4.1.2 (java windows)
Cache-Control: no-cache
Content-Type: application/json; charset=utf-8
host: localhost:55962
accept: */*

Response DefaultHttpResponse(decodeResult: success, version: HTTP/1.1)
HTTP/1.1 200 OK
Content-Type: application/json; charset=utf-8
cache-control: no-cache
content-length: 16

20:39:07.904 [AsyncHttpClient-1-11] DEBUG org.asynchttpclient.netty.channel.ChannelManager - Adding key: http://localhost:55962 for channel [id: 0x2e22bf94, L:/127.0.0.1:50016 - R:localhost/127.0.0.1:55962]
20:39:07.905 [Forwarding getElementTagName on session 7a3d4cbdb98d92182af176d9c1d57473 to remote] DEBUG org.asynchttpclient.netty.request.NettyRequestSender - Using pooled Channel '[id: 0x2e22bf94, L:/127.0.0.1:50016 - R:localhost/127.0.0.1:55962]' for 'GET' to 'http://localhost:55962/session/7a3d4cbdb98d92182af176d9c1d57473/element/71da1db9-346d-4c96-96f5-7896d5a5a90c/name'
20:39:07.905 [Forwarding getElementTagName on session 7a3d4cbdb98d92182af176d9c1d57473 to remote] DEBUG org.asynchttpclient.netty.request.NettyRequestSender - Using open Channel [id: 0x2e22bf94, L:/127.0.0.1:50016 - R:localhost/127.0.0.1:55962] for GET '/session/7a3d4cbdb98d92182af176d9c1d57473/element/71da1db9-346d-4c96-96f5-7896d5a5a90c/name'
20:39:07.909 [AsyncHttpClient-1-11] DEBUG org.asynchttpclient.netty.handler.HttpHandler - 

Request DefaultFullHttpRequest(decodeResult: success, version: HTTP/1.1, content: EmptyByteBufBE)
GET /session/7a3d4cbdb98d92182af176d9c1d57473/element/71da1db9-346d-4c96-96f5-7896d5a5a90c/name HTTP/1.1
User-Agent: selenium/4.1.2 (java windows)
Cache-Control: no-cache
Content-Type: application/json; charset=utf-8
host: localhost:55962
accept: */*

Response DefaultHttpResponse(decodeResult: success, version: HTTP/1.1)
HTTP/1.1 200 OK
Content-Type: application/json; charset=utf-8
cache-control: no-cache
content-length: 16

20:39:07.909 [AsyncHttpClient-1-11] DEBUG org.asynchttpclient.netty.channel.ChannelManager - Adding key: http://localhost:55962 for channel [id: 0x2e22bf94, L:/127.0.0.1:50016 - R:localhost/127.0.0.1:55962]
20:39:07.911 [Forwarding findElement on session 7a3d4cbdb98d92182af176d9c1d57473 to remote] DEBUG org.asynchttpclient.netty.request.NettyRequestSender - Using pooled Channel '[id: 0x2e22bf94, L:/127.0.0.1:50016 - R:localhost/127.0.0.1:55962]' for 'POST' to 'http://localhost:55962/session/7a3d4cbdb98d92182af176d9c1d57473/element'
20:39:07.911 [Forwarding findElement on session 7a3d4cbdb98d92182af176d9c1d57473 to remote] DEBUG org.asynchttpclient.netty.request.NettyRequestSender - Using open Channel [id: 0x2e22bf94, L:/127.0.0.1:50016 - R:localhost/127.0.0.1:55962] for POST '/session/7a3d4cbdb98d92182af176d9c1d57473/element'
20:39:07.920 [AsyncHttpClient-1-11] DEBUG org.asynchttpclient.netty.handler.HttpHandler - 

Request DefaultHttpRequest(decodeResult: success, version: HTTP/1.1)
POST /session/7a3d4cbdb98d92182af176d9c1d57473/element HTTP/1.1
User-Agent: selenium/4.1.2 (java windows)
Content-Length: 84
Content-Type: application/json; charset=utf-8
host: localhost:55962
accept: */*

Response DefaultHttpResponse(decodeResult: success, version: HTTP/1.1)
HTTP/1.1 200 OK
Content-Type: application/json; charset=utf-8
cache-control: no-cache
content-length: 88

20:39:07.920 [AsyncHttpClient-1-11] DEBUG org.asynchttpclient.netty.channel.ChannelManager - Adding key: http://localhost:55962 for channel [id: 0x2e22bf94, L:/127.0.0.1:50016 - R:localhost/127.0.0.1:55962]
20:39:07.921 [Forwarding clickElement on session 7a3d4cbdb98d92182af176d9c1d57473 to remote] DEBUG org.asynchttpclient.netty.request.NettyRequestSender - Using pooled Channel '[id: 0x2e22bf94, L:/127.0.0.1:50016 - R:localhost/127.0.0.1:55962]' for 'POST' to 'http://localhost:55962/session/7a3d4cbdb98d92182af176d9c1d57473/element/71da1db9-346d-4c96-96f5-7896d5a5a90c/click'
20:39:07.921 [Forwarding clickElement on session 7a3d4cbdb98d92182af176d9c1d57473 to remote] DEBUG org.asynchttpclient.netty.request.NettyRequestSender - Using open Channel [id: 0x2e22bf94, L:/127.0.0.1:50016 - R:localhost/127.0.0.1:55962] for POST '/session/7a3d4cbdb98d92182af176d9c1d57473/element/71da1db9-346d-4c96-96f5-7896d5a5a90c/click'
20:39:07.997 [AsyncHttpClient-1-11] DEBUG org.asynchttpclient.netty.handler.HttpHandler - 

Request DefaultHttpRequest(decodeResult: success, version: HTTP/1.1)
POST /session/7a3d4cbdb98d92182af176d9c1d57473/element/71da1db9-346d-4c96-96f5-7896d5a5a90c/click HTTP/1.1
User-Agent: selenium/4.1.2 (java windows)
Content-Length: 50
Content-Type: application/json; charset=utf-8
host: localhost:55962
accept: */*

Response DefaultHttpResponse(decodeResult: success, version: HTTP/1.1)
HTTP/1.1 200 OK
Content-Type: application/json; charset=utf-8
cache-control: no-cache
content-length: 14

20:39:07.997 [AsyncHttpClient-1-11] DEBUG org.asynchttpclient.netty.channel.ChannelManager - Adding key: http://localhost:55962 for channel [id: 0x2e22bf94, L:/127.0.0.1:50016 - R:localhost/127.0.0.1:55962]
  &amp#27;[32mAnd &amp#27;[0m&amp#27;[32mI click register&amp#27;[0m                   &amp#27;[90m# starter.stepdefinitions.RegisterSteps.iClickRegister()&amp#27;[0m
20:39:08.006 [Forwarding screenshot on session 7a3d4cbdb98d92182af176d9c1d57473 to remote] DEBUG org.asynchttpclient.netty.request.NettyRequestSender - Using pooled Channel '[id: 0x2e22bf94, L:/127.0.0.1:50016 - R:localhost/127.0.0.1:55962]' for 'GET' to 'http://localhost:55962/session/7a3d4cbdb98d92182af176d9c1d57473/screenshot'
20:39:08.006 [Forwarding screenshot on session 7a3d4cbdb98d92182af176d9c1d57473 to remote] DEBUG org.asynchttpclient.netty.request.NettyRequestSender - Using open Channel [id: 0x2e22bf94, L:/127.0.0.1:50016 - R:localhost/127.0.0.1:55962] for GET '/session/7a3d4cbdb98d92182af176d9c1d57473/screenshot'
20:39:08.280 [AsyncHttpClient-1-1] DEBUG org.asynchttpclient.netty.channel.DefaultChannelPool - Entry count for : http://localhost:50017 : 1
20:39:08.383 [AsyncHttpClient-1-11] DEBUG org.asynchttpclient.netty.handler.HttpHandler - 

Request DefaultFullHttpRequest(decodeResult: success, version: HTTP/1.1, content: EmptyByteBufBE)
GET /session/7a3d4cbdb98d92182af176d9c1d57473/screenshot HTTP/1.1
User-Agent: selenium/4.1.2 (java windows)
Cache-Control: no-cache
Content-Type: application/json; charset=utf-8
host: localhost:55962
accept: */*

Response DefaultHttpResponse(decodeResult: success, version: HTTP/1.1)
HTTP/1.1 200 OK
Content-Type: application/json; charset=utf-8
cache-control: no-cache
content-length: 51240

20:39:08.383 [AsyncHttpClient-1-11] DEBUG org.asynchttpclient.netty.channel.ChannelManager - Adding key: http://localhost:55962 for channel [id: 0x2e22bf94, L:/127.0.0.1:50016 - R:localhost/127.0.0.1:55962]
20:39:08.385 [main] DEBUG net.serenitybdd.core.photography.Darkroom - Send negative for processing for target\site\serenity\be06b809cb54694d120463e0fbfb1da339e1480a904b2da187c8624efa14f7c1.png
20:39:08.386 [Darkroom Processing Line] DEBUG net.serenitybdd.core.photography.DarkroomProcessingLine - Processing screenshot image in /var/screenshots/screenshot-1677337058969279991
20:39:08.386 [Darkroom Processing Line] DEBUG net.serenitybdd.core.photography.DarkroomProcessingLine - Saving screenshot to target\site\serenity\be06b809cb54694d120463e0fbfb1da339e1480a904b2da187c8624efa14f7c1.png
20:39:08.400 [Forwarding findElement on session 7a3d4cbdb98d92182af176d9c1d57473 to remote] DEBUG org.asynchttpclient.netty.request.NettyRequestSender - Using pooled Channel '[id: 0x2e22bf94, L:/127.0.0.1:50016 - R:localhost/127.0.0.1:55962]' for 'POST' to 'http://localhost:55962/session/7a3d4cbdb98d92182af176d9c1d57473/element'
20:39:08.400 [Forwarding findElement on session 7a3d4cbdb98d92182af176d9c1d57473 to remote] DEBUG org.asynchttpclient.netty.request.NettyRequestSender - Using open Channel [id: 0x2e22bf94, L:/127.0.0.1:50016 - R:localhost/127.0.0.1:55962] for POST '/session/7a3d4cbdb98d92182af176d9c1d57473/element'
20:39:09.344 [AsyncHttpClient-1-11] DEBUG org.asynchttpclient.netty.handler.HttpHandler - 

Request DefaultHttpRequest(decodeResult: success, version: HTTP/1.1)
POST /session/7a3d4cbdb98d92182af176d9c1d57473/element HTTP/1.1
User-Agent: selenium/4.1.2 (java windows)
Content-Length: 59
Content-Type: application/json; charset=utf-8
host: localhost:55962
accept: */*

Response DefaultHttpResponse(decodeResult: success, version: HTTP/1.1)
HTTP/1.1 200 OK
Content-Type: application/json; charset=utf-8
cache-control: no-cache
content-length: 88

20:39:09.344 [AsyncHttpClient-1-11] DEBUG org.asynchttpclient.netty.channel.ChannelManager - Adding key: http://localhost:55962 for channel [id: 0x2e22bf94, L:/127.0.0.1:50016 - R:localhost/127.0.0.1:55962]
20:39:09.347 [Forwarding isElementDisplayed on session 7a3d4cbdb98d92182af176d9c1d57473 to remote] DEBUG org.asynchttpclient.netty.request.NettyRequestSender - Using pooled Channel '[id: 0x2e22bf94, L:/127.0.0.1:50016 - R:localhost/127.0.0.1:55962]' for 'POST' to 'http://localhost:55962/session/7a3d4cbdb98d92182af176d9c1d57473/execute/sync'
20:39:09.347 [Forwarding isElementDisplayed on session 7a3d4cbdb98d92182af176d9c1d57473 to remote] DEBUG org.asynchttpclient.netty.request.NettyRequestSender - Using open Channel [id: 0x2e22bf94, L:/127.0.0.1:50016 - R:localhost/127.0.0.1:55962] for POST '/session/7a3d4cbdb98d92182af176d9c1d57473/execute/sync'
20:39:09.364 [AsyncHttpClient-1-11] DEBUG org.asynchttpclient.netty.handler.HttpHandler - 

Request DefaultHttpRequest(decodeResult: success, version: HTTP/1.1)
POST /session/7a3d4cbdb98d92182af176d9c1d57473/execute/sync HTTP/1.1
User-Agent: selenium/4.1.2 (java windows)
Content-Length: 48780
Content-Type: application/json; charset=utf-8
host: localhost:55962
accept: */*

Response DefaultHttpResponse(decodeResult: success, version: HTTP/1.1)
HTTP/1.1 200 OK
Content-Type: application/json; charset=utf-8
cache-control: no-cache
content-length: 14

20:39:09.364 [AsyncHttpClient-1-11] DEBUG org.asynchttpclient.netty.channel.ChannelManager - Adding key: http://localhost:55962 for channel [id: 0x2e22bf94, L:/127.0.0.1:50016 - R:localhost/127.0.0.1:55962]
20:39:09.366 [Forwarding findElement on session 7a3d4cbdb98d92182af176d9c1d57473 to remote] DEBUG org.asynchttpclient.netty.request.NettyRequestSender - Using pooled Channel '[id: 0x2e22bf94, L:/127.0.0.1:50016 - R:localhost/127.0.0.1:55962]' for 'POST' to 'http://localhost:55962/session/7a3d4cbdb98d92182af176d9c1d57473/element'
20:39:09.366 [Forwarding findElement on session 7a3d4cbdb98d92182af176d9c1d57473 to remote] DEBUG org.asynchttpclient.netty.request.NettyRequestSender - Using open Channel [id: 0x2e22bf94, L:/127.0.0.1:50016 - R:localhost/127.0.0.1:55962] for POST '/session/7a3d4cbdb98d92182af176d9c1d57473/element'
20:39:09.374 [AsyncHttpClient-1-11] DEBUG org.asynchttpclient.netty.handler.HttpHandler - 

Request DefaultHttpRequest(decodeResult: success, version: HTTP/1.1)
POST /session/7a3d4cbdb98d92182af176d9c1d57473/element HTTP/1.1
User-Agent: selenium/4.1.2 (java windows)
Content-Length: 59
Content-Type: application/json; charset=utf-8
host: localhost:55962
accept: */*

Response DefaultHttpResponse(decodeResult: success, version: HTTP/1.1)
HTTP/1.1 200 OK
Content-Type: application/json; charset=utf-8
cache-control: no-cache
content-length: 88

20:39:09.374 [AsyncHttpClient-1-11] DEBUG org.asynchttpclient.netty.channel.ChannelManager - Adding key: http://localhost:55962 for channel [id: 0x2e22bf94, L:/127.0.0.1:50016 - R:localhost/127.0.0.1:55962]
20:39:09.378 [Forwarding isElementDisplayed on session 7a3d4cbdb98d92182af176d9c1d57473 to remote] DEBUG org.asynchttpclient.netty.request.NettyRequestSender - Using pooled Channel '[id: 0x2e22bf94, L:/127.0.0.1:50016 - R:localhost/127.0.0.1:55962]' for 'POST' to 'http://localhost:55962/session/7a3d4cbdb98d92182af176d9c1d57473/execute/sync'
20:39:09.378 [Forwarding isElementDisplayed on session 7a3d4cbdb98d92182af176d9c1d57473 to remote] DEBUG org.asynchttpclient.netty.request.NettyRequestSender - Using open Channel [id: 0x2e22bf94, L:/127.0.0.1:50016 - R:localhost/127.0.0.1:55962] for POST '/session/7a3d4cbdb98d92182af176d9c1d57473/execute/sync'
20:39:09.379 [AsyncHttpClient-1-1] DEBUG org.asynchttpclient.netty.channel.DefaultChannelPool - Entry count for : http://localhost:50017 : 1
20:39:09.392 [AsyncHttpClient-1-11] DEBUG org.asynchttpclient.netty.handler.HttpHandler - 

Request DefaultHttpRequest(decodeResult: success, version: HTTP/1.1)
POST /session/7a3d4cbdb98d92182af176d9c1d57473/execute/sync HTTP/1.1
User-Agent: selenium/4.1.2 (java windows)
Content-Length: 48780
Content-Type: application/json; charset=utf-8
host: localhost:55962
accept: */*

Response DefaultHttpResponse(decodeResult: success, version: HTTP/1.1)
HTTP/1.1 200 OK
Content-Type: application/json; charset=utf-8
cache-control: no-cache
content-length: 14

20:39:09.392 [AsyncHttpClient-1-11] DEBUG org.asynchttpclient.netty.channel.ChannelManager - Adding key: http://localhost:55962 for channel [id: 0x2e22bf94, L:/127.0.0.1:50016 - R:localhost/127.0.0.1:55962]
  &amp#27;[32mThen &amp#27;[0m&amp#27;[32mI get registered error&amp#27;[0m            &amp#27;[90m# starter.stepdefinitions.RegisterSteps.iGetRegisteredError()&amp#27;[0m
20:39:09.397 [Forwarding screenshot on session 7a3d4cbdb98d92182af176d9c1d57473 to remote] DEBUG org.asynchttpclient.netty.request.NettyRequestSender - Using pooled Channel '[id: 0x2e22bf94, L:/127.0.0.1:50016 - R:localhost/127.0.0.1:55962]' for 'GET' to 'http://localhost:55962/session/7a3d4cbdb98d92182af176d9c1d57473/screenshot'
20:39:09.397 [Forwarding screenshot on session 7a3d4cbdb98d92182af176d9c1d57473 to remote] DEBUG org.asynchttpclient.netty.request.NettyRequestSender - Using open Channel [id: 0x2e22bf94, L:/127.0.0.1:50016 - R:localhost/127.0.0.1:55962] for GET '/session/7a3d4cbdb98d92182af176d9c1d57473/screenshot'
20:39:09.601 [AsyncHttpClient-1-11] DEBUG org.asynchttpclient.netty.handler.HttpHandler - 

Request DefaultFullHttpRequest(decodeResult: success, version: HTTP/1.1, content: EmptyByteBufBE)
GET /session/7a3d4cbdb98d92182af176d9c1d57473/screenshot HTTP/1.1
User-Agent: selenium/4.1.2 (java windows)
Cache-Control: no-cache
Content-Type: application/json; charset=utf-8
host: localhost:55962
accept: */*

Response DefaultHttpResponse(decodeResult: success, version: HTTP/1.1)
HTTP/1.1 200 OK
Content-Type: application/json; charset=utf-8
cache-control: no-cache
content-length: 53416

20:39:09.601 [AsyncHttpClient-1-11] DEBUG org.asynchttpclient.netty.channel.ChannelManager - Adding key: http://localhost:55962 for channel [id: 0x2e22bf94, L:/127.0.0.1:50016 - R:localhost/127.0.0.1:55962]
20:39:09.603 [main] DEBUG net.serenitybdd.core.photography.Darkroom - Send negative for processing for target\site\serenity\20aac9ec1418cc657dd72648032db05eefd2fe03e990e38c7f1b0f08ecc19977.png
20:39:09.603 [Darkroom Processing Line] DEBUG net.serenitybdd.core.photography.DarkroomProcessingLine - Processing screenshot image in /var/screenshots/screenshot-13840767974990422703
20:39:09.603 [Darkroom Processing Line] DEBUG net.serenitybdd.core.photography.DarkroomProcessingLine - Saving screenshot to target\site\serenity\20aac9ec1418cc657dd72648032db05eefd2fe03e990e38c7f1b0f08ecc19977.png
20:39:09.604 [main] INFO  - 
  _____   ___   ___   _____     ___     _     ___   ___   ___   ___  
 |_   _| | __| / __| |_   _|   | _ \   /_\   / __| / __| | __| |   \ 
   | |   | _|  \__ \   | |     |  _/  / _ \  \__ \ \__ \ | _|  | |) |
   |_|   |___| |___/   |_|     |_|   /_/ \_\ |___/ |___/ |___| |___/ 

Register with registered email
----------------------------------------------------------------------
20:39:09.605 [AsyncHttpClient-1-13] DEBUG org.asynchttpclient.netty.handler.WebSocketHandler - Channel Closed: [id: 0xebef7816, L:/127.0.0.1:50025 ! R:localhost/127.0.0.1:50017] with attribute NettyResponseFuture{currentRetry=5,
	isDone=1,
	isCancelled=0,
	asyncHandler=org.asynchttpclient.ws.WebSocketUpgradeHandler@e0a4b15,
	nettyRequest=org.asynchttpclient.netty.request.NettyRequest@65a26849,
	future=java.util.concurrent.CompletableFuture@1b7006dd[Completed normally],
	uri=ws://localhost:50017/devtools/browser/c8ea1a55-a737-43d0-ac82-f9af82c8c93d,
	keepAlive=true,
	redirectCount=0,
	timeoutsHolder=null,
	inAuth=0,
	touch=1667223545673}
20:39:09.605 [AsyncHttpClient-1-13] DEBUG org.asynchttpclient.netty.channel.ChannelManager - Closing Channel [id: 0xebef7816, L:/127.0.0.1:50025 ! R:localhost/127.0.0.1:50017] 
20:39:09.605 [Driver Command Executor] DEBUG org.asynchttpclient.netty.request.NettyRequestSender - Using pooled Channel '[id: 0x2e22bf94, L:/127.0.0.1:50016 - R:localhost/127.0.0.1:55962]' for 'DELETE' to 'http://localhost:55962/session/7a3d4cbdb98d92182af176d9c1d57473'
20:39:09.605 [Driver Command Executor] DEBUG org.asynchttpclient.netty.request.NettyRequestSender - Using open Channel [id: 0x2e22bf94, L:/127.0.0.1:50016 - R:localhost/127.0.0.1:55962] for DELETE '/session/7a3d4cbdb98d92182af176d9c1d57473'
20:39:09.667 [AsyncHttpClient-1-12] DEBUG org.asynchttpclient.netty.handler.HttpHandler - Unexpected I/O exception on channel [id: 0x6f055471, L:/127.0.0.1:50024 - R:localhost/127.0.0.1:50017]
java.net.SocketException: Connection reset
	at java.base/sun.nio.ch.SocketChannelImpl.throwConnectionReset(SocketChannelImpl.java:345)
	at java.base/sun.nio.ch.SocketChannelImpl.read(SocketChannelImpl.java:376)
	at io.netty.buffer.PooledByteBuf.setBytes(PooledByteBuf.java:258)
	at io.netty.buffer.AbstractByteBuf.writeBytes(AbstractByteBuf.java:1132)
	at io.netty.channel.socket.nio.NioSocketChannel.doReadBytes(NioSocketChannel.java:350)
	at io.netty.channel.nio.AbstractNioByteChannel$NioByteUnsafe.read(AbstractNioByteChannel.java:151)
	at io.netty.channel.nio.NioEventLoop.processSelectedKey(NioEventLoop.java:722)
	at io.netty.channel.nio.NioEventLoop.processSelectedKeysOptimized(NioEventLoop.java:658)
	at io.netty.channel.nio.NioEventLoop.processSelectedKeys(NioEventLoop.java:584)
	at io.netty.channel.nio.NioEventLoop.run(NioEventLoop.java:496)
	at io.netty.util.concurrent.SingleThreadEventExecutor$4.run(SingleThreadEventExecutor.java:986)
	at io.netty.util.internal.ThreadExecutorMap$2.run(ThreadExecutorMap.java:74)
	at io.netty.util.concurrent.FastThreadLocalRunnable.run(FastThreadLocalRunnable.java:30)
	at java.base/java.lang.Thread.run(Thread.java:830)
20:39:09.667 [AsyncHttpClient-1-12] DEBUG org.asynchttpclient.netty.channel.ChannelManager - Closing Channel [id: 0x6f055471, L:/127.0.0.1:50024 - R:localhost/127.0.0.1:50017] 
20:39:09.667 [AsyncHttpClient-1-12] DEBUG org.asynchttpclient.netty.handler.HttpHandler - Channel Closed: [id: 0x6f055471, L:/127.0.0.1:50024 ! R:localhost/127.0.0.1:50017] with attribute DISCARD
20:39:09.684 [AsyncHttpClient-1-11] DEBUG org.asynchttpclient.netty.handler.HttpHandler - 

Request DefaultFullHttpRequest(decodeResult: success, version: HTTP/1.1, content: EmptyByteBufBE)
DELETE /session/7a3d4cbdb98d92182af176d9c1d57473 HTTP/1.1
User-Agent: selenium/4.1.2 (java windows)
Content-Type: application/json; charset=utf-8
host: localhost:55962
accept: */*

Response DefaultHttpResponse(decodeResult: success, version: HTTP/1.1)
HTTP/1.1 200 OK
Content-Type: application/json; charset=utf-8
cache-control: no-cache
content-length: 14

20:39:09.684 [AsyncHttpClient-1-11] DEBUG org.asynchttpclient.netty.channel.ChannelManager - Adding key: http://localhost:55962 for channel [id: 0x2e22bf94, L:/127.0.0.1:50016 - R:localhost/127.0.0.1:55962]
20:39:09.729 [AsyncHttpClient-1-11] DEBUG org.asynchttpclient.netty.handler.HttpHandler - Channel Closed: [id: 0x2e22bf94, L:/127.0.0.1:50016 ! R:localhost/127.0.0.1:55962] with attribute DISCARD
]]></system-out>
    <system-err><![CDATA[Starting ChromeDriver 106.0.5249.61 (511755355844955cd3e264779baf0dd38212a4d0-refs/branch-heads/5249@{#569}) on port 55962
Only local connections are allowed.
Please see https://chromedriver.chromium.org/security-considerations for suggestions on keeping ChromeDriver safe.
ChromeDriver was started successfully.
[1667223545.289][WARNING]: This version of ChromeDriver has not been tested with Chrome version 107.
Oct 31, 2022 8:39:05 PM org.openqa.selenium.remote.ProtocolHandshake createSession
INFO: Detected dialect: W3C
Oct 31, 2022 8:39:05 PM org.openqa.selenium.devtools.CdpVersionFinder findNearestMatch
WARNING: Unable to find an exact match for CDP version 107, so returning the closest version found: a no-op implementation
Oct 31, 2022 8:39:05 PM org.openqa.selenium.devtools.CdpVersionFinder findNearestMatch
INFO: Unable to find CDP implementation matching 107.
Oct 31, 2022 8:39:05 PM org.openqa.selenium.chromium.ChromiumDriver lambda$new$3
WARNING: Unable to find version of CDP to use for . You may need to include a dependency on a specific version of the CDP using something similar to `org.seleniumhq.selenium:selenium-devtools-v86:4.1.2` where the version ("v86") matches the version of the chromium-based browser you're using and the version number of the artifact is the same as Selenium's.
]]></system-err>
  </testcase>
  <testcase name="Register with username and email #1" classname="Register" time="6.618">
    <system-out><![CDATA[
Scenario Outline: Register with username and email &amp#27;[90m# src/test/resources/features/Register.feature:36&amp#27;[0m
20:39:10.267 [main] INFO io.cucumber.core.plugin.SerenityReporter - Running feature from file:///C:/Users/ASUS/Desktop/stupen/miniproject/Web/ASWeb/src/test/resources/features/Register.feature
20:39:10.270 [main] INFO  - 
  _____   ___   ___   _____     ___   _____     _     ___   _____   ___   ___  
 |_   _| | __| / __| |_   _|   / __| |_   _|   /_\   | _ \ |_   _| | __| |   \ 
   | |   | _|  \__ \   | |     \__ \   | |    / _ \  |   /   | |   | _|  | |) |
   |_|   |___| |___/   |_|     |___/   |_|   /_/ \_\ |_|_\   |_|   |___| |___/ 

Register with username and email(register;register-with-username-and-email)
--------------------------------------------------------------------------------
20:39:10.286 [main] INFO net.serenitybdd.core.webdriver.driverproviders.ChromeDriverProvider - Using automatically driver download
20:39:10.452 [main] DEBUG io.github.bonigarcia.wdm.cache.ResolutionCache - Resolution chrome=107 in cache (valid until 21:37:26 31/10/2022 WIB)
20:39:10.457 [main] DEBUG io.github.bonigarcia.wdm.cache.ResolutionCache - Resolution chrome107=107.0.5304.62 in cache (valid until 19:37:19 01/11/2022 WIB)
20:39:10.460 [main] INFO io.github.bonigarcia.wdm.WebDriverManager - Using chromedriver 107.0.5304.62 (resolved driver for Chrome 107)
20:39:10.471 [main] DEBUG io.github.bonigarcia.wdm.WebDriverManager - Driver chromedriver 107.0.5304.62 found in cache
20:39:10.472 [main] INFO io.github.bonigarcia.wdm.WebDriverManager - Exporting webdriver.chrome.driver as C:\Users\ASUS\.cache\selenium\chromedriver\win32\107.0.5304.62\chromedriver.exe
20:39:10.479 [AsyncHttpClient-1-1] DEBUG org.asynchttpclient.netty.channel.DefaultChannelPool - Entry count for : http://localhost:50017 : 1
20:39:10.479 [AsyncHttpClient-1-1] DEBUG org.asynchttpclient.netty.channel.DefaultChannelPool - Entry count for : http://localhost:55962 : 1
20:39:10.479 [AsyncHttpClient-1-1] DEBUG org.asynchttpclient.netty.channel.DefaultChannelPool - Adding Candidate expired Channel [id: 0x6f055471, L:/127.0.0.1:50024 ! R:localhost/127.0.0.1:50017] isIdleTimeoutExpired=false isRemotelyClosed=true isTtlExpired=false
20:39:10.479 [AsyncHttpClient-1-1] DEBUG org.asynchttpclient.netty.channel.DefaultChannelPool - Closing Idle Channel [id: 0x6f055471, L:/127.0.0.1:50024 ! R:localhost/127.0.0.1:50017]
20:39:10.479 [AsyncHttpClient-1-1] DEBUG org.asynchttpclient.netty.channel.DefaultChannelPool - Adding Candidate expired Channel [id: 0x2e22bf94, L:/127.0.0.1:50016 ! R:localhost/127.0.0.1:55962] isIdleTimeoutExpired=false isRemotelyClosed=true isTtlExpired=false
20:39:10.479 [AsyncHttpClient-1-1] DEBUG org.asynchttpclient.netty.channel.DefaultChannelPool - Closing Idle Channel [id: 0x2e22bf94, L:/127.0.0.1:50016 ! R:localhost/127.0.0.1:55962]
20:39:10.479 [AsyncHttpClient-1-1] DEBUG org.asynchttpclient.netty.channel.DefaultChannelPool - Closed 2 connections out of 2 in 0 ms
20:39:10.637 [main] DEBUG net.serenitybdd.core.webdriver.driverproviders.ProvideNewDriver - Instantiating driver
20:39:10.637 [main] DEBUG net.serenitybdd.core.webdriver.driverproviders.ProvideNewDriver - Driver capabilities: Capabilities {acceptInsecureCerts: false, base.url: https://alta-shop.vercel.app/, browserName: chrome, chrome.driver: src/test/resources/webdrive..., driver: chrome, goog:chromeOptions: {args: [], extensions: []}, wait.for.timeout: 10000}
20:39:11.186 [AsyncHttpClient-1-14] DEBUG org.asynchttpclient.netty.channel.NettyConnectListener - Using new Channel '[id: 0xc84d2ca8, L:/127.0.0.1:50044 - R:localhost/127.0.0.1:52767]' for 'POST' to '/session'
20:39:12.153 [AsyncHttpClient-1-14] DEBUG org.asynchttpclient.netty.handler.HttpHandler - 

Request DefaultHttpRequest(decodeResult: success, version: HTTP/1.1)
POST /session HTTP/1.1
User-Agent: selenium/4.1.2 (java windows)
Content-Length: 646
Content-Type: application/json; charset=utf-8
host: localhost:52767
accept: */*

Response DefaultHttpResponse(decodeResult: success, version: HTTP/1.1)
HTTP/1.1 200 OK
Content-Type: application/json; charset=utf-8
cache-control: no-cache
content-length: 788

20:39:12.153 [AsyncHttpClient-1-14] DEBUG org.asynchttpclient.netty.channel.ChannelManager - Adding key: http://localhost:52767 for channel [id: 0xc84d2ca8, L:/127.0.0.1:50044 - R:localhost/127.0.0.1:52767]
20:39:12.164 [AsyncHttpClient-1-15] DEBUG org.asynchttpclient.netty.channel.NettyConnectListener - Using new Channel '[id: 0x1cef3f99, L:/127.0.0.1:50053 - R:localhost/127.0.0.1:50045]' for 'GET' to '/json/version'
20:39:12.164 [AsyncHttpClient-1-15] DEBUG org.asynchttpclient.netty.handler.HttpHandler - 

Request DefaultFullHttpRequest(decodeResult: success, version: HTTP/1.1, content: EmptyByteBufBE)
GET /json/version HTTP/1.1
User-Agent: selenium/4.1.2 (java windows)
host: localhost:50045
accept: */*

Response DefaultHttpResponse(decodeResult: success, version: HTTP/1.1)
HTTP/1.1 200 OK
Content-Type: application/json; charset=UTF-8
content-length: 423

20:39:12.165 [AsyncHttpClient-1-15] DEBUG org.asynchttpclient.netty.channel.ChannelManager - Adding key: http://localhost:50045 for channel [id: 0x1cef3f99, L:/127.0.0.1:50053 - R:localhost/127.0.0.1:50045]
20:39:12.167 [AsyncHttpClient-1-16] DEBUG org.asynchttpclient.netty.channel.NettyConnectListener - Using new Channel '[id: 0x3bd3e7b2, L:/127.0.0.1:50054 - R:localhost/127.0.0.1:50045]' for 'GET' to '/devtools/browser/d3f5cba1-cd01-4256-8c62-b737a0013384'
20:39:12.168 [AsyncHttpClient-1-16] DEBUG org.asynchttpclient.netty.handler.WebSocketHandler - 

Request DefaultFullHttpRequest(decodeResult: success, version: HTTP/1.1, content: EmptyByteBufBE)
GET /devtools/browser/d3f5cba1-cd01-4256-8c62-b737a0013384 HTTP/1.1
upgrade: websocket
connection: upgrade
sec-websocket-key: +may3tA3BWhnGL/+6N3XVg==
sec-websocket-version: 13
origin: http://localhost:50045
host: localhost:50045
accept: */*
user-agent: AHC/2.1

Response DefaultHttpResponse(decodeResult: success, version: HTTP/1.1)
HTTP/1.1 101 WebSocket Protocol Handshake
Upgrade: WebSocket
Connection: Upgrade
Sec-WebSocket-Accept: Zv7Xgy4mBp1u2Vt2jpwv5sN9vh4=

20:39:12.173 [Forwarding get on session 5902f3b3f5372a69b3dcdb6aebbbe1a9 to remote] DEBUG org.asynchttpclient.netty.request.NettyRequestSender - Using pooled Channel '[id: 0xc84d2ca8, L:/127.0.0.1:50044 - R:localhost/127.0.0.1:52767]' for 'POST' to 'http://localhost:52767/session/5902f3b3f5372a69b3dcdb6aebbbe1a9/url'
20:39:12.173 [Forwarding get on session 5902f3b3f5372a69b3dcdb6aebbbe1a9 to remote] DEBUG org.asynchttpclient.netty.request.NettyRequestSender - Using open Channel [id: 0xc84d2ca8, L:/127.0.0.1:50044 - R:localhost/127.0.0.1:52767] for POST '/session/5902f3b3f5372a69b3dcdb6aebbbe1a9/url'
20:39:12.694 [AsyncHttpClient-1-1] DEBUG org.asynchttpclient.netty.channel.DefaultChannelPool - Entry count for : http://localhost:50045 : 1
20:39:12.774 [AsyncHttpClient-1-14] DEBUG org.asynchttpclient.netty.handler.HttpHandler - 

Request DefaultHttpRequest(decodeResult: success, version: HTTP/1.1)
POST /session/5902f3b3f5372a69b3dcdb6aebbbe1a9/url HTTP/1.1
User-Agent: selenium/4.1.2 (java windows)
Content-Length: 77
Content-Type: application/json; charset=utf-8
host: localhost:52767
accept: */*

Response DefaultHttpResponse(decodeResult: success, version: HTTP/1.1)
HTTP/1.1 200 OK
Content-Type: application/json; charset=utf-8
cache-control: no-cache
content-length: 14

20:39:12.774 [AsyncHttpClient-1-14] DEBUG org.asynchttpclient.netty.channel.ChannelManager - Adding key: http://localhost:52767 for channel [id: 0xc84d2ca8, L:/127.0.0.1:50044 - R:localhost/127.0.0.1:52767]
20:39:12.776 [Forwarding setTimeout on session 5902f3b3f5372a69b3dcdb6aebbbe1a9 to remote] DEBUG org.asynchttpclient.netty.request.NettyRequestSender - Using pooled Channel '[id: 0xc84d2ca8, L:/127.0.0.1:50044 - R:localhost/127.0.0.1:52767]' for 'POST' to 'http://localhost:52767/session/5902f3b3f5372a69b3dcdb6aebbbe1a9/timeouts'
20:39:12.776 [Forwarding setTimeout on session 5902f3b3f5372a69b3dcdb6aebbbe1a9 to remote] DEBUG org.asynchttpclient.netty.request.NettyRequestSender - Using open Channel [id: 0xc84d2ca8, L:/127.0.0.1:50044 - R:localhost/127.0.0.1:52767] for POST '/session/5902f3b3f5372a69b3dcdb6aebbbe1a9/timeouts'
20:39:12.776 [AsyncHttpClient-1-14] DEBUG org.asynchttpclient.netty.handler.HttpHandler - 

Request DefaultHttpRequest(decodeResult: success, version: HTTP/1.1)
POST /session/5902f3b3f5372a69b3dcdb6aebbbe1a9/timeouts HTTP/1.1
User-Agent: selenium/4.1.2 (java windows)
Content-Length: 22
Content-Type: application/json; charset=utf-8
host: localhost:52767
accept: */*

Response DefaultHttpResponse(decodeResult: success, version: HTTP/1.1)
HTTP/1.1 200 OK
Content-Type: application/json; charset=utf-8
cache-control: no-cache
content-length: 14

20:39:12.776 [AsyncHttpClient-1-14] DEBUG org.asynchttpclient.netty.channel.ChannelManager - Adding key: http://localhost:52767 for channel [id: 0xc84d2ca8, L:/127.0.0.1:50044 - R:localhost/127.0.0.1:52767]
20:39:12.779 [Forwarding getCurrentUrl on session 5902f3b3f5372a69b3dcdb6aebbbe1a9 to remote] DEBUG org.asynchttpclient.netty.request.NettyRequestSender - Using pooled Channel '[id: 0xc84d2ca8, L:/127.0.0.1:50044 - R:localhost/127.0.0.1:52767]' for 'GET' to 'http://localhost:52767/session/5902f3b3f5372a69b3dcdb6aebbbe1a9/url'
20:39:12.779 [Forwarding getCurrentUrl on session 5902f3b3f5372a69b3dcdb6aebbbe1a9 to remote] DEBUG org.asynchttpclient.netty.request.NettyRequestSender - Using open Channel [id: 0xc84d2ca8, L:/127.0.0.1:50044 - R:localhost/127.0.0.1:52767] for GET '/session/5902f3b3f5372a69b3dcdb6aebbbe1a9/url'
20:39:12.784 [AsyncHttpClient-1-14] DEBUG org.asynchttpclient.netty.handler.HttpHandler - 

Request DefaultFullHttpRequest(decodeResult: success, version: HTTP/1.1, content: EmptyByteBufBE)
GET /session/5902f3b3f5372a69b3dcdb6aebbbe1a9/url HTTP/1.1
User-Agent: selenium/4.1.2 (java windows)
Cache-Control: no-cache
Content-Type: application/json; charset=utf-8
host: localhost:52767
accept: */*

Response DefaultHttpResponse(decodeResult: success, version: HTTP/1.1)
HTTP/1.1 200 OK
Content-Type: application/json; charset=utf-8
cache-control: no-cache
content-length: 54

20:39:12.784 [AsyncHttpClient-1-14] DEBUG org.asynchttpclient.netty.channel.ChannelManager - Adding key: http://localhost:52767 for channel [id: 0xc84d2ca8, L:/127.0.0.1:50044 - R:localhost/127.0.0.1:52767]
  &amp#27;[32mGiven &amp#27;[0m&amp#27;[32mI open register page&amp#27;[0m                       &amp#27;[90m# starter.stepdefinitions.RegisterSteps.iOpenRegisterPage()&amp#27;[0m
20:39:12.792 [Forwarding screenshot on session 5902f3b3f5372a69b3dcdb6aebbbe1a9 to remote] DEBUG org.asynchttpclient.netty.request.NettyRequestSender - Using pooled Channel '[id: 0xc84d2ca8, L:/127.0.0.1:50044 - R:localhost/127.0.0.1:52767]' for 'GET' to 'http://localhost:52767/session/5902f3b3f5372a69b3dcdb6aebbbe1a9/screenshot'
20:39:12.792 [Forwarding screenshot on session 5902f3b3f5372a69b3dcdb6aebbbe1a9 to remote] DEBUG org.asynchttpclient.netty.request.NettyRequestSender - Using open Channel [id: 0xc84d2ca8, L:/127.0.0.1:50044 - R:localhost/127.0.0.1:52767] for GET '/session/5902f3b3f5372a69b3dcdb6aebbbe1a9/screenshot'
20:39:13.234 [AsyncHttpClient-1-14] DEBUG org.asynchttpclient.netty.handler.HttpHandler - 

Request DefaultFullHttpRequest(decodeResult: success, version: HTTP/1.1, content: EmptyByteBufBE)
GET /session/5902f3b3f5372a69b3dcdb6aebbbe1a9/screenshot HTTP/1.1
User-Agent: selenium/4.1.2 (java windows)
Cache-Control: no-cache
Content-Type: application/json; charset=utf-8
host: localhost:52767
accept: */*

Response DefaultHttpResponse(decodeResult: success, version: HTTP/1.1)
HTTP/1.1 200 OK
Content-Type: application/json; charset=utf-8
cache-control: no-cache
content-length: 45380

20:39:13.234 [AsyncHttpClient-1-14] DEBUG org.asynchttpclient.netty.channel.ChannelManager - Adding key: http://localhost:52767 for channel [id: 0xc84d2ca8, L:/127.0.0.1:50044 - R:localhost/127.0.0.1:52767]
20:39:13.235 [main] DEBUG net.serenitybdd.core.photography.Darkroom - Send negative for processing for target\site\serenity\74af2a90e11b4e8cdcc90c8b8f2efe0850d173caaf4338fdd4e69cc971e1b305.png
20:39:13.242 [Forwarding findElement on session 5902f3b3f5372a69b3dcdb6aebbbe1a9 to remote] DEBUG org.asynchttpclient.netty.request.NettyRequestSender - Using pooled Channel '[id: 0xc84d2ca8, L:/127.0.0.1:50044 - R:localhost/127.0.0.1:52767]' for 'POST' to 'http://localhost:52767/session/5902f3b3f5372a69b3dcdb6aebbbe1a9/element'
20:39:13.242 [Forwarding findElement on session 5902f3b3f5372a69b3dcdb6aebbbe1a9 to remote] DEBUG org.asynchttpclient.netty.request.NettyRequestSender - Using open Channel [id: 0xc84d2ca8, L:/127.0.0.1:50044 - R:localhost/127.0.0.1:52767] for POST '/session/5902f3b3f5372a69b3dcdb6aebbbe1a9/element'
20:39:13.254 [AsyncHttpClient-1-14] DEBUG org.asynchttpclient.netty.handler.HttpHandler - 

Request DefaultHttpRequest(decodeResult: success, version: HTTP/1.1)
POST /session/5902f3b3f5372a69b3dcdb6aebbbe1a9/element HTTP/1.1
User-Agent: selenium/4.1.2 (java windows)
Content-Length: 94
Content-Type: application/json; charset=utf-8
host: localhost:52767
accept: */*

Response DefaultHttpResponse(decodeResult: success, version: HTTP/1.1)
HTTP/1.1 200 OK
Content-Type: application/json; charset=utf-8
cache-control: no-cache
content-length: 88

20:39:13.254 [AsyncHttpClient-1-14] DEBUG org.asynchttpclient.netty.channel.ChannelManager - Adding key: http://localhost:52767 for channel [id: 0xc84d2ca8, L:/127.0.0.1:50044 - R:localhost/127.0.0.1:52767]
20:39:13.255 [Forwarding clearElement on session 5902f3b3f5372a69b3dcdb6aebbbe1a9 to remote] DEBUG org.asynchttpclient.netty.request.NettyRequestSender - Using pooled Channel '[id: 0xc84d2ca8, L:/127.0.0.1:50044 - R:localhost/127.0.0.1:52767]' for 'POST' to 'http://localhost:52767/session/5902f3b3f5372a69b3dcdb6aebbbe1a9/element/99d48224-00ab-46e8-b1bc-5c2a10254534/clear'
20:39:13.255 [Forwarding clearElement on session 5902f3b3f5372a69b3dcdb6aebbbe1a9 to remote] DEBUG org.asynchttpclient.netty.request.NettyRequestSender - Using open Channel [id: 0xc84d2ca8, L:/127.0.0.1:50044 - R:localhost/127.0.0.1:52767] for POST '/session/5902f3b3f5372a69b3dcdb6aebbbe1a9/element/99d48224-00ab-46e8-b1bc-5c2a10254534/clear'
20:39:13.289 [AsyncHttpClient-1-14] DEBUG org.asynchttpclient.netty.handler.HttpHandler - 

Request DefaultHttpRequest(decodeResult: success, version: HTTP/1.1)
POST /session/5902f3b3f5372a69b3dcdb6aebbbe1a9/element/99d48224-00ab-46e8-b1bc-5c2a10254534/clear HTTP/1.1
User-Agent: selenium/4.1.2 (java windows)
Content-Length: 50
Content-Type: application/json; charset=utf-8
host: localhost:52767
accept: */*

Response DefaultHttpResponse(decodeResult: success, version: HTTP/1.1)
HTTP/1.1 200 OK
Content-Type: application/json; charset=utf-8
cache-control: no-cache
content-length: 14

20:39:13.289 [AsyncHttpClient-1-14] DEBUG org.asynchttpclient.netty.channel.ChannelManager - Adding key: http://localhost:52767 for channel [id: 0xc84d2ca8, L:/127.0.0.1:50044 - R:localhost/127.0.0.1:52767]
20:39:13.290 [Forwarding sendKeysToElement on session 5902f3b3f5372a69b3dcdb6aebbbe1a9 to remote] DEBUG org.asynchttpclient.netty.request.NettyRequestSender - Using pooled Channel '[id: 0xc84d2ca8, L:/127.0.0.1:50044 - R:localhost/127.0.0.1:52767]' for 'POST' to 'http://localhost:52767/session/5902f3b3f5372a69b3dcdb6aebbbe1a9/element/99d48224-00ab-46e8-b1bc-5c2a10254534/value'
20:39:13.290 [Forwarding sendKeysToElement on session 5902f3b3f5372a69b3dcdb6aebbbe1a9 to remote] DEBUG org.asynchttpclient.netty.request.NettyRequestSender - Using open Channel [id: 0xc84d2ca8, L:/127.0.0.1:50044 - R:localhost/127.0.0.1:52767] for POST '/session/5902f3b3f5372a69b3dcdb6aebbbe1a9/element/99d48224-00ab-46e8-b1bc-5c2a10254534/value'
20:39:13.330 [AsyncHttpClient-1-14] DEBUG org.asynchttpclient.netty.handler.HttpHandler - 

Request DefaultHttpRequest(decodeResult: success, version: HTTP/1.1)
POST /session/5902f3b3f5372a69b3dcdb6aebbbe1a9/element/99d48224-00ab-46e8-b1bc-5c2a10254534/value HTTP/1.1
User-Agent: selenium/4.1.2 (java windows)
Content-Length: 82
Content-Type: application/json; charset=utf-8
host: localhost:52767
accept: */*

Response DefaultHttpResponse(decodeResult: success, version: HTTP/1.1)
HTTP/1.1 200 OK
Content-Type: application/json; charset=utf-8
cache-control: no-cache
content-length: 14

20:39:13.330 [AsyncHttpClient-1-14] DEBUG org.asynchttpclient.netty.channel.ChannelManager - Adding key: http://localhost:52767 for channel [id: 0xc84d2ca8, L:/127.0.0.1:50044 - R:localhost/127.0.0.1:52767]
  &amp#27;[32mWhen &amp#27;[0m&amp#27;[32mI insert &amp#27;[0m&amp#27;[32m&amp#27;[1m""&amp#27;[0m&amp#27;[32m as full name&amp#27;[0m                    &amp#27;[90m# starter.stepdefinitions.RegisterSteps.iInsertFullnameAsFullName(java.lang.String)&amp#27;[0m
20:39:13.341 [Forwarding screenshot on session 5902f3b3f5372a69b3dcdb6aebbbe1a9 to remote] DEBUG org.asynchttpclient.netty.request.NettyRequestSender - Using pooled Channel '[id: 0xc84d2ca8, L:/127.0.0.1:50044 - R:localhost/127.0.0.1:52767]' for 'GET' to 'http://localhost:52767/session/5902f3b3f5372a69b3dcdb6aebbbe1a9/screenshot'
20:39:13.341 [Forwarding screenshot on session 5902f3b3f5372a69b3dcdb6aebbbe1a9 to remote] DEBUG org.asynchttpclient.netty.request.NettyRequestSender - Using open Channel [id: 0xc84d2ca8, L:/127.0.0.1:50044 - R:localhost/127.0.0.1:52767] for GET '/session/5902f3b3f5372a69b3dcdb6aebbbe1a9/screenshot'
20:39:13.575 [AsyncHttpClient-1-14] DEBUG org.asynchttpclient.netty.handler.HttpHandler - 

Request DefaultFullHttpRequest(decodeResult: success, version: HTTP/1.1, content: EmptyByteBufBE)
GET /session/5902f3b3f5372a69b3dcdb6aebbbe1a9/screenshot HTTP/1.1
User-Agent: selenium/4.1.2 (java windows)
Cache-Control: no-cache
Content-Type: application/json; charset=utf-8
host: localhost:52767
accept: */*

Response DefaultHttpResponse(decodeResult: success, version: HTTP/1.1)
HTTP/1.1 200 OK
Content-Type: application/json; charset=utf-8
cache-control: no-cache
content-length: 45168

20:39:13.575 [AsyncHttpClient-1-14] DEBUG org.asynchttpclient.netty.channel.ChannelManager - Adding key: http://localhost:52767 for channel [id: 0xc84d2ca8, L:/127.0.0.1:50044 - R:localhost/127.0.0.1:52767]
20:39:13.578 [main] DEBUG net.serenitybdd.core.photography.Darkroom - Send negative for processing for target\site\serenity\2f3a26eede15e1bd3284860dd35bf679b944aaaa57068e5717124cc172e904e5.png
20:39:13.578 [Darkroom Processing Line] DEBUG net.serenitybdd.core.photography.DarkroomProcessingLine - Processing screenshot image in /var/screenshots/screenshot-11620604315409489822
20:39:13.578 [Darkroom Processing Line] DEBUG net.serenitybdd.core.photography.DarkroomProcessingLine - Saving screenshot to target\site\serenity\2f3a26eede15e1bd3284860dd35bf679b944aaaa57068e5717124cc172e904e5.png
20:39:13.585 [Forwarding findElement on session 5902f3b3f5372a69b3dcdb6aebbbe1a9 to remote] DEBUG org.asynchttpclient.netty.request.NettyRequestSender - Using pooled Channel '[id: 0xc84d2ca8, L:/127.0.0.1:50044 - R:localhost/127.0.0.1:52767]' for 'POST' to 'http://localhost:52767/session/5902f3b3f5372a69b3dcdb6aebbbe1a9/element'
20:39:13.585 [Forwarding findElement on session 5902f3b3f5372a69b3dcdb6aebbbe1a9 to remote] DEBUG org.asynchttpclient.netty.request.NettyRequestSender - Using open Channel [id: 0xc84d2ca8, L:/127.0.0.1:50044 - R:localhost/127.0.0.1:52767] for POST '/session/5902f3b3f5372a69b3dcdb6aebbbe1a9/element'
20:39:13.597 [AsyncHttpClient-1-14] DEBUG org.asynchttpclient.netty.handler.HttpHandler - 

Request DefaultHttpRequest(decodeResult: success, version: HTTP/1.1)
POST /session/5902f3b3f5372a69b3dcdb6aebbbe1a9/element HTTP/1.1
User-Agent: selenium/4.1.2 (java windows)
Content-Length: 87
Content-Type: application/json; charset=utf-8
host: localhost:52767
accept: */*

Response DefaultHttpResponse(decodeResult: success, version: HTTP/1.1)
HTTP/1.1 200 OK
Content-Type: application/json; charset=utf-8
cache-control: no-cache
content-length: 88

20:39:13.598 [AsyncHttpClient-1-14] DEBUG org.asynchttpclient.netty.channel.ChannelManager - Adding key: http://localhost:52767 for channel [id: 0xc84d2ca8, L:/127.0.0.1:50044 - R:localhost/127.0.0.1:52767]
20:39:13.598 [Forwarding clearElement on session 5902f3b3f5372a69b3dcdb6aebbbe1a9 to remote] DEBUG org.asynchttpclient.netty.request.NettyRequestSender - Using pooled Channel '[id: 0xc84d2ca8, L:/127.0.0.1:50044 - R:localhost/127.0.0.1:52767]' for 'POST' to 'http://localhost:52767/session/5902f3b3f5372a69b3dcdb6aebbbe1a9/element/7c44a3e3-e8a8-4c39-ba64-0e50ba9cd8cb/clear'
20:39:13.598 [Forwarding clearElement on session 5902f3b3f5372a69b3dcdb6aebbbe1a9 to remote] DEBUG org.asynchttpclient.netty.request.NettyRequestSender - Using open Channel [id: 0xc84d2ca8, L:/127.0.0.1:50044 - R:localhost/127.0.0.1:52767] for POST '/session/5902f3b3f5372a69b3dcdb6aebbbe1a9/element/7c44a3e3-e8a8-4c39-ba64-0e50ba9cd8cb/clear'
20:39:13.634 [AsyncHttpClient-1-14] DEBUG org.asynchttpclient.netty.handler.HttpHandler - 

Request DefaultHttpRequest(decodeResult: success, version: HTTP/1.1)
POST /session/5902f3b3f5372a69b3dcdb6aebbbe1a9/element/7c44a3e3-e8a8-4c39-ba64-0e50ba9cd8cb/clear HTTP/1.1
User-Agent: selenium/4.1.2 (java windows)
Content-Length: 50
Content-Type: application/json; charset=utf-8
host: localhost:52767
accept: */*

Response DefaultHttpResponse(decodeResult: success, version: HTTP/1.1)
HTTP/1.1 200 OK
Content-Type: application/json; charset=utf-8
cache-control: no-cache
content-length: 14

20:39:13.634 [AsyncHttpClient-1-14] DEBUG org.asynchttpclient.netty.channel.ChannelManager - Adding key: http://localhost:52767 for channel [id: 0xc84d2ca8, L:/127.0.0.1:50044 - R:localhost/127.0.0.1:52767]
20:39:13.636 [Forwarding sendKeysToElement on session 5902f3b3f5372a69b3dcdb6aebbbe1a9 to remote] DEBUG org.asynchttpclient.netty.request.NettyRequestSender - Using pooled Channel '[id: 0xc84d2ca8, L:/127.0.0.1:50044 - R:localhost/127.0.0.1:52767]' for 'POST' to 'http://localhost:52767/session/5902f3b3f5372a69b3dcdb6aebbbe1a9/element/7c44a3e3-e8a8-4c39-ba64-0e50ba9cd8cb/value'
20:39:13.636 [Forwarding sendKeysToElement on session 5902f3b3f5372a69b3dcdb6aebbbe1a9 to remote] DEBUG org.asynchttpclient.netty.request.NettyRequestSender - Using open Channel [id: 0xc84d2ca8, L:/127.0.0.1:50044 - R:localhost/127.0.0.1:52767] for POST '/session/5902f3b3f5372a69b3dcdb6aebbbe1a9/element/7c44a3e3-e8a8-4c39-ba64-0e50ba9cd8cb/value'
20:39:13.759 [AsyncHttpClient-1-14] DEBUG org.asynchttpclient.netty.handler.HttpHandler - 

Request DefaultHttpRequest(decodeResult: success, version: HTTP/1.1)
POST /session/5902f3b3f5372a69b3dcdb6aebbbe1a9/element/7c44a3e3-e8a8-4c39-ba64-0e50ba9cd8cb/value HTTP/1.1
User-Agent: selenium/4.1.2 (java windows)
Content-Length: 231
Content-Type: application/json; charset=utf-8
host: localhost:52767
accept: */*

Response DefaultHttpResponse(decodeResult: success, version: HTTP/1.1)
HTTP/1.1 200 OK
Content-Type: application/json; charset=utf-8
cache-control: no-cache
content-length: 14

20:39:13.759 [AsyncHttpClient-1-14] DEBUG org.asynchttpclient.netty.channel.ChannelManager - Adding key: http://localhost:52767 for channel [id: 0xc84d2ca8, L:/127.0.0.1:50044 - R:localhost/127.0.0.1:52767]
  &amp#27;[32mAnd &amp#27;[0m&amp#27;[32mI insert &amp#27;[0m&amp#27;[32m&amp#27;[1m"simail@mail.com"&amp#27;[0m&amp#27;[32m as email&amp#27;[0m          &amp#27;[90m# starter.stepdefinitions.RegisterSteps.iInsertEmailAsEmail(java.lang.String)&amp#27;[0m
20:39:13.766 [Forwarding screenshot on session 5902f3b3f5372a69b3dcdb6aebbbe1a9 to remote] DEBUG org.asynchttpclient.netty.request.NettyRequestSender - Using pooled Channel '[id: 0xc84d2ca8, L:/127.0.0.1:50044 - R:localhost/127.0.0.1:52767]' for 'GET' to 'http://localhost:52767/session/5902f3b3f5372a69b3dcdb6aebbbe1a9/screenshot'
20:39:13.766 [Forwarding screenshot on session 5902f3b3f5372a69b3dcdb6aebbbe1a9 to remote] DEBUG org.asynchttpclient.netty.request.NettyRequestSender - Using open Channel [id: 0xc84d2ca8, L:/127.0.0.1:50044 - R:localhost/127.0.0.1:52767] for GET '/session/5902f3b3f5372a69b3dcdb6aebbbe1a9/screenshot'
20:39:13.779 [AsyncHttpClient-1-1] DEBUG org.asynchttpclient.netty.channel.DefaultChannelPool - Entry count for : http://localhost:50045 : 1
20:39:13.974 [AsyncHttpClient-1-14] DEBUG org.asynchttpclient.netty.handler.HttpHandler - 

Request DefaultFullHttpRequest(decodeResult: success, version: HTTP/1.1, content: EmptyByteBufBE)
GET /session/5902f3b3f5372a69b3dcdb6aebbbe1a9/screenshot HTTP/1.1
User-Agent: selenium/4.1.2 (java windows)
Cache-Control: no-cache
Content-Type: application/json; charset=utf-8
host: localhost:52767
accept: */*

Response DefaultHttpResponse(decodeResult: success, version: HTTP/1.1)
HTTP/1.1 200 OK
Content-Type: application/json; charset=utf-8
cache-control: no-cache
content-length: 52900

20:39:13.975 [AsyncHttpClient-1-14] DEBUG org.asynchttpclient.netty.channel.ChannelManager - Adding key: http://localhost:52767 for channel [id: 0xc84d2ca8, L:/127.0.0.1:50044 - R:localhost/127.0.0.1:52767]
20:39:13.976 [main] DEBUG net.serenitybdd.core.photography.Darkroom - Send negative for processing for target\site\serenity\3e1afca95399dfc5d87d0bcf65aa16a5ffa5edf4079cd31341b6bfa27a0bb857.png
20:39:13.977 [Darkroom Processing Line] DEBUG net.serenitybdd.core.photography.DarkroomProcessingLine - Processing screenshot image in /var/screenshots/screenshot-1044653750304024379
20:39:13.977 [Darkroom Processing Line] DEBUG net.serenitybdd.core.photography.DarkroomProcessingLine - Saving screenshot to target\site\serenity\3e1afca95399dfc5d87d0bcf65aa16a5ffa5edf4079cd31341b6bfa27a0bb857.png
20:39:13.993 [Forwarding findElement on session 5902f3b3f5372a69b3dcdb6aebbbe1a9 to remote] DEBUG org.asynchttpclient.netty.request.NettyRequestSender - Using pooled Channel '[id: 0xc84d2ca8, L:/127.0.0.1:50044 - R:localhost/127.0.0.1:52767]' for 'POST' to 'http://localhost:52767/session/5902f3b3f5372a69b3dcdb6aebbbe1a9/element'
20:39:13.993 [Forwarding findElement on session 5902f3b3f5372a69b3dcdb6aebbbe1a9 to remote] DEBUG org.asynchttpclient.netty.request.NettyRequestSender - Using open Channel [id: 0xc84d2ca8, L:/127.0.0.1:50044 - R:localhost/127.0.0.1:52767] for POST '/session/5902f3b3f5372a69b3dcdb6aebbbe1a9/element'
20:39:14.009 [AsyncHttpClient-1-14] DEBUG org.asynchttpclient.netty.handler.HttpHandler - 

Request DefaultHttpRequest(decodeResult: success, version: HTTP/1.1)
POST /session/5902f3b3f5372a69b3dcdb6aebbbe1a9/element HTTP/1.1
User-Agent: selenium/4.1.2 (java windows)
Content-Length: 90
Content-Type: application/json; charset=utf-8
host: localhost:52767
accept: */*

Response DefaultHttpResponse(decodeResult: success, version: HTTP/1.1)
HTTP/1.1 200 OK
Content-Type: application/json; charset=utf-8
cache-control: no-cache
content-length: 88

20:39:14.009 [AsyncHttpClient-1-14] DEBUG org.asynchttpclient.netty.channel.ChannelManager - Adding key: http://localhost:52767 for channel [id: 0xc84d2ca8, L:/127.0.0.1:50044 - R:localhost/127.0.0.1:52767]
20:39:14.011 [Forwarding clearElement on session 5902f3b3f5372a69b3dcdb6aebbbe1a9 to remote] DEBUG org.asynchttpclient.netty.request.NettyRequestSender - Using pooled Channel '[id: 0xc84d2ca8, L:/127.0.0.1:50044 - R:localhost/127.0.0.1:52767]' for 'POST' to 'http://localhost:52767/session/5902f3b3f5372a69b3dcdb6aebbbe1a9/element/a1f7d23c-fe42-4fcc-a1b0-fd32b5d8cc2e/clear'
20:39:14.011 [Forwarding clearElement on session 5902f3b3f5372a69b3dcdb6aebbbe1a9 to remote] DEBUG org.asynchttpclient.netty.request.NettyRequestSender - Using open Channel [id: 0xc84d2ca8, L:/127.0.0.1:50044 - R:localhost/127.0.0.1:52767] for POST '/session/5902f3b3f5372a69b3dcdb6aebbbe1a9/element/a1f7d23c-fe42-4fcc-a1b0-fd32b5d8cc2e/clear'
20:39:14.063 [AsyncHttpClient-1-14] DEBUG org.asynchttpclient.netty.handler.HttpHandler - 

Request DefaultHttpRequest(decodeResult: success, version: HTTP/1.1)
POST /session/5902f3b3f5372a69b3dcdb6aebbbe1a9/element/a1f7d23c-fe42-4fcc-a1b0-fd32b5d8cc2e/clear HTTP/1.1
User-Agent: selenium/4.1.2 (java windows)
Content-Length: 50
Content-Type: application/json; charset=utf-8
host: localhost:52767
accept: */*

Response DefaultHttpResponse(decodeResult: success, version: HTTP/1.1)
HTTP/1.1 200 OK
Content-Type: application/json; charset=utf-8
cache-control: no-cache
content-length: 14

20:39:14.063 [AsyncHttpClient-1-14] DEBUG org.asynchttpclient.netty.channel.ChannelManager - Adding key: http://localhost:52767 for channel [id: 0xc84d2ca8, L:/127.0.0.1:50044 - R:localhost/127.0.0.1:52767]
20:39:14.066 [Forwarding sendKeysToElement on session 5902f3b3f5372a69b3dcdb6aebbbe1a9 to remote] DEBUG org.asynchttpclient.netty.request.NettyRequestSender - Using pooled Channel '[id: 0xc84d2ca8, L:/127.0.0.1:50044 - R:localhost/127.0.0.1:52767]' for 'POST' to 'http://localhost:52767/session/5902f3b3f5372a69b3dcdb6aebbbe1a9/element/a1f7d23c-fe42-4fcc-a1b0-fd32b5d8cc2e/value'
20:39:14.066 [Forwarding sendKeysToElement on session 5902f3b3f5372a69b3dcdb6aebbbe1a9 to remote] DEBUG org.asynchttpclient.netty.request.NettyRequestSender - Using open Channel [id: 0xc84d2ca8, L:/127.0.0.1:50044 - R:localhost/127.0.0.1:52767] for POST '/session/5902f3b3f5372a69b3dcdb6aebbbe1a9/element/a1f7d23c-fe42-4fcc-a1b0-fd32b5d8cc2e/value'
20:39:14.151 [AsyncHttpClient-1-14] DEBUG org.asynchttpclient.netty.handler.HttpHandler - 

Request DefaultHttpRequest(decodeResult: success, version: HTTP/1.1)
POST /session/5902f3b3f5372a69b3dcdb6aebbbe1a9/element/a1f7d23c-fe42-4fcc-a1b0-fd32b5d8cc2e/value HTTP/1.1
User-Agent: selenium/4.1.2 (java windows)
Content-Length: 131
Content-Type: application/json; charset=utf-8
host: localhost:52767
accept: */*

Response DefaultHttpResponse(decodeResult: success, version: HTTP/1.1)
HTTP/1.1 200 OK
Content-Type: application/json; charset=utf-8
cache-control: no-cache
content-length: 14

20:39:14.151 [AsyncHttpClient-1-14] DEBUG org.asynchttpclient.netty.channel.ChannelManager - Adding key: http://localhost:52767 for channel [id: 0xc84d2ca8, L:/127.0.0.1:50044 - R:localhost/127.0.0.1:52767]
  &amp#27;[32mAnd &amp#27;[0m&amp#27;[32mI insert &amp#27;[0m&amp#27;[32m&amp#27;[1m"mmail"&amp#27;[0m&amp#27;[32m as password&amp#27;[0m                 &amp#27;[90m# starter.stepdefinitions.RegisterSteps.iInsertPasswordAsPassword(java.lang.String)&amp#27;[0m
20:39:14.158 [Forwarding screenshot on session 5902f3b3f5372a69b3dcdb6aebbbe1a9 to remote] DEBUG org.asynchttpclient.netty.request.NettyRequestSender - Using pooled Channel '[id: 0xc84d2ca8, L:/127.0.0.1:50044 - R:localhost/127.0.0.1:52767]' for 'GET' to 'http://localhost:52767/session/5902f3b3f5372a69b3dcdb6aebbbe1a9/screenshot'
20:39:14.159 [Forwarding screenshot on session 5902f3b3f5372a69b3dcdb6aebbbe1a9 to remote] DEBUG org.asynchttpclient.netty.request.NettyRequestSender - Using open Channel [id: 0xc84d2ca8, L:/127.0.0.1:50044 - R:localhost/127.0.0.1:52767] for GET '/session/5902f3b3f5372a69b3dcdb6aebbbe1a9/screenshot'
20:39:14.353 [AsyncHttpClient-1-14] DEBUG org.asynchttpclient.netty.handler.HttpHandler - 

Request DefaultFullHttpRequest(decodeResult: success, version: HTTP/1.1, content: EmptyByteBufBE)
GET /session/5902f3b3f5372a69b3dcdb6aebbbe1a9/screenshot HTTP/1.1
User-Agent: selenium/4.1.2 (java windows)
Cache-Control: no-cache
Content-Type: application/json; charset=utf-8
host: localhost:52767
accept: */*

Response DefaultHttpResponse(decodeResult: success, version: HTTP/1.1)
HTTP/1.1 200 OK
Content-Type: application/json; charset=utf-8
cache-control: no-cache
content-length: 52552

20:39:14.354 [AsyncHttpClient-1-14] DEBUG org.asynchttpclient.netty.channel.ChannelManager - Adding key: http://localhost:52767 for channel [id: 0xc84d2ca8, L:/127.0.0.1:50044 - R:localhost/127.0.0.1:52767]
20:39:14.356 [main] DEBUG net.serenitybdd.core.photography.Darkroom - Send negative for processing for target\site\serenity\780241224497572e572838d3cf3b128b69a261b4bb6e2339c35b2da097a6303a.png
20:39:14.357 [Darkroom Processing Line] DEBUG net.serenitybdd.core.photography.DarkroomProcessingLine - Processing screenshot image in /var/screenshots/screenshot-11862686048076514680
20:39:14.357 [Darkroom Processing Line] DEBUG net.serenitybdd.core.photography.DarkroomProcessingLine - Saving screenshot to target\site\serenity\780241224497572e572838d3cf3b128b69a261b4bb6e2339c35b2da097a6303a.png
20:39:14.373 [Forwarding findElement on session 5902f3b3f5372a69b3dcdb6aebbbe1a9 to remote] DEBUG org.asynchttpclient.netty.request.NettyRequestSender - Using pooled Channel '[id: 0xc84d2ca8, L:/127.0.0.1:50044 - R:localhost/127.0.0.1:52767]' for 'POST' to 'http://localhost:52767/session/5902f3b3f5372a69b3dcdb6aebbbe1a9/element'
20:39:14.373 [Forwarding findElement on session 5902f3b3f5372a69b3dcdb6aebbbe1a9 to remote] DEBUG org.asynchttpclient.netty.request.NettyRequestSender - Using open Channel [id: 0xc84d2ca8, L:/127.0.0.1:50044 - R:localhost/127.0.0.1:52767] for POST '/session/5902f3b3f5372a69b3dcdb6aebbbe1a9/element'
20:39:14.389 [AsyncHttpClient-1-14] DEBUG org.asynchttpclient.netty.handler.HttpHandler - 

Request DefaultHttpRequest(decodeResult: success, version: HTTP/1.1)
POST /session/5902f3b3f5372a69b3dcdb6aebbbe1a9/element HTTP/1.1
User-Agent: selenium/4.1.2 (java windows)
Content-Length: 84
Content-Type: application/json; charset=utf-8
host: localhost:52767
accept: */*

Response DefaultHttpResponse(decodeResult: success, version: HTTP/1.1)
HTTP/1.1 200 OK
Content-Type: application/json; charset=utf-8
cache-control: no-cache
content-length: 88

20:39:14.389 [AsyncHttpClient-1-14] DEBUG org.asynchttpclient.netty.channel.ChannelManager - Adding key: http://localhost:52767 for channel [id: 0xc84d2ca8, L:/127.0.0.1:50044 - R:localhost/127.0.0.1:52767]
20:39:14.390 [Forwarding getElementTagName on session 5902f3b3f5372a69b3dcdb6aebbbe1a9 to remote] DEBUG org.asynchttpclient.netty.request.NettyRequestSender - Using pooled Channel '[id: 0xc84d2ca8, L:/127.0.0.1:50044 - R:localhost/127.0.0.1:52767]' for 'GET' to 'http://localhost:52767/session/5902f3b3f5372a69b3dcdb6aebbbe1a9/element/7e3cb1a6-9de4-4e00-af91-d13409caa11a/name'
20:39:14.390 [Forwarding getElementTagName on session 5902f3b3f5372a69b3dcdb6aebbbe1a9 to remote] DEBUG org.asynchttpclient.netty.request.NettyRequestSender - Using open Channel [id: 0xc84d2ca8, L:/127.0.0.1:50044 - R:localhost/127.0.0.1:52767] for GET '/session/5902f3b3f5372a69b3dcdb6aebbbe1a9/element/7e3cb1a6-9de4-4e00-af91-d13409caa11a/name'
20:39:14.398 [AsyncHttpClient-1-14] DEBUG org.asynchttpclient.netty.handler.HttpHandler - 

Request DefaultFullHttpRequest(decodeResult: success, version: HTTP/1.1, content: EmptyByteBufBE)
GET /session/5902f3b3f5372a69b3dcdb6aebbbe1a9/element/7e3cb1a6-9de4-4e00-af91-d13409caa11a/name HTTP/1.1
User-Agent: selenium/4.1.2 (java windows)
Cache-Control: no-cache
Content-Type: application/json; charset=utf-8
host: localhost:52767
accept: */*

Response DefaultHttpResponse(decodeResult: success, version: HTTP/1.1)
HTTP/1.1 200 OK
Content-Type: application/json; charset=utf-8
cache-control: no-cache
content-length: 16

20:39:14.398 [AsyncHttpClient-1-14] DEBUG org.asynchttpclient.netty.channel.ChannelManager - Adding key: http://localhost:52767 for channel [id: 0xc84d2ca8, L:/127.0.0.1:50044 - R:localhost/127.0.0.1:52767]
20:39:14.399 [Forwarding getElementTagName on session 5902f3b3f5372a69b3dcdb6aebbbe1a9 to remote] DEBUG org.asynchttpclient.netty.request.NettyRequestSender - Using pooled Channel '[id: 0xc84d2ca8, L:/127.0.0.1:50044 - R:localhost/127.0.0.1:52767]' for 'GET' to 'http://localhost:52767/session/5902f3b3f5372a69b3dcdb6aebbbe1a9/element/7e3cb1a6-9de4-4e00-af91-d13409caa11a/name'
20:39:14.399 [Forwarding getElementTagName on session 5902f3b3f5372a69b3dcdb6aebbbe1a9 to remote] DEBUG org.asynchttpclient.netty.request.NettyRequestSender - Using open Channel [id: 0xc84d2ca8, L:/127.0.0.1:50044 - R:localhost/127.0.0.1:52767] for GET '/session/5902f3b3f5372a69b3dcdb6aebbbe1a9/element/7e3cb1a6-9de4-4e00-af91-d13409caa11a/name'
20:39:14.403 [AsyncHttpClient-1-14] DEBUG org.asynchttpclient.netty.handler.HttpHandler - 

Request DefaultFullHttpRequest(decodeResult: success, version: HTTP/1.1, content: EmptyByteBufBE)
GET /session/5902f3b3f5372a69b3dcdb6aebbbe1a9/element/7e3cb1a6-9de4-4e00-af91-d13409caa11a/name HTTP/1.1
User-Agent: selenium/4.1.2 (java windows)
Cache-Control: no-cache
Content-Type: application/json; charset=utf-8
host: localhost:52767
accept: */*

Response DefaultHttpResponse(decodeResult: success, version: HTTP/1.1)
HTTP/1.1 200 OK
Content-Type: application/json; charset=utf-8
cache-control: no-cache
content-length: 16

20:39:14.403 [AsyncHttpClient-1-14] DEBUG org.asynchttpclient.netty.channel.ChannelManager - Adding key: http://localhost:52767 for channel [id: 0xc84d2ca8, L:/127.0.0.1:50044 - R:localhost/127.0.0.1:52767]
20:39:14.405 [Forwarding findElement on session 5902f3b3f5372a69b3dcdb6aebbbe1a9 to remote] DEBUG org.asynchttpclient.netty.request.NettyRequestSender - Using pooled Channel '[id: 0xc84d2ca8, L:/127.0.0.1:50044 - R:localhost/127.0.0.1:52767]' for 'POST' to 'http://localhost:52767/session/5902f3b3f5372a69b3dcdb6aebbbe1a9/element'
20:39:14.405 [Forwarding findElement on session 5902f3b3f5372a69b3dcdb6aebbbe1a9 to remote] DEBUG org.asynchttpclient.netty.request.NettyRequestSender - Using open Channel [id: 0xc84d2ca8, L:/127.0.0.1:50044 - R:localhost/127.0.0.1:52767] for POST '/session/5902f3b3f5372a69b3dcdb6aebbbe1a9/element'
20:39:14.415 [AsyncHttpClient-1-14] DEBUG org.asynchttpclient.netty.handler.HttpHandler - 

Request DefaultHttpRequest(decodeResult: success, version: HTTP/1.1)
POST /session/5902f3b3f5372a69b3dcdb6aebbbe1a9/element HTTP/1.1
User-Agent: selenium/4.1.2 (java windows)
Content-Length: 84
Content-Type: application/json; charset=utf-8
host: localhost:52767
accept: */*

Response DefaultHttpResponse(decodeResult: success, version: HTTP/1.1)
HTTP/1.1 200 OK
Content-Type: application/json; charset=utf-8
cache-control: no-cache
content-length: 88

20:39:14.416 [AsyncHttpClient-1-14] DEBUG org.asynchttpclient.netty.channel.ChannelManager - Adding key: http://localhost:52767 for channel [id: 0xc84d2ca8, L:/127.0.0.1:50044 - R:localhost/127.0.0.1:52767]
20:39:14.416 [Forwarding clickElement on session 5902f3b3f5372a69b3dcdb6aebbbe1a9 to remote] DEBUG org.asynchttpclient.netty.request.NettyRequestSender - Using pooled Channel '[id: 0xc84d2ca8, L:/127.0.0.1:50044 - R:localhost/127.0.0.1:52767]' for 'POST' to 'http://localhost:52767/session/5902f3b3f5372a69b3dcdb6aebbbe1a9/element/7e3cb1a6-9de4-4e00-af91-d13409caa11a/click'
20:39:14.416 [Forwarding clickElement on session 5902f3b3f5372a69b3dcdb6aebbbe1a9 to remote] DEBUG org.asynchttpclient.netty.request.NettyRequestSender - Using open Channel [id: 0xc84d2ca8, L:/127.0.0.1:50044 - R:localhost/127.0.0.1:52767] for POST '/session/5902f3b3f5372a69b3dcdb6aebbbe1a9/element/7e3cb1a6-9de4-4e00-af91-d13409caa11a/click'
20:39:14.478 [AsyncHttpClient-1-14] DEBUG org.asynchttpclient.netty.handler.HttpHandler - 

Request DefaultHttpRequest(decodeResult: success, version: HTTP/1.1)
POST /session/5902f3b3f5372a69b3dcdb6aebbbe1a9/element/7e3cb1a6-9de4-4e00-af91-d13409caa11a/click HTTP/1.1
User-Agent: selenium/4.1.2 (java windows)
Content-Length: 50
Content-Type: application/json; charset=utf-8
host: localhost:52767
accept: */*

Response DefaultHttpResponse(decodeResult: success, version: HTTP/1.1)
HTTP/1.1 200 OK
Content-Type: application/json; charset=utf-8
cache-control: no-cache
content-length: 14

20:39:14.478 [AsyncHttpClient-1-14] DEBUG org.asynchttpclient.netty.channel.ChannelManager - Adding key: http://localhost:52767 for channel [id: 0xc84d2ca8, L:/127.0.0.1:50044 - R:localhost/127.0.0.1:52767]
  &amp#27;[32mAnd &amp#27;[0m&amp#27;[32mI click register&amp#27;[0m                             &amp#27;[90m# starter.stepdefinitions.RegisterSteps.iClickRegister()&amp#27;[0m
20:39:14.486 [Forwarding screenshot on session 5902f3b3f5372a69b3dcdb6aebbbe1a9 to remote] DEBUG org.asynchttpclient.netty.request.NettyRequestSender - Using pooled Channel '[id: 0xc84d2ca8, L:/127.0.0.1:50044 - R:localhost/127.0.0.1:52767]' for 'GET' to 'http://localhost:52767/session/5902f3b3f5372a69b3dcdb6aebbbe1a9/screenshot'
20:39:14.486 [Forwarding screenshot on session 5902f3b3f5372a69b3dcdb6aebbbe1a9 to remote] DEBUG org.asynchttpclient.netty.request.NettyRequestSender - Using open Channel [id: 0xc84d2ca8, L:/127.0.0.1:50044 - R:localhost/127.0.0.1:52767] for GET '/session/5902f3b3f5372a69b3dcdb6aebbbe1a9/screenshot'
20:39:14.860 [AsyncHttpClient-1-14] DEBUG org.asynchttpclient.netty.handler.HttpHandler - 

Request DefaultFullHttpRequest(decodeResult: success, version: HTTP/1.1, content: EmptyByteBufBE)
GET /session/5902f3b3f5372a69b3dcdb6aebbbe1a9/screenshot HTTP/1.1
User-Agent: selenium/4.1.2 (java windows)
Cache-Control: no-cache
Content-Type: application/json; charset=utf-8
host: localhost:52767
accept: */*

Response DefaultHttpResponse(decodeResult: success, version: HTTP/1.1)
HTTP/1.1 200 OK
Content-Type: application/json; charset=utf-8
cache-control: no-cache
content-length: 51624

20:39:14.861 [AsyncHttpClient-1-14] DEBUG org.asynchttpclient.netty.channel.ChannelManager - Adding key: http://localhost:52767 for channel [id: 0xc84d2ca8, L:/127.0.0.1:50044 - R:localhost/127.0.0.1:52767]
20:39:14.864 [main] DEBUG net.serenitybdd.core.photography.Darkroom - Send negative for processing for target\site\serenity\673a6c6efb5d07048aa3a137179be2baebc302e68e0873e0766247c2adf9f186.png
20:39:14.864 [Darkroom Processing Line] DEBUG net.serenitybdd.core.photography.DarkroomProcessingLine - Processing screenshot image in /var/screenshots/screenshot-17512635283060271536
20:39:14.864 [Darkroom Processing Line] DEBUG net.serenitybdd.core.photography.DarkroomProcessingLine - Saving screenshot to target\site\serenity\673a6c6efb5d07048aa3a137179be2baebc302e68e0873e0766247c2adf9f186.png
20:39:14.879 [AsyncHttpClient-1-1] DEBUG org.asynchttpclient.netty.channel.DefaultChannelPool - Entry count for : http://localhost:50045 : 1
20:39:14.879 [AsyncHttpClient-1-1] DEBUG org.asynchttpclient.netty.channel.DefaultChannelPool - Entry count for : http://localhost:52767 : 1
20:39:14.879 [Forwarding findElement on session 5902f3b3f5372a69b3dcdb6aebbbe1a9 to remote] DEBUG org.asynchttpclient.netty.request.NettyRequestSender - Using pooled Channel '[id: 0xc84d2ca8, L:/127.0.0.1:50044 - R:localhost/127.0.0.1:52767]' for 'POST' to 'http://localhost:52767/session/5902f3b3f5372a69b3dcdb6aebbbe1a9/element'
20:39:14.879 [Forwarding findElement on session 5902f3b3f5372a69b3dcdb6aebbbe1a9 to remote] DEBUG org.asynchttpclient.netty.request.NettyRequestSender - Using open Channel [id: 0xc84d2ca8, L:/127.0.0.1:50044 - R:localhost/127.0.0.1:52767] for POST '/session/5902f3b3f5372a69b3dcdb6aebbbe1a9/element'
20:39:15.891 [AsyncHttpClient-1-14] DEBUG org.asynchttpclient.netty.handler.HttpHandler - 

Request DefaultHttpRequest(decodeResult: success, version: HTTP/1.1)
POST /session/5902f3b3f5372a69b3dcdb6aebbbe1a9/element HTTP/1.1
User-Agent: selenium/4.1.2 (java windows)
Content-Length: 59
Content-Type: application/json; charset=utf-8
host: localhost:52767
accept: */*

Response DefaultHttpResponse(decodeResult: success, version: HTTP/1.1)
HTTP/1.1 200 OK
Content-Type: application/json; charset=utf-8
cache-control: no-cache
content-length: 88

20:39:15.892 [AsyncHttpClient-1-14] DEBUG org.asynchttpclient.netty.channel.ChannelManager - Adding key: http://localhost:52767 for channel [id: 0xc84d2ca8, L:/127.0.0.1:50044 - R:localhost/127.0.0.1:52767]
20:39:15.897 [Forwarding isElementDisplayed on session 5902f3b3f5372a69b3dcdb6aebbbe1a9 to remote] DEBUG org.asynchttpclient.netty.request.NettyRequestSender - Using pooled Channel '[id: 0xc84d2ca8, L:/127.0.0.1:50044 - R:localhost/127.0.0.1:52767]' for 'POST' to 'http://localhost:52767/session/5902f3b3f5372a69b3dcdb6aebbbe1a9/execute/sync'
20:39:15.897 [Forwarding isElementDisplayed on session 5902f3b3f5372a69b3dcdb6aebbbe1a9 to remote] DEBUG org.asynchttpclient.netty.request.NettyRequestSender - Using open Channel [id: 0xc84d2ca8, L:/127.0.0.1:50044 - R:localhost/127.0.0.1:52767] for POST '/session/5902f3b3f5372a69b3dcdb6aebbbe1a9/execute/sync'
20:39:15.911 [AsyncHttpClient-1-14] DEBUG org.asynchttpclient.netty.handler.HttpHandler - 

Request DefaultHttpRequest(decodeResult: success, version: HTTP/1.1)
POST /session/5902f3b3f5372a69b3dcdb6aebbbe1a9/execute/sync HTTP/1.1
User-Agent: selenium/4.1.2 (java windows)
Content-Length: 48780
Content-Type: application/json; charset=utf-8
host: localhost:52767
accept: */*

Response DefaultHttpResponse(decodeResult: success, version: HTTP/1.1)
HTTP/1.1 200 OK
Content-Type: application/json; charset=utf-8
cache-control: no-cache
content-length: 14

20:39:15.912 [AsyncHttpClient-1-14] DEBUG org.asynchttpclient.netty.channel.ChannelManager - Adding key: http://localhost:52767 for channel [id: 0xc84d2ca8, L:/127.0.0.1:50044 - R:localhost/127.0.0.1:52767]
20:39:15.915 [Forwarding findElement on session 5902f3b3f5372a69b3dcdb6aebbbe1a9 to remote] DEBUG org.asynchttpclient.netty.request.NettyRequestSender - Using pooled Channel '[id: 0xc84d2ca8, L:/127.0.0.1:50044 - R:localhost/127.0.0.1:52767]' for 'POST' to 'http://localhost:52767/session/5902f3b3f5372a69b3dcdb6aebbbe1a9/element'
20:39:15.915 [Forwarding findElement on session 5902f3b3f5372a69b3dcdb6aebbbe1a9 to remote] DEBUG org.asynchttpclient.netty.request.NettyRequestSender - Using open Channel [id: 0xc84d2ca8, L:/127.0.0.1:50044 - R:localhost/127.0.0.1:52767] for POST '/session/5902f3b3f5372a69b3dcdb6aebbbe1a9/element'
20:39:15.922 [AsyncHttpClient-1-14] DEBUG org.asynchttpclient.netty.handler.HttpHandler - 

Request DefaultHttpRequest(decodeResult: success, version: HTTP/1.1)
POST /session/5902f3b3f5372a69b3dcdb6aebbbe1a9/element HTTP/1.1
User-Agent: selenium/4.1.2 (java windows)
Content-Length: 59
Content-Type: application/json; charset=utf-8
host: localhost:52767
accept: */*

Response DefaultHttpResponse(decodeResult: success, version: HTTP/1.1)
HTTP/1.1 200 OK
Content-Type: application/json; charset=utf-8
cache-control: no-cache
content-length: 88

20:39:15.922 [AsyncHttpClient-1-14] DEBUG org.asynchttpclient.netty.channel.ChannelManager - Adding key: http://localhost:52767 for channel [id: 0xc84d2ca8, L:/127.0.0.1:50044 - R:localhost/127.0.0.1:52767]
20:39:15.926 [Forwarding isElementDisplayed on session 5902f3b3f5372a69b3dcdb6aebbbe1a9 to remote] DEBUG org.asynchttpclient.netty.request.NettyRequestSender - Using pooled Channel '[id: 0xc84d2ca8, L:/127.0.0.1:50044 - R:localhost/127.0.0.1:52767]' for 'POST' to 'http://localhost:52767/session/5902f3b3f5372a69b3dcdb6aebbbe1a9/execute/sync'
20:39:15.926 [Forwarding isElementDisplayed on session 5902f3b3f5372a69b3dcdb6aebbbe1a9 to remote] DEBUG org.asynchttpclient.netty.request.NettyRequestSender - Using open Channel [id: 0xc84d2ca8, L:/127.0.0.1:50044 - R:localhost/127.0.0.1:52767] for POST '/session/5902f3b3f5372a69b3dcdb6aebbbe1a9/execute/sync'
20:39:15.945 [AsyncHttpClient-1-14] DEBUG org.asynchttpclient.netty.handler.HttpHandler - 

Request DefaultHttpRequest(decodeResult: success, version: HTTP/1.1)
POST /session/5902f3b3f5372a69b3dcdb6aebbbe1a9/execute/sync HTTP/1.1
User-Agent: selenium/4.1.2 (java windows)
Content-Length: 48780
Content-Type: application/json; charset=utf-8
host: localhost:52767
accept: */*

Response DefaultHttpResponse(decodeResult: success, version: HTTP/1.1)
HTTP/1.1 200 OK
Content-Type: application/json; charset=utf-8
cache-control: no-cache
content-length: 14

20:39:15.945 [AsyncHttpClient-1-14] DEBUG org.asynchttpclient.netty.channel.ChannelManager - Adding key: http://localhost:52767 for channel [id: 0xc84d2ca8, L:/127.0.0.1:50044 - R:localhost/127.0.0.1:52767]
  &amp#27;[32mThen &amp#27;[0m&amp#27;[32mI get &amp#27;[0m&amp#27;[32m&amp#27;[1m"fullname"&amp#27;[0m&amp#27;[32m error&amp#27;[0m                      &amp#27;[90m# starter.stepdefinitions.RegisterSteps.iGetErrorError(java.lang.String)&amp#27;[0m
20:39:15.952 [Forwarding screenshot on session 5902f3b3f5372a69b3dcdb6aebbbe1a9 to remote] DEBUG org.asynchttpclient.netty.request.NettyRequestSender - Using pooled Channel '[id: 0xc84d2ca8, L:/127.0.0.1:50044 - R:localhost/127.0.0.1:52767]' for 'GET' to 'http://localhost:52767/session/5902f3b3f5372a69b3dcdb6aebbbe1a9/screenshot'
20:39:15.952 [Forwarding screenshot on session 5902f3b3f5372a69b3dcdb6aebbbe1a9 to remote] DEBUG org.asynchttpclient.netty.request.NettyRequestSender - Using open Channel [id: 0xc84d2ca8, L:/127.0.0.1:50044 - R:localhost/127.0.0.1:52767] for GET '/session/5902f3b3f5372a69b3dcdb6aebbbe1a9/screenshot'
20:39:15.978 [AsyncHttpClient-1-1] DEBUG org.asynchttpclient.netty.channel.DefaultChannelPool - Entry count for : http://localhost:50045 : 1
20:39:16.201 [AsyncHttpClient-1-14] DEBUG org.asynchttpclient.netty.handler.HttpHandler - 

Request DefaultFullHttpRequest(decodeResult: success, version: HTTP/1.1, content: EmptyByteBufBE)
GET /session/5902f3b3f5372a69b3dcdb6aebbbe1a9/screenshot HTTP/1.1
User-Agent: selenium/4.1.2 (java windows)
Cache-Control: no-cache
Content-Type: application/json; charset=utf-8
host: localhost:52767
accept: */*

Response DefaultHttpResponse(decodeResult: success, version: HTTP/1.1)
HTTP/1.1 200 OK
Content-Type: application/json; charset=utf-8
cache-control: no-cache
content-length: 53616

20:39:16.201 [AsyncHttpClient-1-14] DEBUG org.asynchttpclient.netty.channel.ChannelManager - Adding key: http://localhost:52767 for channel [id: 0xc84d2ca8, L:/127.0.0.1:50044 - R:localhost/127.0.0.1:52767]
20:39:16.203 [main] DEBUG net.serenitybdd.core.photography.Darkroom - Send negative for processing for target\site\serenity\732981458cb83fe2ae92e48ec7850d8e5520918d1bb6e9a40f7588d723304149.png
20:39:16.203 [Darkroom Processing Line] DEBUG net.serenitybdd.core.photography.DarkroomProcessingLine - Processing screenshot image in /var/screenshots/screenshot-869844003797283944
20:39:16.203 [Darkroom Processing Line] DEBUG net.serenitybdd.core.photography.DarkroomProcessingLine - Saving screenshot to target\site\serenity\732981458cb83fe2ae92e48ec7850d8e5520918d1bb6e9a40f7588d723304149.png
20:39:16.209 [AsyncHttpClient-1-16] DEBUG org.asynchttpclient.netty.handler.WebSocketHandler - Channel Closed: [id: 0x3bd3e7b2, L:/127.0.0.1:50054 ! R:localhost/127.0.0.1:50045] with attribute NettyResponseFuture{currentRetry=5,
	isDone=1,
	isCancelled=0,
	asyncHandler=org.asynchttpclient.ws.WebSocketUpgradeHandler@1285213f,
	nettyRequest=org.asynchttpclient.netty.request.NettyRequest@42bc7d80,
	future=java.util.concurrent.CompletableFuture@44e9d8ad[Completed normally],
	uri=ws://localhost:50045/devtools/browser/d3f5cba1-cd01-4256-8c62-b737a0013384,
	keepAlive=true,
	redirectCount=0,
	timeoutsHolder=null,
	inAuth=0,
	touch=1667223552169}
20:39:16.209 [AsyncHttpClient-1-16] DEBUG org.asynchttpclient.netty.channel.ChannelManager - Closing Channel [id: 0x3bd3e7b2, L:/127.0.0.1:50054 ! R:localhost/127.0.0.1:50045] 
20:39:16.210 [Driver Command Executor] DEBUG org.asynchttpclient.netty.request.NettyRequestSender - Using pooled Channel '[id: 0xc84d2ca8, L:/127.0.0.1:50044 - R:localhost/127.0.0.1:52767]' for 'DELETE' to 'http://localhost:52767/session/5902f3b3f5372a69b3dcdb6aebbbe1a9'
20:39:16.210 [Driver Command Executor] DEBUG org.asynchttpclient.netty.request.NettyRequestSender - Using open Channel [id: 0xc84d2ca8, L:/127.0.0.1:50044 - R:localhost/127.0.0.1:52767] for DELETE '/session/5902f3b3f5372a69b3dcdb6aebbbe1a9'
20:39:16.236 [AsyncHttpClient-1-15] DEBUG org.asynchttpclient.netty.handler.HttpHandler - Unexpected I/O exception on channel [id: 0x1cef3f99, L:/127.0.0.1:50053 - R:localhost/127.0.0.1:50045]
java.net.SocketException: Connection reset
	at java.base/sun.nio.ch.SocketChannelImpl.throwConnectionReset(SocketChannelImpl.java:345)
	at java.base/sun.nio.ch.SocketChannelImpl.read(SocketChannelImpl.java:376)
	at io.netty.buffer.PooledByteBuf.setBytes(PooledByteBuf.java:258)
	at io.netty.buffer.AbstractByteBuf.writeBytes(AbstractByteBuf.java:1132)
	at io.netty.channel.socket.nio.NioSocketChannel.doReadBytes(NioSocketChannel.java:350)
	at io.netty.channel.nio.AbstractNioByteChannel$NioByteUnsafe.read(AbstractNioByteChannel.java:151)
	at io.netty.channel.nio.NioEventLoop.processSelectedKey(NioEventLoop.java:722)
	at io.netty.channel.nio.NioEventLoop.processSelectedKeysOptimized(NioEventLoop.java:658)
	at io.netty.channel.nio.NioEventLoop.processSelectedKeys(NioEventLoop.java:584)
	at io.netty.channel.nio.NioEventLoop.run(NioEventLoop.java:496)
	at io.netty.util.concurrent.SingleThreadEventExecutor$4.run(SingleThreadEventExecutor.java:986)
	at io.netty.util.internal.ThreadExecutorMap$2.run(ThreadExecutorMap.java:74)
	at io.netty.util.concurrent.FastThreadLocalRunnable.run(FastThreadLocalRunnable.java:30)
	at java.base/java.lang.Thread.run(Thread.java:830)
20:39:16.237 [AsyncHttpClient-1-15] DEBUG org.asynchttpclient.netty.channel.ChannelManager - Closing Channel [id: 0x1cef3f99, L:/127.0.0.1:50053 - R:localhost/127.0.0.1:50045] 
20:39:16.237 [AsyncHttpClient-1-15] DEBUG org.asynchttpclient.netty.handler.HttpHandler - Channel Closed: [id: 0x1cef3f99, L:/127.0.0.1:50053 ! R:localhost/127.0.0.1:50045] with attribute DISCARD
20:39:16.261 [AsyncHttpClient-1-14] DEBUG org.asynchttpclient.netty.handler.HttpHandler - 

Request DefaultFullHttpRequest(decodeResult: success, version: HTTP/1.1, content: EmptyByteBufBE)
DELETE /session/5902f3b3f5372a69b3dcdb6aebbbe1a9 HTTP/1.1
User-Agent: selenium/4.1.2 (java windows)
Content-Type: application/json; charset=utf-8
host: localhost:52767
accept: */*

Response DefaultHttpResponse(decodeResult: success, version: HTTP/1.1)
HTTP/1.1 200 OK
Content-Type: application/json; charset=utf-8
cache-control: no-cache
content-length: 14

20:39:16.261 [AsyncHttpClient-1-14] DEBUG org.asynchttpclient.netty.channel.ChannelManager - Adding key: http://localhost:52767 for channel [id: 0xc84d2ca8, L:/127.0.0.1:50044 - R:localhost/127.0.0.1:52767]
20:39:16.352 [AsyncHttpClient-1-14] DEBUG org.asynchttpclient.netty.handler.HttpHandler - Channel Closed: [id: 0xc84d2ca8, L:/127.0.0.1:50044 ! R:localhost/127.0.0.1:52767] with attribute DISCARD
20:39:16.875 [main] INFO  - 
  _____   ___   ___   _____     ___     _     ___   ___   ___   ___  
 |_   _| | __| / __| |_   _|   | _ \   /_\   / __| / __| | __| |   \ 
   | |   | _|  \__ \   | |     |  _/  / _ \  \__ \ \__ \ | _|  | |) |
   |_|   |___| |___/   |_|     |_|   /_/ \_\ |___/ |___/ |___| |___/ 

Register with username and email
----------------------------------------------------------------------
]]></system-out>
    <system-err><![CDATA[Starting ChromeDriver 106.0.5249.61 (511755355844955cd3e264779baf0dd38212a4d0-refs/branch-heads/5249@{#569}) on port 52767
Only local connections are allowed.
Please see https://chromedriver.chromium.org/security-considerations for suggestions on keeping ChromeDriver safe.
ChromeDriver was started successfully.
[1667223551.848][WARNING]: This version of ChromeDriver has not been tested with Chrome version 107.
Oct 31, 2022 8:39:12 PM org.openqa.selenium.remote.ProtocolHandshake createSession
INFO: Detected dialect: W3C
Oct 31, 2022 8:39:12 PM org.openqa.selenium.devtools.CdpVersionFinder findNearestMatch
WARNING: Unable to find an exact match for CDP version 107, so returning the closest version found: a no-op implementation
Oct 31, 2022 8:39:12 PM org.openqa.selenium.devtools.CdpVersionFinder findNearestMatch
INFO: Unable to find CDP implementation matching 107.
Oct 31, 2022 8:39:12 PM org.openqa.selenium.chromium.ChromiumDriver lambda$new$3
WARNING: Unable to find version of CDP to use for . You may need to include a dependency on a specific version of the CDP using something similar to `org.seleniumhq.selenium:selenium-devtools-v86:4.1.2` where the version ("v86") matches the version of the chromium-based browser you're using and the version number of the artifact is the same as Selenium's.
]]></system-err>
  </testcase>
  <testcase name="Register with username and email #2" classname="Register" time="8.825">
    <system-out><![CDATA[
Scenario Outline: Register with username and email &amp#27;[90m# src/test/resources/features/Register.feature:37&amp#27;[0m
20:39:16.884 [main] INFO io.cucumber.core.plugin.SerenityReporter - Running feature from file:///C:/Users/ASUS/Desktop/stupen/miniproject/Web/ASWeb/src/test/resources/features/Register.feature
20:39:16.905 [main] INFO net.serenitybdd.core.webdriver.driverproviders.ChromeDriverProvider - Using automatically driver download
20:39:17.065 [main] DEBUG io.github.bonigarcia.wdm.cache.ResolutionCache - Resolution chrome=107 in cache (valid until 21:37:26 31/10/2022 WIB)
20:39:17.072 [main] DEBUG io.github.bonigarcia.wdm.cache.ResolutionCache - Resolution chrome107=107.0.5304.62 in cache (valid until 19:37:19 01/11/2022 WIB)
20:39:17.075 [main] INFO io.github.bonigarcia.wdm.WebDriverManager - Using chromedriver 107.0.5304.62 (resolved driver for Chrome 107)
20:39:17.079 [AsyncHttpClient-1-1] DEBUG org.asynchttpclient.netty.channel.DefaultChannelPool - Entry count for : http://localhost:50045 : 1
20:39:17.079 [AsyncHttpClient-1-1] DEBUG org.asynchttpclient.netty.channel.DefaultChannelPool - Entry count for : http://localhost:52767 : 1
20:39:17.079 [AsyncHttpClient-1-1] DEBUG org.asynchttpclient.netty.channel.DefaultChannelPool - Adding Candidate expired Channel [id: 0x1cef3f99, L:/127.0.0.1:50053 ! R:localhost/127.0.0.1:50045] isIdleTimeoutExpired=false isRemotelyClosed=true isTtlExpired=false
20:39:17.079 [AsyncHttpClient-1-1] DEBUG org.asynchttpclient.netty.channel.DefaultChannelPool - Closing Idle Channel [id: 0x1cef3f99, L:/127.0.0.1:50053 ! R:localhost/127.0.0.1:50045]
20:39:17.079 [AsyncHttpClient-1-1] DEBUG org.asynchttpclient.netty.channel.DefaultChannelPool - Adding Candidate expired Channel [id: 0xc84d2ca8, L:/127.0.0.1:50044 ! R:localhost/127.0.0.1:52767] isIdleTimeoutExpired=false isRemotelyClosed=true isTtlExpired=false
20:39:17.079 [AsyncHttpClient-1-1] DEBUG org.asynchttpclient.netty.channel.DefaultChannelPool - Closing Idle Channel [id: 0xc84d2ca8, L:/127.0.0.1:50044 ! R:localhost/127.0.0.1:52767]
20:39:17.079 [AsyncHttpClient-1-1] DEBUG org.asynchttpclient.netty.channel.DefaultChannelPool - Closed 2 connections out of 2 in 0 ms
20:39:17.091 [main] DEBUG io.github.bonigarcia.wdm.WebDriverManager - Driver chromedriver 107.0.5304.62 found in cache
20:39:17.092 [main] INFO io.github.bonigarcia.wdm.WebDriverManager - Exporting webdriver.chrome.driver as C:\Users\ASUS\.cache\selenium\chromedriver\win32\107.0.5304.62\chromedriver.exe
20:39:17.319 [main] DEBUG net.serenitybdd.core.webdriver.driverproviders.ProvideNewDriver - Instantiating driver
20:39:17.319 [main] DEBUG net.serenitybdd.core.webdriver.driverproviders.ProvideNewDriver - Driver capabilities: Capabilities {acceptInsecureCerts: false, base.url: https://alta-shop.vercel.app/, browserName: chrome, chrome.driver: src/test/resources/webdrive..., driver: chrome, goog:chromeOptions: {args: [], extensions: []}, wait.for.timeout: 10000}
20:39:17.901 [AsyncHttpClient-1-17] DEBUG org.asynchttpclient.netty.channel.NettyConnectListener - Using new Channel '[id: 0x5a42969d, L:/127.0.0.1:50072 - R:localhost/127.0.0.1:55953]' for 'POST' to '/session'
20:39:19.505 [AsyncHttpClient-1-17] DEBUG org.asynchttpclient.netty.handler.HttpHandler - 

Request DefaultHttpRequest(decodeResult: success, version: HTTP/1.1)
POST /session HTTP/1.1
User-Agent: selenium/4.1.2 (java windows)
Content-Length: 646
Content-Type: application/json; charset=utf-8
host: localhost:55953
accept: */*

Response DefaultHttpResponse(decodeResult: success, version: HTTP/1.1)
HTTP/1.1 200 OK
Content-Type: application/json; charset=utf-8
cache-control: no-cache
content-length: 786

20:39:19.505 [AsyncHttpClient-1-17] DEBUG org.asynchttpclient.netty.channel.ChannelManager - Adding key: http://localhost:55953 for channel [id: 0x5a42969d, L:/127.0.0.1:50072 - R:localhost/127.0.0.1:55953]
20:39:19.521 [AsyncHttpClient-1-2] DEBUG org.asynchttpclient.netty.channel.NettyConnectListener - Using new Channel '[id: 0x6bf942bb, L:/127.0.0.1:50081 - R:localhost/127.0.0.1:50074]' for 'GET' to '/json/version'
20:39:19.523 [AsyncHttpClient-1-2] DEBUG org.asynchttpclient.netty.handler.HttpHandler - 

Request DefaultFullHttpRequest(decodeResult: success, version: HTTP/1.1, content: EmptyByteBufBE)
GET /json/version HTTP/1.1
User-Agent: selenium/4.1.2 (java windows)
host: localhost:50074
accept: */*

Response DefaultHttpResponse(decodeResult: success, version: HTTP/1.1)
HTTP/1.1 200 OK
Content-Type: application/json; charset=UTF-8
content-length: 423

20:39:19.523 [AsyncHttpClient-1-2] DEBUG org.asynchttpclient.netty.channel.ChannelManager - Adding key: http://localhost:50074 for channel [id: 0x6bf942bb, L:/127.0.0.1:50081 - R:localhost/127.0.0.1:50074]
20:39:19.528 [AsyncHttpClient-1-3] DEBUG org.asynchttpclient.netty.channel.NettyConnectListener - Using new Channel '[id: 0x0ab69bac, L:/127.0.0.1:50082 - R:localhost/127.0.0.1:50074]' for 'GET' to '/devtools/browser/14720461-feaa-4062-b7a9-f6f0e0ed07ee'
20:39:19.530 [AsyncHttpClient-1-3] DEBUG org.asynchttpclient.netty.handler.WebSocketHandler - 

Request DefaultFullHttpRequest(decodeResult: success, version: HTTP/1.1, content: EmptyByteBufBE)
GET /devtools/browser/14720461-feaa-4062-b7a9-f6f0e0ed07ee HTTP/1.1
upgrade: websocket
connection: upgrade
sec-websocket-key: hkHCpt8LCbOye/qCwVYSDA==
sec-websocket-version: 13
origin: http://localhost:50074
host: localhost:50074
accept: */*
user-agent: AHC/2.1

Response DefaultHttpResponse(decodeResult: success, version: HTTP/1.1)
HTTP/1.1 101 WebSocket Protocol Handshake
Upgrade: WebSocket
Connection: Upgrade
Sec-WebSocket-Accept: FDcYAcfC8gmhGnh7s3mDOLpTZ4s=

20:39:19.541 [Forwarding get on session 3bee2b004f06b2c955a0e26b422fdc72 to remote] DEBUG org.asynchttpclient.netty.request.NettyRequestSender - Using pooled Channel '[id: 0x5a42969d, L:/127.0.0.1:50072 - R:localhost/127.0.0.1:55953]' for 'POST' to 'http://localhost:55953/session/3bee2b004f06b2c955a0e26b422fdc72/url'
20:39:19.541 [Forwarding get on session 3bee2b004f06b2c955a0e26b422fdc72 to remote] DEBUG org.asynchttpclient.netty.request.NettyRequestSender - Using open Channel [id: 0x5a42969d, L:/127.0.0.1:50072 - R:localhost/127.0.0.1:55953] for POST '/session/3bee2b004f06b2c955a0e26b422fdc72/url'
20:39:20.379 [AsyncHttpClient-1-1] DEBUG org.asynchttpclient.netty.channel.DefaultChannelPool - Entry count for : http://localhost:50074 : 1
20:39:20.859 [AsyncHttpClient-1-17] DEBUG org.asynchttpclient.netty.handler.HttpHandler - 

Request DefaultHttpRequest(decodeResult: success, version: HTTP/1.1)
POST /session/3bee2b004f06b2c955a0e26b422fdc72/url HTTP/1.1
User-Agent: selenium/4.1.2 (java windows)
Content-Length: 77
Content-Type: application/json; charset=utf-8
host: localhost:55953
accept: */*

Response DefaultHttpResponse(decodeResult: success, version: HTTP/1.1)
HTTP/1.1 200 OK
Content-Type: application/json; charset=utf-8
cache-control: no-cache
content-length: 14

20:39:20.859 [AsyncHttpClient-1-17] DEBUG org.asynchttpclient.netty.channel.ChannelManager - Adding key: http://localhost:55953 for channel [id: 0x5a42969d, L:/127.0.0.1:50072 - R:localhost/127.0.0.1:55953]
20:39:20.863 [Forwarding setTimeout on session 3bee2b004f06b2c955a0e26b422fdc72 to remote] DEBUG org.asynchttpclient.netty.request.NettyRequestSender - Using pooled Channel '[id: 0x5a42969d, L:/127.0.0.1:50072 - R:localhost/127.0.0.1:55953]' for 'POST' to 'http://localhost:55953/session/3bee2b004f06b2c955a0e26b422fdc72/timeouts'
20:39:20.863 [Forwarding setTimeout on session 3bee2b004f06b2c955a0e26b422fdc72 to remote] DEBUG org.asynchttpclient.netty.request.NettyRequestSender - Using open Channel [id: 0x5a42969d, L:/127.0.0.1:50072 - R:localhost/127.0.0.1:55953] for POST '/session/3bee2b004f06b2c955a0e26b422fdc72/timeouts'
20:39:20.865 [AsyncHttpClient-1-17] DEBUG org.asynchttpclient.netty.handler.HttpHandler - 

Request DefaultHttpRequest(decodeResult: success, version: HTTP/1.1)
POST /session/3bee2b004f06b2c955a0e26b422fdc72/timeouts HTTP/1.1
User-Agent: selenium/4.1.2 (java windows)
Content-Length: 22
Content-Type: application/json; charset=utf-8
host: localhost:55953
accept: */*

Response DefaultHttpResponse(decodeResult: success, version: HTTP/1.1)
HTTP/1.1 200 OK
Content-Type: application/json; charset=utf-8
cache-control: no-cache
content-length: 14

20:39:20.865 [AsyncHttpClient-1-17] DEBUG org.asynchttpclient.netty.channel.ChannelManager - Adding key: http://localhost:55953 for channel [id: 0x5a42969d, L:/127.0.0.1:50072 - R:localhost/127.0.0.1:55953]
20:39:20.874 [Forwarding getCurrentUrl on session 3bee2b004f06b2c955a0e26b422fdc72 to remote] DEBUG org.asynchttpclient.netty.request.NettyRequestSender - Using pooled Channel '[id: 0x5a42969d, L:/127.0.0.1:50072 - R:localhost/127.0.0.1:55953]' for 'GET' to 'http://localhost:55953/session/3bee2b004f06b2c955a0e26b422fdc72/url'
20:39:20.874 [Forwarding getCurrentUrl on session 3bee2b004f06b2c955a0e26b422fdc72 to remote] DEBUG org.asynchttpclient.netty.request.NettyRequestSender - Using open Channel [id: 0x5a42969d, L:/127.0.0.1:50072 - R:localhost/127.0.0.1:55953] for GET '/session/3bee2b004f06b2c955a0e26b422fdc72/url'
20:39:20.886 [AsyncHttpClient-1-17] DEBUG org.asynchttpclient.netty.handler.HttpHandler - 

Request DefaultFullHttpRequest(decodeResult: success, version: HTTP/1.1, content: EmptyByteBufBE)
GET /session/3bee2b004f06b2c955a0e26b422fdc72/url HTTP/1.1
User-Agent: selenium/4.1.2 (java windows)
Cache-Control: no-cache
Content-Type: application/json; charset=utf-8
host: localhost:55953
accept: */*

Response DefaultHttpResponse(decodeResult: success, version: HTTP/1.1)
HTTP/1.1 200 OK
Content-Type: application/json; charset=utf-8
cache-control: no-cache
content-length: 54

20:39:20.886 [AsyncHttpClient-1-17] DEBUG org.asynchttpclient.netty.channel.ChannelManager - Adding key: http://localhost:55953 for channel [id: 0x5a42969d, L:/127.0.0.1:50072 - R:localhost/127.0.0.1:55953]
  &amp#27;[32mGiven &amp#27;[0m&amp#27;[32mI open register page&amp#27;[0m                       &amp#27;[90m# starter.stepdefinitions.RegisterSteps.iOpenRegisterPage()&amp#27;[0m
20:39:20.906 [Forwarding screenshot on session 3bee2b004f06b2c955a0e26b422fdc72 to remote] DEBUG org.asynchttpclient.netty.request.NettyRequestSender - Using pooled Channel '[id: 0x5a42969d, L:/127.0.0.1:50072 - R:localhost/127.0.0.1:55953]' for 'GET' to 'http://localhost:55953/session/3bee2b004f06b2c955a0e26b422fdc72/screenshot'
20:39:20.906 [Forwarding screenshot on session 3bee2b004f06b2c955a0e26b422fdc72 to remote] DEBUG org.asynchttpclient.netty.request.NettyRequestSender - Using open Channel [id: 0x5a42969d, L:/127.0.0.1:50072 - R:localhost/127.0.0.1:55953] for GET '/session/3bee2b004f06b2c955a0e26b422fdc72/screenshot'
20:39:21.478 [AsyncHttpClient-1-1] DEBUG org.asynchttpclient.netty.channel.DefaultChannelPool - Entry count for : http://localhost:50074 : 1
20:39:21.934 [AsyncHttpClient-1-17] DEBUG org.asynchttpclient.netty.handler.HttpHandler - 

Request DefaultFullHttpRequest(decodeResult: success, version: HTTP/1.1, content: EmptyByteBufBE)
GET /session/3bee2b004f06b2c955a0e26b422fdc72/screenshot HTTP/1.1
User-Agent: selenium/4.1.2 (java windows)
Cache-Control: no-cache
Content-Type: application/json; charset=utf-8
host: localhost:55953
accept: */*

Response DefaultHttpResponse(decodeResult: success, version: HTTP/1.1)
HTTP/1.1 200 OK
Content-Type: application/json; charset=utf-8
cache-control: no-cache
content-length: 45380

20:39:21.934 [AsyncHttpClient-1-17] DEBUG org.asynchttpclient.netty.channel.ChannelManager - Adding key: http://localhost:55953 for channel [id: 0x5a42969d, L:/127.0.0.1:50072 - R:localhost/127.0.0.1:55953]
20:39:21.937 [main] DEBUG net.serenitybdd.core.photography.Darkroom - Send negative for processing for target\site\serenity\74af2a90e11b4e8cdcc90c8b8f2efe0850d173caaf4338fdd4e69cc971e1b305.png
20:39:21.949 [Forwarding findElement on session 3bee2b004f06b2c955a0e26b422fdc72 to remote] DEBUG org.asynchttpclient.netty.request.NettyRequestSender - Using pooled Channel '[id: 0x5a42969d, L:/127.0.0.1:50072 - R:localhost/127.0.0.1:55953]' for 'POST' to 'http://localhost:55953/session/3bee2b004f06b2c955a0e26b422fdc72/element'
20:39:21.949 [Forwarding findElement on session 3bee2b004f06b2c955a0e26b422fdc72 to remote] DEBUG org.asynchttpclient.netty.request.NettyRequestSender - Using open Channel [id: 0x5a42969d, L:/127.0.0.1:50072 - R:localhost/127.0.0.1:55953] for POST '/session/3bee2b004f06b2c955a0e26b422fdc72/element'
20:39:21.971 [AsyncHttpClient-1-17] DEBUG org.asynchttpclient.netty.handler.HttpHandler - 

Request DefaultHttpRequest(decodeResult: success, version: HTTP/1.1)
POST /session/3bee2b004f06b2c955a0e26b422fdc72/element HTTP/1.1
User-Agent: selenium/4.1.2 (java windows)
Content-Length: 94
Content-Type: application/json; charset=utf-8
host: localhost:55953
accept: */*

Response DefaultHttpResponse(decodeResult: success, version: HTTP/1.1)
HTTP/1.1 200 OK
Content-Type: application/json; charset=utf-8
cache-control: no-cache
content-length: 88

20:39:21.971 [AsyncHttpClient-1-17] DEBUG org.asynchttpclient.netty.channel.ChannelManager - Adding key: http://localhost:55953 for channel [id: 0x5a42969d, L:/127.0.0.1:50072 - R:localhost/127.0.0.1:55953]
20:39:21.972 [Forwarding clearElement on session 3bee2b004f06b2c955a0e26b422fdc72 to remote] DEBUG org.asynchttpclient.netty.request.NettyRequestSender - Using pooled Channel '[id: 0x5a42969d, L:/127.0.0.1:50072 - R:localhost/127.0.0.1:55953]' for 'POST' to 'http://localhost:55953/session/3bee2b004f06b2c955a0e26b422fdc72/element/10314af3-6d89-4623-9750-9930fbf72464/clear'
20:39:21.972 [Forwarding clearElement on session 3bee2b004f06b2c955a0e26b422fdc72 to remote] DEBUG org.asynchttpclient.netty.request.NettyRequestSender - Using open Channel [id: 0x5a42969d, L:/127.0.0.1:50072 - R:localhost/127.0.0.1:55953] for POST '/session/3bee2b004f06b2c955a0e26b422fdc72/element/10314af3-6d89-4623-9750-9930fbf72464/clear'
20:39:22.036 [AsyncHttpClient-1-17] DEBUG org.asynchttpclient.netty.handler.HttpHandler - 

Request DefaultHttpRequest(decodeResult: success, version: HTTP/1.1)
POST /session/3bee2b004f06b2c955a0e26b422fdc72/element/10314af3-6d89-4623-9750-9930fbf72464/clear HTTP/1.1
User-Agent: selenium/4.1.2 (java windows)
Content-Length: 50
Content-Type: application/json; charset=utf-8
host: localhost:55953
accept: */*

Response DefaultHttpResponse(decodeResult: success, version: HTTP/1.1)
HTTP/1.1 200 OK
Content-Type: application/json; charset=utf-8
cache-control: no-cache
content-length: 14

20:39:22.036 [AsyncHttpClient-1-17] DEBUG org.asynchttpclient.netty.channel.ChannelManager - Adding key: http://localhost:55953 for channel [id: 0x5a42969d, L:/127.0.0.1:50072 - R:localhost/127.0.0.1:55953]
20:39:22.039 [Forwarding sendKeysToElement on session 3bee2b004f06b2c955a0e26b422fdc72 to remote] DEBUG org.asynchttpclient.netty.request.NettyRequestSender - Using pooled Channel '[id: 0x5a42969d, L:/127.0.0.1:50072 - R:localhost/127.0.0.1:55953]' for 'POST' to 'http://localhost:55953/session/3bee2b004f06b2c955a0e26b422fdc72/element/10314af3-6d89-4623-9750-9930fbf72464/value'
20:39:22.039 [Forwarding sendKeysToElement on session 3bee2b004f06b2c955a0e26b422fdc72 to remote] DEBUG org.asynchttpclient.netty.request.NettyRequestSender - Using open Channel [id: 0x5a42969d, L:/127.0.0.1:50072 - R:localhost/127.0.0.1:55953] for POST '/session/3bee2b004f06b2c955a0e26b422fdc72/element/10314af3-6d89-4623-9750-9930fbf72464/value'
20:39:22.201 [AsyncHttpClient-1-17] DEBUG org.asynchttpclient.netty.handler.HttpHandler - 

Request DefaultHttpRequest(decodeResult: success, version: HTTP/1.1)
POST /session/3bee2b004f06b2c955a0e26b422fdc72/element/10314af3-6d89-4623-9750-9930fbf72464/value HTTP/1.1
User-Agent: selenium/4.1.2 (java windows)
Content-Length: 161
Content-Type: application/json; charset=utf-8
host: localhost:55953
accept: */*

Response DefaultHttpResponse(decodeResult: success, version: HTTP/1.1)
HTTP/1.1 200 OK
Content-Type: application/json; charset=utf-8
cache-control: no-cache
content-length: 14

20:39:22.201 [AsyncHttpClient-1-17] DEBUG org.asynchttpclient.netty.channel.ChannelManager - Adding key: http://localhost:55953 for channel [id: 0x5a42969d, L:/127.0.0.1:50072 - R:localhost/127.0.0.1:55953]
  &amp#27;[32mWhen &amp#27;[0m&amp#27;[32mI insert &amp#27;[0m&amp#27;[32m&amp#27;[1m"Sisimail"&amp#27;[0m&amp#27;[32m as full name&amp#27;[0m            &amp#27;[90m# starter.stepdefinitions.RegisterSteps.iInsertFullnameAsFullName(java.lang.String)&amp#27;[0m
20:39:22.212 [Forwarding screenshot on session 3bee2b004f06b2c955a0e26b422fdc72 to remote] DEBUG org.asynchttpclient.netty.request.NettyRequestSender - Using pooled Channel '[id: 0x5a42969d, L:/127.0.0.1:50072 - R:localhost/127.0.0.1:55953]' for 'GET' to 'http://localhost:55953/session/3bee2b004f06b2c955a0e26b422fdc72/screenshot'
20:39:22.212 [Forwarding screenshot on session 3bee2b004f06b2c955a0e26b422fdc72 to remote] DEBUG org.asynchttpclient.netty.request.NettyRequestSender - Using open Channel [id: 0x5a42969d, L:/127.0.0.1:50072 - R:localhost/127.0.0.1:55953] for GET '/session/3bee2b004f06b2c955a0e26b422fdc72/screenshot'
20:39:22.494 [AsyncHttpClient-1-17] DEBUG org.asynchttpclient.netty.handler.HttpHandler - 

Request DefaultFullHttpRequest(decodeResult: success, version: HTTP/1.1, content: EmptyByteBufBE)
GET /session/3bee2b004f06b2c955a0e26b422fdc72/screenshot HTTP/1.1
User-Agent: selenium/4.1.2 (java windows)
Cache-Control: no-cache
Content-Type: application/json; charset=utf-8
host: localhost:55953
accept: */*

Response DefaultHttpResponse(decodeResult: success, version: HTTP/1.1)
HTTP/1.1 200 OK
Content-Type: application/json; charset=utf-8
cache-control: no-cache
content-length: 47788

20:39:22.495 [AsyncHttpClient-1-17] DEBUG org.asynchttpclient.netty.channel.ChannelManager - Adding key: http://localhost:55953 for channel [id: 0x5a42969d, L:/127.0.0.1:50072 - R:localhost/127.0.0.1:55953]
20:39:22.497 [main] DEBUG net.serenitybdd.core.photography.Darkroom - Send negative for processing for target\site\serenity\1319dc2b5d452eb677b22a990d3067344df1d822fc8d64ea1ac99921b0735bd4.png
20:39:22.497 [Darkroom Processing Line] DEBUG net.serenitybdd.core.photography.DarkroomProcessingLine - Processing screenshot image in /var/screenshots/screenshot-16216592768945639052
20:39:22.498 [Darkroom Processing Line] DEBUG net.serenitybdd.core.photography.DarkroomProcessingLine - Saving screenshot to target\site\serenity\1319dc2b5d452eb677b22a990d3067344df1d822fc8d64ea1ac99921b0735bd4.png
20:39:22.508 [Forwarding findElement on session 3bee2b004f06b2c955a0e26b422fdc72 to remote] DEBUG org.asynchttpclient.netty.request.NettyRequestSender - Using pooled Channel '[id: 0x5a42969d, L:/127.0.0.1:50072 - R:localhost/127.0.0.1:55953]' for 'POST' to 'http://localhost:55953/session/3bee2b004f06b2c955a0e26b422fdc72/element'
20:39:22.508 [Forwarding findElement on session 3bee2b004f06b2c955a0e26b422fdc72 to remote] DEBUG org.asynchttpclient.netty.request.NettyRequestSender - Using open Channel [id: 0x5a42969d, L:/127.0.0.1:50072 - R:localhost/127.0.0.1:55953] for POST '/session/3bee2b004f06b2c955a0e26b422fdc72/element'
20:39:22.525 [AsyncHttpClient-1-17] DEBUG org.asynchttpclient.netty.handler.HttpHandler - 

Request DefaultHttpRequest(decodeResult: success, version: HTTP/1.1)
POST /session/3bee2b004f06b2c955a0e26b422fdc72/element HTTP/1.1
User-Agent: selenium/4.1.2 (java windows)
Content-Length: 87
Content-Type: application/json; charset=utf-8
host: localhost:55953
accept: */*

Response DefaultHttpResponse(decodeResult: success, version: HTTP/1.1)
HTTP/1.1 200 OK
Content-Type: application/json; charset=utf-8
cache-control: no-cache
content-length: 88

20:39:22.525 [AsyncHttpClient-1-17] DEBUG org.asynchttpclient.netty.channel.ChannelManager - Adding key: http://localhost:55953 for channel [id: 0x5a42969d, L:/127.0.0.1:50072 - R:localhost/127.0.0.1:55953]
20:39:22.528 [Forwarding clearElement on session 3bee2b004f06b2c955a0e26b422fdc72 to remote] DEBUG org.asynchttpclient.netty.request.NettyRequestSender - Using pooled Channel '[id: 0x5a42969d, L:/127.0.0.1:50072 - R:localhost/127.0.0.1:55953]' for 'POST' to 'http://localhost:55953/session/3bee2b004f06b2c955a0e26b422fdc72/element/9b727be3-9bc8-4da7-885b-a4368ab95436/clear'
20:39:22.528 [Forwarding clearElement on session 3bee2b004f06b2c955a0e26b422fdc72 to remote] DEBUG org.asynchttpclient.netty.request.NettyRequestSender - Using open Channel [id: 0x5a42969d, L:/127.0.0.1:50072 - R:localhost/127.0.0.1:55953] for POST '/session/3bee2b004f06b2c955a0e26b422fdc72/element/9b727be3-9bc8-4da7-885b-a4368ab95436/clear'
20:39:22.580 [AsyncHttpClient-1-17] DEBUG org.asynchttpclient.netty.handler.HttpHandler - 

Request DefaultHttpRequest(decodeResult: success, version: HTTP/1.1)
POST /session/3bee2b004f06b2c955a0e26b422fdc72/element/9b727be3-9bc8-4da7-885b-a4368ab95436/clear HTTP/1.1
User-Agent: selenium/4.1.2 (java windows)
Content-Length: 50
Content-Type: application/json; charset=utf-8
host: localhost:55953
accept: */*

Response DefaultHttpResponse(decodeResult: success, version: HTTP/1.1)
HTTP/1.1 200 OK
Content-Type: application/json; charset=utf-8
cache-control: no-cache
content-length: 14

20:39:22.580 [AsyncHttpClient-1-17] DEBUG org.asynchttpclient.netty.channel.ChannelManager - Adding key: http://localhost:55953 for channel [id: 0x5a42969d, L:/127.0.0.1:50072 - R:localhost/127.0.0.1:55953]
20:39:22.581 [Forwarding sendKeysToElement on session 3bee2b004f06b2c955a0e26b422fdc72 to remote] DEBUG org.asynchttpclient.netty.request.NettyRequestSender - Using pooled Channel '[id: 0x5a42969d, L:/127.0.0.1:50072 - R:localhost/127.0.0.1:55953]' for 'POST' to 'http://localhost:55953/session/3bee2b004f06b2c955a0e26b422fdc72/element/9b727be3-9bc8-4da7-885b-a4368ab95436/value'
20:39:22.581 [Forwarding sendKeysToElement on session 3bee2b004f06b2c955a0e26b422fdc72 to remote] DEBUG org.asynchttpclient.netty.request.NettyRequestSender - Using open Channel [id: 0x5a42969d, L:/127.0.0.1:50072 - R:localhost/127.0.0.1:55953] for POST '/session/3bee2b004f06b2c955a0e26b422fdc72/element/9b727be3-9bc8-4da7-885b-a4368ab95436/value'
20:39:22.587 [AsyncHttpClient-1-1] DEBUG org.asynchttpclient.netty.channel.DefaultChannelPool - Entry count for : http://localhost:50074 : 1
20:39:22.653 [AsyncHttpClient-1-17] DEBUG org.asynchttpclient.netty.handler.HttpHandler - 

Request DefaultHttpRequest(decodeResult: success, version: HTTP/1.1)
POST /session/3bee2b004f06b2c955a0e26b422fdc72/element/9b727be3-9bc8-4da7-885b-a4368ab95436/value HTTP/1.1
User-Agent: selenium/4.1.2 (java windows)
Content-Length: 82
Content-Type: application/json; charset=utf-8
host: localhost:55953
accept: */*

Response DefaultHttpResponse(decodeResult: success, version: HTTP/1.1)
HTTP/1.1 200 OK
Content-Type: application/json; charset=utf-8
cache-control: no-cache
content-length: 14

20:39:22.653 [AsyncHttpClient-1-17] DEBUG org.asynchttpclient.netty.channel.ChannelManager - Adding key: http://localhost:55953 for channel [id: 0x5a42969d, L:/127.0.0.1:50072 - R:localhost/127.0.0.1:55953]
  &amp#27;[32mAnd &amp#27;[0m&amp#27;[32mI insert &amp#27;[0m&amp#27;[32m&amp#27;[1m""&amp#27;[0m&amp#27;[32m as email&amp#27;[0m                         &amp#27;[90m# starter.stepdefinitions.RegisterSteps.iInsertEmailAsEmail(java.lang.String)&amp#27;[0m
20:39:22.662 [Forwarding screenshot on session 3bee2b004f06b2c955a0e26b422fdc72 to remote] DEBUG org.asynchttpclient.netty.request.NettyRequestSender - Using pooled Channel '[id: 0x5a42969d, L:/127.0.0.1:50072 - R:localhost/127.0.0.1:55953]' for 'GET' to 'http://localhost:55953/session/3bee2b004f06b2c955a0e26b422fdc72/screenshot'
20:39:22.662 [Forwarding screenshot on session 3bee2b004f06b2c955a0e26b422fdc72 to remote] DEBUG org.asynchttpclient.netty.request.NettyRequestSender - Using open Channel [id: 0x5a42969d, L:/127.0.0.1:50072 - R:localhost/127.0.0.1:55953] for GET '/session/3bee2b004f06b2c955a0e26b422fdc72/screenshot'
20:39:22.882 [AsyncHttpClient-1-17] DEBUG org.asynchttpclient.netty.handler.HttpHandler - 

Request DefaultFullHttpRequest(decodeResult: success, version: HTTP/1.1, content: EmptyByteBufBE)
GET /session/3bee2b004f06b2c955a0e26b422fdc72/screenshot HTTP/1.1
User-Agent: selenium/4.1.2 (java windows)
Cache-Control: no-cache
Content-Type: application/json; charset=utf-8
host: localhost:55953
accept: */*

Response DefaultHttpResponse(decodeResult: success, version: HTTP/1.1)
HTTP/1.1 200 OK
Content-Type: application/json; charset=utf-8
cache-control: no-cache
content-length: 47432

20:39:22.882 [AsyncHttpClient-1-17] DEBUG org.asynchttpclient.netty.channel.ChannelManager - Adding key: http://localhost:55953 for channel [id: 0x5a42969d, L:/127.0.0.1:50072 - R:localhost/127.0.0.1:55953]
20:39:22.884 [main] DEBUG net.serenitybdd.core.photography.Darkroom - Send negative for processing for target\site\serenity\bc4812c08b94d20addb32ba738f1c3425c227d172c5345f5c629e91dc3d3bd8a.png
20:39:22.885 [Darkroom Processing Line] DEBUG net.serenitybdd.core.photography.DarkroomProcessingLine - Processing screenshot image in /var/screenshots/screenshot-4659977330379901808
20:39:22.885 [Darkroom Processing Line] DEBUG net.serenitybdd.core.photography.DarkroomProcessingLine - Saving screenshot to target\site\serenity\bc4812c08b94d20addb32ba738f1c3425c227d172c5345f5c629e91dc3d3bd8a.png
20:39:22.897 [Forwarding findElement on session 3bee2b004f06b2c955a0e26b422fdc72 to remote] DEBUG org.asynchttpclient.netty.request.NettyRequestSender - Using pooled Channel '[id: 0x5a42969d, L:/127.0.0.1:50072 - R:localhost/127.0.0.1:55953]' for 'POST' to 'http://localhost:55953/session/3bee2b004f06b2c955a0e26b422fdc72/element'
20:39:22.897 [Forwarding findElement on session 3bee2b004f06b2c955a0e26b422fdc72 to remote] DEBUG org.asynchttpclient.netty.request.NettyRequestSender - Using open Channel [id: 0x5a42969d, L:/127.0.0.1:50072 - R:localhost/127.0.0.1:55953] for POST '/session/3bee2b004f06b2c955a0e26b422fdc72/element'
20:39:22.917 [AsyncHttpClient-1-17] DEBUG org.asynchttpclient.netty.handler.HttpHandler - 

Request DefaultHttpRequest(decodeResult: success, version: HTTP/1.1)
POST /session/3bee2b004f06b2c955a0e26b422fdc72/element HTTP/1.1
User-Agent: selenium/4.1.2 (java windows)
Content-Length: 90
Content-Type: application/json; charset=utf-8
host: localhost:55953
accept: */*

Response DefaultHttpResponse(decodeResult: success, version: HTTP/1.1)
HTTP/1.1 200 OK
Content-Type: application/json; charset=utf-8
cache-control: no-cache
content-length: 88

20:39:22.917 [AsyncHttpClient-1-17] DEBUG org.asynchttpclient.netty.channel.ChannelManager - Adding key: http://localhost:55953 for channel [id: 0x5a42969d, L:/127.0.0.1:50072 - R:localhost/127.0.0.1:55953]
20:39:22.918 [Forwarding clearElement on session 3bee2b004f06b2c955a0e26b422fdc72 to remote] DEBUG org.asynchttpclient.netty.request.NettyRequestSender - Using pooled Channel '[id: 0x5a42969d, L:/127.0.0.1:50072 - R:localhost/127.0.0.1:55953]' for 'POST' to 'http://localhost:55953/session/3bee2b004f06b2c955a0e26b422fdc72/element/9ecff16f-07e4-451f-a246-f3a6f7f55c4c/clear'
20:39:22.918 [Forwarding clearElement on session 3bee2b004f06b2c955a0e26b422fdc72 to remote] DEBUG org.asynchttpclient.netty.request.NettyRequestSender - Using open Channel [id: 0x5a42969d, L:/127.0.0.1:50072 - R:localhost/127.0.0.1:55953] for POST '/session/3bee2b004f06b2c955a0e26b422fdc72/element/9ecff16f-07e4-451f-a246-f3a6f7f55c4c/clear'
20:39:22.970 [AsyncHttpClient-1-17] DEBUG org.asynchttpclient.netty.handler.HttpHandler - 

Request DefaultHttpRequest(decodeResult: success, version: HTTP/1.1)
POST /session/3bee2b004f06b2c955a0e26b422fdc72/element/9ecff16f-07e4-451f-a246-f3a6f7f55c4c/clear HTTP/1.1
User-Agent: selenium/4.1.2 (java windows)
Content-Length: 50
Content-Type: application/json; charset=utf-8
host: localhost:55953
accept: */*

Response DefaultHttpResponse(decodeResult: success, version: HTTP/1.1)
HTTP/1.1 200 OK
Content-Type: application/json; charset=utf-8
cache-control: no-cache
content-length: 14

20:39:22.970 [AsyncHttpClient-1-17] DEBUG org.asynchttpclient.netty.channel.ChannelManager - Adding key: http://localhost:55953 for channel [id: 0x5a42969d, L:/127.0.0.1:50072 - R:localhost/127.0.0.1:55953]
20:39:22.972 [Forwarding sendKeysToElement on session 3bee2b004f06b2c955a0e26b422fdc72 to remote] DEBUG org.asynchttpclient.netty.request.NettyRequestSender - Using pooled Channel '[id: 0x5a42969d, L:/127.0.0.1:50072 - R:localhost/127.0.0.1:55953]' for 'POST' to 'http://localhost:55953/session/3bee2b004f06b2c955a0e26b422fdc72/element/9ecff16f-07e4-451f-a246-f3a6f7f55c4c/value'
20:39:22.972 [Forwarding sendKeysToElement on session 3bee2b004f06b2c955a0e26b422fdc72 to remote] DEBUG org.asynchttpclient.netty.request.NettyRequestSender - Using open Channel [id: 0x5a42969d, L:/127.0.0.1:50072 - R:localhost/127.0.0.1:55953] for POST '/session/3bee2b004f06b2c955a0e26b422fdc72/element/9ecff16f-07e4-451f-a246-f3a6f7f55c4c/value'
20:39:23.060 [AsyncHttpClient-1-17] DEBUG org.asynchttpclient.netty.handler.HttpHandler - 

Request DefaultHttpRequest(decodeResult: success, version: HTTP/1.1)
POST /session/3bee2b004f06b2c955a0e26b422fdc72/element/9ecff16f-07e4-451f-a246-f3a6f7f55c4c/value HTTP/1.1
User-Agent: selenium/4.1.2 (java windows)
Content-Length: 131
Content-Type: application/json; charset=utf-8
host: localhost:55953
accept: */*

Response DefaultHttpResponse(decodeResult: success, version: HTTP/1.1)
HTTP/1.1 200 OK
Content-Type: application/json; charset=utf-8
cache-control: no-cache
content-length: 14

20:39:23.060 [AsyncHttpClient-1-17] DEBUG org.asynchttpclient.netty.channel.ChannelManager - Adding key: http://localhost:55953 for channel [id: 0x5a42969d, L:/127.0.0.1:50072 - R:localhost/127.0.0.1:55953]
  &amp#27;[32mAnd &amp#27;[0m&amp#27;[32mI insert &amp#27;[0m&amp#27;[32m&amp#27;[1m"mmail"&amp#27;[0m&amp#27;[32m as password&amp#27;[0m                 &amp#27;[90m# starter.stepdefinitions.RegisterSteps.iInsertPasswordAsPassword(java.lang.String)&amp#27;[0m
20:39:23.070 [Forwarding screenshot on session 3bee2b004f06b2c955a0e26b422fdc72 to remote] DEBUG org.asynchttpclient.netty.request.NettyRequestSender - Using pooled Channel '[id: 0x5a42969d, L:/127.0.0.1:50072 - R:localhost/127.0.0.1:55953]' for 'GET' to 'http://localhost:55953/session/3bee2b004f06b2c955a0e26b422fdc72/screenshot'
20:39:23.070 [Forwarding screenshot on session 3bee2b004f06b2c955a0e26b422fdc72 to remote] DEBUG org.asynchttpclient.netty.request.NettyRequestSender - Using open Channel [id: 0x5a42969d, L:/127.0.0.1:50072 - R:localhost/127.0.0.1:55953] for GET '/session/3bee2b004f06b2c955a0e26b422fdc72/screenshot'
20:39:23.286 [AsyncHttpClient-1-17] DEBUG org.asynchttpclient.netty.handler.HttpHandler - 

Request DefaultFullHttpRequest(decodeResult: success, version: HTTP/1.1, content: EmptyByteBufBE)
GET /session/3bee2b004f06b2c955a0e26b422fdc72/screenshot HTTP/1.1
User-Agent: selenium/4.1.2 (java windows)
Cache-Control: no-cache
Content-Type: application/json; charset=utf-8
host: localhost:55953
accept: */*

Response DefaultHttpResponse(decodeResult: success, version: HTTP/1.1)
HTTP/1.1 200 OK
Content-Type: application/json; charset=utf-8
cache-control: no-cache
content-length: 48868

20:39:23.287 [AsyncHttpClient-1-17] DEBUG org.asynchttpclient.netty.channel.ChannelManager - Adding key: http://localhost:55953 for channel [id: 0x5a42969d, L:/127.0.0.1:50072 - R:localhost/127.0.0.1:55953]
20:39:23.288 [main] DEBUG net.serenitybdd.core.photography.Darkroom - Send negative for processing for target\site\serenity\3ad1b15461c27a72712cbca2369dceebfbfce5c91aefa619e85e1eb1a7b9552f.png
20:39:23.291 [Darkroom Processing Line] DEBUG net.serenitybdd.core.photography.DarkroomProcessingLine - Processing screenshot image in /var/screenshots/screenshot-12938919376008712168
20:39:23.291 [Darkroom Processing Line] DEBUG net.serenitybdd.core.photography.DarkroomProcessingLine - Saving screenshot to target\site\serenity\3ad1b15461c27a72712cbca2369dceebfbfce5c91aefa619e85e1eb1a7b9552f.png
20:39:23.302 [Forwarding findElement on session 3bee2b004f06b2c955a0e26b422fdc72 to remote] DEBUG org.asynchttpclient.netty.request.NettyRequestSender - Using pooled Channel '[id: 0x5a42969d, L:/127.0.0.1:50072 - R:localhost/127.0.0.1:55953]' for 'POST' to 'http://localhost:55953/session/3bee2b004f06b2c955a0e26b422fdc72/element'
20:39:23.302 [Forwarding findElement on session 3bee2b004f06b2c955a0e26b422fdc72 to remote] DEBUG org.asynchttpclient.netty.request.NettyRequestSender - Using open Channel [id: 0x5a42969d, L:/127.0.0.1:50072 - R:localhost/127.0.0.1:55953] for POST '/session/3bee2b004f06b2c955a0e26b422fdc72/element'
20:39:23.318 [AsyncHttpClient-1-17] DEBUG org.asynchttpclient.netty.handler.HttpHandler - 

Request DefaultHttpRequest(decodeResult: success, version: HTTP/1.1)
POST /session/3bee2b004f06b2c955a0e26b422fdc72/element HTTP/1.1
User-Agent: selenium/4.1.2 (java windows)
Content-Length: 84
Content-Type: application/json; charset=utf-8
host: localhost:55953
accept: */*

Response DefaultHttpResponse(decodeResult: success, version: HTTP/1.1)
HTTP/1.1 200 OK
Content-Type: application/json; charset=utf-8
cache-control: no-cache
content-length: 88

20:39:23.318 [AsyncHttpClient-1-17] DEBUG org.asynchttpclient.netty.channel.ChannelManager - Adding key: http://localhost:55953 for channel [id: 0x5a42969d, L:/127.0.0.1:50072 - R:localhost/127.0.0.1:55953]
20:39:23.319 [Forwarding getElementTagName on session 3bee2b004f06b2c955a0e26b422fdc72 to remote] DEBUG org.asynchttpclient.netty.request.NettyRequestSender - Using pooled Channel '[id: 0x5a42969d, L:/127.0.0.1:50072 - R:localhost/127.0.0.1:55953]' for 'GET' to 'http://localhost:55953/session/3bee2b004f06b2c955a0e26b422fdc72/element/1b9c6ba6-4ec3-4fc8-bd60-4f3b76c00a73/name'
20:39:23.319 [Forwarding getElementTagName on session 3bee2b004f06b2c955a0e26b422fdc72 to remote] DEBUG org.asynchttpclient.netty.request.NettyRequestSender - Using open Channel [id: 0x5a42969d, L:/127.0.0.1:50072 - R:localhost/127.0.0.1:55953] for GET '/session/3bee2b004f06b2c955a0e26b422fdc72/element/1b9c6ba6-4ec3-4fc8-bd60-4f3b76c00a73/name'
20:39:23.324 [AsyncHttpClient-1-17] DEBUG org.asynchttpclient.netty.handler.HttpHandler - 

Request DefaultFullHttpRequest(decodeResult: success, version: HTTP/1.1, content: EmptyByteBufBE)
GET /session/3bee2b004f06b2c955a0e26b422fdc72/element/1b9c6ba6-4ec3-4fc8-bd60-4f3b76c00a73/name HTTP/1.1
User-Agent: selenium/4.1.2 (java windows)
Cache-Control: no-cache
Content-Type: application/json; charset=utf-8
host: localhost:55953
accept: */*

Response DefaultHttpResponse(decodeResult: success, version: HTTP/1.1)
HTTP/1.1 200 OK
Content-Type: application/json; charset=utf-8
cache-control: no-cache
content-length: 16

20:39:23.324 [AsyncHttpClient-1-17] DEBUG org.asynchttpclient.netty.channel.ChannelManager - Adding key: http://localhost:55953 for channel [id: 0x5a42969d, L:/127.0.0.1:50072 - R:localhost/127.0.0.1:55953]
20:39:23.325 [Forwarding getElementTagName on session 3bee2b004f06b2c955a0e26b422fdc72 to remote] DEBUG org.asynchttpclient.netty.request.NettyRequestSender - Using pooled Channel '[id: 0x5a42969d, L:/127.0.0.1:50072 - R:localhost/127.0.0.1:55953]' for 'GET' to 'http://localhost:55953/session/3bee2b004f06b2c955a0e26b422fdc72/element/1b9c6ba6-4ec3-4fc8-bd60-4f3b76c00a73/name'
20:39:23.325 [Forwarding getElementTagName on session 3bee2b004f06b2c955a0e26b422fdc72 to remote] DEBUG org.asynchttpclient.netty.request.NettyRequestSender - Using open Channel [id: 0x5a42969d, L:/127.0.0.1:50072 - R:localhost/127.0.0.1:55953] for GET '/session/3bee2b004f06b2c955a0e26b422fdc72/element/1b9c6ba6-4ec3-4fc8-bd60-4f3b76c00a73/name'
20:39:23.332 [AsyncHttpClient-1-17] DEBUG org.asynchttpclient.netty.handler.HttpHandler - 

Request DefaultFullHttpRequest(decodeResult: success, version: HTTP/1.1, content: EmptyByteBufBE)
GET /session/3bee2b004f06b2c955a0e26b422fdc72/element/1b9c6ba6-4ec3-4fc8-bd60-4f3b76c00a73/name HTTP/1.1
User-Agent: selenium/4.1.2 (java windows)
Cache-Control: no-cache
Content-Type: application/json; charset=utf-8
host: localhost:55953
accept: */*

Response DefaultHttpResponse(decodeResult: success, version: HTTP/1.1)
HTTP/1.1 200 OK
Content-Type: application/json; charset=utf-8
cache-control: no-cache
content-length: 16

20:39:23.333 [AsyncHttpClient-1-17] DEBUG org.asynchttpclient.netty.channel.ChannelManager - Adding key: http://localhost:55953 for channel [id: 0x5a42969d, L:/127.0.0.1:50072 - R:localhost/127.0.0.1:55953]
20:39:23.335 [Forwarding findElement on session 3bee2b004f06b2c955a0e26b422fdc72 to remote] DEBUG org.asynchttpclient.netty.request.NettyRequestSender - Using pooled Channel '[id: 0x5a42969d, L:/127.0.0.1:50072 - R:localhost/127.0.0.1:55953]' for 'POST' to 'http://localhost:55953/session/3bee2b004f06b2c955a0e26b422fdc72/element'
20:39:23.335 [Forwarding findElement on session 3bee2b004f06b2c955a0e26b422fdc72 to remote] DEBUG org.asynchttpclient.netty.request.NettyRequestSender - Using open Channel [id: 0x5a42969d, L:/127.0.0.1:50072 - R:localhost/127.0.0.1:55953] for POST '/session/3bee2b004f06b2c955a0e26b422fdc72/element'
20:39:23.342 [AsyncHttpClient-1-17] DEBUG org.asynchttpclient.netty.handler.HttpHandler - 

Request DefaultHttpRequest(decodeResult: success, version: HTTP/1.1)
POST /session/3bee2b004f06b2c955a0e26b422fdc72/element HTTP/1.1
User-Agent: selenium/4.1.2 (java windows)
Content-Length: 84
Content-Type: application/json; charset=utf-8
host: localhost:55953
accept: */*

Response DefaultHttpResponse(decodeResult: success, version: HTTP/1.1)
HTTP/1.1 200 OK
Content-Type: application/json; charset=utf-8
cache-control: no-cache
content-length: 88

20:39:23.342 [AsyncHttpClient-1-17] DEBUG org.asynchttpclient.netty.channel.ChannelManager - Adding key: http://localhost:55953 for channel [id: 0x5a42969d, L:/127.0.0.1:50072 - R:localhost/127.0.0.1:55953]
20:39:23.344 [Forwarding clickElement on session 3bee2b004f06b2c955a0e26b422fdc72 to remote] DEBUG org.asynchttpclient.netty.request.NettyRequestSender - Using pooled Channel '[id: 0x5a42969d, L:/127.0.0.1:50072 - R:localhost/127.0.0.1:55953]' for 'POST' to 'http://localhost:55953/session/3bee2b004f06b2c955a0e26b422fdc72/element/1b9c6ba6-4ec3-4fc8-bd60-4f3b76c00a73/click'
20:39:23.344 [Forwarding clickElement on session 3bee2b004f06b2c955a0e26b422fdc72 to remote] DEBUG org.asynchttpclient.netty.request.NettyRequestSender - Using open Channel [id: 0x5a42969d, L:/127.0.0.1:50072 - R:localhost/127.0.0.1:55953] for POST '/session/3bee2b004f06b2c955a0e26b422fdc72/element/1b9c6ba6-4ec3-4fc8-bd60-4f3b76c00a73/click'
20:39:23.405 [AsyncHttpClient-1-17] DEBUG org.asynchttpclient.netty.handler.HttpHandler - 

Request DefaultHttpRequest(decodeResult: success, version: HTTP/1.1)
POST /session/3bee2b004f06b2c955a0e26b422fdc72/element/1b9c6ba6-4ec3-4fc8-bd60-4f3b76c00a73/click HTTP/1.1
User-Agent: selenium/4.1.2 (java windows)
Content-Length: 50
Content-Type: application/json; charset=utf-8
host: localhost:55953
accept: */*

Response DefaultHttpResponse(decodeResult: success, version: HTTP/1.1)
HTTP/1.1 200 OK
Content-Type: application/json; charset=utf-8
cache-control: no-cache
content-length: 14

20:39:23.405 [AsyncHttpClient-1-17] DEBUG org.asynchttpclient.netty.channel.ChannelManager - Adding key: http://localhost:55953 for channel [id: 0x5a42969d, L:/127.0.0.1:50072 - R:localhost/127.0.0.1:55953]
  &amp#27;[32mAnd &amp#27;[0m&amp#27;[32mI click register&amp#27;[0m                             &amp#27;[90m# starter.stepdefinitions.RegisterSteps.iClickRegister()&amp#27;[0m
20:39:23.414 [Forwarding screenshot on session 3bee2b004f06b2c955a0e26b422fdc72 to remote] DEBUG org.asynchttpclient.netty.request.NettyRequestSender - Using pooled Channel '[id: 0x5a42969d, L:/127.0.0.1:50072 - R:localhost/127.0.0.1:55953]' for 'GET' to 'http://localhost:55953/session/3bee2b004f06b2c955a0e26b422fdc72/screenshot'
20:39:23.414 [Forwarding screenshot on session 3bee2b004f06b2c955a0e26b422fdc72 to remote] DEBUG org.asynchttpclient.netty.request.NettyRequestSender - Using open Channel [id: 0x5a42969d, L:/127.0.0.1:50072 - R:localhost/127.0.0.1:55953] for GET '/session/3bee2b004f06b2c955a0e26b422fdc72/screenshot'
20:39:23.685 [AsyncHttpClient-1-1] DEBUG org.asynchttpclient.netty.channel.DefaultChannelPool - Entry count for : http://localhost:50074 : 1
20:39:23.800 [AsyncHttpClient-1-17] DEBUG org.asynchttpclient.netty.handler.HttpHandler - 

Request DefaultFullHttpRequest(decodeResult: success, version: HTTP/1.1, content: EmptyByteBufBE)
GET /session/3bee2b004f06b2c955a0e26b422fdc72/screenshot HTTP/1.1
User-Agent: selenium/4.1.2 (java windows)
Cache-Control: no-cache
Content-Type: application/json; charset=utf-8
host: localhost:55953
accept: */*

Response DefaultHttpResponse(decodeResult: success, version: HTTP/1.1)
HTTP/1.1 200 OK
Content-Type: application/json; charset=utf-8
cache-control: no-cache
content-length: 47304

20:39:23.800 [AsyncHttpClient-1-17] DEBUG org.asynchttpclient.netty.channel.ChannelManager - Adding key: http://localhost:55953 for channel [id: 0x5a42969d, L:/127.0.0.1:50072 - R:localhost/127.0.0.1:55953]
20:39:23.802 [main] DEBUG net.serenitybdd.core.photography.Darkroom - Send negative for processing for target\site\serenity\d29145d944d38681ad58c5425a17394d9002d334d16ac8413d336d350cac6507.png
20:39:23.802 [Darkroom Processing Line] DEBUG net.serenitybdd.core.photography.DarkroomProcessingLine - Processing screenshot image in /var/screenshots/screenshot-8203962255524332957
20:39:23.802 [Darkroom Processing Line] DEBUG net.serenitybdd.core.photography.DarkroomProcessingLine - Saving screenshot to target\site\serenity\d29145d944d38681ad58c5425a17394d9002d334d16ac8413d336d350cac6507.png
20:39:23.815 [Forwarding findElement on session 3bee2b004f06b2c955a0e26b422fdc72 to remote] DEBUG org.asynchttpclient.netty.request.NettyRequestSender - Using pooled Channel '[id: 0x5a42969d, L:/127.0.0.1:50072 - R:localhost/127.0.0.1:55953]' for 'POST' to 'http://localhost:55953/session/3bee2b004f06b2c955a0e26b422fdc72/element'
20:39:23.815 [Forwarding findElement on session 3bee2b004f06b2c955a0e26b422fdc72 to remote] DEBUG org.asynchttpclient.netty.request.NettyRequestSender - Using open Channel [id: 0x5a42969d, L:/127.0.0.1:50072 - R:localhost/127.0.0.1:55953] for POST '/session/3bee2b004f06b2c955a0e26b422fdc72/element'
20:39:24.760 [AsyncHttpClient-1-17] DEBUG org.asynchttpclient.netty.handler.HttpHandler - 

Request DefaultHttpRequest(decodeResult: success, version: HTTP/1.1)
POST /session/3bee2b004f06b2c955a0e26b422fdc72/element HTTP/1.1
User-Agent: selenium/4.1.2 (java windows)
Content-Length: 59
Content-Type: application/json; charset=utf-8
host: localhost:55953
accept: */*

Response DefaultHttpResponse(decodeResult: success, version: HTTP/1.1)
HTTP/1.1 200 OK
Content-Type: application/json; charset=utf-8
cache-control: no-cache
content-length: 88

20:39:24.760 [AsyncHttpClient-1-17] DEBUG org.asynchttpclient.netty.channel.ChannelManager - Adding key: http://localhost:55953 for channel [id: 0x5a42969d, L:/127.0.0.1:50072 - R:localhost/127.0.0.1:55953]
20:39:24.762 [Forwarding isElementDisplayed on session 3bee2b004f06b2c955a0e26b422fdc72 to remote] DEBUG org.asynchttpclient.netty.request.NettyRequestSender - Using pooled Channel '[id: 0x5a42969d, L:/127.0.0.1:50072 - R:localhost/127.0.0.1:55953]' for 'POST' to 'http://localhost:55953/session/3bee2b004f06b2c955a0e26b422fdc72/execute/sync'
20:39:24.762 [Forwarding isElementDisplayed on session 3bee2b004f06b2c955a0e26b422fdc72 to remote] DEBUG org.asynchttpclient.netty.request.NettyRequestSender - Using open Channel [id: 0x5a42969d, L:/127.0.0.1:50072 - R:localhost/127.0.0.1:55953] for POST '/session/3bee2b004f06b2c955a0e26b422fdc72/execute/sync'
20:39:24.776 [AsyncHttpClient-1-17] DEBUG org.asynchttpclient.netty.handler.HttpHandler - 

Request DefaultHttpRequest(decodeResult: success, version: HTTP/1.1)
POST /session/3bee2b004f06b2c955a0e26b422fdc72/execute/sync HTTP/1.1
User-Agent: selenium/4.1.2 (java windows)
Content-Length: 48780
Content-Type: application/json; charset=utf-8
host: localhost:55953
accept: */*

Response DefaultHttpResponse(decodeResult: success, version: HTTP/1.1)
HTTP/1.1 200 OK
Content-Type: application/json; charset=utf-8
cache-control: no-cache
content-length: 14

20:39:24.776 [AsyncHttpClient-1-17] DEBUG org.asynchttpclient.netty.channel.ChannelManager - Adding key: http://localhost:55953 for channel [id: 0x5a42969d, L:/127.0.0.1:50072 - R:localhost/127.0.0.1:55953]
20:39:24.777 [Forwarding findElement on session 3bee2b004f06b2c955a0e26b422fdc72 to remote] DEBUG org.asynchttpclient.netty.request.NettyRequestSender - Using pooled Channel '[id: 0x5a42969d, L:/127.0.0.1:50072 - R:localhost/127.0.0.1:55953]' for 'POST' to 'http://localhost:55953/session/3bee2b004f06b2c955a0e26b422fdc72/element'
20:39:24.777 [Forwarding findElement on session 3bee2b004f06b2c955a0e26b422fdc72 to remote] DEBUG org.asynchttpclient.netty.request.NettyRequestSender - Using open Channel [id: 0x5a42969d, L:/127.0.0.1:50072 - R:localhost/127.0.0.1:55953] for POST '/session/3bee2b004f06b2c955a0e26b422fdc72/element'
20:39:24.784 [AsyncHttpClient-1-1] DEBUG org.asynchttpclient.netty.channel.DefaultChannelPool - Entry count for : http://localhost:50074 : 1
20:39:24.785 [AsyncHttpClient-1-17] DEBUG org.asynchttpclient.netty.handler.HttpHandler - 

Request DefaultHttpRequest(decodeResult: success, version: HTTP/1.1)
POST /session/3bee2b004f06b2c955a0e26b422fdc72/element HTTP/1.1
User-Agent: selenium/4.1.2 (java windows)
Content-Length: 59
Content-Type: application/json; charset=utf-8
host: localhost:55953
accept: */*

Response DefaultHttpResponse(decodeResult: success, version: HTTP/1.1)
HTTP/1.1 200 OK
Content-Type: application/json; charset=utf-8
cache-control: no-cache
content-length: 88

20:39:24.785 [AsyncHttpClient-1-17] DEBUG org.asynchttpclient.netty.channel.ChannelManager - Adding key: http://localhost:55953 for channel [id: 0x5a42969d, L:/127.0.0.1:50072 - R:localhost/127.0.0.1:55953]
20:39:24.788 [Forwarding isElementDisplayed on session 3bee2b004f06b2c955a0e26b422fdc72 to remote] DEBUG org.asynchttpclient.netty.request.NettyRequestSender - Using pooled Channel '[id: 0x5a42969d, L:/127.0.0.1:50072 - R:localhost/127.0.0.1:55953]' for 'POST' to 'http://localhost:55953/session/3bee2b004f06b2c955a0e26b422fdc72/execute/sync'
20:39:24.788 [Forwarding isElementDisplayed on session 3bee2b004f06b2c955a0e26b422fdc72 to remote] DEBUG org.asynchttpclient.netty.request.NettyRequestSender - Using open Channel [id: 0x5a42969d, L:/127.0.0.1:50072 - R:localhost/127.0.0.1:55953] for POST '/session/3bee2b004f06b2c955a0e26b422fdc72/execute/sync'
20:39:24.801 [AsyncHttpClient-1-17] DEBUG org.asynchttpclient.netty.handler.HttpHandler - 

Request DefaultHttpRequest(decodeResult: success, version: HTTP/1.1)
POST /session/3bee2b004f06b2c955a0e26b422fdc72/execute/sync HTTP/1.1
User-Agent: selenium/4.1.2 (java windows)
Content-Length: 48780
Content-Type: application/json; charset=utf-8
host: localhost:55953
accept: */*

Response DefaultHttpResponse(decodeResult: success, version: HTTP/1.1)
HTTP/1.1 200 OK
Content-Type: application/json; charset=utf-8
cache-control: no-cache
content-length: 14

20:39:24.801 [AsyncHttpClient-1-17] DEBUG org.asynchttpclient.netty.channel.ChannelManager - Adding key: http://localhost:55953 for channel [id: 0x5a42969d, L:/127.0.0.1:50072 - R:localhost/127.0.0.1:55953]
  &amp#27;[32mThen &amp#27;[0m&amp#27;[32mI get &amp#27;[0m&amp#27;[32m&amp#27;[1m"email"&amp#27;[0m&amp#27;[32m error&amp#27;[0m                         &amp#27;[90m# starter.stepdefinitions.RegisterSteps.iGetErrorError(java.lang.String)&amp#27;[0m
20:39:24.804 [Forwarding screenshot on session 3bee2b004f06b2c955a0e26b422fdc72 to remote] DEBUG org.asynchttpclient.netty.request.NettyRequestSender - Using pooled Channel '[id: 0x5a42969d, L:/127.0.0.1:50072 - R:localhost/127.0.0.1:55953]' for 'GET' to 'http://localhost:55953/session/3bee2b004f06b2c955a0e26b422fdc72/screenshot'
20:39:24.804 [Forwarding screenshot on session 3bee2b004f06b2c955a0e26b422fdc72 to remote] DEBUG org.asynchttpclient.netty.request.NettyRequestSender - Using open Channel [id: 0x5a42969d, L:/127.0.0.1:50072 - R:localhost/127.0.0.1:55953] for GET '/session/3bee2b004f06b2c955a0e26b422fdc72/screenshot'
20:39:25.007 [AsyncHttpClient-1-17] DEBUG org.asynchttpclient.netty.handler.HttpHandler - 

Request DefaultFullHttpRequest(decodeResult: success, version: HTTP/1.1, content: EmptyByteBufBE)
GET /session/3bee2b004f06b2c955a0e26b422fdc72/screenshot HTTP/1.1
User-Agent: selenium/4.1.2 (java windows)
Cache-Control: no-cache
Content-Type: application/json; charset=utf-8
host: localhost:55953
accept: */*

Response DefaultHttpResponse(decodeResult: success, version: HTTP/1.1)
HTTP/1.1 200 OK
Content-Type: application/json; charset=utf-8
cache-control: no-cache
content-length: 49344

20:39:25.007 [AsyncHttpClient-1-17] DEBUG org.asynchttpclient.netty.channel.ChannelManager - Adding key: http://localhost:55953 for channel [id: 0x5a42969d, L:/127.0.0.1:50072 - R:localhost/127.0.0.1:55953]
20:39:25.008 [main] DEBUG net.serenitybdd.core.photography.Darkroom - Send negative for processing for target\site\serenity\cb971e31cb00feab2e4e21b4c1652f5d55ac02c5f246fc21fcba4d5097565402.png
20:39:25.009 [Darkroom Processing Line] DEBUG net.serenitybdd.core.photography.DarkroomProcessingLine - Processing screenshot image in /var/screenshots/screenshot-13550784034161726974
20:39:25.009 [Darkroom Processing Line] DEBUG net.serenitybdd.core.photography.DarkroomProcessingLine - Saving screenshot to target\site\serenity\cb971e31cb00feab2e4e21b4c1652f5d55ac02c5f246fc21fcba4d5097565402.png
20:39:25.017 [AsyncHttpClient-1-3] DEBUG org.asynchttpclient.netty.handler.WebSocketHandler - Channel Closed: [id: 0x0ab69bac, L:/127.0.0.1:50082 ! R:localhost/127.0.0.1:50074] with attribute NettyResponseFuture{currentRetry=5,
	isDone=1,
	isCancelled=0,
	asyncHandler=org.asynchttpclient.ws.WebSocketUpgradeHandler@64e0b69c,
	nettyRequest=org.asynchttpclient.netty.request.NettyRequest@4c6e42a6,
	future=java.util.concurrent.CompletableFuture@571d5507[Completed normally],
	uri=ws://localhost:50074/devtools/browser/14720461-feaa-4062-b7a9-f6f0e0ed07ee,
	keepAlive=true,
	redirectCount=0,
	timeoutsHolder=null,
	inAuth=0,
	touch=1667223559531}
20:39:25.017 [AsyncHttpClient-1-3] DEBUG org.asynchttpclient.netty.channel.ChannelManager - Closing Channel [id: 0x0ab69bac, L:/127.0.0.1:50082 ! R:localhost/127.0.0.1:50074] 
20:39:25.017 [Driver Command Executor] DEBUG org.asynchttpclient.netty.request.NettyRequestSender - Using pooled Channel '[id: 0x5a42969d, L:/127.0.0.1:50072 - R:localhost/127.0.0.1:55953]' for 'DELETE' to 'http://localhost:55953/session/3bee2b004f06b2c955a0e26b422fdc72'
20:39:25.017 [Driver Command Executor] DEBUG org.asynchttpclient.netty.request.NettyRequestSender - Using open Channel [id: 0x5a42969d, L:/127.0.0.1:50072 - R:localhost/127.0.0.1:55953] for DELETE '/session/3bee2b004f06b2c955a0e26b422fdc72'
20:39:25.047 [AsyncHttpClient-1-2] DEBUG org.asynchttpclient.netty.handler.HttpHandler - Unexpected I/O exception on channel [id: 0x6bf942bb, L:/127.0.0.1:50081 - R:localhost/127.0.0.1:50074]
java.net.SocketException: Connection reset
	at java.base/sun.nio.ch.SocketChannelImpl.throwConnectionReset(SocketChannelImpl.java:345)
	at java.base/sun.nio.ch.SocketChannelImpl.read(SocketChannelImpl.java:376)
	at io.netty.buffer.PooledByteBuf.setBytes(PooledByteBuf.java:258)
	at io.netty.buffer.AbstractByteBuf.writeBytes(AbstractByteBuf.java:1132)
	at io.netty.channel.socket.nio.NioSocketChannel.doReadBytes(NioSocketChannel.java:350)
	at io.netty.channel.nio.AbstractNioByteChannel$NioByteUnsafe.read(AbstractNioByteChannel.java:151)
	at io.netty.channel.nio.NioEventLoop.processSelectedKey(NioEventLoop.java:722)
	at io.netty.channel.nio.NioEventLoop.processSelectedKeysOptimized(NioEventLoop.java:658)
	at io.netty.channel.nio.NioEventLoop.processSelectedKeys(NioEventLoop.java:584)
	at io.netty.channel.nio.NioEventLoop.run(NioEventLoop.java:496)
	at io.netty.util.concurrent.SingleThreadEventExecutor$4.run(SingleThreadEventExecutor.java:986)
	at io.netty.util.internal.ThreadExecutorMap$2.run(ThreadExecutorMap.java:74)
	at io.netty.util.concurrent.FastThreadLocalRunnable.run(FastThreadLocalRunnable.java:30)
	at java.base/java.lang.Thread.run(Thread.java:830)
20:39:25.048 [AsyncHttpClient-1-2] DEBUG org.asynchttpclient.netty.channel.ChannelManager - Closing Channel [id: 0x6bf942bb, L:/127.0.0.1:50081 - R:localhost/127.0.0.1:50074] 
20:39:25.049 [AsyncHttpClient-1-2] DEBUG org.asynchttpclient.netty.handler.HttpHandler - Channel Closed: [id: 0x6bf942bb, L:/127.0.0.1:50081 ! R:localhost/127.0.0.1:50074] with attribute DISCARD
20:39:25.066 [AsyncHttpClient-1-17] DEBUG org.asynchttpclient.netty.handler.HttpHandler - 

Request DefaultFullHttpRequest(decodeResult: success, version: HTTP/1.1, content: EmptyByteBufBE)
DELETE /session/3bee2b004f06b2c955a0e26b422fdc72 HTTP/1.1
User-Agent: selenium/4.1.2 (java windows)
Content-Type: application/json; charset=utf-8
host: localhost:55953
accept: */*

Response DefaultHttpResponse(decodeResult: success, version: HTTP/1.1)
HTTP/1.1 200 OK
Content-Type: application/json; charset=utf-8
cache-control: no-cache
content-length: 14

20:39:25.066 [AsyncHttpClient-1-17] DEBUG org.asynchttpclient.netty.channel.ChannelManager - Adding key: http://localhost:55953 for channel [id: 0x5a42969d, L:/127.0.0.1:50072 - R:localhost/127.0.0.1:55953]
20:39:25.163 [AsyncHttpClient-1-17] DEBUG org.asynchttpclient.netty.handler.HttpHandler - Channel Closed: [id: 0x5a42969d, L:/127.0.0.1:50072 ! R:localhost/127.0.0.1:55953] with attribute DISCARD
20:39:25.700 [main] INFO  - 
  _____   ___   ___   _____     ___     _     ___   ___   ___   ___  
 |_   _| | __| / __| |_   _|   | _ \   /_\   / __| / __| | __| |   \ 
   | |   | _|  \__ \   | |     |  _/  / _ \  \__ \ \__ \ | _|  | |) |
   |_|   |___| |___/   |_|     |_|   /_/ \_\ |___/ |___/ |___| |___/ 

Register with username and email
----------------------------------------------------------------------
]]></system-out>
    <system-err><![CDATA[Starting ChromeDriver 106.0.5249.61 (511755355844955cd3e264779baf0dd38212a4d0-refs/branch-heads/5249@{#569}) on port 55953
Only local connections are allowed.
Please see https://chromedriver.chromium.org/security-considerations for suggestions on keeping ChromeDriver safe.
ChromeDriver was started successfully.
[1667223558.852][WARNING]: This version of ChromeDriver has not been tested with Chrome version 107.
Oct 31, 2022 8:39:19 PM org.openqa.selenium.remote.ProtocolHandshake createSession
INFO: Detected dialect: W3C
Oct 31, 2022 8:39:19 PM org.openqa.selenium.devtools.CdpVersionFinder findNearestMatch
WARNING: Unable to find an exact match for CDP version 107, so returning the closest version found: a no-op implementation
Oct 31, 2022 8:39:19 PM org.openqa.selenium.devtools.CdpVersionFinder findNearestMatch
INFO: Unable to find CDP implementation matching 107.
Oct 31, 2022 8:39:19 PM org.openqa.selenium.chromium.ChromiumDriver lambda$new$3
WARNING: Unable to find version of CDP to use for . You may need to include a dependency on a specific version of the CDP using something similar to `org.seleniumhq.selenium:selenium-devtools-v86:4.1.2` where the version ("v86") matches the version of the chromium-based browser you're using and the version number of the artifact is the same as Selenium's.
]]></system-err>
  </testcase>
  <testcase name="Register with username and email #3" classname="Register" time="6.435">
    <system-out><![CDATA[
Scenario Outline: Register with username and email &amp#27;[90m# src/test/resources/features/Register.feature:38&amp#27;[0m
20:39:25.706 [main] INFO io.cucumber.core.plugin.SerenityReporter - Running feature from file:///C:/Users/ASUS/Desktop/stupen/miniproject/Web/ASWeb/src/test/resources/features/Register.feature
20:39:25.715 [main] INFO net.serenitybdd.core.webdriver.driverproviders.ChromeDriverProvider - Using automatically driver download
20:39:25.859 [main] DEBUG io.github.bonigarcia.wdm.cache.ResolutionCache - Resolution chrome=107 in cache (valid until 21:37:26 31/10/2022 WIB)
20:39:25.865 [main] DEBUG io.github.bonigarcia.wdm.cache.ResolutionCache - Resolution chrome107=107.0.5304.62 in cache (valid until 19:37:19 01/11/2022 WIB)
20:39:25.867 [main] INFO io.github.bonigarcia.wdm.WebDriverManager - Using chromedriver 107.0.5304.62 (resolved driver for Chrome 107)
20:39:25.881 [main] DEBUG io.github.bonigarcia.wdm.WebDriverManager - Driver chromedriver 107.0.5304.62 found in cache
20:39:25.881 [main] INFO io.github.bonigarcia.wdm.WebDriverManager - Exporting webdriver.chrome.driver as C:\Users\ASUS\.cache\selenium\chromedriver\win32\107.0.5304.62\chromedriver.exe
20:39:25.883 [AsyncHttpClient-1-1] DEBUG org.asynchttpclient.netty.channel.DefaultChannelPool - Entry count for : http://localhost:55953 : 1
20:39:25.883 [AsyncHttpClient-1-1] DEBUG org.asynchttpclient.netty.channel.DefaultChannelPool - Entry count for : http://localhost:50074 : 1
20:39:25.883 [AsyncHttpClient-1-1] DEBUG org.asynchttpclient.netty.channel.DefaultChannelPool - Adding Candidate expired Channel [id: 0x5a42969d, L:/127.0.0.1:50072 ! R:localhost/127.0.0.1:55953] isIdleTimeoutExpired=false isRemotelyClosed=true isTtlExpired=false
20:39:25.883 [AsyncHttpClient-1-1] DEBUG org.asynchttpclient.netty.channel.DefaultChannelPool - Closing Idle Channel [id: 0x5a42969d, L:/127.0.0.1:50072 ! R:localhost/127.0.0.1:55953]
20:39:25.883 [AsyncHttpClient-1-1] DEBUG org.asynchttpclient.netty.channel.DefaultChannelPool - Adding Candidate expired Channel [id: 0x6bf942bb, L:/127.0.0.1:50081 ! R:localhost/127.0.0.1:50074] isIdleTimeoutExpired=false isRemotelyClosed=true isTtlExpired=false
20:39:25.883 [AsyncHttpClient-1-1] DEBUG org.asynchttpclient.netty.channel.DefaultChannelPool - Closing Idle Channel [id: 0x6bf942bb, L:/127.0.0.1:50081 ! R:localhost/127.0.0.1:50074]
20:39:25.883 [AsyncHttpClient-1-1] DEBUG org.asynchttpclient.netty.channel.DefaultChannelPool - Closed 2 connections out of 2 in 0 ms
20:39:26.029 [main] DEBUG net.serenitybdd.core.webdriver.driverproviders.ProvideNewDriver - Instantiating driver
20:39:26.029 [main] DEBUG net.serenitybdd.core.webdriver.driverproviders.ProvideNewDriver - Driver capabilities: Capabilities {acceptInsecureCerts: false, base.url: https://alta-shop.vercel.app/, browserName: chrome, chrome.driver: src/test/resources/webdrive..., driver: chrome, goog:chromeOptions: {args: [], extensions: []}, wait.for.timeout: 10000}
20:39:26.573 [AsyncHttpClient-1-4] DEBUG org.asynchttpclient.netty.channel.NettyConnectListener - Using new Channel '[id: 0xfedb0230, L:/127.0.0.1:50103 - R:localhost/127.0.0.1:53171]' for 'POST' to '/session'
20:39:27.548 [AsyncHttpClient-1-4] DEBUG org.asynchttpclient.netty.handler.HttpHandler - 

Request DefaultHttpRequest(decodeResult: success, version: HTTP/1.1)
POST /session HTTP/1.1
User-Agent: selenium/4.1.2 (java windows)
Content-Length: 646
Content-Type: application/json; charset=utf-8
host: localhost:53171
accept: */*

Response DefaultHttpResponse(decodeResult: success, version: HTTP/1.1)
HTTP/1.1 200 OK
Content-Type: application/json; charset=utf-8
cache-control: no-cache
content-length: 788

20:39:27.549 [AsyncHttpClient-1-4] DEBUG org.asynchttpclient.netty.channel.ChannelManager - Adding key: http://localhost:53171 for channel [id: 0xfedb0230, L:/127.0.0.1:50103 - R:localhost/127.0.0.1:53171]
20:39:27.558 [AsyncHttpClient-1-5] DEBUG org.asynchttpclient.netty.channel.NettyConnectListener - Using new Channel '[id: 0xe5cecbbd, L:/127.0.0.1:50112 - R:localhost/127.0.0.1:50104]' for 'GET' to '/json/version'
20:39:27.559 [AsyncHttpClient-1-5] DEBUG org.asynchttpclient.netty.handler.HttpHandler - 

Request DefaultFullHttpRequest(decodeResult: success, version: HTTP/1.1, content: EmptyByteBufBE)
GET /json/version HTTP/1.1
User-Agent: selenium/4.1.2 (java windows)
host: localhost:50104
accept: */*

Response DefaultHttpResponse(decodeResult: success, version: HTTP/1.1)
HTTP/1.1 200 OK
Content-Type: application/json; charset=UTF-8
content-length: 423

20:39:27.560 [AsyncHttpClient-1-5] DEBUG org.asynchttpclient.netty.channel.ChannelManager - Adding key: http://localhost:50104 for channel [id: 0xe5cecbbd, L:/127.0.0.1:50112 - R:localhost/127.0.0.1:50104]
20:39:27.563 [AsyncHttpClient-1-6] DEBUG org.asynchttpclient.netty.channel.NettyConnectListener - Using new Channel '[id: 0xe0dc4014, L:/127.0.0.1:50113 - R:localhost/127.0.0.1:50104]' for 'GET' to '/devtools/browser/a55bc481-b51b-4af2-a5b1-2253f8c7140e'
20:39:27.564 [AsyncHttpClient-1-6] DEBUG org.asynchttpclient.netty.handler.WebSocketHandler - 

Request DefaultFullHttpRequest(decodeResult: success, version: HTTP/1.1, content: EmptyByteBufBE)
GET /devtools/browser/a55bc481-b51b-4af2-a5b1-2253f8c7140e HTTP/1.1
upgrade: websocket
connection: upgrade
sec-websocket-key: CTQB353D1zZ1SBdntx2lRw==
sec-websocket-version: 13
origin: http://localhost:50104
host: localhost:50104
accept: */*
user-agent: AHC/2.1

Response DefaultHttpResponse(decodeResult: success, version: HTTP/1.1)
HTTP/1.1 101 WebSocket Protocol Handshake
Upgrade: WebSocket
Connection: Upgrade
Sec-WebSocket-Accept: v6XtNQucJqw8Ln+9597daTRpWhw=

20:39:27.569 [Forwarding get on session 3cbf28e33a49b114de47f8e807bfe538 to remote] DEBUG org.asynchttpclient.netty.request.NettyRequestSender - Using pooled Channel '[id: 0xfedb0230, L:/127.0.0.1:50103 - R:localhost/127.0.0.1:53171]' for 'POST' to 'http://localhost:53171/session/3cbf28e33a49b114de47f8e807bfe538/url'
20:39:27.569 [Forwarding get on session 3cbf28e33a49b114de47f8e807bfe538 to remote] DEBUG org.asynchttpclient.netty.request.NettyRequestSender - Using open Channel [id: 0xfedb0230, L:/127.0.0.1:50103 - R:localhost/127.0.0.1:53171] for POST '/session/3cbf28e33a49b114de47f8e807bfe538/url'
20:39:28.080 [AsyncHttpClient-1-1] DEBUG org.asynchttpclient.netty.channel.DefaultChannelPool - Entry count for : http://localhost:50104 : 1
20:39:28.178 [AsyncHttpClient-1-4] DEBUG org.asynchttpclient.netty.handler.HttpHandler - 

Request DefaultHttpRequest(decodeResult: success, version: HTTP/1.1)
POST /session/3cbf28e33a49b114de47f8e807bfe538/url HTTP/1.1
User-Agent: selenium/4.1.2 (java windows)
Content-Length: 77
Content-Type: application/json; charset=utf-8
host: localhost:53171
accept: */*

Response DefaultHttpResponse(decodeResult: success, version: HTTP/1.1)
HTTP/1.1 200 OK
Content-Type: application/json; charset=utf-8
cache-control: no-cache
content-length: 14

20:39:28.178 [AsyncHttpClient-1-4] DEBUG org.asynchttpclient.netty.channel.ChannelManager - Adding key: http://localhost:53171 for channel [id: 0xfedb0230, L:/127.0.0.1:50103 - R:localhost/127.0.0.1:53171]
20:39:28.179 [Forwarding setTimeout on session 3cbf28e33a49b114de47f8e807bfe538 to remote] DEBUG org.asynchttpclient.netty.request.NettyRequestSender - Using pooled Channel '[id: 0xfedb0230, L:/127.0.0.1:50103 - R:localhost/127.0.0.1:53171]' for 'POST' to 'http://localhost:53171/session/3cbf28e33a49b114de47f8e807bfe538/timeouts'
20:39:28.179 [Forwarding setTimeout on session 3cbf28e33a49b114de47f8e807bfe538 to remote] DEBUG org.asynchttpclient.netty.request.NettyRequestSender - Using open Channel [id: 0xfedb0230, L:/127.0.0.1:50103 - R:localhost/127.0.0.1:53171] for POST '/session/3cbf28e33a49b114de47f8e807bfe538/timeouts'
20:39:28.179 [AsyncHttpClient-1-4] DEBUG org.asynchttpclient.netty.handler.HttpHandler - 

Request DefaultHttpRequest(decodeResult: success, version: HTTP/1.1)
POST /session/3cbf28e33a49b114de47f8e807bfe538/timeouts HTTP/1.1
User-Agent: selenium/4.1.2 (java windows)
Content-Length: 22
Content-Type: application/json; charset=utf-8
host: localhost:53171
accept: */*

Response DefaultHttpResponse(decodeResult: success, version: HTTP/1.1)
HTTP/1.1 200 OK
Content-Type: application/json; charset=utf-8
cache-control: no-cache
content-length: 14

20:39:28.179 [AsyncHttpClient-1-4] DEBUG org.asynchttpclient.netty.channel.ChannelManager - Adding key: http://localhost:53171 for channel [id: 0xfedb0230, L:/127.0.0.1:50103 - R:localhost/127.0.0.1:53171]
20:39:28.181 [Forwarding getCurrentUrl on session 3cbf28e33a49b114de47f8e807bfe538 to remote] DEBUG org.asynchttpclient.netty.request.NettyRequestSender - Using pooled Channel '[id: 0xfedb0230, L:/127.0.0.1:50103 - R:localhost/127.0.0.1:53171]' for 'GET' to 'http://localhost:53171/session/3cbf28e33a49b114de47f8e807bfe538/url'
20:39:28.181 [Forwarding getCurrentUrl on session 3cbf28e33a49b114de47f8e807bfe538 to remote] DEBUG org.asynchttpclient.netty.request.NettyRequestSender - Using open Channel [id: 0xfedb0230, L:/127.0.0.1:50103 - R:localhost/127.0.0.1:53171] for GET '/session/3cbf28e33a49b114de47f8e807bfe538/url'
20:39:28.187 [AsyncHttpClient-1-4] DEBUG org.asynchttpclient.netty.handler.HttpHandler - 

Request DefaultFullHttpRequest(decodeResult: success, version: HTTP/1.1, content: EmptyByteBufBE)
GET /session/3cbf28e33a49b114de47f8e807bfe538/url HTTP/1.1
User-Agent: selenium/4.1.2 (java windows)
Cache-Control: no-cache
Content-Type: application/json; charset=utf-8
host: localhost:53171
accept: */*

Response DefaultHttpResponse(decodeResult: success, version: HTTP/1.1)
HTTP/1.1 200 OK
Content-Type: application/json; charset=utf-8
cache-control: no-cache
content-length: 54

20:39:28.187 [AsyncHttpClient-1-4] DEBUG org.asynchttpclient.netty.channel.ChannelManager - Adding key: http://localhost:53171 for channel [id: 0xfedb0230, L:/127.0.0.1:50103 - R:localhost/127.0.0.1:53171]
  &amp#27;[32mGiven &amp#27;[0m&amp#27;[32mI open register page&amp#27;[0m                       &amp#27;[90m# starter.stepdefinitions.RegisterSteps.iOpenRegisterPage()&amp#27;[0m
20:39:28.192 [Forwarding screenshot on session 3cbf28e33a49b114de47f8e807bfe538 to remote] DEBUG org.asynchttpclient.netty.request.NettyRequestSender - Using pooled Channel '[id: 0xfedb0230, L:/127.0.0.1:50103 - R:localhost/127.0.0.1:53171]' for 'GET' to 'http://localhost:53171/session/3cbf28e33a49b114de47f8e807bfe538/screenshot'
20:39:28.192 [Forwarding screenshot on session 3cbf28e33a49b114de47f8e807bfe538 to remote] DEBUG org.asynchttpclient.netty.request.NettyRequestSender - Using open Channel [id: 0xfedb0230, L:/127.0.0.1:50103 - R:localhost/127.0.0.1:53171] for GET '/session/3cbf28e33a49b114de47f8e807bfe538/screenshot'
20:39:28.629 [AsyncHttpClient-1-4] DEBUG org.asynchttpclient.netty.handler.HttpHandler - 

Request DefaultFullHttpRequest(decodeResult: success, version: HTTP/1.1, content: EmptyByteBufBE)
GET /session/3cbf28e33a49b114de47f8e807bfe538/screenshot HTTP/1.1
User-Agent: selenium/4.1.2 (java windows)
Cache-Control: no-cache
Content-Type: application/json; charset=utf-8
host: localhost:53171
accept: */*

Response DefaultHttpResponse(decodeResult: success, version: HTTP/1.1)
HTTP/1.1 200 OK
Content-Type: application/json; charset=utf-8
cache-control: no-cache
content-length: 45380

20:39:28.629 [AsyncHttpClient-1-4] DEBUG org.asynchttpclient.netty.channel.ChannelManager - Adding key: http://localhost:53171 for channel [id: 0xfedb0230, L:/127.0.0.1:50103 - R:localhost/127.0.0.1:53171]
20:39:28.631 [main] DEBUG net.serenitybdd.core.photography.Darkroom - Send negative for processing for target\site\serenity\74af2a90e11b4e8cdcc90c8b8f2efe0850d173caaf4338fdd4e69cc971e1b305.png
20:39:28.638 [Forwarding findElement on session 3cbf28e33a49b114de47f8e807bfe538 to remote] DEBUG org.asynchttpclient.netty.request.NettyRequestSender - Using pooled Channel '[id: 0xfedb0230, L:/127.0.0.1:50103 - R:localhost/127.0.0.1:53171]' for 'POST' to 'http://localhost:53171/session/3cbf28e33a49b114de47f8e807bfe538/element'
20:39:28.638 [Forwarding findElement on session 3cbf28e33a49b114de47f8e807bfe538 to remote] DEBUG org.asynchttpclient.netty.request.NettyRequestSender - Using open Channel [id: 0xfedb0230, L:/127.0.0.1:50103 - R:localhost/127.0.0.1:53171] for POST '/session/3cbf28e33a49b114de47f8e807bfe538/element'
20:39:28.650 [AsyncHttpClient-1-4] DEBUG org.asynchttpclient.netty.handler.HttpHandler - 

Request DefaultHttpRequest(decodeResult: success, version: HTTP/1.1)
POST /session/3cbf28e33a49b114de47f8e807bfe538/element HTTP/1.1
User-Agent: selenium/4.1.2 (java windows)
Content-Length: 94
Content-Type: application/json; charset=utf-8
host: localhost:53171
accept: */*

Response DefaultHttpResponse(decodeResult: success, version: HTTP/1.1)
HTTP/1.1 200 OK
Content-Type: application/json; charset=utf-8
cache-control: no-cache
content-length: 88

20:39:28.650 [AsyncHttpClient-1-4] DEBUG org.asynchttpclient.netty.channel.ChannelManager - Adding key: http://localhost:53171 for channel [id: 0xfedb0230, L:/127.0.0.1:50103 - R:localhost/127.0.0.1:53171]
20:39:28.651 [Forwarding clearElement on session 3cbf28e33a49b114de47f8e807bfe538 to remote] DEBUG org.asynchttpclient.netty.request.NettyRequestSender - Using pooled Channel '[id: 0xfedb0230, L:/127.0.0.1:50103 - R:localhost/127.0.0.1:53171]' for 'POST' to 'http://localhost:53171/session/3cbf28e33a49b114de47f8e807bfe538/element/c541ea0e-beae-485a-8ac0-4f9bb2044e18/clear'
20:39:28.651 [Forwarding clearElement on session 3cbf28e33a49b114de47f8e807bfe538 to remote] DEBUG org.asynchttpclient.netty.request.NettyRequestSender - Using open Channel [id: 0xfedb0230, L:/127.0.0.1:50103 - R:localhost/127.0.0.1:53171] for POST '/session/3cbf28e33a49b114de47f8e807bfe538/element/c541ea0e-beae-485a-8ac0-4f9bb2044e18/clear'
20:39:28.684 [AsyncHttpClient-1-4] DEBUG org.asynchttpclient.netty.handler.HttpHandler - 

Request DefaultHttpRequest(decodeResult: success, version: HTTP/1.1)
POST /session/3cbf28e33a49b114de47f8e807bfe538/element/c541ea0e-beae-485a-8ac0-4f9bb2044e18/clear HTTP/1.1
User-Agent: selenium/4.1.2 (java windows)
Content-Length: 50
Content-Type: application/json; charset=utf-8
host: localhost:53171
accept: */*

Response DefaultHttpResponse(decodeResult: success, version: HTTP/1.1)
HTTP/1.1 200 OK
Content-Type: application/json; charset=utf-8
cache-control: no-cache
content-length: 14

20:39:28.684 [AsyncHttpClient-1-4] DEBUG org.asynchttpclient.netty.channel.ChannelManager - Adding key: http://localhost:53171 for channel [id: 0xfedb0230, L:/127.0.0.1:50103 - R:localhost/127.0.0.1:53171]
20:39:28.685 [Forwarding sendKeysToElement on session 3cbf28e33a49b114de47f8e807bfe538 to remote] DEBUG org.asynchttpclient.netty.request.NettyRequestSender - Using pooled Channel '[id: 0xfedb0230, L:/127.0.0.1:50103 - R:localhost/127.0.0.1:53171]' for 'POST' to 'http://localhost:53171/session/3cbf28e33a49b114de47f8e807bfe538/element/c541ea0e-beae-485a-8ac0-4f9bb2044e18/value'
20:39:28.686 [Forwarding sendKeysToElement on session 3cbf28e33a49b114de47f8e807bfe538 to remote] DEBUG org.asynchttpclient.netty.request.NettyRequestSender - Using open Channel [id: 0xfedb0230, L:/127.0.0.1:50103 - R:localhost/127.0.0.1:53171] for POST '/session/3cbf28e33a49b114de47f8e807bfe538/element/c541ea0e-beae-485a-8ac0-4f9bb2044e18/value'
20:39:28.778 [AsyncHttpClient-1-4] DEBUG org.asynchttpclient.netty.handler.HttpHandler - 

Request DefaultHttpRequest(decodeResult: success, version: HTTP/1.1)
POST /session/3cbf28e33a49b114de47f8e807bfe538/element/c541ea0e-beae-485a-8ac0-4f9bb2044e18/value HTTP/1.1
User-Agent: selenium/4.1.2 (java windows)
Content-Length: 161
Content-Type: application/json; charset=utf-8
host: localhost:53171
accept: */*

Response DefaultHttpResponse(decodeResult: success, version: HTTP/1.1)
HTTP/1.1 200 OK
Content-Type: application/json; charset=utf-8
cache-control: no-cache
content-length: 14

20:39:28.778 [AsyncHttpClient-1-4] DEBUG org.asynchttpclient.netty.channel.ChannelManager - Adding key: http://localhost:53171 for channel [id: 0xfedb0230, L:/127.0.0.1:50103 - R:localhost/127.0.0.1:53171]
  &amp#27;[32mWhen &amp#27;[0m&amp#27;[32mI insert &amp#27;[0m&amp#27;[32m&amp#27;[1m"Sisimail"&amp#27;[0m&amp#27;[32m as full name&amp#27;[0m            &amp#27;[90m# starter.stepdefinitions.RegisterSteps.iInsertFullnameAsFullName(java.lang.String)&amp#27;[0m
20:39:28.788 [Forwarding screenshot on session 3cbf28e33a49b114de47f8e807bfe538 to remote] DEBUG org.asynchttpclient.netty.request.NettyRequestSender - Using pooled Channel '[id: 0xfedb0230, L:/127.0.0.1:50103 - R:localhost/127.0.0.1:53171]' for 'GET' to 'http://localhost:53171/session/3cbf28e33a49b114de47f8e807bfe538/screenshot'
20:39:28.788 [Forwarding screenshot on session 3cbf28e33a49b114de47f8e807bfe538 to remote] DEBUG org.asynchttpclient.netty.request.NettyRequestSender - Using open Channel [id: 0xfedb0230, L:/127.0.0.1:50103 - R:localhost/127.0.0.1:53171] for GET '/session/3cbf28e33a49b114de47f8e807bfe538/screenshot'
20:39:28.953 [AsyncHttpClient-1-4] DEBUG org.asynchttpclient.netty.handler.HttpHandler - 

Request DefaultFullHttpRequest(decodeResult: success, version: HTTP/1.1, content: EmptyByteBufBE)
GET /session/3cbf28e33a49b114de47f8e807bfe538/screenshot HTTP/1.1
User-Agent: selenium/4.1.2 (java windows)
Cache-Control: no-cache
Content-Type: application/json; charset=utf-8
host: localhost:53171
accept: */*

Response DefaultHttpResponse(decodeResult: success, version: HTTP/1.1)
HTTP/1.1 200 OK
Content-Type: application/json; charset=utf-8
cache-control: no-cache
content-length: 48136

20:39:28.953 [AsyncHttpClient-1-4] DEBUG org.asynchttpclient.netty.channel.ChannelManager - Adding key: http://localhost:53171 for channel [id: 0xfedb0230, L:/127.0.0.1:50103 - R:localhost/127.0.0.1:53171]
20:39:28.954 [main] DEBUG net.serenitybdd.core.photography.Darkroom - Send negative for processing for target\site\serenity\02e2f10fa4be748427192f411f9bcf40143be9b73c93b7ad24f89c67faf4db63.png
20:39:28.955 [Darkroom Processing Line] DEBUG net.serenitybdd.core.photography.DarkroomProcessingLine - Processing screenshot image in /var/screenshots/screenshot-4297930577134764283
20:39:28.955 [Darkroom Processing Line] DEBUG net.serenitybdd.core.photography.DarkroomProcessingLine - Saving screenshot to target\site\serenity\02e2f10fa4be748427192f411f9bcf40143be9b73c93b7ad24f89c67faf4db63.png
20:39:28.963 [Forwarding findElement on session 3cbf28e33a49b114de47f8e807bfe538 to remote] DEBUG org.asynchttpclient.netty.request.NettyRequestSender - Using pooled Channel '[id: 0xfedb0230, L:/127.0.0.1:50103 - R:localhost/127.0.0.1:53171]' for 'POST' to 'http://localhost:53171/session/3cbf28e33a49b114de47f8e807bfe538/element'
20:39:28.963 [Forwarding findElement on session 3cbf28e33a49b114de47f8e807bfe538 to remote] DEBUG org.asynchttpclient.netty.request.NettyRequestSender - Using open Channel [id: 0xfedb0230, L:/127.0.0.1:50103 - R:localhost/127.0.0.1:53171] for POST '/session/3cbf28e33a49b114de47f8e807bfe538/element'
20:39:28.974 [AsyncHttpClient-1-4] DEBUG org.asynchttpclient.netty.handler.HttpHandler - 

Request DefaultHttpRequest(decodeResult: success, version: HTTP/1.1)
POST /session/3cbf28e33a49b114de47f8e807bfe538/element HTTP/1.1
User-Agent: selenium/4.1.2 (java windows)
Content-Length: 87
Content-Type: application/json; charset=utf-8
host: localhost:53171
accept: */*

Response DefaultHttpResponse(decodeResult: success, version: HTTP/1.1)
HTTP/1.1 200 OK
Content-Type: application/json; charset=utf-8
cache-control: no-cache
content-length: 88

20:39:28.974 [AsyncHttpClient-1-4] DEBUG org.asynchttpclient.netty.channel.ChannelManager - Adding key: http://localhost:53171 for channel [id: 0xfedb0230, L:/127.0.0.1:50103 - R:localhost/127.0.0.1:53171]
20:39:28.975 [Forwarding clearElement on session 3cbf28e33a49b114de47f8e807bfe538 to remote] DEBUG org.asynchttpclient.netty.request.NettyRequestSender - Using pooled Channel '[id: 0xfedb0230, L:/127.0.0.1:50103 - R:localhost/127.0.0.1:53171]' for 'POST' to 'http://localhost:53171/session/3cbf28e33a49b114de47f8e807bfe538/element/86aff40e-fe61-4f6c-aed4-25df7c2b1e2a/clear'
20:39:28.975 [Forwarding clearElement on session 3cbf28e33a49b114de47f8e807bfe538 to remote] DEBUG org.asynchttpclient.netty.request.NettyRequestSender - Using open Channel [id: 0xfedb0230, L:/127.0.0.1:50103 - R:localhost/127.0.0.1:53171] for POST '/session/3cbf28e33a49b114de47f8e807bfe538/element/86aff40e-fe61-4f6c-aed4-25df7c2b1e2a/clear'
20:39:29.009 [AsyncHttpClient-1-4] DEBUG org.asynchttpclient.netty.handler.HttpHandler - 

Request DefaultHttpRequest(decodeResult: success, version: HTTP/1.1)
POST /session/3cbf28e33a49b114de47f8e807bfe538/element/86aff40e-fe61-4f6c-aed4-25df7c2b1e2a/clear HTTP/1.1
User-Agent: selenium/4.1.2 (java windows)
Content-Length: 50
Content-Type: application/json; charset=utf-8
host: localhost:53171
accept: */*

Response DefaultHttpResponse(decodeResult: success, version: HTTP/1.1)
HTTP/1.1 200 OK
Content-Type: application/json; charset=utf-8
cache-control: no-cache
content-length: 14

20:39:29.009 [AsyncHttpClient-1-4] DEBUG org.asynchttpclient.netty.channel.ChannelManager - Adding key: http://localhost:53171 for channel [id: 0xfedb0230, L:/127.0.0.1:50103 - R:localhost/127.0.0.1:53171]
20:39:29.011 [Forwarding sendKeysToElement on session 3cbf28e33a49b114de47f8e807bfe538 to remote] DEBUG org.asynchttpclient.netty.request.NettyRequestSender - Using pooled Channel '[id: 0xfedb0230, L:/127.0.0.1:50103 - R:localhost/127.0.0.1:53171]' for 'POST' to 'http://localhost:53171/session/3cbf28e33a49b114de47f8e807bfe538/element/86aff40e-fe61-4f6c-aed4-25df7c2b1e2a/value'
20:39:29.011 [Forwarding sendKeysToElement on session 3cbf28e33a49b114de47f8e807bfe538 to remote] DEBUG org.asynchttpclient.netty.request.NettyRequestSender - Using open Channel [id: 0xfedb0230, L:/127.0.0.1:50103 - R:localhost/127.0.0.1:53171] for POST '/session/3cbf28e33a49b114de47f8e807bfe538/element/86aff40e-fe61-4f6c-aed4-25df7c2b1e2a/value'
20:39:29.147 [AsyncHttpClient-1-4] DEBUG org.asynchttpclient.netty.handler.HttpHandler - 

Request DefaultHttpRequest(decodeResult: success, version: HTTP/1.1)
POST /session/3cbf28e33a49b114de47f8e807bfe538/element/86aff40e-fe61-4f6c-aed4-25df7c2b1e2a/value HTTP/1.1
User-Agent: selenium/4.1.2 (java windows)
Content-Length: 231
Content-Type: application/json; charset=utf-8
host: localhost:53171
accept: */*

Response DefaultHttpResponse(decodeResult: success, version: HTTP/1.1)
HTTP/1.1 200 OK
Content-Type: application/json; charset=utf-8
cache-control: no-cache
content-length: 14

20:39:29.147 [AsyncHttpClient-1-4] DEBUG org.asynchttpclient.netty.channel.ChannelManager - Adding key: http://localhost:53171 for channel [id: 0xfedb0230, L:/127.0.0.1:50103 - R:localhost/127.0.0.1:53171]
  &amp#27;[32mAnd &amp#27;[0m&amp#27;[32mI insert &amp#27;[0m&amp#27;[32m&amp#27;[1m"simail@mail.com"&amp#27;[0m&amp#27;[32m as email&amp#27;[0m          &amp#27;[90m# starter.stepdefinitions.RegisterSteps.iInsertEmailAsEmail(java.lang.String)&amp#27;[0m
20:39:29.153 [Forwarding screenshot on session 3cbf28e33a49b114de47f8e807bfe538 to remote] DEBUG org.asynchttpclient.netty.request.NettyRequestSender - Using pooled Channel '[id: 0xfedb0230, L:/127.0.0.1:50103 - R:localhost/127.0.0.1:53171]' for 'GET' to 'http://localhost:53171/session/3cbf28e33a49b114de47f8e807bfe538/screenshot'
20:39:29.153 [Forwarding screenshot on session 3cbf28e33a49b114de47f8e807bfe538 to remote] DEBUG org.asynchttpclient.netty.request.NettyRequestSender - Using open Channel [id: 0xfedb0230, L:/127.0.0.1:50103 - R:localhost/127.0.0.1:53171] for GET '/session/3cbf28e33a49b114de47f8e807bfe538/screenshot'
20:39:29.179 [AsyncHttpClient-1-1] DEBUG org.asynchttpclient.netty.channel.DefaultChannelPool - Entry count for : http://localhost:50104 : 1
20:39:29.316 [AsyncHttpClient-1-4] DEBUG org.asynchttpclient.netty.handler.HttpHandler - 

Request DefaultFullHttpRequest(decodeResult: success, version: HTTP/1.1, content: EmptyByteBufBE)
GET /session/3cbf28e33a49b114de47f8e807bfe538/screenshot HTTP/1.1
User-Agent: selenium/4.1.2 (java windows)
Cache-Control: no-cache
Content-Type: application/json; charset=utf-8
host: localhost:53171
accept: */*

Response DefaultHttpResponse(decodeResult: success, version: HTTP/1.1)
HTTP/1.1 200 OK
Content-Type: application/json; charset=utf-8
cache-control: no-cache
content-length: 53416

20:39:29.316 [AsyncHttpClient-1-4] DEBUG org.asynchttpclient.netty.channel.ChannelManager - Adding key: http://localhost:53171 for channel [id: 0xfedb0230, L:/127.0.0.1:50103 - R:localhost/127.0.0.1:53171]
20:39:29.318 [main] DEBUG net.serenitybdd.core.photography.Darkroom - Send negative for processing for target\site\serenity\477bb1109d651c02627697f5ed8071671adeb32723e2568cf25a8d5c20b15b43.png
20:39:29.318 [Darkroom Processing Line] DEBUG net.serenitybdd.core.photography.DarkroomProcessingLine - Processing screenshot image in /var/screenshots/screenshot-4937624508848873012
20:39:29.318 [Darkroom Processing Line] DEBUG net.serenitybdd.core.photography.DarkroomProcessingLine - Saving screenshot to target\site\serenity\477bb1109d651c02627697f5ed8071671adeb32723e2568cf25a8d5c20b15b43.png
20:39:29.327 [Forwarding findElement on session 3cbf28e33a49b114de47f8e807bfe538 to remote] DEBUG org.asynchttpclient.netty.request.NettyRequestSender - Using pooled Channel '[id: 0xfedb0230, L:/127.0.0.1:50103 - R:localhost/127.0.0.1:53171]' for 'POST' to 'http://localhost:53171/session/3cbf28e33a49b114de47f8e807bfe538/element'
20:39:29.327 [Forwarding findElement on session 3cbf28e33a49b114de47f8e807bfe538 to remote] DEBUG org.asynchttpclient.netty.request.NettyRequestSender - Using open Channel [id: 0xfedb0230, L:/127.0.0.1:50103 - R:localhost/127.0.0.1:53171] for POST '/session/3cbf28e33a49b114de47f8e807bfe538/element'
20:39:29.341 [AsyncHttpClient-1-4] DEBUG org.asynchttpclient.netty.handler.HttpHandler - 

Request DefaultHttpRequest(decodeResult: success, version: HTTP/1.1)
POST /session/3cbf28e33a49b114de47f8e807bfe538/element HTTP/1.1
User-Agent: selenium/4.1.2 (java windows)
Content-Length: 90
Content-Type: application/json; charset=utf-8
host: localhost:53171
accept: */*

Response DefaultHttpResponse(decodeResult: success, version: HTTP/1.1)
HTTP/1.1 200 OK
Content-Type: application/json; charset=utf-8
cache-control: no-cache
content-length: 88

20:39:29.341 [AsyncHttpClient-1-4] DEBUG org.asynchttpclient.netty.channel.ChannelManager - Adding key: http://localhost:53171 for channel [id: 0xfedb0230, L:/127.0.0.1:50103 - R:localhost/127.0.0.1:53171]
20:39:29.342 [Forwarding clearElement on session 3cbf28e33a49b114de47f8e807bfe538 to remote] DEBUG org.asynchttpclient.netty.request.NettyRequestSender - Using pooled Channel '[id: 0xfedb0230, L:/127.0.0.1:50103 - R:localhost/127.0.0.1:53171]' for 'POST' to 'http://localhost:53171/session/3cbf28e33a49b114de47f8e807bfe538/element/bef6c4b9-b4e1-46a4-8269-50c0c0eef2e4/clear'
20:39:29.342 [Forwarding clearElement on session 3cbf28e33a49b114de47f8e807bfe538 to remote] DEBUG org.asynchttpclient.netty.request.NettyRequestSender - Using open Channel [id: 0xfedb0230, L:/127.0.0.1:50103 - R:localhost/127.0.0.1:53171] for POST '/session/3cbf28e33a49b114de47f8e807bfe538/element/bef6c4b9-b4e1-46a4-8269-50c0c0eef2e4/clear'
20:39:29.385 [AsyncHttpClient-1-4] DEBUG org.asynchttpclient.netty.handler.HttpHandler - 

Request DefaultHttpRequest(decodeResult: success, version: HTTP/1.1)
POST /session/3cbf28e33a49b114de47f8e807bfe538/element/bef6c4b9-b4e1-46a4-8269-50c0c0eef2e4/clear HTTP/1.1
User-Agent: selenium/4.1.2 (java windows)
Content-Length: 50
Content-Type: application/json; charset=utf-8
host: localhost:53171
accept: */*

Response DefaultHttpResponse(decodeResult: success, version: HTTP/1.1)
HTTP/1.1 200 OK
Content-Type: application/json; charset=utf-8
cache-control: no-cache
content-length: 14

20:39:29.385 [AsyncHttpClient-1-4] DEBUG org.asynchttpclient.netty.channel.ChannelManager - Adding key: http://localhost:53171 for channel [id: 0xfedb0230, L:/127.0.0.1:50103 - R:localhost/127.0.0.1:53171]
20:39:29.386 [Forwarding sendKeysToElement on session 3cbf28e33a49b114de47f8e807bfe538 to remote] DEBUG org.asynchttpclient.netty.request.NettyRequestSender - Using pooled Channel '[id: 0xfedb0230, L:/127.0.0.1:50103 - R:localhost/127.0.0.1:53171]' for 'POST' to 'http://localhost:53171/session/3cbf28e33a49b114de47f8e807bfe538/element/bef6c4b9-b4e1-46a4-8269-50c0c0eef2e4/value'
20:39:29.386 [Forwarding sendKeysToElement on session 3cbf28e33a49b114de47f8e807bfe538 to remote] DEBUG org.asynchttpclient.netty.request.NettyRequestSender - Using open Channel [id: 0xfedb0230, L:/127.0.0.1:50103 - R:localhost/127.0.0.1:53171] for POST '/session/3cbf28e33a49b114de47f8e807bfe538/element/bef6c4b9-b4e1-46a4-8269-50c0c0eef2e4/value'
20:39:29.443 [AsyncHttpClient-1-4] DEBUG org.asynchttpclient.netty.handler.HttpHandler - 

Request DefaultHttpRequest(decodeResult: success, version: HTTP/1.1)
POST /session/3cbf28e33a49b114de47f8e807bfe538/element/bef6c4b9-b4e1-46a4-8269-50c0c0eef2e4/value HTTP/1.1
User-Agent: selenium/4.1.2 (java windows)
Content-Length: 82
Content-Type: application/json; charset=utf-8
host: localhost:53171
accept: */*

Response DefaultHttpResponse(decodeResult: success, version: HTTP/1.1)
HTTP/1.1 200 OK
Content-Type: application/json; charset=utf-8
cache-control: no-cache
content-length: 14

20:39:29.444 [AsyncHttpClient-1-4] DEBUG org.asynchttpclient.netty.channel.ChannelManager - Adding key: http://localhost:53171 for channel [id: 0xfedb0230, L:/127.0.0.1:50103 - R:localhost/127.0.0.1:53171]
  &amp#27;[32mAnd &amp#27;[0m&amp#27;[32mI insert &amp#27;[0m&amp#27;[32m&amp#27;[1m""&amp#27;[0m&amp#27;[32m as password&amp#27;[0m                      &amp#27;[90m# starter.stepdefinitions.RegisterSteps.iInsertPasswordAsPassword(java.lang.String)&amp#27;[0m
20:39:29.456 [Forwarding screenshot on session 3cbf28e33a49b114de47f8e807bfe538 to remote] DEBUG org.asynchttpclient.netty.request.NettyRequestSender - Using pooled Channel '[id: 0xfedb0230, L:/127.0.0.1:50103 - R:localhost/127.0.0.1:53171]' for 'GET' to 'http://localhost:53171/session/3cbf28e33a49b114de47f8e807bfe538/screenshot'
20:39:29.456 [Forwarding screenshot on session 3cbf28e33a49b114de47f8e807bfe538 to remote] DEBUG org.asynchttpclient.netty.request.NettyRequestSender - Using open Channel [id: 0xfedb0230, L:/127.0.0.1:50103 - R:localhost/127.0.0.1:53171] for GET '/session/3cbf28e33a49b114de47f8e807bfe538/screenshot'
20:39:29.651 [AsyncHttpClient-1-4] DEBUG org.asynchttpclient.netty.handler.HttpHandler - 

Request DefaultFullHttpRequest(decodeResult: success, version: HTTP/1.1, content: EmptyByteBufBE)
GET /session/3cbf28e33a49b114de47f8e807bfe538/screenshot HTTP/1.1
User-Agent: selenium/4.1.2 (java windows)
Cache-Control: no-cache
Content-Type: application/json; charset=utf-8
host: localhost:53171
accept: */*

Response DefaultHttpResponse(decodeResult: success, version: HTTP/1.1)
HTTP/1.1 200 OK
Content-Type: application/json; charset=utf-8
cache-control: no-cache
content-length: 53104

20:39:29.651 [AsyncHttpClient-1-4] DEBUG org.asynchttpclient.netty.channel.ChannelManager - Adding key: http://localhost:53171 for channel [id: 0xfedb0230, L:/127.0.0.1:50103 - R:localhost/127.0.0.1:53171]
20:39:29.653 [main] DEBUG net.serenitybdd.core.photography.Darkroom - Send negative for processing for target\site\serenity\2ee82316f2c2e3aee96520a9fce661dc437e03397360a0314454f093c4e8f59f.png
20:39:29.653 [Darkroom Processing Line] DEBUG net.serenitybdd.core.photography.DarkroomProcessingLine - Processing screenshot image in /var/screenshots/screenshot-10798672002806147990
20:39:29.653 [Darkroom Processing Line] DEBUG net.serenitybdd.core.photography.DarkroomProcessingLine - Saving screenshot to target\site\serenity\2ee82316f2c2e3aee96520a9fce661dc437e03397360a0314454f093c4e8f59f.png
20:39:29.667 [Forwarding findElement on session 3cbf28e33a49b114de47f8e807bfe538 to remote] DEBUG org.asynchttpclient.netty.request.NettyRequestSender - Using pooled Channel '[id: 0xfedb0230, L:/127.0.0.1:50103 - R:localhost/127.0.0.1:53171]' for 'POST' to 'http://localhost:53171/session/3cbf28e33a49b114de47f8e807bfe538/element'
20:39:29.667 [Forwarding findElement on session 3cbf28e33a49b114de47f8e807bfe538 to remote] DEBUG org.asynchttpclient.netty.request.NettyRequestSender - Using open Channel [id: 0xfedb0230, L:/127.0.0.1:50103 - R:localhost/127.0.0.1:53171] for POST '/session/3cbf28e33a49b114de47f8e807bfe538/element'
20:39:29.685 [AsyncHttpClient-1-4] DEBUG org.asynchttpclient.netty.handler.HttpHandler - 

Request DefaultHttpRequest(decodeResult: success, version: HTTP/1.1)
POST /session/3cbf28e33a49b114de47f8e807bfe538/element HTTP/1.1
User-Agent: selenium/4.1.2 (java windows)
Content-Length: 84
Content-Type: application/json; charset=utf-8
host: localhost:53171
accept: */*

Response DefaultHttpResponse(decodeResult: success, version: HTTP/1.1)
HTTP/1.1 200 OK
Content-Type: application/json; charset=utf-8
cache-control: no-cache
content-length: 88

20:39:29.685 [AsyncHttpClient-1-4] DEBUG org.asynchttpclient.netty.channel.ChannelManager - Adding key: http://localhost:53171 for channel [id: 0xfedb0230, L:/127.0.0.1:50103 - R:localhost/127.0.0.1:53171]
20:39:29.688 [Forwarding getElementTagName on session 3cbf28e33a49b114de47f8e807bfe538 to remote] DEBUG org.asynchttpclient.netty.request.NettyRequestSender - Using pooled Channel '[id: 0xfedb0230, L:/127.0.0.1:50103 - R:localhost/127.0.0.1:53171]' for 'GET' to 'http://localhost:53171/session/3cbf28e33a49b114de47f8e807bfe538/element/12bf39f2-8f7c-4d41-a24b-c1f6c9c27442/name'
20:39:29.688 [Forwarding getElementTagName on session 3cbf28e33a49b114de47f8e807bfe538 to remote] DEBUG org.asynchttpclient.netty.request.NettyRequestSender - Using open Channel [id: 0xfedb0230, L:/127.0.0.1:50103 - R:localhost/127.0.0.1:53171] for GET '/session/3cbf28e33a49b114de47f8e807bfe538/element/12bf39f2-8f7c-4d41-a24b-c1f6c9c27442/name'
20:39:29.699 [AsyncHttpClient-1-4] DEBUG org.asynchttpclient.netty.handler.HttpHandler - 

Request DefaultFullHttpRequest(decodeResult: success, version: HTTP/1.1, content: EmptyByteBufBE)
GET /session/3cbf28e33a49b114de47f8e807bfe538/element/12bf39f2-8f7c-4d41-a24b-c1f6c9c27442/name HTTP/1.1
User-Agent: selenium/4.1.2 (java windows)
Cache-Control: no-cache
Content-Type: application/json; charset=utf-8
host: localhost:53171
accept: */*

Response DefaultHttpResponse(decodeResult: success, version: HTTP/1.1)
HTTP/1.1 200 OK
Content-Type: application/json; charset=utf-8
cache-control: no-cache
content-length: 16

20:39:29.699 [AsyncHttpClient-1-4] DEBUG org.asynchttpclient.netty.channel.ChannelManager - Adding key: http://localhost:53171 for channel [id: 0xfedb0230, L:/127.0.0.1:50103 - R:localhost/127.0.0.1:53171]
20:39:29.701 [Forwarding getElementTagName on session 3cbf28e33a49b114de47f8e807bfe538 to remote] DEBUG org.asynchttpclient.netty.request.NettyRequestSender - Using pooled Channel '[id: 0xfedb0230, L:/127.0.0.1:50103 - R:localhost/127.0.0.1:53171]' for 'GET' to 'http://localhost:53171/session/3cbf28e33a49b114de47f8e807bfe538/element/12bf39f2-8f7c-4d41-a24b-c1f6c9c27442/name'
20:39:29.701 [Forwarding getElementTagName on session 3cbf28e33a49b114de47f8e807bfe538 to remote] DEBUG org.asynchttpclient.netty.request.NettyRequestSender - Using open Channel [id: 0xfedb0230, L:/127.0.0.1:50103 - R:localhost/127.0.0.1:53171] for GET '/session/3cbf28e33a49b114de47f8e807bfe538/element/12bf39f2-8f7c-4d41-a24b-c1f6c9c27442/name'
20:39:29.705 [AsyncHttpClient-1-4] DEBUG org.asynchttpclient.netty.handler.HttpHandler - 

Request DefaultFullHttpRequest(decodeResult: success, version: HTTP/1.1, content: EmptyByteBufBE)
GET /session/3cbf28e33a49b114de47f8e807bfe538/element/12bf39f2-8f7c-4d41-a24b-c1f6c9c27442/name HTTP/1.1
User-Agent: selenium/4.1.2 (java windows)
Cache-Control: no-cache
Content-Type: application/json; charset=utf-8
host: localhost:53171
accept: */*

Response DefaultHttpResponse(decodeResult: success, version: HTTP/1.1)
HTTP/1.1 200 OK
Content-Type: application/json; charset=utf-8
cache-control: no-cache
content-length: 16

20:39:29.705 [AsyncHttpClient-1-4] DEBUG org.asynchttpclient.netty.channel.ChannelManager - Adding key: http://localhost:53171 for channel [id: 0xfedb0230, L:/127.0.0.1:50103 - R:localhost/127.0.0.1:53171]
20:39:29.707 [Forwarding findElement on session 3cbf28e33a49b114de47f8e807bfe538 to remote] DEBUG org.asynchttpclient.netty.request.NettyRequestSender - Using pooled Channel '[id: 0xfedb0230, L:/127.0.0.1:50103 - R:localhost/127.0.0.1:53171]' for 'POST' to 'http://localhost:53171/session/3cbf28e33a49b114de47f8e807bfe538/element'
20:39:29.707 [Forwarding findElement on session 3cbf28e33a49b114de47f8e807bfe538 to remote] DEBUG org.asynchttpclient.netty.request.NettyRequestSender - Using open Channel [id: 0xfedb0230, L:/127.0.0.1:50103 - R:localhost/127.0.0.1:53171] for POST '/session/3cbf28e33a49b114de47f8e807bfe538/element'
20:39:29.718 [AsyncHttpClient-1-4] DEBUG org.asynchttpclient.netty.handler.HttpHandler - 

Request DefaultHttpRequest(decodeResult: success, version: HTTP/1.1)
POST /session/3cbf28e33a49b114de47f8e807bfe538/element HTTP/1.1
User-Agent: selenium/4.1.2 (java windows)
Content-Length: 84
Content-Type: application/json; charset=utf-8
host: localhost:53171
accept: */*

Response DefaultHttpResponse(decodeResult: success, version: HTTP/1.1)
HTTP/1.1 200 OK
Content-Type: application/json; charset=utf-8
cache-control: no-cache
content-length: 88

20:39:29.718 [AsyncHttpClient-1-4] DEBUG org.asynchttpclient.netty.channel.ChannelManager - Adding key: http://localhost:53171 for channel [id: 0xfedb0230, L:/127.0.0.1:50103 - R:localhost/127.0.0.1:53171]
20:39:29.719 [Forwarding clickElement on session 3cbf28e33a49b114de47f8e807bfe538 to remote] DEBUG org.asynchttpclient.netty.request.NettyRequestSender - Using pooled Channel '[id: 0xfedb0230, L:/127.0.0.1:50103 - R:localhost/127.0.0.1:53171]' for 'POST' to 'http://localhost:53171/session/3cbf28e33a49b114de47f8e807bfe538/element/12bf39f2-8f7c-4d41-a24b-c1f6c9c27442/click'
20:39:29.719 [Forwarding clickElement on session 3cbf28e33a49b114de47f8e807bfe538 to remote] DEBUG org.asynchttpclient.netty.request.NettyRequestSender - Using open Channel [id: 0xfedb0230, L:/127.0.0.1:50103 - R:localhost/127.0.0.1:53171] for POST '/session/3cbf28e33a49b114de47f8e807bfe538/element/12bf39f2-8f7c-4d41-a24b-c1f6c9c27442/click'
20:39:29.782 [AsyncHttpClient-1-4] DEBUG org.asynchttpclient.netty.handler.HttpHandler - 

Request DefaultHttpRequest(decodeResult: success, version: HTTP/1.1)
POST /session/3cbf28e33a49b114de47f8e807bfe538/element/12bf39f2-8f7c-4d41-a24b-c1f6c9c27442/click HTTP/1.1
User-Agent: selenium/4.1.2 (java windows)
Content-Length: 50
Content-Type: application/json; charset=utf-8
host: localhost:53171
accept: */*

Response DefaultHttpResponse(decodeResult: success, version: HTTP/1.1)
HTTP/1.1 200 OK
Content-Type: application/json; charset=utf-8
cache-control: no-cache
content-length: 14

20:39:29.782 [AsyncHttpClient-1-4] DEBUG org.asynchttpclient.netty.channel.ChannelManager - Adding key: http://localhost:53171 for channel [id: 0xfedb0230, L:/127.0.0.1:50103 - R:localhost/127.0.0.1:53171]
  &amp#27;[32mAnd &amp#27;[0m&amp#27;[32mI click register&amp#27;[0m                             &amp#27;[90m# starter.stepdefinitions.RegisterSteps.iClickRegister()&amp#27;[0m
20:39:29.789 [Forwarding screenshot on session 3cbf28e33a49b114de47f8e807bfe538 to remote] DEBUG org.asynchttpclient.netty.request.NettyRequestSender - Using pooled Channel '[id: 0xfedb0230, L:/127.0.0.1:50103 - R:localhost/127.0.0.1:53171]' for 'GET' to 'http://localhost:53171/session/3cbf28e33a49b114de47f8e807bfe538/screenshot'
20:39:29.789 [Forwarding screenshot on session 3cbf28e33a49b114de47f8e807bfe538 to remote] DEBUG org.asynchttpclient.netty.request.NettyRequestSender - Using open Channel [id: 0xfedb0230, L:/127.0.0.1:50103 - R:localhost/127.0.0.1:53171] for GET '/session/3cbf28e33a49b114de47f8e807bfe538/screenshot'
20:39:30.171 [AsyncHttpClient-1-4] DEBUG org.asynchttpclient.netty.handler.HttpHandler - 

Request DefaultFullHttpRequest(decodeResult: success, version: HTTP/1.1, content: EmptyByteBufBE)
GET /session/3cbf28e33a49b114de47f8e807bfe538/screenshot HTTP/1.1
User-Agent: selenium/4.1.2 (java windows)
Cache-Control: no-cache
Content-Type: application/json; charset=utf-8
host: localhost:53171
accept: */*

Response DefaultHttpResponse(decodeResult: success, version: HTTP/1.1)
HTTP/1.1 200 OK
Content-Type: application/json; charset=utf-8
cache-control: no-cache
content-length: 53528

20:39:30.171 [AsyncHttpClient-1-4] DEBUG org.asynchttpclient.netty.channel.ChannelManager - Adding key: http://localhost:53171 for channel [id: 0xfedb0230, L:/127.0.0.1:50103 - R:localhost/127.0.0.1:53171]
20:39:30.174 [main] DEBUG net.serenitybdd.core.photography.Darkroom - Send negative for processing for target\site\serenity\806ec75b8b7ab4f4a6223993700b834c8d6fcc059ce1c4b5e78bd888597f3d84.png
20:39:30.175 [Darkroom Processing Line] DEBUG net.serenitybdd.core.photography.DarkroomProcessingLine - Processing screenshot image in /var/screenshots/screenshot-17016779659835475880
20:39:30.175 [Darkroom Processing Line] DEBUG net.serenitybdd.core.photography.DarkroomProcessingLine - Saving screenshot to target\site\serenity\806ec75b8b7ab4f4a6223993700b834c8d6fcc059ce1c4b5e78bd888597f3d84.png
20:39:30.185 [Forwarding findElement on session 3cbf28e33a49b114de47f8e807bfe538 to remote] DEBUG org.asynchttpclient.netty.request.NettyRequestSender - Using pooled Channel '[id: 0xfedb0230, L:/127.0.0.1:50103 - R:localhost/127.0.0.1:53171]' for 'POST' to 'http://localhost:53171/session/3cbf28e33a49b114de47f8e807bfe538/element'
20:39:30.185 [Forwarding findElement on session 3cbf28e33a49b114de47f8e807bfe538 to remote] DEBUG org.asynchttpclient.netty.request.NettyRequestSender - Using open Channel [id: 0xfedb0230, L:/127.0.0.1:50103 - R:localhost/127.0.0.1:53171] for POST '/session/3cbf28e33a49b114de47f8e807bfe538/element'
20:39:30.281 [AsyncHttpClient-1-1] DEBUG org.asynchttpclient.netty.channel.DefaultChannelPool - Entry count for : http://localhost:50104 : 1
20:39:31.206 [AsyncHttpClient-1-4] DEBUG org.asynchttpclient.netty.handler.HttpHandler - 

Request DefaultHttpRequest(decodeResult: success, version: HTTP/1.1)
POST /session/3cbf28e33a49b114de47f8e807bfe538/element HTTP/1.1
User-Agent: selenium/4.1.2 (java windows)
Content-Length: 59
Content-Type: application/json; charset=utf-8
host: localhost:53171
accept: */*

Response DefaultHttpResponse(decodeResult: success, version: HTTP/1.1)
HTTP/1.1 200 OK
Content-Type: application/json; charset=utf-8
cache-control: no-cache
content-length: 88

20:39:31.206 [AsyncHttpClient-1-4] DEBUG org.asynchttpclient.netty.channel.ChannelManager - Adding key: http://localhost:53171 for channel [id: 0xfedb0230, L:/127.0.0.1:50103 - R:localhost/127.0.0.1:53171]
20:39:31.209 [Forwarding isElementDisplayed on session 3cbf28e33a49b114de47f8e807bfe538 to remote] DEBUG org.asynchttpclient.netty.request.NettyRequestSender - Using pooled Channel '[id: 0xfedb0230, L:/127.0.0.1:50103 - R:localhost/127.0.0.1:53171]' for 'POST' to 'http://localhost:53171/session/3cbf28e33a49b114de47f8e807bfe538/execute/sync'
20:39:31.209 [Forwarding isElementDisplayed on session 3cbf28e33a49b114de47f8e807bfe538 to remote] DEBUG org.asynchttpclient.netty.request.NettyRequestSender - Using open Channel [id: 0xfedb0230, L:/127.0.0.1:50103 - R:localhost/127.0.0.1:53171] for POST '/session/3cbf28e33a49b114de47f8e807bfe538/execute/sync'
20:39:31.224 [AsyncHttpClient-1-4] DEBUG org.asynchttpclient.netty.handler.HttpHandler - 

Request DefaultHttpRequest(decodeResult: success, version: HTTP/1.1)
POST /session/3cbf28e33a49b114de47f8e807bfe538/execute/sync HTTP/1.1
User-Agent: selenium/4.1.2 (java windows)
Content-Length: 48780
Content-Type: application/json; charset=utf-8
host: localhost:53171
accept: */*

Response DefaultHttpResponse(decodeResult: success, version: HTTP/1.1)
HTTP/1.1 200 OK
Content-Type: application/json; charset=utf-8
cache-control: no-cache
content-length: 14

20:39:31.224 [AsyncHttpClient-1-4] DEBUG org.asynchttpclient.netty.channel.ChannelManager - Adding key: http://localhost:53171 for channel [id: 0xfedb0230, L:/127.0.0.1:50103 - R:localhost/127.0.0.1:53171]
20:39:31.226 [Forwarding findElement on session 3cbf28e33a49b114de47f8e807bfe538 to remote] DEBUG org.asynchttpclient.netty.request.NettyRequestSender - Using pooled Channel '[id: 0xfedb0230, L:/127.0.0.1:50103 - R:localhost/127.0.0.1:53171]' for 'POST' to 'http://localhost:53171/session/3cbf28e33a49b114de47f8e807bfe538/element'
20:39:31.226 [Forwarding findElement on session 3cbf28e33a49b114de47f8e807bfe538 to remote] DEBUG org.asynchttpclient.netty.request.NettyRequestSender - Using open Channel [id: 0xfedb0230, L:/127.0.0.1:50103 - R:localhost/127.0.0.1:53171] for POST '/session/3cbf28e33a49b114de47f8e807bfe538/element'
20:39:31.234 [AsyncHttpClient-1-4] DEBUG org.asynchttpclient.netty.handler.HttpHandler - 

Request DefaultHttpRequest(decodeResult: success, version: HTTP/1.1)
POST /session/3cbf28e33a49b114de47f8e807bfe538/element HTTP/1.1
User-Agent: selenium/4.1.2 (java windows)
Content-Length: 59
Content-Type: application/json; charset=utf-8
host: localhost:53171
accept: */*

Response DefaultHttpResponse(decodeResult: success, version: HTTP/1.1)
HTTP/1.1 200 OK
Content-Type: application/json; charset=utf-8
cache-control: no-cache
content-length: 88

20:39:31.234 [AsyncHttpClient-1-4] DEBUG org.asynchttpclient.netty.channel.ChannelManager - Adding key: http://localhost:53171 for channel [id: 0xfedb0230, L:/127.0.0.1:50103 - R:localhost/127.0.0.1:53171]
20:39:31.237 [Forwarding isElementDisplayed on session 3cbf28e33a49b114de47f8e807bfe538 to remote] DEBUG org.asynchttpclient.netty.request.NettyRequestSender - Using pooled Channel '[id: 0xfedb0230, L:/127.0.0.1:50103 - R:localhost/127.0.0.1:53171]' for 'POST' to 'http://localhost:53171/session/3cbf28e33a49b114de47f8e807bfe538/execute/sync'
20:39:31.237 [Forwarding isElementDisplayed on session 3cbf28e33a49b114de47f8e807bfe538 to remote] DEBUG org.asynchttpclient.netty.request.NettyRequestSender - Using open Channel [id: 0xfedb0230, L:/127.0.0.1:50103 - R:localhost/127.0.0.1:53171] for POST '/session/3cbf28e33a49b114de47f8e807bfe538/execute/sync'
20:39:31.251 [AsyncHttpClient-1-4] DEBUG org.asynchttpclient.netty.handler.HttpHandler - 

Request DefaultHttpRequest(decodeResult: success, version: HTTP/1.1)
POST /session/3cbf28e33a49b114de47f8e807bfe538/execute/sync HTTP/1.1
User-Agent: selenium/4.1.2 (java windows)
Content-Length: 48780
Content-Type: application/json; charset=utf-8
host: localhost:53171
accept: */*

Response DefaultHttpResponse(decodeResult: success, version: HTTP/1.1)
HTTP/1.1 200 OK
Content-Type: application/json; charset=utf-8
cache-control: no-cache
content-length: 14

20:39:31.251 [AsyncHttpClient-1-4] DEBUG org.asynchttpclient.netty.channel.ChannelManager - Adding key: http://localhost:53171 for channel [id: 0xfedb0230, L:/127.0.0.1:50103 - R:localhost/127.0.0.1:53171]
  &amp#27;[32mThen &amp#27;[0m&amp#27;[32mI get &amp#27;[0m&amp#27;[32m&amp#27;[1m"password"&amp#27;[0m&amp#27;[32m error&amp#27;[0m                      &amp#27;[90m# starter.stepdefinitions.RegisterSteps.iGetErrorError(java.lang.String)&amp#27;[0m
20:39:31.255 [Forwarding screenshot on session 3cbf28e33a49b114de47f8e807bfe538 to remote] DEBUG org.asynchttpclient.netty.request.NettyRequestSender - Using pooled Channel '[id: 0xfedb0230, L:/127.0.0.1:50103 - R:localhost/127.0.0.1:53171]' for 'GET' to 'http://localhost:53171/session/3cbf28e33a49b114de47f8e807bfe538/screenshot'
20:39:31.255 [Forwarding screenshot on session 3cbf28e33a49b114de47f8e807bfe538 to remote] DEBUG org.asynchttpclient.netty.request.NettyRequestSender - Using open Channel [id: 0xfedb0230, L:/127.0.0.1:50103 - R:localhost/127.0.0.1:53171] for GET '/session/3cbf28e33a49b114de47f8e807bfe538/screenshot'
20:39:31.379 [AsyncHttpClient-1-1] DEBUG org.asynchttpclient.netty.channel.DefaultChannelPool - Entry count for : http://localhost:50104 : 1
20:39:31.457 [AsyncHttpClient-1-4] DEBUG org.asynchttpclient.netty.handler.HttpHandler - 

Request DefaultFullHttpRequest(decodeResult: success, version: HTTP/1.1, content: EmptyByteBufBE)
GET /session/3cbf28e33a49b114de47f8e807bfe538/screenshot HTTP/1.1
User-Agent: selenium/4.1.2 (java windows)
Cache-Control: no-cache
Content-Type: application/json; charset=utf-8
host: localhost:53171
accept: */*

Response DefaultHttpResponse(decodeResult: success, version: HTTP/1.1)
HTTP/1.1 200 OK
Content-Type: application/json; charset=utf-8
cache-control: no-cache
content-length: 55252

20:39:31.458 [AsyncHttpClient-1-4] DEBUG org.asynchttpclient.netty.channel.ChannelManager - Adding key: http://localhost:53171 for channel [id: 0xfedb0230, L:/127.0.0.1:50103 - R:localhost/127.0.0.1:53171]
20:39:31.459 [main] DEBUG net.serenitybdd.core.photography.Darkroom - Send negative for processing for target\site\serenity\7ca7f9e5e4f8bc34e1ed1d6e673679822aedb5d7c88821fffae53a8c22d19263.png
20:39:31.460 [Darkroom Processing Line] DEBUG net.serenitybdd.core.photography.DarkroomProcessingLine - Processing screenshot image in /var/screenshots/screenshot-13798392170287383068
20:39:31.460 [Darkroom Processing Line] DEBUG net.serenitybdd.core.photography.DarkroomProcessingLine - Saving screenshot to target\site\serenity\7ca7f9e5e4f8bc34e1ed1d6e673679822aedb5d7c88821fffae53a8c22d19263.png
20:39:31.468 [AsyncHttpClient-1-6] DEBUG org.asynchttpclient.netty.handler.WebSocketHandler - Channel Closed: [id: 0xe0dc4014, L:/127.0.0.1:50113 ! R:localhost/127.0.0.1:50104] with attribute NettyResponseFuture{currentRetry=5,
	isDone=1,
	isCancelled=0,
	asyncHandler=org.asynchttpclient.ws.WebSocketUpgradeHandler@4b5fc5a1,
	nettyRequest=org.asynchttpclient.netty.request.NettyRequest@3f3ce590,
	future=java.util.concurrent.CompletableFuture@72938ee8[Completed normally],
	uri=ws://localhost:50104/devtools/browser/a55bc481-b51b-4af2-a5b1-2253f8c7140e,
	keepAlive=true,
	redirectCount=0,
	timeoutsHolder=null,
	inAuth=0,
	touch=1667223567564}
20:39:31.468 [AsyncHttpClient-1-6] DEBUG org.asynchttpclient.netty.channel.ChannelManager - Closing Channel [id: 0xe0dc4014, L:/127.0.0.1:50113 ! R:localhost/127.0.0.1:50104] 
20:39:31.470 [Driver Command Executor] DEBUG org.asynchttpclient.netty.request.NettyRequestSender - Using pooled Channel '[id: 0xfedb0230, L:/127.0.0.1:50103 - R:localhost/127.0.0.1:53171]' for 'DELETE' to 'http://localhost:53171/session/3cbf28e33a49b114de47f8e807bfe538'
20:39:31.470 [Driver Command Executor] DEBUG org.asynchttpclient.netty.request.NettyRequestSender - Using open Channel [id: 0xfedb0230, L:/127.0.0.1:50103 - R:localhost/127.0.0.1:53171] for DELETE '/session/3cbf28e33a49b114de47f8e807bfe538'
20:39:31.535 [AsyncHttpClient-1-5] DEBUG org.asynchttpclient.netty.handler.HttpHandler - Unexpected I/O exception on channel [id: 0xe5cecbbd, L:/127.0.0.1:50112 - R:localhost/127.0.0.1:50104]
java.net.SocketException: Connection reset
	at java.base/sun.nio.ch.SocketChannelImpl.throwConnectionReset(SocketChannelImpl.java:345)
	at java.base/sun.nio.ch.SocketChannelImpl.read(SocketChannelImpl.java:376)
	at io.netty.buffer.PooledByteBuf.setBytes(PooledByteBuf.java:258)
	at io.netty.buffer.AbstractByteBuf.writeBytes(AbstractByteBuf.java:1132)
	at io.netty.channel.socket.nio.NioSocketChannel.doReadBytes(NioSocketChannel.java:350)
	at io.netty.channel.nio.AbstractNioByteChannel$NioByteUnsafe.read(AbstractNioByteChannel.java:151)
	at io.netty.channel.nio.NioEventLoop.processSelectedKey(NioEventLoop.java:722)
	at io.netty.channel.nio.NioEventLoop.processSelectedKeysOptimized(NioEventLoop.java:658)
	at io.netty.channel.nio.NioEventLoop.processSelectedKeys(NioEventLoop.java:584)
	at io.netty.channel.nio.NioEventLoop.run(NioEventLoop.java:496)
	at io.netty.util.concurrent.SingleThreadEventExecutor$4.run(SingleThreadEventExecutor.java:986)
	at io.netty.util.internal.ThreadExecutorMap$2.run(ThreadExecutorMap.java:74)
	at io.netty.util.concurrent.FastThreadLocalRunnable.run(FastThreadLocalRunnable.java:30)
	at java.base/java.lang.Thread.run(Thread.java:830)
20:39:31.535 [AsyncHttpClient-1-5] DEBUG org.asynchttpclient.netty.channel.ChannelManager - Closing Channel [id: 0xe5cecbbd, L:/127.0.0.1:50112 - R:localhost/127.0.0.1:50104] 
20:39:31.535 [AsyncHttpClient-1-5] DEBUG org.asynchttpclient.netty.handler.HttpHandler - Channel Closed: [id: 0xe5cecbbd, L:/127.0.0.1:50112 ! R:localhost/127.0.0.1:50104] with attribute DISCARD
20:39:31.551 [AsyncHttpClient-1-4] DEBUG org.asynchttpclient.netty.handler.HttpHandler - 

Request DefaultFullHttpRequest(decodeResult: success, version: HTTP/1.1, content: EmptyByteBufBE)
DELETE /session/3cbf28e33a49b114de47f8e807bfe538 HTTP/1.1
User-Agent: selenium/4.1.2 (java windows)
Content-Type: application/json; charset=utf-8
host: localhost:53171
accept: */*

Response DefaultHttpResponse(decodeResult: success, version: HTTP/1.1)
HTTP/1.1 200 OK
Content-Type: application/json; charset=utf-8
cache-control: no-cache
content-length: 14

20:39:31.551 [AsyncHttpClient-1-4] DEBUG org.asynchttpclient.netty.channel.ChannelManager - Adding key: http://localhost:53171 for channel [id: 0xfedb0230, L:/127.0.0.1:50103 - R:localhost/127.0.0.1:53171]
20:39:31.603 [AsyncHttpClient-1-4] DEBUG org.asynchttpclient.netty.handler.HttpHandler - Channel Closed: [id: 0xfedb0230, L:/127.0.0.1:50103 ! R:localhost/127.0.0.1:53171] with attribute DISCARD
]]></system-out>
    <system-err><![CDATA[Starting ChromeDriver 106.0.5249.61 (511755355844955cd3e264779baf0dd38212a4d0-refs/branch-heads/5249@{#569}) on port 53171
Only local connections are allowed.
Please see https://chromedriver.chromium.org/security-considerations for suggestions on keeping ChromeDriver safe.
ChromeDriver was started successfully.
[1667223567.182][WARNING]: This version of ChromeDriver has not been tested with Chrome version 107.
Oct 31, 2022 8:39:27 PM org.openqa.selenium.remote.ProtocolHandshake createSession
INFO: Detected dialect: W3C
Oct 31, 2022 8:39:27 PM org.openqa.selenium.devtools.CdpVersionFinder findNearestMatch
WARNING: Unable to find an exact match for CDP version 107, so returning the closest version found: a no-op implementation
Oct 31, 2022 8:39:27 PM org.openqa.selenium.devtools.CdpVersionFinder findNearestMatch
INFO: Unable to find CDP implementation matching 107.
Oct 31, 2022 8:39:27 PM org.openqa.selenium.chromium.ChromiumDriver lambda$new$3
WARNING: Unable to find version of CDP to use for . You may need to include a dependency on a specific version of the CDP using something similar to `org.seleniumhq.selenium:selenium-devtools-v86:4.1.2` where the version ("v86") matches the version of the chromium-based browser you're using and the version number of the artifact is the same as Selenium's.
]]></system-err>
  </testcase>
  <testcase name="Register with username and email #4" classname="Register" time="6.852">
    <system-out><![CDATA[
Scenario Outline: Register with username and email &amp#27;[90m# src/test/resources/features/Register.feature:39&amp#27;[0m
20:39:32.140 [main] INFO io.cucumber.core.plugin.SerenityReporter - Running feature from file:///C:/Users/ASUS/Desktop/stupen/miniproject/Web/ASWeb/src/test/resources/features/Register.feature
20:39:32.148 [main] INFO net.serenitybdd.core.webdriver.driverproviders.ChromeDriverProvider - Using automatically driver download
20:39:32.268 [main] DEBUG io.github.bonigarcia.wdm.cache.ResolutionCache - Resolution chrome=107 in cache (valid until 21:37:26 31/10/2022 WIB)
20:39:32.276 [main] DEBUG io.github.bonigarcia.wdm.cache.ResolutionCache - Resolution chrome107=107.0.5304.62 in cache (valid until 19:37:19 01/11/2022 WIB)
20:39:32.278 [main] INFO io.github.bonigarcia.wdm.WebDriverManager - Using chromedriver 107.0.5304.62 (resolved driver for Chrome 107)
20:39:32.291 [main] DEBUG io.github.bonigarcia.wdm.WebDriverManager - Driver chromedriver 107.0.5304.62 found in cache
20:39:32.292 [main] INFO io.github.bonigarcia.wdm.WebDriverManager - Exporting webdriver.chrome.driver as C:\Users\ASUS\.cache\selenium\chromedriver\win32\107.0.5304.62\chromedriver.exe
20:39:32.480 [AsyncHttpClient-1-1] DEBUG org.asynchttpclient.netty.channel.DefaultChannelPool - Entry count for : http://localhost:53171 : 1
20:39:32.480 [AsyncHttpClient-1-1] DEBUG org.asynchttpclient.netty.channel.DefaultChannelPool - Entry count for : http://localhost:50104 : 1
20:39:32.480 [AsyncHttpClient-1-1] DEBUG org.asynchttpclient.netty.channel.DefaultChannelPool - Adding Candidate expired Channel [id: 0xfedb0230, L:/127.0.0.1:50103 ! R:localhost/127.0.0.1:53171] isIdleTimeoutExpired=false isRemotelyClosed=true isTtlExpired=false
20:39:32.480 [AsyncHttpClient-1-1] DEBUG org.asynchttpclient.netty.channel.DefaultChannelPool - Closing Idle Channel [id: 0xfedb0230, L:/127.0.0.1:50103 ! R:localhost/127.0.0.1:53171]
20:39:32.480 [AsyncHttpClient-1-1] DEBUG org.asynchttpclient.netty.channel.DefaultChannelPool - Adding Candidate expired Channel [id: 0xe5cecbbd, L:/127.0.0.1:50112 ! R:localhost/127.0.0.1:50104] isIdleTimeoutExpired=false isRemotelyClosed=true isTtlExpired=false
20:39:32.480 [AsyncHttpClient-1-1] DEBUG org.asynchttpclient.netty.channel.DefaultChannelPool - Closing Idle Channel [id: 0xe5cecbbd, L:/127.0.0.1:50112 ! R:localhost/127.0.0.1:50104]
20:39:32.480 [AsyncHttpClient-1-1] DEBUG org.asynchttpclient.netty.channel.DefaultChannelPool - Closed 2 connections out of 2 in 0 ms
20:39:32.514 [main] DEBUG net.serenitybdd.core.webdriver.driverproviders.ProvideNewDriver - Instantiating driver
20:39:32.514 [main] DEBUG net.serenitybdd.core.webdriver.driverproviders.ProvideNewDriver - Driver capabilities: Capabilities {acceptInsecureCerts: false, base.url: https://alta-shop.vercel.app/, browserName: chrome, chrome.driver: src/test/resources/webdrive..., driver: chrome, goog:chromeOptions: {args: [], extensions: []}, wait.for.timeout: 10000}
20:39:33.066 [AsyncHttpClient-1-7] DEBUG org.asynchttpclient.netty.channel.NettyConnectListener - Using new Channel '[id: 0x09b085e6, L:/127.0.0.1:50133 - R:localhost/127.0.0.1:53893]' for 'POST' to '/session'
20:39:34.107 [AsyncHttpClient-1-7] DEBUG org.asynchttpclient.netty.handler.HttpHandler - 

Request DefaultHttpRequest(decodeResult: success, version: HTTP/1.1)
POST /session HTTP/1.1
User-Agent: selenium/4.1.2 (java windows)
Content-Length: 646
Content-Type: application/json; charset=utf-8
host: localhost:53893
accept: */*

Response DefaultHttpResponse(decodeResult: success, version: HTTP/1.1)
HTTP/1.1 200 OK
Content-Type: application/json; charset=utf-8
cache-control: no-cache
content-length: 788

20:39:34.108 [AsyncHttpClient-1-7] DEBUG org.asynchttpclient.netty.channel.ChannelManager - Adding key: http://localhost:53893 for channel [id: 0x09b085e6, L:/127.0.0.1:50133 - R:localhost/127.0.0.1:53893]
20:39:34.123 [AsyncHttpClient-1-8] DEBUG org.asynchttpclient.netty.channel.NettyConnectListener - Using new Channel '[id: 0xe859a720, L:/127.0.0.1:50142 - R:localhost/127.0.0.1:50135]' for 'GET' to '/json/version'
20:39:34.124 [AsyncHttpClient-1-8] DEBUG org.asynchttpclient.netty.handler.HttpHandler - 

Request DefaultFullHttpRequest(decodeResult: success, version: HTTP/1.1, content: EmptyByteBufBE)
GET /json/version HTTP/1.1
User-Agent: selenium/4.1.2 (java windows)
host: localhost:50135
accept: */*

Response DefaultHttpResponse(decodeResult: success, version: HTTP/1.1)
HTTP/1.1 200 OK
Content-Type: application/json; charset=UTF-8
content-length: 423

20:39:34.125 [AsyncHttpClient-1-8] DEBUG org.asynchttpclient.netty.channel.ChannelManager - Adding key: http://localhost:50135 for channel [id: 0xe859a720, L:/127.0.0.1:50142 - R:localhost/127.0.0.1:50135]
20:39:34.129 [AsyncHttpClient-1-9] DEBUG org.asynchttpclient.netty.channel.NettyConnectListener - Using new Channel '[id: 0x8e233c45, L:/127.0.0.1:50143 - R:localhost/127.0.0.1:50135]' for 'GET' to '/devtools/browser/2e7255da-5be6-4a20-9e59-289a160210a2'
20:39:34.131 [AsyncHttpClient-1-9] DEBUG org.asynchttpclient.netty.handler.WebSocketHandler - 

Request DefaultFullHttpRequest(decodeResult: success, version: HTTP/1.1, content: EmptyByteBufBE)
GET /devtools/browser/2e7255da-5be6-4a20-9e59-289a160210a2 HTTP/1.1
upgrade: websocket
connection: upgrade
sec-websocket-key: lcQE8p3yqclEPDPEujizqQ==
sec-websocket-version: 13
origin: http://localhost:50135
host: localhost:50135
accept: */*
user-agent: AHC/2.1

Response DefaultHttpResponse(decodeResult: success, version: HTTP/1.1)
HTTP/1.1 101 WebSocket Protocol Handshake
Upgrade: WebSocket
Connection: Upgrade
Sec-WebSocket-Accept: Mh9bVlbpdYJsowDt10B17PMlmbU=

20:39:34.142 [Forwarding get on session 986a54f6ff5bf308ac334d2f20f02d4a to remote] DEBUG org.asynchttpclient.netty.request.NettyRequestSender - Using pooled Channel '[id: 0x09b085e6, L:/127.0.0.1:50133 - R:localhost/127.0.0.1:53893]' for 'POST' to 'http://localhost:53893/session/986a54f6ff5bf308ac334d2f20f02d4a/url'
20:39:34.142 [Forwarding get on session 986a54f6ff5bf308ac334d2f20f02d4a to remote] DEBUG org.asynchttpclient.netty.request.NettyRequestSender - Using open Channel [id: 0x09b085e6, L:/127.0.0.1:50133 - R:localhost/127.0.0.1:53893] for POST '/session/986a54f6ff5bf308ac334d2f20f02d4a/url'
20:39:34.680 [AsyncHttpClient-1-1] DEBUG org.asynchttpclient.netty.channel.DefaultChannelPool - Entry count for : http://localhost:50135 : 1
20:39:34.985 [AsyncHttpClient-1-7] DEBUG org.asynchttpclient.netty.handler.HttpHandler - 

Request DefaultHttpRequest(decodeResult: success, version: HTTP/1.1)
POST /session/986a54f6ff5bf308ac334d2f20f02d4a/url HTTP/1.1
User-Agent: selenium/4.1.2 (java windows)
Content-Length: 77
Content-Type: application/json; charset=utf-8
host: localhost:53893
accept: */*

Response DefaultHttpResponse(decodeResult: success, version: HTTP/1.1)
HTTP/1.1 200 OK
Content-Type: application/json; charset=utf-8
cache-control: no-cache
content-length: 14

20:39:34.986 [AsyncHttpClient-1-7] DEBUG org.asynchttpclient.netty.channel.ChannelManager - Adding key: http://localhost:53893 for channel [id: 0x09b085e6, L:/127.0.0.1:50133 - R:localhost/127.0.0.1:53893]
20:39:34.986 [Forwarding setTimeout on session 986a54f6ff5bf308ac334d2f20f02d4a to remote] DEBUG org.asynchttpclient.netty.request.NettyRequestSender - Using pooled Channel '[id: 0x09b085e6, L:/127.0.0.1:50133 - R:localhost/127.0.0.1:53893]' for 'POST' to 'http://localhost:53893/session/986a54f6ff5bf308ac334d2f20f02d4a/timeouts'
20:39:34.986 [Forwarding setTimeout on session 986a54f6ff5bf308ac334d2f20f02d4a to remote] DEBUG org.asynchttpclient.netty.request.NettyRequestSender - Using open Channel [id: 0x09b085e6, L:/127.0.0.1:50133 - R:localhost/127.0.0.1:53893] for POST '/session/986a54f6ff5bf308ac334d2f20f02d4a/timeouts'
20:39:34.987 [AsyncHttpClient-1-7] DEBUG org.asynchttpclient.netty.handler.HttpHandler - 

Request DefaultHttpRequest(decodeResult: success, version: HTTP/1.1)
POST /session/986a54f6ff5bf308ac334d2f20f02d4a/timeouts HTTP/1.1
User-Agent: selenium/4.1.2 (java windows)
Content-Length: 22
Content-Type: application/json; charset=utf-8
host: localhost:53893
accept: */*

Response DefaultHttpResponse(decodeResult: success, version: HTTP/1.1)
HTTP/1.1 200 OK
Content-Type: application/json; charset=utf-8
cache-control: no-cache
content-length: 14

20:39:34.988 [AsyncHttpClient-1-7] DEBUG org.asynchttpclient.netty.channel.ChannelManager - Adding key: http://localhost:53893 for channel [id: 0x09b085e6, L:/127.0.0.1:50133 - R:localhost/127.0.0.1:53893]
20:39:34.992 [Forwarding getCurrentUrl on session 986a54f6ff5bf308ac334d2f20f02d4a to remote] DEBUG org.asynchttpclient.netty.request.NettyRequestSender - Using pooled Channel '[id: 0x09b085e6, L:/127.0.0.1:50133 - R:localhost/127.0.0.1:53893]' for 'GET' to 'http://localhost:53893/session/986a54f6ff5bf308ac334d2f20f02d4a/url'
20:39:34.992 [Forwarding getCurrentUrl on session 986a54f6ff5bf308ac334d2f20f02d4a to remote] DEBUG org.asynchttpclient.netty.request.NettyRequestSender - Using open Channel [id: 0x09b085e6, L:/127.0.0.1:50133 - R:localhost/127.0.0.1:53893] for GET '/session/986a54f6ff5bf308ac334d2f20f02d4a/url'
20:39:34.997 [AsyncHttpClient-1-7] DEBUG org.asynchttpclient.netty.handler.HttpHandler - 

Request DefaultFullHttpRequest(decodeResult: success, version: HTTP/1.1, content: EmptyByteBufBE)
GET /session/986a54f6ff5bf308ac334d2f20f02d4a/url HTTP/1.1
User-Agent: selenium/4.1.2 (java windows)
Cache-Control: no-cache
Content-Type: application/json; charset=utf-8
host: localhost:53893
accept: */*

Response DefaultHttpResponse(decodeResult: success, version: HTTP/1.1)
HTTP/1.1 200 OK
Content-Type: application/json; charset=utf-8
cache-control: no-cache
content-length: 54

20:39:34.997 [AsyncHttpClient-1-7] DEBUG org.asynchttpclient.netty.channel.ChannelManager - Adding key: http://localhost:53893 for channel [id: 0x09b085e6, L:/127.0.0.1:50133 - R:localhost/127.0.0.1:53893]
  &amp#27;[32mGiven &amp#27;[0m&amp#27;[32mI open register page&amp#27;[0m                       &amp#27;[90m# starter.stepdefinitions.RegisterSteps.iOpenRegisterPage()&amp#27;[0m
20:39:35.005 [Forwarding screenshot on session 986a54f6ff5bf308ac334d2f20f02d4a to remote] DEBUG org.asynchttpclient.netty.request.NettyRequestSender - Using pooled Channel '[id: 0x09b085e6, L:/127.0.0.1:50133 - R:localhost/127.0.0.1:53893]' for 'GET' to 'http://localhost:53893/session/986a54f6ff5bf308ac334d2f20f02d4a/screenshot'
20:39:35.005 [Forwarding screenshot on session 986a54f6ff5bf308ac334d2f20f02d4a to remote] DEBUG org.asynchttpclient.netty.request.NettyRequestSender - Using open Channel [id: 0x09b085e6, L:/127.0.0.1:50133 - R:localhost/127.0.0.1:53893] for GET '/session/986a54f6ff5bf308ac334d2f20f02d4a/screenshot'
20:39:35.451 [AsyncHttpClient-1-7] DEBUG org.asynchttpclient.netty.handler.HttpHandler - 

Request DefaultFullHttpRequest(decodeResult: success, version: HTTP/1.1, content: EmptyByteBufBE)
GET /session/986a54f6ff5bf308ac334d2f20f02d4a/screenshot HTTP/1.1
User-Agent: selenium/4.1.2 (java windows)
Cache-Control: no-cache
Content-Type: application/json; charset=utf-8
host: localhost:53893
accept: */*

Response DefaultHttpResponse(decodeResult: success, version: HTTP/1.1)
HTTP/1.1 200 OK
Content-Type: application/json; charset=utf-8
cache-control: no-cache
content-length: 45380

20:39:35.451 [AsyncHttpClient-1-7] DEBUG org.asynchttpclient.netty.channel.ChannelManager - Adding key: http://localhost:53893 for channel [id: 0x09b085e6, L:/127.0.0.1:50133 - R:localhost/127.0.0.1:53893]
20:39:35.452 [main] DEBUG net.serenitybdd.core.photography.Darkroom - Send negative for processing for target\site\serenity\74af2a90e11b4e8cdcc90c8b8f2efe0850d173caaf4338fdd4e69cc971e1b305.png
20:39:35.459 [Forwarding findElement on session 986a54f6ff5bf308ac334d2f20f02d4a to remote] DEBUG org.asynchttpclient.netty.request.NettyRequestSender - Using pooled Channel '[id: 0x09b085e6, L:/127.0.0.1:50133 - R:localhost/127.0.0.1:53893]' for 'POST' to 'http://localhost:53893/session/986a54f6ff5bf308ac334d2f20f02d4a/element'
20:39:35.459 [Forwarding findElement on session 986a54f6ff5bf308ac334d2f20f02d4a to remote] DEBUG org.asynchttpclient.netty.request.NettyRequestSender - Using open Channel [id: 0x09b085e6, L:/127.0.0.1:50133 - R:localhost/127.0.0.1:53893] for POST '/session/986a54f6ff5bf308ac334d2f20f02d4a/element'
20:39:35.472 [AsyncHttpClient-1-7] DEBUG org.asynchttpclient.netty.handler.HttpHandler - 

Request DefaultHttpRequest(decodeResult: success, version: HTTP/1.1)
POST /session/986a54f6ff5bf308ac334d2f20f02d4a/element HTTP/1.1
User-Agent: selenium/4.1.2 (java windows)
Content-Length: 94
Content-Type: application/json; charset=utf-8
host: localhost:53893
accept: */*

Response DefaultHttpResponse(decodeResult: success, version: HTTP/1.1)
HTTP/1.1 200 OK
Content-Type: application/json; charset=utf-8
cache-control: no-cache
content-length: 88

20:39:35.472 [AsyncHttpClient-1-7] DEBUG org.asynchttpclient.netty.channel.ChannelManager - Adding key: http://localhost:53893 for channel [id: 0x09b085e6, L:/127.0.0.1:50133 - R:localhost/127.0.0.1:53893]
20:39:35.473 [Forwarding clearElement on session 986a54f6ff5bf308ac334d2f20f02d4a to remote] DEBUG org.asynchttpclient.netty.request.NettyRequestSender - Using pooled Channel '[id: 0x09b085e6, L:/127.0.0.1:50133 - R:localhost/127.0.0.1:53893]' for 'POST' to 'http://localhost:53893/session/986a54f6ff5bf308ac334d2f20f02d4a/element/c368756e-4d75-426c-a966-edfd526968f2/clear'
20:39:35.473 [Forwarding clearElement on session 986a54f6ff5bf308ac334d2f20f02d4a to remote] DEBUG org.asynchttpclient.netty.request.NettyRequestSender - Using open Channel [id: 0x09b085e6, L:/127.0.0.1:50133 - R:localhost/127.0.0.1:53893] for POST '/session/986a54f6ff5bf308ac334d2f20f02d4a/element/c368756e-4d75-426c-a966-edfd526968f2/clear'
20:39:35.509 [AsyncHttpClient-1-7] DEBUG org.asynchttpclient.netty.handler.HttpHandler - 

Request DefaultHttpRequest(decodeResult: success, version: HTTP/1.1)
POST /session/986a54f6ff5bf308ac334d2f20f02d4a/element/c368756e-4d75-426c-a966-edfd526968f2/clear HTTP/1.1
User-Agent: selenium/4.1.2 (java windows)
Content-Length: 50
Content-Type: application/json; charset=utf-8
host: localhost:53893
accept: */*

Response DefaultHttpResponse(decodeResult: success, version: HTTP/1.1)
HTTP/1.1 200 OK
Content-Type: application/json; charset=utf-8
cache-control: no-cache
content-length: 14

20:39:35.509 [AsyncHttpClient-1-7] DEBUG org.asynchttpclient.netty.channel.ChannelManager - Adding key: http://localhost:53893 for channel [id: 0x09b085e6, L:/127.0.0.1:50133 - R:localhost/127.0.0.1:53893]
20:39:35.511 [Forwarding sendKeysToElement on session 986a54f6ff5bf308ac334d2f20f02d4a to remote] DEBUG org.asynchttpclient.netty.request.NettyRequestSender - Using pooled Channel '[id: 0x09b085e6, L:/127.0.0.1:50133 - R:localhost/127.0.0.1:53893]' for 'POST' to 'http://localhost:53893/session/986a54f6ff5bf308ac334d2f20f02d4a/element/c368756e-4d75-426c-a966-edfd526968f2/value'
20:39:35.511 [Forwarding sendKeysToElement on session 986a54f6ff5bf308ac334d2f20f02d4a to remote] DEBUG org.asynchttpclient.netty.request.NettyRequestSender - Using open Channel [id: 0x09b085e6, L:/127.0.0.1:50133 - R:localhost/127.0.0.1:53893] for POST '/session/986a54f6ff5bf308ac334d2f20f02d4a/element/c368756e-4d75-426c-a966-edfd526968f2/value'
20:39:35.551 [AsyncHttpClient-1-7] DEBUG org.asynchttpclient.netty.handler.HttpHandler - 

Request DefaultHttpRequest(decodeResult: success, version: HTTP/1.1)
POST /session/986a54f6ff5bf308ac334d2f20f02d4a/element/c368756e-4d75-426c-a966-edfd526968f2/value HTTP/1.1
User-Agent: selenium/4.1.2 (java windows)
Content-Length: 82
Content-Type: application/json; charset=utf-8
host: localhost:53893
accept: */*

Response DefaultHttpResponse(decodeResult: success, version: HTTP/1.1)
HTTP/1.1 200 OK
Content-Type: application/json; charset=utf-8
cache-control: no-cache
content-length: 14

20:39:35.551 [AsyncHttpClient-1-7] DEBUG org.asynchttpclient.netty.channel.ChannelManager - Adding key: http://localhost:53893 for channel [id: 0x09b085e6, L:/127.0.0.1:50133 - R:localhost/127.0.0.1:53893]
  &amp#27;[32mWhen &amp#27;[0m&amp#27;[32mI insert &amp#27;[0m&amp#27;[32m&amp#27;[1m""&amp#27;[0m&amp#27;[32m as full name&amp#27;[0m                    &amp#27;[90m# starter.stepdefinitions.RegisterSteps.iInsertFullnameAsFullName(java.lang.String)&amp#27;[0m
20:39:35.558 [Forwarding screenshot on session 986a54f6ff5bf308ac334d2f20f02d4a to remote] DEBUG org.asynchttpclient.netty.request.NettyRequestSender - Using pooled Channel '[id: 0x09b085e6, L:/127.0.0.1:50133 - R:localhost/127.0.0.1:53893]' for 'GET' to 'http://localhost:53893/session/986a54f6ff5bf308ac334d2f20f02d4a/screenshot'
20:39:35.558 [Forwarding screenshot on session 986a54f6ff5bf308ac334d2f20f02d4a to remote] DEBUG org.asynchttpclient.netty.request.NettyRequestSender - Using open Channel [id: 0x09b085e6, L:/127.0.0.1:50133 - R:localhost/127.0.0.1:53893] for GET '/session/986a54f6ff5bf308ac334d2f20f02d4a/screenshot'
20:39:35.716 [AsyncHttpClient-1-7] DEBUG org.asynchttpclient.netty.handler.HttpHandler - 

Request DefaultFullHttpRequest(decodeResult: success, version: HTTP/1.1, content: EmptyByteBufBE)
GET /session/986a54f6ff5bf308ac334d2f20f02d4a/screenshot HTTP/1.1
User-Agent: selenium/4.1.2 (java windows)
Cache-Control: no-cache
Content-Type: application/json; charset=utf-8
host: localhost:53893
accept: */*

Response DefaultHttpResponse(decodeResult: success, version: HTTP/1.1)
HTTP/1.1 200 OK
Content-Type: application/json; charset=utf-8
cache-control: no-cache
content-length: 45832

20:39:35.716 [AsyncHttpClient-1-7] DEBUG org.asynchttpclient.netty.channel.ChannelManager - Adding key: http://localhost:53893 for channel [id: 0x09b085e6, L:/127.0.0.1:50133 - R:localhost/127.0.0.1:53893]
20:39:35.717 [main] DEBUG net.serenitybdd.core.photography.Darkroom - Send negative for processing for target\site\serenity\1a00f74fcaed56a8430df39c7893a2000b35f810c4053facca58ce149e98aac6.png
20:39:35.718 [Darkroom Processing Line] DEBUG net.serenitybdd.core.photography.DarkroomProcessingLine - Processing screenshot image in /var/screenshots/screenshot-11183860377102996591
20:39:35.718 [Darkroom Processing Line] DEBUG net.serenitybdd.core.photography.DarkroomProcessingLine - Saving screenshot to target\site\serenity\1a00f74fcaed56a8430df39c7893a2000b35f810c4053facca58ce149e98aac6.png
20:39:35.725 [Forwarding findElement on session 986a54f6ff5bf308ac334d2f20f02d4a to remote] DEBUG org.asynchttpclient.netty.request.NettyRequestSender - Using pooled Channel '[id: 0x09b085e6, L:/127.0.0.1:50133 - R:localhost/127.0.0.1:53893]' for 'POST' to 'http://localhost:53893/session/986a54f6ff5bf308ac334d2f20f02d4a/element'
20:39:35.725 [Forwarding findElement on session 986a54f6ff5bf308ac334d2f20f02d4a to remote] DEBUG org.asynchttpclient.netty.request.NettyRequestSender - Using open Channel [id: 0x09b085e6, L:/127.0.0.1:50133 - R:localhost/127.0.0.1:53893] for POST '/session/986a54f6ff5bf308ac334d2f20f02d4a/element'
20:39:35.738 [AsyncHttpClient-1-7] DEBUG org.asynchttpclient.netty.handler.HttpHandler - 

Request DefaultHttpRequest(decodeResult: success, version: HTTP/1.1)
POST /session/986a54f6ff5bf308ac334d2f20f02d4a/element HTTP/1.1
User-Agent: selenium/4.1.2 (java windows)
Content-Length: 87
Content-Type: application/json; charset=utf-8
host: localhost:53893
accept: */*

Response DefaultHttpResponse(decodeResult: success, version: HTTP/1.1)
HTTP/1.1 200 OK
Content-Type: application/json; charset=utf-8
cache-control: no-cache
content-length: 88

20:39:35.738 [AsyncHttpClient-1-7] DEBUG org.asynchttpclient.netty.channel.ChannelManager - Adding key: http://localhost:53893 for channel [id: 0x09b085e6, L:/127.0.0.1:50133 - R:localhost/127.0.0.1:53893]
20:39:35.739 [Forwarding clearElement on session 986a54f6ff5bf308ac334d2f20f02d4a to remote] DEBUG org.asynchttpclient.netty.request.NettyRequestSender - Using pooled Channel '[id: 0x09b085e6, L:/127.0.0.1:50133 - R:localhost/127.0.0.1:53893]' for 'POST' to 'http://localhost:53893/session/986a54f6ff5bf308ac334d2f20f02d4a/element/4be57073-1a94-4845-b876-01c44a00bb68/clear'
20:39:35.739 [Forwarding clearElement on session 986a54f6ff5bf308ac334d2f20f02d4a to remote] DEBUG org.asynchttpclient.netty.request.NettyRequestSender - Using open Channel [id: 0x09b085e6, L:/127.0.0.1:50133 - R:localhost/127.0.0.1:53893] for POST '/session/986a54f6ff5bf308ac334d2f20f02d4a/element/4be57073-1a94-4845-b876-01c44a00bb68/clear'
20:39:35.775 [AsyncHttpClient-1-7] DEBUG org.asynchttpclient.netty.handler.HttpHandler - 

Request DefaultHttpRequest(decodeResult: success, version: HTTP/1.1)
POST /session/986a54f6ff5bf308ac334d2f20f02d4a/element/4be57073-1a94-4845-b876-01c44a00bb68/clear HTTP/1.1
User-Agent: selenium/4.1.2 (java windows)
Content-Length: 50
Content-Type: application/json; charset=utf-8
host: localhost:53893
accept: */*

Response DefaultHttpResponse(decodeResult: success, version: HTTP/1.1)
HTTP/1.1 200 OK
Content-Type: application/json; charset=utf-8
cache-control: no-cache
content-length: 14

20:39:35.775 [AsyncHttpClient-1-7] DEBUG org.asynchttpclient.netty.channel.ChannelManager - Adding key: http://localhost:53893 for channel [id: 0x09b085e6, L:/127.0.0.1:50133 - R:localhost/127.0.0.1:53893]
20:39:35.777 [Forwarding sendKeysToElement on session 986a54f6ff5bf308ac334d2f20f02d4a to remote] DEBUG org.asynchttpclient.netty.request.NettyRequestSender - Using pooled Channel '[id: 0x09b085e6, L:/127.0.0.1:50133 - R:localhost/127.0.0.1:53893]' for 'POST' to 'http://localhost:53893/session/986a54f6ff5bf308ac334d2f20f02d4a/element/4be57073-1a94-4845-b876-01c44a00bb68/value'
20:39:35.777 [Forwarding sendKeysToElement on session 986a54f6ff5bf308ac334d2f20f02d4a to remote] DEBUG org.asynchttpclient.netty.request.NettyRequestSender - Using open Channel [id: 0x09b085e6, L:/127.0.0.1:50133 - R:localhost/127.0.0.1:53893] for POST '/session/986a54f6ff5bf308ac334d2f20f02d4a/element/4be57073-1a94-4845-b876-01c44a00bb68/value'
20:39:35.785 [AsyncHttpClient-1-1] DEBUG org.asynchttpclient.netty.channel.DefaultChannelPool - Entry count for : http://localhost:50135 : 1
20:39:35.821 [AsyncHttpClient-1-7] DEBUG org.asynchttpclient.netty.handler.HttpHandler - 

Request DefaultHttpRequest(decodeResult: success, version: HTTP/1.1)
POST /session/986a54f6ff5bf308ac334d2f20f02d4a/element/4be57073-1a94-4845-b876-01c44a00bb68/value HTTP/1.1
User-Agent: selenium/4.1.2 (java windows)
Content-Length: 82
Content-Type: application/json; charset=utf-8
host: localhost:53893
accept: */*

Response DefaultHttpResponse(decodeResult: success, version: HTTP/1.1)
HTTP/1.1 200 OK
Content-Type: application/json; charset=utf-8
cache-control: no-cache
content-length: 14

20:39:35.821 [AsyncHttpClient-1-7] DEBUG org.asynchttpclient.netty.channel.ChannelManager - Adding key: http://localhost:53893 for channel [id: 0x09b085e6, L:/127.0.0.1:50133 - R:localhost/127.0.0.1:53893]
  &amp#27;[32mAnd &amp#27;[0m&amp#27;[32mI insert &amp#27;[0m&amp#27;[32m&amp#27;[1m""&amp#27;[0m&amp#27;[32m as email&amp#27;[0m                         &amp#27;[90m# starter.stepdefinitions.RegisterSteps.iInsertEmailAsEmail(java.lang.String)&amp#27;[0m
20:39:35.826 [Forwarding screenshot on session 986a54f6ff5bf308ac334d2f20f02d4a to remote] DEBUG org.asynchttpclient.netty.request.NettyRequestSender - Using pooled Channel '[id: 0x09b085e6, L:/127.0.0.1:50133 - R:localhost/127.0.0.1:53893]' for 'GET' to 'http://localhost:53893/session/986a54f6ff5bf308ac334d2f20f02d4a/screenshot'
20:39:35.826 [Forwarding screenshot on session 986a54f6ff5bf308ac334d2f20f02d4a to remote] DEBUG org.asynchttpclient.netty.request.NettyRequestSender - Using open Channel [id: 0x09b085e6, L:/127.0.0.1:50133 - R:localhost/127.0.0.1:53893] for GET '/session/986a54f6ff5bf308ac334d2f20f02d4a/screenshot'
20:39:35.994 [AsyncHttpClient-1-7] DEBUG org.asynchttpclient.netty.handler.HttpHandler - 

Request DefaultFullHttpRequest(decodeResult: success, version: HTTP/1.1, content: EmptyByteBufBE)
GET /session/986a54f6ff5bf308ac334d2f20f02d4a/screenshot HTTP/1.1
User-Agent: selenium/4.1.2 (java windows)
Cache-Control: no-cache
Content-Type: application/json; charset=utf-8
host: localhost:53893
accept: */*

Response DefaultHttpResponse(decodeResult: success, version: HTTP/1.1)
HTTP/1.1 200 OK
Content-Type: application/json; charset=utf-8
cache-control: no-cache
content-length: 46372

20:39:35.995 [AsyncHttpClient-1-7] DEBUG org.asynchttpclient.netty.channel.ChannelManager - Adding key: http://localhost:53893 for channel [id: 0x09b085e6, L:/127.0.0.1:50133 - R:localhost/127.0.0.1:53893]
20:39:35.997 [main] DEBUG net.serenitybdd.core.photography.Darkroom - Send negative for processing for target\site\serenity\695fbc2b7a58a99750c3996528e7dd50d47c2f2131b3b43adb1432f7a709256e.png
20:39:35.998 [Darkroom Processing Line] DEBUG net.serenitybdd.core.photography.DarkroomProcessingLine - Processing screenshot image in /var/screenshots/screenshot-5725785262470537789
20:39:35.998 [Darkroom Processing Line] DEBUG net.serenitybdd.core.photography.DarkroomProcessingLine - Saving screenshot to target\site\serenity\695fbc2b7a58a99750c3996528e7dd50d47c2f2131b3b43adb1432f7a709256e.png
20:39:36.006 [Forwarding findElement on session 986a54f6ff5bf308ac334d2f20f02d4a to remote] DEBUG org.asynchttpclient.netty.request.NettyRequestSender - Using pooled Channel '[id: 0x09b085e6, L:/127.0.0.1:50133 - R:localhost/127.0.0.1:53893]' for 'POST' to 'http://localhost:53893/session/986a54f6ff5bf308ac334d2f20f02d4a/element'
20:39:36.007 [Forwarding findElement on session 986a54f6ff5bf308ac334d2f20f02d4a to remote] DEBUG org.asynchttpclient.netty.request.NettyRequestSender - Using open Channel [id: 0x09b085e6, L:/127.0.0.1:50133 - R:localhost/127.0.0.1:53893] for POST '/session/986a54f6ff5bf308ac334d2f20f02d4a/element'
20:39:36.019 [AsyncHttpClient-1-7] DEBUG org.asynchttpclient.netty.handler.HttpHandler - 

Request DefaultHttpRequest(decodeResult: success, version: HTTP/1.1)
POST /session/986a54f6ff5bf308ac334d2f20f02d4a/element HTTP/1.1
User-Agent: selenium/4.1.2 (java windows)
Content-Length: 90
Content-Type: application/json; charset=utf-8
host: localhost:53893
accept: */*

Response DefaultHttpResponse(decodeResult: success, version: HTTP/1.1)
HTTP/1.1 200 OK
Content-Type: application/json; charset=utf-8
cache-control: no-cache
content-length: 88

20:39:36.019 [AsyncHttpClient-1-7] DEBUG org.asynchttpclient.netty.channel.ChannelManager - Adding key: http://localhost:53893 for channel [id: 0x09b085e6, L:/127.0.0.1:50133 - R:localhost/127.0.0.1:53893]
20:39:36.020 [Forwarding clearElement on session 986a54f6ff5bf308ac334d2f20f02d4a to remote] DEBUG org.asynchttpclient.netty.request.NettyRequestSender - Using pooled Channel '[id: 0x09b085e6, L:/127.0.0.1:50133 - R:localhost/127.0.0.1:53893]' for 'POST' to 'http://localhost:53893/session/986a54f6ff5bf308ac334d2f20f02d4a/element/5a9c6042-10ad-44e3-a89c-4faa597b02bc/clear'
20:39:36.020 [Forwarding clearElement on session 986a54f6ff5bf308ac334d2f20f02d4a to remote] DEBUG org.asynchttpclient.netty.request.NettyRequestSender - Using open Channel [id: 0x09b085e6, L:/127.0.0.1:50133 - R:localhost/127.0.0.1:53893] for POST '/session/986a54f6ff5bf308ac334d2f20f02d4a/element/5a9c6042-10ad-44e3-a89c-4faa597b02bc/clear'
20:39:36.065 [AsyncHttpClient-1-7] DEBUG org.asynchttpclient.netty.handler.HttpHandler - 

Request DefaultHttpRequest(decodeResult: success, version: HTTP/1.1)
POST /session/986a54f6ff5bf308ac334d2f20f02d4a/element/5a9c6042-10ad-44e3-a89c-4faa597b02bc/clear HTTP/1.1
User-Agent: selenium/4.1.2 (java windows)
Content-Length: 50
Content-Type: application/json; charset=utf-8
host: localhost:53893
accept: */*

Response DefaultHttpResponse(decodeResult: success, version: HTTP/1.1)
HTTP/1.1 200 OK
Content-Type: application/json; charset=utf-8
cache-control: no-cache
content-length: 14

20:39:36.066 [AsyncHttpClient-1-7] DEBUG org.asynchttpclient.netty.channel.ChannelManager - Adding key: http://localhost:53893 for channel [id: 0x09b085e6, L:/127.0.0.1:50133 - R:localhost/127.0.0.1:53893]
20:39:36.067 [Forwarding sendKeysToElement on session 986a54f6ff5bf308ac334d2f20f02d4a to remote] DEBUG org.asynchttpclient.netty.request.NettyRequestSender - Using pooled Channel '[id: 0x09b085e6, L:/127.0.0.1:50133 - R:localhost/127.0.0.1:53893]' for 'POST' to 'http://localhost:53893/session/986a54f6ff5bf308ac334d2f20f02d4a/element/5a9c6042-10ad-44e3-a89c-4faa597b02bc/value'
20:39:36.067 [Forwarding sendKeysToElement on session 986a54f6ff5bf308ac334d2f20f02d4a to remote] DEBUG org.asynchttpclient.netty.request.NettyRequestSender - Using open Channel [id: 0x09b085e6, L:/127.0.0.1:50133 - R:localhost/127.0.0.1:53893] for POST '/session/986a54f6ff5bf308ac334d2f20f02d4a/element/5a9c6042-10ad-44e3-a89c-4faa597b02bc/value'
20:39:36.120 [AsyncHttpClient-1-7] DEBUG org.asynchttpclient.netty.handler.HttpHandler - 

Request DefaultHttpRequest(decodeResult: success, version: HTTP/1.1)
POST /session/986a54f6ff5bf308ac334d2f20f02d4a/element/5a9c6042-10ad-44e3-a89c-4faa597b02bc/value HTTP/1.1
User-Agent: selenium/4.1.2 (java windows)
Content-Length: 82
Content-Type: application/json; charset=utf-8
host: localhost:53893
accept: */*

Response DefaultHttpResponse(decodeResult: success, version: HTTP/1.1)
HTTP/1.1 200 OK
Content-Type: application/json; charset=utf-8
cache-control: no-cache
content-length: 14

20:39:36.120 [AsyncHttpClient-1-7] DEBUG org.asynchttpclient.netty.channel.ChannelManager - Adding key: http://localhost:53893 for channel [id: 0x09b085e6, L:/127.0.0.1:50133 - R:localhost/127.0.0.1:53893]
  &amp#27;[32mAnd &amp#27;[0m&amp#27;[32mI insert &amp#27;[0m&amp#27;[32m&amp#27;[1m""&amp#27;[0m&amp#27;[32m as password&amp#27;[0m                      &amp#27;[90m# starter.stepdefinitions.RegisterSteps.iInsertPasswordAsPassword(java.lang.String)&amp#27;[0m
20:39:36.132 [Forwarding screenshot on session 986a54f6ff5bf308ac334d2f20f02d4a to remote] DEBUG org.asynchttpclient.netty.request.NettyRequestSender - Using pooled Channel '[id: 0x09b085e6, L:/127.0.0.1:50133 - R:localhost/127.0.0.1:53893]' for 'GET' to 'http://localhost:53893/session/986a54f6ff5bf308ac334d2f20f02d4a/screenshot'
20:39:36.132 [Forwarding screenshot on session 986a54f6ff5bf308ac334d2f20f02d4a to remote] DEBUG org.asynchttpclient.netty.request.NettyRequestSender - Using open Channel [id: 0x09b085e6, L:/127.0.0.1:50133 - R:localhost/127.0.0.1:53893] for GET '/session/986a54f6ff5bf308ac334d2f20f02d4a/screenshot'
20:39:36.332 [AsyncHttpClient-1-7] DEBUG org.asynchttpclient.netty.handler.HttpHandler - 

Request DefaultFullHttpRequest(decodeResult: success, version: HTTP/1.1, content: EmptyByteBufBE)
GET /session/986a54f6ff5bf308ac334d2f20f02d4a/screenshot HTTP/1.1
User-Agent: selenium/4.1.2 (java windows)
Cache-Control: no-cache
Content-Type: application/json; charset=utf-8
host: localhost:53893
accept: */*

Response DefaultHttpResponse(decodeResult: success, version: HTTP/1.1)
HTTP/1.1 200 OK
Content-Type: application/json; charset=utf-8
cache-control: no-cache
content-length: 45964

20:39:36.332 [AsyncHttpClient-1-7] DEBUG org.asynchttpclient.netty.channel.ChannelManager - Adding key: http://localhost:53893 for channel [id: 0x09b085e6, L:/127.0.0.1:50133 - R:localhost/127.0.0.1:53893]
20:39:36.333 [main] DEBUG net.serenitybdd.core.photography.Darkroom - Send negative for processing for target\site\serenity\5f96f10b4893513bac9f2b9eaddb305b5ce3289ef6bf6fb7fa6f32b4579601d4.png
20:39:36.334 [Darkroom Processing Line] DEBUG net.serenitybdd.core.photography.DarkroomProcessingLine - Processing screenshot image in /var/screenshots/screenshot-939530488428329638
20:39:36.334 [Darkroom Processing Line] DEBUG net.serenitybdd.core.photography.DarkroomProcessingLine - Saving screenshot to target\site\serenity\5f96f10b4893513bac9f2b9eaddb305b5ce3289ef6bf6fb7fa6f32b4579601d4.png
20:39:36.346 [Forwarding findElement on session 986a54f6ff5bf308ac334d2f20f02d4a to remote] DEBUG org.asynchttpclient.netty.request.NettyRequestSender - Using pooled Channel '[id: 0x09b085e6, L:/127.0.0.1:50133 - R:localhost/127.0.0.1:53893]' for 'POST' to 'http://localhost:53893/session/986a54f6ff5bf308ac334d2f20f02d4a/element'
20:39:36.347 [Forwarding findElement on session 986a54f6ff5bf308ac334d2f20f02d4a to remote] DEBUG org.asynchttpclient.netty.request.NettyRequestSender - Using open Channel [id: 0x09b085e6, L:/127.0.0.1:50133 - R:localhost/127.0.0.1:53893] for POST '/session/986a54f6ff5bf308ac334d2f20f02d4a/element'
20:39:36.364 [AsyncHttpClient-1-7] DEBUG org.asynchttpclient.netty.handler.HttpHandler - 

Request DefaultHttpRequest(decodeResult: success, version: HTTP/1.1)
POST /session/986a54f6ff5bf308ac334d2f20f02d4a/element HTTP/1.1
User-Agent: selenium/4.1.2 (java windows)
Content-Length: 84
Content-Type: application/json; charset=utf-8
host: localhost:53893
accept: */*

Response DefaultHttpResponse(decodeResult: success, version: HTTP/1.1)
HTTP/1.1 200 OK
Content-Type: application/json; charset=utf-8
cache-control: no-cache
content-length: 88

20:39:36.365 [AsyncHttpClient-1-7] DEBUG org.asynchttpclient.netty.channel.ChannelManager - Adding key: http://localhost:53893 for channel [id: 0x09b085e6, L:/127.0.0.1:50133 - R:localhost/127.0.0.1:53893]
20:39:36.366 [Forwarding getElementTagName on session 986a54f6ff5bf308ac334d2f20f02d4a to remote] DEBUG org.asynchttpclient.netty.request.NettyRequestSender - Using pooled Channel '[id: 0x09b085e6, L:/127.0.0.1:50133 - R:localhost/127.0.0.1:53893]' for 'GET' to 'http://localhost:53893/session/986a54f6ff5bf308ac334d2f20f02d4a/element/f3efa25a-f2a5-42b3-9223-742578e19bc1/name'
20:39:36.366 [Forwarding getElementTagName on session 986a54f6ff5bf308ac334d2f20f02d4a to remote] DEBUG org.asynchttpclient.netty.request.NettyRequestSender - Using open Channel [id: 0x09b085e6, L:/127.0.0.1:50133 - R:localhost/127.0.0.1:53893] for GET '/session/986a54f6ff5bf308ac334d2f20f02d4a/element/f3efa25a-f2a5-42b3-9223-742578e19bc1/name'
20:39:36.370 [AsyncHttpClient-1-7] DEBUG org.asynchttpclient.netty.handler.HttpHandler - 

Request DefaultFullHttpRequest(decodeResult: success, version: HTTP/1.1, content: EmptyByteBufBE)
GET /session/986a54f6ff5bf308ac334d2f20f02d4a/element/f3efa25a-f2a5-42b3-9223-742578e19bc1/name HTTP/1.1
User-Agent: selenium/4.1.2 (java windows)
Cache-Control: no-cache
Content-Type: application/json; charset=utf-8
host: localhost:53893
accept: */*

Response DefaultHttpResponse(decodeResult: success, version: HTTP/1.1)
HTTP/1.1 200 OK
Content-Type: application/json; charset=utf-8
cache-control: no-cache
content-length: 16

20:39:36.370 [AsyncHttpClient-1-7] DEBUG org.asynchttpclient.netty.channel.ChannelManager - Adding key: http://localhost:53893 for channel [id: 0x09b085e6, L:/127.0.0.1:50133 - R:localhost/127.0.0.1:53893]
20:39:36.371 [Forwarding getElementTagName on session 986a54f6ff5bf308ac334d2f20f02d4a to remote] DEBUG org.asynchttpclient.netty.request.NettyRequestSender - Using pooled Channel '[id: 0x09b085e6, L:/127.0.0.1:50133 - R:localhost/127.0.0.1:53893]' for 'GET' to 'http://localhost:53893/session/986a54f6ff5bf308ac334d2f20f02d4a/element/f3efa25a-f2a5-42b3-9223-742578e19bc1/name'
20:39:36.371 [Forwarding getElementTagName on session 986a54f6ff5bf308ac334d2f20f02d4a to remote] DEBUG org.asynchttpclient.netty.request.NettyRequestSender - Using open Channel [id: 0x09b085e6, L:/127.0.0.1:50133 - R:localhost/127.0.0.1:53893] for GET '/session/986a54f6ff5bf308ac334d2f20f02d4a/element/f3efa25a-f2a5-42b3-9223-742578e19bc1/name'
20:39:36.375 [AsyncHttpClient-1-7] DEBUG org.asynchttpclient.netty.handler.HttpHandler - 

Request DefaultFullHttpRequest(decodeResult: success, version: HTTP/1.1, content: EmptyByteBufBE)
GET /session/986a54f6ff5bf308ac334d2f20f02d4a/element/f3efa25a-f2a5-42b3-9223-742578e19bc1/name HTTP/1.1
User-Agent: selenium/4.1.2 (java windows)
Cache-Control: no-cache
Content-Type: application/json; charset=utf-8
host: localhost:53893
accept: */*

Response DefaultHttpResponse(decodeResult: success, version: HTTP/1.1)
HTTP/1.1 200 OK
Content-Type: application/json; charset=utf-8
cache-control: no-cache
content-length: 16

20:39:36.375 [AsyncHttpClient-1-7] DEBUG org.asynchttpclient.netty.channel.ChannelManager - Adding key: http://localhost:53893 for channel [id: 0x09b085e6, L:/127.0.0.1:50133 - R:localhost/127.0.0.1:53893]
20:39:36.379 [Forwarding findElement on session 986a54f6ff5bf308ac334d2f20f02d4a to remote] DEBUG org.asynchttpclient.netty.request.NettyRequestSender - Using pooled Channel '[id: 0x09b085e6, L:/127.0.0.1:50133 - R:localhost/127.0.0.1:53893]' for 'POST' to 'http://localhost:53893/session/986a54f6ff5bf308ac334d2f20f02d4a/element'
20:39:36.379 [Forwarding findElement on session 986a54f6ff5bf308ac334d2f20f02d4a to remote] DEBUG org.asynchttpclient.netty.request.NettyRequestSender - Using open Channel [id: 0x09b085e6, L:/127.0.0.1:50133 - R:localhost/127.0.0.1:53893] for POST '/session/986a54f6ff5bf308ac334d2f20f02d4a/element'
20:39:36.389 [AsyncHttpClient-1-7] DEBUG org.asynchttpclient.netty.handler.HttpHandler - 

Request DefaultHttpRequest(decodeResult: success, version: HTTP/1.1)
POST /session/986a54f6ff5bf308ac334d2f20f02d4a/element HTTP/1.1
User-Agent: selenium/4.1.2 (java windows)
Content-Length: 84
Content-Type: application/json; charset=utf-8
host: localhost:53893
accept: */*

Response DefaultHttpResponse(decodeResult: success, version: HTTP/1.1)
HTTP/1.1 200 OK
Content-Type: application/json; charset=utf-8
cache-control: no-cache
content-length: 88

20:39:36.390 [AsyncHttpClient-1-7] DEBUG org.asynchttpclient.netty.channel.ChannelManager - Adding key: http://localhost:53893 for channel [id: 0x09b085e6, L:/127.0.0.1:50133 - R:localhost/127.0.0.1:53893]
20:39:36.390 [Forwarding clickElement on session 986a54f6ff5bf308ac334d2f20f02d4a to remote] DEBUG org.asynchttpclient.netty.request.NettyRequestSender - Using pooled Channel '[id: 0x09b085e6, L:/127.0.0.1:50133 - R:localhost/127.0.0.1:53893]' for 'POST' to 'http://localhost:53893/session/986a54f6ff5bf308ac334d2f20f02d4a/element/f3efa25a-f2a5-42b3-9223-742578e19bc1/click'
20:39:36.390 [Forwarding clickElement on session 986a54f6ff5bf308ac334d2f20f02d4a to remote] DEBUG org.asynchttpclient.netty.request.NettyRequestSender - Using open Channel [id: 0x09b085e6, L:/127.0.0.1:50133 - R:localhost/127.0.0.1:53893] for POST '/session/986a54f6ff5bf308ac334d2f20f02d4a/element/f3efa25a-f2a5-42b3-9223-742578e19bc1/click'
20:39:36.457 [AsyncHttpClient-1-7] DEBUG org.asynchttpclient.netty.handler.HttpHandler - 

Request DefaultHttpRequest(decodeResult: success, version: HTTP/1.1)
POST /session/986a54f6ff5bf308ac334d2f20f02d4a/element/f3efa25a-f2a5-42b3-9223-742578e19bc1/click HTTP/1.1
User-Agent: selenium/4.1.2 (java windows)
Content-Length: 50
Content-Type: application/json; charset=utf-8
host: localhost:53893
accept: */*

Response DefaultHttpResponse(decodeResult: success, version: HTTP/1.1)
HTTP/1.1 200 OK
Content-Type: application/json; charset=utf-8
cache-control: no-cache
content-length: 14

20:39:36.457 [AsyncHttpClient-1-7] DEBUG org.asynchttpclient.netty.channel.ChannelManager - Adding key: http://localhost:53893 for channel [id: 0x09b085e6, L:/127.0.0.1:50133 - R:localhost/127.0.0.1:53893]
  &amp#27;[32mAnd &amp#27;[0m&amp#27;[32mI click register&amp#27;[0m                             &amp#27;[90m# starter.stepdefinitions.RegisterSteps.iClickRegister()&amp#27;[0m
20:39:36.466 [Forwarding screenshot on session 986a54f6ff5bf308ac334d2f20f02d4a to remote] DEBUG org.asynchttpclient.netty.request.NettyRequestSender - Using pooled Channel '[id: 0x09b085e6, L:/127.0.0.1:50133 - R:localhost/127.0.0.1:53893]' for 'GET' to 'http://localhost:53893/session/986a54f6ff5bf308ac334d2f20f02d4a/screenshot'
20:39:36.466 [Forwarding screenshot on session 986a54f6ff5bf308ac334d2f20f02d4a to remote] DEBUG org.asynchttpclient.netty.request.NettyRequestSender - Using open Channel [id: 0x09b085e6, L:/127.0.0.1:50133 - R:localhost/127.0.0.1:53893] for GET '/session/986a54f6ff5bf308ac334d2f20f02d4a/screenshot'
20:39:36.881 [AsyncHttpClient-1-1] DEBUG org.asynchttpclient.netty.channel.DefaultChannelPool - Entry count for : http://localhost:50135 : 1
20:39:36.908 [AsyncHttpClient-1-7] DEBUG org.asynchttpclient.netty.handler.HttpHandler - 

Request DefaultFullHttpRequest(decodeResult: success, version: HTTP/1.1, content: EmptyByteBufBE)
GET /session/986a54f6ff5bf308ac334d2f20f02d4a/screenshot HTTP/1.1
User-Agent: selenium/4.1.2 (java windows)
Cache-Control: no-cache
Content-Type: application/json; charset=utf-8
host: localhost:53893
accept: */*

Response DefaultHttpResponse(decodeResult: success, version: HTTP/1.1)
HTTP/1.1 200 OK
Content-Type: application/json; charset=utf-8
cache-control: no-cache
content-length: 46096

20:39:36.909 [AsyncHttpClient-1-7] DEBUG org.asynchttpclient.netty.channel.ChannelManager - Adding key: http://localhost:53893 for channel [id: 0x09b085e6, L:/127.0.0.1:50133 - R:localhost/127.0.0.1:53893]
20:39:36.911 [main] DEBUG net.serenitybdd.core.photography.Darkroom - Send negative for processing for target\site\serenity\ca2eb6cd0981f4037dbbb05c3e6ad9e362f3297534ef48b973db4b6b37f261a5.png
20:39:36.911 [Darkroom Processing Line] DEBUG net.serenitybdd.core.photography.DarkroomProcessingLine - Processing screenshot image in /var/screenshots/screenshot-2283009761114538142
20:39:36.911 [Darkroom Processing Line] DEBUG net.serenitybdd.core.photography.DarkroomProcessingLine - Saving screenshot to target\site\serenity\ca2eb6cd0981f4037dbbb05c3e6ad9e362f3297534ef48b973db4b6b37f261a5.png
20:39:36.924 [Forwarding findElement on session 986a54f6ff5bf308ac334d2f20f02d4a to remote] DEBUG org.asynchttpclient.netty.request.NettyRequestSender - Using pooled Channel '[id: 0x09b085e6, L:/127.0.0.1:50133 - R:localhost/127.0.0.1:53893]' for 'POST' to 'http://localhost:53893/session/986a54f6ff5bf308ac334d2f20f02d4a/element'
20:39:36.924 [Forwarding findElement on session 986a54f6ff5bf308ac334d2f20f02d4a to remote] DEBUG org.asynchttpclient.netty.request.NettyRequestSender - Using open Channel [id: 0x09b085e6, L:/127.0.0.1:50133 - R:localhost/127.0.0.1:53893] for POST '/session/986a54f6ff5bf308ac334d2f20f02d4a/element'
20:39:37.856 [AsyncHttpClient-1-7] DEBUG org.asynchttpclient.netty.handler.HttpHandler - 

Request DefaultHttpRequest(decodeResult: success, version: HTTP/1.1)
POST /session/986a54f6ff5bf308ac334d2f20f02d4a/element HTTP/1.1
User-Agent: selenium/4.1.2 (java windows)
Content-Length: 59
Content-Type: application/json; charset=utf-8
host: localhost:53893
accept: */*

Response DefaultHttpResponse(decodeResult: success, version: HTTP/1.1)
HTTP/1.1 200 OK
Content-Type: application/json; charset=utf-8
cache-control: no-cache
content-length: 88

20:39:37.856 [AsyncHttpClient-1-7] DEBUG org.asynchttpclient.netty.channel.ChannelManager - Adding key: http://localhost:53893 for channel [id: 0x09b085e6, L:/127.0.0.1:50133 - R:localhost/127.0.0.1:53893]
20:39:37.863 [Forwarding isElementDisplayed on session 986a54f6ff5bf308ac334d2f20f02d4a to remote] DEBUG org.asynchttpclient.netty.request.NettyRequestSender - Using pooled Channel '[id: 0x09b085e6, L:/127.0.0.1:50133 - R:localhost/127.0.0.1:53893]' for 'POST' to 'http://localhost:53893/session/986a54f6ff5bf308ac334d2f20f02d4a/execute/sync'
20:39:37.863 [Forwarding isElementDisplayed on session 986a54f6ff5bf308ac334d2f20f02d4a to remote] DEBUG org.asynchttpclient.netty.request.NettyRequestSender - Using open Channel [id: 0x09b085e6, L:/127.0.0.1:50133 - R:localhost/127.0.0.1:53893] for POST '/session/986a54f6ff5bf308ac334d2f20f02d4a/execute/sync'
20:39:37.895 [AsyncHttpClient-1-7] DEBUG org.asynchttpclient.netty.handler.HttpHandler - 

Request DefaultHttpRequest(decodeResult: success, version: HTTP/1.1)
POST /session/986a54f6ff5bf308ac334d2f20f02d4a/execute/sync HTTP/1.1
User-Agent: selenium/4.1.2 (java windows)
Content-Length: 48780
Content-Type: application/json; charset=utf-8
host: localhost:53893
accept: */*

Response DefaultHttpResponse(decodeResult: success, version: HTTP/1.1)
HTTP/1.1 200 OK
Content-Type: application/json; charset=utf-8
cache-control: no-cache
content-length: 14

20:39:37.895 [AsyncHttpClient-1-7] DEBUG org.asynchttpclient.netty.channel.ChannelManager - Adding key: http://localhost:53893 for channel [id: 0x09b085e6, L:/127.0.0.1:50133 - R:localhost/127.0.0.1:53893]
20:39:37.899 [Forwarding findElement on session 986a54f6ff5bf308ac334d2f20f02d4a to remote] DEBUG org.asynchttpclient.netty.request.NettyRequestSender - Using pooled Channel '[id: 0x09b085e6, L:/127.0.0.1:50133 - R:localhost/127.0.0.1:53893]' for 'POST' to 'http://localhost:53893/session/986a54f6ff5bf308ac334d2f20f02d4a/element'
20:39:37.899 [Forwarding findElement on session 986a54f6ff5bf308ac334d2f20f02d4a to remote] DEBUG org.asynchttpclient.netty.request.NettyRequestSender - Using open Channel [id: 0x09b085e6, L:/127.0.0.1:50133 - R:localhost/127.0.0.1:53893] for POST '/session/986a54f6ff5bf308ac334d2f20f02d4a/element'
20:39:37.912 [AsyncHttpClient-1-7] DEBUG org.asynchttpclient.netty.handler.HttpHandler - 

Request DefaultHttpRequest(decodeResult: success, version: HTTP/1.1)
POST /session/986a54f6ff5bf308ac334d2f20f02d4a/element HTTP/1.1
User-Agent: selenium/4.1.2 (java windows)
Content-Length: 59
Content-Type: application/json; charset=utf-8
host: localhost:53893
accept: */*

Response DefaultHttpResponse(decodeResult: success, version: HTTP/1.1)
HTTP/1.1 200 OK
Content-Type: application/json; charset=utf-8
cache-control: no-cache
content-length: 88

20:39:37.913 [AsyncHttpClient-1-7] DEBUG org.asynchttpclient.netty.channel.ChannelManager - Adding key: http://localhost:53893 for channel [id: 0x09b085e6, L:/127.0.0.1:50133 - R:localhost/127.0.0.1:53893]
20:39:37.916 [Forwarding isElementDisplayed on session 986a54f6ff5bf308ac334d2f20f02d4a to remote] DEBUG org.asynchttpclient.netty.request.NettyRequestSender - Using pooled Channel '[id: 0x09b085e6, L:/127.0.0.1:50133 - R:localhost/127.0.0.1:53893]' for 'POST' to 'http://localhost:53893/session/986a54f6ff5bf308ac334d2f20f02d4a/execute/sync'
20:39:37.916 [Forwarding isElementDisplayed on session 986a54f6ff5bf308ac334d2f20f02d4a to remote] DEBUG org.asynchttpclient.netty.request.NettyRequestSender - Using open Channel [id: 0x09b085e6, L:/127.0.0.1:50133 - R:localhost/127.0.0.1:53893] for POST '/session/986a54f6ff5bf308ac334d2f20f02d4a/execute/sync'
20:39:37.954 [AsyncHttpClient-1-7] DEBUG org.asynchttpclient.netty.handler.HttpHandler - 

Request DefaultHttpRequest(decodeResult: success, version: HTTP/1.1)
POST /session/986a54f6ff5bf308ac334d2f20f02d4a/execute/sync HTTP/1.1
User-Agent: selenium/4.1.2 (java windows)
Content-Length: 48780
Content-Type: application/json; charset=utf-8
host: localhost:53893
accept: */*

Response DefaultHttpResponse(decodeResult: success, version: HTTP/1.1)
HTTP/1.1 200 OK
Content-Type: application/json; charset=utf-8
cache-control: no-cache
content-length: 14

20:39:37.954 [AsyncHttpClient-1-7] DEBUG org.asynchttpclient.netty.channel.ChannelManager - Adding key: http://localhost:53893 for channel [id: 0x09b085e6, L:/127.0.0.1:50133 - R:localhost/127.0.0.1:53893]
  &amp#27;[32mThen &amp#27;[0m&amp#27;[32mI get &amp#27;[0m&amp#27;[32m&amp#27;[1m"empty form"&amp#27;[0m&amp#27;[32m error&amp#27;[0m                    &amp#27;[90m# starter.stepdefinitions.RegisterSteps.iGetErrorError(java.lang.String)&amp#27;[0m
20:39:37.963 [Forwarding screenshot on session 986a54f6ff5bf308ac334d2f20f02d4a to remote] DEBUG org.asynchttpclient.netty.request.NettyRequestSender - Using pooled Channel '[id: 0x09b085e6, L:/127.0.0.1:50133 - R:localhost/127.0.0.1:53893]' for 'GET' to 'http://localhost:53893/session/986a54f6ff5bf308ac334d2f20f02d4a/screenshot'
20:39:37.963 [Forwarding screenshot on session 986a54f6ff5bf308ac334d2f20f02d4a to remote] DEBUG org.asynchttpclient.netty.request.NettyRequestSender - Using open Channel [id: 0x09b085e6, L:/127.0.0.1:50133 - R:localhost/127.0.0.1:53893] for GET '/session/986a54f6ff5bf308ac334d2f20f02d4a/screenshot'
20:39:37.980 [AsyncHttpClient-1-1] DEBUG org.asynchttpclient.netty.channel.DefaultChannelPool - Entry count for : http://localhost:50135 : 1
20:39:38.228 [AsyncHttpClient-1-7] DEBUG org.asynchttpclient.netty.handler.HttpHandler - 

Request DefaultFullHttpRequest(decodeResult: success, version: HTTP/1.1, content: EmptyByteBufBE)
GET /session/986a54f6ff5bf308ac334d2f20f02d4a/screenshot HTTP/1.1
User-Agent: selenium/4.1.2 (java windows)
Cache-Control: no-cache
Content-Type: application/json; charset=utf-8
host: localhost:53893
accept: */*

Response DefaultHttpResponse(decodeResult: success, version: HTTP/1.1)
HTTP/1.1 200 OK
Content-Type: application/json; charset=utf-8
cache-control: no-cache
content-length: 47728

20:39:38.228 [AsyncHttpClient-1-7] DEBUG org.asynchttpclient.netty.channel.ChannelManager - Adding key: http://localhost:53893 for channel [id: 0x09b085e6, L:/127.0.0.1:50133 - R:localhost/127.0.0.1:53893]
20:39:38.230 [main] DEBUG net.serenitybdd.core.photography.Darkroom - Send negative for processing for target\site\serenity\498637acdb6b1b9e517b93a8944573c7b3b39de511e01880cf6a21ca4bc1ef18.png
20:39:38.231 [Darkroom Processing Line] DEBUG net.serenitybdd.core.photography.DarkroomProcessingLine - Processing screenshot image in /var/screenshots/screenshot-403271673632656960
20:39:38.231 [Darkroom Processing Line] DEBUG net.serenitybdd.core.photography.DarkroomProcessingLine - Saving screenshot to target\site\serenity\498637acdb6b1b9e517b93a8944573c7b3b39de511e01880cf6a21ca4bc1ef18.png
20:39:38.236 [AsyncHttpClient-1-9] DEBUG org.asynchttpclient.netty.handler.WebSocketHandler - Channel Closed: [id: 0x8e233c45, L:/127.0.0.1:50143 ! R:localhost/127.0.0.1:50135] with attribute NettyResponseFuture{currentRetry=5,
	isDone=1,
	isCancelled=0,
	asyncHandler=org.asynchttpclient.ws.WebSocketUpgradeHandler@3d466f7d,
	nettyRequest=org.asynchttpclient.netty.request.NettyRequest@1e6cb1d6,
	future=java.util.concurrent.CompletableFuture@69913766[Completed normally],
	uri=ws://localhost:50135/devtools/browser/2e7255da-5be6-4a20-9e59-289a160210a2,
	keepAlive=true,
	redirectCount=0,
	timeoutsHolder=null,
	inAuth=0,
	touch=1667223574131}
20:39:38.237 [AsyncHttpClient-1-9] DEBUG org.asynchttpclient.netty.channel.ChannelManager - Closing Channel [id: 0x8e233c45, L:/127.0.0.1:50143 ! R:localhost/127.0.0.1:50135] 
20:39:38.237 [Driver Command Executor] DEBUG org.asynchttpclient.netty.request.NettyRequestSender - Using pooled Channel '[id: 0x09b085e6, L:/127.0.0.1:50133 - R:localhost/127.0.0.1:53893]' for 'DELETE' to 'http://localhost:53893/session/986a54f6ff5bf308ac334d2f20f02d4a'
20:39:38.237 [Driver Command Executor] DEBUG org.asynchttpclient.netty.request.NettyRequestSender - Using open Channel [id: 0x09b085e6, L:/127.0.0.1:50133 - R:localhost/127.0.0.1:53893] for DELETE '/session/986a54f6ff5bf308ac334d2f20f02d4a'
20:39:38.277 [AsyncHttpClient-1-8] DEBUG org.asynchttpclient.netty.handler.HttpHandler - Unexpected I/O exception on channel [id: 0xe859a720, L:/127.0.0.1:50142 - R:localhost/127.0.0.1:50135]
java.net.SocketException: Connection reset
	at java.base/sun.nio.ch.SocketChannelImpl.throwConnectionReset(SocketChannelImpl.java:345)
	at java.base/sun.nio.ch.SocketChannelImpl.read(SocketChannelImpl.java:376)
	at io.netty.buffer.PooledByteBuf.setBytes(PooledByteBuf.java:258)
	at io.netty.buffer.AbstractByteBuf.writeBytes(AbstractByteBuf.java:1132)
	at io.netty.channel.socket.nio.NioSocketChannel.doReadBytes(NioSocketChannel.java:350)
	at io.netty.channel.nio.AbstractNioByteChannel$NioByteUnsafe.read(AbstractNioByteChannel.java:151)
	at io.netty.channel.nio.NioEventLoop.processSelectedKey(NioEventLoop.java:722)
	at io.netty.channel.nio.NioEventLoop.processSelectedKeysOptimized(NioEventLoop.java:658)
	at io.netty.channel.nio.NioEventLoop.processSelectedKeys(NioEventLoop.java:584)
	at io.netty.channel.nio.NioEventLoop.run(NioEventLoop.java:496)
	at io.netty.util.concurrent.SingleThreadEventExecutor$4.run(SingleThreadEventExecutor.java:986)
	at io.netty.util.internal.ThreadExecutorMap$2.run(ThreadExecutorMap.java:74)
	at io.netty.util.concurrent.FastThreadLocalRunnable.run(FastThreadLocalRunnable.java:30)
	at java.base/java.lang.Thread.run(Thread.java:830)
20:39:38.277 [AsyncHttpClient-1-8] DEBUG org.asynchttpclient.netty.channel.ChannelManager - Closing Channel [id: 0xe859a720, L:/127.0.0.1:50142 - R:localhost/127.0.0.1:50135] 
20:39:38.277 [AsyncHttpClient-1-8] DEBUG org.asynchttpclient.netty.handler.HttpHandler - Channel Closed: [id: 0xe859a720, L:/127.0.0.1:50142 ! R:localhost/127.0.0.1:50135] with attribute DISCARD
20:39:38.302 [AsyncHttpClient-1-7] DEBUG org.asynchttpclient.netty.handler.HttpHandler - 

Request DefaultFullHttpRequest(decodeResult: success, version: HTTP/1.1, content: EmptyByteBufBE)
DELETE /session/986a54f6ff5bf308ac334d2f20f02d4a HTTP/1.1
User-Agent: selenium/4.1.2 (java windows)
Content-Type: application/json; charset=utf-8
host: localhost:53893
accept: */*

Response DefaultHttpResponse(decodeResult: success, version: HTTP/1.1)
HTTP/1.1 200 OK
Content-Type: application/json; charset=utf-8
cache-control: no-cache
content-length: 14

20:39:38.302 [AsyncHttpClient-1-7] DEBUG org.asynchttpclient.netty.channel.ChannelManager - Adding key: http://localhost:53893 for channel [id: 0x09b085e6, L:/127.0.0.1:50133 - R:localhost/127.0.0.1:53893]
20:39:38.455 [AsyncHttpClient-1-7] DEBUG org.asynchttpclient.netty.handler.HttpHandler - Channel Closed: [id: 0x09b085e6, L:/127.0.0.1:50133 ! R:localhost/127.0.0.1:53893] with attribute DISCARD
]]></system-out>
    <system-err><![CDATA[Starting ChromeDriver 106.0.5249.61 (511755355844955cd3e264779baf0dd38212a4d0-refs/branch-heads/5249@{#569}) on port 53893
Only local connections are allowed.
Please see https://chromedriver.chromium.org/security-considerations for suggestions on keeping ChromeDriver safe.
ChromeDriver was started successfully.
[1667223573.764][WARNING]: This version of ChromeDriver has not been tested with Chrome version 107.
Oct 31, 2022 8:39:34 PM org.openqa.selenium.remote.ProtocolHandshake createSession
INFO: Detected dialect: W3C
Oct 31, 2022 8:39:34 PM org.openqa.selenium.devtools.CdpVersionFinder findNearestMatch
WARNING: Unable to find an exact match for CDP version 107, so returning the closest version found: a no-op implementation
Oct 31, 2022 8:39:34 PM org.openqa.selenium.devtools.CdpVersionFinder findNearestMatch
INFO: Unable to find CDP implementation matching 107.
Oct 31, 2022 8:39:34 PM org.openqa.selenium.chromium.ChromiumDriver lambda$new$3
WARNING: Unable to find version of CDP to use for . You may need to include a dependency on a specific version of the CDP using something similar to `org.seleniumhq.selenium:selenium-devtools-v86:4.1.2` where the version ("v86") matches the version of the chromium-based browser you're using and the version number of the artifact is the same as Selenium's.
]]></system-err>
  </testcase>
  <testcase name="Pay Products as logged in user" classname="Transaction" time="10.477">
    <system-out><![CDATA[20:39:38.988 [main] INFO io.cucumber.core.plugin.SerenityReporter - Running feature from file:///C:/Users/ASUS/Desktop/stupen/miniproject/Web/ASWeb/src/test/resources/features/Transaction.feature
20:39:38.991 [main] DEBUG net.thucydides.core.steps.StepEventBus - Test suite started for story net.thucydides.core.model.Story@c54cf0a8
20:39:38.992 [main] INFO  - Test Suite Started: Transaction

Scenario: Pay Products as logged in user       &amp#27;[90m# src/test/resources/features/Transaction.feature:6&amp#27;[0m
20:39:39.005 [main] INFO io.cucumber.core.plugin.SerenityReporter - Running feature from file:///C:/Users/ASUS/Desktop/stupen/miniproject/Web/ASWeb/src/test/resources/features/Transaction.feature
20:39:39.007 [main] INFO  - 
  _____   ___   ___   _____     ___   _____     _     ___   _____   ___   ___  
 |_   _| | __| / __| |_   _|   / __| |_   _|   /_\   | _ \ |_   _| | __| |   \ 
   | |   | _|  \__ \   | |     \__ \   | |    / _ \  |   /   | |   | _|  | |) |
   |_|   |___| |___/   |_|     |___/   |_|   /_/ \_\ |_|_\   |_|   |___| |___/ 

Pay Products as logged in user(transaction;pay-products-as-logged-in-user)
--------------------------------------------------------------------------------
20:39:39.081 [AsyncHttpClient-1-1] DEBUG org.asynchttpclient.netty.channel.DefaultChannelPool - Entry count for : http://localhost:53893 : 1
20:39:39.081 [AsyncHttpClient-1-1] DEBUG org.asynchttpclient.netty.channel.DefaultChannelPool - Entry count for : http://localhost:50135 : 1
20:39:39.081 [AsyncHttpClient-1-1] DEBUG org.asynchttpclient.netty.channel.DefaultChannelPool - Adding Candidate expired Channel [id: 0x09b085e6, L:/127.0.0.1:50133 ! R:localhost/127.0.0.1:53893] isIdleTimeoutExpired=false isRemotelyClosed=true isTtlExpired=false
20:39:39.081 [AsyncHttpClient-1-1] DEBUG org.asynchttpclient.netty.channel.DefaultChannelPool - Closing Idle Channel [id: 0x09b085e6, L:/127.0.0.1:50133 ! R:localhost/127.0.0.1:53893]
20:39:39.081 [AsyncHttpClient-1-1] DEBUG org.asynchttpclient.netty.channel.DefaultChannelPool - Adding Candidate expired Channel [id: 0xe859a720, L:/127.0.0.1:50142 ! R:localhost/127.0.0.1:50135] isIdleTimeoutExpired=false isRemotelyClosed=true isTtlExpired=false
20:39:39.081 [AsyncHttpClient-1-1] DEBUG org.asynchttpclient.netty.channel.DefaultChannelPool - Closing Idle Channel [id: 0xe859a720, L:/127.0.0.1:50142 ! R:localhost/127.0.0.1:50135]
20:39:39.081 [AsyncHttpClient-1-1] DEBUG org.asynchttpclient.netty.channel.DefaultChannelPool - Closed 2 connections out of 2 in 0 ms
20:39:39.272 [main] INFO net.serenitybdd.core.webdriver.driverproviders.ChromeDriverProvider - Using automatically driver download
20:39:39.621 [main] DEBUG io.github.bonigarcia.wdm.cache.ResolutionCache - Resolution chrome=107 in cache (valid until 21:37:26 31/10/2022 WIB)
20:39:39.633 [main] DEBUG io.github.bonigarcia.wdm.cache.ResolutionCache - Resolution chrome107=107.0.5304.62 in cache (valid until 19:37:19 01/11/2022 WIB)
20:39:39.638 [main] INFO io.github.bonigarcia.wdm.WebDriverManager - Using chromedriver 107.0.5304.62 (resolved driver for Chrome 107)
20:39:39.695 [main] DEBUG io.github.bonigarcia.wdm.WebDriverManager - Driver chromedriver 107.0.5304.62 found in cache
20:39:39.697 [main] INFO io.github.bonigarcia.wdm.WebDriverManager - Exporting webdriver.chrome.driver as C:\Users\ASUS\.cache\selenium\chromedriver\win32\107.0.5304.62\chromedriver.exe
20:39:40.068 [main] DEBUG net.serenitybdd.core.webdriver.driverproviders.ProvideNewDriver - Instantiating driver
20:39:40.068 [main] DEBUG net.serenitybdd.core.webdriver.driverproviders.ProvideNewDriver - Driver capabilities: Capabilities {acceptInsecureCerts: false, base.url: https://alta-shop.vercel.app/, browserName: chrome, chrome.driver: src/test/resources/webdrive..., driver: chrome, goog:chromeOptions: {args: [], extensions: []}, wait.for.timeout: 10000}
20:39:40.632 [AsyncHttpClient-1-10] DEBUG org.asynchttpclient.netty.channel.NettyConnectListener - Using new Channel '[id: 0x00ade3fb, L:/127.0.0.1:50165 - R:localhost/127.0.0.1:63076]' for 'POST' to '/session'
20:39:42.599 [AsyncHttpClient-1-10] DEBUG org.asynchttpclient.netty.handler.HttpHandler - 

Request DefaultHttpRequest(decodeResult: success, version: HTTP/1.1)
POST /session HTTP/1.1
User-Agent: selenium/4.1.2 (java windows)
Content-Length: 646
Content-Type: application/json; charset=utf-8
host: localhost:63076
accept: */*

Response DefaultHttpResponse(decodeResult: success, version: HTTP/1.1)
HTTP/1.1 200 OK
Content-Type: application/json; charset=utf-8
cache-control: no-cache
content-length: 789

20:39:42.599 [AsyncHttpClient-1-10] DEBUG org.asynchttpclient.netty.channel.ChannelManager - Adding key: http://localhost:63076 for channel [id: 0x00ade3fb, L:/127.0.0.1:50165 - R:localhost/127.0.0.1:63076]
20:39:42.606 [AsyncHttpClient-1-11] DEBUG org.asynchttpclient.netty.channel.NettyConnectListener - Using new Channel '[id: 0x849e8689, L:/127.0.0.1:50174 - R:localhost/127.0.0.1:50166]' for 'GET' to '/json/version'
20:39:42.606 [AsyncHttpClient-1-11] DEBUG org.asynchttpclient.netty.handler.HttpHandler - 

Request DefaultFullHttpRequest(decodeResult: success, version: HTTP/1.1, content: EmptyByteBufBE)
GET /json/version HTTP/1.1
User-Agent: selenium/4.1.2 (java windows)
host: localhost:50166
accept: */*

Response DefaultHttpResponse(decodeResult: success, version: HTTP/1.1)
HTTP/1.1 200 OK
Content-Type: application/json; charset=UTF-8
content-length: 423

20:39:42.606 [AsyncHttpClient-1-11] DEBUG org.asynchttpclient.netty.channel.ChannelManager - Adding key: http://localhost:50166 for channel [id: 0x849e8689, L:/127.0.0.1:50174 - R:localhost/127.0.0.1:50166]
20:39:42.609 [AsyncHttpClient-1-12] DEBUG org.asynchttpclient.netty.channel.NettyConnectListener - Using new Channel '[id: 0xd92b2a58, L:/127.0.0.1:50175 - R:localhost/127.0.0.1:50166]' for 'GET' to '/devtools/browser/7afd8e81-2337-4eb2-bc2d-da120f9a0a92'
20:39:42.610 [AsyncHttpClient-1-12] DEBUG org.asynchttpclient.netty.handler.WebSocketHandler - 

Request DefaultFullHttpRequest(decodeResult: success, version: HTTP/1.1, content: EmptyByteBufBE)
GET /devtools/browser/7afd8e81-2337-4eb2-bc2d-da120f9a0a92 HTTP/1.1
upgrade: websocket
connection: upgrade
sec-websocket-key: nbzVprD2lgK7eRBj2s2hyg==
sec-websocket-version: 13
origin: http://localhost:50166
host: localhost:50166
accept: */*
user-agent: AHC/2.1

Response DefaultHttpResponse(decodeResult: success, version: HTTP/1.1)
HTTP/1.1 101 WebSocket Protocol Handshake
Upgrade: WebSocket
Connection: Upgrade
Sec-WebSocket-Accept: TJ81GbCP1FM1f/IW3Q3K0i9/0eg=

20:39:42.614 [Forwarding get on session a8eebbb52fa1253cd97c8d123503a1db to remote] DEBUG org.asynchttpclient.netty.request.NettyRequestSender - Using pooled Channel '[id: 0x00ade3fb, L:/127.0.0.1:50165 - R:localhost/127.0.0.1:63076]' for 'POST' to 'http://localhost:63076/session/a8eebbb52fa1253cd97c8d123503a1db/url'
20:39:42.614 [Forwarding get on session a8eebbb52fa1253cd97c8d123503a1db to remote] DEBUG org.asynchttpclient.netty.request.NettyRequestSender - Using open Channel [id: 0x00ade3fb, L:/127.0.0.1:50165 - R:localhost/127.0.0.1:63076] for POST '/session/a8eebbb52fa1253cd97c8d123503a1db/url'
20:39:43.345 [AsyncHttpClient-1-10] DEBUG org.asynchttpclient.netty.handler.HttpHandler - 

Request DefaultHttpRequest(decodeResult: success, version: HTTP/1.1)
POST /session/a8eebbb52fa1253cd97c8d123503a1db/url HTTP/1.1
User-Agent: selenium/4.1.2 (java windows)
Content-Length: 74
Content-Type: application/json; charset=utf-8
host: localhost:63076
accept: */*

Response DefaultHttpResponse(decodeResult: success, version: HTTP/1.1)
HTTP/1.1 200 OK
Content-Type: application/json; charset=utf-8
cache-control: no-cache
content-length: 14

20:39:43.345 [AsyncHttpClient-1-10] DEBUG org.asynchttpclient.netty.channel.ChannelManager - Adding key: http://localhost:63076 for channel [id: 0x00ade3fb, L:/127.0.0.1:50165 - R:localhost/127.0.0.1:63076]
20:39:43.347 [Forwarding setTimeout on session a8eebbb52fa1253cd97c8d123503a1db to remote] DEBUG org.asynchttpclient.netty.request.NettyRequestSender - Using pooled Channel '[id: 0x00ade3fb, L:/127.0.0.1:50165 - R:localhost/127.0.0.1:63076]' for 'POST' to 'http://localhost:63076/session/a8eebbb52fa1253cd97c8d123503a1db/timeouts'
20:39:43.347 [Forwarding setTimeout on session a8eebbb52fa1253cd97c8d123503a1db to remote] DEBUG org.asynchttpclient.netty.request.NettyRequestSender - Using open Channel [id: 0x00ade3fb, L:/127.0.0.1:50165 - R:localhost/127.0.0.1:63076] for POST '/session/a8eebbb52fa1253cd97c8d123503a1db/timeouts'
20:39:43.347 [AsyncHttpClient-1-10] DEBUG org.asynchttpclient.netty.handler.HttpHandler - 

Request DefaultHttpRequest(decodeResult: success, version: HTTP/1.1)
POST /session/a8eebbb52fa1253cd97c8d123503a1db/timeouts HTTP/1.1
User-Agent: selenium/4.1.2 (java windows)
Content-Length: 22
Content-Type: application/json; charset=utf-8
host: localhost:63076
accept: */*

Response DefaultHttpResponse(decodeResult: success, version: HTTP/1.1)
HTTP/1.1 200 OK
Content-Type: application/json; charset=utf-8
cache-control: no-cache
content-length: 14

20:39:43.348 [AsyncHttpClient-1-10] DEBUG org.asynchttpclient.netty.channel.ChannelManager - Adding key: http://localhost:63076 for channel [id: 0x00ade3fb, L:/127.0.0.1:50165 - R:localhost/127.0.0.1:63076]
20:39:43.350 [Forwarding getCurrentUrl on session a8eebbb52fa1253cd97c8d123503a1db to remote] DEBUG org.asynchttpclient.netty.request.NettyRequestSender - Using pooled Channel '[id: 0x00ade3fb, L:/127.0.0.1:50165 - R:localhost/127.0.0.1:63076]' for 'GET' to 'http://localhost:63076/session/a8eebbb52fa1253cd97c8d123503a1db/url'
20:39:43.350 [Forwarding getCurrentUrl on session a8eebbb52fa1253cd97c8d123503a1db to remote] DEBUG org.asynchttpclient.netty.request.NettyRequestSender - Using open Channel [id: 0x00ade3fb, L:/127.0.0.1:50165 - R:localhost/127.0.0.1:63076] for GET '/session/a8eebbb52fa1253cd97c8d123503a1db/url'
20:39:43.355 [AsyncHttpClient-1-10] DEBUG org.asynchttpclient.netty.handler.HttpHandler - 

Request DefaultFullHttpRequest(decodeResult: success, version: HTTP/1.1, content: EmptyByteBufBE)
GET /session/a8eebbb52fa1253cd97c8d123503a1db/url HTTP/1.1
User-Agent: selenium/4.1.2 (java windows)
Cache-Control: no-cache
Content-Type: application/json; charset=utf-8
host: localhost:63076
accept: */*

Response DefaultHttpResponse(decodeResult: success, version: HTTP/1.1)
HTTP/1.1 200 OK
Content-Type: application/json; charset=utf-8
cache-control: no-cache
content-length: 51

20:39:43.355 [AsyncHttpClient-1-10] DEBUG org.asynchttpclient.netty.channel.ChannelManager - Adding key: http://localhost:63076 for channel [id: 0x00ade3fb, L:/127.0.0.1:50165 - R:localhost/127.0.0.1:63076]
20:39:43.361 [Forwarding findElement on session a8eebbb52fa1253cd97c8d123503a1db to remote] DEBUG org.asynchttpclient.netty.request.NettyRequestSender - Using pooled Channel '[id: 0x00ade3fb, L:/127.0.0.1:50165 - R:localhost/127.0.0.1:63076]' for 'POST' to 'http://localhost:63076/session/a8eebbb52fa1253cd97c8d123503a1db/element'
20:39:43.362 [Forwarding findElement on session a8eebbb52fa1253cd97c8d123503a1db to remote] DEBUG org.asynchttpclient.netty.request.NettyRequestSender - Using open Channel [id: 0x00ade3fb, L:/127.0.0.1:50165 - R:localhost/127.0.0.1:63076] for POST '/session/a8eebbb52fa1253cd97c8d123503a1db/element'
20:39:43.377 [AsyncHttpClient-1-10] DEBUG org.asynchttpclient.netty.handler.HttpHandler - 

Request DefaultHttpRequest(decodeResult: success, version: HTTP/1.1)
POST /session/a8eebbb52fa1253cd97c8d123503a1db/element HTTP/1.1
User-Agent: selenium/4.1.2 (java windows)
Content-Length: 87
Content-Type: application/json; charset=utf-8
host: localhost:63076
accept: */*

Response DefaultHttpResponse(decodeResult: success, version: HTTP/1.1)
HTTP/1.1 200 OK
Content-Type: application/json; charset=utf-8
cache-control: no-cache
content-length: 88

20:39:43.377 [AsyncHttpClient-1-10] DEBUG org.asynchttpclient.netty.channel.ChannelManager - Adding key: http://localhost:63076 for channel [id: 0x00ade3fb, L:/127.0.0.1:50165 - R:localhost/127.0.0.1:63076]
20:39:43.380 [Forwarding clearElement on session a8eebbb52fa1253cd97c8d123503a1db to remote] DEBUG org.asynchttpclient.netty.request.NettyRequestSender - Using pooled Channel '[id: 0x00ade3fb, L:/127.0.0.1:50165 - R:localhost/127.0.0.1:63076]' for 'POST' to 'http://localhost:63076/session/a8eebbb52fa1253cd97c8d123503a1db/element/ca75595d-0779-496b-907d-e2e77f9b2b12/clear'
20:39:43.380 [Forwarding clearElement on session a8eebbb52fa1253cd97c8d123503a1db to remote] DEBUG org.asynchttpclient.netty.request.NettyRequestSender - Using open Channel [id: 0x00ade3fb, L:/127.0.0.1:50165 - R:localhost/127.0.0.1:63076] for POST '/session/a8eebbb52fa1253cd97c8d123503a1db/element/ca75595d-0779-496b-907d-e2e77f9b2b12/clear'
20:39:43.422 [AsyncHttpClient-1-10] DEBUG org.asynchttpclient.netty.handler.HttpHandler - 

Request DefaultHttpRequest(decodeResult: success, version: HTTP/1.1)
POST /session/a8eebbb52fa1253cd97c8d123503a1db/element/ca75595d-0779-496b-907d-e2e77f9b2b12/clear HTTP/1.1
User-Agent: selenium/4.1.2 (java windows)
Content-Length: 50
Content-Type: application/json; charset=utf-8
host: localhost:63076
accept: */*

Response DefaultHttpResponse(decodeResult: success, version: HTTP/1.1)
HTTP/1.1 200 OK
Content-Type: application/json; charset=utf-8
cache-control: no-cache
content-length: 14

20:39:43.423 [AsyncHttpClient-1-10] DEBUG org.asynchttpclient.netty.channel.ChannelManager - Adding key: http://localhost:63076 for channel [id: 0x00ade3fb, L:/127.0.0.1:50165 - R:localhost/127.0.0.1:63076]
20:39:43.424 [Forwarding sendKeysToElement on session a8eebbb52fa1253cd97c8d123503a1db to remote] DEBUG org.asynchttpclient.netty.request.NettyRequestSender - Using pooled Channel '[id: 0x00ade3fb, L:/127.0.0.1:50165 - R:localhost/127.0.0.1:63076]' for 'POST' to 'http://localhost:63076/session/a8eebbb52fa1253cd97c8d123503a1db/element/ca75595d-0779-496b-907d-e2e77f9b2b12/value'
20:39:43.424 [Forwarding sendKeysToElement on session a8eebbb52fa1253cd97c8d123503a1db to remote] DEBUG org.asynchttpclient.netty.request.NettyRequestSender - Using open Channel [id: 0x00ade3fb, L:/127.0.0.1:50165 - R:localhost/127.0.0.1:63076] for POST '/session/a8eebbb52fa1253cd97c8d123503a1db/element/ca75595d-0779-496b-907d-e2e77f9b2b12/value'
20:39:43.483 [AsyncHttpClient-1-1] DEBUG org.asynchttpclient.netty.channel.DefaultChannelPool - Entry count for : http://localhost:50166 : 1
20:39:43.544 [AsyncHttpClient-1-10] DEBUG org.asynchttpclient.netty.handler.HttpHandler - 

Request DefaultHttpRequest(decodeResult: success, version: HTTP/1.1)
POST /session/a8eebbb52fa1253cd97c8d123503a1db/element/ca75595d-0779-496b-907d-e2e77f9b2b12/value HTTP/1.1
User-Agent: selenium/4.1.2 (java windows)
Content-Length: 221
Content-Type: application/json; charset=utf-8
host: localhost:63076
accept: */*

Response DefaultHttpResponse(decodeResult: success, version: HTTP/1.1)
HTTP/1.1 200 OK
Content-Type: application/json; charset=utf-8
cache-control: no-cache
content-length: 14

20:39:43.544 [AsyncHttpClient-1-10] DEBUG org.asynchttpclient.netty.channel.ChannelManager - Adding key: http://localhost:63076 for channel [id: 0x00ade3fb, L:/127.0.0.1:50165 - R:localhost/127.0.0.1:63076]
20:39:43.550 [Forwarding findElement on session a8eebbb52fa1253cd97c8d123503a1db to remote] DEBUG org.asynchttpclient.netty.request.NettyRequestSender - Using pooled Channel '[id: 0x00ade3fb, L:/127.0.0.1:50165 - R:localhost/127.0.0.1:63076]' for 'POST' to 'http://localhost:63076/session/a8eebbb52fa1253cd97c8d123503a1db/element'
20:39:43.550 [Forwarding findElement on session a8eebbb52fa1253cd97c8d123503a1db to remote] DEBUG org.asynchttpclient.netty.request.NettyRequestSender - Using open Channel [id: 0x00ade3fb, L:/127.0.0.1:50165 - R:localhost/127.0.0.1:63076] for POST '/session/a8eebbb52fa1253cd97c8d123503a1db/element'
20:39:43.566 [AsyncHttpClient-1-10] DEBUG org.asynchttpclient.netty.handler.HttpHandler - 

Request DefaultHttpRequest(decodeResult: success, version: HTTP/1.1)
POST /session/a8eebbb52fa1253cd97c8d123503a1db/element HTTP/1.1
User-Agent: selenium/4.1.2 (java windows)
Content-Length: 90
Content-Type: application/json; charset=utf-8
host: localhost:63076
accept: */*

Response DefaultHttpResponse(decodeResult: success, version: HTTP/1.1)
HTTP/1.1 200 OK
Content-Type: application/json; charset=utf-8
cache-control: no-cache
content-length: 88

20:39:43.566 [AsyncHttpClient-1-10] DEBUG org.asynchttpclient.netty.channel.ChannelManager - Adding key: http://localhost:63076 for channel [id: 0x00ade3fb, L:/127.0.0.1:50165 - R:localhost/127.0.0.1:63076]
20:39:43.567 [Forwarding clearElement on session a8eebbb52fa1253cd97c8d123503a1db to remote] DEBUG org.asynchttpclient.netty.request.NettyRequestSender - Using pooled Channel '[id: 0x00ade3fb, L:/127.0.0.1:50165 - R:localhost/127.0.0.1:63076]' for 'POST' to 'http://localhost:63076/session/a8eebbb52fa1253cd97c8d123503a1db/element/0acb4d03-364a-4492-9b3f-db16b6c1bb2f/clear'
20:39:43.567 [Forwarding clearElement on session a8eebbb52fa1253cd97c8d123503a1db to remote] DEBUG org.asynchttpclient.netty.request.NettyRequestSender - Using open Channel [id: 0x00ade3fb, L:/127.0.0.1:50165 - R:localhost/127.0.0.1:63076] for POST '/session/a8eebbb52fa1253cd97c8d123503a1db/element/0acb4d03-364a-4492-9b3f-db16b6c1bb2f/clear'
20:39:43.606 [AsyncHttpClient-1-10] DEBUG org.asynchttpclient.netty.handler.HttpHandler - 

Request DefaultHttpRequest(decodeResult: success, version: HTTP/1.1)
POST /session/a8eebbb52fa1253cd97c8d123503a1db/element/0acb4d03-364a-4492-9b3f-db16b6c1bb2f/clear HTTP/1.1
User-Agent: selenium/4.1.2 (java windows)
Content-Length: 50
Content-Type: application/json; charset=utf-8
host: localhost:63076
accept: */*

Response DefaultHttpResponse(decodeResult: success, version: HTTP/1.1)
HTTP/1.1 200 OK
Content-Type: application/json; charset=utf-8
cache-control: no-cache
content-length: 14

20:39:43.606 [AsyncHttpClient-1-10] DEBUG org.asynchttpclient.netty.channel.ChannelManager - Adding key: http://localhost:63076 for channel [id: 0x00ade3fb, L:/127.0.0.1:50165 - R:localhost/127.0.0.1:63076]
20:39:43.608 [Forwarding sendKeysToElement on session a8eebbb52fa1253cd97c8d123503a1db to remote] DEBUG org.asynchttpclient.netty.request.NettyRequestSender - Using pooled Channel '[id: 0x00ade3fb, L:/127.0.0.1:50165 - R:localhost/127.0.0.1:63076]' for 'POST' to 'http://localhost:63076/session/a8eebbb52fa1253cd97c8d123503a1db/element/0acb4d03-364a-4492-9b3f-db16b6c1bb2f/value'
20:39:43.608 [Forwarding sendKeysToElement on session a8eebbb52fa1253cd97c8d123503a1db to remote] DEBUG org.asynchttpclient.netty.request.NettyRequestSender - Using open Channel [id: 0x00ade3fb, L:/127.0.0.1:50165 - R:localhost/127.0.0.1:63076] for POST '/session/a8eebbb52fa1253cd97c8d123503a1db/element/0acb4d03-364a-4492-9b3f-db16b6c1bb2f/value'
20:39:43.701 [AsyncHttpClient-1-10] DEBUG org.asynchttpclient.netty.handler.HttpHandler - 

Request DefaultHttpRequest(decodeResult: success, version: HTTP/1.1)
POST /session/a8eebbb52fa1253cd97c8d123503a1db/element/0acb4d03-364a-4492-9b3f-db16b6c1bb2f/value HTTP/1.1
User-Agent: selenium/4.1.2 (java windows)
Content-Length: 141
Content-Type: application/json; charset=utf-8
host: localhost:63076
accept: */*

Response DefaultHttpResponse(decodeResult: success, version: HTTP/1.1)
HTTP/1.1 200 OK
Content-Type: application/json; charset=utf-8
cache-control: no-cache
content-length: 14

20:39:43.701 [AsyncHttpClient-1-10] DEBUG org.asynchttpclient.netty.channel.ChannelManager - Adding key: http://localhost:63076 for channel [id: 0x00ade3fb, L:/127.0.0.1:50165 - R:localhost/127.0.0.1:63076]
20:39:43.707 [Forwarding findElement on session a8eebbb52fa1253cd97c8d123503a1db to remote] DEBUG org.asynchttpclient.netty.request.NettyRequestSender - Using pooled Channel '[id: 0x00ade3fb, L:/127.0.0.1:50165 - R:localhost/127.0.0.1:63076]' for 'POST' to 'http://localhost:63076/session/a8eebbb52fa1253cd97c8d123503a1db/element'
20:39:43.707 [Forwarding findElement on session a8eebbb52fa1253cd97c8d123503a1db to remote] DEBUG org.asynchttpclient.netty.request.NettyRequestSender - Using open Channel [id: 0x00ade3fb, L:/127.0.0.1:50165 - R:localhost/127.0.0.1:63076] for POST '/session/a8eebbb52fa1253cd97c8d123503a1db/element'
20:39:43.725 [AsyncHttpClient-1-10] DEBUG org.asynchttpclient.netty.handler.HttpHandler - 

Request DefaultHttpRequest(decodeResult: success, version: HTTP/1.1)
POST /session/a8eebbb52fa1253cd97c8d123503a1db/element HTTP/1.1
User-Agent: selenium/4.1.2 (java windows)
Content-Length: 81
Content-Type: application/json; charset=utf-8
host: localhost:63076
accept: */*

Response DefaultHttpResponse(decodeResult: success, version: HTTP/1.1)
HTTP/1.1 200 OK
Content-Type: application/json; charset=utf-8
cache-control: no-cache
content-length: 88

20:39:43.726 [AsyncHttpClient-1-10] DEBUG org.asynchttpclient.netty.channel.ChannelManager - Adding key: http://localhost:63076 for channel [id: 0x00ade3fb, L:/127.0.0.1:50165 - R:localhost/127.0.0.1:63076]
20:39:43.727 [Forwarding getElementTagName on session a8eebbb52fa1253cd97c8d123503a1db to remote] DEBUG org.asynchttpclient.netty.request.NettyRequestSender - Using pooled Channel '[id: 0x00ade3fb, L:/127.0.0.1:50165 - R:localhost/127.0.0.1:63076]' for 'GET' to 'http://localhost:63076/session/a8eebbb52fa1253cd97c8d123503a1db/element/ee440adc-4ea4-43ae-ae5c-2424af472ade/name'
20:39:43.727 [Forwarding getElementTagName on session a8eebbb52fa1253cd97c8d123503a1db to remote] DEBUG org.asynchttpclient.netty.request.NettyRequestSender - Using open Channel [id: 0x00ade3fb, L:/127.0.0.1:50165 - R:localhost/127.0.0.1:63076] for GET '/session/a8eebbb52fa1253cd97c8d123503a1db/element/ee440adc-4ea4-43ae-ae5c-2424af472ade/name'
20:39:43.734 [AsyncHttpClient-1-10] DEBUG org.asynchttpclient.netty.handler.HttpHandler - 

Request DefaultFullHttpRequest(decodeResult: success, version: HTTP/1.1, content: EmptyByteBufBE)
GET /session/a8eebbb52fa1253cd97c8d123503a1db/element/ee440adc-4ea4-43ae-ae5c-2424af472ade/name HTTP/1.1
User-Agent: selenium/4.1.2 (java windows)
Cache-Control: no-cache
Content-Type: application/json; charset=utf-8
host: localhost:63076
accept: */*

Response DefaultHttpResponse(decodeResult: success, version: HTTP/1.1)
HTTP/1.1 200 OK
Content-Type: application/json; charset=utf-8
cache-control: no-cache
content-length: 16

20:39:43.734 [AsyncHttpClient-1-10] DEBUG org.asynchttpclient.netty.channel.ChannelManager - Adding key: http://localhost:63076 for channel [id: 0x00ade3fb, L:/127.0.0.1:50165 - R:localhost/127.0.0.1:63076]
20:39:43.735 [Forwarding getElementTagName on session a8eebbb52fa1253cd97c8d123503a1db to remote] DEBUG org.asynchttpclient.netty.request.NettyRequestSender - Using pooled Channel '[id: 0x00ade3fb, L:/127.0.0.1:50165 - R:localhost/127.0.0.1:63076]' for 'GET' to 'http://localhost:63076/session/a8eebbb52fa1253cd97c8d123503a1db/element/ee440adc-4ea4-43ae-ae5c-2424af472ade/name'
20:39:43.735 [Forwarding getElementTagName on session a8eebbb52fa1253cd97c8d123503a1db to remote] DEBUG org.asynchttpclient.netty.request.NettyRequestSender - Using open Channel [id: 0x00ade3fb, L:/127.0.0.1:50165 - R:localhost/127.0.0.1:63076] for GET '/session/a8eebbb52fa1253cd97c8d123503a1db/element/ee440adc-4ea4-43ae-ae5c-2424af472ade/name'
20:39:43.738 [AsyncHttpClient-1-10] DEBUG org.asynchttpclient.netty.handler.HttpHandler - 

Request DefaultFullHttpRequest(decodeResult: success, version: HTTP/1.1, content: EmptyByteBufBE)
GET /session/a8eebbb52fa1253cd97c8d123503a1db/element/ee440adc-4ea4-43ae-ae5c-2424af472ade/name HTTP/1.1
User-Agent: selenium/4.1.2 (java windows)
Cache-Control: no-cache
Content-Type: application/json; charset=utf-8
host: localhost:63076
accept: */*

Response DefaultHttpResponse(decodeResult: success, version: HTTP/1.1)
HTTP/1.1 200 OK
Content-Type: application/json; charset=utf-8
cache-control: no-cache
content-length: 16

20:39:43.738 [AsyncHttpClient-1-10] DEBUG org.asynchttpclient.netty.channel.ChannelManager - Adding key: http://localhost:63076 for channel [id: 0x00ade3fb, L:/127.0.0.1:50165 - R:localhost/127.0.0.1:63076]
20:39:43.740 [Forwarding findElement on session a8eebbb52fa1253cd97c8d123503a1db to remote] DEBUG org.asynchttpclient.netty.request.NettyRequestSender - Using pooled Channel '[id: 0x00ade3fb, L:/127.0.0.1:50165 - R:localhost/127.0.0.1:63076]' for 'POST' to 'http://localhost:63076/session/a8eebbb52fa1253cd97c8d123503a1db/element'
20:39:43.740 [Forwarding findElement on session a8eebbb52fa1253cd97c8d123503a1db to remote] DEBUG org.asynchttpclient.netty.request.NettyRequestSender - Using open Channel [id: 0x00ade3fb, L:/127.0.0.1:50165 - R:localhost/127.0.0.1:63076] for POST '/session/a8eebbb52fa1253cd97c8d123503a1db/element'
20:39:43.749 [AsyncHttpClient-1-10] DEBUG org.asynchttpclient.netty.handler.HttpHandler - 

Request DefaultHttpRequest(decodeResult: success, version: HTTP/1.1)
POST /session/a8eebbb52fa1253cd97c8d123503a1db/element HTTP/1.1
User-Agent: selenium/4.1.2 (java windows)
Content-Length: 81
Content-Type: application/json; charset=utf-8
host: localhost:63076
accept: */*

Response DefaultHttpResponse(decodeResult: success, version: HTTP/1.1)
HTTP/1.1 200 OK
Content-Type: application/json; charset=utf-8
cache-control: no-cache
content-length: 88

20:39:43.750 [AsyncHttpClient-1-10] DEBUG org.asynchttpclient.netty.channel.ChannelManager - Adding key: http://localhost:63076 for channel [id: 0x00ade3fb, L:/127.0.0.1:50165 - R:localhost/127.0.0.1:63076]
20:39:43.751 [Forwarding clickElement on session a8eebbb52fa1253cd97c8d123503a1db to remote] DEBUG org.asynchttpclient.netty.request.NettyRequestSender - Using pooled Channel '[id: 0x00ade3fb, L:/127.0.0.1:50165 - R:localhost/127.0.0.1:63076]' for 'POST' to 'http://localhost:63076/session/a8eebbb52fa1253cd97c8d123503a1db/element/ee440adc-4ea4-43ae-ae5c-2424af472ade/click'
20:39:43.751 [Forwarding clickElement on session a8eebbb52fa1253cd97c8d123503a1db to remote] DEBUG org.asynchttpclient.netty.request.NettyRequestSender - Using open Channel [id: 0x00ade3fb, L:/127.0.0.1:50165 - R:localhost/127.0.0.1:63076] for POST '/session/a8eebbb52fa1253cd97c8d123503a1db/element/ee440adc-4ea4-43ae-ae5c-2424af472ade/click'
20:39:43.825 [AsyncHttpClient-1-10] DEBUG org.asynchttpclient.netty.handler.HttpHandler - 

Request DefaultHttpRequest(decodeResult: success, version: HTTP/1.1)
POST /session/a8eebbb52fa1253cd97c8d123503a1db/element/ee440adc-4ea4-43ae-ae5c-2424af472ade/click HTTP/1.1
User-Agent: selenium/4.1.2 (java windows)
Content-Length: 50
Content-Type: application/json; charset=utf-8
host: localhost:63076
accept: */*

Response DefaultHttpResponse(decodeResult: success, version: HTTP/1.1)
HTTP/1.1 200 OK
Content-Type: application/json; charset=utf-8
cache-control: no-cache
content-length: 14

20:39:43.825 [AsyncHttpClient-1-10] DEBUG org.asynchttpclient.netty.channel.ChannelManager - Adding key: http://localhost:63076 for channel [id: 0x00ade3fb, L:/127.0.0.1:50165 - R:localhost/127.0.0.1:63076]
  &amp#27;[32mGiven &amp#27;[0m&amp#27;[32mI am logged in&amp#27;[0m                         &amp#27;[90m# starter.stepdefinitions.TransactionSteps.iAmLoggedIn()&amp#27;[0m
20:39:43.837 [main] DEBUG net.serenitybdd.core.photography.Darkroom - Opening darkroom
20:39:43.838 [Forwarding screenshot on session a8eebbb52fa1253cd97c8d123503a1db to remote] DEBUG org.asynchttpclient.netty.request.NettyRequestSender - Using pooled Channel '[id: 0x00ade3fb, L:/127.0.0.1:50165 - R:localhost/127.0.0.1:63076]' for 'GET' to 'http://localhost:63076/session/a8eebbb52fa1253cd97c8d123503a1db/screenshot'
20:39:43.838 [Forwarding screenshot on session a8eebbb52fa1253cd97c8d123503a1db to remote] DEBUG org.asynchttpclient.netty.request.NettyRequestSender - Using open Channel [id: 0x00ade3fb, L:/127.0.0.1:50165 - R:localhost/127.0.0.1:63076] for GET '/session/a8eebbb52fa1253cd97c8d123503a1db/screenshot'
20:39:43.838 [Darkroom Processing Line] DEBUG net.serenitybdd.core.photography.DarkroomProcessingLine - Darkroom processing line starting up
20:39:44.488 [AsyncHttpClient-1-10] DEBUG org.asynchttpclient.netty.handler.HttpHandler - 

Request DefaultFullHttpRequest(decodeResult: success, version: HTTP/1.1, content: EmptyByteBufBE)
GET /session/a8eebbb52fa1253cd97c8d123503a1db/screenshot HTTP/1.1
User-Agent: selenium/4.1.2 (java windows)
Cache-Control: no-cache
Content-Type: application/json; charset=utf-8
host: localhost:63076
accept: */*

Response DefaultHttpResponse(decodeResult: success, version: HTTP/1.1)
HTTP/1.1 200 OK
Content-Type: application/json; charset=utf-8
cache-control: no-cache
content-length: 44272

20:39:44.488 [AsyncHttpClient-1-10] DEBUG org.asynchttpclient.netty.channel.ChannelManager - Adding key: http://localhost:63076 for channel [id: 0x00ade3fb, L:/127.0.0.1:50165 - R:localhost/127.0.0.1:63076]
20:39:44.490 [main] DEBUG net.serenitybdd.core.photography.Darkroom - Send negative for processing for target\site\serenity\a33e7e925a2551b9af8ab7f974f50d180e794ed24a8c75842744b95574f5a425.png
20:39:44.490 [Darkroom Processing Line] DEBUG net.serenitybdd.core.photography.DarkroomProcessingLine - Processing screenshot image in /var/screenshots/screenshot-10233829364982308108
20:39:44.490 [Darkroom Processing Line] DEBUG net.serenitybdd.core.photography.DarkroomProcessingLine - Saving screenshot to target\site\serenity\a33e7e925a2551b9af8ab7f974f50d180e794ed24a8c75842744b95574f5a425.png
20:39:44.502 [Forwarding findElement on session a8eebbb52fa1253cd97c8d123503a1db to remote] DEBUG org.asynchttpclient.netty.request.NettyRequestSender - Using pooled Channel '[id: 0x00ade3fb, L:/127.0.0.1:50165 - R:localhost/127.0.0.1:63076]' for 'POST' to 'http://localhost:63076/session/a8eebbb52fa1253cd97c8d123503a1db/element'
20:39:44.502 [Forwarding findElement on session a8eebbb52fa1253cd97c8d123503a1db to remote] DEBUG org.asynchttpclient.netty.request.NettyRequestSender - Using open Channel [id: 0x00ade3fb, L:/127.0.0.1:50165 - R:localhost/127.0.0.1:63076] for POST '/session/a8eebbb52fa1253cd97c8d123503a1db/element'
20:39:44.588 [AsyncHttpClient-1-1] DEBUG org.asynchttpclient.netty.channel.DefaultChannelPool - Entry count for : http://localhost:50166 : 1
20:39:45.680 [AsyncHttpClient-1-1] DEBUG org.asynchttpclient.netty.channel.DefaultChannelPool - Entry count for : http://localhost:50166 : 1
20:39:46.779 [AsyncHttpClient-1-1] DEBUG org.asynchttpclient.netty.channel.DefaultChannelPool - Entry count for : http://localhost:50166 : 1
20:39:47.238 [AsyncHttpClient-1-10] DEBUG org.asynchttpclient.netty.handler.HttpHandler - 

Request DefaultHttpRequest(decodeResult: success, version: HTTP/1.1)
POST /session/a8eebbb52fa1253cd97c8d123503a1db/element HTTP/1.1
User-Agent: selenium/4.1.2 (java windows)
Content-Length: 94
Content-Type: application/json; charset=utf-8
host: localhost:63076
accept: */*

Response DefaultHttpResponse(decodeResult: success, version: HTTP/1.1)
HTTP/1.1 200 OK
Content-Type: application/json; charset=utf-8
cache-control: no-cache
content-length: 88

20:39:47.238 [AsyncHttpClient-1-10] DEBUG org.asynchttpclient.netty.channel.ChannelManager - Adding key: http://localhost:63076 for channel [id: 0x00ade3fb, L:/127.0.0.1:50165 - R:localhost/127.0.0.1:63076]
20:39:47.242 [Forwarding getElementTagName on session a8eebbb52fa1253cd97c8d123503a1db to remote] DEBUG org.asynchttpclient.netty.request.NettyRequestSender - Using pooled Channel '[id: 0x00ade3fb, L:/127.0.0.1:50165 - R:localhost/127.0.0.1:63076]' for 'GET' to 'http://localhost:63076/session/a8eebbb52fa1253cd97c8d123503a1db/element/94de8970-e8a9-4190-ab8c-4b3552db52f7/name'
20:39:47.242 [Forwarding getElementTagName on session a8eebbb52fa1253cd97c8d123503a1db to remote] DEBUG org.asynchttpclient.netty.request.NettyRequestSender - Using open Channel [id: 0x00ade3fb, L:/127.0.0.1:50165 - R:localhost/127.0.0.1:63076] for GET '/session/a8eebbb52fa1253cd97c8d123503a1db/element/94de8970-e8a9-4190-ab8c-4b3552db52f7/name'
20:39:47.252 [AsyncHttpClient-1-10] DEBUG org.asynchttpclient.netty.handler.HttpHandler - 

Request DefaultFullHttpRequest(decodeResult: success, version: HTTP/1.1, content: EmptyByteBufBE)
GET /session/a8eebbb52fa1253cd97c8d123503a1db/element/94de8970-e8a9-4190-ab8c-4b3552db52f7/name HTTP/1.1
User-Agent: selenium/4.1.2 (java windows)
Cache-Control: no-cache
Content-Type: application/json; charset=utf-8
host: localhost:63076
accept: */*

Response DefaultHttpResponse(decodeResult: success, version: HTTP/1.1)
HTTP/1.1 200 OK
Content-Type: application/json; charset=utf-8
cache-control: no-cache
content-length: 16

20:39:47.253 [AsyncHttpClient-1-10] DEBUG org.asynchttpclient.netty.channel.ChannelManager - Adding key: http://localhost:63076 for channel [id: 0x00ade3fb, L:/127.0.0.1:50165 - R:localhost/127.0.0.1:63076]
20:39:47.255 [Forwarding getElementTagName on session a8eebbb52fa1253cd97c8d123503a1db to remote] DEBUG org.asynchttpclient.netty.request.NettyRequestSender - Using pooled Channel '[id: 0x00ade3fb, L:/127.0.0.1:50165 - R:localhost/127.0.0.1:63076]' for 'GET' to 'http://localhost:63076/session/a8eebbb52fa1253cd97c8d123503a1db/element/94de8970-e8a9-4190-ab8c-4b3552db52f7/name'
20:39:47.255 [Forwarding getElementTagName on session a8eebbb52fa1253cd97c8d123503a1db to remote] DEBUG org.asynchttpclient.netty.request.NettyRequestSender - Using open Channel [id: 0x00ade3fb, L:/127.0.0.1:50165 - R:localhost/127.0.0.1:63076] for GET '/session/a8eebbb52fa1253cd97c8d123503a1db/element/94de8970-e8a9-4190-ab8c-4b3552db52f7/name'
20:39:47.259 [AsyncHttpClient-1-10] DEBUG org.asynchttpclient.netty.handler.HttpHandler - 

Request DefaultFullHttpRequest(decodeResult: success, version: HTTP/1.1, content: EmptyByteBufBE)
GET /session/a8eebbb52fa1253cd97c8d123503a1db/element/94de8970-e8a9-4190-ab8c-4b3552db52f7/name HTTP/1.1
User-Agent: selenium/4.1.2 (java windows)
Cache-Control: no-cache
Content-Type: application/json; charset=utf-8
host: localhost:63076
accept: */*

Response DefaultHttpResponse(decodeResult: success, version: HTTP/1.1)
HTTP/1.1 200 OK
Content-Type: application/json; charset=utf-8
cache-control: no-cache
content-length: 16

20:39:47.259 [AsyncHttpClient-1-10] DEBUG org.asynchttpclient.netty.channel.ChannelManager - Adding key: http://localhost:63076 for channel [id: 0x00ade3fb, L:/127.0.0.1:50165 - R:localhost/127.0.0.1:63076]
20:39:47.262 [Forwarding findElement on session a8eebbb52fa1253cd97c8d123503a1db to remote] DEBUG org.asynchttpclient.netty.request.NettyRequestSender - Using pooled Channel '[id: 0x00ade3fb, L:/127.0.0.1:50165 - R:localhost/127.0.0.1:63076]' for 'POST' to 'http://localhost:63076/session/a8eebbb52fa1253cd97c8d123503a1db/element'
20:39:47.262 [Forwarding findElement on session a8eebbb52fa1253cd97c8d123503a1db to remote] DEBUG org.asynchttpclient.netty.request.NettyRequestSender - Using open Channel [id: 0x00ade3fb, L:/127.0.0.1:50165 - R:localhost/127.0.0.1:63076] for POST '/session/a8eebbb52fa1253cd97c8d123503a1db/element'
20:39:47.275 [AsyncHttpClient-1-10] DEBUG org.asynchttpclient.netty.handler.HttpHandler - 

Request DefaultHttpRequest(decodeResult: success, version: HTTP/1.1)
POST /session/a8eebbb52fa1253cd97c8d123503a1db/element HTTP/1.1
User-Agent: selenium/4.1.2 (java windows)
Content-Length: 94
Content-Type: application/json; charset=utf-8
host: localhost:63076
accept: */*

Response DefaultHttpResponse(decodeResult: success, version: HTTP/1.1)
HTTP/1.1 200 OK
Content-Type: application/json; charset=utf-8
cache-control: no-cache
content-length: 88

20:39:47.275 [AsyncHttpClient-1-10] DEBUG org.asynchttpclient.netty.channel.ChannelManager - Adding key: http://localhost:63076 for channel [id: 0x00ade3fb, L:/127.0.0.1:50165 - R:localhost/127.0.0.1:63076]
20:39:47.276 [Forwarding clickElement on session a8eebbb52fa1253cd97c8d123503a1db to remote] DEBUG org.asynchttpclient.netty.request.NettyRequestSender - Using pooled Channel '[id: 0x00ade3fb, L:/127.0.0.1:50165 - R:localhost/127.0.0.1:63076]' for 'POST' to 'http://localhost:63076/session/a8eebbb52fa1253cd97c8d123503a1db/element/94de8970-e8a9-4190-ab8c-4b3552db52f7/click'
20:39:47.276 [Forwarding clickElement on session a8eebbb52fa1253cd97c8d123503a1db to remote] DEBUG org.asynchttpclient.netty.request.NettyRequestSender - Using open Channel [id: 0x00ade3fb, L:/127.0.0.1:50165 - R:localhost/127.0.0.1:63076] for POST '/session/a8eebbb52fa1253cd97c8d123503a1db/element/94de8970-e8a9-4190-ab8c-4b3552db52f7/click'
20:39:47.372 [AsyncHttpClient-1-10] DEBUG org.asynchttpclient.netty.handler.HttpHandler - 

Request DefaultHttpRequest(decodeResult: success, version: HTTP/1.1)
POST /session/a8eebbb52fa1253cd97c8d123503a1db/element/94de8970-e8a9-4190-ab8c-4b3552db52f7/click HTTP/1.1
User-Agent: selenium/4.1.2 (java windows)
Content-Length: 50
Content-Type: application/json; charset=utf-8
host: localhost:63076
accept: */*

Response DefaultHttpResponse(decodeResult: success, version: HTTP/1.1)
HTTP/1.1 200 OK
Content-Type: application/json; charset=utf-8
cache-control: no-cache
content-length: 14

20:39:47.372 [AsyncHttpClient-1-10] DEBUG org.asynchttpclient.netty.channel.ChannelManager - Adding key: http://localhost:63076 for channel [id: 0x00ade3fb, L:/127.0.0.1:50165 - R:localhost/127.0.0.1:63076]
20:39:47.379 [Forwarding findElement on session a8eebbb52fa1253cd97c8d123503a1db to remote] DEBUG org.asynchttpclient.netty.request.NettyRequestSender - Using pooled Channel '[id: 0x00ade3fb, L:/127.0.0.1:50165 - R:localhost/127.0.0.1:63076]' for 'POST' to 'http://localhost:63076/session/a8eebbb52fa1253cd97c8d123503a1db/element'
20:39:47.379 [Forwarding findElement on session a8eebbb52fa1253cd97c8d123503a1db to remote] DEBUG org.asynchttpclient.netty.request.NettyRequestSender - Using open Channel [id: 0x00ade3fb, L:/127.0.0.1:50165 - R:localhost/127.0.0.1:63076] for POST '/session/a8eebbb52fa1253cd97c8d123503a1db/element'
20:39:47.404 [AsyncHttpClient-1-10] DEBUG org.asynchttpclient.netty.handler.HttpHandler - 

Request DefaultHttpRequest(decodeResult: success, version: HTTP/1.1)
POST /session/a8eebbb52fa1253cd97c8d123503a1db/element HTTP/1.1
User-Agent: selenium/4.1.2 (java windows)
Content-Length: 94
Content-Type: application/json; charset=utf-8
host: localhost:63076
accept: */*

Response DefaultHttpResponse(decodeResult: success, version: HTTP/1.1)
HTTP/1.1 200 OK
Content-Type: application/json; charset=utf-8
cache-control: no-cache
content-length: 88

20:39:47.404 [AsyncHttpClient-1-10] DEBUG org.asynchttpclient.netty.channel.ChannelManager - Adding key: http://localhost:63076 for channel [id: 0x00ade3fb, L:/127.0.0.1:50165 - R:localhost/127.0.0.1:63076]
20:39:47.406 [Forwarding getElementTagName on session a8eebbb52fa1253cd97c8d123503a1db to remote] DEBUG org.asynchttpclient.netty.request.NettyRequestSender - Using pooled Channel '[id: 0x00ade3fb, L:/127.0.0.1:50165 - R:localhost/127.0.0.1:63076]' for 'GET' to 'http://localhost:63076/session/a8eebbb52fa1253cd97c8d123503a1db/element/f285cbe1-d2b8-4c02-ac06-29ea5ce1e350/name'
20:39:47.406 [Forwarding getElementTagName on session a8eebbb52fa1253cd97c8d123503a1db to remote] DEBUG org.asynchttpclient.netty.request.NettyRequestSender - Using open Channel [id: 0x00ade3fb, L:/127.0.0.1:50165 - R:localhost/127.0.0.1:63076] for GET '/session/a8eebbb52fa1253cd97c8d123503a1db/element/f285cbe1-d2b8-4c02-ac06-29ea5ce1e350/name'
20:39:47.414 [AsyncHttpClient-1-10] DEBUG org.asynchttpclient.netty.handler.HttpHandler - 

Request DefaultFullHttpRequest(decodeResult: success, version: HTTP/1.1, content: EmptyByteBufBE)
GET /session/a8eebbb52fa1253cd97c8d123503a1db/element/f285cbe1-d2b8-4c02-ac06-29ea5ce1e350/name HTTP/1.1
User-Agent: selenium/4.1.2 (java windows)
Cache-Control: no-cache
Content-Type: application/json; charset=utf-8
host: localhost:63076
accept: */*

Response DefaultHttpResponse(decodeResult: success, version: HTTP/1.1)
HTTP/1.1 200 OK
Content-Type: application/json; charset=utf-8
cache-control: no-cache
content-length: 16

20:39:47.414 [AsyncHttpClient-1-10] DEBUG org.asynchttpclient.netty.channel.ChannelManager - Adding key: http://localhost:63076 for channel [id: 0x00ade3fb, L:/127.0.0.1:50165 - R:localhost/127.0.0.1:63076]
20:39:47.416 [Forwarding getElementTagName on session a8eebbb52fa1253cd97c8d123503a1db to remote] DEBUG org.asynchttpclient.netty.request.NettyRequestSender - Using pooled Channel '[id: 0x00ade3fb, L:/127.0.0.1:50165 - R:localhost/127.0.0.1:63076]' for 'GET' to 'http://localhost:63076/session/a8eebbb52fa1253cd97c8d123503a1db/element/f285cbe1-d2b8-4c02-ac06-29ea5ce1e350/name'
20:39:47.416 [Forwarding getElementTagName on session a8eebbb52fa1253cd97c8d123503a1db to remote] DEBUG org.asynchttpclient.netty.request.NettyRequestSender - Using open Channel [id: 0x00ade3fb, L:/127.0.0.1:50165 - R:localhost/127.0.0.1:63076] for GET '/session/a8eebbb52fa1253cd97c8d123503a1db/element/f285cbe1-d2b8-4c02-ac06-29ea5ce1e350/name'
20:39:47.420 [AsyncHttpClient-1-10] DEBUG org.asynchttpclient.netty.handler.HttpHandler - 

Request DefaultFullHttpRequest(decodeResult: success, version: HTTP/1.1, content: EmptyByteBufBE)
GET /session/a8eebbb52fa1253cd97c8d123503a1db/element/f285cbe1-d2b8-4c02-ac06-29ea5ce1e350/name HTTP/1.1
User-Agent: selenium/4.1.2 (java windows)
Cache-Control: no-cache
Content-Type: application/json; charset=utf-8
host: localhost:63076
accept: */*

Response DefaultHttpResponse(decodeResult: success, version: HTTP/1.1)
HTTP/1.1 200 OK
Content-Type: application/json; charset=utf-8
cache-control: no-cache
content-length: 16

20:39:47.421 [AsyncHttpClient-1-10] DEBUG org.asynchttpclient.netty.channel.ChannelManager - Adding key: http://localhost:63076 for channel [id: 0x00ade3fb, L:/127.0.0.1:50165 - R:localhost/127.0.0.1:63076]
20:39:47.423 [Forwarding findElement on session a8eebbb52fa1253cd97c8d123503a1db to remote] DEBUG org.asynchttpclient.netty.request.NettyRequestSender - Using pooled Channel '[id: 0x00ade3fb, L:/127.0.0.1:50165 - R:localhost/127.0.0.1:63076]' for 'POST' to 'http://localhost:63076/session/a8eebbb52fa1253cd97c8d123503a1db/element'
20:39:47.423 [Forwarding findElement on session a8eebbb52fa1253cd97c8d123503a1db to remote] DEBUG org.asynchttpclient.netty.request.NettyRequestSender - Using open Channel [id: 0x00ade3fb, L:/127.0.0.1:50165 - R:localhost/127.0.0.1:63076] for POST '/session/a8eebbb52fa1253cd97c8d123503a1db/element'
20:39:47.435 [AsyncHttpClient-1-10] DEBUG org.asynchttpclient.netty.handler.HttpHandler - 

Request DefaultHttpRequest(decodeResult: success, version: HTTP/1.1)
POST /session/a8eebbb52fa1253cd97c8d123503a1db/element HTTP/1.1
User-Agent: selenium/4.1.2 (java windows)
Content-Length: 94
Content-Type: application/json; charset=utf-8
host: localhost:63076
accept: */*

Response DefaultHttpResponse(decodeResult: success, version: HTTP/1.1)
HTTP/1.1 200 OK
Content-Type: application/json; charset=utf-8
cache-control: no-cache
content-length: 88

20:39:47.435 [AsyncHttpClient-1-10] DEBUG org.asynchttpclient.netty.channel.ChannelManager - Adding key: http://localhost:63076 for channel [id: 0x00ade3fb, L:/127.0.0.1:50165 - R:localhost/127.0.0.1:63076]
20:39:47.437 [Forwarding clickElement on session a8eebbb52fa1253cd97c8d123503a1db to remote] DEBUG org.asynchttpclient.netty.request.NettyRequestSender - Using pooled Channel '[id: 0x00ade3fb, L:/127.0.0.1:50165 - R:localhost/127.0.0.1:63076]' for 'POST' to 'http://localhost:63076/session/a8eebbb52fa1253cd97c8d123503a1db/element/f285cbe1-d2b8-4c02-ac06-29ea5ce1e350/click'
20:39:47.437 [Forwarding clickElement on session a8eebbb52fa1253cd97c8d123503a1db to remote] DEBUG org.asynchttpclient.netty.request.NettyRequestSender - Using open Channel [id: 0x00ade3fb, L:/127.0.0.1:50165 - R:localhost/127.0.0.1:63076] for POST '/session/a8eebbb52fa1253cd97c8d123503a1db/element/f285cbe1-d2b8-4c02-ac06-29ea5ce1e350/click'
20:39:47.549 [AsyncHttpClient-1-10] DEBUG org.asynchttpclient.netty.handler.HttpHandler - 

Request DefaultHttpRequest(decodeResult: success, version: HTTP/1.1)
POST /session/a8eebbb52fa1253cd97c8d123503a1db/element/f285cbe1-d2b8-4c02-ac06-29ea5ce1e350/click HTTP/1.1
User-Agent: selenium/4.1.2 (java windows)
Content-Length: 50
Content-Type: application/json; charset=utf-8
host: localhost:63076
accept: */*

Response DefaultHttpResponse(decodeResult: success, version: HTTP/1.1)
HTTP/1.1 200 OK
Content-Type: application/json; charset=utf-8
cache-control: no-cache
content-length: 14

20:39:47.550 [AsyncHttpClient-1-10] DEBUG org.asynchttpclient.netty.channel.ChannelManager - Adding key: http://localhost:63076 for channel [id: 0x00ade3fb, L:/127.0.0.1:50165 - R:localhost/127.0.0.1:63076]
20:39:47.563 [Forwarding findElement on session a8eebbb52fa1253cd97c8d123503a1db to remote] DEBUG org.asynchttpclient.netty.request.NettyRequestSender - Using pooled Channel '[id: 0x00ade3fb, L:/127.0.0.1:50165 - R:localhost/127.0.0.1:63076]' for 'POST' to 'http://localhost:63076/session/a8eebbb52fa1253cd97c8d123503a1db/element'
20:39:47.563 [Forwarding findElement on session a8eebbb52fa1253cd97c8d123503a1db to remote] DEBUG org.asynchttpclient.netty.request.NettyRequestSender - Using open Channel [id: 0x00ade3fb, L:/127.0.0.1:50165 - R:localhost/127.0.0.1:63076] for POST '/session/a8eebbb52fa1253cd97c8d123503a1db/element'
20:39:47.593 [AsyncHttpClient-1-10] DEBUG org.asynchttpclient.netty.handler.HttpHandler - 

Request DefaultHttpRequest(decodeResult: success, version: HTTP/1.1)
POST /session/a8eebbb52fa1253cd97c8d123503a1db/element HTTP/1.1
User-Agent: selenium/4.1.2 (java windows)
Content-Length: 88
Content-Type: application/json; charset=utf-8
host: localhost:63076
accept: */*

Response DefaultHttpResponse(decodeResult: success, version: HTTP/1.1)
HTTP/1.1 200 OK
Content-Type: application/json; charset=utf-8
cache-control: no-cache
content-length: 88

20:39:47.593 [AsyncHttpClient-1-10] DEBUG org.asynchttpclient.netty.channel.ChannelManager - Adding key: http://localhost:63076 for channel [id: 0x00ade3fb, L:/127.0.0.1:50165 - R:localhost/127.0.0.1:63076]
20:39:47.596 [Forwarding getElementTagName on session a8eebbb52fa1253cd97c8d123503a1db to remote] DEBUG org.asynchttpclient.netty.request.NettyRequestSender - Using pooled Channel '[id: 0x00ade3fb, L:/127.0.0.1:50165 - R:localhost/127.0.0.1:63076]' for 'GET' to 'http://localhost:63076/session/a8eebbb52fa1253cd97c8d123503a1db/element/4866dc3b-8a16-42fc-bb95-05727f99a006/name'
20:39:47.596 [Forwarding getElementTagName on session a8eebbb52fa1253cd97c8d123503a1db to remote] DEBUG org.asynchttpclient.netty.request.NettyRequestSender - Using open Channel [id: 0x00ade3fb, L:/127.0.0.1:50165 - R:localhost/127.0.0.1:63076] for GET '/session/a8eebbb52fa1253cd97c8d123503a1db/element/4866dc3b-8a16-42fc-bb95-05727f99a006/name'
20:39:47.608 [AsyncHttpClient-1-10] DEBUG org.asynchttpclient.netty.handler.HttpHandler - 

Request DefaultFullHttpRequest(decodeResult: success, version: HTTP/1.1, content: EmptyByteBufBE)
GET /session/a8eebbb52fa1253cd97c8d123503a1db/element/4866dc3b-8a16-42fc-bb95-05727f99a006/name HTTP/1.1
User-Agent: selenium/4.1.2 (java windows)
Cache-Control: no-cache
Content-Type: application/json; charset=utf-8
host: localhost:63076
accept: */*

Response DefaultHttpResponse(decodeResult: success, version: HTTP/1.1)
HTTP/1.1 200 OK
Content-Type: application/json; charset=utf-8
cache-control: no-cache
content-length: 13

20:39:47.608 [AsyncHttpClient-1-10] DEBUG org.asynchttpclient.netty.channel.ChannelManager - Adding key: http://localhost:63076 for channel [id: 0x00ade3fb, L:/127.0.0.1:50165 - R:localhost/127.0.0.1:63076]
20:39:47.612 [Forwarding getElementTagName on session a8eebbb52fa1253cd97c8d123503a1db to remote] DEBUG org.asynchttpclient.netty.request.NettyRequestSender - Using pooled Channel '[id: 0x00ade3fb, L:/127.0.0.1:50165 - R:localhost/127.0.0.1:63076]' for 'GET' to 'http://localhost:63076/session/a8eebbb52fa1253cd97c8d123503a1db/element/4866dc3b-8a16-42fc-bb95-05727f99a006/name'
20:39:47.612 [Forwarding getElementTagName on session a8eebbb52fa1253cd97c8d123503a1db to remote] DEBUG org.asynchttpclient.netty.request.NettyRequestSender - Using open Channel [id: 0x00ade3fb, L:/127.0.0.1:50165 - R:localhost/127.0.0.1:63076] for GET '/session/a8eebbb52fa1253cd97c8d123503a1db/element/4866dc3b-8a16-42fc-bb95-05727f99a006/name'
20:39:47.620 [AsyncHttpClient-1-10] DEBUG org.asynchttpclient.netty.handler.HttpHandler - 

Request DefaultFullHttpRequest(decodeResult: success, version: HTTP/1.1, content: EmptyByteBufBE)
GET /session/a8eebbb52fa1253cd97c8d123503a1db/element/4866dc3b-8a16-42fc-bb95-05727f99a006/name HTTP/1.1
User-Agent: selenium/4.1.2 (java windows)
Cache-Control: no-cache
Content-Type: application/json; charset=utf-8
host: localhost:63076
accept: */*

Response DefaultHttpResponse(decodeResult: success, version: HTTP/1.1)
HTTP/1.1 200 OK
Content-Type: application/json; charset=utf-8
cache-control: no-cache
content-length: 13

20:39:47.620 [AsyncHttpClient-1-10] DEBUG org.asynchttpclient.netty.channel.ChannelManager - Adding key: http://localhost:63076 for channel [id: 0x00ade3fb, L:/127.0.0.1:50165 - R:localhost/127.0.0.1:63076]
20:39:47.622 [Forwarding findElement on session a8eebbb52fa1253cd97c8d123503a1db to remote] DEBUG org.asynchttpclient.netty.request.NettyRequestSender - Using pooled Channel '[id: 0x00ade3fb, L:/127.0.0.1:50165 - R:localhost/127.0.0.1:63076]' for 'POST' to 'http://localhost:63076/session/a8eebbb52fa1253cd97c8d123503a1db/element'
20:39:47.622 [Forwarding findElement on session a8eebbb52fa1253cd97c8d123503a1db to remote] DEBUG org.asynchttpclient.netty.request.NettyRequestSender - Using open Channel [id: 0x00ade3fb, L:/127.0.0.1:50165 - R:localhost/127.0.0.1:63076] for POST '/session/a8eebbb52fa1253cd97c8d123503a1db/element'
20:39:47.635 [AsyncHttpClient-1-10] DEBUG org.asynchttpclient.netty.handler.HttpHandler - 

Request DefaultHttpRequest(decodeResult: success, version: HTTP/1.1)
POST /session/a8eebbb52fa1253cd97c8d123503a1db/element HTTP/1.1
User-Agent: selenium/4.1.2 (java windows)
Content-Length: 88
Content-Type: application/json; charset=utf-8
host: localhost:63076
accept: */*

Response DefaultHttpResponse(decodeResult: success, version: HTTP/1.1)
HTTP/1.1 200 OK
Content-Type: application/json; charset=utf-8
cache-control: no-cache
content-length: 88

20:39:47.636 [AsyncHttpClient-1-10] DEBUG org.asynchttpclient.netty.channel.ChannelManager - Adding key: http://localhost:63076 for channel [id: 0x00ade3fb, L:/127.0.0.1:50165 - R:localhost/127.0.0.1:63076]
20:39:47.637 [Forwarding clickElement on session a8eebbb52fa1253cd97c8d123503a1db to remote] DEBUG org.asynchttpclient.netty.request.NettyRequestSender - Using pooled Channel '[id: 0x00ade3fb, L:/127.0.0.1:50165 - R:localhost/127.0.0.1:63076]' for 'POST' to 'http://localhost:63076/session/a8eebbb52fa1253cd97c8d123503a1db/element/4866dc3b-8a16-42fc-bb95-05727f99a006/click'
20:39:47.637 [Forwarding clickElement on session a8eebbb52fa1253cd97c8d123503a1db to remote] DEBUG org.asynchttpclient.netty.request.NettyRequestSender - Using open Channel [id: 0x00ade3fb, L:/127.0.0.1:50165 - R:localhost/127.0.0.1:63076] for POST '/session/a8eebbb52fa1253cd97c8d123503a1db/element/4866dc3b-8a16-42fc-bb95-05727f99a006/click'
20:39:47.728 [AsyncHttpClient-1-10] DEBUG org.asynchttpclient.netty.handler.HttpHandler - 

Request DefaultHttpRequest(decodeResult: success, version: HTTP/1.1)
POST /session/a8eebbb52fa1253cd97c8d123503a1db/element/4866dc3b-8a16-42fc-bb95-05727f99a006/click HTTP/1.1
User-Agent: selenium/4.1.2 (java windows)
Content-Length: 50
Content-Type: application/json; charset=utf-8
host: localhost:63076
accept: */*

Response DefaultHttpResponse(decodeResult: success, version: HTTP/1.1)
HTTP/1.1 200 OK
Content-Type: application/json; charset=utf-8
cache-control: no-cache
content-length: 14

20:39:47.728 [AsyncHttpClient-1-10] DEBUG org.asynchttpclient.netty.channel.ChannelManager - Adding key: http://localhost:63076 for channel [id: 0x00ade3fb, L:/127.0.0.1:50165 - R:localhost/127.0.0.1:63076]
  &amp#27;[32mAnd &amp#27;[0m&amp#27;[32mI am in my filled cart page&amp#27;[0m              &amp#27;[90m# starter.stepdefinitions.TransactionSteps.iAmInMyFilledCartPage()&amp#27;[0m
20:39:47.742 [Forwarding screenshot on session a8eebbb52fa1253cd97c8d123503a1db to remote] DEBUG org.asynchttpclient.netty.request.NettyRequestSender - Using pooled Channel '[id: 0x00ade3fb, L:/127.0.0.1:50165 - R:localhost/127.0.0.1:63076]' for 'GET' to 'http://localhost:63076/session/a8eebbb52fa1253cd97c8d123503a1db/screenshot'
20:39:47.742 [Forwarding screenshot on session a8eebbb52fa1253cd97c8d123503a1db to remote] DEBUG org.asynchttpclient.netty.request.NettyRequestSender - Using open Channel [id: 0x00ade3fb, L:/127.0.0.1:50165 - R:localhost/127.0.0.1:63076] for GET '/session/a8eebbb52fa1253cd97c8d123503a1db/screenshot'
20:39:47.884 [AsyncHttpClient-1-1] DEBUG org.asynchttpclient.netty.channel.DefaultChannelPool - Entry count for : http://localhost:50166 : 1
20:39:48.184 [AsyncHttpClient-1-10] DEBUG org.asynchttpclient.netty.handler.HttpHandler - 

Request DefaultFullHttpRequest(decodeResult: success, version: HTTP/1.1, content: EmptyByteBufBE)
GET /session/a8eebbb52fa1253cd97c8d123503a1db/screenshot HTTP/1.1
User-Agent: selenium/4.1.2 (java windows)
Cache-Control: no-cache
Content-Type: application/json; charset=utf-8
host: localhost:63076
accept: */*

Response DefaultHttpResponse(decodeResult: success, version: HTTP/1.1)
HTTP/1.1 200 OK
Content-Type: application/json; charset=utf-8
cache-control: no-cache
content-length: 60496

20:39:48.185 [AsyncHttpClient-1-10] DEBUG org.asynchttpclient.netty.channel.ChannelManager - Adding key: http://localhost:63076 for channel [id: 0x00ade3fb, L:/127.0.0.1:50165 - R:localhost/127.0.0.1:63076]
20:39:48.189 [main] DEBUG net.serenitybdd.core.photography.Darkroom - Send negative for processing for target\site\serenity\aa0948feb470d1e7fa7ad00c6eb23a9bd45237769f0d038c0505c3eb0fc5d0d8.png
20:39:48.190 [Darkroom Processing Line] DEBUG net.serenitybdd.core.photography.DarkroomProcessingLine - Processing screenshot image in /var/screenshots/screenshot-7647116720556658935
20:39:48.190 [Darkroom Processing Line] DEBUG net.serenitybdd.core.photography.DarkroomProcessingLine - Saving screenshot to target\site\serenity\aa0948feb470d1e7fa7ad00c6eb23a9bd45237769f0d038c0505c3eb0fc5d0d8.png
20:39:48.206 [Forwarding findElement on session a8eebbb52fa1253cd97c8d123503a1db to remote] DEBUG org.asynchttpclient.netty.request.NettyRequestSender - Using pooled Channel '[id: 0x00ade3fb, L:/127.0.0.1:50165 - R:localhost/127.0.0.1:63076]' for 'POST' to 'http://localhost:63076/session/a8eebbb52fa1253cd97c8d123503a1db/element'
20:39:48.206 [Forwarding findElement on session a8eebbb52fa1253cd97c8d123503a1db to remote] DEBUG org.asynchttpclient.netty.request.NettyRequestSender - Using open Channel [id: 0x00ade3fb, L:/127.0.0.1:50165 - R:localhost/127.0.0.1:63076] for POST '/session/a8eebbb52fa1253cd97c8d123503a1db/element'
20:39:48.224 [AsyncHttpClient-1-10] DEBUG org.asynchttpclient.netty.handler.HttpHandler - 

Request DefaultHttpRequest(decodeResult: success, version: HTTP/1.1)
POST /session/a8eebbb52fa1253cd97c8d123503a1db/element HTTP/1.1
User-Agent: selenium/4.1.2 (java windows)
Content-Length: 92
Content-Type: application/json; charset=utf-8
host: localhost:63076
accept: */*

Response DefaultHttpResponse(decodeResult: success, version: HTTP/1.1)
HTTP/1.1 200 OK
Content-Type: application/json; charset=utf-8
cache-control: no-cache
content-length: 88

20:39:48.224 [AsyncHttpClient-1-10] DEBUG org.asynchttpclient.netty.channel.ChannelManager - Adding key: http://localhost:63076 for channel [id: 0x00ade3fb, L:/127.0.0.1:50165 - R:localhost/127.0.0.1:63076]
20:39:48.226 [Forwarding getElementTagName on session a8eebbb52fa1253cd97c8d123503a1db to remote] DEBUG org.asynchttpclient.netty.request.NettyRequestSender - Using pooled Channel '[id: 0x00ade3fb, L:/127.0.0.1:50165 - R:localhost/127.0.0.1:63076]' for 'GET' to 'http://localhost:63076/session/a8eebbb52fa1253cd97c8d123503a1db/element/6cf0a8cb-9a3b-40e5-b767-9bfa8e2f413c/name'
20:39:48.226 [Forwarding getElementTagName on session a8eebbb52fa1253cd97c8d123503a1db to remote] DEBUG org.asynchttpclient.netty.request.NettyRequestSender - Using open Channel [id: 0x00ade3fb, L:/127.0.0.1:50165 - R:localhost/127.0.0.1:63076] for GET '/session/a8eebbb52fa1253cd97c8d123503a1db/element/6cf0a8cb-9a3b-40e5-b767-9bfa8e2f413c/name'
20:39:48.233 [AsyncHttpClient-1-10] DEBUG org.asynchttpclient.netty.handler.HttpHandler - 

Request DefaultFullHttpRequest(decodeResult: success, version: HTTP/1.1, content: EmptyByteBufBE)
GET /session/a8eebbb52fa1253cd97c8d123503a1db/element/6cf0a8cb-9a3b-40e5-b767-9bfa8e2f413c/name HTTP/1.1
User-Agent: selenium/4.1.2 (java windows)
Cache-Control: no-cache
Content-Type: application/json; charset=utf-8
host: localhost:63076
accept: */*

Response DefaultHttpResponse(decodeResult: success, version: HTTP/1.1)
HTTP/1.1 200 OK
Content-Type: application/json; charset=utf-8
cache-control: no-cache
content-length: 16

20:39:48.233 [AsyncHttpClient-1-10] DEBUG org.asynchttpclient.netty.channel.ChannelManager - Adding key: http://localhost:63076 for channel [id: 0x00ade3fb, L:/127.0.0.1:50165 - R:localhost/127.0.0.1:63076]
20:39:48.234 [Forwarding getElementTagName on session a8eebbb52fa1253cd97c8d123503a1db to remote] DEBUG org.asynchttpclient.netty.request.NettyRequestSender - Using pooled Channel '[id: 0x00ade3fb, L:/127.0.0.1:50165 - R:localhost/127.0.0.1:63076]' for 'GET' to 'http://localhost:63076/session/a8eebbb52fa1253cd97c8d123503a1db/element/6cf0a8cb-9a3b-40e5-b767-9bfa8e2f413c/name'
20:39:48.234 [Forwarding getElementTagName on session a8eebbb52fa1253cd97c8d123503a1db to remote] DEBUG org.asynchttpclient.netty.request.NettyRequestSender - Using open Channel [id: 0x00ade3fb, L:/127.0.0.1:50165 - R:localhost/127.0.0.1:63076] for GET '/session/a8eebbb52fa1253cd97c8d123503a1db/element/6cf0a8cb-9a3b-40e5-b767-9bfa8e2f413c/name'
20:39:48.239 [AsyncHttpClient-1-10] DEBUG org.asynchttpclient.netty.handler.HttpHandler - 

Request DefaultFullHttpRequest(decodeResult: success, version: HTTP/1.1, content: EmptyByteBufBE)
GET /session/a8eebbb52fa1253cd97c8d123503a1db/element/6cf0a8cb-9a3b-40e5-b767-9bfa8e2f413c/name HTTP/1.1
User-Agent: selenium/4.1.2 (java windows)
Cache-Control: no-cache
Content-Type: application/json; charset=utf-8
host: localhost:63076
accept: */*

Response DefaultHttpResponse(decodeResult: success, version: HTTP/1.1)
HTTP/1.1 200 OK
Content-Type: application/json; charset=utf-8
cache-control: no-cache
content-length: 16

20:39:48.239 [AsyncHttpClient-1-10] DEBUG org.asynchttpclient.netty.channel.ChannelManager - Adding key: http://localhost:63076 for channel [id: 0x00ade3fb, L:/127.0.0.1:50165 - R:localhost/127.0.0.1:63076]
20:39:48.241 [Forwarding findElement on session a8eebbb52fa1253cd97c8d123503a1db to remote] DEBUG org.asynchttpclient.netty.request.NettyRequestSender - Using pooled Channel '[id: 0x00ade3fb, L:/127.0.0.1:50165 - R:localhost/127.0.0.1:63076]' for 'POST' to 'http://localhost:63076/session/a8eebbb52fa1253cd97c8d123503a1db/element'
20:39:48.242 [Forwarding findElement on session a8eebbb52fa1253cd97c8d123503a1db to remote] DEBUG org.asynchttpclient.netty.request.NettyRequestSender - Using open Channel [id: 0x00ade3fb, L:/127.0.0.1:50165 - R:localhost/127.0.0.1:63076] for POST '/session/a8eebbb52fa1253cd97c8d123503a1db/element'
20:39:48.250 [AsyncHttpClient-1-10] DEBUG org.asynchttpclient.netty.handler.HttpHandler - 

Request DefaultHttpRequest(decodeResult: success, version: HTTP/1.1)
POST /session/a8eebbb52fa1253cd97c8d123503a1db/element HTTP/1.1
User-Agent: selenium/4.1.2 (java windows)
Content-Length: 92
Content-Type: application/json; charset=utf-8
host: localhost:63076
accept: */*

Response DefaultHttpResponse(decodeResult: success, version: HTTP/1.1)
HTTP/1.1 200 OK
Content-Type: application/json; charset=utf-8
cache-control: no-cache
content-length: 88

20:39:48.250 [AsyncHttpClient-1-10] DEBUG org.asynchttpclient.netty.channel.ChannelManager - Adding key: http://localhost:63076 for channel [id: 0x00ade3fb, L:/127.0.0.1:50165 - R:localhost/127.0.0.1:63076]
20:39:48.252 [Forwarding clickElement on session a8eebbb52fa1253cd97c8d123503a1db to remote] DEBUG org.asynchttpclient.netty.request.NettyRequestSender - Using pooled Channel '[id: 0x00ade3fb, L:/127.0.0.1:50165 - R:localhost/127.0.0.1:63076]' for 'POST' to 'http://localhost:63076/session/a8eebbb52fa1253cd97c8d123503a1db/element/6cf0a8cb-9a3b-40e5-b767-9bfa8e2f413c/click'
20:39:48.252 [Forwarding clickElement on session a8eebbb52fa1253cd97c8d123503a1db to remote] DEBUG org.asynchttpclient.netty.request.NettyRequestSender - Using open Channel [id: 0x00ade3fb, L:/127.0.0.1:50165 - R:localhost/127.0.0.1:63076] for POST '/session/a8eebbb52fa1253cd97c8d123503a1db/element/6cf0a8cb-9a3b-40e5-b767-9bfa8e2f413c/click'
20:39:48.305 [AsyncHttpClient-1-10] DEBUG org.asynchttpclient.netty.handler.HttpHandler - 

Request DefaultHttpRequest(decodeResult: success, version: HTTP/1.1)
POST /session/a8eebbb52fa1253cd97c8d123503a1db/element/6cf0a8cb-9a3b-40e5-b767-9bfa8e2f413c/click HTTP/1.1
User-Agent: selenium/4.1.2 (java windows)
Content-Length: 50
Content-Type: application/json; charset=utf-8
host: localhost:63076
accept: */*

Response DefaultHttpResponse(decodeResult: success, version: HTTP/1.1)
HTTP/1.1 200 OK
Content-Type: application/json; charset=utf-8
cache-control: no-cache
content-length: 14

20:39:48.306 [AsyncHttpClient-1-10] DEBUG org.asynchttpclient.netty.channel.ChannelManager - Adding key: http://localhost:63076 for channel [id: 0x00ade3fb, L:/127.0.0.1:50165 - R:localhost/127.0.0.1:63076]
  &amp#27;[32mWhen &amp#27;[0m&amp#27;[32mI click pay button&amp#27;[0m                      &amp#27;[90m# starter.stepdefinitions.TransactionSteps.iClickPayButton()&amp#27;[0m
20:39:48.315 [Forwarding screenshot on session a8eebbb52fa1253cd97c8d123503a1db to remote] DEBUG org.asynchttpclient.netty.request.NettyRequestSender - Using pooled Channel '[id: 0x00ade3fb, L:/127.0.0.1:50165 - R:localhost/127.0.0.1:63076]' for 'GET' to 'http://localhost:63076/session/a8eebbb52fa1253cd97c8d123503a1db/screenshot'
20:39:48.315 [Forwarding screenshot on session a8eebbb52fa1253cd97c8d123503a1db to remote] DEBUG org.asynchttpclient.netty.request.NettyRequestSender - Using open Channel [id: 0x00ade3fb, L:/127.0.0.1:50165 - R:localhost/127.0.0.1:63076] for GET '/session/a8eebbb52fa1253cd97c8d123503a1db/screenshot'
20:39:48.658 [AsyncHttpClient-1-10] DEBUG org.asynchttpclient.netty.handler.HttpHandler - 

Request DefaultFullHttpRequest(decodeResult: success, version: HTTP/1.1, content: EmptyByteBufBE)
GET /session/a8eebbb52fa1253cd97c8d123503a1db/screenshot HTTP/1.1
User-Agent: selenium/4.1.2 (java windows)
Cache-Control: no-cache
Content-Type: application/json; charset=utf-8
host: localhost:63076
accept: */*

Response DefaultHttpResponse(decodeResult: success, version: HTTP/1.1)
HTTP/1.1 200 OK
Content-Type: application/json; charset=utf-8
cache-control: no-cache
content-length: 46096

20:39:48.658 [AsyncHttpClient-1-10] DEBUG org.asynchttpclient.netty.channel.ChannelManager - Adding key: http://localhost:63076 for channel [id: 0x00ade3fb, L:/127.0.0.1:50165 - R:localhost/127.0.0.1:63076]
20:39:48.660 [main] DEBUG net.serenitybdd.core.photography.Darkroom - Send negative for processing for target\site\serenity\c34d68937fd011c2e8c93b2eeeec2daeacf8e51d1d1e49347cbcbea6d766974b.png
20:39:48.661 [Darkroom Processing Line] DEBUG net.serenitybdd.core.photography.DarkroomProcessingLine - Processing screenshot image in /var/screenshots/screenshot-6583628669008107890
20:39:48.661 [Darkroom Processing Line] DEBUG net.serenitybdd.core.photography.DarkroomProcessingLine - Saving screenshot to target\site\serenity\c34d68937fd011c2e8c93b2eeeec2daeacf8e51d1d1e49347cbcbea6d766974b.png
20:39:48.667 [Forwarding findElement on session a8eebbb52fa1253cd97c8d123503a1db to remote] DEBUG org.asynchttpclient.netty.request.NettyRequestSender - Using pooled Channel '[id: 0x00ade3fb, L:/127.0.0.1:50165 - R:localhost/127.0.0.1:63076]' for 'POST' to 'http://localhost:63076/session/a8eebbb52fa1253cd97c8d123503a1db/element'
20:39:48.667 [Forwarding findElement on session a8eebbb52fa1253cd97c8d123503a1db to remote] DEBUG org.asynchttpclient.netty.request.NettyRequestSender - Using open Channel [id: 0x00ade3fb, L:/127.0.0.1:50165 - R:localhost/127.0.0.1:63076] for POST '/session/a8eebbb52fa1253cd97c8d123503a1db/element'
20:39:48.679 [AsyncHttpClient-1-10] DEBUG org.asynchttpclient.netty.handler.HttpHandler - 

Request DefaultHttpRequest(decodeResult: success, version: HTTP/1.1)
POST /session/a8eebbb52fa1253cd97c8d123503a1db/element HTTP/1.1
User-Agent: selenium/4.1.2 (java windows)
Content-Length: 74
Content-Type: application/json; charset=utf-8
host: localhost:63076
accept: */*

Response DefaultHttpResponse(decodeResult: success, version: HTTP/1.1)
HTTP/1.1 200 OK
Content-Type: application/json; charset=utf-8
cache-control: no-cache
content-length: 88

20:39:48.679 [AsyncHttpClient-1-10] DEBUG org.asynchttpclient.netty.channel.ChannelManager - Adding key: http://localhost:63076 for channel [id: 0x00ade3fb, L:/127.0.0.1:50165 - R:localhost/127.0.0.1:63076]
20:39:48.681 [Forwarding isElementDisplayed on session a8eebbb52fa1253cd97c8d123503a1db to remote] DEBUG org.asynchttpclient.netty.request.NettyRequestSender - Using pooled Channel '[id: 0x00ade3fb, L:/127.0.0.1:50165 - R:localhost/127.0.0.1:63076]' for 'POST' to 'http://localhost:63076/session/a8eebbb52fa1253cd97c8d123503a1db/execute/sync'
20:39:48.682 [Forwarding isElementDisplayed on session a8eebbb52fa1253cd97c8d123503a1db to remote] DEBUG org.asynchttpclient.netty.request.NettyRequestSender - Using open Channel [id: 0x00ade3fb, L:/127.0.0.1:50165 - R:localhost/127.0.0.1:63076] for POST '/session/a8eebbb52fa1253cd97c8d123503a1db/execute/sync'
20:39:48.696 [AsyncHttpClient-1-10] DEBUG org.asynchttpclient.netty.handler.HttpHandler - 

Request DefaultHttpRequest(decodeResult: success, version: HTTP/1.1)
POST /session/a8eebbb52fa1253cd97c8d123503a1db/execute/sync HTTP/1.1
User-Agent: selenium/4.1.2 (java windows)
Content-Length: 48780
Content-Type: application/json; charset=utf-8
host: localhost:63076
accept: */*

Response DefaultHttpResponse(decodeResult: success, version: HTTP/1.1)
HTTP/1.1 200 OK
Content-Type: application/json; charset=utf-8
cache-control: no-cache
content-length: 14

20:39:48.696 [AsyncHttpClient-1-10] DEBUG org.asynchttpclient.netty.channel.ChannelManager - Adding key: http://localhost:63076 for channel [id: 0x00ade3fb, L:/127.0.0.1:50165 - R:localhost/127.0.0.1:63076]
  &amp#27;[32mThen &amp#27;[0m&amp#27;[32mI get redirected to my transaction list&amp#27;[0m &amp#27;[90m# starter.stepdefinitions.TransactionSteps.iGetRedirectedToMyTransactionList()&amp#27;[0m
20:39:48.700 [main] INFO  - 
  _____   ___   ___   _____     ___     _     ___   ___   ___   ___  
 |_   _| | __| / __| |_   _|   | _ \   /_\   / __| / __| | __| |   \ 
   | |   | _|  \__ \   | |     |  _/  / _ \  \__ \ \__ \ | _|  | |) |
   |_|   |___| |___/   |_|     |_|   /_/ \_\ |___/ |___/ |___| |___/ 

Pay Products as logged in user
----------------------------------------------------------------------
20:39:48.701 [AsyncHttpClient-1-12] DEBUG org.asynchttpclient.netty.handler.WebSocketHandler - Channel Closed: [id: 0xd92b2a58, L:/127.0.0.1:50175 ! R:localhost/127.0.0.1:50166] with attribute NettyResponseFuture{currentRetry=5,
	isDone=1,
	isCancelled=0,
	asyncHandler=org.asynchttpclient.ws.WebSocketUpgradeHandler@8ae4959,
	nettyRequest=org.asynchttpclient.netty.request.NettyRequest@10126d51,
	future=java.util.concurrent.CompletableFuture@255f20f0[Completed normally],
	uri=ws://localhost:50166/devtools/browser/7afd8e81-2337-4eb2-bc2d-da120f9a0a92,
	keepAlive=true,
	redirectCount=0,
	timeoutsHolder=null,
	inAuth=0,
	touch=1667223582610}
20:39:48.701 [AsyncHttpClient-1-12] DEBUG org.asynchttpclient.netty.channel.ChannelManager - Closing Channel [id: 0xd92b2a58, L:/127.0.0.1:50175 ! R:localhost/127.0.0.1:50166] 
20:39:48.702 [Driver Command Executor] DEBUG org.asynchttpclient.netty.request.NettyRequestSender - Using pooled Channel '[id: 0x00ade3fb, L:/127.0.0.1:50165 - R:localhost/127.0.0.1:63076]' for 'DELETE' to 'http://localhost:63076/session/a8eebbb52fa1253cd97c8d123503a1db'
20:39:48.702 [Driver Command Executor] DEBUG org.asynchttpclient.netty.request.NettyRequestSender - Using open Channel [id: 0x00ade3fb, L:/127.0.0.1:50165 - R:localhost/127.0.0.1:63076] for DELETE '/session/a8eebbb52fa1253cd97c8d123503a1db'
20:39:48.772 [AsyncHttpClient-1-11] DEBUG org.asynchttpclient.netty.handler.HttpHandler - Unexpected I/O exception on channel [id: 0x849e8689, L:/127.0.0.1:50174 - R:localhost/127.0.0.1:50166]
java.net.SocketException: Connection reset
	at java.base/sun.nio.ch.SocketChannelImpl.throwConnectionReset(SocketChannelImpl.java:345)
	at java.base/sun.nio.ch.SocketChannelImpl.read(SocketChannelImpl.java:376)
	at io.netty.buffer.PooledByteBuf.setBytes(PooledByteBuf.java:258)
	at io.netty.buffer.AbstractByteBuf.writeBytes(AbstractByteBuf.java:1132)
	at io.netty.channel.socket.nio.NioSocketChannel.doReadBytes(NioSocketChannel.java:350)
	at io.netty.channel.nio.AbstractNioByteChannel$NioByteUnsafe.read(AbstractNioByteChannel.java:151)
	at io.netty.channel.nio.NioEventLoop.processSelectedKey(NioEventLoop.java:722)
	at io.netty.channel.nio.NioEventLoop.processSelectedKeysOptimized(NioEventLoop.java:658)
	at io.netty.channel.nio.NioEventLoop.processSelectedKeys(NioEventLoop.java:584)
	at io.netty.channel.nio.NioEventLoop.run(NioEventLoop.java:496)
	at io.netty.util.concurrent.SingleThreadEventExecutor$4.run(SingleThreadEventExecutor.java:986)
	at io.netty.util.internal.ThreadExecutorMap$2.run(ThreadExecutorMap.java:74)
	at io.netty.util.concurrent.FastThreadLocalRunnable.run(FastThreadLocalRunnable.java:30)
	at java.base/java.lang.Thread.run(Thread.java:830)
20:39:48.772 [AsyncHttpClient-1-11] DEBUG org.asynchttpclient.netty.channel.ChannelManager - Closing Channel [id: 0x849e8689, L:/127.0.0.1:50174 - R:localhost/127.0.0.1:50166] 
20:39:48.772 [AsyncHttpClient-1-11] DEBUG org.asynchttpclient.netty.handler.HttpHandler - Channel Closed: [id: 0x849e8689, L:/127.0.0.1:50174 ! R:localhost/127.0.0.1:50166] with attribute DISCARD
20:39:48.803 [AsyncHttpClient-1-10] DEBUG org.asynchttpclient.netty.handler.HttpHandler - 

Request DefaultFullHttpRequest(decodeResult: success, version: HTTP/1.1, content: EmptyByteBufBE)
DELETE /session/a8eebbb52fa1253cd97c8d123503a1db HTTP/1.1
User-Agent: selenium/4.1.2 (java windows)
Content-Type: application/json; charset=utf-8
host: localhost:63076
accept: */*

Response DefaultHttpResponse(decodeResult: success, version: HTTP/1.1)
HTTP/1.1 200 OK
Content-Type: application/json; charset=utf-8
cache-control: no-cache
content-length: 14

20:39:48.803 [AsyncHttpClient-1-10] DEBUG org.asynchttpclient.netty.channel.ChannelManager - Adding key: http://localhost:63076 for channel [id: 0x00ade3fb, L:/127.0.0.1:50165 - R:localhost/127.0.0.1:63076]
20:39:48.931 [AsyncHttpClient-1-10] DEBUG org.asynchttpclient.netty.handler.HttpHandler - Channel Closed: [id: 0x00ade3fb, L:/127.0.0.1:50165 ! R:localhost/127.0.0.1:63076] with attribute DISCARD
20:39:48.982 [AsyncHttpClient-1-1] DEBUG org.asynchttpclient.netty.channel.DefaultChannelPool - Entry count for : http://localhost:63076 : 1
20:39:48.982 [AsyncHttpClient-1-1] DEBUG org.asynchttpclient.netty.channel.DefaultChannelPool - Entry count for : http://localhost:50166 : 1
20:39:48.982 [AsyncHttpClient-1-1] DEBUG org.asynchttpclient.netty.channel.DefaultChannelPool - Adding Candidate expired Channel [id: 0x00ade3fb, L:/127.0.0.1:50165 ! R:localhost/127.0.0.1:63076] isIdleTimeoutExpired=false isRemotelyClosed=true isTtlExpired=false
20:39:48.982 [AsyncHttpClient-1-1] DEBUG org.asynchttpclient.netty.channel.DefaultChannelPool - Closing Idle Channel [id: 0x00ade3fb, L:/127.0.0.1:50165 ! R:localhost/127.0.0.1:63076]
20:39:48.982 [AsyncHttpClient-1-1] DEBUG org.asynchttpclient.netty.channel.DefaultChannelPool - Adding Candidate expired Channel [id: 0x849e8689, L:/127.0.0.1:50174 ! R:localhost/127.0.0.1:50166] isIdleTimeoutExpired=false isRemotelyClosed=true isTtlExpired=false
20:39:48.982 [AsyncHttpClient-1-1] DEBUG org.asynchttpclient.netty.channel.DefaultChannelPool - Closing Idle Channel [id: 0x849e8689, L:/127.0.0.1:50174 ! R:localhost/127.0.0.1:50166]
20:39:48.982 [AsyncHttpClient-1-1] DEBUG org.asynchttpclient.netty.channel.DefaultChannelPool - Closed 2 connections out of 2 in 0 ms
]]></system-out>
    <system-err><![CDATA[Starting ChromeDriver 106.0.5249.61 (511755355844955cd3e264779baf0dd38212a4d0-refs/branch-heads/5249@{#569}) on port 63076
Only local connections are allowed.
Please see https://chromedriver.chromium.org/security-considerations for suggestions on keeping ChromeDriver safe.
ChromeDriver was started successfully.
[1667223581.585][WARNING]: This version of ChromeDriver has not been tested with Chrome version 107.
Oct 31, 2022 8:39:42 PM org.openqa.selenium.remote.ProtocolHandshake createSession
INFO: Detected dialect: W3C
Oct 31, 2022 8:39:42 PM org.openqa.selenium.devtools.CdpVersionFinder findNearestMatch
WARNING: Unable to find an exact match for CDP version 107, so returning the closest version found: a no-op implementation
Oct 31, 2022 8:39:42 PM org.openqa.selenium.devtools.CdpVersionFinder findNearestMatch
INFO: Unable to find CDP implementation matching 107.
Oct 31, 2022 8:39:42 PM org.openqa.selenium.chromium.ChromiumDriver lambda$new$3
WARNING: Unable to find version of CDP to use for . You may need to include a dependency on a specific version of the CDP using something similar to `org.seleniumhq.selenium:selenium-devtools-v86:4.1.2` where the version ("v86") matches the version of the chromium-based browser you're using and the version number of the artifact is the same as Selenium's.
]]></system-err>
  </testcase>
  <testcase name="Pay Products as anon user" classname="Transaction" time="0.067">
    <system-out><![CDATA[
Scenario: Pay Products as anon user   &amp#27;[90m# src/test/resources/features/Transaction.feature:12&amp#27;[0m
20:39:49.479 [main] INFO io.cucumber.core.plugin.SerenityReporter - Running feature from file:///C:/Users/ASUS/Desktop/stupen/miniproject/Web/ASWeb/src/test/resources/features/Transaction.feature
20:39:49.481 [main] INFO  - 
  _____   ___   ___   _____     ___   _____     _     ___   _____   ___   ___  
 |_   _| | __| / __| |_   _|   / __| |_   _|   /_\   | _ \ |_   _| | __| |   \ 
   | |   | _|  \__ \   | |     \__ \   | |    / _ \  |   /   | |   | _|  | |) |
   |_|   |___| |___/   |_|     |___/   |_|   /_/ \_\ |_|_\   |_|   |___| |___/ 

Pay Products as anon user(transaction;pay-products-as-anon-user)
--------------------------------------------------------------------------------
  &amp#27;[32mGiven &amp#27;[0m&amp#27;[32mI am in my filled cart page&amp#27;[0m   &amp#27;[90m# starter.stepdefinitions.TransactionSteps.iAmInMyFilledCartPage()&amp#27;[0m
  &amp#27;[32mWhen &amp#27;[0m&amp#27;[32mI click pay button&amp#27;[0m             &amp#27;[90m# starter.stepdefinitions.TransactionSteps.iClickPayButton()&amp#27;[0m
  &amp#27;[32mThen &amp#27;[0m&amp#27;[32mI get redirected to login page&amp#27;[0m &amp#27;[90m# starter.stepdefinitions.TransactionSteps.iGetRedirectedToLoginPage()&amp#27;[0m
20:39:49.536 [main] INFO  - 
  _____   ___   ___   _____     ___     _     ___   ___   ___   ___  
 |_   _| | __| / __| |_   _|   | _ \   /_\   / __| / __| | __| |   \ 
   | |   | _|  \__ \   | |     |  _/  / _ \  \__ \ \__ \ | _|  | |) |
   |_|   |___| |___/   |_|     |_|   /_/ \_\ |___/ |___/ |___| |___/ 

Pay Products as anon user
----------------------------------------------------------------------
]]></system-out>
  </testcase>
  <testcase name="View Transaction List" classname="Transaction" time="6.885">
    <system-out><![CDATA[
Scenario: View Transaction List  &amp#27;[90m# src/test/resources/features/Transaction.feature:17&amp#27;[0m
20:39:49.544 [main] INFO io.cucumber.core.plugin.SerenityReporter - Running feature from file:///C:/Users/ASUS/Desktop/stupen/miniproject/Web/ASWeb/src/test/resources/features/Transaction.feature
20:39:49.547 [main] INFO  - 
  _____   ___   ___   _____     ___   _____     _     ___   _____   ___   ___  
 |_   _| | __| / __| |_   _|   / __| |_   _|   /_\   | _ \ |_   _| | __| |   \ 
   | |   | _|  \__ \   | |     \__ \   | |    / _ \  |   /   | |   | _|  | |) |
   |_|   |___| |___/   |_|     |___/   |_|   /_/ \_\ |_|_\   |_|   |___| |___/ 

View Transaction List(transaction;view-transaction-list)
--------------------------------------------------------------------------------
20:39:49.564 [main] INFO net.serenitybdd.core.webdriver.driverproviders.ChromeDriverProvider - Using automatically driver download
20:39:49.774 [main] DEBUG io.github.bonigarcia.wdm.cache.ResolutionCache - Resolution chrome=107 in cache (valid until 21:37:26 31/10/2022 WIB)
20:39:49.781 [main] DEBUG io.github.bonigarcia.wdm.cache.ResolutionCache - Resolution chrome107=107.0.5304.62 in cache (valid until 19:37:19 01/11/2022 WIB)
20:39:49.786 [main] INFO io.github.bonigarcia.wdm.WebDriverManager - Using chromedriver 107.0.5304.62 (resolved driver for Chrome 107)
20:39:49.813 [main] DEBUG io.github.bonigarcia.wdm.WebDriverManager - Driver chromedriver 107.0.5304.62 found in cache
20:39:49.814 [main] INFO io.github.bonigarcia.wdm.WebDriverManager - Exporting webdriver.chrome.driver as C:\Users\ASUS\.cache\selenium\chromedriver\win32\107.0.5304.62\chromedriver.exe
20:39:50.065 [main] DEBUG net.serenitybdd.core.webdriver.driverproviders.ProvideNewDriver - Instantiating driver
20:39:50.065 [main] DEBUG net.serenitybdd.core.webdriver.driverproviders.ProvideNewDriver - Driver capabilities: Capabilities {acceptInsecureCerts: false, base.url: https://alta-shop.vercel.app/, browserName: chrome, chrome.driver: src/test/resources/webdrive..., driver: chrome, goog:chromeOptions: {args: [], extensions: []}, wait.for.timeout: 10000}
20:39:50.642 [AsyncHttpClient-1-13] DEBUG org.asynchttpclient.netty.channel.NettyConnectListener - Using new Channel '[id: 0xcd4c90db, L:/127.0.0.1:50197 - R:localhost/127.0.0.1:50202]' for 'POST' to '/session'
20:39:51.952 [AsyncHttpClient-1-13] DEBUG org.asynchttpclient.netty.handler.HttpHandler - 

Request DefaultHttpRequest(decodeResult: success, version: HTTP/1.1)
POST /session HTTP/1.1
User-Agent: selenium/4.1.2 (java windows)
Content-Length: 646
Content-Type: application/json; charset=utf-8
host: localhost:50202
accept: */*

Response DefaultHttpResponse(decodeResult: success, version: HTTP/1.1)
HTTP/1.1 200 OK
Content-Type: application/json; charset=utf-8
cache-control: no-cache
content-length: 789

20:39:51.952 [AsyncHttpClient-1-13] DEBUG org.asynchttpclient.netty.channel.ChannelManager - Adding key: http://localhost:50202 for channel [id: 0xcd4c90db, L:/127.0.0.1:50197 - R:localhost/127.0.0.1:50202]
20:39:51.969 [AsyncHttpClient-1-14] DEBUG org.asynchttpclient.netty.channel.NettyConnectListener - Using new Channel '[id: 0x62cf16dd, L:/127.0.0.1:50209 - R:localhost/127.0.0.1:50199]' for 'GET' to '/json/version'
20:39:51.970 [AsyncHttpClient-1-14] DEBUG org.asynchttpclient.netty.handler.HttpHandler - 

Request DefaultFullHttpRequest(decodeResult: success, version: HTTP/1.1, content: EmptyByteBufBE)
GET /json/version HTTP/1.1
User-Agent: selenium/4.1.2 (java windows)
host: localhost:50199
accept: */*

Response DefaultHttpResponse(decodeResult: success, version: HTTP/1.1)
HTTP/1.1 200 OK
Content-Type: application/json; charset=UTF-8
content-length: 423

20:39:51.970 [AsyncHttpClient-1-14] DEBUG org.asynchttpclient.netty.channel.ChannelManager - Adding key: http://localhost:50199 for channel [id: 0x62cf16dd, L:/127.0.0.1:50209 - R:localhost/127.0.0.1:50199]
20:39:51.973 [AsyncHttpClient-1-15] DEBUG org.asynchttpclient.netty.channel.NettyConnectListener - Using new Channel '[id: 0x967a8755, L:/127.0.0.1:50210 - R:localhost/127.0.0.1:50199]' for 'GET' to '/devtools/browser/cfc9904a-63d9-4958-8251-f45971e4c90e'
20:39:51.974 [AsyncHttpClient-1-15] DEBUG org.asynchttpclient.netty.handler.WebSocketHandler - 

Request DefaultFullHttpRequest(decodeResult: success, version: HTTP/1.1, content: EmptyByteBufBE)
GET /devtools/browser/cfc9904a-63d9-4958-8251-f45971e4c90e HTTP/1.1
upgrade: websocket
connection: upgrade
sec-websocket-key: nKuhfdcIphuTqATo1RV3uQ==
sec-websocket-version: 13
origin: http://localhost:50199
host: localhost:50199
accept: */*
user-agent: AHC/2.1

Response DefaultHttpResponse(decodeResult: success, version: HTTP/1.1)
HTTP/1.1 101 WebSocket Protocol Handshake
Upgrade: WebSocket
Connection: Upgrade
Sec-WebSocket-Accept: 10dKVuVtg7lyJ3/3nk1wjlM8jj0=

20:39:51.979 [Forwarding get on session 40f4a7f07a8c6598bc96b2a7620ccaf1 to remote] DEBUG org.asynchttpclient.netty.request.NettyRequestSender - Using pooled Channel '[id: 0xcd4c90db, L:/127.0.0.1:50197 - R:localhost/127.0.0.1:50202]' for 'POST' to 'http://localhost:50202/session/40f4a7f07a8c6598bc96b2a7620ccaf1/url'
20:39:51.979 [Forwarding get on session 40f4a7f07a8c6598bc96b2a7620ccaf1 to remote] DEBUG org.asynchttpclient.netty.request.NettyRequestSender - Using open Channel [id: 0xcd4c90db, L:/127.0.0.1:50197 - R:localhost/127.0.0.1:50202] for POST '/session/40f4a7f07a8c6598bc96b2a7620ccaf1/url'
20:39:52.281 [AsyncHttpClient-1-1] DEBUG org.asynchttpclient.netty.channel.DefaultChannelPool - Entry count for : http://localhost:50199 : 1
20:39:52.766 [AsyncHttpClient-1-13] DEBUG org.asynchttpclient.netty.handler.HttpHandler - 

Request DefaultHttpRequest(decodeResult: success, version: HTTP/1.1)
POST /session/40f4a7f07a8c6598bc96b2a7620ccaf1/url HTTP/1.1
User-Agent: selenium/4.1.2 (java windows)
Content-Length: 74
Content-Type: application/json; charset=utf-8
host: localhost:50202
accept: */*

Response DefaultHttpResponse(decodeResult: success, version: HTTP/1.1)
HTTP/1.1 200 OK
Content-Type: application/json; charset=utf-8
cache-control: no-cache
content-length: 14

20:39:52.766 [AsyncHttpClient-1-13] DEBUG org.asynchttpclient.netty.channel.ChannelManager - Adding key: http://localhost:50202 for channel [id: 0xcd4c90db, L:/127.0.0.1:50197 - R:localhost/127.0.0.1:50202]
20:39:52.767 [Forwarding setTimeout on session 40f4a7f07a8c6598bc96b2a7620ccaf1 to remote] DEBUG org.asynchttpclient.netty.request.NettyRequestSender - Using pooled Channel '[id: 0xcd4c90db, L:/127.0.0.1:50197 - R:localhost/127.0.0.1:50202]' for 'POST' to 'http://localhost:50202/session/40f4a7f07a8c6598bc96b2a7620ccaf1/timeouts'
20:39:52.767 [Forwarding setTimeout on session 40f4a7f07a8c6598bc96b2a7620ccaf1 to remote] DEBUG org.asynchttpclient.netty.request.NettyRequestSender - Using open Channel [id: 0xcd4c90db, L:/127.0.0.1:50197 - R:localhost/127.0.0.1:50202] for POST '/session/40f4a7f07a8c6598bc96b2a7620ccaf1/timeouts'
20:39:52.768 [AsyncHttpClient-1-13] DEBUG org.asynchttpclient.netty.handler.HttpHandler - 

Request DefaultHttpRequest(decodeResult: success, version: HTTP/1.1)
POST /session/40f4a7f07a8c6598bc96b2a7620ccaf1/timeouts HTTP/1.1
User-Agent: selenium/4.1.2 (java windows)
Content-Length: 22
Content-Type: application/json; charset=utf-8
host: localhost:50202
accept: */*

Response DefaultHttpResponse(decodeResult: success, version: HTTP/1.1)
HTTP/1.1 200 OK
Content-Type: application/json; charset=utf-8
cache-control: no-cache
content-length: 14

20:39:52.768 [AsyncHttpClient-1-13] DEBUG org.asynchttpclient.netty.channel.ChannelManager - Adding key: http://localhost:50202 for channel [id: 0xcd4c90db, L:/127.0.0.1:50197 - R:localhost/127.0.0.1:50202]
20:39:52.771 [Forwarding getCurrentUrl on session 40f4a7f07a8c6598bc96b2a7620ccaf1 to remote] DEBUG org.asynchttpclient.netty.request.NettyRequestSender - Using pooled Channel '[id: 0xcd4c90db, L:/127.0.0.1:50197 - R:localhost/127.0.0.1:50202]' for 'GET' to 'http://localhost:50202/session/40f4a7f07a8c6598bc96b2a7620ccaf1/url'
20:39:52.771 [Forwarding getCurrentUrl on session 40f4a7f07a8c6598bc96b2a7620ccaf1 to remote] DEBUG org.asynchttpclient.netty.request.NettyRequestSender - Using open Channel [id: 0xcd4c90db, L:/127.0.0.1:50197 - R:localhost/127.0.0.1:50202] for GET '/session/40f4a7f07a8c6598bc96b2a7620ccaf1/url'
20:39:52.776 [AsyncHttpClient-1-13] DEBUG org.asynchttpclient.netty.handler.HttpHandler - 

Request DefaultFullHttpRequest(decodeResult: success, version: HTTP/1.1, content: EmptyByteBufBE)
GET /session/40f4a7f07a8c6598bc96b2a7620ccaf1/url HTTP/1.1
User-Agent: selenium/4.1.2 (java windows)
Cache-Control: no-cache
Content-Type: application/json; charset=utf-8
host: localhost:50202
accept: */*

Response DefaultHttpResponse(decodeResult: success, version: HTTP/1.1)
HTTP/1.1 200 OK
Content-Type: application/json; charset=utf-8
cache-control: no-cache
content-length: 51

20:39:52.776 [AsyncHttpClient-1-13] DEBUG org.asynchttpclient.netty.channel.ChannelManager - Adding key: http://localhost:50202 for channel [id: 0xcd4c90db, L:/127.0.0.1:50197 - R:localhost/127.0.0.1:50202]
20:39:52.781 [Forwarding findElement on session 40f4a7f07a8c6598bc96b2a7620ccaf1 to remote] DEBUG org.asynchttpclient.netty.request.NettyRequestSender - Using pooled Channel '[id: 0xcd4c90db, L:/127.0.0.1:50197 - R:localhost/127.0.0.1:50202]' for 'POST' to 'http://localhost:50202/session/40f4a7f07a8c6598bc96b2a7620ccaf1/element'
20:39:52.781 [Forwarding findElement on session 40f4a7f07a8c6598bc96b2a7620ccaf1 to remote] DEBUG org.asynchttpclient.netty.request.NettyRequestSender - Using open Channel [id: 0xcd4c90db, L:/127.0.0.1:50197 - R:localhost/127.0.0.1:50202] for POST '/session/40f4a7f07a8c6598bc96b2a7620ccaf1/element'
20:39:52.795 [AsyncHttpClient-1-13] DEBUG org.asynchttpclient.netty.handler.HttpHandler - 

Request DefaultHttpRequest(decodeResult: success, version: HTTP/1.1)
POST /session/40f4a7f07a8c6598bc96b2a7620ccaf1/element HTTP/1.1
User-Agent: selenium/4.1.2 (java windows)
Content-Length: 87
Content-Type: application/json; charset=utf-8
host: localhost:50202
accept: */*

Response DefaultHttpResponse(decodeResult: success, version: HTTP/1.1)
HTTP/1.1 200 OK
Content-Type: application/json; charset=utf-8
cache-control: no-cache
content-length: 88

20:39:52.796 [AsyncHttpClient-1-13] DEBUG org.asynchttpclient.netty.channel.ChannelManager - Adding key: http://localhost:50202 for channel [id: 0xcd4c90db, L:/127.0.0.1:50197 - R:localhost/127.0.0.1:50202]
20:39:52.797 [Forwarding clearElement on session 40f4a7f07a8c6598bc96b2a7620ccaf1 to remote] DEBUG org.asynchttpclient.netty.request.NettyRequestSender - Using pooled Channel '[id: 0xcd4c90db, L:/127.0.0.1:50197 - R:localhost/127.0.0.1:50202]' for 'POST' to 'http://localhost:50202/session/40f4a7f07a8c6598bc96b2a7620ccaf1/element/6582d48c-6f6f-43f6-9e5c-a3786f527142/clear'
20:39:52.797 [Forwarding clearElement on session 40f4a7f07a8c6598bc96b2a7620ccaf1 to remote] DEBUG org.asynchttpclient.netty.request.NettyRequestSender - Using open Channel [id: 0xcd4c90db, L:/127.0.0.1:50197 - R:localhost/127.0.0.1:50202] for POST '/session/40f4a7f07a8c6598bc96b2a7620ccaf1/element/6582d48c-6f6f-43f6-9e5c-a3786f527142/clear'
20:39:52.844 [AsyncHttpClient-1-13] DEBUG org.asynchttpclient.netty.handler.HttpHandler - 

Request DefaultHttpRequest(decodeResult: success, version: HTTP/1.1)
POST /session/40f4a7f07a8c6598bc96b2a7620ccaf1/element/6582d48c-6f6f-43f6-9e5c-a3786f527142/clear HTTP/1.1
User-Agent: selenium/4.1.2 (java windows)
Content-Length: 50
Content-Type: application/json; charset=utf-8
host: localhost:50202
accept: */*

Response DefaultHttpResponse(decodeResult: success, version: HTTP/1.1)
HTTP/1.1 200 OK
Content-Type: application/json; charset=utf-8
cache-control: no-cache
content-length: 14

20:39:52.844 [AsyncHttpClient-1-13] DEBUG org.asynchttpclient.netty.channel.ChannelManager - Adding key: http://localhost:50202 for channel [id: 0xcd4c90db, L:/127.0.0.1:50197 - R:localhost/127.0.0.1:50202]
20:39:52.847 [Forwarding sendKeysToElement on session 40f4a7f07a8c6598bc96b2a7620ccaf1 to remote] DEBUG org.asynchttpclient.netty.request.NettyRequestSender - Using pooled Channel '[id: 0xcd4c90db, L:/127.0.0.1:50197 - R:localhost/127.0.0.1:50202]' for 'POST' to 'http://localhost:50202/session/40f4a7f07a8c6598bc96b2a7620ccaf1/element/6582d48c-6f6f-43f6-9e5c-a3786f527142/value'
20:39:52.847 [Forwarding sendKeysToElement on session 40f4a7f07a8c6598bc96b2a7620ccaf1 to remote] DEBUG org.asynchttpclient.netty.request.NettyRequestSender - Using open Channel [id: 0xcd4c90db, L:/127.0.0.1:50197 - R:localhost/127.0.0.1:50202] for POST '/session/40f4a7f07a8c6598bc96b2a7620ccaf1/element/6582d48c-6f6f-43f6-9e5c-a3786f527142/value'
20:39:53.001 [AsyncHttpClient-1-13] DEBUG org.asynchttpclient.netty.handler.HttpHandler - 

Request DefaultHttpRequest(decodeResult: success, version: HTTP/1.1)
POST /session/40f4a7f07a8c6598bc96b2a7620ccaf1/element/6582d48c-6f6f-43f6-9e5c-a3786f527142/value HTTP/1.1
User-Agent: selenium/4.1.2 (java windows)
Content-Length: 221
Content-Type: application/json; charset=utf-8
host: localhost:50202
accept: */*

Response DefaultHttpResponse(decodeResult: success, version: HTTP/1.1)
HTTP/1.1 200 OK
Content-Type: application/json; charset=utf-8
cache-control: no-cache
content-length: 14

20:39:53.001 [AsyncHttpClient-1-13] DEBUG org.asynchttpclient.netty.channel.ChannelManager - Adding key: http://localhost:50202 for channel [id: 0xcd4c90db, L:/127.0.0.1:50197 - R:localhost/127.0.0.1:50202]
20:39:53.004 [Forwarding findElement on session 40f4a7f07a8c6598bc96b2a7620ccaf1 to remote] DEBUG org.asynchttpclient.netty.request.NettyRequestSender - Using pooled Channel '[id: 0xcd4c90db, L:/127.0.0.1:50197 - R:localhost/127.0.0.1:50202]' for 'POST' to 'http://localhost:50202/session/40f4a7f07a8c6598bc96b2a7620ccaf1/element'
20:39:53.005 [Forwarding findElement on session 40f4a7f07a8c6598bc96b2a7620ccaf1 to remote] DEBUG org.asynchttpclient.netty.request.NettyRequestSender - Using open Channel [id: 0xcd4c90db, L:/127.0.0.1:50197 - R:localhost/127.0.0.1:50202] for POST '/session/40f4a7f07a8c6598bc96b2a7620ccaf1/element'
20:39:53.018 [AsyncHttpClient-1-13] DEBUG org.asynchttpclient.netty.handler.HttpHandler - 

Request DefaultHttpRequest(decodeResult: success, version: HTTP/1.1)
POST /session/40f4a7f07a8c6598bc96b2a7620ccaf1/element HTTP/1.1
User-Agent: selenium/4.1.2 (java windows)
Content-Length: 90
Content-Type: application/json; charset=utf-8
host: localhost:50202
accept: */*

Response DefaultHttpResponse(decodeResult: success, version: HTTP/1.1)
HTTP/1.1 200 OK
Content-Type: application/json; charset=utf-8
cache-control: no-cache
content-length: 88

20:39:53.018 [AsyncHttpClient-1-13] DEBUG org.asynchttpclient.netty.channel.ChannelManager - Adding key: http://localhost:50202 for channel [id: 0xcd4c90db, L:/127.0.0.1:50197 - R:localhost/127.0.0.1:50202]
20:39:53.019 [Forwarding clearElement on session 40f4a7f07a8c6598bc96b2a7620ccaf1 to remote] DEBUG org.asynchttpclient.netty.request.NettyRequestSender - Using pooled Channel '[id: 0xcd4c90db, L:/127.0.0.1:50197 - R:localhost/127.0.0.1:50202]' for 'POST' to 'http://localhost:50202/session/40f4a7f07a8c6598bc96b2a7620ccaf1/element/15544112-f519-4a96-b092-dc64aad4306e/clear'
20:39:53.019 [Forwarding clearElement on session 40f4a7f07a8c6598bc96b2a7620ccaf1 to remote] DEBUG org.asynchttpclient.netty.request.NettyRequestSender - Using open Channel [id: 0xcd4c90db, L:/127.0.0.1:50197 - R:localhost/127.0.0.1:50202] for POST '/session/40f4a7f07a8c6598bc96b2a7620ccaf1/element/15544112-f519-4a96-b092-dc64aad4306e/clear'
20:39:53.061 [AsyncHttpClient-1-13] DEBUG org.asynchttpclient.netty.handler.HttpHandler - 

Request DefaultHttpRequest(decodeResult: success, version: HTTP/1.1)
POST /session/40f4a7f07a8c6598bc96b2a7620ccaf1/element/15544112-f519-4a96-b092-dc64aad4306e/clear HTTP/1.1
User-Agent: selenium/4.1.2 (java windows)
Content-Length: 50
Content-Type: application/json; charset=utf-8
host: localhost:50202
accept: */*

Response DefaultHttpResponse(decodeResult: success, version: HTTP/1.1)
HTTP/1.1 200 OK
Content-Type: application/json; charset=utf-8
cache-control: no-cache
content-length: 14

20:39:53.061 [AsyncHttpClient-1-13] DEBUG org.asynchttpclient.netty.channel.ChannelManager - Adding key: http://localhost:50202 for channel [id: 0xcd4c90db, L:/127.0.0.1:50197 - R:localhost/127.0.0.1:50202]
20:39:53.063 [Forwarding sendKeysToElement on session 40f4a7f07a8c6598bc96b2a7620ccaf1 to remote] DEBUG org.asynchttpclient.netty.request.NettyRequestSender - Using pooled Channel '[id: 0xcd4c90db, L:/127.0.0.1:50197 - R:localhost/127.0.0.1:50202]' for 'POST' to 'http://localhost:50202/session/40f4a7f07a8c6598bc96b2a7620ccaf1/element/15544112-f519-4a96-b092-dc64aad4306e/value'
20:39:53.063 [Forwarding sendKeysToElement on session 40f4a7f07a8c6598bc96b2a7620ccaf1 to remote] DEBUG org.asynchttpclient.netty.request.NettyRequestSender - Using open Channel [id: 0xcd4c90db, L:/127.0.0.1:50197 - R:localhost/127.0.0.1:50202] for POST '/session/40f4a7f07a8c6598bc96b2a7620ccaf1/element/15544112-f519-4a96-b092-dc64aad4306e/value'
20:39:53.157 [AsyncHttpClient-1-13] DEBUG org.asynchttpclient.netty.handler.HttpHandler - 

Request DefaultHttpRequest(decodeResult: success, version: HTTP/1.1)
POST /session/40f4a7f07a8c6598bc96b2a7620ccaf1/element/15544112-f519-4a96-b092-dc64aad4306e/value HTTP/1.1
User-Agent: selenium/4.1.2 (java windows)
Content-Length: 141
Content-Type: application/json; charset=utf-8
host: localhost:50202
accept: */*

Response DefaultHttpResponse(decodeResult: success, version: HTTP/1.1)
HTTP/1.1 200 OK
Content-Type: application/json; charset=utf-8
cache-control: no-cache
content-length: 14

20:39:53.158 [AsyncHttpClient-1-13] DEBUG org.asynchttpclient.netty.channel.ChannelManager - Adding key: http://localhost:50202 for channel [id: 0xcd4c90db, L:/127.0.0.1:50197 - R:localhost/127.0.0.1:50202]
20:39:53.167 [Forwarding findElement on session 40f4a7f07a8c6598bc96b2a7620ccaf1 to remote] DEBUG org.asynchttpclient.netty.request.NettyRequestSender - Using pooled Channel '[id: 0xcd4c90db, L:/127.0.0.1:50197 - R:localhost/127.0.0.1:50202]' for 'POST' to 'http://localhost:50202/session/40f4a7f07a8c6598bc96b2a7620ccaf1/element'
20:39:53.167 [Forwarding findElement on session 40f4a7f07a8c6598bc96b2a7620ccaf1 to remote] DEBUG org.asynchttpclient.netty.request.NettyRequestSender - Using open Channel [id: 0xcd4c90db, L:/127.0.0.1:50197 - R:localhost/127.0.0.1:50202] for POST '/session/40f4a7f07a8c6598bc96b2a7620ccaf1/element'
20:39:53.191 [AsyncHttpClient-1-13] DEBUG org.asynchttpclient.netty.handler.HttpHandler - 

Request DefaultHttpRequest(decodeResult: success, version: HTTP/1.1)
POST /session/40f4a7f07a8c6598bc96b2a7620ccaf1/element HTTP/1.1
User-Agent: selenium/4.1.2 (java windows)
Content-Length: 81
Content-Type: application/json; charset=utf-8
host: localhost:50202
accept: */*

Response DefaultHttpResponse(decodeResult: success, version: HTTP/1.1)
HTTP/1.1 200 OK
Content-Type: application/json; charset=utf-8
cache-control: no-cache
content-length: 88

20:39:53.191 [AsyncHttpClient-1-13] DEBUG org.asynchttpclient.netty.channel.ChannelManager - Adding key: http://localhost:50202 for channel [id: 0xcd4c90db, L:/127.0.0.1:50197 - R:localhost/127.0.0.1:50202]
20:39:53.193 [Forwarding getElementTagName on session 40f4a7f07a8c6598bc96b2a7620ccaf1 to remote] DEBUG org.asynchttpclient.netty.request.NettyRequestSender - Using pooled Channel '[id: 0xcd4c90db, L:/127.0.0.1:50197 - R:localhost/127.0.0.1:50202]' for 'GET' to 'http://localhost:50202/session/40f4a7f07a8c6598bc96b2a7620ccaf1/element/64c8fc0f-b7a8-4442-bd32-1164e3b52549/name'
20:39:53.193 [Forwarding getElementTagName on session 40f4a7f07a8c6598bc96b2a7620ccaf1 to remote] DEBUG org.asynchttpclient.netty.request.NettyRequestSender - Using open Channel [id: 0xcd4c90db, L:/127.0.0.1:50197 - R:localhost/127.0.0.1:50202] for GET '/session/40f4a7f07a8c6598bc96b2a7620ccaf1/element/64c8fc0f-b7a8-4442-bd32-1164e3b52549/name'
20:39:53.198 [AsyncHttpClient-1-13] DEBUG org.asynchttpclient.netty.handler.HttpHandler - 

Request DefaultFullHttpRequest(decodeResult: success, version: HTTP/1.1, content: EmptyByteBufBE)
GET /session/40f4a7f07a8c6598bc96b2a7620ccaf1/element/64c8fc0f-b7a8-4442-bd32-1164e3b52549/name HTTP/1.1
User-Agent: selenium/4.1.2 (java windows)
Cache-Control: no-cache
Content-Type: application/json; charset=utf-8
host: localhost:50202
accept: */*

Response DefaultHttpResponse(decodeResult: success, version: HTTP/1.1)
HTTP/1.1 200 OK
Content-Type: application/json; charset=utf-8
cache-control: no-cache
content-length: 16

20:39:53.198 [AsyncHttpClient-1-13] DEBUG org.asynchttpclient.netty.channel.ChannelManager - Adding key: http://localhost:50202 for channel [id: 0xcd4c90db, L:/127.0.0.1:50197 - R:localhost/127.0.0.1:50202]
20:39:53.200 [Forwarding getElementTagName on session 40f4a7f07a8c6598bc96b2a7620ccaf1 to remote] DEBUG org.asynchttpclient.netty.request.NettyRequestSender - Using pooled Channel '[id: 0xcd4c90db, L:/127.0.0.1:50197 - R:localhost/127.0.0.1:50202]' for 'GET' to 'http://localhost:50202/session/40f4a7f07a8c6598bc96b2a7620ccaf1/element/64c8fc0f-b7a8-4442-bd32-1164e3b52549/name'
20:39:53.200 [Forwarding getElementTagName on session 40f4a7f07a8c6598bc96b2a7620ccaf1 to remote] DEBUG org.asynchttpclient.netty.request.NettyRequestSender - Using open Channel [id: 0xcd4c90db, L:/127.0.0.1:50197 - R:localhost/127.0.0.1:50202] for GET '/session/40f4a7f07a8c6598bc96b2a7620ccaf1/element/64c8fc0f-b7a8-4442-bd32-1164e3b52549/name'
20:39:53.204 [AsyncHttpClient-1-13] DEBUG org.asynchttpclient.netty.handler.HttpHandler - 

Request DefaultFullHttpRequest(decodeResult: success, version: HTTP/1.1, content: EmptyByteBufBE)
GET /session/40f4a7f07a8c6598bc96b2a7620ccaf1/element/64c8fc0f-b7a8-4442-bd32-1164e3b52549/name HTTP/1.1
User-Agent: selenium/4.1.2 (java windows)
Cache-Control: no-cache
Content-Type: application/json; charset=utf-8
host: localhost:50202
accept: */*

Response DefaultHttpResponse(decodeResult: success, version: HTTP/1.1)
HTTP/1.1 200 OK
Content-Type: application/json; charset=utf-8
cache-control: no-cache
content-length: 16

20:39:53.204 [AsyncHttpClient-1-13] DEBUG org.asynchttpclient.netty.channel.ChannelManager - Adding key: http://localhost:50202 for channel [id: 0xcd4c90db, L:/127.0.0.1:50197 - R:localhost/127.0.0.1:50202]
20:39:53.206 [Forwarding findElement on session 40f4a7f07a8c6598bc96b2a7620ccaf1 to remote] DEBUG org.asynchttpclient.netty.request.NettyRequestSender - Using pooled Channel '[id: 0xcd4c90db, L:/127.0.0.1:50197 - R:localhost/127.0.0.1:50202]' for 'POST' to 'http://localhost:50202/session/40f4a7f07a8c6598bc96b2a7620ccaf1/element'
20:39:53.206 [Forwarding findElement on session 40f4a7f07a8c6598bc96b2a7620ccaf1 to remote] DEBUG org.asynchttpclient.netty.request.NettyRequestSender - Using open Channel [id: 0xcd4c90db, L:/127.0.0.1:50197 - R:localhost/127.0.0.1:50202] for POST '/session/40f4a7f07a8c6598bc96b2a7620ccaf1/element'
20:39:53.215 [AsyncHttpClient-1-13] DEBUG org.asynchttpclient.netty.handler.HttpHandler - 

Request DefaultHttpRequest(decodeResult: success, version: HTTP/1.1)
POST /session/40f4a7f07a8c6598bc96b2a7620ccaf1/element HTTP/1.1
User-Agent: selenium/4.1.2 (java windows)
Content-Length: 81
Content-Type: application/json; charset=utf-8
host: localhost:50202
accept: */*

Response DefaultHttpResponse(decodeResult: success, version: HTTP/1.1)
HTTP/1.1 200 OK
Content-Type: application/json; charset=utf-8
cache-control: no-cache
content-length: 88

20:39:53.215 [AsyncHttpClient-1-13] DEBUG org.asynchttpclient.netty.channel.ChannelManager - Adding key: http://localhost:50202 for channel [id: 0xcd4c90db, L:/127.0.0.1:50197 - R:localhost/127.0.0.1:50202]
20:39:53.216 [Forwarding clickElement on session 40f4a7f07a8c6598bc96b2a7620ccaf1 to remote] DEBUG org.asynchttpclient.netty.request.NettyRequestSender - Using pooled Channel '[id: 0xcd4c90db, L:/127.0.0.1:50197 - R:localhost/127.0.0.1:50202]' for 'POST' to 'http://localhost:50202/session/40f4a7f07a8c6598bc96b2a7620ccaf1/element/64c8fc0f-b7a8-4442-bd32-1164e3b52549/click'
20:39:53.216 [Forwarding clickElement on session 40f4a7f07a8c6598bc96b2a7620ccaf1 to remote] DEBUG org.asynchttpclient.netty.request.NettyRequestSender - Using open Channel [id: 0xcd4c90db, L:/127.0.0.1:50197 - R:localhost/127.0.0.1:50202] for POST '/session/40f4a7f07a8c6598bc96b2a7620ccaf1/element/64c8fc0f-b7a8-4442-bd32-1164e3b52549/click'
20:39:53.266 [AsyncHttpClient-1-13] DEBUG org.asynchttpclient.netty.handler.HttpHandler - 

Request DefaultHttpRequest(decodeResult: success, version: HTTP/1.1)
POST /session/40f4a7f07a8c6598bc96b2a7620ccaf1/element/64c8fc0f-b7a8-4442-bd32-1164e3b52549/click HTTP/1.1
User-Agent: selenium/4.1.2 (java windows)
Content-Length: 50
Content-Type: application/json; charset=utf-8
host: localhost:50202
accept: */*

Response DefaultHttpResponse(decodeResult: success, version: HTTP/1.1)
HTTP/1.1 200 OK
Content-Type: application/json; charset=utf-8
cache-control: no-cache
content-length: 14

20:39:53.266 [AsyncHttpClient-1-13] DEBUG org.asynchttpclient.netty.channel.ChannelManager - Adding key: http://localhost:50202 for channel [id: 0xcd4c90db, L:/127.0.0.1:50197 - R:localhost/127.0.0.1:50202]
  &amp#27;[32mGiven &amp#27;[0m&amp#27;[32mI am logged in&amp#27;[0m           &amp#27;[90m# starter.stepdefinitions.TransactionSteps.iAmLoggedIn()&amp#27;[0m
20:39:53.272 [Forwarding screenshot on session 40f4a7f07a8c6598bc96b2a7620ccaf1 to remote] DEBUG org.asynchttpclient.netty.request.NettyRequestSender - Using pooled Channel '[id: 0xcd4c90db, L:/127.0.0.1:50197 - R:localhost/127.0.0.1:50202]' for 'GET' to 'http://localhost:50202/session/40f4a7f07a8c6598bc96b2a7620ccaf1/screenshot'
20:39:53.272 [Forwarding screenshot on session 40f4a7f07a8c6598bc96b2a7620ccaf1 to remote] DEBUG org.asynchttpclient.netty.request.NettyRequestSender - Using open Channel [id: 0xcd4c90db, L:/127.0.0.1:50197 - R:localhost/127.0.0.1:50202] for GET '/session/40f4a7f07a8c6598bc96b2a7620ccaf1/screenshot'
20:39:53.379 [AsyncHttpClient-1-1] DEBUG org.asynchttpclient.netty.channel.DefaultChannelPool - Entry count for : http://localhost:50199 : 1
20:39:53.741 [AsyncHttpClient-1-13] DEBUG org.asynchttpclient.netty.handler.HttpHandler - 

Request DefaultFullHttpRequest(decodeResult: success, version: HTTP/1.1, content: EmptyByteBufBE)
GET /session/40f4a7f07a8c6598bc96b2a7620ccaf1/screenshot HTTP/1.1
User-Agent: selenium/4.1.2 (java windows)
Cache-Control: no-cache
Content-Type: application/json; charset=utf-8
host: localhost:50202
accept: */*

Response DefaultHttpResponse(decodeResult: success, version: HTTP/1.1)
HTTP/1.1 200 OK
Content-Type: application/json; charset=utf-8
cache-control: no-cache
content-length: 44584

20:39:53.742 [AsyncHttpClient-1-13] DEBUG org.asynchttpclient.netty.channel.ChannelManager - Adding key: http://localhost:50202 for channel [id: 0xcd4c90db, L:/127.0.0.1:50197 - R:localhost/127.0.0.1:50202]
20:39:53.744 [main] DEBUG net.serenitybdd.core.photography.Darkroom - Send negative for processing for target\site\serenity\d0a7388a3551cc59d7f06c6e6f94f6bc1b1ce268af0a5ef74d5df99adba8fb4d.png
20:39:53.745 [Darkroom Processing Line] DEBUG net.serenitybdd.core.photography.DarkroomProcessingLine - Processing screenshot image in /var/screenshots/screenshot-16235323208614075801
20:39:53.745 [Darkroom Processing Line] DEBUG net.serenitybdd.core.photography.DarkroomProcessingLine - Saving screenshot to target\site\serenity\d0a7388a3551cc59d7f06c6e6f94f6bc1b1ce268af0a5ef74d5df99adba8fb4d.png
20:39:53.754 [Forwarding findElement on session 40f4a7f07a8c6598bc96b2a7620ccaf1 to remote] DEBUG org.asynchttpclient.netty.request.NettyRequestSender - Using pooled Channel '[id: 0xcd4c90db, L:/127.0.0.1:50197 - R:localhost/127.0.0.1:50202]' for 'POST' to 'http://localhost:50202/session/40f4a7f07a8c6598bc96b2a7620ccaf1/element'
20:39:53.754 [Forwarding findElement on session 40f4a7f07a8c6598bc96b2a7620ccaf1 to remote] DEBUG org.asynchttpclient.netty.request.NettyRequestSender - Using open Channel [id: 0xcd4c90db, L:/127.0.0.1:50197 - R:localhost/127.0.0.1:50202] for POST '/session/40f4a7f07a8c6598bc96b2a7620ccaf1/element'
20:39:54.480 [AsyncHttpClient-1-1] DEBUG org.asynchttpclient.netty.channel.DefaultChannelPool - Entry count for : http://localhost:50199 : 1
20:39:54.681 [AsyncHttpClient-1-13] DEBUG org.asynchttpclient.netty.handler.HttpHandler - 

Request DefaultHttpRequest(decodeResult: success, version: HTTP/1.1)
POST /session/40f4a7f07a8c6598bc96b2a7620ccaf1/element HTTP/1.1
User-Agent: selenium/4.1.2 (java windows)
Content-Length: 79
Content-Type: application/json; charset=utf-8
host: localhost:50202
accept: */*

Response DefaultHttpResponse(decodeResult: success, version: HTTP/1.1)
HTTP/1.1 200 OK
Content-Type: application/json; charset=utf-8
cache-control: no-cache
content-length: 88

20:39:54.681 [AsyncHttpClient-1-13] DEBUG org.asynchttpclient.netty.channel.ChannelManager - Adding key: http://localhost:50202 for channel [id: 0xcd4c90db, L:/127.0.0.1:50197 - R:localhost/127.0.0.1:50202]
20:39:54.682 [Forwarding getElementTagName on session 40f4a7f07a8c6598bc96b2a7620ccaf1 to remote] DEBUG org.asynchttpclient.netty.request.NettyRequestSender - Using pooled Channel '[id: 0xcd4c90db, L:/127.0.0.1:50197 - R:localhost/127.0.0.1:50202]' for 'GET' to 'http://localhost:50202/session/40f4a7f07a8c6598bc96b2a7620ccaf1/element/8f8b14e9-6656-4eac-8046-fda3339733f5/name'
20:39:54.682 [Forwarding getElementTagName on session 40f4a7f07a8c6598bc96b2a7620ccaf1 to remote] DEBUG org.asynchttpclient.netty.request.NettyRequestSender - Using open Channel [id: 0xcd4c90db, L:/127.0.0.1:50197 - R:localhost/127.0.0.1:50202] for GET '/session/40f4a7f07a8c6598bc96b2a7620ccaf1/element/8f8b14e9-6656-4eac-8046-fda3339733f5/name'
20:39:54.686 [AsyncHttpClient-1-13] DEBUG org.asynchttpclient.netty.handler.HttpHandler - 

Request DefaultFullHttpRequest(decodeResult: success, version: HTTP/1.1, content: EmptyByteBufBE)
GET /session/40f4a7f07a8c6598bc96b2a7620ccaf1/element/8f8b14e9-6656-4eac-8046-fda3339733f5/name HTTP/1.1
User-Agent: selenium/4.1.2 (java windows)
Cache-Control: no-cache
Content-Type: application/json; charset=utf-8
host: localhost:50202
accept: */*

Response DefaultHttpResponse(decodeResult: success, version: HTTP/1.1)
HTTP/1.1 200 OK
Content-Type: application/json; charset=utf-8
cache-control: no-cache
content-length: 13

20:39:54.686 [AsyncHttpClient-1-13] DEBUG org.asynchttpclient.netty.channel.ChannelManager - Adding key: http://localhost:50202 for channel [id: 0xcd4c90db, L:/127.0.0.1:50197 - R:localhost/127.0.0.1:50202]
20:39:54.687 [Forwarding getElementTagName on session 40f4a7f07a8c6598bc96b2a7620ccaf1 to remote] DEBUG org.asynchttpclient.netty.request.NettyRequestSender - Using pooled Channel '[id: 0xcd4c90db, L:/127.0.0.1:50197 - R:localhost/127.0.0.1:50202]' for 'GET' to 'http://localhost:50202/session/40f4a7f07a8c6598bc96b2a7620ccaf1/element/8f8b14e9-6656-4eac-8046-fda3339733f5/name'
20:39:54.687 [Forwarding getElementTagName on session 40f4a7f07a8c6598bc96b2a7620ccaf1 to remote] DEBUG org.asynchttpclient.netty.request.NettyRequestSender - Using open Channel [id: 0xcd4c90db, L:/127.0.0.1:50197 - R:localhost/127.0.0.1:50202] for GET '/session/40f4a7f07a8c6598bc96b2a7620ccaf1/element/8f8b14e9-6656-4eac-8046-fda3339733f5/name'
20:39:54.691 [AsyncHttpClient-1-13] DEBUG org.asynchttpclient.netty.handler.HttpHandler - 

Request DefaultFullHttpRequest(decodeResult: success, version: HTTP/1.1, content: EmptyByteBufBE)
GET /session/40f4a7f07a8c6598bc96b2a7620ccaf1/element/8f8b14e9-6656-4eac-8046-fda3339733f5/name HTTP/1.1
User-Agent: selenium/4.1.2 (java windows)
Cache-Control: no-cache
Content-Type: application/json; charset=utf-8
host: localhost:50202
accept: */*

Response DefaultHttpResponse(decodeResult: success, version: HTTP/1.1)
HTTP/1.1 200 OK
Content-Type: application/json; charset=utf-8
cache-control: no-cache
content-length: 13

20:39:54.691 [AsyncHttpClient-1-13] DEBUG org.asynchttpclient.netty.channel.ChannelManager - Adding key: http://localhost:50202 for channel [id: 0xcd4c90db, L:/127.0.0.1:50197 - R:localhost/127.0.0.1:50202]
20:39:54.692 [Forwarding findElement on session 40f4a7f07a8c6598bc96b2a7620ccaf1 to remote] DEBUG org.asynchttpclient.netty.request.NettyRequestSender - Using pooled Channel '[id: 0xcd4c90db, L:/127.0.0.1:50197 - R:localhost/127.0.0.1:50202]' for 'POST' to 'http://localhost:50202/session/40f4a7f07a8c6598bc96b2a7620ccaf1/element'
20:39:54.692 [Forwarding findElement on session 40f4a7f07a8c6598bc96b2a7620ccaf1 to remote] DEBUG org.asynchttpclient.netty.request.NettyRequestSender - Using open Channel [id: 0xcd4c90db, L:/127.0.0.1:50197 - R:localhost/127.0.0.1:50202] for POST '/session/40f4a7f07a8c6598bc96b2a7620ccaf1/element'
20:39:54.702 [AsyncHttpClient-1-13] DEBUG org.asynchttpclient.netty.handler.HttpHandler - 

Request DefaultHttpRequest(decodeResult: success, version: HTTP/1.1)
POST /session/40f4a7f07a8c6598bc96b2a7620ccaf1/element HTTP/1.1
User-Agent: selenium/4.1.2 (java windows)
Content-Length: 79
Content-Type: application/json; charset=utf-8
host: localhost:50202
accept: */*

Response DefaultHttpResponse(decodeResult: success, version: HTTP/1.1)
HTTP/1.1 200 OK
Content-Type: application/json; charset=utf-8
cache-control: no-cache
content-length: 88

20:39:54.702 [AsyncHttpClient-1-13] DEBUG org.asynchttpclient.netty.channel.ChannelManager - Adding key: http://localhost:50202 for channel [id: 0xcd4c90db, L:/127.0.0.1:50197 - R:localhost/127.0.0.1:50202]
20:39:54.704 [Forwarding clickElement on session 40f4a7f07a8c6598bc96b2a7620ccaf1 to remote] DEBUG org.asynchttpclient.netty.request.NettyRequestSender - Using pooled Channel '[id: 0xcd4c90db, L:/127.0.0.1:50197 - R:localhost/127.0.0.1:50202]' for 'POST' to 'http://localhost:50202/session/40f4a7f07a8c6598bc96b2a7620ccaf1/element/8f8b14e9-6656-4eac-8046-fda3339733f5/click'
20:39:54.704 [Forwarding clickElement on session 40f4a7f07a8c6598bc96b2a7620ccaf1 to remote] DEBUG org.asynchttpclient.netty.request.NettyRequestSender - Using open Channel [id: 0xcd4c90db, L:/127.0.0.1:50197 - R:localhost/127.0.0.1:50202] for POST '/session/40f4a7f07a8c6598bc96b2a7620ccaf1/element/8f8b14e9-6656-4eac-8046-fda3339733f5/click'
20:39:54.770 [AsyncHttpClient-1-13] DEBUG org.asynchttpclient.netty.handler.HttpHandler - 

Request DefaultHttpRequest(decodeResult: success, version: HTTP/1.1)
POST /session/40f4a7f07a8c6598bc96b2a7620ccaf1/element/8f8b14e9-6656-4eac-8046-fda3339733f5/click HTTP/1.1
User-Agent: selenium/4.1.2 (java windows)
Content-Length: 50
Content-Type: application/json; charset=utf-8
host: localhost:50202
accept: */*

Response DefaultHttpResponse(decodeResult: success, version: HTTP/1.1)
HTTP/1.1 200 OK
Content-Type: application/json; charset=utf-8
cache-control: no-cache
content-length: 14

20:39:54.770 [AsyncHttpClient-1-13] DEBUG org.asynchttpclient.netty.channel.ChannelManager - Adding key: http://localhost:50202 for channel [id: 0xcd4c90db, L:/127.0.0.1:50197 - R:localhost/127.0.0.1:50202]
  &amp#27;[32mWhen &amp#27;[0m&amp#27;[32mI click my profile&amp#27;[0m        &amp#27;[90m# starter.stepdefinitions.TransactionSteps.iClickMyProfile()&amp#27;[0m
20:39:54.778 [Forwarding screenshot on session 40f4a7f07a8c6598bc96b2a7620ccaf1 to remote] DEBUG org.asynchttpclient.netty.request.NettyRequestSender - Using pooled Channel '[id: 0xcd4c90db, L:/127.0.0.1:50197 - R:localhost/127.0.0.1:50202]' for 'GET' to 'http://localhost:50202/session/40f4a7f07a8c6598bc96b2a7620ccaf1/screenshot'
20:39:54.778 [Forwarding screenshot on session 40f4a7f07a8c6598bc96b2a7620ccaf1 to remote] DEBUG org.asynchttpclient.netty.request.NettyRequestSender - Using open Channel [id: 0xcd4c90db, L:/127.0.0.1:50197 - R:localhost/127.0.0.1:50202] for GET '/session/40f4a7f07a8c6598bc96b2a7620ccaf1/screenshot'
20:39:55.060 [AsyncHttpClient-1-13] DEBUG org.asynchttpclient.netty.handler.HttpHandler - 

Request DefaultFullHttpRequest(decodeResult: success, version: HTTP/1.1, content: EmptyByteBufBE)
GET /session/40f4a7f07a8c6598bc96b2a7620ccaf1/screenshot HTTP/1.1
User-Agent: selenium/4.1.2 (java windows)
Cache-Control: no-cache
Content-Type: application/json; charset=utf-8
host: localhost:50202
accept: */*

Response DefaultHttpResponse(decodeResult: success, version: HTTP/1.1)
HTTP/1.1 200 OK
Content-Type: application/json; charset=utf-8
cache-control: no-cache
content-length: 34612

20:39:55.060 [AsyncHttpClient-1-13] DEBUG org.asynchttpclient.netty.channel.ChannelManager - Adding key: http://localhost:50202 for channel [id: 0xcd4c90db, L:/127.0.0.1:50197 - R:localhost/127.0.0.1:50202]
20:39:55.063 [main] DEBUG net.serenitybdd.core.photography.Darkroom - Send negative for processing for target\site\serenity\bad7251856a0b7b114f46554018d2f0c320ec57ec6bd99380d0c72b421b07883.png
20:39:55.064 [Darkroom Processing Line] DEBUG net.serenitybdd.core.photography.DarkroomProcessingLine - Processing screenshot image in /var/screenshots/screenshot-2712792439602564583
20:39:55.064 [Darkroom Processing Line] DEBUG net.serenitybdd.core.photography.DarkroomProcessingLine - Saving screenshot to target\site\serenity\bad7251856a0b7b114f46554018d2f0c320ec57ec6bd99380d0c72b421b07883.png
20:39:55.074 [Forwarding findElement on session 40f4a7f07a8c6598bc96b2a7620ccaf1 to remote] DEBUG org.asynchttpclient.netty.request.NettyRequestSender - Using pooled Channel '[id: 0xcd4c90db, L:/127.0.0.1:50197 - R:localhost/127.0.0.1:50202]' for 'POST' to 'http://localhost:50202/session/40f4a7f07a8c6598bc96b2a7620ccaf1/element'
20:39:55.074 [Forwarding findElement on session 40f4a7f07a8c6598bc96b2a7620ccaf1 to remote] DEBUG org.asynchttpclient.netty.request.NettyRequestSender - Using open Channel [id: 0xcd4c90db, L:/127.0.0.1:50197 - R:localhost/127.0.0.1:50202] for POST '/session/40f4a7f07a8c6598bc96b2a7620ccaf1/element'
20:39:55.093 [AsyncHttpClient-1-13] DEBUG org.asynchttpclient.netty.handler.HttpHandler - 

Request DefaultHttpRequest(decodeResult: success, version: HTTP/1.1)
POST /session/40f4a7f07a8c6598bc96b2a7620ccaf1/element HTTP/1.1
User-Agent: selenium/4.1.2 (java windows)
Content-Length: 74
Content-Type: application/json; charset=utf-8
host: localhost:50202
accept: */*

Response DefaultHttpResponse(decodeResult: success, version: HTTP/1.1)
HTTP/1.1 200 OK
Content-Type: application/json; charset=utf-8
cache-control: no-cache
content-length: 88

20:39:55.093 [AsyncHttpClient-1-13] DEBUG org.asynchttpclient.netty.channel.ChannelManager - Adding key: http://localhost:50202 for channel [id: 0xcd4c90db, L:/127.0.0.1:50197 - R:localhost/127.0.0.1:50202]
20:39:55.094 [Forwarding getElementTagName on session 40f4a7f07a8c6598bc96b2a7620ccaf1 to remote] DEBUG org.asynchttpclient.netty.request.NettyRequestSender - Using pooled Channel '[id: 0xcd4c90db, L:/127.0.0.1:50197 - R:localhost/127.0.0.1:50202]' for 'GET' to 'http://localhost:50202/session/40f4a7f07a8c6598bc96b2a7620ccaf1/element/8cb4ea7f-45e5-4958-b538-8f0e383a7b7c/name'
20:39:55.095 [Forwarding getElementTagName on session 40f4a7f07a8c6598bc96b2a7620ccaf1 to remote] DEBUG org.asynchttpclient.netty.request.NettyRequestSender - Using open Channel [id: 0xcd4c90db, L:/127.0.0.1:50197 - R:localhost/127.0.0.1:50202] for GET '/session/40f4a7f07a8c6598bc96b2a7620ccaf1/element/8cb4ea7f-45e5-4958-b538-8f0e383a7b7c/name'
20:39:55.101 [AsyncHttpClient-1-13] DEBUG org.asynchttpclient.netty.handler.HttpHandler - 

Request DefaultFullHttpRequest(decodeResult: success, version: HTTP/1.1, content: EmptyByteBufBE)
GET /session/40f4a7f07a8c6598bc96b2a7620ccaf1/element/8cb4ea7f-45e5-4958-b538-8f0e383a7b7c/name HTTP/1.1
User-Agent: selenium/4.1.2 (java windows)
Cache-Control: no-cache
Content-Type: application/json; charset=utf-8
host: localhost:50202
accept: */*

Response DefaultHttpResponse(decodeResult: success, version: HTTP/1.1)
HTTP/1.1 200 OK
Content-Type: application/json; charset=utf-8
cache-control: no-cache
content-length: 15

20:39:55.101 [AsyncHttpClient-1-13] DEBUG org.asynchttpclient.netty.channel.ChannelManager - Adding key: http://localhost:50202 for channel [id: 0xcd4c90db, L:/127.0.0.1:50197 - R:localhost/127.0.0.1:50202]
20:39:55.102 [Forwarding getElementTagName on session 40f4a7f07a8c6598bc96b2a7620ccaf1 to remote] DEBUG org.asynchttpclient.netty.request.NettyRequestSender - Using pooled Channel '[id: 0xcd4c90db, L:/127.0.0.1:50197 - R:localhost/127.0.0.1:50202]' for 'GET' to 'http://localhost:50202/session/40f4a7f07a8c6598bc96b2a7620ccaf1/element/8cb4ea7f-45e5-4958-b538-8f0e383a7b7c/name'
20:39:55.102 [Forwarding getElementTagName on session 40f4a7f07a8c6598bc96b2a7620ccaf1 to remote] DEBUG org.asynchttpclient.netty.request.NettyRequestSender - Using open Channel [id: 0xcd4c90db, L:/127.0.0.1:50197 - R:localhost/127.0.0.1:50202] for GET '/session/40f4a7f07a8c6598bc96b2a7620ccaf1/element/8cb4ea7f-45e5-4958-b538-8f0e383a7b7c/name'
20:39:55.106 [AsyncHttpClient-1-13] DEBUG org.asynchttpclient.netty.handler.HttpHandler - 

Request DefaultFullHttpRequest(decodeResult: success, version: HTTP/1.1, content: EmptyByteBufBE)
GET /session/40f4a7f07a8c6598bc96b2a7620ccaf1/element/8cb4ea7f-45e5-4958-b538-8f0e383a7b7c/name HTTP/1.1
User-Agent: selenium/4.1.2 (java windows)
Cache-Control: no-cache
Content-Type: application/json; charset=utf-8
host: localhost:50202
accept: */*

Response DefaultHttpResponse(decodeResult: success, version: HTTP/1.1)
HTTP/1.1 200 OK
Content-Type: application/json; charset=utf-8
cache-control: no-cache
content-length: 15

20:39:55.106 [AsyncHttpClient-1-13] DEBUG org.asynchttpclient.netty.channel.ChannelManager - Adding key: http://localhost:50202 for channel [id: 0xcd4c90db, L:/127.0.0.1:50197 - R:localhost/127.0.0.1:50202]
20:39:55.108 [Forwarding findElement on session 40f4a7f07a8c6598bc96b2a7620ccaf1 to remote] DEBUG org.asynchttpclient.netty.request.NettyRequestSender - Using pooled Channel '[id: 0xcd4c90db, L:/127.0.0.1:50197 - R:localhost/127.0.0.1:50202]' for 'POST' to 'http://localhost:50202/session/40f4a7f07a8c6598bc96b2a7620ccaf1/element'
20:39:55.108 [Forwarding findElement on session 40f4a7f07a8c6598bc96b2a7620ccaf1 to remote] DEBUG org.asynchttpclient.netty.request.NettyRequestSender - Using open Channel [id: 0xcd4c90db, L:/127.0.0.1:50197 - R:localhost/127.0.0.1:50202] for POST '/session/40f4a7f07a8c6598bc96b2a7620ccaf1/element'
20:39:55.119 [AsyncHttpClient-1-13] DEBUG org.asynchttpclient.netty.handler.HttpHandler - 

Request DefaultHttpRequest(decodeResult: success, version: HTTP/1.1)
POST /session/40f4a7f07a8c6598bc96b2a7620ccaf1/element HTTP/1.1
User-Agent: selenium/4.1.2 (java windows)
Content-Length: 74
Content-Type: application/json; charset=utf-8
host: localhost:50202
accept: */*

Response DefaultHttpResponse(decodeResult: success, version: HTTP/1.1)
HTTP/1.1 200 OK
Content-Type: application/json; charset=utf-8
cache-control: no-cache
content-length: 88

20:39:55.119 [AsyncHttpClient-1-13] DEBUG org.asynchttpclient.netty.channel.ChannelManager - Adding key: http://localhost:50202 for channel [id: 0xcd4c90db, L:/127.0.0.1:50197 - R:localhost/127.0.0.1:50202]
20:39:55.120 [Forwarding clickElement on session 40f4a7f07a8c6598bc96b2a7620ccaf1 to remote] DEBUG org.asynchttpclient.netty.request.NettyRequestSender - Using pooled Channel '[id: 0xcd4c90db, L:/127.0.0.1:50197 - R:localhost/127.0.0.1:50202]' for 'POST' to 'http://localhost:50202/session/40f4a7f07a8c6598bc96b2a7620ccaf1/element/8cb4ea7f-45e5-4958-b538-8f0e383a7b7c/click'
20:39:55.120 [Forwarding clickElement on session 40f4a7f07a8c6598bc96b2a7620ccaf1 to remote] DEBUG org.asynchttpclient.netty.request.NettyRequestSender - Using open Channel [id: 0xcd4c90db, L:/127.0.0.1:50197 - R:localhost/127.0.0.1:50202] for POST '/session/40f4a7f07a8c6598bc96b2a7620ccaf1/element/8cb4ea7f-45e5-4958-b538-8f0e383a7b7c/click'
20:39:55.221 [AsyncHttpClient-1-13] DEBUG org.asynchttpclient.netty.handler.HttpHandler - 

Request DefaultHttpRequest(decodeResult: success, version: HTTP/1.1)
POST /session/40f4a7f07a8c6598bc96b2a7620ccaf1/element/8cb4ea7f-45e5-4958-b538-8f0e383a7b7c/click HTTP/1.1
User-Agent: selenium/4.1.2 (java windows)
Content-Length: 50
Content-Type: application/json; charset=utf-8
host: localhost:50202
accept: */*

Response DefaultHttpResponse(decodeResult: success, version: HTTP/1.1)
HTTP/1.1 200 OK
Content-Type: application/json; charset=utf-8
cache-control: no-cache
content-length: 14

20:39:55.221 [AsyncHttpClient-1-13] DEBUG org.asynchttpclient.netty.channel.ChannelManager - Adding key: http://localhost:50202 for channel [id: 0xcd4c90db, L:/127.0.0.1:50197 - R:localhost/127.0.0.1:50202]
  &amp#27;[32mAnd &amp#27;[0m&amp#27;[32mI click transaction button&amp#27;[0m &amp#27;[90m# starter.stepdefinitions.TransactionSteps.iClickTransactionButton()&amp#27;[0m
20:39:55.232 [Forwarding screenshot on session 40f4a7f07a8c6598bc96b2a7620ccaf1 to remote] DEBUG org.asynchttpclient.netty.request.NettyRequestSender - Using pooled Channel '[id: 0xcd4c90db, L:/127.0.0.1:50197 - R:localhost/127.0.0.1:50202]' for 'GET' to 'http://localhost:50202/session/40f4a7f07a8c6598bc96b2a7620ccaf1/screenshot'
20:39:55.232 [Forwarding screenshot on session 40f4a7f07a8c6598bc96b2a7620ccaf1 to remote] DEBUG org.asynchttpclient.netty.request.NettyRequestSender - Using open Channel [id: 0xcd4c90db, L:/127.0.0.1:50197 - R:localhost/127.0.0.1:50202] for GET '/session/40f4a7f07a8c6598bc96b2a7620ccaf1/screenshot'
20:39:55.585 [AsyncHttpClient-1-1] DEBUG org.asynchttpclient.netty.channel.DefaultChannelPool - Entry count for : http://localhost:50199 : 1
20:39:55.660 [AsyncHttpClient-1-13] DEBUG org.asynchttpclient.netty.handler.HttpHandler - 

Request DefaultFullHttpRequest(decodeResult: success, version: HTTP/1.1, content: EmptyByteBufBE)
GET /session/40f4a7f07a8c6598bc96b2a7620ccaf1/screenshot HTTP/1.1
User-Agent: selenium/4.1.2 (java windows)
Cache-Control: no-cache
Content-Type: application/json; charset=utf-8
host: localhost:50202
accept: */*

Response DefaultHttpResponse(decodeResult: success, version: HTTP/1.1)
HTTP/1.1 200 OK
Content-Type: application/json; charset=utf-8
cache-control: no-cache
content-length: 49220

20:39:55.660 [AsyncHttpClient-1-13] DEBUG org.asynchttpclient.netty.channel.ChannelManager - Adding key: http://localhost:50202 for channel [id: 0xcd4c90db, L:/127.0.0.1:50197 - R:localhost/127.0.0.1:50202]
20:39:55.662 [main] DEBUG net.serenitybdd.core.photography.Darkroom - Send negative for processing for target\site\serenity\9a2a272521da688f18ada0ff375141d4b259fd6fcb9c8d4f97d26351ca846928.png
20:39:55.662 [Darkroom Processing Line] DEBUG net.serenitybdd.core.photography.DarkroomProcessingLine - Processing screenshot image in /var/screenshots/screenshot-3672978338541399317
20:39:55.662 [Darkroom Processing Line] DEBUG net.serenitybdd.core.photography.DarkroomProcessingLine - Saving screenshot to target\site\serenity\9a2a272521da688f18ada0ff375141d4b259fd6fcb9c8d4f97d26351ca846928.png
20:39:55.669 [Forwarding findElement on session 40f4a7f07a8c6598bc96b2a7620ccaf1 to remote] DEBUG org.asynchttpclient.netty.request.NettyRequestSender - Using pooled Channel '[id: 0xcd4c90db, L:/127.0.0.1:50197 - R:localhost/127.0.0.1:50202]' for 'POST' to 'http://localhost:50202/session/40f4a7f07a8c6598bc96b2a7620ccaf1/element'
20:39:55.670 [Forwarding findElement on session 40f4a7f07a8c6598bc96b2a7620ccaf1 to remote] DEBUG org.asynchttpclient.netty.request.NettyRequestSender - Using open Channel [id: 0xcd4c90db, L:/127.0.0.1:50197 - R:localhost/127.0.0.1:50202] for POST '/session/40f4a7f07a8c6598bc96b2a7620ccaf1/element'
20:39:55.686 [AsyncHttpClient-1-13] DEBUG org.asynchttpclient.netty.handler.HttpHandler - 

Request DefaultHttpRequest(decodeResult: success, version: HTTP/1.1)
POST /session/40f4a7f07a8c6598bc96b2a7620ccaf1/element HTTP/1.1
User-Agent: selenium/4.1.2 (java windows)
Content-Length: 74
Content-Type: application/json; charset=utf-8
host: localhost:50202
accept: */*

Response DefaultHttpResponse(decodeResult: success, version: HTTP/1.1)
HTTP/1.1 200 OK
Content-Type: application/json; charset=utf-8
cache-control: no-cache
content-length: 88

20:39:55.686 [AsyncHttpClient-1-13] DEBUG org.asynchttpclient.netty.channel.ChannelManager - Adding key: http://localhost:50202 for channel [id: 0xcd4c90db, L:/127.0.0.1:50197 - R:localhost/127.0.0.1:50202]
20:39:55.688 [Forwarding isElementDisplayed on session 40f4a7f07a8c6598bc96b2a7620ccaf1 to remote] DEBUG org.asynchttpclient.netty.request.NettyRequestSender - Using pooled Channel '[id: 0xcd4c90db, L:/127.0.0.1:50197 - R:localhost/127.0.0.1:50202]' for 'POST' to 'http://localhost:50202/session/40f4a7f07a8c6598bc96b2a7620ccaf1/execute/sync'
20:39:55.688 [Forwarding isElementDisplayed on session 40f4a7f07a8c6598bc96b2a7620ccaf1 to remote] DEBUG org.asynchttpclient.netty.request.NettyRequestSender - Using open Channel [id: 0xcd4c90db, L:/127.0.0.1:50197 - R:localhost/127.0.0.1:50202] for POST '/session/40f4a7f07a8c6598bc96b2a7620ccaf1/execute/sync'
20:39:55.706 [AsyncHttpClient-1-13] DEBUG org.asynchttpclient.netty.handler.HttpHandler - 

Request DefaultHttpRequest(decodeResult: success, version: HTTP/1.1)
POST /session/40f4a7f07a8c6598bc96b2a7620ccaf1/execute/sync HTTP/1.1
User-Agent: selenium/4.1.2 (java windows)
Content-Length: 48780
Content-Type: application/json; charset=utf-8
host: localhost:50202
accept: */*

Response DefaultHttpResponse(decodeResult: success, version: HTTP/1.1)
HTTP/1.1 200 OK
Content-Type: application/json; charset=utf-8
cache-control: no-cache
content-length: 14

20:39:55.706 [AsyncHttpClient-1-13] DEBUG org.asynchttpclient.netty.channel.ChannelManager - Adding key: http://localhost:50202 for channel [id: 0xcd4c90db, L:/127.0.0.1:50197 - R:localhost/127.0.0.1:50202]
  &amp#27;[32mThen &amp#27;[0m&amp#27;[32mI get my transaction list&amp#27;[0m &amp#27;[90m# starter.stepdefinitions.TransactionSteps.iGetMyTransactionList()&amp#27;[0m
20:39:55.713 [main] INFO  - 
  _____   ___   ___   _____     ___     _     ___   ___   ___   ___  
 |_   _| | __| / __| |_   _|   | _ \   /_\   / __| / __| | __| |   \ 
   | |   | _|  \__ \   | |     |  _/  / _ \  \__ \ \__ \ | _|  | |) |
   |_|   |___| |___/   |_|     |_|   /_/ \_\ |___/ |___/ |___| |___/ 

View Transaction List
----------------------------------------------------------------------
20:39:55.715 [AsyncHttpClient-1-15] DEBUG org.asynchttpclient.netty.handler.WebSocketHandler - Channel Closed: [id: 0x967a8755, L:/127.0.0.1:50210 ! R:localhost/127.0.0.1:50199] with attribute NettyResponseFuture{currentRetry=5,
	isDone=1,
	isCancelled=0,
	asyncHandler=org.asynchttpclient.ws.WebSocketUpgradeHandler@2d77bc99,
	nettyRequest=org.asynchttpclient.netty.request.NettyRequest@49d4d5d9,
	future=java.util.concurrent.CompletableFuture@5c7620a3[Completed normally],
	uri=ws://localhost:50199/devtools/browser/cfc9904a-63d9-4958-8251-f45971e4c90e,
	keepAlive=true,
	redirectCount=0,
	timeoutsHolder=null,
	inAuth=0,
	touch=1667223591974}
20:39:55.715 [AsyncHttpClient-1-15] DEBUG org.asynchttpclient.netty.channel.ChannelManager - Closing Channel [id: 0x967a8755, L:/127.0.0.1:50210 ! R:localhost/127.0.0.1:50199] 
20:39:55.715 [Driver Command Executor] DEBUG org.asynchttpclient.netty.request.NettyRequestSender - Using pooled Channel '[id: 0xcd4c90db, L:/127.0.0.1:50197 - R:localhost/127.0.0.1:50202]' for 'DELETE' to 'http://localhost:50202/session/40f4a7f07a8c6598bc96b2a7620ccaf1'
20:39:55.715 [Driver Command Executor] DEBUG org.asynchttpclient.netty.request.NettyRequestSender - Using open Channel [id: 0xcd4c90db, L:/127.0.0.1:50197 - R:localhost/127.0.0.1:50202] for DELETE '/session/40f4a7f07a8c6598bc96b2a7620ccaf1'
20:39:55.788 [AsyncHttpClient-1-14] DEBUG org.asynchttpclient.netty.handler.HttpHandler - Unexpected I/O exception on channel [id: 0x62cf16dd, L:/127.0.0.1:50209 - R:localhost/127.0.0.1:50199]
java.net.SocketException: Connection reset
	at java.base/sun.nio.ch.SocketChannelImpl.throwConnectionReset(SocketChannelImpl.java:345)
	at java.base/sun.nio.ch.SocketChannelImpl.read(SocketChannelImpl.java:376)
	at io.netty.buffer.PooledByteBuf.setBytes(PooledByteBuf.java:258)
	at io.netty.buffer.AbstractByteBuf.writeBytes(AbstractByteBuf.java:1132)
	at io.netty.channel.socket.nio.NioSocketChannel.doReadBytes(NioSocketChannel.java:350)
	at io.netty.channel.nio.AbstractNioByteChannel$NioByteUnsafe.read(AbstractNioByteChannel.java:151)
	at io.netty.channel.nio.NioEventLoop.processSelectedKey(NioEventLoop.java:722)
	at io.netty.channel.nio.NioEventLoop.processSelectedKeysOptimized(NioEventLoop.java:658)
	at io.netty.channel.nio.NioEventLoop.processSelectedKeys(NioEventLoop.java:584)
	at io.netty.channel.nio.NioEventLoop.run(NioEventLoop.java:496)
	at io.netty.util.concurrent.SingleThreadEventExecutor$4.run(SingleThreadEventExecutor.java:986)
	at io.netty.util.internal.ThreadExecutorMap$2.run(ThreadExecutorMap.java:74)
	at io.netty.util.concurrent.FastThreadLocalRunnable.run(FastThreadLocalRunnable.java:30)
	at java.base/java.lang.Thread.run(Thread.java:830)
20:39:55.788 [AsyncHttpClient-1-14] DEBUG org.asynchttpclient.netty.channel.ChannelManager - Closing Channel [id: 0x62cf16dd, L:/127.0.0.1:50209 - R:localhost/127.0.0.1:50199] 
20:39:55.788 [AsyncHttpClient-1-14] DEBUG org.asynchttpclient.netty.handler.HttpHandler - Channel Closed: [id: 0x62cf16dd, L:/127.0.0.1:50209 ! R:localhost/127.0.0.1:50199] with attribute DISCARD
20:39:55.817 [AsyncHttpClient-1-13] DEBUG org.asynchttpclient.netty.handler.HttpHandler - 

Request DefaultFullHttpRequest(decodeResult: success, version: HTTP/1.1, content: EmptyByteBufBE)
DELETE /session/40f4a7f07a8c6598bc96b2a7620ccaf1 HTTP/1.1
User-Agent: selenium/4.1.2 (java windows)
Content-Type: application/json; charset=utf-8
host: localhost:50202
accept: */*

Response DefaultHttpResponse(decodeResult: success, version: HTTP/1.1)
HTTP/1.1 200 OK
Content-Type: application/json; charset=utf-8
cache-control: no-cache
content-length: 14

20:39:55.817 [AsyncHttpClient-1-13] DEBUG org.asynchttpclient.netty.channel.ChannelManager - Adding key: http://localhost:50202 for channel [id: 0xcd4c90db, L:/127.0.0.1:50197 - R:localhost/127.0.0.1:50202]
20:39:55.895 [AsyncHttpClient-1-13] DEBUG org.asynchttpclient.netty.handler.HttpHandler - Channel Closed: [id: 0xcd4c90db, L:/127.0.0.1:50197 ! R:localhost/127.0.0.1:50202] with attribute DISCARD
]]></system-out>
    <system-err><![CDATA[Starting ChromeDriver 106.0.5249.61 (511755355844955cd3e264779baf0dd38212a4d0-refs/branch-heads/5249@{#569}) on port 50202
Only local connections are allowed.
Please see https://chromedriver.chromium.org/security-considerations for suggestions on keeping ChromeDriver safe.
ChromeDriver was started successfully.
[1667223591.441][WARNING]: This version of ChromeDriver has not been tested with Chrome version 107.
Oct 31, 2022 8:39:51 PM org.openqa.selenium.remote.ProtocolHandshake createSession
INFO: Detected dialect: W3C
Oct 31, 2022 8:39:51 PM org.openqa.selenium.devtools.CdpVersionFinder findNearestMatch
WARNING: Unable to find an exact match for CDP version 107, so returning the closest version found: a no-op implementation
Oct 31, 2022 8:39:51 PM org.openqa.selenium.devtools.CdpVersionFinder findNearestMatch
INFO: Unable to find CDP implementation matching 107.
Oct 31, 2022 8:39:51 PM org.openqa.selenium.chromium.ChromiumDriver lambda$new$3
WARNING: Unable to find version of CDP to use for . You may need to include a dependency on a specific version of the CDP using something similar to `org.seleniumhq.selenium:selenium-devtools-v86:4.1.2` where the version ("v86") matches the version of the chromium-based browser you're using and the version number of the artifact is the same as Selenium's.
]]></system-err>
  </testcase>
</testsuite>