<?xml version="1.0" encoding="UTF-8"?>
<testsuite xmlns:xsi="http://www.w3.org/2001/XMLSchema-instance" xsi:noNamespaceSchemaLocation="https://maven.apache.org/surefire/maven-failsafe-plugin/xsd/failsafe-test-report-3.0.xsd" version="3.0" name="CucumberTestSuite" time="195.903" tests="27" errors="0" skipped="0" failures="0">
  <properties>
    <property name="java.specification.version" value="13"/>
    <property name="webdriver.chrome.driver" value="C:\Users\ASUS\Desktop\stupen\miniproject\Web\ASWeb\src\test\resources\webdriver\chromedriver.exe"/>
    <property name="sun.cpu.isalist" value="amd64"/>
    <property name="sun.jnu.encoding" value="Cp1252"/>
    <property name="java.class.path" value="C:\Users\ASUS\Desktop\stupen\miniproject\Web\ASWeb\target\test-classes;C:\Users\ASUS\.m2\repository\net\serenity-bdd\serenity-core\3.2.1\serenity-core-3.2.1.jar;C:\Users\ASUS\.m2\repository\net\serenity-bdd\serenity-model\3.2.1\serenity-model-3.2.1.jar;C:\Users\ASUS\.m2\repository\org\apache\commons\commons-text\1.9\commons-text-1.9.jar;C:\Users\ASUS\.m2\repository\commons-net\commons-net\3.8.0\commons-net-3.8.0.jar;C:\Users\ASUS\.m2\repository\com\google\guava\guava\31.1-jre\guava-31.1-jre.jar;C:\Users\ASUS\.m2\repository\com\google\guava\failureaccess\1.0.1\failureaccess-1.0.1.jar;C:\Users\ASUS\.m2\repository\com\google\guava\listenablefuture\9999.0-empty-to-avoid-conflict-with-guava\listenablefuture-9999.0-empty-to-avoid-conflict-with-guava.jar;C:\Users\ASUS\.m2\repository\com\google\code\findbugs\jsr305\3.0.2\jsr305-3.0.2.jar;C:\Users\ASUS\.m2\repository\org\checkerframework\checker-qual\3.12.0\checker-qual-3.12.0.jar;C:\Users\ASUS\.m2\repository\com\google\errorprone\error_prone_annotations\2.11.0\error_prone_annotations-2.11.0.jar;C:\Users\ASUS\.m2\repository\com\google\j2objc\j2objc-annotations\1.3\j2objc-annotations-1.3.jar;C:\Users\ASUS\.m2\repository\com\google\inject\guice\5.1.0\guice-5.1.0.jar;C:\Users\ASUS\.m2\repository\javax\inject\javax.inject\1\javax.inject-1.jar;C:\Users\ASUS\.m2\repository\aopalliance\aopalliance\1.0\aopalliance-1.0.jar;C:\Users\ASUS\.m2\repository\org\jsoup\jsoup\1.14.3\jsoup-1.14.3.jar;C:\Users\ASUS\.m2\repository\com\thoughtworks\xstream\xstream\1.4.19\xstream-1.4.19.jar;C:\Users\ASUS\.m2\repository\io\github\x-stream\mxparser\1.2.2\mxparser-1.2.2.jar;C:\Users\ASUS\.m2\repository\xmlpull\xmlpull\1.1.3.1\xmlpull-1.1.3.1.jar;C:\Users\ASUS\.m2\repository\io\cucumber\cucumber-java\7.2.3\cucumber-java-7.2.3.jar;C:\Users\ASUS\.m2\repository\com\typesafe\config\1.4.2\config-1.4.2.jar;C:\Users\ASUS\.m2\repository\org\imgscalr\imgscalr-lib\4.2\imgscalr-lib-4.2.jar;C:\Users\ASUS\.m2\repository\org\awaitility\awaitility\4.2.0\awaitility-4.2.0.jar;C:\Users\ASUS\.m2\repository\org\freemarker\freemarker\2.3.31\freemarker-2.3.31.jar;C:\Users\ASUS\.m2\repository\io\github\classgraph\classgraph\4.8.138\classgraph-4.8.138.jar;C:\Users\ASUS\.m2\repository\net\sourceforge\jexcelapi\jxl\2.6.12\jxl-2.6.12.jar;C:\Users\ASUS\.m2\repository\net\bytebuddy\byte-buddy\1.12.8\byte-buddy-1.12.8.jar;C:\Users\ASUS\.m2\repository\net\bytebuddy\byte-buddy-agent\1.12.8\byte-buddy-agent-1.12.8.jar;C:\Users\ASUS\.m2\repository\org\objenesis\objenesis\3.1\objenesis-3.1.jar;C:\Users\ASUS\.m2\repository\net\serenity-bdd\serenity-reports\3.2.1\serenity-reports-3.2.1.jar;C:\Users\ASUS\.m2\repository\net\serenity-bdd\serenity-stats\3.2.1\serenity-stats-3.2.1.jar;C:\Users\ASUS\.m2\repository\net\serenity-bdd\serenity-reports-configuration\3.2.1\serenity-reports-configuration-3.2.1.jar;C:\Users\ASUS\.m2\repository\com\vladsch\flexmark\flexmark-all\0.34.30\flexmark-all-0.34.30.jar;C:\Users\ASUS\.m2\repository\com\vladsch\flexmark\flexmark\0.34.30\flexmark-0.34.30.jar;C:\Users\ASUS\.m2\repository\com\vladsch\flexmark\flexmark-ext-abbreviation\0.34.30\flexmark-ext-abbreviation-0.34.30.jar;C:\Users\ASUS\.m2\repository\com\vladsch\flexmark\flexmark-ext-admonition\0.34.30\flexmark-ext-admonition-0.34.30.jar;C:\Users\ASUS\.m2\repository\com\vladsch\flexmark\flexmark-ext-anchorlink\0.34.30\flexmark-ext-anchorlink-0.34.30.jar;C:\Users\ASUS\.m2\repository\com\vladsch\flexmark\flexmark-ext-aside\0.34.30\flexmark-ext-aside-0.34.30.jar;C:\Users\ASUS\.m2\repository\com\vladsch\flexmark\flexmark-ext-attributes\0.34.30\flexmark-ext-attributes-0.34.30.jar;C:\Users\ASUS\.m2\repository\com\vladsch\flexmark\flexmark-ext-autolink\0.34.30\flexmark-ext-autolink-0.34.30.jar;C:\Users\ASUS\.m2\repository\org\nibor\autolink\autolink\0.6.0\autolink-0.6.0.jar;C:\Users\ASUS\.m2\repository\com\vladsch\flexmark\flexmark-ext-definition\0.34.30\flexmark-ext-definition-0.34.30.jar;C:\Users\ASUS\.m2\repository\com\vladsch\flexmark\flexmark-ext-emoji\0.34.30\flexmark-ext-emoji-0.34.30.jar;C:\Users\ASUS\.m2\repository\com\vladsch\flexmark\flexmark-ext-enumerated-reference\0.34.30\flexmark-ext-enumerated-reference-0.34.30.jar;C:\Users\ASUS\.m2\repository\com\vladsch\flexmark\flexmark-ext-escaped-character\0.34.30\flexmark-ext-escaped-character-0.34.30.jar;C:\Users\ASUS\.m2\repository\com\vladsch\flexmark\flexmark-ext-footnotes\0.34.30\flexmark-ext-footnotes-0.34.30.jar;C:\Users\ASUS\.m2\repository\com\vladsch\flexmark\flexmark-ext-gfm-issues\0.34.30\flexmark-ext-gfm-issues-0.34.30.jar;C:\Users\ASUS\.m2\repository\com\vladsch\flexmark\flexmark-ext-gfm-strikethrough\0.34.30\flexmark-ext-gfm-strikethrough-0.34.30.jar;C:\Users\ASUS\.m2\repository\com\vladsch\flexmark\flexmark-ext-gfm-tables\0.34.30\flexmark-ext-gfm-tables-0.34.30.jar;C:\Users\ASUS\.m2\repository\com\vladsch\flexmark\flexmark-ext-gfm-tasklist\0.34.30\flexmark-ext-gfm-tasklist-0.34.30.jar;C:\Users\ASUS\.m2\repository\com\vladsch\flexmark\flexmark-ext-gfm-users\0.34.30\flexmark-ext-gfm-users-0.34.30.jar;C:\Users\ASUS\.m2\repository\com\vladsch\flexmark\flexmark-ext-gitlab\0.34.30\flexmark-ext-gitlab-0.34.30.jar;C:\Users\ASUS\.m2\repository\com\vladsch\flexmark\flexmark-ext-jekyll-front-matter\0.34.30\flexmark-ext-jekyll-front-matter-0.34.30.jar;C:\Users\ASUS\.m2\repository\com\vladsch\flexmark\flexmark-ext-jekyll-tag\0.34.30\flexmark-ext-jekyll-tag-0.34.30.jar;C:\Users\ASUS\.m2\repository\com\vladsch\flexmark\flexmark-ext-media-tags\0.34.30\flexmark-ext-media-tags-0.34.30.jar;C:\Users\ASUS\.m2\repository\com\vladsch\flexmark\flexmark-test-util\0.34.30\flexmark-test-util-0.34.30.jar;C:\Users\ASUS\.m2\repository\com\vladsch\flexmark\flexmark-ext-ins\0.34.30\flexmark-ext-ins-0.34.30.jar;C:\Users\ASUS\.m2\repository\com\vladsch\flexmark\flexmark-ext-xwiki-macros\0.34.30\flexmark-ext-xwiki-macros-0.34.30.jar;C:\Users\ASUS\.m2\repository\com\vladsch\flexmark\flexmark-ext-superscript\0.34.30\flexmark-ext-superscript-0.34.30.jar;C:\Users\ASUS\.m2\repository\com\vladsch\flexmark\flexmark-ext-tables\0.34.30\flexmark-ext-tables-0.34.30.jar;C:\Users\ASUS\.m2\repository\com\vladsch\flexmark\flexmark-ext-toc\0.34.30\flexmark-ext-toc-0.34.30.jar;C:\Users\ASUS\.m2\repository\com\vladsch\flexmark\flexmark-ext-typographic\0.34.30\flexmark-ext-typographic-0.34.30.jar;C:\Users\ASUS\.m2\repository\com\vladsch\flexmark\flexmark-ext-wikilink\0.34.30\flexmark-ext-wikilink-0.34.30.jar;C:\Users\ASUS\.m2\repository\com\vladsch\flexmark\flexmark-ext-yaml-front-matter\0.34.30\flexmark-ext-yaml-front-matter-0.34.30.jar;C:\Users\ASUS\.m2\repository\com\vladsch\flexmark\flexmark-ext-youtube-embedded\0.34.30\flexmark-ext-youtube-embedded-0.34.30.jar;C:\Users\ASUS\.m2\repository\com\vladsch\flexmark\flexmark-formatter\0.34.30\flexmark-formatter-0.34.30.jar;C:\Users\ASUS\.m2\repository\com\vladsch\flexmark\flexmark-html-parser\0.34.30\flexmark-html-parser-0.34.30.jar;C:\Users\ASUS\.m2\repository\com\vladsch\flexmark\flexmark-jira-converter\0.34.30\flexmark-jira-converter-0.34.30.jar;C:\Users\ASUS\.m2\repository\com\vladsch\flexmark\flexmark-pdf-converter\0.34.30\flexmark-pdf-converter-0.34.30.jar;C:\Users\ASUS\.m2\repository\com\openhtmltopdf\openhtmltopdf-core\0.0.1-RC13\openhtmltopdf-core-0.0.1-RC13.jar;C:\Users\ASUS\.m2\repository\com\openhtmltopdf\openhtmltopdf-pdfbox\0.0.1-RC13\openhtmltopdf-pdfbox-0.0.1-RC13.jar;C:\Users\ASUS\.m2\repository\org\apache\pdfbox\pdfbox\2.0.8\pdfbox-2.0.8.jar;C:\Users\ASUS\.m2\repository\org\apache\pdfbox\fontbox\2.0.8\fontbox-2.0.8.jar;C:\Users\ASUS\.m2\repository\commons-logging\commons-logging\1.2\commons-logging-1.2.jar;C:\Users\ASUS\.m2\repository\org\apache\pdfbox\xmpbox\2.0.8\xmpbox-2.0.8.jar;C:\Users\ASUS\.m2\repository\de\rototor\pdfbox\graphics2d\0.12\graphics2d-0.12.jar;C:\Users\ASUS\.m2\repository\com\openhtmltopdf\openhtmltopdf-rtl-support\0.0.1-RC13\openhtmltopdf-rtl-support-0.0.1-RC13.jar;C:\Users\ASUS\.m2\repository\com\ibm\icu\icu4j\59.1\icu4j-59.1.jar;C:\Users\ASUS\.m2\repository\com\openhtmltopdf\openhtmltopdf-jsoup-dom-converter\0.0.1-RC13\openhtmltopdf-jsoup-dom-converter-0.0.1-RC13.jar;C:\Users\ASUS\.m2\repository\com\vladsch\flexmark\flexmark-profile-pegdown\0.34.30\flexmark-profile-pegdown-0.34.30.jar;C:\Users\ASUS\.m2\repository\com\vladsch\flexmark\flexmark-util\0.34.30\flexmark-util-0.34.30.jar;C:\Users\ASUS\.m2\repository\com\vladsch\flexmark\flexmark-youtrack-converter\0.34.30\flexmark-youtrack-converter-0.34.30.jar;C:\Users\ASUS\.m2\repository\es\nitaur\markdown\txtmark\0.16\txtmark-0.16.jar;C:\Users\ASUS\.m2\repository\net\serenity-bdd\serenity-report-resources\3.2.1\serenity-report-resources-3.2.1.jar;C:\Users\ASUS\.m2\repository\com\google\code\gson\gson\2.9.0\gson-2.9.0.jar;C:\Users\ASUS\.m2\repository\com\fasterxml\jackson\core\jackson-core\2.13.2\jackson-core-2.13.2.jar;C:\Users\ASUS\.m2\repository\com\fasterxml\jackson\core\jackson-databind\2.13.2\jackson-databind-2.13.2.jar;C:\Users\ASUS\.m2\repository\com\fasterxml\jackson\core\jackson-annotations\2.13.2\jackson-annotations-2.13.2.jar;C:\Users\ASUS\.m2\repository\commons-codec\commons-codec\1.15\commons-codec-1.15.jar;C:\Users\ASUS\.m2\repository\commons-io\commons-io\2.11.0\commons-io-2.11.0.jar;C:\Users\ASUS\.m2\repository\org\seleniumhq\selenium\selenium-java\4.1.2\selenium-java-4.1.2.jar;C:\Users\ASUS\.m2\repository\org\seleniumhq\selenium\selenium-devtools-v85\4.1.2\selenium-devtools-v85-4.1.2.jar;C:\Users\ASUS\.m2\repository\org\seleniumhq\selenium\selenium-devtools-v95\4.1.2\selenium-devtools-v95-4.1.2.jar;C:\Users\ASUS\.m2\repository\org\seleniumhq\selenium\selenium-devtools-v96\4.1.2\selenium-devtools-v96-4.1.2.jar;C:\Users\ASUS\.m2\repository\org\seleniumhq\selenium\selenium-devtools-v97\4.1.2\selenium-devtools-v97-4.1.2.jar;C:\Users\ASUS\.m2\repository\org\seleniumhq\selenium\selenium-firefox-xpi-driver\4.1.2\selenium-firefox-xpi-driver-4.1.2.jar;C:\Users\ASUS\.m2\repository\org\seleniumhq\selenium\selenium-opera-driver\4.1.2\selenium-opera-driver-4.1.2.jar;C:\Users\ASUS\.m2\repository\org\seleniumhq\selenium\selenium-remote-driver\4.1.2\selenium-remote-driver-4.1.2.jar;C:\Users\ASUS\.m2\repository\com\beust\jcommander\1.82\jcommander-1.82.jar;C:\Users\ASUS\.m2\repository\io\netty\netty-buffer\4.1.73.Final\netty-buffer-4.1.73.Final.jar;C:\Users\ASUS\.m2\repository\io\netty\netty-codec-http\4.1.73.Final\netty-codec-http-4.1.73.Final.jar;C:\Users\ASUS\.m2\repository\io\netty\netty-codec\4.1.73.Final\netty-codec-4.1.73.Final.jar;C:\Users\ASUS\.m2\repository\io\netty\netty-handler\4.1.73.Final\netty-handler-4.1.73.Final.jar;C:\Users\ASUS\.m2\repository\io\netty\netty-tcnative-classes\2.0.46.Final\netty-tcnative-classes-2.0.46.Final.jar;C:\Users\ASUS\.m2\repository\io\netty\netty-common\4.1.73.Final\netty-common-4.1.73.Final.jar;C:\Users\ASUS\.m2\repository\io\netty\netty-transport-classes-epoll\4.1.73.Final\netty-transport-classes-epoll-4.1.73.Final.jar;C:\Users\ASUS\.m2\repository\io\netty\netty-transport-classes-kqueue\4.1.73.Final\netty-transport-classes-kqueue-4.1.73.Final.jar;C:\Users\ASUS\.m2\repository\io\netty\netty-transport-native-epoll\4.1.73.Final\netty-transport-native-epoll-4.1.73.Final.jar;C:\Users\ASUS\.m2\repository\io\netty\netty-transport-native-kqueue\4.1.73.Final\netty-transport-native-kqueue-4.1.73.Final.jar;C:\Users\ASUS\.m2\repository\io\netty\netty-transport-native-unix-common\4.1.73.Final\netty-transport-native-unix-common-4.1.73.Final.jar;C:\Users\ASUS\.m2\repository\io\netty\netty-transport\4.1.73.Final\netty-transport-4.1.73.Final.jar;C:\Users\ASUS\.m2\repository\io\netty\netty-resolver\4.1.73.Final\netty-resolver-4.1.73.Final.jar;C:\Users\ASUS\.m2\repository\io\opentelemetry\opentelemetry-api\1.10.1\opentelemetry-api-1.10.1.jar;C:\Users\ASUS\.m2\repository\io\opentelemetry\opentelemetry-context\1.10.1\opentelemetry-context-1.10.1.jar;C:\Users\ASUS\.m2\repository\io\opentelemetry\opentelemetry-exporter-logging\1.10.1\opentelemetry-exporter-logging-1.10.1.jar;C:\Users\ASUS\.m2\repository\io\opentelemetry\opentelemetry-sdk-metrics\1.10.1-alpha\opentelemetry-sdk-metrics-1.10.1-alpha.jar;C:\Users\ASUS\.m2\repository\io\opentelemetry\opentelemetry-sdk-logs\1.10.1-alpha\opentelemetry-sdk-logs-1.10.1-alpha.jar;C:\Users\ASUS\.m2\repository\io\opentelemetry\opentelemetry-sdk-common\1.10.1\opentelemetry-sdk-common-1.10.1.jar;C:\Users\ASUS\.m2\repository\io\opentelemetry\opentelemetry-sdk-extension-autoconfigure-spi\1.10.1\opentelemetry-sdk-extension-autoconfigure-spi-1.10.1.jar;C:\Users\ASUS\.m2\repository\io\opentelemetry\opentelemetry-sdk-extension-autoconfigure\1.10.1-alpha\opentelemetry-sdk-extension-autoconfigure-1.10.1-alpha.jar;C:\Users\ASUS\.m2\repository\io\opentelemetry\opentelemetry-sdk-trace\1.10.1\opentelemetry-sdk-trace-1.10.1.jar;C:\Users\ASUS\.m2\repository\io\opentelemetry\opentelemetry-sdk\1.10.1\opentelemetry-sdk-1.10.1.jar;C:\Users\ASUS\.m2\repository\io\opentelemetry\opentelemetry-semconv\1.10.1-alpha\opentelemetry-semconv-1.10.1-alpha.jar;C:\Users\ASUS\.m2\repository\io\ous\jtoml\2.0.0\jtoml-2.0.0.jar;C:\Users\ASUS\.m2\repository\org\apache\commons\commons-exec\1.3\commons-exec-1.3.jar;C:\Users\ASUS\.m2\repository\org\asynchttpclient\async-http-client\2.12.3\async-http-client-2.12.3.jar;C:\Users\ASUS\.m2\repository\org\asynchttpclient\async-http-client-netty-utils\2.12.3\async-http-client-netty-utils-2.12.3.jar;C:\Users\ASUS\.m2\repository\io\netty\netty-codec-socks\4.1.60.Final\netty-codec-socks-4.1.60.Final.jar;C:\Users\ASUS\.m2\repository\io\netty\netty-handler-proxy\4.1.60.Final\netty-handler-proxy-4.1.60.Final.jar;C:\Users\ASUS\.m2\repository\io\netty\netty-transport-native-epoll\4.1.60.Final\netty-transport-native-epoll-4.1.60.Final-linux-x86_64.jar;C:\Users\ASUS\.m2\repository\io\netty\netty-transport-native-kqueue\4.1.60.Final\netty-transport-native-kqueue-4.1.60.Final-osx-x86_64.jar;C:\Users\ASUS\.m2\repository\org\reactivestreams\reactive-streams\1.0.3\reactive-streams-1.0.3.jar;C:\Users\ASUS\.m2\repository\com\typesafe\netty\netty-reactive-streams\2.0.4\netty-reactive-streams-2.0.4.jar;C:\Users\ASUS\.m2\repository\org\seleniumhq\selenium\selenium-http\4.1.2\selenium-http-4.1.2.jar;C:\Users\ASUS\.m2\repository\net\jodah\failsafe\2.4.4\failsafe-2.4.4.jar;C:\Users\ASUS\.m2\repository\org\seleniumhq\selenium\selenium-safari-driver\4.1.2\selenium-safari-driver-4.1.2.jar;C:\Users\ASUS\.m2\repository\org\seleniumhq\selenium\selenium-api\4.1.2\selenium-api-4.1.2.jar;C:\Users\ASUS\.m2\repository\org\seleniumhq\selenium\selenium-support\4.1.2\selenium-support-4.1.2.jar;C:\Users\ASUS\.m2\repository\com\google\auto\service\auto-service-annotations\1.0.1\auto-service-annotations-1.0.1.jar;C:\Users\ASUS\.m2\repository\com\google\auto\service\auto-service\1.0.1\auto-service-1.0.1.jar;C:\Users\ASUS\.m2\repository\com\google\auto\auto-common\1.2\auto-common-1.2.jar;C:\Users\ASUS\.m2\repository\org\seleniumhq\selenium\selenium-json\4.1.2\selenium-json-4.1.2.jar;C:\Users\ASUS\.m2\repository\org\seleniumhq\selenium\selenium-chrome-driver\4.1.2\selenium-chrome-driver-4.1.2.jar;C:\Users\ASUS\.m2\repository\org\seleniumhq\selenium\selenium-chromium-driver\4.1.2\selenium-chromium-driver-4.1.2.jar;C:\Users\ASUS\.m2\repository\org\seleniumhq\selenium\selenium-firefox-driver\4.1.2\selenium-firefox-driver-4.1.2.jar;C:\Users\ASUS\.m2\repository\org\seleniumhq\selenium\selenium-edge-driver\4.1.2\selenium-edge-driver-4.1.2.jar;C:\Users\ASUS\.m2\repository\org\seleniumhq\selenium\selenium-ie-driver\4.1.2\selenium-ie-driver-4.1.2.jar;C:\Users\ASUS\.m2\repository\org\projectlombok\lombok\1.18.20\lombok-1.18.20.jar;C:\Users\ASUS\.m2\repository\io\appium\java-client\8.0.0\java-client-8.0.0.jar;C:\Users\ASUS\.m2\repository\commons-validator\commons-validator\1.7\commons-validator-1.7.jar;C:\Users\ASUS\.m2\repository\commons-digester\commons-digester\2.1\commons-digester-2.1.jar;C:\Users\ASUS\.m2\repository\org\aspectj\aspectjweaver\1.9.8\aspectjweaver-1.9.8.jar;C:\Users\ASUS\.m2\repository\org\codehaus\groovy\groovy\3.0.10\groovy-3.0.10.jar;C:\Users\ASUS\.m2\repository\net\sf\opencsv\opencsv\2.0\opencsv-2.0.jar;C:\Users\ASUS\.m2\repository\commons-beanutils\commons-beanutils\1.9.4\commons-beanutils-1.9.4.jar;C:\Users\ASUS\.m2\repository\org\apache\commons\commons-lang3\3.12.0\commons-lang3-3.12.0.jar;C:\Users\ASUS\.m2\repository\commons-collections\commons-collections\3.2.2\commons-collections-3.2.2.jar;C:\Users\ASUS\.m2\repository\org\fluentlenium\fluentlenium-core\0.10.2\fluentlenium-core-0.10.2.jar;C:\Users\ASUS\.m2\repository\io\github\bonigarcia\webdrivermanager\5.1.0\webdrivermanager-5.1.0.jar;C:\Users\ASUS\.m2\repository\com\github\docker-java\docker-java\3.2.13\docker-java-3.2.13.jar;C:\Users\ASUS\.m2\repository\com\github\docker-java\docker-java-core\3.2.13\docker-java-core-3.2.13.jar;C:\Users\ASUS\.m2\repository\com\github\docker-java\docker-java-api\3.2.13\docker-java-api-3.2.13.jar;C:\Users\ASUS\.m2\repository\org\apache\commons\commons-compress\1.21\commons-compress-1.21.jar;C:\Users\ASUS\.m2\repository\org\bouncycastle\bcpkix-jdk15on\1.64\bcpkix-jdk15on-1.64.jar;C:\Users\ASUS\.m2\repository\org\bouncycastle\bcprov-jdk15on\1.64\bcprov-jdk15on-1.64.jar;C:\Users\ASUS\.m2\repository\org\slf4j\jcl-over-slf4j\1.7.30\jcl-over-slf4j-1.7.30.jar;C:\Users\ASUS\.m2\repository\com\github\docker-java\docker-java-transport-httpclient5\3.2.13\docker-java-transport-httpclient5-3.2.13.jar;C:\Users\ASUS\.m2\repository\com\github\docker-java\docker-java-transport\3.2.13\docker-java-transport-3.2.13.jar;C:\Users\ASUS\.m2\repository\org\apache\httpcomponents\client5\httpclient5\5.0.3\httpclient5-5.0.3.jar;C:\Users\ASUS\.m2\repository\org\apache\httpcomponents\core5\httpcore5\5.0.2\httpcore5-5.0.2.jar;C:\Users\ASUS\.m2\repository\net\java\dev\jna\jna\5.8.0\jna-5.8.0.jar;C:\Users\ASUS\.m2\repository\org\brotli\dec\0.1.2\dec-0.1.2.jar;C:\Users\ASUS\.m2\repository\com\jhlabs\filters\2.0.235\filters-2.0.235.jar;C:\Users\ASUS\.m2\repository\com\paulhammant\ngwebdriver\1.1.6\ngwebdriver-1.1.6.jar;C:\Users\ASUS\.m2\repository\joda-time\joda-time\2.8.2\joda-time-2.8.2.jar;C:\Users\ASUS\.m2\repository\org\hamcrest\hamcrest\2.2\hamcrest-2.2.jar;C:\Users\ASUS\.m2\repository\com\google\jimfs\jimfs\1.2\jimfs-1.2.jar;C:\Users\ASUS\.m2\repository\org\mockito\mockito-core\3.3.3\mockito-core-3.3.3.jar;C:\Users\ASUS\.m2\repository\javax\xml\bind\jaxb-api\2.3.1\jaxb-api-2.3.1.jar;C:\Users\ASUS\.m2\repository\javax\activation\javax.activation-api\1.2.0\javax.activation-api-1.2.0.jar;C:\Users\ASUS\.m2\repository\com\sun\xml\bind\jaxb-core\2.3.0.1\jaxb-core-2.3.0.1.jar;C:\Users\ASUS\.m2\repository\com\sun\xml\bind\jaxb-impl\2.3.3\jaxb-impl-2.3.3.jar;C:\Users\ASUS\.m2\repository\jakarta\xml\bind\jakarta.xml.bind-api\2.3.3\jakarta.xml.bind-api-2.3.3.jar;C:\Users\ASUS\.m2\repository\com\sun\activation\jakarta.activation\1.2.2\jakarta.activation-1.2.2.jar;C:\Users\ASUS\.m2\repository\javax\activation\activation\1.1.1\activation-1.1.1.jar;C:\Users\ASUS\.m2\repository\net\serenity-bdd\serenity-cucumber\3.2.1\serenity-cucumber-3.2.1.jar;C:\Users\ASUS\.m2\repository\io\cucumber\cucumber-core\7.2.3\cucumber-core-7.2.3.jar;C:\Users\ASUS\.m2\repository\io\cucumber\cucumber-gherkin\7.2.3\cucumber-gherkin-7.2.3.jar;C:\Users\ASUS\.m2\repository\io\cucumber\cucumber-gherkin-messages\7.2.3\cucumber-gherkin-messages-7.2.3.jar;C:\Users\ASUS\.m2\repository\io\cucumber\messages\17.1.1\messages-17.1.1.jar;C:\Users\ASUS\.m2\repository\io\cucumber\tag-expressions\4.1.0\tag-expressions-4.1.0.jar;C:\Users\ASUS\.m2\repository\io\cucumber\cucumber-expressions\15.0.1\cucumber-expressions-15.0.1.jar;C:\Users\ASUS\.m2\repository\io\cucumber\datatable\7.2.3\datatable-7.2.3.jar;C:\Users\ASUS\.m2\repository\io\cucumber\cucumber-plugin\7.2.3\cucumber-plugin-7.2.3.jar;C:\Users\ASUS\.m2\repository\io\cucumber\docstring\7.2.3\docstring-7.2.3.jar;C:\Users\ASUS\.m2\repository\io\cucumber\html-formatter\17.0.0\html-formatter-17.0.0.jar;C:\Users\ASUS\.m2\repository\io\cucumber\ci-environment\8.1.0\ci-environment-8.1.0.jar;C:\Users\ASUS\.m2\repository\io\cucumber\cucumber-junit\7.2.3\cucumber-junit-7.2.3.jar;C:\Users\ASUS\.m2\repository\org\apache\commons\commons-csv\1.5\commons-csv-1.5.jar;C:\Users\ASUS\.m2\repository\net\serenity-bdd\serenity-screenplay\3.2.1\serenity-screenplay-3.2.1.jar;C:\Users\ASUS\.m2\repository\net\serenity-bdd\serenity-screenplay-webdriver\3.2.1\serenity-screenplay-webdriver-3.2.1.jar;C:\Users\ASUS\.m2\repository\net\serenity-bdd\serenity-ensure\3.2.1\serenity-ensure-3.2.1.jar;C:\Users\ASUS\.m2\repository\net\serenity-bdd\serenity-junit\3.2.1\serenity-junit-3.2.1.jar;C:\Users\ASUS\.m2\repository\org\jetbrains\kotlin\kotlin-stdlib\1.6.0\kotlin-stdlib-1.6.0.jar;C:\Users\ASUS\.m2\repository\org\jetbrains\annotations\13.0\annotations-13.0.jar;C:\Users\ASUS\.m2\repository\org\jetbrains\kotlin\kotlin-stdlib-common\1.6.0\kotlin-stdlib-common-1.6.0.jar;C:\Users\ASUS\.m2\repository\org\junit\platform\junit-platform-launcher\1.8.1\junit-platform-launcher-1.8.1.jar;C:\Users\ASUS\.m2\repository\org\junit\platform\junit-platform-engine\1.8.1\junit-platform-engine-1.8.1.jar;C:\Users\ASUS\.m2\repository\org\opentest4j\opentest4j\1.2.0\opentest4j-1.2.0.jar;C:\Users\ASUS\.m2\repository\org\junit\platform\junit-platform-commons\1.8.1\junit-platform-commons-1.8.1.jar;C:\Users\ASUS\.m2\repository\org\apiguardian\apiguardian-api\1.1.2\apiguardian-api-1.1.2.jar;C:\Users\ASUS\.m2\repository\org\junit\jupiter\junit-jupiter-engine\5.8.2\junit-jupiter-engine-5.8.2.jar;C:\Users\ASUS\.m2\repository\org\junit\jupiter\junit-jupiter-api\5.8.2\junit-jupiter-api-5.8.2.jar;C:\Users\ASUS\.m2\repository\org\junit\vintage\junit-vintage-engine\5.8.2\junit-vintage-engine-5.8.2.jar;C:\Users\ASUS\.m2\repository\junit\junit\4.13.2\junit-4.13.2.jar;C:\Users\ASUS\.m2\repository\org\hamcrest\hamcrest-core\1.3\hamcrest-core-1.3.jar;C:\Users\ASUS\.m2\repository\ch\qos\logback\logback-classic\1.2.10\logback-classic-1.2.10.jar;C:\Users\ASUS\.m2\repository\ch\qos\logback\logback-core\1.2.10\logback-core-1.2.10.jar;C:\Users\ASUS\.m2\repository\org\slf4j\slf4j-api\1.7.32\slf4j-api-1.7.32.jar;C:\Users\ASUS\.m2\repository\org\assertj\assertj-core\3.6.2\assertj-core-3.6.2.jar;"/>
    <property name="java.vm.vendor" value="Oracle Corporation"/>
    <property name="sun.arch.data.model" value="64"/>
    <property name="user.variant" value=""/>
    <property name="java.vendor.url" value="https://java.oracle.com/"/>
    <property name="user.timezone" value="Asia/Jakarta"/>
    <property name="log4j2.formatMsgNoLookups" value="true"/>
    <property name="os.name" value="Windows 10"/>
    <property name="java.vm.specification.version" value="13"/>
    <property name="sun.java.launcher" value="SUN_STANDARD"/>
    <property name="user.country" value="ID"/>
    <property name="sun.boot.library.path" value="C:\Program Files\Java\jdk-13.0.2\bin"/>
    <property name="sun.java.command" value="org.apache.maven.surefire.booter.ForkedBooter C:\Users\ASUS\AppData\Local\Temp\surefire14487768972885500603 2022-11-04T21-24-49_618-jvmRun1 surefire13953177275745708998tmp surefire_0900248550218696139tmp"/>
    <property name="jdk.debug" value="release"/>
    <property name="surefire.test.class.path" value="C:\Users\ASUS\Desktop\stupen\miniproject\Web\ASWeb\target\test-classes;C:\Users\ASUS\.m2\repository\net\serenity-bdd\serenity-core\3.2.1\serenity-core-3.2.1.jar;C:\Users\ASUS\.m2\repository\net\serenity-bdd\serenity-model\3.2.1\serenity-model-3.2.1.jar;C:\Users\ASUS\.m2\repository\org\apache\commons\commons-text\1.9\commons-text-1.9.jar;C:\Users\ASUS\.m2\repository\commons-net\commons-net\3.8.0\commons-net-3.8.0.jar;C:\Users\ASUS\.m2\repository\com\google\guava\guava\31.1-jre\guava-31.1-jre.jar;C:\Users\ASUS\.m2\repository\com\google\guava\failureaccess\1.0.1\failureaccess-1.0.1.jar;C:\Users\ASUS\.m2\repository\com\google\guava\listenablefuture\9999.0-empty-to-avoid-conflict-with-guava\listenablefuture-9999.0-empty-to-avoid-conflict-with-guava.jar;C:\Users\ASUS\.m2\repository\com\google\code\findbugs\jsr305\3.0.2\jsr305-3.0.2.jar;C:\Users\ASUS\.m2\repository\org\checkerframework\checker-qual\3.12.0\checker-qual-3.12.0.jar;C:\Users\ASUS\.m2\repository\com\google\errorprone\error_prone_annotations\2.11.0\error_prone_annotations-2.11.0.jar;C:\Users\ASUS\.m2\repository\com\google\j2objc\j2objc-annotations\1.3\j2objc-annotations-1.3.jar;C:\Users\ASUS\.m2\repository\com\google\inject\guice\5.1.0\guice-5.1.0.jar;C:\Users\ASUS\.m2\repository\javax\inject\javax.inject\1\javax.inject-1.jar;C:\Users\ASUS\.m2\repository\aopalliance\aopalliance\1.0\aopalliance-1.0.jar;C:\Users\ASUS\.m2\repository\org\jsoup\jsoup\1.14.3\jsoup-1.14.3.jar;C:\Users\ASUS\.m2\repository\com\thoughtworks\xstream\xstream\1.4.19\xstream-1.4.19.jar;C:\Users\ASUS\.m2\repository\io\github\x-stream\mxparser\1.2.2\mxparser-1.2.2.jar;C:\Users\ASUS\.m2\repository\xmlpull\xmlpull\1.1.3.1\xmlpull-1.1.3.1.jar;C:\Users\ASUS\.m2\repository\io\cucumber\cucumber-java\7.2.3\cucumber-java-7.2.3.jar;C:\Users\ASUS\.m2\repository\com\typesafe\config\1.4.2\config-1.4.2.jar;C:\Users\ASUS\.m2\repository\org\imgscalr\imgscalr-lib\4.2\imgscalr-lib-4.2.jar;C:\Users\ASUS\.m2\repository\org\awaitility\awaitility\4.2.0\awaitility-4.2.0.jar;C:\Users\ASUS\.m2\repository\org\freemarker\freemarker\2.3.31\freemarker-2.3.31.jar;C:\Users\ASUS\.m2\repository\io\github\classgraph\classgraph\4.8.138\classgraph-4.8.138.jar;C:\Users\ASUS\.m2\repository\net\sourceforge\jexcelapi\jxl\2.6.12\jxl-2.6.12.jar;C:\Users\ASUS\.m2\repository\net\bytebuddy\byte-buddy\1.12.8\byte-buddy-1.12.8.jar;C:\Users\ASUS\.m2\repository\net\bytebuddy\byte-buddy-agent\1.12.8\byte-buddy-agent-1.12.8.jar;C:\Users\ASUS\.m2\repository\org\objenesis\objenesis\3.1\objenesis-3.1.jar;C:\Users\ASUS\.m2\repository\net\serenity-bdd\serenity-reports\3.2.1\serenity-reports-3.2.1.jar;C:\Users\ASUS\.m2\repository\net\serenity-bdd\serenity-stats\3.2.1\serenity-stats-3.2.1.jar;C:\Users\ASUS\.m2\repository\net\serenity-bdd\serenity-reports-configuration\3.2.1\serenity-reports-configuration-3.2.1.jar;C:\Users\ASUS\.m2\repository\com\vladsch\flexmark\flexmark-all\0.34.30\flexmark-all-0.34.30.jar;C:\Users\ASUS\.m2\repository\com\vladsch\flexmark\flexmark\0.34.30\flexmark-0.34.30.jar;C:\Users\ASUS\.m2\repository\com\vladsch\flexmark\flexmark-ext-abbreviation\0.34.30\flexmark-ext-abbreviation-0.34.30.jar;C:\Users\ASUS\.m2\repository\com\vladsch\flexmark\flexmark-ext-admonition\0.34.30\flexmark-ext-admonition-0.34.30.jar;C:\Users\ASUS\.m2\repository\com\vladsch\flexmark\flexmark-ext-anchorlink\0.34.30\flexmark-ext-anchorlink-0.34.30.jar;C:\Users\ASUS\.m2\repository\com\vladsch\flexmark\flexmark-ext-aside\0.34.30\flexmark-ext-aside-0.34.30.jar;C:\Users\ASUS\.m2\repository\com\vladsch\flexmark\flexmark-ext-attributes\0.34.30\flexmark-ext-attributes-0.34.30.jar;C:\Users\ASUS\.m2\repository\com\vladsch\flexmark\flexmark-ext-autolink\0.34.30\flexmark-ext-autolink-0.34.30.jar;C:\Users\ASUS\.m2\repository\org\nibor\autolink\autolink\0.6.0\autolink-0.6.0.jar;C:\Users\ASUS\.m2\repository\com\vladsch\flexmark\flexmark-ext-definition\0.34.30\flexmark-ext-definition-0.34.30.jar;C:\Users\ASUS\.m2\repository\com\vladsch\flexmark\flexmark-ext-emoji\0.34.30\flexmark-ext-emoji-0.34.30.jar;C:\Users\ASUS\.m2\repository\com\vladsch\flexmark\flexmark-ext-enumerated-reference\0.34.30\flexmark-ext-enumerated-reference-0.34.30.jar;C:\Users\ASUS\.m2\repository\com\vladsch\flexmark\flexmark-ext-escaped-character\0.34.30\flexmark-ext-escaped-character-0.34.30.jar;C:\Users\ASUS\.m2\repository\com\vladsch\flexmark\flexmark-ext-footnotes\0.34.30\flexmark-ext-footnotes-0.34.30.jar;C:\Users\ASUS\.m2\repository\com\vladsch\flexmark\flexmark-ext-gfm-issues\0.34.30\flexmark-ext-gfm-issues-0.34.30.jar;C:\Users\ASUS\.m2\repository\com\vladsch\flexmark\flexmark-ext-gfm-strikethrough\0.34.30\flexmark-ext-gfm-strikethrough-0.34.30.jar;C:\Users\ASUS\.m2\repository\com\vladsch\flexmark\flexmark-ext-gfm-tables\0.34.30\flexmark-ext-gfm-tables-0.34.30.jar;C:\Users\ASUS\.m2\repository\com\vladsch\flexmark\flexmark-ext-gfm-tasklist\0.34.30\flexmark-ext-gfm-tasklist-0.34.30.jar;C:\Users\ASUS\.m2\repository\com\vladsch\flexmark\flexmark-ext-gfm-users\0.34.30\flexmark-ext-gfm-users-0.34.30.jar;C:\Users\ASUS\.m2\repository\com\vladsch\flexmark\flexmark-ext-gitlab\0.34.30\flexmark-ext-gitlab-0.34.30.jar;C:\Users\ASUS\.m2\repository\com\vladsch\flexmark\flexmark-ext-jekyll-front-matter\0.34.30\flexmark-ext-jekyll-front-matter-0.34.30.jar;C:\Users\ASUS\.m2\repository\com\vladsch\flexmark\flexmark-ext-jekyll-tag\0.34.30\flexmark-ext-jekyll-tag-0.34.30.jar;C:\Users\ASUS\.m2\repository\com\vladsch\flexmark\flexmark-ext-media-tags\0.34.30\flexmark-ext-media-tags-0.34.30.jar;C:\Users\ASUS\.m2\repository\com\vladsch\flexmark\flexmark-test-util\0.34.30\flexmark-test-util-0.34.30.jar;C:\Users\ASUS\.m2\repository\com\vladsch\flexmark\flexmark-ext-ins\0.34.30\flexmark-ext-ins-0.34.30.jar;C:\Users\ASUS\.m2\repository\com\vladsch\flexmark\flexmark-ext-xwiki-macros\0.34.30\flexmark-ext-xwiki-macros-0.34.30.jar;C:\Users\ASUS\.m2\repository\com\vladsch\flexmark\flexmark-ext-superscript\0.34.30\flexmark-ext-superscript-0.34.30.jar;C:\Users\ASUS\.m2\repository\com\vladsch\flexmark\flexmark-ext-tables\0.34.30\flexmark-ext-tables-0.34.30.jar;C:\Users\ASUS\.m2\repository\com\vladsch\flexmark\flexmark-ext-toc\0.34.30\flexmark-ext-toc-0.34.30.jar;C:\Users\ASUS\.m2\repository\com\vladsch\flexmark\flexmark-ext-typographic\0.34.30\flexmark-ext-typographic-0.34.30.jar;C:\Users\ASUS\.m2\repository\com\vladsch\flexmark\flexmark-ext-wikilink\0.34.30\flexmark-ext-wikilink-0.34.30.jar;C:\Users\ASUS\.m2\repository\com\vladsch\flexmark\flexmark-ext-yaml-front-matter\0.34.30\flexmark-ext-yaml-front-matter-0.34.30.jar;C:\Users\ASUS\.m2\repository\com\vladsch\flexmark\flexmark-ext-youtube-embedded\0.34.30\flexmark-ext-youtube-embedded-0.34.30.jar;C:\Users\ASUS\.m2\repository\com\vladsch\flexmark\flexmark-formatter\0.34.30\flexmark-formatter-0.34.30.jar;C:\Users\ASUS\.m2\repository\com\vladsch\flexmark\flexmark-html-parser\0.34.30\flexmark-html-parser-0.34.30.jar;C:\Users\ASUS\.m2\repository\com\vladsch\flexmark\flexmark-jira-converter\0.34.30\flexmark-jira-converter-0.34.30.jar;C:\Users\ASUS\.m2\repository\com\vladsch\flexmark\flexmark-pdf-converter\0.34.30\flexmark-pdf-converter-0.34.30.jar;C:\Users\ASUS\.m2\repository\com\openhtmltopdf\openhtmltopdf-core\0.0.1-RC13\openhtmltopdf-core-0.0.1-RC13.jar;C:\Users\ASUS\.m2\repository\com\openhtmltopdf\openhtmltopdf-pdfbox\0.0.1-RC13\openhtmltopdf-pdfbox-0.0.1-RC13.jar;C:\Users\ASUS\.m2\repository\org\apache\pdfbox\pdfbox\2.0.8\pdfbox-2.0.8.jar;C:\Users\ASUS\.m2\repository\org\apache\pdfbox\fontbox\2.0.8\fontbox-2.0.8.jar;C:\Users\ASUS\.m2\repository\commons-logging\commons-logging\1.2\commons-logging-1.2.jar;C:\Users\ASUS\.m2\repository\org\apache\pdfbox\xmpbox\2.0.8\xmpbox-2.0.8.jar;C:\Users\ASUS\.m2\repository\de\rototor\pdfbox\graphics2d\0.12\graphics2d-0.12.jar;C:\Users\ASUS\.m2\repository\com\openhtmltopdf\openhtmltopdf-rtl-support\0.0.1-RC13\openhtmltopdf-rtl-support-0.0.1-RC13.jar;C:\Users\ASUS\.m2\repository\com\ibm\icu\icu4j\59.1\icu4j-59.1.jar;C:\Users\ASUS\.m2\repository\com\openhtmltopdf\openhtmltopdf-jsoup-dom-converter\0.0.1-RC13\openhtmltopdf-jsoup-dom-converter-0.0.1-RC13.jar;C:\Users\ASUS\.m2\repository\com\vladsch\flexmark\flexmark-profile-pegdown\0.34.30\flexmark-profile-pegdown-0.34.30.jar;C:\Users\ASUS\.m2\repository\com\vladsch\flexmark\flexmark-util\0.34.30\flexmark-util-0.34.30.jar;C:\Users\ASUS\.m2\repository\com\vladsch\flexmark\flexmark-youtrack-converter\0.34.30\flexmark-youtrack-converter-0.34.30.jar;C:\Users\ASUS\.m2\repository\es\nitaur\markdown\txtmark\0.16\txtmark-0.16.jar;C:\Users\ASUS\.m2\repository\net\serenity-bdd\serenity-report-resources\3.2.1\serenity-report-resources-3.2.1.jar;C:\Users\ASUS\.m2\repository\com\google\code\gson\gson\2.9.0\gson-2.9.0.jar;C:\Users\ASUS\.m2\repository\com\fasterxml\jackson\core\jackson-core\2.13.2\jackson-core-2.13.2.jar;C:\Users\ASUS\.m2\repository\com\fasterxml\jackson\core\jackson-databind\2.13.2\jackson-databind-2.13.2.jar;C:\Users\ASUS\.m2\repository\com\fasterxml\jackson\core\jackson-annotations\2.13.2\jackson-annotations-2.13.2.jar;C:\Users\ASUS\.m2\repository\commons-codec\commons-codec\1.15\commons-codec-1.15.jar;C:\Users\ASUS\.m2\repository\commons-io\commons-io\2.11.0\commons-io-2.11.0.jar;C:\Users\ASUS\.m2\repository\org\seleniumhq\selenium\selenium-java\4.1.2\selenium-java-4.1.2.jar;C:\Users\ASUS\.m2\repository\org\seleniumhq\selenium\selenium-devtools-v85\4.1.2\selenium-devtools-v85-4.1.2.jar;C:\Users\ASUS\.m2\repository\org\seleniumhq\selenium\selenium-devtools-v95\4.1.2\selenium-devtools-v95-4.1.2.jar;C:\Users\ASUS\.m2\repository\org\seleniumhq\selenium\selenium-devtools-v96\4.1.2\selenium-devtools-v96-4.1.2.jar;C:\Users\ASUS\.m2\repository\org\seleniumhq\selenium\selenium-devtools-v97\4.1.2\selenium-devtools-v97-4.1.2.jar;C:\Users\ASUS\.m2\repository\org\seleniumhq\selenium\selenium-firefox-xpi-driver\4.1.2\selenium-firefox-xpi-driver-4.1.2.jar;C:\Users\ASUS\.m2\repository\org\seleniumhq\selenium\selenium-opera-driver\4.1.2\selenium-opera-driver-4.1.2.jar;C:\Users\ASUS\.m2\repository\org\seleniumhq\selenium\selenium-remote-driver\4.1.2\selenium-remote-driver-4.1.2.jar;C:\Users\ASUS\.m2\repository\com\beust\jcommander\1.82\jcommander-1.82.jar;C:\Users\ASUS\.m2\repository\io\netty\netty-buffer\4.1.73.Final\netty-buffer-4.1.73.Final.jar;C:\Users\ASUS\.m2\repository\io\netty\netty-codec-http\4.1.73.Final\netty-codec-http-4.1.73.Final.jar;C:\Users\ASUS\.m2\repository\io\netty\netty-codec\4.1.73.Final\netty-codec-4.1.73.Final.jar;C:\Users\ASUS\.m2\repository\io\netty\netty-handler\4.1.73.Final\netty-handler-4.1.73.Final.jar;C:\Users\ASUS\.m2\repository\io\netty\netty-tcnative-classes\2.0.46.Final\netty-tcnative-classes-2.0.46.Final.jar;C:\Users\ASUS\.m2\repository\io\netty\netty-common\4.1.73.Final\netty-common-4.1.73.Final.jar;C:\Users\ASUS\.m2\repository\io\netty\netty-transport-classes-epoll\4.1.73.Final\netty-transport-classes-epoll-4.1.73.Final.jar;C:\Users\ASUS\.m2\repository\io\netty\netty-transport-classes-kqueue\4.1.73.Final\netty-transport-classes-kqueue-4.1.73.Final.jar;C:\Users\ASUS\.m2\repository\io\netty\netty-transport-native-epoll\4.1.73.Final\netty-transport-native-epoll-4.1.73.Final.jar;C:\Users\ASUS\.m2\repository\io\netty\netty-transport-native-kqueue\4.1.73.Final\netty-transport-native-kqueue-4.1.73.Final.jar;C:\Users\ASUS\.m2\repository\io\netty\netty-transport-native-unix-common\4.1.73.Final\netty-transport-native-unix-common-4.1.73.Final.jar;C:\Users\ASUS\.m2\repository\io\netty\netty-transport\4.1.73.Final\netty-transport-4.1.73.Final.jar;C:\Users\ASUS\.m2\repository\io\netty\netty-resolver\4.1.73.Final\netty-resolver-4.1.73.Final.jar;C:\Users\ASUS\.m2\repository\io\opentelemetry\opentelemetry-api\1.10.1\opentelemetry-api-1.10.1.jar;C:\Users\ASUS\.m2\repository\io\opentelemetry\opentelemetry-context\1.10.1\opentelemetry-context-1.10.1.jar;C:\Users\ASUS\.m2\repository\io\opentelemetry\opentelemetry-exporter-logging\1.10.1\opentelemetry-exporter-logging-1.10.1.jar;C:\Users\ASUS\.m2\repository\io\opentelemetry\opentelemetry-sdk-metrics\1.10.1-alpha\opentelemetry-sdk-metrics-1.10.1-alpha.jar;C:\Users\ASUS\.m2\repository\io\opentelemetry\opentelemetry-sdk-logs\1.10.1-alpha\opentelemetry-sdk-logs-1.10.1-alpha.jar;C:\Users\ASUS\.m2\repository\io\opentelemetry\opentelemetry-sdk-common\1.10.1\opentelemetry-sdk-common-1.10.1.jar;C:\Users\ASUS\.m2\repository\io\opentelemetry\opentelemetry-sdk-extension-autoconfigure-spi\1.10.1\opentelemetry-sdk-extension-autoconfigure-spi-1.10.1.jar;C:\Users\ASUS\.m2\repository\io\opentelemetry\opentelemetry-sdk-extension-autoconfigure\1.10.1-alpha\opentelemetry-sdk-extension-autoconfigure-1.10.1-alpha.jar;C:\Users\ASUS\.m2\repository\io\opentelemetry\opentelemetry-sdk-trace\1.10.1\opentelemetry-sdk-trace-1.10.1.jar;C:\Users\ASUS\.m2\repository\io\opentelemetry\opentelemetry-sdk\1.10.1\opentelemetry-sdk-1.10.1.jar;C:\Users\ASUS\.m2\repository\io\opentelemetry\opentelemetry-semconv\1.10.1-alpha\opentelemetry-semconv-1.10.1-alpha.jar;C:\Users\ASUS\.m2\repository\io\ous\jtoml\2.0.0\jtoml-2.0.0.jar;C:\Users\ASUS\.m2\repository\org\apache\commons\commons-exec\1.3\commons-exec-1.3.jar;C:\Users\ASUS\.m2\repository\org\asynchttpclient\async-http-client\2.12.3\async-http-client-2.12.3.jar;C:\Users\ASUS\.m2\repository\org\asynchttpclient\async-http-client-netty-utils\2.12.3\async-http-client-netty-utils-2.12.3.jar;C:\Users\ASUS\.m2\repository\io\netty\netty-codec-socks\4.1.60.Final\netty-codec-socks-4.1.60.Final.jar;C:\Users\ASUS\.m2\repository\io\netty\netty-handler-proxy\4.1.60.Final\netty-handler-proxy-4.1.60.Final.jar;C:\Users\ASUS\.m2\repository\io\netty\netty-transport-native-epoll\4.1.60.Final\netty-transport-native-epoll-4.1.60.Final-linux-x86_64.jar;C:\Users\ASUS\.m2\repository\io\netty\netty-transport-native-kqueue\4.1.60.Final\netty-transport-native-kqueue-4.1.60.Final-osx-x86_64.jar;C:\Users\ASUS\.m2\repository\org\reactivestreams\reactive-streams\1.0.3\reactive-streams-1.0.3.jar;C:\Users\ASUS\.m2\repository\com\typesafe\netty\netty-reactive-streams\2.0.4\netty-reactive-streams-2.0.4.jar;C:\Users\ASUS\.m2\repository\org\seleniumhq\selenium\selenium-http\4.1.2\selenium-http-4.1.2.jar;C:\Users\ASUS\.m2\repository\net\jodah\failsafe\2.4.4\failsafe-2.4.4.jar;C:\Users\ASUS\.m2\repository\org\seleniumhq\selenium\selenium-safari-driver\4.1.2\selenium-safari-driver-4.1.2.jar;C:\Users\ASUS\.m2\repository\org\seleniumhq\selenium\selenium-api\4.1.2\selenium-api-4.1.2.jar;C:\Users\ASUS\.m2\repository\org\seleniumhq\selenium\selenium-support\4.1.2\selenium-support-4.1.2.jar;C:\Users\ASUS\.m2\repository\com\google\auto\service\auto-service-annotations\1.0.1\auto-service-annotations-1.0.1.jar;C:\Users\ASUS\.m2\repository\com\google\auto\service\auto-service\1.0.1\auto-service-1.0.1.jar;C:\Users\ASUS\.m2\repository\com\google\auto\auto-common\1.2\auto-common-1.2.jar;C:\Users\ASUS\.m2\repository\org\seleniumhq\selenium\selenium-json\4.1.2\selenium-json-4.1.2.jar;C:\Users\ASUS\.m2\repository\org\seleniumhq\selenium\selenium-chrome-driver\4.1.2\selenium-chrome-driver-4.1.2.jar;C:\Users\ASUS\.m2\repository\org\seleniumhq\selenium\selenium-chromium-driver\4.1.2\selenium-chromium-driver-4.1.2.jar;C:\Users\ASUS\.m2\repository\org\seleniumhq\selenium\selenium-firefox-driver\4.1.2\selenium-firefox-driver-4.1.2.jar;C:\Users\ASUS\.m2\repository\org\seleniumhq\selenium\selenium-edge-driver\4.1.2\selenium-edge-driver-4.1.2.jar;C:\Users\ASUS\.m2\repository\org\seleniumhq\selenium\selenium-ie-driver\4.1.2\selenium-ie-driver-4.1.2.jar;C:\Users\ASUS\.m2\repository\org\projectlombok\lombok\1.18.20\lombok-1.18.20.jar;C:\Users\ASUS\.m2\repository\io\appium\java-client\8.0.0\java-client-8.0.0.jar;C:\Users\ASUS\.m2\repository\commons-validator\commons-validator\1.7\commons-validator-1.7.jar;C:\Users\ASUS\.m2\repository\commons-digester\commons-digester\2.1\commons-digester-2.1.jar;C:\Users\ASUS\.m2\repository\org\aspectj\aspectjweaver\1.9.8\aspectjweaver-1.9.8.jar;C:\Users\ASUS\.m2\repository\org\codehaus\groovy\groovy\3.0.10\groovy-3.0.10.jar;C:\Users\ASUS\.m2\repository\net\sf\opencsv\opencsv\2.0\opencsv-2.0.jar;C:\Users\ASUS\.m2\repository\commons-beanutils\commons-beanutils\1.9.4\commons-beanutils-1.9.4.jar;C:\Users\ASUS\.m2\repository\org\apache\commons\commons-lang3\3.12.0\commons-lang3-3.12.0.jar;C:\Users\ASUS\.m2\repository\commons-collections\commons-collections\3.2.2\commons-collections-3.2.2.jar;C:\Users\ASUS\.m2\repository\org\fluentlenium\fluentlenium-core\0.10.2\fluentlenium-core-0.10.2.jar;C:\Users\ASUS\.m2\repository\io\github\bonigarcia\webdrivermanager\5.1.0\webdrivermanager-5.1.0.jar;C:\Users\ASUS\.m2\repository\com\github\docker-java\docker-java\3.2.13\docker-java-3.2.13.jar;C:\Users\ASUS\.m2\repository\com\github\docker-java\docker-java-core\3.2.13\docker-java-core-3.2.13.jar;C:\Users\ASUS\.m2\repository\com\github\docker-java\docker-java-api\3.2.13\docker-java-api-3.2.13.jar;C:\Users\ASUS\.m2\repository\org\apache\commons\commons-compress\1.21\commons-compress-1.21.jar;C:\Users\ASUS\.m2\repository\org\bouncycastle\bcpkix-jdk15on\1.64\bcpkix-jdk15on-1.64.jar;C:\Users\ASUS\.m2\repository\org\bouncycastle\bcprov-jdk15on\1.64\bcprov-jdk15on-1.64.jar;C:\Users\ASUS\.m2\repository\org\slf4j\jcl-over-slf4j\1.7.30\jcl-over-slf4j-1.7.30.jar;C:\Users\ASUS\.m2\repository\com\github\docker-java\docker-java-transport-httpclient5\3.2.13\docker-java-transport-httpclient5-3.2.13.jar;C:\Users\ASUS\.m2\repository\com\github\docker-java\docker-java-transport\3.2.13\docker-java-transport-3.2.13.jar;C:\Users\ASUS\.m2\repository\org\apache\httpcomponents\client5\httpclient5\5.0.3\httpclient5-5.0.3.jar;C:\Users\ASUS\.m2\repository\org\apache\httpcomponents\core5\httpcore5\5.0.2\httpcore5-5.0.2.jar;C:\Users\ASUS\.m2\repository\net\java\dev\jna\jna\5.8.0\jna-5.8.0.jar;C:\Users\ASUS\.m2\repository\org\brotli\dec\0.1.2\dec-0.1.2.jar;C:\Users\ASUS\.m2\repository\com\jhlabs\filters\2.0.235\filters-2.0.235.jar;C:\Users\ASUS\.m2\repository\com\paulhammant\ngwebdriver\1.1.6\ngwebdriver-1.1.6.jar;C:\Users\ASUS\.m2\repository\joda-time\joda-time\2.8.2\joda-time-2.8.2.jar;C:\Users\ASUS\.m2\repository\org\hamcrest\hamcrest\2.2\hamcrest-2.2.jar;C:\Users\ASUS\.m2\repository\com\google\jimfs\jimfs\1.2\jimfs-1.2.jar;C:\Users\ASUS\.m2\repository\org\mockito\mockito-core\3.3.3\mockito-core-3.3.3.jar;C:\Users\ASUS\.m2\repository\javax\xml\bind\jaxb-api\2.3.1\jaxb-api-2.3.1.jar;C:\Users\ASUS\.m2\repository\javax\activation\javax.activation-api\1.2.0\javax.activation-api-1.2.0.jar;C:\Users\ASUS\.m2\repository\com\sun\xml\bind\jaxb-core\2.3.0.1\jaxb-core-2.3.0.1.jar;C:\Users\ASUS\.m2\repository\com\sun\xml\bind\jaxb-impl\2.3.3\jaxb-impl-2.3.3.jar;C:\Users\ASUS\.m2\repository\jakarta\xml\bind\jakarta.xml.bind-api\2.3.3\jakarta.xml.bind-api-2.3.3.jar;C:\Users\ASUS\.m2\repository\com\sun\activation\jakarta.activation\1.2.2\jakarta.activation-1.2.2.jar;C:\Users\ASUS\.m2\repository\javax\activation\activation\1.1.1\activation-1.1.1.jar;C:\Users\ASUS\.m2\repository\net\serenity-bdd\serenity-cucumber\3.2.1\serenity-cucumber-3.2.1.jar;C:\Users\ASUS\.m2\repository\io\cucumber\cucumber-core\7.2.3\cucumber-core-7.2.3.jar;C:\Users\ASUS\.m2\repository\io\cucumber\cucumber-gherkin\7.2.3\cucumber-gherkin-7.2.3.jar;C:\Users\ASUS\.m2\repository\io\cucumber\cucumber-gherkin-messages\7.2.3\cucumber-gherkin-messages-7.2.3.jar;C:\Users\ASUS\.m2\repository\io\cucumber\messages\17.1.1\messages-17.1.1.jar;C:\Users\ASUS\.m2\repository\io\cucumber\tag-expressions\4.1.0\tag-expressions-4.1.0.jar;C:\Users\ASUS\.m2\repository\io\cucumber\cucumber-expressions\15.0.1\cucumber-expressions-15.0.1.jar;C:\Users\ASUS\.m2\repository\io\cucumber\datatable\7.2.3\datatable-7.2.3.jar;C:\Users\ASUS\.m2\repository\io\cucumber\cucumber-plugin\7.2.3\cucumber-plugin-7.2.3.jar;C:\Users\ASUS\.m2\repository\io\cucumber\docstring\7.2.3\docstring-7.2.3.jar;C:\Users\ASUS\.m2\repository\io\cucumber\html-formatter\17.0.0\html-formatter-17.0.0.jar;C:\Users\ASUS\.m2\repository\io\cucumber\ci-environment\8.1.0\ci-environment-8.1.0.jar;C:\Users\ASUS\.m2\repository\io\cucumber\cucumber-junit\7.2.3\cucumber-junit-7.2.3.jar;C:\Users\ASUS\.m2\repository\org\apache\commons\commons-csv\1.5\commons-csv-1.5.jar;C:\Users\ASUS\.m2\repository\net\serenity-bdd\serenity-screenplay\3.2.1\serenity-screenplay-3.2.1.jar;C:\Users\ASUS\.m2\repository\net\serenity-bdd\serenity-screenplay-webdriver\3.2.1\serenity-screenplay-webdriver-3.2.1.jar;C:\Users\ASUS\.m2\repository\net\serenity-bdd\serenity-ensure\3.2.1\serenity-ensure-3.2.1.jar;C:\Users\ASUS\.m2\repository\net\serenity-bdd\serenity-junit\3.2.1\serenity-junit-3.2.1.jar;C:\Users\ASUS\.m2\repository\org\jetbrains\kotlin\kotlin-stdlib\1.6.0\kotlin-stdlib-1.6.0.jar;C:\Users\ASUS\.m2\repository\org\jetbrains\annotations\13.0\annotations-13.0.jar;C:\Users\ASUS\.m2\repository\org\jetbrains\kotlin\kotlin-stdlib-common\1.6.0\kotlin-stdlib-common-1.6.0.jar;C:\Users\ASUS\.m2\repository\org\junit\platform\junit-platform-launcher\1.8.1\junit-platform-launcher-1.8.1.jar;C:\Users\ASUS\.m2\repository\org\junit\platform\junit-platform-engine\1.8.1\junit-platform-engine-1.8.1.jar;C:\Users\ASUS\.m2\repository\org\opentest4j\opentest4j\1.2.0\opentest4j-1.2.0.jar;C:\Users\ASUS\.m2\repository\org\junit\platform\junit-platform-commons\1.8.1\junit-platform-commons-1.8.1.jar;C:\Users\ASUS\.m2\repository\org\apiguardian\apiguardian-api\1.1.2\apiguardian-api-1.1.2.jar;C:\Users\ASUS\.m2\repository\org\junit\jupiter\junit-jupiter-engine\5.8.2\junit-jupiter-engine-5.8.2.jar;C:\Users\ASUS\.m2\repository\org\junit\jupiter\junit-jupiter-api\5.8.2\junit-jupiter-api-5.8.2.jar;C:\Users\ASUS\.m2\repository\org\junit\vintage\junit-vintage-engine\5.8.2\junit-vintage-engine-5.8.2.jar;C:\Users\ASUS\.m2\repository\junit\junit\4.13.2\junit-4.13.2.jar;C:\Users\ASUS\.m2\repository\org\hamcrest\hamcrest-core\1.3\hamcrest-core-1.3.jar;C:\Users\ASUS\.m2\repository\ch\qos\logback\logback-classic\1.2.10\logback-classic-1.2.10.jar;C:\Users\ASUS\.m2\repository\ch\qos\logback\logback-core\1.2.10\logback-core-1.2.10.jar;C:\Users\ASUS\.m2\repository\org\slf4j\slf4j-api\1.7.32\slf4j-api-1.7.32.jar;C:\Users\ASUS\.m2\repository\org\assertj\assertj-core\3.6.2\assertj-core-3.6.2.jar;"/>
    <property name="sun.cpu.endian" value="little"/>
    <property name="user.home" value="C:\Users\ASUS"/>
    <property name="user.language" value="en"/>
    <property name="java.specification.vendor" value="Oracle Corporation"/>
    <property name="jdk.module.path" value="C:\Users\ASUS\Desktop\stupen\miniproject\Web\ASWeb\target\ASWeb-1.0-SNAPSHOT.jar"/>
    <property name="java.version.date" value="2020-01-14"/>
    <property name="java.home" value="C:\Program Files\Java\jdk-13.0.2"/>
    <property name="file.separator" value="\"/>
    <property name="basedir" value="C:\Users\ASUS\Desktop\stupen\miniproject\Web\ASWeb"/>
    <property name="java.vm.compressedOopsMode" value="32-bit"/>
    <property name="line.separator" value="&#10;"/>
    <property name="java.vm.specification.vendor" value="Oracle Corporation"/>
    <property name="java.specification.name" value="Java Platform API Specification"/>
    <property name="surefire.real.class.path" value="C:\Users\ASUS\.m2\repository\org\apache\maven\surefire\surefire-booter\3.0.0-M5\surefire-booter-3.0.0-M5.jar;C:\Users\ASUS\.m2\repository\org\apache\maven\surefire\surefire-api\3.0.0-M5\surefire-api-3.0.0-M5.jar;C:\Users\ASUS\.m2\repository\org\apache\maven\surefire\surefire-logger-api\3.0.0-M5\surefire-logger-api-3.0.0-M5.jar;C:\Users\ASUS\.m2\repository\org\apache\maven\surefire\surefire-shared-utils\3.0.0-M4\surefire-shared-utils-3.0.0-M4.jar;C:\Users\ASUS\.m2\repository\org\apache\maven\surefire\surefire-extensions-spi\3.0.0-M5\surefire-extensions-spi-3.0.0-M5.jar;C:\Users\ASUS\Desktop\stupen\miniproject\Web\ASWeb\target\test-classes;C:\Users\ASUS\.m2\repository\net\serenity-bdd\serenity-core\3.2.1\serenity-core-3.2.1.jar;C:\Users\ASUS\.m2\repository\net\serenity-bdd\serenity-model\3.2.1\serenity-model-3.2.1.jar;C:\Users\ASUS\.m2\repository\org\apache\commons\commons-text\1.9\commons-text-1.9.jar;C:\Users\ASUS\.m2\repository\commons-net\commons-net\3.8.0\commons-net-3.8.0.jar;C:\Users\ASUS\.m2\repository\com\google\guava\guava\31.1-jre\guava-31.1-jre.jar;C:\Users\ASUS\.m2\repository\com\google\guava\failureaccess\1.0.1\failureaccess-1.0.1.jar;C:\Users\ASUS\.m2\repository\com\google\guava\listenablefuture\9999.0-empty-to-avoid-conflict-with-guava\listenablefuture-9999.0-empty-to-avoid-conflict-with-guava.jar;C:\Users\ASUS\.m2\repository\com\google\code\findbugs\jsr305\3.0.2\jsr305-3.0.2.jar;C:\Users\ASUS\.m2\repository\org\checkerframework\checker-qual\3.12.0\checker-qual-3.12.0.jar;C:\Users\ASUS\.m2\repository\com\google\errorprone\error_prone_annotations\2.11.0\error_prone_annotations-2.11.0.jar;C:\Users\ASUS\.m2\repository\com\google\j2objc\j2objc-annotations\1.3\j2objc-annotations-1.3.jar;C:\Users\ASUS\.m2\repository\com\google\inject\guice\5.1.0\guice-5.1.0.jar;C:\Users\ASUS\.m2\repository\javax\inject\javax.inject\1\javax.inject-1.jar;C:\Users\ASUS\.m2\repository\aopalliance\aopalliance\1.0\aopalliance-1.0.jar;C:\Users\ASUS\.m2\repository\org\jsoup\jsoup\1.14.3\jsoup-1.14.3.jar;C:\Users\ASUS\.m2\repository\com\thoughtworks\xstream\xstream\1.4.19\xstream-1.4.19.jar;C:\Users\ASUS\.m2\repository\io\github\x-stream\mxparser\1.2.2\mxparser-1.2.2.jar;C:\Users\ASUS\.m2\repository\xmlpull\xmlpull\1.1.3.1\xmlpull-1.1.3.1.jar;C:\Users\ASUS\.m2\repository\io\cucumber\cucumber-java\7.2.3\cucumber-java-7.2.3.jar;C:\Users\ASUS\.m2\repository\com\typesafe\config\1.4.2\config-1.4.2.jar;C:\Users\ASUS\.m2\repository\org\imgscalr\imgscalr-lib\4.2\imgscalr-lib-4.2.jar;C:\Users\ASUS\.m2\repository\org\awaitility\awaitility\4.2.0\awaitility-4.2.0.jar;C:\Users\ASUS\.m2\repository\org\freemarker\freemarker\2.3.31\freemarker-2.3.31.jar;C:\Users\ASUS\.m2\repository\io\github\classgraph\classgraph\4.8.138\classgraph-4.8.138.jar;C:\Users\ASUS\.m2\repository\net\sourceforge\jexcelapi\jxl\2.6.12\jxl-2.6.12.jar;C:\Users\ASUS\.m2\repository\net\bytebuddy\byte-buddy\1.12.8\byte-buddy-1.12.8.jar;C:\Users\ASUS\.m2\repository\net\bytebuddy\byte-buddy-agent\1.12.8\byte-buddy-agent-1.12.8.jar;C:\Users\ASUS\.m2\repository\org\objenesis\objenesis\3.1\objenesis-3.1.jar;C:\Users\ASUS\.m2\repository\net\serenity-bdd\serenity-reports\3.2.1\serenity-reports-3.2.1.jar;C:\Users\ASUS\.m2\repository\net\serenity-bdd\serenity-stats\3.2.1\serenity-stats-3.2.1.jar;C:\Users\ASUS\.m2\repository\net\serenity-bdd\serenity-reports-configuration\3.2.1\serenity-reports-configuration-3.2.1.jar;C:\Users\ASUS\.m2\repository\com\vladsch\flexmark\flexmark-all\0.34.30\flexmark-all-0.34.30.jar;C:\Users\ASUS\.m2\repository\com\vladsch\flexmark\flexmark\0.34.30\flexmark-0.34.30.jar;C:\Users\ASUS\.m2\repository\com\vladsch\flexmark\flexmark-ext-abbreviation\0.34.30\flexmark-ext-abbreviation-0.34.30.jar;C:\Users\ASUS\.m2\repository\com\vladsch\flexmark\flexmark-ext-admonition\0.34.30\flexmark-ext-admonition-0.34.30.jar;C:\Users\ASUS\.m2\repository\com\vladsch\flexmark\flexmark-ext-anchorlink\0.34.30\flexmark-ext-anchorlink-0.34.30.jar;C:\Users\ASUS\.m2\repository\com\vladsch\flexmark\flexmark-ext-aside\0.34.30\flexmark-ext-aside-0.34.30.jar;C:\Users\ASUS\.m2\repository\com\vladsch\flexmark\flexmark-ext-attributes\0.34.30\flexmark-ext-attributes-0.34.30.jar;C:\Users\ASUS\.m2\repository\com\vladsch\flexmark\flexmark-ext-autolink\0.34.30\flexmark-ext-autolink-0.34.30.jar;C:\Users\ASUS\.m2\repository\org\nibor\autolink\autolink\0.6.0\autolink-0.6.0.jar;C:\Users\ASUS\.m2\repository\com\vladsch\flexmark\flexmark-ext-definition\0.34.30\flexmark-ext-definition-0.34.30.jar;C:\Users\ASUS\.m2\repository\com\vladsch\flexmark\flexmark-ext-emoji\0.34.30\flexmark-ext-emoji-0.34.30.jar;C:\Users\ASUS\.m2\repository\com\vladsch\flexmark\flexmark-ext-enumerated-reference\0.34.30\flexmark-ext-enumerated-reference-0.34.30.jar;C:\Users\ASUS\.m2\repository\com\vladsch\flexmark\flexmark-ext-escaped-character\0.34.30\flexmark-ext-escaped-character-0.34.30.jar;C:\Users\ASUS\.m2\repository\com\vladsch\flexmark\flexmark-ext-footnotes\0.34.30\flexmark-ext-footnotes-0.34.30.jar;C:\Users\ASUS\.m2\repository\com\vladsch\flexmark\flexmark-ext-gfm-issues\0.34.30\flexmark-ext-gfm-issues-0.34.30.jar;C:\Users\ASUS\.m2\repository\com\vladsch\flexmark\flexmark-ext-gfm-strikethrough\0.34.30\flexmark-ext-gfm-strikethrough-0.34.30.jar;C:\Users\ASUS\.m2\repository\com\vladsch\flexmark\flexmark-ext-gfm-tables\0.34.30\flexmark-ext-gfm-tables-0.34.30.jar;C:\Users\ASUS\.m2\repository\com\vladsch\flexmark\flexmark-ext-gfm-tasklist\0.34.30\flexmark-ext-gfm-tasklist-0.34.30.jar;C:\Users\ASUS\.m2\repository\com\vladsch\flexmark\flexmark-ext-gfm-users\0.34.30\flexmark-ext-gfm-users-0.34.30.jar;C:\Users\ASUS\.m2\repository\com\vladsch\flexmark\flexmark-ext-gitlab\0.34.30\flexmark-ext-gitlab-0.34.30.jar;C:\Users\ASUS\.m2\repository\com\vladsch\flexmark\flexmark-ext-jekyll-front-matter\0.34.30\flexmark-ext-jekyll-front-matter-0.34.30.jar;C:\Users\ASUS\.m2\repository\com\vladsch\flexmark\flexmark-ext-jekyll-tag\0.34.30\flexmark-ext-jekyll-tag-0.34.30.jar;C:\Users\ASUS\.m2\repository\com\vladsch\flexmark\flexmark-ext-media-tags\0.34.30\flexmark-ext-media-tags-0.34.30.jar;C:\Users\ASUS\.m2\repository\com\vladsch\flexmark\flexmark-test-util\0.34.30\flexmark-test-util-0.34.30.jar;C:\Users\ASUS\.m2\repository\com\vladsch\flexmark\flexmark-ext-ins\0.34.30\flexmark-ext-ins-0.34.30.jar;C:\Users\ASUS\.m2\repository\com\vladsch\flexmark\flexmark-ext-xwiki-macros\0.34.30\flexmark-ext-xwiki-macros-0.34.30.jar;C:\Users\ASUS\.m2\repository\com\vladsch\flexmark\flexmark-ext-superscript\0.34.30\flexmark-ext-superscript-0.34.30.jar;C:\Users\ASUS\.m2\repository\com\vladsch\flexmark\flexmark-ext-tables\0.34.30\flexmark-ext-tables-0.34.30.jar;C:\Users\ASUS\.m2\repository\com\vladsch\flexmark\flexmark-ext-toc\0.34.30\flexmark-ext-toc-0.34.30.jar;C:\Users\ASUS\.m2\repository\com\vladsch\flexmark\flexmark-ext-typographic\0.34.30\flexmark-ext-typographic-0.34.30.jar;C:\Users\ASUS\.m2\repository\com\vladsch\flexmark\flexmark-ext-wikilink\0.34.30\flexmark-ext-wikilink-0.34.30.jar;C:\Users\ASUS\.m2\repository\com\vladsch\flexmark\flexmark-ext-yaml-front-matter\0.34.30\flexmark-ext-yaml-front-matter-0.34.30.jar;C:\Users\ASUS\.m2\repository\com\vladsch\flexmark\flexmark-ext-youtube-embedded\0.34.30\flexmark-ext-youtube-embedded-0.34.30.jar;C:\Users\ASUS\.m2\repository\com\vladsch\flexmark\flexmark-formatter\0.34.30\flexmark-formatter-0.34.30.jar;C:\Users\ASUS\.m2\repository\com\vladsch\flexmark\flexmark-html-parser\0.34.30\flexmark-html-parser-0.34.30.jar;C:\Users\ASUS\.m2\repository\com\vladsch\flexmark\flexmark-jira-converter\0.34.30\flexmark-jira-converter-0.34.30.jar;C:\Users\ASUS\.m2\repository\com\vladsch\flexmark\flexmark-pdf-converter\0.34.30\flexmark-pdf-converter-0.34.30.jar;C:\Users\ASUS\.m2\repository\com\openhtmltopdf\openhtmltopdf-core\0.0.1-RC13\openhtmltopdf-core-0.0.1-RC13.jar;C:\Users\ASUS\.m2\repository\com\openhtmltopdf\openhtmltopdf-pdfbox\0.0.1-RC13\openhtmltopdf-pdfbox-0.0.1-RC13.jar;C:\Users\ASUS\.m2\repository\org\apache\pdfbox\pdfbox\2.0.8\pdfbox-2.0.8.jar;C:\Users\ASUS\.m2\repository\org\apache\pdfbox\fontbox\2.0.8\fontbox-2.0.8.jar;C:\Users\ASUS\.m2\repository\commons-logging\commons-logging\1.2\commons-logging-1.2.jar;C:\Users\ASUS\.m2\repository\org\apache\pdfbox\xmpbox\2.0.8\xmpbox-2.0.8.jar;C:\Users\ASUS\.m2\repository\de\rototor\pdfbox\graphics2d\0.12\graphics2d-0.12.jar;C:\Users\ASUS\.m2\repository\com\openhtmltopdf\openhtmltopdf-rtl-support\0.0.1-RC13\openhtmltopdf-rtl-support-0.0.1-RC13.jar;C:\Users\ASUS\.m2\repository\com\ibm\icu\icu4j\59.1\icu4j-59.1.jar;C:\Users\ASUS\.m2\repository\com\openhtmltopdf\openhtmltopdf-jsoup-dom-converter\0.0.1-RC13\openhtmltopdf-jsoup-dom-converter-0.0.1-RC13.jar;C:\Users\ASUS\.m2\repository\com\vladsch\flexmark\flexmark-profile-pegdown\0.34.30\flexmark-profile-pegdown-0.34.30.jar;C:\Users\ASUS\.m2\repository\com\vladsch\flexmark\flexmark-util\0.34.30\flexmark-util-0.34.30.jar;C:\Users\ASUS\.m2\repository\com\vladsch\flexmark\flexmark-youtrack-converter\0.34.30\flexmark-youtrack-converter-0.34.30.jar;C:\Users\ASUS\.m2\repository\es\nitaur\markdown\txtmark\0.16\txtmark-0.16.jar;C:\Users\ASUS\.m2\repository\net\serenity-bdd\serenity-report-resources\3.2.1\serenity-report-resources-3.2.1.jar;C:\Users\ASUS\.m2\repository\com\google\code\gson\gson\2.9.0\gson-2.9.0.jar;C:\Users\ASUS\.m2\repository\com\fasterxml\jackson\core\jackson-core\2.13.2\jackson-core-2.13.2.jar;C:\Users\ASUS\.m2\repository\com\fasterxml\jackson\core\jackson-databind\2.13.2\jackson-databind-2.13.2.jar;C:\Users\ASUS\.m2\repository\com\fasterxml\jackson\core\jackson-annotations\2.13.2\jackson-annotations-2.13.2.jar;C:\Users\ASUS\.m2\repository\commons-codec\commons-codec\1.15\commons-codec-1.15.jar;C:\Users\ASUS\.m2\repository\commons-io\commons-io\2.11.0\commons-io-2.11.0.jar;C:\Users\ASUS\.m2\repository\org\seleniumhq\selenium\selenium-java\4.1.2\selenium-java-4.1.2.jar;C:\Users\ASUS\.m2\repository\org\seleniumhq\selenium\selenium-devtools-v85\4.1.2\selenium-devtools-v85-4.1.2.jar;C:\Users\ASUS\.m2\repository\org\seleniumhq\selenium\selenium-devtools-v95\4.1.2\selenium-devtools-v95-4.1.2.jar;C:\Users\ASUS\.m2\repository\org\seleniumhq\selenium\selenium-devtools-v96\4.1.2\selenium-devtools-v96-4.1.2.jar;C:\Users\ASUS\.m2\repository\org\seleniumhq\selenium\selenium-devtools-v97\4.1.2\selenium-devtools-v97-4.1.2.jar;C:\Users\ASUS\.m2\repository\org\seleniumhq\selenium\selenium-firefox-xpi-driver\4.1.2\selenium-firefox-xpi-driver-4.1.2.jar;C:\Users\ASUS\.m2\repository\org\seleniumhq\selenium\selenium-opera-driver\4.1.2\selenium-opera-driver-4.1.2.jar;C:\Users\ASUS\.m2\repository\org\seleniumhq\selenium\selenium-remote-driver\4.1.2\selenium-remote-driver-4.1.2.jar;C:\Users\ASUS\.m2\repository\com\beust\jcommander\1.82\jcommander-1.82.jar;C:\Users\ASUS\.m2\repository\io\netty\netty-buffer\4.1.73.Final\netty-buffer-4.1.73.Final.jar;C:\Users\ASUS\.m2\repository\io\netty\netty-codec-http\4.1.73.Final\netty-codec-http-4.1.73.Final.jar;C:\Users\ASUS\.m2\repository\io\netty\netty-codec\4.1.73.Final\netty-codec-4.1.73.Final.jar;C:\Users\ASUS\.m2\repository\io\netty\netty-handler\4.1.73.Final\netty-handler-4.1.73.Final.jar;C:\Users\ASUS\.m2\repository\io\netty\netty-tcnative-classes\2.0.46.Final\netty-tcnative-classes-2.0.46.Final.jar;C:\Users\ASUS\.m2\repository\io\netty\netty-common\4.1.73.Final\netty-common-4.1.73.Final.jar;C:\Users\ASUS\.m2\repository\io\netty\netty-transport-classes-epoll\4.1.73.Final\netty-transport-classes-epoll-4.1.73.Final.jar;C:\Users\ASUS\.m2\repository\io\netty\netty-transport-classes-kqueue\4.1.73.Final\netty-transport-classes-kqueue-4.1.73.Final.jar;C:\Users\ASUS\.m2\repository\io\netty\netty-transport-native-epoll\4.1.73.Final\netty-transport-native-epoll-4.1.73.Final.jar;C:\Users\ASUS\.m2\repository\io\netty\netty-transport-native-kqueue\4.1.73.Final\netty-transport-native-kqueue-4.1.73.Final.jar;C:\Users\ASUS\.m2\repository\io\netty\netty-transport-native-unix-common\4.1.73.Final\netty-transport-native-unix-common-4.1.73.Final.jar;C:\Users\ASUS\.m2\repository\io\netty\netty-transport\4.1.73.Final\netty-transport-4.1.73.Final.jar;C:\Users\ASUS\.m2\repository\io\netty\netty-resolver\4.1.73.Final\netty-resolver-4.1.73.Final.jar;C:\Users\ASUS\.m2\repository\io\opentelemetry\opentelemetry-api\1.10.1\opentelemetry-api-1.10.1.jar;C:\Users\ASUS\.m2\repository\io\opentelemetry\opentelemetry-context\1.10.1\opentelemetry-context-1.10.1.jar;C:\Users\ASUS\.m2\repository\io\opentelemetry\opentelemetry-exporter-logging\1.10.1\opentelemetry-exporter-logging-1.10.1.jar;C:\Users\ASUS\.m2\repository\io\opentelemetry\opentelemetry-sdk-metrics\1.10.1-alpha\opentelemetry-sdk-metrics-1.10.1-alpha.jar;C:\Users\ASUS\.m2\repository\io\opentelemetry\opentelemetry-sdk-logs\1.10.1-alpha\opentelemetry-sdk-logs-1.10.1-alpha.jar;C:\Users\ASUS\.m2\repository\io\opentelemetry\opentelemetry-sdk-common\1.10.1\opentelemetry-sdk-common-1.10.1.jar;C:\Users\ASUS\.m2\repository\io\opentelemetry\opentelemetry-sdk-extension-autoconfigure-spi\1.10.1\opentelemetry-sdk-extension-autoconfigure-spi-1.10.1.jar;C:\Users\ASUS\.m2\repository\io\opentelemetry\opentelemetry-sdk-extension-autoconfigure\1.10.1-alpha\opentelemetry-sdk-extension-autoconfigure-1.10.1-alpha.jar;C:\Users\ASUS\.m2\repository\io\opentelemetry\opentelemetry-sdk-trace\1.10.1\opentelemetry-sdk-trace-1.10.1.jar;C:\Users\ASUS\.m2\repository\io\opentelemetry\opentelemetry-sdk\1.10.1\opentelemetry-sdk-1.10.1.jar;C:\Users\ASUS\.m2\repository\io\opentelemetry\opentelemetry-semconv\1.10.1-alpha\opentelemetry-semconv-1.10.1-alpha.jar;C:\Users\ASUS\.m2\repository\io\ous\jtoml\2.0.0\jtoml-2.0.0.jar;C:\Users\ASUS\.m2\repository\org\apache\commons\commons-exec\1.3\commons-exec-1.3.jar;C:\Users\ASUS\.m2\repository\org\asynchttpclient\async-http-client\2.12.3\async-http-client-2.12.3.jar;C:\Users\ASUS\.m2\repository\org\asynchttpclient\async-http-client-netty-utils\2.12.3\async-http-client-netty-utils-2.12.3.jar;C:\Users\ASUS\.m2\repository\io\netty\netty-codec-socks\4.1.60.Final\netty-codec-socks-4.1.60.Final.jar;C:\Users\ASUS\.m2\repository\io\netty\netty-handler-proxy\4.1.60.Final\netty-handler-proxy-4.1.60.Final.jar;C:\Users\ASUS\.m2\repository\io\netty\netty-transport-native-epoll\4.1.60.Final\netty-transport-native-epoll-4.1.60.Final-linux-x86_64.jar;C:\Users\ASUS\.m2\repository\io\netty\netty-transport-native-kqueue\4.1.60.Final\netty-transport-native-kqueue-4.1.60.Final-osx-x86_64.jar;C:\Users\ASUS\.m2\repository\org\reactivestreams\reactive-streams\1.0.3\reactive-streams-1.0.3.jar;C:\Users\ASUS\.m2\repository\com\typesafe\netty\netty-reactive-streams\2.0.4\netty-reactive-streams-2.0.4.jar;C:\Users\ASUS\.m2\repository\org\seleniumhq\selenium\selenium-http\4.1.2\selenium-http-4.1.2.jar;C:\Users\ASUS\.m2\repository\net\jodah\failsafe\2.4.4\failsafe-2.4.4.jar;C:\Users\ASUS\.m2\repository\org\seleniumhq\selenium\selenium-safari-driver\4.1.2\selenium-safari-driver-4.1.2.jar;C:\Users\ASUS\.m2\repository\org\seleniumhq\selenium\selenium-api\4.1.2\selenium-api-4.1.2.jar;C:\Users\ASUS\.m2\repository\org\seleniumhq\selenium\selenium-support\4.1.2\selenium-support-4.1.2.jar;C:\Users\ASUS\.m2\repository\com\google\auto\service\auto-service-annotations\1.0.1\auto-service-annotations-1.0.1.jar;C:\Users\ASUS\.m2\repository\com\google\auto\service\auto-service\1.0.1\auto-service-1.0.1.jar;C:\Users\ASUS\.m2\repository\com\google\auto\auto-common\1.2\auto-common-1.2.jar;C:\Users\ASUS\.m2\repository\org\seleniumhq\selenium\selenium-json\4.1.2\selenium-json-4.1.2.jar;C:\Users\ASUS\.m2\repository\org\seleniumhq\selenium\selenium-chrome-driver\4.1.2\selenium-chrome-driver-4.1.2.jar;C:\Users\ASUS\.m2\repository\org\seleniumhq\selenium\selenium-chromium-driver\4.1.2\selenium-chromium-driver-4.1.2.jar;C:\Users\ASUS\.m2\repository\org\seleniumhq\selenium\selenium-firefox-driver\4.1.2\selenium-firefox-driver-4.1.2.jar;C:\Users\ASUS\.m2\repository\org\seleniumhq\selenium\selenium-edge-driver\4.1.2\selenium-edge-driver-4.1.2.jar;C:\Users\ASUS\.m2\repository\org\seleniumhq\selenium\selenium-ie-driver\4.1.2\selenium-ie-driver-4.1.2.jar;C:\Users\ASUS\.m2\repository\org\projectlombok\lombok\1.18.20\lombok-1.18.20.jar;C:\Users\ASUS\.m2\repository\io\appium\java-client\8.0.0\java-client-8.0.0.jar;C:\Users\ASUS\.m2\repository\commons-validator\commons-validator\1.7\commons-validator-1.7.jar;C:\Users\ASUS\.m2\repository\commons-digester\commons-digester\2.1\commons-digester-2.1.jar;C:\Users\ASUS\.m2\repository\org\aspectj\aspectjweaver\1.9.8\aspectjweaver-1.9.8.jar;C:\Users\ASUS\.m2\repository\org\codehaus\groovy\groovy\3.0.10\groovy-3.0.10.jar;C:\Users\ASUS\.m2\repository\net\sf\opencsv\opencsv\2.0\opencsv-2.0.jar;C:\Users\ASUS\.m2\repository\commons-beanutils\commons-beanutils\1.9.4\commons-beanutils-1.9.4.jar;C:\Users\ASUS\.m2\repository\org\apache\commons\commons-lang3\3.12.0\commons-lang3-3.12.0.jar;C:\Users\ASUS\.m2\repository\commons-collections\commons-collections\3.2.2\commons-collections-3.2.2.jar;C:\Users\ASUS\.m2\repository\org\fluentlenium\fluentlenium-core\0.10.2\fluentlenium-core-0.10.2.jar;C:\Users\ASUS\.m2\repository\io\github\bonigarcia\webdrivermanager\5.1.0\webdrivermanager-5.1.0.jar;C:\Users\ASUS\.m2\repository\com\github\docker-java\docker-java\3.2.13\docker-java-3.2.13.jar;C:\Users\ASUS\.m2\repository\com\github\docker-java\docker-java-core\3.2.13\docker-java-core-3.2.13.jar;C:\Users\ASUS\.m2\repository\com\github\docker-java\docker-java-api\3.2.13\docker-java-api-3.2.13.jar;C:\Users\ASUS\.m2\repository\org\apache\commons\commons-compress\1.21\commons-compress-1.21.jar;C:\Users\ASUS\.m2\repository\org\bouncycastle\bcpkix-jdk15on\1.64\bcpkix-jdk15on-1.64.jar;C:\Users\ASUS\.m2\repository\org\bouncycastle\bcprov-jdk15on\1.64\bcprov-jdk15on-1.64.jar;C:\Users\ASUS\.m2\repository\org\slf4j\jcl-over-slf4j\1.7.30\jcl-over-slf4j-1.7.30.jar;C:\Users\ASUS\.m2\repository\com\github\docker-java\docker-java-transport-httpclient5\3.2.13\docker-java-transport-httpclient5-3.2.13.jar;C:\Users\ASUS\.m2\repository\com\github\docker-java\docker-java-transport\3.2.13\docker-java-transport-3.2.13.jar;C:\Users\ASUS\.m2\repository\org\apache\httpcomponents\client5\httpclient5\5.0.3\httpclient5-5.0.3.jar;C:\Users\ASUS\.m2\repository\org\apache\httpcomponents\core5\httpcore5\5.0.2\httpcore5-5.0.2.jar;C:\Users\ASUS\.m2\repository\net\java\dev\jna\jna\5.8.0\jna-5.8.0.jar;C:\Users\ASUS\.m2\repository\org\brotli\dec\0.1.2\dec-0.1.2.jar;C:\Users\ASUS\.m2\repository\com\jhlabs\filters\2.0.235\filters-2.0.235.jar;C:\Users\ASUS\.m2\repository\com\paulhammant\ngwebdriver\1.1.6\ngwebdriver-1.1.6.jar;C:\Users\ASUS\.m2\repository\joda-time\joda-time\2.8.2\joda-time-2.8.2.jar;C:\Users\ASUS\.m2\repository\org\hamcrest\hamcrest\2.2\hamcrest-2.2.jar;C:\Users\ASUS\.m2\repository\com\google\jimfs\jimfs\1.2\jimfs-1.2.jar;C:\Users\ASUS\.m2\repository\org\mockito\mockito-core\3.3.3\mockito-core-3.3.3.jar;C:\Users\ASUS\.m2\repository\javax\xml\bind\jaxb-api\2.3.1\jaxb-api-2.3.1.jar;C:\Users\ASUS\.m2\repository\javax\activation\javax.activation-api\1.2.0\javax.activation-api-1.2.0.jar;C:\Users\ASUS\.m2\repository\com\sun\xml\bind\jaxb-core\2.3.0.1\jaxb-core-2.3.0.1.jar;C:\Users\ASUS\.m2\repository\com\sun\xml\bind\jaxb-impl\2.3.3\jaxb-impl-2.3.3.jar;C:\Users\ASUS\.m2\repository\jakarta\xml\bind\jakarta.xml.bind-api\2.3.3\jakarta.xml.bind-api-2.3.3.jar;C:\Users\ASUS\.m2\repository\com\sun\activation\jakarta.activation\1.2.2\jakarta.activation-1.2.2.jar;C:\Users\ASUS\.m2\repository\javax\activation\activation\1.1.1\activation-1.1.1.jar;C:\Users\ASUS\.m2\repository\net\serenity-bdd\serenity-cucumber\3.2.1\serenity-cucumber-3.2.1.jar;C:\Users\ASUS\.m2\repository\io\cucumber\cucumber-core\7.2.3\cucumber-core-7.2.3.jar;C:\Users\ASUS\.m2\repository\io\cucumber\cucumber-gherkin\7.2.3\cucumber-gherkin-7.2.3.jar;C:\Users\ASUS\.m2\repository\io\cucumber\cucumber-gherkin-messages\7.2.3\cucumber-gherkin-messages-7.2.3.jar;C:\Users\ASUS\.m2\repository\io\cucumber\messages\17.1.1\messages-17.1.1.jar;C:\Users\ASUS\.m2\repository\io\cucumber\tag-expressions\4.1.0\tag-expressions-4.1.0.jar;C:\Users\ASUS\.m2\repository\io\cucumber\cucumber-expressions\15.0.1\cucumber-expressions-15.0.1.jar;C:\Users\ASUS\.m2\repository\io\cucumber\datatable\7.2.3\datatable-7.2.3.jar;C:\Users\ASUS\.m2\repository\io\cucumber\cucumber-plugin\7.2.3\cucumber-plugin-7.2.3.jar;C:\Users\ASUS\.m2\repository\io\cucumber\docstring\7.2.3\docstring-7.2.3.jar;C:\Users\ASUS\.m2\repository\io\cucumber\html-formatter\17.0.0\html-formatter-17.0.0.jar;C:\Users\ASUS\.m2\repository\io\cucumber\ci-environment\8.1.0\ci-environment-8.1.0.jar;C:\Users\ASUS\.m2\repository\io\cucumber\cucumber-junit\7.2.3\cucumber-junit-7.2.3.jar;C:\Users\ASUS\.m2\repository\org\apache\commons\commons-csv\1.5\commons-csv-1.5.jar;C:\Users\ASUS\.m2\repository\net\serenity-bdd\serenity-screenplay\3.2.1\serenity-screenplay-3.2.1.jar;C:\Users\ASUS\.m2\repository\net\serenity-bdd\serenity-screenplay-webdriver\3.2.1\serenity-screenplay-webdriver-3.2.1.jar;C:\Users\ASUS\.m2\repository\net\serenity-bdd\serenity-ensure\3.2.1\serenity-ensure-3.2.1.jar;C:\Users\ASUS\.m2\repository\net\serenity-bdd\serenity-junit\3.2.1\serenity-junit-3.2.1.jar;C:\Users\ASUS\.m2\repository\org\jetbrains\kotlin\kotlin-stdlib\1.6.0\kotlin-stdlib-1.6.0.jar;C:\Users\ASUS\.m2\repository\org\jetbrains\annotations\13.0\annotations-13.0.jar;C:\Users\ASUS\.m2\repository\org\jetbrains\kotlin\kotlin-stdlib-common\1.6.0\kotlin-stdlib-common-1.6.0.jar;C:\Users\ASUS\.m2\repository\org\junit\platform\junit-platform-launcher\1.8.1\junit-platform-launcher-1.8.1.jar;C:\Users\ASUS\.m2\repository\org\junit\platform\junit-platform-engine\1.8.1\junit-platform-engine-1.8.1.jar;C:\Users\ASUS\.m2\repository\org\opentest4j\opentest4j\1.2.0\opentest4j-1.2.0.jar;C:\Users\ASUS\.m2\repository\org\junit\platform\junit-platform-commons\1.8.1\junit-platform-commons-1.8.1.jar;C:\Users\ASUS\.m2\repository\org\apiguardian\apiguardian-api\1.1.2\apiguardian-api-1.1.2.jar;C:\Users\ASUS\.m2\repository\org\junit\jupiter\junit-jupiter-engine\5.8.2\junit-jupiter-engine-5.8.2.jar;C:\Users\ASUS\.m2\repository\org\junit\jupiter\junit-jupiter-api\5.8.2\junit-jupiter-api-5.8.2.jar;C:\Users\ASUS\.m2\repository\org\junit\vintage\junit-vintage-engine\5.8.2\junit-vintage-engine-5.8.2.jar;C:\Users\ASUS\.m2\repository\junit\junit\4.13.2\junit-4.13.2.jar;C:\Users\ASUS\.m2\repository\org\hamcrest\hamcrest-core\1.3\hamcrest-core-1.3.jar;C:\Users\ASUS\.m2\repository\ch\qos\logback\logback-classic\1.2.10\logback-classic-1.2.10.jar;C:\Users\ASUS\.m2\repository\ch\qos\logback\logback-core\1.2.10\logback-core-1.2.10.jar;C:\Users\ASUS\.m2\repository\org\slf4j\slf4j-api\1.7.32\slf4j-api-1.7.32.jar;C:\Users\ASUS\.m2\repository\org\assertj\assertj-core\3.6.2\assertj-core-3.6.2.jar;C:\Users\ASUS\.m2\repository\org\apache\maven\surefire\surefire-junit-platform\3.0.0-M5\surefire-junit-platform-3.0.0-M5.jar;C:\Users\ASUS\.m2\repository\org\apache\maven\surefire\common-java5\3.0.0-M5\common-java5-3.0.0-M5.jar"/>
    <property name="user.script" value=""/>
    <property name="java.protocol.handler.pkgs" value="com.google.common"/>
    <property name="sun.management.compiler" value="HotSpot 64-Bit Tiered Compilers"/>
    <property name="java.runtime.version" value="13.0.2+8"/>
    <property name="user.name" value="ASUS"/>
    <property name="path.separator" value=";"/>
    <property name="os.version" value="10.0"/>
    <property name="java.runtime.name" value="Java(TM) SE Runtime Environment"/>
    <property name="file.encoding" value="Cp1252"/>
    <property name="webdriver.base.url" value=""/>
    <property name="java.vm.name" value="Java HotSpot(TM) 64-Bit Server VM"/>
    <property name="localRepository" value="C:\Users\ASUS\.m2\repository"/>
    <property name="java.vendor.url.bug" value="https://bugreport.java.com/bugreport/"/>
    <property name="java.io.tmpdir" value="C:\Users\ASUS\AppData\Local\Temp\"/>
    <property name="java.version" value="13.0.2"/>
    <property name="user.dir" value="C:\Users\ASUS\Desktop\stupen\miniproject\Web\ASWeb"/>
    <property name="os.arch" value="amd64"/>
    <property name="java.vm.specification.name" value="Java Virtual Machine Specification"/>
    <property name="sun.os.patch.level" value=""/>
    <property name="java.library.path" value="C:\Program Files\Java\jdk-13.0.2\bin;C:\WINDOWS\Sun\Java\bin;C:\WINDOWS\system32;C:\WINDOWS;C:\Program Files\Java\jdk-11.0.12\bin;C:\Program Files\Common Files\Oracle\Java\javapath;C:\Program Files (x86)\Common Files\Oracle\Java\javapath;C:\Windows\system32;C:\Windows;C:\Windows\System32\Wbem;C:\Windows\System32\WindowsPowerShell\v1.0\;C:\Windows\System32\OpenSSH\;C:\Program Files (x86)\NVIDIA Corporation\PhysX\Common;C:\Program Files\NVIDIA Corporation\NVIDIA NvDLISR;C:\Program Files\Intel\WiFi\bin\;C:\Program Files\Common Files\Intel\WirelessCommon\;C:\Users\ASUS\AppData\Local\Programs\Python\Python37;C:\Gradle\gradle-6.1.1\bin;C:\apache-maven-3.6.3\bin;C:\WINDOWS\system32;C:\WINDOWS;C:\WINDOWS\System32\Wbem;C:\WINDOWS\System32\WindowsPowerShell\v1.0\;C:\WINDOWS\System32\OpenSSH\;C:\Users\ASUS\AppData\Local\Programs\Python\Python37\Scripts;C:\Program Files\PostgreSQL\13\bin;D:\PuTTY\;C:\Program Files\nodejs\;C:\Program Files\IBM\SPSS\Statistics\25\JRE\bin;C:\Program Files\Git\cmd;C:\Windows\system32;C:\Windows;C:\Windows\System32\Wbem;C:\Windows\System32\WindowsPowerShell\v1.0\;C:\Windows\System32\OpenSSH\;C:\Program Files (x86)\NVIDIA Corporation\PhysX\Common;C:\Program Files\NVIDIA Corporation\NVIDIA NvDLISR;C:\Program Files\Intel\WiFi\bin\;C:\Program Files\Common Files\Intel\WirelessCommon\;C:\Users\ASUS\AppData\Local\Programs\Python\Python37;C:\Users\ASUS\AppData\Local\Programs\Microsoft VS Code\bin;C:\Program Files\Java\jdk-13.0.2\bin;C:\Program Files\Git\bin\;C:\Program Files\Git\cmd\;C:\Gradle\gradle-6.1.1\bin;C:\Users\ASUS\AppData\Local\Microsoft\WindowsApps;C:\Users\ASUS\AppData\Roaming\Microsoft\Windows\Start Menu\Programs\Python 3.7;C:\Users\ASUS\AppData\Local\Programs\Python\Python37\Scripts;C:\Program Files\heroku\bin;C:\Program Files\PostgreSQL\13\bin;C:\Users\ASUS\AppData\Roaming\npm;C:\Program Files\JetBrains\IntelliJ IDEA 2022.2.1\bin;;C:\Program Files\JetBrains\IntelliJ IDEA Community Edition 2022.2.2\bin;;C:\android_sdk\platform-tools;C:\android_sdk\tools\bin;;."/>
    <property name="java.vm.info" value="mixed mode"/>
    <property name="java.vendor" value="Oracle Corporation"/>
    <property name="java.vm.version" value="13.0.2+8"/>
    <property name="sun.io.unicode.encoding" value="UnicodeLittle"/>
    <property name="java.class.version" value="57.0"/>
  </properties>
  <testcase name="View Cart Detail (filled)" classname="Manage Cart" time="21.651">
    <system-out><![CDATA[21:24:53.783 [main] INFO io.cucumber.core.plugin.SerenityReporter - Running feature from file:///C:/Users/ASUS/Desktop/stupen/miniproject/Web/ASWeb/src/test/resources/features/Cart.feature
21:24:53.953 [main] INFO  - 

-------------------------------------------------------------------------------------
     _______. _______ .______       _______ .__   __.  __  .___________.____    ____ 
    /       ||   ____||   _  \     |   ____||  \ |  | |  | |           |\   \  /   / 
   |   (----`|  |__   |  |_)  |    |  |__   |   \|  | |  | `---|  |----` \   \/   /  
    \   \    |   __|  |      /     |   __|  |  . `  | |  |     |  |       \_    _/   
.----)   |   |  |____ |  |\  \----.|  |____ |  |\   | |  |     |  |         |  |     
|_______/    |_______|| _| `._____||_______||__| \__| |__|     |__|         |__|    
                                                                                     
 News and tutorials at http://www.serenity-bdd.info                                  
 Documentation at https://wakaleo.gitbooks.io/the-serenity-book/content/             
 Join the Serenity Community on Gitter: https://gitter.im/serenity-bdd/serenity-core 
 Serenity BDD Support and Training at http://serenity-bdd.info/#/trainingandsupport  
-------------------------------------------------------------------------------------

21:24:53.955 [main] DEBUG net.thucydides.core.steps.StepEventBus - Test suite started for story net.thucydides.core.model.Story@a99674c0
21:24:53.958 [main] INFO  - Test Suite Started: Manage Cart
21:24:53.973 [main] INFO io.cucumber.core.plugin.SerenityReporter - Running feature from file:///C:/Users/ASUS/Desktop/stupen/miniproject/Web/ASWeb/src/test/resources/features/Login.feature
21:24:53.979 [main] DEBUG net.thucydides.core.steps.StepEventBus - Test suite started for story net.thucydides.core.model.Story@23282f08
21:24:53.981 [main] INFO  - Test Suite Started: Login
21:24:53.982 [main] INFO io.cucumber.core.plugin.SerenityReporter - Running feature from file:///C:/Users/ASUS/Desktop/stupen/miniproject/Web/ASWeb/src/test/resources/features/Logout.feature
21:24:53.986 [main] DEBUG net.thucydides.core.steps.StepEventBus - Test suite started for story net.thucydides.core.model.Story@7960de68
21:24:53.986 [main] INFO  - Test Suite Started: Logout
21:24:53.986 [main] INFO io.cucumber.core.plugin.SerenityReporter - Running feature from file:///C:/Users/ASUS/Desktop/stupen/miniproject/Web/ASWeb/src/test/resources/features/Product.feature
21:24:53.999 [main] DEBUG net.thucydides.core.steps.StepEventBus - Test suite started for story net.thucydides.core.model.Story@94d3a930
21:24:54.000 [main] INFO  - Test Suite Started: Manage Product
21:24:54.000 [main] INFO io.cucumber.core.plugin.SerenityReporter - Running feature from file:///C:/Users/ASUS/Desktop/stupen/miniproject/Web/ASWeb/src/test/resources/features/Register.feature
21:24:54.006 [main] DEBUG net.thucydides.core.steps.StepEventBus - Test suite started for story net.thucydides.core.model.Story@30e75088
21:24:54.007 [main] INFO  - Test Suite Started: Register
21:24:54.007 [main] INFO io.cucumber.core.plugin.SerenityReporter - Running feature from file:///C:/Users/ASUS/Desktop/stupen/miniproject/Web/ASWeb/src/test/resources/features/Transaction.feature
21:24:54.010 [main] DEBUG net.thucydides.core.steps.StepEventBus - Test suite started for story net.thucydides.core.model.Story@c54cf0a8
21:24:54.011 [main] INFO  - Test Suite Started: Transaction
21:24:54.011 [main] INFO io.cucumber.core.plugin.SerenityReporter - Running feature from file:///C:/Users/ASUS/Desktop/stupen/miniproject/Web/ASWeb/src/test/resources/features/Cart.feature
21:24:54.013 [main] DEBUG net.thucydides.core.steps.StepEventBus - Test suite started for story net.thucydides.core.model.Story@a99674c0
21:24:54.014 [main] INFO  - Test Suite Started: Manage Cart

@Cart
Scenario: View Cart Detail (filled)       &amp#27;[90m# src/test/resources/features/Cart.feature:7&amp#27;[0m
21:24:54.113 [main] INFO io.cucumber.core.plugin.SerenityReporter - Running feature from file:///C:/Users/ASUS/Desktop/stupen/miniproject/Web/ASWeb/src/test/resources/features/Cart.feature
21:24:54.254 [main] INFO  - 
  _____   ___   ___   _____     ___   _____     _     ___   _____   ___   ___  
 |_   _| | __| / __| |_   _|   / __| |_   _|   /_\   | _ \ |_   _| | __| |   \ 
   | |   | _|  \__ \   | |     \__ \   | |    / _ \  |   /   | |   | _|  | |) |
   |_|   |___| |___/   |_|     |___/   |_|   /_/ \_\ |_|_\   |_|   |___| |___/ 

View Cart Detail (filled)(manage-cart;view-cart-detail-(filled))
--------------------------------------------------------------------------------
21:24:55.067 [main] INFO net.serenitybdd.core.webdriver.driverproviders.ChromeDriverProvider - Using automatically driver download
21:24:55.912 [main] DEBUG io.github.bonigarcia.wdm.cache.ResolutionCache - Removing resolution chrome=107 from cache (expired on Thu Nov 03 21:49:49 WIB 2022)
21:24:55.938 [main] DEBUG org.apache.hc.client5.http.impl.classic.InternalHttpClient - ex-00000001: preparing request execution
21:24:55.953 [main] DEBUG org.apache.hc.client5.http.protocol.RequestAddCookies - Cookie spec selected: strict
21:24:55.962 [main] DEBUG org.apache.hc.client5.http.protocol.RequestAuthCache - Auth cache not set in the context
21:24:55.963 [main] DEBUG org.apache.hc.client5.http.impl.classic.ProtocolExec - ex-00000001: target auth state: UNCHALLENGED
21:24:55.964 [main] DEBUG org.apache.hc.client5.http.impl.classic.ProtocolExec - ex-00000001: proxy auth state: UNCHALLENGED
21:24:55.964 [main] DEBUG org.apache.hc.client5.http.impl.classic.ConnectExec - ex-00000001: acquiring connection with route {s}->https://raw.githubusercontent.com:443
21:24:55.964 [main] DEBUG org.apache.hc.client5.http.impl.classic.InternalHttpClient - ex-00000001: acquiring endpoint (3 MINUTES)
21:24:55.966 [main] DEBUG org.apache.hc.client5.http.impl.io.PoolingHttpClientConnectionManager - ex-00000001: endpoint lease request (3 MINUTES) [route: {s}->https://raw.githubusercontent.com:443][total available: 0; route allocated: 0 of 5; total allocated: 0 of 25]
21:24:55.973 [main] DEBUG org.apache.hc.client5.http.impl.io.PoolingHttpClientConnectionManager - ex-00000001: endpoint leased [route: {s}->https://raw.githubusercontent.com:443][total available: 0; route allocated: 1 of 5; total allocated: 1 of 25]
21:24:55.988 [main] DEBUG org.apache.hc.client5.http.impl.io.PoolingHttpClientConnectionManager - ex-00000001: acquired ep-00000000
21:24:55.988 [main] DEBUG org.apache.hc.client5.http.impl.classic.InternalHttpClient - ex-00000001: acquired endpoint ep-00000000
21:24:55.988 [main] DEBUG org.apache.hc.client5.http.impl.classic.ConnectExec - ex-00000001: opening connection {s}->https://raw.githubusercontent.com:443
21:24:55.989 [main] DEBUG org.apache.hc.client5.http.impl.classic.InternalHttpClient - ep-00000000: connecting endpoint (30 SECONDS)
21:24:55.989 [main] DEBUG org.apache.hc.client5.http.impl.io.PoolingHttpClientConnectionManager - ep-00000000: connecting endpoint to https://raw.githubusercontent.com:443 (30 SECONDS)
21:24:56.010 [main] DEBUG org.apache.hc.client5.http.impl.io.DefaultHttpClientConnectionOperator - http-outgoing-0: connecting to raw.githubusercontent.com/185.199.108.133:443
21:24:56.010 [main] DEBUG org.apache.hc.client5.http.ssl.SSLConnectionSocketFactory - Connecting socket to raw.githubusercontent.com/185.199.108.133:443 with timeout 30 SECONDS
21:24:56.297 [main] DEBUG org.apache.hc.client5.http.ssl.SSLConnectionSocketFactory - Enabled protocols: [TLSv1.3, TLSv1.2]
21:24:56.297 [main] DEBUG org.apache.hc.client5.http.ssl.SSLConnectionSocketFactory - Enabled cipher suites: [TLS_AES_256_GCM_SHA384, TLS_AES_128_GCM_SHA256, TLS_CHACHA20_POLY1305_SHA256, TLS_ECDHE_ECDSA_WITH_AES_256_GCM_SHA384, TLS_ECDHE_ECDSA_WITH_AES_128_GCM_SHA256, TLS_ECDHE_ECDSA_WITH_CHACHA20_POLY1305_SHA256, TLS_ECDHE_RSA_WITH_AES_256_GCM_SHA384, TLS_ECDHE_RSA_WITH_CHACHA20_POLY1305_SHA256, TLS_ECDHE_RSA_WITH_AES_128_GCM_SHA256, TLS_DHE_RSA_WITH_AES_256_GCM_SHA384, TLS_DHE_RSA_WITH_CHACHA20_POLY1305_SHA256, TLS_DHE_DSS_WITH_AES_256_GCM_SHA384, TLS_DHE_RSA_WITH_AES_128_GCM_SHA256, TLS_DHE_DSS_WITH_AES_128_GCM_SHA256, TLS_ECDHE_ECDSA_WITH_AES_256_CBC_SHA384, TLS_ECDHE_RSA_WITH_AES_256_CBC_SHA384, TLS_ECDHE_ECDSA_WITH_AES_128_CBC_SHA256, TLS_ECDHE_RSA_WITH_AES_128_CBC_SHA256, TLS_DHE_RSA_WITH_AES_256_CBC_SHA256, TLS_DHE_DSS_WITH_AES_256_CBC_SHA256, TLS_DHE_RSA_WITH_AES_128_CBC_SHA256, TLS_DHE_DSS_WITH_AES_128_CBC_SHA256, TLS_ECDH_ECDSA_WITH_AES_256_GCM_SHA384, TLS_ECDH_RSA_WITH_AES_256_GCM_SHA384, TLS_ECDH_ECDSA_WITH_AES_128_GCM_SHA256, TLS_ECDH_RSA_WITH_AES_128_GCM_SHA256, TLS_ECDH_ECDSA_WITH_AES_256_CBC_SHA384, TLS_ECDH_RSA_WITH_AES_256_CBC_SHA384, TLS_ECDH_ECDSA_WITH_AES_128_CBC_SHA256, TLS_ECDH_RSA_WITH_AES_128_CBC_SHA256, TLS_ECDHE_ECDSA_WITH_AES_256_CBC_SHA, TLS_ECDHE_RSA_WITH_AES_256_CBC_SHA, TLS_ECDHE_ECDSA_WITH_AES_128_CBC_SHA, TLS_ECDHE_RSA_WITH_AES_128_CBC_SHA, TLS_DHE_RSA_WITH_AES_256_CBC_SHA, TLS_DHE_DSS_WITH_AES_256_CBC_SHA, TLS_DHE_RSA_WITH_AES_128_CBC_SHA, TLS_DHE_DSS_WITH_AES_128_CBC_SHA, TLS_ECDH_ECDSA_WITH_AES_256_CBC_SHA, TLS_ECDH_RSA_WITH_AES_256_CBC_SHA, TLS_ECDH_ECDSA_WITH_AES_128_CBC_SHA, TLS_ECDH_RSA_WITH_AES_128_CBC_SHA, TLS_RSA_WITH_AES_256_GCM_SHA384, TLS_RSA_WITH_AES_128_GCM_SHA256, TLS_RSA_WITH_AES_256_CBC_SHA256, TLS_RSA_WITH_AES_128_CBC_SHA256, TLS_RSA_WITH_AES_256_CBC_SHA, TLS_RSA_WITH_AES_128_CBC_SHA, TLS_EMPTY_RENEGOTIATION_INFO_SCSV]
21:24:56.298 [main] DEBUG org.apache.hc.client5.http.ssl.SSLConnectionSocketFactory - Starting handshake
21:24:56.462 [main] DEBUG org.apache.hc.client5.http.ssl.SSLConnectionSocketFactory - Secure session established
21:24:56.462 [main] DEBUG org.apache.hc.client5.http.ssl.SSLConnectionSocketFactory -  negotiated protocol: TLSv1.3
21:24:56.462 [main] DEBUG org.apache.hc.client5.http.ssl.SSLConnectionSocketFactory -  negotiated cipher suite: TLS_AES_256_GCM_SHA384
21:24:56.462 [main] DEBUG org.apache.hc.client5.http.ssl.SSLConnectionSocketFactory -  peer principal: CN=*.github.io, O="GitHub, Inc.", L=San Francisco, ST=California, C=US
21:24:56.464 [main] DEBUG org.apache.hc.client5.http.ssl.SSLConnectionSocketFactory -  peer alternative names: [*.github.io, github.com, *.github.com, www.github.com, github.io, githubusercontent.com, *.githubusercontent.com]
21:24:56.465 [main] DEBUG org.apache.hc.client5.http.ssl.SSLConnectionSocketFactory -  issuer principal: CN=DigiCert TLS RSA SHA256 2020 CA1, O=DigiCert Inc, C=US
21:24:56.466 [main] DEBUG org.apache.hc.client5.http.impl.io.DefaultHttpClientConnectionOperator - http-outgoing-0: connection established 192.168.100.18:63663<->185.199.108.133:443
21:24:56.468 [main] DEBUG org.apache.hc.client5.http.impl.io.PoolingHttpClientConnectionManager - ep-00000000: connected http-outgoing-0
21:24:56.468 [main] DEBUG org.apache.hc.client5.http.impl.classic.InternalHttpClient - ep-00000000: endpoint connected
21:24:56.474 [main] DEBUG org.apache.hc.client5.http.impl.classic.MainClientExec - ex-00000001: executing GET /bonigarcia/webdrivermanager/master/src/main/resources/commands.properties HTTP/1.1
21:24:56.476 [main] DEBUG org.apache.hc.client5.http.impl.classic.InternalHttpClient - ep-00000000: start execution ex-00000001
21:24:56.477 [main] DEBUG org.apache.hc.client5.http.impl.io.PoolingHttpClientConnectionManager - ep-00000000: executing exchange ex-00000001 over http-outgoing-0
21:24:56.477 [main] DEBUG org.apache.hc.client5.http.headers - http-outgoing-0 >> GET /bonigarcia/webdrivermanager/master/src/main/resources/commands.properties HTTP/1.1
21:24:56.477 [main] DEBUG org.apache.hc.client5.http.headers - http-outgoing-0 >> user-agent: Apache-HttpClient/5.0
21:24:56.478 [main] DEBUG org.apache.hc.client5.http.headers - http-outgoing-0 >> accept-encoding: gzip, deflate, br
21:24:56.478 [main] DEBUG org.apache.hc.client5.http.headers - http-outgoing-0 >> cache-control: max-age=0
21:24:56.478 [main] DEBUG org.apache.hc.client5.http.headers - http-outgoing-0 >> connection: keep-alive
21:24:56.478 [main] DEBUG org.apache.hc.client5.http.headers - http-outgoing-0 >> Host: raw.githubusercontent.com
21:24:56.478 [main] DEBUG org.apache.hc.client5.http.wire - http-outgoing-0 >> "GET /bonigarcia/webdrivermanager/master/src/main/resources/commands.properties HTTP/1.1[\r][\n]"
21:24:56.479 [main] DEBUG org.apache.hc.client5.http.wire - http-outgoing-0 >> "user-agent: Apache-HttpClient/5.0[\r][\n]"
21:24:56.479 [main] DEBUG org.apache.hc.client5.http.wire - http-outgoing-0 >> "accept-encoding: gzip, deflate, br[\r][\n]"
21:24:56.479 [main] DEBUG org.apache.hc.client5.http.wire - http-outgoing-0 >> "cache-control: max-age=0[\r][\n]"
21:24:56.479 [main] DEBUG org.apache.hc.client5.http.wire - http-outgoing-0 >> "connection: keep-alive[\r][\n]"
21:24:56.479 [main] DEBUG org.apache.hc.client5.http.wire - http-outgoing-0 >> "Host: raw.githubusercontent.com[\r][\n]"
21:24:56.479 [main] DEBUG org.apache.hc.client5.http.wire - http-outgoing-0 >> "[\r][\n]"
21:24:56.505 [main] DEBUG org.apache.hc.client5.http.wire - http-outgoing-0 << "HTTP/1.1 200 OK[\r][\n]"
21:24:56.505 [main] DEBUG org.apache.hc.client5.http.wire - http-outgoing-0 << "Connection: keep-alive[\r][\n]"
21:24:56.505 [main] DEBUG org.apache.hc.client5.http.wire - http-outgoing-0 << "Content-Length: 723[\r][\n]"
21:24:56.505 [main] DEBUG org.apache.hc.client5.http.wire - http-outgoing-0 << "Cache-Control: max-age=300[\r][\n]"
21:24:56.505 [main] DEBUG org.apache.hc.client5.http.wire - http-outgoing-0 << "Content-Security-Policy: default-src 'none'; style-src 'unsafe-inline'; sandbox[\r][\n]"
21:24:56.505 [main] DEBUG org.apache.hc.client5.http.wire - http-outgoing-0 << "Content-Type: text/plain; charset=utf-8[\r][\n]"
21:24:56.506 [main] DEBUG org.apache.hc.client5.http.wire - http-outgoing-0 << "ETag: W/"e82b438271e9e8680c688b0b680efd0bdd22faa6d6f0a32fc1fd8accc486b67e"[\r][\n]"
21:24:56.506 [main] DEBUG org.apache.hc.client5.http.wire - http-outgoing-0 << "Strict-Transport-Security: max-age=31536000[\r][\n]"
21:24:56.506 [main] DEBUG org.apache.hc.client5.http.wire - http-outgoing-0 << "X-Content-Type-Options: nosniff[\r][\n]"
21:24:56.506 [main] DEBUG org.apache.hc.client5.http.wire - http-outgoing-0 << "X-Frame-Options: deny[\r][\n]"
21:24:56.506 [main] DEBUG org.apache.hc.client5.http.wire - http-outgoing-0 << "X-XSS-Protection: 1; mode=block[\r][\n]"
21:24:56.506 [main] DEBUG org.apache.hc.client5.http.wire - http-outgoing-0 << "X-GitHub-Request-Id: B4BC:0B2D:69B4A6:8F8946:63605DBB[\r][\n]"
21:24:56.506 [main] DEBUG org.apache.hc.client5.http.wire - http-outgoing-0 << "Content-Encoding: gzip[\r][\n]"
21:24:56.506 [main] DEBUG org.apache.hc.client5.http.wire - http-outgoing-0 << "Accept-Ranges: bytes[\r][\n]"
21:24:56.506 [main] DEBUG org.apache.hc.client5.http.wire - http-outgoing-0 << "Date: Fri, 04 Nov 2022 14:24:57 GMT[\r][\n]"
21:24:56.506 [main] DEBUG org.apache.hc.client5.http.wire - http-outgoing-0 << "Via: 1.1 varnish[\r][\n]"
21:24:56.506 [main] DEBUG org.apache.hc.client5.http.wire - http-outgoing-0 << "X-Served-By: cache-qpg1234-QPG[\r][\n]"
21:24:56.506 [main] DEBUG org.apache.hc.client5.http.wire - http-outgoing-0 << "X-Cache: HIT[\r][\n]"
21:24:56.507 [main] DEBUG org.apache.hc.client5.http.wire - http-outgoing-0 << "X-Cache-Hits: 1[\r][\n]"
21:24:56.507 [main] DEBUG org.apache.hc.client5.http.wire - http-outgoing-0 << "X-Timer: S1667571897.172965,VS0,VE2[\r][\n]"
21:24:56.507 [main] DEBUG org.apache.hc.client5.http.wire - http-outgoing-0 << "Vary: Authorization,Accept-Encoding,Origin[\r][\n]"
21:24:56.507 [main] DEBUG org.apache.hc.client5.http.wire - http-outgoing-0 << "Access-Control-Allow-Origin: *[\r][\n]"
21:24:56.507 [main] DEBUG org.apache.hc.client5.http.wire - http-outgoing-0 << "X-Fastly-Request-ID: 317dae84744e2360c9a78eb2c3031441dd9ddfd8[\r][\n]"
21:24:56.507 [main] DEBUG org.apache.hc.client5.http.wire - http-outgoing-0 << "Expires: Fri, 04 Nov 2022 14:29:57 GMT[\r][\n]"
21:24:56.507 [main] DEBUG org.apache.hc.client5.http.wire - http-outgoing-0 << "Source-Age: 79[\r][\n]"
21:24:56.507 [main] DEBUG org.apache.hc.client5.http.wire - http-outgoing-0 << "[\r][\n]"
21:24:56.512 [main] DEBUG org.apache.hc.client5.http.headers - http-outgoing-0 << HTTP/1.1 200 OK
21:24:56.512 [main] DEBUG org.apache.hc.client5.http.headers - http-outgoing-0 << Connection: keep-alive
21:24:56.513 [main] DEBUG org.apache.hc.client5.http.headers - http-outgoing-0 << Content-Length: 723
21:24:56.513 [main] DEBUG org.apache.hc.client5.http.headers - http-outgoing-0 << Cache-Control: max-age=300
21:24:56.513 [main] DEBUG org.apache.hc.client5.http.headers - http-outgoing-0 << Content-Security-Policy: default-src 'none'; style-src 'unsafe-inline'; sandbox
21:24:56.513 [main] DEBUG org.apache.hc.client5.http.headers - http-outgoing-0 << Content-Type: text/plain; charset=utf-8
21:24:56.513 [main] DEBUG org.apache.hc.client5.http.headers - http-outgoing-0 << ETag: W/"e82b438271e9e8680c688b0b680efd0bdd22faa6d6f0a32fc1fd8accc486b67e"
21:24:56.513 [main] DEBUG org.apache.hc.client5.http.headers - http-outgoing-0 << Strict-Transport-Security: max-age=31536000
21:24:56.513 [main] DEBUG org.apache.hc.client5.http.headers - http-outgoing-0 << X-Content-Type-Options: nosniff
21:24:56.513 [main] DEBUG org.apache.hc.client5.http.headers - http-outgoing-0 << X-Frame-Options: deny
21:24:56.513 [main] DEBUG org.apache.hc.client5.http.headers - http-outgoing-0 << X-XSS-Protection: 1; mode=block
21:24:56.514 [main] DEBUG org.apache.hc.client5.http.headers - http-outgoing-0 << X-GitHub-Request-Id: B4BC:0B2D:69B4A6:8F8946:63605DBB
21:24:56.514 [main] DEBUG org.apache.hc.client5.http.headers - http-outgoing-0 << Content-Encoding: gzip
21:24:56.514 [main] DEBUG org.apache.hc.client5.http.headers - http-outgoing-0 << Accept-Ranges: bytes
21:24:56.514 [main] DEBUG org.apache.hc.client5.http.headers - http-outgoing-0 << Date: Fri, 04 Nov 2022 14:24:57 GMT
21:24:56.514 [main] DEBUG org.apache.hc.client5.http.headers - http-outgoing-0 << Via: 1.1 varnish
21:24:56.514 [main] DEBUG org.apache.hc.client5.http.headers - http-outgoing-0 << X-Served-By: cache-qpg1234-QPG
21:24:56.514 [main] DEBUG org.apache.hc.client5.http.headers - http-outgoing-0 << X-Cache: HIT
21:24:56.514 [main] DEBUG org.apache.hc.client5.http.headers - http-outgoing-0 << X-Cache-Hits: 1
21:24:56.514 [main] DEBUG org.apache.hc.client5.http.headers - http-outgoing-0 << X-Timer: S1667571897.172965,VS0,VE2
21:24:56.514 [main] DEBUG org.apache.hc.client5.http.headers - http-outgoing-0 << Vary: Authorization,Accept-Encoding,Origin
21:24:56.515 [main] DEBUG org.apache.hc.client5.http.headers - http-outgoing-0 << Access-Control-Allow-Origin: *
21:24:56.515 [main] DEBUG org.apache.hc.client5.http.headers - http-outgoing-0 << X-Fastly-Request-ID: 317dae84744e2360c9a78eb2c3031441dd9ddfd8
21:24:56.515 [main] DEBUG org.apache.hc.client5.http.headers - http-outgoing-0 << Expires: Fri, 04 Nov 2022 14:29:57 GMT
21:24:56.515 [main] DEBUG org.apache.hc.client5.http.headers - http-outgoing-0 << Source-Age: 79
21:24:56.524 [main] DEBUG org.apache.hc.client5.http.impl.classic.MainClientExec - ex-00000001: connection can be kept alive for 3 MINUTES
21:24:56.537 [main] DEBUG org.apache.hc.client5.http.wire - http-outgoing-0 << "[0x1f][0xffffff8b][0x8][0x0][0x0][0x0][0x0][0x0][0x0][0x3][0xffffffb5]V]o[0xffffffda]0[0x14]}[0xffffffe7]W\[0xffffff81]*[0xffffffb5][0x12][0x1f][[M[0xffffffd3]$[0x1e]hF[0xffffffbb]i [0x18][0xffffffb4][0xffffffdd]&[0xfffffff9][0xffffffc5]$7[0xffffffc1]R[0x12]#;[0xffffff94]v[0xffffffbf]~[0xffffffb6][0xfffffff3]1[0xffffff92][0xffffff9a][0xffffffc1][0x1a]x[0xffffffcb][0xffffffb5][0xffffffaf][0xffffffcf]9[0xffffffbe][0xfffffff7]8v[0xb][0x1c][0x1e]E4[0xfffffff6]$x4[0xffffffa1][0xb]*[0xffffffb1][0xffffffd1][0xffffff82][0xfffffffb]%[0xffffff93][0xffffffe0][0xffffffb3][0x10][0xffffffc1][0xffffffe5]qBY,!Y[0xffffffea] KM8,[0x10][0xfffffff0][0x19][0xffffffdd]u[0xffffff82][0x1e][0xffffffb0][0xffffffd8]L[0xffffffcb]%[0xffffff86][0xffffffa1][0xe][0xffffffb8][0xfffffff0]P[0xffffffe8]$[0xf][0x13]t[0x13]3[0xfffffff9][0xffffff84]B2[0xffffffae][0xffffffe6]|@[0xfffffff5][0x1d][0x8][0xffffffc4][0x18][0x16][0xffffff82]o[0xffffffa4][0xffffff9a]P[0xffffff94][0xffffffe7][0xffffffce]R[0xfffffff0][0x8][0xffffffdb]p[0xffffffcb][0x4][0xfffffffa][0xfffffffc][0xffffffb9][\r][0xffffff93][0x15][\n]"
21:24:56.539 [main] DEBUG org.apache.hc.client5.http.wire - http-outgoing-0 << "[0xffffffda][0xffffff86][0xffffffa1][0x17][0xffffffa8]Q3[0xffffffcb][0xffffffd6][0xffffffd1][0xffffff85][0xffffffc6][0xfffffff7][0xffffff98][0xffffffef][0xffffffa3][0xffffffc0]8[0x1][0xffffffae]s[0x12][0x16][0x7] _d[0xffffff82][0xffffff91][0xffffff84][0xfffffff3][0x1f],[0xfffffff6][0x14]j[0x1b]F,^+[0xffffff98]1ua2[0xffffffbf]h([0xffffff8e][0xffffff94][0xffffffa2][0xffffff91]m[0xffffffa3][0xffffffeb][0xffffff9a][0xffffffb0][0xffffffbb]I[0x17]t[0xffffffdf][0xffffffbd][0xffffffef][0xffffffbb][0xffffff91][0xffffffd7]U[0xffffffbb][0xffffff82][0xffffff9e][0x3][0xffffff9b][0xffffff88][0xffffffb9][0xffffffa6]$[0xffffffa6][0xc][0xffffff9b][0xffffffa5][0xffffffe2][0xffffff83][0xffffff98]F[0xffffffd8]o[0xffffff9e]Mg[0xffffff93][0xffffffbb][0xffffffd9]`|[0xfffffffb]u4[0xffffff9c][0x7f]"}B[0xffffffce][0x8][0xffffffb9][0xffffffe3]<[0x8][0xffffff91][0xffffff90][0xffffff94][0xffffff82][0xffffff90][0xffffffc1]j[0x15]2WI[0xffffffe3]1![0x19][0xffffff91]BnB[0xffffff80][0x9]<f[0xffffffb5][0xffffffe8]=[0xffffffd1]p[0xffffffbd][[0xffffffcf][0xffffffe5][0x1b][0xfffffff4][0xffffff9c][0xffffffff][0xfffffffc][0xfffffff8][0xffffffe1][0xffffffe2][0xffffff94][0xffffffa2][0xffffffae][0xe][0x14]5[0xffffff9a]8[0xffffff83][0xffffffd1]`:[0xfffffffd]<[0xffffffb8][0x1f][0xffffff9c]R[0xffffffcf]u[0x7f]6[0xffffffbc][0xffffff83][0xffffffef][0xf][0xffffffc3][0xffffffd9]/[0xfffffff8][0xfffffff2][0xffffffcd]y s[0xffffffee]'[0x1b]*0g[0xffffffcb][0xffffffc8]nF7H][0xffffff83][0xffffff97]{[0xffffffb1]Q[0x5][\r][0xffffffb5]c[0xffffffb4][0xf][0x2][0xffffffb3][0xffffffb4][0xffffff93][0xe]C[0xffffffa7][0xffffffb3]kAD][0xffffff9d][0xffffffde][0xffffffdb][0xffffffda][0xffffff88][0xffffffec][0xffffffa5][0xffffffbc][0xffffff99][0xffffffd9][0xffffffba]t[0xffffffb5][0xffffffea]9[0xffffffea][0x10])[0xffffffb7][0xffffffca][0xffffff9e][0xfffffff2][0xffffffe2]d^N[0xffffffd8]FW[0x16][0xffffffcd][0xffffffdc]_[0x10][0xfffffff9]i|[0x1c][0xffffff93][0xffffff8e][0xfffffff9]o[0x16][0xffffff86]4'!$G[0xffffffdf]W[0xfffffff4]W*j[[0xfffffff3]xR[0xffffffae][0xffffffb6][0xc][0xffffffd0],; #[0xffffffa9][0xffffff92]5[0xffffffb5][0x7][0xffffff9c][0xffffffb5][0xffffffd0][0x7f][0xffffff90][0xffffffc7]jgs[0xfffffffc][0xffffffc2][0xb][0xffffffd9][0x0]t[0xffffff9e]^'Y[0xfffffffb][0xffffff9f][0xffffffb1][0xffffffd8]:[0xffffffbf][0xffffff8d][0xffffffa5][0xffffff9a][0xffffffad][0x7f]m[0x5]&[0xffffffaa][0xffffffa0]^[0xffffff9b][0xffffffcb][0x5]f[0xffffffae][0xffffffe0]RU[0xffffff82][0x10]MS9l[0xffffff91]4t[0xfffffffb][0xffffff8a]][0xffffffd6][0xfffffff4][0xffffff96][0xffffffa6][0xffffff9f]P[0xffffffce][0xffffffd5][0xffffffce][0xffffff93][0xffffffff][0xffffff97][0xffffffcc]p[0xfffffffd][0xfffffff3][0xffffffe8][0x1b][0xffffffcc][0xffffffa2][0xffffffd9]Q[0xffffffbe][0xffffffb2][0xffffffa3][0xffffffc7]m'[0xffffffdf][0xffffffe4][[0xfffffffb]^[0xffffffb0][0xffffff9a][0xffffffbe][0xffffffda][0xffffffda]_[0xffffffce][0xffffff80][0xffffffd2][0xffffffc1]7[0xffffffb7]][0xffffffc1]b[0xffffffee][0xffffffb5][0xffffffff]w[0xffffff83][0xffffffed][0xffffffa7];[0x15]<[0x10]4[0xffffff92][0xffffff84][0x18][\n]"
21:24:56.539 [main] DEBUG org.apache.hc.client5.http.wire - http-outgoing-0 << "BB[0xffffffba][0xffffff8e]][0xffffffb5]jo[0xffffffb9]+"[0xffffffea][0xffffffb4][0xffffffff]h"[0xffffffea]\?5[0xffffffa9][0xffffffaf]k[0xffffffec][0xffffffff]P[0xffffffea][\n]"
21:24:56.540 [main] DEBUG org.apache.hc.client5.http.wire - http-outgoing-0 << "w[0xffffffe1]K[0x13][0xffffffda][0xffffffec][0xffffff98][0xffffffe6]Y[0xfffffffd]h8m6[0xffffff9c]T[0xffffffc1][0xfffffff2][0xffffffa7][0xffffff91]z_[0xffffff95]o85p[0x1c][0x13][0xffffffe6][0xfffffff0]5[0xffffffee][0xfffffffc][0xffffff92][0xffffff96][0xffffffda][0xfffffff7][0xffffffcf][0xffffffb1][0x5][0x1d][0xffffffea]K[0xffffff9b]9[0xffffff8e][0xffffffad]e[0xfffffff7][0xffffff93][0xffffffa8]`[0xffffffda][0xffffffff][0x1a][0xffffffd2][0xffffff88][0xffffff85][0xfffffffd][0xfffffff2][0xffffff91]N[0xfffffff6]`[0xffffffdf]2[0xffffffcf][0xffffffae]E[0xffffff97][0xffffffc5][0xffffffa2][0xffffff9d][0xffffffef]'[0xffffff9d]mun.[0xffffffd3]f^[0xffffffc7][0xffffff82][0xffffffda][0xffffff82]9[0xfffffff5][0xffffffa9]`[0x5][0xffffffbc]4[0xffffffa1][0x1d]<M[0xffffffb5]A[0xffffffa7]3[[0xffffffc0][0x7f][0x0][0xffffffc1][0xffffffd0]$[0xffffff85][0x1d][\r][0x0][0x0]"
21:24:56.542 [main] DEBUG org.apache.hc.client5.http.impl.classic.InternalHttpClient - ep-00000000: releasing valid endpoint
21:24:56.543 [main] DEBUG org.apache.hc.client5.http.impl.io.PoolingHttpClientConnectionManager - ep-00000000: releasing endpoint
21:24:56.543 [main] DEBUG org.apache.hc.client5.http.impl.io.PoolingHttpClientConnectionManager - ep-00000000: connection http-outgoing-0 can be kept alive for 3 MINUTES
21:24:56.544 [main] DEBUG org.apache.hc.client5.http.impl.io.PoolingHttpClientConnectionManager - ep-00000000: connection released [route: {s}->https://raw.githubusercontent.com:443][total available: 1; route allocated: 1 of 5; total allocated: 1 of 25]
21:24:56.544 [main] DEBUG io.github.bonigarcia.wdm.versions.VersionDetector - Detecting chrome version using online commands.properties
21:24:56.553 [main] DEBUG io.github.bonigarcia.wdm.versions.Shell - Running command on the shell: [cmd.exe, /C, wmic, datafile, where, name="%PROGRAMFILES:\=\\%\\Google\\Chrome\\Application\\chrome.exe", get, Version, /value]
21:24:56.855 [main] DEBUG io.github.bonigarcia.wdm.versions.Shell - Result: 
21:24:56.856 [main] DEBUG io.github.bonigarcia.wdm.versions.Shell - Running command on the shell: [cmd.exe, /C, wmic, datafile, where, name="%PROGRAMFILES(X86):\=\\%\\Google\\Chrome\\Application\\chrome.exe", get, Version, /value]
21:24:56.989 [main] DEBUG io.github.bonigarcia.wdm.versions.Shell - Result: Version=107.0.5304.88
21:24:57.000 [main] DEBUG io.github.bonigarcia.wdm.cache.ResolutionCache - Removing resolution chrome107=107.0.5304.62 from cache (expired on Fri Nov 04 16:49:12 WIB 2022)
21:24:57.011 [main] DEBUG org.apache.hc.client5.http.impl.classic.InternalHttpClient - ex-00000002: preparing request execution
21:24:57.012 [main] DEBUG org.apache.hc.client5.http.protocol.RequestAddCookies - Cookie spec selected: strict
21:24:57.012 [main] DEBUG org.apache.hc.client5.http.protocol.RequestAuthCache - Auth cache not set in the context
21:24:57.012 [main] DEBUG org.apache.hc.client5.http.impl.classic.ProtocolExec - ex-00000002: target auth state: UNCHALLENGED
21:24:57.012 [main] DEBUG org.apache.hc.client5.http.impl.classic.ProtocolExec - ex-00000002: proxy auth state: UNCHALLENGED
21:24:57.012 [main] DEBUG org.apache.hc.client5.http.impl.classic.ConnectExec - ex-00000002: acquiring connection with route {s}->https://chromedriver.storage.googleapis.com:443
21:24:57.012 [main] DEBUG org.apache.hc.client5.http.impl.classic.InternalHttpClient - ex-00000002: acquiring endpoint (3 MINUTES)
21:24:57.013 [main] DEBUG org.apache.hc.client5.http.impl.io.PoolingHttpClientConnectionManager - ex-00000002: endpoint lease request (3 MINUTES) [route: {s}->https://chromedriver.storage.googleapis.com:443][total available: 1; route allocated: 0 of 5; total allocated: 1 of 25]
21:24:57.013 [main] DEBUG org.apache.hc.client5.http.impl.io.PoolingHttpClientConnectionManager - ex-00000002: endpoint leased [route: {s}->https://chromedriver.storage.googleapis.com:443][total available: 1; route allocated: 1 of 5; total allocated: 2 of 25]
21:24:57.013 [main] DEBUG org.apache.hc.client5.http.impl.io.PoolingHttpClientConnectionManager - ex-00000002: acquired ep-00000001
21:24:57.014 [main] DEBUG org.apache.hc.client5.http.impl.classic.InternalHttpClient - ex-00000002: acquired endpoint ep-00000001
21:24:57.014 [main] DEBUG org.apache.hc.client5.http.impl.classic.ConnectExec - ex-00000002: opening connection {s}->https://chromedriver.storage.googleapis.com:443
21:24:57.014 [main] DEBUG org.apache.hc.client5.http.impl.classic.InternalHttpClient - ep-00000001: connecting endpoint (30 SECONDS)
21:24:57.014 [main] DEBUG org.apache.hc.client5.http.impl.io.PoolingHttpClientConnectionManager - ep-00000001: connecting endpoint to https://chromedriver.storage.googleapis.com:443 (30 SECONDS)
21:24:57.050 [main] DEBUG org.apache.hc.client5.http.impl.io.DefaultHttpClientConnectionOperator - http-outgoing-1: connecting to chromedriver.storage.googleapis.com/34.101.5.80:443
21:24:57.050 [main] DEBUG org.apache.hc.client5.http.ssl.SSLConnectionSocketFactory - Connecting socket to chromedriver.storage.googleapis.com/34.101.5.80:443 with timeout 30 SECONDS
21:24:57.107 [main] DEBUG org.apache.hc.client5.http.ssl.SSLConnectionSocketFactory - Enabled protocols: [TLSv1.3, TLSv1.2]
21:24:57.107 [main] DEBUG org.apache.hc.client5.http.ssl.SSLConnectionSocketFactory - Enabled cipher suites: [TLS_AES_256_GCM_SHA384, TLS_AES_128_GCM_SHA256, TLS_CHACHA20_POLY1305_SHA256, TLS_ECDHE_ECDSA_WITH_AES_256_GCM_SHA384, TLS_ECDHE_ECDSA_WITH_AES_128_GCM_SHA256, TLS_ECDHE_ECDSA_WITH_CHACHA20_POLY1305_SHA256, TLS_ECDHE_RSA_WITH_AES_256_GCM_SHA384, TLS_ECDHE_RSA_WITH_CHACHA20_POLY1305_SHA256, TLS_ECDHE_RSA_WITH_AES_128_GCM_SHA256, TLS_DHE_RSA_WITH_AES_256_GCM_SHA384, TLS_DHE_RSA_WITH_CHACHA20_POLY1305_SHA256, TLS_DHE_DSS_WITH_AES_256_GCM_SHA384, TLS_DHE_RSA_WITH_AES_128_GCM_SHA256, TLS_DHE_DSS_WITH_AES_128_GCM_SHA256, TLS_ECDHE_ECDSA_WITH_AES_256_CBC_SHA384, TLS_ECDHE_RSA_WITH_AES_256_CBC_SHA384, TLS_ECDHE_ECDSA_WITH_AES_128_CBC_SHA256, TLS_ECDHE_RSA_WITH_AES_128_CBC_SHA256, TLS_DHE_RSA_WITH_AES_256_CBC_SHA256, TLS_DHE_DSS_WITH_AES_256_CBC_SHA256, TLS_DHE_RSA_WITH_AES_128_CBC_SHA256, TLS_DHE_DSS_WITH_AES_128_CBC_SHA256, TLS_ECDH_ECDSA_WITH_AES_256_GCM_SHA384, TLS_ECDH_RSA_WITH_AES_256_GCM_SHA384, TLS_ECDH_ECDSA_WITH_AES_128_GCM_SHA256, TLS_ECDH_RSA_WITH_AES_128_GCM_SHA256, TLS_ECDH_ECDSA_WITH_AES_256_CBC_SHA384, TLS_ECDH_RSA_WITH_AES_256_CBC_SHA384, TLS_ECDH_ECDSA_WITH_AES_128_CBC_SHA256, TLS_ECDH_RSA_WITH_AES_128_CBC_SHA256, TLS_ECDHE_ECDSA_WITH_AES_256_CBC_SHA, TLS_ECDHE_RSA_WITH_AES_256_CBC_SHA, TLS_ECDHE_ECDSA_WITH_AES_128_CBC_SHA, TLS_ECDHE_RSA_WITH_AES_128_CBC_SHA, TLS_DHE_RSA_WITH_AES_256_CBC_SHA, TLS_DHE_DSS_WITH_AES_256_CBC_SHA, TLS_DHE_RSA_WITH_AES_128_CBC_SHA, TLS_DHE_DSS_WITH_AES_128_CBC_SHA, TLS_ECDH_ECDSA_WITH_AES_256_CBC_SHA, TLS_ECDH_RSA_WITH_AES_256_CBC_SHA, TLS_ECDH_ECDSA_WITH_AES_128_CBC_SHA, TLS_ECDH_RSA_WITH_AES_128_CBC_SHA, TLS_RSA_WITH_AES_256_GCM_SHA384, TLS_RSA_WITH_AES_128_GCM_SHA256, TLS_RSA_WITH_AES_256_CBC_SHA256, TLS_RSA_WITH_AES_128_CBC_SHA256, TLS_RSA_WITH_AES_256_CBC_SHA, TLS_RSA_WITH_AES_128_CBC_SHA, TLS_EMPTY_RENEGOTIATION_INFO_SCSV]
21:24:57.108 [main] DEBUG org.apache.hc.client5.http.ssl.SSLConnectionSocketFactory - Starting handshake
21:24:57.170 [main] DEBUG org.apache.hc.client5.http.ssl.SSLConnectionSocketFactory - Secure session established
21:24:57.170 [main] DEBUG org.apache.hc.client5.http.ssl.SSLConnectionSocketFactory -  negotiated protocol: TLSv1.3
21:24:57.170 [main] DEBUG org.apache.hc.client5.http.ssl.SSLConnectionSocketFactory -  negotiated cipher suite: TLS_AES_256_GCM_SHA384
21:24:57.170 [main] DEBUG org.apache.hc.client5.http.ssl.SSLConnectionSocketFactory -  peer principal: CN=*.storage.googleapis.com
21:24:57.170 [main] DEBUG org.apache.hc.client5.http.ssl.SSLConnectionSocketFactory -  peer alternative names: [*.storage.googleapis.com, *.googleapis.com, commondatastorage.googleapis.com, *.commondatastorage.googleapis.com, storage.googleapis.com, storage.mtls.googleapis.com, *.appspot.com.storage.googleapis.com, *.content-storage.googleapis.com, *.content-storage-p2.googleapis.com, *.content-storage-upload.googleapis.com, *.content-storage-download.googleapis.com, *.storage-upload.googleapis.com, *.storage-download.googleapis.com]
21:24:57.170 [main] DEBUG org.apache.hc.client5.http.ssl.SSLConnectionSocketFactory -  issuer principal: CN=GTS CA 1C3, O=Google Trust Services LLC, C=US
21:24:57.170 [main] DEBUG org.apache.hc.client5.http.impl.io.DefaultHttpClientConnectionOperator - http-outgoing-1: connection established 192.168.100.18:63665<->34.101.5.80:443
21:24:57.170 [main] DEBUG org.apache.hc.client5.http.impl.io.PoolingHttpClientConnectionManager - ep-00000001: connected http-outgoing-1
21:24:57.171 [main] DEBUG org.apache.hc.client5.http.impl.classic.InternalHttpClient - ep-00000001: endpoint connected
21:24:57.171 [main] DEBUG org.apache.hc.client5.http.impl.classic.MainClientExec - ex-00000002: executing GET /LATEST_RELEASE_107 HTTP/1.1
21:24:57.171 [main] DEBUG org.apache.hc.client5.http.impl.classic.InternalHttpClient - ep-00000001: start execution ex-00000002
21:24:57.171 [main] DEBUG org.apache.hc.client5.http.impl.io.PoolingHttpClientConnectionManager - ep-00000001: executing exchange ex-00000002 over http-outgoing-1
21:24:57.171 [main] DEBUG org.apache.hc.client5.http.headers - http-outgoing-1 >> GET /LATEST_RELEASE_107 HTTP/1.1
21:24:57.171 [main] DEBUG org.apache.hc.client5.http.headers - http-outgoing-1 >> user-agent: Apache-HttpClient/5.0
21:24:57.171 [main] DEBUG org.apache.hc.client5.http.headers - http-outgoing-1 >> accept-encoding: gzip, deflate, br
21:24:57.171 [main] DEBUG org.apache.hc.client5.http.headers - http-outgoing-1 >> cache-control: max-age=0
21:24:57.171 [main] DEBUG org.apache.hc.client5.http.headers - http-outgoing-1 >> connection: keep-alive
21:24:57.171 [main] DEBUG org.apache.hc.client5.http.headers - http-outgoing-1 >> Host: chromedriver.storage.googleapis.com
21:24:57.171 [main] DEBUG org.apache.hc.client5.http.wire - http-outgoing-1 >> "GET /LATEST_RELEASE_107 HTTP/1.1[\r][\n]"
21:24:57.171 [main] DEBUG org.apache.hc.client5.http.wire - http-outgoing-1 >> "user-agent: Apache-HttpClient/5.0[\r][\n]"
21:24:57.171 [main] DEBUG org.apache.hc.client5.http.wire - http-outgoing-1 >> "accept-encoding: gzip, deflate, br[\r][\n]"
21:24:57.171 [main] DEBUG org.apache.hc.client5.http.wire - http-outgoing-1 >> "cache-control: max-age=0[\r][\n]"
21:24:57.171 [main] DEBUG org.apache.hc.client5.http.wire - http-outgoing-1 >> "connection: keep-alive[\r][\n]"
21:24:57.171 [main] DEBUG org.apache.hc.client5.http.wire - http-outgoing-1 >> "Host: chromedriver.storage.googleapis.com[\r][\n]"
21:24:57.172 [main] DEBUG org.apache.hc.client5.http.wire - http-outgoing-1 >> "[\r][\n]"
21:24:57.274 [main] DEBUG org.apache.hc.client5.http.wire - http-outgoing-1 << "HTTP/1.1 200 OK[\r][\n]"
21:24:57.274 [main] DEBUG org.apache.hc.client5.http.wire - http-outgoing-1 << "X-GUploader-UploadID: ADPycdv3P4YGnOF4FeHDgylfCa47H25L0gDh0e_IPDvjo8wsI5oeOIEMypTp6Bk27ieeYM5b-E-Y-M-tGK1OVmWeWUG897S4EU2C[\r][\n]"
21:24:57.274 [main] DEBUG org.apache.hc.client5.http.wire - http-outgoing-1 << "x-goog-generation: 1666700463649955[\r][\n]"
21:24:57.274 [main] DEBUG org.apache.hc.client5.http.wire - http-outgoing-1 << "x-goog-metageneration: 1[\r][\n]"
21:24:57.274 [main] DEBUG org.apache.hc.client5.http.wire - http-outgoing-1 << "x-goog-stored-content-encoding: identity[\r][\n]"
21:24:57.274 [main] DEBUG org.apache.hc.client5.http.wire - http-outgoing-1 << "x-goog-stored-content-length: 13[\r][\n]"
21:24:57.274 [main] DEBUG org.apache.hc.client5.http.wire - http-outgoing-1 << "Content-Language: en[\r][\n]"
21:24:57.274 [main] DEBUG org.apache.hc.client5.http.wire - http-outgoing-1 << "x-goog-hash: crc32c=GZtV/w==[\r][\n]"
21:24:57.274 [main] DEBUG org.apache.hc.client5.http.wire - http-outgoing-1 << "x-goog-hash: md5=EquORKR7nNr13OnBqPO3SA==[\r][\n]"
21:24:57.274 [main] DEBUG org.apache.hc.client5.http.wire - http-outgoing-1 << "x-goog-storage-class: STANDARD[\r][\n]"
21:24:57.274 [main] DEBUG org.apache.hc.client5.http.wire - http-outgoing-1 << "Accept-Ranges: bytes[\r][\n]"
21:24:57.274 [main] DEBUG org.apache.hc.client5.http.wire - http-outgoing-1 << "Content-Length: 13[\r][\n]"
21:24:57.274 [main] DEBUG org.apache.hc.client5.http.wire - http-outgoing-1 << "Server: UploadServer[\r][\n]"
21:24:57.274 [main] DEBUG org.apache.hc.client5.http.wire - http-outgoing-1 << "Date: Fri, 04 Nov 2022 13:57:35 GMT[\r][\n]"
21:24:57.274 [main] DEBUG org.apache.hc.client5.http.wire - http-outgoing-1 << "Expires: Fri, 04 Nov 2022 14:57:35 GMT[\r][\n]"
21:24:57.274 [main] DEBUG org.apache.hc.client5.http.wire - http-outgoing-1 << "Cache-Control: public, max-age=3600[\r][\n]"
21:24:57.274 [main] DEBUG org.apache.hc.client5.http.wire - http-outgoing-1 << "Age: 1642[\r][\n]"
21:24:57.274 [main] DEBUG org.apache.hc.client5.http.wire - http-outgoing-1 << "Last-Modified: Tue, 25 Oct 2022 12:21:03 GMT[\r][\n]"
21:24:57.274 [main] DEBUG org.apache.hc.client5.http.wire - http-outgoing-1 << "ETag: "12ab8e44a47b9cdaf5dce9c1a8f3b748"[\r][\n]"
21:24:57.274 [main] DEBUG org.apache.hc.client5.http.wire - http-outgoing-1 << "Content-Type: text/plain[\r][\n]"
21:24:57.274 [main] DEBUG org.apache.hc.client5.http.wire - http-outgoing-1 << "Alt-Svc: h3=":443"; ma=2592000,h3-29=":443"; ma=2592000,h3-Q050=":443"; ma=2592000,h3-Q046=":443"; ma=2592000,h3-Q043=":443"; ma=2592000,quic=":443"; ma=2592000; v="46,43"[\r][\n]"
21:24:57.274 [main] DEBUG org.apache.hc.client5.http.wire - http-outgoing-1 << "[\r][\n]"
21:24:57.275 [main] DEBUG org.apache.hc.client5.http.wire - http-outgoing-1 << "107.0.5304.62"
21:24:57.275 [main] DEBUG org.apache.hc.client5.http.headers - http-outgoing-1 << HTTP/1.1 200 OK
21:24:57.275 [main] DEBUG org.apache.hc.client5.http.headers - http-outgoing-1 << X-GUploader-UploadID: ADPycdv3P4YGnOF4FeHDgylfCa47H25L0gDh0e_IPDvjo8wsI5oeOIEMypTp6Bk27ieeYM5b-E-Y-M-tGK1OVmWeWUG897S4EU2C
21:24:57.275 [main] DEBUG org.apache.hc.client5.http.headers - http-outgoing-1 << x-goog-generation: 1666700463649955
21:24:57.275 [main] DEBUG org.apache.hc.client5.http.headers - http-outgoing-1 << x-goog-metageneration: 1
21:24:57.275 [main] DEBUG org.apache.hc.client5.http.headers - http-outgoing-1 << x-goog-stored-content-encoding: identity
21:24:57.275 [main] DEBUG org.apache.hc.client5.http.headers - http-outgoing-1 << x-goog-stored-content-length: 13
21:24:57.275 [main] DEBUG org.apache.hc.client5.http.headers - http-outgoing-1 << Content-Language: en
21:24:57.275 [main] DEBUG org.apache.hc.client5.http.headers - http-outgoing-1 << x-goog-hash: crc32c=GZtV/w==
21:24:57.275 [main] DEBUG org.apache.hc.client5.http.headers - http-outgoing-1 << x-goog-hash: md5=EquORKR7nNr13OnBqPO3SA==
21:24:57.275 [main] DEBUG org.apache.hc.client5.http.headers - http-outgoing-1 << x-goog-storage-class: STANDARD
21:24:57.275 [main] DEBUG org.apache.hc.client5.http.headers - http-outgoing-1 << Accept-Ranges: bytes
21:24:57.275 [main] DEBUG org.apache.hc.client5.http.headers - http-outgoing-1 << Content-Length: 13
21:24:57.275 [main] DEBUG org.apache.hc.client5.http.headers - http-outgoing-1 << Server: UploadServer
21:24:57.275 [main] DEBUG org.apache.hc.client5.http.headers - http-outgoing-1 << Date: Fri, 04 Nov 2022 13:57:35 GMT
21:24:57.275 [main] DEBUG org.apache.hc.client5.http.headers - http-outgoing-1 << Expires: Fri, 04 Nov 2022 14:57:35 GMT
21:24:57.275 [main] DEBUG org.apache.hc.client5.http.headers - http-outgoing-1 << Cache-Control: public, max-age=3600
21:24:57.275 [main] DEBUG org.apache.hc.client5.http.headers - http-outgoing-1 << Age: 1642
21:24:57.275 [main] DEBUG org.apache.hc.client5.http.headers - http-outgoing-1 << Last-Modified: Tue, 25 Oct 2022 12:21:03 GMT
21:24:57.275 [main] DEBUG org.apache.hc.client5.http.headers - http-outgoing-1 << ETag: "12ab8e44a47b9cdaf5dce9c1a8f3b748"
21:24:57.275 [main] DEBUG org.apache.hc.client5.http.headers - http-outgoing-1 << Content-Type: text/plain
21:24:57.276 [main] DEBUG org.apache.hc.client5.http.headers - http-outgoing-1 << Alt-Svc: h3=":443"; ma=2592000,h3-29=":443"; ma=2592000,h3-Q050=":443"; ma=2592000,h3-Q046=":443"; ma=2592000,h3-Q043=":443"; ma=2592000,quic=":443"; ma=2592000; v="46,43"
21:24:57.276 [main] DEBUG org.apache.hc.client5.http.impl.classic.MainClientExec - ex-00000002: connection can be kept alive for 3 MINUTES
21:24:57.276 [main] DEBUG org.apache.hc.client5.http.impl.classic.InternalHttpClient - ep-00000001: releasing valid endpoint
21:24:57.276 [main] DEBUG org.apache.hc.client5.http.impl.io.PoolingHttpClientConnectionManager - ep-00000001: releasing endpoint
21:24:57.276 [main] DEBUG org.apache.hc.client5.http.impl.io.PoolingHttpClientConnectionManager - ep-00000001: connection http-outgoing-1 can be kept alive for 3 MINUTES
21:24:57.276 [main] DEBUG org.apache.hc.client5.http.impl.io.PoolingHttpClientConnectionManager - ep-00000001: connection released [route: {s}->https://chromedriver.storage.googleapis.com:443][total available: 2; route allocated: 1 of 5; total allocated: 2 of 25]
21:24:57.276 [main] DEBUG io.github.bonigarcia.wdm.versions.VersionDetector - Latest version of chromedriver according to https://chromedriver.storage.googleapis.com/LATEST_RELEASE_107 is 107.0.5304.62
21:24:57.277 [main] INFO io.github.bonigarcia.wdm.WebDriverManager - Using chromedriver 107.0.5304.62 (resolved driver for Chrome 107)
21:24:57.286 [main] DEBUG io.github.bonigarcia.wdm.cache.ResolutionCache - Storing resolution chrome=107 in cache (valid until 22:24:57 04/11/2022 WIB)
21:24:57.291 [main] DEBUG io.github.bonigarcia.wdm.cache.ResolutionCache - Storing resolution chrome107=107.0.5304.62 in cache (valid until 21:24:57 05/11/2022 WIB)
21:24:57.305 [main] DEBUG io.github.bonigarcia.wdm.WebDriverManager - Driver chromedriver 107.0.5304.62 found in cache
21:24:57.306 [main] INFO io.github.bonigarcia.wdm.WebDriverManager - Exporting webdriver.chrome.driver as C:\Users\ASUS\.cache\selenium\chromedriver\win32\107.0.5304.62\chromedriver.exe
21:24:58.098 [main] DEBUG net.thucydides.core.reflection.ClassFinder - Could not load class .CucumberTestSuite
21:24:58.099 [main] DEBUG net.thucydides.core.reflection.ClassFinder - Could not load class .starter.pages.CartPages
21:24:58.099 [main] DEBUG net.thucydides.core.reflection.ClassFinder - Could not load class .starter.pages.LogInOutPages
21:24:58.099 [main] DEBUG net.thucydides.core.reflection.ClassFinder - Could not load class .starter.pages.ProductPages
21:24:58.099 [main] DEBUG net.thucydides.core.reflection.ClassFinder - Could not load class .starter.pages.RegisterPage
21:24:58.099 [main] DEBUG net.thucydides.core.reflection.ClassFinder - Could not load class .starter.pages.TransactionPages
21:24:58.099 [main] DEBUG net.thucydides.core.reflection.ClassFinder - Could not load class .starter.stepdefinitions.CartSteps
21:24:58.099 [main] DEBUG net.thucydides.core.reflection.ClassFinder - Could not load class .starter.stepdefinitions.LogInOutSteps
21:24:58.099 [main] DEBUG net.thucydides.core.reflection.ClassFinder - Could not load class .starter.stepdefinitions.ProductSteps
21:24:58.099 [main] DEBUG net.thucydides.core.reflection.ClassFinder - Could not load class .starter.stepdefinitions.RegisterSteps
21:24:58.099 [main] DEBUG net.thucydides.core.reflection.ClassFinder - Could not load class .starter.stepdefinitions.TransactionSteps
21:24:58.100 [main] DEBUG net.thucydides.core.reflection.ClassFinder - Could not load class META-INF.versions.9.com.sun.istack.logging.StackHelper
21:24:58.108 [main] DEBUG net.thucydides.core.reflection.ClassFinder - Could not load class META-INF.versions.9.com.sun.xml.bind.v2.runtime.reflect.opt.AccessorInjector
21:24:58.109 [main] DEBUG net.thucydides.core.reflection.ClassFinder - Could not load class META-INF.versions.9.com.sun.xml.bind.v2.runtime.reflect.opt.Injector
21:24:58.110 [main] DEBUG net.thucydides.core.reflection.ClassFinder - Could not load class META-INF.versions.9.com.sun.xml.bind.v2.runtime.reflect.opt.OptimizedAccessorFactory
21:24:58.111 [main] DEBUG net.thucydides.core.reflection.ClassFinder - Could not load class META-INF.versions.9.com.sun.xml.bind.v2.runtime.reflect.opt.OptimizedTransducedAccessorFactory
21:24:58.112 [main] DEBUG net.thucydides.core.reflection.ClassFinder - Could not load class META-INF.versions.9.io.opentelemetry.sdk.internal.CurrentJavaVersionSpecific
21:24:58.112 [main] DEBUG net.thucydides.core.reflection.ClassFinder - Could not load class META-INF.versions.9.io.opentelemetry.sdk.internal.Java9VersionSpecific
21:24:58.113 [main] DEBUG net.thucydides.core.reflection.ClassFinder - Could not load class META-INF.versions.9.javax.xml.bind.ModuleUtil
21:24:58.113 [main] DEBUG net.thucydides.core.reflection.ClassFinder - Could not load class META-INF.versions.9.module-info
21:24:58.114 [main] DEBUG net.thucydides.core.reflection.ClassFinder - Could not load class META-INF.versions.9.org.junit.platform.commons.util.ModuleUtils
21:24:58.550 [main] DEBUG net.thucydides.core.reflection.ClassFinder - Could not load class com.google.gson.internal.
21:24:58.760 [main] DEBUG net.thucydides.core.reflection.ClassFinder - Could not load class com.sun.xml.bind.v2.runtime.output.FastInfosetStreamWriterOutput
21:24:59.252 [main] DEBUG net.thucydides.core.reflection.ClassFinder - Could not load class module-info
21:25:02.466 [main] DEBUG io.netty.util.internal.logging.InternalLoggerFactory - Using SLF4J as the default logging framework
21:25:02.474 [main] DEBUG io.netty.util.ResourceLeakDetector - -Dio.netty.leakDetection.level: simple
21:25:02.475 [main] DEBUG io.netty.util.ResourceLeakDetector - -Dio.netty.leakDetection.targetRecords: 4
21:25:02.479 [main] DEBUG io.netty.util.ResourceLeakDetectorFactory - Loaded default ResourceLeakDetector: io.netty.util.ResourceLeakDetector@5b0ddbcf
21:25:02.511 [main] DEBUG io.netty.util.internal.PlatformDependent0 - -Dio.netty.noUnsafe: false
21:25:02.511 [main] DEBUG io.netty.util.internal.PlatformDependent0 - Java version: 13
21:25:02.513 [main] DEBUG io.netty.util.internal.PlatformDependent0 - sun.misc.Unsafe.theUnsafe: available
21:25:02.514 [main] DEBUG io.netty.util.internal.PlatformDependent0 - sun.misc.Unsafe.copyMemory: available
21:25:02.514 [main] DEBUG io.netty.util.internal.PlatformDependent0 - java.nio.Buffer.address: available
21:25:02.515 [main] DEBUG io.netty.util.internal.PlatformDependent0 - direct buffer constructor: unavailable: Reflective setAccessible(true) disabled
21:25:02.516 [main] DEBUG io.netty.util.internal.PlatformDependent0 - java.nio.Bits.unaligned: available, true
21:25:02.517 [main] DEBUG io.netty.util.internal.PlatformDependent0 - jdk.internal.misc.Unsafe.allocateUninitializedArray(int): unavailable: class io.netty.util.internal.PlatformDependent0$6 cannot access class jdk.internal.misc.Unsafe (in module java.base) because module java.base does not export jdk.internal.misc to unnamed module @344344fa
21:25:02.518 [main] DEBUG io.netty.util.internal.PlatformDependent0 - java.nio.DirectByteBuffer.<init>(long, int): unavailable
21:25:02.519 [main] DEBUG io.netty.util.internal.PlatformDependent - sun.misc.Unsafe: available
21:25:02.524 [main] DEBUG io.netty.util.internal.PlatformDependent - maxDirectMemory: 2109734912 bytes (maybe)
21:25:02.525 [main] DEBUG io.netty.util.internal.PlatformDependent - -Dio.netty.tmpdir: C:\Users\ASUS\AppData\Local\Temp (java.io.tmpdir)
21:25:02.525 [main] DEBUG io.netty.util.internal.PlatformDependent - -Dio.netty.bitMode: 64 (sun.arch.data.model)
21:25:02.526 [main] DEBUG io.netty.util.internal.PlatformDependent - Platform: Windows
21:25:02.528 [main] DEBUG io.netty.util.internal.PlatformDependent - -Dio.netty.maxDirectMemory: -1 bytes
21:25:02.528 [main] DEBUG io.netty.util.internal.PlatformDependent - -Dio.netty.uninitializedArrayAllocationThreshold: -1
21:25:02.530 [main] DEBUG io.netty.util.internal.CleanerJava9 - java.nio.ByteBuffer.cleaner(): available
21:25:02.530 [main] DEBUG io.netty.util.internal.PlatformDependent - -Dio.netty.noPreferDirect: false
21:25:02.543 [main] DEBUG io.netty.util.internal.PlatformDependent - org.jctools-core.MpscChunkedArrayQueue: available
21:25:02.582 [main] DEBUG io.netty.util.internal.InternalThreadLocalMap - -Dio.netty.threadLocalMap.stringBuilder.initialSize: 1024
21:25:02.582 [main] DEBUG io.netty.util.internal.InternalThreadLocalMap - -Dio.netty.threadLocalMap.stringBuilder.maxSize: 4096
21:25:02.618 [main] DEBUG io.netty.handler.ssl.JdkSslContext - Default protocols (JDK): [TLSv1.3, TLSv1.2, TLSv1.1, TLSv1] 
21:25:02.618 [main] DEBUG io.netty.handler.ssl.JdkSslContext - Default cipher suites (JDK): [TLS_ECDHE_ECDSA_WITH_AES_256_GCM_SHA384, TLS_ECDHE_ECDSA_WITH_AES_128_GCM_SHA256, TLS_ECDHE_RSA_WITH_AES_128_GCM_SHA256, TLS_ECDHE_RSA_WITH_AES_256_GCM_SHA384, TLS_ECDHE_RSA_WITH_AES_128_CBC_SHA, TLS_ECDHE_RSA_WITH_AES_256_CBC_SHA, TLS_RSA_WITH_AES_128_GCM_SHA256, TLS_RSA_WITH_AES_128_CBC_SHA, TLS_RSA_WITH_AES_256_CBC_SHA, TLS_AES_128_GCM_SHA256, TLS_AES_256_GCM_SHA384]
21:25:02.664 [main] DEBUG io.netty.channel.MultithreadEventLoopGroup - -Dio.netty.eventLoopThreads: 16
21:25:02.676 [main] DEBUG io.netty.channel.nio.NioEventLoop - -Dio.netty.noKeySetOptimization: false
21:25:02.676 [main] DEBUG io.netty.channel.nio.NioEventLoop - -Dio.netty.selectorAutoRebuildThreshold: 512
21:25:02.966 [main] DEBUG io.netty.buffer.PooledByteBufAllocator - -Dio.netty.allocator.numHeapArenas: 16
21:25:02.966 [main] DEBUG io.netty.buffer.PooledByteBufAllocator - -Dio.netty.allocator.numDirectArenas: 16
21:25:02.966 [main] DEBUG io.netty.buffer.PooledByteBufAllocator - -Dio.netty.allocator.pageSize: 8192
21:25:02.966 [main] DEBUG io.netty.buffer.PooledByteBufAllocator - -Dio.netty.allocator.maxOrder: 11
21:25:02.966 [main] DEBUG io.netty.buffer.PooledByteBufAllocator - -Dio.netty.allocator.chunkSize: 16777216
21:25:02.966 [main] DEBUG io.netty.buffer.PooledByteBufAllocator - -Dio.netty.allocator.smallCacheSize: 256
21:25:02.966 [main] DEBUG io.netty.buffer.PooledByteBufAllocator - -Dio.netty.allocator.normalCacheSize: 64
21:25:02.966 [main] DEBUG io.netty.buffer.PooledByteBufAllocator - -Dio.netty.allocator.maxCachedBufferCapacity: 32768
21:25:02.966 [main] DEBUG io.netty.buffer.PooledByteBufAllocator - -Dio.netty.allocator.cacheTrimInterval: 8192
21:25:02.966 [main] DEBUG io.netty.buffer.PooledByteBufAllocator - -Dio.netty.allocator.cacheTrimIntervalMillis: 0
21:25:02.966 [main] DEBUG io.netty.buffer.PooledByteBufAllocator - -Dio.netty.allocator.useCacheForAllThreads: true
21:25:02.966 [main] DEBUG io.netty.buffer.PooledByteBufAllocator - -Dio.netty.allocator.maxCachedByteBuffersPerChunk: 1023
21:25:02.979 [main] DEBUG io.netty.buffer.ByteBufUtil - -Dio.netty.allocator.type: pooled
21:25:02.979 [main] DEBUG io.netty.buffer.ByteBufUtil - -Dio.netty.threadLocalDirectBufferSize: 0
21:25:02.979 [main] DEBUG io.netty.buffer.ByteBufUtil - -Dio.netty.maxThreadLocalCharBufferSize: 16384
21:25:03.241 [main] DEBUG net.serenitybdd.core.webdriver.driverproviders.ProvideNewDriver - Instantiating driver
21:25:03.241 [main] DEBUG net.serenitybdd.core.webdriver.driverproviders.ProvideNewDriver - Driver capabilities: Capabilities {acceptInsecureCerts: false, base.url: https://alta-shop.vercel.app/, browserName: chrome, chrome.driver: src/test/resources/webdrive..., driver: chrome, goog:chromeOptions: {args: [], extensions: []}, wait.for.timeout: 10000}
21:25:05.169 [Forwarding newSession on session null to remote] DEBUG io.netty.channel.DefaultChannelId - -Dio.netty.processId: 10128 (auto-detected)
21:25:05.175 [Forwarding newSession on session null to remote] DEBUG io.netty.util.NetUtil - -Djava.net.preferIPv4Stack: false
21:25:05.175 [Forwarding newSession on session null to remote] DEBUG io.netty.util.NetUtil - -Djava.net.preferIPv6Addresses: false
21:25:05.453 [Forwarding newSession on session null to remote] DEBUG io.netty.util.NetUtilInitializations - Loopback interface: lo (Software Loopback Interface 1, 127.0.0.1)
21:25:05.457 [Forwarding newSession on session null to remote] DEBUG io.netty.util.NetUtil - Failed to get SOMAXCONN from sysctl and file \proc\sys\net\core\somaxconn. Default: 200
21:25:05.762 [Forwarding newSession on session null to remote] DEBUG io.netty.channel.DefaultChannelId - -Dio.netty.machineId: d4:d2:52:ff:fe:a4:e5:f7 (auto-detected)
21:25:05.833 [AsyncHttpClient-1-2] DEBUG io.netty.buffer.AbstractByteBuf - -Dio.netty.buffer.checkAccessible: true
21:25:05.834 [AsyncHttpClient-1-2] DEBUG io.netty.buffer.AbstractByteBuf - -Dio.netty.buffer.checkBounds: true
21:25:05.834 [AsyncHttpClient-1-2] DEBUG io.netty.util.ResourceLeakDetectorFactory - Loaded default ResourceLeakDetector: io.netty.util.ResourceLeakDetector@56123803
21:25:05.850 [AsyncHttpClient-1-2] DEBUG org.asynchttpclient.netty.channel.NettyConnectListener - Using new Channel '[id: 0x407f5d2c, L:/127.0.0.1:63707 - R:localhost/127.0.0.1:63982]' for 'POST' to '/session'
21:25:05.876 [AsyncHttpClient-1-2] DEBUG io.netty.util.Recycler - -Dio.netty.recycler.maxCapacityPerThread: 4096
21:25:05.876 [AsyncHttpClient-1-2] DEBUG io.netty.util.Recycler - -Dio.netty.recycler.ratio: 8
21:25:05.876 [AsyncHttpClient-1-2] DEBUG io.netty.util.Recycler - -Dio.netty.recycler.chunkSize: 32
21:25:05.876 [AsyncHttpClient-1-2] DEBUG io.netty.util.Recycler - -Dio.netty.recycler.blocking: false
21:25:07.684 [AsyncHttpClient-1-2] DEBUG io.netty.handler.codec.compression.Brotli - brotli4j not in the classpath; Brotli support will be unavailable.
21:25:07.684 [AsyncHttpClient-1-2] DEBUG org.asynchttpclient.netty.handler.HttpHandler - 

Request DefaultHttpRequest(decodeResult: success, version: HTTP/1.1)
POST /session HTTP/1.1
User-Agent: selenium/4.1.2 (java windows)
Content-Length: 646
Content-Type: application/json; charset=utf-8
host: localhost:63982
accept: */*

Response DefaultHttpResponse(decodeResult: success, version: HTTP/1.1)
HTTP/1.1 200 OK
Content-Type: application/json; charset=utf-8
cache-control: no-cache
content-length: 789

21:25:07.700 [AsyncHttpClient-1-2] DEBUG org.asynchttpclient.netty.channel.ChannelManager - Adding key: http://localhost:63982 for channel [id: 0x407f5d2c, L:/127.0.0.1:63707 - R:localhost/127.0.0.1:63982]
21:25:07.791 [AsyncHttpClient-1-3] DEBUG org.asynchttpclient.netty.channel.NettyConnectListener - Using new Channel '[id: 0x15c8743d, L:/127.0.0.1:63715 - R:localhost/127.0.0.1:63708]' for 'GET' to '/json/version'
21:25:07.797 [AsyncHttpClient-1-3] DEBUG org.asynchttpclient.netty.handler.HttpHandler - 

Request DefaultFullHttpRequest(decodeResult: success, version: HTTP/1.1, content: EmptyByteBufBE)
GET /json/version HTTP/1.1
User-Agent: selenium/4.1.2 (java windows)
host: localhost:63708
accept: */*

Response DefaultHttpResponse(decodeResult: success, version: HTTP/1.1)
HTTP/1.1 200 OK
Content-Type: application/json; charset=UTF-8
content-length: 423

21:25:07.797 [AsyncHttpClient-1-3] DEBUG org.asynchttpclient.netty.channel.ChannelManager - Adding key: http://localhost:63708 for channel [id: 0x15c8743d, L:/127.0.0.1:63715 - R:localhost/127.0.0.1:63708]
21:25:07.806 [main] DEBUG io.netty.util.internal.ThreadLocalRandom - -Dio.netty.initialSeedUniquifier: 0xd53fd2972910f2f4
21:25:07.811 [AsyncHttpClient-1-4] DEBUG org.asynchttpclient.netty.channel.NettyConnectListener - Using new Channel '[id: 0x996cbc7d, L:/127.0.0.1:63716 - R:localhost/127.0.0.1:63708]' for 'GET' to '/devtools/browser/7870372f-24b5-4128-ac5f-0ffd90dde28f'
21:25:07.817 [AsyncHttpClient-1-4] DEBUG org.asynchttpclient.netty.handler.WebSocketHandler - 

Request DefaultFullHttpRequest(decodeResult: success, version: HTTP/1.1, content: EmptyByteBufBE)
GET /devtools/browser/7870372f-24b5-4128-ac5f-0ffd90dde28f HTTP/1.1
upgrade: websocket
connection: upgrade
sec-websocket-key: E5RkJad+uKA/0bFcWSOZtg==
sec-websocket-version: 13
origin: http://localhost:63708
host: localhost:63708
accept: */*
user-agent: AHC/2.1

Response DefaultHttpResponse(decodeResult: success, version: HTTP/1.1)
HTTP/1.1 101 WebSocket Protocol Handshake
Upgrade: WebSocket
Connection: Upgrade
Sec-WebSocket-Accept: MxzLx2+uHvLiGig/DzLoiweIJMY=

21:25:08.055 [AsyncHttpClient-1-1] DEBUG org.asynchttpclient.netty.channel.DefaultChannelPool - Entry count for : http://localhost:63982 : 1
21:25:08.055 [AsyncHttpClient-1-1] DEBUG org.asynchttpclient.netty.channel.DefaultChannelPool - Entry count for : http://localhost:63708 : 1
21:25:08.641 [main] DEBUG net.thucydides.core.reflection.ClassFinder - Could not load class .CucumberTestSuite
21:25:08.641 [main] DEBUG net.thucydides.core.reflection.ClassFinder - Could not load class .starter.pages.CartPages
21:25:08.641 [main] DEBUG net.thucydides.core.reflection.ClassFinder - Could not load class .starter.pages.LogInOutPages
21:25:08.641 [main] DEBUG net.thucydides.core.reflection.ClassFinder - Could not load class .starter.pages.ProductPages
21:25:08.641 [main] DEBUG net.thucydides.core.reflection.ClassFinder - Could not load class .starter.pages.RegisterPage
21:25:08.641 [main] DEBUG net.thucydides.core.reflection.ClassFinder - Could not load class .starter.pages.TransactionPages
21:25:08.641 [main] DEBUG net.thucydides.core.reflection.ClassFinder - Could not load class .starter.stepdefinitions.CartSteps
21:25:08.641 [main] DEBUG net.thucydides.core.reflection.ClassFinder - Could not load class .starter.stepdefinitions.LogInOutSteps
21:25:08.641 [main] DEBUG net.thucydides.core.reflection.ClassFinder - Could not load class .starter.stepdefinitions.ProductSteps
21:25:08.641 [main] DEBUG net.thucydides.core.reflection.ClassFinder - Could not load class .starter.stepdefinitions.RegisterSteps
21:25:08.641 [main] DEBUG net.thucydides.core.reflection.ClassFinder - Could not load class .starter.stepdefinitions.TransactionSteps
21:25:08.642 [main] DEBUG net.thucydides.core.reflection.ClassFinder - Could not load class META-INF.versions.9.com.sun.istack.logging.StackHelper
21:25:08.642 [main] DEBUG net.thucydides.core.reflection.ClassFinder - Could not load class META-INF.versions.9.com.sun.xml.bind.v2.runtime.reflect.opt.AccessorInjector
21:25:08.642 [main] DEBUG net.thucydides.core.reflection.ClassFinder - Could not load class META-INF.versions.9.com.sun.xml.bind.v2.runtime.reflect.opt.Injector
21:25:08.643 [main] DEBUG net.thucydides.core.reflection.ClassFinder - Could not load class META-INF.versions.9.com.sun.xml.bind.v2.runtime.reflect.opt.OptimizedAccessorFactory
21:25:08.643 [main] DEBUG net.thucydides.core.reflection.ClassFinder - Could not load class META-INF.versions.9.com.sun.xml.bind.v2.runtime.reflect.opt.OptimizedTransducedAccessorFactory
21:25:08.643 [main] DEBUG net.thucydides.core.reflection.ClassFinder - Could not load class META-INF.versions.9.io.opentelemetry.sdk.internal.CurrentJavaVersionSpecific
21:25:08.643 [main] DEBUG net.thucydides.core.reflection.ClassFinder - Could not load class META-INF.versions.9.io.opentelemetry.sdk.internal.Java9VersionSpecific
21:25:08.644 [main] DEBUG net.thucydides.core.reflection.ClassFinder - Could not load class META-INF.versions.9.javax.xml.bind.ModuleUtil
21:25:08.644 [main] DEBUG net.thucydides.core.reflection.ClassFinder - Could not load class META-INF.versions.9.module-info
21:25:08.645 [main] DEBUG net.thucydides.core.reflection.ClassFinder - Could not load class META-INF.versions.9.org.junit.platform.commons.util.ModuleUtils
21:25:08.646 [main] DEBUG net.thucydides.core.reflection.ClassFinder - Could not load class com.google.gson.internal.
21:25:08.647 [main] DEBUG net.thucydides.core.reflection.ClassFinder - Could not load class com.sun.xml.bind.v2.runtime.output.FastInfosetStreamWriterOutput
21:25:08.649 [main] DEBUG net.thucydides.core.reflection.ClassFinder - Could not load class module-info
21:25:08.668 [Forwarding get on session 3b4dd69557f273113e2d264f464b4575 to remote] DEBUG org.asynchttpclient.netty.request.NettyRequestSender - Using pooled Channel '[id: 0x407f5d2c, L:/127.0.0.1:63707 - R:localhost/127.0.0.1:63982]' for 'POST' to 'http://localhost:63982/session/3b4dd69557f273113e2d264f464b4575/url'
21:25:08.669 [Forwarding get on session 3b4dd69557f273113e2d264f464b4575 to remote] DEBUG org.asynchttpclient.netty.request.NettyRequestSender - Using open Channel [id: 0x407f5d2c, L:/127.0.0.1:63707 - R:localhost/127.0.0.1:63982] for POST '/session/3b4dd69557f273113e2d264f464b4575/url'
21:25:09.151 [AsyncHttpClient-1-1] DEBUG org.asynchttpclient.netty.channel.DefaultChannelPool - Entry count for : http://localhost:63708 : 1
21:25:09.411 [AsyncHttpClient-1-2] DEBUG org.asynchttpclient.netty.handler.HttpHandler - 

Request DefaultHttpRequest(decodeResult: success, version: HTTP/1.1)
POST /session/3b4dd69557f273113e2d264f464b4575/url HTTP/1.1
User-Agent: selenium/4.1.2 (java windows)
Content-Length: 59
Content-Type: application/json; charset=utf-8
host: localhost:63982
accept: */*

Response DefaultHttpResponse(decodeResult: success, version: HTTP/1.1)
HTTP/1.1 200 OK
Content-Type: application/json; charset=utf-8
cache-control: no-cache
content-length: 14

21:25:09.411 [AsyncHttpClient-1-2] DEBUG org.asynchttpclient.netty.channel.ChannelManager - Adding key: http://localhost:63982 for channel [id: 0x407f5d2c, L:/127.0.0.1:63707 - R:localhost/127.0.0.1:63982]
21:25:09.417 [Forwarding setTimeout on session 3b4dd69557f273113e2d264f464b4575 to remote] DEBUG org.asynchttpclient.netty.request.NettyRequestSender - Using pooled Channel '[id: 0x407f5d2c, L:/127.0.0.1:63707 - R:localhost/127.0.0.1:63982]' for 'POST' to 'http://localhost:63982/session/3b4dd69557f273113e2d264f464b4575/timeouts'
21:25:09.418 [Forwarding setTimeout on session 3b4dd69557f273113e2d264f464b4575 to remote] DEBUG org.asynchttpclient.netty.request.NettyRequestSender - Using open Channel [id: 0x407f5d2c, L:/127.0.0.1:63707 - R:localhost/127.0.0.1:63982] for POST '/session/3b4dd69557f273113e2d264f464b4575/timeouts'
21:25:09.420 [AsyncHttpClient-1-2] DEBUG org.asynchttpclient.netty.handler.HttpHandler - 

Request DefaultHttpRequest(decodeResult: success, version: HTTP/1.1)
POST /session/3b4dd69557f273113e2d264f464b4575/timeouts HTTP/1.1
User-Agent: selenium/4.1.2 (java windows)
Content-Length: 22
Content-Type: application/json; charset=utf-8
host: localhost:63982
accept: */*

Response DefaultHttpResponse(decodeResult: success, version: HTTP/1.1)
HTTP/1.1 200 OK
Content-Type: application/json; charset=utf-8
cache-control: no-cache
content-length: 14

21:25:09.420 [AsyncHttpClient-1-2] DEBUG org.asynchttpclient.netty.channel.ChannelManager - Adding key: http://localhost:63982 for channel [id: 0x407f5d2c, L:/127.0.0.1:63707 - R:localhost/127.0.0.1:63982]
21:25:09.426 [Forwarding getCurrentUrl on session 3b4dd69557f273113e2d264f464b4575 to remote] DEBUG org.asynchttpclient.netty.request.NettyRequestSender - Using pooled Channel '[id: 0x407f5d2c, L:/127.0.0.1:63707 - R:localhost/127.0.0.1:63982]' for 'GET' to 'http://localhost:63982/session/3b4dd69557f273113e2d264f464b4575/url'
21:25:09.426 [Forwarding getCurrentUrl on session 3b4dd69557f273113e2d264f464b4575 to remote] DEBUG org.asynchttpclient.netty.request.NettyRequestSender - Using open Channel [id: 0x407f5d2c, L:/127.0.0.1:63707 - R:localhost/127.0.0.1:63982] for GET '/session/3b4dd69557f273113e2d264f464b4575/url'
21:25:09.432 [AsyncHttpClient-1-2] DEBUG org.asynchttpclient.netty.handler.HttpHandler - 

Request DefaultFullHttpRequest(decodeResult: success, version: HTTP/1.1, content: EmptyByteBufBE)
GET /session/3b4dd69557f273113e2d264f464b4575/url HTTP/1.1
User-Agent: selenium/4.1.2 (java windows)
Cache-Control: no-cache
Content-Type: application/json; charset=utf-8
host: localhost:63982
accept: */*

Response DefaultHttpResponse(decodeResult: success, version: HTTP/1.1)
HTTP/1.1 200 OK
Content-Type: application/json; charset=utf-8
cache-control: no-cache
content-length: 41

21:25:09.432 [AsyncHttpClient-1-2] DEBUG org.asynchttpclient.netty.channel.ChannelManager - Adding key: http://localhost:63982 for channel [id: 0x407f5d2c, L:/127.0.0.1:63707 - R:localhost/127.0.0.1:63982]
  &amp#27;[32mGiven &amp#27;[0m&amp#27;[32mI open homepage url&amp#27;[0m               &amp#27;[90m# starter.stepdefinitions.CartSteps.iOpenHomepageUrl()&amp#27;[0m
21:25:09.463 [main] DEBUG net.serenitybdd.core.photography.Darkroom - Opening darkroom
21:25:09.463 [Darkroom Processing Line] DEBUG net.serenitybdd.core.photography.DarkroomProcessingLine - Darkroom processing line starting up
21:25:09.464 [Forwarding screenshot on session 3b4dd69557f273113e2d264f464b4575 to remote] DEBUG org.asynchttpclient.netty.request.NettyRequestSender - Using pooled Channel '[id: 0x407f5d2c, L:/127.0.0.1:63707 - R:localhost/127.0.0.1:63982]' for 'GET' to 'http://localhost:63982/session/3b4dd69557f273113e2d264f464b4575/screenshot'
21:25:09.464 [Forwarding screenshot on session 3b4dd69557f273113e2d264f464b4575 to remote] DEBUG org.asynchttpclient.netty.request.NettyRequestSender - Using open Channel [id: 0x407f5d2c, L:/127.0.0.1:63707 - R:localhost/127.0.0.1:63982] for GET '/session/3b4dd69557f273113e2d264f464b4575/screenshot'
21:25:09.912 [AsyncHttpClient-1-2] DEBUG org.asynchttpclient.netty.handler.HttpHandler - 

Request DefaultFullHttpRequest(decodeResult: success, version: HTTP/1.1, content: EmptyByteBufBE)
GET /session/3b4dd69557f273113e2d264f464b4575/screenshot HTTP/1.1
User-Agent: selenium/4.1.2 (java windows)
Cache-Control: no-cache
Content-Type: application/json; charset=utf-8
host: localhost:63982
accept: */*

Response DefaultHttpResponse(decodeResult: success, version: HTTP/1.1)
HTTP/1.1 200 OK
Content-Type: application/json; charset=utf-8
cache-control: no-cache
content-length: 47372

21:25:09.914 [AsyncHttpClient-1-2] DEBUG org.asynchttpclient.netty.channel.ChannelManager - Adding key: http://localhost:63982 for channel [id: 0x407f5d2c, L:/127.0.0.1:63707 - R:localhost/127.0.0.1:63982]
21:25:10.034 [main] DEBUG net.serenitybdd.core.photography.Darkroom - Send negative for processing for target\site\serenity\0850502d4095ccbbda72b98ac414c1ff2d0116ac3fba12b9e4e2b0e5965b93dd.png
21:25:10.035 [Darkroom Processing Line] DEBUG net.serenitybdd.core.photography.DarkroomProcessingLine - Processing screenshot image in /var/screenshots/screenshot-15408104057926682549
21:25:10.035 [Darkroom Processing Line] DEBUG net.serenitybdd.core.photography.DarkroomProcessingLine - Saving screenshot to target\site\serenity\0850502d4095ccbbda72b98ac414c1ff2d0116ac3fba12b9e4e2b0e5965b93dd.png
21:25:10.074 [Forwarding findElement on session 3b4dd69557f273113e2d264f464b4575 to remote] DEBUG org.asynchttpclient.netty.request.NettyRequestSender - Using pooled Channel '[id: 0x407f5d2c, L:/127.0.0.1:63707 - R:localhost/127.0.0.1:63982]' for 'POST' to 'http://localhost:63982/session/3b4dd69557f273113e2d264f464b4575/element'
21:25:10.074 [Forwarding findElement on session 3b4dd69557f273113e2d264f464b4575 to remote] DEBUG org.asynchttpclient.netty.request.NettyRequestSender - Using open Channel [id: 0x407f5d2c, L:/127.0.0.1:63707 - R:localhost/127.0.0.1:63982] for POST '/session/3b4dd69557f273113e2d264f464b4575/element'
21:25:10.256 [AsyncHttpClient-1-1] DEBUG org.asynchttpclient.netty.channel.DefaultChannelPool - Entry count for : http://localhost:63708 : 1
21:25:11.350 [AsyncHttpClient-1-1] DEBUG org.asynchttpclient.netty.channel.DefaultChannelPool - Entry count for : http://localhost:63708 : 1
21:25:12.451 [AsyncHttpClient-1-1] DEBUG org.asynchttpclient.netty.channel.DefaultChannelPool - Entry count for : http://localhost:63708 : 1
21:25:13.390 [AsyncHttpClient-1-2] DEBUG org.asynchttpclient.netty.handler.HttpHandler - 

Request DefaultHttpRequest(decodeResult: success, version: HTTP/1.1)
POST /session/3b4dd69557f273113e2d264f464b4575/element HTTP/1.1
User-Agent: selenium/4.1.2 (java windows)
Content-Length: 85
Content-Type: application/json; charset=utf-8
host: localhost:63982
accept: */*

Response DefaultHttpResponse(decodeResult: success, version: HTTP/1.1)
HTTP/1.1 200 OK
Content-Type: application/json; charset=utf-8
cache-control: no-cache
content-length: 88

21:25:13.392 [AsyncHttpClient-1-2] DEBUG org.asynchttpclient.netty.channel.ChannelManager - Adding key: http://localhost:63982 for channel [id: 0x407f5d2c, L:/127.0.0.1:63707 - R:localhost/127.0.0.1:63982]
21:25:13.399 [Forwarding getElementTagName on session 3b4dd69557f273113e2d264f464b4575 to remote] DEBUG org.asynchttpclient.netty.request.NettyRequestSender - Using pooled Channel '[id: 0x407f5d2c, L:/127.0.0.1:63707 - R:localhost/127.0.0.1:63982]' for 'GET' to 'http://localhost:63982/session/3b4dd69557f273113e2d264f464b4575/element/11f2d206-fde6-4a04-b5ed-468a2ec9d512/name'
21:25:13.399 [Forwarding getElementTagName on session 3b4dd69557f273113e2d264f464b4575 to remote] DEBUG org.asynchttpclient.netty.request.NettyRequestSender - Using open Channel [id: 0x407f5d2c, L:/127.0.0.1:63707 - R:localhost/127.0.0.1:63982] for GET '/session/3b4dd69557f273113e2d264f464b4575/element/11f2d206-fde6-4a04-b5ed-468a2ec9d512/name'
21:25:13.413 [AsyncHttpClient-1-2] DEBUG org.asynchttpclient.netty.handler.HttpHandler - 

Request DefaultFullHttpRequest(decodeResult: success, version: HTTP/1.1, content: EmptyByteBufBE)
GET /session/3b4dd69557f273113e2d264f464b4575/element/11f2d206-fde6-4a04-b5ed-468a2ec9d512/name HTTP/1.1
User-Agent: selenium/4.1.2 (java windows)
Cache-Control: no-cache
Content-Type: application/json; charset=utf-8
host: localhost:63982
accept: */*

Response DefaultHttpResponse(decodeResult: success, version: HTTP/1.1)
HTTP/1.1 200 OK
Content-Type: application/json; charset=utf-8
cache-control: no-cache
content-length: 16

21:25:13.414 [AsyncHttpClient-1-2] DEBUG org.asynchttpclient.netty.channel.ChannelManager - Adding key: http://localhost:63982 for channel [id: 0x407f5d2c, L:/127.0.0.1:63707 - R:localhost/127.0.0.1:63982]
21:25:13.416 [Forwarding getElementTagName on session 3b4dd69557f273113e2d264f464b4575 to remote] DEBUG org.asynchttpclient.netty.request.NettyRequestSender - Using pooled Channel '[id: 0x407f5d2c, L:/127.0.0.1:63707 - R:localhost/127.0.0.1:63982]' for 'GET' to 'http://localhost:63982/session/3b4dd69557f273113e2d264f464b4575/element/11f2d206-fde6-4a04-b5ed-468a2ec9d512/name'
21:25:13.416 [Forwarding getElementTagName on session 3b4dd69557f273113e2d264f464b4575 to remote] DEBUG org.asynchttpclient.netty.request.NettyRequestSender - Using open Channel [id: 0x407f5d2c, L:/127.0.0.1:63707 - R:localhost/127.0.0.1:63982] for GET '/session/3b4dd69557f273113e2d264f464b4575/element/11f2d206-fde6-4a04-b5ed-468a2ec9d512/name'
21:25:13.421 [AsyncHttpClient-1-2] DEBUG org.asynchttpclient.netty.handler.HttpHandler - 

Request DefaultFullHttpRequest(decodeResult: success, version: HTTP/1.1, content: EmptyByteBufBE)
GET /session/3b4dd69557f273113e2d264f464b4575/element/11f2d206-fde6-4a04-b5ed-468a2ec9d512/name HTTP/1.1
User-Agent: selenium/4.1.2 (java windows)
Cache-Control: no-cache
Content-Type: application/json; charset=utf-8
host: localhost:63982
accept: */*

Response DefaultHttpResponse(decodeResult: success, version: HTTP/1.1)
HTTP/1.1 200 OK
Content-Type: application/json; charset=utf-8
cache-control: no-cache
content-length: 16

21:25:13.422 [AsyncHttpClient-1-2] DEBUG org.asynchttpclient.netty.channel.ChannelManager - Adding key: http://localhost:63982 for channel [id: 0x407f5d2c, L:/127.0.0.1:63707 - R:localhost/127.0.0.1:63982]
21:25:13.428 [Forwarding findElement on session 3b4dd69557f273113e2d264f464b4575 to remote] DEBUG org.asynchttpclient.netty.request.NettyRequestSender - Using pooled Channel '[id: 0x407f5d2c, L:/127.0.0.1:63707 - R:localhost/127.0.0.1:63982]' for 'POST' to 'http://localhost:63982/session/3b4dd69557f273113e2d264f464b4575/element'
21:25:13.428 [Forwarding findElement on session 3b4dd69557f273113e2d264f464b4575 to remote] DEBUG org.asynchttpclient.netty.request.NettyRequestSender - Using open Channel [id: 0x407f5d2c, L:/127.0.0.1:63707 - R:localhost/127.0.0.1:63982] for POST '/session/3b4dd69557f273113e2d264f464b4575/element'
21:25:13.441 [AsyncHttpClient-1-2] DEBUG org.asynchttpclient.netty.handler.HttpHandler - 

Request DefaultHttpRequest(decodeResult: success, version: HTTP/1.1)
POST /session/3b4dd69557f273113e2d264f464b4575/element HTTP/1.1
User-Agent: selenium/4.1.2 (java windows)
Content-Length: 85
Content-Type: application/json; charset=utf-8
host: localhost:63982
accept: */*

Response DefaultHttpResponse(decodeResult: success, version: HTTP/1.1)
HTTP/1.1 200 OK
Content-Type: application/json; charset=utf-8
cache-control: no-cache
content-length: 88

21:25:13.442 [AsyncHttpClient-1-2] DEBUG org.asynchttpclient.netty.channel.ChannelManager - Adding key: http://localhost:63982 for channel [id: 0x407f5d2c, L:/127.0.0.1:63707 - R:localhost/127.0.0.1:63982]
21:25:13.447 [Forwarding clickElement on session 3b4dd69557f273113e2d264f464b4575 to remote] DEBUG org.asynchttpclient.netty.request.NettyRequestSender - Using pooled Channel '[id: 0x407f5d2c, L:/127.0.0.1:63707 - R:localhost/127.0.0.1:63982]' for 'POST' to 'http://localhost:63982/session/3b4dd69557f273113e2d264f464b4575/element/11f2d206-fde6-4a04-b5ed-468a2ec9d512/click'
21:25:13.447 [Forwarding clickElement on session 3b4dd69557f273113e2d264f464b4575 to remote] DEBUG org.asynchttpclient.netty.request.NettyRequestSender - Using open Channel [id: 0x407f5d2c, L:/127.0.0.1:63707 - R:localhost/127.0.0.1:63982] for POST '/session/3b4dd69557f273113e2d264f464b4575/element/11f2d206-fde6-4a04-b5ed-468a2ec9d512/click'
21:25:13.552 [AsyncHttpClient-1-1] DEBUG org.asynchttpclient.netty.channel.DefaultChannelPool - Entry count for : http://localhost:63708 : 1
21:25:13.579 [AsyncHttpClient-1-2] DEBUG org.asynchttpclient.netty.handler.HttpHandler - 

Request DefaultHttpRequest(decodeResult: success, version: HTTP/1.1)
POST /session/3b4dd69557f273113e2d264f464b4575/element/11f2d206-fde6-4a04-b5ed-468a2ec9d512/click HTTP/1.1
User-Agent: selenium/4.1.2 (java windows)
Content-Length: 50
Content-Type: application/json; charset=utf-8
host: localhost:63982
accept: */*

Response DefaultHttpResponse(decodeResult: success, version: HTTP/1.1)
HTTP/1.1 200 OK
Content-Type: application/json; charset=utf-8
cache-control: no-cache
content-length: 14

21:25:13.579 [AsyncHttpClient-1-2] DEBUG org.asynchttpclient.netty.channel.ChannelManager - Adding key: http://localhost:63982 for channel [id: 0x407f5d2c, L:/127.0.0.1:63707 - R:localhost/127.0.0.1:63982]
  &amp#27;[32mWhen &amp#27;[0m&amp#27;[32mI buy product&amp#27;[0m                      &amp#27;[90m# starter.stepdefinitions.CartSteps.iBuyProduct()&amp#27;[0m
21:25:13.599 [Forwarding screenshot on session 3b4dd69557f273113e2d264f464b4575 to remote] DEBUG org.asynchttpclient.netty.request.NettyRequestSender - Using pooled Channel '[id: 0x407f5d2c, L:/127.0.0.1:63707 - R:localhost/127.0.0.1:63982]' for 'GET' to 'http://localhost:63982/session/3b4dd69557f273113e2d264f464b4575/screenshot'
21:25:13.599 [Forwarding screenshot on session 3b4dd69557f273113e2d264f464b4575 to remote] DEBUG org.asynchttpclient.netty.request.NettyRequestSender - Using open Channel [id: 0x407f5d2c, L:/127.0.0.1:63707 - R:localhost/127.0.0.1:63982] for GET '/session/3b4dd69557f273113e2d264f464b4575/screenshot'
21:25:13.845 [AsyncHttpClient-1-2] DEBUG org.asynchttpclient.netty.handler.HttpHandler - 

Request DefaultFullHttpRequest(decodeResult: success, version: HTTP/1.1, content: EmptyByteBufBE)
GET /session/3b4dd69557f273113e2d264f464b4575/screenshot HTTP/1.1
User-Agent: selenium/4.1.2 (java windows)
Cache-Control: no-cache
Content-Type: application/json; charset=utf-8
host: localhost:63982
accept: */*

Response DefaultHttpResponse(decodeResult: success, version: HTTP/1.1)
HTTP/1.1 200 OK
Content-Type: application/json; charset=utf-8
cache-control: no-cache
content-length: 77968

21:25:13.846 [AsyncHttpClient-1-2] DEBUG org.asynchttpclient.netty.channel.ChannelManager - Adding key: http://localhost:63982 for channel [id: 0x407f5d2c, L:/127.0.0.1:63707 - R:localhost/127.0.0.1:63982]
21:25:13.859 [main] DEBUG net.serenitybdd.core.photography.Darkroom - Send negative for processing for target\site\serenity\10157f5ab0b81b7d669a3e8a897dbd7086d5ddbc8a664cc9317558cb95bc6ba1.png
21:25:13.859 [Darkroom Processing Line] DEBUG net.serenitybdd.core.photography.DarkroomProcessingLine - Processing screenshot image in /var/screenshots/screenshot-10681955518846069613
21:25:13.859 [Darkroom Processing Line] DEBUG net.serenitybdd.core.photography.DarkroomProcessingLine - Saving screenshot to target\site\serenity\10157f5ab0b81b7d669a3e8a897dbd7086d5ddbc8a664cc9317558cb95bc6ba1.png
21:25:13.875 [Forwarding findElement on session 3b4dd69557f273113e2d264f464b4575 to remote] DEBUG org.asynchttpclient.netty.request.NettyRequestSender - Using pooled Channel '[id: 0x407f5d2c, L:/127.0.0.1:63707 - R:localhost/127.0.0.1:63982]' for 'POST' to 'http://localhost:63982/session/3b4dd69557f273113e2d264f464b4575/element'
21:25:13.875 [Forwarding findElement on session 3b4dd69557f273113e2d264f464b4575 to remote] DEBUG org.asynchttpclient.netty.request.NettyRequestSender - Using open Channel [id: 0x407f5d2c, L:/127.0.0.1:63707 - R:localhost/127.0.0.1:63982] for POST '/session/3b4dd69557f273113e2d264f464b4575/element'
21:25:13.909 [AsyncHttpClient-1-2] DEBUG org.asynchttpclient.netty.handler.HttpHandler - 

Request DefaultHttpRequest(decodeResult: success, version: HTTP/1.1)
POST /session/3b4dd69557f273113e2d264f464b4575/element HTTP/1.1
User-Agent: selenium/4.1.2 (java windows)
Content-Length: 88
Content-Type: application/json; charset=utf-8
host: localhost:63982
accept: */*

Response DefaultHttpResponse(decodeResult: success, version: HTTP/1.1)
HTTP/1.1 200 OK
Content-Type: application/json; charset=utf-8
cache-control: no-cache
content-length: 88

21:25:13.909 [AsyncHttpClient-1-2] DEBUG org.asynchttpclient.netty.channel.ChannelManager - Adding key: http://localhost:63982 for channel [id: 0x407f5d2c, L:/127.0.0.1:63707 - R:localhost/127.0.0.1:63982]
21:25:13.911 [Forwarding getElementTagName on session 3b4dd69557f273113e2d264f464b4575 to remote] DEBUG org.asynchttpclient.netty.request.NettyRequestSender - Using pooled Channel '[id: 0x407f5d2c, L:/127.0.0.1:63707 - R:localhost/127.0.0.1:63982]' for 'GET' to 'http://localhost:63982/session/3b4dd69557f273113e2d264f464b4575/element/10f3f54d-c40c-4e38-b787-8905026f411c/name'
21:25:13.911 [Forwarding getElementTagName on session 3b4dd69557f273113e2d264f464b4575 to remote] DEBUG org.asynchttpclient.netty.request.NettyRequestSender - Using open Channel [id: 0x407f5d2c, L:/127.0.0.1:63707 - R:localhost/127.0.0.1:63982] for GET '/session/3b4dd69557f273113e2d264f464b4575/element/10f3f54d-c40c-4e38-b787-8905026f411c/name'
21:25:13.916 [AsyncHttpClient-1-2] DEBUG org.asynchttpclient.netty.handler.HttpHandler - 

Request DefaultFullHttpRequest(decodeResult: success, version: HTTP/1.1, content: EmptyByteBufBE)
GET /session/3b4dd69557f273113e2d264f464b4575/element/10f3f54d-c40c-4e38-b787-8905026f411c/name HTTP/1.1
User-Agent: selenium/4.1.2 (java windows)
Cache-Control: no-cache
Content-Type: application/json; charset=utf-8
host: localhost:63982
accept: */*

Response DefaultHttpResponse(decodeResult: success, version: HTTP/1.1)
HTTP/1.1 200 OK
Content-Type: application/json; charset=utf-8
cache-control: no-cache
content-length: 13

21:25:13.916 [AsyncHttpClient-1-2] DEBUG org.asynchttpclient.netty.channel.ChannelManager - Adding key: http://localhost:63982 for channel [id: 0x407f5d2c, L:/127.0.0.1:63707 - R:localhost/127.0.0.1:63982]
21:25:13.918 [Forwarding getElementTagName on session 3b4dd69557f273113e2d264f464b4575 to remote] DEBUG org.asynchttpclient.netty.request.NettyRequestSender - Using pooled Channel '[id: 0x407f5d2c, L:/127.0.0.1:63707 - R:localhost/127.0.0.1:63982]' for 'GET' to 'http://localhost:63982/session/3b4dd69557f273113e2d264f464b4575/element/10f3f54d-c40c-4e38-b787-8905026f411c/name'
21:25:13.918 [Forwarding getElementTagName on session 3b4dd69557f273113e2d264f464b4575 to remote] DEBUG org.asynchttpclient.netty.request.NettyRequestSender - Using open Channel [id: 0x407f5d2c, L:/127.0.0.1:63707 - R:localhost/127.0.0.1:63982] for GET '/session/3b4dd69557f273113e2d264f464b4575/element/10f3f54d-c40c-4e38-b787-8905026f411c/name'
21:25:13.924 [AsyncHttpClient-1-2] DEBUG org.asynchttpclient.netty.handler.HttpHandler - 

Request DefaultFullHttpRequest(decodeResult: success, version: HTTP/1.1, content: EmptyByteBufBE)
GET /session/3b4dd69557f273113e2d264f464b4575/element/10f3f54d-c40c-4e38-b787-8905026f411c/name HTTP/1.1
User-Agent: selenium/4.1.2 (java windows)
Cache-Control: no-cache
Content-Type: application/json; charset=utf-8
host: localhost:63982
accept: */*

Response DefaultHttpResponse(decodeResult: success, version: HTTP/1.1)
HTTP/1.1 200 OK
Content-Type: application/json; charset=utf-8
cache-control: no-cache
content-length: 13

21:25:13.925 [AsyncHttpClient-1-2] DEBUG org.asynchttpclient.netty.channel.ChannelManager - Adding key: http://localhost:63982 for channel [id: 0x407f5d2c, L:/127.0.0.1:63707 - R:localhost/127.0.0.1:63982]
21:25:13.929 [Forwarding findElement on session 3b4dd69557f273113e2d264f464b4575 to remote] DEBUG org.asynchttpclient.netty.request.NettyRequestSender - Using pooled Channel '[id: 0x407f5d2c, L:/127.0.0.1:63707 - R:localhost/127.0.0.1:63982]' for 'POST' to 'http://localhost:63982/session/3b4dd69557f273113e2d264f464b4575/element'
21:25:13.929 [Forwarding findElement on session 3b4dd69557f273113e2d264f464b4575 to remote] DEBUG org.asynchttpclient.netty.request.NettyRequestSender - Using open Channel [id: 0x407f5d2c, L:/127.0.0.1:63707 - R:localhost/127.0.0.1:63982] for POST '/session/3b4dd69557f273113e2d264f464b4575/element'
21:25:13.942 [AsyncHttpClient-1-2] DEBUG org.asynchttpclient.netty.handler.HttpHandler - 

Request DefaultHttpRequest(decodeResult: success, version: HTTP/1.1)
POST /session/3b4dd69557f273113e2d264f464b4575/element HTTP/1.1
User-Agent: selenium/4.1.2 (java windows)
Content-Length: 88
Content-Type: application/json; charset=utf-8
host: localhost:63982
accept: */*

Response DefaultHttpResponse(decodeResult: success, version: HTTP/1.1)
HTTP/1.1 200 OK
Content-Type: application/json; charset=utf-8
cache-control: no-cache
content-length: 88

21:25:13.942 [AsyncHttpClient-1-2] DEBUG org.asynchttpclient.netty.channel.ChannelManager - Adding key: http://localhost:63982 for channel [id: 0x407f5d2c, L:/127.0.0.1:63707 - R:localhost/127.0.0.1:63982]
21:25:13.944 [Forwarding clickElement on session 3b4dd69557f273113e2d264f464b4575 to remote] DEBUG org.asynchttpclient.netty.request.NettyRequestSender - Using pooled Channel '[id: 0x407f5d2c, L:/127.0.0.1:63707 - R:localhost/127.0.0.1:63982]' for 'POST' to 'http://localhost:63982/session/3b4dd69557f273113e2d264f464b4575/element/10f3f54d-c40c-4e38-b787-8905026f411c/click'
21:25:13.944 [Forwarding clickElement on session 3b4dd69557f273113e2d264f464b4575 to remote] DEBUG org.asynchttpclient.netty.request.NettyRequestSender - Using open Channel [id: 0x407f5d2c, L:/127.0.0.1:63707 - R:localhost/127.0.0.1:63982] for POST '/session/3b4dd69557f273113e2d264f464b4575/element/10f3f54d-c40c-4e38-b787-8905026f411c/click'
21:25:14.001 [AsyncHttpClient-1-2] DEBUG org.asynchttpclient.netty.handler.HttpHandler - 

Request DefaultHttpRequest(decodeResult: success, version: HTTP/1.1)
POST /session/3b4dd69557f273113e2d264f464b4575/element/10f3f54d-c40c-4e38-b787-8905026f411c/click HTTP/1.1
User-Agent: selenium/4.1.2 (java windows)
Content-Length: 50
Content-Type: application/json; charset=utf-8
host: localhost:63982
accept: */*

Response DefaultHttpResponse(decodeResult: success, version: HTTP/1.1)
HTTP/1.1 200 OK
Content-Type: application/json; charset=utf-8
cache-control: no-cache
content-length: 14

21:25:14.002 [AsyncHttpClient-1-2] DEBUG org.asynchttpclient.netty.channel.ChannelManager - Adding key: http://localhost:63982 for channel [id: 0x407f5d2c, L:/127.0.0.1:63707 - R:localhost/127.0.0.1:63982]
  &amp#27;[32mAnd &amp#27;[0m&amp#27;[32mI click cart logo&amp#27;[0m                   &amp#27;[90m# starter.stepdefinitions.CartSteps.iClickCartLogo()&amp#27;[0m
21:25:14.024 [Forwarding screenshot on session 3b4dd69557f273113e2d264f464b4575 to remote] DEBUG org.asynchttpclient.netty.request.NettyRequestSender - Using pooled Channel '[id: 0x407f5d2c, L:/127.0.0.1:63707 - R:localhost/127.0.0.1:63982]' for 'GET' to 'http://localhost:63982/session/3b4dd69557f273113e2d264f464b4575/screenshot'
21:25:14.025 [Forwarding screenshot on session 3b4dd69557f273113e2d264f464b4575 to remote] DEBUG org.asynchttpclient.netty.request.NettyRequestSender - Using open Channel [id: 0x407f5d2c, L:/127.0.0.1:63707 - R:localhost/127.0.0.1:63982] for GET '/session/3b4dd69557f273113e2d264f464b4575/screenshot'
21:25:14.602 [AsyncHttpClient-1-2] DEBUG org.asynchttpclient.netty.handler.HttpHandler - 

Request DefaultFullHttpRequest(decodeResult: success, version: HTTP/1.1, content: EmptyByteBufBE)
GET /session/3b4dd69557f273113e2d264f464b4575/screenshot HTTP/1.1
User-Agent: selenium/4.1.2 (java windows)
Cache-Control: no-cache
Content-Type: application/json; charset=utf-8
host: localhost:63982
accept: */*

Response DefaultHttpResponse(decodeResult: success, version: HTTP/1.1)
HTTP/1.1 200 OK
Content-Type: application/json; charset=utf-8
cache-control: no-cache
content-length: 46856

21:25:14.603 [AsyncHttpClient-1-2] DEBUG org.asynchttpclient.netty.channel.ChannelManager - Adding key: http://localhost:63982 for channel [id: 0x407f5d2c, L:/127.0.0.1:63707 - R:localhost/127.0.0.1:63982]
21:25:14.607 [main] DEBUG net.serenitybdd.core.photography.Darkroom - Send negative for processing for target\site\serenity\cf223c48293e200bc373918ede51d3bac9fbfa97b6b78180f391d7a673c594da.png
21:25:14.607 [Darkroom Processing Line] DEBUG net.serenitybdd.core.photography.DarkroomProcessingLine - Processing screenshot image in /var/screenshots/screenshot-489862478752908401
21:25:14.608 [Darkroom Processing Line] DEBUG net.serenitybdd.core.photography.DarkroomProcessingLine - Saving screenshot to target\site\serenity\cf223c48293e200bc373918ede51d3bac9fbfa97b6b78180f391d7a673c594da.png
21:25:14.619 [Forwarding findElement on session 3b4dd69557f273113e2d264f464b4575 to remote] DEBUG org.asynchttpclient.netty.request.NettyRequestSender - Using pooled Channel '[id: 0x407f5d2c, L:/127.0.0.1:63707 - R:localhost/127.0.0.1:63982]' for 'POST' to 'http://localhost:63982/session/3b4dd69557f273113e2d264f464b4575/element'
21:25:14.619 [Forwarding findElement on session 3b4dd69557f273113e2d264f464b4575 to remote] DEBUG org.asynchttpclient.netty.request.NettyRequestSender - Using open Channel [id: 0x407f5d2c, L:/127.0.0.1:63707 - R:localhost/127.0.0.1:63982] for POST '/session/3b4dd69557f273113e2d264f464b4575/element'
21:25:14.635 [AsyncHttpClient-1-2] DEBUG org.asynchttpclient.netty.handler.HttpHandler - 

Request DefaultHttpRequest(decodeResult: success, version: HTTP/1.1)
POST /session/3b4dd69557f273113e2d264f464b4575/element HTTP/1.1
User-Agent: selenium/4.1.2 (java windows)
Content-Length: 89
Content-Type: application/json; charset=utf-8
host: localhost:63982
accept: */*

Response DefaultHttpResponse(decodeResult: success, version: HTTP/1.1)
HTTP/1.1 200 OK
Content-Type: application/json; charset=utf-8
cache-control: no-cache
content-length: 88

21:25:14.636 [AsyncHttpClient-1-2] DEBUG org.asynchttpclient.netty.channel.ChannelManager - Adding key: http://localhost:63982 for channel [id: 0x407f5d2c, L:/127.0.0.1:63707 - R:localhost/127.0.0.1:63982]
21:25:14.648 [Forwarding isElementDisplayed on session 3b4dd69557f273113e2d264f464b4575 to remote] DEBUG org.asynchttpclient.netty.request.NettyRequestSender - Using pooled Channel '[id: 0x407f5d2c, L:/127.0.0.1:63707 - R:localhost/127.0.0.1:63982]' for 'POST' to 'http://localhost:63982/session/3b4dd69557f273113e2d264f464b4575/execute/sync'
21:25:14.648 [Forwarding isElementDisplayed on session 3b4dd69557f273113e2d264f464b4575 to remote] DEBUG org.asynchttpclient.netty.request.NettyRequestSender - Using open Channel [id: 0x407f5d2c, L:/127.0.0.1:63707 - R:localhost/127.0.0.1:63982] for POST '/session/3b4dd69557f273113e2d264f464b4575/execute/sync'
21:25:14.656 [AsyncHttpClient-1-1] DEBUG org.asynchttpclient.netty.channel.DefaultChannelPool - Entry count for : http://localhost:63708 : 1
21:25:14.664 [AsyncHttpClient-1-2] DEBUG org.asynchttpclient.netty.handler.HttpHandler - 

Request DefaultHttpRequest(decodeResult: success, version: HTTP/1.1)
POST /session/3b4dd69557f273113e2d264f464b4575/execute/sync HTTP/1.1
User-Agent: selenium/4.1.2 (java windows)
Content-Length: 48780
Content-Type: application/json; charset=utf-8
host: localhost:63982
accept: */*

Response DefaultHttpResponse(decodeResult: success, version: HTTP/1.1)
HTTP/1.1 200 OK
Content-Type: application/json; charset=utf-8
cache-control: no-cache
content-length: 14

21:25:14.665 [AsyncHttpClient-1-2] DEBUG org.asynchttpclient.netty.channel.ChannelManager - Adding key: http://localhost:63982 for channel [id: 0x407f5d2c, L:/127.0.0.1:63707 - R:localhost/127.0.0.1:63982]
  &amp#27;[32mThen &amp#27;[0m&amp#27;[32mI see my cart filled with products&amp#27;[0m &amp#27;[90m# starter.stepdefinitions.CartSteps.iSeeMyCartFilledWithProducts()&amp#27;[0m
21:25:14.671 [Forwarding screenshot on session 3b4dd69557f273113e2d264f464b4575 to remote] DEBUG org.asynchttpclient.netty.request.NettyRequestSender - Using pooled Channel '[id: 0x407f5d2c, L:/127.0.0.1:63707 - R:localhost/127.0.0.1:63982]' for 'GET' to 'http://localhost:63982/session/3b4dd69557f273113e2d264f464b4575/screenshot'
21:25:14.671 [Forwarding screenshot on session 3b4dd69557f273113e2d264f464b4575 to remote] DEBUG org.asynchttpclient.netty.request.NettyRequestSender - Using open Channel [id: 0x407f5d2c, L:/127.0.0.1:63707 - R:localhost/127.0.0.1:63982] for GET '/session/3b4dd69557f273113e2d264f464b4575/screenshot'
21:25:14.820 [AsyncHttpClient-1-2] DEBUG org.asynchttpclient.netty.handler.HttpHandler - 

Request DefaultFullHttpRequest(decodeResult: success, version: HTTP/1.1, content: EmptyByteBufBE)
GET /session/3b4dd69557f273113e2d264f464b4575/screenshot HTTP/1.1
User-Agent: selenium/4.1.2 (java windows)
Cache-Control: no-cache
Content-Type: application/json; charset=utf-8
host: localhost:63982
accept: */*

Response DefaultHttpResponse(decodeResult: success, version: HTTP/1.1)
HTTP/1.1 200 OK
Content-Type: application/json; charset=utf-8
cache-control: no-cache
content-length: 46856

21:25:14.822 [AsyncHttpClient-1-2] DEBUG org.asynchttpclient.netty.channel.ChannelManager - Adding key: http://localhost:63982 for channel [id: 0x407f5d2c, L:/127.0.0.1:63707 - R:localhost/127.0.0.1:63982]
21:25:14.824 [main] DEBUG net.serenitybdd.core.photography.Darkroom - Send negative for processing for target\site\serenity\cf223c48293e200bc373918ede51d3bac9fbfa97b6b78180f391d7a673c594da.png
21:25:14.828 [main] INFO  - 
  _____   ___   ___   _____     ___     _     ___   ___   ___   ___  
 |_   _| | __| / __| |_   _|   | _ \   /_\   / __| / __| | __| |   \ 
   | |   | _|  \__ \   | |     |  _/  / _ \  \__ \ \__ \ | _|  | |) |
   |_|   |___| |___/   |_|     |_|   /_/ \_\ |___/ |___/ |___| |___/ 

View Cart Detail (filled)
----------------------------------------------------------------------
21:25:15.004 [Driver Command Executor] DEBUG org.asynchttpclient.netty.request.NettyRequestSender - Using pooled Channel '[id: 0x407f5d2c, L:/127.0.0.1:63707 - R:localhost/127.0.0.1:63982]' for 'DELETE' to 'http://localhost:63982/session/3b4dd69557f273113e2d264f464b4575'
21:25:15.004 [Driver Command Executor] DEBUG org.asynchttpclient.netty.request.NettyRequestSender - Using open Channel [id: 0x407f5d2c, L:/127.0.0.1:63707 - R:localhost/127.0.0.1:63982] for DELETE '/session/3b4dd69557f273113e2d264f464b4575'
21:25:15.006 [AsyncHttpClient-1-4] DEBUG org.asynchttpclient.netty.handler.WebSocketHandler - Channel Closed: [id: 0x996cbc7d, L:/127.0.0.1:63716 ! R:localhost/127.0.0.1:63708] with attribute NettyResponseFuture{currentRetry=5,
	isDone=1,
	isCancelled=0,
	asyncHandler=org.asynchttpclient.ws.WebSocketUpgradeHandler@5b282895,
	nettyRequest=org.asynchttpclient.netty.request.NettyRequest@75e44211,
	future=java.util.concurrent.CompletableFuture@d6ae7b8[Completed normally],
	uri=ws://localhost:63708/devtools/browser/7870372f-24b5-4128-ac5f-0ffd90dde28f,
	keepAlive=true,
	redirectCount=0,
	timeoutsHolder=null,
	inAuth=0,
	touch=1667571907833}
21:25:15.007 [AsyncHttpClient-1-4] DEBUG org.asynchttpclient.netty.channel.ChannelManager - Closing Channel [id: 0x996cbc7d, L:/127.0.0.1:63716 ! R:localhost/127.0.0.1:63708] 
21:25:15.064 [AsyncHttpClient-1-3] DEBUG org.asynchttpclient.netty.handler.HttpHandler - Unexpected I/O exception on channel [id: 0x15c8743d, L:/127.0.0.1:63715 - R:localhost/127.0.0.1:63708]
java.net.SocketException: Connection reset
	at java.base/sun.nio.ch.SocketChannelImpl.throwConnectionReset(SocketChannelImpl.java:345)
	at java.base/sun.nio.ch.SocketChannelImpl.read(SocketChannelImpl.java:376)
	at io.netty.buffer.PooledByteBuf.setBytes(PooledByteBuf.java:258)
	at io.netty.buffer.AbstractByteBuf.writeBytes(AbstractByteBuf.java:1132)
	at io.netty.channel.socket.nio.NioSocketChannel.doReadBytes(NioSocketChannel.java:350)
	at io.netty.channel.nio.AbstractNioByteChannel$NioByteUnsafe.read(AbstractNioByteChannel.java:151)
	at io.netty.channel.nio.NioEventLoop.processSelectedKey(NioEventLoop.java:722)
	at io.netty.channel.nio.NioEventLoop.processSelectedKeysOptimized(NioEventLoop.java:658)
	at io.netty.channel.nio.NioEventLoop.processSelectedKeys(NioEventLoop.java:584)
	at io.netty.channel.nio.NioEventLoop.run(NioEventLoop.java:496)
	at io.netty.util.concurrent.SingleThreadEventExecutor$4.run(SingleThreadEventExecutor.java:986)
	at io.netty.util.internal.ThreadExecutorMap$2.run(ThreadExecutorMap.java:74)
	at io.netty.util.concurrent.FastThreadLocalRunnable.run(FastThreadLocalRunnable.java:30)
	at java.base/java.lang.Thread.run(Thread.java:830)
21:25:15.065 [AsyncHttpClient-1-3] DEBUG org.asynchttpclient.netty.channel.ChannelManager - Closing Channel [id: 0x15c8743d, L:/127.0.0.1:63715 - R:localhost/127.0.0.1:63708] 
21:25:15.067 [AsyncHttpClient-1-3] DEBUG org.asynchttpclient.netty.handler.HttpHandler - Channel Closed: [id: 0x15c8743d, L:/127.0.0.1:63715 ! R:localhost/127.0.0.1:63708] with attribute DISCARD
21:25:15.091 [AsyncHttpClient-1-2] DEBUG org.asynchttpclient.netty.handler.HttpHandler - 

Request DefaultFullHttpRequest(decodeResult: success, version: HTTP/1.1, content: EmptyByteBufBE)
DELETE /session/3b4dd69557f273113e2d264f464b4575 HTTP/1.1
User-Agent: selenium/4.1.2 (java windows)
Content-Type: application/json; charset=utf-8
host: localhost:63982
accept: */*

Response DefaultHttpResponse(decodeResult: success, version: HTTP/1.1)
HTTP/1.1 200 OK
Content-Type: application/json; charset=utf-8
cache-control: no-cache
content-length: 14

21:25:15.091 [AsyncHttpClient-1-2] DEBUG org.asynchttpclient.netty.channel.ChannelManager - Adding key: http://localhost:63982 for channel [id: 0x407f5d2c, L:/127.0.0.1:63707 - R:localhost/127.0.0.1:63982]
21:25:15.143 [AsyncHttpClient-1-2] DEBUG org.asynchttpclient.netty.handler.HttpHandler - Channel Closed: [id: 0x407f5d2c, L:/127.0.0.1:63707 ! R:localhost/127.0.0.1:63982] with attribute DISCARD
]]></system-out>
    <system-err><![CDATA[Starting ChromeDriver 106.0.5249.61 (511755355844955cd3e264779baf0dd38212a4d0-refs/branch-heads/5249@{#569}) on port 63982
Only local connections are allowed.
Please see https://chromedriver.chromium.org/security-considerations for suggestions on keeping ChromeDriver safe.
ChromeDriver was started successfully.
[1667571907.318][WARNING]: This version of ChromeDriver has not been tested with Chrome version 107.
Nov 04, 2022 9:25:07 PM org.openqa.selenium.remote.ProtocolHandshake createSession
INFO: Detected dialect: W3C
Nov 04, 2022 9:25:07 PM org.openqa.selenium.devtools.CdpVersionFinder findNearestMatch
WARNING: Unable to find an exact match for CDP version 107, so returning the closest version found: a no-op implementation
Nov 04, 2022 9:25:07 PM org.openqa.selenium.devtools.CdpVersionFinder findNearestMatch
INFO: Unable to find CDP implementation matching 107.
Nov 04, 2022 9:25:07 PM org.openqa.selenium.chromium.ChromiumDriver lambda$new$3
WARNING: Unable to find version of CDP to use for . You may need to include a dependency on a specific version of the CDP using something similar to `org.seleniumhq.selenium:selenium-devtools-v86:4.1.2` where the version ("v86") matches the version of the chromium-based browser you're using and the version number of the artifact is the same as Selenium's.
]]></system-err>
  </testcase>
  <testcase name="View Cart Detail (empty)" classname="Manage Cart" time="4.769">
    <system-out><![CDATA[
@Cart
Scenario: View Cart Detail (empty) &amp#27;[90m# src/test/resources/features/Cart.feature:13&amp#27;[0m
21:25:15.684 [main] INFO io.cucumber.core.plugin.SerenityReporter - Running feature from file:///C:/Users/ASUS/Desktop/stupen/miniproject/Web/ASWeb/src/test/resources/features/Cart.feature
21:25:15.688 [main] INFO  - 
  _____   ___   ___   _____     ___   _____     _     ___   _____   ___   ___  
 |_   _| | __| / __| |_   _|   / __| |_   _|   /_\   | _ \ |_   _| | __| |   \ 
   | |   | _|  \__ \   | |     \__ \   | |    / _ \  |   /   | |   | _|  | |) |
   |_|   |___| |___/   |_|     |___/   |_|   /_/ \_\ |_|_\   |_|   |___| |___/ 

View Cart Detail (empty)(manage-cart;view-cart-detail-(empty))
--------------------------------------------------------------------------------
21:25:15.712 [main] INFO net.serenitybdd.core.webdriver.driverproviders.ChromeDriverProvider - Using automatically driver download
21:25:15.754 [AsyncHttpClient-1-1] DEBUG org.asynchttpclient.netty.channel.DefaultChannelPool - Entry count for : http://localhost:63982 : 1
21:25:15.754 [AsyncHttpClient-1-1] DEBUG org.asynchttpclient.netty.channel.DefaultChannelPool - Entry count for : http://localhost:63708 : 1
21:25:15.754 [AsyncHttpClient-1-1] DEBUG org.asynchttpclient.netty.channel.DefaultChannelPool - Adding Candidate expired Channel [id: 0x407f5d2c, L:/127.0.0.1:63707 ! R:localhost/127.0.0.1:63982] isIdleTimeoutExpired=false isRemotelyClosed=true isTtlExpired=false
21:25:15.754 [AsyncHttpClient-1-1] DEBUG org.asynchttpclient.netty.channel.DefaultChannelPool - Closing Idle Channel [id: 0x407f5d2c, L:/127.0.0.1:63707 ! R:localhost/127.0.0.1:63982]
21:25:15.758 [AsyncHttpClient-1-1] DEBUG org.asynchttpclient.netty.channel.DefaultChannelPool - Adding Candidate expired Channel [id: 0x15c8743d, L:/127.0.0.1:63715 ! R:localhost/127.0.0.1:63708] isIdleTimeoutExpired=false isRemotelyClosed=true isTtlExpired=false
21:25:15.759 [AsyncHttpClient-1-1] DEBUG org.asynchttpclient.netty.channel.DefaultChannelPool - Closing Idle Channel [id: 0x15c8743d, L:/127.0.0.1:63715 ! R:localhost/127.0.0.1:63708]
21:25:15.759 [AsyncHttpClient-1-1] DEBUG org.asynchttpclient.netty.channel.DefaultChannelPool - Closed 2 connections out of 2 in 5 ms
21:25:15.919 [main] DEBUG io.github.bonigarcia.wdm.cache.ResolutionCache - Resolution chrome=107 in cache (valid until 22:24:57 04/11/2022 WIB)
21:25:15.932 [main] DEBUG io.github.bonigarcia.wdm.cache.ResolutionCache - Resolution chrome107=107.0.5304.62 in cache (valid until 21:24:57 05/11/2022 WIB)
21:25:15.937 [main] INFO io.github.bonigarcia.wdm.WebDriverManager - Using chromedriver 107.0.5304.62 (resolved driver for Chrome 107)
21:25:15.975 [main] DEBUG io.github.bonigarcia.wdm.WebDriverManager - Driver chromedriver 107.0.5304.62 found in cache
21:25:15.978 [main] INFO io.github.bonigarcia.wdm.WebDriverManager - Exporting webdriver.chrome.driver as C:\Users\ASUS\.cache\selenium\chromedriver\win32\107.0.5304.62\chromedriver.exe
21:25:16.202 [main] DEBUG net.serenitybdd.core.webdriver.driverproviders.ProvideNewDriver - Instantiating driver
21:25:16.202 [main] DEBUG net.serenitybdd.core.webdriver.driverproviders.ProvideNewDriver - Driver capabilities: Capabilities {acceptInsecureCerts: false, base.url: https://alta-shop.vercel.app/, browserName: chrome, chrome.driver: src/test/resources/webdrive..., driver: chrome, goog:chromeOptions: {args: [], extensions: []}, wait.for.timeout: 10000}
21:25:16.759 [AsyncHttpClient-1-5] DEBUG org.asynchttpclient.netty.channel.NettyConnectListener - Using new Channel '[id: 0x48cb2a0a, L:/127.0.0.1:63740 - R:localhost/127.0.0.1:62797]' for 'POST' to '/session'
21:25:17.994 [AsyncHttpClient-1-5] DEBUG org.asynchttpclient.netty.handler.HttpHandler - 

Request DefaultHttpRequest(decodeResult: success, version: HTTP/1.1)
POST /session HTTP/1.1
User-Agent: selenium/4.1.2 (java windows)
Content-Length: 646
Content-Type: application/json; charset=utf-8
host: localhost:62797
accept: */*

Response DefaultHttpResponse(decodeResult: success, version: HTTP/1.1)
HTTP/1.1 200 OK
Content-Type: application/json; charset=utf-8
cache-control: no-cache
content-length: 788

21:25:17.994 [AsyncHttpClient-1-5] DEBUG org.asynchttpclient.netty.channel.ChannelManager - Adding key: http://localhost:62797 for channel [id: 0x48cb2a0a, L:/127.0.0.1:63740 - R:localhost/127.0.0.1:62797]
21:25:18.013 [AsyncHttpClient-1-6] DEBUG org.asynchttpclient.netty.channel.NettyConnectListener - Using new Channel '[id: 0x3e83b5e7, L:/127.0.0.1:63749 - R:localhost/127.0.0.1:63741]' for 'GET' to '/json/version'
21:25:18.019 [AsyncHttpClient-1-6] DEBUG org.asynchttpclient.netty.handler.HttpHandler - 

Request DefaultFullHttpRequest(decodeResult: success, version: HTTP/1.1, content: EmptyByteBufBE)
GET /json/version HTTP/1.1
User-Agent: selenium/4.1.2 (java windows)
host: localhost:63741
accept: */*

Response DefaultHttpResponse(decodeResult: success, version: HTTP/1.1)
HTTP/1.1 200 OK
Content-Type: application/json; charset=UTF-8
content-length: 423

21:25:18.020 [AsyncHttpClient-1-6] DEBUG org.asynchttpclient.netty.channel.ChannelManager - Adding key: http://localhost:63741 for channel [id: 0x3e83b5e7, L:/127.0.0.1:63749 - R:localhost/127.0.0.1:63741]
21:25:18.026 [AsyncHttpClient-1-7] DEBUG org.asynchttpclient.netty.channel.NettyConnectListener - Using new Channel '[id: 0x13fa6af4, L:/127.0.0.1:63750 - R:localhost/127.0.0.1:63741]' for 'GET' to '/devtools/browser/ea39d390-cec9-4947-abcb-64fae628bd9a'
21:25:18.032 [AsyncHttpClient-1-7] DEBUG org.asynchttpclient.netty.handler.WebSocketHandler - 

Request DefaultFullHttpRequest(decodeResult: success, version: HTTP/1.1, content: EmptyByteBufBE)
GET /devtools/browser/ea39d390-cec9-4947-abcb-64fae628bd9a HTTP/1.1
upgrade: websocket
connection: upgrade
sec-websocket-key: qIMSbEd+ZYKQuc/ZDpEJcw==
sec-websocket-version: 13
origin: http://localhost:63741
host: localhost:63741
accept: */*
user-agent: AHC/2.1

Response DefaultHttpResponse(decodeResult: success, version: HTTP/1.1)
HTTP/1.1 101 WebSocket Protocol Handshake
Upgrade: WebSocket
Connection: Upgrade
Sec-WebSocket-Accept: ZLd9UMqnW7WNnoXc3w1qyDG98K0=

21:25:18.041 [Forwarding get on session 9ff031b89e0f564eca5d5ac623f0d1f2 to remote] DEBUG org.asynchttpclient.netty.request.NettyRequestSender - Using pooled Channel '[id: 0x48cb2a0a, L:/127.0.0.1:63740 - R:localhost/127.0.0.1:62797]' for 'POST' to 'http://localhost:62797/session/9ff031b89e0f564eca5d5ac623f0d1f2/url'
21:25:18.042 [Forwarding get on session 9ff031b89e0f564eca5d5ac623f0d1f2 to remote] DEBUG org.asynchttpclient.netty.request.NettyRequestSender - Using open Channel [id: 0x48cb2a0a, L:/127.0.0.1:63740 - R:localhost/127.0.0.1:62797] for POST '/session/9ff031b89e0f564eca5d5ac623f0d1f2/url'
21:25:18.714 [AsyncHttpClient-1-5] DEBUG org.asynchttpclient.netty.handler.HttpHandler - 

Request DefaultHttpRequest(decodeResult: success, version: HTTP/1.1)
POST /session/9ff031b89e0f564eca5d5ac623f0d1f2/url HTTP/1.1
User-Agent: selenium/4.1.2 (java windows)
Content-Length: 59
Content-Type: application/json; charset=utf-8
host: localhost:62797
accept: */*

Response DefaultHttpResponse(decodeResult: success, version: HTTP/1.1)
HTTP/1.1 200 OK
Content-Type: application/json; charset=utf-8
cache-control: no-cache
content-length: 14

21:25:18.714 [AsyncHttpClient-1-5] DEBUG org.asynchttpclient.netty.channel.ChannelManager - Adding key: http://localhost:62797 for channel [id: 0x48cb2a0a, L:/127.0.0.1:63740 - R:localhost/127.0.0.1:62797]
21:25:18.716 [Forwarding setTimeout on session 9ff031b89e0f564eca5d5ac623f0d1f2 to remote] DEBUG org.asynchttpclient.netty.request.NettyRequestSender - Using pooled Channel '[id: 0x48cb2a0a, L:/127.0.0.1:63740 - R:localhost/127.0.0.1:62797]' for 'POST' to 'http://localhost:62797/session/9ff031b89e0f564eca5d5ac623f0d1f2/timeouts'
21:25:18.716 [Forwarding setTimeout on session 9ff031b89e0f564eca5d5ac623f0d1f2 to remote] DEBUG org.asynchttpclient.netty.request.NettyRequestSender - Using open Channel [id: 0x48cb2a0a, L:/127.0.0.1:63740 - R:localhost/127.0.0.1:62797] for POST '/session/9ff031b89e0f564eca5d5ac623f0d1f2/timeouts'
21:25:18.718 [AsyncHttpClient-1-5] DEBUG org.asynchttpclient.netty.handler.HttpHandler - 

Request DefaultHttpRequest(decodeResult: success, version: HTTP/1.1)
POST /session/9ff031b89e0f564eca5d5ac623f0d1f2/timeouts HTTP/1.1
User-Agent: selenium/4.1.2 (java windows)
Content-Length: 22
Content-Type: application/json; charset=utf-8
host: localhost:62797
accept: */*

Response DefaultHttpResponse(decodeResult: success, version: HTTP/1.1)
HTTP/1.1 200 OK
Content-Type: application/json; charset=utf-8
cache-control: no-cache
content-length: 14

21:25:18.719 [AsyncHttpClient-1-5] DEBUG org.asynchttpclient.netty.channel.ChannelManager - Adding key: http://localhost:62797 for channel [id: 0x48cb2a0a, L:/127.0.0.1:63740 - R:localhost/127.0.0.1:62797]
21:25:18.722 [Forwarding getCurrentUrl on session 9ff031b89e0f564eca5d5ac623f0d1f2 to remote] DEBUG org.asynchttpclient.netty.request.NettyRequestSender - Using pooled Channel '[id: 0x48cb2a0a, L:/127.0.0.1:63740 - R:localhost/127.0.0.1:62797]' for 'GET' to 'http://localhost:62797/session/9ff031b89e0f564eca5d5ac623f0d1f2/url'
21:25:18.723 [Forwarding getCurrentUrl on session 9ff031b89e0f564eca5d5ac623f0d1f2 to remote] DEBUG org.asynchttpclient.netty.request.NettyRequestSender - Using open Channel [id: 0x48cb2a0a, L:/127.0.0.1:63740 - R:localhost/127.0.0.1:62797] for GET '/session/9ff031b89e0f564eca5d5ac623f0d1f2/url'
21:25:18.727 [AsyncHttpClient-1-5] DEBUG org.asynchttpclient.netty.handler.HttpHandler - 

Request DefaultFullHttpRequest(decodeResult: success, version: HTTP/1.1, content: EmptyByteBufBE)
GET /session/9ff031b89e0f564eca5d5ac623f0d1f2/url HTTP/1.1
User-Agent: selenium/4.1.2 (java windows)
Cache-Control: no-cache
Content-Type: application/json; charset=utf-8
host: localhost:62797
accept: */*

Response DefaultHttpResponse(decodeResult: success, version: HTTP/1.1)
HTTP/1.1 200 OK
Content-Type: application/json; charset=utf-8
cache-control: no-cache
content-length: 41

21:25:18.728 [AsyncHttpClient-1-5] DEBUG org.asynchttpclient.netty.channel.ChannelManager - Adding key: http://localhost:62797 for channel [id: 0x48cb2a0a, L:/127.0.0.1:63740 - R:localhost/127.0.0.1:62797]
  &amp#27;[32mGiven &amp#27;[0m&amp#27;[32mI open homepage url&amp#27;[0m        &amp#27;[90m# starter.stepdefinitions.CartSteps.iOpenHomepageUrl()&amp#27;[0m
21:25:18.735 [Forwarding screenshot on session 9ff031b89e0f564eca5d5ac623f0d1f2 to remote] DEBUG org.asynchttpclient.netty.request.NettyRequestSender - Using pooled Channel '[id: 0x48cb2a0a, L:/127.0.0.1:63740 - R:localhost/127.0.0.1:62797]' for 'GET' to 'http://localhost:62797/session/9ff031b89e0f564eca5d5ac623f0d1f2/screenshot'
21:25:18.735 [Forwarding screenshot on session 9ff031b89e0f564eca5d5ac623f0d1f2 to remote] DEBUG org.asynchttpclient.netty.request.NettyRequestSender - Using open Channel [id: 0x48cb2a0a, L:/127.0.0.1:63740 - R:localhost/127.0.0.1:62797] for GET '/session/9ff031b89e0f564eca5d5ac623f0d1f2/screenshot'
21:25:19.054 [AsyncHttpClient-1-1] DEBUG org.asynchttpclient.netty.channel.DefaultChannelPool - Entry count for : http://localhost:63741 : 1
21:25:19.189 [AsyncHttpClient-1-5] DEBUG org.asynchttpclient.netty.handler.HttpHandler - 

Request DefaultFullHttpRequest(decodeResult: success, version: HTTP/1.1, content: EmptyByteBufBE)
GET /session/9ff031b89e0f564eca5d5ac623f0d1f2/screenshot HTTP/1.1
User-Agent: selenium/4.1.2 (java windows)
Cache-Control: no-cache
Content-Type: application/json; charset=utf-8
host: localhost:62797
accept: */*

Response DefaultHttpResponse(decodeResult: success, version: HTTP/1.1)
HTTP/1.1 200 OK
Content-Type: application/json; charset=utf-8
cache-control: no-cache
content-length: 46396

21:25:19.191 [AsyncHttpClient-1-5] DEBUG org.asynchttpclient.netty.channel.ChannelManager - Adding key: http://localhost:62797 for channel [id: 0x48cb2a0a, L:/127.0.0.1:63740 - R:localhost/127.0.0.1:62797]
21:25:19.196 [main] DEBUG net.serenitybdd.core.photography.Darkroom - Send negative for processing for target\site\serenity\d25b8e505dc7d9b371b4a0cd8cc1437c1faa895dafb310cdeaf702835d76fc9b.png
21:25:19.196 [Darkroom Processing Line] DEBUG net.serenitybdd.core.photography.DarkroomProcessingLine - Processing screenshot image in /var/screenshots/screenshot-11696683231854654726
21:25:19.196 [Darkroom Processing Line] DEBUG net.serenitybdd.core.photography.DarkroomProcessingLine - Saving screenshot to target\site\serenity\d25b8e505dc7d9b371b4a0cd8cc1437c1faa895dafb310cdeaf702835d76fc9b.png
21:25:19.212 [Forwarding findElement on session 9ff031b89e0f564eca5d5ac623f0d1f2 to remote] DEBUG org.asynchttpclient.netty.request.NettyRequestSender - Using pooled Channel '[id: 0x48cb2a0a, L:/127.0.0.1:63740 - R:localhost/127.0.0.1:62797]' for 'POST' to 'http://localhost:62797/session/9ff031b89e0f564eca5d5ac623f0d1f2/element'
21:25:19.212 [Forwarding findElement on session 9ff031b89e0f564eca5d5ac623f0d1f2 to remote] DEBUG org.asynchttpclient.netty.request.NettyRequestSender - Using open Channel [id: 0x48cb2a0a, L:/127.0.0.1:63740 - R:localhost/127.0.0.1:62797] for POST '/session/9ff031b89e0f564eca5d5ac623f0d1f2/element'
21:25:19.235 [AsyncHttpClient-1-5] DEBUG org.asynchttpclient.netty.handler.HttpHandler - 

Request DefaultHttpRequest(decodeResult: success, version: HTTP/1.1)
POST /session/9ff031b89e0f564eca5d5ac623f0d1f2/element HTTP/1.1
User-Agent: selenium/4.1.2 (java windows)
Content-Length: 88
Content-Type: application/json; charset=utf-8
host: localhost:62797
accept: */*

Response DefaultHttpResponse(decodeResult: success, version: HTTP/1.1)
HTTP/1.1 200 OK
Content-Type: application/json; charset=utf-8
cache-control: no-cache
content-length: 88

21:25:19.235 [AsyncHttpClient-1-5] DEBUG org.asynchttpclient.netty.channel.ChannelManager - Adding key: http://localhost:62797 for channel [id: 0x48cb2a0a, L:/127.0.0.1:63740 - R:localhost/127.0.0.1:62797]
21:25:19.237 [Forwarding getElementTagName on session 9ff031b89e0f564eca5d5ac623f0d1f2 to remote] DEBUG org.asynchttpclient.netty.request.NettyRequestSender - Using pooled Channel '[id: 0x48cb2a0a, L:/127.0.0.1:63740 - R:localhost/127.0.0.1:62797]' for 'GET' to 'http://localhost:62797/session/9ff031b89e0f564eca5d5ac623f0d1f2/element/8b17eb45-991b-4511-9cf9-1a7e4ef09e5f/name'
21:25:19.237 [Forwarding getElementTagName on session 9ff031b89e0f564eca5d5ac623f0d1f2 to remote] DEBUG org.asynchttpclient.netty.request.NettyRequestSender - Using open Channel [id: 0x48cb2a0a, L:/127.0.0.1:63740 - R:localhost/127.0.0.1:62797] for GET '/session/9ff031b89e0f564eca5d5ac623f0d1f2/element/8b17eb45-991b-4511-9cf9-1a7e4ef09e5f/name'
21:25:19.247 [AsyncHttpClient-1-5] DEBUG org.asynchttpclient.netty.handler.HttpHandler - 

Request DefaultFullHttpRequest(decodeResult: success, version: HTTP/1.1, content: EmptyByteBufBE)
GET /session/9ff031b89e0f564eca5d5ac623f0d1f2/element/8b17eb45-991b-4511-9cf9-1a7e4ef09e5f/name HTTP/1.1
User-Agent: selenium/4.1.2 (java windows)
Cache-Control: no-cache
Content-Type: application/json; charset=utf-8
host: localhost:62797
accept: */*

Response DefaultHttpResponse(decodeResult: success, version: HTTP/1.1)
HTTP/1.1 200 OK
Content-Type: application/json; charset=utf-8
cache-control: no-cache
content-length: 13

21:25:19.247 [AsyncHttpClient-1-5] DEBUG org.asynchttpclient.netty.channel.ChannelManager - Adding key: http://localhost:62797 for channel [id: 0x48cb2a0a, L:/127.0.0.1:63740 - R:localhost/127.0.0.1:62797]
21:25:19.248 [Forwarding getElementTagName on session 9ff031b89e0f564eca5d5ac623f0d1f2 to remote] DEBUG org.asynchttpclient.netty.request.NettyRequestSender - Using pooled Channel '[id: 0x48cb2a0a, L:/127.0.0.1:63740 - R:localhost/127.0.0.1:62797]' for 'GET' to 'http://localhost:62797/session/9ff031b89e0f564eca5d5ac623f0d1f2/element/8b17eb45-991b-4511-9cf9-1a7e4ef09e5f/name'
21:25:19.248 [Forwarding getElementTagName on session 9ff031b89e0f564eca5d5ac623f0d1f2 to remote] DEBUG org.asynchttpclient.netty.request.NettyRequestSender - Using open Channel [id: 0x48cb2a0a, L:/127.0.0.1:63740 - R:localhost/127.0.0.1:62797] for GET '/session/9ff031b89e0f564eca5d5ac623f0d1f2/element/8b17eb45-991b-4511-9cf9-1a7e4ef09e5f/name'
21:25:19.253 [AsyncHttpClient-1-5] DEBUG org.asynchttpclient.netty.handler.HttpHandler - 

Request DefaultFullHttpRequest(decodeResult: success, version: HTTP/1.1, content: EmptyByteBufBE)
GET /session/9ff031b89e0f564eca5d5ac623f0d1f2/element/8b17eb45-991b-4511-9cf9-1a7e4ef09e5f/name HTTP/1.1
User-Agent: selenium/4.1.2 (java windows)
Cache-Control: no-cache
Content-Type: application/json; charset=utf-8
host: localhost:62797
accept: */*

Response DefaultHttpResponse(decodeResult: success, version: HTTP/1.1)
HTTP/1.1 200 OK
Content-Type: application/json; charset=utf-8
cache-control: no-cache
content-length: 13

21:25:19.253 [AsyncHttpClient-1-5] DEBUG org.asynchttpclient.netty.channel.ChannelManager - Adding key: http://localhost:62797 for channel [id: 0x48cb2a0a, L:/127.0.0.1:63740 - R:localhost/127.0.0.1:62797]
21:25:19.257 [Forwarding findElement on session 9ff031b89e0f564eca5d5ac623f0d1f2 to remote] DEBUG org.asynchttpclient.netty.request.NettyRequestSender - Using pooled Channel '[id: 0x48cb2a0a, L:/127.0.0.1:63740 - R:localhost/127.0.0.1:62797]' for 'POST' to 'http://localhost:62797/session/9ff031b89e0f564eca5d5ac623f0d1f2/element'
21:25:19.258 [Forwarding findElement on session 9ff031b89e0f564eca5d5ac623f0d1f2 to remote] DEBUG org.asynchttpclient.netty.request.NettyRequestSender - Using open Channel [id: 0x48cb2a0a, L:/127.0.0.1:63740 - R:localhost/127.0.0.1:62797] for POST '/session/9ff031b89e0f564eca5d5ac623f0d1f2/element'
21:25:19.266 [AsyncHttpClient-1-5] DEBUG org.asynchttpclient.netty.handler.HttpHandler - 

Request DefaultHttpRequest(decodeResult: success, version: HTTP/1.1)
POST /session/9ff031b89e0f564eca5d5ac623f0d1f2/element HTTP/1.1
User-Agent: selenium/4.1.2 (java windows)
Content-Length: 88
Content-Type: application/json; charset=utf-8
host: localhost:62797
accept: */*

Response DefaultHttpResponse(decodeResult: success, version: HTTP/1.1)
HTTP/1.1 200 OK
Content-Type: application/json; charset=utf-8
cache-control: no-cache
content-length: 88

21:25:19.266 [AsyncHttpClient-1-5] DEBUG org.asynchttpclient.netty.channel.ChannelManager - Adding key: http://localhost:62797 for channel [id: 0x48cb2a0a, L:/127.0.0.1:63740 - R:localhost/127.0.0.1:62797]
21:25:19.267 [Forwarding clickElement on session 9ff031b89e0f564eca5d5ac623f0d1f2 to remote] DEBUG org.asynchttpclient.netty.request.NettyRequestSender - Using pooled Channel '[id: 0x48cb2a0a, L:/127.0.0.1:63740 - R:localhost/127.0.0.1:62797]' for 'POST' to 'http://localhost:62797/session/9ff031b89e0f564eca5d5ac623f0d1f2/element/8b17eb45-991b-4511-9cf9-1a7e4ef09e5f/click'
21:25:19.267 [Forwarding clickElement on session 9ff031b89e0f564eca5d5ac623f0d1f2 to remote] DEBUG org.asynchttpclient.netty.request.NettyRequestSender - Using open Channel [id: 0x48cb2a0a, L:/127.0.0.1:63740 - R:localhost/127.0.0.1:62797] for POST '/session/9ff031b89e0f564eca5d5ac623f0d1f2/element/8b17eb45-991b-4511-9cf9-1a7e4ef09e5f/click'
21:25:19.316 [AsyncHttpClient-1-5] DEBUG org.asynchttpclient.netty.handler.HttpHandler - 

Request DefaultHttpRequest(decodeResult: success, version: HTTP/1.1)
POST /session/9ff031b89e0f564eca5d5ac623f0d1f2/element/8b17eb45-991b-4511-9cf9-1a7e4ef09e5f/click HTTP/1.1
User-Agent: selenium/4.1.2 (java windows)
Content-Length: 50
Content-Type: application/json; charset=utf-8
host: localhost:62797
accept: */*

Response DefaultHttpResponse(decodeResult: success, version: HTTP/1.1)
HTTP/1.1 200 OK
Content-Type: application/json; charset=utf-8
cache-control: no-cache
content-length: 14

21:25:19.316 [AsyncHttpClient-1-5] DEBUG org.asynchttpclient.netty.channel.ChannelManager - Adding key: http://localhost:62797 for channel [id: 0x48cb2a0a, L:/127.0.0.1:63740 - R:localhost/127.0.0.1:62797]
  &amp#27;[32mWhen &amp#27;[0m&amp#27;[32mI click cart logo&amp#27;[0m           &amp#27;[90m# starter.stepdefinitions.CartSteps.iClickCartLogo()&amp#27;[0m
21:25:19.328 [Forwarding screenshot on session 9ff031b89e0f564eca5d5ac623f0d1f2 to remote] DEBUG org.asynchttpclient.netty.request.NettyRequestSender - Using pooled Channel '[id: 0x48cb2a0a, L:/127.0.0.1:63740 - R:localhost/127.0.0.1:62797]' for 'GET' to 'http://localhost:62797/session/9ff031b89e0f564eca5d5ac623f0d1f2/screenshot'
21:25:19.328 [Forwarding screenshot on session 9ff031b89e0f564eca5d5ac623f0d1f2 to remote] DEBUG org.asynchttpclient.netty.request.NettyRequestSender - Using open Channel [id: 0x48cb2a0a, L:/127.0.0.1:63740 - R:localhost/127.0.0.1:62797] for GET '/session/9ff031b89e0f564eca5d5ac623f0d1f2/screenshot'
21:25:19.632 [AsyncHttpClient-1-5] DEBUG org.asynchttpclient.netty.handler.HttpHandler - 

Request DefaultFullHttpRequest(decodeResult: success, version: HTTP/1.1, content: EmptyByteBufBE)
GET /session/9ff031b89e0f564eca5d5ac623f0d1f2/screenshot HTTP/1.1
User-Agent: selenium/4.1.2 (java windows)
Cache-Control: no-cache
Content-Type: application/json; charset=utf-8
host: localhost:62797
accept: */*

Response DefaultHttpResponse(decodeResult: success, version: HTTP/1.1)
HTTP/1.1 200 OK
Content-Type: application/json; charset=utf-8
cache-control: no-cache
content-length: 28516

21:25:19.633 [AsyncHttpClient-1-5] DEBUG org.asynchttpclient.netty.channel.ChannelManager - Adding key: http://localhost:62797 for channel [id: 0x48cb2a0a, L:/127.0.0.1:63740 - R:localhost/127.0.0.1:62797]
21:25:19.635 [main] DEBUG net.serenitybdd.core.photography.Darkroom - Send negative for processing for target\site\serenity\540788c0078ad7fe5bf526d505a433f4533aa01f8ed5f8d18213e27e396c43b6.png
21:25:19.635 [Darkroom Processing Line] DEBUG net.serenitybdd.core.photography.DarkroomProcessingLine - Processing screenshot image in /var/screenshots/screenshot-12691459436956987925
21:25:19.635 [Darkroom Processing Line] DEBUG net.serenitybdd.core.photography.DarkroomProcessingLine - Saving screenshot to target\site\serenity\540788c0078ad7fe5bf526d505a433f4533aa01f8ed5f8d18213e27e396c43b6.png
21:25:19.645 [Forwarding findElement on session 9ff031b89e0f564eca5d5ac623f0d1f2 to remote] DEBUG org.asynchttpclient.netty.request.NettyRequestSender - Using pooled Channel '[id: 0x48cb2a0a, L:/127.0.0.1:63740 - R:localhost/127.0.0.1:62797]' for 'POST' to 'http://localhost:62797/session/9ff031b89e0f564eca5d5ac623f0d1f2/element'
21:25:19.645 [Forwarding findElement on session 9ff031b89e0f564eca5d5ac623f0d1f2 to remote] DEBUG org.asynchttpclient.netty.request.NettyRequestSender - Using open Channel [id: 0x48cb2a0a, L:/127.0.0.1:63740 - R:localhost/127.0.0.1:62797] for POST '/session/9ff031b89e0f564eca5d5ac623f0d1f2/element'
21:25:19.656 [AsyncHttpClient-1-5] DEBUG org.asynchttpclient.netty.handler.HttpHandler - 

Request DefaultHttpRequest(decodeResult: success, version: HTTP/1.1)
POST /session/9ff031b89e0f564eca5d5ac623f0d1f2/element HTTP/1.1
User-Agent: selenium/4.1.2 (java windows)
Content-Length: 89
Content-Type: application/json; charset=utf-8
host: localhost:62797
accept: */*

Response DefaultHttpResponse(decodeResult: success, version: HTTP/1.1)
HTTP/1.1 200 OK
Content-Type: application/json; charset=utf-8
cache-control: no-cache
content-length: 88

21:25:19.657 [AsyncHttpClient-1-5] DEBUG org.asynchttpclient.netty.channel.ChannelManager - Adding key: http://localhost:62797 for channel [id: 0x48cb2a0a, L:/127.0.0.1:63740 - R:localhost/127.0.0.1:62797]
21:25:19.661 [Forwarding isElementDisplayed on session 9ff031b89e0f564eca5d5ac623f0d1f2 to remote] DEBUG org.asynchttpclient.netty.request.NettyRequestSender - Using pooled Channel '[id: 0x48cb2a0a, L:/127.0.0.1:63740 - R:localhost/127.0.0.1:62797]' for 'POST' to 'http://localhost:62797/session/9ff031b89e0f564eca5d5ac623f0d1f2/execute/sync'
21:25:19.661 [Forwarding isElementDisplayed on session 9ff031b89e0f564eca5d5ac623f0d1f2 to remote] DEBUG org.asynchttpclient.netty.request.NettyRequestSender - Using open Channel [id: 0x48cb2a0a, L:/127.0.0.1:63740 - R:localhost/127.0.0.1:62797] for POST '/session/9ff031b89e0f564eca5d5ac623f0d1f2/execute/sync'
21:25:19.677 [AsyncHttpClient-1-5] DEBUG org.asynchttpclient.netty.handler.HttpHandler - 

Request DefaultHttpRequest(decodeResult: success, version: HTTP/1.1)
POST /session/9ff031b89e0f564eca5d5ac623f0d1f2/execute/sync HTTP/1.1
User-Agent: selenium/4.1.2 (java windows)
Content-Length: 48780
Content-Type: application/json; charset=utf-8
host: localhost:62797
accept: */*

Response DefaultHttpResponse(decodeResult: success, version: HTTP/1.1)
HTTP/1.1 200 OK
Content-Type: application/json; charset=utf-8
cache-control: no-cache
content-length: 14

21:25:19.677 [AsyncHttpClient-1-5] DEBUG org.asynchttpclient.netty.channel.ChannelManager - Adding key: http://localhost:62797 for channel [id: 0x48cb2a0a, L:/127.0.0.1:63740 - R:localhost/127.0.0.1:62797]
  &amp#27;[32mThen &amp#27;[0m&amp#27;[32mI see my cart empty&amp#27;[0m         &amp#27;[90m# starter.stepdefinitions.CartSteps.iSeeMyCartEmpty()&amp#27;[0m
21:25:19.682 [main] INFO  - 
  _____   ___   ___   _____     ___     _     ___   ___   ___   ___  
 |_   _| | __| / __| |_   _|   | _ \   /_\   / __| / __| | __| |   \ 
   | |   | _|  \__ \   | |     |  _/  / _ \  \__ \ \__ \ | _|  | |) |
   |_|   |___| |___/   |_|     |_|   /_/ \_\ |___/ |___/ |___| |___/ 

View Cart Detail (empty)
----------------------------------------------------------------------
21:25:19.684 [AsyncHttpClient-1-7] DEBUG org.asynchttpclient.netty.handler.WebSocketHandler - Channel Closed: [id: 0x13fa6af4, L:/127.0.0.1:63750 ! R:localhost/127.0.0.1:63741] with attribute NettyResponseFuture{currentRetry=5,
	isDone=1,
	isCancelled=0,
	asyncHandler=org.asynchttpclient.ws.WebSocketUpgradeHandler@3076c762,
	nettyRequest=org.asynchttpclient.netty.request.NettyRequest@75745f08,
	future=java.util.concurrent.CompletableFuture@3ad59388[Completed normally],
	uri=ws://localhost:63741/devtools/browser/ea39d390-cec9-4947-abcb-64fae628bd9a,
	keepAlive=true,
	redirectCount=0,
	timeoutsHolder=null,
	inAuth=0,
	touch=1667571918033}
21:25:19.684 [AsyncHttpClient-1-7] DEBUG org.asynchttpclient.netty.channel.ChannelManager - Closing Channel [id: 0x13fa6af4, L:/127.0.0.1:63750 ! R:localhost/127.0.0.1:63741] 
21:25:19.685 [Driver Command Executor] DEBUG org.asynchttpclient.netty.request.NettyRequestSender - Using pooled Channel '[id: 0x48cb2a0a, L:/127.0.0.1:63740 - R:localhost/127.0.0.1:62797]' for 'DELETE' to 'http://localhost:62797/session/9ff031b89e0f564eca5d5ac623f0d1f2'
21:25:19.685 [Driver Command Executor] DEBUG org.asynchttpclient.netty.request.NettyRequestSender - Using open Channel [id: 0x48cb2a0a, L:/127.0.0.1:63740 - R:localhost/127.0.0.1:62797] for DELETE '/session/9ff031b89e0f564eca5d5ac623f0d1f2'
21:25:19.827 [AsyncHttpClient-1-6] DEBUG org.asynchttpclient.netty.handler.HttpHandler - Unexpected I/O exception on channel [id: 0x3e83b5e7, L:/127.0.0.1:63749 - R:localhost/127.0.0.1:63741]
java.net.SocketException: Connection reset
	at java.base/sun.nio.ch.SocketChannelImpl.throwConnectionReset(SocketChannelImpl.java:345)
	at java.base/sun.nio.ch.SocketChannelImpl.read(SocketChannelImpl.java:376)
	at io.netty.buffer.PooledByteBuf.setBytes(PooledByteBuf.java:258)
	at io.netty.buffer.AbstractByteBuf.writeBytes(AbstractByteBuf.java:1132)
	at io.netty.channel.socket.nio.NioSocketChannel.doReadBytes(NioSocketChannel.java:350)
	at io.netty.channel.nio.AbstractNioByteChannel$NioByteUnsafe.read(AbstractNioByteChannel.java:151)
	at io.netty.channel.nio.NioEventLoop.processSelectedKey(NioEventLoop.java:722)
	at io.netty.channel.nio.NioEventLoop.processSelectedKeysOptimized(NioEventLoop.java:658)
	at io.netty.channel.nio.NioEventLoop.processSelectedKeys(NioEventLoop.java:584)
	at io.netty.channel.nio.NioEventLoop.run(NioEventLoop.java:496)
	at io.netty.util.concurrent.SingleThreadEventExecutor$4.run(SingleThreadEventExecutor.java:986)
	at io.netty.util.internal.ThreadExecutorMap$2.run(ThreadExecutorMap.java:74)
	at io.netty.util.concurrent.FastThreadLocalRunnable.run(FastThreadLocalRunnable.java:30)
	at java.base/java.lang.Thread.run(Thread.java:830)
21:25:19.827 [AsyncHttpClient-1-6] DEBUG org.asynchttpclient.netty.channel.ChannelManager - Closing Channel [id: 0x3e83b5e7, L:/127.0.0.1:63749 - R:localhost/127.0.0.1:63741] 
21:25:19.827 [AsyncHttpClient-1-6] DEBUG org.asynchttpclient.netty.handler.HttpHandler - Channel Closed: [id: 0x3e83b5e7, L:/127.0.0.1:63749 ! R:localhost/127.0.0.1:63741] with attribute DISCARD
21:25:19.847 [AsyncHttpClient-1-5] DEBUG org.asynchttpclient.netty.handler.HttpHandler - 

Request DefaultFullHttpRequest(decodeResult: success, version: HTTP/1.1, content: EmptyByteBufBE)
DELETE /session/9ff031b89e0f564eca5d5ac623f0d1f2 HTTP/1.1
User-Agent: selenium/4.1.2 (java windows)
Content-Type: application/json; charset=utf-8
host: localhost:62797
accept: */*

Response DefaultHttpResponse(decodeResult: success, version: HTTP/1.1)
HTTP/1.1 200 OK
Content-Type: application/json; charset=utf-8
cache-control: no-cache
content-length: 14

21:25:19.848 [AsyncHttpClient-1-5] DEBUG org.asynchttpclient.netty.channel.ChannelManager - Adding key: http://localhost:62797 for channel [id: 0x48cb2a0a, L:/127.0.0.1:63740 - R:localhost/127.0.0.1:62797]
21:25:19.915 [AsyncHttpClient-1-5] DEBUG org.asynchttpclient.netty.handler.HttpHandler - Channel Closed: [id: 0x48cb2a0a, L:/127.0.0.1:63740 ! R:localhost/127.0.0.1:62797] with attribute DISCARD
21:25:20.155 [AsyncHttpClient-1-1] DEBUG org.asynchttpclient.netty.channel.DefaultChannelPool - Entry count for : http://localhost:63741 : 1
21:25:20.155 [AsyncHttpClient-1-1] DEBUG org.asynchttpclient.netty.channel.DefaultChannelPool - Entry count for : http://localhost:62797 : 1
21:25:20.155 [AsyncHttpClient-1-1] DEBUG org.asynchttpclient.netty.channel.DefaultChannelPool - Adding Candidate expired Channel [id: 0x3e83b5e7, L:/127.0.0.1:63749 ! R:localhost/127.0.0.1:63741] isIdleTimeoutExpired=false isRemotelyClosed=true isTtlExpired=false
21:25:20.155 [AsyncHttpClient-1-1] DEBUG org.asynchttpclient.netty.channel.DefaultChannelPool - Closing Idle Channel [id: 0x3e83b5e7, L:/127.0.0.1:63749 ! R:localhost/127.0.0.1:63741]
21:25:20.155 [AsyncHttpClient-1-1] DEBUG org.asynchttpclient.netty.channel.DefaultChannelPool - Adding Candidate expired Channel [id: 0x48cb2a0a, L:/127.0.0.1:63740 ! R:localhost/127.0.0.1:62797] isIdleTimeoutExpired=false isRemotelyClosed=true isTtlExpired=false
21:25:20.155 [AsyncHttpClient-1-1] DEBUG org.asynchttpclient.netty.channel.DefaultChannelPool - Closing Idle Channel [id: 0x48cb2a0a, L:/127.0.0.1:63740 ! R:localhost/127.0.0.1:62797]
21:25:20.155 [AsyncHttpClient-1-1] DEBUG org.asynchttpclient.netty.channel.DefaultChannelPool - Closed 2 connections out of 2 in 0 ms
]]></system-out>
    <system-err><![CDATA[Starting ChromeDriver 106.0.5249.61 (511755355844955cd3e264779baf0dd38212a4d0-refs/branch-heads/5249@{#569}) on port 62797
Only local connections are allowed.
Please see https://chromedriver.chromium.org/security-considerations for suggestions on keeping ChromeDriver safe.
ChromeDriver was started successfully.
[1667571917.573][WARNING]: This version of ChromeDriver has not been tested with Chrome version 107.
Nov 04, 2022 9:25:17 PM org.openqa.selenium.remote.ProtocolHandshake createSession
INFO: Detected dialect: W3C
Nov 04, 2022 9:25:18 PM org.openqa.selenium.devtools.CdpVersionFinder findNearestMatch
WARNING: Unable to find an exact match for CDP version 107, so returning the closest version found: a no-op implementation
Nov 04, 2022 9:25:18 PM org.openqa.selenium.devtools.CdpVersionFinder findNearestMatch
INFO: Unable to find CDP implementation matching 107.
Nov 04, 2022 9:25:18 PM org.openqa.selenium.chromium.ChromiumDriver lambda$new$3
WARNING: Unable to find version of CDP to use for . You may need to include a dependency on a specific version of the CDP using something similar to `org.seleniumhq.selenium:selenium-devtools-v86:4.1.2` where the version ("v86") matches the version of the chromium-based browser you're using and the version number of the artifact is the same as Selenium's.
]]></system-err>
  </testcase>
  <testcase name="Delete Product From Cart" classname="Manage Cart" time="8.74">
    <system-out><![CDATA[
@Cart
Scenario: Delete Product From Cart         &amp#27;[90m# src/test/resources/features/Cart.feature:18&amp#27;[0m
21:25:20.448 [main] INFO io.cucumber.core.plugin.SerenityReporter - Running feature from file:///C:/Users/ASUS/Desktop/stupen/miniproject/Web/ASWeb/src/test/resources/features/Cart.feature
21:25:20.451 [main] INFO  - 
  _____   ___   ___   _____     ___   _____     _     ___   _____   ___   ___  
 |_   _| | __| / __| |_   _|   / __| |_   _|   /_\   | _ \ |_   _| | __| |   \ 
   | |   | _|  \__ \   | |     \__ \   | |    / _ \  |   /   | |   | _|  | |) |
   |_|   |___| |___/   |_|     |___/   |_|   /_/ \_\ |_|_\   |_|   |___| |___/ 

Delete Product From Cart(manage-cart;delete-product-from-cart)
--------------------------------------------------------------------------------
21:25:20.469 [main] INFO net.serenitybdd.core.webdriver.driverproviders.ChromeDriverProvider - Using automatically driver download
21:25:20.623 [main] DEBUG io.github.bonigarcia.wdm.cache.ResolutionCache - Resolution chrome=107 in cache (valid until 22:24:57 04/11/2022 WIB)
21:25:20.629 [main] DEBUG io.github.bonigarcia.wdm.cache.ResolutionCache - Resolution chrome107=107.0.5304.62 in cache (valid until 21:24:57 05/11/2022 WIB)
21:25:20.631 [main] INFO io.github.bonigarcia.wdm.WebDriverManager - Using chromedriver 107.0.5304.62 (resolved driver for Chrome 107)
21:25:20.654 [main] DEBUG io.github.bonigarcia.wdm.WebDriverManager - Driver chromedriver 107.0.5304.62 found in cache
21:25:20.657 [main] INFO io.github.bonigarcia.wdm.WebDriverManager - Exporting webdriver.chrome.driver as C:\Users\ASUS\.cache\selenium\chromedriver\win32\107.0.5304.62\chromedriver.exe
21:25:20.840 [main] DEBUG net.serenitybdd.core.webdriver.driverproviders.ProvideNewDriver - Instantiating driver
21:25:20.840 [main] DEBUG net.serenitybdd.core.webdriver.driverproviders.ProvideNewDriver - Driver capabilities: Capabilities {acceptInsecureCerts: false, base.url: https://alta-shop.vercel.app/, browserName: chrome, chrome.driver: src/test/resources/webdrive..., driver: chrome, goog:chromeOptions: {args: [], extensions: []}, wait.for.timeout: 10000}
21:25:21.384 [AsyncHttpClient-1-8] DEBUG org.asynchttpclient.netty.channel.NettyConnectListener - Using new Channel '[id: 0x52c4c7a0, L:/127.0.0.1:63766 - R:localhost/127.0.0.1:59437]' for 'POST' to '/session'
21:25:22.293 [AsyncHttpClient-1-8] DEBUG org.asynchttpclient.netty.handler.HttpHandler - 

Request DefaultHttpRequest(decodeResult: success, version: HTTP/1.1)
POST /session HTTP/1.1
User-Agent: selenium/4.1.2 (java windows)
Content-Length: 646
Content-Type: application/json; charset=utf-8
host: localhost:59437
accept: */*

Response DefaultHttpResponse(decodeResult: success, version: HTTP/1.1)
HTTP/1.1 200 OK
Content-Type: application/json; charset=utf-8
cache-control: no-cache
content-length: 788

21:25:22.293 [AsyncHttpClient-1-8] DEBUG org.asynchttpclient.netty.channel.ChannelManager - Adding key: http://localhost:59437 for channel [id: 0x52c4c7a0, L:/127.0.0.1:63766 - R:localhost/127.0.0.1:59437]
21:25:22.311 [AsyncHttpClient-1-9] DEBUG org.asynchttpclient.netty.channel.NettyConnectListener - Using new Channel '[id: 0x7bfde44d, L:/127.0.0.1:63774 - R:localhost/127.0.0.1:63767]' for 'GET' to '/json/version'
21:25:22.318 [AsyncHttpClient-1-9] DEBUG org.asynchttpclient.netty.handler.HttpHandler - 

Request DefaultFullHttpRequest(decodeResult: success, version: HTTP/1.1, content: EmptyByteBufBE)
GET /json/version HTTP/1.1
User-Agent: selenium/4.1.2 (java windows)
host: localhost:63767
accept: */*

Response DefaultHttpResponse(decodeResult: success, version: HTTP/1.1)
HTTP/1.1 200 OK
Content-Type: application/json; charset=UTF-8
content-length: 423

21:25:22.319 [AsyncHttpClient-1-9] DEBUG org.asynchttpclient.netty.channel.ChannelManager - Adding key: http://localhost:63767 for channel [id: 0x7bfde44d, L:/127.0.0.1:63774 - R:localhost/127.0.0.1:63767]
21:25:22.323 [AsyncHttpClient-1-10] DEBUG org.asynchttpclient.netty.channel.NettyConnectListener - Using new Channel '[id: 0xc734aae2, L:/127.0.0.1:63775 - R:localhost/127.0.0.1:63767]' for 'GET' to '/devtools/browser/10291b5d-746f-41a0-b3be-fb27a71bc279'
21:25:22.331 [AsyncHttpClient-1-10] DEBUG org.asynchttpclient.netty.handler.WebSocketHandler - 

Request DefaultFullHttpRequest(decodeResult: success, version: HTTP/1.1, content: EmptyByteBufBE)
GET /devtools/browser/10291b5d-746f-41a0-b3be-fb27a71bc279 HTTP/1.1
upgrade: websocket
connection: upgrade
sec-websocket-key: 4pKakG1sJ2MxrQH4GsroOQ==
sec-websocket-version: 13
origin: http://localhost:63767
host: localhost:63767
accept: */*
user-agent: AHC/2.1

Response DefaultHttpResponse(decodeResult: success, version: HTTP/1.1)
HTTP/1.1 101 WebSocket Protocol Handshake
Upgrade: WebSocket
Connection: Upgrade
Sec-WebSocket-Accept: Kk/3xrQ32kZGK/7DsCmhnklBv70=

21:25:22.341 [Forwarding get on session 156b573c9e851b8ed8e9320eaae53528 to remote] DEBUG org.asynchttpclient.netty.request.NettyRequestSender - Using pooled Channel '[id: 0x52c4c7a0, L:/127.0.0.1:63766 - R:localhost/127.0.0.1:59437]' for 'POST' to 'http://localhost:59437/session/156b573c9e851b8ed8e9320eaae53528/url'
21:25:22.341 [Forwarding get on session 156b573c9e851b8ed8e9320eaae53528 to remote] DEBUG org.asynchttpclient.netty.request.NettyRequestSender - Using open Channel [id: 0x52c4c7a0, L:/127.0.0.1:63766 - R:localhost/127.0.0.1:59437] for POST '/session/156b573c9e851b8ed8e9320eaae53528/url'
21:25:22.352 [AsyncHttpClient-1-1] DEBUG org.asynchttpclient.netty.channel.DefaultChannelPool - Entry count for : http://localhost:63767 : 1
21:25:23.113 [AsyncHttpClient-1-8] DEBUG org.asynchttpclient.netty.handler.HttpHandler - 

Request DefaultHttpRequest(decodeResult: success, version: HTTP/1.1)
POST /session/156b573c9e851b8ed8e9320eaae53528/url HTTP/1.1
User-Agent: selenium/4.1.2 (java windows)
Content-Length: 59
Content-Type: application/json; charset=utf-8
host: localhost:59437
accept: */*

Response DefaultHttpResponse(decodeResult: success, version: HTTP/1.1)
HTTP/1.1 200 OK
Content-Type: application/json; charset=utf-8
cache-control: no-cache
content-length: 14

21:25:23.113 [AsyncHttpClient-1-8] DEBUG org.asynchttpclient.netty.channel.ChannelManager - Adding key: http://localhost:59437 for channel [id: 0x52c4c7a0, L:/127.0.0.1:63766 - R:localhost/127.0.0.1:59437]
21:25:23.116 [Forwarding setTimeout on session 156b573c9e851b8ed8e9320eaae53528 to remote] DEBUG org.asynchttpclient.netty.request.NettyRequestSender - Using pooled Channel '[id: 0x52c4c7a0, L:/127.0.0.1:63766 - R:localhost/127.0.0.1:59437]' for 'POST' to 'http://localhost:59437/session/156b573c9e851b8ed8e9320eaae53528/timeouts'
21:25:23.116 [Forwarding setTimeout on session 156b573c9e851b8ed8e9320eaae53528 to remote] DEBUG org.asynchttpclient.netty.request.NettyRequestSender - Using open Channel [id: 0x52c4c7a0, L:/127.0.0.1:63766 - R:localhost/127.0.0.1:59437] for POST '/session/156b573c9e851b8ed8e9320eaae53528/timeouts'
21:25:23.118 [AsyncHttpClient-1-8] DEBUG org.asynchttpclient.netty.handler.HttpHandler - 

Request DefaultHttpRequest(decodeResult: success, version: HTTP/1.1)
POST /session/156b573c9e851b8ed8e9320eaae53528/timeouts HTTP/1.1
User-Agent: selenium/4.1.2 (java windows)
Content-Length: 22
Content-Type: application/json; charset=utf-8
host: localhost:59437
accept: */*

Response DefaultHttpResponse(decodeResult: success, version: HTTP/1.1)
HTTP/1.1 200 OK
Content-Type: application/json; charset=utf-8
cache-control: no-cache
content-length: 14

21:25:23.118 [AsyncHttpClient-1-8] DEBUG org.asynchttpclient.netty.channel.ChannelManager - Adding key: http://localhost:59437 for channel [id: 0x52c4c7a0, L:/127.0.0.1:63766 - R:localhost/127.0.0.1:59437]
21:25:23.123 [Forwarding getCurrentUrl on session 156b573c9e851b8ed8e9320eaae53528 to remote] DEBUG org.asynchttpclient.netty.request.NettyRequestSender - Using pooled Channel '[id: 0x52c4c7a0, L:/127.0.0.1:63766 - R:localhost/127.0.0.1:59437]' for 'GET' to 'http://localhost:59437/session/156b573c9e851b8ed8e9320eaae53528/url'
21:25:23.123 [Forwarding getCurrentUrl on session 156b573c9e851b8ed8e9320eaae53528 to remote] DEBUG org.asynchttpclient.netty.request.NettyRequestSender - Using open Channel [id: 0x52c4c7a0, L:/127.0.0.1:63766 - R:localhost/127.0.0.1:59437] for GET '/session/156b573c9e851b8ed8e9320eaae53528/url'
21:25:23.129 [AsyncHttpClient-1-8] DEBUG org.asynchttpclient.netty.handler.HttpHandler - 

Request DefaultFullHttpRequest(decodeResult: success, version: HTTP/1.1, content: EmptyByteBufBE)
GET /session/156b573c9e851b8ed8e9320eaae53528/url HTTP/1.1
User-Agent: selenium/4.1.2 (java windows)
Cache-Control: no-cache
Content-Type: application/json; charset=utf-8
host: localhost:59437
accept: */*

Response DefaultHttpResponse(decodeResult: success, version: HTTP/1.1)
HTTP/1.1 200 OK
Content-Type: application/json; charset=utf-8
cache-control: no-cache
content-length: 41

21:25:23.129 [AsyncHttpClient-1-8] DEBUG org.asynchttpclient.netty.channel.ChannelManager - Adding key: http://localhost:59437 for channel [id: 0x52c4c7a0, L:/127.0.0.1:63766 - R:localhost/127.0.0.1:59437]
  &amp#27;[32mGiven &amp#27;[0m&amp#27;[32mI open homepage url&amp#27;[0m                &amp#27;[90m# starter.stepdefinitions.CartSteps.iOpenHomepageUrl()&amp#27;[0m
21:25:23.139 [Forwarding screenshot on session 156b573c9e851b8ed8e9320eaae53528 to remote] DEBUG org.asynchttpclient.netty.request.NettyRequestSender - Using pooled Channel '[id: 0x52c4c7a0, L:/127.0.0.1:63766 - R:localhost/127.0.0.1:59437]' for 'GET' to 'http://localhost:59437/session/156b573c9e851b8ed8e9320eaae53528/screenshot'
21:25:23.139 [Forwarding screenshot on session 156b573c9e851b8ed8e9320eaae53528 to remote] DEBUG org.asynchttpclient.netty.request.NettyRequestSender - Using open Channel [id: 0x52c4c7a0, L:/127.0.0.1:63766 - R:localhost/127.0.0.1:59437] for GET '/session/156b573c9e851b8ed8e9320eaae53528/screenshot'
21:25:23.450 [AsyncHttpClient-1-1] DEBUG org.asynchttpclient.netty.channel.DefaultChannelPool - Entry count for : http://localhost:63767 : 1
21:25:23.590 [AsyncHttpClient-1-8] DEBUG org.asynchttpclient.netty.handler.HttpHandler - 

Request DefaultFullHttpRequest(decodeResult: success, version: HTTP/1.1, content: EmptyByteBufBE)
GET /session/156b573c9e851b8ed8e9320eaae53528/screenshot HTTP/1.1
User-Agent: selenium/4.1.2 (java windows)
Cache-Control: no-cache
Content-Type: application/json; charset=utf-8
host: localhost:59437
accept: */*

Response DefaultHttpResponse(decodeResult: success, version: HTTP/1.1)
HTTP/1.1 200 OK
Content-Type: application/json; charset=utf-8
cache-control: no-cache
content-length: 44004

21:25:23.591 [AsyncHttpClient-1-8] DEBUG org.asynchttpclient.netty.channel.ChannelManager - Adding key: http://localhost:59437 for channel [id: 0x52c4c7a0, L:/127.0.0.1:63766 - R:localhost/127.0.0.1:59437]
21:25:23.596 [main] DEBUG net.serenitybdd.core.photography.Darkroom - Send negative for processing for target\site\serenity\988158f39c391f6753d93297fddf41fce29501d250ddde5d8befff07a6a1fd74.png
21:25:23.596 [Darkroom Processing Line] DEBUG net.serenitybdd.core.photography.DarkroomProcessingLine - Processing screenshot image in /var/screenshots/screenshot-1121847254950296941
21:25:23.596 [Darkroom Processing Line] DEBUG net.serenitybdd.core.photography.DarkroomProcessingLine - Saving screenshot to target\site\serenity\988158f39c391f6753d93297fddf41fce29501d250ddde5d8befff07a6a1fd74.png
21:25:23.603 [Forwarding get on session 156b573c9e851b8ed8e9320eaae53528 to remote] DEBUG org.asynchttpclient.netty.request.NettyRequestSender - Using pooled Channel '[id: 0x52c4c7a0, L:/127.0.0.1:63766 - R:localhost/127.0.0.1:59437]' for 'POST' to 'http://localhost:59437/session/156b573c9e851b8ed8e9320eaae53528/url'
21:25:23.603 [Forwarding get on session 156b573c9e851b8ed8e9320eaae53528 to remote] DEBUG org.asynchttpclient.netty.request.NettyRequestSender - Using open Channel [id: 0x52c4c7a0, L:/127.0.0.1:63766 - R:localhost/127.0.0.1:59437] for POST '/session/156b573c9e851b8ed8e9320eaae53528/url'
21:25:23.832 [AsyncHttpClient-1-8] DEBUG org.asynchttpclient.netty.handler.HttpHandler - 

Request DefaultHttpRequest(decodeResult: success, version: HTTP/1.1)
POST /session/156b573c9e851b8ed8e9320eaae53528/url HTTP/1.1
User-Agent: selenium/4.1.2 (java windows)
Content-Length: 59
Content-Type: application/json; charset=utf-8
host: localhost:59437
accept: */*

Response DefaultHttpResponse(decodeResult: success, version: HTTP/1.1)
HTTP/1.1 200 OK
Content-Type: application/json; charset=utf-8
cache-control: no-cache
content-length: 14

21:25:23.832 [AsyncHttpClient-1-8] DEBUG org.asynchttpclient.netty.channel.ChannelManager - Adding key: http://localhost:59437 for channel [id: 0x52c4c7a0, L:/127.0.0.1:63766 - R:localhost/127.0.0.1:59437]
21:25:23.836 [Forwarding getCurrentUrl on session 156b573c9e851b8ed8e9320eaae53528 to remote] DEBUG org.asynchttpclient.netty.request.NettyRequestSender - Using pooled Channel '[id: 0x52c4c7a0, L:/127.0.0.1:63766 - R:localhost/127.0.0.1:59437]' for 'GET' to 'http://localhost:59437/session/156b573c9e851b8ed8e9320eaae53528/url'
21:25:23.836 [Forwarding getCurrentUrl on session 156b573c9e851b8ed8e9320eaae53528 to remote] DEBUG org.asynchttpclient.netty.request.NettyRequestSender - Using open Channel [id: 0x52c4c7a0, L:/127.0.0.1:63766 - R:localhost/127.0.0.1:59437] for GET '/session/156b573c9e851b8ed8e9320eaae53528/url'
21:25:23.846 [AsyncHttpClient-1-8] DEBUG org.asynchttpclient.netty.handler.HttpHandler - 

Request DefaultFullHttpRequest(decodeResult: success, version: HTTP/1.1, content: EmptyByteBufBE)
GET /session/156b573c9e851b8ed8e9320eaae53528/url HTTP/1.1
User-Agent: selenium/4.1.2 (java windows)
Cache-Control: no-cache
Content-Type: application/json; charset=utf-8
host: localhost:59437
accept: */*

Response DefaultHttpResponse(decodeResult: success, version: HTTP/1.1)
HTTP/1.1 200 OK
Content-Type: application/json; charset=utf-8
cache-control: no-cache
content-length: 41

21:25:23.846 [AsyncHttpClient-1-8] DEBUG org.asynchttpclient.netty.channel.ChannelManager - Adding key: http://localhost:59437 for channel [id: 0x52c4c7a0, L:/127.0.0.1:63766 - R:localhost/127.0.0.1:59437]
21:25:23.853 [Forwarding findElement on session 156b573c9e851b8ed8e9320eaae53528 to remote] DEBUG org.asynchttpclient.netty.request.NettyRequestSender - Using pooled Channel '[id: 0x52c4c7a0, L:/127.0.0.1:63766 - R:localhost/127.0.0.1:59437]' for 'POST' to 'http://localhost:59437/session/156b573c9e851b8ed8e9320eaae53528/element'
21:25:23.853 [Forwarding findElement on session 156b573c9e851b8ed8e9320eaae53528 to remote] DEBUG org.asynchttpclient.netty.request.NettyRequestSender - Using open Channel [id: 0x52c4c7a0, L:/127.0.0.1:63766 - R:localhost/127.0.0.1:59437] for POST '/session/156b573c9e851b8ed8e9320eaae53528/element'
21:25:24.550 [AsyncHttpClient-1-1] DEBUG org.asynchttpclient.netty.channel.DefaultChannelPool - Entry count for : http://localhost:63767 : 1
21:25:25.652 [AsyncHttpClient-1-1] DEBUG org.asynchttpclient.netty.channel.DefaultChannelPool - Entry count for : http://localhost:63767 : 1
21:25:26.478 [AsyncHttpClient-1-8] DEBUG org.asynchttpclient.netty.handler.HttpHandler - 

Request DefaultHttpRequest(decodeResult: success, version: HTTP/1.1)
POST /session/156b573c9e851b8ed8e9320eaae53528/element HTTP/1.1
User-Agent: selenium/4.1.2 (java windows)
Content-Length: 85
Content-Type: application/json; charset=utf-8
host: localhost:59437
accept: */*

Response DefaultHttpResponse(decodeResult: success, version: HTTP/1.1)
HTTP/1.1 200 OK
Content-Type: application/json; charset=utf-8
cache-control: no-cache
content-length: 88

21:25:26.479 [AsyncHttpClient-1-8] DEBUG org.asynchttpclient.netty.channel.ChannelManager - Adding key: http://localhost:59437 for channel [id: 0x52c4c7a0, L:/127.0.0.1:63766 - R:localhost/127.0.0.1:59437]
21:25:26.481 [Forwarding getElementTagName on session 156b573c9e851b8ed8e9320eaae53528 to remote] DEBUG org.asynchttpclient.netty.request.NettyRequestSender - Using pooled Channel '[id: 0x52c4c7a0, L:/127.0.0.1:63766 - R:localhost/127.0.0.1:59437]' for 'GET' to 'http://localhost:59437/session/156b573c9e851b8ed8e9320eaae53528/element/ac4f450d-01db-4f89-9e98-df4d926eac77/name'
21:25:26.482 [Forwarding getElementTagName on session 156b573c9e851b8ed8e9320eaae53528 to remote] DEBUG org.asynchttpclient.netty.request.NettyRequestSender - Using open Channel [id: 0x52c4c7a0, L:/127.0.0.1:63766 - R:localhost/127.0.0.1:59437] for GET '/session/156b573c9e851b8ed8e9320eaae53528/element/ac4f450d-01db-4f89-9e98-df4d926eac77/name'
21:25:26.487 [AsyncHttpClient-1-8] DEBUG org.asynchttpclient.netty.handler.HttpHandler - 

Request DefaultFullHttpRequest(decodeResult: success, version: HTTP/1.1, content: EmptyByteBufBE)
GET /session/156b573c9e851b8ed8e9320eaae53528/element/ac4f450d-01db-4f89-9e98-df4d926eac77/name HTTP/1.1
User-Agent: selenium/4.1.2 (java windows)
Cache-Control: no-cache
Content-Type: application/json; charset=utf-8
host: localhost:59437
accept: */*

Response DefaultHttpResponse(decodeResult: success, version: HTTP/1.1)
HTTP/1.1 200 OK
Content-Type: application/json; charset=utf-8
cache-control: no-cache
content-length: 16

21:25:26.487 [AsyncHttpClient-1-8] DEBUG org.asynchttpclient.netty.channel.ChannelManager - Adding key: http://localhost:59437 for channel [id: 0x52c4c7a0, L:/127.0.0.1:63766 - R:localhost/127.0.0.1:59437]
21:25:26.489 [Forwarding getElementTagName on session 156b573c9e851b8ed8e9320eaae53528 to remote] DEBUG org.asynchttpclient.netty.request.NettyRequestSender - Using pooled Channel '[id: 0x52c4c7a0, L:/127.0.0.1:63766 - R:localhost/127.0.0.1:59437]' for 'GET' to 'http://localhost:59437/session/156b573c9e851b8ed8e9320eaae53528/element/ac4f450d-01db-4f89-9e98-df4d926eac77/name'
21:25:26.489 [Forwarding getElementTagName on session 156b573c9e851b8ed8e9320eaae53528 to remote] DEBUG org.asynchttpclient.netty.request.NettyRequestSender - Using open Channel [id: 0x52c4c7a0, L:/127.0.0.1:63766 - R:localhost/127.0.0.1:59437] for GET '/session/156b573c9e851b8ed8e9320eaae53528/element/ac4f450d-01db-4f89-9e98-df4d926eac77/name'
21:25:26.493 [AsyncHttpClient-1-8] DEBUG org.asynchttpclient.netty.handler.HttpHandler - 

Request DefaultFullHttpRequest(decodeResult: success, version: HTTP/1.1, content: EmptyByteBufBE)
GET /session/156b573c9e851b8ed8e9320eaae53528/element/ac4f450d-01db-4f89-9e98-df4d926eac77/name HTTP/1.1
User-Agent: selenium/4.1.2 (java windows)
Cache-Control: no-cache
Content-Type: application/json; charset=utf-8
host: localhost:59437
accept: */*

Response DefaultHttpResponse(decodeResult: success, version: HTTP/1.1)
HTTP/1.1 200 OK
Content-Type: application/json; charset=utf-8
cache-control: no-cache
content-length: 16

21:25:26.494 [AsyncHttpClient-1-8] DEBUG org.asynchttpclient.netty.channel.ChannelManager - Adding key: http://localhost:59437 for channel [id: 0x52c4c7a0, L:/127.0.0.1:63766 - R:localhost/127.0.0.1:59437]
21:25:26.497 [Forwarding findElement on session 156b573c9e851b8ed8e9320eaae53528 to remote] DEBUG org.asynchttpclient.netty.request.NettyRequestSender - Using pooled Channel '[id: 0x52c4c7a0, L:/127.0.0.1:63766 - R:localhost/127.0.0.1:59437]' for 'POST' to 'http://localhost:59437/session/156b573c9e851b8ed8e9320eaae53528/element'
21:25:26.497 [Forwarding findElement on session 156b573c9e851b8ed8e9320eaae53528 to remote] DEBUG org.asynchttpclient.netty.request.NettyRequestSender - Using open Channel [id: 0x52c4c7a0, L:/127.0.0.1:63766 - R:localhost/127.0.0.1:59437] for POST '/session/156b573c9e851b8ed8e9320eaae53528/element'
21:25:26.510 [AsyncHttpClient-1-8] DEBUG org.asynchttpclient.netty.handler.HttpHandler - 

Request DefaultHttpRequest(decodeResult: success, version: HTTP/1.1)
POST /session/156b573c9e851b8ed8e9320eaae53528/element HTTP/1.1
User-Agent: selenium/4.1.2 (java windows)
Content-Length: 85
Content-Type: application/json; charset=utf-8
host: localhost:59437
accept: */*

Response DefaultHttpResponse(decodeResult: success, version: HTTP/1.1)
HTTP/1.1 200 OK
Content-Type: application/json; charset=utf-8
cache-control: no-cache
content-length: 88

21:25:26.510 [AsyncHttpClient-1-8] DEBUG org.asynchttpclient.netty.channel.ChannelManager - Adding key: http://localhost:59437 for channel [id: 0x52c4c7a0, L:/127.0.0.1:63766 - R:localhost/127.0.0.1:59437]
21:25:26.512 [Forwarding clickElement on session 156b573c9e851b8ed8e9320eaae53528 to remote] DEBUG org.asynchttpclient.netty.request.NettyRequestSender - Using pooled Channel '[id: 0x52c4c7a0, L:/127.0.0.1:63766 - R:localhost/127.0.0.1:59437]' for 'POST' to 'http://localhost:59437/session/156b573c9e851b8ed8e9320eaae53528/element/ac4f450d-01db-4f89-9e98-df4d926eac77/click'
21:25:26.512 [Forwarding clickElement on session 156b573c9e851b8ed8e9320eaae53528 to remote] DEBUG org.asynchttpclient.netty.request.NettyRequestSender - Using open Channel [id: 0x52c4c7a0, L:/127.0.0.1:63766 - R:localhost/127.0.0.1:59437] for POST '/session/156b573c9e851b8ed8e9320eaae53528/element/ac4f450d-01db-4f89-9e98-df4d926eac77/click'
21:25:26.616 [AsyncHttpClient-1-8] DEBUG org.asynchttpclient.netty.handler.HttpHandler - 

Request DefaultHttpRequest(decodeResult: success, version: HTTP/1.1)
POST /session/156b573c9e851b8ed8e9320eaae53528/element/ac4f450d-01db-4f89-9e98-df4d926eac77/click HTTP/1.1
User-Agent: selenium/4.1.2 (java windows)
Content-Length: 50
Content-Type: application/json; charset=utf-8
host: localhost:59437
accept: */*

Response DefaultHttpResponse(decodeResult: success, version: HTTP/1.1)
HTTP/1.1 200 OK
Content-Type: application/json; charset=utf-8
cache-control: no-cache
content-length: 14

21:25:26.616 [AsyncHttpClient-1-8] DEBUG org.asynchttpclient.netty.channel.ChannelManager - Adding key: http://localhost:59437 for channel [id: 0x52c4c7a0, L:/127.0.0.1:63766 - R:localhost/127.0.0.1:59437]
  &amp#27;[32mAnd &amp#27;[0m&amp#27;[32mI buy one of the products&amp#27;[0m            &amp#27;[90m# starter.stepdefinitions.CartSteps.iBuyOneOfTheProducts()&amp#27;[0m
21:25:26.630 [Forwarding screenshot on session 156b573c9e851b8ed8e9320eaae53528 to remote] DEBUG org.asynchttpclient.netty.request.NettyRequestSender - Using pooled Channel '[id: 0x52c4c7a0, L:/127.0.0.1:63766 - R:localhost/127.0.0.1:59437]' for 'GET' to 'http://localhost:59437/session/156b573c9e851b8ed8e9320eaae53528/screenshot'
21:25:26.631 [Forwarding screenshot on session 156b573c9e851b8ed8e9320eaae53528 to remote] DEBUG org.asynchttpclient.netty.request.NettyRequestSender - Using open Channel [id: 0x52c4c7a0, L:/127.0.0.1:63766 - R:localhost/127.0.0.1:59437] for GET '/session/156b573c9e851b8ed8e9320eaae53528/screenshot'
21:25:26.759 [AsyncHttpClient-1-1] DEBUG org.asynchttpclient.netty.channel.DefaultChannelPool - Entry count for : http://localhost:63767 : 1
21:25:26.855 [AsyncHttpClient-1-8] DEBUG org.asynchttpclient.netty.handler.HttpHandler - 

Request DefaultFullHttpRequest(decodeResult: success, version: HTTP/1.1, content: EmptyByteBufBE)
GET /session/156b573c9e851b8ed8e9320eaae53528/screenshot HTTP/1.1
User-Agent: selenium/4.1.2 (java windows)
Cache-Control: no-cache
Content-Type: application/json; charset=utf-8
host: localhost:59437
accept: */*

Response DefaultHttpResponse(decodeResult: success, version: HTTP/1.1)
HTTP/1.1 200 OK
Content-Type: application/json; charset=utf-8
cache-control: no-cache
content-length: 77876

21:25:26.856 [AsyncHttpClient-1-8] DEBUG org.asynchttpclient.netty.channel.ChannelManager - Adding key: http://localhost:59437 for channel [id: 0x52c4c7a0, L:/127.0.0.1:63766 - R:localhost/127.0.0.1:59437]
21:25:26.862 [main] DEBUG net.serenitybdd.core.photography.Darkroom - Send negative for processing for target\site\serenity\0d99fd95b53c85c83a128b7e4bc77eb04e90db4af8b78ccd2ffaf4c676cbda82.png
21:25:26.862 [Darkroom Processing Line] DEBUG net.serenitybdd.core.photography.DarkroomProcessingLine - Processing screenshot image in /var/screenshots/screenshot-15114626105021102253
21:25:26.862 [Darkroom Processing Line] DEBUG net.serenitybdd.core.photography.DarkroomProcessingLine - Saving screenshot to target\site\serenity\0d99fd95b53c85c83a128b7e4bc77eb04e90db4af8b78ccd2ffaf4c676cbda82.png
21:25:26.886 [Forwarding findElement on session 156b573c9e851b8ed8e9320eaae53528 to remote] DEBUG org.asynchttpclient.netty.request.NettyRequestSender - Using pooled Channel '[id: 0x52c4c7a0, L:/127.0.0.1:63766 - R:localhost/127.0.0.1:59437]' for 'POST' to 'http://localhost:59437/session/156b573c9e851b8ed8e9320eaae53528/element'
21:25:26.886 [Forwarding findElement on session 156b573c9e851b8ed8e9320eaae53528 to remote] DEBUG org.asynchttpclient.netty.request.NettyRequestSender - Using open Channel [id: 0x52c4c7a0, L:/127.0.0.1:63766 - R:localhost/127.0.0.1:59437] for POST '/session/156b573c9e851b8ed8e9320eaae53528/element'
21:25:26.902 [AsyncHttpClient-1-8] DEBUG org.asynchttpclient.netty.handler.HttpHandler - 

Request DefaultHttpRequest(decodeResult: success, version: HTTP/1.1)
POST /session/156b573c9e851b8ed8e9320eaae53528/element HTTP/1.1
User-Agent: selenium/4.1.2 (java windows)
Content-Length: 88
Content-Type: application/json; charset=utf-8
host: localhost:59437
accept: */*

Response DefaultHttpResponse(decodeResult: success, version: HTTP/1.1)
HTTP/1.1 200 OK
Content-Type: application/json; charset=utf-8
cache-control: no-cache
content-length: 88

21:25:26.902 [AsyncHttpClient-1-8] DEBUG org.asynchttpclient.netty.channel.ChannelManager - Adding key: http://localhost:59437 for channel [id: 0x52c4c7a0, L:/127.0.0.1:63766 - R:localhost/127.0.0.1:59437]
21:25:26.908 [Forwarding getElementTagName on session 156b573c9e851b8ed8e9320eaae53528 to remote] DEBUG org.asynchttpclient.netty.request.NettyRequestSender - Using pooled Channel '[id: 0x52c4c7a0, L:/127.0.0.1:63766 - R:localhost/127.0.0.1:59437]' for 'GET' to 'http://localhost:59437/session/156b573c9e851b8ed8e9320eaae53528/element/099f7ba7-39ae-44e0-a7f3-57d8fa9a7743/name'
21:25:26.908 [Forwarding getElementTagName on session 156b573c9e851b8ed8e9320eaae53528 to remote] DEBUG org.asynchttpclient.netty.request.NettyRequestSender - Using open Channel [id: 0x52c4c7a0, L:/127.0.0.1:63766 - R:localhost/127.0.0.1:59437] for GET '/session/156b573c9e851b8ed8e9320eaae53528/element/099f7ba7-39ae-44e0-a7f3-57d8fa9a7743/name'
21:25:26.914 [AsyncHttpClient-1-8] DEBUG org.asynchttpclient.netty.handler.HttpHandler - 

Request DefaultFullHttpRequest(decodeResult: success, version: HTTP/1.1, content: EmptyByteBufBE)
GET /session/156b573c9e851b8ed8e9320eaae53528/element/099f7ba7-39ae-44e0-a7f3-57d8fa9a7743/name HTTP/1.1
User-Agent: selenium/4.1.2 (java windows)
Cache-Control: no-cache
Content-Type: application/json; charset=utf-8
host: localhost:59437
accept: */*

Response DefaultHttpResponse(decodeResult: success, version: HTTP/1.1)
HTTP/1.1 200 OK
Content-Type: application/json; charset=utf-8
cache-control: no-cache
content-length: 13

21:25:26.915 [AsyncHttpClient-1-8] DEBUG org.asynchttpclient.netty.channel.ChannelManager - Adding key: http://localhost:59437 for channel [id: 0x52c4c7a0, L:/127.0.0.1:63766 - R:localhost/127.0.0.1:59437]
21:25:26.917 [Forwarding getElementTagName on session 156b573c9e851b8ed8e9320eaae53528 to remote] DEBUG org.asynchttpclient.netty.request.NettyRequestSender - Using pooled Channel '[id: 0x52c4c7a0, L:/127.0.0.1:63766 - R:localhost/127.0.0.1:59437]' for 'GET' to 'http://localhost:59437/session/156b573c9e851b8ed8e9320eaae53528/element/099f7ba7-39ae-44e0-a7f3-57d8fa9a7743/name'
21:25:26.917 [Forwarding getElementTagName on session 156b573c9e851b8ed8e9320eaae53528 to remote] DEBUG org.asynchttpclient.netty.request.NettyRequestSender - Using open Channel [id: 0x52c4c7a0, L:/127.0.0.1:63766 - R:localhost/127.0.0.1:59437] for GET '/session/156b573c9e851b8ed8e9320eaae53528/element/099f7ba7-39ae-44e0-a7f3-57d8fa9a7743/name'
21:25:26.934 [AsyncHttpClient-1-8] DEBUG org.asynchttpclient.netty.handler.HttpHandler - 

Request DefaultFullHttpRequest(decodeResult: success, version: HTTP/1.1, content: EmptyByteBufBE)
GET /session/156b573c9e851b8ed8e9320eaae53528/element/099f7ba7-39ae-44e0-a7f3-57d8fa9a7743/name HTTP/1.1
User-Agent: selenium/4.1.2 (java windows)
Cache-Control: no-cache
Content-Type: application/json; charset=utf-8
host: localhost:59437
accept: */*

Response DefaultHttpResponse(decodeResult: success, version: HTTP/1.1)
HTTP/1.1 200 OK
Content-Type: application/json; charset=utf-8
cache-control: no-cache
content-length: 13

21:25:26.934 [AsyncHttpClient-1-8] DEBUG org.asynchttpclient.netty.channel.ChannelManager - Adding key: http://localhost:59437 for channel [id: 0x52c4c7a0, L:/127.0.0.1:63766 - R:localhost/127.0.0.1:59437]
21:25:26.940 [Forwarding findElement on session 156b573c9e851b8ed8e9320eaae53528 to remote] DEBUG org.asynchttpclient.netty.request.NettyRequestSender - Using pooled Channel '[id: 0x52c4c7a0, L:/127.0.0.1:63766 - R:localhost/127.0.0.1:59437]' for 'POST' to 'http://localhost:59437/session/156b573c9e851b8ed8e9320eaae53528/element'
21:25:26.941 [Forwarding findElement on session 156b573c9e851b8ed8e9320eaae53528 to remote] DEBUG org.asynchttpclient.netty.request.NettyRequestSender - Using open Channel [id: 0x52c4c7a0, L:/127.0.0.1:63766 - R:localhost/127.0.0.1:59437] for POST '/session/156b573c9e851b8ed8e9320eaae53528/element'
21:25:26.957 [AsyncHttpClient-1-8] DEBUG org.asynchttpclient.netty.handler.HttpHandler - 

Request DefaultHttpRequest(decodeResult: success, version: HTTP/1.1)
POST /session/156b573c9e851b8ed8e9320eaae53528/element HTTP/1.1
User-Agent: selenium/4.1.2 (java windows)
Content-Length: 88
Content-Type: application/json; charset=utf-8
host: localhost:59437
accept: */*

Response DefaultHttpResponse(decodeResult: success, version: HTTP/1.1)
HTTP/1.1 200 OK
Content-Type: application/json; charset=utf-8
cache-control: no-cache
content-length: 88

21:25:26.957 [AsyncHttpClient-1-8] DEBUG org.asynchttpclient.netty.channel.ChannelManager - Adding key: http://localhost:59437 for channel [id: 0x52c4c7a0, L:/127.0.0.1:63766 - R:localhost/127.0.0.1:59437]
21:25:26.960 [Forwarding clickElement on session 156b573c9e851b8ed8e9320eaae53528 to remote] DEBUG org.asynchttpclient.netty.request.NettyRequestSender - Using pooled Channel '[id: 0x52c4c7a0, L:/127.0.0.1:63766 - R:localhost/127.0.0.1:59437]' for 'POST' to 'http://localhost:59437/session/156b573c9e851b8ed8e9320eaae53528/element/099f7ba7-39ae-44e0-a7f3-57d8fa9a7743/click'
21:25:26.960 [Forwarding clickElement on session 156b573c9e851b8ed8e9320eaae53528 to remote] DEBUG org.asynchttpclient.netty.request.NettyRequestSender - Using open Channel [id: 0x52c4c7a0, L:/127.0.0.1:63766 - R:localhost/127.0.0.1:59437] for POST '/session/156b573c9e851b8ed8e9320eaae53528/element/099f7ba7-39ae-44e0-a7f3-57d8fa9a7743/click'
21:25:27.017 [AsyncHttpClient-1-8] DEBUG org.asynchttpclient.netty.handler.HttpHandler - 

Request DefaultHttpRequest(decodeResult: success, version: HTTP/1.1)
POST /session/156b573c9e851b8ed8e9320eaae53528/element/099f7ba7-39ae-44e0-a7f3-57d8fa9a7743/click HTTP/1.1
User-Agent: selenium/4.1.2 (java windows)
Content-Length: 50
Content-Type: application/json; charset=utf-8
host: localhost:59437
accept: */*

Response DefaultHttpResponse(decodeResult: success, version: HTTP/1.1)
HTTP/1.1 200 OK
Content-Type: application/json; charset=utf-8
cache-control: no-cache
content-length: 14

21:25:27.017 [AsyncHttpClient-1-8] DEBUG org.asynchttpclient.netty.channel.ChannelManager - Adding key: http://localhost:59437 for channel [id: 0x52c4c7a0, L:/127.0.0.1:63766 - R:localhost/127.0.0.1:59437]
  &amp#27;[32mWhen &amp#27;[0m&amp#27;[32mI open cart page&amp#27;[0m                    &amp#27;[90m# starter.stepdefinitions.CartSteps.iOpenCartPage()&amp#27;[0m
21:25:27.033 [Forwarding screenshot on session 156b573c9e851b8ed8e9320eaae53528 to remote] DEBUG org.asynchttpclient.netty.request.NettyRequestSender - Using pooled Channel '[id: 0x52c4c7a0, L:/127.0.0.1:63766 - R:localhost/127.0.0.1:59437]' for 'GET' to 'http://localhost:59437/session/156b573c9e851b8ed8e9320eaae53528/screenshot'
21:25:27.033 [Forwarding screenshot on session 156b573c9e851b8ed8e9320eaae53528 to remote] DEBUG org.asynchttpclient.netty.request.NettyRequestSender - Using open Channel [id: 0x52c4c7a0, L:/127.0.0.1:63766 - R:localhost/127.0.0.1:59437] for GET '/session/156b573c9e851b8ed8e9320eaae53528/screenshot'
21:25:27.615 [AsyncHttpClient-1-8] DEBUG org.asynchttpclient.netty.handler.HttpHandler - 

Request DefaultFullHttpRequest(decodeResult: success, version: HTTP/1.1, content: EmptyByteBufBE)
GET /session/156b573c9e851b8ed8e9320eaae53528/screenshot HTTP/1.1
User-Agent: selenium/4.1.2 (java windows)
Cache-Control: no-cache
Content-Type: application/json; charset=utf-8
host: localhost:59437
accept: */*

Response DefaultHttpResponse(decodeResult: success, version: HTTP/1.1)
HTTP/1.1 200 OK
Content-Type: application/json; charset=utf-8
cache-control: no-cache
content-length: 47328

21:25:27.616 [AsyncHttpClient-1-8] DEBUG org.asynchttpclient.netty.channel.ChannelManager - Adding key: http://localhost:59437 for channel [id: 0x52c4c7a0, L:/127.0.0.1:63766 - R:localhost/127.0.0.1:59437]
21:25:27.622 [main] DEBUG net.serenitybdd.core.photography.Darkroom - Send negative for processing for target\site\serenity\2c5193bd589634ae78037958a369fc4b6bea117810468deb1b803e3dd792b92b.png
21:25:27.623 [Darkroom Processing Line] DEBUG net.serenitybdd.core.photography.DarkroomProcessingLine - Processing screenshot image in /var/screenshots/screenshot-93752173362836895
21:25:27.623 [Darkroom Processing Line] DEBUG net.serenitybdd.core.photography.DarkroomProcessingLine - Saving screenshot to target\site\serenity\2c5193bd589634ae78037958a369fc4b6bea117810468deb1b803e3dd792b92b.png
21:25:27.636 [Forwarding findElement on session 156b573c9e851b8ed8e9320eaae53528 to remote] DEBUG org.asynchttpclient.netty.request.NettyRequestSender - Using pooled Channel '[id: 0x52c4c7a0, L:/127.0.0.1:63766 - R:localhost/127.0.0.1:59437]' for 'POST' to 'http://localhost:59437/session/156b573c9e851b8ed8e9320eaae53528/element'
21:25:27.636 [Forwarding findElement on session 156b573c9e851b8ed8e9320eaae53528 to remote] DEBUG org.asynchttpclient.netty.request.NettyRequestSender - Using open Channel [id: 0x52c4c7a0, L:/127.0.0.1:63766 - R:localhost/127.0.0.1:59437] for POST '/session/156b573c9e851b8ed8e9320eaae53528/element'
21:25:27.653 [AsyncHttpClient-1-8] DEBUG org.asynchttpclient.netty.handler.HttpHandler - 

Request DefaultHttpRequest(decodeResult: success, version: HTTP/1.1)
POST /session/156b573c9e851b8ed8e9320eaae53528/element HTTP/1.1
User-Agent: selenium/4.1.2 (java windows)
Content-Length: 77
Content-Type: application/json; charset=utf-8
host: localhost:59437
accept: */*

Response DefaultHttpResponse(decodeResult: success, version: HTTP/1.1)
HTTP/1.1 200 OK
Content-Type: application/json; charset=utf-8
cache-control: no-cache
content-length: 88

21:25:27.653 [AsyncHttpClient-1-8] DEBUG org.asynchttpclient.netty.channel.ChannelManager - Adding key: http://localhost:59437 for channel [id: 0x52c4c7a0, L:/127.0.0.1:63766 - R:localhost/127.0.0.1:59437]
21:25:27.657 [Forwarding getElementTagName on session 156b573c9e851b8ed8e9320eaae53528 to remote] DEBUG org.asynchttpclient.netty.request.NettyRequestSender - Using pooled Channel '[id: 0x52c4c7a0, L:/127.0.0.1:63766 - R:localhost/127.0.0.1:59437]' for 'GET' to 'http://localhost:59437/session/156b573c9e851b8ed8e9320eaae53528/element/209ad316-14f4-4f51-813b-be0186767844/name'
21:25:27.657 [Forwarding getElementTagName on session 156b573c9e851b8ed8e9320eaae53528 to remote] DEBUG org.asynchttpclient.netty.request.NettyRequestSender - Using open Channel [id: 0x52c4c7a0, L:/127.0.0.1:63766 - R:localhost/127.0.0.1:59437] for GET '/session/156b573c9e851b8ed8e9320eaae53528/element/209ad316-14f4-4f51-813b-be0186767844/name'
21:25:27.662 [AsyncHttpClient-1-8] DEBUG org.asynchttpclient.netty.handler.HttpHandler - 

Request DefaultFullHttpRequest(decodeResult: success, version: HTTP/1.1, content: EmptyByteBufBE)
GET /session/156b573c9e851b8ed8e9320eaae53528/element/209ad316-14f4-4f51-813b-be0186767844/name HTTP/1.1
User-Agent: selenium/4.1.2 (java windows)
Cache-Control: no-cache
Content-Type: application/json; charset=utf-8
host: localhost:59437
accept: */*

Response DefaultHttpResponse(decodeResult: success, version: HTTP/1.1)
HTTP/1.1 200 OK
Content-Type: application/json; charset=utf-8
cache-control: no-cache
content-length: 16

21:25:27.662 [AsyncHttpClient-1-8] DEBUG org.asynchttpclient.netty.channel.ChannelManager - Adding key: http://localhost:59437 for channel [id: 0x52c4c7a0, L:/127.0.0.1:63766 - R:localhost/127.0.0.1:59437]
21:25:27.665 [Forwarding getElementTagName on session 156b573c9e851b8ed8e9320eaae53528 to remote] DEBUG org.asynchttpclient.netty.request.NettyRequestSender - Using pooled Channel '[id: 0x52c4c7a0, L:/127.0.0.1:63766 - R:localhost/127.0.0.1:59437]' for 'GET' to 'http://localhost:59437/session/156b573c9e851b8ed8e9320eaae53528/element/209ad316-14f4-4f51-813b-be0186767844/name'
21:25:27.665 [Forwarding getElementTagName on session 156b573c9e851b8ed8e9320eaae53528 to remote] DEBUG org.asynchttpclient.netty.request.NettyRequestSender - Using open Channel [id: 0x52c4c7a0, L:/127.0.0.1:63766 - R:localhost/127.0.0.1:59437] for GET '/session/156b573c9e851b8ed8e9320eaae53528/element/209ad316-14f4-4f51-813b-be0186767844/name'
21:25:27.670 [AsyncHttpClient-1-8] DEBUG org.asynchttpclient.netty.handler.HttpHandler - 

Request DefaultFullHttpRequest(decodeResult: success, version: HTTP/1.1, content: EmptyByteBufBE)
GET /session/156b573c9e851b8ed8e9320eaae53528/element/209ad316-14f4-4f51-813b-be0186767844/name HTTP/1.1
User-Agent: selenium/4.1.2 (java windows)
Cache-Control: no-cache
Content-Type: application/json; charset=utf-8
host: localhost:59437
accept: */*

Response DefaultHttpResponse(decodeResult: success, version: HTTP/1.1)
HTTP/1.1 200 OK
Content-Type: application/json; charset=utf-8
cache-control: no-cache
content-length: 16

21:25:27.670 [AsyncHttpClient-1-8] DEBUG org.asynchttpclient.netty.channel.ChannelManager - Adding key: http://localhost:59437 for channel [id: 0x52c4c7a0, L:/127.0.0.1:63766 - R:localhost/127.0.0.1:59437]
21:25:27.675 [Forwarding findElement on session 156b573c9e851b8ed8e9320eaae53528 to remote] DEBUG org.asynchttpclient.netty.request.NettyRequestSender - Using pooled Channel '[id: 0x52c4c7a0, L:/127.0.0.1:63766 - R:localhost/127.0.0.1:59437]' for 'POST' to 'http://localhost:59437/session/156b573c9e851b8ed8e9320eaae53528/element'
21:25:27.675 [Forwarding findElement on session 156b573c9e851b8ed8e9320eaae53528 to remote] DEBUG org.asynchttpclient.netty.request.NettyRequestSender - Using open Channel [id: 0x52c4c7a0, L:/127.0.0.1:63766 - R:localhost/127.0.0.1:59437] for POST '/session/156b573c9e851b8ed8e9320eaae53528/element'
21:25:27.685 [AsyncHttpClient-1-8] DEBUG org.asynchttpclient.netty.handler.HttpHandler - 

Request DefaultHttpRequest(decodeResult: success, version: HTTP/1.1)
POST /session/156b573c9e851b8ed8e9320eaae53528/element HTTP/1.1
User-Agent: selenium/4.1.2 (java windows)
Content-Length: 77
Content-Type: application/json; charset=utf-8
host: localhost:59437
accept: */*

Response DefaultHttpResponse(decodeResult: success, version: HTTP/1.1)
HTTP/1.1 200 OK
Content-Type: application/json; charset=utf-8
cache-control: no-cache
content-length: 88

21:25:27.686 [AsyncHttpClient-1-8] DEBUG org.asynchttpclient.netty.channel.ChannelManager - Adding key: http://localhost:59437 for channel [id: 0x52c4c7a0, L:/127.0.0.1:63766 - R:localhost/127.0.0.1:59437]
21:25:27.689 [Forwarding clickElement on session 156b573c9e851b8ed8e9320eaae53528 to remote] DEBUG org.asynchttpclient.netty.request.NettyRequestSender - Using pooled Channel '[id: 0x52c4c7a0, L:/127.0.0.1:63766 - R:localhost/127.0.0.1:59437]' for 'POST' to 'http://localhost:59437/session/156b573c9e851b8ed8e9320eaae53528/element/209ad316-14f4-4f51-813b-be0186767844/click'
21:25:27.689 [Forwarding clickElement on session 156b573c9e851b8ed8e9320eaae53528 to remote] DEBUG org.asynchttpclient.netty.request.NettyRequestSender - Using open Channel [id: 0x52c4c7a0, L:/127.0.0.1:63766 - R:localhost/127.0.0.1:59437] for POST '/session/156b573c9e851b8ed8e9320eaae53528/element/209ad316-14f4-4f51-813b-be0186767844/click'
21:25:27.749 [AsyncHttpClient-1-8] DEBUG org.asynchttpclient.netty.handler.HttpHandler - 

Request DefaultHttpRequest(decodeResult: success, version: HTTP/1.1)
POST /session/156b573c9e851b8ed8e9320eaae53528/element/209ad316-14f4-4f51-813b-be0186767844/click HTTP/1.1
User-Agent: selenium/4.1.2 (java windows)
Content-Length: 50
Content-Type: application/json; charset=utf-8
host: localhost:59437
accept: */*

Response DefaultHttpResponse(decodeResult: success, version: HTTP/1.1)
HTTP/1.1 200 OK
Content-Type: application/json; charset=utf-8
cache-control: no-cache
content-length: 14

21:25:27.750 [AsyncHttpClient-1-8] DEBUG org.asynchttpclient.netty.channel.ChannelManager - Adding key: http://localhost:59437 for channel [id: 0x52c4c7a0, L:/127.0.0.1:63766 - R:localhost/127.0.0.1:59437]
  &amp#27;[32mAnd &amp#27;[0m&amp#27;[32mI click minus logo&amp#27;[0m                   &amp#27;[90m# starter.stepdefinitions.CartSteps.iClickMinusLogo()&amp#27;[0m
21:25:27.763 [Forwarding screenshot on session 156b573c9e851b8ed8e9320eaae53528 to remote] DEBUG org.asynchttpclient.netty.request.NettyRequestSender - Using pooled Channel '[id: 0x52c4c7a0, L:/127.0.0.1:63766 - R:localhost/127.0.0.1:59437]' for 'GET' to 'http://localhost:59437/session/156b573c9e851b8ed8e9320eaae53528/screenshot'
21:25:27.763 [Forwarding screenshot on session 156b573c9e851b8ed8e9320eaae53528 to remote] DEBUG org.asynchttpclient.netty.request.NettyRequestSender - Using open Channel [id: 0x52c4c7a0, L:/127.0.0.1:63766 - R:localhost/127.0.0.1:59437] for GET '/session/156b573c9e851b8ed8e9320eaae53528/screenshot'
21:25:27.850 [AsyncHttpClient-1-1] DEBUG org.asynchttpclient.netty.channel.DefaultChannelPool - Entry count for : http://localhost:63767 : 1
21:25:28.094 [AsyncHttpClient-1-8] DEBUG org.asynchttpclient.netty.handler.HttpHandler - 

Request DefaultFullHttpRequest(decodeResult: success, version: HTTP/1.1, content: EmptyByteBufBE)
GET /session/156b573c9e851b8ed8e9320eaae53528/screenshot HTTP/1.1
User-Agent: selenium/4.1.2 (java windows)
Cache-Control: no-cache
Content-Type: application/json; charset=utf-8
host: localhost:59437
accept: */*

Response DefaultHttpResponse(decodeResult: success, version: HTTP/1.1)
HTTP/1.1 200 OK
Content-Type: application/json; charset=utf-8
cache-control: no-cache
content-length: 26412

21:25:28.094 [AsyncHttpClient-1-8] DEBUG org.asynchttpclient.netty.channel.ChannelManager - Adding key: http://localhost:59437 for channel [id: 0x52c4c7a0, L:/127.0.0.1:63766 - R:localhost/127.0.0.1:59437]
21:25:28.097 [main] DEBUG net.serenitybdd.core.photography.Darkroom - Send negative for processing for target\site\serenity\fae90a6d9eb9639c440ce366ebc3f8048c328c39fa50b457a02657175220b8b4.png
21:25:28.098 [Darkroom Processing Line] DEBUG net.serenitybdd.core.photography.DarkroomProcessingLine - Processing screenshot image in /var/screenshots/screenshot-9038928197043448743
21:25:28.098 [Darkroom Processing Line] DEBUG net.serenitybdd.core.photography.DarkroomProcessingLine - Saving screenshot to target\site\serenity\fae90a6d9eb9639c440ce366ebc3f8048c328c39fa50b457a02657175220b8b4.png
21:25:28.113 [Forwarding findElement on session 156b573c9e851b8ed8e9320eaae53528 to remote] DEBUG org.asynchttpclient.netty.request.NettyRequestSender - Using pooled Channel '[id: 0x52c4c7a0, L:/127.0.0.1:63766 - R:localhost/127.0.0.1:59437]' for 'POST' to 'http://localhost:59437/session/156b573c9e851b8ed8e9320eaae53528/element'
21:25:28.113 [Forwarding findElement on session 156b573c9e851b8ed8e9320eaae53528 to remote] DEBUG org.asynchttpclient.netty.request.NettyRequestSender - Using open Channel [id: 0x52c4c7a0, L:/127.0.0.1:63766 - R:localhost/127.0.0.1:59437] for POST '/session/156b573c9e851b8ed8e9320eaae53528/element'
21:25:28.131 [AsyncHttpClient-1-8] DEBUG org.asynchttpclient.netty.handler.HttpHandler - 

Request DefaultHttpRequest(decodeResult: success, version: HTTP/1.1)
POST /session/156b573c9e851b8ed8e9320eaae53528/element HTTP/1.1
User-Agent: selenium/4.1.2 (java windows)
Content-Length: 89
Content-Type: application/json; charset=utf-8
host: localhost:59437
accept: */*

Response DefaultHttpResponse(decodeResult: success, version: HTTP/1.1)
HTTP/1.1 200 OK
Content-Type: application/json; charset=utf-8
cache-control: no-cache
content-length: 88

21:25:28.131 [AsyncHttpClient-1-8] DEBUG org.asynchttpclient.netty.channel.ChannelManager - Adding key: http://localhost:59437 for channel [id: 0x52c4c7a0, L:/127.0.0.1:63766 - R:localhost/127.0.0.1:59437]
21:25:28.137 [Forwarding isElementDisplayed on session 156b573c9e851b8ed8e9320eaae53528 to remote] DEBUG org.asynchttpclient.netty.request.NettyRequestSender - Using pooled Channel '[id: 0x52c4c7a0, L:/127.0.0.1:63766 - R:localhost/127.0.0.1:59437]' for 'POST' to 'http://localhost:59437/session/156b573c9e851b8ed8e9320eaae53528/execute/sync'
21:25:28.137 [Forwarding isElementDisplayed on session 156b573c9e851b8ed8e9320eaae53528 to remote] DEBUG org.asynchttpclient.netty.request.NettyRequestSender - Using open Channel [id: 0x52c4c7a0, L:/127.0.0.1:63766 - R:localhost/127.0.0.1:59437] for POST '/session/156b573c9e851b8ed8e9320eaae53528/execute/sync'
21:25:28.156 [AsyncHttpClient-1-8] DEBUG org.asynchttpclient.netty.handler.HttpHandler - 

Request DefaultHttpRequest(decodeResult: success, version: HTTP/1.1)
POST /session/156b573c9e851b8ed8e9320eaae53528/execute/sync HTTP/1.1
User-Agent: selenium/4.1.2 (java windows)
Content-Length: 48780
Content-Type: application/json; charset=utf-8
host: localhost:59437
accept: */*

Response DefaultHttpResponse(decodeResult: success, version: HTTP/1.1)
HTTP/1.1 200 OK
Content-Type: application/json; charset=utf-8
cache-control: no-cache
content-length: 14

21:25:28.156 [AsyncHttpClient-1-8] DEBUG org.asynchttpclient.netty.channel.ChannelManager - Adding key: http://localhost:59437 for channel [id: 0x52c4c7a0, L:/127.0.0.1:63766 - R:localhost/127.0.0.1:59437]
  &amp#27;[32mThen &amp#27;[0m&amp#27;[32mThe product is deleted from my cart&amp#27;[0m &amp#27;[90m# starter.stepdefinitions.CartSteps.theProductIsDeletedFromMyCart()&amp#27;[0m
21:25:28.167 [Forwarding screenshot on session 156b573c9e851b8ed8e9320eaae53528 to remote] DEBUG org.asynchttpclient.netty.request.NettyRequestSender - Using pooled Channel '[id: 0x52c4c7a0, L:/127.0.0.1:63766 - R:localhost/127.0.0.1:59437]' for 'GET' to 'http://localhost:59437/session/156b573c9e851b8ed8e9320eaae53528/screenshot'
21:25:28.167 [Forwarding screenshot on session 156b573c9e851b8ed8e9320eaae53528 to remote] DEBUG org.asynchttpclient.netty.request.NettyRequestSender - Using open Channel [id: 0x52c4c7a0, L:/127.0.0.1:63766 - R:localhost/127.0.0.1:59437] for GET '/session/156b573c9e851b8ed8e9320eaae53528/screenshot'
21:25:28.359 [AsyncHttpClient-1-8] DEBUG org.asynchttpclient.netty.handler.HttpHandler - 

Request DefaultFullHttpRequest(decodeResult: success, version: HTTP/1.1, content: EmptyByteBufBE)
GET /session/156b573c9e851b8ed8e9320eaae53528/screenshot HTTP/1.1
User-Agent: selenium/4.1.2 (java windows)
Cache-Control: no-cache
Content-Type: application/json; charset=utf-8
host: localhost:59437
accept: */*

Response DefaultHttpResponse(decodeResult: success, version: HTTP/1.1)
HTTP/1.1 200 OK
Content-Type: application/json; charset=utf-8
cache-control: no-cache
content-length: 26392

21:25:28.360 [AsyncHttpClient-1-8] DEBUG org.asynchttpclient.netty.channel.ChannelManager - Adding key: http://localhost:59437 for channel [id: 0x52c4c7a0, L:/127.0.0.1:63766 - R:localhost/127.0.0.1:59437]
21:25:28.362 [main] DEBUG net.serenitybdd.core.photography.Darkroom - Send negative for processing for target\site\serenity\e4fef15195a022b196c355ed7e36381d0a50a77a474d2ff091777bfde7161c7e.png
21:25:28.363 [Darkroom Processing Line] DEBUG net.serenitybdd.core.photography.DarkroomProcessingLine - Processing screenshot image in /var/screenshots/screenshot-16741956076581805636
21:25:28.363 [Darkroom Processing Line] DEBUG net.serenitybdd.core.photography.DarkroomProcessingLine - Saving screenshot to target\site\serenity\e4fef15195a022b196c355ed7e36381d0a50a77a474d2ff091777bfde7161c7e.png
21:25:28.364 [main] INFO  - 
  _____   ___   ___   _____     ___     _     ___   ___   ___   ___  
 |_   _| | __| / __| |_   _|   | _ \   /_\   / __| / __| | __| |   \ 
   | |   | _|  \__ \   | |     |  _/  / _ \  \__ \ \__ \ | _|  | |) |
   |_|   |___| |___/   |_|     |_|   /_/ \_\ |___/ |___/ |___| |___/ 

Delete Product From Cart
----------------------------------------------------------------------
21:25:28.366 [AsyncHttpClient-1-10] DEBUG org.asynchttpclient.netty.handler.WebSocketHandler - Channel Closed: [id: 0xc734aae2, L:/127.0.0.1:63775 ! R:localhost/127.0.0.1:63767] with attribute NettyResponseFuture{currentRetry=5,
	isDone=1,
	isCancelled=0,
	asyncHandler=org.asynchttpclient.ws.WebSocketUpgradeHandler@1b30dce6,
	nettyRequest=org.asynchttpclient.netty.request.NettyRequest@5e3251e4,
	future=java.util.concurrent.CompletableFuture@a9229b3[Completed normally],
	uri=ws://localhost:63767/devtools/browser/10291b5d-746f-41a0-b3be-fb27a71bc279,
	keepAlive=true,
	redirectCount=0,
	timeoutsHolder=null,
	inAuth=0,
	touch=1667571922331}
21:25:28.366 [AsyncHttpClient-1-10] DEBUG org.asynchttpclient.netty.channel.ChannelManager - Closing Channel [id: 0xc734aae2, L:/127.0.0.1:63775 ! R:localhost/127.0.0.1:63767] 
21:25:28.366 [Driver Command Executor] DEBUG org.asynchttpclient.netty.request.NettyRequestSender - Using pooled Channel '[id: 0x52c4c7a0, L:/127.0.0.1:63766 - R:localhost/127.0.0.1:59437]' for 'DELETE' to 'http://localhost:59437/session/156b573c9e851b8ed8e9320eaae53528'
21:25:28.366 [Driver Command Executor] DEBUG org.asynchttpclient.netty.request.NettyRequestSender - Using open Channel [id: 0x52c4c7a0, L:/127.0.0.1:63766 - R:localhost/127.0.0.1:59437] for DELETE '/session/156b573c9e851b8ed8e9320eaae53528'
21:25:28.531 [AsyncHttpClient-1-9] DEBUG org.asynchttpclient.netty.handler.HttpHandler - Unexpected I/O exception on channel [id: 0x7bfde44d, L:/127.0.0.1:63774 - R:localhost/127.0.0.1:63767]
java.net.SocketException: Connection reset
	at java.base/sun.nio.ch.SocketChannelImpl.throwConnectionReset(SocketChannelImpl.java:345)
	at java.base/sun.nio.ch.SocketChannelImpl.read(SocketChannelImpl.java:376)
	at io.netty.buffer.PooledByteBuf.setBytes(PooledByteBuf.java:258)
	at io.netty.buffer.AbstractByteBuf.writeBytes(AbstractByteBuf.java:1132)
	at io.netty.channel.socket.nio.NioSocketChannel.doReadBytes(NioSocketChannel.java:350)
	at io.netty.channel.nio.AbstractNioByteChannel$NioByteUnsafe.read(AbstractNioByteChannel.java:151)
	at io.netty.channel.nio.NioEventLoop.processSelectedKey(NioEventLoop.java:722)
	at io.netty.channel.nio.NioEventLoop.processSelectedKeysOptimized(NioEventLoop.java:658)
	at io.netty.channel.nio.NioEventLoop.processSelectedKeys(NioEventLoop.java:584)
	at io.netty.channel.nio.NioEventLoop.run(NioEventLoop.java:496)
	at io.netty.util.concurrent.SingleThreadEventExecutor$4.run(SingleThreadEventExecutor.java:986)
	at io.netty.util.internal.ThreadExecutorMap$2.run(ThreadExecutorMap.java:74)
	at io.netty.util.concurrent.FastThreadLocalRunnable.run(FastThreadLocalRunnable.java:30)
	at java.base/java.lang.Thread.run(Thread.java:830)
21:25:28.531 [AsyncHttpClient-1-9] DEBUG org.asynchttpclient.netty.channel.ChannelManager - Closing Channel [id: 0x7bfde44d, L:/127.0.0.1:63774 - R:localhost/127.0.0.1:63767] 
21:25:28.532 [AsyncHttpClient-1-9] DEBUG org.asynchttpclient.netty.handler.HttpHandler - Channel Closed: [id: 0x7bfde44d, L:/127.0.0.1:63774 ! R:localhost/127.0.0.1:63767] with attribute DISCARD
21:25:28.566 [AsyncHttpClient-1-8] DEBUG org.asynchttpclient.netty.handler.HttpHandler - 

Request DefaultFullHttpRequest(decodeResult: success, version: HTTP/1.1, content: EmptyByteBufBE)
DELETE /session/156b573c9e851b8ed8e9320eaae53528 HTTP/1.1
User-Agent: selenium/4.1.2 (java windows)
Content-Type: application/json; charset=utf-8
host: localhost:59437
accept: */*

Response DefaultHttpResponse(decodeResult: success, version: HTTP/1.1)
HTTP/1.1 200 OK
Content-Type: application/json; charset=utf-8
cache-control: no-cache
content-length: 14

21:25:28.567 [AsyncHttpClient-1-8] DEBUG org.asynchttpclient.netty.channel.ChannelManager - Adding key: http://localhost:59437 for channel [id: 0x52c4c7a0, L:/127.0.0.1:63766 - R:localhost/127.0.0.1:59437]
21:25:28.647 [AsyncHttpClient-1-8] DEBUG org.asynchttpclient.netty.handler.HttpHandler - Channel Closed: [id: 0x52c4c7a0, L:/127.0.0.1:63766 ! R:localhost/127.0.0.1:59437] with attribute DISCARD
21:25:28.950 [AsyncHttpClient-1-1] DEBUG org.asynchttpclient.netty.channel.DefaultChannelPool - Entry count for : http://localhost:63767 : 1
21:25:28.950 [AsyncHttpClient-1-1] DEBUG org.asynchttpclient.netty.channel.DefaultChannelPool - Entry count for : http://localhost:59437 : 1
21:25:28.950 [AsyncHttpClient-1-1] DEBUG org.asynchttpclient.netty.channel.DefaultChannelPool - Adding Candidate expired Channel [id: 0x7bfde44d, L:/127.0.0.1:63774 ! R:localhost/127.0.0.1:63767] isIdleTimeoutExpired=false isRemotelyClosed=true isTtlExpired=false
21:25:28.950 [AsyncHttpClient-1-1] DEBUG org.asynchttpclient.netty.channel.DefaultChannelPool - Closing Idle Channel [id: 0x7bfde44d, L:/127.0.0.1:63774 ! R:localhost/127.0.0.1:63767]
21:25:28.950 [AsyncHttpClient-1-1] DEBUG org.asynchttpclient.netty.channel.DefaultChannelPool - Adding Candidate expired Channel [id: 0x52c4c7a0, L:/127.0.0.1:63766 ! R:localhost/127.0.0.1:59437] isIdleTimeoutExpired=false isRemotelyClosed=true isTtlExpired=false
21:25:28.950 [AsyncHttpClient-1-1] DEBUG org.asynchttpclient.netty.channel.DefaultChannelPool - Closing Idle Channel [id: 0x52c4c7a0, L:/127.0.0.1:63766 ! R:localhost/127.0.0.1:59437]
21:25:28.950 [AsyncHttpClient-1-1] DEBUG org.asynchttpclient.netty.channel.DefaultChannelPool - Closed 2 connections out of 2 in 0 ms
]]></system-out>
    <system-err><![CDATA[Starting ChromeDriver 106.0.5249.61 (511755355844955cd3e264779baf0dd38212a4d0-refs/branch-heads/5249@{#569}) on port 59437
Only local connections are allowed.
Please see https://chromedriver.chromium.org/security-considerations for suggestions on keeping ChromeDriver safe.
ChromeDriver was started successfully.
[1667571922.091][WARNING]: This version of ChromeDriver has not been tested with Chrome version 107.
Nov 04, 2022 9:25:22 PM org.openqa.selenium.remote.ProtocolHandshake createSession
INFO: Detected dialect: W3C
Nov 04, 2022 9:25:22 PM org.openqa.selenium.devtools.CdpVersionFinder findNearestMatch
WARNING: Unable to find an exact match for CDP version 107, so returning the closest version found: a no-op implementation
Nov 04, 2022 9:25:22 PM org.openqa.selenium.devtools.CdpVersionFinder findNearestMatch
INFO: Unable to find CDP implementation matching 107.
Nov 04, 2022 9:25:22 PM org.openqa.selenium.chromium.ChromiumDriver lambda$new$3
WARNING: Unable to find version of CDP to use for . You may need to include a dependency on a specific version of the CDP using something similar to `org.seleniumhq.selenium:selenium-devtools-v86:4.1.2` where the version ("v86") matches the version of the chromium-based browser you're using and the version number of the artifact is the same as Selenium's.
]]></system-err>
  </testcase>
  <testcase name="Add Product Quantity" classname="Manage Cart" time="9.353">
    <system-out><![CDATA[
@Cart
Scenario: Add Product Quantity          &amp#27;[90m# src/test/resources/features/Cart.feature:26&amp#27;[0m
21:25:29.191 [main] INFO io.cucumber.core.plugin.SerenityReporter - Running feature from file:///C:/Users/ASUS/Desktop/stupen/miniproject/Web/ASWeb/src/test/resources/features/Cart.feature
21:25:29.194 [main] INFO  - 
  _____   ___   ___   _____     ___   _____     _     ___   _____   ___   ___  
 |_   _| | __| / __| |_   _|   / __| |_   _|   /_\   | _ \ |_   _| | __| |   \ 
   | |   | _|  \__ \   | |     \__ \   | |    / _ \  |   /   | |   | _|  | |) |
   |_|   |___| |___/   |_|     |___/   |_|   /_/ \_\ |_|_\   |_|   |___| |___/ 

Add Product Quantity(manage-cart;add-product-quantity)
--------------------------------------------------------------------------------
21:25:29.210 [main] INFO net.serenitybdd.core.webdriver.driverproviders.ChromeDriverProvider - Using automatically driver download
21:25:29.400 [main] DEBUG io.github.bonigarcia.wdm.cache.ResolutionCache - Resolution chrome=107 in cache (valid until 22:24:57 04/11/2022 WIB)
21:25:29.408 [main] DEBUG io.github.bonigarcia.wdm.cache.ResolutionCache - Resolution chrome107=107.0.5304.62 in cache (valid until 21:24:57 05/11/2022 WIB)
21:25:29.410 [main] INFO io.github.bonigarcia.wdm.WebDriverManager - Using chromedriver 107.0.5304.62 (resolved driver for Chrome 107)
21:25:29.440 [main] DEBUG io.github.bonigarcia.wdm.WebDriverManager - Driver chromedriver 107.0.5304.62 found in cache
21:25:29.441 [main] INFO io.github.bonigarcia.wdm.WebDriverManager - Exporting webdriver.chrome.driver as C:\Users\ASUS\.cache\selenium\chromedriver\win32\107.0.5304.62\chromedriver.exe
21:25:29.649 [main] DEBUG net.serenitybdd.core.webdriver.driverproviders.ProvideNewDriver - Instantiating driver
21:25:29.649 [main] DEBUG net.serenitybdd.core.webdriver.driverproviders.ProvideNewDriver - Driver capabilities: Capabilities {acceptInsecureCerts: false, base.url: https://alta-shop.vercel.app/, browserName: chrome, chrome.driver: src/test/resources/webdrive..., driver: chrome, goog:chromeOptions: {args: [], extensions: []}, wait.for.timeout: 10000}
21:25:30.205 [AsyncHttpClient-1-11] DEBUG org.asynchttpclient.netty.channel.NettyConnectListener - Using new Channel '[id: 0x670eadbe, L:/127.0.0.1:63797 - R:localhost/127.0.0.1:55297]' for 'POST' to '/session'
21:25:31.908 [AsyncHttpClient-1-11] DEBUG org.asynchttpclient.netty.handler.HttpHandler - 

Request DefaultHttpRequest(decodeResult: success, version: HTTP/1.1)
POST /session HTTP/1.1
User-Agent: selenium/4.1.2 (java windows)
Content-Length: 646
Content-Type: application/json; charset=utf-8
host: localhost:55297
accept: */*

Response DefaultHttpResponse(decodeResult: success, version: HTTP/1.1)
HTTP/1.1 200 OK
Content-Type: application/json; charset=utf-8
cache-control: no-cache
content-length: 789

21:25:31.909 [AsyncHttpClient-1-11] DEBUG org.asynchttpclient.netty.channel.ChannelManager - Adding key: http://localhost:55297 for channel [id: 0x670eadbe, L:/127.0.0.1:63797 - R:localhost/127.0.0.1:55297]
21:25:31.919 [AsyncHttpClient-1-12] DEBUG org.asynchttpclient.netty.channel.NettyConnectListener - Using new Channel '[id: 0xaae65dde, L:/127.0.0.1:63806 - R:localhost/127.0.0.1:63798]' for 'GET' to '/json/version'
21:25:31.926 [AsyncHttpClient-1-12] DEBUG org.asynchttpclient.netty.handler.HttpHandler - 

Request DefaultFullHttpRequest(decodeResult: success, version: HTTP/1.1, content: EmptyByteBufBE)
GET /json/version HTTP/1.1
User-Agent: selenium/4.1.2 (java windows)
host: localhost:63798
accept: */*

Response DefaultHttpResponse(decodeResult: success, version: HTTP/1.1)
HTTP/1.1 200 OK
Content-Type: application/json; charset=UTF-8
content-length: 423

21:25:31.926 [AsyncHttpClient-1-12] DEBUG org.asynchttpclient.netty.channel.ChannelManager - Adding key: http://localhost:63798 for channel [id: 0xaae65dde, L:/127.0.0.1:63806 - R:localhost/127.0.0.1:63798]
21:25:31.929 [AsyncHttpClient-1-13] DEBUG org.asynchttpclient.netty.channel.NettyConnectListener - Using new Channel '[id: 0x80a115ab, L:/127.0.0.1:63807 - R:localhost/127.0.0.1:63798]' for 'GET' to '/devtools/browser/49778f42-c0d0-47c0-b508-e69f20a233d1'
21:25:31.937 [AsyncHttpClient-1-13] DEBUG org.asynchttpclient.netty.handler.WebSocketHandler - 

Request DefaultFullHttpRequest(decodeResult: success, version: HTTP/1.1, content: EmptyByteBufBE)
GET /devtools/browser/49778f42-c0d0-47c0-b508-e69f20a233d1 HTTP/1.1
upgrade: websocket
connection: upgrade
sec-websocket-key: aG8oAPGtGPU229FgN0ou2w==
sec-websocket-version: 13
origin: http://localhost:63798
host: localhost:63798
accept: */*
user-agent: AHC/2.1

Response DefaultHttpResponse(decodeResult: success, version: HTTP/1.1)
HTTP/1.1 101 WebSocket Protocol Handshake
Upgrade: WebSocket
Connection: Upgrade
Sec-WebSocket-Accept: ZwoDAxN1Xy5FR5oV/i7qsu3J65U=

21:25:31.947 [Forwarding get on session e40d51bc0a479a0d1333a41920d44229 to remote] DEBUG org.asynchttpclient.netty.request.NettyRequestSender - Using pooled Channel '[id: 0x670eadbe, L:/127.0.0.1:63797 - R:localhost/127.0.0.1:55297]' for 'POST' to 'http://localhost:55297/session/e40d51bc0a479a0d1333a41920d44229/url'
21:25:31.947 [Forwarding get on session e40d51bc0a479a0d1333a41920d44229 to remote] DEBUG org.asynchttpclient.netty.request.NettyRequestSender - Using open Channel [id: 0x670eadbe, L:/127.0.0.1:63797 - R:localhost/127.0.0.1:55297] for POST '/session/e40d51bc0a479a0d1333a41920d44229/url'
21:25:32.256 [AsyncHttpClient-1-1] DEBUG org.asynchttpclient.netty.channel.DefaultChannelPool - Entry count for : http://localhost:63798 : 1
21:25:32.685 [AsyncHttpClient-1-11] DEBUG org.asynchttpclient.netty.handler.HttpHandler - 

Request DefaultHttpRequest(decodeResult: success, version: HTTP/1.1)
POST /session/e40d51bc0a479a0d1333a41920d44229/url HTTP/1.1
User-Agent: selenium/4.1.2 (java windows)
Content-Length: 59
Content-Type: application/json; charset=utf-8
host: localhost:55297
accept: */*

Response DefaultHttpResponse(decodeResult: success, version: HTTP/1.1)
HTTP/1.1 200 OK
Content-Type: application/json; charset=utf-8
cache-control: no-cache
content-length: 14

21:25:32.685 [AsyncHttpClient-1-11] DEBUG org.asynchttpclient.netty.channel.ChannelManager - Adding key: http://localhost:55297 for channel [id: 0x670eadbe, L:/127.0.0.1:63797 - R:localhost/127.0.0.1:55297]
21:25:32.687 [Forwarding setTimeout on session e40d51bc0a479a0d1333a41920d44229 to remote] DEBUG org.asynchttpclient.netty.request.NettyRequestSender - Using pooled Channel '[id: 0x670eadbe, L:/127.0.0.1:63797 - R:localhost/127.0.0.1:55297]' for 'POST' to 'http://localhost:55297/session/e40d51bc0a479a0d1333a41920d44229/timeouts'
21:25:32.687 [Forwarding setTimeout on session e40d51bc0a479a0d1333a41920d44229 to remote] DEBUG org.asynchttpclient.netty.request.NettyRequestSender - Using open Channel [id: 0x670eadbe, L:/127.0.0.1:63797 - R:localhost/127.0.0.1:55297] for POST '/session/e40d51bc0a479a0d1333a41920d44229/timeouts'
21:25:32.688 [AsyncHttpClient-1-11] DEBUG org.asynchttpclient.netty.handler.HttpHandler - 

Request DefaultHttpRequest(decodeResult: success, version: HTTP/1.1)
POST /session/e40d51bc0a479a0d1333a41920d44229/timeouts HTTP/1.1
User-Agent: selenium/4.1.2 (java windows)
Content-Length: 22
Content-Type: application/json; charset=utf-8
host: localhost:55297
accept: */*

Response DefaultHttpResponse(decodeResult: success, version: HTTP/1.1)
HTTP/1.1 200 OK
Content-Type: application/json; charset=utf-8
cache-control: no-cache
content-length: 14

21:25:32.688 [AsyncHttpClient-1-11] DEBUG org.asynchttpclient.netty.channel.ChannelManager - Adding key: http://localhost:55297 for channel [id: 0x670eadbe, L:/127.0.0.1:63797 - R:localhost/127.0.0.1:55297]
21:25:32.692 [Forwarding getCurrentUrl on session e40d51bc0a479a0d1333a41920d44229 to remote] DEBUG org.asynchttpclient.netty.request.NettyRequestSender - Using pooled Channel '[id: 0x670eadbe, L:/127.0.0.1:63797 - R:localhost/127.0.0.1:55297]' for 'GET' to 'http://localhost:55297/session/e40d51bc0a479a0d1333a41920d44229/url'
21:25:32.692 [Forwarding getCurrentUrl on session e40d51bc0a479a0d1333a41920d44229 to remote] DEBUG org.asynchttpclient.netty.request.NettyRequestSender - Using open Channel [id: 0x670eadbe, L:/127.0.0.1:63797 - R:localhost/127.0.0.1:55297] for GET '/session/e40d51bc0a479a0d1333a41920d44229/url'
21:25:32.697 [AsyncHttpClient-1-11] DEBUG org.asynchttpclient.netty.handler.HttpHandler - 

Request DefaultFullHttpRequest(decodeResult: success, version: HTTP/1.1, content: EmptyByteBufBE)
GET /session/e40d51bc0a479a0d1333a41920d44229/url HTTP/1.1
User-Agent: selenium/4.1.2 (java windows)
Cache-Control: no-cache
Content-Type: application/json; charset=utf-8
host: localhost:55297
accept: */*

Response DefaultHttpResponse(decodeResult: success, version: HTTP/1.1)
HTTP/1.1 200 OK
Content-Type: application/json; charset=utf-8
cache-control: no-cache
content-length: 41

21:25:32.697 [AsyncHttpClient-1-11] DEBUG org.asynchttpclient.netty.channel.ChannelManager - Adding key: http://localhost:55297 for channel [id: 0x670eadbe, L:/127.0.0.1:63797 - R:localhost/127.0.0.1:55297]
  &amp#27;[32mGiven &amp#27;[0m&amp#27;[32mI open homepage url&amp#27;[0m             &amp#27;[90m# starter.stepdefinitions.CartSteps.iOpenHomepageUrl()&amp#27;[0m
21:25:32.705 [Forwarding screenshot on session e40d51bc0a479a0d1333a41920d44229 to remote] DEBUG org.asynchttpclient.netty.request.NettyRequestSender - Using pooled Channel '[id: 0x670eadbe, L:/127.0.0.1:63797 - R:localhost/127.0.0.1:55297]' for 'GET' to 'http://localhost:55297/session/e40d51bc0a479a0d1333a41920d44229/screenshot'
21:25:32.705 [Forwarding screenshot on session e40d51bc0a479a0d1333a41920d44229 to remote] DEBUG org.asynchttpclient.netty.request.NettyRequestSender - Using open Channel [id: 0x670eadbe, L:/127.0.0.1:63797 - R:localhost/127.0.0.1:55297] for GET '/session/e40d51bc0a479a0d1333a41920d44229/screenshot'
21:25:33.224 [AsyncHttpClient-1-11] DEBUG org.asynchttpclient.netty.handler.HttpHandler - 

Request DefaultFullHttpRequest(decodeResult: success, version: HTTP/1.1, content: EmptyByteBufBE)
GET /session/e40d51bc0a479a0d1333a41920d44229/screenshot HTTP/1.1
User-Agent: selenium/4.1.2 (java windows)
Cache-Control: no-cache
Content-Type: application/json; charset=utf-8
host: localhost:55297
accept: */*

Response DefaultHttpResponse(decodeResult: success, version: HTTP/1.1)
HTTP/1.1 200 OK
Content-Type: application/json; charset=utf-8
cache-control: no-cache
content-length: 46332

21:25:33.225 [AsyncHttpClient-1-11] DEBUG org.asynchttpclient.netty.channel.ChannelManager - Adding key: http://localhost:55297 for channel [id: 0x670eadbe, L:/127.0.0.1:63797 - R:localhost/127.0.0.1:55297]
21:25:33.228 [main] DEBUG net.serenitybdd.core.photography.Darkroom - Send negative for processing for target\site\serenity\d51d7adc465ed4d8c8399c812841fdf3dccc18fcd2284ab537811eb26429f125.png
21:25:33.229 [Darkroom Processing Line] DEBUG net.serenitybdd.core.photography.DarkroomProcessingLine - Processing screenshot image in /var/screenshots/screenshot-10962985725985644633
21:25:33.229 [Darkroom Processing Line] DEBUG net.serenitybdd.core.photography.DarkroomProcessingLine - Saving screenshot to target\site\serenity\d51d7adc465ed4d8c8399c812841fdf3dccc18fcd2284ab537811eb26429f125.png
21:25:33.251 [Forwarding get on session e40d51bc0a479a0d1333a41920d44229 to remote] DEBUG org.asynchttpclient.netty.request.NettyRequestSender - Using pooled Channel '[id: 0x670eadbe, L:/127.0.0.1:63797 - R:localhost/127.0.0.1:55297]' for 'POST' to 'http://localhost:55297/session/e40d51bc0a479a0d1333a41920d44229/url'
21:25:33.251 [Forwarding get on session e40d51bc0a479a0d1333a41920d44229 to remote] DEBUG org.asynchttpclient.netty.request.NettyRequestSender - Using open Channel [id: 0x670eadbe, L:/127.0.0.1:63797 - R:localhost/127.0.0.1:55297] for POST '/session/e40d51bc0a479a0d1333a41920d44229/url'
21:25:33.353 [AsyncHttpClient-1-1] DEBUG org.asynchttpclient.netty.channel.DefaultChannelPool - Entry count for : http://localhost:63798 : 1
21:25:33.475 [AsyncHttpClient-1-11] DEBUG org.asynchttpclient.netty.handler.HttpHandler - 

Request DefaultHttpRequest(decodeResult: success, version: HTTP/1.1)
POST /session/e40d51bc0a479a0d1333a41920d44229/url HTTP/1.1
User-Agent: selenium/4.1.2 (java windows)
Content-Length: 59
Content-Type: application/json; charset=utf-8
host: localhost:55297
accept: */*

Response DefaultHttpResponse(decodeResult: success, version: HTTP/1.1)
HTTP/1.1 200 OK
Content-Type: application/json; charset=utf-8
cache-control: no-cache
content-length: 14

21:25:33.476 [AsyncHttpClient-1-11] DEBUG org.asynchttpclient.netty.channel.ChannelManager - Adding key: http://localhost:55297 for channel [id: 0x670eadbe, L:/127.0.0.1:63797 - R:localhost/127.0.0.1:55297]
21:25:33.480 [Forwarding getCurrentUrl on session e40d51bc0a479a0d1333a41920d44229 to remote] DEBUG org.asynchttpclient.netty.request.NettyRequestSender - Using pooled Channel '[id: 0x670eadbe, L:/127.0.0.1:63797 - R:localhost/127.0.0.1:55297]' for 'GET' to 'http://localhost:55297/session/e40d51bc0a479a0d1333a41920d44229/url'
21:25:33.480 [Forwarding getCurrentUrl on session e40d51bc0a479a0d1333a41920d44229 to remote] DEBUG org.asynchttpclient.netty.request.NettyRequestSender - Using open Channel [id: 0x670eadbe, L:/127.0.0.1:63797 - R:localhost/127.0.0.1:55297] for GET '/session/e40d51bc0a479a0d1333a41920d44229/url'
21:25:33.485 [AsyncHttpClient-1-11] DEBUG org.asynchttpclient.netty.handler.HttpHandler - 

Request DefaultFullHttpRequest(decodeResult: success, version: HTTP/1.1, content: EmptyByteBufBE)
GET /session/e40d51bc0a479a0d1333a41920d44229/url HTTP/1.1
User-Agent: selenium/4.1.2 (java windows)
Cache-Control: no-cache
Content-Type: application/json; charset=utf-8
host: localhost:55297
accept: */*

Response DefaultHttpResponse(decodeResult: success, version: HTTP/1.1)
HTTP/1.1 200 OK
Content-Type: application/json; charset=utf-8
cache-control: no-cache
content-length: 41

21:25:33.486 [AsyncHttpClient-1-11] DEBUG org.asynchttpclient.netty.channel.ChannelManager - Adding key: http://localhost:55297 for channel [id: 0x670eadbe, L:/127.0.0.1:63797 - R:localhost/127.0.0.1:55297]
21:25:33.494 [Forwarding findElement on session e40d51bc0a479a0d1333a41920d44229 to remote] DEBUG org.asynchttpclient.netty.request.NettyRequestSender - Using pooled Channel '[id: 0x670eadbe, L:/127.0.0.1:63797 - R:localhost/127.0.0.1:55297]' for 'POST' to 'http://localhost:55297/session/e40d51bc0a479a0d1333a41920d44229/element'
21:25:33.495 [Forwarding findElement on session e40d51bc0a479a0d1333a41920d44229 to remote] DEBUG org.asynchttpclient.netty.request.NettyRequestSender - Using open Channel [id: 0x670eadbe, L:/127.0.0.1:63797 - R:localhost/127.0.0.1:55297] for POST '/session/e40d51bc0a479a0d1333a41920d44229/element'
21:25:34.451 [AsyncHttpClient-1-1] DEBUG org.asynchttpclient.netty.channel.DefaultChannelPool - Entry count for : http://localhost:63798 : 1
21:25:35.554 [AsyncHttpClient-1-1] DEBUG org.asynchttpclient.netty.channel.DefaultChannelPool - Entry count for : http://localhost:63798 : 1
21:25:36.033 [AsyncHttpClient-1-11] DEBUG org.asynchttpclient.netty.handler.HttpHandler - 

Request DefaultHttpRequest(decodeResult: success, version: HTTP/1.1)
POST /session/e40d51bc0a479a0d1333a41920d44229/element HTTP/1.1
User-Agent: selenium/4.1.2 (java windows)
Content-Length: 85
Content-Type: application/json; charset=utf-8
host: localhost:55297
accept: */*

Response DefaultHttpResponse(decodeResult: success, version: HTTP/1.1)
HTTP/1.1 200 OK
Content-Type: application/json; charset=utf-8
cache-control: no-cache
content-length: 88

21:25:36.033 [AsyncHttpClient-1-11] DEBUG org.asynchttpclient.netty.channel.ChannelManager - Adding key: http://localhost:55297 for channel [id: 0x670eadbe, L:/127.0.0.1:63797 - R:localhost/127.0.0.1:55297]
21:25:36.036 [Forwarding getElementTagName on session e40d51bc0a479a0d1333a41920d44229 to remote] DEBUG org.asynchttpclient.netty.request.NettyRequestSender - Using pooled Channel '[id: 0x670eadbe, L:/127.0.0.1:63797 - R:localhost/127.0.0.1:55297]' for 'GET' to 'http://localhost:55297/session/e40d51bc0a479a0d1333a41920d44229/element/889a8113-3025-423f-aef3-9da87cd34e0e/name'
21:25:36.036 [Forwarding getElementTagName on session e40d51bc0a479a0d1333a41920d44229 to remote] DEBUG org.asynchttpclient.netty.request.NettyRequestSender - Using open Channel [id: 0x670eadbe, L:/127.0.0.1:63797 - R:localhost/127.0.0.1:55297] for GET '/session/e40d51bc0a479a0d1333a41920d44229/element/889a8113-3025-423f-aef3-9da87cd34e0e/name'
21:25:36.043 [AsyncHttpClient-1-11] DEBUG org.asynchttpclient.netty.handler.HttpHandler - 

Request DefaultFullHttpRequest(decodeResult: success, version: HTTP/1.1, content: EmptyByteBufBE)
GET /session/e40d51bc0a479a0d1333a41920d44229/element/889a8113-3025-423f-aef3-9da87cd34e0e/name HTTP/1.1
User-Agent: selenium/4.1.2 (java windows)
Cache-Control: no-cache
Content-Type: application/json; charset=utf-8
host: localhost:55297
accept: */*

Response DefaultHttpResponse(decodeResult: success, version: HTTP/1.1)
HTTP/1.1 200 OK
Content-Type: application/json; charset=utf-8
cache-control: no-cache
content-length: 16

21:25:36.043 [AsyncHttpClient-1-11] DEBUG org.asynchttpclient.netty.channel.ChannelManager - Adding key: http://localhost:55297 for channel [id: 0x670eadbe, L:/127.0.0.1:63797 - R:localhost/127.0.0.1:55297]
21:25:36.044 [Forwarding getElementTagName on session e40d51bc0a479a0d1333a41920d44229 to remote] DEBUG org.asynchttpclient.netty.request.NettyRequestSender - Using pooled Channel '[id: 0x670eadbe, L:/127.0.0.1:63797 - R:localhost/127.0.0.1:55297]' for 'GET' to 'http://localhost:55297/session/e40d51bc0a479a0d1333a41920d44229/element/889a8113-3025-423f-aef3-9da87cd34e0e/name'
21:25:36.045 [Forwarding getElementTagName on session e40d51bc0a479a0d1333a41920d44229 to remote] DEBUG org.asynchttpclient.netty.request.NettyRequestSender - Using open Channel [id: 0x670eadbe, L:/127.0.0.1:63797 - R:localhost/127.0.0.1:55297] for GET '/session/e40d51bc0a479a0d1333a41920d44229/element/889a8113-3025-423f-aef3-9da87cd34e0e/name'
21:25:36.049 [AsyncHttpClient-1-11] DEBUG org.asynchttpclient.netty.handler.HttpHandler - 

Request DefaultFullHttpRequest(decodeResult: success, version: HTTP/1.1, content: EmptyByteBufBE)
GET /session/e40d51bc0a479a0d1333a41920d44229/element/889a8113-3025-423f-aef3-9da87cd34e0e/name HTTP/1.1
User-Agent: selenium/4.1.2 (java windows)
Cache-Control: no-cache
Content-Type: application/json; charset=utf-8
host: localhost:55297
accept: */*

Response DefaultHttpResponse(decodeResult: success, version: HTTP/1.1)
HTTP/1.1 200 OK
Content-Type: application/json; charset=utf-8
cache-control: no-cache
content-length: 16

21:25:36.049 [AsyncHttpClient-1-11] DEBUG org.asynchttpclient.netty.channel.ChannelManager - Adding key: http://localhost:55297 for channel [id: 0x670eadbe, L:/127.0.0.1:63797 - R:localhost/127.0.0.1:55297]
21:25:36.052 [Forwarding findElement on session e40d51bc0a479a0d1333a41920d44229 to remote] DEBUG org.asynchttpclient.netty.request.NettyRequestSender - Using pooled Channel '[id: 0x670eadbe, L:/127.0.0.1:63797 - R:localhost/127.0.0.1:55297]' for 'POST' to 'http://localhost:55297/session/e40d51bc0a479a0d1333a41920d44229/element'
21:25:36.052 [Forwarding findElement on session e40d51bc0a479a0d1333a41920d44229 to remote] DEBUG org.asynchttpclient.netty.request.NettyRequestSender - Using open Channel [id: 0x670eadbe, L:/127.0.0.1:63797 - R:localhost/127.0.0.1:55297] for POST '/session/e40d51bc0a479a0d1333a41920d44229/element'
21:25:36.065 [AsyncHttpClient-1-11] DEBUG org.asynchttpclient.netty.handler.HttpHandler - 

Request DefaultHttpRequest(decodeResult: success, version: HTTP/1.1)
POST /session/e40d51bc0a479a0d1333a41920d44229/element HTTP/1.1
User-Agent: selenium/4.1.2 (java windows)
Content-Length: 85
Content-Type: application/json; charset=utf-8
host: localhost:55297
accept: */*

Response DefaultHttpResponse(decodeResult: success, version: HTTP/1.1)
HTTP/1.1 200 OK
Content-Type: application/json; charset=utf-8
cache-control: no-cache
content-length: 88

21:25:36.065 [AsyncHttpClient-1-11] DEBUG org.asynchttpclient.netty.channel.ChannelManager - Adding key: http://localhost:55297 for channel [id: 0x670eadbe, L:/127.0.0.1:63797 - R:localhost/127.0.0.1:55297]
21:25:36.067 [Forwarding clickElement on session e40d51bc0a479a0d1333a41920d44229 to remote] DEBUG org.asynchttpclient.netty.request.NettyRequestSender - Using pooled Channel '[id: 0x670eadbe, L:/127.0.0.1:63797 - R:localhost/127.0.0.1:55297]' for 'POST' to 'http://localhost:55297/session/e40d51bc0a479a0d1333a41920d44229/element/889a8113-3025-423f-aef3-9da87cd34e0e/click'
21:25:36.067 [Forwarding clickElement on session e40d51bc0a479a0d1333a41920d44229 to remote] DEBUG org.asynchttpclient.netty.request.NettyRequestSender - Using open Channel [id: 0x670eadbe, L:/127.0.0.1:63797 - R:localhost/127.0.0.1:55297] for POST '/session/e40d51bc0a479a0d1333a41920d44229/element/889a8113-3025-423f-aef3-9da87cd34e0e/click'
21:25:36.152 [AsyncHttpClient-1-11] DEBUG org.asynchttpclient.netty.handler.HttpHandler - 

Request DefaultHttpRequest(decodeResult: success, version: HTTP/1.1)
POST /session/e40d51bc0a479a0d1333a41920d44229/element/889a8113-3025-423f-aef3-9da87cd34e0e/click HTTP/1.1
User-Agent: selenium/4.1.2 (java windows)
Content-Length: 50
Content-Type: application/json; charset=utf-8
host: localhost:55297
accept: */*

Response DefaultHttpResponse(decodeResult: success, version: HTTP/1.1)
HTTP/1.1 200 OK
Content-Type: application/json; charset=utf-8
cache-control: no-cache
content-length: 14

21:25:36.153 [AsyncHttpClient-1-11] DEBUG org.asynchttpclient.netty.channel.ChannelManager - Adding key: http://localhost:55297 for channel [id: 0x670eadbe, L:/127.0.0.1:63797 - R:localhost/127.0.0.1:55297]
  &amp#27;[32mAnd &amp#27;[0m&amp#27;[32mI buy one of the products&amp#27;[0m         &amp#27;[90m# starter.stepdefinitions.CartSteps.iBuyOneOfTheProducts()&amp#27;[0m
21:25:36.165 [Forwarding screenshot on session e40d51bc0a479a0d1333a41920d44229 to remote] DEBUG org.asynchttpclient.netty.request.NettyRequestSender - Using pooled Channel '[id: 0x670eadbe, L:/127.0.0.1:63797 - R:localhost/127.0.0.1:55297]' for 'GET' to 'http://localhost:55297/session/e40d51bc0a479a0d1333a41920d44229/screenshot'
21:25:36.165 [Forwarding screenshot on session e40d51bc0a479a0d1333a41920d44229 to remote] DEBUG org.asynchttpclient.netty.request.NettyRequestSender - Using open Channel [id: 0x670eadbe, L:/127.0.0.1:63797 - R:localhost/127.0.0.1:55297] for GET '/session/e40d51bc0a479a0d1333a41920d44229/screenshot'
21:25:36.371 [AsyncHttpClient-1-11] DEBUG org.asynchttpclient.netty.handler.HttpHandler - 

Request DefaultFullHttpRequest(decodeResult: success, version: HTTP/1.1, content: EmptyByteBufBE)
GET /session/e40d51bc0a479a0d1333a41920d44229/screenshot HTTP/1.1
User-Agent: selenium/4.1.2 (java windows)
Cache-Control: no-cache
Content-Type: application/json; charset=utf-8
host: localhost:55297
accept: */*

Response DefaultHttpResponse(decodeResult: success, version: HTTP/1.1)
HTTP/1.1 200 OK
Content-Type: application/json; charset=utf-8
cache-control: no-cache
content-length: 77884

21:25:36.372 [AsyncHttpClient-1-11] DEBUG org.asynchttpclient.netty.channel.ChannelManager - Adding key: http://localhost:55297 for channel [id: 0x670eadbe, L:/127.0.0.1:63797 - R:localhost/127.0.0.1:55297]
21:25:36.376 [main] DEBUG net.serenitybdd.core.photography.Darkroom - Send negative for processing for target\site\serenity\eec91bb48f1c6b0c79b7404796f064b896001765c4a656e968b546c483c77cdb.png
21:25:36.377 [Darkroom Processing Line] DEBUG net.serenitybdd.core.photography.DarkroomProcessingLine - Processing screenshot image in /var/screenshots/screenshot-15249408919956007081
21:25:36.377 [Darkroom Processing Line] DEBUG net.serenitybdd.core.photography.DarkroomProcessingLine - Saving screenshot to target\site\serenity\eec91bb48f1c6b0c79b7404796f064b896001765c4a656e968b546c483c77cdb.png
21:25:36.389 [Forwarding findElement on session e40d51bc0a479a0d1333a41920d44229 to remote] DEBUG org.asynchttpclient.netty.request.NettyRequestSender - Using pooled Channel '[id: 0x670eadbe, L:/127.0.0.1:63797 - R:localhost/127.0.0.1:55297]' for 'POST' to 'http://localhost:55297/session/e40d51bc0a479a0d1333a41920d44229/element'
21:25:36.390 [Forwarding findElement on session e40d51bc0a479a0d1333a41920d44229 to remote] DEBUG org.asynchttpclient.netty.request.NettyRequestSender - Using open Channel [id: 0x670eadbe, L:/127.0.0.1:63797 - R:localhost/127.0.0.1:55297] for POST '/session/e40d51bc0a479a0d1333a41920d44229/element'
21:25:36.408 [AsyncHttpClient-1-11] DEBUG org.asynchttpclient.netty.handler.HttpHandler - 

Request DefaultHttpRequest(decodeResult: success, version: HTTP/1.1)
POST /session/e40d51bc0a479a0d1333a41920d44229/element HTTP/1.1
User-Agent: selenium/4.1.2 (java windows)
Content-Length: 88
Content-Type: application/json; charset=utf-8
host: localhost:55297
accept: */*

Response DefaultHttpResponse(decodeResult: success, version: HTTP/1.1)
HTTP/1.1 200 OK
Content-Type: application/json; charset=utf-8
cache-control: no-cache
content-length: 88

21:25:36.408 [AsyncHttpClient-1-11] DEBUG org.asynchttpclient.netty.channel.ChannelManager - Adding key: http://localhost:55297 for channel [id: 0x670eadbe, L:/127.0.0.1:63797 - R:localhost/127.0.0.1:55297]
21:25:36.411 [Forwarding getElementTagName on session e40d51bc0a479a0d1333a41920d44229 to remote] DEBUG org.asynchttpclient.netty.request.NettyRequestSender - Using pooled Channel '[id: 0x670eadbe, L:/127.0.0.1:63797 - R:localhost/127.0.0.1:55297]' for 'GET' to 'http://localhost:55297/session/e40d51bc0a479a0d1333a41920d44229/element/351b6011-94d8-43a7-9b9d-307eb5d2150e/name'
21:25:36.411 [Forwarding getElementTagName on session e40d51bc0a479a0d1333a41920d44229 to remote] DEBUG org.asynchttpclient.netty.request.NettyRequestSender - Using open Channel [id: 0x670eadbe, L:/127.0.0.1:63797 - R:localhost/127.0.0.1:55297] for GET '/session/e40d51bc0a479a0d1333a41920d44229/element/351b6011-94d8-43a7-9b9d-307eb5d2150e/name'
21:25:36.416 [AsyncHttpClient-1-11] DEBUG org.asynchttpclient.netty.handler.HttpHandler - 

Request DefaultFullHttpRequest(decodeResult: success, version: HTTP/1.1, content: EmptyByteBufBE)
GET /session/e40d51bc0a479a0d1333a41920d44229/element/351b6011-94d8-43a7-9b9d-307eb5d2150e/name HTTP/1.1
User-Agent: selenium/4.1.2 (java windows)
Cache-Control: no-cache
Content-Type: application/json; charset=utf-8
host: localhost:55297
accept: */*

Response DefaultHttpResponse(decodeResult: success, version: HTTP/1.1)
HTTP/1.1 200 OK
Content-Type: application/json; charset=utf-8
cache-control: no-cache
content-length: 13

21:25:36.417 [AsyncHttpClient-1-11] DEBUG org.asynchttpclient.netty.channel.ChannelManager - Adding key: http://localhost:55297 for channel [id: 0x670eadbe, L:/127.0.0.1:63797 - R:localhost/127.0.0.1:55297]
21:25:36.419 [Forwarding getElementTagName on session e40d51bc0a479a0d1333a41920d44229 to remote] DEBUG org.asynchttpclient.netty.request.NettyRequestSender - Using pooled Channel '[id: 0x670eadbe, L:/127.0.0.1:63797 - R:localhost/127.0.0.1:55297]' for 'GET' to 'http://localhost:55297/session/e40d51bc0a479a0d1333a41920d44229/element/351b6011-94d8-43a7-9b9d-307eb5d2150e/name'
21:25:36.419 [Forwarding getElementTagName on session e40d51bc0a479a0d1333a41920d44229 to remote] DEBUG org.asynchttpclient.netty.request.NettyRequestSender - Using open Channel [id: 0x670eadbe, L:/127.0.0.1:63797 - R:localhost/127.0.0.1:55297] for GET '/session/e40d51bc0a479a0d1333a41920d44229/element/351b6011-94d8-43a7-9b9d-307eb5d2150e/name'
21:25:36.425 [AsyncHttpClient-1-11] DEBUG org.asynchttpclient.netty.handler.HttpHandler - 

Request DefaultFullHttpRequest(decodeResult: success, version: HTTP/1.1, content: EmptyByteBufBE)
GET /session/e40d51bc0a479a0d1333a41920d44229/element/351b6011-94d8-43a7-9b9d-307eb5d2150e/name HTTP/1.1
User-Agent: selenium/4.1.2 (java windows)
Cache-Control: no-cache
Content-Type: application/json; charset=utf-8
host: localhost:55297
accept: */*

Response DefaultHttpResponse(decodeResult: success, version: HTTP/1.1)
HTTP/1.1 200 OK
Content-Type: application/json; charset=utf-8
cache-control: no-cache
content-length: 13

21:25:36.425 [AsyncHttpClient-1-11] DEBUG org.asynchttpclient.netty.channel.ChannelManager - Adding key: http://localhost:55297 for channel [id: 0x670eadbe, L:/127.0.0.1:63797 - R:localhost/127.0.0.1:55297]
21:25:36.428 [Forwarding findElement on session e40d51bc0a479a0d1333a41920d44229 to remote] DEBUG org.asynchttpclient.netty.request.NettyRequestSender - Using pooled Channel '[id: 0x670eadbe, L:/127.0.0.1:63797 - R:localhost/127.0.0.1:55297]' for 'POST' to 'http://localhost:55297/session/e40d51bc0a479a0d1333a41920d44229/element'
21:25:36.428 [Forwarding findElement on session e40d51bc0a479a0d1333a41920d44229 to remote] DEBUG org.asynchttpclient.netty.request.NettyRequestSender - Using open Channel [id: 0x670eadbe, L:/127.0.0.1:63797 - R:localhost/127.0.0.1:55297] for POST '/session/e40d51bc0a479a0d1333a41920d44229/element'
21:25:36.441 [AsyncHttpClient-1-11] DEBUG org.asynchttpclient.netty.handler.HttpHandler - 

Request DefaultHttpRequest(decodeResult: success, version: HTTP/1.1)
POST /session/e40d51bc0a479a0d1333a41920d44229/element HTTP/1.1
User-Agent: selenium/4.1.2 (java windows)
Content-Length: 88
Content-Type: application/json; charset=utf-8
host: localhost:55297
accept: */*

Response DefaultHttpResponse(decodeResult: success, version: HTTP/1.1)
HTTP/1.1 200 OK
Content-Type: application/json; charset=utf-8
cache-control: no-cache
content-length: 88

21:25:36.441 [AsyncHttpClient-1-11] DEBUG org.asynchttpclient.netty.channel.ChannelManager - Adding key: http://localhost:55297 for channel [id: 0x670eadbe, L:/127.0.0.1:63797 - R:localhost/127.0.0.1:55297]
21:25:36.443 [Forwarding clickElement on session e40d51bc0a479a0d1333a41920d44229 to remote] DEBUG org.asynchttpclient.netty.request.NettyRequestSender - Using pooled Channel '[id: 0x670eadbe, L:/127.0.0.1:63797 - R:localhost/127.0.0.1:55297]' for 'POST' to 'http://localhost:55297/session/e40d51bc0a479a0d1333a41920d44229/element/351b6011-94d8-43a7-9b9d-307eb5d2150e/click'
21:25:36.443 [Forwarding clickElement on session e40d51bc0a479a0d1333a41920d44229 to remote] DEBUG org.asynchttpclient.netty.request.NettyRequestSender - Using open Channel [id: 0x670eadbe, L:/127.0.0.1:63797 - R:localhost/127.0.0.1:55297] for POST '/session/e40d51bc0a479a0d1333a41920d44229/element/351b6011-94d8-43a7-9b9d-307eb5d2150e/click'
21:25:36.503 [AsyncHttpClient-1-11] DEBUG org.asynchttpclient.netty.handler.HttpHandler - 

Request DefaultHttpRequest(decodeResult: success, version: HTTP/1.1)
POST /session/e40d51bc0a479a0d1333a41920d44229/element/351b6011-94d8-43a7-9b9d-307eb5d2150e/click HTTP/1.1
User-Agent: selenium/4.1.2 (java windows)
Content-Length: 50
Content-Type: application/json; charset=utf-8
host: localhost:55297
accept: */*

Response DefaultHttpResponse(decodeResult: success, version: HTTP/1.1)
HTTP/1.1 200 OK
Content-Type: application/json; charset=utf-8
cache-control: no-cache
content-length: 14

21:25:36.504 [AsyncHttpClient-1-11] DEBUG org.asynchttpclient.netty.channel.ChannelManager - Adding key: http://localhost:55297 for channel [id: 0x670eadbe, L:/127.0.0.1:63797 - R:localhost/127.0.0.1:55297]
  &amp#27;[32mWhen &amp#27;[0m&amp#27;[32mI open cart page&amp#27;[0m                 &amp#27;[90m# starter.stepdefinitions.CartSteps.iOpenCartPage()&amp#27;[0m
21:25:36.518 [Forwarding screenshot on session e40d51bc0a479a0d1333a41920d44229 to remote] DEBUG org.asynchttpclient.netty.request.NettyRequestSender - Using pooled Channel '[id: 0x670eadbe, L:/127.0.0.1:63797 - R:localhost/127.0.0.1:55297]' for 'GET' to 'http://localhost:55297/session/e40d51bc0a479a0d1333a41920d44229/screenshot'
21:25:36.518 [Forwarding screenshot on session e40d51bc0a479a0d1333a41920d44229 to remote] DEBUG org.asynchttpclient.netty.request.NettyRequestSender - Using open Channel [id: 0x670eadbe, L:/127.0.0.1:63797 - R:localhost/127.0.0.1:55297] for GET '/session/e40d51bc0a479a0d1333a41920d44229/screenshot'
21:25:36.657 [AsyncHttpClient-1-1] DEBUG org.asynchttpclient.netty.channel.DefaultChannelPool - Entry count for : http://localhost:63798 : 1
21:25:37.106 [AsyncHttpClient-1-11] DEBUG org.asynchttpclient.netty.handler.HttpHandler - 

Request DefaultFullHttpRequest(decodeResult: success, version: HTTP/1.1, content: EmptyByteBufBE)
GET /session/e40d51bc0a479a0d1333a41920d44229/screenshot HTTP/1.1
User-Agent: selenium/4.1.2 (java windows)
Cache-Control: no-cache
Content-Type: application/json; charset=utf-8
host: localhost:55297
accept: */*

Response DefaultHttpResponse(decodeResult: success, version: HTTP/1.1)
HTTP/1.1 200 OK
Content-Type: application/json; charset=utf-8
cache-control: no-cache
content-length: 47328

21:25:37.107 [AsyncHttpClient-1-11] DEBUG org.asynchttpclient.netty.channel.ChannelManager - Adding key: http://localhost:55297 for channel [id: 0x670eadbe, L:/127.0.0.1:63797 - R:localhost/127.0.0.1:55297]
21:25:37.111 [main] DEBUG net.serenitybdd.core.photography.Darkroom - Send negative for processing for target\site\serenity\2c5193bd589634ae78037958a369fc4b6bea117810468deb1b803e3dd792b92b.png
21:25:37.126 [Forwarding findElement on session e40d51bc0a479a0d1333a41920d44229 to remote] DEBUG org.asynchttpclient.netty.request.NettyRequestSender - Using pooled Channel '[id: 0x670eadbe, L:/127.0.0.1:63797 - R:localhost/127.0.0.1:55297]' for 'POST' to 'http://localhost:55297/session/e40d51bc0a479a0d1333a41920d44229/element'
21:25:37.126 [Forwarding findElement on session e40d51bc0a479a0d1333a41920d44229 to remote] DEBUG org.asynchttpclient.netty.request.NettyRequestSender - Using open Channel [id: 0x670eadbe, L:/127.0.0.1:63797 - R:localhost/127.0.0.1:55297] for POST '/session/e40d51bc0a479a0d1333a41920d44229/element'
21:25:37.142 [AsyncHttpClient-1-11] DEBUG org.asynchttpclient.netty.handler.HttpHandler - 

Request DefaultHttpRequest(decodeResult: success, version: HTTP/1.1)
POST /session/e40d51bc0a479a0d1333a41920d44229/element HTTP/1.1
User-Agent: selenium/4.1.2 (java windows)
Content-Length: 77
Content-Type: application/json; charset=utf-8
host: localhost:55297
accept: */*

Response DefaultHttpResponse(decodeResult: success, version: HTTP/1.1)
HTTP/1.1 200 OK
Content-Type: application/json; charset=utf-8
cache-control: no-cache
content-length: 88

21:25:37.142 [AsyncHttpClient-1-11] DEBUG org.asynchttpclient.netty.channel.ChannelManager - Adding key: http://localhost:55297 for channel [id: 0x670eadbe, L:/127.0.0.1:63797 - R:localhost/127.0.0.1:55297]
21:25:37.145 [Forwarding getElementTagName on session e40d51bc0a479a0d1333a41920d44229 to remote] DEBUG org.asynchttpclient.netty.request.NettyRequestSender - Using pooled Channel '[id: 0x670eadbe, L:/127.0.0.1:63797 - R:localhost/127.0.0.1:55297]' for 'GET' to 'http://localhost:55297/session/e40d51bc0a479a0d1333a41920d44229/element/a7c05ad3-cec3-4646-b129-a6b117a3f65b/name'
21:25:37.145 [Forwarding getElementTagName on session e40d51bc0a479a0d1333a41920d44229 to remote] DEBUG org.asynchttpclient.netty.request.NettyRequestSender - Using open Channel [id: 0x670eadbe, L:/127.0.0.1:63797 - R:localhost/127.0.0.1:55297] for GET '/session/e40d51bc0a479a0d1333a41920d44229/element/a7c05ad3-cec3-4646-b129-a6b117a3f65b/name'
21:25:37.151 [AsyncHttpClient-1-11] DEBUG org.asynchttpclient.netty.handler.HttpHandler - 

Request DefaultFullHttpRequest(decodeResult: success, version: HTTP/1.1, content: EmptyByteBufBE)
GET /session/e40d51bc0a479a0d1333a41920d44229/element/a7c05ad3-cec3-4646-b129-a6b117a3f65b/name HTTP/1.1
User-Agent: selenium/4.1.2 (java windows)
Cache-Control: no-cache
Content-Type: application/json; charset=utf-8
host: localhost:55297
accept: */*

Response DefaultHttpResponse(decodeResult: success, version: HTTP/1.1)
HTTP/1.1 200 OK
Content-Type: application/json; charset=utf-8
cache-control: no-cache
content-length: 16

21:25:37.152 [AsyncHttpClient-1-11] DEBUG org.asynchttpclient.netty.channel.ChannelManager - Adding key: http://localhost:55297 for channel [id: 0x670eadbe, L:/127.0.0.1:63797 - R:localhost/127.0.0.1:55297]
21:25:37.154 [Forwarding getElementTagName on session e40d51bc0a479a0d1333a41920d44229 to remote] DEBUG org.asynchttpclient.netty.request.NettyRequestSender - Using pooled Channel '[id: 0x670eadbe, L:/127.0.0.1:63797 - R:localhost/127.0.0.1:55297]' for 'GET' to 'http://localhost:55297/session/e40d51bc0a479a0d1333a41920d44229/element/a7c05ad3-cec3-4646-b129-a6b117a3f65b/name'
21:25:37.155 [Forwarding getElementTagName on session e40d51bc0a479a0d1333a41920d44229 to remote] DEBUG org.asynchttpclient.netty.request.NettyRequestSender - Using open Channel [id: 0x670eadbe, L:/127.0.0.1:63797 - R:localhost/127.0.0.1:55297] for GET '/session/e40d51bc0a479a0d1333a41920d44229/element/a7c05ad3-cec3-4646-b129-a6b117a3f65b/name'
21:25:37.159 [AsyncHttpClient-1-11] DEBUG org.asynchttpclient.netty.handler.HttpHandler - 

Request DefaultFullHttpRequest(decodeResult: success, version: HTTP/1.1, content: EmptyByteBufBE)
GET /session/e40d51bc0a479a0d1333a41920d44229/element/a7c05ad3-cec3-4646-b129-a6b117a3f65b/name HTTP/1.1
User-Agent: selenium/4.1.2 (java windows)
Cache-Control: no-cache
Content-Type: application/json; charset=utf-8
host: localhost:55297
accept: */*

Response DefaultHttpResponse(decodeResult: success, version: HTTP/1.1)
HTTP/1.1 200 OK
Content-Type: application/json; charset=utf-8
cache-control: no-cache
content-length: 16

21:25:37.159 [AsyncHttpClient-1-11] DEBUG org.asynchttpclient.netty.channel.ChannelManager - Adding key: http://localhost:55297 for channel [id: 0x670eadbe, L:/127.0.0.1:63797 - R:localhost/127.0.0.1:55297]
21:25:37.162 [Forwarding findElement on session e40d51bc0a479a0d1333a41920d44229 to remote] DEBUG org.asynchttpclient.netty.request.NettyRequestSender - Using pooled Channel '[id: 0x670eadbe, L:/127.0.0.1:63797 - R:localhost/127.0.0.1:55297]' for 'POST' to 'http://localhost:55297/session/e40d51bc0a479a0d1333a41920d44229/element'
21:25:37.162 [Forwarding findElement on session e40d51bc0a479a0d1333a41920d44229 to remote] DEBUG org.asynchttpclient.netty.request.NettyRequestSender - Using open Channel [id: 0x670eadbe, L:/127.0.0.1:63797 - R:localhost/127.0.0.1:55297] for POST '/session/e40d51bc0a479a0d1333a41920d44229/element'
21:25:37.173 [AsyncHttpClient-1-11] DEBUG org.asynchttpclient.netty.handler.HttpHandler - 

Request DefaultHttpRequest(decodeResult: success, version: HTTP/1.1)
POST /session/e40d51bc0a479a0d1333a41920d44229/element HTTP/1.1
User-Agent: selenium/4.1.2 (java windows)
Content-Length: 77
Content-Type: application/json; charset=utf-8
host: localhost:55297
accept: */*

Response DefaultHttpResponse(decodeResult: success, version: HTTP/1.1)
HTTP/1.1 200 OK
Content-Type: application/json; charset=utf-8
cache-control: no-cache
content-length: 88

21:25:37.174 [AsyncHttpClient-1-11] DEBUG org.asynchttpclient.netty.channel.ChannelManager - Adding key: http://localhost:55297 for channel [id: 0x670eadbe, L:/127.0.0.1:63797 - R:localhost/127.0.0.1:55297]
21:25:37.176 [Forwarding clickElement on session e40d51bc0a479a0d1333a41920d44229 to remote] DEBUG org.asynchttpclient.netty.request.NettyRequestSender - Using pooled Channel '[id: 0x670eadbe, L:/127.0.0.1:63797 - R:localhost/127.0.0.1:55297]' for 'POST' to 'http://localhost:55297/session/e40d51bc0a479a0d1333a41920d44229/element/a7c05ad3-cec3-4646-b129-a6b117a3f65b/click'
21:25:37.176 [Forwarding clickElement on session e40d51bc0a479a0d1333a41920d44229 to remote] DEBUG org.asynchttpclient.netty.request.NettyRequestSender - Using open Channel [id: 0x670eadbe, L:/127.0.0.1:63797 - R:localhost/127.0.0.1:55297] for POST '/session/e40d51bc0a479a0d1333a41920d44229/element/a7c05ad3-cec3-4646-b129-a6b117a3f65b/click'
21:25:37.231 [AsyncHttpClient-1-11] DEBUG org.asynchttpclient.netty.handler.HttpHandler - 

Request DefaultHttpRequest(decodeResult: success, version: HTTP/1.1)
POST /session/e40d51bc0a479a0d1333a41920d44229/element/a7c05ad3-cec3-4646-b129-a6b117a3f65b/click HTTP/1.1
User-Agent: selenium/4.1.2 (java windows)
Content-Length: 50
Content-Type: application/json; charset=utf-8
host: localhost:55297
accept: */*

Response DefaultHttpResponse(decodeResult: success, version: HTTP/1.1)
HTTP/1.1 200 OK
Content-Type: application/json; charset=utf-8
cache-control: no-cache
content-length: 14

21:25:37.231 [AsyncHttpClient-1-11] DEBUG org.asynchttpclient.netty.channel.ChannelManager - Adding key: http://localhost:55297 for channel [id: 0x670eadbe, L:/127.0.0.1:63797 - R:localhost/127.0.0.1:55297]
  &amp#27;[32mAnd &amp#27;[0m&amp#27;[32mI click plus logo&amp#27;[0m                 &amp#27;[90m# starter.stepdefinitions.CartSteps.iClickPlusLogo()&amp#27;[0m
21:25:37.245 [Forwarding screenshot on session e40d51bc0a479a0d1333a41920d44229 to remote] DEBUG org.asynchttpclient.netty.request.NettyRequestSender - Using pooled Channel '[id: 0x670eadbe, L:/127.0.0.1:63797 - R:localhost/127.0.0.1:55297]' for 'GET' to 'http://localhost:55297/session/e40d51bc0a479a0d1333a41920d44229/screenshot'
21:25:37.245 [Forwarding screenshot on session e40d51bc0a479a0d1333a41920d44229 to remote] DEBUG org.asynchttpclient.netty.request.NettyRequestSender - Using open Channel [id: 0x670eadbe, L:/127.0.0.1:63797 - R:localhost/127.0.0.1:55297] for GET '/session/e40d51bc0a479a0d1333a41920d44229/screenshot'
21:25:37.473 [AsyncHttpClient-1-11] DEBUG org.asynchttpclient.netty.handler.HttpHandler - 

Request DefaultFullHttpRequest(decodeResult: success, version: HTTP/1.1, content: EmptyByteBufBE)
GET /session/e40d51bc0a479a0d1333a41920d44229/screenshot HTTP/1.1
User-Agent: selenium/4.1.2 (java windows)
Cache-Control: no-cache
Content-Type: application/json; charset=utf-8
host: localhost:55297
accept: */*

Response DefaultHttpResponse(decodeResult: success, version: HTTP/1.1)
HTTP/1.1 200 OK
Content-Type: application/json; charset=utf-8
cache-control: no-cache
content-length: 51216

21:25:37.474 [AsyncHttpClient-1-11] DEBUG org.asynchttpclient.netty.channel.ChannelManager - Adding key: http://localhost:55297 for channel [id: 0x670eadbe, L:/127.0.0.1:63797 - R:localhost/127.0.0.1:55297]
21:25:37.478 [main] DEBUG net.serenitybdd.core.photography.Darkroom - Send negative for processing for target\site\serenity\69e9bd61614d77c531f645f71f59f46fea79e0a506b134c2182baff552fa7cbd.png
21:25:37.479 [Darkroom Processing Line] DEBUG net.serenitybdd.core.photography.DarkroomProcessingLine - Processing screenshot image in /var/screenshots/screenshot-1723023802158820114
21:25:37.479 [Darkroom Processing Line] DEBUG net.serenitybdd.core.photography.DarkroomProcessingLine - Saving screenshot to target\site\serenity\69e9bd61614d77c531f645f71f59f46fea79e0a506b134c2182baff552fa7cbd.png
21:25:37.493 [Forwarding findElement on session e40d51bc0a479a0d1333a41920d44229 to remote] DEBUG org.asynchttpclient.netty.request.NettyRequestSender - Using pooled Channel '[id: 0x670eadbe, L:/127.0.0.1:63797 - R:localhost/127.0.0.1:55297]' for 'POST' to 'http://localhost:55297/session/e40d51bc0a479a0d1333a41920d44229/element'
21:25:37.493 [Forwarding findElement on session e40d51bc0a479a0d1333a41920d44229 to remote] DEBUG org.asynchttpclient.netty.request.NettyRequestSender - Using open Channel [id: 0x670eadbe, L:/127.0.0.1:63797 - R:localhost/127.0.0.1:55297] for POST '/session/e40d51bc0a479a0d1333a41920d44229/element'
21:25:37.518 [AsyncHttpClient-1-11] DEBUG org.asynchttpclient.netty.handler.HttpHandler - 

Request DefaultHttpRequest(decodeResult: success, version: HTTP/1.1)
POST /session/e40d51bc0a479a0d1333a41920d44229/element HTTP/1.1
User-Agent: selenium/4.1.2 (java windows)
Content-Length: 89
Content-Type: application/json; charset=utf-8
host: localhost:55297
accept: */*

Response DefaultHttpResponse(decodeResult: success, version: HTTP/1.1)
HTTP/1.1 200 OK
Content-Type: application/json; charset=utf-8
cache-control: no-cache
content-length: 88

21:25:37.518 [AsyncHttpClient-1-11] DEBUG org.asynchttpclient.netty.channel.ChannelManager - Adding key: http://localhost:55297 for channel [id: 0x670eadbe, L:/127.0.0.1:63797 - R:localhost/127.0.0.1:55297]
21:25:37.520 [Forwarding getElementText on session e40d51bc0a479a0d1333a41920d44229 to remote] DEBUG org.asynchttpclient.netty.request.NettyRequestSender - Using pooled Channel '[id: 0x670eadbe, L:/127.0.0.1:63797 - R:localhost/127.0.0.1:55297]' for 'GET' to 'http://localhost:55297/session/e40d51bc0a479a0d1333a41920d44229/element/307cb7c7-4e69-4cb4-ac2a-56f1d49c8484/text'
21:25:37.520 [Forwarding getElementText on session e40d51bc0a479a0d1333a41920d44229 to remote] DEBUG org.asynchttpclient.netty.request.NettyRequestSender - Using open Channel [id: 0x670eadbe, L:/127.0.0.1:63797 - R:localhost/127.0.0.1:55297] for GET '/session/e40d51bc0a479a0d1333a41920d44229/element/307cb7c7-4e69-4cb4-ac2a-56f1d49c8484/text'
21:25:37.546 [AsyncHttpClient-1-11] DEBUG org.asynchttpclient.netty.handler.HttpHandler - 

Request DefaultFullHttpRequest(decodeResult: success, version: HTTP/1.1, content: EmptyByteBufBE)
GET /session/e40d51bc0a479a0d1333a41920d44229/element/307cb7c7-4e69-4cb4-ac2a-56f1d49c8484/text HTTP/1.1
User-Agent: selenium/4.1.2 (java windows)
Cache-Control: no-cache
Content-Type: application/json; charset=utf-8
host: localhost:55297
accept: */*

Response DefaultHttpResponse(decodeResult: success, version: HTTP/1.1)
HTTP/1.1 200 OK
Content-Type: application/json; charset=utf-8
cache-control: no-cache
content-length: 13

21:25:37.546 [AsyncHttpClient-1-11] DEBUG org.asynchttpclient.netty.channel.ChannelManager - Adding key: http://localhost:55297 for channel [id: 0x670eadbe, L:/127.0.0.1:63797 - R:localhost/127.0.0.1:55297]
  &amp#27;[32mThen &amp#27;[0m&amp#27;[32mThe quantity of product is added&amp#27;[0m &amp#27;[90m# starter.stepdefinitions.CartSteps.theQuantityOfProductIsAdded()&amp#27;[0m
21:25:37.556 [Forwarding screenshot on session e40d51bc0a479a0d1333a41920d44229 to remote] DEBUG org.asynchttpclient.netty.request.NettyRequestSender - Using pooled Channel '[id: 0x670eadbe, L:/127.0.0.1:63797 - R:localhost/127.0.0.1:55297]' for 'GET' to 'http://localhost:55297/session/e40d51bc0a479a0d1333a41920d44229/screenshot'
21:25:37.556 [Forwarding screenshot on session e40d51bc0a479a0d1333a41920d44229 to remote] DEBUG org.asynchttpclient.netty.request.NettyRequestSender - Using open Channel [id: 0x670eadbe, L:/127.0.0.1:63797 - R:localhost/127.0.0.1:55297] for GET '/session/e40d51bc0a479a0d1333a41920d44229/screenshot'
21:25:37.758 [AsyncHttpClient-1-1] DEBUG org.asynchttpclient.netty.channel.DefaultChannelPool - Entry count for : http://localhost:63798 : 1
21:25:37.773 [AsyncHttpClient-1-11] DEBUG org.asynchttpclient.netty.handler.HttpHandler - 

Request DefaultFullHttpRequest(decodeResult: success, version: HTTP/1.1, content: EmptyByteBufBE)
GET /session/e40d51bc0a479a0d1333a41920d44229/screenshot HTTP/1.1
User-Agent: selenium/4.1.2 (java windows)
Cache-Control: no-cache
Content-Type: application/json; charset=utf-8
host: localhost:55297
accept: */*

Response DefaultHttpResponse(decodeResult: success, version: HTTP/1.1)
HTTP/1.1 200 OK
Content-Type: application/json; charset=utf-8
cache-control: no-cache
content-length: 49864

21:25:37.773 [AsyncHttpClient-1-11] DEBUG org.asynchttpclient.netty.channel.ChannelManager - Adding key: http://localhost:55297 for channel [id: 0x670eadbe, L:/127.0.0.1:63797 - R:localhost/127.0.0.1:55297]
21:25:37.776 [main] DEBUG net.serenitybdd.core.photography.Darkroom - Send negative for processing for target\site\serenity\d30b50a54d3a7fcac68df45ff871b3e28ff71be3c477b21ddac04e08f38b0b6b.png
21:25:37.777 [Darkroom Processing Line] DEBUG net.serenitybdd.core.photography.DarkroomProcessingLine - Processing screenshot image in /var/screenshots/screenshot-1863548881811184272
21:25:37.777 [Darkroom Processing Line] DEBUG net.serenitybdd.core.photography.DarkroomProcessingLine - Saving screenshot to target\site\serenity\d30b50a54d3a7fcac68df45ff871b3e28ff71be3c477b21ddac04e08f38b0b6b.png
21:25:37.778 [main] INFO  - 
  _____   ___   ___   _____     ___     _     ___   ___   ___   ___  
 |_   _| | __| / __| |_   _|   | _ \   /_\   / __| / __| | __| |   \ 
   | |   | _|  \__ \   | |     |  _/  / _ \  \__ \ \__ \ | _|  | |) |
   |_|   |___| |___/   |_|     |_|   /_/ \_\ |___/ |___/ |___| |___/ 

Add Product Quantity
----------------------------------------------------------------------
21:25:37.780 [AsyncHttpClient-1-13] DEBUG org.asynchttpclient.netty.handler.WebSocketHandler - Channel Closed: [id: 0x80a115ab, L:/127.0.0.1:63807 ! R:localhost/127.0.0.1:63798] with attribute NettyResponseFuture{currentRetry=5,
	isDone=1,
	isCancelled=0,
	asyncHandler=org.asynchttpclient.ws.WebSocketUpgradeHandler@1d186503,
	nettyRequest=org.asynchttpclient.netty.request.NettyRequest@581af8c4,
	future=java.util.concurrent.CompletableFuture@4f9ee622[Completed normally],
	uri=ws://localhost:63798/devtools/browser/49778f42-c0d0-47c0-b508-e69f20a233d1,
	keepAlive=true,
	redirectCount=0,
	timeoutsHolder=null,
	inAuth=0,
	touch=1667571931938}
21:25:37.780 [AsyncHttpClient-1-13] DEBUG org.asynchttpclient.netty.channel.ChannelManager - Closing Channel [id: 0x80a115ab, L:/127.0.0.1:63807 ! R:localhost/127.0.0.1:63798] 
21:25:37.781 [Driver Command Executor] DEBUG org.asynchttpclient.netty.request.NettyRequestSender - Using pooled Channel '[id: 0x670eadbe, L:/127.0.0.1:63797 - R:localhost/127.0.0.1:55297]' for 'DELETE' to 'http://localhost:55297/session/e40d51bc0a479a0d1333a41920d44229'
21:25:37.781 [Driver Command Executor] DEBUG org.asynchttpclient.netty.request.NettyRequestSender - Using open Channel [id: 0x670eadbe, L:/127.0.0.1:63797 - R:localhost/127.0.0.1:55297] for DELETE '/session/e40d51bc0a479a0d1333a41920d44229'
21:25:37.863 [AsyncHttpClient-1-12] DEBUG org.asynchttpclient.netty.handler.HttpHandler - Unexpected I/O exception on channel [id: 0xaae65dde, L:/127.0.0.1:63806 - R:localhost/127.0.0.1:63798]
java.net.SocketException: Connection reset
	at java.base/sun.nio.ch.SocketChannelImpl.throwConnectionReset(SocketChannelImpl.java:345)
	at java.base/sun.nio.ch.SocketChannelImpl.read(SocketChannelImpl.java:376)
	at io.netty.buffer.PooledByteBuf.setBytes(PooledByteBuf.java:258)
	at io.netty.buffer.AbstractByteBuf.writeBytes(AbstractByteBuf.java:1132)
	at io.netty.channel.socket.nio.NioSocketChannel.doReadBytes(NioSocketChannel.java:350)
	at io.netty.channel.nio.AbstractNioByteChannel$NioByteUnsafe.read(AbstractNioByteChannel.java:151)
	at io.netty.channel.nio.NioEventLoop.processSelectedKey(NioEventLoop.java:722)
	at io.netty.channel.nio.NioEventLoop.processSelectedKeysOptimized(NioEventLoop.java:658)
	at io.netty.channel.nio.NioEventLoop.processSelectedKeys(NioEventLoop.java:584)
	at io.netty.channel.nio.NioEventLoop.run(NioEventLoop.java:496)
	at io.netty.util.concurrent.SingleThreadEventExecutor$4.run(SingleThreadEventExecutor.java:986)
	at io.netty.util.internal.ThreadExecutorMap$2.run(ThreadExecutorMap.java:74)
	at io.netty.util.concurrent.FastThreadLocalRunnable.run(FastThreadLocalRunnable.java:30)
	at java.base/java.lang.Thread.run(Thread.java:830)
21:25:37.863 [AsyncHttpClient-1-12] DEBUG org.asynchttpclient.netty.channel.ChannelManager - Closing Channel [id: 0xaae65dde, L:/127.0.0.1:63806 - R:localhost/127.0.0.1:63798] 
21:25:37.863 [AsyncHttpClient-1-12] DEBUG org.asynchttpclient.netty.handler.HttpHandler - Channel Closed: [id: 0xaae65dde, L:/127.0.0.1:63806 ! R:localhost/127.0.0.1:63798] with attribute DISCARD
21:25:37.917 [AsyncHttpClient-1-11] DEBUG org.asynchttpclient.netty.handler.HttpHandler - 

Request DefaultFullHttpRequest(decodeResult: success, version: HTTP/1.1, content: EmptyByteBufBE)
DELETE /session/e40d51bc0a479a0d1333a41920d44229 HTTP/1.1
User-Agent: selenium/4.1.2 (java windows)
Content-Type: application/json; charset=utf-8
host: localhost:55297
accept: */*

Response DefaultHttpResponse(decodeResult: success, version: HTTP/1.1)
HTTP/1.1 200 OK
Content-Type: application/json; charset=utf-8
cache-control: no-cache
content-length: 14

21:25:37.917 [AsyncHttpClient-1-11] DEBUG org.asynchttpclient.netty.channel.ChannelManager - Adding key: http://localhost:55297 for channel [id: 0x670eadbe, L:/127.0.0.1:63797 - R:localhost/127.0.0.1:55297]
21:25:37.999 [AsyncHttpClient-1-11] DEBUG org.asynchttpclient.netty.handler.HttpHandler - Channel Closed: [id: 0x670eadbe, L:/127.0.0.1:63797 ! R:localhost/127.0.0.1:55297] with attribute DISCARD
]]></system-out>
    <system-err><![CDATA[Starting ChromeDriver 106.0.5249.61 (511755355844955cd3e264779baf0dd38212a4d0-refs/branch-heads/5249@{#569}) on port 55297
Only local connections are allowed.
Please see https://chromedriver.chromium.org/security-considerations for suggestions on keeping ChromeDriver safe.
ChromeDriver was started successfully.
[1667571931.234][WARNING]: This version of ChromeDriver has not been tested with Chrome version 107.
Nov 04, 2022 9:25:31 PM org.openqa.selenium.remote.ProtocolHandshake createSession
INFO: Detected dialect: W3C
Nov 04, 2022 9:25:31 PM org.openqa.selenium.devtools.CdpVersionFinder findNearestMatch
WARNING: Unable to find an exact match for CDP version 107, so returning the closest version found: a no-op implementation
Nov 04, 2022 9:25:31 PM org.openqa.selenium.devtools.CdpVersionFinder findNearestMatch
INFO: Unable to find CDP implementation matching 107.
Nov 04, 2022 9:25:31 PM org.openqa.selenium.chromium.ChromiumDriver lambda$new$3
WARNING: Unable to find version of CDP to use for . You may need to include a dependency on a specific version of the CDP using something similar to `org.seleniumhq.selenium:selenium-devtools-v86:4.1.2` where the version ("v86") matches the version of the chromium-based browser you're using and the version number of the artifact is the same as Selenium's.
]]></system-err>
  </testcase>
  <testcase name="Reduce Product Quantity" classname="Manage Cart" time="8.829">
    <system-out><![CDATA[
@Cart
Scenario: Reduce Product Quantity         &amp#27;[90m# src/test/resources/features/Cart.feature:33&amp#27;[0m
21:25:38.540 [main] INFO io.cucumber.core.plugin.SerenityReporter - Running feature from file:///C:/Users/ASUS/Desktop/stupen/miniproject/Web/ASWeb/src/test/resources/features/Cart.feature
21:25:38.542 [main] INFO  - 
  _____   ___   ___   _____     ___   _____     _     ___   _____   ___   ___  
 |_   _| | __| / __| |_   _|   / __| |_   _|   /_\   | _ \ |_   _| | __| |   \ 
   | |   | _|  \__ \   | |     \__ \   | |    / _ \  |   /   | |   | _|  | |) |
   |_|   |___| |___/   |_|     |___/   |_|   /_/ \_\ |_|_\   |_|   |___| |___/ 

Reduce Product Quantity(manage-cart;reduce-product-quantity)
--------------------------------------------------------------------------------
21:25:38.554 [main] INFO net.serenitybdd.core.webdriver.driverproviders.ChromeDriverProvider - Using automatically driver download
21:25:38.677 [main] DEBUG io.github.bonigarcia.wdm.cache.ResolutionCache - Resolution chrome=107 in cache (valid until 22:24:57 04/11/2022 WIB)
21:25:38.682 [main] DEBUG io.github.bonigarcia.wdm.cache.ResolutionCache - Resolution chrome107=107.0.5304.62 in cache (valid until 21:24:57 05/11/2022 WIB)
21:25:38.684 [main] INFO io.github.bonigarcia.wdm.WebDriverManager - Using chromedriver 107.0.5304.62 (resolved driver for Chrome 107)
21:25:38.701 [main] DEBUG io.github.bonigarcia.wdm.WebDriverManager - Driver chromedriver 107.0.5304.62 found in cache
21:25:38.702 [main] INFO io.github.bonigarcia.wdm.WebDriverManager - Exporting webdriver.chrome.driver as C:\Users\ASUS\.cache\selenium\chromedriver\win32\107.0.5304.62\chromedriver.exe
21:25:38.855 [AsyncHttpClient-1-1] DEBUG org.asynchttpclient.netty.channel.DefaultChannelPool - Entry count for : http://localhost:55297 : 1
21:25:38.855 [AsyncHttpClient-1-1] DEBUG org.asynchttpclient.netty.channel.DefaultChannelPool - Entry count for : http://localhost:63798 : 1
21:25:38.855 [AsyncHttpClient-1-1] DEBUG org.asynchttpclient.netty.channel.DefaultChannelPool - Adding Candidate expired Channel [id: 0x670eadbe, L:/127.0.0.1:63797 ! R:localhost/127.0.0.1:55297] isIdleTimeoutExpired=false isRemotelyClosed=true isTtlExpired=false
21:25:38.855 [AsyncHttpClient-1-1] DEBUG org.asynchttpclient.netty.channel.DefaultChannelPool - Closing Idle Channel [id: 0x670eadbe, L:/127.0.0.1:63797 ! R:localhost/127.0.0.1:55297]
21:25:38.855 [AsyncHttpClient-1-1] DEBUG org.asynchttpclient.netty.channel.DefaultChannelPool - Adding Candidate expired Channel [id: 0xaae65dde, L:/127.0.0.1:63806 ! R:localhost/127.0.0.1:63798] isIdleTimeoutExpired=false isRemotelyClosed=true isTtlExpired=false
21:25:38.855 [AsyncHttpClient-1-1] DEBUG org.asynchttpclient.netty.channel.DefaultChannelPool - Closing Idle Channel [id: 0xaae65dde, L:/127.0.0.1:63806 ! R:localhost/127.0.0.1:63798]
21:25:38.855 [AsyncHttpClient-1-1] DEBUG org.asynchttpclient.netty.channel.DefaultChannelPool - Closed 2 connections out of 2 in 0 ms
21:25:38.867 [main] DEBUG net.serenitybdd.core.webdriver.driverproviders.ProvideNewDriver - Instantiating driver
21:25:38.867 [main] DEBUG net.serenitybdd.core.webdriver.driverproviders.ProvideNewDriver - Driver capabilities: Capabilities {acceptInsecureCerts: false, base.url: https://alta-shop.vercel.app/, browserName: chrome, chrome.driver: src/test/resources/webdrive..., driver: chrome, goog:chromeOptions: {args: [], extensions: []}, wait.for.timeout: 10000}
21:25:39.420 [AsyncHttpClient-1-14] DEBUG org.asynchttpclient.netty.channel.NettyConnectListener - Using new Channel '[id: 0xe0fb88cb, L:/127.0.0.1:63828 - R:localhost/127.0.0.1:57209]' for 'POST' to '/session'
21:25:40.426 [AsyncHttpClient-1-14] DEBUG org.asynchttpclient.netty.handler.HttpHandler - 

Request DefaultHttpRequest(decodeResult: success, version: HTTP/1.1)
POST /session HTTP/1.1
User-Agent: selenium/4.1.2 (java windows)
Content-Length: 646
Content-Type: application/json; charset=utf-8
host: localhost:57209
accept: */*

Response DefaultHttpResponse(decodeResult: success, version: HTTP/1.1)
HTTP/1.1 200 OK
Content-Type: application/json; charset=utf-8
cache-control: no-cache
content-length: 787

21:25:40.426 [AsyncHttpClient-1-14] DEBUG org.asynchttpclient.netty.channel.ChannelManager - Adding key: http://localhost:57209 for channel [id: 0xe0fb88cb, L:/127.0.0.1:63828 - R:localhost/127.0.0.1:57209]
21:25:40.439 [AsyncHttpClient-1-15] DEBUG org.asynchttpclient.netty.channel.NettyConnectListener - Using new Channel '[id: 0x8990494e, L:/127.0.0.1:63836 - R:localhost/127.0.0.1:63829]' for 'GET' to '/json/version'
21:25:40.446 [AsyncHttpClient-1-15] DEBUG org.asynchttpclient.netty.handler.HttpHandler - 

Request DefaultFullHttpRequest(decodeResult: success, version: HTTP/1.1, content: EmptyByteBufBE)
GET /json/version HTTP/1.1
User-Agent: selenium/4.1.2 (java windows)
host: localhost:63829
accept: */*

Response DefaultHttpResponse(decodeResult: success, version: HTTP/1.1)
HTTP/1.1 200 OK
Content-Type: application/json; charset=UTF-8
content-length: 423

21:25:40.447 [AsyncHttpClient-1-15] DEBUG org.asynchttpclient.netty.channel.ChannelManager - Adding key: http://localhost:63829 for channel [id: 0x8990494e, L:/127.0.0.1:63836 - R:localhost/127.0.0.1:63829]
21:25:40.451 [AsyncHttpClient-1-16] DEBUG org.asynchttpclient.netty.channel.NettyConnectListener - Using new Channel '[id: 0x243f5543, L:/127.0.0.1:63837 - R:localhost/127.0.0.1:63829]' for 'GET' to '/devtools/browser/b98a1c38-2032-4d0c-a4e5-d0d896350eff'
21:25:40.458 [AsyncHttpClient-1-16] DEBUG org.asynchttpclient.netty.handler.WebSocketHandler - 

Request DefaultFullHttpRequest(decodeResult: success, version: HTTP/1.1, content: EmptyByteBufBE)
GET /devtools/browser/b98a1c38-2032-4d0c-a4e5-d0d896350eff HTTP/1.1
upgrade: websocket
connection: upgrade
sec-websocket-key: LxaOUNfkRZM+ObnA5kdqcA==
sec-websocket-version: 13
origin: http://localhost:63829
host: localhost:63829
accept: */*
user-agent: AHC/2.1

Response DefaultHttpResponse(decodeResult: success, version: HTTP/1.1)
HTTP/1.1 101 WebSocket Protocol Handshake
Upgrade: WebSocket
Connection: Upgrade
Sec-WebSocket-Accept: eV3RAmyGbVNS7f/wYc8fqSXcfpQ=

21:25:40.463 [Forwarding get on session 662c6260dc99e38c9ab9b493bdd08986 to remote] DEBUG org.asynchttpclient.netty.request.NettyRequestSender - Using pooled Channel '[id: 0xe0fb88cb, L:/127.0.0.1:63828 - R:localhost/127.0.0.1:57209]' for 'POST' to 'http://localhost:57209/session/662c6260dc99e38c9ab9b493bdd08986/url'
21:25:40.463 [Forwarding get on session 662c6260dc99e38c9ab9b493bdd08986 to remote] DEBUG org.asynchttpclient.netty.request.NettyRequestSender - Using open Channel [id: 0xe0fb88cb, L:/127.0.0.1:63828 - R:localhost/127.0.0.1:57209] for POST '/session/662c6260dc99e38c9ab9b493bdd08986/url'
21:25:41.053 [AsyncHttpClient-1-1] DEBUG org.asynchttpclient.netty.channel.DefaultChannelPool - Entry count for : http://localhost:63829 : 1
21:25:41.136 [AsyncHttpClient-1-14] DEBUG org.asynchttpclient.netty.handler.HttpHandler - 

Request DefaultHttpRequest(decodeResult: success, version: HTTP/1.1)
POST /session/662c6260dc99e38c9ab9b493bdd08986/url HTTP/1.1
User-Agent: selenium/4.1.2 (java windows)
Content-Length: 59
Content-Type: application/json; charset=utf-8
host: localhost:57209
accept: */*

Response DefaultHttpResponse(decodeResult: success, version: HTTP/1.1)
HTTP/1.1 200 OK
Content-Type: application/json; charset=utf-8
cache-control: no-cache
content-length: 14

21:25:41.136 [AsyncHttpClient-1-14] DEBUG org.asynchttpclient.netty.channel.ChannelManager - Adding key: http://localhost:57209 for channel [id: 0xe0fb88cb, L:/127.0.0.1:63828 - R:localhost/127.0.0.1:57209]
21:25:41.139 [Forwarding setTimeout on session 662c6260dc99e38c9ab9b493bdd08986 to remote] DEBUG org.asynchttpclient.netty.request.NettyRequestSender - Using pooled Channel '[id: 0xe0fb88cb, L:/127.0.0.1:63828 - R:localhost/127.0.0.1:57209]' for 'POST' to 'http://localhost:57209/session/662c6260dc99e38c9ab9b493bdd08986/timeouts'
21:25:41.139 [Forwarding setTimeout on session 662c6260dc99e38c9ab9b493bdd08986 to remote] DEBUG org.asynchttpclient.netty.request.NettyRequestSender - Using open Channel [id: 0xe0fb88cb, L:/127.0.0.1:63828 - R:localhost/127.0.0.1:57209] for POST '/session/662c6260dc99e38c9ab9b493bdd08986/timeouts'
21:25:41.140 [AsyncHttpClient-1-14] DEBUG org.asynchttpclient.netty.handler.HttpHandler - 

Request DefaultHttpRequest(decodeResult: success, version: HTTP/1.1)
POST /session/662c6260dc99e38c9ab9b493bdd08986/timeouts HTTP/1.1
User-Agent: selenium/4.1.2 (java windows)
Content-Length: 22
Content-Type: application/json; charset=utf-8
host: localhost:57209
accept: */*

Response DefaultHttpResponse(decodeResult: success, version: HTTP/1.1)
HTTP/1.1 200 OK
Content-Type: application/json; charset=utf-8
cache-control: no-cache
content-length: 14

21:25:41.140 [AsyncHttpClient-1-14] DEBUG org.asynchttpclient.netty.channel.ChannelManager - Adding key: http://localhost:57209 for channel [id: 0xe0fb88cb, L:/127.0.0.1:63828 - R:localhost/127.0.0.1:57209]
21:25:41.144 [Forwarding getCurrentUrl on session 662c6260dc99e38c9ab9b493bdd08986 to remote] DEBUG org.asynchttpclient.netty.request.NettyRequestSender - Using pooled Channel '[id: 0xe0fb88cb, L:/127.0.0.1:63828 - R:localhost/127.0.0.1:57209]' for 'GET' to 'http://localhost:57209/session/662c6260dc99e38c9ab9b493bdd08986/url'
21:25:41.144 [Forwarding getCurrentUrl on session 662c6260dc99e38c9ab9b493bdd08986 to remote] DEBUG org.asynchttpclient.netty.request.NettyRequestSender - Using open Channel [id: 0xe0fb88cb, L:/127.0.0.1:63828 - R:localhost/127.0.0.1:57209] for GET '/session/662c6260dc99e38c9ab9b493bdd08986/url'
21:25:41.150 [AsyncHttpClient-1-14] DEBUG org.asynchttpclient.netty.handler.HttpHandler - 

Request DefaultFullHttpRequest(decodeResult: success, version: HTTP/1.1, content: EmptyByteBufBE)
GET /session/662c6260dc99e38c9ab9b493bdd08986/url HTTP/1.1
User-Agent: selenium/4.1.2 (java windows)
Cache-Control: no-cache
Content-Type: application/json; charset=utf-8
host: localhost:57209
accept: */*

Response DefaultHttpResponse(decodeResult: success, version: HTTP/1.1)
HTTP/1.1 200 OK
Content-Type: application/json; charset=utf-8
cache-control: no-cache
content-length: 41

21:25:41.150 [AsyncHttpClient-1-14] DEBUG org.asynchttpclient.netty.channel.ChannelManager - Adding key: http://localhost:57209 for channel [id: 0xe0fb88cb, L:/127.0.0.1:63828 - R:localhost/127.0.0.1:57209]
  &amp#27;[32mGiven &amp#27;[0m&amp#27;[32mI open homepage url&amp#27;[0m               &amp#27;[90m# starter.stepdefinitions.CartSteps.iOpenHomepageUrl()&amp#27;[0m
21:25:41.157 [Forwarding screenshot on session 662c6260dc99e38c9ab9b493bdd08986 to remote] DEBUG org.asynchttpclient.netty.request.NettyRequestSender - Using pooled Channel '[id: 0xe0fb88cb, L:/127.0.0.1:63828 - R:localhost/127.0.0.1:57209]' for 'GET' to 'http://localhost:57209/session/662c6260dc99e38c9ab9b493bdd08986/screenshot'
21:25:41.157 [Forwarding screenshot on session 662c6260dc99e38c9ab9b493bdd08986 to remote] DEBUG org.asynchttpclient.netty.request.NettyRequestSender - Using open Channel [id: 0xe0fb88cb, L:/127.0.0.1:63828 - R:localhost/127.0.0.1:57209] for GET '/session/662c6260dc99e38c9ab9b493bdd08986/screenshot'
21:25:41.631 [AsyncHttpClient-1-14] DEBUG org.asynchttpclient.netty.handler.HttpHandler - 

Request DefaultFullHttpRequest(decodeResult: success, version: HTTP/1.1, content: EmptyByteBufBE)
GET /session/662c6260dc99e38c9ab9b493bdd08986/screenshot HTTP/1.1
User-Agent: selenium/4.1.2 (java windows)
Cache-Control: no-cache
Content-Type: application/json; charset=utf-8
host: localhost:57209
accept: */*

Response DefaultHttpResponse(decodeResult: success, version: HTTP/1.1)
HTTP/1.1 200 OK
Content-Type: application/json; charset=utf-8
cache-control: no-cache
content-length: 46152

21:25:41.631 [AsyncHttpClient-1-14] DEBUG org.asynchttpclient.netty.channel.ChannelManager - Adding key: http://localhost:57209 for channel [id: 0xe0fb88cb, L:/127.0.0.1:63828 - R:localhost/127.0.0.1:57209]
21:25:41.634 [main] DEBUG net.serenitybdd.core.photography.Darkroom - Send negative for processing for target\site\serenity\f26e8a1ac22a4a6b3038427bfad74a17d14de029577a2756d3d0b6eec43d3114.png
21:25:41.634 [Darkroom Processing Line] DEBUG net.serenitybdd.core.photography.DarkroomProcessingLine - Processing screenshot image in /var/screenshots/screenshot-809034536769570724
21:25:41.634 [Darkroom Processing Line] DEBUG net.serenitybdd.core.photography.DarkroomProcessingLine - Saving screenshot to target\site\serenity\f26e8a1ac22a4a6b3038427bfad74a17d14de029577a2756d3d0b6eec43d3114.png
21:25:41.646 [Forwarding get on session 662c6260dc99e38c9ab9b493bdd08986 to remote] DEBUG org.asynchttpclient.netty.request.NettyRequestSender - Using pooled Channel '[id: 0xe0fb88cb, L:/127.0.0.1:63828 - R:localhost/127.0.0.1:57209]' for 'POST' to 'http://localhost:57209/session/662c6260dc99e38c9ab9b493bdd08986/url'
21:25:41.646 [Forwarding get on session 662c6260dc99e38c9ab9b493bdd08986 to remote] DEBUG org.asynchttpclient.netty.request.NettyRequestSender - Using open Channel [id: 0xe0fb88cb, L:/127.0.0.1:63828 - R:localhost/127.0.0.1:57209] for POST '/session/662c6260dc99e38c9ab9b493bdd08986/url'
21:25:41.860 [AsyncHttpClient-1-14] DEBUG org.asynchttpclient.netty.handler.HttpHandler - 

Request DefaultHttpRequest(decodeResult: success, version: HTTP/1.1)
POST /session/662c6260dc99e38c9ab9b493bdd08986/url HTTP/1.1
User-Agent: selenium/4.1.2 (java windows)
Content-Length: 59
Content-Type: application/json; charset=utf-8
host: localhost:57209
accept: */*

Response DefaultHttpResponse(decodeResult: success, version: HTTP/1.1)
HTTP/1.1 200 OK
Content-Type: application/json; charset=utf-8
cache-control: no-cache
content-length: 14

21:25:41.861 [AsyncHttpClient-1-14] DEBUG org.asynchttpclient.netty.channel.ChannelManager - Adding key: http://localhost:57209 for channel [id: 0xe0fb88cb, L:/127.0.0.1:63828 - R:localhost/127.0.0.1:57209]
21:25:41.864 [Forwarding getCurrentUrl on session 662c6260dc99e38c9ab9b493bdd08986 to remote] DEBUG org.asynchttpclient.netty.request.NettyRequestSender - Using pooled Channel '[id: 0xe0fb88cb, L:/127.0.0.1:63828 - R:localhost/127.0.0.1:57209]' for 'GET' to 'http://localhost:57209/session/662c6260dc99e38c9ab9b493bdd08986/url'
21:25:41.864 [Forwarding getCurrentUrl on session 662c6260dc99e38c9ab9b493bdd08986 to remote] DEBUG org.asynchttpclient.netty.request.NettyRequestSender - Using open Channel [id: 0xe0fb88cb, L:/127.0.0.1:63828 - R:localhost/127.0.0.1:57209] for GET '/session/662c6260dc99e38c9ab9b493bdd08986/url'
21:25:41.869 [AsyncHttpClient-1-14] DEBUG org.asynchttpclient.netty.handler.HttpHandler - 

Request DefaultFullHttpRequest(decodeResult: success, version: HTTP/1.1, content: EmptyByteBufBE)
GET /session/662c6260dc99e38c9ab9b493bdd08986/url HTTP/1.1
User-Agent: selenium/4.1.2 (java windows)
Cache-Control: no-cache
Content-Type: application/json; charset=utf-8
host: localhost:57209
accept: */*

Response DefaultHttpResponse(decodeResult: success, version: HTTP/1.1)
HTTP/1.1 200 OK
Content-Type: application/json; charset=utf-8
cache-control: no-cache
content-length: 41

21:25:41.869 [AsyncHttpClient-1-14] DEBUG org.asynchttpclient.netty.channel.ChannelManager - Adding key: http://localhost:57209 for channel [id: 0xe0fb88cb, L:/127.0.0.1:63828 - R:localhost/127.0.0.1:57209]
21:25:41.876 [Forwarding findElement on session 662c6260dc99e38c9ab9b493bdd08986 to remote] DEBUG org.asynchttpclient.netty.request.NettyRequestSender - Using pooled Channel '[id: 0xe0fb88cb, L:/127.0.0.1:63828 - R:localhost/127.0.0.1:57209]' for 'POST' to 'http://localhost:57209/session/662c6260dc99e38c9ab9b493bdd08986/element'
21:25:41.876 [Forwarding findElement on session 662c6260dc99e38c9ab9b493bdd08986 to remote] DEBUG org.asynchttpclient.netty.request.NettyRequestSender - Using open Channel [id: 0xe0fb88cb, L:/127.0.0.1:63828 - R:localhost/127.0.0.1:57209] for POST '/session/662c6260dc99e38c9ab9b493bdd08986/element'
21:25:42.152 [AsyncHttpClient-1-1] DEBUG org.asynchttpclient.netty.channel.DefaultChannelPool - Entry count for : http://localhost:63829 : 1
21:25:43.257 [AsyncHttpClient-1-1] DEBUG org.asynchttpclient.netty.channel.DefaultChannelPool - Entry count for : http://localhost:63829 : 1
21:25:44.351 [AsyncHttpClient-1-1] DEBUG org.asynchttpclient.netty.channel.DefaultChannelPool - Entry count for : http://localhost:63829 : 1
21:25:44.574 [AsyncHttpClient-1-14] DEBUG org.asynchttpclient.netty.handler.HttpHandler - 

Request DefaultHttpRequest(decodeResult: success, version: HTTP/1.1)
POST /session/662c6260dc99e38c9ab9b493bdd08986/element HTTP/1.1
User-Agent: selenium/4.1.2 (java windows)
Content-Length: 85
Content-Type: application/json; charset=utf-8
host: localhost:57209
accept: */*

Response DefaultHttpResponse(decodeResult: success, version: HTTP/1.1)
HTTP/1.1 200 OK
Content-Type: application/json; charset=utf-8
cache-control: no-cache
content-length: 88

21:25:44.575 [AsyncHttpClient-1-14] DEBUG org.asynchttpclient.netty.channel.ChannelManager - Adding key: http://localhost:57209 for channel [id: 0xe0fb88cb, L:/127.0.0.1:63828 - R:localhost/127.0.0.1:57209]
21:25:44.577 [Forwarding getElementTagName on session 662c6260dc99e38c9ab9b493bdd08986 to remote] DEBUG org.asynchttpclient.netty.request.NettyRequestSender - Using pooled Channel '[id: 0xe0fb88cb, L:/127.0.0.1:63828 - R:localhost/127.0.0.1:57209]' for 'GET' to 'http://localhost:57209/session/662c6260dc99e38c9ab9b493bdd08986/element/9c7e5a80-2076-48cb-86d7-9bc7bec2e7b3/name'
21:25:44.577 [Forwarding getElementTagName on session 662c6260dc99e38c9ab9b493bdd08986 to remote] DEBUG org.asynchttpclient.netty.request.NettyRequestSender - Using open Channel [id: 0xe0fb88cb, L:/127.0.0.1:63828 - R:localhost/127.0.0.1:57209] for GET '/session/662c6260dc99e38c9ab9b493bdd08986/element/9c7e5a80-2076-48cb-86d7-9bc7bec2e7b3/name'
21:25:44.583 [AsyncHttpClient-1-14] DEBUG org.asynchttpclient.netty.handler.HttpHandler - 

Request DefaultFullHttpRequest(decodeResult: success, version: HTTP/1.1, content: EmptyByteBufBE)
GET /session/662c6260dc99e38c9ab9b493bdd08986/element/9c7e5a80-2076-48cb-86d7-9bc7bec2e7b3/name HTTP/1.1
User-Agent: selenium/4.1.2 (java windows)
Cache-Control: no-cache
Content-Type: application/json; charset=utf-8
host: localhost:57209
accept: */*

Response DefaultHttpResponse(decodeResult: success, version: HTTP/1.1)
HTTP/1.1 200 OK
Content-Type: application/json; charset=utf-8
cache-control: no-cache
content-length: 16

21:25:44.583 [AsyncHttpClient-1-14] DEBUG org.asynchttpclient.netty.channel.ChannelManager - Adding key: http://localhost:57209 for channel [id: 0xe0fb88cb, L:/127.0.0.1:63828 - R:localhost/127.0.0.1:57209]
21:25:44.585 [Forwarding getElementTagName on session 662c6260dc99e38c9ab9b493bdd08986 to remote] DEBUG org.asynchttpclient.netty.request.NettyRequestSender - Using pooled Channel '[id: 0xe0fb88cb, L:/127.0.0.1:63828 - R:localhost/127.0.0.1:57209]' for 'GET' to 'http://localhost:57209/session/662c6260dc99e38c9ab9b493bdd08986/element/9c7e5a80-2076-48cb-86d7-9bc7bec2e7b3/name'
21:25:44.585 [Forwarding getElementTagName on session 662c6260dc99e38c9ab9b493bdd08986 to remote] DEBUG org.asynchttpclient.netty.request.NettyRequestSender - Using open Channel [id: 0xe0fb88cb, L:/127.0.0.1:63828 - R:localhost/127.0.0.1:57209] for GET '/session/662c6260dc99e38c9ab9b493bdd08986/element/9c7e5a80-2076-48cb-86d7-9bc7bec2e7b3/name'
21:25:44.590 [AsyncHttpClient-1-14] DEBUG org.asynchttpclient.netty.handler.HttpHandler - 

Request DefaultFullHttpRequest(decodeResult: success, version: HTTP/1.1, content: EmptyByteBufBE)
GET /session/662c6260dc99e38c9ab9b493bdd08986/element/9c7e5a80-2076-48cb-86d7-9bc7bec2e7b3/name HTTP/1.1
User-Agent: selenium/4.1.2 (java windows)
Cache-Control: no-cache
Content-Type: application/json; charset=utf-8
host: localhost:57209
accept: */*

Response DefaultHttpResponse(decodeResult: success, version: HTTP/1.1)
HTTP/1.1 200 OK
Content-Type: application/json; charset=utf-8
cache-control: no-cache
content-length: 16

21:25:44.590 [AsyncHttpClient-1-14] DEBUG org.asynchttpclient.netty.channel.ChannelManager - Adding key: http://localhost:57209 for channel [id: 0xe0fb88cb, L:/127.0.0.1:63828 - R:localhost/127.0.0.1:57209]
21:25:44.593 [Forwarding findElement on session 662c6260dc99e38c9ab9b493bdd08986 to remote] DEBUG org.asynchttpclient.netty.request.NettyRequestSender - Using pooled Channel '[id: 0xe0fb88cb, L:/127.0.0.1:63828 - R:localhost/127.0.0.1:57209]' for 'POST' to 'http://localhost:57209/session/662c6260dc99e38c9ab9b493bdd08986/element'
21:25:44.593 [Forwarding findElement on session 662c6260dc99e38c9ab9b493bdd08986 to remote] DEBUG org.asynchttpclient.netty.request.NettyRequestSender - Using open Channel [id: 0xe0fb88cb, L:/127.0.0.1:63828 - R:localhost/127.0.0.1:57209] for POST '/session/662c6260dc99e38c9ab9b493bdd08986/element'
21:25:44.607 [AsyncHttpClient-1-14] DEBUG org.asynchttpclient.netty.handler.HttpHandler - 

Request DefaultHttpRequest(decodeResult: success, version: HTTP/1.1)
POST /session/662c6260dc99e38c9ab9b493bdd08986/element HTTP/1.1
User-Agent: selenium/4.1.2 (java windows)
Content-Length: 85
Content-Type: application/json; charset=utf-8
host: localhost:57209
accept: */*

Response DefaultHttpResponse(decodeResult: success, version: HTTP/1.1)
HTTP/1.1 200 OK
Content-Type: application/json; charset=utf-8
cache-control: no-cache
content-length: 88

21:25:44.608 [AsyncHttpClient-1-14] DEBUG org.asynchttpclient.netty.channel.ChannelManager - Adding key: http://localhost:57209 for channel [id: 0xe0fb88cb, L:/127.0.0.1:63828 - R:localhost/127.0.0.1:57209]
21:25:44.609 [Forwarding clickElement on session 662c6260dc99e38c9ab9b493bdd08986 to remote] DEBUG org.asynchttpclient.netty.request.NettyRequestSender - Using pooled Channel '[id: 0xe0fb88cb, L:/127.0.0.1:63828 - R:localhost/127.0.0.1:57209]' for 'POST' to 'http://localhost:57209/session/662c6260dc99e38c9ab9b493bdd08986/element/9c7e5a80-2076-48cb-86d7-9bc7bec2e7b3/click'
21:25:44.610 [Forwarding clickElement on session 662c6260dc99e38c9ab9b493bdd08986 to remote] DEBUG org.asynchttpclient.netty.request.NettyRequestSender - Using open Channel [id: 0xe0fb88cb, L:/127.0.0.1:63828 - R:localhost/127.0.0.1:57209] for POST '/session/662c6260dc99e38c9ab9b493bdd08986/element/9c7e5a80-2076-48cb-86d7-9bc7bec2e7b3/click'
21:25:44.700 [AsyncHttpClient-1-14] DEBUG org.asynchttpclient.netty.handler.HttpHandler - 

Request DefaultHttpRequest(decodeResult: success, version: HTTP/1.1)
POST /session/662c6260dc99e38c9ab9b493bdd08986/element/9c7e5a80-2076-48cb-86d7-9bc7bec2e7b3/click HTTP/1.1
User-Agent: selenium/4.1.2 (java windows)
Content-Length: 50
Content-Type: application/json; charset=utf-8
host: localhost:57209
accept: */*

Response DefaultHttpResponse(decodeResult: success, version: HTTP/1.1)
HTTP/1.1 200 OK
Content-Type: application/json; charset=utf-8
cache-control: no-cache
content-length: 14

21:25:44.700 [AsyncHttpClient-1-14] DEBUG org.asynchttpclient.netty.channel.ChannelManager - Adding key: http://localhost:57209 for channel [id: 0xe0fb88cb, L:/127.0.0.1:63828 - R:localhost/127.0.0.1:57209]
21:25:44.707 [Forwarding findElement on session 662c6260dc99e38c9ab9b493bdd08986 to remote] DEBUG org.asynchttpclient.netty.request.NettyRequestSender - Using pooled Channel '[id: 0xe0fb88cb, L:/127.0.0.1:63828 - R:localhost/127.0.0.1:57209]' for 'POST' to 'http://localhost:57209/session/662c6260dc99e38c9ab9b493bdd08986/element'
21:25:44.707 [Forwarding findElement on session 662c6260dc99e38c9ab9b493bdd08986 to remote] DEBUG org.asynchttpclient.netty.request.NettyRequestSender - Using open Channel [id: 0xe0fb88cb, L:/127.0.0.1:63828 - R:localhost/127.0.0.1:57209] for POST '/session/662c6260dc99e38c9ab9b493bdd08986/element'
21:25:44.724 [AsyncHttpClient-1-14] DEBUG org.asynchttpclient.netty.handler.HttpHandler - 

Request DefaultHttpRequest(decodeResult: success, version: HTTP/1.1)
POST /session/662c6260dc99e38c9ab9b493bdd08986/element HTTP/1.1
User-Agent: selenium/4.1.2 (java windows)
Content-Length: 85
Content-Type: application/json; charset=utf-8
host: localhost:57209
accept: */*

Response DefaultHttpResponse(decodeResult: success, version: HTTP/1.1)
HTTP/1.1 200 OK
Content-Type: application/json; charset=utf-8
cache-control: no-cache
content-length: 88

21:25:44.724 [AsyncHttpClient-1-14] DEBUG org.asynchttpclient.netty.channel.ChannelManager - Adding key: http://localhost:57209 for channel [id: 0xe0fb88cb, L:/127.0.0.1:63828 - R:localhost/127.0.0.1:57209]
21:25:44.726 [Forwarding getElementTagName on session 662c6260dc99e38c9ab9b493bdd08986 to remote] DEBUG org.asynchttpclient.netty.request.NettyRequestSender - Using pooled Channel '[id: 0xe0fb88cb, L:/127.0.0.1:63828 - R:localhost/127.0.0.1:57209]' for 'GET' to 'http://localhost:57209/session/662c6260dc99e38c9ab9b493bdd08986/element/9c7e5a80-2076-48cb-86d7-9bc7bec2e7b3/name'
21:25:44.726 [Forwarding getElementTagName on session 662c6260dc99e38c9ab9b493bdd08986 to remote] DEBUG org.asynchttpclient.netty.request.NettyRequestSender - Using open Channel [id: 0xe0fb88cb, L:/127.0.0.1:63828 - R:localhost/127.0.0.1:57209] for GET '/session/662c6260dc99e38c9ab9b493bdd08986/element/9c7e5a80-2076-48cb-86d7-9bc7bec2e7b3/name'
21:25:44.730 [AsyncHttpClient-1-14] DEBUG org.asynchttpclient.netty.handler.HttpHandler - 

Request DefaultFullHttpRequest(decodeResult: success, version: HTTP/1.1, content: EmptyByteBufBE)
GET /session/662c6260dc99e38c9ab9b493bdd08986/element/9c7e5a80-2076-48cb-86d7-9bc7bec2e7b3/name HTTP/1.1
User-Agent: selenium/4.1.2 (java windows)
Cache-Control: no-cache
Content-Type: application/json; charset=utf-8
host: localhost:57209
accept: */*

Response DefaultHttpResponse(decodeResult: success, version: HTTP/1.1)
HTTP/1.1 200 OK
Content-Type: application/json; charset=utf-8
cache-control: no-cache
content-length: 16

21:25:44.731 [AsyncHttpClient-1-14] DEBUG org.asynchttpclient.netty.channel.ChannelManager - Adding key: http://localhost:57209 for channel [id: 0xe0fb88cb, L:/127.0.0.1:63828 - R:localhost/127.0.0.1:57209]
21:25:44.734 [Forwarding getElementTagName on session 662c6260dc99e38c9ab9b493bdd08986 to remote] DEBUG org.asynchttpclient.netty.request.NettyRequestSender - Using pooled Channel '[id: 0xe0fb88cb, L:/127.0.0.1:63828 - R:localhost/127.0.0.1:57209]' for 'GET' to 'http://localhost:57209/session/662c6260dc99e38c9ab9b493bdd08986/element/9c7e5a80-2076-48cb-86d7-9bc7bec2e7b3/name'
21:25:44.734 [Forwarding getElementTagName on session 662c6260dc99e38c9ab9b493bdd08986 to remote] DEBUG org.asynchttpclient.netty.request.NettyRequestSender - Using open Channel [id: 0xe0fb88cb, L:/127.0.0.1:63828 - R:localhost/127.0.0.1:57209] for GET '/session/662c6260dc99e38c9ab9b493bdd08986/element/9c7e5a80-2076-48cb-86d7-9bc7bec2e7b3/name'
21:25:44.741 [AsyncHttpClient-1-14] DEBUG org.asynchttpclient.netty.handler.HttpHandler - 

Request DefaultFullHttpRequest(decodeResult: success, version: HTTP/1.1, content: EmptyByteBufBE)
GET /session/662c6260dc99e38c9ab9b493bdd08986/element/9c7e5a80-2076-48cb-86d7-9bc7bec2e7b3/name HTTP/1.1
User-Agent: selenium/4.1.2 (java windows)
Cache-Control: no-cache
Content-Type: application/json; charset=utf-8
host: localhost:57209
accept: */*

Response DefaultHttpResponse(decodeResult: success, version: HTTP/1.1)
HTTP/1.1 200 OK
Content-Type: application/json; charset=utf-8
cache-control: no-cache
content-length: 16

21:25:44.741 [AsyncHttpClient-1-14] DEBUG org.asynchttpclient.netty.channel.ChannelManager - Adding key: http://localhost:57209 for channel [id: 0xe0fb88cb, L:/127.0.0.1:63828 - R:localhost/127.0.0.1:57209]
21:25:44.745 [Forwarding findElement on session 662c6260dc99e38c9ab9b493bdd08986 to remote] DEBUG org.asynchttpclient.netty.request.NettyRequestSender - Using pooled Channel '[id: 0xe0fb88cb, L:/127.0.0.1:63828 - R:localhost/127.0.0.1:57209]' for 'POST' to 'http://localhost:57209/session/662c6260dc99e38c9ab9b493bdd08986/element'
21:25:44.745 [Forwarding findElement on session 662c6260dc99e38c9ab9b493bdd08986 to remote] DEBUG org.asynchttpclient.netty.request.NettyRequestSender - Using open Channel [id: 0xe0fb88cb, L:/127.0.0.1:63828 - R:localhost/127.0.0.1:57209] for POST '/session/662c6260dc99e38c9ab9b493bdd08986/element'
21:25:44.760 [AsyncHttpClient-1-14] DEBUG org.asynchttpclient.netty.handler.HttpHandler - 

Request DefaultHttpRequest(decodeResult: success, version: HTTP/1.1)
POST /session/662c6260dc99e38c9ab9b493bdd08986/element HTTP/1.1
User-Agent: selenium/4.1.2 (java windows)
Content-Length: 85
Content-Type: application/json; charset=utf-8
host: localhost:57209
accept: */*

Response DefaultHttpResponse(decodeResult: success, version: HTTP/1.1)
HTTP/1.1 200 OK
Content-Type: application/json; charset=utf-8
cache-control: no-cache
content-length: 88

21:25:44.760 [AsyncHttpClient-1-14] DEBUG org.asynchttpclient.netty.channel.ChannelManager - Adding key: http://localhost:57209 for channel [id: 0xe0fb88cb, L:/127.0.0.1:63828 - R:localhost/127.0.0.1:57209]
21:25:44.762 [Forwarding clickElement on session 662c6260dc99e38c9ab9b493bdd08986 to remote] DEBUG org.asynchttpclient.netty.request.NettyRequestSender - Using pooled Channel '[id: 0xe0fb88cb, L:/127.0.0.1:63828 - R:localhost/127.0.0.1:57209]' for 'POST' to 'http://localhost:57209/session/662c6260dc99e38c9ab9b493bdd08986/element/9c7e5a80-2076-48cb-86d7-9bc7bec2e7b3/click'
21:25:44.762 [Forwarding clickElement on session 662c6260dc99e38c9ab9b493bdd08986 to remote] DEBUG org.asynchttpclient.netty.request.NettyRequestSender - Using open Channel [id: 0xe0fb88cb, L:/127.0.0.1:63828 - R:localhost/127.0.0.1:57209] for POST '/session/662c6260dc99e38c9ab9b493bdd08986/element/9c7e5a80-2076-48cb-86d7-9bc7bec2e7b3/click'
21:25:44.850 [AsyncHttpClient-1-14] DEBUG org.asynchttpclient.netty.handler.HttpHandler - 

Request DefaultHttpRequest(decodeResult: success, version: HTTP/1.1)
POST /session/662c6260dc99e38c9ab9b493bdd08986/element/9c7e5a80-2076-48cb-86d7-9bc7bec2e7b3/click HTTP/1.1
User-Agent: selenium/4.1.2 (java windows)
Content-Length: 50
Content-Type: application/json; charset=utf-8
host: localhost:57209
accept: */*

Response DefaultHttpResponse(decodeResult: success, version: HTTP/1.1)
HTTP/1.1 200 OK
Content-Type: application/json; charset=utf-8
cache-control: no-cache
content-length: 14

21:25:44.850 [AsyncHttpClient-1-14] DEBUG org.asynchttpclient.netty.channel.ChannelManager - Adding key: http://localhost:57209 for channel [id: 0xe0fb88cb, L:/127.0.0.1:63828 - R:localhost/127.0.0.1:57209]
  &amp#27;[32mAnd &amp#27;[0m&amp#27;[32mI buy two of the products&amp#27;[0m           &amp#27;[90m# starter.stepdefinitions.CartSteps.iBuyTwoOfTheProducts()&amp#27;[0m
21:25:44.863 [Forwarding screenshot on session 662c6260dc99e38c9ab9b493bdd08986 to remote] DEBUG org.asynchttpclient.netty.request.NettyRequestSender - Using pooled Channel '[id: 0xe0fb88cb, L:/127.0.0.1:63828 - R:localhost/127.0.0.1:57209]' for 'GET' to 'http://localhost:57209/session/662c6260dc99e38c9ab9b493bdd08986/screenshot'
21:25:44.863 [Forwarding screenshot on session 662c6260dc99e38c9ab9b493bdd08986 to remote] DEBUG org.asynchttpclient.netty.request.NettyRequestSender - Using open Channel [id: 0xe0fb88cb, L:/127.0.0.1:63828 - R:localhost/127.0.0.1:57209] for GET '/session/662c6260dc99e38c9ab9b493bdd08986/screenshot'
21:25:45.152 [AsyncHttpClient-1-14] DEBUG org.asynchttpclient.netty.handler.HttpHandler - 

Request DefaultFullHttpRequest(decodeResult: success, version: HTTP/1.1, content: EmptyByteBufBE)
GET /session/662c6260dc99e38c9ab9b493bdd08986/screenshot HTTP/1.1
User-Agent: selenium/4.1.2 (java windows)
Cache-Control: no-cache
Content-Type: application/json; charset=utf-8
host: localhost:57209
accept: */*

Response DefaultHttpResponse(decodeResult: success, version: HTTP/1.1)
HTTP/1.1 200 OK
Content-Type: application/json; charset=utf-8
cache-control: no-cache
content-length: 78104

21:25:45.153 [AsyncHttpClient-1-14] DEBUG org.asynchttpclient.netty.channel.ChannelManager - Adding key: http://localhost:57209 for channel [id: 0xe0fb88cb, L:/127.0.0.1:63828 - R:localhost/127.0.0.1:57209]
21:25:45.158 [main] DEBUG net.serenitybdd.core.photography.Darkroom - Send negative for processing for target\site\serenity\16a950d8fd21e13abdbd86762a5b8816945ad158862dba225a4777db8a276a30.png
21:25:45.159 [Darkroom Processing Line] DEBUG net.serenitybdd.core.photography.DarkroomProcessingLine - Processing screenshot image in /var/screenshots/screenshot-1242392456801290979
21:25:45.159 [Darkroom Processing Line] DEBUG net.serenitybdd.core.photography.DarkroomProcessingLine - Saving screenshot to target\site\serenity\16a950d8fd21e13abdbd86762a5b8816945ad158862dba225a4777db8a276a30.png
21:25:45.174 [Forwarding findElement on session 662c6260dc99e38c9ab9b493bdd08986 to remote] DEBUG org.asynchttpclient.netty.request.NettyRequestSender - Using pooled Channel '[id: 0xe0fb88cb, L:/127.0.0.1:63828 - R:localhost/127.0.0.1:57209]' for 'POST' to 'http://localhost:57209/session/662c6260dc99e38c9ab9b493bdd08986/element'
21:25:45.174 [Forwarding findElement on session 662c6260dc99e38c9ab9b493bdd08986 to remote] DEBUG org.asynchttpclient.netty.request.NettyRequestSender - Using open Channel [id: 0xe0fb88cb, L:/127.0.0.1:63828 - R:localhost/127.0.0.1:57209] for POST '/session/662c6260dc99e38c9ab9b493bdd08986/element'
21:25:45.195 [AsyncHttpClient-1-14] DEBUG org.asynchttpclient.netty.handler.HttpHandler - 

Request DefaultHttpRequest(decodeResult: success, version: HTTP/1.1)
POST /session/662c6260dc99e38c9ab9b493bdd08986/element HTTP/1.1
User-Agent: selenium/4.1.2 (java windows)
Content-Length: 88
Content-Type: application/json; charset=utf-8
host: localhost:57209
accept: */*

Response DefaultHttpResponse(decodeResult: success, version: HTTP/1.1)
HTTP/1.1 200 OK
Content-Type: application/json; charset=utf-8
cache-control: no-cache
content-length: 88

21:25:45.195 [AsyncHttpClient-1-14] DEBUG org.asynchttpclient.netty.channel.ChannelManager - Adding key: http://localhost:57209 for channel [id: 0xe0fb88cb, L:/127.0.0.1:63828 - R:localhost/127.0.0.1:57209]
21:25:45.197 [Forwarding getElementTagName on session 662c6260dc99e38c9ab9b493bdd08986 to remote] DEBUG org.asynchttpclient.netty.request.NettyRequestSender - Using pooled Channel '[id: 0xe0fb88cb, L:/127.0.0.1:63828 - R:localhost/127.0.0.1:57209]' for 'GET' to 'http://localhost:57209/session/662c6260dc99e38c9ab9b493bdd08986/element/694eeb9c-2005-478b-b55b-6dc6aa86be27/name'
21:25:45.197 [Forwarding getElementTagName on session 662c6260dc99e38c9ab9b493bdd08986 to remote] DEBUG org.asynchttpclient.netty.request.NettyRequestSender - Using open Channel [id: 0xe0fb88cb, L:/127.0.0.1:63828 - R:localhost/127.0.0.1:57209] for GET '/session/662c6260dc99e38c9ab9b493bdd08986/element/694eeb9c-2005-478b-b55b-6dc6aa86be27/name'
21:25:45.203 [AsyncHttpClient-1-14] DEBUG org.asynchttpclient.netty.handler.HttpHandler - 

Request DefaultFullHttpRequest(decodeResult: success, version: HTTP/1.1, content: EmptyByteBufBE)
GET /session/662c6260dc99e38c9ab9b493bdd08986/element/694eeb9c-2005-478b-b55b-6dc6aa86be27/name HTTP/1.1
User-Agent: selenium/4.1.2 (java windows)
Cache-Control: no-cache
Content-Type: application/json; charset=utf-8
host: localhost:57209
accept: */*

Response DefaultHttpResponse(decodeResult: success, version: HTTP/1.1)
HTTP/1.1 200 OK
Content-Type: application/json; charset=utf-8
cache-control: no-cache
content-length: 13

21:25:45.204 [AsyncHttpClient-1-14] DEBUG org.asynchttpclient.netty.channel.ChannelManager - Adding key: http://localhost:57209 for channel [id: 0xe0fb88cb, L:/127.0.0.1:63828 - R:localhost/127.0.0.1:57209]
21:25:45.206 [Forwarding getElementTagName on session 662c6260dc99e38c9ab9b493bdd08986 to remote] DEBUG org.asynchttpclient.netty.request.NettyRequestSender - Using pooled Channel '[id: 0xe0fb88cb, L:/127.0.0.1:63828 - R:localhost/127.0.0.1:57209]' for 'GET' to 'http://localhost:57209/session/662c6260dc99e38c9ab9b493bdd08986/element/694eeb9c-2005-478b-b55b-6dc6aa86be27/name'
21:25:45.206 [Forwarding getElementTagName on session 662c6260dc99e38c9ab9b493bdd08986 to remote] DEBUG org.asynchttpclient.netty.request.NettyRequestSender - Using open Channel [id: 0xe0fb88cb, L:/127.0.0.1:63828 - R:localhost/127.0.0.1:57209] for GET '/session/662c6260dc99e38c9ab9b493bdd08986/element/694eeb9c-2005-478b-b55b-6dc6aa86be27/name'
21:25:45.211 [AsyncHttpClient-1-14] DEBUG org.asynchttpclient.netty.handler.HttpHandler - 

Request DefaultFullHttpRequest(decodeResult: success, version: HTTP/1.1, content: EmptyByteBufBE)
GET /session/662c6260dc99e38c9ab9b493bdd08986/element/694eeb9c-2005-478b-b55b-6dc6aa86be27/name HTTP/1.1
User-Agent: selenium/4.1.2 (java windows)
Cache-Control: no-cache
Content-Type: application/json; charset=utf-8
host: localhost:57209
accept: */*

Response DefaultHttpResponse(decodeResult: success, version: HTTP/1.1)
HTTP/1.1 200 OK
Content-Type: application/json; charset=utf-8
cache-control: no-cache
content-length: 13

21:25:45.211 [AsyncHttpClient-1-14] DEBUG org.asynchttpclient.netty.channel.ChannelManager - Adding key: http://localhost:57209 for channel [id: 0xe0fb88cb, L:/127.0.0.1:63828 - R:localhost/127.0.0.1:57209]
21:25:45.215 [Forwarding findElement on session 662c6260dc99e38c9ab9b493bdd08986 to remote] DEBUG org.asynchttpclient.netty.request.NettyRequestSender - Using pooled Channel '[id: 0xe0fb88cb, L:/127.0.0.1:63828 - R:localhost/127.0.0.1:57209]' for 'POST' to 'http://localhost:57209/session/662c6260dc99e38c9ab9b493bdd08986/element'
21:25:45.215 [Forwarding findElement on session 662c6260dc99e38c9ab9b493bdd08986 to remote] DEBUG org.asynchttpclient.netty.request.NettyRequestSender - Using open Channel [id: 0xe0fb88cb, L:/127.0.0.1:63828 - R:localhost/127.0.0.1:57209] for POST '/session/662c6260dc99e38c9ab9b493bdd08986/element'
21:25:45.245 [AsyncHttpClient-1-14] DEBUG org.asynchttpclient.netty.handler.HttpHandler - 

Request DefaultHttpRequest(decodeResult: success, version: HTTP/1.1)
POST /session/662c6260dc99e38c9ab9b493bdd08986/element HTTP/1.1
User-Agent: selenium/4.1.2 (java windows)
Content-Length: 88
Content-Type: application/json; charset=utf-8
host: localhost:57209
accept: */*

Response DefaultHttpResponse(decodeResult: success, version: HTTP/1.1)
HTTP/1.1 200 OK
Content-Type: application/json; charset=utf-8
cache-control: no-cache
content-length: 88

21:25:45.245 [AsyncHttpClient-1-14] DEBUG org.asynchttpclient.netty.channel.ChannelManager - Adding key: http://localhost:57209 for channel [id: 0xe0fb88cb, L:/127.0.0.1:63828 - R:localhost/127.0.0.1:57209]
21:25:45.247 [Forwarding clickElement on session 662c6260dc99e38c9ab9b493bdd08986 to remote] DEBUG org.asynchttpclient.netty.request.NettyRequestSender - Using pooled Channel '[id: 0xe0fb88cb, L:/127.0.0.1:63828 - R:localhost/127.0.0.1:57209]' for 'POST' to 'http://localhost:57209/session/662c6260dc99e38c9ab9b493bdd08986/element/694eeb9c-2005-478b-b55b-6dc6aa86be27/click'
21:25:45.247 [Forwarding clickElement on session 662c6260dc99e38c9ab9b493bdd08986 to remote] DEBUG org.asynchttpclient.netty.request.NettyRequestSender - Using open Channel [id: 0xe0fb88cb, L:/127.0.0.1:63828 - R:localhost/127.0.0.1:57209] for POST '/session/662c6260dc99e38c9ab9b493bdd08986/element/694eeb9c-2005-478b-b55b-6dc6aa86be27/click'
21:25:45.301 [AsyncHttpClient-1-14] DEBUG org.asynchttpclient.netty.handler.HttpHandler - 

Request DefaultHttpRequest(decodeResult: success, version: HTTP/1.1)
POST /session/662c6260dc99e38c9ab9b493bdd08986/element/694eeb9c-2005-478b-b55b-6dc6aa86be27/click HTTP/1.1
User-Agent: selenium/4.1.2 (java windows)
Content-Length: 50
Content-Type: application/json; charset=utf-8
host: localhost:57209
accept: */*

Response DefaultHttpResponse(decodeResult: success, version: HTTP/1.1)
HTTP/1.1 200 OK
Content-Type: application/json; charset=utf-8
cache-control: no-cache
content-length: 14

21:25:45.301 [AsyncHttpClient-1-14] DEBUG org.asynchttpclient.netty.channel.ChannelManager - Adding key: http://localhost:57209 for channel [id: 0xe0fb88cb, L:/127.0.0.1:63828 - R:localhost/127.0.0.1:57209]
  &amp#27;[32mWhen &amp#27;[0m&amp#27;[32mI open cart page&amp#27;[0m                   &amp#27;[90m# starter.stepdefinitions.CartSteps.iOpenCartPage()&amp#27;[0m
21:25:45.316 [Forwarding screenshot on session 662c6260dc99e38c9ab9b493bdd08986 to remote] DEBUG org.asynchttpclient.netty.request.NettyRequestSender - Using pooled Channel '[id: 0xe0fb88cb, L:/127.0.0.1:63828 - R:localhost/127.0.0.1:57209]' for 'GET' to 'http://localhost:57209/session/662c6260dc99e38c9ab9b493bdd08986/screenshot'
21:25:45.316 [Forwarding screenshot on session 662c6260dc99e38c9ab9b493bdd08986 to remote] DEBUG org.asynchttpclient.netty.request.NettyRequestSender - Using open Channel [id: 0xe0fb88cb, L:/127.0.0.1:63828 - R:localhost/127.0.0.1:57209] for GET '/session/662c6260dc99e38c9ab9b493bdd08986/screenshot'
21:25:45.450 [AsyncHttpClient-1-1] DEBUG org.asynchttpclient.netty.channel.DefaultChannelPool - Entry count for : http://localhost:63829 : 1
21:25:45.885 [AsyncHttpClient-1-14] DEBUG org.asynchttpclient.netty.handler.HttpHandler - 

Request DefaultFullHttpRequest(decodeResult: success, version: HTTP/1.1, content: EmptyByteBufBE)
GET /session/662c6260dc99e38c9ab9b493bdd08986/screenshot HTTP/1.1
User-Agent: selenium/4.1.2 (java windows)
Cache-Control: no-cache
Content-Type: application/json; charset=utf-8
host: localhost:57209
accept: */*

Response DefaultHttpResponse(decodeResult: success, version: HTTP/1.1)
HTTP/1.1 200 OK
Content-Type: application/json; charset=utf-8
cache-control: no-cache
content-length: 50420

21:25:45.887 [AsyncHttpClient-1-14] DEBUG org.asynchttpclient.netty.channel.ChannelManager - Adding key: http://localhost:57209 for channel [id: 0xe0fb88cb, L:/127.0.0.1:63828 - R:localhost/127.0.0.1:57209]
21:25:45.891 [main] DEBUG net.serenitybdd.core.photography.Darkroom - Send negative for processing for target\site\serenity\96bc7b8f61450eb39be396f97e851a91ea28c4bd973075edf862664dca87d338.png
21:25:45.892 [Darkroom Processing Line] DEBUG net.serenitybdd.core.photography.DarkroomProcessingLine - Processing screenshot image in /var/screenshots/screenshot-891350939618173046
21:25:45.892 [Darkroom Processing Line] DEBUG net.serenitybdd.core.photography.DarkroomProcessingLine - Saving screenshot to target\site\serenity\96bc7b8f61450eb39be396f97e851a91ea28c4bd973075edf862664dca87d338.png
21:25:45.906 [Forwarding findElement on session 662c6260dc99e38c9ab9b493bdd08986 to remote] DEBUG org.asynchttpclient.netty.request.NettyRequestSender - Using pooled Channel '[id: 0xe0fb88cb, L:/127.0.0.1:63828 - R:localhost/127.0.0.1:57209]' for 'POST' to 'http://localhost:57209/session/662c6260dc99e38c9ab9b493bdd08986/element'
21:25:45.906 [Forwarding findElement on session 662c6260dc99e38c9ab9b493bdd08986 to remote] DEBUG org.asynchttpclient.netty.request.NettyRequestSender - Using open Channel [id: 0xe0fb88cb, L:/127.0.0.1:63828 - R:localhost/127.0.0.1:57209] for POST '/session/662c6260dc99e38c9ab9b493bdd08986/element'
21:25:45.925 [AsyncHttpClient-1-14] DEBUG org.asynchttpclient.netty.handler.HttpHandler - 

Request DefaultHttpRequest(decodeResult: success, version: HTTP/1.1)
POST /session/662c6260dc99e38c9ab9b493bdd08986/element HTTP/1.1
User-Agent: selenium/4.1.2 (java windows)
Content-Length: 77
Content-Type: application/json; charset=utf-8
host: localhost:57209
accept: */*

Response DefaultHttpResponse(decodeResult: success, version: HTTP/1.1)
HTTP/1.1 200 OK
Content-Type: application/json; charset=utf-8
cache-control: no-cache
content-length: 88

21:25:45.925 [AsyncHttpClient-1-14] DEBUG org.asynchttpclient.netty.channel.ChannelManager - Adding key: http://localhost:57209 for channel [id: 0xe0fb88cb, L:/127.0.0.1:63828 - R:localhost/127.0.0.1:57209]
21:25:45.927 [Forwarding getElementTagName on session 662c6260dc99e38c9ab9b493bdd08986 to remote] DEBUG org.asynchttpclient.netty.request.NettyRequestSender - Using pooled Channel '[id: 0xe0fb88cb, L:/127.0.0.1:63828 - R:localhost/127.0.0.1:57209]' for 'GET' to 'http://localhost:57209/session/662c6260dc99e38c9ab9b493bdd08986/element/336f6880-46f4-4268-886a-55b2fdd68101/name'
21:25:45.927 [Forwarding getElementTagName on session 662c6260dc99e38c9ab9b493bdd08986 to remote] DEBUG org.asynchttpclient.netty.request.NettyRequestSender - Using open Channel [id: 0xe0fb88cb, L:/127.0.0.1:63828 - R:localhost/127.0.0.1:57209] for GET '/session/662c6260dc99e38c9ab9b493bdd08986/element/336f6880-46f4-4268-886a-55b2fdd68101/name'
21:25:45.933 [AsyncHttpClient-1-14] DEBUG org.asynchttpclient.netty.handler.HttpHandler - 

Request DefaultFullHttpRequest(decodeResult: success, version: HTTP/1.1, content: EmptyByteBufBE)
GET /session/662c6260dc99e38c9ab9b493bdd08986/element/336f6880-46f4-4268-886a-55b2fdd68101/name HTTP/1.1
User-Agent: selenium/4.1.2 (java windows)
Cache-Control: no-cache
Content-Type: application/json; charset=utf-8
host: localhost:57209
accept: */*

Response DefaultHttpResponse(decodeResult: success, version: HTTP/1.1)
HTTP/1.1 200 OK
Content-Type: application/json; charset=utf-8
cache-control: no-cache
content-length: 16

21:25:45.933 [AsyncHttpClient-1-14] DEBUG org.asynchttpclient.netty.channel.ChannelManager - Adding key: http://localhost:57209 for channel [id: 0xe0fb88cb, L:/127.0.0.1:63828 - R:localhost/127.0.0.1:57209]
21:25:45.935 [Forwarding getElementTagName on session 662c6260dc99e38c9ab9b493bdd08986 to remote] DEBUG org.asynchttpclient.netty.request.NettyRequestSender - Using pooled Channel '[id: 0xe0fb88cb, L:/127.0.0.1:63828 - R:localhost/127.0.0.1:57209]' for 'GET' to 'http://localhost:57209/session/662c6260dc99e38c9ab9b493bdd08986/element/336f6880-46f4-4268-886a-55b2fdd68101/name'
21:25:45.935 [Forwarding getElementTagName on session 662c6260dc99e38c9ab9b493bdd08986 to remote] DEBUG org.asynchttpclient.netty.request.NettyRequestSender - Using open Channel [id: 0xe0fb88cb, L:/127.0.0.1:63828 - R:localhost/127.0.0.1:57209] for GET '/session/662c6260dc99e38c9ab9b493bdd08986/element/336f6880-46f4-4268-886a-55b2fdd68101/name'
21:25:45.940 [AsyncHttpClient-1-14] DEBUG org.asynchttpclient.netty.handler.HttpHandler - 

Request DefaultFullHttpRequest(decodeResult: success, version: HTTP/1.1, content: EmptyByteBufBE)
GET /session/662c6260dc99e38c9ab9b493bdd08986/element/336f6880-46f4-4268-886a-55b2fdd68101/name HTTP/1.1
User-Agent: selenium/4.1.2 (java windows)
Cache-Control: no-cache
Content-Type: application/json; charset=utf-8
host: localhost:57209
accept: */*

Response DefaultHttpResponse(decodeResult: success, version: HTTP/1.1)
HTTP/1.1 200 OK
Content-Type: application/json; charset=utf-8
cache-control: no-cache
content-length: 16

21:25:45.940 [AsyncHttpClient-1-14] DEBUG org.asynchttpclient.netty.channel.ChannelManager - Adding key: http://localhost:57209 for channel [id: 0xe0fb88cb, L:/127.0.0.1:63828 - R:localhost/127.0.0.1:57209]
21:25:45.943 [Forwarding findElement on session 662c6260dc99e38c9ab9b493bdd08986 to remote] DEBUG org.asynchttpclient.netty.request.NettyRequestSender - Using pooled Channel '[id: 0xe0fb88cb, L:/127.0.0.1:63828 - R:localhost/127.0.0.1:57209]' for 'POST' to 'http://localhost:57209/session/662c6260dc99e38c9ab9b493bdd08986/element'
21:25:45.943 [Forwarding findElement on session 662c6260dc99e38c9ab9b493bdd08986 to remote] DEBUG org.asynchttpclient.netty.request.NettyRequestSender - Using open Channel [id: 0xe0fb88cb, L:/127.0.0.1:63828 - R:localhost/127.0.0.1:57209] for POST '/session/662c6260dc99e38c9ab9b493bdd08986/element'
21:25:45.952 [AsyncHttpClient-1-14] DEBUG org.asynchttpclient.netty.handler.HttpHandler - 

Request DefaultHttpRequest(decodeResult: success, version: HTTP/1.1)
POST /session/662c6260dc99e38c9ab9b493bdd08986/element HTTP/1.1
User-Agent: selenium/4.1.2 (java windows)
Content-Length: 77
Content-Type: application/json; charset=utf-8
host: localhost:57209
accept: */*

Response DefaultHttpResponse(decodeResult: success, version: HTTP/1.1)
HTTP/1.1 200 OK
Content-Type: application/json; charset=utf-8
cache-control: no-cache
content-length: 88

21:25:45.952 [AsyncHttpClient-1-14] DEBUG org.asynchttpclient.netty.channel.ChannelManager - Adding key: http://localhost:57209 for channel [id: 0xe0fb88cb, L:/127.0.0.1:63828 - R:localhost/127.0.0.1:57209]
21:25:45.955 [Forwarding clickElement on session 662c6260dc99e38c9ab9b493bdd08986 to remote] DEBUG org.asynchttpclient.netty.request.NettyRequestSender - Using pooled Channel '[id: 0xe0fb88cb, L:/127.0.0.1:63828 - R:localhost/127.0.0.1:57209]' for 'POST' to 'http://localhost:57209/session/662c6260dc99e38c9ab9b493bdd08986/element/336f6880-46f4-4268-886a-55b2fdd68101/click'
21:25:45.955 [Forwarding clickElement on session 662c6260dc99e38c9ab9b493bdd08986 to remote] DEBUG org.asynchttpclient.netty.request.NettyRequestSender - Using open Channel [id: 0xe0fb88cb, L:/127.0.0.1:63828 - R:localhost/127.0.0.1:57209] for POST '/session/662c6260dc99e38c9ab9b493bdd08986/element/336f6880-46f4-4268-886a-55b2fdd68101/click'
21:25:46.008 [AsyncHttpClient-1-14] DEBUG org.asynchttpclient.netty.handler.HttpHandler - 

Request DefaultHttpRequest(decodeResult: success, version: HTTP/1.1)
POST /session/662c6260dc99e38c9ab9b493bdd08986/element/336f6880-46f4-4268-886a-55b2fdd68101/click HTTP/1.1
User-Agent: selenium/4.1.2 (java windows)
Content-Length: 50
Content-Type: application/json; charset=utf-8
host: localhost:57209
accept: */*

Response DefaultHttpResponse(decodeResult: success, version: HTTP/1.1)
HTTP/1.1 200 OK
Content-Type: application/json; charset=utf-8
cache-control: no-cache
content-length: 14

21:25:46.008 [AsyncHttpClient-1-14] DEBUG org.asynchttpclient.netty.channel.ChannelManager - Adding key: http://localhost:57209 for channel [id: 0xe0fb88cb, L:/127.0.0.1:63828 - R:localhost/127.0.0.1:57209]
  &amp#27;[32mAnd &amp#27;[0m&amp#27;[32mI click minus logo&amp#27;[0m                  &amp#27;[90m# starter.stepdefinitions.CartSteps.iClickMinusLogo()&amp#27;[0m
21:25:46.020 [Forwarding screenshot on session 662c6260dc99e38c9ab9b493bdd08986 to remote] DEBUG org.asynchttpclient.netty.request.NettyRequestSender - Using pooled Channel '[id: 0xe0fb88cb, L:/127.0.0.1:63828 - R:localhost/127.0.0.1:57209]' for 'GET' to 'http://localhost:57209/session/662c6260dc99e38c9ab9b493bdd08986/screenshot'
21:25:46.020 [Forwarding screenshot on session 662c6260dc99e38c9ab9b493bdd08986 to remote] DEBUG org.asynchttpclient.netty.request.NettyRequestSender - Using open Channel [id: 0xe0fb88cb, L:/127.0.0.1:63828 - R:localhost/127.0.0.1:57209] for GET '/session/662c6260dc99e38c9ab9b493bdd08986/screenshot'
21:25:46.260 [AsyncHttpClient-1-14] DEBUG org.asynchttpclient.netty.handler.HttpHandler - 

Request DefaultFullHttpRequest(decodeResult: success, version: HTTP/1.1, content: EmptyByteBufBE)
GET /session/662c6260dc99e38c9ab9b493bdd08986/screenshot HTTP/1.1
User-Agent: selenium/4.1.2 (java windows)
Cache-Control: no-cache
Content-Type: application/json; charset=utf-8
host: localhost:57209
accept: */*

Response DefaultHttpResponse(decodeResult: success, version: HTTP/1.1)
HTTP/1.1 200 OK
Content-Type: application/json; charset=utf-8
cache-control: no-cache
content-length: 48076

21:25:46.261 [AsyncHttpClient-1-14] DEBUG org.asynchttpclient.netty.channel.ChannelManager - Adding key: http://localhost:57209 for channel [id: 0xe0fb88cb, L:/127.0.0.1:63828 - R:localhost/127.0.0.1:57209]
21:25:46.265 [main] DEBUG net.serenitybdd.core.photography.Darkroom - Send negative for processing for target\site\serenity\b64d08c02eb0e79f35d705fd5ebf026f29bef285e39e80b53ee752ceb4df5caa.png
21:25:46.266 [Darkroom Processing Line] DEBUG net.serenitybdd.core.photography.DarkroomProcessingLine - Processing screenshot image in /var/screenshots/screenshot-3919467343734243762
21:25:46.266 [Darkroom Processing Line] DEBUG net.serenitybdd.core.photography.DarkroomProcessingLine - Saving screenshot to target\site\serenity\b64d08c02eb0e79f35d705fd5ebf026f29bef285e39e80b53ee752ceb4df5caa.png
21:25:46.282 [Forwarding findElement on session 662c6260dc99e38c9ab9b493bdd08986 to remote] DEBUG org.asynchttpclient.netty.request.NettyRequestSender - Using pooled Channel '[id: 0xe0fb88cb, L:/127.0.0.1:63828 - R:localhost/127.0.0.1:57209]' for 'POST' to 'http://localhost:57209/session/662c6260dc99e38c9ab9b493bdd08986/element'
21:25:46.282 [Forwarding findElement on session 662c6260dc99e38c9ab9b493bdd08986 to remote] DEBUG org.asynchttpclient.netty.request.NettyRequestSender - Using open Channel [id: 0xe0fb88cb, L:/127.0.0.1:63828 - R:localhost/127.0.0.1:57209] for POST '/session/662c6260dc99e38c9ab9b493bdd08986/element'
21:25:46.296 [AsyncHttpClient-1-14] DEBUG org.asynchttpclient.netty.handler.HttpHandler - 

Request DefaultHttpRequest(decodeResult: success, version: HTTP/1.1)
POST /session/662c6260dc99e38c9ab9b493bdd08986/element HTTP/1.1
User-Agent: selenium/4.1.2 (java windows)
Content-Length: 89
Content-Type: application/json; charset=utf-8
host: localhost:57209
accept: */*

Response DefaultHttpResponse(decodeResult: success, version: HTTP/1.1)
HTTP/1.1 200 OK
Content-Type: application/json; charset=utf-8
cache-control: no-cache
content-length: 88

21:25:46.296 [AsyncHttpClient-1-14] DEBUG org.asynchttpclient.netty.channel.ChannelManager - Adding key: http://localhost:57209 for channel [id: 0xe0fb88cb, L:/127.0.0.1:63828 - R:localhost/127.0.0.1:57209]
21:25:46.298 [Forwarding getElementText on session 662c6260dc99e38c9ab9b493bdd08986 to remote] DEBUG org.asynchttpclient.netty.request.NettyRequestSender - Using pooled Channel '[id: 0xe0fb88cb, L:/127.0.0.1:63828 - R:localhost/127.0.0.1:57209]' for 'GET' to 'http://localhost:57209/session/662c6260dc99e38c9ab9b493bdd08986/element/321be939-6037-43a5-abd2-4ba4d96aa446/text'
21:25:46.298 [Forwarding getElementText on session 662c6260dc99e38c9ab9b493bdd08986 to remote] DEBUG org.asynchttpclient.netty.request.NettyRequestSender - Using open Channel [id: 0xe0fb88cb, L:/127.0.0.1:63828 - R:localhost/127.0.0.1:57209] for GET '/session/662c6260dc99e38c9ab9b493bdd08986/element/321be939-6037-43a5-abd2-4ba4d96aa446/text'
21:25:46.321 [AsyncHttpClient-1-14] DEBUG org.asynchttpclient.netty.handler.HttpHandler - 

Request DefaultFullHttpRequest(decodeResult: success, version: HTTP/1.1, content: EmptyByteBufBE)
GET /session/662c6260dc99e38c9ab9b493bdd08986/element/321be939-6037-43a5-abd2-4ba4d96aa446/text HTTP/1.1
User-Agent: selenium/4.1.2 (java windows)
Cache-Control: no-cache
Content-Type: application/json; charset=utf-8
host: localhost:57209
accept: */*

Response DefaultHttpResponse(decodeResult: success, version: HTTP/1.1)
HTTP/1.1 200 OK
Content-Type: application/json; charset=utf-8
cache-control: no-cache
content-length: 13

21:25:46.322 [AsyncHttpClient-1-14] DEBUG org.asynchttpclient.netty.channel.ChannelManager - Adding key: http://localhost:57209 for channel [id: 0xe0fb88cb, L:/127.0.0.1:63828 - R:localhost/127.0.0.1:57209]
  &amp#27;[32mThen &amp#27;[0m&amp#27;[32mThe quantity of product is reduced&amp#27;[0m &amp#27;[90m# starter.stepdefinitions.CartSteps.theQuantityOfProductIsReduced()&amp#27;[0m
21:25:46.332 [Forwarding screenshot on session 662c6260dc99e38c9ab9b493bdd08986 to remote] DEBUG org.asynchttpclient.netty.request.NettyRequestSender - Using pooled Channel '[id: 0xe0fb88cb, L:/127.0.0.1:63828 - R:localhost/127.0.0.1:57209]' for 'GET' to 'http://localhost:57209/session/662c6260dc99e38c9ab9b493bdd08986/screenshot'
21:25:46.332 [Forwarding screenshot on session 662c6260dc99e38c9ab9b493bdd08986 to remote] DEBUG org.asynchttpclient.netty.request.NettyRequestSender - Using open Channel [id: 0xe0fb88cb, L:/127.0.0.1:63828 - R:localhost/127.0.0.1:57209] for GET '/session/662c6260dc99e38c9ab9b493bdd08986/screenshot'
21:25:46.554 [AsyncHttpClient-1-1] DEBUG org.asynchttpclient.netty.channel.DefaultChannelPool - Entry count for : http://localhost:63829 : 1
21:25:46.565 [AsyncHttpClient-1-14] DEBUG org.asynchttpclient.netty.handler.HttpHandler - 

Request DefaultFullHttpRequest(decodeResult: success, version: HTTP/1.1, content: EmptyByteBufBE)
GET /session/662c6260dc99e38c9ab9b493bdd08986/screenshot HTTP/1.1
User-Agent: selenium/4.1.2 (java windows)
Cache-Control: no-cache
Content-Type: application/json; charset=utf-8
host: localhost:57209
accept: */*

Response DefaultHttpResponse(decodeResult: success, version: HTTP/1.1)
HTTP/1.1 200 OK
Content-Type: application/json; charset=utf-8
cache-control: no-cache
content-length: 46644

21:25:46.565 [AsyncHttpClient-1-14] DEBUG org.asynchttpclient.netty.channel.ChannelManager - Adding key: http://localhost:57209 for channel [id: 0xe0fb88cb, L:/127.0.0.1:63828 - R:localhost/127.0.0.1:57209]
21:25:46.569 [main] DEBUG net.serenitybdd.core.photography.Darkroom - Send negative for processing for target\site\serenity\ef2f6b4ac1b5a44a26d3ccd9b851856cbdde570d27a04f5d7d017a8eabef8b6e.png
21:25:46.570 [Darkroom Processing Line] DEBUG net.serenitybdd.core.photography.DarkroomProcessingLine - Processing screenshot image in /var/screenshots/screenshot-14891821508248567470
21:25:46.570 [Darkroom Processing Line] DEBUG net.serenitybdd.core.photography.DarkroomProcessingLine - Saving screenshot to target\site\serenity\ef2f6b4ac1b5a44a26d3ccd9b851856cbdde570d27a04f5d7d017a8eabef8b6e.png
21:25:46.572 [main] INFO  - 
  _____   ___   ___   _____     ___     _     ___   ___   ___   ___  
 |_   _| | __| / __| |_   _|   | _ \   /_\   / __| / __| | __| |   \ 
   | |   | _|  \__ \   | |     |  _/  / _ \  \__ \ \__ \ | _|  | |) |
   |_|   |___| |___/   |_|     |_|   /_/ \_\ |___/ |___/ |___| |___/ 

Reduce Product Quantity
----------------------------------------------------------------------
21:25:46.574 [AsyncHttpClient-1-16] DEBUG org.asynchttpclient.netty.handler.WebSocketHandler - Channel Closed: [id: 0x243f5543, L:/127.0.0.1:63837 ! R:localhost/127.0.0.1:63829] with attribute NettyResponseFuture{currentRetry=5,
	isDone=1,
	isCancelled=0,
	asyncHandler=org.asynchttpclient.ws.WebSocketUpgradeHandler@7268c357,
	nettyRequest=org.asynchttpclient.netty.request.NettyRequest@376a437e,
	future=java.util.concurrent.CompletableFuture@4ac60424[Completed normally],
	uri=ws://localhost:63829/devtools/browser/b98a1c38-2032-4d0c-a4e5-d0d896350eff,
	keepAlive=true,
	redirectCount=0,
	timeoutsHolder=null,
	inAuth=0,
	touch=1667571940459}
21:25:46.574 [AsyncHttpClient-1-16] DEBUG org.asynchttpclient.netty.channel.ChannelManager - Closing Channel [id: 0x243f5543, L:/127.0.0.1:63837 ! R:localhost/127.0.0.1:63829] 
21:25:46.574 [Driver Command Executor] DEBUG org.asynchttpclient.netty.request.NettyRequestSender - Using pooled Channel '[id: 0xe0fb88cb, L:/127.0.0.1:63828 - R:localhost/127.0.0.1:57209]' for 'DELETE' to 'http://localhost:57209/session/662c6260dc99e38c9ab9b493bdd08986'
21:25:46.574 [Driver Command Executor] DEBUG org.asynchttpclient.netty.request.NettyRequestSender - Using open Channel [id: 0xe0fb88cb, L:/127.0.0.1:63828 - R:localhost/127.0.0.1:57209] for DELETE '/session/662c6260dc99e38c9ab9b493bdd08986'
21:25:46.708 [AsyncHttpClient-1-15] DEBUG org.asynchttpclient.netty.handler.HttpHandler - Unexpected I/O exception on channel [id: 0x8990494e, L:/127.0.0.1:63836 - R:localhost/127.0.0.1:63829]
java.net.SocketException: Connection reset
	at java.base/sun.nio.ch.SocketChannelImpl.throwConnectionReset(SocketChannelImpl.java:345)
	at java.base/sun.nio.ch.SocketChannelImpl.read(SocketChannelImpl.java:376)
	at io.netty.buffer.PooledByteBuf.setBytes(PooledByteBuf.java:258)
	at io.netty.buffer.AbstractByteBuf.writeBytes(AbstractByteBuf.java:1132)
	at io.netty.channel.socket.nio.NioSocketChannel.doReadBytes(NioSocketChannel.java:350)
	at io.netty.channel.nio.AbstractNioByteChannel$NioByteUnsafe.read(AbstractNioByteChannel.java:151)
	at io.netty.channel.nio.NioEventLoop.processSelectedKey(NioEventLoop.java:722)
	at io.netty.channel.nio.NioEventLoop.processSelectedKeysOptimized(NioEventLoop.java:658)
	at io.netty.channel.nio.NioEventLoop.processSelectedKeys(NioEventLoop.java:584)
	at io.netty.channel.nio.NioEventLoop.run(NioEventLoop.java:496)
	at io.netty.util.concurrent.SingleThreadEventExecutor$4.run(SingleThreadEventExecutor.java:986)
	at io.netty.util.internal.ThreadExecutorMap$2.run(ThreadExecutorMap.java:74)
	at io.netty.util.concurrent.FastThreadLocalRunnable.run(FastThreadLocalRunnable.java:30)
	at java.base/java.lang.Thread.run(Thread.java:830)
21:25:46.709 [AsyncHttpClient-1-15] DEBUG org.asynchttpclient.netty.channel.ChannelManager - Closing Channel [id: 0x8990494e, L:/127.0.0.1:63836 - R:localhost/127.0.0.1:63829] 
21:25:46.709 [AsyncHttpClient-1-15] DEBUG org.asynchttpclient.netty.handler.HttpHandler - Channel Closed: [id: 0x8990494e, L:/127.0.0.1:63836 ! R:localhost/127.0.0.1:63829] with attribute DISCARD
21:25:46.752 [AsyncHttpClient-1-14] DEBUG org.asynchttpclient.netty.handler.HttpHandler - 

Request DefaultFullHttpRequest(decodeResult: success, version: HTTP/1.1, content: EmptyByteBufBE)
DELETE /session/662c6260dc99e38c9ab9b493bdd08986 HTTP/1.1
User-Agent: selenium/4.1.2 (java windows)
Content-Type: application/json; charset=utf-8
host: localhost:57209
accept: */*

Response DefaultHttpResponse(decodeResult: success, version: HTTP/1.1)
HTTP/1.1 200 OK
Content-Type: application/json; charset=utf-8
cache-control: no-cache
content-length: 14

21:25:46.752 [AsyncHttpClient-1-14] DEBUG org.asynchttpclient.netty.channel.ChannelManager - Adding key: http://localhost:57209 for channel [id: 0xe0fb88cb, L:/127.0.0.1:63828 - R:localhost/127.0.0.1:57209]
21:25:46.827 [AsyncHttpClient-1-14] DEBUG org.asynchttpclient.netty.handler.HttpHandler - Channel Closed: [id: 0xe0fb88cb, L:/127.0.0.1:63828 ! R:localhost/127.0.0.1:57209] with attribute DISCARD
]]></system-out>
    <system-err><![CDATA[Starting ChromeDriver 106.0.5249.61 (511755355844955cd3e264779baf0dd38212a4d0-refs/branch-heads/5249@{#569}) on port 57209
Only local connections are allowed.
Please see https://chromedriver.chromium.org/security-considerations for suggestions on keeping ChromeDriver safe.
ChromeDriver was started successfully.
[1667571940.191][WARNING]: This version of ChromeDriver has not been tested with Chrome version 107.
Nov 04, 2022 9:25:40 PM org.openqa.selenium.remote.ProtocolHandshake createSession
INFO: Detected dialect: W3C
Nov 04, 2022 9:25:40 PM org.openqa.selenium.devtools.CdpVersionFinder findNearestMatch
WARNING: Unable to find an exact match for CDP version 107, so returning the closest version found: a no-op implementation
Nov 04, 2022 9:25:40 PM org.openqa.selenium.devtools.CdpVersionFinder findNearestMatch
INFO: Unable to find CDP implementation matching 107.
Nov 04, 2022 9:25:40 PM org.openqa.selenium.chromium.ChromiumDriver lambda$new$3
WARNING: Unable to find version of CDP to use for . You may need to include a dependency on a specific version of the CDP using something similar to `org.seleniumhq.selenium:selenium-devtools-v86:4.1.2` where the version ("v86") matches the version of the chromium-based browser you're using and the version number of the artifact is the same as Selenium's.
]]></system-err>
  </testcase>
  <testcase name="Show Login Page" classname="Login" time="4.613">
    <system-out><![CDATA[21:25:47.363 [main] INFO io.cucumber.core.plugin.SerenityReporter - Running feature from file:///C:/Users/ASUS/Desktop/stupen/miniproject/Web/ASWeb/src/test/resources/features/Login.feature
21:25:47.366 [main] DEBUG net.thucydides.core.steps.StepEventBus - Test suite started for story net.thucydides.core.model.Story@23282f08
21:25:47.366 [main] INFO  - Test Suite Started: Login

Scenario: Show Login Page      &amp#27;[90m# src/test/resources/features/Login.feature:6&amp#27;[0m
21:25:47.376 [main] INFO io.cucumber.core.plugin.SerenityReporter - Running feature from file:///C:/Users/ASUS/Desktop/stupen/miniproject/Web/ASWeb/src/test/resources/features/Login.feature
21:25:47.378 [main] INFO  - 
  _____   ___   ___   _____     ___   _____     _     ___   _____   ___   ___  
 |_   _| | __| / __| |_   _|   / __| |_   _|   /_\   | _ \ |_   _| | __| |   \ 
   | |   | _|  \__ \   | |     \__ \   | |    / _ \  |   /   | |   | _|  | |) |
   |_|   |___| |___/   |_|     |___/   |_|   /_/ \_\ |_|_\   |_|   |___| |___/ 

Show Login Page(login;show-login-page)
--------------------------------------------------------------------------------
21:25:47.552 [main] INFO net.serenitybdd.core.webdriver.driverproviders.ChromeDriverProvider - Using automatically driver download
21:25:47.652 [AsyncHttpClient-1-1] DEBUG org.asynchttpclient.netty.channel.DefaultChannelPool - Entry count for : http://localhost:57209 : 1
21:25:47.652 [AsyncHttpClient-1-1] DEBUG org.asynchttpclient.netty.channel.DefaultChannelPool - Entry count for : http://localhost:63829 : 1
21:25:47.652 [AsyncHttpClient-1-1] DEBUG org.asynchttpclient.netty.channel.DefaultChannelPool - Adding Candidate expired Channel [id: 0xe0fb88cb, L:/127.0.0.1:63828 ! R:localhost/127.0.0.1:57209] isIdleTimeoutExpired=false isRemotelyClosed=true isTtlExpired=false
21:25:47.652 [AsyncHttpClient-1-1] DEBUG org.asynchttpclient.netty.channel.DefaultChannelPool - Closing Idle Channel [id: 0xe0fb88cb, L:/127.0.0.1:63828 ! R:localhost/127.0.0.1:57209]
21:25:47.652 [AsyncHttpClient-1-1] DEBUG org.asynchttpclient.netty.channel.DefaultChannelPool - Adding Candidate expired Channel [id: 0x8990494e, L:/127.0.0.1:63836 ! R:localhost/127.0.0.1:63829] isIdleTimeoutExpired=false isRemotelyClosed=true isTtlExpired=false
21:25:47.652 [AsyncHttpClient-1-1] DEBUG org.asynchttpclient.netty.channel.DefaultChannelPool - Closing Idle Channel [id: 0x8990494e, L:/127.0.0.1:63836 ! R:localhost/127.0.0.1:63829]
21:25:47.652 [AsyncHttpClient-1-1] DEBUG org.asynchttpclient.netty.channel.DefaultChannelPool - Closed 2 connections out of 2 in 0 ms
21:25:47.744 [main] DEBUG io.github.bonigarcia.wdm.cache.ResolutionCache - Resolution chrome=107 in cache (valid until 22:24:57 04/11/2022 WIB)
21:25:47.752 [main] DEBUG io.github.bonigarcia.wdm.cache.ResolutionCache - Resolution chrome107=107.0.5304.62 in cache (valid until 21:24:57 05/11/2022 WIB)
21:25:47.754 [main] INFO io.github.bonigarcia.wdm.WebDriverManager - Using chromedriver 107.0.5304.62 (resolved driver for Chrome 107)
21:25:47.773 [main] DEBUG io.github.bonigarcia.wdm.WebDriverManager - Driver chromedriver 107.0.5304.62 found in cache
21:25:47.774 [main] INFO io.github.bonigarcia.wdm.WebDriverManager - Exporting webdriver.chrome.driver as C:\Users\ASUS\.cache\selenium\chromedriver\win32\107.0.5304.62\chromedriver.exe
21:25:47.978 [main] DEBUG net.serenitybdd.core.webdriver.driverproviders.ProvideNewDriver - Instantiating driver
21:25:47.978 [main] DEBUG net.serenitybdd.core.webdriver.driverproviders.ProvideNewDriver - Driver capabilities: Capabilities {acceptInsecureCerts: false, base.url: https://alta-shop.vercel.app/, browserName: chrome, chrome.driver: src/test/resources/webdrive..., driver: chrome, goog:chromeOptions: {args: [], extensions: []}, wait.for.timeout: 10000}
21:25:48.527 [AsyncHttpClient-1-17] DEBUG org.asynchttpclient.netty.channel.NettyConnectListener - Using new Channel '[id: 0x8dcc0f4e, L:/127.0.0.1:63859 - R:localhost/127.0.0.1:58979]' for 'POST' to '/session'
21:25:49.954 [AsyncHttpClient-1-17] DEBUG org.asynchttpclient.netty.handler.HttpHandler - 

Request DefaultHttpRequest(decodeResult: success, version: HTTP/1.1)
POST /session HTTP/1.1
User-Agent: selenium/4.1.2 (java windows)
Content-Length: 646
Content-Type: application/json; charset=utf-8
host: localhost:58979
accept: */*

Response DefaultHttpResponse(decodeResult: success, version: HTTP/1.1)
HTTP/1.1 200 OK
Content-Type: application/json; charset=utf-8
cache-control: no-cache
content-length: 789

21:25:49.954 [AsyncHttpClient-1-17] DEBUG org.asynchttpclient.netty.channel.ChannelManager - Adding key: http://localhost:58979 for channel [id: 0x8dcc0f4e, L:/127.0.0.1:63859 - R:localhost/127.0.0.1:58979]
21:25:49.967 [AsyncHttpClient-1-2] DEBUG org.asynchttpclient.netty.channel.NettyConnectListener - Using new Channel '[id: 0x292b285d, L:/127.0.0.1:63868 - R:localhost/127.0.0.1:63860]' for 'GET' to '/json/version'
21:25:49.968 [AsyncHttpClient-1-2] DEBUG org.asynchttpclient.netty.handler.HttpHandler - 

Request DefaultFullHttpRequest(decodeResult: success, version: HTTP/1.1, content: EmptyByteBufBE)
GET /json/version HTTP/1.1
User-Agent: selenium/4.1.2 (java windows)
host: localhost:63860
accept: */*

Response DefaultHttpResponse(decodeResult: success, version: HTTP/1.1)
HTTP/1.1 200 OK
Content-Type: application/json; charset=UTF-8
content-length: 423

21:25:49.968 [AsyncHttpClient-1-2] DEBUG org.asynchttpclient.netty.channel.ChannelManager - Adding key: http://localhost:63860 for channel [id: 0x292b285d, L:/127.0.0.1:63868 - R:localhost/127.0.0.1:63860]
21:25:49.972 [AsyncHttpClient-1-3] DEBUG org.asynchttpclient.netty.channel.NettyConnectListener - Using new Channel '[id: 0x7ec15810, L:/127.0.0.1:63869 - R:localhost/127.0.0.1:63860]' for 'GET' to '/devtools/browser/04f4606c-9639-4097-a523-df851f865d03'
21:25:49.974 [AsyncHttpClient-1-3] DEBUG org.asynchttpclient.netty.handler.WebSocketHandler - 

Request DefaultFullHttpRequest(decodeResult: success, version: HTTP/1.1, content: EmptyByteBufBE)
GET /devtools/browser/04f4606c-9639-4097-a523-df851f865d03 HTTP/1.1
upgrade: websocket
connection: upgrade
sec-websocket-key: hb2D+pEoRAMXxYkjeRxULw==
sec-websocket-version: 13
origin: http://localhost:63860
host: localhost:63860
accept: */*
user-agent: AHC/2.1

Response DefaultHttpResponse(decodeResult: success, version: HTTP/1.1)
HTTP/1.1 101 WebSocket Protocol Handshake
Upgrade: WebSocket
Connection: Upgrade
Sec-WebSocket-Accept: SyUzW572orX27gL39jrJKfsEytE=

21:25:49.981 [Forwarding get on session 271c97b87a7c6bd0a34075580634d60e to remote] DEBUG org.asynchttpclient.netty.request.NettyRequestSender - Using pooled Channel '[id: 0x8dcc0f4e, L:/127.0.0.1:63859 - R:localhost/127.0.0.1:58979]' for 'POST' to 'http://localhost:58979/session/271c97b87a7c6bd0a34075580634d60e/url'
21:25:49.981 [Forwarding get on session 271c97b87a7c6bd0a34075580634d60e to remote] DEBUG org.asynchttpclient.netty.request.NettyRequestSender - Using open Channel [id: 0x8dcc0f4e, L:/127.0.0.1:63859 - R:localhost/127.0.0.1:58979] for POST '/session/271c97b87a7c6bd0a34075580634d60e/url'
21:25:50.856 [AsyncHttpClient-1-17] DEBUG org.asynchttpclient.netty.handler.HttpHandler - 

Request DefaultHttpRequest(decodeResult: success, version: HTTP/1.1)
POST /session/271c97b87a7c6bd0a34075580634d60e/url HTTP/1.1
User-Agent: selenium/4.1.2 (java windows)
Content-Length: 74
Content-Type: application/json; charset=utf-8
host: localhost:58979
accept: */*

Response DefaultHttpResponse(decodeResult: success, version: HTTP/1.1)
HTTP/1.1 200 OK
Content-Type: application/json; charset=utf-8
cache-control: no-cache
content-length: 14

21:25:50.856 [AsyncHttpClient-1-17] DEBUG org.asynchttpclient.netty.channel.ChannelManager - Adding key: http://localhost:58979 for channel [id: 0x8dcc0f4e, L:/127.0.0.1:63859 - R:localhost/127.0.0.1:58979]
21:25:50.858 [Forwarding setTimeout on session 271c97b87a7c6bd0a34075580634d60e to remote] DEBUG org.asynchttpclient.netty.request.NettyRequestSender - Using pooled Channel '[id: 0x8dcc0f4e, L:/127.0.0.1:63859 - R:localhost/127.0.0.1:58979]' for 'POST' to 'http://localhost:58979/session/271c97b87a7c6bd0a34075580634d60e/timeouts'
21:25:50.858 [Forwarding setTimeout on session 271c97b87a7c6bd0a34075580634d60e to remote] DEBUG org.asynchttpclient.netty.request.NettyRequestSender - Using open Channel [id: 0x8dcc0f4e, L:/127.0.0.1:63859 - R:localhost/127.0.0.1:58979] for POST '/session/271c97b87a7c6bd0a34075580634d60e/timeouts'
21:25:50.859 [AsyncHttpClient-1-17] DEBUG org.asynchttpclient.netty.handler.HttpHandler - 

Request DefaultHttpRequest(decodeResult: success, version: HTTP/1.1)
POST /session/271c97b87a7c6bd0a34075580634d60e/timeouts HTTP/1.1
User-Agent: selenium/4.1.2 (java windows)
Content-Length: 22
Content-Type: application/json; charset=utf-8
host: localhost:58979
accept: */*

Response DefaultHttpResponse(decodeResult: success, version: HTTP/1.1)
HTTP/1.1 200 OK
Content-Type: application/json; charset=utf-8
cache-control: no-cache
content-length: 14

21:25:50.859 [AsyncHttpClient-1-17] DEBUG org.asynchttpclient.netty.channel.ChannelManager - Adding key: http://localhost:58979 for channel [id: 0x8dcc0f4e, L:/127.0.0.1:63859 - R:localhost/127.0.0.1:58979]
21:25:50.862 [Forwarding getCurrentUrl on session 271c97b87a7c6bd0a34075580634d60e to remote] DEBUG org.asynchttpclient.netty.request.NettyRequestSender - Using pooled Channel '[id: 0x8dcc0f4e, L:/127.0.0.1:63859 - R:localhost/127.0.0.1:58979]' for 'GET' to 'http://localhost:58979/session/271c97b87a7c6bd0a34075580634d60e/url'
21:25:50.862 [Forwarding getCurrentUrl on session 271c97b87a7c6bd0a34075580634d60e to remote] DEBUG org.asynchttpclient.netty.request.NettyRequestSender - Using open Channel [id: 0x8dcc0f4e, L:/127.0.0.1:63859 - R:localhost/127.0.0.1:58979] for GET '/session/271c97b87a7c6bd0a34075580634d60e/url'
21:25:50.867 [AsyncHttpClient-1-17] DEBUG org.asynchttpclient.netty.handler.HttpHandler - 

Request DefaultFullHttpRequest(decodeResult: success, version: HTTP/1.1, content: EmptyByteBufBE)
GET /session/271c97b87a7c6bd0a34075580634d60e/url HTTP/1.1
User-Agent: selenium/4.1.2 (java windows)
Cache-Control: no-cache
Content-Type: application/json; charset=utf-8
host: localhost:58979
accept: */*

Response DefaultHttpResponse(decodeResult: success, version: HTTP/1.1)
HTTP/1.1 200 OK
Content-Type: application/json; charset=utf-8
cache-control: no-cache
content-length: 51

21:25:50.867 [AsyncHttpClient-1-17] DEBUG org.asynchttpclient.netty.channel.ChannelManager - Adding key: http://localhost:58979 for channel [id: 0x8dcc0f4e, L:/127.0.0.1:63859 - R:localhost/127.0.0.1:58979]
  &amp#27;[32mWhen &amp#27;[0m&amp#27;[32mI open login url&amp#27;[0m        &amp#27;[90m# starter.stepdefinitions.LogInOutSteps.iOpenLoginUrl()&amp#27;[0m
21:25:50.874 [main] DEBUG net.serenitybdd.core.photography.Darkroom - Opening darkroom
21:25:50.874 [Darkroom Processing Line] DEBUG net.serenitybdd.core.photography.DarkroomProcessingLine - Darkroom processing line starting up
21:25:50.874 [Forwarding screenshot on session 271c97b87a7c6bd0a34075580634d60e to remote] DEBUG org.asynchttpclient.netty.request.NettyRequestSender - Using pooled Channel '[id: 0x8dcc0f4e, L:/127.0.0.1:63859 - R:localhost/127.0.0.1:58979]' for 'GET' to 'http://localhost:58979/session/271c97b87a7c6bd0a34075580634d60e/screenshot'
21:25:50.874 [Forwarding screenshot on session 271c97b87a7c6bd0a34075580634d60e to remote] DEBUG org.asynchttpclient.netty.request.NettyRequestSender - Using open Channel [id: 0x8dcc0f4e, L:/127.0.0.1:63859 - R:localhost/127.0.0.1:58979] for GET '/session/271c97b87a7c6bd0a34075580634d60e/screenshot'
21:25:50.950 [AsyncHttpClient-1-1] DEBUG org.asynchttpclient.netty.channel.DefaultChannelPool - Entry count for : http://localhost:63860 : 1
21:25:51.291 [AsyncHttpClient-1-17] DEBUG org.asynchttpclient.netty.handler.HttpHandler - 

Request DefaultFullHttpRequest(decodeResult: success, version: HTTP/1.1, content: EmptyByteBufBE)
GET /session/271c97b87a7c6bd0a34075580634d60e/screenshot HTTP/1.1
User-Agent: selenium/4.1.2 (java windows)
Cache-Control: no-cache
Content-Type: application/json; charset=utf-8
host: localhost:58979
accept: */*

Response DefaultHttpResponse(decodeResult: success, version: HTTP/1.1)
HTTP/1.1 200 OK
Content-Type: application/json; charset=utf-8
cache-control: no-cache
content-length: 38472

21:25:51.292 [AsyncHttpClient-1-17] DEBUG org.asynchttpclient.netty.channel.ChannelManager - Adding key: http://localhost:58979 for channel [id: 0x8dcc0f4e, L:/127.0.0.1:63859 - R:localhost/127.0.0.1:58979]
21:25:51.294 [main] DEBUG net.serenitybdd.core.photography.Darkroom - Send negative for processing for target\site\serenity\6c2309ed56aeb278067cd6b3caf368b9f01e276e2bf175d46007f31c90d5af21.png
21:25:51.294 [Darkroom Processing Line] DEBUG net.serenitybdd.core.photography.DarkroomProcessingLine - Processing screenshot image in /var/screenshots/screenshot-15133699099988176490
21:25:51.294 [Darkroom Processing Line] DEBUG net.serenitybdd.core.photography.DarkroomProcessingLine - Saving screenshot to target\site\serenity\6c2309ed56aeb278067cd6b3caf368b9f01e276e2bf175d46007f31c90d5af21.png
21:25:51.301 [Forwarding findElement on session 271c97b87a7c6bd0a34075580634d60e to remote] DEBUG org.asynchttpclient.netty.request.NettyRequestSender - Using pooled Channel '[id: 0x8dcc0f4e, L:/127.0.0.1:63859 - R:localhost/127.0.0.1:58979]' for 'POST' to 'http://localhost:58979/session/271c97b87a7c6bd0a34075580634d60e/element'
21:25:51.301 [Forwarding findElement on session 271c97b87a7c6bd0a34075580634d60e to remote] DEBUG org.asynchttpclient.netty.request.NettyRequestSender - Using open Channel [id: 0x8dcc0f4e, L:/127.0.0.1:63859 - R:localhost/127.0.0.1:58979] for POST '/session/271c97b87a7c6bd0a34075580634d60e/element'
21:25:51.315 [AsyncHttpClient-1-17] DEBUG org.asynchttpclient.netty.handler.HttpHandler - 

Request DefaultHttpRequest(decodeResult: success, version: HTTP/1.1)
POST /session/271c97b87a7c6bd0a34075580634d60e/element HTTP/1.1
User-Agent: selenium/4.1.2 (java windows)
Content-Length: 77
Content-Type: application/json; charset=utf-8
host: localhost:58979
accept: */*

Response DefaultHttpResponse(decodeResult: success, version: HTTP/1.1)
HTTP/1.1 200 OK
Content-Type: application/json; charset=utf-8
cache-control: no-cache
content-length: 88

21:25:51.315 [AsyncHttpClient-1-17] DEBUG org.asynchttpclient.netty.channel.ChannelManager - Adding key: http://localhost:58979 for channel [id: 0x8dcc0f4e, L:/127.0.0.1:63859 - R:localhost/127.0.0.1:58979]
21:25:51.319 [Forwarding isElementDisplayed on session 271c97b87a7c6bd0a34075580634d60e to remote] DEBUG org.asynchttpclient.netty.request.NettyRequestSender - Using pooled Channel '[id: 0x8dcc0f4e, L:/127.0.0.1:63859 - R:localhost/127.0.0.1:58979]' for 'POST' to 'http://localhost:58979/session/271c97b87a7c6bd0a34075580634d60e/execute/sync'
21:25:51.319 [Forwarding isElementDisplayed on session 271c97b87a7c6bd0a34075580634d60e to remote] DEBUG org.asynchttpclient.netty.request.NettyRequestSender - Using open Channel [id: 0x8dcc0f4e, L:/127.0.0.1:63859 - R:localhost/127.0.0.1:58979] for POST '/session/271c97b87a7c6bd0a34075580634d60e/execute/sync'
21:25:51.334 [AsyncHttpClient-1-17] DEBUG org.asynchttpclient.netty.handler.HttpHandler - 

Request DefaultHttpRequest(decodeResult: success, version: HTTP/1.1)
POST /session/271c97b87a7c6bd0a34075580634d60e/execute/sync HTTP/1.1
User-Agent: selenium/4.1.2 (java windows)
Content-Length: 48780
Content-Type: application/json; charset=utf-8
host: localhost:58979
accept: */*

Response DefaultHttpResponse(decodeResult: success, version: HTTP/1.1)
HTTP/1.1 200 OK
Content-Type: application/json; charset=utf-8
cache-control: no-cache
content-length: 14

21:25:51.334 [AsyncHttpClient-1-17] DEBUG org.asynchttpclient.netty.channel.ChannelManager - Adding key: http://localhost:58979 for channel [id: 0x8dcc0f4e, L:/127.0.0.1:63859 - R:localhost/127.0.0.1:58979]
  &amp#27;[32mThen &amp#27;[0m&amp#27;[32mI will go to login page&amp#27;[0m &amp#27;[90m# starter.stepdefinitions.LogInOutSteps.iWillGoToLoginPage()&amp#27;[0m
21:25:51.339 [main] INFO  - 
  _____   ___   ___   _____     ___     _     ___   ___   ___   ___  
 |_   _| | __| / __| |_   _|   | _ \   /_\   / __| / __| | __| |   \ 
   | |   | _|  \__ \   | |     |  _/  / _ \  \__ \ \__ \ | _|  | |) |
   |_|   |___| |___/   |_|     |_|   /_/ \_\ |___/ |___/ |___| |___/ 

Show Login Page
----------------------------------------------------------------------
21:25:51.341 [AsyncHttpClient-1-3] DEBUG org.asynchttpclient.netty.handler.WebSocketHandler - Channel Closed: [id: 0x7ec15810, L:/127.0.0.1:63869 ! R:localhost/127.0.0.1:63860] with attribute NettyResponseFuture{currentRetry=5,
	isDone=1,
	isCancelled=0,
	asyncHandler=org.asynchttpclient.ws.WebSocketUpgradeHandler@45ef8c75,
	nettyRequest=org.asynchttpclient.netty.request.NettyRequest@6079bb71,
	future=java.util.concurrent.CompletableFuture@2a1633be[Completed normally],
	uri=ws://localhost:63860/devtools/browser/04f4606c-9639-4097-a523-df851f865d03,
	keepAlive=true,
	redirectCount=0,
	timeoutsHolder=null,
	inAuth=0,
	touch=1667571949974}
21:25:51.341 [AsyncHttpClient-1-3] DEBUG org.asynchttpclient.netty.channel.ChannelManager - Closing Channel [id: 0x7ec15810, L:/127.0.0.1:63869 ! R:localhost/127.0.0.1:63860] 
21:25:51.341 [Driver Command Executor] DEBUG org.asynchttpclient.netty.request.NettyRequestSender - Using pooled Channel '[id: 0x8dcc0f4e, L:/127.0.0.1:63859 - R:localhost/127.0.0.1:58979]' for 'DELETE' to 'http://localhost:58979/session/271c97b87a7c6bd0a34075580634d60e'
21:25:51.341 [Driver Command Executor] DEBUG org.asynchttpclient.netty.request.NettyRequestSender - Using open Channel [id: 0x8dcc0f4e, L:/127.0.0.1:63859 - R:localhost/127.0.0.1:58979] for DELETE '/session/271c97b87a7c6bd0a34075580634d60e'
21:25:51.381 [AsyncHttpClient-1-2] DEBUG org.asynchttpclient.netty.handler.HttpHandler - Unexpected I/O exception on channel [id: 0x292b285d, L:/127.0.0.1:63868 - R:localhost/127.0.0.1:63860]
java.net.SocketException: Connection reset
	at java.base/sun.nio.ch.SocketChannelImpl.throwConnectionReset(SocketChannelImpl.java:345)
	at java.base/sun.nio.ch.SocketChannelImpl.read(SocketChannelImpl.java:376)
	at io.netty.buffer.PooledByteBuf.setBytes(PooledByteBuf.java:258)
	at io.netty.buffer.AbstractByteBuf.writeBytes(AbstractByteBuf.java:1132)
	at io.netty.channel.socket.nio.NioSocketChannel.doReadBytes(NioSocketChannel.java:350)
	at io.netty.channel.nio.AbstractNioByteChannel$NioByteUnsafe.read(AbstractNioByteChannel.java:151)
	at io.netty.channel.nio.NioEventLoop.processSelectedKey(NioEventLoop.java:722)
	at io.netty.channel.nio.NioEventLoop.processSelectedKeysOptimized(NioEventLoop.java:658)
	at io.netty.channel.nio.NioEventLoop.processSelectedKeys(NioEventLoop.java:584)
	at io.netty.channel.nio.NioEventLoop.run(NioEventLoop.java:496)
	at io.netty.util.concurrent.SingleThreadEventExecutor$4.run(SingleThreadEventExecutor.java:986)
	at io.netty.util.internal.ThreadExecutorMap$2.run(ThreadExecutorMap.java:74)
	at io.netty.util.concurrent.FastThreadLocalRunnable.run(FastThreadLocalRunnable.java:30)
	at java.base/java.lang.Thread.run(Thread.java:830)
21:25:51.381 [AsyncHttpClient-1-2] DEBUG org.asynchttpclient.netty.channel.ChannelManager - Closing Channel [id: 0x292b285d, L:/127.0.0.1:63868 - R:localhost/127.0.0.1:63860] 
21:25:51.382 [AsyncHttpClient-1-2] DEBUG org.asynchttpclient.netty.handler.HttpHandler - Channel Closed: [id: 0x292b285d, L:/127.0.0.1:63868 ! R:localhost/127.0.0.1:63860] with attribute DISCARD
21:25:51.401 [AsyncHttpClient-1-17] DEBUG org.asynchttpclient.netty.handler.HttpHandler - 

Request DefaultFullHttpRequest(decodeResult: success, version: HTTP/1.1, content: EmptyByteBufBE)
DELETE /session/271c97b87a7c6bd0a34075580634d60e HTTP/1.1
User-Agent: selenium/4.1.2 (java windows)
Content-Type: application/json; charset=utf-8
host: localhost:58979
accept: */*

Response DefaultHttpResponse(decodeResult: success, version: HTTP/1.1)
HTTP/1.1 200 OK
Content-Type: application/json; charset=utf-8
cache-control: no-cache
content-length: 14

21:25:51.401 [AsyncHttpClient-1-17] DEBUG org.asynchttpclient.netty.channel.ChannelManager - Adding key: http://localhost:58979 for channel [id: 0x8dcc0f4e, L:/127.0.0.1:63859 - R:localhost/127.0.0.1:58979]
21:25:51.451 [AsyncHttpClient-1-17] DEBUG org.asynchttpclient.netty.handler.HttpHandler - Channel Closed: [id: 0x8dcc0f4e, L:/127.0.0.1:63859 ! R:localhost/127.0.0.1:58979] with attribute DISCARD
]]></system-out>
    <system-err><![CDATA[Starting ChromeDriver 106.0.5249.61 (511755355844955cd3e264779baf0dd38212a4d0-refs/branch-heads/5249@{#569}) on port 58979
Only local connections are allowed.
Please see https://chromedriver.chromium.org/security-considerations for suggestions on keeping ChromeDriver safe.
ChromeDriver was started successfully.
[1667571949.365][WARNING]: This version of ChromeDriver has not been tested with Chrome version 107.
Nov 04, 2022 9:25:49 PM org.openqa.selenium.remote.ProtocolHandshake createSession
INFO: Detected dialect: W3C
Nov 04, 2022 9:25:49 PM org.openqa.selenium.devtools.CdpVersionFinder findNearestMatch
WARNING: Unable to find an exact match for CDP version 107, so returning the closest version found: a no-op implementation
Nov 04, 2022 9:25:49 PM org.openqa.selenium.devtools.CdpVersionFinder findNearestMatch
INFO: Unable to find CDP implementation matching 107.
Nov 04, 2022 9:25:49 PM org.openqa.selenium.chromium.ChromiumDriver lambda$new$3
WARNING: Unable to find version of CDP to use for . You may need to include a dependency on a specific version of the CDP using something similar to `org.seleniumhq.selenium:selenium-devtools-v86:4.1.2` where the version ("v86") matches the version of the chromium-based browser you're using and the version number of the artifact is the same as Selenium's.
]]></system-err>
  </testcase>
  <testcase name="Login with registered email and password" classname="Login" time="7.59">
    <system-out><![CDATA[
Scenario: Login with registered email and password &amp#27;[90m# src/test/resources/features/Login.feature:10&amp#27;[0m
21:25:51.992 [main] INFO io.cucumber.core.plugin.SerenityReporter - Running feature from file:///C:/Users/ASUS/Desktop/stupen/miniproject/Web/ASWeb/src/test/resources/features/Login.feature
21:25:51.993 [main] INFO  - 
  _____   ___   ___   _____     ___   _____     _     ___   _____   ___   ___  
 |_   _| | __| / __| |_   _|   / __| |_   _|   /_\   | _ \ |_   _| | __| |   \ 
   | |   | _|  \__ \   | |     \__ \   | |    / _ \  |   /   | |   | _|  | |) |
   |_|   |___| |___/   |_|     |___/   |_|   /_/ \_\ |_|_\   |_|   |___| |___/ 

Login with registered email and password(login;login-with-registered-email-and-password)
--------------------------------------------------------------------------------
21:25:52.008 [main] INFO net.serenitybdd.core.webdriver.driverproviders.ChromeDriverProvider - Using automatically driver download
21:25:52.057 [AsyncHttpClient-1-1] DEBUG org.asynchttpclient.netty.channel.DefaultChannelPool - Entry count for : http://localhost:63860 : 1
21:25:52.057 [AsyncHttpClient-1-1] DEBUG org.asynchttpclient.netty.channel.DefaultChannelPool - Entry count for : http://localhost:58979 : 1
21:25:52.057 [AsyncHttpClient-1-1] DEBUG org.asynchttpclient.netty.channel.DefaultChannelPool - Adding Candidate expired Channel [id: 0x292b285d, L:/127.0.0.1:63868 ! R:localhost/127.0.0.1:63860] isIdleTimeoutExpired=false isRemotelyClosed=true isTtlExpired=false
21:25:52.057 [AsyncHttpClient-1-1] DEBUG org.asynchttpclient.netty.channel.DefaultChannelPool - Closing Idle Channel [id: 0x292b285d, L:/127.0.0.1:63868 ! R:localhost/127.0.0.1:63860]
21:25:52.057 [AsyncHttpClient-1-1] DEBUG org.asynchttpclient.netty.channel.DefaultChannelPool - Adding Candidate expired Channel [id: 0x8dcc0f4e, L:/127.0.0.1:63859 ! R:localhost/127.0.0.1:58979] isIdleTimeoutExpired=false isRemotelyClosed=true isTtlExpired=false
21:25:52.057 [AsyncHttpClient-1-1] DEBUG org.asynchttpclient.netty.channel.DefaultChannelPool - Closing Idle Channel [id: 0x8dcc0f4e, L:/127.0.0.1:63859 ! R:localhost/127.0.0.1:58979]
21:25:52.057 [AsyncHttpClient-1-1] DEBUG org.asynchttpclient.netty.channel.DefaultChannelPool - Closed 2 connections out of 2 in 0 ms
21:25:52.176 [main] DEBUG io.github.bonigarcia.wdm.cache.ResolutionCache - Resolution chrome=107 in cache (valid until 22:24:57 04/11/2022 WIB)
21:25:52.183 [main] DEBUG io.github.bonigarcia.wdm.cache.ResolutionCache - Resolution chrome107=107.0.5304.62 in cache (valid until 21:24:57 05/11/2022 WIB)
21:25:52.186 [main] INFO io.github.bonigarcia.wdm.WebDriverManager - Using chromedriver 107.0.5304.62 (resolved driver for Chrome 107)
21:25:52.200 [main] DEBUG io.github.bonigarcia.wdm.WebDriverManager - Driver chromedriver 107.0.5304.62 found in cache
21:25:52.201 [main] INFO io.github.bonigarcia.wdm.WebDriverManager - Exporting webdriver.chrome.driver as C:\Users\ASUS\.cache\selenium\chromedriver\win32\107.0.5304.62\chromedriver.exe
21:25:52.364 [main] DEBUG net.serenitybdd.core.webdriver.driverproviders.ProvideNewDriver - Instantiating driver
21:25:52.364 [main] DEBUG net.serenitybdd.core.webdriver.driverproviders.ProvideNewDriver - Driver capabilities: Capabilities {acceptInsecureCerts: false, base.url: https://alta-shop.vercel.app/, browserName: chrome, chrome.driver: src/test/resources/webdrive..., driver: chrome, goog:chromeOptions: {args: [], extensions: []}, wait.for.timeout: 10000}
21:25:52.912 [AsyncHttpClient-1-4] DEBUG org.asynchttpclient.netty.channel.NettyConnectListener - Using new Channel '[id: 0xc2ca7f81, L:/127.0.0.1:63882 - R:localhost/127.0.0.1:56145]' for 'POST' to '/session'
21:25:54.129 [AsyncHttpClient-1-4] DEBUG org.asynchttpclient.netty.handler.HttpHandler - 

Request DefaultHttpRequest(decodeResult: success, version: HTTP/1.1)
POST /session HTTP/1.1
User-Agent: selenium/4.1.2 (java windows)
Content-Length: 646
Content-Type: application/json; charset=utf-8
host: localhost:56145
accept: */*

Response DefaultHttpResponse(decodeResult: success, version: HTTP/1.1)
HTTP/1.1 200 OK
Content-Type: application/json; charset=utf-8
cache-control: no-cache
content-length: 788

21:25:54.130 [AsyncHttpClient-1-4] DEBUG org.asynchttpclient.netty.channel.ChannelManager - Adding key: http://localhost:56145 for channel [id: 0xc2ca7f81, L:/127.0.0.1:63882 - R:localhost/127.0.0.1:56145]
21:25:54.143 [AsyncHttpClient-1-5] DEBUG org.asynchttpclient.netty.channel.NettyConnectListener - Using new Channel '[id: 0xe2dea768, L:/127.0.0.1:63891 - R:localhost/127.0.0.1:63883]' for 'GET' to '/json/version'
21:25:54.144 [AsyncHttpClient-1-5] DEBUG org.asynchttpclient.netty.handler.HttpHandler - 

Request DefaultFullHttpRequest(decodeResult: success, version: HTTP/1.1, content: EmptyByteBufBE)
GET /json/version HTTP/1.1
User-Agent: selenium/4.1.2 (java windows)
host: localhost:63883
accept: */*

Response DefaultHttpResponse(decodeResult: success, version: HTTP/1.1)
HTTP/1.1 200 OK
Content-Type: application/json; charset=UTF-8
content-length: 423

21:25:54.144 [AsyncHttpClient-1-5] DEBUG org.asynchttpclient.netty.channel.ChannelManager - Adding key: http://localhost:63883 for channel [id: 0xe2dea768, L:/127.0.0.1:63891 - R:localhost/127.0.0.1:63883]
21:25:54.148 [AsyncHttpClient-1-6] DEBUG org.asynchttpclient.netty.channel.NettyConnectListener - Using new Channel '[id: 0x3518457f, L:/127.0.0.1:63892 - R:localhost/127.0.0.1:63883]' for 'GET' to '/devtools/browser/621ea1a6-0e7c-4baa-963d-a3ffae2d7e9a'
21:25:54.149 [AsyncHttpClient-1-6] DEBUG org.asynchttpclient.netty.handler.WebSocketHandler - 

Request DefaultFullHttpRequest(decodeResult: success, version: HTTP/1.1, content: EmptyByteBufBE)
GET /devtools/browser/621ea1a6-0e7c-4baa-963d-a3ffae2d7e9a HTTP/1.1
upgrade: websocket
connection: upgrade
sec-websocket-key: 2Wbz2vmb5OrQYkNeOGX2lg==
sec-websocket-version: 13
origin: http://localhost:63883
host: localhost:63883
accept: */*
user-agent: AHC/2.1

Response DefaultHttpResponse(decodeResult: success, version: HTTP/1.1)
HTTP/1.1 101 WebSocket Protocol Handshake
Upgrade: WebSocket
Connection: Upgrade
Sec-WebSocket-Accept: L6LeUpo6ZlPX4hMz7AwE1r7kcgw=

21:25:54.156 [Forwarding get on session 5b35ca5291b2b410ea64eff6f3985369 to remote] DEBUG org.asynchttpclient.netty.request.NettyRequestSender - Using pooled Channel '[id: 0xc2ca7f81, L:/127.0.0.1:63882 - R:localhost/127.0.0.1:56145]' for 'POST' to 'http://localhost:56145/session/5b35ca5291b2b410ea64eff6f3985369/url'
21:25:54.156 [Forwarding get on session 5b35ca5291b2b410ea64eff6f3985369 to remote] DEBUG org.asynchttpclient.netty.request.NettyRequestSender - Using open Channel [id: 0xc2ca7f81, L:/127.0.0.1:63882 - R:localhost/127.0.0.1:56145] for POST '/session/5b35ca5291b2b410ea64eff6f3985369/url'
21:25:54.251 [AsyncHttpClient-1-1] DEBUG org.asynchttpclient.netty.channel.DefaultChannelPool - Entry count for : http://localhost:63883 : 1
21:25:54.818 [AsyncHttpClient-1-4] DEBUG org.asynchttpclient.netty.handler.HttpHandler - 

Request DefaultHttpRequest(decodeResult: success, version: HTTP/1.1)
POST /session/5b35ca5291b2b410ea64eff6f3985369/url HTTP/1.1
User-Agent: selenium/4.1.2 (java windows)
Content-Length: 74
Content-Type: application/json; charset=utf-8
host: localhost:56145
accept: */*

Response DefaultHttpResponse(decodeResult: success, version: HTTP/1.1)
HTTP/1.1 200 OK
Content-Type: application/json; charset=utf-8
cache-control: no-cache
content-length: 14

21:25:54.818 [AsyncHttpClient-1-4] DEBUG org.asynchttpclient.netty.channel.ChannelManager - Adding key: http://localhost:56145 for channel [id: 0xc2ca7f81, L:/127.0.0.1:63882 - R:localhost/127.0.0.1:56145]
21:25:54.820 [Forwarding setTimeout on session 5b35ca5291b2b410ea64eff6f3985369 to remote] DEBUG org.asynchttpclient.netty.request.NettyRequestSender - Using pooled Channel '[id: 0xc2ca7f81, L:/127.0.0.1:63882 - R:localhost/127.0.0.1:56145]' for 'POST' to 'http://localhost:56145/session/5b35ca5291b2b410ea64eff6f3985369/timeouts'
21:25:54.820 [Forwarding setTimeout on session 5b35ca5291b2b410ea64eff6f3985369 to remote] DEBUG org.asynchttpclient.netty.request.NettyRequestSender - Using open Channel [id: 0xc2ca7f81, L:/127.0.0.1:63882 - R:localhost/127.0.0.1:56145] for POST '/session/5b35ca5291b2b410ea64eff6f3985369/timeouts'
21:25:54.821 [AsyncHttpClient-1-4] DEBUG org.asynchttpclient.netty.handler.HttpHandler - 

Request DefaultHttpRequest(decodeResult: success, version: HTTP/1.1)
POST /session/5b35ca5291b2b410ea64eff6f3985369/timeouts HTTP/1.1
User-Agent: selenium/4.1.2 (java windows)
Content-Length: 22
Content-Type: application/json; charset=utf-8
host: localhost:56145
accept: */*

Response DefaultHttpResponse(decodeResult: success, version: HTTP/1.1)
HTTP/1.1 200 OK
Content-Type: application/json; charset=utf-8
cache-control: no-cache
content-length: 14

21:25:54.821 [AsyncHttpClient-1-4] DEBUG org.asynchttpclient.netty.channel.ChannelManager - Adding key: http://localhost:56145 for channel [id: 0xc2ca7f81, L:/127.0.0.1:63882 - R:localhost/127.0.0.1:56145]
21:25:54.826 [Forwarding getCurrentUrl on session 5b35ca5291b2b410ea64eff6f3985369 to remote] DEBUG org.asynchttpclient.netty.request.NettyRequestSender - Using pooled Channel '[id: 0xc2ca7f81, L:/127.0.0.1:63882 - R:localhost/127.0.0.1:56145]' for 'GET' to 'http://localhost:56145/session/5b35ca5291b2b410ea64eff6f3985369/url'
21:25:54.826 [Forwarding getCurrentUrl on session 5b35ca5291b2b410ea64eff6f3985369 to remote] DEBUG org.asynchttpclient.netty.request.NettyRequestSender - Using open Channel [id: 0xc2ca7f81, L:/127.0.0.1:63882 - R:localhost/127.0.0.1:56145] for GET '/session/5b35ca5291b2b410ea64eff6f3985369/url'
21:25:54.832 [AsyncHttpClient-1-4] DEBUG org.asynchttpclient.netty.handler.HttpHandler - 

Request DefaultFullHttpRequest(decodeResult: success, version: HTTP/1.1, content: EmptyByteBufBE)
GET /session/5b35ca5291b2b410ea64eff6f3985369/url HTTP/1.1
User-Agent: selenium/4.1.2 (java windows)
Cache-Control: no-cache
Content-Type: application/json; charset=utf-8
host: localhost:56145
accept: */*

Response DefaultHttpResponse(decodeResult: success, version: HTTP/1.1)
HTTP/1.1 200 OK
Content-Type: application/json; charset=utf-8
cache-control: no-cache
content-length: 51

21:25:54.832 [AsyncHttpClient-1-4] DEBUG org.asynchttpclient.netty.channel.ChannelManager - Adding key: http://localhost:56145 for channel [id: 0xc2ca7f81, L:/127.0.0.1:63882 - R:localhost/127.0.0.1:56145]
  &amp#27;[32mGiven &amp#27;[0m&amp#27;[32mI am in login page&amp#27;[0m                         &amp#27;[90m# starter.stepdefinitions.LogInOutSteps.iAmInLoginPage()&amp#27;[0m
21:25:54.838 [Forwarding screenshot on session 5b35ca5291b2b410ea64eff6f3985369 to remote] DEBUG org.asynchttpclient.netty.request.NettyRequestSender - Using pooled Channel '[id: 0xc2ca7f81, L:/127.0.0.1:63882 - R:localhost/127.0.0.1:56145]' for 'GET' to 'http://localhost:56145/session/5b35ca5291b2b410ea64eff6f3985369/screenshot'
21:25:54.838 [Forwarding screenshot on session 5b35ca5291b2b410ea64eff6f3985369 to remote] DEBUG org.asynchttpclient.netty.request.NettyRequestSender - Using open Channel [id: 0xc2ca7f81, L:/127.0.0.1:63882 - R:localhost/127.0.0.1:56145] for GET '/session/5b35ca5291b2b410ea64eff6f3985369/screenshot'
21:25:55.351 [AsyncHttpClient-1-1] DEBUG org.asynchttpclient.netty.channel.DefaultChannelPool - Entry count for : http://localhost:63883 : 1
21:25:56.049 [AsyncHttpClient-1-4] DEBUG org.asynchttpclient.netty.handler.HttpHandler - 

Request DefaultFullHttpRequest(decodeResult: success, version: HTTP/1.1, content: EmptyByteBufBE)
GET /session/5b35ca5291b2b410ea64eff6f3985369/screenshot HTTP/1.1
User-Agent: selenium/4.1.2 (java windows)
Cache-Control: no-cache
Content-Type: application/json; charset=utf-8
host: localhost:56145
accept: */*

Response DefaultHttpResponse(decodeResult: success, version: HTTP/1.1)
HTTP/1.1 200 OK
Content-Type: application/json; charset=utf-8
cache-control: no-cache
content-length: 38472

21:25:56.049 [AsyncHttpClient-1-4] DEBUG org.asynchttpclient.netty.channel.ChannelManager - Adding key: http://localhost:56145 for channel [id: 0xc2ca7f81, L:/127.0.0.1:63882 - R:localhost/127.0.0.1:56145]
21:25:56.051 [main] DEBUG net.serenitybdd.core.photography.Darkroom - Send negative for processing for target\site\serenity\6c2309ed56aeb278067cd6b3caf368b9f01e276e2bf175d46007f31c90d5af21.png
21:25:56.059 [Forwarding findElement on session 5b35ca5291b2b410ea64eff6f3985369 to remote] DEBUG org.asynchttpclient.netty.request.NettyRequestSender - Using pooled Channel '[id: 0xc2ca7f81, L:/127.0.0.1:63882 - R:localhost/127.0.0.1:56145]' for 'POST' to 'http://localhost:56145/session/5b35ca5291b2b410ea64eff6f3985369/element'
21:25:56.059 [Forwarding findElement on session 5b35ca5291b2b410ea64eff6f3985369 to remote] DEBUG org.asynchttpclient.netty.request.NettyRequestSender - Using open Channel [id: 0xc2ca7f81, L:/127.0.0.1:63882 - R:localhost/127.0.0.1:56145] for POST '/session/5b35ca5291b2b410ea64eff6f3985369/element'
21:25:56.072 [AsyncHttpClient-1-4] DEBUG org.asynchttpclient.netty.handler.HttpHandler - 

Request DefaultHttpRequest(decodeResult: success, version: HTTP/1.1)
POST /session/5b35ca5291b2b410ea64eff6f3985369/element HTTP/1.1
User-Agent: selenium/4.1.2 (java windows)
Content-Length: 87
Content-Type: application/json; charset=utf-8
host: localhost:56145
accept: */*

Response DefaultHttpResponse(decodeResult: success, version: HTTP/1.1)
HTTP/1.1 200 OK
Content-Type: application/json; charset=utf-8
cache-control: no-cache
content-length: 88

21:25:56.072 [AsyncHttpClient-1-4] DEBUG org.asynchttpclient.netty.channel.ChannelManager - Adding key: http://localhost:56145 for channel [id: 0xc2ca7f81, L:/127.0.0.1:63882 - R:localhost/127.0.0.1:56145]
21:25:56.073 [Forwarding clearElement on session 5b35ca5291b2b410ea64eff6f3985369 to remote] DEBUG org.asynchttpclient.netty.request.NettyRequestSender - Using pooled Channel '[id: 0xc2ca7f81, L:/127.0.0.1:63882 - R:localhost/127.0.0.1:56145]' for 'POST' to 'http://localhost:56145/session/5b35ca5291b2b410ea64eff6f3985369/element/0eadc804-cc3a-457b-801b-e4c6af75f1fc/clear'
21:25:56.073 [Forwarding clearElement on session 5b35ca5291b2b410ea64eff6f3985369 to remote] DEBUG org.asynchttpclient.netty.request.NettyRequestSender - Using open Channel [id: 0xc2ca7f81, L:/127.0.0.1:63882 - R:localhost/127.0.0.1:56145] for POST '/session/5b35ca5291b2b410ea64eff6f3985369/element/0eadc804-cc3a-457b-801b-e4c6af75f1fc/clear'
21:25:56.112 [AsyncHttpClient-1-4] DEBUG org.asynchttpclient.netty.handler.HttpHandler - 

Request DefaultHttpRequest(decodeResult: success, version: HTTP/1.1)
POST /session/5b35ca5291b2b410ea64eff6f3985369/element/0eadc804-cc3a-457b-801b-e4c6af75f1fc/clear HTTP/1.1
User-Agent: selenium/4.1.2 (java windows)
Content-Length: 50
Content-Type: application/json; charset=utf-8
host: localhost:56145
accept: */*

Response DefaultHttpResponse(decodeResult: success, version: HTTP/1.1)
HTTP/1.1 200 OK
Content-Type: application/json; charset=utf-8
cache-control: no-cache
content-length: 14

21:25:56.113 [AsyncHttpClient-1-4] DEBUG org.asynchttpclient.netty.channel.ChannelManager - Adding key: http://localhost:56145 for channel [id: 0xc2ca7f81, L:/127.0.0.1:63882 - R:localhost/127.0.0.1:56145]
21:25:56.116 [Forwarding sendKeysToElement on session 5b35ca5291b2b410ea64eff6f3985369 to remote] DEBUG org.asynchttpclient.netty.request.NettyRequestSender - Using pooled Channel '[id: 0xc2ca7f81, L:/127.0.0.1:63882 - R:localhost/127.0.0.1:56145]' for 'POST' to 'http://localhost:56145/session/5b35ca5291b2b410ea64eff6f3985369/element/0eadc804-cc3a-457b-801b-e4c6af75f1fc/value'
21:25:56.116 [Forwarding sendKeysToElement on session 5b35ca5291b2b410ea64eff6f3985369 to remote] DEBUG org.asynchttpclient.netty.request.NettyRequestSender - Using open Channel [id: 0xc2ca7f81, L:/127.0.0.1:63882 - R:localhost/127.0.0.1:56145] for POST '/session/5b35ca5291b2b410ea64eff6f3985369/element/0eadc804-cc3a-457b-801b-e4c6af75f1fc/value'
21:25:56.266 [AsyncHttpClient-1-4] DEBUG org.asynchttpclient.netty.handler.HttpHandler - 

Request DefaultHttpRequest(decodeResult: success, version: HTTP/1.1)
POST /session/5b35ca5291b2b410ea64eff6f3985369/element/0eadc804-cc3a-457b-801b-e4c6af75f1fc/value HTTP/1.1
User-Agent: selenium/4.1.2 (java windows)
Content-Length: 221
Content-Type: application/json; charset=utf-8
host: localhost:56145
accept: */*

Response DefaultHttpResponse(decodeResult: success, version: HTTP/1.1)
HTTP/1.1 200 OK
Content-Type: application/json; charset=utf-8
cache-control: no-cache
content-length: 14

21:25:56.266 [AsyncHttpClient-1-4] DEBUG org.asynchttpclient.netty.channel.ChannelManager - Adding key: http://localhost:56145 for channel [id: 0xc2ca7f81, L:/127.0.0.1:63882 - R:localhost/127.0.0.1:56145]
  &amp#27;[32mWhen &amp#27;[0m&amp#27;[32mI input &amp#27;[0m&amp#27;[32m&amp#27;[1m"thaur@mail.com"&amp#27;[0m&amp#27;[32m email&amp#27;[0m              &amp#27;[90m# starter.stepdefinitions.LogInOutSteps.iInputEmailEmail(java.lang.String)&amp#27;[0m
21:25:56.275 [Forwarding screenshot on session 5b35ca5291b2b410ea64eff6f3985369 to remote] DEBUG org.asynchttpclient.netty.request.NettyRequestSender - Using pooled Channel '[id: 0xc2ca7f81, L:/127.0.0.1:63882 - R:localhost/127.0.0.1:56145]' for 'GET' to 'http://localhost:56145/session/5b35ca5291b2b410ea64eff6f3985369/screenshot'
21:25:56.275 [Forwarding screenshot on session 5b35ca5291b2b410ea64eff6f3985369 to remote] DEBUG org.asynchttpclient.netty.request.NettyRequestSender - Using open Channel [id: 0xc2ca7f81, L:/127.0.0.1:63882 - R:localhost/127.0.0.1:56145] for GET '/session/5b35ca5291b2b410ea64eff6f3985369/screenshot'
21:25:56.456 [AsyncHttpClient-1-1] DEBUG org.asynchttpclient.netty.channel.DefaultChannelPool - Entry count for : http://localhost:63883 : 1
21:25:56.542 [AsyncHttpClient-1-4] DEBUG org.asynchttpclient.netty.handler.HttpHandler - 

Request DefaultFullHttpRequest(decodeResult: success, version: HTTP/1.1, content: EmptyByteBufBE)
GET /session/5b35ca5291b2b410ea64eff6f3985369/screenshot HTTP/1.1
User-Agent: selenium/4.1.2 (java windows)
Cache-Control: no-cache
Content-Type: application/json; charset=utf-8
host: localhost:56145
accept: */*

Response DefaultHttpResponse(decodeResult: success, version: HTTP/1.1)
HTTP/1.1 200 OK
Content-Type: application/json; charset=utf-8
cache-control: no-cache
content-length: 43540

21:25:56.542 [AsyncHttpClient-1-4] DEBUG org.asynchttpclient.netty.channel.ChannelManager - Adding key: http://localhost:56145 for channel [id: 0xc2ca7f81, L:/127.0.0.1:63882 - R:localhost/127.0.0.1:56145]
21:25:56.544 [main] DEBUG net.serenitybdd.core.photography.Darkroom - Send negative for processing for target\site\serenity\b6dc063dc367edb8d9329de399eecb82277e053423121b2cc8de5315fac12272.png
21:25:56.545 [Darkroom Processing Line] DEBUG net.serenitybdd.core.photography.DarkroomProcessingLine - Processing screenshot image in /var/screenshots/screenshot-7590419896054105521
21:25:56.545 [Darkroom Processing Line] DEBUG net.serenitybdd.core.photography.DarkroomProcessingLine - Saving screenshot to target\site\serenity\b6dc063dc367edb8d9329de399eecb82277e053423121b2cc8de5315fac12272.png
21:25:56.557 [Forwarding findElement on session 5b35ca5291b2b410ea64eff6f3985369 to remote] DEBUG org.asynchttpclient.netty.request.NettyRequestSender - Using pooled Channel '[id: 0xc2ca7f81, L:/127.0.0.1:63882 - R:localhost/127.0.0.1:56145]' for 'POST' to 'http://localhost:56145/session/5b35ca5291b2b410ea64eff6f3985369/element'
21:25:56.557 [Forwarding findElement on session 5b35ca5291b2b410ea64eff6f3985369 to remote] DEBUG org.asynchttpclient.netty.request.NettyRequestSender - Using open Channel [id: 0xc2ca7f81, L:/127.0.0.1:63882 - R:localhost/127.0.0.1:56145] for POST '/session/5b35ca5291b2b410ea64eff6f3985369/element'
21:25:56.569 [AsyncHttpClient-1-4] DEBUG org.asynchttpclient.netty.handler.HttpHandler - 

Request DefaultHttpRequest(decodeResult: success, version: HTTP/1.1)
POST /session/5b35ca5291b2b410ea64eff6f3985369/element HTTP/1.1
User-Agent: selenium/4.1.2 (java windows)
Content-Length: 90
Content-Type: application/json; charset=utf-8
host: localhost:56145
accept: */*

Response DefaultHttpResponse(decodeResult: success, version: HTTP/1.1)
HTTP/1.1 200 OK
Content-Type: application/json; charset=utf-8
cache-control: no-cache
content-length: 88

21:25:56.569 [AsyncHttpClient-1-4] DEBUG org.asynchttpclient.netty.channel.ChannelManager - Adding key: http://localhost:56145 for channel [id: 0xc2ca7f81, L:/127.0.0.1:63882 - R:localhost/127.0.0.1:56145]
21:25:56.570 [Forwarding clearElement on session 5b35ca5291b2b410ea64eff6f3985369 to remote] DEBUG org.asynchttpclient.netty.request.NettyRequestSender - Using pooled Channel '[id: 0xc2ca7f81, L:/127.0.0.1:63882 - R:localhost/127.0.0.1:56145]' for 'POST' to 'http://localhost:56145/session/5b35ca5291b2b410ea64eff6f3985369/element/e70bf588-11a9-4efc-af1e-c2d2ec9eae41/clear'
21:25:56.570 [Forwarding clearElement on session 5b35ca5291b2b410ea64eff6f3985369 to remote] DEBUG org.asynchttpclient.netty.request.NettyRequestSender - Using open Channel [id: 0xc2ca7f81, L:/127.0.0.1:63882 - R:localhost/127.0.0.1:56145] for POST '/session/5b35ca5291b2b410ea64eff6f3985369/element/e70bf588-11a9-4efc-af1e-c2d2ec9eae41/clear'
21:25:56.610 [AsyncHttpClient-1-4] DEBUG org.asynchttpclient.netty.handler.HttpHandler - 

Request DefaultHttpRequest(decodeResult: success, version: HTTP/1.1)
POST /session/5b35ca5291b2b410ea64eff6f3985369/element/e70bf588-11a9-4efc-af1e-c2d2ec9eae41/clear HTTP/1.1
User-Agent: selenium/4.1.2 (java windows)
Content-Length: 50
Content-Type: application/json; charset=utf-8
host: localhost:56145
accept: */*

Response DefaultHttpResponse(decodeResult: success, version: HTTP/1.1)
HTTP/1.1 200 OK
Content-Type: application/json; charset=utf-8
cache-control: no-cache
content-length: 14

21:25:56.611 [AsyncHttpClient-1-4] DEBUG org.asynchttpclient.netty.channel.ChannelManager - Adding key: http://localhost:56145 for channel [id: 0xc2ca7f81, L:/127.0.0.1:63882 - R:localhost/127.0.0.1:56145]
21:25:56.612 [Forwarding sendKeysToElement on session 5b35ca5291b2b410ea64eff6f3985369 to remote] DEBUG org.asynchttpclient.netty.request.NettyRequestSender - Using pooled Channel '[id: 0xc2ca7f81, L:/127.0.0.1:63882 - R:localhost/127.0.0.1:56145]' for 'POST' to 'http://localhost:56145/session/5b35ca5291b2b410ea64eff6f3985369/element/e70bf588-11a9-4efc-af1e-c2d2ec9eae41/value'
21:25:56.612 [Forwarding sendKeysToElement on session 5b35ca5291b2b410ea64eff6f3985369 to remote] DEBUG org.asynchttpclient.netty.request.NettyRequestSender - Using open Channel [id: 0xc2ca7f81, L:/127.0.0.1:63882 - R:localhost/127.0.0.1:56145] for POST '/session/5b35ca5291b2b410ea64eff6f3985369/element/e70bf588-11a9-4efc-af1e-c2d2ec9eae41/value'
21:25:56.687 [AsyncHttpClient-1-4] DEBUG org.asynchttpclient.netty.handler.HttpHandler - 

Request DefaultHttpRequest(decodeResult: success, version: HTTP/1.1)
POST /session/5b35ca5291b2b410ea64eff6f3985369/element/e70bf588-11a9-4efc-af1e-c2d2ec9eae41/value HTTP/1.1
User-Agent: selenium/4.1.2 (java windows)
Content-Length: 141
Content-Type: application/json; charset=utf-8
host: localhost:56145
accept: */*

Response DefaultHttpResponse(decodeResult: success, version: HTTP/1.1)
HTTP/1.1 200 OK
Content-Type: application/json; charset=utf-8
cache-control: no-cache
content-length: 14

21:25:56.687 [AsyncHttpClient-1-4] DEBUG org.asynchttpclient.netty.channel.ChannelManager - Adding key: http://localhost:56145 for channel [id: 0xc2ca7f81, L:/127.0.0.1:63882 - R:localhost/127.0.0.1:56145]
  &amp#27;[32mAnd &amp#27;[0m&amp#27;[32mI input &amp#27;[0m&amp#27;[32m&amp#27;[1m"thaurn"&amp#27;[0m&amp#27;[32m password&amp#27;[0m                    &amp#27;[90m# starter.stepdefinitions.LogInOutSteps.iInputPasswordPassword(java.lang.String)&amp#27;[0m
21:25:56.699 [Forwarding screenshot on session 5b35ca5291b2b410ea64eff6f3985369 to remote] DEBUG org.asynchttpclient.netty.request.NettyRequestSender - Using pooled Channel '[id: 0xc2ca7f81, L:/127.0.0.1:63882 - R:localhost/127.0.0.1:56145]' for 'GET' to 'http://localhost:56145/session/5b35ca5291b2b410ea64eff6f3985369/screenshot'
21:25:56.699 [Forwarding screenshot on session 5b35ca5291b2b410ea64eff6f3985369 to remote] DEBUG org.asynchttpclient.netty.request.NettyRequestSender - Using open Channel [id: 0xc2ca7f81, L:/127.0.0.1:63882 - R:localhost/127.0.0.1:56145] for GET '/session/5b35ca5291b2b410ea64eff6f3985369/screenshot'
21:25:56.886 [AsyncHttpClient-1-4] DEBUG org.asynchttpclient.netty.handler.HttpHandler - 

Request DefaultFullHttpRequest(decodeResult: success, version: HTTP/1.1, content: EmptyByteBufBE)
GET /session/5b35ca5291b2b410ea64eff6f3985369/screenshot HTTP/1.1
User-Agent: selenium/4.1.2 (java windows)
Cache-Control: no-cache
Content-Type: application/json; charset=utf-8
host: localhost:56145
accept: */*

Response DefaultHttpResponse(decodeResult: success, version: HTTP/1.1)
HTTP/1.1 200 OK
Content-Type: application/json; charset=utf-8
cache-control: no-cache
content-length: 45036

21:25:56.886 [AsyncHttpClient-1-4] DEBUG org.asynchttpclient.netty.channel.ChannelManager - Adding key: http://localhost:56145 for channel [id: 0xc2ca7f81, L:/127.0.0.1:63882 - R:localhost/127.0.0.1:56145]
21:25:56.890 [main] DEBUG net.serenitybdd.core.photography.Darkroom - Send negative for processing for target\site\serenity\5fcca7dc628a0dadb0009a5c86c8fe9370493a1da93a01a1938579ab1ada4a6a.png
21:25:56.891 [Darkroom Processing Line] DEBUG net.serenitybdd.core.photography.DarkroomProcessingLine - Processing screenshot image in /var/screenshots/screenshot-7527391184446869287
21:25:56.891 [Darkroom Processing Line] DEBUG net.serenitybdd.core.photography.DarkroomProcessingLine - Saving screenshot to target\site\serenity\5fcca7dc628a0dadb0009a5c86c8fe9370493a1da93a01a1938579ab1ada4a6a.png
21:25:56.907 [Forwarding findElement on session 5b35ca5291b2b410ea64eff6f3985369 to remote] DEBUG org.asynchttpclient.netty.request.NettyRequestSender - Using pooled Channel '[id: 0xc2ca7f81, L:/127.0.0.1:63882 - R:localhost/127.0.0.1:56145]' for 'POST' to 'http://localhost:56145/session/5b35ca5291b2b410ea64eff6f3985369/element'
21:25:56.907 [Forwarding findElement on session 5b35ca5291b2b410ea64eff6f3985369 to remote] DEBUG org.asynchttpclient.netty.request.NettyRequestSender - Using open Channel [id: 0xc2ca7f81, L:/127.0.0.1:63882 - R:localhost/127.0.0.1:56145] for POST '/session/5b35ca5291b2b410ea64eff6f3985369/element'
21:25:56.926 [AsyncHttpClient-1-4] DEBUG org.asynchttpclient.netty.handler.HttpHandler - 

Request DefaultHttpRequest(decodeResult: success, version: HTTP/1.1)
POST /session/5b35ca5291b2b410ea64eff6f3985369/element HTTP/1.1
User-Agent: selenium/4.1.2 (java windows)
Content-Length: 81
Content-Type: application/json; charset=utf-8
host: localhost:56145
accept: */*

Response DefaultHttpResponse(decodeResult: success, version: HTTP/1.1)
HTTP/1.1 200 OK
Content-Type: application/json; charset=utf-8
cache-control: no-cache
content-length: 88

21:25:56.926 [AsyncHttpClient-1-4] DEBUG org.asynchttpclient.netty.channel.ChannelManager - Adding key: http://localhost:56145 for channel [id: 0xc2ca7f81, L:/127.0.0.1:63882 - R:localhost/127.0.0.1:56145]
21:25:56.928 [Forwarding getElementTagName on session 5b35ca5291b2b410ea64eff6f3985369 to remote] DEBUG org.asynchttpclient.netty.request.NettyRequestSender - Using pooled Channel '[id: 0xc2ca7f81, L:/127.0.0.1:63882 - R:localhost/127.0.0.1:56145]' for 'GET' to 'http://localhost:56145/session/5b35ca5291b2b410ea64eff6f3985369/element/90fc61d7-9308-4f3c-b73c-c0ce30c394ec/name'
21:25:56.928 [Forwarding getElementTagName on session 5b35ca5291b2b410ea64eff6f3985369 to remote] DEBUG org.asynchttpclient.netty.request.NettyRequestSender - Using open Channel [id: 0xc2ca7f81, L:/127.0.0.1:63882 - R:localhost/127.0.0.1:56145] for GET '/session/5b35ca5291b2b410ea64eff6f3985369/element/90fc61d7-9308-4f3c-b73c-c0ce30c394ec/name'
21:25:56.933 [AsyncHttpClient-1-4] DEBUG org.asynchttpclient.netty.handler.HttpHandler - 

Request DefaultFullHttpRequest(decodeResult: success, version: HTTP/1.1, content: EmptyByteBufBE)
GET /session/5b35ca5291b2b410ea64eff6f3985369/element/90fc61d7-9308-4f3c-b73c-c0ce30c394ec/name HTTP/1.1
User-Agent: selenium/4.1.2 (java windows)
Cache-Control: no-cache
Content-Type: application/json; charset=utf-8
host: localhost:56145
accept: */*

Response DefaultHttpResponse(decodeResult: success, version: HTTP/1.1)
HTTP/1.1 200 OK
Content-Type: application/json; charset=utf-8
cache-control: no-cache
content-length: 16

21:25:56.933 [AsyncHttpClient-1-4] DEBUG org.asynchttpclient.netty.channel.ChannelManager - Adding key: http://localhost:56145 for channel [id: 0xc2ca7f81, L:/127.0.0.1:63882 - R:localhost/127.0.0.1:56145]
21:25:56.935 [Forwarding getElementTagName on session 5b35ca5291b2b410ea64eff6f3985369 to remote] DEBUG org.asynchttpclient.netty.request.NettyRequestSender - Using pooled Channel '[id: 0xc2ca7f81, L:/127.0.0.1:63882 - R:localhost/127.0.0.1:56145]' for 'GET' to 'http://localhost:56145/session/5b35ca5291b2b410ea64eff6f3985369/element/90fc61d7-9308-4f3c-b73c-c0ce30c394ec/name'
21:25:56.935 [Forwarding getElementTagName on session 5b35ca5291b2b410ea64eff6f3985369 to remote] DEBUG org.asynchttpclient.netty.request.NettyRequestSender - Using open Channel [id: 0xc2ca7f81, L:/127.0.0.1:63882 - R:localhost/127.0.0.1:56145] for GET '/session/5b35ca5291b2b410ea64eff6f3985369/element/90fc61d7-9308-4f3c-b73c-c0ce30c394ec/name'
21:25:56.943 [AsyncHttpClient-1-4] DEBUG org.asynchttpclient.netty.handler.HttpHandler - 

Request DefaultFullHttpRequest(decodeResult: success, version: HTTP/1.1, content: EmptyByteBufBE)
GET /session/5b35ca5291b2b410ea64eff6f3985369/element/90fc61d7-9308-4f3c-b73c-c0ce30c394ec/name HTTP/1.1
User-Agent: selenium/4.1.2 (java windows)
Cache-Control: no-cache
Content-Type: application/json; charset=utf-8
host: localhost:56145
accept: */*

Response DefaultHttpResponse(decodeResult: success, version: HTTP/1.1)
HTTP/1.1 200 OK
Content-Type: application/json; charset=utf-8
cache-control: no-cache
content-length: 16

21:25:56.943 [AsyncHttpClient-1-4] DEBUG org.asynchttpclient.netty.channel.ChannelManager - Adding key: http://localhost:56145 for channel [id: 0xc2ca7f81, L:/127.0.0.1:63882 - R:localhost/127.0.0.1:56145]
21:25:56.946 [Forwarding findElement on session 5b35ca5291b2b410ea64eff6f3985369 to remote] DEBUG org.asynchttpclient.netty.request.NettyRequestSender - Using pooled Channel '[id: 0xc2ca7f81, L:/127.0.0.1:63882 - R:localhost/127.0.0.1:56145]' for 'POST' to 'http://localhost:56145/session/5b35ca5291b2b410ea64eff6f3985369/element'
21:25:56.946 [Forwarding findElement on session 5b35ca5291b2b410ea64eff6f3985369 to remote] DEBUG org.asynchttpclient.netty.request.NettyRequestSender - Using open Channel [id: 0xc2ca7f81, L:/127.0.0.1:63882 - R:localhost/127.0.0.1:56145] for POST '/session/5b35ca5291b2b410ea64eff6f3985369/element'
21:25:56.954 [AsyncHttpClient-1-4] DEBUG org.asynchttpclient.netty.handler.HttpHandler - 

Request DefaultHttpRequest(decodeResult: success, version: HTTP/1.1)
POST /session/5b35ca5291b2b410ea64eff6f3985369/element HTTP/1.1
User-Agent: selenium/4.1.2 (java windows)
Content-Length: 81
Content-Type: application/json; charset=utf-8
host: localhost:56145
accept: */*

Response DefaultHttpResponse(decodeResult: success, version: HTTP/1.1)
HTTP/1.1 200 OK
Content-Type: application/json; charset=utf-8
cache-control: no-cache
content-length: 88

21:25:56.954 [AsyncHttpClient-1-4] DEBUG org.asynchttpclient.netty.channel.ChannelManager - Adding key: http://localhost:56145 for channel [id: 0xc2ca7f81, L:/127.0.0.1:63882 - R:localhost/127.0.0.1:56145]
21:25:56.958 [Forwarding clickElement on session 5b35ca5291b2b410ea64eff6f3985369 to remote] DEBUG org.asynchttpclient.netty.request.NettyRequestSender - Using pooled Channel '[id: 0xc2ca7f81, L:/127.0.0.1:63882 - R:localhost/127.0.0.1:56145]' for 'POST' to 'http://localhost:56145/session/5b35ca5291b2b410ea64eff6f3985369/element/90fc61d7-9308-4f3c-b73c-c0ce30c394ec/click'
21:25:56.958 [Forwarding clickElement on session 5b35ca5291b2b410ea64eff6f3985369 to remote] DEBUG org.asynchttpclient.netty.request.NettyRequestSender - Using open Channel [id: 0xc2ca7f81, L:/127.0.0.1:63882 - R:localhost/127.0.0.1:56145] for POST '/session/5b35ca5291b2b410ea64eff6f3985369/element/90fc61d7-9308-4f3c-b73c-c0ce30c394ec/click'
21:25:57.027 [AsyncHttpClient-1-4] DEBUG org.asynchttpclient.netty.handler.HttpHandler - 

Request DefaultHttpRequest(decodeResult: success, version: HTTP/1.1)
POST /session/5b35ca5291b2b410ea64eff6f3985369/element/90fc61d7-9308-4f3c-b73c-c0ce30c394ec/click HTTP/1.1
User-Agent: selenium/4.1.2 (java windows)
Content-Length: 50
Content-Type: application/json; charset=utf-8
host: localhost:56145
accept: */*

Response DefaultHttpResponse(decodeResult: success, version: HTTP/1.1)
HTTP/1.1 200 OK
Content-Type: application/json; charset=utf-8
cache-control: no-cache
content-length: 14

21:25:57.028 [AsyncHttpClient-1-4] DEBUG org.asynchttpclient.netty.channel.ChannelManager - Adding key: http://localhost:56145 for channel [id: 0xc2ca7f81, L:/127.0.0.1:63882 - R:localhost/127.0.0.1:56145]
  &amp#27;[32mAnd &amp#27;[0m&amp#27;[32mI click login button&amp#27;[0m                         &amp#27;[90m# starter.stepdefinitions.LogInOutSteps.iClickLoginButton()&amp#27;[0m
21:25:57.037 [Forwarding screenshot on session 5b35ca5291b2b410ea64eff6f3985369 to remote] DEBUG org.asynchttpclient.netty.request.NettyRequestSender - Using pooled Channel '[id: 0xc2ca7f81, L:/127.0.0.1:63882 - R:localhost/127.0.0.1:56145]' for 'GET' to 'http://localhost:56145/session/5b35ca5291b2b410ea64eff6f3985369/screenshot'
21:25:57.037 [Forwarding screenshot on session 5b35ca5291b2b410ea64eff6f3985369 to remote] DEBUG org.asynchttpclient.netty.request.NettyRequestSender - Using open Channel [id: 0xc2ca7f81, L:/127.0.0.1:63882 - R:localhost/127.0.0.1:56145] for GET '/session/5b35ca5291b2b410ea64eff6f3985369/screenshot'
21:25:57.550 [AsyncHttpClient-1-1] DEBUG org.asynchttpclient.netty.channel.DefaultChannelPool - Entry count for : http://localhost:63883 : 1
21:25:57.593 [AsyncHttpClient-1-4] DEBUG org.asynchttpclient.netty.handler.HttpHandler - 

Request DefaultFullHttpRequest(decodeResult: success, version: HTTP/1.1, content: EmptyByteBufBE)
GET /session/5b35ca5291b2b410ea64eff6f3985369/screenshot HTTP/1.1
User-Agent: selenium/4.1.2 (java windows)
Cache-Control: no-cache
Content-Type: application/json; charset=utf-8
host: localhost:56145
accept: */*

Response DefaultHttpResponse(decodeResult: success, version: HTTP/1.1)
HTTP/1.1 200 OK
Content-Type: application/json; charset=utf-8
cache-control: no-cache
content-length: 43648

21:25:57.594 [AsyncHttpClient-1-4] DEBUG org.asynchttpclient.netty.channel.ChannelManager - Adding key: http://localhost:56145 for channel [id: 0xc2ca7f81, L:/127.0.0.1:63882 - R:localhost/127.0.0.1:56145]
21:25:57.596 [main] DEBUG net.serenitybdd.core.photography.Darkroom - Send negative for processing for target\site\serenity\38e8fb05fce384323ffa1722367b3d13528cb81adf0923cd05a2948794ef778b.png
21:25:57.597 [Darkroom Processing Line] DEBUG net.serenitybdd.core.photography.DarkroomProcessingLine - Processing screenshot image in /var/screenshots/screenshot-38613092625800941
21:25:57.597 [Darkroom Processing Line] DEBUG net.serenitybdd.core.photography.DarkroomProcessingLine - Saving screenshot to target\site\serenity\38e8fb05fce384323ffa1722367b3d13528cb81adf0923cd05a2948794ef778b.png
21:25:57.608 [Forwarding findElement on session 5b35ca5291b2b410ea64eff6f3985369 to remote] DEBUG org.asynchttpclient.netty.request.NettyRequestSender - Using pooled Channel '[id: 0xc2ca7f81, L:/127.0.0.1:63882 - R:localhost/127.0.0.1:56145]' for 'POST' to 'http://localhost:56145/session/5b35ca5291b2b410ea64eff6f3985369/element'
21:25:57.608 [Forwarding findElement on session 5b35ca5291b2b410ea64eff6f3985369 to remote] DEBUG org.asynchttpclient.netty.request.NettyRequestSender - Using open Channel [id: 0xc2ca7f81, L:/127.0.0.1:63882 - R:localhost/127.0.0.1:56145] for POST '/session/5b35ca5291b2b410ea64eff6f3985369/element'
21:25:58.529 [AsyncHttpClient-1-4] DEBUG org.asynchttpclient.netty.handler.HttpHandler - 

Request DefaultHttpRequest(decodeResult: success, version: HTTP/1.1)
POST /session/5b35ca5291b2b410ea64eff6f3985369/element HTTP/1.1
User-Agent: selenium/4.1.2 (java windows)
Content-Length: 79
Content-Type: application/json; charset=utf-8
host: localhost:56145
accept: */*

Response DefaultHttpResponse(decodeResult: success, version: HTTP/1.1)
HTTP/1.1 200 OK
Content-Type: application/json; charset=utf-8
cache-control: no-cache
content-length: 88

21:25:58.529 [AsyncHttpClient-1-4] DEBUG org.asynchttpclient.netty.channel.ChannelManager - Adding key: http://localhost:56145 for channel [id: 0xc2ca7f81, L:/127.0.0.1:63882 - R:localhost/127.0.0.1:56145]
21:25:58.536 [Forwarding isElementDisplayed on session 5b35ca5291b2b410ea64eff6f3985369 to remote] DEBUG org.asynchttpclient.netty.request.NettyRequestSender - Using pooled Channel '[id: 0xc2ca7f81, L:/127.0.0.1:63882 - R:localhost/127.0.0.1:56145]' for 'POST' to 'http://localhost:56145/session/5b35ca5291b2b410ea64eff6f3985369/execute/sync'
21:25:58.536 [Forwarding isElementDisplayed on session 5b35ca5291b2b410ea64eff6f3985369 to remote] DEBUG org.asynchttpclient.netty.request.NettyRequestSender - Using open Channel [id: 0xc2ca7f81, L:/127.0.0.1:63882 - R:localhost/127.0.0.1:56145] for POST '/session/5b35ca5291b2b410ea64eff6f3985369/execute/sync'
21:25:58.555 [AsyncHttpClient-1-4] DEBUG org.asynchttpclient.netty.handler.HttpHandler - 

Request DefaultHttpRequest(decodeResult: success, version: HTTP/1.1)
POST /session/5b35ca5291b2b410ea64eff6f3985369/execute/sync HTTP/1.1
User-Agent: selenium/4.1.2 (java windows)
Content-Length: 48780
Content-Type: application/json; charset=utf-8
host: localhost:56145
accept: */*

Response DefaultHttpResponse(decodeResult: success, version: HTTP/1.1)
HTTP/1.1 200 OK
Content-Type: application/json; charset=utf-8
cache-control: no-cache
content-length: 14

21:25:58.556 [AsyncHttpClient-1-4] DEBUG org.asynchttpclient.netty.channel.ChannelManager - Adding key: http://localhost:56145 for channel [id: 0xc2ca7f81, L:/127.0.0.1:63882 - R:localhost/127.0.0.1:56145]
  &amp#27;[32mThen &amp#27;[0m&amp#27;[32mI get &amp#27;[0m&amp#27;[32m&amp#27;[1m"logged in"&amp#27;[0m&amp#27;[32m as result&amp#27;[0m                 &amp#27;[90m# starter.stepdefinitions.LogInOutSteps.iGetResult(java.lang.String)&amp#27;[0m
21:25:58.565 [Forwarding screenshot on session 5b35ca5291b2b410ea64eff6f3985369 to remote] DEBUG org.asynchttpclient.netty.request.NettyRequestSender - Using pooled Channel '[id: 0xc2ca7f81, L:/127.0.0.1:63882 - R:localhost/127.0.0.1:56145]' for 'GET' to 'http://localhost:56145/session/5b35ca5291b2b410ea64eff6f3985369/screenshot'
21:25:58.565 [Forwarding screenshot on session 5b35ca5291b2b410ea64eff6f3985369 to remote] DEBUG org.asynchttpclient.netty.request.NettyRequestSender - Using open Channel [id: 0xc2ca7f81, L:/127.0.0.1:63882 - R:localhost/127.0.0.1:56145] for GET '/session/5b35ca5291b2b410ea64eff6f3985369/screenshot'
21:25:58.655 [AsyncHttpClient-1-1] DEBUG org.asynchttpclient.netty.channel.DefaultChannelPool - Entry count for : http://localhost:63883 : 1
21:25:58.859 [AsyncHttpClient-1-4] DEBUG org.asynchttpclient.netty.handler.HttpHandler - 

Request DefaultFullHttpRequest(decodeResult: success, version: HTTP/1.1, content: EmptyByteBufBE)
GET /session/5b35ca5291b2b410ea64eff6f3985369/screenshot HTTP/1.1
User-Agent: selenium/4.1.2 (java windows)
Cache-Control: no-cache
Content-Type: application/json; charset=utf-8
host: localhost:56145
accept: */*

Response DefaultHttpResponse(decodeResult: success, version: HTTP/1.1)
HTTP/1.1 200 OK
Content-Type: application/json; charset=utf-8
cache-control: no-cache
content-length: 34080

21:25:58.860 [AsyncHttpClient-1-4] DEBUG org.asynchttpclient.netty.channel.ChannelManager - Adding key: http://localhost:56145 for channel [id: 0xc2ca7f81, L:/127.0.0.1:63882 - R:localhost/127.0.0.1:56145]
21:25:58.863 [main] DEBUG net.serenitybdd.core.photography.Darkroom - Send negative for processing for target\site\serenity\6c3fce385a61db04d2fa1798e0deb72bf4427554c3fd56eaa9ae4b626dad87b1.png
21:25:58.863 [Darkroom Processing Line] DEBUG net.serenitybdd.core.photography.DarkroomProcessingLine - Processing screenshot image in /var/screenshots/screenshot-8854331300743758802
21:25:58.864 [Darkroom Processing Line] DEBUG net.serenitybdd.core.photography.DarkroomProcessingLine - Saving screenshot to target\site\serenity\6c3fce385a61db04d2fa1798e0deb72bf4427554c3fd56eaa9ae4b626dad87b1.png
21:25:58.865 [main] INFO  - 
  _____   ___   ___   _____     ___     _     ___   ___   ___   ___  
 |_   _| | __| / __| |_   _|   | _ \   /_\   / __| / __| | __| |   \ 
   | |   | _|  \__ \   | |     |  _/  / _ \  \__ \ \__ \ | _|  | |) |
   |_|   |___| |___/   |_|     |_|   /_/ \_\ |___/ |___/ |___| |___/ 

Login with registered email and password
----------------------------------------------------------------------
21:25:58.866 [AsyncHttpClient-1-6] DEBUG org.asynchttpclient.netty.handler.WebSocketHandler - Channel Closed: [id: 0x3518457f, L:/127.0.0.1:63892 ! R:localhost/127.0.0.1:63883] with attribute NettyResponseFuture{currentRetry=5,
	isDone=1,
	isCancelled=0,
	asyncHandler=org.asynchttpclient.ws.WebSocketUpgradeHandler@6473ddaa,
	nettyRequest=org.asynchttpclient.netty.request.NettyRequest@298d38c6,
	future=java.util.concurrent.CompletableFuture@1c4b3bde[Completed normally],
	uri=ws://localhost:63883/devtools/browser/621ea1a6-0e7c-4baa-963d-a3ffae2d7e9a,
	keepAlive=true,
	redirectCount=0,
	timeoutsHolder=null,
	inAuth=0,
	touch=1667571954150}
21:25:58.866 [AsyncHttpClient-1-6] DEBUG org.asynchttpclient.netty.channel.ChannelManager - Closing Channel [id: 0x3518457f, L:/127.0.0.1:63892 ! R:localhost/127.0.0.1:63883] 
21:25:58.867 [Driver Command Executor] DEBUG org.asynchttpclient.netty.request.NettyRequestSender - Using pooled Channel '[id: 0xc2ca7f81, L:/127.0.0.1:63882 - R:localhost/127.0.0.1:56145]' for 'DELETE' to 'http://localhost:56145/session/5b35ca5291b2b410ea64eff6f3985369'
21:25:58.867 [Driver Command Executor] DEBUG org.asynchttpclient.netty.request.NettyRequestSender - Using open Channel [id: 0xc2ca7f81, L:/127.0.0.1:63882 - R:localhost/127.0.0.1:56145] for DELETE '/session/5b35ca5291b2b410ea64eff6f3985369'
21:25:58.920 [AsyncHttpClient-1-5] DEBUG org.asynchttpclient.netty.handler.HttpHandler - Unexpected I/O exception on channel [id: 0xe2dea768, L:/127.0.0.1:63891 - R:localhost/127.0.0.1:63883]
java.net.SocketException: Connection reset
	at java.base/sun.nio.ch.SocketChannelImpl.throwConnectionReset(SocketChannelImpl.java:345)
	at java.base/sun.nio.ch.SocketChannelImpl.read(SocketChannelImpl.java:376)
	at io.netty.buffer.PooledByteBuf.setBytes(PooledByteBuf.java:258)
	at io.netty.buffer.AbstractByteBuf.writeBytes(AbstractByteBuf.java:1132)
	at io.netty.channel.socket.nio.NioSocketChannel.doReadBytes(NioSocketChannel.java:350)
	at io.netty.channel.nio.AbstractNioByteChannel$NioByteUnsafe.read(AbstractNioByteChannel.java:151)
	at io.netty.channel.nio.NioEventLoop.processSelectedKey(NioEventLoop.java:722)
	at io.netty.channel.nio.NioEventLoop.processSelectedKeysOptimized(NioEventLoop.java:658)
	at io.netty.channel.nio.NioEventLoop.processSelectedKeys(NioEventLoop.java:584)
	at io.netty.channel.nio.NioEventLoop.run(NioEventLoop.java:496)
	at io.netty.util.concurrent.SingleThreadEventExecutor$4.run(SingleThreadEventExecutor.java:986)
	at io.netty.util.internal.ThreadExecutorMap$2.run(ThreadExecutorMap.java:74)
	at io.netty.util.concurrent.FastThreadLocalRunnable.run(FastThreadLocalRunnable.java:30)
	at java.base/java.lang.Thread.run(Thread.java:830)
21:25:58.920 [AsyncHttpClient-1-5] DEBUG org.asynchttpclient.netty.channel.ChannelManager - Closing Channel [id: 0xe2dea768, L:/127.0.0.1:63891 - R:localhost/127.0.0.1:63883] 
21:25:58.920 [AsyncHttpClient-1-5] DEBUG org.asynchttpclient.netty.handler.HttpHandler - Channel Closed: [id: 0xe2dea768, L:/127.0.0.1:63891 ! R:localhost/127.0.0.1:63883] with attribute DISCARD
21:25:58.967 [AsyncHttpClient-1-4] DEBUG org.asynchttpclient.netty.handler.HttpHandler - 

Request DefaultFullHttpRequest(decodeResult: success, version: HTTP/1.1, content: EmptyByteBufBE)
DELETE /session/5b35ca5291b2b410ea64eff6f3985369 HTTP/1.1
User-Agent: selenium/4.1.2 (java windows)
Content-Type: application/json; charset=utf-8
host: localhost:56145
accept: */*

Response DefaultHttpResponse(decodeResult: success, version: HTTP/1.1)
HTTP/1.1 200 OK
Content-Type: application/json; charset=utf-8
cache-control: no-cache
content-length: 14

21:25:58.967 [AsyncHttpClient-1-4] DEBUG org.asynchttpclient.netty.channel.ChannelManager - Adding key: http://localhost:56145 for channel [id: 0xc2ca7f81, L:/127.0.0.1:63882 - R:localhost/127.0.0.1:56145]
21:25:59.043 [AsyncHttpClient-1-4] DEBUG org.asynchttpclient.netty.handler.HttpHandler - Channel Closed: [id: 0xc2ca7f81, L:/127.0.0.1:63882 ! R:localhost/127.0.0.1:56145] with attribute DISCARD
]]></system-out>
    <system-err><![CDATA[Starting ChromeDriver 106.0.5249.61 (511755355844955cd3e264779baf0dd38212a4d0-refs/branch-heads/5249@{#569}) on port 56145
Only local connections are allowed.
Please see https://chromedriver.chromium.org/security-considerations for suggestions on keeping ChromeDriver safe.
ChromeDriver was started successfully.
[1667571953.554][WARNING]: This version of ChromeDriver has not been tested with Chrome version 107.
Nov 04, 2022 9:25:54 PM org.openqa.selenium.remote.ProtocolHandshake createSession
INFO: Detected dialect: W3C
Nov 04, 2022 9:25:54 PM org.openqa.selenium.devtools.CdpVersionFinder findNearestMatch
WARNING: Unable to find an exact match for CDP version 107, so returning the closest version found: a no-op implementation
Nov 04, 2022 9:25:54 PM org.openqa.selenium.devtools.CdpVersionFinder findNearestMatch
INFO: Unable to find CDP implementation matching 107.
Nov 04, 2022 9:25:54 PM org.openqa.selenium.chromium.ChromiumDriver lambda$new$3
WARNING: Unable to find version of CDP to use for . You may need to include a dependency on a specific version of the CDP using something similar to `org.seleniumhq.selenium:selenium-devtools-v86:4.1.2` where the version ("v86") matches the version of the chromium-based browser you're using and the version number of the artifact is the same as Selenium's.
]]></system-err>
  </testcase>
  <testcase name="Login with email and password #1" classname="Login" time="6.545">
    <system-out><![CDATA[
Scenario Outline: Login with email and password &amp#27;[90m# src/test/resources/features/Login.feature:27&amp#27;[0m
21:25:59.579 [main] INFO io.cucumber.core.plugin.SerenityReporter - Running feature from file:///C:/Users/ASUS/Desktop/stupen/miniproject/Web/ASWeb/src/test/resources/features/Login.feature
21:25:59.585 [main] INFO  - 
  _____   ___   ___   _____     ___   _____     _     ___   _____   ___   ___  
 |_   _| | __| / __| |_   _|   / __| |_   _|   /_\   | _ \ |_   _| | __| |   \ 
   | |   | _|  \__ \   | |     \__ \   | |    / _ \  |   /   | |   | _|  | |) |
   |_|   |___| |___/   |_|     |___/   |_|   /_/ \_\ |_|_\   |_|   |___| |___/ 

Login with email and password(login;login-with-email-and-password)
--------------------------------------------------------------------------------
21:25:59.602 [main] INFO net.serenitybdd.core.webdriver.driverproviders.ChromeDriverProvider - Using automatically driver download
21:25:59.720 [main] DEBUG io.github.bonigarcia.wdm.cache.ResolutionCache - Resolution chrome=107 in cache (valid until 22:24:57 04/11/2022 WIB)
21:25:59.724 [main] DEBUG io.github.bonigarcia.wdm.cache.ResolutionCache - Resolution chrome107=107.0.5304.62 in cache (valid until 21:24:57 05/11/2022 WIB)
21:25:59.726 [main] INFO io.github.bonigarcia.wdm.WebDriverManager - Using chromedriver 107.0.5304.62 (resolved driver for Chrome 107)
21:25:59.740 [main] DEBUG io.github.bonigarcia.wdm.WebDriverManager - Driver chromedriver 107.0.5304.62 found in cache
21:25:59.741 [main] INFO io.github.bonigarcia.wdm.WebDriverManager - Exporting webdriver.chrome.driver as C:\Users\ASUS\.cache\selenium\chromedriver\win32\107.0.5304.62\chromedriver.exe
21:25:59.755 [AsyncHttpClient-1-1] DEBUG org.asynchttpclient.netty.channel.DefaultChannelPool - Entry count for : http://localhost:63883 : 1
21:25:59.755 [AsyncHttpClient-1-1] DEBUG org.asynchttpclient.netty.channel.DefaultChannelPool - Entry count for : http://localhost:56145 : 1
21:25:59.755 [AsyncHttpClient-1-1] DEBUG org.asynchttpclient.netty.channel.DefaultChannelPool - Adding Candidate expired Channel [id: 0xe2dea768, L:/127.0.0.1:63891 ! R:localhost/127.0.0.1:63883] isIdleTimeoutExpired=false isRemotelyClosed=true isTtlExpired=false
21:25:59.755 [AsyncHttpClient-1-1] DEBUG org.asynchttpclient.netty.channel.DefaultChannelPool - Closing Idle Channel [id: 0xe2dea768, L:/127.0.0.1:63891 ! R:localhost/127.0.0.1:63883]
21:25:59.755 [AsyncHttpClient-1-1] DEBUG org.asynchttpclient.netty.channel.DefaultChannelPool - Adding Candidate expired Channel [id: 0xc2ca7f81, L:/127.0.0.1:63882 ! R:localhost/127.0.0.1:56145] isIdleTimeoutExpired=false isRemotelyClosed=true isTtlExpired=false
21:25:59.755 [AsyncHttpClient-1-1] DEBUG org.asynchttpclient.netty.channel.DefaultChannelPool - Closing Idle Channel [id: 0xc2ca7f81, L:/127.0.0.1:63882 ! R:localhost/127.0.0.1:56145]
21:25:59.755 [AsyncHttpClient-1-1] DEBUG org.asynchttpclient.netty.channel.DefaultChannelPool - Closed 2 connections out of 2 in 0 ms
21:25:59.879 [main] DEBUG net.serenitybdd.core.webdriver.driverproviders.ProvideNewDriver - Instantiating driver
21:25:59.880 [main] DEBUG net.serenitybdd.core.webdriver.driverproviders.ProvideNewDriver - Driver capabilities: Capabilities {acceptInsecureCerts: false, base.url: https://alta-shop.vercel.app/, browserName: chrome, chrome.driver: src/test/resources/webdrive..., driver: chrome, goog:chromeOptions: {args: [], extensions: []}, wait.for.timeout: 10000}
21:26:00.426 [AsyncHttpClient-1-7] DEBUG org.asynchttpclient.netty.channel.NettyConnectListener - Using new Channel '[id: 0xb4ec79ab, L:/127.0.0.1:63914 - R:localhost/127.0.0.1:63698]' for 'POST' to '/session'
21:26:01.305 [AsyncHttpClient-1-7] DEBUG org.asynchttpclient.netty.handler.HttpHandler - 

Request DefaultHttpRequest(decodeResult: success, version: HTTP/1.1)
POST /session HTTP/1.1
User-Agent: selenium/4.1.2 (java windows)
Content-Length: 646
Content-Type: application/json; charset=utf-8
host: localhost:63698
accept: */*

Response DefaultHttpResponse(decodeResult: success, version: HTTP/1.1)
HTTP/1.1 200 OK
Content-Type: application/json; charset=utf-8
cache-control: no-cache
content-length: 788

21:26:01.306 [AsyncHttpClient-1-7] DEBUG org.asynchttpclient.netty.channel.ChannelManager - Adding key: http://localhost:63698 for channel [id: 0xb4ec79ab, L:/127.0.0.1:63914 - R:localhost/127.0.0.1:63698]
21:26:01.317 [AsyncHttpClient-1-8] DEBUG org.asynchttpclient.netty.channel.NettyConnectListener - Using new Channel '[id: 0x9e7d3543, L:/127.0.0.1:63921 - R:localhost/127.0.0.1:63915]' for 'GET' to '/json/version'
21:26:01.318 [AsyncHttpClient-1-8] DEBUG org.asynchttpclient.netty.handler.HttpHandler - 

Request DefaultFullHttpRequest(decodeResult: success, version: HTTP/1.1, content: EmptyByteBufBE)
GET /json/version HTTP/1.1
User-Agent: selenium/4.1.2 (java windows)
host: localhost:63915
accept: */*

Response DefaultHttpResponse(decodeResult: success, version: HTTP/1.1)
HTTP/1.1 200 OK
Content-Type: application/json; charset=UTF-8
content-length: 423

21:26:01.318 [AsyncHttpClient-1-8] DEBUG org.asynchttpclient.netty.channel.ChannelManager - Adding key: http://localhost:63915 for channel [id: 0x9e7d3543, L:/127.0.0.1:63921 - R:localhost/127.0.0.1:63915]
21:26:01.322 [AsyncHttpClient-1-9] DEBUG org.asynchttpclient.netty.channel.NettyConnectListener - Using new Channel '[id: 0x42920576, L:/127.0.0.1:63922 - R:localhost/127.0.0.1:63915]' for 'GET' to '/devtools/browser/aa5e48b9-d219-4237-ade6-9b559fc9bb7e'
21:26:01.323 [AsyncHttpClient-1-9] DEBUG org.asynchttpclient.netty.handler.WebSocketHandler - 

Request DefaultFullHttpRequest(decodeResult: success, version: HTTP/1.1, content: EmptyByteBufBE)
GET /devtools/browser/aa5e48b9-d219-4237-ade6-9b559fc9bb7e HTTP/1.1
upgrade: websocket
connection: upgrade
sec-websocket-key: rPjXce6sdJOu/BccxIEUXw==
sec-websocket-version: 13
origin: http://localhost:63915
host: localhost:63915
accept: */*
user-agent: AHC/2.1

Response DefaultHttpResponse(decodeResult: success, version: HTTP/1.1)
HTTP/1.1 101 WebSocket Protocol Handshake
Upgrade: WebSocket
Connection: Upgrade
Sec-WebSocket-Accept: yqwfXt+xMDYN/5YrwHpN4sMdtKc=

21:26:01.329 [Forwarding get on session e7cb67c850fcf670dd2b3a2abb7a558e to remote] DEBUG org.asynchttpclient.netty.request.NettyRequestSender - Using pooled Channel '[id: 0xb4ec79ab, L:/127.0.0.1:63914 - R:localhost/127.0.0.1:63698]' for 'POST' to 'http://localhost:63698/session/e7cb67c850fcf670dd2b3a2abb7a558e/url'
21:26:01.329 [Forwarding get on session e7cb67c850fcf670dd2b3a2abb7a558e to remote] DEBUG org.asynchttpclient.netty.request.NettyRequestSender - Using open Channel [id: 0xb4ec79ab, L:/127.0.0.1:63914 - R:localhost/127.0.0.1:63698] for POST '/session/e7cb67c850fcf670dd2b3a2abb7a558e/url'
21:26:01.950 [AsyncHttpClient-1-1] DEBUG org.asynchttpclient.netty.channel.DefaultChannelPool - Entry count for : http://localhost:63915 : 1
21:26:02.034 [AsyncHttpClient-1-7] DEBUG org.asynchttpclient.netty.handler.HttpHandler - 

Request DefaultHttpRequest(decodeResult: success, version: HTTP/1.1)
POST /session/e7cb67c850fcf670dd2b3a2abb7a558e/url HTTP/1.1
User-Agent: selenium/4.1.2 (java windows)
Content-Length: 74
Content-Type: application/json; charset=utf-8
host: localhost:63698
accept: */*

Response DefaultHttpResponse(decodeResult: success, version: HTTP/1.1)
HTTP/1.1 200 OK
Content-Type: application/json; charset=utf-8
cache-control: no-cache
content-length: 14

21:26:02.035 [AsyncHttpClient-1-7] DEBUG org.asynchttpclient.netty.channel.ChannelManager - Adding key: http://localhost:63698 for channel [id: 0xb4ec79ab, L:/127.0.0.1:63914 - R:localhost/127.0.0.1:63698]
21:26:02.036 [Forwarding setTimeout on session e7cb67c850fcf670dd2b3a2abb7a558e to remote] DEBUG org.asynchttpclient.netty.request.NettyRequestSender - Using pooled Channel '[id: 0xb4ec79ab, L:/127.0.0.1:63914 - R:localhost/127.0.0.1:63698]' for 'POST' to 'http://localhost:63698/session/e7cb67c850fcf670dd2b3a2abb7a558e/timeouts'
21:26:02.037 [Forwarding setTimeout on session e7cb67c850fcf670dd2b3a2abb7a558e to remote] DEBUG org.asynchttpclient.netty.request.NettyRequestSender - Using open Channel [id: 0xb4ec79ab, L:/127.0.0.1:63914 - R:localhost/127.0.0.1:63698] for POST '/session/e7cb67c850fcf670dd2b3a2abb7a558e/timeouts'
21:26:02.038 [AsyncHttpClient-1-7] DEBUG org.asynchttpclient.netty.handler.HttpHandler - 

Request DefaultHttpRequest(decodeResult: success, version: HTTP/1.1)
POST /session/e7cb67c850fcf670dd2b3a2abb7a558e/timeouts HTTP/1.1
User-Agent: selenium/4.1.2 (java windows)
Content-Length: 22
Content-Type: application/json; charset=utf-8
host: localhost:63698
accept: */*

Response DefaultHttpResponse(decodeResult: success, version: HTTP/1.1)
HTTP/1.1 200 OK
Content-Type: application/json; charset=utf-8
cache-control: no-cache
content-length: 14

21:26:02.038 [AsyncHttpClient-1-7] DEBUG org.asynchttpclient.netty.channel.ChannelManager - Adding key: http://localhost:63698 for channel [id: 0xb4ec79ab, L:/127.0.0.1:63914 - R:localhost/127.0.0.1:63698]
21:26:02.042 [Forwarding getCurrentUrl on session e7cb67c850fcf670dd2b3a2abb7a558e to remote] DEBUG org.asynchttpclient.netty.request.NettyRequestSender - Using pooled Channel '[id: 0xb4ec79ab, L:/127.0.0.1:63914 - R:localhost/127.0.0.1:63698]' for 'GET' to 'http://localhost:63698/session/e7cb67c850fcf670dd2b3a2abb7a558e/url'
21:26:02.042 [Forwarding getCurrentUrl on session e7cb67c850fcf670dd2b3a2abb7a558e to remote] DEBUG org.asynchttpclient.netty.request.NettyRequestSender - Using open Channel [id: 0xb4ec79ab, L:/127.0.0.1:63914 - R:localhost/127.0.0.1:63698] for GET '/session/e7cb67c850fcf670dd2b3a2abb7a558e/url'
21:26:02.050 [AsyncHttpClient-1-7] DEBUG org.asynchttpclient.netty.handler.HttpHandler - 

Request DefaultFullHttpRequest(decodeResult: success, version: HTTP/1.1, content: EmptyByteBufBE)
GET /session/e7cb67c850fcf670dd2b3a2abb7a558e/url HTTP/1.1
User-Agent: selenium/4.1.2 (java windows)
Cache-Control: no-cache
Content-Type: application/json; charset=utf-8
host: localhost:63698
accept: */*

Response DefaultHttpResponse(decodeResult: success, version: HTTP/1.1)
HTTP/1.1 200 OK
Content-Type: application/json; charset=utf-8
cache-control: no-cache
content-length: 51

21:26:02.050 [AsyncHttpClient-1-7] DEBUG org.asynchttpclient.netty.channel.ChannelManager - Adding key: http://localhost:63698 for channel [id: 0xb4ec79ab, L:/127.0.0.1:63914 - R:localhost/127.0.0.1:63698]
  &amp#27;[32mGiven &amp#27;[0m&amp#27;[32mI am in login page&amp#27;[0m                      &amp#27;[90m# starter.stepdefinitions.LogInOutSteps.iAmInLoginPage()&amp#27;[0m
21:26:02.057 [Forwarding screenshot on session e7cb67c850fcf670dd2b3a2abb7a558e to remote] DEBUG org.asynchttpclient.netty.request.NettyRequestSender - Using pooled Channel '[id: 0xb4ec79ab, L:/127.0.0.1:63914 - R:localhost/127.0.0.1:63698]' for 'GET' to 'http://localhost:63698/session/e7cb67c850fcf670dd2b3a2abb7a558e/screenshot'
21:26:02.057 [Forwarding screenshot on session e7cb67c850fcf670dd2b3a2abb7a558e to remote] DEBUG org.asynchttpclient.netty.request.NettyRequestSender - Using open Channel [id: 0xb4ec79ab, L:/127.0.0.1:63914 - R:localhost/127.0.0.1:63698] for GET '/session/e7cb67c850fcf670dd2b3a2abb7a558e/screenshot'
21:26:02.539 [AsyncHttpClient-1-7] DEBUG org.asynchttpclient.netty.handler.HttpHandler - 

Request DefaultFullHttpRequest(decodeResult: success, version: HTTP/1.1, content: EmptyByteBufBE)
GET /session/e7cb67c850fcf670dd2b3a2abb7a558e/screenshot HTTP/1.1
User-Agent: selenium/4.1.2 (java windows)
Cache-Control: no-cache
Content-Type: application/json; charset=utf-8
host: localhost:63698
accept: */*

Response DefaultHttpResponse(decodeResult: success, version: HTTP/1.1)
HTTP/1.1 200 OK
Content-Type: application/json; charset=utf-8
cache-control: no-cache
content-length: 38472

21:26:02.540 [AsyncHttpClient-1-7] DEBUG org.asynchttpclient.netty.channel.ChannelManager - Adding key: http://localhost:63698 for channel [id: 0xb4ec79ab, L:/127.0.0.1:63914 - R:localhost/127.0.0.1:63698]
21:26:02.542 [main] DEBUG net.serenitybdd.core.photography.Darkroom - Send negative for processing for target\site\serenity\6c2309ed56aeb278067cd6b3caf368b9f01e276e2bf175d46007f31c90d5af21.png
21:26:02.550 [Forwarding findElement on session e7cb67c850fcf670dd2b3a2abb7a558e to remote] DEBUG org.asynchttpclient.netty.request.NettyRequestSender - Using pooled Channel '[id: 0xb4ec79ab, L:/127.0.0.1:63914 - R:localhost/127.0.0.1:63698]' for 'POST' to 'http://localhost:63698/session/e7cb67c850fcf670dd2b3a2abb7a558e/element'
21:26:02.550 [Forwarding findElement on session e7cb67c850fcf670dd2b3a2abb7a558e to remote] DEBUG org.asynchttpclient.netty.request.NettyRequestSender - Using open Channel [id: 0xb4ec79ab, L:/127.0.0.1:63914 - R:localhost/127.0.0.1:63698] for POST '/session/e7cb67c850fcf670dd2b3a2abb7a558e/element'
21:26:02.562 [AsyncHttpClient-1-7] DEBUG org.asynchttpclient.netty.handler.HttpHandler - 

Request DefaultHttpRequest(decodeResult: success, version: HTTP/1.1)
POST /session/e7cb67c850fcf670dd2b3a2abb7a558e/element HTTP/1.1
User-Agent: selenium/4.1.2 (java windows)
Content-Length: 87
Content-Type: application/json; charset=utf-8
host: localhost:63698
accept: */*

Response DefaultHttpResponse(decodeResult: success, version: HTTP/1.1)
HTTP/1.1 200 OK
Content-Type: application/json; charset=utf-8
cache-control: no-cache
content-length: 88

21:26:02.562 [AsyncHttpClient-1-7] DEBUG org.asynchttpclient.netty.channel.ChannelManager - Adding key: http://localhost:63698 for channel [id: 0xb4ec79ab, L:/127.0.0.1:63914 - R:localhost/127.0.0.1:63698]
21:26:02.563 [Forwarding clearElement on session e7cb67c850fcf670dd2b3a2abb7a558e to remote] DEBUG org.asynchttpclient.netty.request.NettyRequestSender - Using pooled Channel '[id: 0xb4ec79ab, L:/127.0.0.1:63914 - R:localhost/127.0.0.1:63698]' for 'POST' to 'http://localhost:63698/session/e7cb67c850fcf670dd2b3a2abb7a558e/element/af1e5fa1-2731-4bb7-963b-86744304523c/clear'
21:26:02.563 [Forwarding clearElement on session e7cb67c850fcf670dd2b3a2abb7a558e to remote] DEBUG org.asynchttpclient.netty.request.NettyRequestSender - Using open Channel [id: 0xb4ec79ab, L:/127.0.0.1:63914 - R:localhost/127.0.0.1:63698] for POST '/session/e7cb67c850fcf670dd2b3a2abb7a558e/element/af1e5fa1-2731-4bb7-963b-86744304523c/clear'
21:26:02.598 [AsyncHttpClient-1-7] DEBUG org.asynchttpclient.netty.handler.HttpHandler - 

Request DefaultHttpRequest(decodeResult: success, version: HTTP/1.1)
POST /session/e7cb67c850fcf670dd2b3a2abb7a558e/element/af1e5fa1-2731-4bb7-963b-86744304523c/clear HTTP/1.1
User-Agent: selenium/4.1.2 (java windows)
Content-Length: 50
Content-Type: application/json; charset=utf-8
host: localhost:63698
accept: */*

Response DefaultHttpResponse(decodeResult: success, version: HTTP/1.1)
HTTP/1.1 200 OK
Content-Type: application/json; charset=utf-8
cache-control: no-cache
content-length: 14

21:26:02.598 [AsyncHttpClient-1-7] DEBUG org.asynchttpclient.netty.channel.ChannelManager - Adding key: http://localhost:63698 for channel [id: 0xb4ec79ab, L:/127.0.0.1:63914 - R:localhost/127.0.0.1:63698]
21:26:02.599 [Forwarding sendKeysToElement on session e7cb67c850fcf670dd2b3a2abb7a558e to remote] DEBUG org.asynchttpclient.netty.request.NettyRequestSender - Using pooled Channel '[id: 0xb4ec79ab, L:/127.0.0.1:63914 - R:localhost/127.0.0.1:63698]' for 'POST' to 'http://localhost:63698/session/e7cb67c850fcf670dd2b3a2abb7a558e/element/af1e5fa1-2731-4bb7-963b-86744304523c/value'
21:26:02.599 [Forwarding sendKeysToElement on session e7cb67c850fcf670dd2b3a2abb7a558e to remote] DEBUG org.asynchttpclient.netty.request.NettyRequestSender - Using open Channel [id: 0xb4ec79ab, L:/127.0.0.1:63914 - R:localhost/127.0.0.1:63698] for POST '/session/e7cb67c850fcf670dd2b3a2abb7a558e/element/af1e5fa1-2731-4bb7-963b-86744304523c/value'
21:26:02.712 [AsyncHttpClient-1-7] DEBUG org.asynchttpclient.netty.handler.HttpHandler - 

Request DefaultHttpRequest(decodeResult: success, version: HTTP/1.1)
POST /session/e7cb67c850fcf670dd2b3a2abb7a558e/element/af1e5fa1-2731-4bb7-963b-86744304523c/value HTTP/1.1
User-Agent: selenium/4.1.2 (java windows)
Content-Length: 221
Content-Type: application/json; charset=utf-8
host: localhost:63698
accept: */*

Response DefaultHttpResponse(decodeResult: success, version: HTTP/1.1)
HTTP/1.1 200 OK
Content-Type: application/json; charset=utf-8
cache-control: no-cache
content-length: 14

21:26:02.712 [AsyncHttpClient-1-7] DEBUG org.asynchttpclient.netty.channel.ChannelManager - Adding key: http://localhost:63698 for channel [id: 0xb4ec79ab, L:/127.0.0.1:63914 - R:localhost/127.0.0.1:63698]
  &amp#27;[32mWhen &amp#27;[0m&amp#27;[32mI input &amp#27;[0m&amp#27;[32m&amp#27;[1m"thaur@mail.com"&amp#27;[0m&amp#27;[32m email&amp#27;[0m           &amp#27;[90m# starter.stepdefinitions.LogInOutSteps.iInputEmailEmail(java.lang.String)&amp#27;[0m
21:26:02.718 [Forwarding screenshot on session e7cb67c850fcf670dd2b3a2abb7a558e to remote] DEBUG org.asynchttpclient.netty.request.NettyRequestSender - Using pooled Channel '[id: 0xb4ec79ab, L:/127.0.0.1:63914 - R:localhost/127.0.0.1:63698]' for 'GET' to 'http://localhost:63698/session/e7cb67c850fcf670dd2b3a2abb7a558e/screenshot'
21:26:02.718 [Forwarding screenshot on session e7cb67c850fcf670dd2b3a2abb7a558e to remote] DEBUG org.asynchttpclient.netty.request.NettyRequestSender - Using open Channel [id: 0xb4ec79ab, L:/127.0.0.1:63914 - R:localhost/127.0.0.1:63698] for GET '/session/e7cb67c850fcf670dd2b3a2abb7a558e/screenshot'
21:26:02.851 [AsyncHttpClient-1-7] DEBUG org.asynchttpclient.netty.handler.HttpHandler - 

Request DefaultFullHttpRequest(decodeResult: success, version: HTTP/1.1, content: EmptyByteBufBE)
GET /session/e7cb67c850fcf670dd2b3a2abb7a558e/screenshot HTTP/1.1
User-Agent: selenium/4.1.2 (java windows)
Cache-Control: no-cache
Content-Type: application/json; charset=utf-8
host: localhost:63698
accept: */*

Response DefaultHttpResponse(decodeResult: success, version: HTTP/1.1)
HTTP/1.1 200 OK
Content-Type: application/json; charset=utf-8
cache-control: no-cache
content-length: 43832

21:26:02.851 [AsyncHttpClient-1-7] DEBUG org.asynchttpclient.netty.channel.ChannelManager - Adding key: http://localhost:63698 for channel [id: 0xb4ec79ab, L:/127.0.0.1:63914 - R:localhost/127.0.0.1:63698]
21:26:02.853 [main] DEBUG net.serenitybdd.core.photography.Darkroom - Send negative for processing for target\site\serenity\7d964b8e302262564908952e23eb5ea2fa6cdd8dd5ae6c577f673413e72138c7.png
21:26:02.854 [Darkroom Processing Line] DEBUG net.serenitybdd.core.photography.DarkroomProcessingLine - Processing screenshot image in /var/screenshots/screenshot-2700064897397714530
21:26:02.854 [Darkroom Processing Line] DEBUG net.serenitybdd.core.photography.DarkroomProcessingLine - Saving screenshot to target\site\serenity\7d964b8e302262564908952e23eb5ea2fa6cdd8dd5ae6c577f673413e72138c7.png
21:26:02.867 [Forwarding findElement on session e7cb67c850fcf670dd2b3a2abb7a558e to remote] DEBUG org.asynchttpclient.netty.request.NettyRequestSender - Using pooled Channel '[id: 0xb4ec79ab, L:/127.0.0.1:63914 - R:localhost/127.0.0.1:63698]' for 'POST' to 'http://localhost:63698/session/e7cb67c850fcf670dd2b3a2abb7a558e/element'
21:26:02.867 [Forwarding findElement on session e7cb67c850fcf670dd2b3a2abb7a558e to remote] DEBUG org.asynchttpclient.netty.request.NettyRequestSender - Using open Channel [id: 0xb4ec79ab, L:/127.0.0.1:63914 - R:localhost/127.0.0.1:63698] for POST '/session/e7cb67c850fcf670dd2b3a2abb7a558e/element'
21:26:02.881 [AsyncHttpClient-1-7] DEBUG org.asynchttpclient.netty.handler.HttpHandler - 

Request DefaultHttpRequest(decodeResult: success, version: HTTP/1.1)
POST /session/e7cb67c850fcf670dd2b3a2abb7a558e/element HTTP/1.1
User-Agent: selenium/4.1.2 (java windows)
Content-Length: 90
Content-Type: application/json; charset=utf-8
host: localhost:63698
accept: */*

Response DefaultHttpResponse(decodeResult: success, version: HTTP/1.1)
HTTP/1.1 200 OK
Content-Type: application/json; charset=utf-8
cache-control: no-cache
content-length: 88

21:26:02.881 [AsyncHttpClient-1-7] DEBUG org.asynchttpclient.netty.channel.ChannelManager - Adding key: http://localhost:63698 for channel [id: 0xb4ec79ab, L:/127.0.0.1:63914 - R:localhost/127.0.0.1:63698]
21:26:02.883 [Forwarding clearElement on session e7cb67c850fcf670dd2b3a2abb7a558e to remote] DEBUG org.asynchttpclient.netty.request.NettyRequestSender - Using pooled Channel '[id: 0xb4ec79ab, L:/127.0.0.1:63914 - R:localhost/127.0.0.1:63698]' for 'POST' to 'http://localhost:63698/session/e7cb67c850fcf670dd2b3a2abb7a558e/element/c5c143cc-8f14-490d-b7ff-4b3237cf08b7/clear'
21:26:02.883 [Forwarding clearElement on session e7cb67c850fcf670dd2b3a2abb7a558e to remote] DEBUG org.asynchttpclient.netty.request.NettyRequestSender - Using open Channel [id: 0xb4ec79ab, L:/127.0.0.1:63914 - R:localhost/127.0.0.1:63698] for POST '/session/e7cb67c850fcf670dd2b3a2abb7a558e/element/c5c143cc-8f14-490d-b7ff-4b3237cf08b7/clear'
21:26:02.916 [AsyncHttpClient-1-7] DEBUG org.asynchttpclient.netty.handler.HttpHandler - 

Request DefaultHttpRequest(decodeResult: success, version: HTTP/1.1)
POST /session/e7cb67c850fcf670dd2b3a2abb7a558e/element/c5c143cc-8f14-490d-b7ff-4b3237cf08b7/clear HTTP/1.1
User-Agent: selenium/4.1.2 (java windows)
Content-Length: 50
Content-Type: application/json; charset=utf-8
host: localhost:63698
accept: */*

Response DefaultHttpResponse(decodeResult: success, version: HTTP/1.1)
HTTP/1.1 200 OK
Content-Type: application/json; charset=utf-8
cache-control: no-cache
content-length: 14

21:26:02.916 [AsyncHttpClient-1-7] DEBUG org.asynchttpclient.netty.channel.ChannelManager - Adding key: http://localhost:63698 for channel [id: 0xb4ec79ab, L:/127.0.0.1:63914 - R:localhost/127.0.0.1:63698]
21:26:02.918 [Forwarding sendKeysToElement on session e7cb67c850fcf670dd2b3a2abb7a558e to remote] DEBUG org.asynchttpclient.netty.request.NettyRequestSender - Using pooled Channel '[id: 0xb4ec79ab, L:/127.0.0.1:63914 - R:localhost/127.0.0.1:63698]' for 'POST' to 'http://localhost:63698/session/e7cb67c850fcf670dd2b3a2abb7a558e/element/c5c143cc-8f14-490d-b7ff-4b3237cf08b7/value'
21:26:02.918 [Forwarding sendKeysToElement on session e7cb67c850fcf670dd2b3a2abb7a558e to remote] DEBUG org.asynchttpclient.netty.request.NettyRequestSender - Using open Channel [id: 0xb4ec79ab, L:/127.0.0.1:63914 - R:localhost/127.0.0.1:63698] for POST '/session/e7cb67c850fcf670dd2b3a2abb7a558e/element/c5c143cc-8f14-490d-b7ff-4b3237cf08b7/value'
21:26:02.984 [AsyncHttpClient-1-7] DEBUG org.asynchttpclient.netty.handler.HttpHandler - 

Request DefaultHttpRequest(decodeResult: success, version: HTTP/1.1)
POST /session/e7cb67c850fcf670dd2b3a2abb7a558e/element/c5c143cc-8f14-490d-b7ff-4b3237cf08b7/value HTTP/1.1
User-Agent: selenium/4.1.2 (java windows)
Content-Length: 131
Content-Type: application/json; charset=utf-8
host: localhost:63698
accept: */*

Response DefaultHttpResponse(decodeResult: success, version: HTTP/1.1)
HTTP/1.1 200 OK
Content-Type: application/json; charset=utf-8
cache-control: no-cache
content-length: 14

21:26:02.984 [AsyncHttpClient-1-7] DEBUG org.asynchttpclient.netty.channel.ChannelManager - Adding key: http://localhost:63698 for channel [id: 0xb4ec79ab, L:/127.0.0.1:63914 - R:localhost/127.0.0.1:63698]
  &amp#27;[32mAnd &amp#27;[0m&amp#27;[32mI input &amp#27;[0m&amp#27;[32m&amp#27;[1m"pinto"&amp#27;[0m&amp#27;[32m password&amp#27;[0m                  &amp#27;[90m# starter.stepdefinitions.LogInOutSteps.iInputPasswordPassword(java.lang.String)&amp#27;[0m
21:26:02.993 [Forwarding screenshot on session e7cb67c850fcf670dd2b3a2abb7a558e to remote] DEBUG org.asynchttpclient.netty.request.NettyRequestSender - Using pooled Channel '[id: 0xb4ec79ab, L:/127.0.0.1:63914 - R:localhost/127.0.0.1:63698]' for 'GET' to 'http://localhost:63698/session/e7cb67c850fcf670dd2b3a2abb7a558e/screenshot'
21:26:02.993 [Forwarding screenshot on session e7cb67c850fcf670dd2b3a2abb7a558e to remote] DEBUG org.asynchttpclient.netty.request.NettyRequestSender - Using open Channel [id: 0xb4ec79ab, L:/127.0.0.1:63914 - R:localhost/127.0.0.1:63698] for GET '/session/e7cb67c850fcf670dd2b3a2abb7a558e/screenshot'
21:26:03.051 [AsyncHttpClient-1-1] DEBUG org.asynchttpclient.netty.channel.DefaultChannelPool - Entry count for : http://localhost:63915 : 1
21:26:03.140 [AsyncHttpClient-1-7] DEBUG org.asynchttpclient.netty.handler.HttpHandler - 

Request DefaultFullHttpRequest(decodeResult: success, version: HTTP/1.1, content: EmptyByteBufBE)
GET /session/e7cb67c850fcf670dd2b3a2abb7a558e/screenshot HTTP/1.1
User-Agent: selenium/4.1.2 (java windows)
Cache-Control: no-cache
Content-Type: application/json; charset=utf-8
host: localhost:63698
accept: */*

Response DefaultHttpResponse(decodeResult: success, version: HTTP/1.1)
HTTP/1.1 200 OK
Content-Type: application/json; charset=utf-8
cache-control: no-cache
content-length: 45148

21:26:03.141 [AsyncHttpClient-1-7] DEBUG org.asynchttpclient.netty.channel.ChannelManager - Adding key: http://localhost:63698 for channel [id: 0xb4ec79ab, L:/127.0.0.1:63914 - R:localhost/127.0.0.1:63698]
21:26:03.143 [main] DEBUG net.serenitybdd.core.photography.Darkroom - Send negative for processing for target\site\serenity\2b9936ac2d022b0d12070df67b9daacf016f911a26d4f4f5b0c87b0c6f563fbc.png
21:26:03.143 [Darkroom Processing Line] DEBUG net.serenitybdd.core.photography.DarkroomProcessingLine - Processing screenshot image in /var/screenshots/screenshot-11878520511894110467
21:26:03.144 [Darkroom Processing Line] DEBUG net.serenitybdd.core.photography.DarkroomProcessingLine - Saving screenshot to target\site\serenity\2b9936ac2d022b0d12070df67b9daacf016f911a26d4f4f5b0c87b0c6f563fbc.png
21:26:03.154 [Forwarding findElement on session e7cb67c850fcf670dd2b3a2abb7a558e to remote] DEBUG org.asynchttpclient.netty.request.NettyRequestSender - Using pooled Channel '[id: 0xb4ec79ab, L:/127.0.0.1:63914 - R:localhost/127.0.0.1:63698]' for 'POST' to 'http://localhost:63698/session/e7cb67c850fcf670dd2b3a2abb7a558e/element'
21:26:03.154 [Forwarding findElement on session e7cb67c850fcf670dd2b3a2abb7a558e to remote] DEBUG org.asynchttpclient.netty.request.NettyRequestSender - Using open Channel [id: 0xb4ec79ab, L:/127.0.0.1:63914 - R:localhost/127.0.0.1:63698] for POST '/session/e7cb67c850fcf670dd2b3a2abb7a558e/element'
21:26:03.170 [AsyncHttpClient-1-7] DEBUG org.asynchttpclient.netty.handler.HttpHandler - 

Request DefaultHttpRequest(decodeResult: success, version: HTTP/1.1)
POST /session/e7cb67c850fcf670dd2b3a2abb7a558e/element HTTP/1.1
User-Agent: selenium/4.1.2 (java windows)
Content-Length: 81
Content-Type: application/json; charset=utf-8
host: localhost:63698
accept: */*

Response DefaultHttpResponse(decodeResult: success, version: HTTP/1.1)
HTTP/1.1 200 OK
Content-Type: application/json; charset=utf-8
cache-control: no-cache
content-length: 88

21:26:03.171 [AsyncHttpClient-1-7] DEBUG org.asynchttpclient.netty.channel.ChannelManager - Adding key: http://localhost:63698 for channel [id: 0xb4ec79ab, L:/127.0.0.1:63914 - R:localhost/127.0.0.1:63698]
21:26:03.173 [Forwarding getElementTagName on session e7cb67c850fcf670dd2b3a2abb7a558e to remote] DEBUG org.asynchttpclient.netty.request.NettyRequestSender - Using pooled Channel '[id: 0xb4ec79ab, L:/127.0.0.1:63914 - R:localhost/127.0.0.1:63698]' for 'GET' to 'http://localhost:63698/session/e7cb67c850fcf670dd2b3a2abb7a558e/element/945be3f7-2ff5-459f-a7bd-20492759d56f/name'
21:26:03.173 [Forwarding getElementTagName on session e7cb67c850fcf670dd2b3a2abb7a558e to remote] DEBUG org.asynchttpclient.netty.request.NettyRequestSender - Using open Channel [id: 0xb4ec79ab, L:/127.0.0.1:63914 - R:localhost/127.0.0.1:63698] for GET '/session/e7cb67c850fcf670dd2b3a2abb7a558e/element/945be3f7-2ff5-459f-a7bd-20492759d56f/name'
21:26:03.177 [AsyncHttpClient-1-7] DEBUG org.asynchttpclient.netty.handler.HttpHandler - 

Request DefaultFullHttpRequest(decodeResult: success, version: HTTP/1.1, content: EmptyByteBufBE)
GET /session/e7cb67c850fcf670dd2b3a2abb7a558e/element/945be3f7-2ff5-459f-a7bd-20492759d56f/name HTTP/1.1
User-Agent: selenium/4.1.2 (java windows)
Cache-Control: no-cache
Content-Type: application/json; charset=utf-8
host: localhost:63698
accept: */*

Response DefaultHttpResponse(decodeResult: success, version: HTTP/1.1)
HTTP/1.1 200 OK
Content-Type: application/json; charset=utf-8
cache-control: no-cache
content-length: 16

21:26:03.177 [AsyncHttpClient-1-7] DEBUG org.asynchttpclient.netty.channel.ChannelManager - Adding key: http://localhost:63698 for channel [id: 0xb4ec79ab, L:/127.0.0.1:63914 - R:localhost/127.0.0.1:63698]
21:26:03.179 [Forwarding getElementTagName on session e7cb67c850fcf670dd2b3a2abb7a558e to remote] DEBUG org.asynchttpclient.netty.request.NettyRequestSender - Using pooled Channel '[id: 0xb4ec79ab, L:/127.0.0.1:63914 - R:localhost/127.0.0.1:63698]' for 'GET' to 'http://localhost:63698/session/e7cb67c850fcf670dd2b3a2abb7a558e/element/945be3f7-2ff5-459f-a7bd-20492759d56f/name'
21:26:03.179 [Forwarding getElementTagName on session e7cb67c850fcf670dd2b3a2abb7a558e to remote] DEBUG org.asynchttpclient.netty.request.NettyRequestSender - Using open Channel [id: 0xb4ec79ab, L:/127.0.0.1:63914 - R:localhost/127.0.0.1:63698] for GET '/session/e7cb67c850fcf670dd2b3a2abb7a558e/element/945be3f7-2ff5-459f-a7bd-20492759d56f/name'
21:26:03.181 [AsyncHttpClient-1-7] DEBUG org.asynchttpclient.netty.handler.HttpHandler - 

Request DefaultFullHttpRequest(decodeResult: success, version: HTTP/1.1, content: EmptyByteBufBE)
GET /session/e7cb67c850fcf670dd2b3a2abb7a558e/element/945be3f7-2ff5-459f-a7bd-20492759d56f/name HTTP/1.1
User-Agent: selenium/4.1.2 (java windows)
Cache-Control: no-cache
Content-Type: application/json; charset=utf-8
host: localhost:63698
accept: */*

Response DefaultHttpResponse(decodeResult: success, version: HTTP/1.1)
HTTP/1.1 200 OK
Content-Type: application/json; charset=utf-8
cache-control: no-cache
content-length: 16

21:26:03.182 [AsyncHttpClient-1-7] DEBUG org.asynchttpclient.netty.channel.ChannelManager - Adding key: http://localhost:63698 for channel [id: 0xb4ec79ab, L:/127.0.0.1:63914 - R:localhost/127.0.0.1:63698]
21:26:03.184 [Forwarding findElement on session e7cb67c850fcf670dd2b3a2abb7a558e to remote] DEBUG org.asynchttpclient.netty.request.NettyRequestSender - Using pooled Channel '[id: 0xb4ec79ab, L:/127.0.0.1:63914 - R:localhost/127.0.0.1:63698]' for 'POST' to 'http://localhost:63698/session/e7cb67c850fcf670dd2b3a2abb7a558e/element'
21:26:03.184 [Forwarding findElement on session e7cb67c850fcf670dd2b3a2abb7a558e to remote] DEBUG org.asynchttpclient.netty.request.NettyRequestSender - Using open Channel [id: 0xb4ec79ab, L:/127.0.0.1:63914 - R:localhost/127.0.0.1:63698] for POST '/session/e7cb67c850fcf670dd2b3a2abb7a558e/element'
21:26:03.192 [AsyncHttpClient-1-7] DEBUG org.asynchttpclient.netty.handler.HttpHandler - 

Request DefaultHttpRequest(decodeResult: success, version: HTTP/1.1)
POST /session/e7cb67c850fcf670dd2b3a2abb7a558e/element HTTP/1.1
User-Agent: selenium/4.1.2 (java windows)
Content-Length: 81
Content-Type: application/json; charset=utf-8
host: localhost:63698
accept: */*

Response DefaultHttpResponse(decodeResult: success, version: HTTP/1.1)
HTTP/1.1 200 OK
Content-Type: application/json; charset=utf-8
cache-control: no-cache
content-length: 88

21:26:03.192 [AsyncHttpClient-1-7] DEBUG org.asynchttpclient.netty.channel.ChannelManager - Adding key: http://localhost:63698 for channel [id: 0xb4ec79ab, L:/127.0.0.1:63914 - R:localhost/127.0.0.1:63698]
21:26:03.194 [Forwarding clickElement on session e7cb67c850fcf670dd2b3a2abb7a558e to remote] DEBUG org.asynchttpclient.netty.request.NettyRequestSender - Using pooled Channel '[id: 0xb4ec79ab, L:/127.0.0.1:63914 - R:localhost/127.0.0.1:63698]' for 'POST' to 'http://localhost:63698/session/e7cb67c850fcf670dd2b3a2abb7a558e/element/945be3f7-2ff5-459f-a7bd-20492759d56f/click'
21:26:03.194 [Forwarding clickElement on session e7cb67c850fcf670dd2b3a2abb7a558e to remote] DEBUG org.asynchttpclient.netty.request.NettyRequestSender - Using open Channel [id: 0xb4ec79ab, L:/127.0.0.1:63914 - R:localhost/127.0.0.1:63698] for POST '/session/e7cb67c850fcf670dd2b3a2abb7a558e/element/945be3f7-2ff5-459f-a7bd-20492759d56f/click'
21:26:03.243 [AsyncHttpClient-1-7] DEBUG org.asynchttpclient.netty.handler.HttpHandler - 

Request DefaultHttpRequest(decodeResult: success, version: HTTP/1.1)
POST /session/e7cb67c850fcf670dd2b3a2abb7a558e/element/945be3f7-2ff5-459f-a7bd-20492759d56f/click HTTP/1.1
User-Agent: selenium/4.1.2 (java windows)
Content-Length: 50
Content-Type: application/json; charset=utf-8
host: localhost:63698
accept: */*

Response DefaultHttpResponse(decodeResult: success, version: HTTP/1.1)
HTTP/1.1 200 OK
Content-Type: application/json; charset=utf-8
cache-control: no-cache
content-length: 14

21:26:03.244 [AsyncHttpClient-1-7] DEBUG org.asynchttpclient.netty.channel.ChannelManager - Adding key: http://localhost:63698 for channel [id: 0xb4ec79ab, L:/127.0.0.1:63914 - R:localhost/127.0.0.1:63698]
  &amp#27;[32mAnd &amp#27;[0m&amp#27;[32mI click login button&amp#27;[0m                      &amp#27;[90m# starter.stepdefinitions.LogInOutSteps.iClickLoginButton()&amp#27;[0m
21:26:03.250 [Forwarding screenshot on session e7cb67c850fcf670dd2b3a2abb7a558e to remote] DEBUG org.asynchttpclient.netty.request.NettyRequestSender - Using pooled Channel '[id: 0xb4ec79ab, L:/127.0.0.1:63914 - R:localhost/127.0.0.1:63698]' for 'GET' to 'http://localhost:63698/session/e7cb67c850fcf670dd2b3a2abb7a558e/screenshot'
21:26:03.250 [Forwarding screenshot on session e7cb67c850fcf670dd2b3a2abb7a558e to remote] DEBUG org.asynchttpclient.netty.request.NettyRequestSender - Using open Channel [id: 0xb4ec79ab, L:/127.0.0.1:63914 - R:localhost/127.0.0.1:63698] for GET '/session/e7cb67c850fcf670dd2b3a2abb7a558e/screenshot'
21:26:03.408 [AsyncHttpClient-1-7] DEBUG org.asynchttpclient.netty.handler.HttpHandler - 

Request DefaultFullHttpRequest(decodeResult: success, version: HTTP/1.1, content: EmptyByteBufBE)
GET /session/e7cb67c850fcf670dd2b3a2abb7a558e/screenshot HTTP/1.1
User-Agent: selenium/4.1.2 (java windows)
Cache-Control: no-cache
Content-Type: application/json; charset=utf-8
host: localhost:63698
accept: */*

Response DefaultHttpResponse(decodeResult: success, version: HTTP/1.1)
HTTP/1.1 200 OK
Content-Type: application/json; charset=utf-8
cache-control: no-cache
content-length: 44232

21:26:03.408 [AsyncHttpClient-1-7] DEBUG org.asynchttpclient.netty.channel.ChannelManager - Adding key: http://localhost:63698 for channel [id: 0xb4ec79ab, L:/127.0.0.1:63914 - R:localhost/127.0.0.1:63698]
21:26:03.411 [main] DEBUG net.serenitybdd.core.photography.Darkroom - Send negative for processing for target\site\serenity\f5b641085908ba6fb69694aa3694e2faa995239967ed89d2901e7240bebc1bf9.png
21:26:03.412 [Darkroom Processing Line] DEBUG net.serenitybdd.core.photography.DarkroomProcessingLine - Processing screenshot image in /var/screenshots/screenshot-11661580833548469390
21:26:03.412 [Darkroom Processing Line] DEBUG net.serenitybdd.core.photography.DarkroomProcessingLine - Saving screenshot to target\site\serenity\f5b641085908ba6fb69694aa3694e2faa995239967ed89d2901e7240bebc1bf9.png
21:26:03.421 [Forwarding findElement on session e7cb67c850fcf670dd2b3a2abb7a558e to remote] DEBUG org.asynchttpclient.netty.request.NettyRequestSender - Using pooled Channel '[id: 0xb4ec79ab, L:/127.0.0.1:63914 - R:localhost/127.0.0.1:63698]' for 'POST' to 'http://localhost:63698/session/e7cb67c850fcf670dd2b3a2abb7a558e/element'
21:26:03.421 [Forwarding findElement on session e7cb67c850fcf670dd2b3a2abb7a558e to remote] DEBUG org.asynchttpclient.netty.request.NettyRequestSender - Using open Channel [id: 0xb4ec79ab, L:/127.0.0.1:63914 - R:localhost/127.0.0.1:63698] for POST '/session/e7cb67c850fcf670dd2b3a2abb7a558e/element'
21:26:04.150 [AsyncHttpClient-1-1] DEBUG org.asynchttpclient.netty.channel.DefaultChannelPool - Entry count for : http://localhost:63915 : 1
21:26:04.686 [AsyncHttpClient-1-7] DEBUG org.asynchttpclient.netty.handler.HttpHandler - 

Request DefaultHttpRequest(decodeResult: success, version: HTTP/1.1)
POST /session/e7cb67c850fcf670dd2b3a2abb7a558e/element HTTP/1.1
User-Agent: selenium/4.1.2 (java windows)
Content-Length: 59
Content-Type: application/json; charset=utf-8
host: localhost:63698
accept: */*

Response DefaultHttpResponse(decodeResult: success, version: HTTP/1.1)
HTTP/1.1 200 OK
Content-Type: application/json; charset=utf-8
cache-control: no-cache
content-length: 88

21:26:04.686 [AsyncHttpClient-1-7] DEBUG org.asynchttpclient.netty.channel.ChannelManager - Adding key: http://localhost:63698 for channel [id: 0xb4ec79ab, L:/127.0.0.1:63914 - R:localhost/127.0.0.1:63698]
21:26:04.693 [Forwarding isElementDisplayed on session e7cb67c850fcf670dd2b3a2abb7a558e to remote] DEBUG org.asynchttpclient.netty.request.NettyRequestSender - Using pooled Channel '[id: 0xb4ec79ab, L:/127.0.0.1:63914 - R:localhost/127.0.0.1:63698]' for 'POST' to 'http://localhost:63698/session/e7cb67c850fcf670dd2b3a2abb7a558e/execute/sync'
21:26:04.693 [Forwarding isElementDisplayed on session e7cb67c850fcf670dd2b3a2abb7a558e to remote] DEBUG org.asynchttpclient.netty.request.NettyRequestSender - Using open Channel [id: 0xb4ec79ab, L:/127.0.0.1:63914 - R:localhost/127.0.0.1:63698] for POST '/session/e7cb67c850fcf670dd2b3a2abb7a558e/execute/sync'
21:26:04.711 [AsyncHttpClient-1-7] DEBUG org.asynchttpclient.netty.handler.HttpHandler - 

Request DefaultHttpRequest(decodeResult: success, version: HTTP/1.1)
POST /session/e7cb67c850fcf670dd2b3a2abb7a558e/execute/sync HTTP/1.1
User-Agent: selenium/4.1.2 (java windows)
Content-Length: 48780
Content-Type: application/json; charset=utf-8
host: localhost:63698
accept: */*

Response DefaultHttpResponse(decodeResult: success, version: HTTP/1.1)
HTTP/1.1 200 OK
Content-Type: application/json; charset=utf-8
cache-control: no-cache
content-length: 14

21:26:04.711 [AsyncHttpClient-1-7] DEBUG org.asynchttpclient.netty.channel.ChannelManager - Adding key: http://localhost:63698 for channel [id: 0xb4ec79ab, L:/127.0.0.1:63914 - R:localhost/127.0.0.1:63698]
21:26:04.715 [Forwarding findElement on session e7cb67c850fcf670dd2b3a2abb7a558e to remote] DEBUG org.asynchttpclient.netty.request.NettyRequestSender - Using pooled Channel '[id: 0xb4ec79ab, L:/127.0.0.1:63914 - R:localhost/127.0.0.1:63698]' for 'POST' to 'http://localhost:63698/session/e7cb67c850fcf670dd2b3a2abb7a558e/element'
21:26:04.715 [Forwarding findElement on session e7cb67c850fcf670dd2b3a2abb7a558e to remote] DEBUG org.asynchttpclient.netty.request.NettyRequestSender - Using open Channel [id: 0xb4ec79ab, L:/127.0.0.1:63914 - R:localhost/127.0.0.1:63698] for POST '/session/e7cb67c850fcf670dd2b3a2abb7a558e/element'
21:26:04.723 [AsyncHttpClient-1-7] DEBUG org.asynchttpclient.netty.handler.HttpHandler - 

Request DefaultHttpRequest(decodeResult: success, version: HTTP/1.1)
POST /session/e7cb67c850fcf670dd2b3a2abb7a558e/element HTTP/1.1
User-Agent: selenium/4.1.2 (java windows)
Content-Length: 59
Content-Type: application/json; charset=utf-8
host: localhost:63698
accept: */*

Response DefaultHttpResponse(decodeResult: success, version: HTTP/1.1)
HTTP/1.1 200 OK
Content-Type: application/json; charset=utf-8
cache-control: no-cache
content-length: 88

21:26:04.723 [AsyncHttpClient-1-7] DEBUG org.asynchttpclient.netty.channel.ChannelManager - Adding key: http://localhost:63698 for channel [id: 0xb4ec79ab, L:/127.0.0.1:63914 - R:localhost/127.0.0.1:63698]
21:26:04.727 [Forwarding isElementDisplayed on session e7cb67c850fcf670dd2b3a2abb7a558e to remote] DEBUG org.asynchttpclient.netty.request.NettyRequestSender - Using pooled Channel '[id: 0xb4ec79ab, L:/127.0.0.1:63914 - R:localhost/127.0.0.1:63698]' for 'POST' to 'http://localhost:63698/session/e7cb67c850fcf670dd2b3a2abb7a558e/execute/sync'
21:26:04.728 [Forwarding isElementDisplayed on session e7cb67c850fcf670dd2b3a2abb7a558e to remote] DEBUG org.asynchttpclient.netty.request.NettyRequestSender - Using open Channel [id: 0xb4ec79ab, L:/127.0.0.1:63914 - R:localhost/127.0.0.1:63698] for POST '/session/e7cb67c850fcf670dd2b3a2abb7a558e/execute/sync'
21:26:04.745 [AsyncHttpClient-1-7] DEBUG org.asynchttpclient.netty.handler.HttpHandler - 

Request DefaultHttpRequest(decodeResult: success, version: HTTP/1.1)
POST /session/e7cb67c850fcf670dd2b3a2abb7a558e/execute/sync HTTP/1.1
User-Agent: selenium/4.1.2 (java windows)
Content-Length: 48780
Content-Type: application/json; charset=utf-8
host: localhost:63698
accept: */*

Response DefaultHttpResponse(decodeResult: success, version: HTTP/1.1)
HTTP/1.1 200 OK
Content-Type: application/json; charset=utf-8
cache-control: no-cache
content-length: 14

21:26:04.745 [AsyncHttpClient-1-7] DEBUG org.asynchttpclient.netty.channel.ChannelManager - Adding key: http://localhost:63698 for channel [id: 0xb4ec79ab, L:/127.0.0.1:63914 - R:localhost/127.0.0.1:63698]
21:26:04.750 [Forwarding findElement on session e7cb67c850fcf670dd2b3a2abb7a558e to remote] DEBUG org.asynchttpclient.netty.request.NettyRequestSender - Using pooled Channel '[id: 0xb4ec79ab, L:/127.0.0.1:63914 - R:localhost/127.0.0.1:63698]' for 'POST' to 'http://localhost:63698/session/e7cb67c850fcf670dd2b3a2abb7a558e/element'
21:26:04.750 [Forwarding findElement on session e7cb67c850fcf670dd2b3a2abb7a558e to remote] DEBUG org.asynchttpclient.netty.request.NettyRequestSender - Using open Channel [id: 0xb4ec79ab, L:/127.0.0.1:63914 - R:localhost/127.0.0.1:63698] for POST '/session/e7cb67c850fcf670dd2b3a2abb7a558e/element'
21:26:04.758 [AsyncHttpClient-1-7] DEBUG org.asynchttpclient.netty.handler.HttpHandler - 

Request DefaultHttpRequest(decodeResult: success, version: HTTP/1.1)
POST /session/e7cb67c850fcf670dd2b3a2abb7a558e/element HTTP/1.1
User-Agent: selenium/4.1.2 (java windows)
Content-Length: 81
Content-Type: application/json; charset=utf-8
host: localhost:63698
accept: */*

Response DefaultHttpResponse(decodeResult: success, version: HTTP/1.1)
HTTP/1.1 200 OK
Content-Type: application/json; charset=utf-8
cache-control: no-cache
content-length: 88

21:26:04.758 [AsyncHttpClient-1-7] DEBUG org.asynchttpclient.netty.channel.ChannelManager - Adding key: http://localhost:63698 for channel [id: 0xb4ec79ab, L:/127.0.0.1:63914 - R:localhost/127.0.0.1:63698]
21:26:04.760 [Forwarding getElementTagName on session e7cb67c850fcf670dd2b3a2abb7a558e to remote] DEBUG org.asynchttpclient.netty.request.NettyRequestSender - Using pooled Channel '[id: 0xb4ec79ab, L:/127.0.0.1:63914 - R:localhost/127.0.0.1:63698]' for 'GET' to 'http://localhost:63698/session/e7cb67c850fcf670dd2b3a2abb7a558e/element/945be3f7-2ff5-459f-a7bd-20492759d56f/name'
21:26:04.760 [Forwarding getElementTagName on session e7cb67c850fcf670dd2b3a2abb7a558e to remote] DEBUG org.asynchttpclient.netty.request.NettyRequestSender - Using open Channel [id: 0xb4ec79ab, L:/127.0.0.1:63914 - R:localhost/127.0.0.1:63698] for GET '/session/e7cb67c850fcf670dd2b3a2abb7a558e/element/945be3f7-2ff5-459f-a7bd-20492759d56f/name'
21:26:04.765 [AsyncHttpClient-1-7] DEBUG org.asynchttpclient.netty.handler.HttpHandler - 

Request DefaultFullHttpRequest(decodeResult: success, version: HTTP/1.1, content: EmptyByteBufBE)
GET /session/e7cb67c850fcf670dd2b3a2abb7a558e/element/945be3f7-2ff5-459f-a7bd-20492759d56f/name HTTP/1.1
User-Agent: selenium/4.1.2 (java windows)
Cache-Control: no-cache
Content-Type: application/json; charset=utf-8
host: localhost:63698
accept: */*

Response DefaultHttpResponse(decodeResult: success, version: HTTP/1.1)
HTTP/1.1 200 OK
Content-Type: application/json; charset=utf-8
cache-control: no-cache
content-length: 16

21:26:04.765 [AsyncHttpClient-1-7] DEBUG org.asynchttpclient.netty.channel.ChannelManager - Adding key: http://localhost:63698 for channel [id: 0xb4ec79ab, L:/127.0.0.1:63914 - R:localhost/127.0.0.1:63698]
21:26:04.766 [Forwarding getElementTagName on session e7cb67c850fcf670dd2b3a2abb7a558e to remote] DEBUG org.asynchttpclient.netty.request.NettyRequestSender - Using pooled Channel '[id: 0xb4ec79ab, L:/127.0.0.1:63914 - R:localhost/127.0.0.1:63698]' for 'GET' to 'http://localhost:63698/session/e7cb67c850fcf670dd2b3a2abb7a558e/element/945be3f7-2ff5-459f-a7bd-20492759d56f/name'
21:26:04.766 [Forwarding getElementTagName on session e7cb67c850fcf670dd2b3a2abb7a558e to remote] DEBUG org.asynchttpclient.netty.request.NettyRequestSender - Using open Channel [id: 0xb4ec79ab, L:/127.0.0.1:63914 - R:localhost/127.0.0.1:63698] for GET '/session/e7cb67c850fcf670dd2b3a2abb7a558e/element/945be3f7-2ff5-459f-a7bd-20492759d56f/name'
21:26:04.770 [AsyncHttpClient-1-7] DEBUG org.asynchttpclient.netty.handler.HttpHandler - 

Request DefaultFullHttpRequest(decodeResult: success, version: HTTP/1.1, content: EmptyByteBufBE)
GET /session/e7cb67c850fcf670dd2b3a2abb7a558e/element/945be3f7-2ff5-459f-a7bd-20492759d56f/name HTTP/1.1
User-Agent: selenium/4.1.2 (java windows)
Cache-Control: no-cache
Content-Type: application/json; charset=utf-8
host: localhost:63698
accept: */*

Response DefaultHttpResponse(decodeResult: success, version: HTTP/1.1)
HTTP/1.1 200 OK
Content-Type: application/json; charset=utf-8
cache-control: no-cache
content-length: 16

21:26:04.770 [AsyncHttpClient-1-7] DEBUG org.asynchttpclient.netty.channel.ChannelManager - Adding key: http://localhost:63698 for channel [id: 0xb4ec79ab, L:/127.0.0.1:63914 - R:localhost/127.0.0.1:63698]
21:26:04.776 [Forwarding findElement on session e7cb67c850fcf670dd2b3a2abb7a558e to remote] DEBUG org.asynchttpclient.netty.request.NettyRequestSender - Using pooled Channel '[id: 0xb4ec79ab, L:/127.0.0.1:63914 - R:localhost/127.0.0.1:63698]' for 'POST' to 'http://localhost:63698/session/e7cb67c850fcf670dd2b3a2abb7a558e/element'
21:26:04.776 [Forwarding findElement on session e7cb67c850fcf670dd2b3a2abb7a558e to remote] DEBUG org.asynchttpclient.netty.request.NettyRequestSender - Using open Channel [id: 0xb4ec79ab, L:/127.0.0.1:63914 - R:localhost/127.0.0.1:63698] for POST '/session/e7cb67c850fcf670dd2b3a2abb7a558e/element'
21:26:04.784 [AsyncHttpClient-1-7] DEBUG org.asynchttpclient.netty.handler.HttpHandler - 

Request DefaultHttpRequest(decodeResult: success, version: HTTP/1.1)
POST /session/e7cb67c850fcf670dd2b3a2abb7a558e/element HTTP/1.1
User-Agent: selenium/4.1.2 (java windows)
Content-Length: 81
Content-Type: application/json; charset=utf-8
host: localhost:63698
accept: */*

Response DefaultHttpResponse(decodeResult: success, version: HTTP/1.1)
HTTP/1.1 200 OK
Content-Type: application/json; charset=utf-8
cache-control: no-cache
content-length: 88

21:26:04.784 [AsyncHttpClient-1-7] DEBUG org.asynchttpclient.netty.channel.ChannelManager - Adding key: http://localhost:63698 for channel [id: 0xb4ec79ab, L:/127.0.0.1:63914 - R:localhost/127.0.0.1:63698]
21:26:04.785 [Forwarding clickElement on session e7cb67c850fcf670dd2b3a2abb7a558e to remote] DEBUG org.asynchttpclient.netty.request.NettyRequestSender - Using pooled Channel '[id: 0xb4ec79ab, L:/127.0.0.1:63914 - R:localhost/127.0.0.1:63698]' for 'POST' to 'http://localhost:63698/session/e7cb67c850fcf670dd2b3a2abb7a558e/element/945be3f7-2ff5-459f-a7bd-20492759d56f/click'
21:26:04.786 [Forwarding clickElement on session e7cb67c850fcf670dd2b3a2abb7a558e to remote] DEBUG org.asynchttpclient.netty.request.NettyRequestSender - Using open Channel [id: 0xb4ec79ab, L:/127.0.0.1:63914 - R:localhost/127.0.0.1:63698] for POST '/session/e7cb67c850fcf670dd2b3a2abb7a558e/element/945be3f7-2ff5-459f-a7bd-20492759d56f/click'
21:26:04.820 [AsyncHttpClient-1-7] DEBUG org.asynchttpclient.netty.handler.HttpHandler - 

Request DefaultHttpRequest(decodeResult: success, version: HTTP/1.1)
POST /session/e7cb67c850fcf670dd2b3a2abb7a558e/element/945be3f7-2ff5-459f-a7bd-20492759d56f/click HTTP/1.1
User-Agent: selenium/4.1.2 (java windows)
Content-Length: 50
Content-Type: application/json; charset=utf-8
host: localhost:63698
accept: */*

Response DefaultHttpResponse(decodeResult: success, version: HTTP/1.1)
HTTP/1.1 200 OK
Content-Type: application/json; charset=utf-8
cache-control: no-cache
content-length: 14

21:26:04.820 [AsyncHttpClient-1-7] DEBUG org.asynchttpclient.netty.channel.ChannelManager - Adding key: http://localhost:63698 for channel [id: 0xb4ec79ab, L:/127.0.0.1:63914 - R:localhost/127.0.0.1:63698]
  &amp#27;[32mAnd &amp#27;[0m&amp#27;[32mI click login button again&amp#27;[0m                &amp#27;[90m# starter.stepdefinitions.LogInOutSteps.iClickLoginButtonAgain()&amp#27;[0m
21:26:04.830 [Forwarding screenshot on session e7cb67c850fcf670dd2b3a2abb7a558e to remote] DEBUG org.asynchttpclient.netty.request.NettyRequestSender - Using pooled Channel '[id: 0xb4ec79ab, L:/127.0.0.1:63914 - R:localhost/127.0.0.1:63698]' for 'GET' to 'http://localhost:63698/session/e7cb67c850fcf670dd2b3a2abb7a558e/screenshot'
21:26:04.831 [Forwarding screenshot on session e7cb67c850fcf670dd2b3a2abb7a558e to remote] DEBUG org.asynchttpclient.netty.request.NettyRequestSender - Using open Channel [id: 0xb4ec79ab, L:/127.0.0.1:63914 - R:localhost/127.0.0.1:63698] for GET '/session/e7cb67c850fcf670dd2b3a2abb7a558e/screenshot'
21:26:05.046 [AsyncHttpClient-1-7] DEBUG org.asynchttpclient.netty.handler.HttpHandler - 

Request DefaultFullHttpRequest(decodeResult: success, version: HTTP/1.1, content: EmptyByteBufBE)
GET /session/e7cb67c850fcf670dd2b3a2abb7a558e/screenshot HTTP/1.1
User-Agent: selenium/4.1.2 (java windows)
Cache-Control: no-cache
Content-Type: application/json; charset=utf-8
host: localhost:63698
accept: */*

Response DefaultHttpResponse(decodeResult: success, version: HTTP/1.1)
HTTP/1.1 200 OK
Content-Type: application/json; charset=utf-8
cache-control: no-cache
content-length: 43576

21:26:05.047 [AsyncHttpClient-1-7] DEBUG org.asynchttpclient.netty.channel.ChannelManager - Adding key: http://localhost:63698 for channel [id: 0xb4ec79ab, L:/127.0.0.1:63914 - R:localhost/127.0.0.1:63698]
21:26:05.050 [main] DEBUG net.serenitybdd.core.photography.Darkroom - Send negative for processing for target\site\serenity\473e0e5f7137fc5da20cbb3d935daed3b4b850268b61aed5e9047189b1a8bbb0.png
21:26:05.051 [Darkroom Processing Line] DEBUG net.serenitybdd.core.photography.DarkroomProcessingLine - Processing screenshot image in /var/screenshots/screenshot-13800217115071127260
21:26:05.051 [Darkroom Processing Line] DEBUG net.serenitybdd.core.photography.DarkroomProcessingLine - Saving screenshot to target\site\serenity\473e0e5f7137fc5da20cbb3d935daed3b4b850268b61aed5e9047189b1a8bbb0.png
21:26:05.060 [Forwarding findElement on session e7cb67c850fcf670dd2b3a2abb7a558e to remote] DEBUG org.asynchttpclient.netty.request.NettyRequestSender - Using pooled Channel '[id: 0xb4ec79ab, L:/127.0.0.1:63914 - R:localhost/127.0.0.1:63698]' for 'POST' to 'http://localhost:63698/session/e7cb67c850fcf670dd2b3a2abb7a558e/element'
21:26:05.060 [Forwarding findElement on session e7cb67c850fcf670dd2b3a2abb7a558e to remote] DEBUG org.asynchttpclient.netty.request.NettyRequestSender - Using open Channel [id: 0xb4ec79ab, L:/127.0.0.1:63914 - R:localhost/127.0.0.1:63698] for POST '/session/e7cb67c850fcf670dd2b3a2abb7a558e/element'
21:26:05.133 [AsyncHttpClient-1-7] DEBUG org.asynchttpclient.netty.handler.HttpHandler - 

Request DefaultHttpRequest(decodeResult: success, version: HTTP/1.1)
POST /session/e7cb67c850fcf670dd2b3a2abb7a558e/element HTTP/1.1
User-Agent: selenium/4.1.2 (java windows)
Content-Length: 59
Content-Type: application/json; charset=utf-8
host: localhost:63698
accept: */*

Response DefaultHttpResponse(decodeResult: success, version: HTTP/1.1)
HTTP/1.1 200 OK
Content-Type: application/json; charset=utf-8
cache-control: no-cache
content-length: 88

21:26:05.133 [AsyncHttpClient-1-7] DEBUG org.asynchttpclient.netty.channel.ChannelManager - Adding key: http://localhost:63698 for channel [id: 0xb4ec79ab, L:/127.0.0.1:63914 - R:localhost/127.0.0.1:63698]
21:26:05.137 [Forwarding isElementDisplayed on session e7cb67c850fcf670dd2b3a2abb7a558e to remote] DEBUG org.asynchttpclient.netty.request.NettyRequestSender - Using pooled Channel '[id: 0xb4ec79ab, L:/127.0.0.1:63914 - R:localhost/127.0.0.1:63698]' for 'POST' to 'http://localhost:63698/session/e7cb67c850fcf670dd2b3a2abb7a558e/execute/sync'
21:26:05.137 [Forwarding isElementDisplayed on session e7cb67c850fcf670dd2b3a2abb7a558e to remote] DEBUG org.asynchttpclient.netty.request.NettyRequestSender - Using open Channel [id: 0xb4ec79ab, L:/127.0.0.1:63914 - R:localhost/127.0.0.1:63698] for POST '/session/e7cb67c850fcf670dd2b3a2abb7a558e/execute/sync'
21:26:05.151 [AsyncHttpClient-1-7] DEBUG org.asynchttpclient.netty.handler.HttpHandler - 

Request DefaultHttpRequest(decodeResult: success, version: HTTP/1.1)
POST /session/e7cb67c850fcf670dd2b3a2abb7a558e/execute/sync HTTP/1.1
User-Agent: selenium/4.1.2 (java windows)
Content-Length: 48780
Content-Type: application/json; charset=utf-8
host: localhost:63698
accept: */*

Response DefaultHttpResponse(decodeResult: success, version: HTTP/1.1)
HTTP/1.1 200 OK
Content-Type: application/json; charset=utf-8
cache-control: no-cache
content-length: 14

21:26:05.151 [AsyncHttpClient-1-7] DEBUG org.asynchttpclient.netty.channel.ChannelManager - Adding key: http://localhost:63698 for channel [id: 0xb4ec79ab, L:/127.0.0.1:63914 - R:localhost/127.0.0.1:63698]
21:26:05.155 [Forwarding findElement on session e7cb67c850fcf670dd2b3a2abb7a558e to remote] DEBUG org.asynchttpclient.netty.request.NettyRequestSender - Using pooled Channel '[id: 0xb4ec79ab, L:/127.0.0.1:63914 - R:localhost/127.0.0.1:63698]' for 'POST' to 'http://localhost:63698/session/e7cb67c850fcf670dd2b3a2abb7a558e/element'
21:26:05.155 [Forwarding findElement on session e7cb67c850fcf670dd2b3a2abb7a558e to remote] DEBUG org.asynchttpclient.netty.request.NettyRequestSender - Using open Channel [id: 0xb4ec79ab, L:/127.0.0.1:63914 - R:localhost/127.0.0.1:63698] for POST '/session/e7cb67c850fcf670dd2b3a2abb7a558e/element'
21:26:05.165 [AsyncHttpClient-1-7] DEBUG org.asynchttpclient.netty.handler.HttpHandler - 

Request DefaultHttpRequest(decodeResult: success, version: HTTP/1.1)
POST /session/e7cb67c850fcf670dd2b3a2abb7a558e/element HTTP/1.1
User-Agent: selenium/4.1.2 (java windows)
Content-Length: 59
Content-Type: application/json; charset=utf-8
host: localhost:63698
accept: */*

Response DefaultHttpResponse(decodeResult: success, version: HTTP/1.1)
HTTP/1.1 200 OK
Content-Type: application/json; charset=utf-8
cache-control: no-cache
content-length: 88

21:26:05.165 [AsyncHttpClient-1-7] DEBUG org.asynchttpclient.netty.channel.ChannelManager - Adding key: http://localhost:63698 for channel [id: 0xb4ec79ab, L:/127.0.0.1:63914 - R:localhost/127.0.0.1:63698]
21:26:05.169 [Forwarding isElementDisplayed on session e7cb67c850fcf670dd2b3a2abb7a558e to remote] DEBUG org.asynchttpclient.netty.request.NettyRequestSender - Using pooled Channel '[id: 0xb4ec79ab, L:/127.0.0.1:63914 - R:localhost/127.0.0.1:63698]' for 'POST' to 'http://localhost:63698/session/e7cb67c850fcf670dd2b3a2abb7a558e/execute/sync'
21:26:05.169 [Forwarding isElementDisplayed on session e7cb67c850fcf670dd2b3a2abb7a558e to remote] DEBUG org.asynchttpclient.netty.request.NettyRequestSender - Using open Channel [id: 0xb4ec79ab, L:/127.0.0.1:63914 - R:localhost/127.0.0.1:63698] for POST '/session/e7cb67c850fcf670dd2b3a2abb7a558e/execute/sync'
21:26:05.184 [AsyncHttpClient-1-7] DEBUG org.asynchttpclient.netty.handler.HttpHandler - 

Request DefaultHttpRequest(decodeResult: success, version: HTTP/1.1)
POST /session/e7cb67c850fcf670dd2b3a2abb7a558e/execute/sync HTTP/1.1
User-Agent: selenium/4.1.2 (java windows)
Content-Length: 48780
Content-Type: application/json; charset=utf-8
host: localhost:63698
accept: */*

Response DefaultHttpResponse(decodeResult: success, version: HTTP/1.1)
HTTP/1.1 200 OK
Content-Type: application/json; charset=utf-8
cache-control: no-cache
content-length: 14

21:26:05.184 [AsyncHttpClient-1-7] DEBUG org.asynchttpclient.netty.channel.ChannelManager - Adding key: http://localhost:63698 for channel [id: 0xb4ec79ab, L:/127.0.0.1:63914 - R:localhost/127.0.0.1:63698]
  &amp#27;[32mThen &amp#27;[0m&amp#27;[32mI get &amp#27;[0m&amp#27;[32m&amp#27;[1m"error"&amp#27;[0m&amp#27;[32m as result&amp#27;[0m                  &amp#27;[90m# starter.stepdefinitions.LogInOutSteps.iGetResult(java.lang.String)&amp#27;[0m
21:26:05.191 [Forwarding screenshot on session e7cb67c850fcf670dd2b3a2abb7a558e to remote] DEBUG org.asynchttpclient.netty.request.NettyRequestSender - Using pooled Channel '[id: 0xb4ec79ab, L:/127.0.0.1:63914 - R:localhost/127.0.0.1:63698]' for 'GET' to 'http://localhost:63698/session/e7cb67c850fcf670dd2b3a2abb7a558e/screenshot'
21:26:05.191 [Forwarding screenshot on session e7cb67c850fcf670dd2b3a2abb7a558e to remote] DEBUG org.asynchttpclient.netty.request.NettyRequestSender - Using open Channel [id: 0xb4ec79ab, L:/127.0.0.1:63914 - R:localhost/127.0.0.1:63698] for GET '/session/e7cb67c850fcf670dd2b3a2abb7a558e/screenshot'
21:26:05.253 [AsyncHttpClient-1-1] DEBUG org.asynchttpclient.netty.channel.DefaultChannelPool - Entry count for : http://localhost:63915 : 1
21:26:05.425 [AsyncHttpClient-1-7] DEBUG org.asynchttpclient.netty.handler.HttpHandler - 

Request DefaultFullHttpRequest(decodeResult: success, version: HTTP/1.1, content: EmptyByteBufBE)
GET /session/e7cb67c850fcf670dd2b3a2abb7a558e/screenshot HTTP/1.1
User-Agent: selenium/4.1.2 (java windows)
Cache-Control: no-cache
Content-Type: application/json; charset=utf-8
host: localhost:63698
accept: */*

Response DefaultHttpResponse(decodeResult: success, version: HTTP/1.1)
HTTP/1.1 200 OK
Content-Type: application/json; charset=utf-8
cache-control: no-cache
content-length: 54292

21:26:05.425 [AsyncHttpClient-1-7] DEBUG org.asynchttpclient.netty.channel.ChannelManager - Adding key: http://localhost:63698 for channel [id: 0xb4ec79ab, L:/127.0.0.1:63914 - R:localhost/127.0.0.1:63698]
21:26:05.427 [main] DEBUG net.serenitybdd.core.photography.Darkroom - Send negative for processing for target\site\serenity\af186466d02c4d7688ff0a1589b0494e7da74fcf2db6c7f7622dc6b1309004ff.png
21:26:05.427 [Darkroom Processing Line] DEBUG net.serenitybdd.core.photography.DarkroomProcessingLine - Processing screenshot image in /var/screenshots/screenshot-13421922331205452296
21:26:05.427 [Darkroom Processing Line] DEBUG net.serenitybdd.core.photography.DarkroomProcessingLine - Saving screenshot to target\site\serenity\af186466d02c4d7688ff0a1589b0494e7da74fcf2db6c7f7622dc6b1309004ff.png
21:26:05.435 [AsyncHttpClient-1-9] DEBUG org.asynchttpclient.netty.handler.WebSocketHandler - Channel Closed: [id: 0x42920576, L:/127.0.0.1:63922 ! R:localhost/127.0.0.1:63915] with attribute NettyResponseFuture{currentRetry=5,
	isDone=1,
	isCancelled=0,
	asyncHandler=org.asynchttpclient.ws.WebSocketUpgradeHandler@83bd174,
	nettyRequest=org.asynchttpclient.netty.request.NettyRequest@7cf5cce2,
	future=java.util.concurrent.CompletableFuture@705647a1[Completed normally],
	uri=ws://localhost:63915/devtools/browser/aa5e48b9-d219-4237-ade6-9b559fc9bb7e,
	keepAlive=true,
	redirectCount=0,
	timeoutsHolder=null,
	inAuth=0,
	touch=1667571961323}
21:26:05.435 [AsyncHttpClient-1-9] DEBUG org.asynchttpclient.netty.channel.ChannelManager - Closing Channel [id: 0x42920576, L:/127.0.0.1:63922 ! R:localhost/127.0.0.1:63915] 
21:26:05.435 [Driver Command Executor] DEBUG org.asynchttpclient.netty.request.NettyRequestSender - Using pooled Channel '[id: 0xb4ec79ab, L:/127.0.0.1:63914 - R:localhost/127.0.0.1:63698]' for 'DELETE' to 'http://localhost:63698/session/e7cb67c850fcf670dd2b3a2abb7a558e'
21:26:05.435 [Driver Command Executor] DEBUG org.asynchttpclient.netty.request.NettyRequestSender - Using open Channel [id: 0xb4ec79ab, L:/127.0.0.1:63914 - R:localhost/127.0.0.1:63698] for DELETE '/session/e7cb67c850fcf670dd2b3a2abb7a558e'
21:26:05.488 [AsyncHttpClient-1-8] DEBUG org.asynchttpclient.netty.handler.HttpHandler - Unexpected I/O exception on channel [id: 0x9e7d3543, L:/127.0.0.1:63921 - R:localhost/127.0.0.1:63915]
java.net.SocketException: Connection reset
	at java.base/sun.nio.ch.SocketChannelImpl.throwConnectionReset(SocketChannelImpl.java:345)
	at java.base/sun.nio.ch.SocketChannelImpl.read(SocketChannelImpl.java:376)
	at io.netty.buffer.PooledByteBuf.setBytes(PooledByteBuf.java:258)
	at io.netty.buffer.AbstractByteBuf.writeBytes(AbstractByteBuf.java:1132)
	at io.netty.channel.socket.nio.NioSocketChannel.doReadBytes(NioSocketChannel.java:350)
	at io.netty.channel.nio.AbstractNioByteChannel$NioByteUnsafe.read(AbstractNioByteChannel.java:151)
	at io.netty.channel.nio.NioEventLoop.processSelectedKey(NioEventLoop.java:722)
	at io.netty.channel.nio.NioEventLoop.processSelectedKeysOptimized(NioEventLoop.java:658)
	at io.netty.channel.nio.NioEventLoop.processSelectedKeys(NioEventLoop.java:584)
	at io.netty.channel.nio.NioEventLoop.run(NioEventLoop.java:496)
	at io.netty.util.concurrent.SingleThreadEventExecutor$4.run(SingleThreadEventExecutor.java:986)
	at io.netty.util.internal.ThreadExecutorMap$2.run(ThreadExecutorMap.java:74)
	at io.netty.util.concurrent.FastThreadLocalRunnable.run(FastThreadLocalRunnable.java:30)
	at java.base/java.lang.Thread.run(Thread.java:830)
21:26:05.488 [AsyncHttpClient-1-8] DEBUG org.asynchttpclient.netty.channel.ChannelManager - Closing Channel [id: 0x9e7d3543, L:/127.0.0.1:63921 - R:localhost/127.0.0.1:63915] 
21:26:05.488 [AsyncHttpClient-1-8] DEBUG org.asynchttpclient.netty.handler.HttpHandler - Channel Closed: [id: 0x9e7d3543, L:/127.0.0.1:63921 ! R:localhost/127.0.0.1:63915] with attribute DISCARD
21:26:05.515 [AsyncHttpClient-1-7] DEBUG org.asynchttpclient.netty.handler.HttpHandler - 

Request DefaultFullHttpRequest(decodeResult: success, version: HTTP/1.1, content: EmptyByteBufBE)
DELETE /session/e7cb67c850fcf670dd2b3a2abb7a558e HTTP/1.1
User-Agent: selenium/4.1.2 (java windows)
Content-Type: application/json; charset=utf-8
host: localhost:63698
accept: */*

Response DefaultHttpResponse(decodeResult: success, version: HTTP/1.1)
HTTP/1.1 200 OK
Content-Type: application/json; charset=utf-8
cache-control: no-cache
content-length: 14

21:26:05.516 [AsyncHttpClient-1-7] DEBUG org.asynchttpclient.netty.channel.ChannelManager - Adding key: http://localhost:63698 for channel [id: 0xb4ec79ab, L:/127.0.0.1:63914 - R:localhost/127.0.0.1:63698]
21:26:05.585 [AsyncHttpClient-1-7] DEBUG org.asynchttpclient.netty.handler.HttpHandler - Channel Closed: [id: 0xb4ec79ab, L:/127.0.0.1:63914 ! R:localhost/127.0.0.1:63698] with attribute DISCARD
21:26:06.116 [main] INFO  - 
  _____   ___   ___   _____     ___     _     ___   ___   ___   ___  
 |_   _| | __| / __| |_   _|   | _ \   /_\   / __| / __| | __| |   \ 
   | |   | _|  \__ \   | |     |  _/  / _ \  \__ \ \__ \ | _|  | |) |
   |_|   |___| |___/   |_|     |_|   /_/ \_\ |___/ |___/ |___| |___/ 

Login with email and password
----------------------------------------------------------------------
]]></system-out>
    <system-err><![CDATA[Starting ChromeDriver 106.0.5249.61 (511755355844955cd3e264779baf0dd38212a4d0-refs/branch-heads/5249@{#569}) on port 63698
Only local connections are allowed.
Please see https://chromedriver.chromium.org/security-considerations for suggestions on keeping ChromeDriver safe.
ChromeDriver was started successfully.
[1667571961.118][WARNING]: This version of ChromeDriver has not been tested with Chrome version 107.
Nov 04, 2022 9:26:01 PM org.openqa.selenium.remote.ProtocolHandshake createSession
INFO: Detected dialect: W3C
Nov 04, 2022 9:26:01 PM org.openqa.selenium.devtools.CdpVersionFinder findNearestMatch
WARNING: Unable to find an exact match for CDP version 107, so returning the closest version found: a no-op implementation
Nov 04, 2022 9:26:01 PM org.openqa.selenium.devtools.CdpVersionFinder findNearestMatch
INFO: Unable to find CDP implementation matching 107.
Nov 04, 2022 9:26:01 PM org.openqa.selenium.chromium.ChromiumDriver lambda$new$3
WARNING: Unable to find version of CDP to use for . You may need to include a dependency on a specific version of the CDP using something similar to `org.seleniumhq.selenium:selenium-devtools-v86:4.1.2` where the version ("v86") matches the version of the chromium-based browser you're using and the version number of the artifact is the same as Selenium's.
]]></system-err>
  </testcase>
  <testcase name="Login with email and password #2" classname="Login" time="7.333">
    <system-out><![CDATA[
Scenario Outline: Login with email and password &amp#27;[90m# src/test/resources/features/Login.feature:28&amp#27;[0m
21:26:06.126 [main] INFO io.cucumber.core.plugin.SerenityReporter - Running feature from file:///C:/Users/ASUS/Desktop/stupen/miniproject/Web/ASWeb/src/test/resources/features/Login.feature
21:26:06.137 [main] INFO net.serenitybdd.core.webdriver.driverproviders.ChromeDriverProvider - Using automatically driver download
21:26:06.279 [main] DEBUG io.github.bonigarcia.wdm.cache.ResolutionCache - Resolution chrome=107 in cache (valid until 22:24:57 04/11/2022 WIB)
21:26:06.283 [main] DEBUG io.github.bonigarcia.wdm.cache.ResolutionCache - Resolution chrome107=107.0.5304.62 in cache (valid until 21:24:57 05/11/2022 WIB)
21:26:06.285 [main] INFO io.github.bonigarcia.wdm.WebDriverManager - Using chromedriver 107.0.5304.62 (resolved driver for Chrome 107)
21:26:06.296 [main] DEBUG io.github.bonigarcia.wdm.WebDriverManager - Driver chromedriver 107.0.5304.62 found in cache
21:26:06.296 [main] INFO io.github.bonigarcia.wdm.WebDriverManager - Exporting webdriver.chrome.driver as C:\Users\ASUS\.cache\selenium\chromedriver\win32\107.0.5304.62\chromedriver.exe
21:26:06.350 [AsyncHttpClient-1-1] DEBUG org.asynchttpclient.netty.channel.DefaultChannelPool - Entry count for : http://localhost:63698 : 1
21:26:06.350 [AsyncHttpClient-1-1] DEBUG org.asynchttpclient.netty.channel.DefaultChannelPool - Entry count for : http://localhost:63915 : 1
21:26:06.350 [AsyncHttpClient-1-1] DEBUG org.asynchttpclient.netty.channel.DefaultChannelPool - Adding Candidate expired Channel [id: 0xb4ec79ab, L:/127.0.0.1:63914 ! R:localhost/127.0.0.1:63698] isIdleTimeoutExpired=false isRemotelyClosed=true isTtlExpired=false
21:26:06.350 [AsyncHttpClient-1-1] DEBUG org.asynchttpclient.netty.channel.DefaultChannelPool - Closing Idle Channel [id: 0xb4ec79ab, L:/127.0.0.1:63914 ! R:localhost/127.0.0.1:63698]
21:26:06.350 [AsyncHttpClient-1-1] DEBUG org.asynchttpclient.netty.channel.DefaultChannelPool - Adding Candidate expired Channel [id: 0x9e7d3543, L:/127.0.0.1:63921 ! R:localhost/127.0.0.1:63915] isIdleTimeoutExpired=false isRemotelyClosed=true isTtlExpired=false
21:26:06.350 [AsyncHttpClient-1-1] DEBUG org.asynchttpclient.netty.channel.DefaultChannelPool - Closing Idle Channel [id: 0x9e7d3543, L:/127.0.0.1:63921 ! R:localhost/127.0.0.1:63915]
21:26:06.350 [AsyncHttpClient-1-1] DEBUG org.asynchttpclient.netty.channel.DefaultChannelPool - Closed 2 connections out of 2 in 0 ms
21:26:06.428 [main] DEBUG net.serenitybdd.core.webdriver.driverproviders.ProvideNewDriver - Instantiating driver
21:26:06.428 [main] DEBUG net.serenitybdd.core.webdriver.driverproviders.ProvideNewDriver - Driver capabilities: Capabilities {acceptInsecureCerts: false, base.url: https://alta-shop.vercel.app/, browserName: chrome, chrome.driver: src/test/resources/webdrive..., driver: chrome, goog:chromeOptions: {args: [], extensions: []}, wait.for.timeout: 10000}
21:26:06.979 [AsyncHttpClient-1-10] DEBUG org.asynchttpclient.netty.channel.NettyConnectListener - Using new Channel '[id: 0x04230ccb, L:/127.0.0.1:63940 - R:localhost/127.0.0.1:56159]' for 'POST' to '/session'
21:26:07.918 [AsyncHttpClient-1-10] DEBUG org.asynchttpclient.netty.handler.HttpHandler - 

Request DefaultHttpRequest(decodeResult: success, version: HTTP/1.1)
POST /session HTTP/1.1
User-Agent: selenium/4.1.2 (java windows)
Content-Length: 646
Content-Type: application/json; charset=utf-8
host: localhost:56159
accept: */*

Response DefaultHttpResponse(decodeResult: success, version: HTTP/1.1)
HTTP/1.1 200 OK
Content-Type: application/json; charset=utf-8
cache-control: no-cache
content-length: 787

21:26:07.919 [AsyncHttpClient-1-10] DEBUG org.asynchttpclient.netty.channel.ChannelManager - Adding key: http://localhost:56159 for channel [id: 0x04230ccb, L:/127.0.0.1:63940 - R:localhost/127.0.0.1:56159]
21:26:07.931 [AsyncHttpClient-1-11] DEBUG org.asynchttpclient.netty.channel.NettyConnectListener - Using new Channel '[id: 0x20429a62, L:/127.0.0.1:63948 - R:localhost/127.0.0.1:63941]' for 'GET' to '/json/version'
21:26:07.932 [AsyncHttpClient-1-11] DEBUG org.asynchttpclient.netty.handler.HttpHandler - 

Request DefaultFullHttpRequest(decodeResult: success, version: HTTP/1.1, content: EmptyByteBufBE)
GET /json/version HTTP/1.1
User-Agent: selenium/4.1.2 (java windows)
host: localhost:63941
accept: */*

Response DefaultHttpResponse(decodeResult: success, version: HTTP/1.1)
HTTP/1.1 200 OK
Content-Type: application/json; charset=UTF-8
content-length: 423

21:26:07.932 [AsyncHttpClient-1-11] DEBUG org.asynchttpclient.netty.channel.ChannelManager - Adding key: http://localhost:63941 for channel [id: 0x20429a62, L:/127.0.0.1:63948 - R:localhost/127.0.0.1:63941]
21:26:07.935 [AsyncHttpClient-1-12] DEBUG org.asynchttpclient.netty.channel.NettyConnectListener - Using new Channel '[id: 0xecda6f40, L:/127.0.0.1:63949 - R:localhost/127.0.0.1:63941]' for 'GET' to '/devtools/browser/27b44cf4-6ff7-4c76-8f57-18967f5c8070'
21:26:07.936 [AsyncHttpClient-1-12] DEBUG org.asynchttpclient.netty.handler.WebSocketHandler - 

Request DefaultFullHttpRequest(decodeResult: success, version: HTTP/1.1, content: EmptyByteBufBE)
GET /devtools/browser/27b44cf4-6ff7-4c76-8f57-18967f5c8070 HTTP/1.1
upgrade: websocket
connection: upgrade
sec-websocket-key: SRBS88RzihzMkmJg6LHItA==
sec-websocket-version: 13
origin: http://localhost:63941
host: localhost:63941
accept: */*
user-agent: AHC/2.1

Response DefaultHttpResponse(decodeResult: success, version: HTTP/1.1)
HTTP/1.1 101 WebSocket Protocol Handshake
Upgrade: WebSocket
Connection: Upgrade
Sec-WebSocket-Accept: COrqcFbQhyZii6WZabnS4dyO8ZI=

21:26:07.943 [Forwarding get on session 8d3eb85a06f15151694c5e9fecd72106 to remote] DEBUG org.asynchttpclient.netty.request.NettyRequestSender - Using pooled Channel '[id: 0x04230ccb, L:/127.0.0.1:63940 - R:localhost/127.0.0.1:56159]' for 'POST' to 'http://localhost:56159/session/8d3eb85a06f15151694c5e9fecd72106/url'
21:26:07.943 [Forwarding get on session 8d3eb85a06f15151694c5e9fecd72106 to remote] DEBUG org.asynchttpclient.netty.request.NettyRequestSender - Using open Channel [id: 0x04230ccb, L:/127.0.0.1:63940 - R:localhost/127.0.0.1:56159] for POST '/session/8d3eb85a06f15151694c5e9fecd72106/url'
21:26:08.553 [AsyncHttpClient-1-1] DEBUG org.asynchttpclient.netty.channel.DefaultChannelPool - Entry count for : http://localhost:63941 : 1
21:26:08.684 [AsyncHttpClient-1-10] DEBUG org.asynchttpclient.netty.handler.HttpHandler - 

Request DefaultHttpRequest(decodeResult: success, version: HTTP/1.1)
POST /session/8d3eb85a06f15151694c5e9fecd72106/url HTTP/1.1
User-Agent: selenium/4.1.2 (java windows)
Content-Length: 74
Content-Type: application/json; charset=utf-8
host: localhost:56159
accept: */*

Response DefaultHttpResponse(decodeResult: success, version: HTTP/1.1)
HTTP/1.1 200 OK
Content-Type: application/json; charset=utf-8
cache-control: no-cache
content-length: 14

21:26:08.684 [AsyncHttpClient-1-10] DEBUG org.asynchttpclient.netty.channel.ChannelManager - Adding key: http://localhost:56159 for channel [id: 0x04230ccb, L:/127.0.0.1:63940 - R:localhost/127.0.0.1:56159]
21:26:08.687 [Forwarding setTimeout on session 8d3eb85a06f15151694c5e9fecd72106 to remote] DEBUG org.asynchttpclient.netty.request.NettyRequestSender - Using pooled Channel '[id: 0x04230ccb, L:/127.0.0.1:63940 - R:localhost/127.0.0.1:56159]' for 'POST' to 'http://localhost:56159/session/8d3eb85a06f15151694c5e9fecd72106/timeouts'
21:26:08.687 [Forwarding setTimeout on session 8d3eb85a06f15151694c5e9fecd72106 to remote] DEBUG org.asynchttpclient.netty.request.NettyRequestSender - Using open Channel [id: 0x04230ccb, L:/127.0.0.1:63940 - R:localhost/127.0.0.1:56159] for POST '/session/8d3eb85a06f15151694c5e9fecd72106/timeouts'
21:26:08.688 [AsyncHttpClient-1-10] DEBUG org.asynchttpclient.netty.handler.HttpHandler - 

Request DefaultHttpRequest(decodeResult: success, version: HTTP/1.1)
POST /session/8d3eb85a06f15151694c5e9fecd72106/timeouts HTTP/1.1
User-Agent: selenium/4.1.2 (java windows)
Content-Length: 22
Content-Type: application/json; charset=utf-8
host: localhost:56159
accept: */*

Response DefaultHttpResponse(decodeResult: success, version: HTTP/1.1)
HTTP/1.1 200 OK
Content-Type: application/json; charset=utf-8
cache-control: no-cache
content-length: 14

21:26:08.689 [AsyncHttpClient-1-10] DEBUG org.asynchttpclient.netty.channel.ChannelManager - Adding key: http://localhost:56159 for channel [id: 0x04230ccb, L:/127.0.0.1:63940 - R:localhost/127.0.0.1:56159]
21:26:08.695 [Forwarding getCurrentUrl on session 8d3eb85a06f15151694c5e9fecd72106 to remote] DEBUG org.asynchttpclient.netty.request.NettyRequestSender - Using pooled Channel '[id: 0x04230ccb, L:/127.0.0.1:63940 - R:localhost/127.0.0.1:56159]' for 'GET' to 'http://localhost:56159/session/8d3eb85a06f15151694c5e9fecd72106/url'
21:26:08.696 [Forwarding getCurrentUrl on session 8d3eb85a06f15151694c5e9fecd72106 to remote] DEBUG org.asynchttpclient.netty.request.NettyRequestSender - Using open Channel [id: 0x04230ccb, L:/127.0.0.1:63940 - R:localhost/127.0.0.1:56159] for GET '/session/8d3eb85a06f15151694c5e9fecd72106/url'
21:26:08.702 [AsyncHttpClient-1-10] DEBUG org.asynchttpclient.netty.handler.HttpHandler - 

Request DefaultFullHttpRequest(decodeResult: success, version: HTTP/1.1, content: EmptyByteBufBE)
GET /session/8d3eb85a06f15151694c5e9fecd72106/url HTTP/1.1
User-Agent: selenium/4.1.2 (java windows)
Cache-Control: no-cache
Content-Type: application/json; charset=utf-8
host: localhost:56159
accept: */*

Response DefaultHttpResponse(decodeResult: success, version: HTTP/1.1)
HTTP/1.1 200 OK
Content-Type: application/json; charset=utf-8
cache-control: no-cache
content-length: 51

21:26:08.702 [AsyncHttpClient-1-10] DEBUG org.asynchttpclient.netty.channel.ChannelManager - Adding key: http://localhost:56159 for channel [id: 0x04230ccb, L:/127.0.0.1:63940 - R:localhost/127.0.0.1:56159]
  &amp#27;[32mGiven &amp#27;[0m&amp#27;[32mI am in login page&amp#27;[0m                      &amp#27;[90m# starter.stepdefinitions.LogInOutSteps.iAmInLoginPage()&amp#27;[0m
21:26:08.713 [Forwarding screenshot on session 8d3eb85a06f15151694c5e9fecd72106 to remote] DEBUG org.asynchttpclient.netty.request.NettyRequestSender - Using pooled Channel '[id: 0x04230ccb, L:/127.0.0.1:63940 - R:localhost/127.0.0.1:56159]' for 'GET' to 'http://localhost:56159/session/8d3eb85a06f15151694c5e9fecd72106/screenshot'
21:26:08.713 [Forwarding screenshot on session 8d3eb85a06f15151694c5e9fecd72106 to remote] DEBUG org.asynchttpclient.netty.request.NettyRequestSender - Using open Channel [id: 0x04230ccb, L:/127.0.0.1:63940 - R:localhost/127.0.0.1:56159] for GET '/session/8d3eb85a06f15151694c5e9fecd72106/screenshot'
21:26:09.279 [AsyncHttpClient-1-10] DEBUG org.asynchttpclient.netty.handler.HttpHandler - 

Request DefaultFullHttpRequest(decodeResult: success, version: HTTP/1.1, content: EmptyByteBufBE)
GET /session/8d3eb85a06f15151694c5e9fecd72106/screenshot HTTP/1.1
User-Agent: selenium/4.1.2 (java windows)
Cache-Control: no-cache
Content-Type: application/json; charset=utf-8
host: localhost:56159
accept: */*

Response DefaultHttpResponse(decodeResult: success, version: HTTP/1.1)
HTTP/1.1 200 OK
Content-Type: application/json; charset=utf-8
cache-control: no-cache
content-length: 38472

21:26:09.279 [AsyncHttpClient-1-10] DEBUG org.asynchttpclient.netty.channel.ChannelManager - Adding key: http://localhost:56159 for channel [id: 0x04230ccb, L:/127.0.0.1:63940 - R:localhost/127.0.0.1:56159]
21:26:09.281 [main] DEBUG net.serenitybdd.core.photography.Darkroom - Send negative for processing for target\site\serenity\6c2309ed56aeb278067cd6b3caf368b9f01e276e2bf175d46007f31c90d5af21.png
21:26:09.289 [Forwarding findElement on session 8d3eb85a06f15151694c5e9fecd72106 to remote] DEBUG org.asynchttpclient.netty.request.NettyRequestSender - Using pooled Channel '[id: 0x04230ccb, L:/127.0.0.1:63940 - R:localhost/127.0.0.1:56159]' for 'POST' to 'http://localhost:56159/session/8d3eb85a06f15151694c5e9fecd72106/element'
21:26:09.290 [Forwarding findElement on session 8d3eb85a06f15151694c5e9fecd72106 to remote] DEBUG org.asynchttpclient.netty.request.NettyRequestSender - Using open Channel [id: 0x04230ccb, L:/127.0.0.1:63940 - R:localhost/127.0.0.1:56159] for POST '/session/8d3eb85a06f15151694c5e9fecd72106/element'
21:26:09.302 [AsyncHttpClient-1-10] DEBUG org.asynchttpclient.netty.handler.HttpHandler - 

Request DefaultHttpRequest(decodeResult: success, version: HTTP/1.1)
POST /session/8d3eb85a06f15151694c5e9fecd72106/element HTTP/1.1
User-Agent: selenium/4.1.2 (java windows)
Content-Length: 87
Content-Type: application/json; charset=utf-8
host: localhost:56159
accept: */*

Response DefaultHttpResponse(decodeResult: success, version: HTTP/1.1)
HTTP/1.1 200 OK
Content-Type: application/json; charset=utf-8
cache-control: no-cache
content-length: 88

21:26:09.302 [AsyncHttpClient-1-10] DEBUG org.asynchttpclient.netty.channel.ChannelManager - Adding key: http://localhost:56159 for channel [id: 0x04230ccb, L:/127.0.0.1:63940 - R:localhost/127.0.0.1:56159]
21:26:09.303 [Forwarding clearElement on session 8d3eb85a06f15151694c5e9fecd72106 to remote] DEBUG org.asynchttpclient.netty.request.NettyRequestSender - Using pooled Channel '[id: 0x04230ccb, L:/127.0.0.1:63940 - R:localhost/127.0.0.1:56159]' for 'POST' to 'http://localhost:56159/session/8d3eb85a06f15151694c5e9fecd72106/element/39be013c-3b7d-4584-ba18-cc401bc19a4c/clear'
21:26:09.303 [Forwarding clearElement on session 8d3eb85a06f15151694c5e9fecd72106 to remote] DEBUG org.asynchttpclient.netty.request.NettyRequestSender - Using open Channel [id: 0x04230ccb, L:/127.0.0.1:63940 - R:localhost/127.0.0.1:56159] for POST '/session/8d3eb85a06f15151694c5e9fecd72106/element/39be013c-3b7d-4584-ba18-cc401bc19a4c/clear'
21:26:09.337 [AsyncHttpClient-1-10] DEBUG org.asynchttpclient.netty.handler.HttpHandler - 

Request DefaultHttpRequest(decodeResult: success, version: HTTP/1.1)
POST /session/8d3eb85a06f15151694c5e9fecd72106/element/39be013c-3b7d-4584-ba18-cc401bc19a4c/clear HTTP/1.1
User-Agent: selenium/4.1.2 (java windows)
Content-Length: 50
Content-Type: application/json; charset=utf-8
host: localhost:56159
accept: */*

Response DefaultHttpResponse(decodeResult: success, version: HTTP/1.1)
HTTP/1.1 200 OK
Content-Type: application/json; charset=utf-8
cache-control: no-cache
content-length: 14

21:26:09.337 [AsyncHttpClient-1-10] DEBUG org.asynchttpclient.netty.channel.ChannelManager - Adding key: http://localhost:56159 for channel [id: 0x04230ccb, L:/127.0.0.1:63940 - R:localhost/127.0.0.1:56159]
21:26:09.339 [Forwarding sendKeysToElement on session 8d3eb85a06f15151694c5e9fecd72106 to remote] DEBUG org.asynchttpclient.netty.request.NettyRequestSender - Using pooled Channel '[id: 0x04230ccb, L:/127.0.0.1:63940 - R:localhost/127.0.0.1:56159]' for 'POST' to 'http://localhost:56159/session/8d3eb85a06f15151694c5e9fecd72106/element/39be013c-3b7d-4584-ba18-cc401bc19a4c/value'
21:26:09.340 [Forwarding sendKeysToElement on session 8d3eb85a06f15151694c5e9fecd72106 to remote] DEBUG org.asynchttpclient.netty.request.NettyRequestSender - Using open Channel [id: 0x04230ccb, L:/127.0.0.1:63940 - R:localhost/127.0.0.1:56159] for POST '/session/8d3eb85a06f15151694c5e9fecd72106/element/39be013c-3b7d-4584-ba18-cc401bc19a4c/value'
21:26:09.454 [AsyncHttpClient-1-10] DEBUG org.asynchttpclient.netty.handler.HttpHandler - 

Request DefaultHttpRequest(decodeResult: success, version: HTTP/1.1)
POST /session/8d3eb85a06f15151694c5e9fecd72106/element/39be013c-3b7d-4584-ba18-cc401bc19a4c/value HTTP/1.1
User-Agent: selenium/4.1.2 (java windows)
Content-Length: 211
Content-Type: application/json; charset=utf-8
host: localhost:56159
accept: */*

Response DefaultHttpResponse(decodeResult: success, version: HTTP/1.1)
HTTP/1.1 200 OK
Content-Type: application/json; charset=utf-8
cache-control: no-cache
content-length: 14

21:26:09.454 [AsyncHttpClient-1-10] DEBUG org.asynchttpclient.netty.channel.ChannelManager - Adding key: http://localhost:56159 for channel [id: 0x04230ccb, L:/127.0.0.1:63940 - R:localhost/127.0.0.1:56159]
  &amp#27;[32mWhen &amp#27;[0m&amp#27;[32mI input &amp#27;[0m&amp#27;[32m&amp#27;[1m"user@mail.com"&amp#27;[0m&amp#27;[32m email&amp#27;[0m            &amp#27;[90m# starter.stepdefinitions.LogInOutSteps.iInputEmailEmail(java.lang.String)&amp#27;[0m
21:26:09.461 [Forwarding screenshot on session 8d3eb85a06f15151694c5e9fecd72106 to remote] DEBUG org.asynchttpclient.netty.request.NettyRequestSender - Using pooled Channel '[id: 0x04230ccb, L:/127.0.0.1:63940 - R:localhost/127.0.0.1:56159]' for 'GET' to 'http://localhost:56159/session/8d3eb85a06f15151694c5e9fecd72106/screenshot'
21:26:09.462 [Forwarding screenshot on session 8d3eb85a06f15151694c5e9fecd72106 to remote] DEBUG org.asynchttpclient.netty.request.NettyRequestSender - Using open Channel [id: 0x04230ccb, L:/127.0.0.1:63940 - R:localhost/127.0.0.1:56159] for GET '/session/8d3eb85a06f15151694c5e9fecd72106/screenshot'
21:26:09.631 [AsyncHttpClient-1-10] DEBUG org.asynchttpclient.netty.handler.HttpHandler - 

Request DefaultFullHttpRequest(decodeResult: success, version: HTTP/1.1, content: EmptyByteBufBE)
GET /session/8d3eb85a06f15151694c5e9fecd72106/screenshot HTTP/1.1
User-Agent: selenium/4.1.2 (java windows)
Cache-Control: no-cache
Content-Type: application/json; charset=utf-8
host: localhost:56159
accept: */*

Response DefaultHttpResponse(decodeResult: success, version: HTTP/1.1)
HTTP/1.1 200 OK
Content-Type: application/json; charset=utf-8
cache-control: no-cache
content-length: 44472

21:26:09.631 [AsyncHttpClient-1-10] DEBUG org.asynchttpclient.netty.channel.ChannelManager - Adding key: http://localhost:56159 for channel [id: 0x04230ccb, L:/127.0.0.1:63940 - R:localhost/127.0.0.1:56159]
21:26:09.634 [main] DEBUG net.serenitybdd.core.photography.Darkroom - Send negative for processing for target\site\serenity\6d8631a2aff083ea5f7100d68665b5a03eb3654e1e41e71ea9e36ff04b429a74.png
21:26:09.635 [Darkroom Processing Line] DEBUG net.serenitybdd.core.photography.DarkroomProcessingLine - Processing screenshot image in /var/screenshots/screenshot-9572505174453413339
21:26:09.635 [Darkroom Processing Line] DEBUG net.serenitybdd.core.photography.DarkroomProcessingLine - Saving screenshot to target\site\serenity\6d8631a2aff083ea5f7100d68665b5a03eb3654e1e41e71ea9e36ff04b429a74.png
21:26:09.645 [Forwarding findElement on session 8d3eb85a06f15151694c5e9fecd72106 to remote] DEBUG org.asynchttpclient.netty.request.NettyRequestSender - Using pooled Channel '[id: 0x04230ccb, L:/127.0.0.1:63940 - R:localhost/127.0.0.1:56159]' for 'POST' to 'http://localhost:56159/session/8d3eb85a06f15151694c5e9fecd72106/element'
21:26:09.645 [Forwarding findElement on session 8d3eb85a06f15151694c5e9fecd72106 to remote] DEBUG org.asynchttpclient.netty.request.NettyRequestSender - Using open Channel [id: 0x04230ccb, L:/127.0.0.1:63940 - R:localhost/127.0.0.1:56159] for POST '/session/8d3eb85a06f15151694c5e9fecd72106/element'
21:26:09.650 [AsyncHttpClient-1-1] DEBUG org.asynchttpclient.netty.channel.DefaultChannelPool - Entry count for : http://localhost:63941 : 1
21:26:09.658 [AsyncHttpClient-1-10] DEBUG org.asynchttpclient.netty.handler.HttpHandler - 

Request DefaultHttpRequest(decodeResult: success, version: HTTP/1.1)
POST /session/8d3eb85a06f15151694c5e9fecd72106/element HTTP/1.1
User-Agent: selenium/4.1.2 (java windows)
Content-Length: 90
Content-Type: application/json; charset=utf-8
host: localhost:56159
accept: */*

Response DefaultHttpResponse(decodeResult: success, version: HTTP/1.1)
HTTP/1.1 200 OK
Content-Type: application/json; charset=utf-8
cache-control: no-cache
content-length: 88

21:26:09.658 [AsyncHttpClient-1-10] DEBUG org.asynchttpclient.netty.channel.ChannelManager - Adding key: http://localhost:56159 for channel [id: 0x04230ccb, L:/127.0.0.1:63940 - R:localhost/127.0.0.1:56159]
21:26:09.659 [Forwarding clearElement on session 8d3eb85a06f15151694c5e9fecd72106 to remote] DEBUG org.asynchttpclient.netty.request.NettyRequestSender - Using pooled Channel '[id: 0x04230ccb, L:/127.0.0.1:63940 - R:localhost/127.0.0.1:56159]' for 'POST' to 'http://localhost:56159/session/8d3eb85a06f15151694c5e9fecd72106/element/798937f5-51c8-40b2-be8f-66adf68077cb/clear'
21:26:09.659 [Forwarding clearElement on session 8d3eb85a06f15151694c5e9fecd72106 to remote] DEBUG org.asynchttpclient.netty.request.NettyRequestSender - Using open Channel [id: 0x04230ccb, L:/127.0.0.1:63940 - R:localhost/127.0.0.1:56159] for POST '/session/8d3eb85a06f15151694c5e9fecd72106/element/798937f5-51c8-40b2-be8f-66adf68077cb/clear'
21:26:09.696 [AsyncHttpClient-1-10] DEBUG org.asynchttpclient.netty.handler.HttpHandler - 

Request DefaultHttpRequest(decodeResult: success, version: HTTP/1.1)
POST /session/8d3eb85a06f15151694c5e9fecd72106/element/798937f5-51c8-40b2-be8f-66adf68077cb/clear HTTP/1.1
User-Agent: selenium/4.1.2 (java windows)
Content-Length: 50
Content-Type: application/json; charset=utf-8
host: localhost:56159
accept: */*

Response DefaultHttpResponse(decodeResult: success, version: HTTP/1.1)
HTTP/1.1 200 OK
Content-Type: application/json; charset=utf-8
cache-control: no-cache
content-length: 14

21:26:09.696 [AsyncHttpClient-1-10] DEBUG org.asynchttpclient.netty.channel.ChannelManager - Adding key: http://localhost:56159 for channel [id: 0x04230ccb, L:/127.0.0.1:63940 - R:localhost/127.0.0.1:56159]
21:26:09.698 [Forwarding sendKeysToElement on session 8d3eb85a06f15151694c5e9fecd72106 to remote] DEBUG org.asynchttpclient.netty.request.NettyRequestSender - Using pooled Channel '[id: 0x04230ccb, L:/127.0.0.1:63940 - R:localhost/127.0.0.1:56159]' for 'POST' to 'http://localhost:56159/session/8d3eb85a06f15151694c5e9fecd72106/element/798937f5-51c8-40b2-be8f-66adf68077cb/value'
21:26:09.698 [Forwarding sendKeysToElement on session 8d3eb85a06f15151694c5e9fecd72106 to remote] DEBUG org.asynchttpclient.netty.request.NettyRequestSender - Using open Channel [id: 0x04230ccb, L:/127.0.0.1:63940 - R:localhost/127.0.0.1:56159] for POST '/session/8d3eb85a06f15151694c5e9fecd72106/element/798937f5-51c8-40b2-be8f-66adf68077cb/value'
21:26:09.742 [AsyncHttpClient-1-10] DEBUG org.asynchttpclient.netty.handler.HttpHandler - 

Request DefaultHttpRequest(decodeResult: success, version: HTTP/1.1)
POST /session/8d3eb85a06f15151694c5e9fecd72106/element/798937f5-51c8-40b2-be8f-66adf68077cb/value HTTP/1.1
User-Agent: selenium/4.1.2 (java windows)
Content-Length: 82
Content-Type: application/json; charset=utf-8
host: localhost:56159
accept: */*

Response DefaultHttpResponse(decodeResult: success, version: HTTP/1.1)
HTTP/1.1 200 OK
Content-Type: application/json; charset=utf-8
cache-control: no-cache
content-length: 14

21:26:09.742 [AsyncHttpClient-1-10] DEBUG org.asynchttpclient.netty.channel.ChannelManager - Adding key: http://localhost:56159 for channel [id: 0x04230ccb, L:/127.0.0.1:63940 - R:localhost/127.0.0.1:56159]
  &amp#27;[32mAnd &amp#27;[0m&amp#27;[32mI input &amp#27;[0m&amp#27;[32m&amp#27;[1m""&amp#27;[0m&amp#27;[32m password&amp#27;[0m                       &amp#27;[90m# starter.stepdefinitions.LogInOutSteps.iInputPasswordPassword(java.lang.String)&amp#27;[0m
21:26:09.752 [Forwarding screenshot on session 8d3eb85a06f15151694c5e9fecd72106 to remote] DEBUG org.asynchttpclient.netty.request.NettyRequestSender - Using pooled Channel '[id: 0x04230ccb, L:/127.0.0.1:63940 - R:localhost/127.0.0.1:56159]' for 'GET' to 'http://localhost:56159/session/8d3eb85a06f15151694c5e9fecd72106/screenshot'
21:26:09.752 [Forwarding screenshot on session 8d3eb85a06f15151694c5e9fecd72106 to remote] DEBUG org.asynchttpclient.netty.request.NettyRequestSender - Using open Channel [id: 0x04230ccb, L:/127.0.0.1:63940 - R:localhost/127.0.0.1:56159] for GET '/session/8d3eb85a06f15151694c5e9fecd72106/screenshot'
21:26:09.911 [AsyncHttpClient-1-10] DEBUG org.asynchttpclient.netty.handler.HttpHandler - 

Request DefaultFullHttpRequest(decodeResult: success, version: HTTP/1.1, content: EmptyByteBufBE)
GET /session/8d3eb85a06f15151694c5e9fecd72106/screenshot HTTP/1.1
User-Agent: selenium/4.1.2 (java windows)
Cache-Control: no-cache
Content-Type: application/json; charset=utf-8
host: localhost:56159
accept: */*

Response DefaultHttpResponse(decodeResult: success, version: HTTP/1.1)
HTTP/1.1 200 OK
Content-Type: application/json; charset=utf-8
cache-control: no-cache
content-length: 44468

21:26:09.911 [AsyncHttpClient-1-10] DEBUG org.asynchttpclient.netty.channel.ChannelManager - Adding key: http://localhost:56159 for channel [id: 0x04230ccb, L:/127.0.0.1:63940 - R:localhost/127.0.0.1:56159]
21:26:09.913 [main] DEBUG net.serenitybdd.core.photography.Darkroom - Send negative for processing for target\site\serenity\0550dde182842b0adcf01d416de5dc38b891edae41dfd4d64aa6872c57b2d189.png
21:26:09.913 [Darkroom Processing Line] DEBUG net.serenitybdd.core.photography.DarkroomProcessingLine - Processing screenshot image in /var/screenshots/screenshot-15718646090759541068
21:26:09.913 [Darkroom Processing Line] DEBUG net.serenitybdd.core.photography.DarkroomProcessingLine - Saving screenshot to target\site\serenity\0550dde182842b0adcf01d416de5dc38b891edae41dfd4d64aa6872c57b2d189.png
21:26:09.924 [Forwarding findElement on session 8d3eb85a06f15151694c5e9fecd72106 to remote] DEBUG org.asynchttpclient.netty.request.NettyRequestSender - Using pooled Channel '[id: 0x04230ccb, L:/127.0.0.1:63940 - R:localhost/127.0.0.1:56159]' for 'POST' to 'http://localhost:56159/session/8d3eb85a06f15151694c5e9fecd72106/element'
21:26:09.924 [Forwarding findElement on session 8d3eb85a06f15151694c5e9fecd72106 to remote] DEBUG org.asynchttpclient.netty.request.NettyRequestSender - Using open Channel [id: 0x04230ccb, L:/127.0.0.1:63940 - R:localhost/127.0.0.1:56159] for POST '/session/8d3eb85a06f15151694c5e9fecd72106/element'
21:26:09.942 [AsyncHttpClient-1-10] DEBUG org.asynchttpclient.netty.handler.HttpHandler - 

Request DefaultHttpRequest(decodeResult: success, version: HTTP/1.1)
POST /session/8d3eb85a06f15151694c5e9fecd72106/element HTTP/1.1
User-Agent: selenium/4.1.2 (java windows)
Content-Length: 81
Content-Type: application/json; charset=utf-8
host: localhost:56159
accept: */*

Response DefaultHttpResponse(decodeResult: success, version: HTTP/1.1)
HTTP/1.1 200 OK
Content-Type: application/json; charset=utf-8
cache-control: no-cache
content-length: 88

21:26:09.942 [AsyncHttpClient-1-10] DEBUG org.asynchttpclient.netty.channel.ChannelManager - Adding key: http://localhost:56159 for channel [id: 0x04230ccb, L:/127.0.0.1:63940 - R:localhost/127.0.0.1:56159]
21:26:09.944 [Forwarding getElementTagName on session 8d3eb85a06f15151694c5e9fecd72106 to remote] DEBUG org.asynchttpclient.netty.request.NettyRequestSender - Using pooled Channel '[id: 0x04230ccb, L:/127.0.0.1:63940 - R:localhost/127.0.0.1:56159]' for 'GET' to 'http://localhost:56159/session/8d3eb85a06f15151694c5e9fecd72106/element/22ed3195-c586-4c9e-9417-90123a8edff8/name'
21:26:09.944 [Forwarding getElementTagName on session 8d3eb85a06f15151694c5e9fecd72106 to remote] DEBUG org.asynchttpclient.netty.request.NettyRequestSender - Using open Channel [id: 0x04230ccb, L:/127.0.0.1:63940 - R:localhost/127.0.0.1:56159] for GET '/session/8d3eb85a06f15151694c5e9fecd72106/element/22ed3195-c586-4c9e-9417-90123a8edff8/name'
21:26:09.949 [AsyncHttpClient-1-10] DEBUG org.asynchttpclient.netty.handler.HttpHandler - 

Request DefaultFullHttpRequest(decodeResult: success, version: HTTP/1.1, content: EmptyByteBufBE)
GET /session/8d3eb85a06f15151694c5e9fecd72106/element/22ed3195-c586-4c9e-9417-90123a8edff8/name HTTP/1.1
User-Agent: selenium/4.1.2 (java windows)
Cache-Control: no-cache
Content-Type: application/json; charset=utf-8
host: localhost:56159
accept: */*

Response DefaultHttpResponse(decodeResult: success, version: HTTP/1.1)
HTTP/1.1 200 OK
Content-Type: application/json; charset=utf-8
cache-control: no-cache
content-length: 16

21:26:09.949 [AsyncHttpClient-1-10] DEBUG org.asynchttpclient.netty.channel.ChannelManager - Adding key: http://localhost:56159 for channel [id: 0x04230ccb, L:/127.0.0.1:63940 - R:localhost/127.0.0.1:56159]
21:26:09.950 [Forwarding getElementTagName on session 8d3eb85a06f15151694c5e9fecd72106 to remote] DEBUG org.asynchttpclient.netty.request.NettyRequestSender - Using pooled Channel '[id: 0x04230ccb, L:/127.0.0.1:63940 - R:localhost/127.0.0.1:56159]' for 'GET' to 'http://localhost:56159/session/8d3eb85a06f15151694c5e9fecd72106/element/22ed3195-c586-4c9e-9417-90123a8edff8/name'
21:26:09.950 [Forwarding getElementTagName on session 8d3eb85a06f15151694c5e9fecd72106 to remote] DEBUG org.asynchttpclient.netty.request.NettyRequestSender - Using open Channel [id: 0x04230ccb, L:/127.0.0.1:63940 - R:localhost/127.0.0.1:56159] for GET '/session/8d3eb85a06f15151694c5e9fecd72106/element/22ed3195-c586-4c9e-9417-90123a8edff8/name'
21:26:09.954 [AsyncHttpClient-1-10] DEBUG org.asynchttpclient.netty.handler.HttpHandler - 

Request DefaultFullHttpRequest(decodeResult: success, version: HTTP/1.1, content: EmptyByteBufBE)
GET /session/8d3eb85a06f15151694c5e9fecd72106/element/22ed3195-c586-4c9e-9417-90123a8edff8/name HTTP/1.1
User-Agent: selenium/4.1.2 (java windows)
Cache-Control: no-cache
Content-Type: application/json; charset=utf-8
host: localhost:56159
accept: */*

Response DefaultHttpResponse(decodeResult: success, version: HTTP/1.1)
HTTP/1.1 200 OK
Content-Type: application/json; charset=utf-8
cache-control: no-cache
content-length: 16

21:26:09.954 [AsyncHttpClient-1-10] DEBUG org.asynchttpclient.netty.channel.ChannelManager - Adding key: http://localhost:56159 for channel [id: 0x04230ccb, L:/127.0.0.1:63940 - R:localhost/127.0.0.1:56159]
21:26:09.958 [Forwarding findElement on session 8d3eb85a06f15151694c5e9fecd72106 to remote] DEBUG org.asynchttpclient.netty.request.NettyRequestSender - Using pooled Channel '[id: 0x04230ccb, L:/127.0.0.1:63940 - R:localhost/127.0.0.1:56159]' for 'POST' to 'http://localhost:56159/session/8d3eb85a06f15151694c5e9fecd72106/element'
21:26:09.958 [Forwarding findElement on session 8d3eb85a06f15151694c5e9fecd72106 to remote] DEBUG org.asynchttpclient.netty.request.NettyRequestSender - Using open Channel [id: 0x04230ccb, L:/127.0.0.1:63940 - R:localhost/127.0.0.1:56159] for POST '/session/8d3eb85a06f15151694c5e9fecd72106/element'
21:26:09.965 [AsyncHttpClient-1-10] DEBUG org.asynchttpclient.netty.handler.HttpHandler - 

Request DefaultHttpRequest(decodeResult: success, version: HTTP/1.1)
POST /session/8d3eb85a06f15151694c5e9fecd72106/element HTTP/1.1
User-Agent: selenium/4.1.2 (java windows)
Content-Length: 81
Content-Type: application/json; charset=utf-8
host: localhost:56159
accept: */*

Response DefaultHttpResponse(decodeResult: success, version: HTTP/1.1)
HTTP/1.1 200 OK
Content-Type: application/json; charset=utf-8
cache-control: no-cache
content-length: 88

21:26:09.965 [AsyncHttpClient-1-10] DEBUG org.asynchttpclient.netty.channel.ChannelManager - Adding key: http://localhost:56159 for channel [id: 0x04230ccb, L:/127.0.0.1:63940 - R:localhost/127.0.0.1:56159]
21:26:09.966 [Forwarding clickElement on session 8d3eb85a06f15151694c5e9fecd72106 to remote] DEBUG org.asynchttpclient.netty.request.NettyRequestSender - Using pooled Channel '[id: 0x04230ccb, L:/127.0.0.1:63940 - R:localhost/127.0.0.1:56159]' for 'POST' to 'http://localhost:56159/session/8d3eb85a06f15151694c5e9fecd72106/element/22ed3195-c586-4c9e-9417-90123a8edff8/click'
21:26:09.966 [Forwarding clickElement on session 8d3eb85a06f15151694c5e9fecd72106 to remote] DEBUG org.asynchttpclient.netty.request.NettyRequestSender - Using open Channel [id: 0x04230ccb, L:/127.0.0.1:63940 - R:localhost/127.0.0.1:56159] for POST '/session/8d3eb85a06f15151694c5e9fecd72106/element/22ed3195-c586-4c9e-9417-90123a8edff8/click'
21:26:10.021 [AsyncHttpClient-1-10] DEBUG org.asynchttpclient.netty.handler.HttpHandler - 

Request DefaultHttpRequest(decodeResult: success, version: HTTP/1.1)
POST /session/8d3eb85a06f15151694c5e9fecd72106/element/22ed3195-c586-4c9e-9417-90123a8edff8/click HTTP/1.1
User-Agent: selenium/4.1.2 (java windows)
Content-Length: 50
Content-Type: application/json; charset=utf-8
host: localhost:56159
accept: */*

Response DefaultHttpResponse(decodeResult: success, version: HTTP/1.1)
HTTP/1.1 200 OK
Content-Type: application/json; charset=utf-8
cache-control: no-cache
content-length: 14

21:26:10.022 [AsyncHttpClient-1-10] DEBUG org.asynchttpclient.netty.channel.ChannelManager - Adding key: http://localhost:56159 for channel [id: 0x04230ccb, L:/127.0.0.1:63940 - R:localhost/127.0.0.1:56159]
  &amp#27;[32mAnd &amp#27;[0m&amp#27;[32mI click login button&amp#27;[0m                      &amp#27;[90m# starter.stepdefinitions.LogInOutSteps.iClickLoginButton()&amp#27;[0m
21:26:10.031 [Forwarding screenshot on session 8d3eb85a06f15151694c5e9fecd72106 to remote] DEBUG org.asynchttpclient.netty.request.NettyRequestSender - Using pooled Channel '[id: 0x04230ccb, L:/127.0.0.1:63940 - R:localhost/127.0.0.1:56159]' for 'GET' to 'http://localhost:56159/session/8d3eb85a06f15151694c5e9fecd72106/screenshot'
21:26:10.031 [Forwarding screenshot on session 8d3eb85a06f15151694c5e9fecd72106 to remote] DEBUG org.asynchttpclient.netty.request.NettyRequestSender - Using open Channel [id: 0x04230ccb, L:/127.0.0.1:63940 - R:localhost/127.0.0.1:56159] for GET '/session/8d3eb85a06f15151694c5e9fecd72106/screenshot'
21:26:10.415 [AsyncHttpClient-1-10] DEBUG org.asynchttpclient.netty.handler.HttpHandler - 

Request DefaultFullHttpRequest(decodeResult: success, version: HTTP/1.1, content: EmptyByteBufBE)
GET /session/8d3eb85a06f15151694c5e9fecd72106/screenshot HTTP/1.1
User-Agent: selenium/4.1.2 (java windows)
Cache-Control: no-cache
Content-Type: application/json; charset=utf-8
host: localhost:56159
accept: */*

Response DefaultHttpResponse(decodeResult: success, version: HTTP/1.1)
HTTP/1.1 200 OK
Content-Type: application/json; charset=utf-8
cache-control: no-cache
content-length: 44932

21:26:10.416 [AsyncHttpClient-1-10] DEBUG org.asynchttpclient.netty.channel.ChannelManager - Adding key: http://localhost:56159 for channel [id: 0x04230ccb, L:/127.0.0.1:63940 - R:localhost/127.0.0.1:56159]
21:26:10.418 [main] DEBUG net.serenitybdd.core.photography.Darkroom - Send negative for processing for target\site\serenity\1681041335954fc85c9e8684b8c87ac4a1aff8a9379eb08bd82a5edc1bad8aec.png
21:26:10.419 [Darkroom Processing Line] DEBUG net.serenitybdd.core.photography.DarkroomProcessingLine - Processing screenshot image in /var/screenshots/screenshot-16261637339281356074
21:26:10.419 [Darkroom Processing Line] DEBUG net.serenitybdd.core.photography.DarkroomProcessingLine - Saving screenshot to target\site\serenity\1681041335954fc85c9e8684b8c87ac4a1aff8a9379eb08bd82a5edc1bad8aec.png
21:26:10.432 [Forwarding findElement on session 8d3eb85a06f15151694c5e9fecd72106 to remote] DEBUG org.asynchttpclient.netty.request.NettyRequestSender - Using pooled Channel '[id: 0x04230ccb, L:/127.0.0.1:63940 - R:localhost/127.0.0.1:56159]' for 'POST' to 'http://localhost:56159/session/8d3eb85a06f15151694c5e9fecd72106/element'
21:26:10.432 [Forwarding findElement on session 8d3eb85a06f15151694c5e9fecd72106 to remote] DEBUG org.asynchttpclient.netty.request.NettyRequestSender - Using open Channel [id: 0x04230ccb, L:/127.0.0.1:63940 - R:localhost/127.0.0.1:56159] for POST '/session/8d3eb85a06f15151694c5e9fecd72106/element'
21:26:10.756 [AsyncHttpClient-1-1] DEBUG org.asynchttpclient.netty.channel.DefaultChannelPool - Entry count for : http://localhost:63941 : 1
21:26:11.851 [AsyncHttpClient-1-1] DEBUG org.asynchttpclient.netty.channel.DefaultChannelPool - Entry count for : http://localhost:63941 : 1
21:26:11.990 [AsyncHttpClient-1-10] DEBUG org.asynchttpclient.netty.handler.HttpHandler - 

Request DefaultHttpRequest(decodeResult: success, version: HTTP/1.1)
POST /session/8d3eb85a06f15151694c5e9fecd72106/element HTTP/1.1
User-Agent: selenium/4.1.2 (java windows)
Content-Length: 59
Content-Type: application/json; charset=utf-8
host: localhost:56159
accept: */*

Response DefaultHttpResponse(decodeResult: success, version: HTTP/1.1)
HTTP/1.1 200 OK
Content-Type: application/json; charset=utf-8
cache-control: no-cache
content-length: 88

21:26:11.990 [AsyncHttpClient-1-10] DEBUG org.asynchttpclient.netty.channel.ChannelManager - Adding key: http://localhost:56159 for channel [id: 0x04230ccb, L:/127.0.0.1:63940 - R:localhost/127.0.0.1:56159]
21:26:11.997 [Forwarding isElementDisplayed on session 8d3eb85a06f15151694c5e9fecd72106 to remote] DEBUG org.asynchttpclient.netty.request.NettyRequestSender - Using pooled Channel '[id: 0x04230ccb, L:/127.0.0.1:63940 - R:localhost/127.0.0.1:56159]' for 'POST' to 'http://localhost:56159/session/8d3eb85a06f15151694c5e9fecd72106/execute/sync'
21:26:11.997 [Forwarding isElementDisplayed on session 8d3eb85a06f15151694c5e9fecd72106 to remote] DEBUG org.asynchttpclient.netty.request.NettyRequestSender - Using open Channel [id: 0x04230ccb, L:/127.0.0.1:63940 - R:localhost/127.0.0.1:56159] for POST '/session/8d3eb85a06f15151694c5e9fecd72106/execute/sync'
21:26:12.015 [AsyncHttpClient-1-10] DEBUG org.asynchttpclient.netty.handler.HttpHandler - 

Request DefaultHttpRequest(decodeResult: success, version: HTTP/1.1)
POST /session/8d3eb85a06f15151694c5e9fecd72106/execute/sync HTTP/1.1
User-Agent: selenium/4.1.2 (java windows)
Content-Length: 48780
Content-Type: application/json; charset=utf-8
host: localhost:56159
accept: */*

Response DefaultHttpResponse(decodeResult: success, version: HTTP/1.1)
HTTP/1.1 200 OK
Content-Type: application/json; charset=utf-8
cache-control: no-cache
content-length: 14

21:26:12.015 [AsyncHttpClient-1-10] DEBUG org.asynchttpclient.netty.channel.ChannelManager - Adding key: http://localhost:56159 for channel [id: 0x04230ccb, L:/127.0.0.1:63940 - R:localhost/127.0.0.1:56159]
21:26:12.018 [Forwarding findElement on session 8d3eb85a06f15151694c5e9fecd72106 to remote] DEBUG org.asynchttpclient.netty.request.NettyRequestSender - Using pooled Channel '[id: 0x04230ccb, L:/127.0.0.1:63940 - R:localhost/127.0.0.1:56159]' for 'POST' to 'http://localhost:56159/session/8d3eb85a06f15151694c5e9fecd72106/element'
21:26:12.018 [Forwarding findElement on session 8d3eb85a06f15151694c5e9fecd72106 to remote] DEBUG org.asynchttpclient.netty.request.NettyRequestSender - Using open Channel [id: 0x04230ccb, L:/127.0.0.1:63940 - R:localhost/127.0.0.1:56159] for POST '/session/8d3eb85a06f15151694c5e9fecd72106/element'
21:26:12.025 [AsyncHttpClient-1-10] DEBUG org.asynchttpclient.netty.handler.HttpHandler - 

Request DefaultHttpRequest(decodeResult: success, version: HTTP/1.1)
POST /session/8d3eb85a06f15151694c5e9fecd72106/element HTTP/1.1
User-Agent: selenium/4.1.2 (java windows)
Content-Length: 59
Content-Type: application/json; charset=utf-8
host: localhost:56159
accept: */*

Response DefaultHttpResponse(decodeResult: success, version: HTTP/1.1)
HTTP/1.1 200 OK
Content-Type: application/json; charset=utf-8
cache-control: no-cache
content-length: 88

21:26:12.026 [AsyncHttpClient-1-10] DEBUG org.asynchttpclient.netty.channel.ChannelManager - Adding key: http://localhost:56159 for channel [id: 0x04230ccb, L:/127.0.0.1:63940 - R:localhost/127.0.0.1:56159]
21:26:12.029 [Forwarding isElementDisplayed on session 8d3eb85a06f15151694c5e9fecd72106 to remote] DEBUG org.asynchttpclient.netty.request.NettyRequestSender - Using pooled Channel '[id: 0x04230ccb, L:/127.0.0.1:63940 - R:localhost/127.0.0.1:56159]' for 'POST' to 'http://localhost:56159/session/8d3eb85a06f15151694c5e9fecd72106/execute/sync'
21:26:12.029 [Forwarding isElementDisplayed on session 8d3eb85a06f15151694c5e9fecd72106 to remote] DEBUG org.asynchttpclient.netty.request.NettyRequestSender - Using open Channel [id: 0x04230ccb, L:/127.0.0.1:63940 - R:localhost/127.0.0.1:56159] for POST '/session/8d3eb85a06f15151694c5e9fecd72106/execute/sync'
21:26:12.042 [AsyncHttpClient-1-10] DEBUG org.asynchttpclient.netty.handler.HttpHandler - 

Request DefaultHttpRequest(decodeResult: success, version: HTTP/1.1)
POST /session/8d3eb85a06f15151694c5e9fecd72106/execute/sync HTTP/1.1
User-Agent: selenium/4.1.2 (java windows)
Content-Length: 48780
Content-Type: application/json; charset=utf-8
host: localhost:56159
accept: */*

Response DefaultHttpResponse(decodeResult: success, version: HTTP/1.1)
HTTP/1.1 200 OK
Content-Type: application/json; charset=utf-8
cache-control: no-cache
content-length: 14

21:26:12.043 [AsyncHttpClient-1-10] DEBUG org.asynchttpclient.netty.channel.ChannelManager - Adding key: http://localhost:56159 for channel [id: 0x04230ccb, L:/127.0.0.1:63940 - R:localhost/127.0.0.1:56159]
21:26:12.048 [Forwarding findElement on session 8d3eb85a06f15151694c5e9fecd72106 to remote] DEBUG org.asynchttpclient.netty.request.NettyRequestSender - Using pooled Channel '[id: 0x04230ccb, L:/127.0.0.1:63940 - R:localhost/127.0.0.1:56159]' for 'POST' to 'http://localhost:56159/session/8d3eb85a06f15151694c5e9fecd72106/element'
21:26:12.048 [Forwarding findElement on session 8d3eb85a06f15151694c5e9fecd72106 to remote] DEBUG org.asynchttpclient.netty.request.NettyRequestSender - Using open Channel [id: 0x04230ccb, L:/127.0.0.1:63940 - R:localhost/127.0.0.1:56159] for POST '/session/8d3eb85a06f15151694c5e9fecd72106/element'
21:26:12.057 [AsyncHttpClient-1-10] DEBUG org.asynchttpclient.netty.handler.HttpHandler - 

Request DefaultHttpRequest(decodeResult: success, version: HTTP/1.1)
POST /session/8d3eb85a06f15151694c5e9fecd72106/element HTTP/1.1
User-Agent: selenium/4.1.2 (java windows)
Content-Length: 81
Content-Type: application/json; charset=utf-8
host: localhost:56159
accept: */*

Response DefaultHttpResponse(decodeResult: success, version: HTTP/1.1)
HTTP/1.1 200 OK
Content-Type: application/json; charset=utf-8
cache-control: no-cache
content-length: 88

21:26:12.057 [AsyncHttpClient-1-10] DEBUG org.asynchttpclient.netty.channel.ChannelManager - Adding key: http://localhost:56159 for channel [id: 0x04230ccb, L:/127.0.0.1:63940 - R:localhost/127.0.0.1:56159]
21:26:12.059 [Forwarding getElementTagName on session 8d3eb85a06f15151694c5e9fecd72106 to remote] DEBUG org.asynchttpclient.netty.request.NettyRequestSender - Using pooled Channel '[id: 0x04230ccb, L:/127.0.0.1:63940 - R:localhost/127.0.0.1:56159]' for 'GET' to 'http://localhost:56159/session/8d3eb85a06f15151694c5e9fecd72106/element/22ed3195-c586-4c9e-9417-90123a8edff8/name'
21:26:12.059 [Forwarding getElementTagName on session 8d3eb85a06f15151694c5e9fecd72106 to remote] DEBUG org.asynchttpclient.netty.request.NettyRequestSender - Using open Channel [id: 0x04230ccb, L:/127.0.0.1:63940 - R:localhost/127.0.0.1:56159] for GET '/session/8d3eb85a06f15151694c5e9fecd72106/element/22ed3195-c586-4c9e-9417-90123a8edff8/name'
21:26:12.063 [AsyncHttpClient-1-10] DEBUG org.asynchttpclient.netty.handler.HttpHandler - 

Request DefaultFullHttpRequest(decodeResult: success, version: HTTP/1.1, content: EmptyByteBufBE)
GET /session/8d3eb85a06f15151694c5e9fecd72106/element/22ed3195-c586-4c9e-9417-90123a8edff8/name HTTP/1.1
User-Agent: selenium/4.1.2 (java windows)
Cache-Control: no-cache
Content-Type: application/json; charset=utf-8
host: localhost:56159
accept: */*

Response DefaultHttpResponse(decodeResult: success, version: HTTP/1.1)
HTTP/1.1 200 OK
Content-Type: application/json; charset=utf-8
cache-control: no-cache
content-length: 16

21:26:12.063 [AsyncHttpClient-1-10] DEBUG org.asynchttpclient.netty.channel.ChannelManager - Adding key: http://localhost:56159 for channel [id: 0x04230ccb, L:/127.0.0.1:63940 - R:localhost/127.0.0.1:56159]
21:26:12.065 [Forwarding getElementTagName on session 8d3eb85a06f15151694c5e9fecd72106 to remote] DEBUG org.asynchttpclient.netty.request.NettyRequestSender - Using pooled Channel '[id: 0x04230ccb, L:/127.0.0.1:63940 - R:localhost/127.0.0.1:56159]' for 'GET' to 'http://localhost:56159/session/8d3eb85a06f15151694c5e9fecd72106/element/22ed3195-c586-4c9e-9417-90123a8edff8/name'
21:26:12.065 [Forwarding getElementTagName on session 8d3eb85a06f15151694c5e9fecd72106 to remote] DEBUG org.asynchttpclient.netty.request.NettyRequestSender - Using open Channel [id: 0x04230ccb, L:/127.0.0.1:63940 - R:localhost/127.0.0.1:56159] for GET '/session/8d3eb85a06f15151694c5e9fecd72106/element/22ed3195-c586-4c9e-9417-90123a8edff8/name'
21:26:12.069 [AsyncHttpClient-1-10] DEBUG org.asynchttpclient.netty.handler.HttpHandler - 

Request DefaultFullHttpRequest(decodeResult: success, version: HTTP/1.1, content: EmptyByteBufBE)
GET /session/8d3eb85a06f15151694c5e9fecd72106/element/22ed3195-c586-4c9e-9417-90123a8edff8/name HTTP/1.1
User-Agent: selenium/4.1.2 (java windows)
Cache-Control: no-cache
Content-Type: application/json; charset=utf-8
host: localhost:56159
accept: */*

Response DefaultHttpResponse(decodeResult: success, version: HTTP/1.1)
HTTP/1.1 200 OK
Content-Type: application/json; charset=utf-8
cache-control: no-cache
content-length: 16

21:26:12.069 [AsyncHttpClient-1-10] DEBUG org.asynchttpclient.netty.channel.ChannelManager - Adding key: http://localhost:56159 for channel [id: 0x04230ccb, L:/127.0.0.1:63940 - R:localhost/127.0.0.1:56159]
21:26:12.070 [Forwarding findElement on session 8d3eb85a06f15151694c5e9fecd72106 to remote] DEBUG org.asynchttpclient.netty.request.NettyRequestSender - Using pooled Channel '[id: 0x04230ccb, L:/127.0.0.1:63940 - R:localhost/127.0.0.1:56159]' for 'POST' to 'http://localhost:56159/session/8d3eb85a06f15151694c5e9fecd72106/element'
21:26:12.071 [Forwarding findElement on session 8d3eb85a06f15151694c5e9fecd72106 to remote] DEBUG org.asynchttpclient.netty.request.NettyRequestSender - Using open Channel [id: 0x04230ccb, L:/127.0.0.1:63940 - R:localhost/127.0.0.1:56159] for POST '/session/8d3eb85a06f15151694c5e9fecd72106/element'
21:26:12.080 [AsyncHttpClient-1-10] DEBUG org.asynchttpclient.netty.handler.HttpHandler - 

Request DefaultHttpRequest(decodeResult: success, version: HTTP/1.1)
POST /session/8d3eb85a06f15151694c5e9fecd72106/element HTTP/1.1
User-Agent: selenium/4.1.2 (java windows)
Content-Length: 81
Content-Type: application/json; charset=utf-8
host: localhost:56159
accept: */*

Response DefaultHttpResponse(decodeResult: success, version: HTTP/1.1)
HTTP/1.1 200 OK
Content-Type: application/json; charset=utf-8
cache-control: no-cache
content-length: 88

21:26:12.080 [AsyncHttpClient-1-10] DEBUG org.asynchttpclient.netty.channel.ChannelManager - Adding key: http://localhost:56159 for channel [id: 0x04230ccb, L:/127.0.0.1:63940 - R:localhost/127.0.0.1:56159]
21:26:12.081 [Forwarding clickElement on session 8d3eb85a06f15151694c5e9fecd72106 to remote] DEBUG org.asynchttpclient.netty.request.NettyRequestSender - Using pooled Channel '[id: 0x04230ccb, L:/127.0.0.1:63940 - R:localhost/127.0.0.1:56159]' for 'POST' to 'http://localhost:56159/session/8d3eb85a06f15151694c5e9fecd72106/element/22ed3195-c586-4c9e-9417-90123a8edff8/click'
21:26:12.081 [Forwarding clickElement on session 8d3eb85a06f15151694c5e9fecd72106 to remote] DEBUG org.asynchttpclient.netty.request.NettyRequestSender - Using open Channel [id: 0x04230ccb, L:/127.0.0.1:63940 - R:localhost/127.0.0.1:56159] for POST '/session/8d3eb85a06f15151694c5e9fecd72106/element/22ed3195-c586-4c9e-9417-90123a8edff8/click'
21:26:12.119 [AsyncHttpClient-1-10] DEBUG org.asynchttpclient.netty.handler.HttpHandler - 

Request DefaultHttpRequest(decodeResult: success, version: HTTP/1.1)
POST /session/8d3eb85a06f15151694c5e9fecd72106/element/22ed3195-c586-4c9e-9417-90123a8edff8/click HTTP/1.1
User-Agent: selenium/4.1.2 (java windows)
Content-Length: 50
Content-Type: application/json; charset=utf-8
host: localhost:56159
accept: */*

Response DefaultHttpResponse(decodeResult: success, version: HTTP/1.1)
HTTP/1.1 200 OK
Content-Type: application/json; charset=utf-8
cache-control: no-cache
content-length: 14

21:26:12.119 [AsyncHttpClient-1-10] DEBUG org.asynchttpclient.netty.channel.ChannelManager - Adding key: http://localhost:56159 for channel [id: 0x04230ccb, L:/127.0.0.1:63940 - R:localhost/127.0.0.1:56159]
  &amp#27;[32mAnd &amp#27;[0m&amp#27;[32mI click login button again&amp#27;[0m                &amp#27;[90m# starter.stepdefinitions.LogInOutSteps.iClickLoginButtonAgain()&amp#27;[0m
21:26:12.127 [Forwarding screenshot on session 8d3eb85a06f15151694c5e9fecd72106 to remote] DEBUG org.asynchttpclient.netty.request.NettyRequestSender - Using pooled Channel '[id: 0x04230ccb, L:/127.0.0.1:63940 - R:localhost/127.0.0.1:56159]' for 'GET' to 'http://localhost:56159/session/8d3eb85a06f15151694c5e9fecd72106/screenshot'
21:26:12.127 [Forwarding screenshot on session 8d3eb85a06f15151694c5e9fecd72106 to remote] DEBUG org.asynchttpclient.netty.request.NettyRequestSender - Using open Channel [id: 0x04230ccb, L:/127.0.0.1:63940 - R:localhost/127.0.0.1:56159] for GET '/session/8d3eb85a06f15151694c5e9fecd72106/screenshot'
21:26:12.373 [AsyncHttpClient-1-10] DEBUG org.asynchttpclient.netty.handler.HttpHandler - 

Request DefaultFullHttpRequest(decodeResult: success, version: HTTP/1.1, content: EmptyByteBufBE)
GET /session/8d3eb85a06f15151694c5e9fecd72106/screenshot HTTP/1.1
User-Agent: selenium/4.1.2 (java windows)
Cache-Control: no-cache
Content-Type: application/json; charset=utf-8
host: localhost:56159
accept: */*

Response DefaultHttpResponse(decodeResult: success, version: HTTP/1.1)
HTTP/1.1 200 OK
Content-Type: application/json; charset=utf-8
cache-control: no-cache
content-length: 43896

21:26:12.373 [AsyncHttpClient-1-10] DEBUG org.asynchttpclient.netty.channel.ChannelManager - Adding key: http://localhost:56159 for channel [id: 0x04230ccb, L:/127.0.0.1:63940 - R:localhost/127.0.0.1:56159]
21:26:12.376 [main] DEBUG net.serenitybdd.core.photography.Darkroom - Send negative for processing for target\site\serenity\c8d739345b2b8b16e3ac726cae0e35dcc804d705bdecff62b88e15b5ad1c0c9c.png
21:26:12.376 [Darkroom Processing Line] DEBUG net.serenitybdd.core.photography.DarkroomProcessingLine - Processing screenshot image in /var/screenshots/screenshot-7670651290219637743
21:26:12.376 [Darkroom Processing Line] DEBUG net.serenitybdd.core.photography.DarkroomProcessingLine - Saving screenshot to target\site\serenity\c8d739345b2b8b16e3ac726cae0e35dcc804d705bdecff62b88e15b5ad1c0c9c.png
21:26:12.383 [Forwarding findElement on session 8d3eb85a06f15151694c5e9fecd72106 to remote] DEBUG org.asynchttpclient.netty.request.NettyRequestSender - Using pooled Channel '[id: 0x04230ccb, L:/127.0.0.1:63940 - R:localhost/127.0.0.1:56159]' for 'POST' to 'http://localhost:56159/session/8d3eb85a06f15151694c5e9fecd72106/element'
21:26:12.383 [Forwarding findElement on session 8d3eb85a06f15151694c5e9fecd72106 to remote] DEBUG org.asynchttpclient.netty.request.NettyRequestSender - Using open Channel [id: 0x04230ccb, L:/127.0.0.1:63940 - R:localhost/127.0.0.1:56159] for POST '/session/8d3eb85a06f15151694c5e9fecd72106/element'
21:26:12.524 [AsyncHttpClient-1-10] DEBUG org.asynchttpclient.netty.handler.HttpHandler - 

Request DefaultHttpRequest(decodeResult: success, version: HTTP/1.1)
POST /session/8d3eb85a06f15151694c5e9fecd72106/element HTTP/1.1
User-Agent: selenium/4.1.2 (java windows)
Content-Length: 85
Content-Type: application/json; charset=utf-8
host: localhost:56159
accept: */*

Response DefaultHttpResponse(decodeResult: success, version: HTTP/1.1)
HTTP/1.1 200 OK
Content-Type: application/json; charset=utf-8
cache-control: no-cache
content-length: 88

21:26:12.524 [AsyncHttpClient-1-10] DEBUG org.asynchttpclient.netty.channel.ChannelManager - Adding key: http://localhost:56159 for channel [id: 0x04230ccb, L:/127.0.0.1:63940 - R:localhost/127.0.0.1:56159]
21:26:12.527 [Forwarding isElementDisplayed on session 8d3eb85a06f15151694c5e9fecd72106 to remote] DEBUG org.asynchttpclient.netty.request.NettyRequestSender - Using pooled Channel '[id: 0x04230ccb, L:/127.0.0.1:63940 - R:localhost/127.0.0.1:56159]' for 'POST' to 'http://localhost:56159/session/8d3eb85a06f15151694c5e9fecd72106/execute/sync'
21:26:12.527 [Forwarding isElementDisplayed on session 8d3eb85a06f15151694c5e9fecd72106 to remote] DEBUG org.asynchttpclient.netty.request.NettyRequestSender - Using open Channel [id: 0x04230ccb, L:/127.0.0.1:63940 - R:localhost/127.0.0.1:56159] for POST '/session/8d3eb85a06f15151694c5e9fecd72106/execute/sync'
21:26:12.541 [AsyncHttpClient-1-10] DEBUG org.asynchttpclient.netty.handler.HttpHandler - 

Request DefaultHttpRequest(decodeResult: success, version: HTTP/1.1)
POST /session/8d3eb85a06f15151694c5e9fecd72106/execute/sync HTTP/1.1
User-Agent: selenium/4.1.2 (java windows)
Content-Length: 48780
Content-Type: application/json; charset=utf-8
host: localhost:56159
accept: */*

Response DefaultHttpResponse(decodeResult: success, version: HTTP/1.1)
HTTP/1.1 200 OK
Content-Type: application/json; charset=utf-8
cache-control: no-cache
content-length: 14

21:26:12.541 [AsyncHttpClient-1-10] DEBUG org.asynchttpclient.netty.channel.ChannelManager - Adding key: http://localhost:56159 for channel [id: 0x04230ccb, L:/127.0.0.1:63940 - R:localhost/127.0.0.1:56159]
  &amp#27;[32mThen &amp#27;[0m&amp#27;[32mI get &amp#27;[0m&amp#27;[32m&amp#27;[1m"password error"&amp#27;[0m&amp#27;[32m as result&amp#27;[0m         &amp#27;[90m# starter.stepdefinitions.LogInOutSteps.iGetResult(java.lang.String)&amp#27;[0m
21:26:12.548 [Forwarding screenshot on session 8d3eb85a06f15151694c5e9fecd72106 to remote] DEBUG org.asynchttpclient.netty.request.NettyRequestSender - Using pooled Channel '[id: 0x04230ccb, L:/127.0.0.1:63940 - R:localhost/127.0.0.1:56159]' for 'GET' to 'http://localhost:56159/session/8d3eb85a06f15151694c5e9fecd72106/screenshot'
21:26:12.548 [Forwarding screenshot on session 8d3eb85a06f15151694c5e9fecd72106 to remote] DEBUG org.asynchttpclient.netty.request.NettyRequestSender - Using open Channel [id: 0x04230ccb, L:/127.0.0.1:63940 - R:localhost/127.0.0.1:56159] for GET '/session/8d3eb85a06f15151694c5e9fecd72106/screenshot'
21:26:12.785 [AsyncHttpClient-1-10] DEBUG org.asynchttpclient.netty.handler.HttpHandler - 

Request DefaultFullHttpRequest(decodeResult: success, version: HTTP/1.1, content: EmptyByteBufBE)
GET /session/8d3eb85a06f15151694c5e9fecd72106/screenshot HTTP/1.1
User-Agent: selenium/4.1.2 (java windows)
Cache-Control: no-cache
Content-Type: application/json; charset=utf-8
host: localhost:56159
accept: */*

Response DefaultHttpResponse(decodeResult: success, version: HTTP/1.1)
HTTP/1.1 200 OK
Content-Type: application/json; charset=utf-8
cache-control: no-cache
content-length: 53060

21:26:12.785 [AsyncHttpClient-1-10] DEBUG org.asynchttpclient.netty.channel.ChannelManager - Adding key: http://localhost:56159 for channel [id: 0x04230ccb, L:/127.0.0.1:63940 - R:localhost/127.0.0.1:56159]
21:26:12.787 [main] DEBUG net.serenitybdd.core.photography.Darkroom - Send negative for processing for target\site\serenity\bce52caf8c20d84d96c19db8d7ff0b58e6be096ef6e422e5a0b342a5bacc2d28.png
21:26:12.787 [Darkroom Processing Line] DEBUG net.serenitybdd.core.photography.DarkroomProcessingLine - Processing screenshot image in /var/screenshots/screenshot-7439609833235737984
21:26:12.787 [Darkroom Processing Line] DEBUG net.serenitybdd.core.photography.DarkroomProcessingLine - Saving screenshot to target\site\serenity\bce52caf8c20d84d96c19db8d7ff0b58e6be096ef6e422e5a0b342a5bacc2d28.png
21:26:12.794 [AsyncHttpClient-1-12] DEBUG org.asynchttpclient.netty.handler.WebSocketHandler - Channel Closed: [id: 0xecda6f40, L:/127.0.0.1:63949 ! R:localhost/127.0.0.1:63941] with attribute NettyResponseFuture{currentRetry=5,
	isDone=1,
	isCancelled=0,
	asyncHandler=org.asynchttpclient.ws.WebSocketUpgradeHandler@56973c46,
	nettyRequest=org.asynchttpclient.netty.request.NettyRequest@188a65fc,
	future=java.util.concurrent.CompletableFuture@2e1ecdde[Completed normally],
	uri=ws://localhost:63941/devtools/browser/27b44cf4-6ff7-4c76-8f57-18967f5c8070,
	keepAlive=true,
	redirectCount=0,
	timeoutsHolder=null,
	inAuth=0,
	touch=1667571967937}
21:26:12.794 [AsyncHttpClient-1-12] DEBUG org.asynchttpclient.netty.channel.ChannelManager - Closing Channel [id: 0xecda6f40, L:/127.0.0.1:63949 ! R:localhost/127.0.0.1:63941] 
21:26:12.794 [Driver Command Executor] DEBUG org.asynchttpclient.netty.request.NettyRequestSender - Using pooled Channel '[id: 0x04230ccb, L:/127.0.0.1:63940 - R:localhost/127.0.0.1:56159]' for 'DELETE' to 'http://localhost:56159/session/8d3eb85a06f15151694c5e9fecd72106'
21:26:12.794 [Driver Command Executor] DEBUG org.asynchttpclient.netty.request.NettyRequestSender - Using open Channel [id: 0x04230ccb, L:/127.0.0.1:63940 - R:localhost/127.0.0.1:56159] for DELETE '/session/8d3eb85a06f15151694c5e9fecd72106'
21:26:12.823 [AsyncHttpClient-1-11] DEBUG org.asynchttpclient.netty.handler.HttpHandler - Unexpected I/O exception on channel [id: 0x20429a62, L:/127.0.0.1:63948 - R:localhost/127.0.0.1:63941]
java.net.SocketException: Connection reset
	at java.base/sun.nio.ch.SocketChannelImpl.throwConnectionReset(SocketChannelImpl.java:345)
	at java.base/sun.nio.ch.SocketChannelImpl.read(SocketChannelImpl.java:376)
	at io.netty.buffer.PooledByteBuf.setBytes(PooledByteBuf.java:258)
	at io.netty.buffer.AbstractByteBuf.writeBytes(AbstractByteBuf.java:1132)
	at io.netty.channel.socket.nio.NioSocketChannel.doReadBytes(NioSocketChannel.java:350)
	at io.netty.channel.nio.AbstractNioByteChannel$NioByteUnsafe.read(AbstractNioByteChannel.java:151)
	at io.netty.channel.nio.NioEventLoop.processSelectedKey(NioEventLoop.java:722)
	at io.netty.channel.nio.NioEventLoop.processSelectedKeysOptimized(NioEventLoop.java:658)
	at io.netty.channel.nio.NioEventLoop.processSelectedKeys(NioEventLoop.java:584)
	at io.netty.channel.nio.NioEventLoop.run(NioEventLoop.java:496)
	at io.netty.util.concurrent.SingleThreadEventExecutor$4.run(SingleThreadEventExecutor.java:986)
	at io.netty.util.internal.ThreadExecutorMap$2.run(ThreadExecutorMap.java:74)
	at io.netty.util.concurrent.FastThreadLocalRunnable.run(FastThreadLocalRunnable.java:30)
	at java.base/java.lang.Thread.run(Thread.java:830)
21:26:12.823 [AsyncHttpClient-1-11] DEBUG org.asynchttpclient.netty.channel.ChannelManager - Closing Channel [id: 0x20429a62, L:/127.0.0.1:63948 - R:localhost/127.0.0.1:63941] 
21:26:12.823 [AsyncHttpClient-1-11] DEBUG org.asynchttpclient.netty.handler.HttpHandler - Channel Closed: [id: 0x20429a62, L:/127.0.0.1:63948 ! R:localhost/127.0.0.1:63941] with attribute DISCARD
21:26:12.843 [AsyncHttpClient-1-10] DEBUG org.asynchttpclient.netty.handler.HttpHandler - 

Request DefaultFullHttpRequest(decodeResult: success, version: HTTP/1.1, content: EmptyByteBufBE)
DELETE /session/8d3eb85a06f15151694c5e9fecd72106 HTTP/1.1
User-Agent: selenium/4.1.2 (java windows)
Content-Type: application/json; charset=utf-8
host: localhost:56159
accept: */*

Response DefaultHttpResponse(decodeResult: success, version: HTTP/1.1)
HTTP/1.1 200 OK
Content-Type: application/json; charset=utf-8
cache-control: no-cache
content-length: 14

21:26:12.843 [AsyncHttpClient-1-10] DEBUG org.asynchttpclient.netty.channel.ChannelManager - Adding key: http://localhost:56159 for channel [id: 0x04230ccb, L:/127.0.0.1:63940 - R:localhost/127.0.0.1:56159]
21:26:12.927 [AsyncHttpClient-1-10] DEBUG org.asynchttpclient.netty.handler.HttpHandler - Channel Closed: [id: 0x04230ccb, L:/127.0.0.1:63940 ! R:localhost/127.0.0.1:56159] with attribute DISCARD
21:26:12.953 [AsyncHttpClient-1-1] DEBUG org.asynchttpclient.netty.channel.DefaultChannelPool - Entry count for : http://localhost:56159 : 1
21:26:12.953 [AsyncHttpClient-1-1] DEBUG org.asynchttpclient.netty.channel.DefaultChannelPool - Entry count for : http://localhost:63941 : 1
21:26:12.953 [AsyncHttpClient-1-1] DEBUG org.asynchttpclient.netty.channel.DefaultChannelPool - Adding Candidate expired Channel [id: 0x04230ccb, L:/127.0.0.1:63940 ! R:localhost/127.0.0.1:56159] isIdleTimeoutExpired=false isRemotelyClosed=true isTtlExpired=false
21:26:12.953 [AsyncHttpClient-1-1] DEBUG org.asynchttpclient.netty.channel.DefaultChannelPool - Closing Idle Channel [id: 0x04230ccb, L:/127.0.0.1:63940 ! R:localhost/127.0.0.1:56159]
21:26:12.953 [AsyncHttpClient-1-1] DEBUG org.asynchttpclient.netty.channel.DefaultChannelPool - Adding Candidate expired Channel [id: 0x20429a62, L:/127.0.0.1:63948 ! R:localhost/127.0.0.1:63941] isIdleTimeoutExpired=false isRemotelyClosed=true isTtlExpired=false
21:26:12.953 [AsyncHttpClient-1-1] DEBUG org.asynchttpclient.netty.channel.DefaultChannelPool - Closing Idle Channel [id: 0x20429a62, L:/127.0.0.1:63948 ! R:localhost/127.0.0.1:63941]
21:26:12.953 [AsyncHttpClient-1-1] DEBUG org.asynchttpclient.netty.channel.DefaultChannelPool - Closed 2 connections out of 2 in 0 ms
21:26:13.449 [main] INFO  - 
  _____   ___   ___   _____     ___     _     ___   ___   ___   ___  
 |_   _| | __| / __| |_   _|   | _ \   /_\   / __| / __| | __| |   \ 
   | |   | _|  \__ \   | |     |  _/  / _ \  \__ \ \__ \ | _|  | |) |
   |_|   |___| |___/   |_|     |_|   /_/ \_\ |___/ |___/ |___| |___/ 

Login with email and password
----------------------------------------------------------------------
]]></system-out>
    <system-err><![CDATA[Starting ChromeDriver 106.0.5249.61 (511755355844955cd3e264779baf0dd38212a4d0-refs/branch-heads/5249@{#569}) on port 56159
Only local connections are allowed.
Please see https://chromedriver.chromium.org/security-considerations for suggestions on keeping ChromeDriver safe.
ChromeDriver was started successfully.
[1667571967.667][WARNING]: This version of ChromeDriver has not been tested with Chrome version 107.
Nov 04, 2022 9:26:07 PM org.openqa.selenium.remote.ProtocolHandshake createSession
INFO: Detected dialect: W3C
Nov 04, 2022 9:26:07 PM org.openqa.selenium.devtools.CdpVersionFinder findNearestMatch
WARNING: Unable to find an exact match for CDP version 107, so returning the closest version found: a no-op implementation
Nov 04, 2022 9:26:07 PM org.openqa.selenium.devtools.CdpVersionFinder findNearestMatch
INFO: Unable to find CDP implementation matching 107.
Nov 04, 2022 9:26:07 PM org.openqa.selenium.chromium.ChromiumDriver lambda$new$3
WARNING: Unable to find version of CDP to use for . You may need to include a dependency on a specific version of the CDP using something similar to `org.seleniumhq.selenium:selenium-devtools-v86:4.1.2` where the version ("v86") matches the version of the chromium-based browser you're using and the version number of the artifact is the same as Selenium's.
]]></system-err>
  </testcase>
  <testcase name="Login with email and password #3" classname="Login" time="6.429">
    <system-out><![CDATA[
Scenario Outline: Login with email and password &amp#27;[90m# src/test/resources/features/Login.feature:29&amp#27;[0m
21:26:13.458 [main] INFO io.cucumber.core.plugin.SerenityReporter - Running feature from file:///C:/Users/ASUS/Desktop/stupen/miniproject/Web/ASWeb/src/test/resources/features/Login.feature
21:26:13.471 [main] INFO net.serenitybdd.core.webdriver.driverproviders.ChromeDriverProvider - Using automatically driver download
21:26:13.584 [main] DEBUG io.github.bonigarcia.wdm.cache.ResolutionCache - Resolution chrome=107 in cache (valid until 22:24:57 04/11/2022 WIB)
21:26:13.590 [main] DEBUG io.github.bonigarcia.wdm.cache.ResolutionCache - Resolution chrome107=107.0.5304.62 in cache (valid until 21:24:57 05/11/2022 WIB)
21:26:13.593 [main] INFO io.github.bonigarcia.wdm.WebDriverManager - Using chromedriver 107.0.5304.62 (resolved driver for Chrome 107)
21:26:13.605 [main] DEBUG io.github.bonigarcia.wdm.WebDriverManager - Driver chromedriver 107.0.5304.62 found in cache
21:26:13.606 [main] INFO io.github.bonigarcia.wdm.WebDriverManager - Exporting webdriver.chrome.driver as C:\Users\ASUS\.cache\selenium\chromedriver\win32\107.0.5304.62\chromedriver.exe
21:26:13.760 [main] DEBUG net.serenitybdd.core.webdriver.driverproviders.ProvideNewDriver - Instantiating driver
21:26:13.760 [main] DEBUG net.serenitybdd.core.webdriver.driverproviders.ProvideNewDriver - Driver capabilities: Capabilities {acceptInsecureCerts: false, base.url: https://alta-shop.vercel.app/, browserName: chrome, chrome.driver: src/test/resources/webdrive..., driver: chrome, goog:chromeOptions: {args: [], extensions: []}, wait.for.timeout: 10000}
21:26:14.304 [AsyncHttpClient-1-13] DEBUG org.asynchttpclient.netty.channel.NettyConnectListener - Using new Channel '[id: 0x8b58a48f, L:/127.0.0.1:63967 - R:localhost/127.0.0.1:59764]' for 'POST' to '/session'
21:26:15.282 [AsyncHttpClient-1-13] DEBUG org.asynchttpclient.netty.handler.HttpHandler - 

Request DefaultHttpRequest(decodeResult: success, version: HTTP/1.1)
POST /session HTTP/1.1
User-Agent: selenium/4.1.2 (java windows)
Content-Length: 646
Content-Type: application/json; charset=utf-8
host: localhost:59764
accept: */*

Response DefaultHttpResponse(decodeResult: success, version: HTTP/1.1)
HTTP/1.1 200 OK
Content-Type: application/json; charset=utf-8
cache-control: no-cache
content-length: 788

21:26:15.283 [AsyncHttpClient-1-13] DEBUG org.asynchttpclient.netty.channel.ChannelManager - Adding key: http://localhost:59764 for channel [id: 0x8b58a48f, L:/127.0.0.1:63967 - R:localhost/127.0.0.1:59764]
21:26:15.297 [AsyncHttpClient-1-14] DEBUG org.asynchttpclient.netty.channel.NettyConnectListener - Using new Channel '[id: 0xfd64bc1d, L:/127.0.0.1:63975 - R:localhost/127.0.0.1:63968]' for 'GET' to '/json/version'
21:26:15.298 [AsyncHttpClient-1-14] DEBUG org.asynchttpclient.netty.handler.HttpHandler - 

Request DefaultFullHttpRequest(decodeResult: success, version: HTTP/1.1, content: EmptyByteBufBE)
GET /json/version HTTP/1.1
User-Agent: selenium/4.1.2 (java windows)
host: localhost:63968
accept: */*

Response DefaultHttpResponse(decodeResult: success, version: HTTP/1.1)
HTTP/1.1 200 OK
Content-Type: application/json; charset=UTF-8
content-length: 423

21:26:15.298 [AsyncHttpClient-1-14] DEBUG org.asynchttpclient.netty.channel.ChannelManager - Adding key: http://localhost:63968 for channel [id: 0xfd64bc1d, L:/127.0.0.1:63975 - R:localhost/127.0.0.1:63968]
21:26:15.302 [AsyncHttpClient-1-15] DEBUG org.asynchttpclient.netty.channel.NettyConnectListener - Using new Channel '[id: 0xdc0ef5d0, L:/127.0.0.1:63976 - R:localhost/127.0.0.1:63968]' for 'GET' to '/devtools/browser/6c72ae9f-7bd3-4ebc-8e34-a363f6ee4303'
21:26:15.303 [AsyncHttpClient-1-15] DEBUG org.asynchttpclient.netty.handler.WebSocketHandler - 

Request DefaultFullHttpRequest(decodeResult: success, version: HTTP/1.1, content: EmptyByteBufBE)
GET /devtools/browser/6c72ae9f-7bd3-4ebc-8e34-a363f6ee4303 HTTP/1.1
upgrade: websocket
connection: upgrade
sec-websocket-key: AtMbtuLVREFSR9Z+dgeFog==
sec-websocket-version: 13
origin: http://localhost:63968
host: localhost:63968
accept: */*
user-agent: AHC/2.1

Response DefaultHttpResponse(decodeResult: success, version: HTTP/1.1)
HTTP/1.1 101 WebSocket Protocol Handshake
Upgrade: WebSocket
Connection: Upgrade
Sec-WebSocket-Accept: L6bq1ImB0YOyxmuFjTwfL46pjFY=

21:26:15.311 [Forwarding get on session 29ab5915d04013665563929d732d8fbd to remote] DEBUG org.asynchttpclient.netty.request.NettyRequestSender - Using pooled Channel '[id: 0x8b58a48f, L:/127.0.0.1:63967 - R:localhost/127.0.0.1:59764]' for 'POST' to 'http://localhost:59764/session/29ab5915d04013665563929d732d8fbd/url'
21:26:15.311 [Forwarding get on session 29ab5915d04013665563929d732d8fbd to remote] DEBUG org.asynchttpclient.netty.request.NettyRequestSender - Using open Channel [id: 0x8b58a48f, L:/127.0.0.1:63967 - R:localhost/127.0.0.1:59764] for POST '/session/29ab5915d04013665563929d732d8fbd/url'
21:26:16.019 [AsyncHttpClient-1-13] DEBUG org.asynchttpclient.netty.handler.HttpHandler - 

Request DefaultHttpRequest(decodeResult: success, version: HTTP/1.1)
POST /session/29ab5915d04013665563929d732d8fbd/url HTTP/1.1
User-Agent: selenium/4.1.2 (java windows)
Content-Length: 74
Content-Type: application/json; charset=utf-8
host: localhost:59764
accept: */*

Response DefaultHttpResponse(decodeResult: success, version: HTTP/1.1)
HTTP/1.1 200 OK
Content-Type: application/json; charset=utf-8
cache-control: no-cache
content-length: 14

21:26:16.019 [AsyncHttpClient-1-13] DEBUG org.asynchttpclient.netty.channel.ChannelManager - Adding key: http://localhost:59764 for channel [id: 0x8b58a48f, L:/127.0.0.1:63967 - R:localhost/127.0.0.1:59764]
21:26:16.020 [Forwarding setTimeout on session 29ab5915d04013665563929d732d8fbd to remote] DEBUG org.asynchttpclient.netty.request.NettyRequestSender - Using pooled Channel '[id: 0x8b58a48f, L:/127.0.0.1:63967 - R:localhost/127.0.0.1:59764]' for 'POST' to 'http://localhost:59764/session/29ab5915d04013665563929d732d8fbd/timeouts'
21:26:16.020 [Forwarding setTimeout on session 29ab5915d04013665563929d732d8fbd to remote] DEBUG org.asynchttpclient.netty.request.NettyRequestSender - Using open Channel [id: 0x8b58a48f, L:/127.0.0.1:63967 - R:localhost/127.0.0.1:59764] for POST '/session/29ab5915d04013665563929d732d8fbd/timeouts'
21:26:16.021 [AsyncHttpClient-1-13] DEBUG org.asynchttpclient.netty.handler.HttpHandler - 

Request DefaultHttpRequest(decodeResult: success, version: HTTP/1.1)
POST /session/29ab5915d04013665563929d732d8fbd/timeouts HTTP/1.1
User-Agent: selenium/4.1.2 (java windows)
Content-Length: 22
Content-Type: application/json; charset=utf-8
host: localhost:59764
accept: */*

Response DefaultHttpResponse(decodeResult: success, version: HTTP/1.1)
HTTP/1.1 200 OK
Content-Type: application/json; charset=utf-8
cache-control: no-cache
content-length: 14

21:26:16.022 [AsyncHttpClient-1-13] DEBUG org.asynchttpclient.netty.channel.ChannelManager - Adding key: http://localhost:59764 for channel [id: 0x8b58a48f, L:/127.0.0.1:63967 - R:localhost/127.0.0.1:59764]
21:26:16.025 [Forwarding getCurrentUrl on session 29ab5915d04013665563929d732d8fbd to remote] DEBUG org.asynchttpclient.netty.request.NettyRequestSender - Using pooled Channel '[id: 0x8b58a48f, L:/127.0.0.1:63967 - R:localhost/127.0.0.1:59764]' for 'GET' to 'http://localhost:59764/session/29ab5915d04013665563929d732d8fbd/url'
21:26:16.025 [Forwarding getCurrentUrl on session 29ab5915d04013665563929d732d8fbd to remote] DEBUG org.asynchttpclient.netty.request.NettyRequestSender - Using open Channel [id: 0x8b58a48f, L:/127.0.0.1:63967 - R:localhost/127.0.0.1:59764] for GET '/session/29ab5915d04013665563929d732d8fbd/url'
21:26:16.030 [AsyncHttpClient-1-13] DEBUG org.asynchttpclient.netty.handler.HttpHandler - 

Request DefaultFullHttpRequest(decodeResult: success, version: HTTP/1.1, content: EmptyByteBufBE)
GET /session/29ab5915d04013665563929d732d8fbd/url HTTP/1.1
User-Agent: selenium/4.1.2 (java windows)
Cache-Control: no-cache
Content-Type: application/json; charset=utf-8
host: localhost:59764
accept: */*

Response DefaultHttpResponse(decodeResult: success, version: HTTP/1.1)
HTTP/1.1 200 OK
Content-Type: application/json; charset=utf-8
cache-control: no-cache
content-length: 51

21:26:16.030 [AsyncHttpClient-1-13] DEBUG org.asynchttpclient.netty.channel.ChannelManager - Adding key: http://localhost:59764 for channel [id: 0x8b58a48f, L:/127.0.0.1:63967 - R:localhost/127.0.0.1:59764]
  &amp#27;[32mGiven &amp#27;[0m&amp#27;[32mI am in login page&amp#27;[0m                      &amp#27;[90m# starter.stepdefinitions.LogInOutSteps.iAmInLoginPage()&amp#27;[0m
21:26:16.036 [Forwarding screenshot on session 29ab5915d04013665563929d732d8fbd to remote] DEBUG org.asynchttpclient.netty.request.NettyRequestSender - Using pooled Channel '[id: 0x8b58a48f, L:/127.0.0.1:63967 - R:localhost/127.0.0.1:59764]' for 'GET' to 'http://localhost:59764/session/29ab5915d04013665563929d732d8fbd/screenshot'
21:26:16.036 [Forwarding screenshot on session 29ab5915d04013665563929d732d8fbd to remote] DEBUG org.asynchttpclient.netty.request.NettyRequestSender - Using open Channel [id: 0x8b58a48f, L:/127.0.0.1:63967 - R:localhost/127.0.0.1:59764] for GET '/session/29ab5915d04013665563929d732d8fbd/screenshot'
21:26:16.250 [AsyncHttpClient-1-1] DEBUG org.asynchttpclient.netty.channel.DefaultChannelPool - Entry count for : http://localhost:63968 : 1
21:26:16.488 [AsyncHttpClient-1-13] DEBUG org.asynchttpclient.netty.handler.HttpHandler - 

Request DefaultFullHttpRequest(decodeResult: success, version: HTTP/1.1, content: EmptyByteBufBE)
GET /session/29ab5915d04013665563929d732d8fbd/screenshot HTTP/1.1
User-Agent: selenium/4.1.2 (java windows)
Cache-Control: no-cache
Content-Type: application/json; charset=utf-8
host: localhost:59764
accept: */*

Response DefaultHttpResponse(decodeResult: success, version: HTTP/1.1)
HTTP/1.1 200 OK
Content-Type: application/json; charset=utf-8
cache-control: no-cache
content-length: 38472

21:26:16.488 [AsyncHttpClient-1-13] DEBUG org.asynchttpclient.netty.channel.ChannelManager - Adding key: http://localhost:59764 for channel [id: 0x8b58a48f, L:/127.0.0.1:63967 - R:localhost/127.0.0.1:59764]
21:26:16.491 [main] DEBUG net.serenitybdd.core.photography.Darkroom - Send negative for processing for target\site\serenity\6c2309ed56aeb278067cd6b3caf368b9f01e276e2bf175d46007f31c90d5af21.png
21:26:16.498 [Forwarding findElement on session 29ab5915d04013665563929d732d8fbd to remote] DEBUG org.asynchttpclient.netty.request.NettyRequestSender - Using pooled Channel '[id: 0x8b58a48f, L:/127.0.0.1:63967 - R:localhost/127.0.0.1:59764]' for 'POST' to 'http://localhost:59764/session/29ab5915d04013665563929d732d8fbd/element'
21:26:16.498 [Forwarding findElement on session 29ab5915d04013665563929d732d8fbd to remote] DEBUG org.asynchttpclient.netty.request.NettyRequestSender - Using open Channel [id: 0x8b58a48f, L:/127.0.0.1:63967 - R:localhost/127.0.0.1:59764] for POST '/session/29ab5915d04013665563929d732d8fbd/element'
21:26:16.510 [AsyncHttpClient-1-13] DEBUG org.asynchttpclient.netty.handler.HttpHandler - 

Request DefaultHttpRequest(decodeResult: success, version: HTTP/1.1)
POST /session/29ab5915d04013665563929d732d8fbd/element HTTP/1.1
User-Agent: selenium/4.1.2 (java windows)
Content-Length: 87
Content-Type: application/json; charset=utf-8
host: localhost:59764
accept: */*

Response DefaultHttpResponse(decodeResult: success, version: HTTP/1.1)
HTTP/1.1 200 OK
Content-Type: application/json; charset=utf-8
cache-control: no-cache
content-length: 88

21:26:16.510 [AsyncHttpClient-1-13] DEBUG org.asynchttpclient.netty.channel.ChannelManager - Adding key: http://localhost:59764 for channel [id: 0x8b58a48f, L:/127.0.0.1:63967 - R:localhost/127.0.0.1:59764]
21:26:16.512 [Forwarding clearElement on session 29ab5915d04013665563929d732d8fbd to remote] DEBUG org.asynchttpclient.netty.request.NettyRequestSender - Using pooled Channel '[id: 0x8b58a48f, L:/127.0.0.1:63967 - R:localhost/127.0.0.1:59764]' for 'POST' to 'http://localhost:59764/session/29ab5915d04013665563929d732d8fbd/element/beef4fbc-14ef-44a0-9acf-09618d42ec69/clear'
21:26:16.512 [Forwarding clearElement on session 29ab5915d04013665563929d732d8fbd to remote] DEBUG org.asynchttpclient.netty.request.NettyRequestSender - Using open Channel [id: 0x8b58a48f, L:/127.0.0.1:63967 - R:localhost/127.0.0.1:59764] for POST '/session/29ab5915d04013665563929d732d8fbd/element/beef4fbc-14ef-44a0-9acf-09618d42ec69/clear'
21:26:16.544 [AsyncHttpClient-1-13] DEBUG org.asynchttpclient.netty.handler.HttpHandler - 

Request DefaultHttpRequest(decodeResult: success, version: HTTP/1.1)
POST /session/29ab5915d04013665563929d732d8fbd/element/beef4fbc-14ef-44a0-9acf-09618d42ec69/clear HTTP/1.1
User-Agent: selenium/4.1.2 (java windows)
Content-Length: 50
Content-Type: application/json; charset=utf-8
host: localhost:59764
accept: */*

Response DefaultHttpResponse(decodeResult: success, version: HTTP/1.1)
HTTP/1.1 200 OK
Content-Type: application/json; charset=utf-8
cache-control: no-cache
content-length: 14

21:26:16.544 [AsyncHttpClient-1-13] DEBUG org.asynchttpclient.netty.channel.ChannelManager - Adding key: http://localhost:59764 for channel [id: 0x8b58a48f, L:/127.0.0.1:63967 - R:localhost/127.0.0.1:59764]
21:26:16.546 [Forwarding sendKeysToElement on session 29ab5915d04013665563929d732d8fbd to remote] DEBUG org.asynchttpclient.netty.request.NettyRequestSender - Using pooled Channel '[id: 0x8b58a48f, L:/127.0.0.1:63967 - R:localhost/127.0.0.1:59764]' for 'POST' to 'http://localhost:59764/session/29ab5915d04013665563929d732d8fbd/element/beef4fbc-14ef-44a0-9acf-09618d42ec69/value'
21:26:16.546 [Forwarding sendKeysToElement on session 29ab5915d04013665563929d732d8fbd to remote] DEBUG org.asynchttpclient.netty.request.NettyRequestSender - Using open Channel [id: 0x8b58a48f, L:/127.0.0.1:63967 - R:localhost/127.0.0.1:59764] for POST '/session/29ab5915d04013665563929d732d8fbd/element/beef4fbc-14ef-44a0-9acf-09618d42ec69/value'
21:26:16.587 [AsyncHttpClient-1-13] DEBUG org.asynchttpclient.netty.handler.HttpHandler - 

Request DefaultHttpRequest(decodeResult: success, version: HTTP/1.1)
POST /session/29ab5915d04013665563929d732d8fbd/element/beef4fbc-14ef-44a0-9acf-09618d42ec69/value HTTP/1.1
User-Agent: selenium/4.1.2 (java windows)
Content-Length: 82
Content-Type: application/json; charset=utf-8
host: localhost:59764
accept: */*

Response DefaultHttpResponse(decodeResult: success, version: HTTP/1.1)
HTTP/1.1 200 OK
Content-Type: application/json; charset=utf-8
cache-control: no-cache
content-length: 14

21:26:16.587 [AsyncHttpClient-1-13] DEBUG org.asynchttpclient.netty.channel.ChannelManager - Adding key: http://localhost:59764 for channel [id: 0x8b58a48f, L:/127.0.0.1:63967 - R:localhost/127.0.0.1:59764]
  &amp#27;[32mWhen &amp#27;[0m&amp#27;[32mI input &amp#27;[0m&amp#27;[32m&amp#27;[1m""&amp#27;[0m&amp#27;[32m email&amp#27;[0m                         &amp#27;[90m# starter.stepdefinitions.LogInOutSteps.iInputEmailEmail(java.lang.String)&amp#27;[0m
21:26:16.595 [Forwarding screenshot on session 29ab5915d04013665563929d732d8fbd to remote] DEBUG org.asynchttpclient.netty.request.NettyRequestSender - Using pooled Channel '[id: 0x8b58a48f, L:/127.0.0.1:63967 - R:localhost/127.0.0.1:59764]' for 'GET' to 'http://localhost:59764/session/29ab5915d04013665563929d732d8fbd/screenshot'
21:26:16.595 [Forwarding screenshot on session 29ab5915d04013665563929d732d8fbd to remote] DEBUG org.asynchttpclient.netty.request.NettyRequestSender - Using open Channel [id: 0x8b58a48f, L:/127.0.0.1:63967 - R:localhost/127.0.0.1:59764] for GET '/session/29ab5915d04013665563929d732d8fbd/screenshot'
21:26:16.751 [AsyncHttpClient-1-13] DEBUG org.asynchttpclient.netty.handler.HttpHandler - 

Request DefaultFullHttpRequest(decodeResult: success, version: HTTP/1.1, content: EmptyByteBufBE)
GET /session/29ab5915d04013665563929d732d8fbd/screenshot HTTP/1.1
User-Agent: selenium/4.1.2 (java windows)
Cache-Control: no-cache
Content-Type: application/json; charset=utf-8
host: localhost:59764
accept: */*

Response DefaultHttpResponse(decodeResult: success, version: HTTP/1.1)
HTTP/1.1 200 OK
Content-Type: application/json; charset=utf-8
cache-control: no-cache
content-length: 38784

21:26:16.751 [AsyncHttpClient-1-13] DEBUG org.asynchttpclient.netty.channel.ChannelManager - Adding key: http://localhost:59764 for channel [id: 0x8b58a48f, L:/127.0.0.1:63967 - R:localhost/127.0.0.1:59764]
21:26:16.753 [main] DEBUG net.serenitybdd.core.photography.Darkroom - Send negative for processing for target\site\serenity\e174851d82d2ca21e7ca6f160d6f81d3dc01f6e9f2b6515a353f302f285e2e73.png
21:26:16.754 [Darkroom Processing Line] DEBUG net.serenitybdd.core.photography.DarkroomProcessingLine - Processing screenshot image in /var/screenshots/screenshot-15200332984319781600
21:26:16.754 [Darkroom Processing Line] DEBUG net.serenitybdd.core.photography.DarkroomProcessingLine - Saving screenshot to target\site\serenity\e174851d82d2ca21e7ca6f160d6f81d3dc01f6e9f2b6515a353f302f285e2e73.png
21:26:16.766 [Forwarding findElement on session 29ab5915d04013665563929d732d8fbd to remote] DEBUG org.asynchttpclient.netty.request.NettyRequestSender - Using pooled Channel '[id: 0x8b58a48f, L:/127.0.0.1:63967 - R:localhost/127.0.0.1:59764]' for 'POST' to 'http://localhost:59764/session/29ab5915d04013665563929d732d8fbd/element'
21:26:16.767 [Forwarding findElement on session 29ab5915d04013665563929d732d8fbd to remote] DEBUG org.asynchttpclient.netty.request.NettyRequestSender - Using open Channel [id: 0x8b58a48f, L:/127.0.0.1:63967 - R:localhost/127.0.0.1:59764] for POST '/session/29ab5915d04013665563929d732d8fbd/element'
21:26:16.782 [AsyncHttpClient-1-13] DEBUG org.asynchttpclient.netty.handler.HttpHandler - 

Request DefaultHttpRequest(decodeResult: success, version: HTTP/1.1)
POST /session/29ab5915d04013665563929d732d8fbd/element HTTP/1.1
User-Agent: selenium/4.1.2 (java windows)
Content-Length: 90
Content-Type: application/json; charset=utf-8
host: localhost:59764
accept: */*

Response DefaultHttpResponse(decodeResult: success, version: HTTP/1.1)
HTTP/1.1 200 OK
Content-Type: application/json; charset=utf-8
cache-control: no-cache
content-length: 88

21:26:16.782 [AsyncHttpClient-1-13] DEBUG org.asynchttpclient.netty.channel.ChannelManager - Adding key: http://localhost:59764 for channel [id: 0x8b58a48f, L:/127.0.0.1:63967 - R:localhost/127.0.0.1:59764]
21:26:16.783 [Forwarding clearElement on session 29ab5915d04013665563929d732d8fbd to remote] DEBUG org.asynchttpclient.netty.request.NettyRequestSender - Using pooled Channel '[id: 0x8b58a48f, L:/127.0.0.1:63967 - R:localhost/127.0.0.1:59764]' for 'POST' to 'http://localhost:59764/session/29ab5915d04013665563929d732d8fbd/element/deb67f50-b25a-4135-9d29-a4283347a99b/clear'
21:26:16.783 [Forwarding clearElement on session 29ab5915d04013665563929d732d8fbd to remote] DEBUG org.asynchttpclient.netty.request.NettyRequestSender - Using open Channel [id: 0x8b58a48f, L:/127.0.0.1:63967 - R:localhost/127.0.0.1:59764] for POST '/session/29ab5915d04013665563929d732d8fbd/element/deb67f50-b25a-4135-9d29-a4283347a99b/clear'
21:26:16.818 [AsyncHttpClient-1-13] DEBUG org.asynchttpclient.netty.handler.HttpHandler - 

Request DefaultHttpRequest(decodeResult: success, version: HTTP/1.1)
POST /session/29ab5915d04013665563929d732d8fbd/element/deb67f50-b25a-4135-9d29-a4283347a99b/clear HTTP/1.1
User-Agent: selenium/4.1.2 (java windows)
Content-Length: 50
Content-Type: application/json; charset=utf-8
host: localhost:59764
accept: */*

Response DefaultHttpResponse(decodeResult: success, version: HTTP/1.1)
HTTP/1.1 200 OK
Content-Type: application/json; charset=utf-8
cache-control: no-cache
content-length: 14

21:26:16.818 [AsyncHttpClient-1-13] DEBUG org.asynchttpclient.netty.channel.ChannelManager - Adding key: http://localhost:59764 for channel [id: 0x8b58a48f, L:/127.0.0.1:63967 - R:localhost/127.0.0.1:59764]
21:26:16.820 [Forwarding sendKeysToElement on session 29ab5915d04013665563929d732d8fbd to remote] DEBUG org.asynchttpclient.netty.request.NettyRequestSender - Using pooled Channel '[id: 0x8b58a48f, L:/127.0.0.1:63967 - R:localhost/127.0.0.1:59764]' for 'POST' to 'http://localhost:59764/session/29ab5915d04013665563929d732d8fbd/element/deb67f50-b25a-4135-9d29-a4283347a99b/value'
21:26:16.820 [Forwarding sendKeysToElement on session 29ab5915d04013665563929d732d8fbd to remote] DEBUG org.asynchttpclient.netty.request.NettyRequestSender - Using open Channel [id: 0x8b58a48f, L:/127.0.0.1:63967 - R:localhost/127.0.0.1:59764] for POST '/session/29ab5915d04013665563929d732d8fbd/element/deb67f50-b25a-4135-9d29-a4283347a99b/value'
21:26:16.908 [AsyncHttpClient-1-13] DEBUG org.asynchttpclient.netty.handler.HttpHandler - 

Request DefaultHttpRequest(decodeResult: success, version: HTTP/1.1)
POST /session/29ab5915d04013665563929d732d8fbd/element/deb67f50-b25a-4135-9d29-a4283347a99b/value HTTP/1.1
User-Agent: selenium/4.1.2 (java windows)
Content-Length: 141
Content-Type: application/json; charset=utf-8
host: localhost:59764
accept: */*

Response DefaultHttpResponse(decodeResult: success, version: HTTP/1.1)
HTTP/1.1 200 OK
Content-Type: application/json; charset=utf-8
cache-control: no-cache
content-length: 14

21:26:16.909 [AsyncHttpClient-1-13] DEBUG org.asynchttpclient.netty.channel.ChannelManager - Adding key: http://localhost:59764 for channel [id: 0x8b58a48f, L:/127.0.0.1:63967 - R:localhost/127.0.0.1:59764]
  &amp#27;[32mAnd &amp#27;[0m&amp#27;[32mI input &amp#27;[0m&amp#27;[32m&amp#27;[1m"nxxxae"&amp#27;[0m&amp#27;[32m password&amp#27;[0m                 &amp#27;[90m# starter.stepdefinitions.LogInOutSteps.iInputPasswordPassword(java.lang.String)&amp#27;[0m
21:26:16.918 [Forwarding screenshot on session 29ab5915d04013665563929d732d8fbd to remote] DEBUG org.asynchttpclient.netty.request.NettyRequestSender - Using pooled Channel '[id: 0x8b58a48f, L:/127.0.0.1:63967 - R:localhost/127.0.0.1:59764]' for 'GET' to 'http://localhost:59764/session/29ab5915d04013665563929d732d8fbd/screenshot'
21:26:16.918 [Forwarding screenshot on session 29ab5915d04013665563929d732d8fbd to remote] DEBUG org.asynchttpclient.netty.request.NettyRequestSender - Using open Channel [id: 0x8b58a48f, L:/127.0.0.1:63967 - R:localhost/127.0.0.1:59764] for GET '/session/29ab5915d04013665563929d732d8fbd/screenshot'
21:26:17.078 [AsyncHttpClient-1-13] DEBUG org.asynchttpclient.netty.handler.HttpHandler - 

Request DefaultFullHttpRequest(decodeResult: success, version: HTTP/1.1, content: EmptyByteBufBE)
GET /session/29ab5915d04013665563929d732d8fbd/screenshot HTTP/1.1
User-Agent: selenium/4.1.2 (java windows)
Cache-Control: no-cache
Content-Type: application/json; charset=utf-8
host: localhost:59764
accept: */*

Response DefaultHttpResponse(decodeResult: success, version: HTTP/1.1)
HTTP/1.1 200 OK
Content-Type: application/json; charset=utf-8
cache-control: no-cache
content-length: 41280

21:26:17.079 [AsyncHttpClient-1-13] DEBUG org.asynchttpclient.netty.channel.ChannelManager - Adding key: http://localhost:59764 for channel [id: 0x8b58a48f, L:/127.0.0.1:63967 - R:localhost/127.0.0.1:59764]
21:26:17.081 [main] DEBUG net.serenitybdd.core.photography.Darkroom - Send negative for processing for target\site\serenity\ed6b029f890797f8c01e91373e75731e627e208017e4c63b1382587909c8e72b.png
21:26:17.081 [Darkroom Processing Line] DEBUG net.serenitybdd.core.photography.DarkroomProcessingLine - Processing screenshot image in /var/screenshots/screenshot-13880644273393449641
21:26:17.081 [Darkroom Processing Line] DEBUG net.serenitybdd.core.photography.DarkroomProcessingLine - Saving screenshot to target\site\serenity\ed6b029f890797f8c01e91373e75731e627e208017e4c63b1382587909c8e72b.png
21:26:17.091 [Forwarding findElement on session 29ab5915d04013665563929d732d8fbd to remote] DEBUG org.asynchttpclient.netty.request.NettyRequestSender - Using pooled Channel '[id: 0x8b58a48f, L:/127.0.0.1:63967 - R:localhost/127.0.0.1:59764]' for 'POST' to 'http://localhost:59764/session/29ab5915d04013665563929d732d8fbd/element'
21:26:17.091 [Forwarding findElement on session 29ab5915d04013665563929d732d8fbd to remote] DEBUG org.asynchttpclient.netty.request.NettyRequestSender - Using open Channel [id: 0x8b58a48f, L:/127.0.0.1:63967 - R:localhost/127.0.0.1:59764] for POST '/session/29ab5915d04013665563929d732d8fbd/element'
21:26:17.102 [AsyncHttpClient-1-13] DEBUG org.asynchttpclient.netty.handler.HttpHandler - 

Request DefaultHttpRequest(decodeResult: success, version: HTTP/1.1)
POST /session/29ab5915d04013665563929d732d8fbd/element HTTP/1.1
User-Agent: selenium/4.1.2 (java windows)
Content-Length: 81
Content-Type: application/json; charset=utf-8
host: localhost:59764
accept: */*

Response DefaultHttpResponse(decodeResult: success, version: HTTP/1.1)
HTTP/1.1 200 OK
Content-Type: application/json; charset=utf-8
cache-control: no-cache
content-length: 88

21:26:17.102 [AsyncHttpClient-1-13] DEBUG org.asynchttpclient.netty.channel.ChannelManager - Adding key: http://localhost:59764 for channel [id: 0x8b58a48f, L:/127.0.0.1:63967 - R:localhost/127.0.0.1:59764]
21:26:17.104 [Forwarding getElementTagName on session 29ab5915d04013665563929d732d8fbd to remote] DEBUG org.asynchttpclient.netty.request.NettyRequestSender - Using pooled Channel '[id: 0x8b58a48f, L:/127.0.0.1:63967 - R:localhost/127.0.0.1:59764]' for 'GET' to 'http://localhost:59764/session/29ab5915d04013665563929d732d8fbd/element/98c2b49e-eebe-47f3-953b-21f8d78bba9d/name'
21:26:17.104 [Forwarding getElementTagName on session 29ab5915d04013665563929d732d8fbd to remote] DEBUG org.asynchttpclient.netty.request.NettyRequestSender - Using open Channel [id: 0x8b58a48f, L:/127.0.0.1:63967 - R:localhost/127.0.0.1:59764] for GET '/session/29ab5915d04013665563929d732d8fbd/element/98c2b49e-eebe-47f3-953b-21f8d78bba9d/name'
21:26:17.113 [AsyncHttpClient-1-13] DEBUG org.asynchttpclient.netty.handler.HttpHandler - 

Request DefaultFullHttpRequest(decodeResult: success, version: HTTP/1.1, content: EmptyByteBufBE)
GET /session/29ab5915d04013665563929d732d8fbd/element/98c2b49e-eebe-47f3-953b-21f8d78bba9d/name HTTP/1.1
User-Agent: selenium/4.1.2 (java windows)
Cache-Control: no-cache
Content-Type: application/json; charset=utf-8
host: localhost:59764
accept: */*

Response DefaultHttpResponse(decodeResult: success, version: HTTP/1.1)
HTTP/1.1 200 OK
Content-Type: application/json; charset=utf-8
cache-control: no-cache
content-length: 16

21:26:17.114 [AsyncHttpClient-1-13] DEBUG org.asynchttpclient.netty.channel.ChannelManager - Adding key: http://localhost:59764 for channel [id: 0x8b58a48f, L:/127.0.0.1:63967 - R:localhost/127.0.0.1:59764]
21:26:17.116 [Forwarding getElementTagName on session 29ab5915d04013665563929d732d8fbd to remote] DEBUG org.asynchttpclient.netty.request.NettyRequestSender - Using pooled Channel '[id: 0x8b58a48f, L:/127.0.0.1:63967 - R:localhost/127.0.0.1:59764]' for 'GET' to 'http://localhost:59764/session/29ab5915d04013665563929d732d8fbd/element/98c2b49e-eebe-47f3-953b-21f8d78bba9d/name'
21:26:17.116 [Forwarding getElementTagName on session 29ab5915d04013665563929d732d8fbd to remote] DEBUG org.asynchttpclient.netty.request.NettyRequestSender - Using open Channel [id: 0x8b58a48f, L:/127.0.0.1:63967 - R:localhost/127.0.0.1:59764] for GET '/session/29ab5915d04013665563929d732d8fbd/element/98c2b49e-eebe-47f3-953b-21f8d78bba9d/name'
21:26:17.119 [AsyncHttpClient-1-13] DEBUG org.asynchttpclient.netty.handler.HttpHandler - 

Request DefaultFullHttpRequest(decodeResult: success, version: HTTP/1.1, content: EmptyByteBufBE)
GET /session/29ab5915d04013665563929d732d8fbd/element/98c2b49e-eebe-47f3-953b-21f8d78bba9d/name HTTP/1.1
User-Agent: selenium/4.1.2 (java windows)
Cache-Control: no-cache
Content-Type: application/json; charset=utf-8
host: localhost:59764
accept: */*

Response DefaultHttpResponse(decodeResult: success, version: HTTP/1.1)
HTTP/1.1 200 OK
Content-Type: application/json; charset=utf-8
cache-control: no-cache
content-length: 16

21:26:17.119 [AsyncHttpClient-1-13] DEBUG org.asynchttpclient.netty.channel.ChannelManager - Adding key: http://localhost:59764 for channel [id: 0x8b58a48f, L:/127.0.0.1:63967 - R:localhost/127.0.0.1:59764]
21:26:17.123 [Forwarding findElement on session 29ab5915d04013665563929d732d8fbd to remote] DEBUG org.asynchttpclient.netty.request.NettyRequestSender - Using pooled Channel '[id: 0x8b58a48f, L:/127.0.0.1:63967 - R:localhost/127.0.0.1:59764]' for 'POST' to 'http://localhost:59764/session/29ab5915d04013665563929d732d8fbd/element'
21:26:17.123 [Forwarding findElement on session 29ab5915d04013665563929d732d8fbd to remote] DEBUG org.asynchttpclient.netty.request.NettyRequestSender - Using open Channel [id: 0x8b58a48f, L:/127.0.0.1:63967 - R:localhost/127.0.0.1:59764] for POST '/session/29ab5915d04013665563929d732d8fbd/element'
21:26:17.133 [AsyncHttpClient-1-13] DEBUG org.asynchttpclient.netty.handler.HttpHandler - 

Request DefaultHttpRequest(decodeResult: success, version: HTTP/1.1)
POST /session/29ab5915d04013665563929d732d8fbd/element HTTP/1.1
User-Agent: selenium/4.1.2 (java windows)
Content-Length: 81
Content-Type: application/json; charset=utf-8
host: localhost:59764
accept: */*

Response DefaultHttpResponse(decodeResult: success, version: HTTP/1.1)
HTTP/1.1 200 OK
Content-Type: application/json; charset=utf-8
cache-control: no-cache
content-length: 88

21:26:17.134 [AsyncHttpClient-1-13] DEBUG org.asynchttpclient.netty.channel.ChannelManager - Adding key: http://localhost:59764 for channel [id: 0x8b58a48f, L:/127.0.0.1:63967 - R:localhost/127.0.0.1:59764]
21:26:17.135 [Forwarding clickElement on session 29ab5915d04013665563929d732d8fbd to remote] DEBUG org.asynchttpclient.netty.request.NettyRequestSender - Using pooled Channel '[id: 0x8b58a48f, L:/127.0.0.1:63967 - R:localhost/127.0.0.1:59764]' for 'POST' to 'http://localhost:59764/session/29ab5915d04013665563929d732d8fbd/element/98c2b49e-eebe-47f3-953b-21f8d78bba9d/click'
21:26:17.135 [Forwarding clickElement on session 29ab5915d04013665563929d732d8fbd to remote] DEBUG org.asynchttpclient.netty.request.NettyRequestSender - Using open Channel [id: 0x8b58a48f, L:/127.0.0.1:63967 - R:localhost/127.0.0.1:59764] for POST '/session/29ab5915d04013665563929d732d8fbd/element/98c2b49e-eebe-47f3-953b-21f8d78bba9d/click'
21:26:17.194 [AsyncHttpClient-1-13] DEBUG org.asynchttpclient.netty.handler.HttpHandler - 

Request DefaultHttpRequest(decodeResult: success, version: HTTP/1.1)
POST /session/29ab5915d04013665563929d732d8fbd/element/98c2b49e-eebe-47f3-953b-21f8d78bba9d/click HTTP/1.1
User-Agent: selenium/4.1.2 (java windows)
Content-Length: 50
Content-Type: application/json; charset=utf-8
host: localhost:59764
accept: */*

Response DefaultHttpResponse(decodeResult: success, version: HTTP/1.1)
HTTP/1.1 200 OK
Content-Type: application/json; charset=utf-8
cache-control: no-cache
content-length: 14

21:26:17.195 [AsyncHttpClient-1-13] DEBUG org.asynchttpclient.netty.channel.ChannelManager - Adding key: http://localhost:59764 for channel [id: 0x8b58a48f, L:/127.0.0.1:63967 - R:localhost/127.0.0.1:59764]
  &amp#27;[32mAnd &amp#27;[0m&amp#27;[32mI click login button&amp#27;[0m                      &amp#27;[90m# starter.stepdefinitions.LogInOutSteps.iClickLoginButton()&amp#27;[0m
21:26:17.203 [Forwarding screenshot on session 29ab5915d04013665563929d732d8fbd to remote] DEBUG org.asynchttpclient.netty.request.NettyRequestSender - Using pooled Channel '[id: 0x8b58a48f, L:/127.0.0.1:63967 - R:localhost/127.0.0.1:59764]' for 'GET' to 'http://localhost:59764/session/29ab5915d04013665563929d732d8fbd/screenshot'
21:26:17.203 [Forwarding screenshot on session 29ab5915d04013665563929d732d8fbd to remote] DEBUG org.asynchttpclient.netty.request.NettyRequestSender - Using open Channel [id: 0x8b58a48f, L:/127.0.0.1:63967 - R:localhost/127.0.0.1:59764] for GET '/session/29ab5915d04013665563929d732d8fbd/screenshot'
21:26:17.351 [AsyncHttpClient-1-1] DEBUG org.asynchttpclient.netty.channel.DefaultChannelPool - Entry count for : http://localhost:63968 : 1
21:26:17.387 [AsyncHttpClient-1-13] DEBUG org.asynchttpclient.netty.handler.HttpHandler - 

Request DefaultFullHttpRequest(decodeResult: success, version: HTTP/1.1, content: EmptyByteBufBE)
GET /session/29ab5915d04013665563929d732d8fbd/screenshot HTTP/1.1
User-Agent: selenium/4.1.2 (java windows)
Cache-Control: no-cache
Content-Type: application/json; charset=utf-8
host: localhost:59764
accept: */*

Response DefaultHttpResponse(decodeResult: success, version: HTTP/1.1)
HTTP/1.1 200 OK
Content-Type: application/json; charset=utf-8
cache-control: no-cache
content-length: 40348

21:26:17.387 [AsyncHttpClient-1-13] DEBUG org.asynchttpclient.netty.channel.ChannelManager - Adding key: http://localhost:59764 for channel [id: 0x8b58a48f, L:/127.0.0.1:63967 - R:localhost/127.0.0.1:59764]
21:26:17.390 [main] DEBUG net.serenitybdd.core.photography.Darkroom - Send negative for processing for target\site\serenity\e8b80d51ec47fedeef0e594d42c12a89b634d8f104d71de6a66bdba538265710.png
21:26:17.390 [Darkroom Processing Line] DEBUG net.serenitybdd.core.photography.DarkroomProcessingLine - Processing screenshot image in /var/screenshots/screenshot-15965543943437198008
21:26:17.390 [Darkroom Processing Line] DEBUG net.serenitybdd.core.photography.DarkroomProcessingLine - Saving screenshot to target\site\serenity\e8b80d51ec47fedeef0e594d42c12a89b634d8f104d71de6a66bdba538265710.png
21:26:17.403 [Forwarding findElement on session 29ab5915d04013665563929d732d8fbd to remote] DEBUG org.asynchttpclient.netty.request.NettyRequestSender - Using pooled Channel '[id: 0x8b58a48f, L:/127.0.0.1:63967 - R:localhost/127.0.0.1:59764]' for 'POST' to 'http://localhost:59764/session/29ab5915d04013665563929d732d8fbd/element'
21:26:17.403 [Forwarding findElement on session 29ab5915d04013665563929d732d8fbd to remote] DEBUG org.asynchttpclient.netty.request.NettyRequestSender - Using open Channel [id: 0x8b58a48f, L:/127.0.0.1:63967 - R:localhost/127.0.0.1:59764] for POST '/session/29ab5915d04013665563929d732d8fbd/element'
21:26:18.453 [AsyncHttpClient-1-1] DEBUG org.asynchttpclient.netty.channel.DefaultChannelPool - Entry count for : http://localhost:63968 : 1
21:26:18.536 [AsyncHttpClient-1-13] DEBUG org.asynchttpclient.netty.handler.HttpHandler - 

Request DefaultHttpRequest(decodeResult: success, version: HTTP/1.1)
POST /session/29ab5915d04013665563929d732d8fbd/element HTTP/1.1
User-Agent: selenium/4.1.2 (java windows)
Content-Length: 59
Content-Type: application/json; charset=utf-8
host: localhost:59764
accept: */*

Response DefaultHttpResponse(decodeResult: success, version: HTTP/1.1)
HTTP/1.1 200 OK
Content-Type: application/json; charset=utf-8
cache-control: no-cache
content-length: 88

21:26:18.536 [AsyncHttpClient-1-13] DEBUG org.asynchttpclient.netty.channel.ChannelManager - Adding key: http://localhost:59764 for channel [id: 0x8b58a48f, L:/127.0.0.1:63967 - R:localhost/127.0.0.1:59764]
21:26:18.544 [Forwarding isElementDisplayed on session 29ab5915d04013665563929d732d8fbd to remote] DEBUG org.asynchttpclient.netty.request.NettyRequestSender - Using pooled Channel '[id: 0x8b58a48f, L:/127.0.0.1:63967 - R:localhost/127.0.0.1:59764]' for 'POST' to 'http://localhost:59764/session/29ab5915d04013665563929d732d8fbd/execute/sync'
21:26:18.544 [Forwarding isElementDisplayed on session 29ab5915d04013665563929d732d8fbd to remote] DEBUG org.asynchttpclient.netty.request.NettyRequestSender - Using open Channel [id: 0x8b58a48f, L:/127.0.0.1:63967 - R:localhost/127.0.0.1:59764] for POST '/session/29ab5915d04013665563929d732d8fbd/execute/sync'
21:26:18.562 [AsyncHttpClient-1-13] DEBUG org.asynchttpclient.netty.handler.HttpHandler - 

Request DefaultHttpRequest(decodeResult: success, version: HTTP/1.1)
POST /session/29ab5915d04013665563929d732d8fbd/execute/sync HTTP/1.1
User-Agent: selenium/4.1.2 (java windows)
Content-Length: 48780
Content-Type: application/json; charset=utf-8
host: localhost:59764
accept: */*

Response DefaultHttpResponse(decodeResult: success, version: HTTP/1.1)
HTTP/1.1 200 OK
Content-Type: application/json; charset=utf-8
cache-control: no-cache
content-length: 14

21:26:18.562 [AsyncHttpClient-1-13] DEBUG org.asynchttpclient.netty.channel.ChannelManager - Adding key: http://localhost:59764 for channel [id: 0x8b58a48f, L:/127.0.0.1:63967 - R:localhost/127.0.0.1:59764]
21:26:18.565 [Forwarding findElement on session 29ab5915d04013665563929d732d8fbd to remote] DEBUG org.asynchttpclient.netty.request.NettyRequestSender - Using pooled Channel '[id: 0x8b58a48f, L:/127.0.0.1:63967 - R:localhost/127.0.0.1:59764]' for 'POST' to 'http://localhost:59764/session/29ab5915d04013665563929d732d8fbd/element'
21:26:18.565 [Forwarding findElement on session 29ab5915d04013665563929d732d8fbd to remote] DEBUG org.asynchttpclient.netty.request.NettyRequestSender - Using open Channel [id: 0x8b58a48f, L:/127.0.0.1:63967 - R:localhost/127.0.0.1:59764] for POST '/session/29ab5915d04013665563929d732d8fbd/element'
21:26:18.573 [AsyncHttpClient-1-13] DEBUG org.asynchttpclient.netty.handler.HttpHandler - 

Request DefaultHttpRequest(decodeResult: success, version: HTTP/1.1)
POST /session/29ab5915d04013665563929d732d8fbd/element HTTP/1.1
User-Agent: selenium/4.1.2 (java windows)
Content-Length: 59
Content-Type: application/json; charset=utf-8
host: localhost:59764
accept: */*

Response DefaultHttpResponse(decodeResult: success, version: HTTP/1.1)
HTTP/1.1 200 OK
Content-Type: application/json; charset=utf-8
cache-control: no-cache
content-length: 88

21:26:18.573 [AsyncHttpClient-1-13] DEBUG org.asynchttpclient.netty.channel.ChannelManager - Adding key: http://localhost:59764 for channel [id: 0x8b58a48f, L:/127.0.0.1:63967 - R:localhost/127.0.0.1:59764]
21:26:18.578 [Forwarding isElementDisplayed on session 29ab5915d04013665563929d732d8fbd to remote] DEBUG org.asynchttpclient.netty.request.NettyRequestSender - Using pooled Channel '[id: 0x8b58a48f, L:/127.0.0.1:63967 - R:localhost/127.0.0.1:59764]' for 'POST' to 'http://localhost:59764/session/29ab5915d04013665563929d732d8fbd/execute/sync'
21:26:18.578 [Forwarding isElementDisplayed on session 29ab5915d04013665563929d732d8fbd to remote] DEBUG org.asynchttpclient.netty.request.NettyRequestSender - Using open Channel [id: 0x8b58a48f, L:/127.0.0.1:63967 - R:localhost/127.0.0.1:59764] for POST '/session/29ab5915d04013665563929d732d8fbd/execute/sync'
21:26:18.594 [AsyncHttpClient-1-13] DEBUG org.asynchttpclient.netty.handler.HttpHandler - 

Request DefaultHttpRequest(decodeResult: success, version: HTTP/1.1)
POST /session/29ab5915d04013665563929d732d8fbd/execute/sync HTTP/1.1
User-Agent: selenium/4.1.2 (java windows)
Content-Length: 48780
Content-Type: application/json; charset=utf-8
host: localhost:59764
accept: */*

Response DefaultHttpResponse(decodeResult: success, version: HTTP/1.1)
HTTP/1.1 200 OK
Content-Type: application/json; charset=utf-8
cache-control: no-cache
content-length: 14

21:26:18.594 [AsyncHttpClient-1-13] DEBUG org.asynchttpclient.netty.channel.ChannelManager - Adding key: http://localhost:59764 for channel [id: 0x8b58a48f, L:/127.0.0.1:63967 - R:localhost/127.0.0.1:59764]
21:26:18.598 [Forwarding findElement on session 29ab5915d04013665563929d732d8fbd to remote] DEBUG org.asynchttpclient.netty.request.NettyRequestSender - Using pooled Channel '[id: 0x8b58a48f, L:/127.0.0.1:63967 - R:localhost/127.0.0.1:59764]' for 'POST' to 'http://localhost:59764/session/29ab5915d04013665563929d732d8fbd/element'
21:26:18.598 [Forwarding findElement on session 29ab5915d04013665563929d732d8fbd to remote] DEBUG org.asynchttpclient.netty.request.NettyRequestSender - Using open Channel [id: 0x8b58a48f, L:/127.0.0.1:63967 - R:localhost/127.0.0.1:59764] for POST '/session/29ab5915d04013665563929d732d8fbd/element'
21:26:18.606 [AsyncHttpClient-1-13] DEBUG org.asynchttpclient.netty.handler.HttpHandler - 

Request DefaultHttpRequest(decodeResult: success, version: HTTP/1.1)
POST /session/29ab5915d04013665563929d732d8fbd/element HTTP/1.1
User-Agent: selenium/4.1.2 (java windows)
Content-Length: 81
Content-Type: application/json; charset=utf-8
host: localhost:59764
accept: */*

Response DefaultHttpResponse(decodeResult: success, version: HTTP/1.1)
HTTP/1.1 200 OK
Content-Type: application/json; charset=utf-8
cache-control: no-cache
content-length: 88

21:26:18.606 [AsyncHttpClient-1-13] DEBUG org.asynchttpclient.netty.channel.ChannelManager - Adding key: http://localhost:59764 for channel [id: 0x8b58a48f, L:/127.0.0.1:63967 - R:localhost/127.0.0.1:59764]
21:26:18.609 [Forwarding getElementTagName on session 29ab5915d04013665563929d732d8fbd to remote] DEBUG org.asynchttpclient.netty.request.NettyRequestSender - Using pooled Channel '[id: 0x8b58a48f, L:/127.0.0.1:63967 - R:localhost/127.0.0.1:59764]' for 'GET' to 'http://localhost:59764/session/29ab5915d04013665563929d732d8fbd/element/98c2b49e-eebe-47f3-953b-21f8d78bba9d/name'
21:26:18.609 [Forwarding getElementTagName on session 29ab5915d04013665563929d732d8fbd to remote] DEBUG org.asynchttpclient.netty.request.NettyRequestSender - Using open Channel [id: 0x8b58a48f, L:/127.0.0.1:63967 - R:localhost/127.0.0.1:59764] for GET '/session/29ab5915d04013665563929d732d8fbd/element/98c2b49e-eebe-47f3-953b-21f8d78bba9d/name'
21:26:18.613 [AsyncHttpClient-1-13] DEBUG org.asynchttpclient.netty.handler.HttpHandler - 

Request DefaultFullHttpRequest(decodeResult: success, version: HTTP/1.1, content: EmptyByteBufBE)
GET /session/29ab5915d04013665563929d732d8fbd/element/98c2b49e-eebe-47f3-953b-21f8d78bba9d/name HTTP/1.1
User-Agent: selenium/4.1.2 (java windows)
Cache-Control: no-cache
Content-Type: application/json; charset=utf-8
host: localhost:59764
accept: */*

Response DefaultHttpResponse(decodeResult: success, version: HTTP/1.1)
HTTP/1.1 200 OK
Content-Type: application/json; charset=utf-8
cache-control: no-cache
content-length: 16

21:26:18.613 [AsyncHttpClient-1-13] DEBUG org.asynchttpclient.netty.channel.ChannelManager - Adding key: http://localhost:59764 for channel [id: 0x8b58a48f, L:/127.0.0.1:63967 - R:localhost/127.0.0.1:59764]
21:26:18.614 [Forwarding getElementTagName on session 29ab5915d04013665563929d732d8fbd to remote] DEBUG org.asynchttpclient.netty.request.NettyRequestSender - Using pooled Channel '[id: 0x8b58a48f, L:/127.0.0.1:63967 - R:localhost/127.0.0.1:59764]' for 'GET' to 'http://localhost:59764/session/29ab5915d04013665563929d732d8fbd/element/98c2b49e-eebe-47f3-953b-21f8d78bba9d/name'
21:26:18.614 [Forwarding getElementTagName on session 29ab5915d04013665563929d732d8fbd to remote] DEBUG org.asynchttpclient.netty.request.NettyRequestSender - Using open Channel [id: 0x8b58a48f, L:/127.0.0.1:63967 - R:localhost/127.0.0.1:59764] for GET '/session/29ab5915d04013665563929d732d8fbd/element/98c2b49e-eebe-47f3-953b-21f8d78bba9d/name'
21:26:18.617 [AsyncHttpClient-1-13] DEBUG org.asynchttpclient.netty.handler.HttpHandler - 

Request DefaultFullHttpRequest(decodeResult: success, version: HTTP/1.1, content: EmptyByteBufBE)
GET /session/29ab5915d04013665563929d732d8fbd/element/98c2b49e-eebe-47f3-953b-21f8d78bba9d/name HTTP/1.1
User-Agent: selenium/4.1.2 (java windows)
Cache-Control: no-cache
Content-Type: application/json; charset=utf-8
host: localhost:59764
accept: */*

Response DefaultHttpResponse(decodeResult: success, version: HTTP/1.1)
HTTP/1.1 200 OK
Content-Type: application/json; charset=utf-8
cache-control: no-cache
content-length: 16

21:26:18.617 [AsyncHttpClient-1-13] DEBUG org.asynchttpclient.netty.channel.ChannelManager - Adding key: http://localhost:59764 for channel [id: 0x8b58a48f, L:/127.0.0.1:63967 - R:localhost/127.0.0.1:59764]
21:26:18.619 [Forwarding findElement on session 29ab5915d04013665563929d732d8fbd to remote] DEBUG org.asynchttpclient.netty.request.NettyRequestSender - Using pooled Channel '[id: 0x8b58a48f, L:/127.0.0.1:63967 - R:localhost/127.0.0.1:59764]' for 'POST' to 'http://localhost:59764/session/29ab5915d04013665563929d732d8fbd/element'
21:26:18.619 [Forwarding findElement on session 29ab5915d04013665563929d732d8fbd to remote] DEBUG org.asynchttpclient.netty.request.NettyRequestSender - Using open Channel [id: 0x8b58a48f, L:/127.0.0.1:63967 - R:localhost/127.0.0.1:59764] for POST '/session/29ab5915d04013665563929d732d8fbd/element'
21:26:18.627 [AsyncHttpClient-1-13] DEBUG org.asynchttpclient.netty.handler.HttpHandler - 

Request DefaultHttpRequest(decodeResult: success, version: HTTP/1.1)
POST /session/29ab5915d04013665563929d732d8fbd/element HTTP/1.1
User-Agent: selenium/4.1.2 (java windows)
Content-Length: 81
Content-Type: application/json; charset=utf-8
host: localhost:59764
accept: */*

Response DefaultHttpResponse(decodeResult: success, version: HTTP/1.1)
HTTP/1.1 200 OK
Content-Type: application/json; charset=utf-8
cache-control: no-cache
content-length: 88

21:26:18.627 [AsyncHttpClient-1-13] DEBUG org.asynchttpclient.netty.channel.ChannelManager - Adding key: http://localhost:59764 for channel [id: 0x8b58a48f, L:/127.0.0.1:63967 - R:localhost/127.0.0.1:59764]
21:26:18.628 [Forwarding clickElement on session 29ab5915d04013665563929d732d8fbd to remote] DEBUG org.asynchttpclient.netty.request.NettyRequestSender - Using pooled Channel '[id: 0x8b58a48f, L:/127.0.0.1:63967 - R:localhost/127.0.0.1:59764]' for 'POST' to 'http://localhost:59764/session/29ab5915d04013665563929d732d8fbd/element/98c2b49e-eebe-47f3-953b-21f8d78bba9d/click'
21:26:18.628 [Forwarding clickElement on session 29ab5915d04013665563929d732d8fbd to remote] DEBUG org.asynchttpclient.netty.request.NettyRequestSender - Using open Channel [id: 0x8b58a48f, L:/127.0.0.1:63967 - R:localhost/127.0.0.1:59764] for POST '/session/29ab5915d04013665563929d732d8fbd/element/98c2b49e-eebe-47f3-953b-21f8d78bba9d/click'
21:26:18.666 [AsyncHttpClient-1-13] DEBUG org.asynchttpclient.netty.handler.HttpHandler - 

Request DefaultHttpRequest(decodeResult: success, version: HTTP/1.1)
POST /session/29ab5915d04013665563929d732d8fbd/element/98c2b49e-eebe-47f3-953b-21f8d78bba9d/click HTTP/1.1
User-Agent: selenium/4.1.2 (java windows)
Content-Length: 50
Content-Type: application/json; charset=utf-8
host: localhost:59764
accept: */*

Response DefaultHttpResponse(decodeResult: success, version: HTTP/1.1)
HTTP/1.1 200 OK
Content-Type: application/json; charset=utf-8
cache-control: no-cache
content-length: 14

21:26:18.667 [AsyncHttpClient-1-13] DEBUG org.asynchttpclient.netty.channel.ChannelManager - Adding key: http://localhost:59764 for channel [id: 0x8b58a48f, L:/127.0.0.1:63967 - R:localhost/127.0.0.1:59764]
  &amp#27;[32mAnd &amp#27;[0m&amp#27;[32mI click login button again&amp#27;[0m                &amp#27;[90m# starter.stepdefinitions.LogInOutSteps.iClickLoginButtonAgain()&amp#27;[0m
21:26:18.676 [Forwarding screenshot on session 29ab5915d04013665563929d732d8fbd to remote] DEBUG org.asynchttpclient.netty.request.NettyRequestSender - Using pooled Channel '[id: 0x8b58a48f, L:/127.0.0.1:63967 - R:localhost/127.0.0.1:59764]' for 'GET' to 'http://localhost:59764/session/29ab5915d04013665563929d732d8fbd/screenshot'
21:26:18.676 [Forwarding screenshot on session 29ab5915d04013665563929d732d8fbd to remote] DEBUG org.asynchttpclient.netty.request.NettyRequestSender - Using open Channel [id: 0x8b58a48f, L:/127.0.0.1:63967 - R:localhost/127.0.0.1:59764] for GET '/session/29ab5915d04013665563929d732d8fbd/screenshot'
21:26:18.916 [AsyncHttpClient-1-13] DEBUG org.asynchttpclient.netty.handler.HttpHandler - 

Request DefaultFullHttpRequest(decodeResult: success, version: HTTP/1.1, content: EmptyByteBufBE)
GET /session/29ab5915d04013665563929d732d8fbd/screenshot HTTP/1.1
User-Agent: selenium/4.1.2 (java windows)
Cache-Control: no-cache
Content-Type: application/json; charset=utf-8
host: localhost:59764
accept: */*

Response DefaultHttpResponse(decodeResult: success, version: HTTP/1.1)
HTTP/1.1 200 OK
Content-Type: application/json; charset=utf-8
cache-control: no-cache
content-length: 40080

21:26:18.917 [AsyncHttpClient-1-13] DEBUG org.asynchttpclient.netty.channel.ChannelManager - Adding key: http://localhost:59764 for channel [id: 0x8b58a48f, L:/127.0.0.1:63967 - R:localhost/127.0.0.1:59764]
21:26:18.920 [main] DEBUG net.serenitybdd.core.photography.Darkroom - Send negative for processing for target\site\serenity\8a6ca7cb9ba158cb459b7a696f28ef36039e30a79ea4d15edebcc53c3f4989c9.png
21:26:18.920 [Darkroom Processing Line] DEBUG net.serenitybdd.core.photography.DarkroomProcessingLine - Processing screenshot image in /var/screenshots/screenshot-14697790930047543241
21:26:18.920 [Darkroom Processing Line] DEBUG net.serenitybdd.core.photography.DarkroomProcessingLine - Saving screenshot to target\site\serenity\8a6ca7cb9ba158cb459b7a696f28ef36039e30a79ea4d15edebcc53c3f4989c9.png
21:26:18.932 [Forwarding findElement on session 29ab5915d04013665563929d732d8fbd to remote] DEBUG org.asynchttpclient.netty.request.NettyRequestSender - Using pooled Channel '[id: 0x8b58a48f, L:/127.0.0.1:63967 - R:localhost/127.0.0.1:59764]' for 'POST' to 'http://localhost:59764/session/29ab5915d04013665563929d732d8fbd/element'
21:26:18.932 [Forwarding findElement on session 29ab5915d04013665563929d732d8fbd to remote] DEBUG org.asynchttpclient.netty.request.NettyRequestSender - Using open Channel [id: 0x8b58a48f, L:/127.0.0.1:63967 - R:localhost/127.0.0.1:59764] for POST '/session/29ab5915d04013665563929d732d8fbd/element'
21:26:18.945 [AsyncHttpClient-1-13] DEBUG org.asynchttpclient.netty.handler.HttpHandler - 

Request DefaultHttpRequest(decodeResult: success, version: HTTP/1.1)
POST /session/29ab5915d04013665563929d732d8fbd/element HTTP/1.1
User-Agent: selenium/4.1.2 (java windows)
Content-Length: 82
Content-Type: application/json; charset=utf-8
host: localhost:59764
accept: */*

Response DefaultHttpResponse(decodeResult: success, version: HTTP/1.1)
HTTP/1.1 200 OK
Content-Type: application/json; charset=utf-8
cache-control: no-cache
content-length: 88

21:26:18.945 [AsyncHttpClient-1-13] DEBUG org.asynchttpclient.netty.channel.ChannelManager - Adding key: http://localhost:59764 for channel [id: 0x8b58a48f, L:/127.0.0.1:63967 - R:localhost/127.0.0.1:59764]
21:26:18.949 [Forwarding isElementDisplayed on session 29ab5915d04013665563929d732d8fbd to remote] DEBUG org.asynchttpclient.netty.request.NettyRequestSender - Using pooled Channel '[id: 0x8b58a48f, L:/127.0.0.1:63967 - R:localhost/127.0.0.1:59764]' for 'POST' to 'http://localhost:59764/session/29ab5915d04013665563929d732d8fbd/execute/sync'
21:26:18.949 [Forwarding isElementDisplayed on session 29ab5915d04013665563929d732d8fbd to remote] DEBUG org.asynchttpclient.netty.request.NettyRequestSender - Using open Channel [id: 0x8b58a48f, L:/127.0.0.1:63967 - R:localhost/127.0.0.1:59764] for POST '/session/29ab5915d04013665563929d732d8fbd/execute/sync'
21:26:18.962 [AsyncHttpClient-1-13] DEBUG org.asynchttpclient.netty.handler.HttpHandler - 

Request DefaultHttpRequest(decodeResult: success, version: HTTP/1.1)
POST /session/29ab5915d04013665563929d732d8fbd/execute/sync HTTP/1.1
User-Agent: selenium/4.1.2 (java windows)
Content-Length: 48780
Content-Type: application/json; charset=utf-8
host: localhost:59764
accept: */*

Response DefaultHttpResponse(decodeResult: success, version: HTTP/1.1)
HTTP/1.1 200 OK
Content-Type: application/json; charset=utf-8
cache-control: no-cache
content-length: 14

21:26:18.962 [AsyncHttpClient-1-13] DEBUG org.asynchttpclient.netty.channel.ChannelManager - Adding key: http://localhost:59764 for channel [id: 0x8b58a48f, L:/127.0.0.1:63967 - R:localhost/127.0.0.1:59764]
  &amp#27;[32mThen &amp#27;[0m&amp#27;[32mI get &amp#27;[0m&amp#27;[32m&amp#27;[1m"email error"&amp#27;[0m&amp#27;[32m as result&amp#27;[0m            &amp#27;[90m# starter.stepdefinitions.LogInOutSteps.iGetResult(java.lang.String)&amp#27;[0m
21:26:18.970 [Forwarding screenshot on session 29ab5915d04013665563929d732d8fbd to remote] DEBUG org.asynchttpclient.netty.request.NettyRequestSender - Using pooled Channel '[id: 0x8b58a48f, L:/127.0.0.1:63967 - R:localhost/127.0.0.1:59764]' for 'GET' to 'http://localhost:59764/session/29ab5915d04013665563929d732d8fbd/screenshot'
21:26:18.970 [Forwarding screenshot on session 29ab5915d04013665563929d732d8fbd to remote] DEBUG org.asynchttpclient.netty.request.NettyRequestSender - Using open Channel [id: 0x8b58a48f, L:/127.0.0.1:63967 - R:localhost/127.0.0.1:59764] for GET '/session/29ab5915d04013665563929d732d8fbd/screenshot'
21:26:19.211 [AsyncHttpClient-1-13] DEBUG org.asynchttpclient.netty.handler.HttpHandler - 

Request DefaultFullHttpRequest(decodeResult: success, version: HTTP/1.1, content: EmptyByteBufBE)
GET /session/29ab5915d04013665563929d732d8fbd/screenshot HTTP/1.1
User-Agent: selenium/4.1.2 (java windows)
Cache-Control: no-cache
Content-Type: application/json; charset=utf-8
host: localhost:59764
accept: */*

Response DefaultHttpResponse(decodeResult: success, version: HTTP/1.1)
HTTP/1.1 200 OK
Content-Type: application/json; charset=utf-8
cache-control: no-cache
content-length: 46280

21:26:19.212 [AsyncHttpClient-1-13] DEBUG org.asynchttpclient.netty.channel.ChannelManager - Adding key: http://localhost:59764 for channel [id: 0x8b58a48f, L:/127.0.0.1:63967 - R:localhost/127.0.0.1:59764]
21:26:19.213 [main] DEBUG net.serenitybdd.core.photography.Darkroom - Send negative for processing for target\site\serenity\6e065f022c3844e6cfd22a1d85d197927452843765aa17e49df860afb2f4d122.png
21:26:19.214 [Darkroom Processing Line] DEBUG net.serenitybdd.core.photography.DarkroomProcessingLine - Processing screenshot image in /var/screenshots/screenshot-5345356202988426020
21:26:19.214 [Darkroom Processing Line] DEBUG net.serenitybdd.core.photography.DarkroomProcessingLine - Saving screenshot to target\site\serenity\6e065f022c3844e6cfd22a1d85d197927452843765aa17e49df860afb2f4d122.png
21:26:19.216 [AsyncHttpClient-1-15] DEBUG org.asynchttpclient.netty.handler.WebSocketHandler - Channel Closed: [id: 0xdc0ef5d0, L:/127.0.0.1:63976 ! R:localhost/127.0.0.1:63968] with attribute NettyResponseFuture{currentRetry=5,
	isDone=1,
	isCancelled=0,
	asyncHandler=org.asynchttpclient.ws.WebSocketUpgradeHandler@16e6d9c2,
	nettyRequest=org.asynchttpclient.netty.request.NettyRequest@4c46a740,
	future=java.util.concurrent.CompletableFuture@6e3bfccc[Completed normally],
	uri=ws://localhost:63968/devtools/browser/6c72ae9f-7bd3-4ebc-8e34-a363f6ee4303,
	keepAlive=true,
	redirectCount=0,
	timeoutsHolder=null,
	inAuth=0,
	touch=1667571975304}
21:26:19.216 [AsyncHttpClient-1-15] DEBUG org.asynchttpclient.netty.channel.ChannelManager - Closing Channel [id: 0xdc0ef5d0, L:/127.0.0.1:63976 ! R:localhost/127.0.0.1:63968] 
21:26:19.216 [Driver Command Executor] DEBUG org.asynchttpclient.netty.request.NettyRequestSender - Using pooled Channel '[id: 0x8b58a48f, L:/127.0.0.1:63967 - R:localhost/127.0.0.1:59764]' for 'DELETE' to 'http://localhost:59764/session/29ab5915d04013665563929d732d8fbd'
21:26:19.216 [Driver Command Executor] DEBUG org.asynchttpclient.netty.request.NettyRequestSender - Using open Channel [id: 0x8b58a48f, L:/127.0.0.1:63967 - R:localhost/127.0.0.1:59764] for DELETE '/session/29ab5915d04013665563929d732d8fbd'
21:26:19.265 [AsyncHttpClient-1-14] DEBUG org.asynchttpclient.netty.handler.HttpHandler - Unexpected I/O exception on channel [id: 0xfd64bc1d, L:/127.0.0.1:63975 - R:localhost/127.0.0.1:63968]
java.net.SocketException: Connection reset
	at java.base/sun.nio.ch.SocketChannelImpl.throwConnectionReset(SocketChannelImpl.java:345)
	at java.base/sun.nio.ch.SocketChannelImpl.read(SocketChannelImpl.java:376)
	at io.netty.buffer.PooledByteBuf.setBytes(PooledByteBuf.java:258)
	at io.netty.buffer.AbstractByteBuf.writeBytes(AbstractByteBuf.java:1132)
	at io.netty.channel.socket.nio.NioSocketChannel.doReadBytes(NioSocketChannel.java:350)
	at io.netty.channel.nio.AbstractNioByteChannel$NioByteUnsafe.read(AbstractNioByteChannel.java:151)
	at io.netty.channel.nio.NioEventLoop.processSelectedKey(NioEventLoop.java:722)
	at io.netty.channel.nio.NioEventLoop.processSelectedKeysOptimized(NioEventLoop.java:658)
	at io.netty.channel.nio.NioEventLoop.processSelectedKeys(NioEventLoop.java:584)
	at io.netty.channel.nio.NioEventLoop.run(NioEventLoop.java:496)
	at io.netty.util.concurrent.SingleThreadEventExecutor$4.run(SingleThreadEventExecutor.java:986)
	at io.netty.util.internal.ThreadExecutorMap$2.run(ThreadExecutorMap.java:74)
	at io.netty.util.concurrent.FastThreadLocalRunnable.run(FastThreadLocalRunnable.java:30)
	at java.base/java.lang.Thread.run(Thread.java:830)
21:26:19.265 [AsyncHttpClient-1-14] DEBUG org.asynchttpclient.netty.channel.ChannelManager - Closing Channel [id: 0xfd64bc1d, L:/127.0.0.1:63975 - R:localhost/127.0.0.1:63968] 
21:26:19.266 [AsyncHttpClient-1-14] DEBUG org.asynchttpclient.netty.handler.HttpHandler - Channel Closed: [id: 0xfd64bc1d, L:/127.0.0.1:63975 ! R:localhost/127.0.0.1:63968] with attribute DISCARD
21:26:19.284 [AsyncHttpClient-1-13] DEBUG org.asynchttpclient.netty.handler.HttpHandler - 

Request DefaultFullHttpRequest(decodeResult: success, version: HTTP/1.1, content: EmptyByteBufBE)
DELETE /session/29ab5915d04013665563929d732d8fbd HTTP/1.1
User-Agent: selenium/4.1.2 (java windows)
Content-Type: application/json; charset=utf-8
host: localhost:59764
accept: */*

Response DefaultHttpResponse(decodeResult: success, version: HTTP/1.1)
HTTP/1.1 200 OK
Content-Type: application/json; charset=utf-8
cache-control: no-cache
content-length: 14

21:26:19.285 [AsyncHttpClient-1-13] DEBUG org.asynchttpclient.netty.channel.ChannelManager - Adding key: http://localhost:59764 for channel [id: 0x8b58a48f, L:/127.0.0.1:63967 - R:localhost/127.0.0.1:59764]
21:26:19.351 [AsyncHttpClient-1-13] DEBUG org.asynchttpclient.netty.handler.HttpHandler - Channel Closed: [id: 0x8b58a48f, L:/127.0.0.1:63967 ! R:localhost/127.0.0.1:59764] with attribute DISCARD
21:26:19.553 [AsyncHttpClient-1-1] DEBUG org.asynchttpclient.netty.channel.DefaultChannelPool - Entry count for : http://localhost:59764 : 1
21:26:19.553 [AsyncHttpClient-1-1] DEBUG org.asynchttpclient.netty.channel.DefaultChannelPool - Entry count for : http://localhost:63968 : 1
21:26:19.553 [AsyncHttpClient-1-1] DEBUG org.asynchttpclient.netty.channel.DefaultChannelPool - Adding Candidate expired Channel [id: 0x8b58a48f, L:/127.0.0.1:63967 ! R:localhost/127.0.0.1:59764] isIdleTimeoutExpired=false isRemotelyClosed=true isTtlExpired=false
21:26:19.553 [AsyncHttpClient-1-1] DEBUG org.asynchttpclient.netty.channel.DefaultChannelPool - Closing Idle Channel [id: 0x8b58a48f, L:/127.0.0.1:63967 ! R:localhost/127.0.0.1:59764]
21:26:19.553 [AsyncHttpClient-1-1] DEBUG org.asynchttpclient.netty.channel.DefaultChannelPool - Adding Candidate expired Channel [id: 0xfd64bc1d, L:/127.0.0.1:63975 ! R:localhost/127.0.0.1:63968] isIdleTimeoutExpired=false isRemotelyClosed=true isTtlExpired=false
21:26:19.553 [AsyncHttpClient-1-1] DEBUG org.asynchttpclient.netty.channel.DefaultChannelPool - Closing Idle Channel [id: 0xfd64bc1d, L:/127.0.0.1:63975 ! R:localhost/127.0.0.1:63968]
21:26:19.553 [AsyncHttpClient-1-1] DEBUG org.asynchttpclient.netty.channel.DefaultChannelPool - Closed 2 connections out of 2 in 0 ms
]]></system-out>
    <system-err><![CDATA[Starting ChromeDriver 106.0.5249.61 (511755355844955cd3e264779baf0dd38212a4d0-refs/branch-heads/5249@{#569}) on port 59764
Only local connections are allowed.
Please see https://chromedriver.chromium.org/security-considerations for suggestions on keeping ChromeDriver safe.
ChromeDriver was started successfully.
[1667571974.999][WARNING]: This version of ChromeDriver has not been tested with Chrome version 107.
Nov 04, 2022 9:26:15 PM org.openqa.selenium.remote.ProtocolHandshake createSession
INFO: Detected dialect: W3C
Nov 04, 2022 9:26:15 PM org.openqa.selenium.devtools.CdpVersionFinder findNearestMatch
WARNING: Unable to find an exact match for CDP version 107, so returning the closest version found: a no-op implementation
Nov 04, 2022 9:26:15 PM org.openqa.selenium.devtools.CdpVersionFinder findNearestMatch
INFO: Unable to find CDP implementation matching 107.
Nov 04, 2022 9:26:15 PM org.openqa.selenium.chromium.ChromiumDriver lambda$new$3
WARNING: Unable to find version of CDP to use for . You may need to include a dependency on a specific version of the CDP using something similar to `org.seleniumhq.selenium:selenium-devtools-v86:4.1.2` where the version ("v86") matches the version of the chromium-based browser you're using and the version number of the artifact is the same as Selenium's.
]]></system-err>
  </testcase>
  <testcase name="Login with email and password #4" classname="Login" time="6.445">
    <system-out><![CDATA[
Scenario Outline: Login with email and password &amp#27;[90m# src/test/resources/features/Login.feature:30&amp#27;[0m
21:26:19.885 [main] INFO io.cucumber.core.plugin.SerenityReporter - Running feature from file:///C:/Users/ASUS/Desktop/stupen/miniproject/Web/ASWeb/src/test/resources/features/Login.feature
21:26:19.896 [main] INFO net.serenitybdd.core.webdriver.driverproviders.ChromeDriverProvider - Using automatically driver download
21:26:20.050 [main] DEBUG io.github.bonigarcia.wdm.cache.ResolutionCache - Resolution chrome=107 in cache (valid until 22:24:57 04/11/2022 WIB)
21:26:20.056 [main] DEBUG io.github.bonigarcia.wdm.cache.ResolutionCache - Resolution chrome107=107.0.5304.62 in cache (valid until 21:24:57 05/11/2022 WIB)
21:26:20.058 [main] INFO io.github.bonigarcia.wdm.WebDriverManager - Using chromedriver 107.0.5304.62 (resolved driver for Chrome 107)
21:26:20.073 [main] DEBUG io.github.bonigarcia.wdm.WebDriverManager - Driver chromedriver 107.0.5304.62 found in cache
21:26:20.074 [main] INFO io.github.bonigarcia.wdm.WebDriverManager - Exporting webdriver.chrome.driver as C:\Users\ASUS\.cache\selenium\chromedriver\win32\107.0.5304.62\chromedriver.exe
21:26:20.243 [main] DEBUG net.serenitybdd.core.webdriver.driverproviders.ProvideNewDriver - Instantiating driver
21:26:20.243 [main] DEBUG net.serenitybdd.core.webdriver.driverproviders.ProvideNewDriver - Driver capabilities: Capabilities {acceptInsecureCerts: false, base.url: https://alta-shop.vercel.app/, browserName: chrome, chrome.driver: src/test/resources/webdrive..., driver: chrome, goog:chromeOptions: {args: [], extensions: []}, wait.for.timeout: 10000}
21:26:20.796 [AsyncHttpClient-1-16] DEBUG org.asynchttpclient.netty.channel.NettyConnectListener - Using new Channel '[id: 0x50accba8, L:/127.0.0.1:63994 - R:localhost/127.0.0.1:60067]' for 'POST' to '/session'
21:26:21.718 [AsyncHttpClient-1-16] DEBUG org.asynchttpclient.netty.handler.HttpHandler - 

Request DefaultHttpRequest(decodeResult: success, version: HTTP/1.1)
POST /session HTTP/1.1
User-Agent: selenium/4.1.2 (java windows)
Content-Length: 646
Content-Type: application/json; charset=utf-8
host: localhost:60067
accept: */*

Response DefaultHttpResponse(decodeResult: success, version: HTTP/1.1)
HTTP/1.1 200 OK
Content-Type: application/json; charset=utf-8
cache-control: no-cache
content-length: 787

21:26:21.719 [AsyncHttpClient-1-16] DEBUG org.asynchttpclient.netty.channel.ChannelManager - Adding key: http://localhost:60067 for channel [id: 0x50accba8, L:/127.0.0.1:63994 - R:localhost/127.0.0.1:60067]
21:26:21.730 [AsyncHttpClient-1-17] DEBUG org.asynchttpclient.netty.channel.NettyConnectListener - Using new Channel '[id: 0x6b5481f8, L:/127.0.0.1:64001 - R:localhost/127.0.0.1:63995]' for 'GET' to '/json/version'
21:26:21.731 [AsyncHttpClient-1-17] DEBUG org.asynchttpclient.netty.handler.HttpHandler - 

Request DefaultFullHttpRequest(decodeResult: success, version: HTTP/1.1, content: EmptyByteBufBE)
GET /json/version HTTP/1.1
User-Agent: selenium/4.1.2 (java windows)
host: localhost:63995
accept: */*

Response DefaultHttpResponse(decodeResult: success, version: HTTP/1.1)
HTTP/1.1 200 OK
Content-Type: application/json; charset=UTF-8
content-length: 423

21:26:21.731 [AsyncHttpClient-1-17] DEBUG org.asynchttpclient.netty.channel.ChannelManager - Adding key: http://localhost:63995 for channel [id: 0x6b5481f8, L:/127.0.0.1:64001 - R:localhost/127.0.0.1:63995]
21:26:21.734 [AsyncHttpClient-1-2] DEBUG org.asynchttpclient.netty.channel.NettyConnectListener - Using new Channel '[id: 0x38f9e02f, L:/127.0.0.1:64002 - R:localhost/127.0.0.1:63995]' for 'GET' to '/devtools/browser/91297f82-769b-4f60-9350-77f7b61833c8'
21:26:21.735 [AsyncHttpClient-1-2] DEBUG org.asynchttpclient.netty.handler.WebSocketHandler - 

Request DefaultFullHttpRequest(decodeResult: success, version: HTTP/1.1, content: EmptyByteBufBE)
GET /devtools/browser/91297f82-769b-4f60-9350-77f7b61833c8 HTTP/1.1
upgrade: websocket
connection: upgrade
sec-websocket-key: KYxsjUl0YzV7uRfd69vq2w==
sec-websocket-version: 13
origin: http://localhost:63995
host: localhost:63995
accept: */*
user-agent: AHC/2.1

Response DefaultHttpResponse(decodeResult: success, version: HTTP/1.1)
HTTP/1.1 101 WebSocket Protocol Handshake
Upgrade: WebSocket
Connection: Upgrade
Sec-WebSocket-Accept: k8fe6LlgW957QiEuJ4NxDCAS+ww=

21:26:21.742 [Forwarding get on session 464242e55a4eb17569d7e938cff69e90 to remote] DEBUG org.asynchttpclient.netty.request.NettyRequestSender - Using pooled Channel '[id: 0x50accba8, L:/127.0.0.1:63994 - R:localhost/127.0.0.1:60067]' for 'POST' to 'http://localhost:60067/session/464242e55a4eb17569d7e938cff69e90/url'
21:26:21.742 [Forwarding get on session 464242e55a4eb17569d7e938cff69e90 to remote] DEBUG org.asynchttpclient.netty.request.NettyRequestSender - Using open Channel [id: 0x50accba8, L:/127.0.0.1:63994 - R:localhost/127.0.0.1:60067] for POST '/session/464242e55a4eb17569d7e938cff69e90/url'
21:26:21.751 [AsyncHttpClient-1-1] DEBUG org.asynchttpclient.netty.channel.DefaultChannelPool - Entry count for : http://localhost:63995 : 1
21:26:22.419 [AsyncHttpClient-1-16] DEBUG org.asynchttpclient.netty.handler.HttpHandler - 

Request DefaultHttpRequest(decodeResult: success, version: HTTP/1.1)
POST /session/464242e55a4eb17569d7e938cff69e90/url HTTP/1.1
User-Agent: selenium/4.1.2 (java windows)
Content-Length: 74
Content-Type: application/json; charset=utf-8
host: localhost:60067
accept: */*

Response DefaultHttpResponse(decodeResult: success, version: HTTP/1.1)
HTTP/1.1 200 OK
Content-Type: application/json; charset=utf-8
cache-control: no-cache
content-length: 14

21:26:22.419 [AsyncHttpClient-1-16] DEBUG org.asynchttpclient.netty.channel.ChannelManager - Adding key: http://localhost:60067 for channel [id: 0x50accba8, L:/127.0.0.1:63994 - R:localhost/127.0.0.1:60067]
21:26:22.420 [Forwarding setTimeout on session 464242e55a4eb17569d7e938cff69e90 to remote] DEBUG org.asynchttpclient.netty.request.NettyRequestSender - Using pooled Channel '[id: 0x50accba8, L:/127.0.0.1:63994 - R:localhost/127.0.0.1:60067]' for 'POST' to 'http://localhost:60067/session/464242e55a4eb17569d7e938cff69e90/timeouts'
21:26:22.420 [Forwarding setTimeout on session 464242e55a4eb17569d7e938cff69e90 to remote] DEBUG org.asynchttpclient.netty.request.NettyRequestSender - Using open Channel [id: 0x50accba8, L:/127.0.0.1:63994 - R:localhost/127.0.0.1:60067] for POST '/session/464242e55a4eb17569d7e938cff69e90/timeouts'
21:26:22.421 [AsyncHttpClient-1-16] DEBUG org.asynchttpclient.netty.handler.HttpHandler - 

Request DefaultHttpRequest(decodeResult: success, version: HTTP/1.1)
POST /session/464242e55a4eb17569d7e938cff69e90/timeouts HTTP/1.1
User-Agent: selenium/4.1.2 (java windows)
Content-Length: 22
Content-Type: application/json; charset=utf-8
host: localhost:60067
accept: */*

Response DefaultHttpResponse(decodeResult: success, version: HTTP/1.1)
HTTP/1.1 200 OK
Content-Type: application/json; charset=utf-8
cache-control: no-cache
content-length: 14

21:26:22.421 [AsyncHttpClient-1-16] DEBUG org.asynchttpclient.netty.channel.ChannelManager - Adding key: http://localhost:60067 for channel [id: 0x50accba8, L:/127.0.0.1:63994 - R:localhost/127.0.0.1:60067]
21:26:22.426 [Forwarding getCurrentUrl on session 464242e55a4eb17569d7e938cff69e90 to remote] DEBUG org.asynchttpclient.netty.request.NettyRequestSender - Using pooled Channel '[id: 0x50accba8, L:/127.0.0.1:63994 - R:localhost/127.0.0.1:60067]' for 'GET' to 'http://localhost:60067/session/464242e55a4eb17569d7e938cff69e90/url'
21:26:22.426 [Forwarding getCurrentUrl on session 464242e55a4eb17569d7e938cff69e90 to remote] DEBUG org.asynchttpclient.netty.request.NettyRequestSender - Using open Channel [id: 0x50accba8, L:/127.0.0.1:63994 - R:localhost/127.0.0.1:60067] for GET '/session/464242e55a4eb17569d7e938cff69e90/url'
21:26:22.432 [AsyncHttpClient-1-16] DEBUG org.asynchttpclient.netty.handler.HttpHandler - 

Request DefaultFullHttpRequest(decodeResult: success, version: HTTP/1.1, content: EmptyByteBufBE)
GET /session/464242e55a4eb17569d7e938cff69e90/url HTTP/1.1
User-Agent: selenium/4.1.2 (java windows)
Cache-Control: no-cache
Content-Type: application/json; charset=utf-8
host: localhost:60067
accept: */*

Response DefaultHttpResponse(decodeResult: success, version: HTTP/1.1)
HTTP/1.1 200 OK
Content-Type: application/json; charset=utf-8
cache-control: no-cache
content-length: 51

21:26:22.432 [AsyncHttpClient-1-16] DEBUG org.asynchttpclient.netty.channel.ChannelManager - Adding key: http://localhost:60067 for channel [id: 0x50accba8, L:/127.0.0.1:63994 - R:localhost/127.0.0.1:60067]
  &amp#27;[32mGiven &amp#27;[0m&amp#27;[32mI am in login page&amp#27;[0m                      &amp#27;[90m# starter.stepdefinitions.LogInOutSteps.iAmInLoginPage()&amp#27;[0m
21:26:22.441 [Forwarding screenshot on session 464242e55a4eb17569d7e938cff69e90 to remote] DEBUG org.asynchttpclient.netty.request.NettyRequestSender - Using pooled Channel '[id: 0x50accba8, L:/127.0.0.1:63994 - R:localhost/127.0.0.1:60067]' for 'GET' to 'http://localhost:60067/session/464242e55a4eb17569d7e938cff69e90/screenshot'
21:26:22.441 [Forwarding screenshot on session 464242e55a4eb17569d7e938cff69e90 to remote] DEBUG org.asynchttpclient.netty.request.NettyRequestSender - Using open Channel [id: 0x50accba8, L:/127.0.0.1:63994 - R:localhost/127.0.0.1:60067] for GET '/session/464242e55a4eb17569d7e938cff69e90/screenshot'
21:26:22.850 [AsyncHttpClient-1-1] DEBUG org.asynchttpclient.netty.channel.DefaultChannelPool - Entry count for : http://localhost:63995 : 1
21:26:22.895 [AsyncHttpClient-1-16] DEBUG org.asynchttpclient.netty.handler.HttpHandler - 

Request DefaultFullHttpRequest(decodeResult: success, version: HTTP/1.1, content: EmptyByteBufBE)
GET /session/464242e55a4eb17569d7e938cff69e90/screenshot HTTP/1.1
User-Agent: selenium/4.1.2 (java windows)
Cache-Control: no-cache
Content-Type: application/json; charset=utf-8
host: localhost:60067
accept: */*

Response DefaultHttpResponse(decodeResult: success, version: HTTP/1.1)
HTTP/1.1 200 OK
Content-Type: application/json; charset=utf-8
cache-control: no-cache
content-length: 38472

21:26:22.896 [AsyncHttpClient-1-16] DEBUG org.asynchttpclient.netty.channel.ChannelManager - Adding key: http://localhost:60067 for channel [id: 0x50accba8, L:/127.0.0.1:63994 - R:localhost/127.0.0.1:60067]
21:26:22.898 [main] DEBUG net.serenitybdd.core.photography.Darkroom - Send negative for processing for target\site\serenity\6c2309ed56aeb278067cd6b3caf368b9f01e276e2bf175d46007f31c90d5af21.png
21:26:22.905 [Forwarding findElement on session 464242e55a4eb17569d7e938cff69e90 to remote] DEBUG org.asynchttpclient.netty.request.NettyRequestSender - Using pooled Channel '[id: 0x50accba8, L:/127.0.0.1:63994 - R:localhost/127.0.0.1:60067]' for 'POST' to 'http://localhost:60067/session/464242e55a4eb17569d7e938cff69e90/element'
21:26:22.906 [Forwarding findElement on session 464242e55a4eb17569d7e938cff69e90 to remote] DEBUG org.asynchttpclient.netty.request.NettyRequestSender - Using open Channel [id: 0x50accba8, L:/127.0.0.1:63994 - R:localhost/127.0.0.1:60067] for POST '/session/464242e55a4eb17569d7e938cff69e90/element'
21:26:22.918 [AsyncHttpClient-1-16] DEBUG org.asynchttpclient.netty.handler.HttpHandler - 

Request DefaultHttpRequest(decodeResult: success, version: HTTP/1.1)
POST /session/464242e55a4eb17569d7e938cff69e90/element HTTP/1.1
User-Agent: selenium/4.1.2 (java windows)
Content-Length: 87
Content-Type: application/json; charset=utf-8
host: localhost:60067
accept: */*

Response DefaultHttpResponse(decodeResult: success, version: HTTP/1.1)
HTTP/1.1 200 OK
Content-Type: application/json; charset=utf-8
cache-control: no-cache
content-length: 88

21:26:22.918 [AsyncHttpClient-1-16] DEBUG org.asynchttpclient.netty.channel.ChannelManager - Adding key: http://localhost:60067 for channel [id: 0x50accba8, L:/127.0.0.1:63994 - R:localhost/127.0.0.1:60067]
21:26:22.919 [Forwarding clearElement on session 464242e55a4eb17569d7e938cff69e90 to remote] DEBUG org.asynchttpclient.netty.request.NettyRequestSender - Using pooled Channel '[id: 0x50accba8, L:/127.0.0.1:63994 - R:localhost/127.0.0.1:60067]' for 'POST' to 'http://localhost:60067/session/464242e55a4eb17569d7e938cff69e90/element/47ab4941-5ddb-4778-ae51-220b194beb7d/clear'
21:26:22.919 [Forwarding clearElement on session 464242e55a4eb17569d7e938cff69e90 to remote] DEBUG org.asynchttpclient.netty.request.NettyRequestSender - Using open Channel [id: 0x50accba8, L:/127.0.0.1:63994 - R:localhost/127.0.0.1:60067] for POST '/session/464242e55a4eb17569d7e938cff69e90/element/47ab4941-5ddb-4778-ae51-220b194beb7d/clear'
21:26:22.953 [AsyncHttpClient-1-16] DEBUG org.asynchttpclient.netty.handler.HttpHandler - 

Request DefaultHttpRequest(decodeResult: success, version: HTTP/1.1)
POST /session/464242e55a4eb17569d7e938cff69e90/element/47ab4941-5ddb-4778-ae51-220b194beb7d/clear HTTP/1.1
User-Agent: selenium/4.1.2 (java windows)
Content-Length: 50
Content-Type: application/json; charset=utf-8
host: localhost:60067
accept: */*

Response DefaultHttpResponse(decodeResult: success, version: HTTP/1.1)
HTTP/1.1 200 OK
Content-Type: application/json; charset=utf-8
cache-control: no-cache
content-length: 14

21:26:22.953 [AsyncHttpClient-1-16] DEBUG org.asynchttpclient.netty.channel.ChannelManager - Adding key: http://localhost:60067 for channel [id: 0x50accba8, L:/127.0.0.1:63994 - R:localhost/127.0.0.1:60067]
21:26:22.955 [Forwarding sendKeysToElement on session 464242e55a4eb17569d7e938cff69e90 to remote] DEBUG org.asynchttpclient.netty.request.NettyRequestSender - Using pooled Channel '[id: 0x50accba8, L:/127.0.0.1:63994 - R:localhost/127.0.0.1:60067]' for 'POST' to 'http://localhost:60067/session/464242e55a4eb17569d7e938cff69e90/element/47ab4941-5ddb-4778-ae51-220b194beb7d/value'
21:26:22.955 [Forwarding sendKeysToElement on session 464242e55a4eb17569d7e938cff69e90 to remote] DEBUG org.asynchttpclient.netty.request.NettyRequestSender - Using open Channel [id: 0x50accba8, L:/127.0.0.1:63994 - R:localhost/127.0.0.1:60067] for POST '/session/464242e55a4eb17569d7e938cff69e90/element/47ab4941-5ddb-4778-ae51-220b194beb7d/value'
21:26:23.066 [AsyncHttpClient-1-16] DEBUG org.asynchttpclient.netty.handler.HttpHandler - 

Request DefaultHttpRequest(decodeResult: success, version: HTTP/1.1)
POST /session/464242e55a4eb17569d7e938cff69e90/element/47ab4941-5ddb-4778-ae51-220b194beb7d/value HTTP/1.1
User-Agent: selenium/4.1.2 (java windows)
Content-Length: 231
Content-Type: application/json; charset=utf-8
host: localhost:60067
accept: */*

Response DefaultHttpResponse(decodeResult: success, version: HTTP/1.1)
HTTP/1.1 200 OK
Content-Type: application/json; charset=utf-8
cache-control: no-cache
content-length: 14

21:26:23.066 [AsyncHttpClient-1-16] DEBUG org.asynchttpclient.netty.channel.ChannelManager - Adding key: http://localhost:60067 for channel [id: 0x50accba8, L:/127.0.0.1:63994 - R:localhost/127.0.0.1:60067]
  &amp#27;[32mWhen &amp#27;[0m&amp#27;[32mI input &amp#27;[0m&amp#27;[32m&amp#27;[1m"naevis@mail.com"&amp#27;[0m&amp#27;[32m email&amp#27;[0m          &amp#27;[90m# starter.stepdefinitions.LogInOutSteps.iInputEmailEmail(java.lang.String)&amp#27;[0m
21:26:23.074 [Forwarding screenshot on session 464242e55a4eb17569d7e938cff69e90 to remote] DEBUG org.asynchttpclient.netty.request.NettyRequestSender - Using pooled Channel '[id: 0x50accba8, L:/127.0.0.1:63994 - R:localhost/127.0.0.1:60067]' for 'GET' to 'http://localhost:60067/session/464242e55a4eb17569d7e938cff69e90/screenshot'
21:26:23.074 [Forwarding screenshot on session 464242e55a4eb17569d7e938cff69e90 to remote] DEBUG org.asynchttpclient.netty.request.NettyRequestSender - Using open Channel [id: 0x50accba8, L:/127.0.0.1:63994 - R:localhost/127.0.0.1:60067] for GET '/session/464242e55a4eb17569d7e938cff69e90/screenshot'
21:26:23.268 [AsyncHttpClient-1-16] DEBUG org.asynchttpclient.netty.handler.HttpHandler - 

Request DefaultFullHttpRequest(decodeResult: success, version: HTTP/1.1, content: EmptyByteBufBE)
GET /session/464242e55a4eb17569d7e938cff69e90/screenshot HTTP/1.1
User-Agent: selenium/4.1.2 (java windows)
Cache-Control: no-cache
Content-Type: application/json; charset=utf-8
host: localhost:60067
accept: */*

Response DefaultHttpResponse(decodeResult: success, version: HTTP/1.1)
HTTP/1.1 200 OK
Content-Type: application/json; charset=utf-8
cache-control: no-cache
content-length: 45340

21:26:23.268 [AsyncHttpClient-1-16] DEBUG org.asynchttpclient.netty.channel.ChannelManager - Adding key: http://localhost:60067 for channel [id: 0x50accba8, L:/127.0.0.1:63994 - R:localhost/127.0.0.1:60067]
21:26:23.270 [main] DEBUG net.serenitybdd.core.photography.Darkroom - Send negative for processing for target\site\serenity\113c127bfbe7f72c99e49217766ff6e8dc136b8f7f51fb64b86229ed3c67de3c.png
21:26:23.271 [Darkroom Processing Line] DEBUG net.serenitybdd.core.photography.DarkroomProcessingLine - Processing screenshot image in /var/screenshots/screenshot-18144028695180537852
21:26:23.271 [Darkroom Processing Line] DEBUG net.serenitybdd.core.photography.DarkroomProcessingLine - Saving screenshot to target\site\serenity\113c127bfbe7f72c99e49217766ff6e8dc136b8f7f51fb64b86229ed3c67de3c.png
21:26:23.280 [Forwarding findElement on session 464242e55a4eb17569d7e938cff69e90 to remote] DEBUG org.asynchttpclient.netty.request.NettyRequestSender - Using pooled Channel '[id: 0x50accba8, L:/127.0.0.1:63994 - R:localhost/127.0.0.1:60067]' for 'POST' to 'http://localhost:60067/session/464242e55a4eb17569d7e938cff69e90/element'
21:26:23.280 [Forwarding findElement on session 464242e55a4eb17569d7e938cff69e90 to remote] DEBUG org.asynchttpclient.netty.request.NettyRequestSender - Using open Channel [id: 0x50accba8, L:/127.0.0.1:63994 - R:localhost/127.0.0.1:60067] for POST '/session/464242e55a4eb17569d7e938cff69e90/element'
21:26:23.292 [AsyncHttpClient-1-16] DEBUG org.asynchttpclient.netty.handler.HttpHandler - 

Request DefaultHttpRequest(decodeResult: success, version: HTTP/1.1)
POST /session/464242e55a4eb17569d7e938cff69e90/element HTTP/1.1
User-Agent: selenium/4.1.2 (java windows)
Content-Length: 90
Content-Type: application/json; charset=utf-8
host: localhost:60067
accept: */*

Response DefaultHttpResponse(decodeResult: success, version: HTTP/1.1)
HTTP/1.1 200 OK
Content-Type: application/json; charset=utf-8
cache-control: no-cache
content-length: 88

21:26:23.292 [AsyncHttpClient-1-16] DEBUG org.asynchttpclient.netty.channel.ChannelManager - Adding key: http://localhost:60067 for channel [id: 0x50accba8, L:/127.0.0.1:63994 - R:localhost/127.0.0.1:60067]
21:26:23.293 [Forwarding clearElement on session 464242e55a4eb17569d7e938cff69e90 to remote] DEBUG org.asynchttpclient.netty.request.NettyRequestSender - Using pooled Channel '[id: 0x50accba8, L:/127.0.0.1:63994 - R:localhost/127.0.0.1:60067]' for 'POST' to 'http://localhost:60067/session/464242e55a4eb17569d7e938cff69e90/element/d1f380c4-a1d2-495b-ad36-3069cfc63f38/clear'
21:26:23.293 [Forwarding clearElement on session 464242e55a4eb17569d7e938cff69e90 to remote] DEBUG org.asynchttpclient.netty.request.NettyRequestSender - Using open Channel [id: 0x50accba8, L:/127.0.0.1:63994 - R:localhost/127.0.0.1:60067] for POST '/session/464242e55a4eb17569d7e938cff69e90/element/d1f380c4-a1d2-495b-ad36-3069cfc63f38/clear'
21:26:23.325 [AsyncHttpClient-1-16] DEBUG org.asynchttpclient.netty.handler.HttpHandler - 

Request DefaultHttpRequest(decodeResult: success, version: HTTP/1.1)
POST /session/464242e55a4eb17569d7e938cff69e90/element/d1f380c4-a1d2-495b-ad36-3069cfc63f38/clear HTTP/1.1
User-Agent: selenium/4.1.2 (java windows)
Content-Length: 50
Content-Type: application/json; charset=utf-8
host: localhost:60067
accept: */*

Response DefaultHttpResponse(decodeResult: success, version: HTTP/1.1)
HTTP/1.1 200 OK
Content-Type: application/json; charset=utf-8
cache-control: no-cache
content-length: 14

21:26:23.325 [AsyncHttpClient-1-16] DEBUG org.asynchttpclient.netty.channel.ChannelManager - Adding key: http://localhost:60067 for channel [id: 0x50accba8, L:/127.0.0.1:63994 - R:localhost/127.0.0.1:60067]
21:26:23.327 [Forwarding sendKeysToElement on session 464242e55a4eb17569d7e938cff69e90 to remote] DEBUG org.asynchttpclient.netty.request.NettyRequestSender - Using pooled Channel '[id: 0x50accba8, L:/127.0.0.1:63994 - R:localhost/127.0.0.1:60067]' for 'POST' to 'http://localhost:60067/session/464242e55a4eb17569d7e938cff69e90/element/d1f380c4-a1d2-495b-ad36-3069cfc63f38/value'
21:26:23.327 [Forwarding sendKeysToElement on session 464242e55a4eb17569d7e938cff69e90 to remote] DEBUG org.asynchttpclient.netty.request.NettyRequestSender - Using open Channel [id: 0x50accba8, L:/127.0.0.1:63994 - R:localhost/127.0.0.1:60067] for POST '/session/464242e55a4eb17569d7e938cff69e90/element/d1f380c4-a1d2-495b-ad36-3069cfc63f38/value'
21:26:23.383 [AsyncHttpClient-1-16] DEBUG org.asynchttpclient.netty.handler.HttpHandler - 

Request DefaultHttpRequest(decodeResult: success, version: HTTP/1.1)
POST /session/464242e55a4eb17569d7e938cff69e90/element/d1f380c4-a1d2-495b-ad36-3069cfc63f38/value HTTP/1.1
User-Agent: selenium/4.1.2 (java windows)
Content-Length: 121
Content-Type: application/json; charset=utf-8
host: localhost:60067
accept: */*

Response DefaultHttpResponse(decodeResult: success, version: HTTP/1.1)
HTTP/1.1 200 OK
Content-Type: application/json; charset=utf-8
cache-control: no-cache
content-length: 14

21:26:23.383 [AsyncHttpClient-1-16] DEBUG org.asynchttpclient.netty.channel.ChannelManager - Adding key: http://localhost:60067 for channel [id: 0x50accba8, L:/127.0.0.1:63994 - R:localhost/127.0.0.1:60067]
  &amp#27;[32mAnd &amp#27;[0m&amp#27;[32mI input &amp#27;[0m&amp#27;[32m&amp#27;[1m"pass"&amp#27;[0m&amp#27;[32m password&amp#27;[0m                   &amp#27;[90m# starter.stepdefinitions.LogInOutSteps.iInputPasswordPassword(java.lang.String)&amp#27;[0m
21:26:23.392 [Forwarding screenshot on session 464242e55a4eb17569d7e938cff69e90 to remote] DEBUG org.asynchttpclient.netty.request.NettyRequestSender - Using pooled Channel '[id: 0x50accba8, L:/127.0.0.1:63994 - R:localhost/127.0.0.1:60067]' for 'GET' to 'http://localhost:60067/session/464242e55a4eb17569d7e938cff69e90/screenshot'
21:26:23.392 [Forwarding screenshot on session 464242e55a4eb17569d7e938cff69e90 to remote] DEBUG org.asynchttpclient.netty.request.NettyRequestSender - Using open Channel [id: 0x50accba8, L:/127.0.0.1:63994 - R:localhost/127.0.0.1:60067] for GET '/session/464242e55a4eb17569d7e938cff69e90/screenshot'
21:26:23.593 [AsyncHttpClient-1-16] DEBUG org.asynchttpclient.netty.handler.HttpHandler - 

Request DefaultFullHttpRequest(decodeResult: success, version: HTTP/1.1, content: EmptyByteBufBE)
GET /session/464242e55a4eb17569d7e938cff69e90/screenshot HTTP/1.1
User-Agent: selenium/4.1.2 (java windows)
Cache-Control: no-cache
Content-Type: application/json; charset=utf-8
host: localhost:60067
accept: */*

Response DefaultHttpResponse(decodeResult: success, version: HTTP/1.1)
HTTP/1.1 200 OK
Content-Type: application/json; charset=utf-8
cache-control: no-cache
content-length: 47560

21:26:23.593 [AsyncHttpClient-1-16] DEBUG org.asynchttpclient.netty.channel.ChannelManager - Adding key: http://localhost:60067 for channel [id: 0x50accba8, L:/127.0.0.1:63994 - R:localhost/127.0.0.1:60067]
21:26:23.595 [main] DEBUG net.serenitybdd.core.photography.Darkroom - Send negative for processing for target\site\serenity\317df7f97c6a03482733b7ff888e6d00c41394b558b69f74864ca45a7815b8ab.png
21:26:23.595 [Darkroom Processing Line] DEBUG net.serenitybdd.core.photography.DarkroomProcessingLine - Processing screenshot image in /var/screenshots/screenshot-10171517374212560616
21:26:23.595 [Darkroom Processing Line] DEBUG net.serenitybdd.core.photography.DarkroomProcessingLine - Saving screenshot to target\site\serenity\317df7f97c6a03482733b7ff888e6d00c41394b558b69f74864ca45a7815b8ab.png
21:26:23.602 [Forwarding findElement on session 464242e55a4eb17569d7e938cff69e90 to remote] DEBUG org.asynchttpclient.netty.request.NettyRequestSender - Using pooled Channel '[id: 0x50accba8, L:/127.0.0.1:63994 - R:localhost/127.0.0.1:60067]' for 'POST' to 'http://localhost:60067/session/464242e55a4eb17569d7e938cff69e90/element'
21:26:23.602 [Forwarding findElement on session 464242e55a4eb17569d7e938cff69e90 to remote] DEBUG org.asynchttpclient.netty.request.NettyRequestSender - Using open Channel [id: 0x50accba8, L:/127.0.0.1:63994 - R:localhost/127.0.0.1:60067] for POST '/session/464242e55a4eb17569d7e938cff69e90/element'
21:26:23.614 [AsyncHttpClient-1-16] DEBUG org.asynchttpclient.netty.handler.HttpHandler - 

Request DefaultHttpRequest(decodeResult: success, version: HTTP/1.1)
POST /session/464242e55a4eb17569d7e938cff69e90/element HTTP/1.1
User-Agent: selenium/4.1.2 (java windows)
Content-Length: 81
Content-Type: application/json; charset=utf-8
host: localhost:60067
accept: */*

Response DefaultHttpResponse(decodeResult: success, version: HTTP/1.1)
HTTP/1.1 200 OK
Content-Type: application/json; charset=utf-8
cache-control: no-cache
content-length: 88

21:26:23.614 [AsyncHttpClient-1-16] DEBUG org.asynchttpclient.netty.channel.ChannelManager - Adding key: http://localhost:60067 for channel [id: 0x50accba8, L:/127.0.0.1:63994 - R:localhost/127.0.0.1:60067]
21:26:23.615 [Forwarding getElementTagName on session 464242e55a4eb17569d7e938cff69e90 to remote] DEBUG org.asynchttpclient.netty.request.NettyRequestSender - Using pooled Channel '[id: 0x50accba8, L:/127.0.0.1:63994 - R:localhost/127.0.0.1:60067]' for 'GET' to 'http://localhost:60067/session/464242e55a4eb17569d7e938cff69e90/element/0b3bdfd1-fd68-41bf-8b4f-ca218380e2d3/name'
21:26:23.616 [Forwarding getElementTagName on session 464242e55a4eb17569d7e938cff69e90 to remote] DEBUG org.asynchttpclient.netty.request.NettyRequestSender - Using open Channel [id: 0x50accba8, L:/127.0.0.1:63994 - R:localhost/127.0.0.1:60067] for GET '/session/464242e55a4eb17569d7e938cff69e90/element/0b3bdfd1-fd68-41bf-8b4f-ca218380e2d3/name'
21:26:23.621 [AsyncHttpClient-1-16] DEBUG org.asynchttpclient.netty.handler.HttpHandler - 

Request DefaultFullHttpRequest(decodeResult: success, version: HTTP/1.1, content: EmptyByteBufBE)
GET /session/464242e55a4eb17569d7e938cff69e90/element/0b3bdfd1-fd68-41bf-8b4f-ca218380e2d3/name HTTP/1.1
User-Agent: selenium/4.1.2 (java windows)
Cache-Control: no-cache
Content-Type: application/json; charset=utf-8
host: localhost:60067
accept: */*

Response DefaultHttpResponse(decodeResult: success, version: HTTP/1.1)
HTTP/1.1 200 OK
Content-Type: application/json; charset=utf-8
cache-control: no-cache
content-length: 16

21:26:23.621 [AsyncHttpClient-1-16] DEBUG org.asynchttpclient.netty.channel.ChannelManager - Adding key: http://localhost:60067 for channel [id: 0x50accba8, L:/127.0.0.1:63994 - R:localhost/127.0.0.1:60067]
21:26:23.622 [Forwarding getElementTagName on session 464242e55a4eb17569d7e938cff69e90 to remote] DEBUG org.asynchttpclient.netty.request.NettyRequestSender - Using pooled Channel '[id: 0x50accba8, L:/127.0.0.1:63994 - R:localhost/127.0.0.1:60067]' for 'GET' to 'http://localhost:60067/session/464242e55a4eb17569d7e938cff69e90/element/0b3bdfd1-fd68-41bf-8b4f-ca218380e2d3/name'
21:26:23.623 [Forwarding getElementTagName on session 464242e55a4eb17569d7e938cff69e90 to remote] DEBUG org.asynchttpclient.netty.request.NettyRequestSender - Using open Channel [id: 0x50accba8, L:/127.0.0.1:63994 - R:localhost/127.0.0.1:60067] for GET '/session/464242e55a4eb17569d7e938cff69e90/element/0b3bdfd1-fd68-41bf-8b4f-ca218380e2d3/name'
21:26:23.628 [AsyncHttpClient-1-16] DEBUG org.asynchttpclient.netty.handler.HttpHandler - 

Request DefaultFullHttpRequest(decodeResult: success, version: HTTP/1.1, content: EmptyByteBufBE)
GET /session/464242e55a4eb17569d7e938cff69e90/element/0b3bdfd1-fd68-41bf-8b4f-ca218380e2d3/name HTTP/1.1
User-Agent: selenium/4.1.2 (java windows)
Cache-Control: no-cache
Content-Type: application/json; charset=utf-8
host: localhost:60067
accept: */*

Response DefaultHttpResponse(decodeResult: success, version: HTTP/1.1)
HTTP/1.1 200 OK
Content-Type: application/json; charset=utf-8
cache-control: no-cache
content-length: 16

21:26:23.628 [AsyncHttpClient-1-16] DEBUG org.asynchttpclient.netty.channel.ChannelManager - Adding key: http://localhost:60067 for channel [id: 0x50accba8, L:/127.0.0.1:63994 - R:localhost/127.0.0.1:60067]
21:26:23.629 [Forwarding findElement on session 464242e55a4eb17569d7e938cff69e90 to remote] DEBUG org.asynchttpclient.netty.request.NettyRequestSender - Using pooled Channel '[id: 0x50accba8, L:/127.0.0.1:63994 - R:localhost/127.0.0.1:60067]' for 'POST' to 'http://localhost:60067/session/464242e55a4eb17569d7e938cff69e90/element'
21:26:23.629 [Forwarding findElement on session 464242e55a4eb17569d7e938cff69e90 to remote] DEBUG org.asynchttpclient.netty.request.NettyRequestSender - Using open Channel [id: 0x50accba8, L:/127.0.0.1:63994 - R:localhost/127.0.0.1:60067] for POST '/session/464242e55a4eb17569d7e938cff69e90/element'
21:26:23.636 [AsyncHttpClient-1-16] DEBUG org.asynchttpclient.netty.handler.HttpHandler - 

Request DefaultHttpRequest(decodeResult: success, version: HTTP/1.1)
POST /session/464242e55a4eb17569d7e938cff69e90/element HTTP/1.1
User-Agent: selenium/4.1.2 (java windows)
Content-Length: 81
Content-Type: application/json; charset=utf-8
host: localhost:60067
accept: */*

Response DefaultHttpResponse(decodeResult: success, version: HTTP/1.1)
HTTP/1.1 200 OK
Content-Type: application/json; charset=utf-8
cache-control: no-cache
content-length: 88

21:26:23.636 [AsyncHttpClient-1-16] DEBUG org.asynchttpclient.netty.channel.ChannelManager - Adding key: http://localhost:60067 for channel [id: 0x50accba8, L:/127.0.0.1:63994 - R:localhost/127.0.0.1:60067]
21:26:23.637 [Forwarding clickElement on session 464242e55a4eb17569d7e938cff69e90 to remote] DEBUG org.asynchttpclient.netty.request.NettyRequestSender - Using pooled Channel '[id: 0x50accba8, L:/127.0.0.1:63994 - R:localhost/127.0.0.1:60067]' for 'POST' to 'http://localhost:60067/session/464242e55a4eb17569d7e938cff69e90/element/0b3bdfd1-fd68-41bf-8b4f-ca218380e2d3/click'
21:26:23.638 [Forwarding clickElement on session 464242e55a4eb17569d7e938cff69e90 to remote] DEBUG org.asynchttpclient.netty.request.NettyRequestSender - Using open Channel [id: 0x50accba8, L:/127.0.0.1:63994 - R:localhost/127.0.0.1:60067] for POST '/session/464242e55a4eb17569d7e938cff69e90/element/0b3bdfd1-fd68-41bf-8b4f-ca218380e2d3/click'
21:26:23.682 [AsyncHttpClient-1-16] DEBUG org.asynchttpclient.netty.handler.HttpHandler - 

Request DefaultHttpRequest(decodeResult: success, version: HTTP/1.1)
POST /session/464242e55a4eb17569d7e938cff69e90/element/0b3bdfd1-fd68-41bf-8b4f-ca218380e2d3/click HTTP/1.1
User-Agent: selenium/4.1.2 (java windows)
Content-Length: 50
Content-Type: application/json; charset=utf-8
host: localhost:60067
accept: */*

Response DefaultHttpResponse(decodeResult: success, version: HTTP/1.1)
HTTP/1.1 200 OK
Content-Type: application/json; charset=utf-8
cache-control: no-cache
content-length: 14

21:26:23.682 [AsyncHttpClient-1-16] DEBUG org.asynchttpclient.netty.channel.ChannelManager - Adding key: http://localhost:60067 for channel [id: 0x50accba8, L:/127.0.0.1:63994 - R:localhost/127.0.0.1:60067]
  &amp#27;[32mAnd &amp#27;[0m&amp#27;[32mI click login button&amp#27;[0m                      &amp#27;[90m# starter.stepdefinitions.LogInOutSteps.iClickLoginButton()&amp#27;[0m
21:26:23.689 [Forwarding screenshot on session 464242e55a4eb17569d7e938cff69e90 to remote] DEBUG org.asynchttpclient.netty.request.NettyRequestSender - Using pooled Channel '[id: 0x50accba8, L:/127.0.0.1:63994 - R:localhost/127.0.0.1:60067]' for 'GET' to 'http://localhost:60067/session/464242e55a4eb17569d7e938cff69e90/screenshot'
21:26:23.690 [Forwarding screenshot on session 464242e55a4eb17569d7e938cff69e90 to remote] DEBUG org.asynchttpclient.netty.request.NettyRequestSender - Using open Channel [id: 0x50accba8, L:/127.0.0.1:63994 - R:localhost/127.0.0.1:60067] for GET '/session/464242e55a4eb17569d7e938cff69e90/screenshot'
21:26:23.951 [AsyncHttpClient-1-1] DEBUG org.asynchttpclient.netty.channel.DefaultChannelPool - Entry count for : http://localhost:63995 : 1
21:26:24.113 [AsyncHttpClient-1-16] DEBUG org.asynchttpclient.netty.handler.HttpHandler - 

Request DefaultFullHttpRequest(decodeResult: success, version: HTTP/1.1, content: EmptyByteBufBE)
GET /session/464242e55a4eb17569d7e938cff69e90/screenshot HTTP/1.1
User-Agent: selenium/4.1.2 (java windows)
Cache-Control: no-cache
Content-Type: application/json; charset=utf-8
host: localhost:60067
accept: */*

Response DefaultHttpResponse(decodeResult: success, version: HTTP/1.1)
HTTP/1.1 200 OK
Content-Type: application/json; charset=utf-8
cache-control: no-cache
content-length: 46476

21:26:24.114 [AsyncHttpClient-1-16] DEBUG org.asynchttpclient.netty.channel.ChannelManager - Adding key: http://localhost:60067 for channel [id: 0x50accba8, L:/127.0.0.1:63994 - R:localhost/127.0.0.1:60067]
21:26:24.116 [main] DEBUG net.serenitybdd.core.photography.Darkroom - Send negative for processing for target\site\serenity\eeb60f6aaa94b405a1705cf070c34dd93c1ddd00cd200fcd51279d7a1a3447c4.png
21:26:24.116 [Darkroom Processing Line] DEBUG net.serenitybdd.core.photography.DarkroomProcessingLine - Processing screenshot image in /var/screenshots/screenshot-3106005949387754245
21:26:24.116 [Darkroom Processing Line] DEBUG net.serenitybdd.core.photography.DarkroomProcessingLine - Saving screenshot to target\site\serenity\eeb60f6aaa94b405a1705cf070c34dd93c1ddd00cd200fcd51279d7a1a3447c4.png
21:26:24.127 [Forwarding findElement on session 464242e55a4eb17569d7e938cff69e90 to remote] DEBUG org.asynchttpclient.netty.request.NettyRequestSender - Using pooled Channel '[id: 0x50accba8, L:/127.0.0.1:63994 - R:localhost/127.0.0.1:60067]' for 'POST' to 'http://localhost:60067/session/464242e55a4eb17569d7e938cff69e90/element'
21:26:24.127 [Forwarding findElement on session 464242e55a4eb17569d7e938cff69e90 to remote] DEBUG org.asynchttpclient.netty.request.NettyRequestSender - Using open Channel [id: 0x50accba8, L:/127.0.0.1:63994 - R:localhost/127.0.0.1:60067] for POST '/session/464242e55a4eb17569d7e938cff69e90/element'
21:26:25.005 [AsyncHttpClient-1-16] DEBUG org.asynchttpclient.netty.handler.HttpHandler - 

Request DefaultHttpRequest(decodeResult: success, version: HTTP/1.1)
POST /session/464242e55a4eb17569d7e938cff69e90/element HTTP/1.1
User-Agent: selenium/4.1.2 (java windows)
Content-Length: 59
Content-Type: application/json; charset=utf-8
host: localhost:60067
accept: */*

Response DefaultHttpResponse(decodeResult: success, version: HTTP/1.1)
HTTP/1.1 200 OK
Content-Type: application/json; charset=utf-8
cache-control: no-cache
content-length: 88

21:26:25.005 [AsyncHttpClient-1-16] DEBUG org.asynchttpclient.netty.channel.ChannelManager - Adding key: http://localhost:60067 for channel [id: 0x50accba8, L:/127.0.0.1:63994 - R:localhost/127.0.0.1:60067]
21:26:25.012 [Forwarding isElementDisplayed on session 464242e55a4eb17569d7e938cff69e90 to remote] DEBUG org.asynchttpclient.netty.request.NettyRequestSender - Using pooled Channel '[id: 0x50accba8, L:/127.0.0.1:63994 - R:localhost/127.0.0.1:60067]' for 'POST' to 'http://localhost:60067/session/464242e55a4eb17569d7e938cff69e90/execute/sync'
21:26:25.012 [Forwarding isElementDisplayed on session 464242e55a4eb17569d7e938cff69e90 to remote] DEBUG org.asynchttpclient.netty.request.NettyRequestSender - Using open Channel [id: 0x50accba8, L:/127.0.0.1:63994 - R:localhost/127.0.0.1:60067] for POST '/session/464242e55a4eb17569d7e938cff69e90/execute/sync'
21:26:25.028 [AsyncHttpClient-1-16] DEBUG org.asynchttpclient.netty.handler.HttpHandler - 

Request DefaultHttpRequest(decodeResult: success, version: HTTP/1.1)
POST /session/464242e55a4eb17569d7e938cff69e90/execute/sync HTTP/1.1
User-Agent: selenium/4.1.2 (java windows)
Content-Length: 48780
Content-Type: application/json; charset=utf-8
host: localhost:60067
accept: */*

Response DefaultHttpResponse(decodeResult: success, version: HTTP/1.1)
HTTP/1.1 200 OK
Content-Type: application/json; charset=utf-8
cache-control: no-cache
content-length: 14

21:26:25.028 [AsyncHttpClient-1-16] DEBUG org.asynchttpclient.netty.channel.ChannelManager - Adding key: http://localhost:60067 for channel [id: 0x50accba8, L:/127.0.0.1:63994 - R:localhost/127.0.0.1:60067]
21:26:25.031 [Forwarding findElement on session 464242e55a4eb17569d7e938cff69e90 to remote] DEBUG org.asynchttpclient.netty.request.NettyRequestSender - Using pooled Channel '[id: 0x50accba8, L:/127.0.0.1:63994 - R:localhost/127.0.0.1:60067]' for 'POST' to 'http://localhost:60067/session/464242e55a4eb17569d7e938cff69e90/element'
21:26:25.031 [Forwarding findElement on session 464242e55a4eb17569d7e938cff69e90 to remote] DEBUG org.asynchttpclient.netty.request.NettyRequestSender - Using open Channel [id: 0x50accba8, L:/127.0.0.1:63994 - R:localhost/127.0.0.1:60067] for POST '/session/464242e55a4eb17569d7e938cff69e90/element'
21:26:25.039 [AsyncHttpClient-1-16] DEBUG org.asynchttpclient.netty.handler.HttpHandler - 

Request DefaultHttpRequest(decodeResult: success, version: HTTP/1.1)
POST /session/464242e55a4eb17569d7e938cff69e90/element HTTP/1.1
User-Agent: selenium/4.1.2 (java windows)
Content-Length: 59
Content-Type: application/json; charset=utf-8
host: localhost:60067
accept: */*

Response DefaultHttpResponse(decodeResult: success, version: HTTP/1.1)
HTTP/1.1 200 OK
Content-Type: application/json; charset=utf-8
cache-control: no-cache
content-length: 88

21:26:25.039 [AsyncHttpClient-1-16] DEBUG org.asynchttpclient.netty.channel.ChannelManager - Adding key: http://localhost:60067 for channel [id: 0x50accba8, L:/127.0.0.1:63994 - R:localhost/127.0.0.1:60067]
21:26:25.045 [Forwarding isElementDisplayed on session 464242e55a4eb17569d7e938cff69e90 to remote] DEBUG org.asynchttpclient.netty.request.NettyRequestSender - Using pooled Channel '[id: 0x50accba8, L:/127.0.0.1:63994 - R:localhost/127.0.0.1:60067]' for 'POST' to 'http://localhost:60067/session/464242e55a4eb17569d7e938cff69e90/execute/sync'
21:26:25.045 [Forwarding isElementDisplayed on session 464242e55a4eb17569d7e938cff69e90 to remote] DEBUG org.asynchttpclient.netty.request.NettyRequestSender - Using open Channel [id: 0x50accba8, L:/127.0.0.1:63994 - R:localhost/127.0.0.1:60067] for POST '/session/464242e55a4eb17569d7e938cff69e90/execute/sync'
21:26:25.051 [AsyncHttpClient-1-1] DEBUG org.asynchttpclient.netty.channel.DefaultChannelPool - Entry count for : http://localhost:63995 : 1
21:26:25.058 [AsyncHttpClient-1-16] DEBUG org.asynchttpclient.netty.handler.HttpHandler - 

Request DefaultHttpRequest(decodeResult: success, version: HTTP/1.1)
POST /session/464242e55a4eb17569d7e938cff69e90/execute/sync HTTP/1.1
User-Agent: selenium/4.1.2 (java windows)
Content-Length: 48780
Content-Type: application/json; charset=utf-8
host: localhost:60067
accept: */*

Response DefaultHttpResponse(decodeResult: success, version: HTTP/1.1)
HTTP/1.1 200 OK
Content-Type: application/json; charset=utf-8
cache-control: no-cache
content-length: 14

21:26:25.058 [AsyncHttpClient-1-16] DEBUG org.asynchttpclient.netty.channel.ChannelManager - Adding key: http://localhost:60067 for channel [id: 0x50accba8, L:/127.0.0.1:63994 - R:localhost/127.0.0.1:60067]
21:26:25.062 [Forwarding findElement on session 464242e55a4eb17569d7e938cff69e90 to remote] DEBUG org.asynchttpclient.netty.request.NettyRequestSender - Using pooled Channel '[id: 0x50accba8, L:/127.0.0.1:63994 - R:localhost/127.0.0.1:60067]' for 'POST' to 'http://localhost:60067/session/464242e55a4eb17569d7e938cff69e90/element'
21:26:25.062 [Forwarding findElement on session 464242e55a4eb17569d7e938cff69e90 to remote] DEBUG org.asynchttpclient.netty.request.NettyRequestSender - Using open Channel [id: 0x50accba8, L:/127.0.0.1:63994 - R:localhost/127.0.0.1:60067] for POST '/session/464242e55a4eb17569d7e938cff69e90/element'
21:26:25.071 [AsyncHttpClient-1-16] DEBUG org.asynchttpclient.netty.handler.HttpHandler - 

Request DefaultHttpRequest(decodeResult: success, version: HTTP/1.1)
POST /session/464242e55a4eb17569d7e938cff69e90/element HTTP/1.1
User-Agent: selenium/4.1.2 (java windows)
Content-Length: 81
Content-Type: application/json; charset=utf-8
host: localhost:60067
accept: */*

Response DefaultHttpResponse(decodeResult: success, version: HTTP/1.1)
HTTP/1.1 200 OK
Content-Type: application/json; charset=utf-8
cache-control: no-cache
content-length: 88

21:26:25.071 [AsyncHttpClient-1-16] DEBUG org.asynchttpclient.netty.channel.ChannelManager - Adding key: http://localhost:60067 for channel [id: 0x50accba8, L:/127.0.0.1:63994 - R:localhost/127.0.0.1:60067]
21:26:25.073 [Forwarding getElementTagName on session 464242e55a4eb17569d7e938cff69e90 to remote] DEBUG org.asynchttpclient.netty.request.NettyRequestSender - Using pooled Channel '[id: 0x50accba8, L:/127.0.0.1:63994 - R:localhost/127.0.0.1:60067]' for 'GET' to 'http://localhost:60067/session/464242e55a4eb17569d7e938cff69e90/element/0b3bdfd1-fd68-41bf-8b4f-ca218380e2d3/name'
21:26:25.073 [Forwarding getElementTagName on session 464242e55a4eb17569d7e938cff69e90 to remote] DEBUG org.asynchttpclient.netty.request.NettyRequestSender - Using open Channel [id: 0x50accba8, L:/127.0.0.1:63994 - R:localhost/127.0.0.1:60067] for GET '/session/464242e55a4eb17569d7e938cff69e90/element/0b3bdfd1-fd68-41bf-8b4f-ca218380e2d3/name'
21:26:25.077 [AsyncHttpClient-1-16] DEBUG org.asynchttpclient.netty.handler.HttpHandler - 

Request DefaultFullHttpRequest(decodeResult: success, version: HTTP/1.1, content: EmptyByteBufBE)
GET /session/464242e55a4eb17569d7e938cff69e90/element/0b3bdfd1-fd68-41bf-8b4f-ca218380e2d3/name HTTP/1.1
User-Agent: selenium/4.1.2 (java windows)
Cache-Control: no-cache
Content-Type: application/json; charset=utf-8
host: localhost:60067
accept: */*

Response DefaultHttpResponse(decodeResult: success, version: HTTP/1.1)
HTTP/1.1 200 OK
Content-Type: application/json; charset=utf-8
cache-control: no-cache
content-length: 16

21:26:25.077 [AsyncHttpClient-1-16] DEBUG org.asynchttpclient.netty.channel.ChannelManager - Adding key: http://localhost:60067 for channel [id: 0x50accba8, L:/127.0.0.1:63994 - R:localhost/127.0.0.1:60067]
21:26:25.078 [Forwarding getElementTagName on session 464242e55a4eb17569d7e938cff69e90 to remote] DEBUG org.asynchttpclient.netty.request.NettyRequestSender - Using pooled Channel '[id: 0x50accba8, L:/127.0.0.1:63994 - R:localhost/127.0.0.1:60067]' for 'GET' to 'http://localhost:60067/session/464242e55a4eb17569d7e938cff69e90/element/0b3bdfd1-fd68-41bf-8b4f-ca218380e2d3/name'
21:26:25.078 [Forwarding getElementTagName on session 464242e55a4eb17569d7e938cff69e90 to remote] DEBUG org.asynchttpclient.netty.request.NettyRequestSender - Using open Channel [id: 0x50accba8, L:/127.0.0.1:63994 - R:localhost/127.0.0.1:60067] for GET '/session/464242e55a4eb17569d7e938cff69e90/element/0b3bdfd1-fd68-41bf-8b4f-ca218380e2d3/name'
21:26:25.082 [AsyncHttpClient-1-16] DEBUG org.asynchttpclient.netty.handler.HttpHandler - 

Request DefaultFullHttpRequest(decodeResult: success, version: HTTP/1.1, content: EmptyByteBufBE)
GET /session/464242e55a4eb17569d7e938cff69e90/element/0b3bdfd1-fd68-41bf-8b4f-ca218380e2d3/name HTTP/1.1
User-Agent: selenium/4.1.2 (java windows)
Cache-Control: no-cache
Content-Type: application/json; charset=utf-8
host: localhost:60067
accept: */*

Response DefaultHttpResponse(decodeResult: success, version: HTTP/1.1)
HTTP/1.1 200 OK
Content-Type: application/json; charset=utf-8
cache-control: no-cache
content-length: 16

21:26:25.082 [AsyncHttpClient-1-16] DEBUG org.asynchttpclient.netty.channel.ChannelManager - Adding key: http://localhost:60067 for channel [id: 0x50accba8, L:/127.0.0.1:63994 - R:localhost/127.0.0.1:60067]
21:26:25.084 [Forwarding findElement on session 464242e55a4eb17569d7e938cff69e90 to remote] DEBUG org.asynchttpclient.netty.request.NettyRequestSender - Using pooled Channel '[id: 0x50accba8, L:/127.0.0.1:63994 - R:localhost/127.0.0.1:60067]' for 'POST' to 'http://localhost:60067/session/464242e55a4eb17569d7e938cff69e90/element'
21:26:25.084 [Forwarding findElement on session 464242e55a4eb17569d7e938cff69e90 to remote] DEBUG org.asynchttpclient.netty.request.NettyRequestSender - Using open Channel [id: 0x50accba8, L:/127.0.0.1:63994 - R:localhost/127.0.0.1:60067] for POST '/session/464242e55a4eb17569d7e938cff69e90/element'
21:26:25.090 [AsyncHttpClient-1-16] DEBUG org.asynchttpclient.netty.handler.HttpHandler - 

Request DefaultHttpRequest(decodeResult: success, version: HTTP/1.1)
POST /session/464242e55a4eb17569d7e938cff69e90/element HTTP/1.1
User-Agent: selenium/4.1.2 (java windows)
Content-Length: 81
Content-Type: application/json; charset=utf-8
host: localhost:60067
accept: */*

Response DefaultHttpResponse(decodeResult: success, version: HTTP/1.1)
HTTP/1.1 200 OK
Content-Type: application/json; charset=utf-8
cache-control: no-cache
content-length: 88

21:26:25.090 [AsyncHttpClient-1-16] DEBUG org.asynchttpclient.netty.channel.ChannelManager - Adding key: http://localhost:60067 for channel [id: 0x50accba8, L:/127.0.0.1:63994 - R:localhost/127.0.0.1:60067]
21:26:25.092 [Forwarding clickElement on session 464242e55a4eb17569d7e938cff69e90 to remote] DEBUG org.asynchttpclient.netty.request.NettyRequestSender - Using pooled Channel '[id: 0x50accba8, L:/127.0.0.1:63994 - R:localhost/127.0.0.1:60067]' for 'POST' to 'http://localhost:60067/session/464242e55a4eb17569d7e938cff69e90/element/0b3bdfd1-fd68-41bf-8b4f-ca218380e2d3/click'
21:26:25.092 [Forwarding clickElement on session 464242e55a4eb17569d7e938cff69e90 to remote] DEBUG org.asynchttpclient.netty.request.NettyRequestSender - Using open Channel [id: 0x50accba8, L:/127.0.0.1:63994 - R:localhost/127.0.0.1:60067] for POST '/session/464242e55a4eb17569d7e938cff69e90/element/0b3bdfd1-fd68-41bf-8b4f-ca218380e2d3/click'
21:26:25.132 [AsyncHttpClient-1-16] DEBUG org.asynchttpclient.netty.handler.HttpHandler - 

Request DefaultHttpRequest(decodeResult: success, version: HTTP/1.1)
POST /session/464242e55a4eb17569d7e938cff69e90/element/0b3bdfd1-fd68-41bf-8b4f-ca218380e2d3/click HTTP/1.1
User-Agent: selenium/4.1.2 (java windows)
Content-Length: 50
Content-Type: application/json; charset=utf-8
host: localhost:60067
accept: */*

Response DefaultHttpResponse(decodeResult: success, version: HTTP/1.1)
HTTP/1.1 200 OK
Content-Type: application/json; charset=utf-8
cache-control: no-cache
content-length: 14

21:26:25.132 [AsyncHttpClient-1-16] DEBUG org.asynchttpclient.netty.channel.ChannelManager - Adding key: http://localhost:60067 for channel [id: 0x50accba8, L:/127.0.0.1:63994 - R:localhost/127.0.0.1:60067]
  &amp#27;[32mAnd &amp#27;[0m&amp#27;[32mI click login button again&amp#27;[0m                &amp#27;[90m# starter.stepdefinitions.LogInOutSteps.iClickLoginButtonAgain()&amp#27;[0m
21:26:25.140 [Forwarding screenshot on session 464242e55a4eb17569d7e938cff69e90 to remote] DEBUG org.asynchttpclient.netty.request.NettyRequestSender - Using pooled Channel '[id: 0x50accba8, L:/127.0.0.1:63994 - R:localhost/127.0.0.1:60067]' for 'GET' to 'http://localhost:60067/session/464242e55a4eb17569d7e938cff69e90/screenshot'
21:26:25.140 [Forwarding screenshot on session 464242e55a4eb17569d7e938cff69e90 to remote] DEBUG org.asynchttpclient.netty.request.NettyRequestSender - Using open Channel [id: 0x50accba8, L:/127.0.0.1:63994 - R:localhost/127.0.0.1:60067] for GET '/session/464242e55a4eb17569d7e938cff69e90/screenshot'
21:26:25.359 [AsyncHttpClient-1-16] DEBUG org.asynchttpclient.netty.handler.HttpHandler - 

Request DefaultFullHttpRequest(decodeResult: success, version: HTTP/1.1, content: EmptyByteBufBE)
GET /session/464242e55a4eb17569d7e938cff69e90/screenshot HTTP/1.1
User-Agent: selenium/4.1.2 (java windows)
Cache-Control: no-cache
Content-Type: application/json; charset=utf-8
host: localhost:60067
accept: */*

Response DefaultHttpResponse(decodeResult: success, version: HTTP/1.1)
HTTP/1.1 200 OK
Content-Type: application/json; charset=utf-8
cache-control: no-cache
content-length: 46028

21:26:25.359 [AsyncHttpClient-1-16] DEBUG org.asynchttpclient.netty.channel.ChannelManager - Adding key: http://localhost:60067 for channel [id: 0x50accba8, L:/127.0.0.1:63994 - R:localhost/127.0.0.1:60067]
21:26:25.361 [main] DEBUG net.serenitybdd.core.photography.Darkroom - Send negative for processing for target\site\serenity\daf7419fe67e8c547603a0147d5615ee31f749a759301165875e20bd66a3db8a.png
21:26:25.362 [Darkroom Processing Line] DEBUG net.serenitybdd.core.photography.DarkroomProcessingLine - Processing screenshot image in /var/screenshots/screenshot-7450413602107866263
21:26:25.362 [Darkroom Processing Line] DEBUG net.serenitybdd.core.photography.DarkroomProcessingLine - Saving screenshot to target\site\serenity\daf7419fe67e8c547603a0147d5615ee31f749a759301165875e20bd66a3db8a.png
21:26:25.370 [Forwarding findElement on session 464242e55a4eb17569d7e938cff69e90 to remote] DEBUG org.asynchttpclient.netty.request.NettyRequestSender - Using pooled Channel '[id: 0x50accba8, L:/127.0.0.1:63994 - R:localhost/127.0.0.1:60067]' for 'POST' to 'http://localhost:60067/session/464242e55a4eb17569d7e938cff69e90/element'
21:26:25.370 [Forwarding findElement on session 464242e55a4eb17569d7e938cff69e90 to remote] DEBUG org.asynchttpclient.netty.request.NettyRequestSender - Using open Channel [id: 0x50accba8, L:/127.0.0.1:63994 - R:localhost/127.0.0.1:60067] for POST '/session/464242e55a4eb17569d7e938cff69e90/element'
21:26:25.438 [AsyncHttpClient-1-16] DEBUG org.asynchttpclient.netty.handler.HttpHandler - 

Request DefaultHttpRequest(decodeResult: success, version: HTTP/1.1)
POST /session/464242e55a4eb17569d7e938cff69e90/element HTTP/1.1
User-Agent: selenium/4.1.2 (java windows)
Content-Length: 90
Content-Type: application/json; charset=utf-8
host: localhost:60067
accept: */*

Response DefaultHttpResponse(decodeResult: success, version: HTTP/1.1)
HTTP/1.1 200 OK
Content-Type: application/json; charset=utf-8
cache-control: no-cache
content-length: 88

21:26:25.438 [AsyncHttpClient-1-16] DEBUG org.asynchttpclient.netty.channel.ChannelManager - Adding key: http://localhost:60067 for channel [id: 0x50accba8, L:/127.0.0.1:63994 - R:localhost/127.0.0.1:60067]
21:26:25.444 [Forwarding isElementDisplayed on session 464242e55a4eb17569d7e938cff69e90 to remote] DEBUG org.asynchttpclient.netty.request.NettyRequestSender - Using pooled Channel '[id: 0x50accba8, L:/127.0.0.1:63994 - R:localhost/127.0.0.1:60067]' for 'POST' to 'http://localhost:60067/session/464242e55a4eb17569d7e938cff69e90/execute/sync'
21:26:25.444 [Forwarding isElementDisplayed on session 464242e55a4eb17569d7e938cff69e90 to remote] DEBUG org.asynchttpclient.netty.request.NettyRequestSender - Using open Channel [id: 0x50accba8, L:/127.0.0.1:63994 - R:localhost/127.0.0.1:60067] for POST '/session/464242e55a4eb17569d7e938cff69e90/execute/sync'
21:26:25.454 [AsyncHttpClient-1-16] DEBUG org.asynchttpclient.netty.handler.HttpHandler - 

Request DefaultHttpRequest(decodeResult: success, version: HTTP/1.1)
POST /session/464242e55a4eb17569d7e938cff69e90/execute/sync HTTP/1.1
User-Agent: selenium/4.1.2 (java windows)
Content-Length: 48780
Content-Type: application/json; charset=utf-8
host: localhost:60067
accept: */*

Response DefaultHttpResponse(decodeResult: success, version: HTTP/1.1)
HTTP/1.1 200 OK
Content-Type: application/json; charset=utf-8
cache-control: no-cache
content-length: 14

21:26:25.454 [AsyncHttpClient-1-16] DEBUG org.asynchttpclient.netty.channel.ChannelManager - Adding key: http://localhost:60067 for channel [id: 0x50accba8, L:/127.0.0.1:63994 - R:localhost/127.0.0.1:60067]
  &amp#27;[32mThen &amp#27;[0m&amp#27;[32mI get &amp#27;[0m&amp#27;[32m&amp#27;[1m"record not found error"&amp#27;[0m&amp#27;[32m as result&amp#27;[0m &amp#27;[90m# starter.stepdefinitions.LogInOutSteps.iGetResult(java.lang.String)&amp#27;[0m
21:26:25.460 [Forwarding screenshot on session 464242e55a4eb17569d7e938cff69e90 to remote] DEBUG org.asynchttpclient.netty.request.NettyRequestSender - Using pooled Channel '[id: 0x50accba8, L:/127.0.0.1:63994 - R:localhost/127.0.0.1:60067]' for 'GET' to 'http://localhost:60067/session/464242e55a4eb17569d7e938cff69e90/screenshot'
21:26:25.460 [Forwarding screenshot on session 464242e55a4eb17569d7e938cff69e90 to remote] DEBUG org.asynchttpclient.netty.request.NettyRequestSender - Using open Channel [id: 0x50accba8, L:/127.0.0.1:63994 - R:localhost/127.0.0.1:60067] for GET '/session/464242e55a4eb17569d7e938cff69e90/screenshot'
21:26:25.653 [AsyncHttpClient-1-16] DEBUG org.asynchttpclient.netty.handler.HttpHandler - 

Request DefaultFullHttpRequest(decodeResult: success, version: HTTP/1.1, content: EmptyByteBufBE)
GET /session/464242e55a4eb17569d7e938cff69e90/screenshot HTTP/1.1
User-Agent: selenium/4.1.2 (java windows)
Cache-Control: no-cache
Content-Type: application/json; charset=utf-8
host: localhost:60067
accept: */*

Response DefaultHttpResponse(decodeResult: success, version: HTTP/1.1)
HTTP/1.1 200 OK
Content-Type: application/json; charset=utf-8
cache-control: no-cache
content-length: 53140

21:26:25.653 [AsyncHttpClient-1-16] DEBUG org.asynchttpclient.netty.channel.ChannelManager - Adding key: http://localhost:60067 for channel [id: 0x50accba8, L:/127.0.0.1:63994 - R:localhost/127.0.0.1:60067]
21:26:25.656 [main] DEBUG net.serenitybdd.core.photography.Darkroom - Send negative for processing for target\site\serenity\ed0204de7259ef354cd94d21cf72384bb60ce287ac10c8eb17701e447ae8748e.png
21:26:25.656 [Darkroom Processing Line] DEBUG net.serenitybdd.core.photography.DarkroomProcessingLine - Processing screenshot image in /var/screenshots/screenshot-9209107117934627084
21:26:25.656 [Darkroom Processing Line] DEBUG net.serenitybdd.core.photography.DarkroomProcessingLine - Saving screenshot to target\site\serenity\ed0204de7259ef354cd94d21cf72384bb60ce287ac10c8eb17701e447ae8748e.png
21:26:25.661 [AsyncHttpClient-1-2] DEBUG org.asynchttpclient.netty.handler.WebSocketHandler - Channel Closed: [id: 0x38f9e02f, L:/127.0.0.1:64002 ! R:localhost/127.0.0.1:63995] with attribute NettyResponseFuture{currentRetry=5,
	isDone=1,
	isCancelled=0,
	asyncHandler=org.asynchttpclient.ws.WebSocketUpgradeHandler@8e70f68,
	nettyRequest=org.asynchttpclient.netty.request.NettyRequest@6ac99b32,
	future=java.util.concurrent.CompletableFuture@2b2ac715[Completed normally],
	uri=ws://localhost:63995/devtools/browser/91297f82-769b-4f60-9350-77f7b61833c8,
	keepAlive=true,
	redirectCount=0,
	timeoutsHolder=null,
	inAuth=0,
	touch=1667571981736}
21:26:25.661 [AsyncHttpClient-1-2] DEBUG org.asynchttpclient.netty.channel.ChannelManager - Closing Channel [id: 0x38f9e02f, L:/127.0.0.1:64002 ! R:localhost/127.0.0.1:63995] 
21:26:25.661 [Driver Command Executor] DEBUG org.asynchttpclient.netty.request.NettyRequestSender - Using pooled Channel '[id: 0x50accba8, L:/127.0.0.1:63994 - R:localhost/127.0.0.1:60067]' for 'DELETE' to 'http://localhost:60067/session/464242e55a4eb17569d7e938cff69e90'
21:26:25.661 [Driver Command Executor] DEBUG org.asynchttpclient.netty.request.NettyRequestSender - Using open Channel [id: 0x50accba8, L:/127.0.0.1:63994 - R:localhost/127.0.0.1:60067] for DELETE '/session/464242e55a4eb17569d7e938cff69e90'
21:26:25.718 [AsyncHttpClient-1-17] DEBUG org.asynchttpclient.netty.handler.HttpHandler - Unexpected I/O exception on channel [id: 0x6b5481f8, L:/127.0.0.1:64001 - R:localhost/127.0.0.1:63995]
java.net.SocketException: Connection reset
	at java.base/sun.nio.ch.SocketChannelImpl.throwConnectionReset(SocketChannelImpl.java:345)
	at java.base/sun.nio.ch.SocketChannelImpl.read(SocketChannelImpl.java:376)
	at io.netty.buffer.PooledByteBuf.setBytes(PooledByteBuf.java:258)
	at io.netty.buffer.AbstractByteBuf.writeBytes(AbstractByteBuf.java:1132)
	at io.netty.channel.socket.nio.NioSocketChannel.doReadBytes(NioSocketChannel.java:350)
	at io.netty.channel.nio.AbstractNioByteChannel$NioByteUnsafe.read(AbstractNioByteChannel.java:151)
	at io.netty.channel.nio.NioEventLoop.processSelectedKey(NioEventLoop.java:722)
	at io.netty.channel.nio.NioEventLoop.processSelectedKeysOptimized(NioEventLoop.java:658)
	at io.netty.channel.nio.NioEventLoop.processSelectedKeys(NioEventLoop.java:584)
	at io.netty.channel.nio.NioEventLoop.run(NioEventLoop.java:496)
	at io.netty.util.concurrent.SingleThreadEventExecutor$4.run(SingleThreadEventExecutor.java:986)
	at io.netty.util.internal.ThreadExecutorMap$2.run(ThreadExecutorMap.java:74)
	at io.netty.util.concurrent.FastThreadLocalRunnable.run(FastThreadLocalRunnable.java:30)
	at java.base/java.lang.Thread.run(Thread.java:830)
21:26:25.719 [AsyncHttpClient-1-17] DEBUG org.asynchttpclient.netty.channel.ChannelManager - Closing Channel [id: 0x6b5481f8, L:/127.0.0.1:64001 - R:localhost/127.0.0.1:63995] 
21:26:25.719 [AsyncHttpClient-1-17] DEBUG org.asynchttpclient.netty.handler.HttpHandler - Channel Closed: [id: 0x6b5481f8, L:/127.0.0.1:64001 ! R:localhost/127.0.0.1:63995] with attribute DISCARD
21:26:25.740 [AsyncHttpClient-1-16] DEBUG org.asynchttpclient.netty.handler.HttpHandler - 

Request DefaultFullHttpRequest(decodeResult: success, version: HTTP/1.1, content: EmptyByteBufBE)
DELETE /session/464242e55a4eb17569d7e938cff69e90 HTTP/1.1
User-Agent: selenium/4.1.2 (java windows)
Content-Type: application/json; charset=utf-8
host: localhost:60067
accept: */*

Response DefaultHttpResponse(decodeResult: success, version: HTTP/1.1)
HTTP/1.1 200 OK
Content-Type: application/json; charset=utf-8
cache-control: no-cache
content-length: 14

21:26:25.740 [AsyncHttpClient-1-16] DEBUG org.asynchttpclient.netty.channel.ChannelManager - Adding key: http://localhost:60067 for channel [id: 0x50accba8, L:/127.0.0.1:63994 - R:localhost/127.0.0.1:60067]
21:26:25.796 [AsyncHttpClient-1-16] DEBUG org.asynchttpclient.netty.handler.HttpHandler - Channel Closed: [id: 0x50accba8, L:/127.0.0.1:63994 ! R:localhost/127.0.0.1:60067] with attribute DISCARD
21:26:26.150 [AsyncHttpClient-1-1] DEBUG org.asynchttpclient.netty.channel.DefaultChannelPool - Entry count for : http://localhost:60067 : 1
21:26:26.150 [AsyncHttpClient-1-1] DEBUG org.asynchttpclient.netty.channel.DefaultChannelPool - Entry count for : http://localhost:63995 : 1
21:26:26.150 [AsyncHttpClient-1-1] DEBUG org.asynchttpclient.netty.channel.DefaultChannelPool - Adding Candidate expired Channel [id: 0x50accba8, L:/127.0.0.1:63994 ! R:localhost/127.0.0.1:60067] isIdleTimeoutExpired=false isRemotelyClosed=true isTtlExpired=false
21:26:26.150 [AsyncHttpClient-1-1] DEBUG org.asynchttpclient.netty.channel.DefaultChannelPool - Closing Idle Channel [id: 0x50accba8, L:/127.0.0.1:63994 ! R:localhost/127.0.0.1:60067]
21:26:26.150 [AsyncHttpClient-1-1] DEBUG org.asynchttpclient.netty.channel.DefaultChannelPool - Adding Candidate expired Channel [id: 0x6b5481f8, L:/127.0.0.1:64001 ! R:localhost/127.0.0.1:63995] isIdleTimeoutExpired=false isRemotelyClosed=true isTtlExpired=false
21:26:26.150 [AsyncHttpClient-1-1] DEBUG org.asynchttpclient.netty.channel.DefaultChannelPool - Closing Idle Channel [id: 0x6b5481f8, L:/127.0.0.1:64001 ! R:localhost/127.0.0.1:63995]
21:26:26.150 [AsyncHttpClient-1-1] DEBUG org.asynchttpclient.netty.channel.DefaultChannelPool - Closed 2 connections out of 2 in 0 ms
]]></system-out>
    <system-err><![CDATA[Starting ChromeDriver 106.0.5249.61 (511755355844955cd3e264779baf0dd38212a4d0-refs/branch-heads/5249@{#569}) on port 60067
Only local connections are allowed.
Please see https://chromedriver.chromium.org/security-considerations for suggestions on keeping ChromeDriver safe.
ChromeDriver was started successfully.
[1667571981.495][WARNING]: This version of ChromeDriver has not been tested with Chrome version 107.
Nov 04, 2022 9:26:21 PM org.openqa.selenium.remote.ProtocolHandshake createSession
INFO: Detected dialect: W3C
Nov 04, 2022 9:26:21 PM org.openqa.selenium.devtools.CdpVersionFinder findNearestMatch
WARNING: Unable to find an exact match for CDP version 107, so returning the closest version found: a no-op implementation
Nov 04, 2022 9:26:21 PM org.openqa.selenium.devtools.CdpVersionFinder findNearestMatch
INFO: Unable to find CDP implementation matching 107.
Nov 04, 2022 9:26:21 PM org.openqa.selenium.chromium.ChromiumDriver lambda$new$3
WARNING: Unable to find version of CDP to use for . You may need to include a dependency on a specific version of the CDP using something similar to `org.seleniumhq.selenium:selenium-devtools-v86:4.1.2` where the version ("v86") matches the version of the chromium-based browser you're using and the version number of the artifact is the same as Selenium's.
]]></system-err>
  </testcase>
  <testcase name="Login with email and password #5" classname="Login" time="5.999">
    <system-out><![CDATA[
Scenario Outline: Login with email and password &amp#27;[90m# src/test/resources/features/Login.feature:31&amp#27;[0m
21:26:26.336 [main] INFO io.cucumber.core.plugin.SerenityReporter - Running feature from file:///C:/Users/ASUS/Desktop/stupen/miniproject/Web/ASWeb/src/test/resources/features/Login.feature
21:26:26.346 [main] INFO net.serenitybdd.core.webdriver.driverproviders.ChromeDriverProvider - Using automatically driver download
21:26:26.454 [main] DEBUG io.github.bonigarcia.wdm.cache.ResolutionCache - Resolution chrome=107 in cache (valid until 22:24:57 04/11/2022 WIB)
21:26:26.459 [main] DEBUG io.github.bonigarcia.wdm.cache.ResolutionCache - Resolution chrome107=107.0.5304.62 in cache (valid until 21:24:57 05/11/2022 WIB)
21:26:26.460 [main] INFO io.github.bonigarcia.wdm.WebDriverManager - Using chromedriver 107.0.5304.62 (resolved driver for Chrome 107)
21:26:26.479 [main] DEBUG io.github.bonigarcia.wdm.WebDriverManager - Driver chromedriver 107.0.5304.62 found in cache
21:26:26.479 [main] INFO io.github.bonigarcia.wdm.WebDriverManager - Exporting webdriver.chrome.driver as C:\Users\ASUS\.cache\selenium\chromedriver\win32\107.0.5304.62\chromedriver.exe
21:26:26.596 [main] DEBUG net.serenitybdd.core.webdriver.driverproviders.ProvideNewDriver - Instantiating driver
21:26:26.596 [main] DEBUG net.serenitybdd.core.webdriver.driverproviders.ProvideNewDriver - Driver capabilities: Capabilities {acceptInsecureCerts: false, base.url: https://alta-shop.vercel.app/, browserName: chrome, chrome.driver: src/test/resources/webdrive..., driver: chrome, goog:chromeOptions: {args: [], extensions: []}, wait.for.timeout: 10000}
21:26:27.141 [AsyncHttpClient-1-3] DEBUG org.asynchttpclient.netty.channel.NettyConnectListener - Using new Channel '[id: 0x41458b67, L:/127.0.0.1:64019 - R:localhost/127.0.0.1:62516]' for 'POST' to '/session'
21:26:27.916 [AsyncHttpClient-1-3] DEBUG org.asynchttpclient.netty.handler.HttpHandler - 

Request DefaultHttpRequest(decodeResult: success, version: HTTP/1.1)
POST /session HTTP/1.1
User-Agent: selenium/4.1.2 (java windows)
Content-Length: 646
Content-Type: application/json; charset=utf-8
host: localhost:62516
accept: */*

Response DefaultHttpResponse(decodeResult: success, version: HTTP/1.1)
HTTP/1.1 200 OK
Content-Type: application/json; charset=utf-8
cache-control: no-cache
content-length: 789

21:26:27.916 [AsyncHttpClient-1-3] DEBUG org.asynchttpclient.netty.channel.ChannelManager - Adding key: http://localhost:62516 for channel [id: 0x41458b67, L:/127.0.0.1:64019 - R:localhost/127.0.0.1:62516]
21:26:27.926 [AsyncHttpClient-1-4] DEBUG org.asynchttpclient.netty.channel.NettyConnectListener - Using new Channel '[id: 0x40af8e77, L:/127.0.0.1:64026 - R:localhost/127.0.0.1:64020]' for 'GET' to '/json/version'
21:26:27.927 [AsyncHttpClient-1-4] DEBUG org.asynchttpclient.netty.handler.HttpHandler - 

Request DefaultFullHttpRequest(decodeResult: success, version: HTTP/1.1, content: EmptyByteBufBE)
GET /json/version HTTP/1.1
User-Agent: selenium/4.1.2 (java windows)
host: localhost:64020
accept: */*

Response DefaultHttpResponse(decodeResult: success, version: HTTP/1.1)
HTTP/1.1 200 OK
Content-Type: application/json; charset=UTF-8
content-length: 423

21:26:27.927 [AsyncHttpClient-1-4] DEBUG org.asynchttpclient.netty.channel.ChannelManager - Adding key: http://localhost:64020 for channel [id: 0x40af8e77, L:/127.0.0.1:64026 - R:localhost/127.0.0.1:64020]
21:26:27.930 [AsyncHttpClient-1-5] DEBUG org.asynchttpclient.netty.channel.NettyConnectListener - Using new Channel '[id: 0xa344cca2, L:/127.0.0.1:64027 - R:localhost/127.0.0.1:64020]' for 'GET' to '/devtools/browser/8828362a-40e7-422c-87f9-e962540b02f5'
21:26:27.931 [AsyncHttpClient-1-5] DEBUG org.asynchttpclient.netty.handler.WebSocketHandler - 

Request DefaultFullHttpRequest(decodeResult: success, version: HTTP/1.1, content: EmptyByteBufBE)
GET /devtools/browser/8828362a-40e7-422c-87f9-e962540b02f5 HTTP/1.1
upgrade: websocket
connection: upgrade
sec-websocket-key: ENMHGt2RzFvwFIkY6nwlGA==
sec-websocket-version: 13
origin: http://localhost:64020
host: localhost:64020
accept: */*
user-agent: AHC/2.1

Response DefaultHttpResponse(decodeResult: success, version: HTTP/1.1)
HTTP/1.1 101 WebSocket Protocol Handshake
Upgrade: WebSocket
Connection: Upgrade
Sec-WebSocket-Accept: bUuA2t/IJbnX20kwZ1Xpk8Xy34A=

21:26:27.937 [Forwarding get on session 1fe07c90329ab14e04336fe15360bb27 to remote] DEBUG org.asynchttpclient.netty.request.NettyRequestSender - Using pooled Channel '[id: 0x41458b67, L:/127.0.0.1:64019 - R:localhost/127.0.0.1:62516]' for 'POST' to 'http://localhost:62516/session/1fe07c90329ab14e04336fe15360bb27/url'
21:26:27.937 [Forwarding get on session 1fe07c90329ab14e04336fe15360bb27 to remote] DEBUG org.asynchttpclient.netty.request.NettyRequestSender - Using open Channel [id: 0x41458b67, L:/127.0.0.1:64019 - R:localhost/127.0.0.1:62516] for POST '/session/1fe07c90329ab14e04336fe15360bb27/url'
21:26:28.355 [AsyncHttpClient-1-1] DEBUG org.asynchttpclient.netty.channel.DefaultChannelPool - Entry count for : http://localhost:64020 : 1
21:26:28.535 [AsyncHttpClient-1-3] DEBUG org.asynchttpclient.netty.handler.HttpHandler - 

Request DefaultHttpRequest(decodeResult: success, version: HTTP/1.1)
POST /session/1fe07c90329ab14e04336fe15360bb27/url HTTP/1.1
User-Agent: selenium/4.1.2 (java windows)
Content-Length: 74
Content-Type: application/json; charset=utf-8
host: localhost:62516
accept: */*

Response DefaultHttpResponse(decodeResult: success, version: HTTP/1.1)
HTTP/1.1 200 OK
Content-Type: application/json; charset=utf-8
cache-control: no-cache
content-length: 14

21:26:28.535 [AsyncHttpClient-1-3] DEBUG org.asynchttpclient.netty.channel.ChannelManager - Adding key: http://localhost:62516 for channel [id: 0x41458b67, L:/127.0.0.1:64019 - R:localhost/127.0.0.1:62516]
21:26:28.536 [Forwarding setTimeout on session 1fe07c90329ab14e04336fe15360bb27 to remote] DEBUG org.asynchttpclient.netty.request.NettyRequestSender - Using pooled Channel '[id: 0x41458b67, L:/127.0.0.1:64019 - R:localhost/127.0.0.1:62516]' for 'POST' to 'http://localhost:62516/session/1fe07c90329ab14e04336fe15360bb27/timeouts'
21:26:28.536 [Forwarding setTimeout on session 1fe07c90329ab14e04336fe15360bb27 to remote] DEBUG org.asynchttpclient.netty.request.NettyRequestSender - Using open Channel [id: 0x41458b67, L:/127.0.0.1:64019 - R:localhost/127.0.0.1:62516] for POST '/session/1fe07c90329ab14e04336fe15360bb27/timeouts'
21:26:28.537 [AsyncHttpClient-1-3] DEBUG org.asynchttpclient.netty.handler.HttpHandler - 

Request DefaultHttpRequest(decodeResult: success, version: HTTP/1.1)
POST /session/1fe07c90329ab14e04336fe15360bb27/timeouts HTTP/1.1
User-Agent: selenium/4.1.2 (java windows)
Content-Length: 22
Content-Type: application/json; charset=utf-8
host: localhost:62516
accept: */*

Response DefaultHttpResponse(decodeResult: success, version: HTTP/1.1)
HTTP/1.1 200 OK
Content-Type: application/json; charset=utf-8
cache-control: no-cache
content-length: 14

21:26:28.537 [AsyncHttpClient-1-3] DEBUG org.asynchttpclient.netty.channel.ChannelManager - Adding key: http://localhost:62516 for channel [id: 0x41458b67, L:/127.0.0.1:64019 - R:localhost/127.0.0.1:62516]
21:26:28.539 [Forwarding getCurrentUrl on session 1fe07c90329ab14e04336fe15360bb27 to remote] DEBUG org.asynchttpclient.netty.request.NettyRequestSender - Using pooled Channel '[id: 0x41458b67, L:/127.0.0.1:64019 - R:localhost/127.0.0.1:62516]' for 'GET' to 'http://localhost:62516/session/1fe07c90329ab14e04336fe15360bb27/url'
21:26:28.539 [Forwarding getCurrentUrl on session 1fe07c90329ab14e04336fe15360bb27 to remote] DEBUG org.asynchttpclient.netty.request.NettyRequestSender - Using open Channel [id: 0x41458b67, L:/127.0.0.1:64019 - R:localhost/127.0.0.1:62516] for GET '/session/1fe07c90329ab14e04336fe15360bb27/url'
21:26:28.544 [AsyncHttpClient-1-3] DEBUG org.asynchttpclient.netty.handler.HttpHandler - 

Request DefaultFullHttpRequest(decodeResult: success, version: HTTP/1.1, content: EmptyByteBufBE)
GET /session/1fe07c90329ab14e04336fe15360bb27/url HTTP/1.1
User-Agent: selenium/4.1.2 (java windows)
Cache-Control: no-cache
Content-Type: application/json; charset=utf-8
host: localhost:62516
accept: */*

Response DefaultHttpResponse(decodeResult: success, version: HTTP/1.1)
HTTP/1.1 200 OK
Content-Type: application/json; charset=utf-8
cache-control: no-cache
content-length: 51

21:26:28.544 [AsyncHttpClient-1-3] DEBUG org.asynchttpclient.netty.channel.ChannelManager - Adding key: http://localhost:62516 for channel [id: 0x41458b67, L:/127.0.0.1:64019 - R:localhost/127.0.0.1:62516]
  &amp#27;[32mGiven &amp#27;[0m&amp#27;[32mI am in login page&amp#27;[0m                      &amp#27;[90m# starter.stepdefinitions.LogInOutSteps.iAmInLoginPage()&amp#27;[0m
21:26:28.549 [Forwarding screenshot on session 1fe07c90329ab14e04336fe15360bb27 to remote] DEBUG org.asynchttpclient.netty.request.NettyRequestSender - Using pooled Channel '[id: 0x41458b67, L:/127.0.0.1:64019 - R:localhost/127.0.0.1:62516]' for 'GET' to 'http://localhost:62516/session/1fe07c90329ab14e04336fe15360bb27/screenshot'
21:26:28.549 [Forwarding screenshot on session 1fe07c90329ab14e04336fe15360bb27 to remote] DEBUG org.asynchttpclient.netty.request.NettyRequestSender - Using open Channel [id: 0x41458b67, L:/127.0.0.1:64019 - R:localhost/127.0.0.1:62516] for GET '/session/1fe07c90329ab14e04336fe15360bb27/screenshot'
21:26:28.944 [AsyncHttpClient-1-3] DEBUG org.asynchttpclient.netty.handler.HttpHandler - 

Request DefaultFullHttpRequest(decodeResult: success, version: HTTP/1.1, content: EmptyByteBufBE)
GET /session/1fe07c90329ab14e04336fe15360bb27/screenshot HTTP/1.1
User-Agent: selenium/4.1.2 (java windows)
Cache-Control: no-cache
Content-Type: application/json; charset=utf-8
host: localhost:62516
accept: */*

Response DefaultHttpResponse(decodeResult: success, version: HTTP/1.1)
HTTP/1.1 200 OK
Content-Type: application/json; charset=utf-8
cache-control: no-cache
content-length: 38472

21:26:28.944 [AsyncHttpClient-1-3] DEBUG org.asynchttpclient.netty.channel.ChannelManager - Adding key: http://localhost:62516 for channel [id: 0x41458b67, L:/127.0.0.1:64019 - R:localhost/127.0.0.1:62516]
21:26:28.946 [main] DEBUG net.serenitybdd.core.photography.Darkroom - Send negative for processing for target\site\serenity\6c2309ed56aeb278067cd6b3caf368b9f01e276e2bf175d46007f31c90d5af21.png
21:26:28.953 [Forwarding findElement on session 1fe07c90329ab14e04336fe15360bb27 to remote] DEBUG org.asynchttpclient.netty.request.NettyRequestSender - Using pooled Channel '[id: 0x41458b67, L:/127.0.0.1:64019 - R:localhost/127.0.0.1:62516]' for 'POST' to 'http://localhost:62516/session/1fe07c90329ab14e04336fe15360bb27/element'
21:26:28.953 [Forwarding findElement on session 1fe07c90329ab14e04336fe15360bb27 to remote] DEBUG org.asynchttpclient.netty.request.NettyRequestSender - Using open Channel [id: 0x41458b67, L:/127.0.0.1:64019 - R:localhost/127.0.0.1:62516] for POST '/session/1fe07c90329ab14e04336fe15360bb27/element'
21:26:28.964 [AsyncHttpClient-1-3] DEBUG org.asynchttpclient.netty.handler.HttpHandler - 

Request DefaultHttpRequest(decodeResult: success, version: HTTP/1.1)
POST /session/1fe07c90329ab14e04336fe15360bb27/element HTTP/1.1
User-Agent: selenium/4.1.2 (java windows)
Content-Length: 87
Content-Type: application/json; charset=utf-8
host: localhost:62516
accept: */*

Response DefaultHttpResponse(decodeResult: success, version: HTTP/1.1)
HTTP/1.1 200 OK
Content-Type: application/json; charset=utf-8
cache-control: no-cache
content-length: 88

21:26:28.964 [AsyncHttpClient-1-3] DEBUG org.asynchttpclient.netty.channel.ChannelManager - Adding key: http://localhost:62516 for channel [id: 0x41458b67, L:/127.0.0.1:64019 - R:localhost/127.0.0.1:62516]
21:26:28.965 [Forwarding clearElement on session 1fe07c90329ab14e04336fe15360bb27 to remote] DEBUG org.asynchttpclient.netty.request.NettyRequestSender - Using pooled Channel '[id: 0x41458b67, L:/127.0.0.1:64019 - R:localhost/127.0.0.1:62516]' for 'POST' to 'http://localhost:62516/session/1fe07c90329ab14e04336fe15360bb27/element/c90f9620-797b-4686-9633-df1289d5e2b7/clear'
21:26:28.965 [Forwarding clearElement on session 1fe07c90329ab14e04336fe15360bb27 to remote] DEBUG org.asynchttpclient.netty.request.NettyRequestSender - Using open Channel [id: 0x41458b67, L:/127.0.0.1:64019 - R:localhost/127.0.0.1:62516] for POST '/session/1fe07c90329ab14e04336fe15360bb27/element/c90f9620-797b-4686-9633-df1289d5e2b7/clear'
21:26:28.994 [AsyncHttpClient-1-3] DEBUG org.asynchttpclient.netty.handler.HttpHandler - 

Request DefaultHttpRequest(decodeResult: success, version: HTTP/1.1)
POST /session/1fe07c90329ab14e04336fe15360bb27/element/c90f9620-797b-4686-9633-df1289d5e2b7/clear HTTP/1.1
User-Agent: selenium/4.1.2 (java windows)
Content-Length: 50
Content-Type: application/json; charset=utf-8
host: localhost:62516
accept: */*

Response DefaultHttpResponse(decodeResult: success, version: HTTP/1.1)
HTTP/1.1 200 OK
Content-Type: application/json; charset=utf-8
cache-control: no-cache
content-length: 14

21:26:28.994 [AsyncHttpClient-1-3] DEBUG org.asynchttpclient.netty.channel.ChannelManager - Adding key: http://localhost:62516 for channel [id: 0x41458b67, L:/127.0.0.1:64019 - R:localhost/127.0.0.1:62516]
21:26:28.995 [Forwarding sendKeysToElement on session 1fe07c90329ab14e04336fe15360bb27 to remote] DEBUG org.asynchttpclient.netty.request.NettyRequestSender - Using pooled Channel '[id: 0x41458b67, L:/127.0.0.1:64019 - R:localhost/127.0.0.1:62516]' for 'POST' to 'http://localhost:62516/session/1fe07c90329ab14e04336fe15360bb27/element/c90f9620-797b-4686-9633-df1289d5e2b7/value'
21:26:28.995 [Forwarding sendKeysToElement on session 1fe07c90329ab14e04336fe15360bb27 to remote] DEBUG org.asynchttpclient.netty.request.NettyRequestSender - Using open Channel [id: 0x41458b67, L:/127.0.0.1:64019 - R:localhost/127.0.0.1:62516] for POST '/session/1fe07c90329ab14e04336fe15360bb27/element/c90f9620-797b-4686-9633-df1289d5e2b7/value'
21:26:29.031 [AsyncHttpClient-1-3] DEBUG org.asynchttpclient.netty.handler.HttpHandler - 

Request DefaultHttpRequest(decodeResult: success, version: HTTP/1.1)
POST /session/1fe07c90329ab14e04336fe15360bb27/element/c90f9620-797b-4686-9633-df1289d5e2b7/value HTTP/1.1
User-Agent: selenium/4.1.2 (java windows)
Content-Length: 82
Content-Type: application/json; charset=utf-8
host: localhost:62516
accept: */*

Response DefaultHttpResponse(decodeResult: success, version: HTTP/1.1)
HTTP/1.1 200 OK
Content-Type: application/json; charset=utf-8
cache-control: no-cache
content-length: 14

21:26:29.031 [AsyncHttpClient-1-3] DEBUG org.asynchttpclient.netty.channel.ChannelManager - Adding key: http://localhost:62516 for channel [id: 0x41458b67, L:/127.0.0.1:64019 - R:localhost/127.0.0.1:62516]
  &amp#27;[32mWhen &amp#27;[0m&amp#27;[32mI input &amp#27;[0m&amp#27;[32m&amp#27;[1m""&amp#27;[0m&amp#27;[32m email&amp#27;[0m                         &amp#27;[90m# starter.stepdefinitions.LogInOutSteps.iInputEmailEmail(java.lang.String)&amp#27;[0m
21:26:29.038 [Forwarding screenshot on session 1fe07c90329ab14e04336fe15360bb27 to remote] DEBUG org.asynchttpclient.netty.request.NettyRequestSender - Using pooled Channel '[id: 0x41458b67, L:/127.0.0.1:64019 - R:localhost/127.0.0.1:62516]' for 'GET' to 'http://localhost:62516/session/1fe07c90329ab14e04336fe15360bb27/screenshot'
21:26:29.038 [Forwarding screenshot on session 1fe07c90329ab14e04336fe15360bb27 to remote] DEBUG org.asynchttpclient.netty.request.NettyRequestSender - Using open Channel [id: 0x41458b67, L:/127.0.0.1:64019 - R:localhost/127.0.0.1:62516] for GET '/session/1fe07c90329ab14e04336fe15360bb27/screenshot'
21:26:29.179 [AsyncHttpClient-1-3] DEBUG org.asynchttpclient.netty.handler.HttpHandler - 

Request DefaultFullHttpRequest(decodeResult: success, version: HTTP/1.1, content: EmptyByteBufBE)
GET /session/1fe07c90329ab14e04336fe15360bb27/screenshot HTTP/1.1
User-Agent: selenium/4.1.2 (java windows)
Cache-Control: no-cache
Content-Type: application/json; charset=utf-8
host: localhost:62516
accept: */*

Response DefaultHttpResponse(decodeResult: success, version: HTTP/1.1)
HTTP/1.1 200 OK
Content-Type: application/json; charset=utf-8
cache-control: no-cache
content-length: 38780

21:26:29.179 [AsyncHttpClient-1-3] DEBUG org.asynchttpclient.netty.channel.ChannelManager - Adding key: http://localhost:62516 for channel [id: 0x41458b67, L:/127.0.0.1:64019 - R:localhost/127.0.0.1:62516]
21:26:29.181 [main] DEBUG net.serenitybdd.core.photography.Darkroom - Send negative for processing for target\site\serenity\981ebfca5bacbe6f06f59936e1e0884543c7d9db622e0fb11825ecc6898d03c2.png
21:26:29.181 [Darkroom Processing Line] DEBUG net.serenitybdd.core.photography.DarkroomProcessingLine - Processing screenshot image in /var/screenshots/screenshot-18106820065631720953
21:26:29.181 [Darkroom Processing Line] DEBUG net.serenitybdd.core.photography.DarkroomProcessingLine - Saving screenshot to target\site\serenity\981ebfca5bacbe6f06f59936e1e0884543c7d9db622e0fb11825ecc6898d03c2.png
21:26:29.188 [Forwarding findElement on session 1fe07c90329ab14e04336fe15360bb27 to remote] DEBUG org.asynchttpclient.netty.request.NettyRequestSender - Using pooled Channel '[id: 0x41458b67, L:/127.0.0.1:64019 - R:localhost/127.0.0.1:62516]' for 'POST' to 'http://localhost:62516/session/1fe07c90329ab14e04336fe15360bb27/element'
21:26:29.188 [Forwarding findElement on session 1fe07c90329ab14e04336fe15360bb27 to remote] DEBUG org.asynchttpclient.netty.request.NettyRequestSender - Using open Channel [id: 0x41458b67, L:/127.0.0.1:64019 - R:localhost/127.0.0.1:62516] for POST '/session/1fe07c90329ab14e04336fe15360bb27/element'
21:26:29.199 [AsyncHttpClient-1-3] DEBUG org.asynchttpclient.netty.handler.HttpHandler - 

Request DefaultHttpRequest(decodeResult: success, version: HTTP/1.1)
POST /session/1fe07c90329ab14e04336fe15360bb27/element HTTP/1.1
User-Agent: selenium/4.1.2 (java windows)
Content-Length: 90
Content-Type: application/json; charset=utf-8
host: localhost:62516
accept: */*

Response DefaultHttpResponse(decodeResult: success, version: HTTP/1.1)
HTTP/1.1 200 OK
Content-Type: application/json; charset=utf-8
cache-control: no-cache
content-length: 88

21:26:29.199 [AsyncHttpClient-1-3] DEBUG org.asynchttpclient.netty.channel.ChannelManager - Adding key: http://localhost:62516 for channel [id: 0x41458b67, L:/127.0.0.1:64019 - R:localhost/127.0.0.1:62516]
21:26:29.200 [Forwarding clearElement on session 1fe07c90329ab14e04336fe15360bb27 to remote] DEBUG org.asynchttpclient.netty.request.NettyRequestSender - Using pooled Channel '[id: 0x41458b67, L:/127.0.0.1:64019 - R:localhost/127.0.0.1:62516]' for 'POST' to 'http://localhost:62516/session/1fe07c90329ab14e04336fe15360bb27/element/bca9778e-02af-4b15-88b4-68a98863ea6a/clear'
21:26:29.200 [Forwarding clearElement on session 1fe07c90329ab14e04336fe15360bb27 to remote] DEBUG org.asynchttpclient.netty.request.NettyRequestSender - Using open Channel [id: 0x41458b67, L:/127.0.0.1:64019 - R:localhost/127.0.0.1:62516] for POST '/session/1fe07c90329ab14e04336fe15360bb27/element/bca9778e-02af-4b15-88b4-68a98863ea6a/clear'
21:26:29.230 [AsyncHttpClient-1-3] DEBUG org.asynchttpclient.netty.handler.HttpHandler - 

Request DefaultHttpRequest(decodeResult: success, version: HTTP/1.1)
POST /session/1fe07c90329ab14e04336fe15360bb27/element/bca9778e-02af-4b15-88b4-68a98863ea6a/clear HTTP/1.1
User-Agent: selenium/4.1.2 (java windows)
Content-Length: 50
Content-Type: application/json; charset=utf-8
host: localhost:62516
accept: */*

Response DefaultHttpResponse(decodeResult: success, version: HTTP/1.1)
HTTP/1.1 200 OK
Content-Type: application/json; charset=utf-8
cache-control: no-cache
content-length: 14

21:26:29.230 [AsyncHttpClient-1-3] DEBUG org.asynchttpclient.netty.channel.ChannelManager - Adding key: http://localhost:62516 for channel [id: 0x41458b67, L:/127.0.0.1:64019 - R:localhost/127.0.0.1:62516]
21:26:29.231 [Forwarding sendKeysToElement on session 1fe07c90329ab14e04336fe15360bb27 to remote] DEBUG org.asynchttpclient.netty.request.NettyRequestSender - Using pooled Channel '[id: 0x41458b67, L:/127.0.0.1:64019 - R:localhost/127.0.0.1:62516]' for 'POST' to 'http://localhost:62516/session/1fe07c90329ab14e04336fe15360bb27/element/bca9778e-02af-4b15-88b4-68a98863ea6a/value'
21:26:29.231 [Forwarding sendKeysToElement on session 1fe07c90329ab14e04336fe15360bb27 to remote] DEBUG org.asynchttpclient.netty.request.NettyRequestSender - Using open Channel [id: 0x41458b67, L:/127.0.0.1:64019 - R:localhost/127.0.0.1:62516] for POST '/session/1fe07c90329ab14e04336fe15360bb27/element/bca9778e-02af-4b15-88b4-68a98863ea6a/value'
21:26:29.266 [AsyncHttpClient-1-3] DEBUG org.asynchttpclient.netty.handler.HttpHandler - 

Request DefaultHttpRequest(decodeResult: success, version: HTTP/1.1)
POST /session/1fe07c90329ab14e04336fe15360bb27/element/bca9778e-02af-4b15-88b4-68a98863ea6a/value HTTP/1.1
User-Agent: selenium/4.1.2 (java windows)
Content-Length: 82
Content-Type: application/json; charset=utf-8
host: localhost:62516
accept: */*

Response DefaultHttpResponse(decodeResult: success, version: HTTP/1.1)
HTTP/1.1 200 OK
Content-Type: application/json; charset=utf-8
cache-control: no-cache
content-length: 14

21:26:29.266 [AsyncHttpClient-1-3] DEBUG org.asynchttpclient.netty.channel.ChannelManager - Adding key: http://localhost:62516 for channel [id: 0x41458b67, L:/127.0.0.1:64019 - R:localhost/127.0.0.1:62516]
  &amp#27;[32mAnd &amp#27;[0m&amp#27;[32mI input &amp#27;[0m&amp#27;[32m&amp#27;[1m""&amp#27;[0m&amp#27;[32m password&amp#27;[0m                       &amp#27;[90m# starter.stepdefinitions.LogInOutSteps.iInputPasswordPassword(java.lang.String)&amp#27;[0m
21:26:29.272 [Forwarding screenshot on session 1fe07c90329ab14e04336fe15360bb27 to remote] DEBUG org.asynchttpclient.netty.request.NettyRequestSender - Using pooled Channel '[id: 0x41458b67, L:/127.0.0.1:64019 - R:localhost/127.0.0.1:62516]' for 'GET' to 'http://localhost:62516/session/1fe07c90329ab14e04336fe15360bb27/screenshot'
21:26:29.272 [Forwarding screenshot on session 1fe07c90329ab14e04336fe15360bb27 to remote] DEBUG org.asynchttpclient.netty.request.NettyRequestSender - Using open Channel [id: 0x41458b67, L:/127.0.0.1:64019 - R:localhost/127.0.0.1:62516] for GET '/session/1fe07c90329ab14e04336fe15360bb27/screenshot'
21:26:29.425 [AsyncHttpClient-1-3] DEBUG org.asynchttpclient.netty.handler.HttpHandler - 

Request DefaultFullHttpRequest(decodeResult: success, version: HTTP/1.1, content: EmptyByteBufBE)
GET /session/1fe07c90329ab14e04336fe15360bb27/screenshot HTTP/1.1
User-Agent: selenium/4.1.2 (java windows)
Cache-Control: no-cache
Content-Type: application/json; charset=utf-8
host: localhost:62516
accept: */*

Response DefaultHttpResponse(decodeResult: success, version: HTTP/1.1)
HTTP/1.1 200 OK
Content-Type: application/json; charset=utf-8
cache-control: no-cache
content-length: 39228

21:26:29.425 [AsyncHttpClient-1-3] DEBUG org.asynchttpclient.netty.channel.ChannelManager - Adding key: http://localhost:62516 for channel [id: 0x41458b67, L:/127.0.0.1:64019 - R:localhost/127.0.0.1:62516]
21:26:29.427 [main] DEBUG net.serenitybdd.core.photography.Darkroom - Send negative for processing for target\site\serenity\6ce4a4afce40153ee6f238011a02087214ae1753479c5a57e5a743f62d825fef.png
21:26:29.427 [Darkroom Processing Line] DEBUG net.serenitybdd.core.photography.DarkroomProcessingLine - Processing screenshot image in /var/screenshots/screenshot-7945915830428542983
21:26:29.427 [Darkroom Processing Line] DEBUG net.serenitybdd.core.photography.DarkroomProcessingLine - Saving screenshot to target\site\serenity\6ce4a4afce40153ee6f238011a02087214ae1753479c5a57e5a743f62d825fef.png
21:26:29.434 [Forwarding findElement on session 1fe07c90329ab14e04336fe15360bb27 to remote] DEBUG org.asynchttpclient.netty.request.NettyRequestSender - Using pooled Channel '[id: 0x41458b67, L:/127.0.0.1:64019 - R:localhost/127.0.0.1:62516]' for 'POST' to 'http://localhost:62516/session/1fe07c90329ab14e04336fe15360bb27/element'
21:26:29.434 [Forwarding findElement on session 1fe07c90329ab14e04336fe15360bb27 to remote] DEBUG org.asynchttpclient.netty.request.NettyRequestSender - Using open Channel [id: 0x41458b67, L:/127.0.0.1:64019 - R:localhost/127.0.0.1:62516] for POST '/session/1fe07c90329ab14e04336fe15360bb27/element'
21:26:29.446 [AsyncHttpClient-1-3] DEBUG org.asynchttpclient.netty.handler.HttpHandler - 

Request DefaultHttpRequest(decodeResult: success, version: HTTP/1.1)
POST /session/1fe07c90329ab14e04336fe15360bb27/element HTTP/1.1
User-Agent: selenium/4.1.2 (java windows)
Content-Length: 81
Content-Type: application/json; charset=utf-8
host: localhost:62516
accept: */*

Response DefaultHttpResponse(decodeResult: success, version: HTTP/1.1)
HTTP/1.1 200 OK
Content-Type: application/json; charset=utf-8
cache-control: no-cache
content-length: 88

21:26:29.446 [AsyncHttpClient-1-3] DEBUG org.asynchttpclient.netty.channel.ChannelManager - Adding key: http://localhost:62516 for channel [id: 0x41458b67, L:/127.0.0.1:64019 - R:localhost/127.0.0.1:62516]
21:26:29.447 [Forwarding getElementTagName on session 1fe07c90329ab14e04336fe15360bb27 to remote] DEBUG org.asynchttpclient.netty.request.NettyRequestSender - Using pooled Channel '[id: 0x41458b67, L:/127.0.0.1:64019 - R:localhost/127.0.0.1:62516]' for 'GET' to 'http://localhost:62516/session/1fe07c90329ab14e04336fe15360bb27/element/7131ce12-78e0-4d0c-89b0-ee6e451c40bf/name'
21:26:29.447 [Forwarding getElementTagName on session 1fe07c90329ab14e04336fe15360bb27 to remote] DEBUG org.asynchttpclient.netty.request.NettyRequestSender - Using open Channel [id: 0x41458b67, L:/127.0.0.1:64019 - R:localhost/127.0.0.1:62516] for GET '/session/1fe07c90329ab14e04336fe15360bb27/element/7131ce12-78e0-4d0c-89b0-ee6e451c40bf/name'
21:26:29.451 [AsyncHttpClient-1-1] DEBUG org.asynchttpclient.netty.channel.DefaultChannelPool - Entry count for : http://localhost:64020 : 1
21:26:29.451 [AsyncHttpClient-1-3] DEBUG org.asynchttpclient.netty.handler.HttpHandler - 

Request DefaultFullHttpRequest(decodeResult: success, version: HTTP/1.1, content: EmptyByteBufBE)
GET /session/1fe07c90329ab14e04336fe15360bb27/element/7131ce12-78e0-4d0c-89b0-ee6e451c40bf/name HTTP/1.1
User-Agent: selenium/4.1.2 (java windows)
Cache-Control: no-cache
Content-Type: application/json; charset=utf-8
host: localhost:62516
accept: */*

Response DefaultHttpResponse(decodeResult: success, version: HTTP/1.1)
HTTP/1.1 200 OK
Content-Type: application/json; charset=utf-8
cache-control: no-cache
content-length: 16

21:26:29.452 [AsyncHttpClient-1-3] DEBUG org.asynchttpclient.netty.channel.ChannelManager - Adding key: http://localhost:62516 for channel [id: 0x41458b67, L:/127.0.0.1:64019 - R:localhost/127.0.0.1:62516]
21:26:29.453 [Forwarding getElementTagName on session 1fe07c90329ab14e04336fe15360bb27 to remote] DEBUG org.asynchttpclient.netty.request.NettyRequestSender - Using pooled Channel '[id: 0x41458b67, L:/127.0.0.1:64019 - R:localhost/127.0.0.1:62516]' for 'GET' to 'http://localhost:62516/session/1fe07c90329ab14e04336fe15360bb27/element/7131ce12-78e0-4d0c-89b0-ee6e451c40bf/name'
21:26:29.453 [Forwarding getElementTagName on session 1fe07c90329ab14e04336fe15360bb27 to remote] DEBUG org.asynchttpclient.netty.request.NettyRequestSender - Using open Channel [id: 0x41458b67, L:/127.0.0.1:64019 - R:localhost/127.0.0.1:62516] for GET '/session/1fe07c90329ab14e04336fe15360bb27/element/7131ce12-78e0-4d0c-89b0-ee6e451c40bf/name'
21:26:29.457 [AsyncHttpClient-1-3] DEBUG org.asynchttpclient.netty.handler.HttpHandler - 

Request DefaultFullHttpRequest(decodeResult: success, version: HTTP/1.1, content: EmptyByteBufBE)
GET /session/1fe07c90329ab14e04336fe15360bb27/element/7131ce12-78e0-4d0c-89b0-ee6e451c40bf/name HTTP/1.1
User-Agent: selenium/4.1.2 (java windows)
Cache-Control: no-cache
Content-Type: application/json; charset=utf-8
host: localhost:62516
accept: */*

Response DefaultHttpResponse(decodeResult: success, version: HTTP/1.1)
HTTP/1.1 200 OK
Content-Type: application/json; charset=utf-8
cache-control: no-cache
content-length: 16

21:26:29.458 [AsyncHttpClient-1-3] DEBUG org.asynchttpclient.netty.channel.ChannelManager - Adding key: http://localhost:62516 for channel [id: 0x41458b67, L:/127.0.0.1:64019 - R:localhost/127.0.0.1:62516]
21:26:29.460 [Forwarding findElement on session 1fe07c90329ab14e04336fe15360bb27 to remote] DEBUG org.asynchttpclient.netty.request.NettyRequestSender - Using pooled Channel '[id: 0x41458b67, L:/127.0.0.1:64019 - R:localhost/127.0.0.1:62516]' for 'POST' to 'http://localhost:62516/session/1fe07c90329ab14e04336fe15360bb27/element'
21:26:29.460 [Forwarding findElement on session 1fe07c90329ab14e04336fe15360bb27 to remote] DEBUG org.asynchttpclient.netty.request.NettyRequestSender - Using open Channel [id: 0x41458b67, L:/127.0.0.1:64019 - R:localhost/127.0.0.1:62516] for POST '/session/1fe07c90329ab14e04336fe15360bb27/element'
21:26:29.466 [AsyncHttpClient-1-3] DEBUG org.asynchttpclient.netty.handler.HttpHandler - 

Request DefaultHttpRequest(decodeResult: success, version: HTTP/1.1)
POST /session/1fe07c90329ab14e04336fe15360bb27/element HTTP/1.1
User-Agent: selenium/4.1.2 (java windows)
Content-Length: 81
Content-Type: application/json; charset=utf-8
host: localhost:62516
accept: */*

Response DefaultHttpResponse(decodeResult: success, version: HTTP/1.1)
HTTP/1.1 200 OK
Content-Type: application/json; charset=utf-8
cache-control: no-cache
content-length: 88

21:26:29.466 [AsyncHttpClient-1-3] DEBUG org.asynchttpclient.netty.channel.ChannelManager - Adding key: http://localhost:62516 for channel [id: 0x41458b67, L:/127.0.0.1:64019 - R:localhost/127.0.0.1:62516]
21:26:29.467 [Forwarding clickElement on session 1fe07c90329ab14e04336fe15360bb27 to remote] DEBUG org.asynchttpclient.netty.request.NettyRequestSender - Using pooled Channel '[id: 0x41458b67, L:/127.0.0.1:64019 - R:localhost/127.0.0.1:62516]' for 'POST' to 'http://localhost:62516/session/1fe07c90329ab14e04336fe15360bb27/element/7131ce12-78e0-4d0c-89b0-ee6e451c40bf/click'
21:26:29.467 [Forwarding clickElement on session 1fe07c90329ab14e04336fe15360bb27 to remote] DEBUG org.asynchttpclient.netty.request.NettyRequestSender - Using open Channel [id: 0x41458b67, L:/127.0.0.1:64019 - R:localhost/127.0.0.1:62516] for POST '/session/1fe07c90329ab14e04336fe15360bb27/element/7131ce12-78e0-4d0c-89b0-ee6e451c40bf/click'
21:26:29.511 [AsyncHttpClient-1-3] DEBUG org.asynchttpclient.netty.handler.HttpHandler - 

Request DefaultHttpRequest(decodeResult: success, version: HTTP/1.1)
POST /session/1fe07c90329ab14e04336fe15360bb27/element/7131ce12-78e0-4d0c-89b0-ee6e451c40bf/click HTTP/1.1
User-Agent: selenium/4.1.2 (java windows)
Content-Length: 50
Content-Type: application/json; charset=utf-8
host: localhost:62516
accept: */*

Response DefaultHttpResponse(decodeResult: success, version: HTTP/1.1)
HTTP/1.1 200 OK
Content-Type: application/json; charset=utf-8
cache-control: no-cache
content-length: 14

21:26:29.511 [AsyncHttpClient-1-3] DEBUG org.asynchttpclient.netty.channel.ChannelManager - Adding key: http://localhost:62516 for channel [id: 0x41458b67, L:/127.0.0.1:64019 - R:localhost/127.0.0.1:62516]
  &amp#27;[32mAnd &amp#27;[0m&amp#27;[32mI click login button&amp#27;[0m                      &amp#27;[90m# starter.stepdefinitions.LogInOutSteps.iClickLoginButton()&amp#27;[0m
21:26:29.517 [Forwarding screenshot on session 1fe07c90329ab14e04336fe15360bb27 to remote] DEBUG org.asynchttpclient.netty.request.NettyRequestSender - Using pooled Channel '[id: 0x41458b67, L:/127.0.0.1:64019 - R:localhost/127.0.0.1:62516]' for 'GET' to 'http://localhost:62516/session/1fe07c90329ab14e04336fe15360bb27/screenshot'
21:26:29.517 [Forwarding screenshot on session 1fe07c90329ab14e04336fe15360bb27 to remote] DEBUG org.asynchttpclient.netty.request.NettyRequestSender - Using open Channel [id: 0x41458b67, L:/127.0.0.1:64019 - R:localhost/127.0.0.1:62516] for GET '/session/1fe07c90329ab14e04336fe15360bb27/screenshot'
21:26:29.678 [AsyncHttpClient-1-3] DEBUG org.asynchttpclient.netty.handler.HttpHandler - 

Request DefaultFullHttpRequest(decodeResult: success, version: HTTP/1.1, content: EmptyByteBufBE)
GET /session/1fe07c90329ab14e04336fe15360bb27/screenshot HTTP/1.1
User-Agent: selenium/4.1.2 (java windows)
Cache-Control: no-cache
Content-Type: application/json; charset=utf-8
host: localhost:62516
accept: */*

Response DefaultHttpResponse(decodeResult: success, version: HTTP/1.1)
HTTP/1.1 200 OK
Content-Type: application/json; charset=utf-8
cache-control: no-cache
content-length: 39488

21:26:29.678 [AsyncHttpClient-1-3] DEBUG org.asynchttpclient.netty.channel.ChannelManager - Adding key: http://localhost:62516 for channel [id: 0x41458b67, L:/127.0.0.1:64019 - R:localhost/127.0.0.1:62516]
21:26:29.681 [main] DEBUG net.serenitybdd.core.photography.Darkroom - Send negative for processing for target\site\serenity\4d29234d0d860e5f9003ea5e794dbec85773f84c08f5632150af6ec41882ba8f.png
21:26:29.681 [Darkroom Processing Line] DEBUG net.serenitybdd.core.photography.DarkroomProcessingLine - Processing screenshot image in /var/screenshots/screenshot-5561876869561054200
21:26:29.681 [Darkroom Processing Line] DEBUG net.serenitybdd.core.photography.DarkroomProcessingLine - Saving screenshot to target\site\serenity\4d29234d0d860e5f9003ea5e794dbec85773f84c08f5632150af6ec41882ba8f.png
21:26:29.694 [Forwarding findElement on session 1fe07c90329ab14e04336fe15360bb27 to remote] DEBUG org.asynchttpclient.netty.request.NettyRequestSender - Using pooled Channel '[id: 0x41458b67, L:/127.0.0.1:64019 - R:localhost/127.0.0.1:62516]' for 'POST' to 'http://localhost:62516/session/1fe07c90329ab14e04336fe15360bb27/element'
21:26:29.694 [Forwarding findElement on session 1fe07c90329ab14e04336fe15360bb27 to remote] DEBUG org.asynchttpclient.netty.request.NettyRequestSender - Using open Channel [id: 0x41458b67, L:/127.0.0.1:64019 - R:localhost/127.0.0.1:62516] for POST '/session/1fe07c90329ab14e04336fe15360bb27/element'
21:26:30.550 [AsyncHttpClient-1-1] DEBUG org.asynchttpclient.netty.channel.DefaultChannelPool - Entry count for : http://localhost:64020 : 1
21:26:30.968 [AsyncHttpClient-1-3] DEBUG org.asynchttpclient.netty.handler.HttpHandler - 

Request DefaultHttpRequest(decodeResult: success, version: HTTP/1.1)
POST /session/1fe07c90329ab14e04336fe15360bb27/element HTTP/1.1
User-Agent: selenium/4.1.2 (java windows)
Content-Length: 59
Content-Type: application/json; charset=utf-8
host: localhost:62516
accept: */*

Response DefaultHttpResponse(decodeResult: success, version: HTTP/1.1)
HTTP/1.1 200 OK
Content-Type: application/json; charset=utf-8
cache-control: no-cache
content-length: 88

21:26:30.969 [AsyncHttpClient-1-3] DEBUG org.asynchttpclient.netty.channel.ChannelManager - Adding key: http://localhost:62516 for channel [id: 0x41458b67, L:/127.0.0.1:64019 - R:localhost/127.0.0.1:62516]
21:26:30.973 [Forwarding isElementDisplayed on session 1fe07c90329ab14e04336fe15360bb27 to remote] DEBUG org.asynchttpclient.netty.request.NettyRequestSender - Using pooled Channel '[id: 0x41458b67, L:/127.0.0.1:64019 - R:localhost/127.0.0.1:62516]' for 'POST' to 'http://localhost:62516/session/1fe07c90329ab14e04336fe15360bb27/execute/sync'
21:26:30.973 [Forwarding isElementDisplayed on session 1fe07c90329ab14e04336fe15360bb27 to remote] DEBUG org.asynchttpclient.netty.request.NettyRequestSender - Using open Channel [id: 0x41458b67, L:/127.0.0.1:64019 - R:localhost/127.0.0.1:62516] for POST '/session/1fe07c90329ab14e04336fe15360bb27/execute/sync'
21:26:30.987 [AsyncHttpClient-1-3] DEBUG org.asynchttpclient.netty.handler.HttpHandler - 

Request DefaultHttpRequest(decodeResult: success, version: HTTP/1.1)
POST /session/1fe07c90329ab14e04336fe15360bb27/execute/sync HTTP/1.1
User-Agent: selenium/4.1.2 (java windows)
Content-Length: 48780
Content-Type: application/json; charset=utf-8
host: localhost:62516
accept: */*

Response DefaultHttpResponse(decodeResult: success, version: HTTP/1.1)
HTTP/1.1 200 OK
Content-Type: application/json; charset=utf-8
cache-control: no-cache
content-length: 14

21:26:30.987 [AsyncHttpClient-1-3] DEBUG org.asynchttpclient.netty.channel.ChannelManager - Adding key: http://localhost:62516 for channel [id: 0x41458b67, L:/127.0.0.1:64019 - R:localhost/127.0.0.1:62516]
21:26:30.990 [Forwarding findElement on session 1fe07c90329ab14e04336fe15360bb27 to remote] DEBUG org.asynchttpclient.netty.request.NettyRequestSender - Using pooled Channel '[id: 0x41458b67, L:/127.0.0.1:64019 - R:localhost/127.0.0.1:62516]' for 'POST' to 'http://localhost:62516/session/1fe07c90329ab14e04336fe15360bb27/element'
21:26:30.990 [Forwarding findElement on session 1fe07c90329ab14e04336fe15360bb27 to remote] DEBUG org.asynchttpclient.netty.request.NettyRequestSender - Using open Channel [id: 0x41458b67, L:/127.0.0.1:64019 - R:localhost/127.0.0.1:62516] for POST '/session/1fe07c90329ab14e04336fe15360bb27/element'
21:26:30.996 [AsyncHttpClient-1-3] DEBUG org.asynchttpclient.netty.handler.HttpHandler - 

Request DefaultHttpRequest(decodeResult: success, version: HTTP/1.1)
POST /session/1fe07c90329ab14e04336fe15360bb27/element HTTP/1.1
User-Agent: selenium/4.1.2 (java windows)
Content-Length: 59
Content-Type: application/json; charset=utf-8
host: localhost:62516
accept: */*

Response DefaultHttpResponse(decodeResult: success, version: HTTP/1.1)
HTTP/1.1 200 OK
Content-Type: application/json; charset=utf-8
cache-control: no-cache
content-length: 88

21:26:30.997 [AsyncHttpClient-1-3] DEBUG org.asynchttpclient.netty.channel.ChannelManager - Adding key: http://localhost:62516 for channel [id: 0x41458b67, L:/127.0.0.1:64019 - R:localhost/127.0.0.1:62516]
21:26:30.999 [Forwarding isElementDisplayed on session 1fe07c90329ab14e04336fe15360bb27 to remote] DEBUG org.asynchttpclient.netty.request.NettyRequestSender - Using pooled Channel '[id: 0x41458b67, L:/127.0.0.1:64019 - R:localhost/127.0.0.1:62516]' for 'POST' to 'http://localhost:62516/session/1fe07c90329ab14e04336fe15360bb27/execute/sync'
21:26:30.999 [Forwarding isElementDisplayed on session 1fe07c90329ab14e04336fe15360bb27 to remote] DEBUG org.asynchttpclient.netty.request.NettyRequestSender - Using open Channel [id: 0x41458b67, L:/127.0.0.1:64019 - R:localhost/127.0.0.1:62516] for POST '/session/1fe07c90329ab14e04336fe15360bb27/execute/sync'
21:26:31.012 [AsyncHttpClient-1-3] DEBUG org.asynchttpclient.netty.handler.HttpHandler - 

Request DefaultHttpRequest(decodeResult: success, version: HTTP/1.1)
POST /session/1fe07c90329ab14e04336fe15360bb27/execute/sync HTTP/1.1
User-Agent: selenium/4.1.2 (java windows)
Content-Length: 48780
Content-Type: application/json; charset=utf-8
host: localhost:62516
accept: */*

Response DefaultHttpResponse(decodeResult: success, version: HTTP/1.1)
HTTP/1.1 200 OK
Content-Type: application/json; charset=utf-8
cache-control: no-cache
content-length: 14

21:26:31.012 [AsyncHttpClient-1-3] DEBUG org.asynchttpclient.netty.channel.ChannelManager - Adding key: http://localhost:62516 for channel [id: 0x41458b67, L:/127.0.0.1:64019 - R:localhost/127.0.0.1:62516]
21:26:31.016 [Forwarding findElement on session 1fe07c90329ab14e04336fe15360bb27 to remote] DEBUG org.asynchttpclient.netty.request.NettyRequestSender - Using pooled Channel '[id: 0x41458b67, L:/127.0.0.1:64019 - R:localhost/127.0.0.1:62516]' for 'POST' to 'http://localhost:62516/session/1fe07c90329ab14e04336fe15360bb27/element'
21:26:31.016 [Forwarding findElement on session 1fe07c90329ab14e04336fe15360bb27 to remote] DEBUG org.asynchttpclient.netty.request.NettyRequestSender - Using open Channel [id: 0x41458b67, L:/127.0.0.1:64019 - R:localhost/127.0.0.1:62516] for POST '/session/1fe07c90329ab14e04336fe15360bb27/element'
21:26:31.024 [AsyncHttpClient-1-3] DEBUG org.asynchttpclient.netty.handler.HttpHandler - 

Request DefaultHttpRequest(decodeResult: success, version: HTTP/1.1)
POST /session/1fe07c90329ab14e04336fe15360bb27/element HTTP/1.1
User-Agent: selenium/4.1.2 (java windows)
Content-Length: 81
Content-Type: application/json; charset=utf-8
host: localhost:62516
accept: */*

Response DefaultHttpResponse(decodeResult: success, version: HTTP/1.1)
HTTP/1.1 200 OK
Content-Type: application/json; charset=utf-8
cache-control: no-cache
content-length: 88

21:26:31.024 [AsyncHttpClient-1-3] DEBUG org.asynchttpclient.netty.channel.ChannelManager - Adding key: http://localhost:62516 for channel [id: 0x41458b67, L:/127.0.0.1:64019 - R:localhost/127.0.0.1:62516]
21:26:31.025 [Forwarding getElementTagName on session 1fe07c90329ab14e04336fe15360bb27 to remote] DEBUG org.asynchttpclient.netty.request.NettyRequestSender - Using pooled Channel '[id: 0x41458b67, L:/127.0.0.1:64019 - R:localhost/127.0.0.1:62516]' for 'GET' to 'http://localhost:62516/session/1fe07c90329ab14e04336fe15360bb27/element/7131ce12-78e0-4d0c-89b0-ee6e451c40bf/name'
21:26:31.025 [Forwarding getElementTagName on session 1fe07c90329ab14e04336fe15360bb27 to remote] DEBUG org.asynchttpclient.netty.request.NettyRequestSender - Using open Channel [id: 0x41458b67, L:/127.0.0.1:64019 - R:localhost/127.0.0.1:62516] for GET '/session/1fe07c90329ab14e04336fe15360bb27/element/7131ce12-78e0-4d0c-89b0-ee6e451c40bf/name'
21:26:31.030 [AsyncHttpClient-1-3] DEBUG org.asynchttpclient.netty.handler.HttpHandler - 

Request DefaultFullHttpRequest(decodeResult: success, version: HTTP/1.1, content: EmptyByteBufBE)
GET /session/1fe07c90329ab14e04336fe15360bb27/element/7131ce12-78e0-4d0c-89b0-ee6e451c40bf/name HTTP/1.1
User-Agent: selenium/4.1.2 (java windows)
Cache-Control: no-cache
Content-Type: application/json; charset=utf-8
host: localhost:62516
accept: */*

Response DefaultHttpResponse(decodeResult: success, version: HTTP/1.1)
HTTP/1.1 200 OK
Content-Type: application/json; charset=utf-8
cache-control: no-cache
content-length: 16

21:26:31.030 [AsyncHttpClient-1-3] DEBUG org.asynchttpclient.netty.channel.ChannelManager - Adding key: http://localhost:62516 for channel [id: 0x41458b67, L:/127.0.0.1:64019 - R:localhost/127.0.0.1:62516]
21:26:31.031 [Forwarding getElementTagName on session 1fe07c90329ab14e04336fe15360bb27 to remote] DEBUG org.asynchttpclient.netty.request.NettyRequestSender - Using pooled Channel '[id: 0x41458b67, L:/127.0.0.1:64019 - R:localhost/127.0.0.1:62516]' for 'GET' to 'http://localhost:62516/session/1fe07c90329ab14e04336fe15360bb27/element/7131ce12-78e0-4d0c-89b0-ee6e451c40bf/name'
21:26:31.032 [Forwarding getElementTagName on session 1fe07c90329ab14e04336fe15360bb27 to remote] DEBUG org.asynchttpclient.netty.request.NettyRequestSender - Using open Channel [id: 0x41458b67, L:/127.0.0.1:64019 - R:localhost/127.0.0.1:62516] for GET '/session/1fe07c90329ab14e04336fe15360bb27/element/7131ce12-78e0-4d0c-89b0-ee6e451c40bf/name'
21:26:31.036 [AsyncHttpClient-1-3] DEBUG org.asynchttpclient.netty.handler.HttpHandler - 

Request DefaultFullHttpRequest(decodeResult: success, version: HTTP/1.1, content: EmptyByteBufBE)
GET /session/1fe07c90329ab14e04336fe15360bb27/element/7131ce12-78e0-4d0c-89b0-ee6e451c40bf/name HTTP/1.1
User-Agent: selenium/4.1.2 (java windows)
Cache-Control: no-cache
Content-Type: application/json; charset=utf-8
host: localhost:62516
accept: */*

Response DefaultHttpResponse(decodeResult: success, version: HTTP/1.1)
HTTP/1.1 200 OK
Content-Type: application/json; charset=utf-8
cache-control: no-cache
content-length: 16

21:26:31.036 [AsyncHttpClient-1-3] DEBUG org.asynchttpclient.netty.channel.ChannelManager - Adding key: http://localhost:62516 for channel [id: 0x41458b67, L:/127.0.0.1:64019 - R:localhost/127.0.0.1:62516]
21:26:31.038 [Forwarding findElement on session 1fe07c90329ab14e04336fe15360bb27 to remote] DEBUG org.asynchttpclient.netty.request.NettyRequestSender - Using pooled Channel '[id: 0x41458b67, L:/127.0.0.1:64019 - R:localhost/127.0.0.1:62516]' for 'POST' to 'http://localhost:62516/session/1fe07c90329ab14e04336fe15360bb27/element'
21:26:31.038 [Forwarding findElement on session 1fe07c90329ab14e04336fe15360bb27 to remote] DEBUG org.asynchttpclient.netty.request.NettyRequestSender - Using open Channel [id: 0x41458b67, L:/127.0.0.1:64019 - R:localhost/127.0.0.1:62516] for POST '/session/1fe07c90329ab14e04336fe15360bb27/element'
21:26:31.048 [AsyncHttpClient-1-3] DEBUG org.asynchttpclient.netty.handler.HttpHandler - 

Request DefaultHttpRequest(decodeResult: success, version: HTTP/1.1)
POST /session/1fe07c90329ab14e04336fe15360bb27/element HTTP/1.1
User-Agent: selenium/4.1.2 (java windows)
Content-Length: 81
Content-Type: application/json; charset=utf-8
host: localhost:62516
accept: */*

Response DefaultHttpResponse(decodeResult: success, version: HTTP/1.1)
HTTP/1.1 200 OK
Content-Type: application/json; charset=utf-8
cache-control: no-cache
content-length: 88

21:26:31.048 [AsyncHttpClient-1-3] DEBUG org.asynchttpclient.netty.channel.ChannelManager - Adding key: http://localhost:62516 for channel [id: 0x41458b67, L:/127.0.0.1:64019 - R:localhost/127.0.0.1:62516]
21:26:31.049 [Forwarding clickElement on session 1fe07c90329ab14e04336fe15360bb27 to remote] DEBUG org.asynchttpclient.netty.request.NettyRequestSender - Using pooled Channel '[id: 0x41458b67, L:/127.0.0.1:64019 - R:localhost/127.0.0.1:62516]' for 'POST' to 'http://localhost:62516/session/1fe07c90329ab14e04336fe15360bb27/element/7131ce12-78e0-4d0c-89b0-ee6e451c40bf/click'
21:26:31.049 [Forwarding clickElement on session 1fe07c90329ab14e04336fe15360bb27 to remote] DEBUG org.asynchttpclient.netty.request.NettyRequestSender - Using open Channel [id: 0x41458b67, L:/127.0.0.1:64019 - R:localhost/127.0.0.1:62516] for POST '/session/1fe07c90329ab14e04336fe15360bb27/element/7131ce12-78e0-4d0c-89b0-ee6e451c40bf/click'
21:26:31.083 [AsyncHttpClient-1-3] DEBUG org.asynchttpclient.netty.handler.HttpHandler - 

Request DefaultHttpRequest(decodeResult: success, version: HTTP/1.1)
POST /session/1fe07c90329ab14e04336fe15360bb27/element/7131ce12-78e0-4d0c-89b0-ee6e451c40bf/click HTTP/1.1
User-Agent: selenium/4.1.2 (java windows)
Content-Length: 50
Content-Type: application/json; charset=utf-8
host: localhost:62516
accept: */*

Response DefaultHttpResponse(decodeResult: success, version: HTTP/1.1)
HTTP/1.1 200 OK
Content-Type: application/json; charset=utf-8
cache-control: no-cache
content-length: 14

21:26:31.083 [AsyncHttpClient-1-3] DEBUG org.asynchttpclient.netty.channel.ChannelManager - Adding key: http://localhost:62516 for channel [id: 0x41458b67, L:/127.0.0.1:64019 - R:localhost/127.0.0.1:62516]
  &amp#27;[32mAnd &amp#27;[0m&amp#27;[32mI click login button again&amp#27;[0m                &amp#27;[90m# starter.stepdefinitions.LogInOutSteps.iClickLoginButtonAgain()&amp#27;[0m
21:26:31.087 [Forwarding screenshot on session 1fe07c90329ab14e04336fe15360bb27 to remote] DEBUG org.asynchttpclient.netty.request.NettyRequestSender - Using pooled Channel '[id: 0x41458b67, L:/127.0.0.1:64019 - R:localhost/127.0.0.1:62516]' for 'GET' to 'http://localhost:62516/session/1fe07c90329ab14e04336fe15360bb27/screenshot'
21:26:31.088 [Forwarding screenshot on session 1fe07c90329ab14e04336fe15360bb27 to remote] DEBUG org.asynchttpclient.netty.request.NettyRequestSender - Using open Channel [id: 0x41458b67, L:/127.0.0.1:64019 - R:localhost/127.0.0.1:62516] for GET '/session/1fe07c90329ab14e04336fe15360bb27/screenshot'
21:26:31.300 [AsyncHttpClient-1-3] DEBUG org.asynchttpclient.netty.handler.HttpHandler - 

Request DefaultFullHttpRequest(decodeResult: success, version: HTTP/1.1, content: EmptyByteBufBE)
GET /session/1fe07c90329ab14e04336fe15360bb27/screenshot HTTP/1.1
User-Agent: selenium/4.1.2 (java windows)
Cache-Control: no-cache
Content-Type: application/json; charset=utf-8
host: localhost:62516
accept: */*

Response DefaultHttpResponse(decodeResult: success, version: HTTP/1.1)
HTTP/1.1 200 OK
Content-Type: application/json; charset=utf-8
cache-control: no-cache
content-length: 38248

21:26:31.300 [AsyncHttpClient-1-3] DEBUG org.asynchttpclient.netty.channel.ChannelManager - Adding key: http://localhost:62516 for channel [id: 0x41458b67, L:/127.0.0.1:64019 - R:localhost/127.0.0.1:62516]
21:26:31.302 [main] DEBUG net.serenitybdd.core.photography.Darkroom - Send negative for processing for target\site\serenity\1c2ef703ecaf78e11b9ec6af2ae81a007eac4bd21869f78f26677f4b7ade7703.png
21:26:31.303 [Darkroom Processing Line] DEBUG net.serenitybdd.core.photography.DarkroomProcessingLine - Processing screenshot image in /var/screenshots/screenshot-7353644849752792679
21:26:31.303 [Darkroom Processing Line] DEBUG net.serenitybdd.core.photography.DarkroomProcessingLine - Saving screenshot to target\site\serenity\1c2ef703ecaf78e11b9ec6af2ae81a007eac4bd21869f78f26677f4b7ade7703.png
21:26:31.311 [Forwarding findElement on session 1fe07c90329ab14e04336fe15360bb27 to remote] DEBUG org.asynchttpclient.netty.request.NettyRequestSender - Using pooled Channel '[id: 0x41458b67, L:/127.0.0.1:64019 - R:localhost/127.0.0.1:62516]' for 'POST' to 'http://localhost:62516/session/1fe07c90329ab14e04336fe15360bb27/element'
21:26:31.311 [Forwarding findElement on session 1fe07c90329ab14e04336fe15360bb27 to remote] DEBUG org.asynchttpclient.netty.request.NettyRequestSender - Using open Channel [id: 0x41458b67, L:/127.0.0.1:64019 - R:localhost/127.0.0.1:62516] for POST '/session/1fe07c90329ab14e04336fe15360bb27/element'
21:26:31.387 [AsyncHttpClient-1-3] DEBUG org.asynchttpclient.netty.handler.HttpHandler - 

Request DefaultHttpRequest(decodeResult: success, version: HTTP/1.1)
POST /session/1fe07c90329ab14e04336fe15360bb27/element HTTP/1.1
User-Agent: selenium/4.1.2 (java windows)
Content-Length: 82
Content-Type: application/json; charset=utf-8
host: localhost:62516
accept: */*

Response DefaultHttpResponse(decodeResult: success, version: HTTP/1.1)
HTTP/1.1 200 OK
Content-Type: application/json; charset=utf-8
cache-control: no-cache
content-length: 88

21:26:31.388 [AsyncHttpClient-1-3] DEBUG org.asynchttpclient.netty.channel.ChannelManager - Adding key: http://localhost:62516 for channel [id: 0x41458b67, L:/127.0.0.1:64019 - R:localhost/127.0.0.1:62516]
21:26:31.392 [Forwarding isElementDisplayed on session 1fe07c90329ab14e04336fe15360bb27 to remote] DEBUG org.asynchttpclient.netty.request.NettyRequestSender - Using pooled Channel '[id: 0x41458b67, L:/127.0.0.1:64019 - R:localhost/127.0.0.1:62516]' for 'POST' to 'http://localhost:62516/session/1fe07c90329ab14e04336fe15360bb27/execute/sync'
21:26:31.392 [Forwarding isElementDisplayed on session 1fe07c90329ab14e04336fe15360bb27 to remote] DEBUG org.asynchttpclient.netty.request.NettyRequestSender - Using open Channel [id: 0x41458b67, L:/127.0.0.1:64019 - R:localhost/127.0.0.1:62516] for POST '/session/1fe07c90329ab14e04336fe15360bb27/execute/sync'
21:26:31.401 [AsyncHttpClient-1-3] DEBUG org.asynchttpclient.netty.handler.HttpHandler - 

Request DefaultHttpRequest(decodeResult: success, version: HTTP/1.1)
POST /session/1fe07c90329ab14e04336fe15360bb27/execute/sync HTTP/1.1
User-Agent: selenium/4.1.2 (java windows)
Content-Length: 48780
Content-Type: application/json; charset=utf-8
host: localhost:62516
accept: */*

Response DefaultHttpResponse(decodeResult: success, version: HTTP/1.1)
HTTP/1.1 200 OK
Content-Type: application/json; charset=utf-8
cache-control: no-cache
content-length: 14

21:26:31.401 [AsyncHttpClient-1-3] DEBUG org.asynchttpclient.netty.channel.ChannelManager - Adding key: http://localhost:62516 for channel [id: 0x41458b67, L:/127.0.0.1:64019 - R:localhost/127.0.0.1:62516]
  &amp#27;[32mThen &amp#27;[0m&amp#27;[32mI get &amp#27;[0m&amp#27;[32m&amp#27;[1m"email error"&amp#27;[0m&amp#27;[32m as result&amp#27;[0m            &amp#27;[90m# starter.stepdefinitions.LogInOutSteps.iGetResult(java.lang.String)&amp#27;[0m
21:26:31.404 [Forwarding screenshot on session 1fe07c90329ab14e04336fe15360bb27 to remote] DEBUG org.asynchttpclient.netty.request.NettyRequestSender - Using pooled Channel '[id: 0x41458b67, L:/127.0.0.1:64019 - R:localhost/127.0.0.1:62516]' for 'GET' to 'http://localhost:62516/session/1fe07c90329ab14e04336fe15360bb27/screenshot'
21:26:31.404 [Forwarding screenshot on session 1fe07c90329ab14e04336fe15360bb27 to remote] DEBUG org.asynchttpclient.netty.request.NettyRequestSender - Using open Channel [id: 0x41458b67, L:/127.0.0.1:64019 - R:localhost/127.0.0.1:62516] for GET '/session/1fe07c90329ab14e04336fe15360bb27/screenshot'
21:26:31.632 [AsyncHttpClient-1-3] DEBUG org.asynchttpclient.netty.handler.HttpHandler - 

Request DefaultFullHttpRequest(decodeResult: success, version: HTTP/1.1, content: EmptyByteBufBE)
GET /session/1fe07c90329ab14e04336fe15360bb27/screenshot HTTP/1.1
User-Agent: selenium/4.1.2 (java windows)
Cache-Control: no-cache
Content-Type: application/json; charset=utf-8
host: localhost:62516
accept: */*

Response DefaultHttpResponse(decodeResult: success, version: HTTP/1.1)
HTTP/1.1 200 OK
Content-Type: application/json; charset=utf-8
cache-control: no-cache
content-length: 44768

21:26:31.633 [AsyncHttpClient-1-3] DEBUG org.asynchttpclient.netty.channel.ChannelManager - Adding key: http://localhost:62516 for channel [id: 0x41458b67, L:/127.0.0.1:64019 - R:localhost/127.0.0.1:62516]
21:26:31.635 [main] DEBUG net.serenitybdd.core.photography.Darkroom - Send negative for processing for target\site\serenity\0a631955d2df36ca917c7cd40aa9dcc59761d42595093f53c23b0c9a77f5ab2c.png
21:26:31.635 [Darkroom Processing Line] DEBUG net.serenitybdd.core.photography.DarkroomProcessingLine - Processing screenshot image in /var/screenshots/screenshot-5988113376975415249
21:26:31.635 [Darkroom Processing Line] DEBUG net.serenitybdd.core.photography.DarkroomProcessingLine - Saving screenshot to target\site\serenity\0a631955d2df36ca917c7cd40aa9dcc59761d42595093f53c23b0c9a77f5ab2c.png
21:26:31.643 [AsyncHttpClient-1-5] DEBUG org.asynchttpclient.netty.handler.WebSocketHandler - Channel Closed: [id: 0xa344cca2, L:/127.0.0.1:64027 ! R:localhost/127.0.0.1:64020] with attribute NettyResponseFuture{currentRetry=5,
	isDone=1,
	isCancelled=0,
	asyncHandler=org.asynchttpclient.ws.WebSocketUpgradeHandler@671730e,
	nettyRequest=org.asynchttpclient.netty.request.NettyRequest@60d33846,
	future=java.util.concurrent.CompletableFuture@1781cf1c[Completed normally],
	uri=ws://localhost:64020/devtools/browser/8828362a-40e7-422c-87f9-e962540b02f5,
	keepAlive=true,
	redirectCount=0,
	timeoutsHolder=null,
	inAuth=0,
	touch=1667571987931}
21:26:31.643 [AsyncHttpClient-1-5] DEBUG org.asynchttpclient.netty.channel.ChannelManager - Closing Channel [id: 0xa344cca2, L:/127.0.0.1:64027 ! R:localhost/127.0.0.1:64020] 
21:26:31.643 [Driver Command Executor] DEBUG org.asynchttpclient.netty.request.NettyRequestSender - Using pooled Channel '[id: 0x41458b67, L:/127.0.0.1:64019 - R:localhost/127.0.0.1:62516]' for 'DELETE' to 'http://localhost:62516/session/1fe07c90329ab14e04336fe15360bb27'
21:26:31.643 [Driver Command Executor] DEBUG org.asynchttpclient.netty.request.NettyRequestSender - Using open Channel [id: 0x41458b67, L:/127.0.0.1:64019 - R:localhost/127.0.0.1:62516] for DELETE '/session/1fe07c90329ab14e04336fe15360bb27'
21:26:31.651 [AsyncHttpClient-1-1] DEBUG org.asynchttpclient.netty.channel.DefaultChannelPool - Entry count for : http://localhost:64020 : 1
21:26:31.694 [AsyncHttpClient-1-4] DEBUG org.asynchttpclient.netty.handler.HttpHandler - Unexpected I/O exception on channel [id: 0x40af8e77, L:/127.0.0.1:64026 - R:localhost/127.0.0.1:64020]
java.net.SocketException: Connection reset
	at java.base/sun.nio.ch.SocketChannelImpl.throwConnectionReset(SocketChannelImpl.java:345)
	at java.base/sun.nio.ch.SocketChannelImpl.read(SocketChannelImpl.java:376)
	at io.netty.buffer.PooledByteBuf.setBytes(PooledByteBuf.java:258)
	at io.netty.buffer.AbstractByteBuf.writeBytes(AbstractByteBuf.java:1132)
	at io.netty.channel.socket.nio.NioSocketChannel.doReadBytes(NioSocketChannel.java:350)
	at io.netty.channel.nio.AbstractNioByteChannel$NioByteUnsafe.read(AbstractNioByteChannel.java:151)
	at io.netty.channel.nio.NioEventLoop.processSelectedKey(NioEventLoop.java:722)
	at io.netty.channel.nio.NioEventLoop.processSelectedKeysOptimized(NioEventLoop.java:658)
	at io.netty.channel.nio.NioEventLoop.processSelectedKeys(NioEventLoop.java:584)
	at io.netty.channel.nio.NioEventLoop.run(NioEventLoop.java:496)
	at io.netty.util.concurrent.SingleThreadEventExecutor$4.run(SingleThreadEventExecutor.java:986)
	at io.netty.util.internal.ThreadExecutorMap$2.run(ThreadExecutorMap.java:74)
	at io.netty.util.concurrent.FastThreadLocalRunnable.run(FastThreadLocalRunnable.java:30)
	at java.base/java.lang.Thread.run(Thread.java:830)
21:26:31.694 [AsyncHttpClient-1-4] DEBUG org.asynchttpclient.netty.channel.ChannelManager - Closing Channel [id: 0x40af8e77, L:/127.0.0.1:64026 - R:localhost/127.0.0.1:64020] 
21:26:31.695 [AsyncHttpClient-1-4] DEBUG org.asynchttpclient.netty.handler.HttpHandler - Channel Closed: [id: 0x40af8e77, L:/127.0.0.1:64026 ! R:localhost/127.0.0.1:64020] with attribute DISCARD
21:26:31.715 [AsyncHttpClient-1-3] DEBUG org.asynchttpclient.netty.handler.HttpHandler - 

Request DefaultFullHttpRequest(decodeResult: success, version: HTTP/1.1, content: EmptyByteBufBE)
DELETE /session/1fe07c90329ab14e04336fe15360bb27 HTTP/1.1
User-Agent: selenium/4.1.2 (java windows)
Content-Type: application/json; charset=utf-8
host: localhost:62516
accept: */*

Response DefaultHttpResponse(decodeResult: success, version: HTTP/1.1)
HTTP/1.1 200 OK
Content-Type: application/json; charset=utf-8
cache-control: no-cache
content-length: 14

21:26:31.715 [AsyncHttpClient-1-3] DEBUG org.asynchttpclient.netty.channel.ChannelManager - Adding key: http://localhost:62516 for channel [id: 0x41458b67, L:/127.0.0.1:64019 - R:localhost/127.0.0.1:62516]
21:26:31.781 [AsyncHttpClient-1-3] DEBUG org.asynchttpclient.netty.handler.HttpHandler - Channel Closed: [id: 0x41458b67, L:/127.0.0.1:64019 ! R:localhost/127.0.0.1:62516] with attribute DISCARD
]]></system-out>
    <system-err><![CDATA[Starting ChromeDriver 106.0.5249.61 (511755355844955cd3e264779baf0dd38212a4d0-refs/branch-heads/5249@{#569}) on port 62516
Only local connections are allowed.
Please see https://chromedriver.chromium.org/security-considerations for suggestions on keeping ChromeDriver safe.
ChromeDriver was started successfully.
[1667571987.772][WARNING]: This version of ChromeDriver has not been tested with Chrome version 107.
Nov 04, 2022 9:26:27 PM org.openqa.selenium.remote.ProtocolHandshake createSession
INFO: Detected dialect: W3C
Nov 04, 2022 9:26:27 PM org.openqa.selenium.devtools.CdpVersionFinder findNearestMatch
WARNING: Unable to find an exact match for CDP version 107, so returning the closest version found: a no-op implementation
Nov 04, 2022 9:26:27 PM org.openqa.selenium.devtools.CdpVersionFinder findNearestMatch
INFO: Unable to find CDP implementation matching 107.
Nov 04, 2022 9:26:27 PM org.openqa.selenium.chromium.ChromiumDriver lambda$new$3
WARNING: Unable to find version of CDP to use for . You may need to include a dependency on a specific version of the CDP using something similar to `org.seleniumhq.selenium:selenium-devtools-v86:4.1.2` where the version ("v86") matches the version of the chromium-based browser you're using and the version number of the artifact is the same as Selenium's.
]]></system-err>
  </testcase>
  <testcase name="Logout" classname="Logout" time="5.384">
    <system-out><![CDATA[21:26:32.324 [main] INFO io.cucumber.core.plugin.SerenityReporter - Running feature from file:///C:/Users/ASUS/Desktop/stupen/miniproject/Web/ASWeb/src/test/resources/features/Logout.feature
21:26:32.329 [main] DEBUG net.thucydides.core.steps.StepEventBus - Test suite started for story net.thucydides.core.model.Story@7960de68
21:26:32.329 [main] INFO  - Test Suite Started: Logout

Scenario: Logout                      &amp#27;[90m# src/test/resources/features/Logout.feature:6&amp#27;[0m
21:26:32.348 [main] INFO io.cucumber.core.plugin.SerenityReporter - Running feature from file:///C:/Users/ASUS/Desktop/stupen/miniproject/Web/ASWeb/src/test/resources/features/Logout.feature
21:26:32.353 [main] INFO  - 
  _____   ___   ___   _____     ___   _____     _     ___   _____   ___   ___  
 |_   _| | __| / __| |_   _|   / __| |_   _|   /_\   | _ \ |_   _| | __| |   \ 
   | |   | _|  \__ \   | |     \__ \   | |    / _ \  |   /   | |   | _|  | |) |
   |_|   |___| |___/   |_|     |___/   |_|   /_/ \_\ |_|_\   |_|   |___| |___/ 

Logout(logout;logout)
--------------------------------------------------------------------------------
21:26:32.372 [main] INFO net.serenitybdd.core.webdriver.driverproviders.ChromeDriverProvider - Using automatically driver download
21:26:32.477 [main] DEBUG io.github.bonigarcia.wdm.cache.ResolutionCache - Resolution chrome=107 in cache (valid until 22:24:57 04/11/2022 WIB)
21:26:32.481 [main] DEBUG io.github.bonigarcia.wdm.cache.ResolutionCache - Resolution chrome107=107.0.5304.62 in cache (valid until 21:24:57 05/11/2022 WIB)
21:26:32.483 [main] INFO io.github.bonigarcia.wdm.WebDriverManager - Using chromedriver 107.0.5304.62 (resolved driver for Chrome 107)
21:26:32.492 [main] DEBUG io.github.bonigarcia.wdm.WebDriverManager - Driver chromedriver 107.0.5304.62 found in cache
21:26:32.492 [main] INFO io.github.bonigarcia.wdm.WebDriverManager - Exporting webdriver.chrome.driver as C:\Users\ASUS\.cache\selenium\chromedriver\win32\107.0.5304.62\chromedriver.exe
21:26:32.596 [main] DEBUG net.serenitybdd.core.webdriver.driverproviders.ProvideNewDriver - Instantiating driver
21:26:32.596 [main] DEBUG net.serenitybdd.core.webdriver.driverproviders.ProvideNewDriver - Driver capabilities: Capabilities {acceptInsecureCerts: false, base.url: https://alta-shop.vercel.app/, browserName: chrome, chrome.driver: src/test/resources/webdrive..., driver: chrome, goog:chromeOptions: {args: [], extensions: []}, wait.for.timeout: 10000}
21:26:32.750 [AsyncHttpClient-1-1] DEBUG org.asynchttpclient.netty.channel.DefaultChannelPool - Entry count for : http://localhost:62516 : 1
21:26:32.750 [AsyncHttpClient-1-1] DEBUG org.asynchttpclient.netty.channel.DefaultChannelPool - Entry count for : http://localhost:64020 : 1
21:26:32.750 [AsyncHttpClient-1-1] DEBUG org.asynchttpclient.netty.channel.DefaultChannelPool - Adding Candidate expired Channel [id: 0x41458b67, L:/127.0.0.1:64019 ! R:localhost/127.0.0.1:62516] isIdleTimeoutExpired=false isRemotelyClosed=true isTtlExpired=false
21:26:32.750 [AsyncHttpClient-1-1] DEBUG org.asynchttpclient.netty.channel.DefaultChannelPool - Closing Idle Channel [id: 0x41458b67, L:/127.0.0.1:64019 ! R:localhost/127.0.0.1:62516]
21:26:32.750 [AsyncHttpClient-1-1] DEBUG org.asynchttpclient.netty.channel.DefaultChannelPool - Adding Candidate expired Channel [id: 0x40af8e77, L:/127.0.0.1:64026 ! R:localhost/127.0.0.1:64020] isIdleTimeoutExpired=false isRemotelyClosed=true isTtlExpired=false
21:26:32.750 [AsyncHttpClient-1-1] DEBUG org.asynchttpclient.netty.channel.DefaultChannelPool - Closing Idle Channel [id: 0x40af8e77, L:/127.0.0.1:64026 ! R:localhost/127.0.0.1:64020]
21:26:32.750 [AsyncHttpClient-1-1] DEBUG org.asynchttpclient.netty.channel.DefaultChannelPool - Closed 2 connections out of 2 in 0 ms
21:26:33.143 [AsyncHttpClient-1-6] DEBUG org.asynchttpclient.netty.channel.NettyConnectListener - Using new Channel '[id: 0xdfb2579d, L:/127.0.0.1:64046 - R:localhost/127.0.0.1:60600]' for 'POST' to '/session'
21:26:33.954 [AsyncHttpClient-1-6] DEBUG org.asynchttpclient.netty.handler.HttpHandler - 

Request DefaultHttpRequest(decodeResult: success, version: HTTP/1.1)
POST /session HTTP/1.1
User-Agent: selenium/4.1.2 (java windows)
Content-Length: 646
Content-Type: application/json; charset=utf-8
host: localhost:60600
accept: */*

Response DefaultHttpResponse(decodeResult: success, version: HTTP/1.1)
HTTP/1.1 200 OK
Content-Type: application/json; charset=utf-8
cache-control: no-cache
content-length: 786

21:26:33.954 [AsyncHttpClient-1-6] DEBUG org.asynchttpclient.netty.channel.ChannelManager - Adding key: http://localhost:60600 for channel [id: 0xdfb2579d, L:/127.0.0.1:64046 - R:localhost/127.0.0.1:60600]
21:26:33.970 [AsyncHttpClient-1-7] DEBUG org.asynchttpclient.netty.channel.NettyConnectListener - Using new Channel '[id: 0x3518cd7b, L:/127.0.0.1:64053 - R:localhost/127.0.0.1:64047]' for 'GET' to '/json/version'
21:26:33.971 [AsyncHttpClient-1-7] DEBUG org.asynchttpclient.netty.handler.HttpHandler - 

Request DefaultFullHttpRequest(decodeResult: success, version: HTTP/1.1, content: EmptyByteBufBE)
GET /json/version HTTP/1.1
User-Agent: selenium/4.1.2 (java windows)
host: localhost:64047
accept: */*

Response DefaultHttpResponse(decodeResult: success, version: HTTP/1.1)
HTTP/1.1 200 OK
Content-Type: application/json; charset=UTF-8
content-length: 423

21:26:33.971 [AsyncHttpClient-1-7] DEBUG org.asynchttpclient.netty.channel.ChannelManager - Adding key: http://localhost:64047 for channel [id: 0x3518cd7b, L:/127.0.0.1:64053 - R:localhost/127.0.0.1:64047]
21:26:33.975 [AsyncHttpClient-1-8] DEBUG org.asynchttpclient.netty.channel.NettyConnectListener - Using new Channel '[id: 0xa8579256, L:/127.0.0.1:64054 - R:localhost/127.0.0.1:64047]' for 'GET' to '/devtools/browser/9bcc879e-4a8e-4872-a200-4c97d05a5f81'
21:26:33.976 [AsyncHttpClient-1-8] DEBUG org.asynchttpclient.netty.handler.WebSocketHandler - 

Request DefaultFullHttpRequest(decodeResult: success, version: HTTP/1.1, content: EmptyByteBufBE)
GET /devtools/browser/9bcc879e-4a8e-4872-a200-4c97d05a5f81 HTTP/1.1
upgrade: websocket
connection: upgrade
sec-websocket-key: oosAJqBcO84kvCI41kzC1g==
sec-websocket-version: 13
origin: http://localhost:64047
host: localhost:64047
accept: */*
user-agent: AHC/2.1

Response DefaultHttpResponse(decodeResult: success, version: HTTP/1.1)
HTTP/1.1 101 WebSocket Protocol Handshake
Upgrade: WebSocket
Connection: Upgrade
Sec-WebSocket-Accept: PuAr4EqN0kXOqCNIQRquf7ZAN6g=

21:26:33.982 [Forwarding get on session c76a941bb42f541277ef1e5ae889f133 to remote] DEBUG org.asynchttpclient.netty.request.NettyRequestSender - Using pooled Channel '[id: 0xdfb2579d, L:/127.0.0.1:64046 - R:localhost/127.0.0.1:60600]' for 'POST' to 'http://localhost:60600/session/c76a941bb42f541277ef1e5ae889f133/url'
21:26:33.982 [Forwarding get on session c76a941bb42f541277ef1e5ae889f133 to remote] DEBUG org.asynchttpclient.netty.request.NettyRequestSender - Using open Channel [id: 0xdfb2579d, L:/127.0.0.1:64046 - R:localhost/127.0.0.1:60600] for POST '/session/c76a941bb42f541277ef1e5ae889f133/url'
21:26:34.627 [AsyncHttpClient-1-6] DEBUG org.asynchttpclient.netty.handler.HttpHandler - 

Request DefaultHttpRequest(decodeResult: success, version: HTTP/1.1)
POST /session/c76a941bb42f541277ef1e5ae889f133/url HTTP/1.1
User-Agent: selenium/4.1.2 (java windows)
Content-Length: 74
Content-Type: application/json; charset=utf-8
host: localhost:60600
accept: */*

Response DefaultHttpResponse(decodeResult: success, version: HTTP/1.1)
HTTP/1.1 200 OK
Content-Type: application/json; charset=utf-8
cache-control: no-cache
content-length: 14

21:26:34.627 [AsyncHttpClient-1-6] DEBUG org.asynchttpclient.netty.channel.ChannelManager - Adding key: http://localhost:60600 for channel [id: 0xdfb2579d, L:/127.0.0.1:64046 - R:localhost/127.0.0.1:60600]
21:26:34.628 [Forwarding setTimeout on session c76a941bb42f541277ef1e5ae889f133 to remote] DEBUG org.asynchttpclient.netty.request.NettyRequestSender - Using pooled Channel '[id: 0xdfb2579d, L:/127.0.0.1:64046 - R:localhost/127.0.0.1:60600]' for 'POST' to 'http://localhost:60600/session/c76a941bb42f541277ef1e5ae889f133/timeouts'
21:26:34.628 [Forwarding setTimeout on session c76a941bb42f541277ef1e5ae889f133 to remote] DEBUG org.asynchttpclient.netty.request.NettyRequestSender - Using open Channel [id: 0xdfb2579d, L:/127.0.0.1:64046 - R:localhost/127.0.0.1:60600] for POST '/session/c76a941bb42f541277ef1e5ae889f133/timeouts'
21:26:34.629 [AsyncHttpClient-1-6] DEBUG org.asynchttpclient.netty.handler.HttpHandler - 

Request DefaultHttpRequest(decodeResult: success, version: HTTP/1.1)
POST /session/c76a941bb42f541277ef1e5ae889f133/timeouts HTTP/1.1
User-Agent: selenium/4.1.2 (java windows)
Content-Length: 22
Content-Type: application/json; charset=utf-8
host: localhost:60600
accept: */*

Response DefaultHttpResponse(decodeResult: success, version: HTTP/1.1)
HTTP/1.1 200 OK
Content-Type: application/json; charset=utf-8
cache-control: no-cache
content-length: 14

21:26:34.629 [AsyncHttpClient-1-6] DEBUG org.asynchttpclient.netty.channel.ChannelManager - Adding key: http://localhost:60600 for channel [id: 0xdfb2579d, L:/127.0.0.1:64046 - R:localhost/127.0.0.1:60600]
21:26:34.632 [Forwarding getCurrentUrl on session c76a941bb42f541277ef1e5ae889f133 to remote] DEBUG org.asynchttpclient.netty.request.NettyRequestSender - Using pooled Channel '[id: 0xdfb2579d, L:/127.0.0.1:64046 - R:localhost/127.0.0.1:60600]' for 'GET' to 'http://localhost:60600/session/c76a941bb42f541277ef1e5ae889f133/url'
21:26:34.632 [Forwarding getCurrentUrl on session c76a941bb42f541277ef1e5ae889f133 to remote] DEBUG org.asynchttpclient.netty.request.NettyRequestSender - Using open Channel [id: 0xdfb2579d, L:/127.0.0.1:64046 - R:localhost/127.0.0.1:60600] for GET '/session/c76a941bb42f541277ef1e5ae889f133/url'
21:26:34.636 [AsyncHttpClient-1-6] DEBUG org.asynchttpclient.netty.handler.HttpHandler - 

Request DefaultFullHttpRequest(decodeResult: success, version: HTTP/1.1, content: EmptyByteBufBE)
GET /session/c76a941bb42f541277ef1e5ae889f133/url HTTP/1.1
User-Agent: selenium/4.1.2 (java windows)
Cache-Control: no-cache
Content-Type: application/json; charset=utf-8
host: localhost:60600
accept: */*

Response DefaultHttpResponse(decodeResult: success, version: HTTP/1.1)
HTTP/1.1 200 OK
Content-Type: application/json; charset=utf-8
cache-control: no-cache
content-length: 51

21:26:34.636 [AsyncHttpClient-1-6] DEBUG org.asynchttpclient.netty.channel.ChannelManager - Adding key: http://localhost:60600 for channel [id: 0xdfb2579d, L:/127.0.0.1:64046 - R:localhost/127.0.0.1:60600]
21:26:34.640 [Forwarding findElement on session c76a941bb42f541277ef1e5ae889f133 to remote] DEBUG org.asynchttpclient.netty.request.NettyRequestSender - Using pooled Channel '[id: 0xdfb2579d, L:/127.0.0.1:64046 - R:localhost/127.0.0.1:60600]' for 'POST' to 'http://localhost:60600/session/c76a941bb42f541277ef1e5ae889f133/element'
21:26:34.640 [Forwarding findElement on session c76a941bb42f541277ef1e5ae889f133 to remote] DEBUG org.asynchttpclient.netty.request.NettyRequestSender - Using open Channel [id: 0xdfb2579d, L:/127.0.0.1:64046 - R:localhost/127.0.0.1:60600] for POST '/session/c76a941bb42f541277ef1e5ae889f133/element'
21:26:34.653 [AsyncHttpClient-1-6] DEBUG org.asynchttpclient.netty.handler.HttpHandler - 

Request DefaultHttpRequest(decodeResult: success, version: HTTP/1.1)
POST /session/c76a941bb42f541277ef1e5ae889f133/element HTTP/1.1
User-Agent: selenium/4.1.2 (java windows)
Content-Length: 87
Content-Type: application/json; charset=utf-8
host: localhost:60600
accept: */*

Response DefaultHttpResponse(decodeResult: success, version: HTTP/1.1)
HTTP/1.1 200 OK
Content-Type: application/json; charset=utf-8
cache-control: no-cache
content-length: 88

21:26:34.653 [AsyncHttpClient-1-6] DEBUG org.asynchttpclient.netty.channel.ChannelManager - Adding key: http://localhost:60600 for channel [id: 0xdfb2579d, L:/127.0.0.1:64046 - R:localhost/127.0.0.1:60600]
21:26:34.655 [Forwarding clearElement on session c76a941bb42f541277ef1e5ae889f133 to remote] DEBUG org.asynchttpclient.netty.request.NettyRequestSender - Using pooled Channel '[id: 0xdfb2579d, L:/127.0.0.1:64046 - R:localhost/127.0.0.1:60600]' for 'POST' to 'http://localhost:60600/session/c76a941bb42f541277ef1e5ae889f133/element/2b61e620-2e5a-4c8c-bb38-b2b462eebba7/clear'
21:26:34.655 [Forwarding clearElement on session c76a941bb42f541277ef1e5ae889f133 to remote] DEBUG org.asynchttpclient.netty.request.NettyRequestSender - Using open Channel [id: 0xdfb2579d, L:/127.0.0.1:64046 - R:localhost/127.0.0.1:60600] for POST '/session/c76a941bb42f541277ef1e5ae889f133/element/2b61e620-2e5a-4c8c-bb38-b2b462eebba7/clear'
21:26:34.693 [AsyncHttpClient-1-6] DEBUG org.asynchttpclient.netty.handler.HttpHandler - 

Request DefaultHttpRequest(decodeResult: success, version: HTTP/1.1)
POST /session/c76a941bb42f541277ef1e5ae889f133/element/2b61e620-2e5a-4c8c-bb38-b2b462eebba7/clear HTTP/1.1
User-Agent: selenium/4.1.2 (java windows)
Content-Length: 50
Content-Type: application/json; charset=utf-8
host: localhost:60600
accept: */*

Response DefaultHttpResponse(decodeResult: success, version: HTTP/1.1)
HTTP/1.1 200 OK
Content-Type: application/json; charset=utf-8
cache-control: no-cache
content-length: 14

21:26:34.694 [AsyncHttpClient-1-6] DEBUG org.asynchttpclient.netty.channel.ChannelManager - Adding key: http://localhost:60600 for channel [id: 0xdfb2579d, L:/127.0.0.1:64046 - R:localhost/127.0.0.1:60600]
21:26:34.697 [Forwarding sendKeysToElement on session c76a941bb42f541277ef1e5ae889f133 to remote] DEBUG org.asynchttpclient.netty.request.NettyRequestSender - Using pooled Channel '[id: 0xdfb2579d, L:/127.0.0.1:64046 - R:localhost/127.0.0.1:60600]' for 'POST' to 'http://localhost:60600/session/c76a941bb42f541277ef1e5ae889f133/element/2b61e620-2e5a-4c8c-bb38-b2b462eebba7/value'
21:26:34.697 [Forwarding sendKeysToElement on session c76a941bb42f541277ef1e5ae889f133 to remote] DEBUG org.asynchttpclient.netty.request.NettyRequestSender - Using open Channel [id: 0xdfb2579d, L:/127.0.0.1:64046 - R:localhost/127.0.0.1:60600] for POST '/session/c76a941bb42f541277ef1e5ae889f133/element/2b61e620-2e5a-4c8c-bb38-b2b462eebba7/value'
21:26:34.810 [AsyncHttpClient-1-6] DEBUG org.asynchttpclient.netty.handler.HttpHandler - 

Request DefaultHttpRequest(decodeResult: success, version: HTTP/1.1)
POST /session/c76a941bb42f541277ef1e5ae889f133/element/2b61e620-2e5a-4c8c-bb38-b2b462eebba7/value HTTP/1.1
User-Agent: selenium/4.1.2 (java windows)
Content-Length: 221
Content-Type: application/json; charset=utf-8
host: localhost:60600
accept: */*

Response DefaultHttpResponse(decodeResult: success, version: HTTP/1.1)
HTTP/1.1 200 OK
Content-Type: application/json; charset=utf-8
cache-control: no-cache
content-length: 14

21:26:34.810 [AsyncHttpClient-1-6] DEBUG org.asynchttpclient.netty.channel.ChannelManager - Adding key: http://localhost:60600 for channel [id: 0xdfb2579d, L:/127.0.0.1:64046 - R:localhost/127.0.0.1:60600]
21:26:34.814 [Forwarding findElement on session c76a941bb42f541277ef1e5ae889f133 to remote] DEBUG org.asynchttpclient.netty.request.NettyRequestSender - Using pooled Channel '[id: 0xdfb2579d, L:/127.0.0.1:64046 - R:localhost/127.0.0.1:60600]' for 'POST' to 'http://localhost:60600/session/c76a941bb42f541277ef1e5ae889f133/element'
21:26:34.814 [Forwarding findElement on session c76a941bb42f541277ef1e5ae889f133 to remote] DEBUG org.asynchttpclient.netty.request.NettyRequestSender - Using open Channel [id: 0xdfb2579d, L:/127.0.0.1:64046 - R:localhost/127.0.0.1:60600] for POST '/session/c76a941bb42f541277ef1e5ae889f133/element'
21:26:34.826 [AsyncHttpClient-1-6] DEBUG org.asynchttpclient.netty.handler.HttpHandler - 

Request DefaultHttpRequest(decodeResult: success, version: HTTP/1.1)
POST /session/c76a941bb42f541277ef1e5ae889f133/element HTTP/1.1
User-Agent: selenium/4.1.2 (java windows)
Content-Length: 90
Content-Type: application/json; charset=utf-8
host: localhost:60600
accept: */*

Response DefaultHttpResponse(decodeResult: success, version: HTTP/1.1)
HTTP/1.1 200 OK
Content-Type: application/json; charset=utf-8
cache-control: no-cache
content-length: 88

21:26:34.826 [AsyncHttpClient-1-6] DEBUG org.asynchttpclient.netty.channel.ChannelManager - Adding key: http://localhost:60600 for channel [id: 0xdfb2579d, L:/127.0.0.1:64046 - R:localhost/127.0.0.1:60600]
21:26:34.828 [Forwarding clearElement on session c76a941bb42f541277ef1e5ae889f133 to remote] DEBUG org.asynchttpclient.netty.request.NettyRequestSender - Using pooled Channel '[id: 0xdfb2579d, L:/127.0.0.1:64046 - R:localhost/127.0.0.1:60600]' for 'POST' to 'http://localhost:60600/session/c76a941bb42f541277ef1e5ae889f133/element/ca3c05f2-c466-4d26-bc03-072f0fcdacc7/clear'
21:26:34.828 [Forwarding clearElement on session c76a941bb42f541277ef1e5ae889f133 to remote] DEBUG org.asynchttpclient.netty.request.NettyRequestSender - Using open Channel [id: 0xdfb2579d, L:/127.0.0.1:64046 - R:localhost/127.0.0.1:60600] for POST '/session/c76a941bb42f541277ef1e5ae889f133/element/ca3c05f2-c466-4d26-bc03-072f0fcdacc7/clear'
21:26:34.863 [AsyncHttpClient-1-6] DEBUG org.asynchttpclient.netty.handler.HttpHandler - 

Request DefaultHttpRequest(decodeResult: success, version: HTTP/1.1)
POST /session/c76a941bb42f541277ef1e5ae889f133/element/ca3c05f2-c466-4d26-bc03-072f0fcdacc7/clear HTTP/1.1
User-Agent: selenium/4.1.2 (java windows)
Content-Length: 50
Content-Type: application/json; charset=utf-8
host: localhost:60600
accept: */*

Response DefaultHttpResponse(decodeResult: success, version: HTTP/1.1)
HTTP/1.1 200 OK
Content-Type: application/json; charset=utf-8
cache-control: no-cache
content-length: 14

21:26:34.863 [AsyncHttpClient-1-6] DEBUG org.asynchttpclient.netty.channel.ChannelManager - Adding key: http://localhost:60600 for channel [id: 0xdfb2579d, L:/127.0.0.1:64046 - R:localhost/127.0.0.1:60600]
21:26:34.865 [Forwarding sendKeysToElement on session c76a941bb42f541277ef1e5ae889f133 to remote] DEBUG org.asynchttpclient.netty.request.NettyRequestSender - Using pooled Channel '[id: 0xdfb2579d, L:/127.0.0.1:64046 - R:localhost/127.0.0.1:60600]' for 'POST' to 'http://localhost:60600/session/c76a941bb42f541277ef1e5ae889f133/element/ca3c05f2-c466-4d26-bc03-072f0fcdacc7/value'
21:26:34.865 [Forwarding sendKeysToElement on session c76a941bb42f541277ef1e5ae889f133 to remote] DEBUG org.asynchttpclient.netty.request.NettyRequestSender - Using open Channel [id: 0xdfb2579d, L:/127.0.0.1:64046 - R:localhost/127.0.0.1:60600] for POST '/session/c76a941bb42f541277ef1e5ae889f133/element/ca3c05f2-c466-4d26-bc03-072f0fcdacc7/value'
21:26:34.934 [AsyncHttpClient-1-6] DEBUG org.asynchttpclient.netty.handler.HttpHandler - 

Request DefaultHttpRequest(decodeResult: success, version: HTTP/1.1)
POST /session/c76a941bb42f541277ef1e5ae889f133/element/ca3c05f2-c466-4d26-bc03-072f0fcdacc7/value HTTP/1.1
User-Agent: selenium/4.1.2 (java windows)
Content-Length: 141
Content-Type: application/json; charset=utf-8
host: localhost:60600
accept: */*

Response DefaultHttpResponse(decodeResult: success, version: HTTP/1.1)
HTTP/1.1 200 OK
Content-Type: application/json; charset=utf-8
cache-control: no-cache
content-length: 14

21:26:34.934 [AsyncHttpClient-1-6] DEBUG org.asynchttpclient.netty.channel.ChannelManager - Adding key: http://localhost:60600 for channel [id: 0xdfb2579d, L:/127.0.0.1:64046 - R:localhost/127.0.0.1:60600]
21:26:34.941 [Forwarding findElement on session c76a941bb42f541277ef1e5ae889f133 to remote] DEBUG org.asynchttpclient.netty.request.NettyRequestSender - Using pooled Channel '[id: 0xdfb2579d, L:/127.0.0.1:64046 - R:localhost/127.0.0.1:60600]' for 'POST' to 'http://localhost:60600/session/c76a941bb42f541277ef1e5ae889f133/element'
21:26:34.941 [Forwarding findElement on session c76a941bb42f541277ef1e5ae889f133 to remote] DEBUG org.asynchttpclient.netty.request.NettyRequestSender - Using open Channel [id: 0xdfb2579d, L:/127.0.0.1:64046 - R:localhost/127.0.0.1:60600] for POST '/session/c76a941bb42f541277ef1e5ae889f133/element'
21:26:34.955 [AsyncHttpClient-1-6] DEBUG org.asynchttpclient.netty.handler.HttpHandler - 

Request DefaultHttpRequest(decodeResult: success, version: HTTP/1.1)
POST /session/c76a941bb42f541277ef1e5ae889f133/element HTTP/1.1
User-Agent: selenium/4.1.2 (java windows)
Content-Length: 81
Content-Type: application/json; charset=utf-8
host: localhost:60600
accept: */*

Response DefaultHttpResponse(decodeResult: success, version: HTTP/1.1)
HTTP/1.1 200 OK
Content-Type: application/json; charset=utf-8
cache-control: no-cache
content-length: 88

21:26:34.955 [AsyncHttpClient-1-6] DEBUG org.asynchttpclient.netty.channel.ChannelManager - Adding key: http://localhost:60600 for channel [id: 0xdfb2579d, L:/127.0.0.1:64046 - R:localhost/127.0.0.1:60600]
21:26:34.956 [Forwarding getElementTagName on session c76a941bb42f541277ef1e5ae889f133 to remote] DEBUG org.asynchttpclient.netty.request.NettyRequestSender - Using pooled Channel '[id: 0xdfb2579d, L:/127.0.0.1:64046 - R:localhost/127.0.0.1:60600]' for 'GET' to 'http://localhost:60600/session/c76a941bb42f541277ef1e5ae889f133/element/e72a8922-48bf-4cb8-b113-7ea536da314e/name'
21:26:34.956 [Forwarding getElementTagName on session c76a941bb42f541277ef1e5ae889f133 to remote] DEBUG org.asynchttpclient.netty.request.NettyRequestSender - Using open Channel [id: 0xdfb2579d, L:/127.0.0.1:64046 - R:localhost/127.0.0.1:60600] for GET '/session/c76a941bb42f541277ef1e5ae889f133/element/e72a8922-48bf-4cb8-b113-7ea536da314e/name'
21:26:34.958 [AsyncHttpClient-1-1] DEBUG org.asynchttpclient.netty.channel.DefaultChannelPool - Entry count for : http://localhost:64047 : 1
21:26:34.961 [AsyncHttpClient-1-6] DEBUG org.asynchttpclient.netty.handler.HttpHandler - 

Request DefaultFullHttpRequest(decodeResult: success, version: HTTP/1.1, content: EmptyByteBufBE)
GET /session/c76a941bb42f541277ef1e5ae889f133/element/e72a8922-48bf-4cb8-b113-7ea536da314e/name HTTP/1.1
User-Agent: selenium/4.1.2 (java windows)
Cache-Control: no-cache
Content-Type: application/json; charset=utf-8
host: localhost:60600
accept: */*

Response DefaultHttpResponse(decodeResult: success, version: HTTP/1.1)
HTTP/1.1 200 OK
Content-Type: application/json; charset=utf-8
cache-control: no-cache
content-length: 16

21:26:34.961 [AsyncHttpClient-1-6] DEBUG org.asynchttpclient.netty.channel.ChannelManager - Adding key: http://localhost:60600 for channel [id: 0xdfb2579d, L:/127.0.0.1:64046 - R:localhost/127.0.0.1:60600]
21:26:34.963 [Forwarding getElementTagName on session c76a941bb42f541277ef1e5ae889f133 to remote] DEBUG org.asynchttpclient.netty.request.NettyRequestSender - Using pooled Channel '[id: 0xdfb2579d, L:/127.0.0.1:64046 - R:localhost/127.0.0.1:60600]' for 'GET' to 'http://localhost:60600/session/c76a941bb42f541277ef1e5ae889f133/element/e72a8922-48bf-4cb8-b113-7ea536da314e/name'
21:26:34.963 [Forwarding getElementTagName on session c76a941bb42f541277ef1e5ae889f133 to remote] DEBUG org.asynchttpclient.netty.request.NettyRequestSender - Using open Channel [id: 0xdfb2579d, L:/127.0.0.1:64046 - R:localhost/127.0.0.1:60600] for GET '/session/c76a941bb42f541277ef1e5ae889f133/element/e72a8922-48bf-4cb8-b113-7ea536da314e/name'
21:26:34.968 [AsyncHttpClient-1-6] DEBUG org.asynchttpclient.netty.handler.HttpHandler - 

Request DefaultFullHttpRequest(decodeResult: success, version: HTTP/1.1, content: EmptyByteBufBE)
GET /session/c76a941bb42f541277ef1e5ae889f133/element/e72a8922-48bf-4cb8-b113-7ea536da314e/name HTTP/1.1
User-Agent: selenium/4.1.2 (java windows)
Cache-Control: no-cache
Content-Type: application/json; charset=utf-8
host: localhost:60600
accept: */*

Response DefaultHttpResponse(decodeResult: success, version: HTTP/1.1)
HTTP/1.1 200 OK
Content-Type: application/json; charset=utf-8
cache-control: no-cache
content-length: 16

21:26:34.968 [AsyncHttpClient-1-6] DEBUG org.asynchttpclient.netty.channel.ChannelManager - Adding key: http://localhost:60600 for channel [id: 0xdfb2579d, L:/127.0.0.1:64046 - R:localhost/127.0.0.1:60600]
21:26:34.970 [Forwarding findElement on session c76a941bb42f541277ef1e5ae889f133 to remote] DEBUG org.asynchttpclient.netty.request.NettyRequestSender - Using pooled Channel '[id: 0xdfb2579d, L:/127.0.0.1:64046 - R:localhost/127.0.0.1:60600]' for 'POST' to 'http://localhost:60600/session/c76a941bb42f541277ef1e5ae889f133/element'
21:26:34.970 [Forwarding findElement on session c76a941bb42f541277ef1e5ae889f133 to remote] DEBUG org.asynchttpclient.netty.request.NettyRequestSender - Using open Channel [id: 0xdfb2579d, L:/127.0.0.1:64046 - R:localhost/127.0.0.1:60600] for POST '/session/c76a941bb42f541277ef1e5ae889f133/element'
21:26:34.979 [AsyncHttpClient-1-6] DEBUG org.asynchttpclient.netty.handler.HttpHandler - 

Request DefaultHttpRequest(decodeResult: success, version: HTTP/1.1)
POST /session/c76a941bb42f541277ef1e5ae889f133/element HTTP/1.1
User-Agent: selenium/4.1.2 (java windows)
Content-Length: 81
Content-Type: application/json; charset=utf-8
host: localhost:60600
accept: */*

Response DefaultHttpResponse(decodeResult: success, version: HTTP/1.1)
HTTP/1.1 200 OK
Content-Type: application/json; charset=utf-8
cache-control: no-cache
content-length: 88

21:26:34.979 [AsyncHttpClient-1-6] DEBUG org.asynchttpclient.netty.channel.ChannelManager - Adding key: http://localhost:60600 for channel [id: 0xdfb2579d, L:/127.0.0.1:64046 - R:localhost/127.0.0.1:60600]
21:26:34.980 [Forwarding clickElement on session c76a941bb42f541277ef1e5ae889f133 to remote] DEBUG org.asynchttpclient.netty.request.NettyRequestSender - Using pooled Channel '[id: 0xdfb2579d, L:/127.0.0.1:64046 - R:localhost/127.0.0.1:60600]' for 'POST' to 'http://localhost:60600/session/c76a941bb42f541277ef1e5ae889f133/element/e72a8922-48bf-4cb8-b113-7ea536da314e/click'
21:26:34.980 [Forwarding clickElement on session c76a941bb42f541277ef1e5ae889f133 to remote] DEBUG org.asynchttpclient.netty.request.NettyRequestSender - Using open Channel [id: 0xdfb2579d, L:/127.0.0.1:64046 - R:localhost/127.0.0.1:60600] for POST '/session/c76a941bb42f541277ef1e5ae889f133/element/e72a8922-48bf-4cb8-b113-7ea536da314e/click'
21:26:35.044 [AsyncHttpClient-1-6] DEBUG org.asynchttpclient.netty.handler.HttpHandler - 

Request DefaultHttpRequest(decodeResult: success, version: HTTP/1.1)
POST /session/c76a941bb42f541277ef1e5ae889f133/element/e72a8922-48bf-4cb8-b113-7ea536da314e/click HTTP/1.1
User-Agent: selenium/4.1.2 (java windows)
Content-Length: 50
Content-Type: application/json; charset=utf-8
host: localhost:60600
accept: */*

Response DefaultHttpResponse(decodeResult: success, version: HTTP/1.1)
HTTP/1.1 200 OK
Content-Type: application/json; charset=utf-8
cache-control: no-cache
content-length: 14

21:26:35.044 [AsyncHttpClient-1-6] DEBUG org.asynchttpclient.netty.channel.ChannelManager - Adding key: http://localhost:60600 for channel [id: 0xdfb2579d, L:/127.0.0.1:64046 - R:localhost/127.0.0.1:60600]
  &amp#27;[32mGiven &amp#27;[0m&amp#27;[32mI am logged in to the website&amp#27;[0m &amp#27;[90m# starter.stepdefinitions.LogInOutSteps.iAmLoggedInToTheWebsite()&amp#27;[0m
21:26:35.053 [main] DEBUG net.serenitybdd.core.photography.Darkroom - Opening darkroom
21:26:35.053 [Darkroom Processing Line] DEBUG net.serenitybdd.core.photography.DarkroomProcessingLine - Darkroom processing line starting up
21:26:35.054 [Forwarding screenshot on session c76a941bb42f541277ef1e5ae889f133 to remote] DEBUG org.asynchttpclient.netty.request.NettyRequestSender - Using pooled Channel '[id: 0xdfb2579d, L:/127.0.0.1:64046 - R:localhost/127.0.0.1:60600]' for 'GET' to 'http://localhost:60600/session/c76a941bb42f541277ef1e5ae889f133/screenshot'
21:26:35.054 [Forwarding screenshot on session c76a941bb42f541277ef1e5ae889f133 to remote] DEBUG org.asynchttpclient.netty.request.NettyRequestSender - Using open Channel [id: 0xdfb2579d, L:/127.0.0.1:64046 - R:localhost/127.0.0.1:60600] for GET '/session/c76a941bb42f541277ef1e5ae889f133/screenshot'
21:26:35.444 [AsyncHttpClient-1-6] DEBUG org.asynchttpclient.netty.handler.HttpHandler - 

Request DefaultFullHttpRequest(decodeResult: success, version: HTTP/1.1, content: EmptyByteBufBE)
GET /session/c76a941bb42f541277ef1e5ae889f133/screenshot HTTP/1.1
User-Agent: selenium/4.1.2 (java windows)
Cache-Control: no-cache
Content-Type: application/json; charset=utf-8
host: localhost:60600
accept: */*

Response DefaultHttpResponse(decodeResult: success, version: HTTP/1.1)
HTTP/1.1 200 OK
Content-Type: application/json; charset=utf-8
cache-control: no-cache
content-length: 43120

21:26:35.444 [AsyncHttpClient-1-6] DEBUG org.asynchttpclient.netty.channel.ChannelManager - Adding key: http://localhost:60600 for channel [id: 0xdfb2579d, L:/127.0.0.1:64046 - R:localhost/127.0.0.1:60600]
21:26:35.446 [main] DEBUG net.serenitybdd.core.photography.Darkroom - Send negative for processing for target\site\serenity\22ec1bdf19c4967b6b10a61c303530af8036a9e133e8ecf4feca436e5e1e3d2c.png
21:26:35.447 [Darkroom Processing Line] DEBUG net.serenitybdd.core.photography.DarkroomProcessingLine - Processing screenshot image in /var/screenshots/screenshot-9577983736057060884
21:26:35.447 [Darkroom Processing Line] DEBUG net.serenitybdd.core.photography.DarkroomProcessingLine - Saving screenshot to target\site\serenity\22ec1bdf19c4967b6b10a61c303530af8036a9e133e8ecf4feca436e5e1e3d2c.png
21:26:35.457 [Forwarding findElement on session c76a941bb42f541277ef1e5ae889f133 to remote] DEBUG org.asynchttpclient.netty.request.NettyRequestSender - Using pooled Channel '[id: 0xdfb2579d, L:/127.0.0.1:64046 - R:localhost/127.0.0.1:60600]' for 'POST' to 'http://localhost:60600/session/c76a941bb42f541277ef1e5ae889f133/element'
21:26:35.457 [Forwarding findElement on session c76a941bb42f541277ef1e5ae889f133 to remote] DEBUG org.asynchttpclient.netty.request.NettyRequestSender - Using open Channel [id: 0xdfb2579d, L:/127.0.0.1:64046 - R:localhost/127.0.0.1:60600] for POST '/session/c76a941bb42f541277ef1e5ae889f133/element'
21:26:36.054 [AsyncHttpClient-1-1] DEBUG org.asynchttpclient.netty.channel.DefaultChannelPool - Entry count for : http://localhost:64047 : 1
21:26:36.455 [AsyncHttpClient-1-6] DEBUG org.asynchttpclient.netty.handler.HttpHandler - 

Request DefaultHttpRequest(decodeResult: success, version: HTTP/1.1)
POST /session/c76a941bb42f541277ef1e5ae889f133/element HTTP/1.1
User-Agent: selenium/4.1.2 (java windows)
Content-Length: 79
Content-Type: application/json; charset=utf-8
host: localhost:60600
accept: */*

Response DefaultHttpResponse(decodeResult: success, version: HTTP/1.1)
HTTP/1.1 200 OK
Content-Type: application/json; charset=utf-8
cache-control: no-cache
content-length: 88

21:26:36.455 [AsyncHttpClient-1-6] DEBUG org.asynchttpclient.netty.channel.ChannelManager - Adding key: http://localhost:60600 for channel [id: 0xdfb2579d, L:/127.0.0.1:64046 - R:localhost/127.0.0.1:60600]
21:26:36.457 [Forwarding getElementTagName on session c76a941bb42f541277ef1e5ae889f133 to remote] DEBUG org.asynchttpclient.netty.request.NettyRequestSender - Using pooled Channel '[id: 0xdfb2579d, L:/127.0.0.1:64046 - R:localhost/127.0.0.1:60600]' for 'GET' to 'http://localhost:60600/session/c76a941bb42f541277ef1e5ae889f133/element/26c9491a-a692-45c9-a6e0-a2b9ad4e6ea4/name'
21:26:36.457 [Forwarding getElementTagName on session c76a941bb42f541277ef1e5ae889f133 to remote] DEBUG org.asynchttpclient.netty.request.NettyRequestSender - Using open Channel [id: 0xdfb2579d, L:/127.0.0.1:64046 - R:localhost/127.0.0.1:60600] for GET '/session/c76a941bb42f541277ef1e5ae889f133/element/26c9491a-a692-45c9-a6e0-a2b9ad4e6ea4/name'
21:26:36.462 [AsyncHttpClient-1-6] DEBUG org.asynchttpclient.netty.handler.HttpHandler - 

Request DefaultFullHttpRequest(decodeResult: success, version: HTTP/1.1, content: EmptyByteBufBE)
GET /session/c76a941bb42f541277ef1e5ae889f133/element/26c9491a-a692-45c9-a6e0-a2b9ad4e6ea4/name HTTP/1.1
User-Agent: selenium/4.1.2 (java windows)
Cache-Control: no-cache
Content-Type: application/json; charset=utf-8
host: localhost:60600
accept: */*

Response DefaultHttpResponse(decodeResult: success, version: HTTP/1.1)
HTTP/1.1 200 OK
Content-Type: application/json; charset=utf-8
cache-control: no-cache
content-length: 13

21:26:36.462 [AsyncHttpClient-1-6] DEBUG org.asynchttpclient.netty.channel.ChannelManager - Adding key: http://localhost:60600 for channel [id: 0xdfb2579d, L:/127.0.0.1:64046 - R:localhost/127.0.0.1:60600]
21:26:36.463 [Forwarding getElementTagName on session c76a941bb42f541277ef1e5ae889f133 to remote] DEBUG org.asynchttpclient.netty.request.NettyRequestSender - Using pooled Channel '[id: 0xdfb2579d, L:/127.0.0.1:64046 - R:localhost/127.0.0.1:60600]' for 'GET' to 'http://localhost:60600/session/c76a941bb42f541277ef1e5ae889f133/element/26c9491a-a692-45c9-a6e0-a2b9ad4e6ea4/name'
21:26:36.463 [Forwarding getElementTagName on session c76a941bb42f541277ef1e5ae889f133 to remote] DEBUG org.asynchttpclient.netty.request.NettyRequestSender - Using open Channel [id: 0xdfb2579d, L:/127.0.0.1:64046 - R:localhost/127.0.0.1:60600] for GET '/session/c76a941bb42f541277ef1e5ae889f133/element/26c9491a-a692-45c9-a6e0-a2b9ad4e6ea4/name'
21:26:36.467 [AsyncHttpClient-1-6] DEBUG org.asynchttpclient.netty.handler.HttpHandler - 

Request DefaultFullHttpRequest(decodeResult: success, version: HTTP/1.1, content: EmptyByteBufBE)
GET /session/c76a941bb42f541277ef1e5ae889f133/element/26c9491a-a692-45c9-a6e0-a2b9ad4e6ea4/name HTTP/1.1
User-Agent: selenium/4.1.2 (java windows)
Cache-Control: no-cache
Content-Type: application/json; charset=utf-8
host: localhost:60600
accept: */*

Response DefaultHttpResponse(decodeResult: success, version: HTTP/1.1)
HTTP/1.1 200 OK
Content-Type: application/json; charset=utf-8
cache-control: no-cache
content-length: 13

21:26:36.468 [AsyncHttpClient-1-6] DEBUG org.asynchttpclient.netty.channel.ChannelManager - Adding key: http://localhost:60600 for channel [id: 0xdfb2579d, L:/127.0.0.1:64046 - R:localhost/127.0.0.1:60600]
21:26:36.469 [Forwarding findElement on session c76a941bb42f541277ef1e5ae889f133 to remote] DEBUG org.asynchttpclient.netty.request.NettyRequestSender - Using pooled Channel '[id: 0xdfb2579d, L:/127.0.0.1:64046 - R:localhost/127.0.0.1:60600]' for 'POST' to 'http://localhost:60600/session/c76a941bb42f541277ef1e5ae889f133/element'
21:26:36.469 [Forwarding findElement on session c76a941bb42f541277ef1e5ae889f133 to remote] DEBUG org.asynchttpclient.netty.request.NettyRequestSender - Using open Channel [id: 0xdfb2579d, L:/127.0.0.1:64046 - R:localhost/127.0.0.1:60600] for POST '/session/c76a941bb42f541277ef1e5ae889f133/element'
21:26:36.477 [AsyncHttpClient-1-6] DEBUG org.asynchttpclient.netty.handler.HttpHandler - 

Request DefaultHttpRequest(decodeResult: success, version: HTTP/1.1)
POST /session/c76a941bb42f541277ef1e5ae889f133/element HTTP/1.1
User-Agent: selenium/4.1.2 (java windows)
Content-Length: 79
Content-Type: application/json; charset=utf-8
host: localhost:60600
accept: */*

Response DefaultHttpResponse(decodeResult: success, version: HTTP/1.1)
HTTP/1.1 200 OK
Content-Type: application/json; charset=utf-8
cache-control: no-cache
content-length: 88

21:26:36.477 [AsyncHttpClient-1-6] DEBUG org.asynchttpclient.netty.channel.ChannelManager - Adding key: http://localhost:60600 for channel [id: 0xdfb2579d, L:/127.0.0.1:64046 - R:localhost/127.0.0.1:60600]
21:26:36.478 [Forwarding clickElement on session c76a941bb42f541277ef1e5ae889f133 to remote] DEBUG org.asynchttpclient.netty.request.NettyRequestSender - Using pooled Channel '[id: 0xdfb2579d, L:/127.0.0.1:64046 - R:localhost/127.0.0.1:60600]' for 'POST' to 'http://localhost:60600/session/c76a941bb42f541277ef1e5ae889f133/element/26c9491a-a692-45c9-a6e0-a2b9ad4e6ea4/click'
21:26:36.478 [Forwarding clickElement on session c76a941bb42f541277ef1e5ae889f133 to remote] DEBUG org.asynchttpclient.netty.request.NettyRequestSender - Using open Channel [id: 0xdfb2579d, L:/127.0.0.1:64046 - R:localhost/127.0.0.1:60600] for POST '/session/c76a941bb42f541277ef1e5ae889f133/element/26c9491a-a692-45c9-a6e0-a2b9ad4e6ea4/click'
21:26:36.520 [AsyncHttpClient-1-6] DEBUG org.asynchttpclient.netty.handler.HttpHandler - 

Request DefaultHttpRequest(decodeResult: success, version: HTTP/1.1)
POST /session/c76a941bb42f541277ef1e5ae889f133/element/26c9491a-a692-45c9-a6e0-a2b9ad4e6ea4/click HTTP/1.1
User-Agent: selenium/4.1.2 (java windows)
Content-Length: 50
Content-Type: application/json; charset=utf-8
host: localhost:60600
accept: */*

Response DefaultHttpResponse(decodeResult: success, version: HTTP/1.1)
HTTP/1.1 200 OK
Content-Type: application/json; charset=utf-8
cache-control: no-cache
content-length: 14

21:26:36.520 [AsyncHttpClient-1-6] DEBUG org.asynchttpclient.netty.channel.ChannelManager - Adding key: http://localhost:60600 for channel [id: 0xdfb2579d, L:/127.0.0.1:64046 - R:localhost/127.0.0.1:60600]
  &amp#27;[32mWhen &amp#27;[0m&amp#27;[32mI click user logo&amp#27;[0m              &amp#27;[90m# starter.stepdefinitions.LogInOutSteps.iClickUserLogo()&amp#27;[0m
21:26:36.524 [Forwarding screenshot on session c76a941bb42f541277ef1e5ae889f133 to remote] DEBUG org.asynchttpclient.netty.request.NettyRequestSender - Using pooled Channel '[id: 0xdfb2579d, L:/127.0.0.1:64046 - R:localhost/127.0.0.1:60600]' for 'GET' to 'http://localhost:60600/session/c76a941bb42f541277ef1e5ae889f133/screenshot'
21:26:36.524 [Forwarding screenshot on session c76a941bb42f541277ef1e5ae889f133 to remote] DEBUG org.asynchttpclient.netty.request.NettyRequestSender - Using open Channel [id: 0xdfb2579d, L:/127.0.0.1:64046 - R:localhost/127.0.0.1:60600] for GET '/session/c76a941bb42f541277ef1e5ae889f133/screenshot'
21:26:36.730 [AsyncHttpClient-1-6] DEBUG org.asynchttpclient.netty.handler.HttpHandler - 

Request DefaultFullHttpRequest(decodeResult: success, version: HTTP/1.1, content: EmptyByteBufBE)
GET /session/c76a941bb42f541277ef1e5ae889f133/screenshot HTTP/1.1
User-Agent: selenium/4.1.2 (java windows)
Cache-Control: no-cache
Content-Type: application/json; charset=utf-8
host: localhost:60600
accept: */*

Response DefaultHttpResponse(decodeResult: success, version: HTTP/1.1)
HTTP/1.1 200 OK
Content-Type: application/json; charset=utf-8
cache-control: no-cache
content-length: 33032

21:26:36.730 [AsyncHttpClient-1-6] DEBUG org.asynchttpclient.netty.channel.ChannelManager - Adding key: http://localhost:60600 for channel [id: 0xdfb2579d, L:/127.0.0.1:64046 - R:localhost/127.0.0.1:60600]
21:26:36.731 [main] DEBUG net.serenitybdd.core.photography.Darkroom - Send negative for processing for target\site\serenity\3425a20a5907bdd6c2a0876dd0fdac9f17995e1d3cf726f9c55f24973320d091.png
21:26:36.732 [Darkroom Processing Line] DEBUG net.serenitybdd.core.photography.DarkroomProcessingLine - Processing screenshot image in /var/screenshots/screenshot-2668541558107234279
21:26:36.732 [Darkroom Processing Line] DEBUG net.serenitybdd.core.photography.DarkroomProcessingLine - Saving screenshot to target\site\serenity\3425a20a5907bdd6c2a0876dd0fdac9f17995e1d3cf726f9c55f24973320d091.png
21:26:36.738 [Forwarding findElement on session c76a941bb42f541277ef1e5ae889f133 to remote] DEBUG org.asynchttpclient.netty.request.NettyRequestSender - Using pooled Channel '[id: 0xdfb2579d, L:/127.0.0.1:64046 - R:localhost/127.0.0.1:60600]' for 'POST' to 'http://localhost:60600/session/c76a941bb42f541277ef1e5ae889f133/element'
21:26:36.738 [Forwarding findElement on session c76a941bb42f541277ef1e5ae889f133 to remote] DEBUG org.asynchttpclient.netty.request.NettyRequestSender - Using open Channel [id: 0xdfb2579d, L:/127.0.0.1:64046 - R:localhost/127.0.0.1:60600] for POST '/session/c76a941bb42f541277ef1e5ae889f133/element'
21:26:36.754 [AsyncHttpClient-1-6] DEBUG org.asynchttpclient.netty.handler.HttpHandler - 

Request DefaultHttpRequest(decodeResult: success, version: HTTP/1.1)
POST /session/c76a941bb42f541277ef1e5ae889f133/element HTTP/1.1
User-Agent: selenium/4.1.2 (java windows)
Content-Length: 71
Content-Type: application/json; charset=utf-8
host: localhost:60600
accept: */*

Response DefaultHttpResponse(decodeResult: success, version: HTTP/1.1)
HTTP/1.1 200 OK
Content-Type: application/json; charset=utf-8
cache-control: no-cache
content-length: 88

21:26:36.754 [AsyncHttpClient-1-6] DEBUG org.asynchttpclient.netty.channel.ChannelManager - Adding key: http://localhost:60600 for channel [id: 0xdfb2579d, L:/127.0.0.1:64046 - R:localhost/127.0.0.1:60600]
21:26:36.755 [Forwarding getElementTagName on session c76a941bb42f541277ef1e5ae889f133 to remote] DEBUG org.asynchttpclient.netty.request.NettyRequestSender - Using pooled Channel '[id: 0xdfb2579d, L:/127.0.0.1:64046 - R:localhost/127.0.0.1:60600]' for 'GET' to 'http://localhost:60600/session/c76a941bb42f541277ef1e5ae889f133/element/6823958b-681f-4924-adbb-e191acc1c606/name'
21:26:36.755 [Forwarding getElementTagName on session c76a941bb42f541277ef1e5ae889f133 to remote] DEBUG org.asynchttpclient.netty.request.NettyRequestSender - Using open Channel [id: 0xdfb2579d, L:/127.0.0.1:64046 - R:localhost/127.0.0.1:60600] for GET '/session/c76a941bb42f541277ef1e5ae889f133/element/6823958b-681f-4924-adbb-e191acc1c606/name'
21:26:36.764 [AsyncHttpClient-1-6] DEBUG org.asynchttpclient.netty.handler.HttpHandler - 

Request DefaultFullHttpRequest(decodeResult: success, version: HTTP/1.1, content: EmptyByteBufBE)
GET /session/c76a941bb42f541277ef1e5ae889f133/element/6823958b-681f-4924-adbb-e191acc1c606/name HTTP/1.1
User-Agent: selenium/4.1.2 (java windows)
Cache-Control: no-cache
Content-Type: application/json; charset=utf-8
host: localhost:60600
accept: */*

Response DefaultHttpResponse(decodeResult: success, version: HTTP/1.1)
HTTP/1.1 200 OK
Content-Type: application/json; charset=utf-8
cache-control: no-cache
content-length: 15

21:26:36.764 [AsyncHttpClient-1-6] DEBUG org.asynchttpclient.netty.channel.ChannelManager - Adding key: http://localhost:60600 for channel [id: 0xdfb2579d, L:/127.0.0.1:64046 - R:localhost/127.0.0.1:60600]
21:26:36.765 [Forwarding getElementTagName on session c76a941bb42f541277ef1e5ae889f133 to remote] DEBUG org.asynchttpclient.netty.request.NettyRequestSender - Using pooled Channel '[id: 0xdfb2579d, L:/127.0.0.1:64046 - R:localhost/127.0.0.1:60600]' for 'GET' to 'http://localhost:60600/session/c76a941bb42f541277ef1e5ae889f133/element/6823958b-681f-4924-adbb-e191acc1c606/name'
21:26:36.765 [Forwarding getElementTagName on session c76a941bb42f541277ef1e5ae889f133 to remote] DEBUG org.asynchttpclient.netty.request.NettyRequestSender - Using open Channel [id: 0xdfb2579d, L:/127.0.0.1:64046 - R:localhost/127.0.0.1:60600] for GET '/session/c76a941bb42f541277ef1e5ae889f133/element/6823958b-681f-4924-adbb-e191acc1c606/name'
21:26:36.768 [AsyncHttpClient-1-6] DEBUG org.asynchttpclient.netty.handler.HttpHandler - 

Request DefaultFullHttpRequest(decodeResult: success, version: HTTP/1.1, content: EmptyByteBufBE)
GET /session/c76a941bb42f541277ef1e5ae889f133/element/6823958b-681f-4924-adbb-e191acc1c606/name HTTP/1.1
User-Agent: selenium/4.1.2 (java windows)
Cache-Control: no-cache
Content-Type: application/json; charset=utf-8
host: localhost:60600
accept: */*

Response DefaultHttpResponse(decodeResult: success, version: HTTP/1.1)
HTTP/1.1 200 OK
Content-Type: application/json; charset=utf-8
cache-control: no-cache
content-length: 15

21:26:36.768 [AsyncHttpClient-1-6] DEBUG org.asynchttpclient.netty.channel.ChannelManager - Adding key: http://localhost:60600 for channel [id: 0xdfb2579d, L:/127.0.0.1:64046 - R:localhost/127.0.0.1:60600]
21:26:36.769 [Forwarding findElement on session c76a941bb42f541277ef1e5ae889f133 to remote] DEBUG org.asynchttpclient.netty.request.NettyRequestSender - Using pooled Channel '[id: 0xdfb2579d, L:/127.0.0.1:64046 - R:localhost/127.0.0.1:60600]' for 'POST' to 'http://localhost:60600/session/c76a941bb42f541277ef1e5ae889f133/element'
21:26:36.769 [Forwarding findElement on session c76a941bb42f541277ef1e5ae889f133 to remote] DEBUG org.asynchttpclient.netty.request.NettyRequestSender - Using open Channel [id: 0xdfb2579d, L:/127.0.0.1:64046 - R:localhost/127.0.0.1:60600] for POST '/session/c76a941bb42f541277ef1e5ae889f133/element'
21:26:36.779 [AsyncHttpClient-1-6] DEBUG org.asynchttpclient.netty.handler.HttpHandler - 

Request DefaultHttpRequest(decodeResult: success, version: HTTP/1.1)
POST /session/c76a941bb42f541277ef1e5ae889f133/element HTTP/1.1
User-Agent: selenium/4.1.2 (java windows)
Content-Length: 71
Content-Type: application/json; charset=utf-8
host: localhost:60600
accept: */*

Response DefaultHttpResponse(decodeResult: success, version: HTTP/1.1)
HTTP/1.1 200 OK
Content-Type: application/json; charset=utf-8
cache-control: no-cache
content-length: 88

21:26:36.779 [AsyncHttpClient-1-6] DEBUG org.asynchttpclient.netty.channel.ChannelManager - Adding key: http://localhost:60600 for channel [id: 0xdfb2579d, L:/127.0.0.1:64046 - R:localhost/127.0.0.1:60600]
21:26:36.780 [Forwarding clickElement on session c76a941bb42f541277ef1e5ae889f133 to remote] DEBUG org.asynchttpclient.netty.request.NettyRequestSender - Using pooled Channel '[id: 0xdfb2579d, L:/127.0.0.1:64046 - R:localhost/127.0.0.1:60600]' for 'POST' to 'http://localhost:60600/session/c76a941bb42f541277ef1e5ae889f133/element/6823958b-681f-4924-adbb-e191acc1c606/click'
21:26:36.780 [Forwarding clickElement on session c76a941bb42f541277ef1e5ae889f133 to remote] DEBUG org.asynchttpclient.netty.request.NettyRequestSender - Using open Channel [id: 0xdfb2579d, L:/127.0.0.1:64046 - R:localhost/127.0.0.1:60600] for POST '/session/c76a941bb42f541277ef1e5ae889f133/element/6823958b-681f-4924-adbb-e191acc1c606/click'
21:26:36.851 [AsyncHttpClient-1-6] DEBUG org.asynchttpclient.netty.handler.HttpHandler - 

Request DefaultHttpRequest(decodeResult: success, version: HTTP/1.1)
POST /session/c76a941bb42f541277ef1e5ae889f133/element/6823958b-681f-4924-adbb-e191acc1c606/click HTTP/1.1
User-Agent: selenium/4.1.2 (java windows)
Content-Length: 50
Content-Type: application/json; charset=utf-8
host: localhost:60600
accept: */*

Response DefaultHttpResponse(decodeResult: success, version: HTTP/1.1)
HTTP/1.1 200 OK
Content-Type: application/json; charset=utf-8
cache-control: no-cache
content-length: 14

21:26:36.851 [AsyncHttpClient-1-6] DEBUG org.asynchttpclient.netty.channel.ChannelManager - Adding key: http://localhost:60600 for channel [id: 0xdfb2579d, L:/127.0.0.1:64046 - R:localhost/127.0.0.1:60600]
  &amp#27;[32mAnd &amp#27;[0m&amp#27;[32mI click logout button&amp#27;[0m           &amp#27;[90m# starter.stepdefinitions.LogInOutSteps.iClickLogoutButton()&amp#27;[0m
21:26:36.860 [Forwarding screenshot on session c76a941bb42f541277ef1e5ae889f133 to remote] DEBUG org.asynchttpclient.netty.request.NettyRequestSender - Using pooled Channel '[id: 0xdfb2579d, L:/127.0.0.1:64046 - R:localhost/127.0.0.1:60600]' for 'GET' to 'http://localhost:60600/session/c76a941bb42f541277ef1e5ae889f133/screenshot'
21:26:36.860 [Forwarding screenshot on session c76a941bb42f541277ef1e5ae889f133 to remote] DEBUG org.asynchttpclient.netty.request.NettyRequestSender - Using open Channel [id: 0xdfb2579d, L:/127.0.0.1:64046 - R:localhost/127.0.0.1:60600] for GET '/session/c76a941bb42f541277ef1e5ae889f133/screenshot'
21:26:37.033 [AsyncHttpClient-1-6] DEBUG org.asynchttpclient.netty.handler.HttpHandler - 

Request DefaultFullHttpRequest(decodeResult: success, version: HTTP/1.1, content: EmptyByteBufBE)
GET /session/c76a941bb42f541277ef1e5ae889f133/screenshot HTTP/1.1
User-Agent: selenium/4.1.2 (java windows)
Cache-Control: no-cache
Content-Type: application/json; charset=utf-8
host: localhost:60600
accept: */*

Response DefaultHttpResponse(decodeResult: success, version: HTTP/1.1)
HTTP/1.1 200 OK
Content-Type: application/json; charset=utf-8
cache-control: no-cache
content-length: 38472

21:26:37.033 [AsyncHttpClient-1-6] DEBUG org.asynchttpclient.netty.channel.ChannelManager - Adding key: http://localhost:60600 for channel [id: 0xdfb2579d, L:/127.0.0.1:64046 - R:localhost/127.0.0.1:60600]
21:26:37.036 [main] DEBUG net.serenitybdd.core.photography.Darkroom - Send negative for processing for target\site\serenity\6c2309ed56aeb278067cd6b3caf368b9f01e276e2bf175d46007f31c90d5af21.png
21:26:37.043 [Forwarding findElement on session c76a941bb42f541277ef1e5ae889f133 to remote] DEBUG org.asynchttpclient.netty.request.NettyRequestSender - Using pooled Channel '[id: 0xdfb2579d, L:/127.0.0.1:64046 - R:localhost/127.0.0.1:60600]' for 'POST' to 'http://localhost:60600/session/c76a941bb42f541277ef1e5ae889f133/element'
21:26:37.043 [Forwarding findElement on session c76a941bb42f541277ef1e5ae889f133 to remote] DEBUG org.asynchttpclient.netty.request.NettyRequestSender - Using open Channel [id: 0xdfb2579d, L:/127.0.0.1:64046 - R:localhost/127.0.0.1:60600] for POST '/session/c76a941bb42f541277ef1e5ae889f133/element'
21:26:37.054 [AsyncHttpClient-1-6] DEBUG org.asynchttpclient.netty.handler.HttpHandler - 

Request DefaultHttpRequest(decodeResult: success, version: HTTP/1.1)
POST /session/c76a941bb42f541277ef1e5ae889f133/element HTTP/1.1
User-Agent: selenium/4.1.2 (java windows)
Content-Length: 77
Content-Type: application/json; charset=utf-8
host: localhost:60600
accept: */*

Response DefaultHttpResponse(decodeResult: success, version: HTTP/1.1)
HTTP/1.1 200 OK
Content-Type: application/json; charset=utf-8
cache-control: no-cache
content-length: 88

21:26:37.054 [AsyncHttpClient-1-6] DEBUG org.asynchttpclient.netty.channel.ChannelManager - Adding key: http://localhost:60600 for channel [id: 0xdfb2579d, L:/127.0.0.1:64046 - R:localhost/127.0.0.1:60600]
21:26:37.058 [Forwarding isElementDisplayed on session c76a941bb42f541277ef1e5ae889f133 to remote] DEBUG org.asynchttpclient.netty.request.NettyRequestSender - Using pooled Channel '[id: 0xdfb2579d, L:/127.0.0.1:64046 - R:localhost/127.0.0.1:60600]' for 'POST' to 'http://localhost:60600/session/c76a941bb42f541277ef1e5ae889f133/execute/sync'
21:26:37.058 [Forwarding isElementDisplayed on session c76a941bb42f541277ef1e5ae889f133 to remote] DEBUG org.asynchttpclient.netty.request.NettyRequestSender - Using open Channel [id: 0xdfb2579d, L:/127.0.0.1:64046 - R:localhost/127.0.0.1:60600] for POST '/session/c76a941bb42f541277ef1e5ae889f133/execute/sync'
21:26:37.071 [AsyncHttpClient-1-6] DEBUG org.asynchttpclient.netty.handler.HttpHandler - 

Request DefaultHttpRequest(decodeResult: success, version: HTTP/1.1)
POST /session/c76a941bb42f541277ef1e5ae889f133/execute/sync HTTP/1.1
User-Agent: selenium/4.1.2 (java windows)
Content-Length: 48780
Content-Type: application/json; charset=utf-8
host: localhost:60600
accept: */*

Response DefaultHttpResponse(decodeResult: success, version: HTTP/1.1)
HTTP/1.1 200 OK
Content-Type: application/json; charset=utf-8
cache-control: no-cache
content-length: 14

21:26:37.071 [AsyncHttpClient-1-6] DEBUG org.asynchttpclient.netty.channel.ChannelManager - Adding key: http://localhost:60600 for channel [id: 0xdfb2579d, L:/127.0.0.1:64046 - R:localhost/127.0.0.1:60600]
  &amp#27;[32mThen &amp#27;[0m&amp#27;[32mI am back to login page&amp#27;[0m        &amp#27;[90m# starter.stepdefinitions.LogInOutSteps.iAmBackToLoginPage()&amp#27;[0m
21:26:37.077 [main] INFO  - 
  _____   ___   ___   _____     ___     _     ___   ___   ___   ___  
 |_   _| | __| / __| |_   _|   | _ \   /_\   / __| / __| | __| |   \ 
   | |   | _|  \__ \   | |     |  _/  / _ \  \__ \ \__ \ | _|  | |) |
   |_|   |___| |___/   |_|     |_|   /_/ \_\ |___/ |___/ |___| |___/ 

Logout
----------------------------------------------------------------------
21:26:37.078 [AsyncHttpClient-1-8] DEBUG org.asynchttpclient.netty.handler.WebSocketHandler - Channel Closed: [id: 0xa8579256, L:/127.0.0.1:64054 ! R:localhost/127.0.0.1:64047] with attribute NettyResponseFuture{currentRetry=5,
	isDone=1,
	isCancelled=0,
	asyncHandler=org.asynchttpclient.ws.WebSocketUpgradeHandler@3e5a12ac,
	nettyRequest=org.asynchttpclient.netty.request.NettyRequest@af42771,
	future=java.util.concurrent.CompletableFuture@48361489[Completed normally],
	uri=ws://localhost:64047/devtools/browser/9bcc879e-4a8e-4872-a200-4c97d05a5f81,
	keepAlive=true,
	redirectCount=0,
	timeoutsHolder=null,
	inAuth=0,
	touch=1667571993977}
21:26:37.078 [AsyncHttpClient-1-8] DEBUG org.asynchttpclient.netty.channel.ChannelManager - Closing Channel [id: 0xa8579256, L:/127.0.0.1:64054 ! R:localhost/127.0.0.1:64047] 
21:26:37.078 [Driver Command Executor] DEBUG org.asynchttpclient.netty.request.NettyRequestSender - Using pooled Channel '[id: 0xdfb2579d, L:/127.0.0.1:64046 - R:localhost/127.0.0.1:60600]' for 'DELETE' to 'http://localhost:60600/session/c76a941bb42f541277ef1e5ae889f133'
21:26:37.079 [Driver Command Executor] DEBUG org.asynchttpclient.netty.request.NettyRequestSender - Using open Channel [id: 0xdfb2579d, L:/127.0.0.1:64046 - R:localhost/127.0.0.1:60600] for DELETE '/session/c76a941bb42f541277ef1e5ae889f133'
21:26:37.119 [AsyncHttpClient-1-7] DEBUG org.asynchttpclient.netty.handler.HttpHandler - Unexpected I/O exception on channel [id: 0x3518cd7b, L:/127.0.0.1:64053 - R:localhost/127.0.0.1:64047]
java.net.SocketException: Connection reset
	at java.base/sun.nio.ch.SocketChannelImpl.throwConnectionReset(SocketChannelImpl.java:345)
	at java.base/sun.nio.ch.SocketChannelImpl.read(SocketChannelImpl.java:376)
	at io.netty.buffer.PooledByteBuf.setBytes(PooledByteBuf.java:258)
	at io.netty.buffer.AbstractByteBuf.writeBytes(AbstractByteBuf.java:1132)
	at io.netty.channel.socket.nio.NioSocketChannel.doReadBytes(NioSocketChannel.java:350)
	at io.netty.channel.nio.AbstractNioByteChannel$NioByteUnsafe.read(AbstractNioByteChannel.java:151)
	at io.netty.channel.nio.NioEventLoop.processSelectedKey(NioEventLoop.java:722)
	at io.netty.channel.nio.NioEventLoop.processSelectedKeysOptimized(NioEventLoop.java:658)
	at io.netty.channel.nio.NioEventLoop.processSelectedKeys(NioEventLoop.java:584)
	at io.netty.channel.nio.NioEventLoop.run(NioEventLoop.java:496)
	at io.netty.util.concurrent.SingleThreadEventExecutor$4.run(SingleThreadEventExecutor.java:986)
	at io.netty.util.internal.ThreadExecutorMap$2.run(ThreadExecutorMap.java:74)
	at io.netty.util.concurrent.FastThreadLocalRunnable.run(FastThreadLocalRunnable.java:30)
	at java.base/java.lang.Thread.run(Thread.java:830)
21:26:37.119 [AsyncHttpClient-1-7] DEBUG org.asynchttpclient.netty.channel.ChannelManager - Closing Channel [id: 0x3518cd7b, L:/127.0.0.1:64053 - R:localhost/127.0.0.1:64047] 
21:26:37.119 [AsyncHttpClient-1-7] DEBUG org.asynchttpclient.netty.handler.HttpHandler - Channel Closed: [id: 0x3518cd7b, L:/127.0.0.1:64053 ! R:localhost/127.0.0.1:64047] with attribute DISCARD
21:26:37.135 [AsyncHttpClient-1-6] DEBUG org.asynchttpclient.netty.handler.HttpHandler - 

Request DefaultFullHttpRequest(decodeResult: success, version: HTTP/1.1, content: EmptyByteBufBE)
DELETE /session/c76a941bb42f541277ef1e5ae889f133 HTTP/1.1
User-Agent: selenium/4.1.2 (java windows)
Content-Type: application/json; charset=utf-8
host: localhost:60600
accept: */*

Response DefaultHttpResponse(decodeResult: success, version: HTTP/1.1)
HTTP/1.1 200 OK
Content-Type: application/json; charset=utf-8
cache-control: no-cache
content-length: 14

21:26:37.135 [AsyncHttpClient-1-6] DEBUG org.asynchttpclient.netty.channel.ChannelManager - Adding key: http://localhost:60600 for channel [id: 0xdfb2579d, L:/127.0.0.1:64046 - R:localhost/127.0.0.1:60600]
21:26:37.152 [AsyncHttpClient-1-1] DEBUG org.asynchttpclient.netty.channel.DefaultChannelPool - Entry count for : http://localhost:64047 : 1
21:26:37.152 [AsyncHttpClient-1-1] DEBUG org.asynchttpclient.netty.channel.DefaultChannelPool - Entry count for : http://localhost:60600 : 1
21:26:37.152 [AsyncHttpClient-1-1] DEBUG org.asynchttpclient.netty.channel.DefaultChannelPool - Adding Candidate expired Channel [id: 0x3518cd7b, L:/127.0.0.1:64053 ! R:localhost/127.0.0.1:64047] isIdleTimeoutExpired=false isRemotelyClosed=true isTtlExpired=false
21:26:37.152 [AsyncHttpClient-1-1] DEBUG org.asynchttpclient.netty.channel.DefaultChannelPool - Closing Idle Channel [id: 0x3518cd7b, L:/127.0.0.1:64053 ! R:localhost/127.0.0.1:64047]
21:26:37.152 [AsyncHttpClient-1-1] DEBUG org.asynchttpclient.netty.channel.DefaultChannelPool - Closed 1 connections out of 2 in 0 ms
21:26:37.180 [AsyncHttpClient-1-6] DEBUG org.asynchttpclient.netty.handler.HttpHandler - Channel Closed: [id: 0xdfb2579d, L:/127.0.0.1:64046 ! R:localhost/127.0.0.1:60600] with attribute DISCARD
]]></system-out>
    <system-err><![CDATA[Starting ChromeDriver 106.0.5249.61 (511755355844955cd3e264779baf0dd38212a4d0-refs/branch-heads/5249@{#569}) on port 60600
Only local connections are allowed.
Please see https://chromedriver.chromium.org/security-considerations for suggestions on keeping ChromeDriver safe.
ChromeDriver was started successfully.
[1667571993.757][WARNING]: This version of ChromeDriver has not been tested with Chrome version 107.
Nov 04, 2022 9:26:33 PM org.openqa.selenium.remote.ProtocolHandshake createSession
INFO: Detected dialect: W3C
Nov 04, 2022 9:26:33 PM org.openqa.selenium.devtools.CdpVersionFinder findNearestMatch
WARNING: Unable to find an exact match for CDP version 107, so returning the closest version found: a no-op implementation
Nov 04, 2022 9:26:33 PM org.openqa.selenium.devtools.CdpVersionFinder findNearestMatch
INFO: Unable to find CDP implementation matching 107.
Nov 04, 2022 9:26:33 PM org.openqa.selenium.chromium.ChromiumDriver lambda$new$3
WARNING: Unable to find version of CDP to use for . You may need to include a dependency on a specific version of the CDP using something similar to `org.seleniumhq.selenium:selenium-devtools-v86:4.1.2` where the version ("v86") matches the version of the chromium-based browser you're using and the version number of the artifact is the same as Selenium's.
]]></system-err>
  </testcase>
  <testcase name="Show Product List" classname="Manage Product" time="7.183">
    <system-out><![CDATA[21:26:37.716 [main] INFO io.cucumber.core.plugin.SerenityReporter - Running feature from file:///C:/Users/ASUS/Desktop/stupen/miniproject/Web/ASWeb/src/test/resources/features/Product.feature
21:26:37.717 [main] DEBUG net.thucydides.core.steps.StepEventBus - Test suite started for story net.thucydides.core.model.Story@94d3a930
21:26:37.718 [main] INFO  - Test Suite Started: Manage Product

Scenario: Show Product List &amp#27;[90m# src/test/resources/features/Product.feature:6&amp#27;[0m
21:26:37.724 [main] INFO io.cucumber.core.plugin.SerenityReporter - Running feature from file:///C:/Users/ASUS/Desktop/stupen/miniproject/Web/ASWeb/src/test/resources/features/Product.feature
21:26:37.725 [main] INFO  - 
  _____   ___   ___   _____     ___   _____     _     ___   _____   ___   ___  
 |_   _| | __| / __| |_   _|   / __| |_   _|   /_\   | _ \ |_   _| | __| |   \ 
   | |   | _|  \__ \   | |     \__ \   | |    / _ \  |   /   | |   | _|  | |) |
   |_|   |___| |___/   |_|     |___/   |_|   /_/ \_\ |_|_\   |_|   |___| |___/ 

Show Product List(manage-product;show-product-list)
--------------------------------------------------------------------------------
21:26:37.799 [main] INFO net.serenitybdd.core.webdriver.driverproviders.ChromeDriverProvider - Using automatically driver download
21:26:37.954 [main] DEBUG io.github.bonigarcia.wdm.cache.ResolutionCache - Resolution chrome=107 in cache (valid until 22:24:57 04/11/2022 WIB)
21:26:37.959 [main] DEBUG io.github.bonigarcia.wdm.cache.ResolutionCache - Resolution chrome107=107.0.5304.62 in cache (valid until 21:24:57 05/11/2022 WIB)
21:26:37.961 [main] INFO io.github.bonigarcia.wdm.WebDriverManager - Using chromedriver 107.0.5304.62 (resolved driver for Chrome 107)
21:26:37.983 [main] DEBUG io.github.bonigarcia.wdm.WebDriverManager - Driver chromedriver 107.0.5304.62 found in cache
21:26:37.983 [main] INFO io.github.bonigarcia.wdm.WebDriverManager - Exporting webdriver.chrome.driver as C:\Users\ASUS\.cache\selenium\chromedriver\win32\107.0.5304.62\chromedriver.exe
21:26:38.109 [main] DEBUG net.serenitybdd.core.webdriver.driverproviders.ProvideNewDriver - Instantiating driver
21:26:38.109 [main] DEBUG net.serenitybdd.core.webdriver.driverproviders.ProvideNewDriver - Driver capabilities: Capabilities {acceptInsecureCerts: false, base.url: https://alta-shop.vercel.app/, browserName: chrome, chrome.driver: src/test/resources/webdrive..., driver: chrome, goog:chromeOptions: {args: [], extensions: []}, wait.for.timeout: 10000}
21:26:38.253 [AsyncHttpClient-1-1] DEBUG org.asynchttpclient.netty.channel.DefaultChannelPool - Entry count for : http://localhost:60600 : 1
21:26:38.253 [AsyncHttpClient-1-1] DEBUG org.asynchttpclient.netty.channel.DefaultChannelPool - Adding Candidate expired Channel [id: 0xdfb2579d, L:/127.0.0.1:64046 ! R:localhost/127.0.0.1:60600] isIdleTimeoutExpired=false isRemotelyClosed=true isTtlExpired=false
21:26:38.253 [AsyncHttpClient-1-1] DEBUG org.asynchttpclient.netty.channel.DefaultChannelPool - Closing Idle Channel [id: 0xdfb2579d, L:/127.0.0.1:64046 ! R:localhost/127.0.0.1:60600]
21:26:38.253 [AsyncHttpClient-1-1] DEBUG org.asynchttpclient.netty.channel.DefaultChannelPool - Closed 1 connections out of 1 in 0 ms
21:26:38.661 [AsyncHttpClient-1-9] DEBUG org.asynchttpclient.netty.channel.NettyConnectListener - Using new Channel '[id: 0xd61f3262, L:/127.0.0.1:64072 - R:localhost/127.0.0.1:53077]' for 'POST' to '/session'
21:26:39.512 [AsyncHttpClient-1-9] DEBUG org.asynchttpclient.netty.handler.HttpHandler - 

Request DefaultHttpRequest(decodeResult: success, version: HTTP/1.1)
POST /session HTTP/1.1
User-Agent: selenium/4.1.2 (java windows)
Content-Length: 646
Content-Type: application/json; charset=utf-8
host: localhost:53077
accept: */*

Response DefaultHttpResponse(decodeResult: success, version: HTTP/1.1)
HTTP/1.1 200 OK
Content-Type: application/json; charset=utf-8
cache-control: no-cache
content-length: 789

21:26:39.512 [AsyncHttpClient-1-9] DEBUG org.asynchttpclient.netty.channel.ChannelManager - Adding key: http://localhost:53077 for channel [id: 0xd61f3262, L:/127.0.0.1:64072 - R:localhost/127.0.0.1:53077]
21:26:39.522 [AsyncHttpClient-1-10] DEBUG org.asynchttpclient.netty.channel.NettyConnectListener - Using new Channel '[id: 0xcbcf986c, L:/127.0.0.1:64079 - R:localhost/127.0.0.1:64073]' for 'GET' to '/json/version'
21:26:39.523 [AsyncHttpClient-1-10] DEBUG org.asynchttpclient.netty.handler.HttpHandler - 

Request DefaultFullHttpRequest(decodeResult: success, version: HTTP/1.1, content: EmptyByteBufBE)
GET /json/version HTTP/1.1
User-Agent: selenium/4.1.2 (java windows)
host: localhost:64073
accept: */*

Response DefaultHttpResponse(decodeResult: success, version: HTTP/1.1)
HTTP/1.1 200 OK
Content-Type: application/json; charset=UTF-8
content-length: 423

21:26:39.524 [AsyncHttpClient-1-10] DEBUG org.asynchttpclient.netty.channel.ChannelManager - Adding key: http://localhost:64073 for channel [id: 0xcbcf986c, L:/127.0.0.1:64079 - R:localhost/127.0.0.1:64073]
21:26:39.527 [AsyncHttpClient-1-11] DEBUG org.asynchttpclient.netty.channel.NettyConnectListener - Using new Channel '[id: 0xacaa293f, L:/127.0.0.1:64081 - R:localhost/127.0.0.1:64073]' for 'GET' to '/devtools/browser/9cd5b6f6-14c9-453e-9d5d-d279fa90c4d9'
21:26:39.529 [AsyncHttpClient-1-11] DEBUG org.asynchttpclient.netty.handler.WebSocketHandler - 

Request DefaultFullHttpRequest(decodeResult: success, version: HTTP/1.1, content: EmptyByteBufBE)
GET /devtools/browser/9cd5b6f6-14c9-453e-9d5d-d279fa90c4d9 HTTP/1.1
upgrade: websocket
connection: upgrade
sec-websocket-key: g/NWiE1oR/Kug1cjD4cvJg==
sec-websocket-version: 13
origin: http://localhost:64073
host: localhost:64073
accept: */*
user-agent: AHC/2.1

Response DefaultHttpResponse(decodeResult: success, version: HTTP/1.1)
HTTP/1.1 101 WebSocket Protocol Handshake
Upgrade: WebSocket
Connection: Upgrade
Sec-WebSocket-Accept: MMj10+qs96OxNl8S0E+nzbmVU3I=

21:26:39.534 [Forwarding get on session 65458991cc23b52ee5a2569bd0e3c998 to remote] DEBUG org.asynchttpclient.netty.request.NettyRequestSender - Using pooled Channel '[id: 0xd61f3262, L:/127.0.0.1:64072 - R:localhost/127.0.0.1:53077]' for 'POST' to 'http://localhost:53077/session/65458991cc23b52ee5a2569bd0e3c998/url'
21:26:39.534 [Forwarding get on session 65458991cc23b52ee5a2569bd0e3c998 to remote] DEBUG org.asynchttpclient.netty.request.NettyRequestSender - Using open Channel [id: 0xd61f3262, L:/127.0.0.1:64072 - R:localhost/127.0.0.1:53077] for POST '/session/65458991cc23b52ee5a2569bd0e3c998/url'
21:26:40.451 [AsyncHttpClient-1-1] DEBUG org.asynchttpclient.netty.channel.DefaultChannelPool - Entry count for : http://localhost:64073 : 1
21:26:40.462 [AsyncHttpClient-1-9] DEBUG org.asynchttpclient.netty.handler.HttpHandler - 

Request DefaultHttpRequest(decodeResult: success, version: HTTP/1.1)
POST /session/65458991cc23b52ee5a2569bd0e3c998/url HTTP/1.1
User-Agent: selenium/4.1.2 (java windows)
Content-Length: 59
Content-Type: application/json; charset=utf-8
host: localhost:53077
accept: */*

Response DefaultHttpResponse(decodeResult: success, version: HTTP/1.1)
HTTP/1.1 200 OK
Content-Type: application/json; charset=utf-8
cache-control: no-cache
content-length: 14

21:26:40.462 [AsyncHttpClient-1-9] DEBUG org.asynchttpclient.netty.channel.ChannelManager - Adding key: http://localhost:53077 for channel [id: 0xd61f3262, L:/127.0.0.1:64072 - R:localhost/127.0.0.1:53077]
21:26:40.464 [Forwarding setTimeout on session 65458991cc23b52ee5a2569bd0e3c998 to remote] DEBUG org.asynchttpclient.netty.request.NettyRequestSender - Using pooled Channel '[id: 0xd61f3262, L:/127.0.0.1:64072 - R:localhost/127.0.0.1:53077]' for 'POST' to 'http://localhost:53077/session/65458991cc23b52ee5a2569bd0e3c998/timeouts'
21:26:40.464 [Forwarding setTimeout on session 65458991cc23b52ee5a2569bd0e3c998 to remote] DEBUG org.asynchttpclient.netty.request.NettyRequestSender - Using open Channel [id: 0xd61f3262, L:/127.0.0.1:64072 - R:localhost/127.0.0.1:53077] for POST '/session/65458991cc23b52ee5a2569bd0e3c998/timeouts'
21:26:40.465 [AsyncHttpClient-1-9] DEBUG org.asynchttpclient.netty.handler.HttpHandler - 

Request DefaultHttpRequest(decodeResult: success, version: HTTP/1.1)
POST /session/65458991cc23b52ee5a2569bd0e3c998/timeouts HTTP/1.1
User-Agent: selenium/4.1.2 (java windows)
Content-Length: 22
Content-Type: application/json; charset=utf-8
host: localhost:53077
accept: */*

Response DefaultHttpResponse(decodeResult: success, version: HTTP/1.1)
HTTP/1.1 200 OK
Content-Type: application/json; charset=utf-8
cache-control: no-cache
content-length: 14

21:26:40.465 [AsyncHttpClient-1-9] DEBUG org.asynchttpclient.netty.channel.ChannelManager - Adding key: http://localhost:53077 for channel [id: 0xd61f3262, L:/127.0.0.1:64072 - R:localhost/127.0.0.1:53077]
21:26:40.468 [Forwarding getCurrentUrl on session 65458991cc23b52ee5a2569bd0e3c998 to remote] DEBUG org.asynchttpclient.netty.request.NettyRequestSender - Using pooled Channel '[id: 0xd61f3262, L:/127.0.0.1:64072 - R:localhost/127.0.0.1:53077]' for 'GET' to 'http://localhost:53077/session/65458991cc23b52ee5a2569bd0e3c998/url'
21:26:40.468 [Forwarding getCurrentUrl on session 65458991cc23b52ee5a2569bd0e3c998 to remote] DEBUG org.asynchttpclient.netty.request.NettyRequestSender - Using open Channel [id: 0xd61f3262, L:/127.0.0.1:64072 - R:localhost/127.0.0.1:53077] for GET '/session/65458991cc23b52ee5a2569bd0e3c998/url'
21:26:40.474 [AsyncHttpClient-1-9] DEBUG org.asynchttpclient.netty.handler.HttpHandler - 

Request DefaultFullHttpRequest(decodeResult: success, version: HTTP/1.1, content: EmptyByteBufBE)
GET /session/65458991cc23b52ee5a2569bd0e3c998/url HTTP/1.1
User-Agent: selenium/4.1.2 (java windows)
Cache-Control: no-cache
Content-Type: application/json; charset=utf-8
host: localhost:53077
accept: */*

Response DefaultHttpResponse(decodeResult: success, version: HTTP/1.1)
HTTP/1.1 200 OK
Content-Type: application/json; charset=utf-8
cache-control: no-cache
content-length: 41

21:26:40.474 [AsyncHttpClient-1-9] DEBUG org.asynchttpclient.netty.channel.ChannelManager - Adding key: http://localhost:53077 for channel [id: 0xd61f3262, L:/127.0.0.1:64072 - R:localhost/127.0.0.1:53077]
  &amp#27;[32mWhen &amp#27;[0m&amp#27;[32mI open product url&amp#27;[0m   &amp#27;[90m# starter.stepdefinitions.ProductSteps.iOpenProductUrl()&amp#27;[0m
21:26:40.481 [main] DEBUG net.serenitybdd.core.photography.Darkroom - Opening darkroom
21:26:40.482 [Darkroom Processing Line] DEBUG net.serenitybdd.core.photography.DarkroomProcessingLine - Darkroom processing line starting up
21:26:40.482 [Forwarding screenshot on session 65458991cc23b52ee5a2569bd0e3c998 to remote] DEBUG org.asynchttpclient.netty.request.NettyRequestSender - Using pooled Channel '[id: 0xd61f3262, L:/127.0.0.1:64072 - R:localhost/127.0.0.1:53077]' for 'GET' to 'http://localhost:53077/session/65458991cc23b52ee5a2569bd0e3c998/screenshot'
21:26:40.482 [Forwarding screenshot on session 65458991cc23b52ee5a2569bd0e3c998 to remote] DEBUG org.asynchttpclient.netty.request.NettyRequestSender - Using open Channel [id: 0xd61f3262, L:/127.0.0.1:64072 - R:localhost/127.0.0.1:53077] for GET '/session/65458991cc23b52ee5a2569bd0e3c998/screenshot'
21:26:41.554 [AsyncHttpClient-1-1] DEBUG org.asynchttpclient.netty.channel.DefaultChannelPool - Entry count for : http://localhost:64073 : 1
21:26:42.657 [AsyncHttpClient-1-1] DEBUG org.asynchttpclient.netty.channel.DefaultChannelPool - Entry count for : http://localhost:64073 : 1
21:26:43.750 [AsyncHttpClient-1-1] DEBUG org.asynchttpclient.netty.channel.DefaultChannelPool - Entry count for : http://localhost:64073 : 1
21:26:44.014 [AsyncHttpClient-1-9] DEBUG org.asynchttpclient.netty.handler.HttpHandler - 

Request DefaultFullHttpRequest(decodeResult: success, version: HTTP/1.1, content: EmptyByteBufBE)
GET /session/65458991cc23b52ee5a2569bd0e3c998/screenshot HTTP/1.1
User-Agent: selenium/4.1.2 (java windows)
Cache-Control: no-cache
Content-Type: application/json; charset=utf-8
host: localhost:53077
accept: */*

Response DefaultHttpResponse(decodeResult: success, version: HTTP/1.1)
HTTP/1.1 200 OK
Content-Type: application/json; charset=utf-8
cache-control: no-cache
content-length: 44444

21:26:44.015 [AsyncHttpClient-1-9] DEBUG org.asynchttpclient.netty.channel.ChannelManager - Adding key: http://localhost:53077 for channel [id: 0xd61f3262, L:/127.0.0.1:64072 - R:localhost/127.0.0.1:53077]
21:26:44.020 [main] DEBUG net.serenitybdd.core.photography.Darkroom - Send negative for processing for target\site\serenity\0c1a7e9611cb16a44cad8de559ea3edd59f273d1c7fccaad1538f78c76b93b56.png
21:26:44.021 [Darkroom Processing Line] DEBUG net.serenitybdd.core.photography.DarkroomProcessingLine - Processing screenshot image in /var/screenshots/screenshot-10046318381408457662
21:26:44.021 [Darkroom Processing Line] DEBUG net.serenitybdd.core.photography.DarkroomProcessingLine - Saving screenshot to target\site\serenity\0c1a7e9611cb16a44cad8de559ea3edd59f273d1c7fccaad1538f78c76b93b56.png
21:26:44.034 [Forwarding findElement on session 65458991cc23b52ee5a2569bd0e3c998 to remote] DEBUG org.asynchttpclient.netty.request.NettyRequestSender - Using pooled Channel '[id: 0xd61f3262, L:/127.0.0.1:64072 - R:localhost/127.0.0.1:53077]' for 'POST' to 'http://localhost:53077/session/65458991cc23b52ee5a2569bd0e3c998/element'
21:26:44.034 [Forwarding findElement on session 65458991cc23b52ee5a2569bd0e3c998 to remote] DEBUG org.asynchttpclient.netty.request.NettyRequestSender - Using open Channel [id: 0xd61f3262, L:/127.0.0.1:64072 - R:localhost/127.0.0.1:53077] for POST '/session/65458991cc23b52ee5a2569bd0e3c998/element'
21:26:44.058 [AsyncHttpClient-1-9] DEBUG org.asynchttpclient.netty.handler.HttpHandler - 

Request DefaultHttpRequest(decodeResult: success, version: HTTP/1.1)
POST /session/65458991cc23b52ee5a2569bd0e3c998/element HTTP/1.1
User-Agent: selenium/4.1.2 (java windows)
Content-Length: 91
Content-Type: application/json; charset=utf-8
host: localhost:53077
accept: */*

Response DefaultHttpResponse(decodeResult: success, version: HTTP/1.1)
HTTP/1.1 200 OK
Content-Type: application/json; charset=utf-8
cache-control: no-cache
content-length: 88

21:26:44.058 [AsyncHttpClient-1-9] DEBUG org.asynchttpclient.netty.channel.ChannelManager - Adding key: http://localhost:53077 for channel [id: 0xd61f3262, L:/127.0.0.1:64072 - R:localhost/127.0.0.1:53077]
21:26:44.062 [Forwarding isElementDisplayed on session 65458991cc23b52ee5a2569bd0e3c998 to remote] DEBUG org.asynchttpclient.netty.request.NettyRequestSender - Using pooled Channel '[id: 0xd61f3262, L:/127.0.0.1:64072 - R:localhost/127.0.0.1:53077]' for 'POST' to 'http://localhost:53077/session/65458991cc23b52ee5a2569bd0e3c998/execute/sync'
21:26:44.062 [Forwarding isElementDisplayed on session 65458991cc23b52ee5a2569bd0e3c998 to remote] DEBUG org.asynchttpclient.netty.request.NettyRequestSender - Using open Channel [id: 0xd61f3262, L:/127.0.0.1:64072 - R:localhost/127.0.0.1:53077] for POST '/session/65458991cc23b52ee5a2569bd0e3c998/execute/sync'
21:26:44.076 [AsyncHttpClient-1-9] DEBUG org.asynchttpclient.netty.handler.HttpHandler - 

Request DefaultHttpRequest(decodeResult: success, version: HTTP/1.1)
POST /session/65458991cc23b52ee5a2569bd0e3c998/execute/sync HTTP/1.1
User-Agent: selenium/4.1.2 (java windows)
Content-Length: 48780
Content-Type: application/json; charset=utf-8
host: localhost:53077
accept: */*

Response DefaultHttpResponse(decodeResult: success, version: HTTP/1.1)
HTTP/1.1 200 OK
Content-Type: application/json; charset=utf-8
cache-control: no-cache
content-length: 14

21:26:44.077 [AsyncHttpClient-1-9] DEBUG org.asynchttpclient.netty.channel.ChannelManager - Adding key: http://localhost:53077 for channel [id: 0xd61f3262, L:/127.0.0.1:64072 - R:localhost/127.0.0.1:53077]
  &amp#27;[32mThen &amp#27;[0m&amp#27;[32mI get product list&amp#27;[0m   &amp#27;[90m# starter.stepdefinitions.ProductSteps.iGetProductList()&amp#27;[0m
21:26:44.081 [Forwarding screenshot on session 65458991cc23b52ee5a2569bd0e3c998 to remote] DEBUG org.asynchttpclient.netty.request.NettyRequestSender - Using pooled Channel '[id: 0xd61f3262, L:/127.0.0.1:64072 - R:localhost/127.0.0.1:53077]' for 'GET' to 'http://localhost:53077/session/65458991cc23b52ee5a2569bd0e3c998/screenshot'
21:26:44.081 [Forwarding screenshot on session 65458991cc23b52ee5a2569bd0e3c998 to remote] DEBUG org.asynchttpclient.netty.request.NettyRequestSender - Using open Channel [id: 0xd61f3262, L:/127.0.0.1:64072 - R:localhost/127.0.0.1:53077] for GET '/session/65458991cc23b52ee5a2569bd0e3c998/screenshot'
21:26:44.219 [AsyncHttpClient-1-9] DEBUG org.asynchttpclient.netty.handler.HttpHandler - 

Request DefaultFullHttpRequest(decodeResult: success, version: HTTP/1.1, content: EmptyByteBufBE)
GET /session/65458991cc23b52ee5a2569bd0e3c998/screenshot HTTP/1.1
User-Agent: selenium/4.1.2 (java windows)
Cache-Control: no-cache
Content-Type: application/json; charset=utf-8
host: localhost:53077
accept: */*

Response DefaultHttpResponse(decodeResult: success, version: HTTP/1.1)
HTTP/1.1 200 OK
Content-Type: application/json; charset=utf-8
cache-control: no-cache
content-length: 75188

21:26:44.219 [AsyncHttpClient-1-9] DEBUG org.asynchttpclient.netty.channel.ChannelManager - Adding key: http://localhost:53077 for channel [id: 0xd61f3262, L:/127.0.0.1:64072 - R:localhost/127.0.0.1:53077]
21:26:44.223 [main] DEBUG net.serenitybdd.core.photography.Darkroom - Send negative for processing for target\site\serenity\e87e98de1a1f76c8dc0d3a582ce96cd48c37b30d1d84370b7b66146a57844166.png
21:26:44.223 [Darkroom Processing Line] DEBUG net.serenitybdd.core.photography.DarkroomProcessingLine - Processing screenshot image in /var/screenshots/screenshot-4520601421472137755
21:26:44.223 [Darkroom Processing Line] DEBUG net.serenitybdd.core.photography.DarkroomProcessingLine - Saving screenshot to target\site\serenity\e87e98de1a1f76c8dc0d3a582ce96cd48c37b30d1d84370b7b66146a57844166.png
21:26:44.224 [main] INFO  - 
  _____   ___   ___   _____     ___     _     ___   ___   ___   ___  
 |_   _| | __| / __| |_   _|   | _ \   /_\   / __| / __| | __| |   \ 
   | |   | _|  \__ \   | |     |  _/  / _ \  \__ \ \__ \ | _|  | |) |
   |_|   |___| |___/   |_|     |_|   /_/ \_\ |___/ |___/ |___| |___/ 

Show Product List
----------------------------------------------------------------------
21:26:44.225 [AsyncHttpClient-1-11] DEBUG org.asynchttpclient.netty.handler.WebSocketHandler - Channel Closed: [id: 0xacaa293f, L:/127.0.0.1:64081 ! R:localhost/127.0.0.1:64073] with attribute NettyResponseFuture{currentRetry=5,
	isDone=1,
	isCancelled=0,
	asyncHandler=org.asynchttpclient.ws.WebSocketUpgradeHandler@10b48e49,
	nettyRequest=org.asynchttpclient.netty.request.NettyRequest@64f00c85,
	future=java.util.concurrent.CompletableFuture@443b711f[Completed normally],
	uri=ws://localhost:64073/devtools/browser/9cd5b6f6-14c9-453e-9d5d-d279fa90c4d9,
	keepAlive=true,
	redirectCount=0,
	timeoutsHolder=null,
	inAuth=0,
	touch=1667571999530}
21:26:44.225 [AsyncHttpClient-1-11] DEBUG org.asynchttpclient.netty.channel.ChannelManager - Closing Channel [id: 0xacaa293f, L:/127.0.0.1:64081 ! R:localhost/127.0.0.1:64073] 
21:26:44.225 [Driver Command Executor] DEBUG org.asynchttpclient.netty.request.NettyRequestSender - Using pooled Channel '[id: 0xd61f3262, L:/127.0.0.1:64072 - R:localhost/127.0.0.1:53077]' for 'DELETE' to 'http://localhost:53077/session/65458991cc23b52ee5a2569bd0e3c998'
21:26:44.225 [Driver Command Executor] DEBUG org.asynchttpclient.netty.request.NettyRequestSender - Using open Channel [id: 0xd61f3262, L:/127.0.0.1:64072 - R:localhost/127.0.0.1:53077] for DELETE '/session/65458991cc23b52ee5a2569bd0e3c998'
21:26:44.267 [AsyncHttpClient-1-10] DEBUG org.asynchttpclient.netty.handler.HttpHandler - Unexpected I/O exception on channel [id: 0xcbcf986c, L:/127.0.0.1:64079 - R:localhost/127.0.0.1:64073]
java.net.SocketException: Connection reset
	at java.base/sun.nio.ch.SocketChannelImpl.throwConnectionReset(SocketChannelImpl.java:345)
	at java.base/sun.nio.ch.SocketChannelImpl.read(SocketChannelImpl.java:376)
	at io.netty.buffer.PooledByteBuf.setBytes(PooledByteBuf.java:258)
	at io.netty.buffer.AbstractByteBuf.writeBytes(AbstractByteBuf.java:1132)
	at io.netty.channel.socket.nio.NioSocketChannel.doReadBytes(NioSocketChannel.java:350)
	at io.netty.channel.nio.AbstractNioByteChannel$NioByteUnsafe.read(AbstractNioByteChannel.java:151)
	at io.netty.channel.nio.NioEventLoop.processSelectedKey(NioEventLoop.java:722)
	at io.netty.channel.nio.NioEventLoop.processSelectedKeysOptimized(NioEventLoop.java:658)
	at io.netty.channel.nio.NioEventLoop.processSelectedKeys(NioEventLoop.java:584)
	at io.netty.channel.nio.NioEventLoop.run(NioEventLoop.java:496)
	at io.netty.util.concurrent.SingleThreadEventExecutor$4.run(SingleThreadEventExecutor.java:986)
	at io.netty.util.internal.ThreadExecutorMap$2.run(ThreadExecutorMap.java:74)
	at io.netty.util.concurrent.FastThreadLocalRunnable.run(FastThreadLocalRunnable.java:30)
	at java.base/java.lang.Thread.run(Thread.java:830)
21:26:44.267 [AsyncHttpClient-1-10] DEBUG org.asynchttpclient.netty.channel.ChannelManager - Closing Channel [id: 0xcbcf986c, L:/127.0.0.1:64079 - R:localhost/127.0.0.1:64073] 
21:26:44.267 [AsyncHttpClient-1-10] DEBUG org.asynchttpclient.netty.handler.HttpHandler - Channel Closed: [id: 0xcbcf986c, L:/127.0.0.1:64079 ! R:localhost/127.0.0.1:64073] with attribute DISCARD
21:26:44.290 [AsyncHttpClient-1-9] DEBUG org.asynchttpclient.netty.handler.HttpHandler - 

Request DefaultFullHttpRequest(decodeResult: success, version: HTTP/1.1, content: EmptyByteBufBE)
DELETE /session/65458991cc23b52ee5a2569bd0e3c998 HTTP/1.1
User-Agent: selenium/4.1.2 (java windows)
Content-Type: application/json; charset=utf-8
host: localhost:53077
accept: */*

Response DefaultHttpResponse(decodeResult: success, version: HTTP/1.1)
HTTP/1.1 200 OK
Content-Type: application/json; charset=utf-8
cache-control: no-cache
content-length: 14

21:26:44.291 [AsyncHttpClient-1-9] DEBUG org.asynchttpclient.netty.channel.ChannelManager - Adding key: http://localhost:53077 for channel [id: 0xd61f3262, L:/127.0.0.1:64072 - R:localhost/127.0.0.1:53077]
21:26:44.369 [AsyncHttpClient-1-9] DEBUG org.asynchttpclient.netty.handler.HttpHandler - Channel Closed: [id: 0xd61f3262, L:/127.0.0.1:64072 ! R:localhost/127.0.0.1:53077] with attribute DISCARD
21:26:44.851 [AsyncHttpClient-1-1] DEBUG org.asynchttpclient.netty.channel.DefaultChannelPool - Entry count for : http://localhost:53077 : 1
21:26:44.851 [AsyncHttpClient-1-1] DEBUG org.asynchttpclient.netty.channel.DefaultChannelPool - Entry count for : http://localhost:64073 : 1
21:26:44.851 [AsyncHttpClient-1-1] DEBUG org.asynchttpclient.netty.channel.DefaultChannelPool - Adding Candidate expired Channel [id: 0xd61f3262, L:/127.0.0.1:64072 ! R:localhost/127.0.0.1:53077] isIdleTimeoutExpired=false isRemotelyClosed=true isTtlExpired=false
21:26:44.851 [AsyncHttpClient-1-1] DEBUG org.asynchttpclient.netty.channel.DefaultChannelPool - Closing Idle Channel [id: 0xd61f3262, L:/127.0.0.1:64072 ! R:localhost/127.0.0.1:53077]
21:26:44.851 [AsyncHttpClient-1-1] DEBUG org.asynchttpclient.netty.channel.DefaultChannelPool - Adding Candidate expired Channel [id: 0xcbcf986c, L:/127.0.0.1:64079 ! R:localhost/127.0.0.1:64073] isIdleTimeoutExpired=false isRemotelyClosed=true isTtlExpired=false
21:26:44.851 [AsyncHttpClient-1-1] DEBUG org.asynchttpclient.netty.channel.DefaultChannelPool - Closing Idle Channel [id: 0xcbcf986c, L:/127.0.0.1:64079 ! R:localhost/127.0.0.1:64073]
21:26:44.851 [AsyncHttpClient-1-1] DEBUG org.asynchttpclient.netty.channel.DefaultChannelPool - Closed 2 connections out of 2 in 0 ms
]]></system-out>
    <system-err><![CDATA[Starting ChromeDriver 106.0.5249.61 (511755355844955cd3e264779baf0dd38212a4d0-refs/branch-heads/5249@{#569}) on port 53077
Only local connections are allowed.
Please see https://chromedriver.chromium.org/security-considerations for suggestions on keeping ChromeDriver safe.
ChromeDriver was started successfully.
[1667571999.284][WARNING]: This version of ChromeDriver has not been tested with Chrome version 107.
Nov 04, 2022 9:26:39 PM org.openqa.selenium.remote.ProtocolHandshake createSession
INFO: Detected dialect: W3C
Nov 04, 2022 9:26:39 PM org.openqa.selenium.devtools.CdpVersionFinder findNearestMatch
WARNING: Unable to find an exact match for CDP version 107, so returning the closest version found: a no-op implementation
Nov 04, 2022 9:26:39 PM org.openqa.selenium.devtools.CdpVersionFinder findNearestMatch
INFO: Unable to find CDP implementation matching 107.
Nov 04, 2022 9:26:39 PM org.openqa.selenium.chromium.ChromiumDriver lambda$new$3
WARNING: Unable to find version of CDP to use for . You may need to include a dependency on a specific version of the CDP using something similar to `org.seleniumhq.selenium:selenium-devtools-v86:4.1.2` where the version ("v86") matches the version of the chromium-based browser you're using and the version number of the artifact is the same as Selenium's.
]]></system-err>
  </testcase>
  <testcase name="Select Category" classname="Manage Product" time="4.207">
    <system-out><![CDATA[
Scenario: Select Category                          &amp#27;[90m# src/test/resources/features/Product.feature:10&amp#27;[0m
21:26:44.909 [main] INFO io.cucumber.core.plugin.SerenityReporter - Running feature from file:///C:/Users/ASUS/Desktop/stupen/miniproject/Web/ASWeb/src/test/resources/features/Product.feature
21:26:44.910 [main] INFO  - 
  _____   ___   ___   _____     ___   _____     _     ___   _____   ___   ___  
 |_   _| | __| / __| |_   _|   / __| |_   _|   /_\   | _ \ |_   _| | __| |   \ 
   | |   | _|  \__ \   | |     \__ \   | |    / _ \  |   /   | |   | _|  | |) |
   |_|   |___| |___/   |_|     |___/   |_|   /_/ \_\ |_|_\   |_|   |___| |___/ 

Select Category(manage-product;select-category)
--------------------------------------------------------------------------------
21:26:44.922 [main] INFO net.serenitybdd.core.webdriver.driverproviders.ChromeDriverProvider - Using automatically driver download
21:26:45.033 [main] DEBUG io.github.bonigarcia.wdm.cache.ResolutionCache - Resolution chrome=107 in cache (valid until 22:24:57 04/11/2022 WIB)
21:26:45.037 [main] DEBUG io.github.bonigarcia.wdm.cache.ResolutionCache - Resolution chrome107=107.0.5304.62 in cache (valid until 21:24:57 05/11/2022 WIB)
21:26:45.040 [main] INFO io.github.bonigarcia.wdm.WebDriverManager - Using chromedriver 107.0.5304.62 (resolved driver for Chrome 107)
21:26:45.052 [main] DEBUG io.github.bonigarcia.wdm.WebDriverManager - Driver chromedriver 107.0.5304.62 found in cache
21:26:45.053 [main] INFO io.github.bonigarcia.wdm.WebDriverManager - Exporting webdriver.chrome.driver as C:\Users\ASUS\.cache\selenium\chromedriver\win32\107.0.5304.62\chromedriver.exe
21:26:45.163 [main] DEBUG net.serenitybdd.core.webdriver.driverproviders.ProvideNewDriver - Instantiating driver
21:26:45.163 [main] DEBUG net.serenitybdd.core.webdriver.driverproviders.ProvideNewDriver - Driver capabilities: Capabilities {acceptInsecureCerts: false, base.url: https://alta-shop.vercel.app/, browserName: chrome, chrome.driver: src/test/resources/webdrive..., driver: chrome, goog:chromeOptions: {args: [], extensions: []}, wait.for.timeout: 10000}
21:26:45.690 [AsyncHttpClient-1-12] DEBUG org.asynchttpclient.netty.channel.NettyConnectListener - Using new Channel '[id: 0xcb19fdd4, L:/127.0.0.1:64099 - R:localhost/127.0.0.1:51030]' for 'POST' to '/session'
21:26:46.487 [AsyncHttpClient-1-12] DEBUG org.asynchttpclient.netty.handler.HttpHandler - 

Request DefaultHttpRequest(decodeResult: success, version: HTTP/1.1)
POST /session HTTP/1.1
User-Agent: selenium/4.1.2 (java windows)
Content-Length: 646
Content-Type: application/json; charset=utf-8
host: localhost:51030
accept: */*

Response DefaultHttpResponse(decodeResult: success, version: HTTP/1.1)
HTTP/1.1 200 OK
Content-Type: application/json; charset=utf-8
cache-control: no-cache
content-length: 788

21:26:46.487 [AsyncHttpClient-1-12] DEBUG org.asynchttpclient.netty.channel.ChannelManager - Adding key: http://localhost:51030 for channel [id: 0xcb19fdd4, L:/127.0.0.1:64099 - R:localhost/127.0.0.1:51030]
21:26:46.499 [AsyncHttpClient-1-13] DEBUG org.asynchttpclient.netty.channel.NettyConnectListener - Using new Channel '[id: 0xc4086f10, L:/127.0.0.1:64107 - R:localhost/127.0.0.1:64100]' for 'GET' to '/json/version'
21:26:46.499 [AsyncHttpClient-1-13] DEBUG org.asynchttpclient.netty.handler.HttpHandler - 

Request DefaultFullHttpRequest(decodeResult: success, version: HTTP/1.1, content: EmptyByteBufBE)
GET /json/version HTTP/1.1
User-Agent: selenium/4.1.2 (java windows)
host: localhost:64100
accept: */*

Response DefaultHttpResponse(decodeResult: success, version: HTTP/1.1)
HTTP/1.1 200 OK
Content-Type: application/json; charset=UTF-8
content-length: 423

21:26:46.499 [AsyncHttpClient-1-13] DEBUG org.asynchttpclient.netty.channel.ChannelManager - Adding key: http://localhost:64100 for channel [id: 0xc4086f10, L:/127.0.0.1:64107 - R:localhost/127.0.0.1:64100]
21:26:46.502 [AsyncHttpClient-1-14] DEBUG org.asynchttpclient.netty.channel.NettyConnectListener - Using new Channel '[id: 0xa2699818, L:/127.0.0.1:64108 - R:localhost/127.0.0.1:64100]' for 'GET' to '/devtools/browser/1401930e-5ee3-46f4-abea-fc67faa21985'
21:26:46.503 [AsyncHttpClient-1-14] DEBUG org.asynchttpclient.netty.handler.WebSocketHandler - 

Request DefaultFullHttpRequest(decodeResult: success, version: HTTP/1.1, content: EmptyByteBufBE)
GET /devtools/browser/1401930e-5ee3-46f4-abea-fc67faa21985 HTTP/1.1
upgrade: websocket
connection: upgrade
sec-websocket-key: tI+eMe40+pzdtqKNpGBMzw==
sec-websocket-version: 13
origin: http://localhost:64100
host: localhost:64100
accept: */*
user-agent: AHC/2.1

Response DefaultHttpResponse(decodeResult: success, version: HTTP/1.1)
HTTP/1.1 101 WebSocket Protocol Handshake
Upgrade: WebSocket
Connection: Upgrade
Sec-WebSocket-Accept: CYY1Kn7Zi7oHgWdd9XYiWRraXEc=

21:26:46.508 [Forwarding get on session 536ff306da5451fe3d70fa6705c35198 to remote] DEBUG org.asynchttpclient.netty.request.NettyRequestSender - Using pooled Channel '[id: 0xcb19fdd4, L:/127.0.0.1:64099 - R:localhost/127.0.0.1:51030]' for 'POST' to 'http://localhost:51030/session/536ff306da5451fe3d70fa6705c35198/url'
21:26:46.508 [Forwarding get on session 536ff306da5451fe3d70fa6705c35198 to remote] DEBUG org.asynchttpclient.netty.request.NettyRequestSender - Using open Channel [id: 0xcb19fdd4, L:/127.0.0.1:64099 - R:localhost/127.0.0.1:51030] for POST '/session/536ff306da5451fe3d70fa6705c35198/url'
21:26:47.057 [AsyncHttpClient-1-1] DEBUG org.asynchttpclient.netty.channel.DefaultChannelPool - Entry count for : http://localhost:64100 : 1
21:26:47.235 [AsyncHttpClient-1-12] DEBUG org.asynchttpclient.netty.handler.HttpHandler - 

Request DefaultHttpRequest(decodeResult: success, version: HTTP/1.1)
POST /session/536ff306da5451fe3d70fa6705c35198/url HTTP/1.1
User-Agent: selenium/4.1.2 (java windows)
Content-Length: 59
Content-Type: application/json; charset=utf-8
host: localhost:51030
accept: */*

Response DefaultHttpResponse(decodeResult: success, version: HTTP/1.1)
HTTP/1.1 200 OK
Content-Type: application/json; charset=utf-8
cache-control: no-cache
content-length: 14

21:26:47.235 [AsyncHttpClient-1-12] DEBUG org.asynchttpclient.netty.channel.ChannelManager - Adding key: http://localhost:51030 for channel [id: 0xcb19fdd4, L:/127.0.0.1:64099 - R:localhost/127.0.0.1:51030]
21:26:47.236 [Forwarding setTimeout on session 536ff306da5451fe3d70fa6705c35198 to remote] DEBUG org.asynchttpclient.netty.request.NettyRequestSender - Using pooled Channel '[id: 0xcb19fdd4, L:/127.0.0.1:64099 - R:localhost/127.0.0.1:51030]' for 'POST' to 'http://localhost:51030/session/536ff306da5451fe3d70fa6705c35198/timeouts'
21:26:47.236 [Forwarding setTimeout on session 536ff306da5451fe3d70fa6705c35198 to remote] DEBUG org.asynchttpclient.netty.request.NettyRequestSender - Using open Channel [id: 0xcb19fdd4, L:/127.0.0.1:64099 - R:localhost/127.0.0.1:51030] for POST '/session/536ff306da5451fe3d70fa6705c35198/timeouts'
21:26:47.237 [AsyncHttpClient-1-12] DEBUG org.asynchttpclient.netty.handler.HttpHandler - 

Request DefaultHttpRequest(decodeResult: success, version: HTTP/1.1)
POST /session/536ff306da5451fe3d70fa6705c35198/timeouts HTTP/1.1
User-Agent: selenium/4.1.2 (java windows)
Content-Length: 22
Content-Type: application/json; charset=utf-8
host: localhost:51030
accept: */*

Response DefaultHttpResponse(decodeResult: success, version: HTTP/1.1)
HTTP/1.1 200 OK
Content-Type: application/json; charset=utf-8
cache-control: no-cache
content-length: 14

21:26:47.237 [AsyncHttpClient-1-12] DEBUG org.asynchttpclient.netty.channel.ChannelManager - Adding key: http://localhost:51030 for channel [id: 0xcb19fdd4, L:/127.0.0.1:64099 - R:localhost/127.0.0.1:51030]
21:26:47.239 [Forwarding getCurrentUrl on session 536ff306da5451fe3d70fa6705c35198 to remote] DEBUG org.asynchttpclient.netty.request.NettyRequestSender - Using pooled Channel '[id: 0xcb19fdd4, L:/127.0.0.1:64099 - R:localhost/127.0.0.1:51030]' for 'GET' to 'http://localhost:51030/session/536ff306da5451fe3d70fa6705c35198/url'
21:26:47.239 [Forwarding getCurrentUrl on session 536ff306da5451fe3d70fa6705c35198 to remote] DEBUG org.asynchttpclient.netty.request.NettyRequestSender - Using open Channel [id: 0xcb19fdd4, L:/127.0.0.1:64099 - R:localhost/127.0.0.1:51030] for GET '/session/536ff306da5451fe3d70fa6705c35198/url'
21:26:47.244 [AsyncHttpClient-1-12] DEBUG org.asynchttpclient.netty.handler.HttpHandler - 

Request DefaultFullHttpRequest(decodeResult: success, version: HTTP/1.1, content: EmptyByteBufBE)
GET /session/536ff306da5451fe3d70fa6705c35198/url HTTP/1.1
User-Agent: selenium/4.1.2 (java windows)
Cache-Control: no-cache
Content-Type: application/json; charset=utf-8
host: localhost:51030
accept: */*

Response DefaultHttpResponse(decodeResult: success, version: HTTP/1.1)
HTTP/1.1 200 OK
Content-Type: application/json; charset=utf-8
cache-control: no-cache
content-length: 41

21:26:47.245 [AsyncHttpClient-1-12] DEBUG org.asynchttpclient.netty.channel.ChannelManager - Adding key: http://localhost:51030 for channel [id: 0xcb19fdd4, L:/127.0.0.1:64099 - R:localhost/127.0.0.1:51030]
  &amp#27;[32mGiven &amp#27;[0m&amp#27;[32mI open mainpage url&amp#27;[0m                        &amp#27;[90m# starter.stepdefinitions.ProductSteps.iOpenMainpageUrl()&amp#27;[0m
21:26:47.252 [Forwarding screenshot on session 536ff306da5451fe3d70fa6705c35198 to remote] DEBUG org.asynchttpclient.netty.request.NettyRequestSender - Using pooled Channel '[id: 0xcb19fdd4, L:/127.0.0.1:64099 - R:localhost/127.0.0.1:51030]' for 'GET' to 'http://localhost:51030/session/536ff306da5451fe3d70fa6705c35198/screenshot'
21:26:47.252 [Forwarding screenshot on session 536ff306da5451fe3d70fa6705c35198 to remote] DEBUG org.asynchttpclient.netty.request.NettyRequestSender - Using open Channel [id: 0xcb19fdd4, L:/127.0.0.1:64099 - R:localhost/127.0.0.1:51030] for GET '/session/536ff306da5451fe3d70fa6705c35198/screenshot'
21:26:47.703 [AsyncHttpClient-1-12] DEBUG org.asynchttpclient.netty.handler.HttpHandler - 

Request DefaultFullHttpRequest(decodeResult: success, version: HTTP/1.1, content: EmptyByteBufBE)
GET /session/536ff306da5451fe3d70fa6705c35198/screenshot HTTP/1.1
User-Agent: selenium/4.1.2 (java windows)
Cache-Control: no-cache
Content-Type: application/json; charset=utf-8
host: localhost:51030
accept: */*

Response DefaultHttpResponse(decodeResult: success, version: HTTP/1.1)
HTTP/1.1 200 OK
Content-Type: application/json; charset=utf-8
cache-control: no-cache
content-length: 46412

21:26:47.703 [AsyncHttpClient-1-12] DEBUG org.asynchttpclient.netty.channel.ChannelManager - Adding key: http://localhost:51030 for channel [id: 0xcb19fdd4, L:/127.0.0.1:64099 - R:localhost/127.0.0.1:51030]
21:26:47.706 [main] DEBUG net.serenitybdd.core.photography.Darkroom - Send negative for processing for target\site\serenity\bf74968d2e1e3ee1300a5bf7f73afa77f3accb2c7d5e378e26b36ebea0be235f.png
21:26:47.708 [Darkroom Processing Line] DEBUG net.serenitybdd.core.photography.DarkroomProcessingLine - Processing screenshot image in /var/screenshots/screenshot-6448906057411927135
21:26:47.708 [Darkroom Processing Line] DEBUG net.serenitybdd.core.photography.DarkroomProcessingLine - Saving screenshot to target\site\serenity\bf74968d2e1e3ee1300a5bf7f73afa77f3accb2c7d5e378e26b36ebea0be235f.png
21:26:47.717 [Forwarding findElement on session 536ff306da5451fe3d70fa6705c35198 to remote] DEBUG org.asynchttpclient.netty.request.NettyRequestSender - Using pooled Channel '[id: 0xcb19fdd4, L:/127.0.0.1:64099 - R:localhost/127.0.0.1:51030]' for 'POST' to 'http://localhost:51030/session/536ff306da5451fe3d70fa6705c35198/element'
21:26:47.717 [Forwarding findElement on session 536ff306da5451fe3d70fa6705c35198 to remote] DEBUG org.asynchttpclient.netty.request.NettyRequestSender - Using open Channel [id: 0xcb19fdd4, L:/127.0.0.1:64099 - R:localhost/127.0.0.1:51030] for POST '/session/536ff306da5451fe3d70fa6705c35198/element'
21:26:47.731 [AsyncHttpClient-1-12] DEBUG org.asynchttpclient.netty.handler.HttpHandler - 

Request DefaultHttpRequest(decodeResult: success, version: HTTP/1.1)
POST /session/536ff306da5451fe3d70fa6705c35198/element HTTP/1.1
User-Agent: selenium/4.1.2 (java windows)
Content-Length: 88
Content-Type: application/json; charset=utf-8
host: localhost:51030
accept: */*

Response DefaultHttpResponse(decodeResult: success, version: HTTP/1.1)
HTTP/1.1 200 OK
Content-Type: application/json; charset=utf-8
cache-control: no-cache
content-length: 88

21:26:47.731 [AsyncHttpClient-1-12] DEBUG org.asynchttpclient.netty.channel.ChannelManager - Adding key: http://localhost:51030 for channel [id: 0xcb19fdd4, L:/127.0.0.1:64099 - R:localhost/127.0.0.1:51030]
21:26:47.732 [Forwarding getElementTagName on session 536ff306da5451fe3d70fa6705c35198 to remote] DEBUG org.asynchttpclient.netty.request.NettyRequestSender - Using pooled Channel '[id: 0xcb19fdd4, L:/127.0.0.1:64099 - R:localhost/127.0.0.1:51030]' for 'GET' to 'http://localhost:51030/session/536ff306da5451fe3d70fa6705c35198/element/ea71603d-6054-4408-91b3-ce51fac94a52/name'
21:26:47.732 [Forwarding getElementTagName on session 536ff306da5451fe3d70fa6705c35198 to remote] DEBUG org.asynchttpclient.netty.request.NettyRequestSender - Using open Channel [id: 0xcb19fdd4, L:/127.0.0.1:64099 - R:localhost/127.0.0.1:51030] for GET '/session/536ff306da5451fe3d70fa6705c35198/element/ea71603d-6054-4408-91b3-ce51fac94a52/name'
21:26:47.735 [AsyncHttpClient-1-12] DEBUG org.asynchttpclient.netty.handler.HttpHandler - 

Request DefaultFullHttpRequest(decodeResult: success, version: HTTP/1.1, content: EmptyByteBufBE)
GET /session/536ff306da5451fe3d70fa6705c35198/element/ea71603d-6054-4408-91b3-ce51fac94a52/name HTTP/1.1
User-Agent: selenium/4.1.2 (java windows)
Cache-Control: no-cache
Content-Type: application/json; charset=utf-8
host: localhost:51030
accept: */*

Response DefaultHttpResponse(decodeResult: success, version: HTTP/1.1)
HTTP/1.1 200 OK
Content-Type: application/json; charset=utf-8
cache-control: no-cache
content-length: 15

21:26:47.736 [AsyncHttpClient-1-12] DEBUG org.asynchttpclient.netty.channel.ChannelManager - Adding key: http://localhost:51030 for channel [id: 0xcb19fdd4, L:/127.0.0.1:64099 - R:localhost/127.0.0.1:51030]
21:26:47.737 [Forwarding getElementTagName on session 536ff306da5451fe3d70fa6705c35198 to remote] DEBUG org.asynchttpclient.netty.request.NettyRequestSender - Using pooled Channel '[id: 0xcb19fdd4, L:/127.0.0.1:64099 - R:localhost/127.0.0.1:51030]' for 'GET' to 'http://localhost:51030/session/536ff306da5451fe3d70fa6705c35198/element/ea71603d-6054-4408-91b3-ce51fac94a52/name'
21:26:47.737 [Forwarding getElementTagName on session 536ff306da5451fe3d70fa6705c35198 to remote] DEBUG org.asynchttpclient.netty.request.NettyRequestSender - Using open Channel [id: 0xcb19fdd4, L:/127.0.0.1:64099 - R:localhost/127.0.0.1:51030] for GET '/session/536ff306da5451fe3d70fa6705c35198/element/ea71603d-6054-4408-91b3-ce51fac94a52/name'
21:26:47.741 [AsyncHttpClient-1-12] DEBUG org.asynchttpclient.netty.handler.HttpHandler - 

Request DefaultFullHttpRequest(decodeResult: success, version: HTTP/1.1, content: EmptyByteBufBE)
GET /session/536ff306da5451fe3d70fa6705c35198/element/ea71603d-6054-4408-91b3-ce51fac94a52/name HTTP/1.1
User-Agent: selenium/4.1.2 (java windows)
Cache-Control: no-cache
Content-Type: application/json; charset=utf-8
host: localhost:51030
accept: */*

Response DefaultHttpResponse(decodeResult: success, version: HTTP/1.1)
HTTP/1.1 200 OK
Content-Type: application/json; charset=utf-8
cache-control: no-cache
content-length: 15

21:26:47.741 [AsyncHttpClient-1-12] DEBUG org.asynchttpclient.netty.channel.ChannelManager - Adding key: http://localhost:51030 for channel [id: 0xcb19fdd4, L:/127.0.0.1:64099 - R:localhost/127.0.0.1:51030]
21:26:47.743 [Forwarding findElement on session 536ff306da5451fe3d70fa6705c35198 to remote] DEBUG org.asynchttpclient.netty.request.NettyRequestSender - Using pooled Channel '[id: 0xcb19fdd4, L:/127.0.0.1:64099 - R:localhost/127.0.0.1:51030]' for 'POST' to 'http://localhost:51030/session/536ff306da5451fe3d70fa6705c35198/element'
21:26:47.743 [Forwarding findElement on session 536ff306da5451fe3d70fa6705c35198 to remote] DEBUG org.asynchttpclient.netty.request.NettyRequestSender - Using open Channel [id: 0xcb19fdd4, L:/127.0.0.1:64099 - R:localhost/127.0.0.1:51030] for POST '/session/536ff306da5451fe3d70fa6705c35198/element'
21:26:47.750 [AsyncHttpClient-1-12] DEBUG org.asynchttpclient.netty.handler.HttpHandler - 

Request DefaultHttpRequest(decodeResult: success, version: HTTP/1.1)
POST /session/536ff306da5451fe3d70fa6705c35198/element HTTP/1.1
User-Agent: selenium/4.1.2 (java windows)
Content-Length: 88
Content-Type: application/json; charset=utf-8
host: localhost:51030
accept: */*

Response DefaultHttpResponse(decodeResult: success, version: HTTP/1.1)
HTTP/1.1 200 OK
Content-Type: application/json; charset=utf-8
cache-control: no-cache
content-length: 88

21:26:47.751 [AsyncHttpClient-1-12] DEBUG org.asynchttpclient.netty.channel.ChannelManager - Adding key: http://localhost:51030 for channel [id: 0xcb19fdd4, L:/127.0.0.1:64099 - R:localhost/127.0.0.1:51030]
21:26:47.751 [Forwarding clickElement on session 536ff306da5451fe3d70fa6705c35198 to remote] DEBUG org.asynchttpclient.netty.request.NettyRequestSender - Using pooled Channel '[id: 0xcb19fdd4, L:/127.0.0.1:64099 - R:localhost/127.0.0.1:51030]' for 'POST' to 'http://localhost:51030/session/536ff306da5451fe3d70fa6705c35198/element/ea71603d-6054-4408-91b3-ce51fac94a52/click'
21:26:47.752 [Forwarding clickElement on session 536ff306da5451fe3d70fa6705c35198 to remote] DEBUG org.asynchttpclient.netty.request.NettyRequestSender - Using open Channel [id: 0xcb19fdd4, L:/127.0.0.1:64099 - R:localhost/127.0.0.1:51030] for POST '/session/536ff306da5451fe3d70fa6705c35198/element/ea71603d-6054-4408-91b3-ce51fac94a52/click'
21:26:47.817 [AsyncHttpClient-1-12] DEBUG org.asynchttpclient.netty.handler.HttpHandler - 

Request DefaultHttpRequest(decodeResult: success, version: HTTP/1.1)
POST /session/536ff306da5451fe3d70fa6705c35198/element/ea71603d-6054-4408-91b3-ce51fac94a52/click HTTP/1.1
User-Agent: selenium/4.1.2 (java windows)
Content-Length: 50
Content-Type: application/json; charset=utf-8
host: localhost:51030
accept: */*

Response DefaultHttpResponse(decodeResult: success, version: HTTP/1.1)
HTTP/1.1 200 OK
Content-Type: application/json; charset=utf-8
cache-control: no-cache
content-length: 14

21:26:47.817 [AsyncHttpClient-1-12] DEBUG org.asynchttpclient.netty.channel.ChannelManager - Adding key: http://localhost:51030 for channel [id: 0xcb19fdd4, L:/127.0.0.1:64099 - R:localhost/127.0.0.1:51030]
  &amp#27;[32mWhen &amp#27;[0m&amp#27;[32mI click select category&amp#27;[0m                     &amp#27;[90m# starter.stepdefinitions.ProductSteps.iClickSelectCategory()&amp#27;[0m
21:26:47.824 [Forwarding screenshot on session 536ff306da5451fe3d70fa6705c35198 to remote] DEBUG org.asynchttpclient.netty.request.NettyRequestSender - Using pooled Channel '[id: 0xcb19fdd4, L:/127.0.0.1:64099 - R:localhost/127.0.0.1:51030]' for 'GET' to 'http://localhost:51030/session/536ff306da5451fe3d70fa6705c35198/screenshot'
21:26:47.824 [Forwarding screenshot on session 536ff306da5451fe3d70fa6705c35198 to remote] DEBUG org.asynchttpclient.netty.request.NettyRequestSender - Using open Channel [id: 0xcb19fdd4, L:/127.0.0.1:64099 - R:localhost/127.0.0.1:51030] for GET '/session/536ff306da5451fe3d70fa6705c35198/screenshot'
21:26:48.101 [AsyncHttpClient-1-12] DEBUG org.asynchttpclient.netty.handler.HttpHandler - 

Request DefaultFullHttpRequest(decodeResult: success, version: HTTP/1.1, content: EmptyByteBufBE)
GET /session/536ff306da5451fe3d70fa6705c35198/screenshot HTTP/1.1
User-Agent: selenium/4.1.2 (java windows)
Cache-Control: no-cache
Content-Type: application/json; charset=utf-8
host: localhost:51030
accept: */*

Response DefaultHttpResponse(decodeResult: success, version: HTTP/1.1)
HTTP/1.1 200 OK
Content-Type: application/json; charset=utf-8
cache-control: no-cache
content-length: 41660

21:26:48.101 [AsyncHttpClient-1-12] DEBUG org.asynchttpclient.netty.channel.ChannelManager - Adding key: http://localhost:51030 for channel [id: 0xcb19fdd4, L:/127.0.0.1:64099 - R:localhost/127.0.0.1:51030]
21:26:48.103 [main] DEBUG net.serenitybdd.core.photography.Darkroom - Send negative for processing for target\site\serenity\9418038ce438f2591c0c4825eec89d16dd68ced2314b1014a97e1135c06f7520.png
21:26:48.103 [Darkroom Processing Line] DEBUG net.serenitybdd.core.photography.DarkroomProcessingLine - Processing screenshot image in /var/screenshots/screenshot-8733250708295896369
21:26:48.103 [Darkroom Processing Line] DEBUG net.serenitybdd.core.photography.DarkroomProcessingLine - Saving screenshot to target\site\serenity\9418038ce438f2591c0c4825eec89d16dd68ced2314b1014a97e1135c06f7520.png
21:26:48.113 [Forwarding findElement on session 536ff306da5451fe3d70fa6705c35198 to remote] DEBUG org.asynchttpclient.netty.request.NettyRequestSender - Using pooled Channel '[id: 0xcb19fdd4, L:/127.0.0.1:64099 - R:localhost/127.0.0.1:51030]' for 'POST' to 'http://localhost:51030/session/536ff306da5451fe3d70fa6705c35198/element'
21:26:48.113 [Forwarding findElement on session 536ff306da5451fe3d70fa6705c35198 to remote] DEBUG org.asynchttpclient.netty.request.NettyRequestSender - Using open Channel [id: 0xcb19fdd4, L:/127.0.0.1:64099 - R:localhost/127.0.0.1:51030] for POST '/session/536ff306da5451fe3d70fa6705c35198/element'
21:26:48.129 [AsyncHttpClient-1-12] DEBUG org.asynchttpclient.netty.handler.HttpHandler - 

Request DefaultHttpRequest(decodeResult: success, version: HTTP/1.1)
POST /session/536ff306da5451fe3d70fa6705c35198/element HTTP/1.1
User-Agent: selenium/4.1.2 (java windows)
Content-Length: 88
Content-Type: application/json; charset=utf-8
host: localhost:51030
accept: */*

Response DefaultHttpResponse(decodeResult: success, version: HTTP/1.1)
HTTP/1.1 200 OK
Content-Type: application/json; charset=utf-8
cache-control: no-cache
content-length: 88

21:26:48.129 [AsyncHttpClient-1-12] DEBUG org.asynchttpclient.netty.channel.ChannelManager - Adding key: http://localhost:51030 for channel [id: 0xcb19fdd4, L:/127.0.0.1:64099 - R:localhost/127.0.0.1:51030]
21:26:48.130 [Forwarding getElementTagName on session 536ff306da5451fe3d70fa6705c35198 to remote] DEBUG org.asynchttpclient.netty.request.NettyRequestSender - Using pooled Channel '[id: 0xcb19fdd4, L:/127.0.0.1:64099 - R:localhost/127.0.0.1:51030]' for 'GET' to 'http://localhost:51030/session/536ff306da5451fe3d70fa6705c35198/element/a164791f-eac2-4150-889c-a73b18a10aa5/name'
21:26:48.130 [Forwarding getElementTagName on session 536ff306da5451fe3d70fa6705c35198 to remote] DEBUG org.asynchttpclient.netty.request.NettyRequestSender - Using open Channel [id: 0xcb19fdd4, L:/127.0.0.1:64099 - R:localhost/127.0.0.1:51030] for GET '/session/536ff306da5451fe3d70fa6705c35198/element/a164791f-eac2-4150-889c-a73b18a10aa5/name'
21:26:48.135 [AsyncHttpClient-1-12] DEBUG org.asynchttpclient.netty.handler.HttpHandler - 

Request DefaultFullHttpRequest(decodeResult: success, version: HTTP/1.1, content: EmptyByteBufBE)
GET /session/536ff306da5451fe3d70fa6705c35198/element/a164791f-eac2-4150-889c-a73b18a10aa5/name HTTP/1.1
User-Agent: selenium/4.1.2 (java windows)
Cache-Control: no-cache
Content-Type: application/json; charset=utf-8
host: localhost:51030
accept: */*

Response DefaultHttpResponse(decodeResult: success, version: HTTP/1.1)
HTTP/1.1 200 OK
Content-Type: application/json; charset=utf-8
cache-control: no-cache
content-length: 15

21:26:48.135 [AsyncHttpClient-1-12] DEBUG org.asynchttpclient.netty.channel.ChannelManager - Adding key: http://localhost:51030 for channel [id: 0xcb19fdd4, L:/127.0.0.1:64099 - R:localhost/127.0.0.1:51030]
21:26:48.136 [Forwarding getElementTagName on session 536ff306da5451fe3d70fa6705c35198 to remote] DEBUG org.asynchttpclient.netty.request.NettyRequestSender - Using pooled Channel '[id: 0xcb19fdd4, L:/127.0.0.1:64099 - R:localhost/127.0.0.1:51030]' for 'GET' to 'http://localhost:51030/session/536ff306da5451fe3d70fa6705c35198/element/a164791f-eac2-4150-889c-a73b18a10aa5/name'
21:26:48.136 [Forwarding getElementTagName on session 536ff306da5451fe3d70fa6705c35198 to remote] DEBUG org.asynchttpclient.netty.request.NettyRequestSender - Using open Channel [id: 0xcb19fdd4, L:/127.0.0.1:64099 - R:localhost/127.0.0.1:51030] for GET '/session/536ff306da5451fe3d70fa6705c35198/element/a164791f-eac2-4150-889c-a73b18a10aa5/name'
21:26:48.142 [AsyncHttpClient-1-12] DEBUG org.asynchttpclient.netty.handler.HttpHandler - 

Request DefaultFullHttpRequest(decodeResult: success, version: HTTP/1.1, content: EmptyByteBufBE)
GET /session/536ff306da5451fe3d70fa6705c35198/element/a164791f-eac2-4150-889c-a73b18a10aa5/name HTTP/1.1
User-Agent: selenium/4.1.2 (java windows)
Cache-Control: no-cache
Content-Type: application/json; charset=utf-8
host: localhost:51030
accept: */*

Response DefaultHttpResponse(decodeResult: success, version: HTTP/1.1)
HTTP/1.1 200 OK
Content-Type: application/json; charset=utf-8
cache-control: no-cache
content-length: 15

21:26:48.143 [AsyncHttpClient-1-12] DEBUG org.asynchttpclient.netty.channel.ChannelManager - Adding key: http://localhost:51030 for channel [id: 0xcb19fdd4, L:/127.0.0.1:64099 - R:localhost/127.0.0.1:51030]
21:26:48.145 [Forwarding findElement on session 536ff306da5451fe3d70fa6705c35198 to remote] DEBUG org.asynchttpclient.netty.request.NettyRequestSender - Using pooled Channel '[id: 0xcb19fdd4, L:/127.0.0.1:64099 - R:localhost/127.0.0.1:51030]' for 'POST' to 'http://localhost:51030/session/536ff306da5451fe3d70fa6705c35198/element'
21:26:48.145 [Forwarding findElement on session 536ff306da5451fe3d70fa6705c35198 to remote] DEBUG org.asynchttpclient.netty.request.NettyRequestSender - Using open Channel [id: 0xcb19fdd4, L:/127.0.0.1:64099 - R:localhost/127.0.0.1:51030] for POST '/session/536ff306da5451fe3d70fa6705c35198/element'
21:26:48.151 [AsyncHttpClient-1-1] DEBUG org.asynchttpclient.netty.channel.DefaultChannelPool - Entry count for : http://localhost:64100 : 1
21:26:48.152 [AsyncHttpClient-1-12] DEBUG org.asynchttpclient.netty.handler.HttpHandler - 

Request DefaultHttpRequest(decodeResult: success, version: HTTP/1.1)
POST /session/536ff306da5451fe3d70fa6705c35198/element HTTP/1.1
User-Agent: selenium/4.1.2 (java windows)
Content-Length: 88
Content-Type: application/json; charset=utf-8
host: localhost:51030
accept: */*

Response DefaultHttpResponse(decodeResult: success, version: HTTP/1.1)
HTTP/1.1 200 OK
Content-Type: application/json; charset=utf-8
cache-control: no-cache
content-length: 88

21:26:48.152 [AsyncHttpClient-1-12] DEBUG org.asynchttpclient.netty.channel.ChannelManager - Adding key: http://localhost:51030 for channel [id: 0xcb19fdd4, L:/127.0.0.1:64099 - R:localhost/127.0.0.1:51030]
21:26:48.153 [Forwarding clickElement on session 536ff306da5451fe3d70fa6705c35198 to remote] DEBUG org.asynchttpclient.netty.request.NettyRequestSender - Using pooled Channel '[id: 0xcb19fdd4, L:/127.0.0.1:64099 - R:localhost/127.0.0.1:51030]' for 'POST' to 'http://localhost:51030/session/536ff306da5451fe3d70fa6705c35198/element/a164791f-eac2-4150-889c-a73b18a10aa5/click'
21:26:48.153 [Forwarding clickElement on session 536ff306da5451fe3d70fa6705c35198 to remote] DEBUG org.asynchttpclient.netty.request.NettyRequestSender - Using open Channel [id: 0xcb19fdd4, L:/127.0.0.1:64099 - R:localhost/127.0.0.1:51030] for POST '/session/536ff306da5451fe3d70fa6705c35198/element/a164791f-eac2-4150-889c-a73b18a10aa5/click'
21:26:48.194 [AsyncHttpClient-1-12] DEBUG org.asynchttpclient.netty.handler.HttpHandler - 

Request DefaultHttpRequest(decodeResult: success, version: HTTP/1.1)
POST /session/536ff306da5451fe3d70fa6705c35198/element/a164791f-eac2-4150-889c-a73b18a10aa5/click HTTP/1.1
User-Agent: selenium/4.1.2 (java windows)
Content-Length: 50
Content-Type: application/json; charset=utf-8
host: localhost:51030
accept: */*

Response DefaultHttpResponse(decodeResult: success, version: HTTP/1.1)
HTTP/1.1 200 OK
Content-Type: application/json; charset=utf-8
cache-control: no-cache
content-length: 14

21:26:48.194 [AsyncHttpClient-1-12] DEBUG org.asynchttpclient.netty.channel.ChannelManager - Adding key: http://localhost:51030 for channel [id: 0xcb19fdd4, L:/127.0.0.1:64099 - R:localhost/127.0.0.1:51030]
  &amp#27;[32mAnd &amp#27;[0m&amp#27;[32mI click one of the category&amp#27;[0m                  &amp#27;[90m# starter.stepdefinitions.ProductSteps.iClickOneOfTheCategory()&amp#27;[0m
21:26:48.200 [Forwarding screenshot on session 536ff306da5451fe3d70fa6705c35198 to remote] DEBUG org.asynchttpclient.netty.request.NettyRequestSender - Using pooled Channel '[id: 0xcb19fdd4, L:/127.0.0.1:64099 - R:localhost/127.0.0.1:51030]' for 'GET' to 'http://localhost:51030/session/536ff306da5451fe3d70fa6705c35198/screenshot'
21:26:48.200 [Forwarding screenshot on session 536ff306da5451fe3d70fa6705c35198 to remote] DEBUG org.asynchttpclient.netty.request.NettyRequestSender - Using open Channel [id: 0xcb19fdd4, L:/127.0.0.1:64099 - R:localhost/127.0.0.1:51030] for GET '/session/536ff306da5451fe3d70fa6705c35198/screenshot'
21:26:48.379 [AsyncHttpClient-1-12] DEBUG org.asynchttpclient.netty.handler.HttpHandler - 

Request DefaultFullHttpRequest(decodeResult: success, version: HTTP/1.1, content: EmptyByteBufBE)
GET /session/536ff306da5451fe3d70fa6705c35198/screenshot HTTP/1.1
User-Agent: selenium/4.1.2 (java windows)
Cache-Control: no-cache
Content-Type: application/json; charset=utf-8
host: localhost:51030
accept: */*

Response DefaultHttpResponse(decodeResult: success, version: HTTP/1.1)
HTTP/1.1 200 OK
Content-Type: application/json; charset=utf-8
cache-control: no-cache
content-length: 37864

21:26:48.379 [AsyncHttpClient-1-12] DEBUG org.asynchttpclient.netty.channel.ChannelManager - Adding key: http://localhost:51030 for channel [id: 0xcb19fdd4, L:/127.0.0.1:64099 - R:localhost/127.0.0.1:51030]
21:26:48.381 [main] DEBUG net.serenitybdd.core.photography.Darkroom - Send negative for processing for target\site\serenity\6498fd49b257dee08e37ac36e4c7feee2a1e6b6626fb1ef3bc94c8c484e0cbaa.png
21:26:48.382 [Darkroom Processing Line] DEBUG net.serenitybdd.core.photography.DarkroomProcessingLine - Processing screenshot image in /var/screenshots/screenshot-9007715605391878808
21:26:48.382 [Darkroom Processing Line] DEBUG net.serenitybdd.core.photography.DarkroomProcessingLine - Saving screenshot to target\site\serenity\6498fd49b257dee08e37ac36e4c7feee2a1e6b6626fb1ef3bc94c8c484e0cbaa.png
21:26:48.387 [Forwarding findElement on session 536ff306da5451fe3d70fa6705c35198 to remote] DEBUG org.asynchttpclient.netty.request.NettyRequestSender - Using pooled Channel '[id: 0xcb19fdd4, L:/127.0.0.1:64099 - R:localhost/127.0.0.1:51030]' for 'POST' to 'http://localhost:51030/session/536ff306da5451fe3d70fa6705c35198/element'
21:26:48.388 [Forwarding findElement on session 536ff306da5451fe3d70fa6705c35198 to remote] DEBUG org.asynchttpclient.netty.request.NettyRequestSender - Using open Channel [id: 0xcb19fdd4, L:/127.0.0.1:64099 - R:localhost/127.0.0.1:51030] for POST '/session/536ff306da5451fe3d70fa6705c35198/element'
21:26:48.400 [AsyncHttpClient-1-12] DEBUG org.asynchttpclient.netty.handler.HttpHandler - 

Request DefaultHttpRequest(decodeResult: success, version: HTTP/1.1)
POST /session/536ff306da5451fe3d70fa6705c35198/element HTTP/1.1
User-Agent: selenium/4.1.2 (java windows)
Content-Length: 87
Content-Type: application/json; charset=utf-8
host: localhost:51030
accept: */*

Response DefaultHttpResponse(decodeResult: success, version: HTTP/1.1)
HTTP/1.1 200 OK
Content-Type: application/json; charset=utf-8
cache-control: no-cache
content-length: 88

21:26:48.400 [AsyncHttpClient-1-12] DEBUG org.asynchttpclient.netty.channel.ChannelManager - Adding key: http://localhost:51030 for channel [id: 0xcb19fdd4, L:/127.0.0.1:64099 - R:localhost/127.0.0.1:51030]
21:26:48.404 [Forwarding isElementDisplayed on session 536ff306da5451fe3d70fa6705c35198 to remote] DEBUG org.asynchttpclient.netty.request.NettyRequestSender - Using pooled Channel '[id: 0xcb19fdd4, L:/127.0.0.1:64099 - R:localhost/127.0.0.1:51030]' for 'POST' to 'http://localhost:51030/session/536ff306da5451fe3d70fa6705c35198/execute/sync'
21:26:48.404 [Forwarding isElementDisplayed on session 536ff306da5451fe3d70fa6705c35198 to remote] DEBUG org.asynchttpclient.netty.request.NettyRequestSender - Using open Channel [id: 0xcb19fdd4, L:/127.0.0.1:64099 - R:localhost/127.0.0.1:51030] for POST '/session/536ff306da5451fe3d70fa6705c35198/execute/sync'
21:26:48.422 [AsyncHttpClient-1-12] DEBUG org.asynchttpclient.netty.handler.HttpHandler - 

Request DefaultHttpRequest(decodeResult: success, version: HTTP/1.1)
POST /session/536ff306da5451fe3d70fa6705c35198/execute/sync HTTP/1.1
User-Agent: selenium/4.1.2 (java windows)
Content-Length: 48780
Content-Type: application/json; charset=utf-8
host: localhost:51030
accept: */*

Response DefaultHttpResponse(decodeResult: success, version: HTTP/1.1)
HTTP/1.1 200 OK
Content-Type: application/json; charset=utf-8
cache-control: no-cache
content-length: 14

21:26:48.423 [AsyncHttpClient-1-12] DEBUG org.asynchttpclient.netty.channel.ChannelManager - Adding key: http://localhost:51030 for channel [id: 0xcb19fdd4, L:/127.0.0.1:64099 - R:localhost/127.0.0.1:51030]
  &amp#27;[32mThen &amp#27;[0m&amp#27;[32mI can see products based on chosen category&amp#27;[0m &amp#27;[90m# starter.stepdefinitions.ProductSteps.iCanSeeProductsBasedOnChosenCategory()&amp#27;[0m
21:26:48.431 [main] INFO  - 
  _____   ___   ___   _____     ___     _     ___   ___   ___   ___  
 |_   _| | __| / __| |_   _|   | _ \   /_\   / __| / __| | __| |   \ 
   | |   | _|  \__ \   | |     |  _/  / _ \  \__ \ \__ \ | _|  | |) |
   |_|   |___| |___/   |_|     |_|   /_/ \_\ |___/ |___/ |___| |___/ 

Select Category
----------------------------------------------------------------------
21:26:48.432 [AsyncHttpClient-1-14] DEBUG org.asynchttpclient.netty.handler.WebSocketHandler - Channel Closed: [id: 0xa2699818, L:/127.0.0.1:64108 ! R:localhost/127.0.0.1:64100] with attribute NettyResponseFuture{currentRetry=5,
	isDone=1,
	isCancelled=0,
	asyncHandler=org.asynchttpclient.ws.WebSocketUpgradeHandler@68a47e3a,
	nettyRequest=org.asynchttpclient.netty.request.NettyRequest@2ff1cfdc,
	future=java.util.concurrent.CompletableFuture@b7207f6[Completed normally],
	uri=ws://localhost:64100/devtools/browser/1401930e-5ee3-46f4-abea-fc67faa21985,
	keepAlive=true,
	redirectCount=0,
	timeoutsHolder=null,
	inAuth=0,
	touch=1667572006503}
21:26:48.432 [AsyncHttpClient-1-14] DEBUG org.asynchttpclient.netty.channel.ChannelManager - Closing Channel [id: 0xa2699818, L:/127.0.0.1:64108 ! R:localhost/127.0.0.1:64100] 
21:26:48.433 [Driver Command Executor] DEBUG org.asynchttpclient.netty.request.NettyRequestSender - Using pooled Channel '[id: 0xcb19fdd4, L:/127.0.0.1:64099 - R:localhost/127.0.0.1:51030]' for 'DELETE' to 'http://localhost:51030/session/536ff306da5451fe3d70fa6705c35198'
21:26:48.433 [Driver Command Executor] DEBUG org.asynchttpclient.netty.request.NettyRequestSender - Using open Channel [id: 0xcb19fdd4, L:/127.0.0.1:64099 - R:localhost/127.0.0.1:51030] for DELETE '/session/536ff306da5451fe3d70fa6705c35198'
21:26:48.502 [AsyncHttpClient-1-13] DEBUG org.asynchttpclient.netty.handler.HttpHandler - Unexpected I/O exception on channel [id: 0xc4086f10, L:/127.0.0.1:64107 - R:localhost/127.0.0.1:64100]
java.net.SocketException: Connection reset
	at java.base/sun.nio.ch.SocketChannelImpl.throwConnectionReset(SocketChannelImpl.java:345)
	at java.base/sun.nio.ch.SocketChannelImpl.read(SocketChannelImpl.java:376)
	at io.netty.buffer.PooledByteBuf.setBytes(PooledByteBuf.java:258)
	at io.netty.buffer.AbstractByteBuf.writeBytes(AbstractByteBuf.java:1132)
	at io.netty.channel.socket.nio.NioSocketChannel.doReadBytes(NioSocketChannel.java:350)
	at io.netty.channel.nio.AbstractNioByteChannel$NioByteUnsafe.read(AbstractNioByteChannel.java:151)
	at io.netty.channel.nio.NioEventLoop.processSelectedKey(NioEventLoop.java:722)
	at io.netty.channel.nio.NioEventLoop.processSelectedKeysOptimized(NioEventLoop.java:658)
	at io.netty.channel.nio.NioEventLoop.processSelectedKeys(NioEventLoop.java:584)
	at io.netty.channel.nio.NioEventLoop.run(NioEventLoop.java:496)
	at io.netty.util.concurrent.SingleThreadEventExecutor$4.run(SingleThreadEventExecutor.java:986)
	at io.netty.util.internal.ThreadExecutorMap$2.run(ThreadExecutorMap.java:74)
	at io.netty.util.concurrent.FastThreadLocalRunnable.run(FastThreadLocalRunnable.java:30)
	at java.base/java.lang.Thread.run(Thread.java:830)
21:26:48.502 [AsyncHttpClient-1-13] DEBUG org.asynchttpclient.netty.channel.ChannelManager - Closing Channel [id: 0xc4086f10, L:/127.0.0.1:64107 - R:localhost/127.0.0.1:64100] 
21:26:48.503 [AsyncHttpClient-1-13] DEBUG org.asynchttpclient.netty.handler.HttpHandler - Channel Closed: [id: 0xc4086f10, L:/127.0.0.1:64107 ! R:localhost/127.0.0.1:64100] with attribute DISCARD
21:26:48.529 [AsyncHttpClient-1-12] DEBUG org.asynchttpclient.netty.handler.HttpHandler - 

Request DefaultFullHttpRequest(decodeResult: success, version: HTTP/1.1, content: EmptyByteBufBE)
DELETE /session/536ff306da5451fe3d70fa6705c35198 HTTP/1.1
User-Agent: selenium/4.1.2 (java windows)
Content-Type: application/json; charset=utf-8
host: localhost:51030
accept: */*

Response DefaultHttpResponse(decodeResult: success, version: HTTP/1.1)
HTTP/1.1 200 OK
Content-Type: application/json; charset=utf-8
cache-control: no-cache
content-length: 14

21:26:48.529 [AsyncHttpClient-1-12] DEBUG org.asynchttpclient.netty.channel.ChannelManager - Adding key: http://localhost:51030 for channel [id: 0xcb19fdd4, L:/127.0.0.1:64099 - R:localhost/127.0.0.1:51030]
21:26:48.583 [AsyncHttpClient-1-12] DEBUG org.asynchttpclient.netty.handler.HttpHandler - Channel Closed: [id: 0xcb19fdd4, L:/127.0.0.1:64099 ! R:localhost/127.0.0.1:51030] with attribute DISCARD
]]></system-out>
    <system-err><![CDATA[Starting ChromeDriver 106.0.5249.61 (511755355844955cd3e264779baf0dd38212a4d0-refs/branch-heads/5249@{#569}) on port 51030
Only local connections are allowed.
Please see https://chromedriver.chromium.org/security-considerations for suggestions on keeping ChromeDriver safe.
ChromeDriver was started successfully.
[1667572006.305][WARNING]: This version of ChromeDriver has not been tested with Chrome version 107.
Nov 04, 2022 9:26:46 PM org.openqa.selenium.remote.ProtocolHandshake createSession
INFO: Detected dialect: W3C
Nov 04, 2022 9:26:46 PM org.openqa.selenium.devtools.CdpVersionFinder findNearestMatch
WARNING: Unable to find an exact match for CDP version 107, so returning the closest version found: a no-op implementation
Nov 04, 2022 9:26:46 PM org.openqa.selenium.devtools.CdpVersionFinder findNearestMatch
INFO: Unable to find CDP implementation matching 107.
Nov 04, 2022 9:26:46 PM org.openqa.selenium.chromium.ChromiumDriver lambda$new$3
WARNING: Unable to find version of CDP to use for . You may need to include a dependency on a specific version of the CDP using something similar to `org.seleniumhq.selenium:selenium-devtools-v86:4.1.2` where the version ("v86") matches the version of the chromium-based browser you're using and the version number of the artifact is the same as Selenium's.
]]></system-err>
  </testcase>
  <testcase name="View Product Detail" classname="Manage Product" time="7.736">
    <system-out><![CDATA[
Scenario: View Product Detail                &amp#27;[90m# src/test/resources/features/Product.feature:16&amp#27;[0m
21:26:49.114 [main] INFO io.cucumber.core.plugin.SerenityReporter - Running feature from file:///C:/Users/ASUS/Desktop/stupen/miniproject/Web/ASWeb/src/test/resources/features/Product.feature
21:26:49.115 [main] INFO  - 
  _____   ___   ___   _____     ___   _____     _     ___   _____   ___   ___  
 |_   _| | __| / __| |_   _|   / __| |_   _|   /_\   | _ \ |_   _| | __| |   \ 
   | |   | _|  \__ \   | |     \__ \   | |    / _ \  |   /   | |   | _|  | |) |
   |_|   |___| |___/   |_|     |___/   |_|   /_/ \_\ |_|_\   |_|   |___| |___/ 

View Product Detail(manage-product;view-product-detail)
--------------------------------------------------------------------------------
21:26:49.125 [main] INFO net.serenitybdd.core.webdriver.driverproviders.ChromeDriverProvider - Using automatically driver download
21:26:49.236 [main] DEBUG io.github.bonigarcia.wdm.cache.ResolutionCache - Resolution chrome=107 in cache (valid until 22:24:57 04/11/2022 WIB)
21:26:49.240 [main] DEBUG io.github.bonigarcia.wdm.cache.ResolutionCache - Resolution chrome107=107.0.5304.62 in cache (valid until 21:24:57 05/11/2022 WIB)
21:26:49.241 [main] INFO io.github.bonigarcia.wdm.WebDriverManager - Using chromedriver 107.0.5304.62 (resolved driver for Chrome 107)
21:26:49.250 [AsyncHttpClient-1-1] DEBUG org.asynchttpclient.netty.channel.DefaultChannelPool - Entry count for : http://localhost:51030 : 1
21:26:49.250 [AsyncHttpClient-1-1] DEBUG org.asynchttpclient.netty.channel.DefaultChannelPool - Entry count for : http://localhost:64100 : 1
21:26:49.250 [AsyncHttpClient-1-1] DEBUG org.asynchttpclient.netty.channel.DefaultChannelPool - Adding Candidate expired Channel [id: 0xcb19fdd4, L:/127.0.0.1:64099 ! R:localhost/127.0.0.1:51030] isIdleTimeoutExpired=false isRemotelyClosed=true isTtlExpired=false
21:26:49.250 [AsyncHttpClient-1-1] DEBUG org.asynchttpclient.netty.channel.DefaultChannelPool - Closing Idle Channel [id: 0xcb19fdd4, L:/127.0.0.1:64099 ! R:localhost/127.0.0.1:51030]
21:26:49.250 [AsyncHttpClient-1-1] DEBUG org.asynchttpclient.netty.channel.DefaultChannelPool - Adding Candidate expired Channel [id: 0xc4086f10, L:/127.0.0.1:64107 ! R:localhost/127.0.0.1:64100] isIdleTimeoutExpired=false isRemotelyClosed=true isTtlExpired=false
21:26:49.250 [AsyncHttpClient-1-1] DEBUG org.asynchttpclient.netty.channel.DefaultChannelPool - Closing Idle Channel [id: 0xc4086f10, L:/127.0.0.1:64107 ! R:localhost/127.0.0.1:64100]
21:26:49.250 [AsyncHttpClient-1-1] DEBUG org.asynchttpclient.netty.channel.DefaultChannelPool - Closed 2 connections out of 2 in 0 ms
21:26:49.252 [main] DEBUG io.github.bonigarcia.wdm.WebDriverManager - Driver chromedriver 107.0.5304.62 found in cache
21:26:49.252 [main] INFO io.github.bonigarcia.wdm.WebDriverManager - Exporting webdriver.chrome.driver as C:\Users\ASUS\.cache\selenium\chromedriver\win32\107.0.5304.62\chromedriver.exe
21:26:49.373 [main] DEBUG net.serenitybdd.core.webdriver.driverproviders.ProvideNewDriver - Instantiating driver
21:26:49.373 [main] DEBUG net.serenitybdd.core.webdriver.driverproviders.ProvideNewDriver - Driver capabilities: Capabilities {acceptInsecureCerts: false, base.url: https://alta-shop.vercel.app/, browserName: chrome, chrome.driver: src/test/resources/webdrive..., driver: chrome, goog:chromeOptions: {args: [], extensions: []}, wait.for.timeout: 10000}
21:26:49.919 [AsyncHttpClient-1-15] DEBUG org.asynchttpclient.netty.channel.NettyConnectListener - Using new Channel '[id: 0x4b55bc8c, L:/127.0.0.1:64125 - R:localhost/127.0.0.1:62772]' for 'POST' to '/session'
21:26:50.698 [AsyncHttpClient-1-15] DEBUG org.asynchttpclient.netty.handler.HttpHandler - 

Request DefaultHttpRequest(decodeResult: success, version: HTTP/1.1)
POST /session HTTP/1.1
User-Agent: selenium/4.1.2 (java windows)
Content-Length: 646
Content-Type: application/json; charset=utf-8
host: localhost:62772
accept: */*

Response DefaultHttpResponse(decodeResult: success, version: HTTP/1.1)
HTTP/1.1 200 OK
Content-Type: application/json; charset=utf-8
cache-control: no-cache
content-length: 788

21:26:50.698 [AsyncHttpClient-1-15] DEBUG org.asynchttpclient.netty.channel.ChannelManager - Adding key: http://localhost:62772 for channel [id: 0x4b55bc8c, L:/127.0.0.1:64125 - R:localhost/127.0.0.1:62772]
21:26:50.713 [AsyncHttpClient-1-16] DEBUG org.asynchttpclient.netty.channel.NettyConnectListener - Using new Channel '[id: 0xf037e533, L:/127.0.0.1:64132 - R:localhost/127.0.0.1:64126]' for 'GET' to '/json/version'
21:26:50.714 [AsyncHttpClient-1-16] DEBUG org.asynchttpclient.netty.handler.HttpHandler - 

Request DefaultFullHttpRequest(decodeResult: success, version: HTTP/1.1, content: EmptyByteBufBE)
GET /json/version HTTP/1.1
User-Agent: selenium/4.1.2 (java windows)
host: localhost:64126
accept: */*

Response DefaultHttpResponse(decodeResult: success, version: HTTP/1.1)
HTTP/1.1 200 OK
Content-Type: application/json; charset=UTF-8
content-length: 423

21:26:50.714 [AsyncHttpClient-1-16] DEBUG org.asynchttpclient.netty.channel.ChannelManager - Adding key: http://localhost:64126 for channel [id: 0xf037e533, L:/127.0.0.1:64132 - R:localhost/127.0.0.1:64126]
21:26:50.717 [AsyncHttpClient-1-17] DEBUG org.asynchttpclient.netty.channel.NettyConnectListener - Using new Channel '[id: 0x24486f59, L:/127.0.0.1:64133 - R:localhost/127.0.0.1:64126]' for 'GET' to '/devtools/browser/5422984e-beb0-48a0-8ac0-3f33c8802f7a'
21:26:50.718 [AsyncHttpClient-1-17] DEBUG org.asynchttpclient.netty.handler.WebSocketHandler - 

Request DefaultFullHttpRequest(decodeResult: success, version: HTTP/1.1, content: EmptyByteBufBE)
GET /devtools/browser/5422984e-beb0-48a0-8ac0-3f33c8802f7a HTTP/1.1
upgrade: websocket
connection: upgrade
sec-websocket-key: NcM7W2cCjn39iiHpeS7VBg==
sec-websocket-version: 13
origin: http://localhost:64126
host: localhost:64126
accept: */*
user-agent: AHC/2.1

Response DefaultHttpResponse(decodeResult: success, version: HTTP/1.1)
HTTP/1.1 101 WebSocket Protocol Handshake
Upgrade: WebSocket
Connection: Upgrade
Sec-WebSocket-Accept: aZbkSIcvV64Kj89W/qakQjaNSKw=

21:26:50.725 [Forwarding get on session c154b1a60b73dde3d1b4ff9dfaee5c59 to remote] DEBUG org.asynchttpclient.netty.request.NettyRequestSender - Using pooled Channel '[id: 0x4b55bc8c, L:/127.0.0.1:64125 - R:localhost/127.0.0.1:62772]' for 'POST' to 'http://localhost:62772/session/c154b1a60b73dde3d1b4ff9dfaee5c59/url'
21:26:50.725 [Forwarding get on session c154b1a60b73dde3d1b4ff9dfaee5c59 to remote] DEBUG org.asynchttpclient.netty.request.NettyRequestSender - Using open Channel [id: 0x4b55bc8c, L:/127.0.0.1:64125 - R:localhost/127.0.0.1:62772] for POST '/session/c154b1a60b73dde3d1b4ff9dfaee5c59/url'
21:26:51.352 [AsyncHttpClient-1-15] DEBUG org.asynchttpclient.netty.handler.HttpHandler - 

Request DefaultHttpRequest(decodeResult: success, version: HTTP/1.1)
POST /session/c154b1a60b73dde3d1b4ff9dfaee5c59/url HTTP/1.1
User-Agent: selenium/4.1.2 (java windows)
Content-Length: 59
Content-Type: application/json; charset=utf-8
host: localhost:62772
accept: */*

Response DefaultHttpResponse(decodeResult: success, version: HTTP/1.1)
HTTP/1.1 200 OK
Content-Type: application/json; charset=utf-8
cache-control: no-cache
content-length: 14

21:26:51.352 [AsyncHttpClient-1-15] DEBUG org.asynchttpclient.netty.channel.ChannelManager - Adding key: http://localhost:62772 for channel [id: 0x4b55bc8c, L:/127.0.0.1:64125 - R:localhost/127.0.0.1:62772]
21:26:51.353 [Forwarding setTimeout on session c154b1a60b73dde3d1b4ff9dfaee5c59 to remote] DEBUG org.asynchttpclient.netty.request.NettyRequestSender - Using pooled Channel '[id: 0x4b55bc8c, L:/127.0.0.1:64125 - R:localhost/127.0.0.1:62772]' for 'POST' to 'http://localhost:62772/session/c154b1a60b73dde3d1b4ff9dfaee5c59/timeouts'
21:26:51.353 [Forwarding setTimeout on session c154b1a60b73dde3d1b4ff9dfaee5c59 to remote] DEBUG org.asynchttpclient.netty.request.NettyRequestSender - Using open Channel [id: 0x4b55bc8c, L:/127.0.0.1:64125 - R:localhost/127.0.0.1:62772] for POST '/session/c154b1a60b73dde3d1b4ff9dfaee5c59/timeouts'
21:26:51.354 [AsyncHttpClient-1-15] DEBUG org.asynchttpclient.netty.handler.HttpHandler - 

Request DefaultHttpRequest(decodeResult: success, version: HTTP/1.1)
POST /session/c154b1a60b73dde3d1b4ff9dfaee5c59/timeouts HTTP/1.1
User-Agent: selenium/4.1.2 (java windows)
Content-Length: 22
Content-Type: application/json; charset=utf-8
host: localhost:62772
accept: */*

Response DefaultHttpResponse(decodeResult: success, version: HTTP/1.1)
HTTP/1.1 200 OK
Content-Type: application/json; charset=utf-8
cache-control: no-cache
content-length: 14

21:26:51.354 [AsyncHttpClient-1-15] DEBUG org.asynchttpclient.netty.channel.ChannelManager - Adding key: http://localhost:62772 for channel [id: 0x4b55bc8c, L:/127.0.0.1:64125 - R:localhost/127.0.0.1:62772]
21:26:51.360 [Forwarding getCurrentUrl on session c154b1a60b73dde3d1b4ff9dfaee5c59 to remote] DEBUG org.asynchttpclient.netty.request.NettyRequestSender - Using pooled Channel '[id: 0x4b55bc8c, L:/127.0.0.1:64125 - R:localhost/127.0.0.1:62772]' for 'GET' to 'http://localhost:62772/session/c154b1a60b73dde3d1b4ff9dfaee5c59/url'
21:26:51.360 [Forwarding getCurrentUrl on session c154b1a60b73dde3d1b4ff9dfaee5c59 to remote] DEBUG org.asynchttpclient.netty.request.NettyRequestSender - Using open Channel [id: 0x4b55bc8c, L:/127.0.0.1:64125 - R:localhost/127.0.0.1:62772] for GET '/session/c154b1a60b73dde3d1b4ff9dfaee5c59/url'
21:26:51.366 [AsyncHttpClient-1-15] DEBUG org.asynchttpclient.netty.handler.HttpHandler - 

Request DefaultFullHttpRequest(decodeResult: success, version: HTTP/1.1, content: EmptyByteBufBE)
GET /session/c154b1a60b73dde3d1b4ff9dfaee5c59/url HTTP/1.1
User-Agent: selenium/4.1.2 (java windows)
Cache-Control: no-cache
Content-Type: application/json; charset=utf-8
host: localhost:62772
accept: */*

Response DefaultHttpResponse(decodeResult: success, version: HTTP/1.1)
HTTP/1.1 200 OK
Content-Type: application/json; charset=utf-8
cache-control: no-cache
content-length: 41

21:26:51.366 [AsyncHttpClient-1-15] DEBUG org.asynchttpclient.netty.channel.ChannelManager - Adding key: http://localhost:62772 for channel [id: 0x4b55bc8c, L:/127.0.0.1:64125 - R:localhost/127.0.0.1:62772]
  &amp#27;[32mGiven &amp#27;[0m&amp#27;[32mI open product url&amp#27;[0m                   &amp#27;[90m# starter.stepdefinitions.ProductSteps.iOpenProductUrl()&amp#27;[0m
21:26:51.375 [Forwarding screenshot on session c154b1a60b73dde3d1b4ff9dfaee5c59 to remote] DEBUG org.asynchttpclient.netty.request.NettyRequestSender - Using pooled Channel '[id: 0x4b55bc8c, L:/127.0.0.1:64125 - R:localhost/127.0.0.1:62772]' for 'GET' to 'http://localhost:62772/session/c154b1a60b73dde3d1b4ff9dfaee5c59/screenshot'
21:26:51.375 [Forwarding screenshot on session c154b1a60b73dde3d1b4ff9dfaee5c59 to remote] DEBUG org.asynchttpclient.netty.request.NettyRequestSender - Using open Channel [id: 0x4b55bc8c, L:/127.0.0.1:64125 - R:localhost/127.0.0.1:62772] for GET '/session/c154b1a60b73dde3d1b4ff9dfaee5c59/screenshot'
21:26:51.451 [AsyncHttpClient-1-1] DEBUG org.asynchttpclient.netty.channel.DefaultChannelPool - Entry count for : http://localhost:64126 : 1
21:26:51.863 [AsyncHttpClient-1-15] DEBUG org.asynchttpclient.netty.handler.HttpHandler - 

Request DefaultFullHttpRequest(decodeResult: success, version: HTTP/1.1, content: EmptyByteBufBE)
GET /session/c154b1a60b73dde3d1b4ff9dfaee5c59/screenshot HTTP/1.1
User-Agent: selenium/4.1.2 (java windows)
Cache-Control: no-cache
Content-Type: application/json; charset=utf-8
host: localhost:62772
accept: */*

Response DefaultHttpResponse(decodeResult: success, version: HTTP/1.1)
HTTP/1.1 200 OK
Content-Type: application/json; charset=utf-8
cache-control: no-cache
content-length: 44980

21:26:51.863 [AsyncHttpClient-1-15] DEBUG org.asynchttpclient.netty.channel.ChannelManager - Adding key: http://localhost:62772 for channel [id: 0x4b55bc8c, L:/127.0.0.1:64125 - R:localhost/127.0.0.1:62772]
21:26:51.865 [main] DEBUG net.serenitybdd.core.photography.Darkroom - Send negative for processing for target\site\serenity\60d57c27bb1f2f78dcddd31798b4a8dcb8827d4d207739b7a25e65d7475fff6f.png
21:26:51.866 [Darkroom Processing Line] DEBUG net.serenitybdd.core.photography.DarkroomProcessingLine - Processing screenshot image in /var/screenshots/screenshot-3968978231739448543
21:26:51.866 [Darkroom Processing Line] DEBUG net.serenitybdd.core.photography.DarkroomProcessingLine - Saving screenshot to target\site\serenity\60d57c27bb1f2f78dcddd31798b4a8dcb8827d4d207739b7a25e65d7475fff6f.png
21:26:51.875 [Forwarding findElement on session c154b1a60b73dde3d1b4ff9dfaee5c59 to remote] DEBUG org.asynchttpclient.netty.request.NettyRequestSender - Using pooled Channel '[id: 0x4b55bc8c, L:/127.0.0.1:64125 - R:localhost/127.0.0.1:62772]' for 'POST' to 'http://localhost:62772/session/c154b1a60b73dde3d1b4ff9dfaee5c59/element'
21:26:51.875 [Forwarding findElement on session c154b1a60b73dde3d1b4ff9dfaee5c59 to remote] DEBUG org.asynchttpclient.netty.request.NettyRequestSender - Using open Channel [id: 0x4b55bc8c, L:/127.0.0.1:64125 - R:localhost/127.0.0.1:62772] for POST '/session/c154b1a60b73dde3d1b4ff9dfaee5c59/element'
21:26:52.550 [AsyncHttpClient-1-1] DEBUG org.asynchttpclient.netty.channel.DefaultChannelPool - Entry count for : http://localhost:64126 : 1
21:26:53.658 [AsyncHttpClient-1-1] DEBUG org.asynchttpclient.netty.channel.DefaultChannelPool - Entry count for : http://localhost:64126 : 1
21:26:54.447 [AsyncHttpClient-1-15] DEBUG org.asynchttpclient.netty.handler.HttpHandler - 

Request DefaultHttpRequest(decodeResult: success, version: HTTP/1.1)
POST /session/c154b1a60b73dde3d1b4ff9dfaee5c59/element HTTP/1.1
User-Agent: selenium/4.1.2 (java windows)
Content-Length: 87
Content-Type: application/json; charset=utf-8
host: localhost:62772
accept: */*

Response DefaultHttpResponse(decodeResult: success, version: HTTP/1.1)
HTTP/1.1 200 OK
Content-Type: application/json; charset=utf-8
cache-control: no-cache
content-length: 88

21:26:54.447 [AsyncHttpClient-1-15] DEBUG org.asynchttpclient.netty.channel.ChannelManager - Adding key: http://localhost:62772 for channel [id: 0x4b55bc8c, L:/127.0.0.1:64125 - R:localhost/127.0.0.1:62772]
21:26:54.449 [Forwarding getElementTagName on session c154b1a60b73dde3d1b4ff9dfaee5c59 to remote] DEBUG org.asynchttpclient.netty.request.NettyRequestSender - Using pooled Channel '[id: 0x4b55bc8c, L:/127.0.0.1:64125 - R:localhost/127.0.0.1:62772]' for 'GET' to 'http://localhost:62772/session/c154b1a60b73dde3d1b4ff9dfaee5c59/element/3a5356e2-fa85-4ace-b487-1f3d9d0fd139/name'
21:26:54.449 [Forwarding getElementTagName on session c154b1a60b73dde3d1b4ff9dfaee5c59 to remote] DEBUG org.asynchttpclient.netty.request.NettyRequestSender - Using open Channel [id: 0x4b55bc8c, L:/127.0.0.1:64125 - R:localhost/127.0.0.1:62772] for GET '/session/c154b1a60b73dde3d1b4ff9dfaee5c59/element/3a5356e2-fa85-4ace-b487-1f3d9d0fd139/name'
21:26:54.456 [AsyncHttpClient-1-15] DEBUG org.asynchttpclient.netty.handler.HttpHandler - 

Request DefaultFullHttpRequest(decodeResult: success, version: HTTP/1.1, content: EmptyByteBufBE)
GET /session/c154b1a60b73dde3d1b4ff9dfaee5c59/element/3a5356e2-fa85-4ace-b487-1f3d9d0fd139/name HTTP/1.1
User-Agent: selenium/4.1.2 (java windows)
Cache-Control: no-cache
Content-Type: application/json; charset=utf-8
host: localhost:62772
accept: */*

Response DefaultHttpResponse(decodeResult: success, version: HTTP/1.1)
HTTP/1.1 200 OK
Content-Type: application/json; charset=utf-8
cache-control: no-cache
content-length: 16

21:26:54.456 [AsyncHttpClient-1-15] DEBUG org.asynchttpclient.netty.channel.ChannelManager - Adding key: http://localhost:62772 for channel [id: 0x4b55bc8c, L:/127.0.0.1:64125 - R:localhost/127.0.0.1:62772]
21:26:54.459 [Forwarding getElementTagName on session c154b1a60b73dde3d1b4ff9dfaee5c59 to remote] DEBUG org.asynchttpclient.netty.request.NettyRequestSender - Using pooled Channel '[id: 0x4b55bc8c, L:/127.0.0.1:64125 - R:localhost/127.0.0.1:62772]' for 'GET' to 'http://localhost:62772/session/c154b1a60b73dde3d1b4ff9dfaee5c59/element/3a5356e2-fa85-4ace-b487-1f3d9d0fd139/name'
21:26:54.459 [Forwarding getElementTagName on session c154b1a60b73dde3d1b4ff9dfaee5c59 to remote] DEBUG org.asynchttpclient.netty.request.NettyRequestSender - Using open Channel [id: 0x4b55bc8c, L:/127.0.0.1:64125 - R:localhost/127.0.0.1:62772] for GET '/session/c154b1a60b73dde3d1b4ff9dfaee5c59/element/3a5356e2-fa85-4ace-b487-1f3d9d0fd139/name'
21:26:54.463 [AsyncHttpClient-1-15] DEBUG org.asynchttpclient.netty.handler.HttpHandler - 

Request DefaultFullHttpRequest(decodeResult: success, version: HTTP/1.1, content: EmptyByteBufBE)
GET /session/c154b1a60b73dde3d1b4ff9dfaee5c59/element/3a5356e2-fa85-4ace-b487-1f3d9d0fd139/name HTTP/1.1
User-Agent: selenium/4.1.2 (java windows)
Cache-Control: no-cache
Content-Type: application/json; charset=utf-8
host: localhost:62772
accept: */*

Response DefaultHttpResponse(decodeResult: success, version: HTTP/1.1)
HTTP/1.1 200 OK
Content-Type: application/json; charset=utf-8
cache-control: no-cache
content-length: 16

21:26:54.463 [AsyncHttpClient-1-15] DEBUG org.asynchttpclient.netty.channel.ChannelManager - Adding key: http://localhost:62772 for channel [id: 0x4b55bc8c, L:/127.0.0.1:64125 - R:localhost/127.0.0.1:62772]
21:26:54.465 [Forwarding findElement on session c154b1a60b73dde3d1b4ff9dfaee5c59 to remote] DEBUG org.asynchttpclient.netty.request.NettyRequestSender - Using pooled Channel '[id: 0x4b55bc8c, L:/127.0.0.1:64125 - R:localhost/127.0.0.1:62772]' for 'POST' to 'http://localhost:62772/session/c154b1a60b73dde3d1b4ff9dfaee5c59/element'
21:26:54.465 [Forwarding findElement on session c154b1a60b73dde3d1b4ff9dfaee5c59 to remote] DEBUG org.asynchttpclient.netty.request.NettyRequestSender - Using open Channel [id: 0x4b55bc8c, L:/127.0.0.1:64125 - R:localhost/127.0.0.1:62772] for POST '/session/c154b1a60b73dde3d1b4ff9dfaee5c59/element'
21:26:54.479 [AsyncHttpClient-1-15] DEBUG org.asynchttpclient.netty.handler.HttpHandler - 

Request DefaultHttpRequest(decodeResult: success, version: HTTP/1.1)
POST /session/c154b1a60b73dde3d1b4ff9dfaee5c59/element HTTP/1.1
User-Agent: selenium/4.1.2 (java windows)
Content-Length: 87
Content-Type: application/json; charset=utf-8
host: localhost:62772
accept: */*

Response DefaultHttpResponse(decodeResult: success, version: HTTP/1.1)
HTTP/1.1 200 OK
Content-Type: application/json; charset=utf-8
cache-control: no-cache
content-length: 88

21:26:54.479 [AsyncHttpClient-1-15] DEBUG org.asynchttpclient.netty.channel.ChannelManager - Adding key: http://localhost:62772 for channel [id: 0x4b55bc8c, L:/127.0.0.1:64125 - R:localhost/127.0.0.1:62772]
21:26:54.480 [Forwarding clickElement on session c154b1a60b73dde3d1b4ff9dfaee5c59 to remote] DEBUG org.asynchttpclient.netty.request.NettyRequestSender - Using pooled Channel '[id: 0x4b55bc8c, L:/127.0.0.1:64125 - R:localhost/127.0.0.1:62772]' for 'POST' to 'http://localhost:62772/session/c154b1a60b73dde3d1b4ff9dfaee5c59/element/3a5356e2-fa85-4ace-b487-1f3d9d0fd139/click'
21:26:54.480 [Forwarding clickElement on session c154b1a60b73dde3d1b4ff9dfaee5c59 to remote] DEBUG org.asynchttpclient.netty.request.NettyRequestSender - Using open Channel [id: 0x4b55bc8c, L:/127.0.0.1:64125 - R:localhost/127.0.0.1:62772] for POST '/session/c154b1a60b73dde3d1b4ff9dfaee5c59/element/3a5356e2-fa85-4ace-b487-1f3d9d0fd139/click'
21:26:54.545 [AsyncHttpClient-1-15] DEBUG org.asynchttpclient.netty.handler.HttpHandler - 

Request DefaultHttpRequest(decodeResult: success, version: HTTP/1.1)
POST /session/c154b1a60b73dde3d1b4ff9dfaee5c59/element/3a5356e2-fa85-4ace-b487-1f3d9d0fd139/click HTTP/1.1
User-Agent: selenium/4.1.2 (java windows)
Content-Length: 50
Content-Type: application/json; charset=utf-8
host: localhost:62772
accept: */*

Response DefaultHttpResponse(decodeResult: success, version: HTTP/1.1)
HTTP/1.1 200 OK
Content-Type: application/json; charset=utf-8
cache-control: no-cache
content-length: 14

21:26:54.545 [AsyncHttpClient-1-15] DEBUG org.asynchttpclient.netty.channel.ChannelManager - Adding key: http://localhost:62772 for channel [id: 0x4b55bc8c, L:/127.0.0.1:64125 - R:localhost/127.0.0.1:62772]
  &amp#27;[32mWhen &amp#27;[0m&amp#27;[32mI click detail on one of the products&amp#27;[0m &amp#27;[90m# starter.stepdefinitions.ProductSteps.iClickDetailOnOneOfTheProducts()&amp#27;[0m
21:26:54.552 [Forwarding screenshot on session c154b1a60b73dde3d1b4ff9dfaee5c59 to remote] DEBUG org.asynchttpclient.netty.request.NettyRequestSender - Using pooled Channel '[id: 0x4b55bc8c, L:/127.0.0.1:64125 - R:localhost/127.0.0.1:62772]' for 'GET' to 'http://localhost:62772/session/c154b1a60b73dde3d1b4ff9dfaee5c59/screenshot'
21:26:54.552 [Forwarding screenshot on session c154b1a60b73dde3d1b4ff9dfaee5c59 to remote] DEBUG org.asynchttpclient.netty.request.NettyRequestSender - Using open Channel [id: 0x4b55bc8c, L:/127.0.0.1:64125 - R:localhost/127.0.0.1:62772] for GET '/session/c154b1a60b73dde3d1b4ff9dfaee5c59/screenshot'
21:26:54.751 [AsyncHttpClient-1-1] DEBUG org.asynchttpclient.netty.channel.DefaultChannelPool - Entry count for : http://localhost:64126 : 1
21:26:55.030 [AsyncHttpClient-1-15] DEBUG org.asynchttpclient.netty.handler.HttpHandler - 

Request DefaultFullHttpRequest(decodeResult: success, version: HTTP/1.1, content: EmptyByteBufBE)
GET /session/c154b1a60b73dde3d1b4ff9dfaee5c59/screenshot HTTP/1.1
User-Agent: selenium/4.1.2 (java windows)
Cache-Control: no-cache
Content-Type: application/json; charset=utf-8
host: localhost:62772
accept: */*

Response DefaultHttpResponse(decodeResult: success, version: HTTP/1.1)
HTTP/1.1 200 OK
Content-Type: application/json; charset=utf-8
cache-control: no-cache
content-length: 24148

21:26:55.030 [AsyncHttpClient-1-15] DEBUG org.asynchttpclient.netty.channel.ChannelManager - Adding key: http://localhost:62772 for channel [id: 0x4b55bc8c, L:/127.0.0.1:64125 - R:localhost/127.0.0.1:62772]
21:26:55.032 [main] DEBUG net.serenitybdd.core.photography.Darkroom - Send negative for processing for target\site\serenity\c6f418607fc9b572e3de8a32a98eca1bd9cc119a3a25138b9b44ace122207fe3.png
21:26:55.032 [Darkroom Processing Line] DEBUG net.serenitybdd.core.photography.DarkroomProcessingLine - Processing screenshot image in /var/screenshots/screenshot-1805163010059689534
21:26:55.032 [Darkroom Processing Line] DEBUG net.serenitybdd.core.photography.DarkroomProcessingLine - Saving screenshot to target\site\serenity\c6f418607fc9b572e3de8a32a98eca1bd9cc119a3a25138b9b44ace122207fe3.png
21:26:55.041 [Forwarding findElement on session c154b1a60b73dde3d1b4ff9dfaee5c59 to remote] DEBUG org.asynchttpclient.netty.request.NettyRequestSender - Using pooled Channel '[id: 0x4b55bc8c, L:/127.0.0.1:64125 - R:localhost/127.0.0.1:62772]' for 'POST' to 'http://localhost:62772/session/c154b1a60b73dde3d1b4ff9dfaee5c59/element'
21:26:55.041 [Forwarding findElement on session c154b1a60b73dde3d1b4ff9dfaee5c59 to remote] DEBUG org.asynchttpclient.netty.request.NettyRequestSender - Using open Channel [id: 0x4b55bc8c, L:/127.0.0.1:64125 - R:localhost/127.0.0.1:62772] for POST '/session/c154b1a60b73dde3d1b4ff9dfaee5c59/element'
21:26:55.850 [AsyncHttpClient-1-1] DEBUG org.asynchttpclient.netty.channel.DefaultChannelPool - Entry count for : http://localhost:64126 : 1
21:26:55.970 [AsyncHttpClient-1-15] DEBUG org.asynchttpclient.netty.handler.HttpHandler - 

Request DefaultHttpRequest(decodeResult: success, version: HTTP/1.1)
POST /session/c154b1a60b73dde3d1b4ff9dfaee5c59/element HTTP/1.1
User-Agent: selenium/4.1.2 (java windows)
Content-Length: 125
Content-Type: application/json; charset=utf-8
host: localhost:62772
accept: */*

Response DefaultHttpResponse(decodeResult: success, version: HTTP/1.1)
HTTP/1.1 200 OK
Content-Type: application/json; charset=utf-8
cache-control: no-cache
content-length: 88

21:26:55.970 [AsyncHttpClient-1-15] DEBUG org.asynchttpclient.netty.channel.ChannelManager - Adding key: http://localhost:62772 for channel [id: 0x4b55bc8c, L:/127.0.0.1:64125 - R:localhost/127.0.0.1:62772]
21:26:55.974 [Forwarding isElementDisplayed on session c154b1a60b73dde3d1b4ff9dfaee5c59 to remote] DEBUG org.asynchttpclient.netty.request.NettyRequestSender - Using pooled Channel '[id: 0x4b55bc8c, L:/127.0.0.1:64125 - R:localhost/127.0.0.1:62772]' for 'POST' to 'http://localhost:62772/session/c154b1a60b73dde3d1b4ff9dfaee5c59/execute/sync'
21:26:55.974 [Forwarding isElementDisplayed on session c154b1a60b73dde3d1b4ff9dfaee5c59 to remote] DEBUG org.asynchttpclient.netty.request.NettyRequestSender - Using open Channel [id: 0x4b55bc8c, L:/127.0.0.1:64125 - R:localhost/127.0.0.1:62772] for POST '/session/c154b1a60b73dde3d1b4ff9dfaee5c59/execute/sync'
21:26:55.988 [AsyncHttpClient-1-15] DEBUG org.asynchttpclient.netty.handler.HttpHandler - 

Request DefaultHttpRequest(decodeResult: success, version: HTTP/1.1)
POST /session/c154b1a60b73dde3d1b4ff9dfaee5c59/execute/sync HTTP/1.1
User-Agent: selenium/4.1.2 (java windows)
Content-Length: 48780
Content-Type: application/json; charset=utf-8
host: localhost:62772
accept: */*

Response DefaultHttpResponse(decodeResult: success, version: HTTP/1.1)
HTTP/1.1 200 OK
Content-Type: application/json; charset=utf-8
cache-control: no-cache
content-length: 14

21:26:55.988 [AsyncHttpClient-1-15] DEBUG org.asynchttpclient.netty.channel.ChannelManager - Adding key: http://localhost:62772 for channel [id: 0x4b55bc8c, L:/127.0.0.1:64125 - R:localhost/127.0.0.1:62772]
  &amp#27;[32mThen &amp#27;[0m&amp#27;[32mI get the product details&amp#27;[0m             &amp#27;[90m# starter.stepdefinitions.ProductSteps.iGetTheProductDetails()&amp#27;[0m
21:26:55.996 [Forwarding screenshot on session c154b1a60b73dde3d1b4ff9dfaee5c59 to remote] DEBUG org.asynchttpclient.netty.request.NettyRequestSender - Using pooled Channel '[id: 0x4b55bc8c, L:/127.0.0.1:64125 - R:localhost/127.0.0.1:62772]' for 'GET' to 'http://localhost:62772/session/c154b1a60b73dde3d1b4ff9dfaee5c59/screenshot'
21:26:55.996 [Forwarding screenshot on session c154b1a60b73dde3d1b4ff9dfaee5c59 to remote] DEBUG org.asynchttpclient.netty.request.NettyRequestSender - Using open Channel [id: 0x4b55bc8c, L:/127.0.0.1:64125 - R:localhost/127.0.0.1:62772] for GET '/session/c154b1a60b73dde3d1b4ff9dfaee5c59/screenshot'
21:26:56.145 [AsyncHttpClient-1-15] DEBUG org.asynchttpclient.netty.handler.HttpHandler - 

Request DefaultFullHttpRequest(decodeResult: success, version: HTTP/1.1, content: EmptyByteBufBE)
GET /session/c154b1a60b73dde3d1b4ff9dfaee5c59/screenshot HTTP/1.1
User-Agent: selenium/4.1.2 (java windows)
Cache-Control: no-cache
Content-Type: application/json; charset=utf-8
host: localhost:62772
accept: */*

Response DefaultHttpResponse(decodeResult: success, version: HTTP/1.1)
HTTP/1.1 200 OK
Content-Type: application/json; charset=utf-8
cache-control: no-cache
content-length: 37788

21:26:56.146 [AsyncHttpClient-1-15] DEBUG org.asynchttpclient.netty.channel.ChannelManager - Adding key: http://localhost:62772 for channel [id: 0x4b55bc8c, L:/127.0.0.1:64125 - R:localhost/127.0.0.1:62772]
21:26:56.148 [main] DEBUG net.serenitybdd.core.photography.Darkroom - Send negative for processing for target\site\serenity\69cc732adf432eda091752fa162d710bb50a9bd95d34abce0e93991acf4c2be6.png
21:26:56.148 [Darkroom Processing Line] DEBUG net.serenitybdd.core.photography.DarkroomProcessingLine - Processing screenshot image in /var/screenshots/screenshot-5613612269939772182
21:26:56.148 [Darkroom Processing Line] DEBUG net.serenitybdd.core.photography.DarkroomProcessingLine - Saving screenshot to target\site\serenity\69cc732adf432eda091752fa162d710bb50a9bd95d34abce0e93991acf4c2be6.png
21:26:56.149 [main] INFO  - 
  _____   ___   ___   _____     ___     _     ___   ___   ___   ___  
 |_   _| | __| / __| |_   _|   | _ \   /_\   / __| / __| | __| |   \ 
   | |   | _|  \__ \   | |     |  _/  / _ \  \__ \ \__ \ | _|  | |) |
   |_|   |___| |___/   |_|     |_|   /_/ \_\ |___/ |___/ |___| |___/ 

View Product Detail
----------------------------------------------------------------------
21:26:56.150 [AsyncHttpClient-1-17] DEBUG org.asynchttpclient.netty.handler.WebSocketHandler - Channel Closed: [id: 0x24486f59, L:/127.0.0.1:64133 ! R:localhost/127.0.0.1:64126] with attribute NettyResponseFuture{currentRetry=5,
	isDone=1,
	isCancelled=0,
	asyncHandler=org.asynchttpclient.ws.WebSocketUpgradeHandler@7af4d588,
	nettyRequest=org.asynchttpclient.netty.request.NettyRequest@2fdcbe94,
	future=java.util.concurrent.CompletableFuture@779b3c7e[Completed normally],
	uri=ws://localhost:64126/devtools/browser/5422984e-beb0-48a0-8ac0-3f33c8802f7a,
	keepAlive=true,
	redirectCount=0,
	timeoutsHolder=null,
	inAuth=0,
	touch=1667572010718}
21:26:56.151 [AsyncHttpClient-1-17] DEBUG org.asynchttpclient.netty.channel.ChannelManager - Closing Channel [id: 0x24486f59, L:/127.0.0.1:64133 ! R:localhost/127.0.0.1:64126] 
21:26:56.151 [Driver Command Executor] DEBUG org.asynchttpclient.netty.request.NettyRequestSender - Using pooled Channel '[id: 0x4b55bc8c, L:/127.0.0.1:64125 - R:localhost/127.0.0.1:62772]' for 'DELETE' to 'http://localhost:62772/session/c154b1a60b73dde3d1b4ff9dfaee5c59'
21:26:56.151 [Driver Command Executor] DEBUG org.asynchttpclient.netty.request.NettyRequestSender - Using open Channel [id: 0x4b55bc8c, L:/127.0.0.1:64125 - R:localhost/127.0.0.1:62772] for DELETE '/session/c154b1a60b73dde3d1b4ff9dfaee5c59'
21:26:56.230 [AsyncHttpClient-1-16] DEBUG org.asynchttpclient.netty.handler.HttpHandler - Unexpected I/O exception on channel [id: 0xf037e533, L:/127.0.0.1:64132 - R:localhost/127.0.0.1:64126]
java.net.SocketException: Connection reset
	at java.base/sun.nio.ch.SocketChannelImpl.throwConnectionReset(SocketChannelImpl.java:345)
	at java.base/sun.nio.ch.SocketChannelImpl.read(SocketChannelImpl.java:376)
	at io.netty.buffer.PooledByteBuf.setBytes(PooledByteBuf.java:258)
	at io.netty.buffer.AbstractByteBuf.writeBytes(AbstractByteBuf.java:1132)
	at io.netty.channel.socket.nio.NioSocketChannel.doReadBytes(NioSocketChannel.java:350)
	at io.netty.channel.nio.AbstractNioByteChannel$NioByteUnsafe.read(AbstractNioByteChannel.java:151)
	at io.netty.channel.nio.NioEventLoop.processSelectedKey(NioEventLoop.java:722)
	at io.netty.channel.nio.NioEventLoop.processSelectedKeysOptimized(NioEventLoop.java:658)
	at io.netty.channel.nio.NioEventLoop.processSelectedKeys(NioEventLoop.java:584)
	at io.netty.channel.nio.NioEventLoop.run(NioEventLoop.java:496)
	at io.netty.util.concurrent.SingleThreadEventExecutor$4.run(SingleThreadEventExecutor.java:986)
	at io.netty.util.internal.ThreadExecutorMap$2.run(ThreadExecutorMap.java:74)
	at io.netty.util.concurrent.FastThreadLocalRunnable.run(FastThreadLocalRunnable.java:30)
	at java.base/java.lang.Thread.run(Thread.java:830)
21:26:56.230 [AsyncHttpClient-1-16] DEBUG org.asynchttpclient.netty.channel.ChannelManager - Closing Channel [id: 0xf037e533, L:/127.0.0.1:64132 - R:localhost/127.0.0.1:64126] 
21:26:56.231 [AsyncHttpClient-1-16] DEBUG org.asynchttpclient.netty.handler.HttpHandler - Channel Closed: [id: 0xf037e533, L:/127.0.0.1:64132 ! R:localhost/127.0.0.1:64126] with attribute DISCARD
21:26:56.253 [AsyncHttpClient-1-15] DEBUG org.asynchttpclient.netty.handler.HttpHandler - 

Request DefaultFullHttpRequest(decodeResult: success, version: HTTP/1.1, content: EmptyByteBufBE)
DELETE /session/c154b1a60b73dde3d1b4ff9dfaee5c59 HTTP/1.1
User-Agent: selenium/4.1.2 (java windows)
Content-Type: application/json; charset=utf-8
host: localhost:62772
accept: */*

Response DefaultHttpResponse(decodeResult: success, version: HTTP/1.1)
HTTP/1.1 200 OK
Content-Type: application/json; charset=utf-8
cache-control: no-cache
content-length: 14

21:26:56.253 [AsyncHttpClient-1-15] DEBUG org.asynchttpclient.netty.channel.ChannelManager - Adding key: http://localhost:62772 for channel [id: 0x4b55bc8c, L:/127.0.0.1:64125 - R:localhost/127.0.0.1:62772]
21:26:56.328 [AsyncHttpClient-1-15] DEBUG org.asynchttpclient.netty.handler.HttpHandler - Channel Closed: [id: 0x4b55bc8c, L:/127.0.0.1:64125 ! R:localhost/127.0.0.1:62772] with attribute DISCARD
]]></system-out>
    <system-err><![CDATA[Starting ChromeDriver 106.0.5249.61 (511755355844955cd3e264779baf0dd38212a4d0-refs/branch-heads/5249@{#569}) on port 62772
Only local connections are allowed.
Please see https://chromedriver.chromium.org/security-considerations for suggestions on keeping ChromeDriver safe.
ChromeDriver was started successfully.
[1667572010.517][WARNING]: This version of ChromeDriver has not been tested with Chrome version 107.
Nov 04, 2022 9:26:50 PM org.openqa.selenium.remote.ProtocolHandshake createSession
INFO: Detected dialect: W3C
Nov 04, 2022 9:26:50 PM org.openqa.selenium.devtools.CdpVersionFinder findNearestMatch
WARNING: Unable to find an exact match for CDP version 107, so returning the closest version found: a no-op implementation
Nov 04, 2022 9:26:50 PM org.openqa.selenium.devtools.CdpVersionFinder findNearestMatch
INFO: Unable to find CDP implementation matching 107.
Nov 04, 2022 9:26:50 PM org.openqa.selenium.chromium.ChromiumDriver lambda$new$3
WARNING: Unable to find version of CDP to use for . You may need to include a dependency on a specific version of the CDP using something similar to `org.seleniumhq.selenium:selenium-devtools-v86:4.1.2` where the version ("v86") matches the version of the chromium-based browser you're using and the version number of the artifact is the same as Selenium's.
]]></system-err>
  </testcase>
  <testcase name="Add Product to Cart" classname="Manage Product" time="7.842">
    <system-out><![CDATA[
Scenario: Add Product to Cart      &amp#27;[90m# src/test/resources/features/Product.feature:21&amp#27;[0m
21:26:56.850 [main] INFO io.cucumber.core.plugin.SerenityReporter - Running feature from file:///C:/Users/ASUS/Desktop/stupen/miniproject/Web/ASWeb/src/test/resources/features/Product.feature
21:26:56.852 [main] INFO  - 
  _____   ___   ___   _____     ___   _____     _     ___   _____   ___   ___  
 |_   _| | __| / __| |_   _|   / __| |_   _|   /_\   | _ \ |_   _| | __| |   \ 
   | |   | _|  \__ \   | |     \__ \   | |    / _ \  |   /   | |   | _|  | |) |
   |_|   |___| |___/   |_|     |___/   |_|   /_/ \_\ |_|_\   |_|   |___| |___/ 

Add Product to Cart(manage-product;add-product-to-cart)
--------------------------------------------------------------------------------
21:26:56.866 [main] INFO net.serenitybdd.core.webdriver.driverproviders.ChromeDriverProvider - Using automatically driver download
21:26:56.951 [AsyncHttpClient-1-1] DEBUG org.asynchttpclient.netty.channel.DefaultChannelPool - Entry count for : http://localhost:62772 : 1
21:26:56.951 [AsyncHttpClient-1-1] DEBUG org.asynchttpclient.netty.channel.DefaultChannelPool - Entry count for : http://localhost:64126 : 1
21:26:56.951 [AsyncHttpClient-1-1] DEBUG org.asynchttpclient.netty.channel.DefaultChannelPool - Adding Candidate expired Channel [id: 0x4b55bc8c, L:/127.0.0.1:64125 ! R:localhost/127.0.0.1:62772] isIdleTimeoutExpired=false isRemotelyClosed=true isTtlExpired=false
21:26:56.951 [AsyncHttpClient-1-1] DEBUG org.asynchttpclient.netty.channel.DefaultChannelPool - Closing Idle Channel [id: 0x4b55bc8c, L:/127.0.0.1:64125 ! R:localhost/127.0.0.1:62772]
21:26:56.951 [AsyncHttpClient-1-1] DEBUG org.asynchttpclient.netty.channel.DefaultChannelPool - Adding Candidate expired Channel [id: 0xf037e533, L:/127.0.0.1:64132 ! R:localhost/127.0.0.1:64126] isIdleTimeoutExpired=false isRemotelyClosed=true isTtlExpired=false
21:26:56.951 [AsyncHttpClient-1-1] DEBUG org.asynchttpclient.netty.channel.DefaultChannelPool - Closing Idle Channel [id: 0xf037e533, L:/127.0.0.1:64132 ! R:localhost/127.0.0.1:64126]
21:26:56.951 [AsyncHttpClient-1-1] DEBUG org.asynchttpclient.netty.channel.DefaultChannelPool - Closed 2 connections out of 2 in 0 ms
21:26:57.014 [main] DEBUG io.github.bonigarcia.wdm.cache.ResolutionCache - Resolution chrome=107 in cache (valid until 22:24:57 04/11/2022 WIB)
21:26:57.018 [main] DEBUG io.github.bonigarcia.wdm.cache.ResolutionCache - Resolution chrome107=107.0.5304.62 in cache (valid until 21:24:57 05/11/2022 WIB)
21:26:57.021 [main] INFO io.github.bonigarcia.wdm.WebDriverManager - Using chromedriver 107.0.5304.62 (resolved driver for Chrome 107)
21:26:57.032 [main] DEBUG io.github.bonigarcia.wdm.WebDriverManager - Driver chromedriver 107.0.5304.62 found in cache
21:26:57.033 [main] INFO io.github.bonigarcia.wdm.WebDriverManager - Exporting webdriver.chrome.driver as C:\Users\ASUS\.cache\selenium\chromedriver\win32\107.0.5304.62\chromedriver.exe
21:26:57.184 [main] DEBUG net.serenitybdd.core.webdriver.driverproviders.ProvideNewDriver - Instantiating driver
21:26:57.184 [main] DEBUG net.serenitybdd.core.webdriver.driverproviders.ProvideNewDriver - Driver capabilities: Capabilities {acceptInsecureCerts: false, base.url: https://alta-shop.vercel.app/, browserName: chrome, chrome.driver: src/test/resources/webdrive..., driver: chrome, goog:chromeOptions: {args: [], extensions: []}, wait.for.timeout: 10000}
21:26:57.724 [AsyncHttpClient-1-2] DEBUG org.asynchttpclient.netty.channel.NettyConnectListener - Using new Channel '[id: 0x03282d1b, L:/127.0.0.1:64152 - R:localhost/127.0.0.1:57228]' for 'POST' to '/session'
21:26:58.891 [AsyncHttpClient-1-2] DEBUG org.asynchttpclient.netty.handler.HttpHandler - 

Request DefaultHttpRequest(decodeResult: success, version: HTTP/1.1)
POST /session HTTP/1.1
User-Agent: selenium/4.1.2 (java windows)
Content-Length: 646
Content-Type: application/json; charset=utf-8
host: localhost:57228
accept: */*

Response DefaultHttpResponse(decodeResult: success, version: HTTP/1.1)
HTTP/1.1 200 OK
Content-Type: application/json; charset=utf-8
cache-control: no-cache
content-length: 789

21:26:58.891 [AsyncHttpClient-1-2] DEBUG org.asynchttpclient.netty.channel.ChannelManager - Adding key: http://localhost:57228 for channel [id: 0x03282d1b, L:/127.0.0.1:64152 - R:localhost/127.0.0.1:57228]
21:26:58.900 [AsyncHttpClient-1-3] DEBUG org.asynchttpclient.netty.channel.NettyConnectListener - Using new Channel '[id: 0x0ca05f15, L:/127.0.0.1:64160 - R:localhost/127.0.0.1:64153]' for 'GET' to '/json/version'
21:26:58.901 [AsyncHttpClient-1-3] DEBUG org.asynchttpclient.netty.handler.HttpHandler - 

Request DefaultFullHttpRequest(decodeResult: success, version: HTTP/1.1, content: EmptyByteBufBE)
GET /json/version HTTP/1.1
User-Agent: selenium/4.1.2 (java windows)
host: localhost:64153
accept: */*

Response DefaultHttpResponse(decodeResult: success, version: HTTP/1.1)
HTTP/1.1 200 OK
Content-Type: application/json; charset=UTF-8
content-length: 423

21:26:58.901 [AsyncHttpClient-1-3] DEBUG org.asynchttpclient.netty.channel.ChannelManager - Adding key: http://localhost:64153 for channel [id: 0x0ca05f15, L:/127.0.0.1:64160 - R:localhost/127.0.0.1:64153]
21:26:58.903 [AsyncHttpClient-1-4] DEBUG org.asynchttpclient.netty.channel.NettyConnectListener - Using new Channel '[id: 0x44f65c29, L:/127.0.0.1:64161 - R:localhost/127.0.0.1:64153]' for 'GET' to '/devtools/browser/22b4d385-1d92-459c-9708-cb4ad8e72b25'
21:26:58.904 [AsyncHttpClient-1-4] DEBUG org.asynchttpclient.netty.handler.WebSocketHandler - 

Request DefaultFullHttpRequest(decodeResult: success, version: HTTP/1.1, content: EmptyByteBufBE)
GET /devtools/browser/22b4d385-1d92-459c-9708-cb4ad8e72b25 HTTP/1.1
upgrade: websocket
connection: upgrade
sec-websocket-key: Gjjl/hBxM9EEn0lAN9l4Zw==
sec-websocket-version: 13
origin: http://localhost:64153
host: localhost:64153
accept: */*
user-agent: AHC/2.1

Response DefaultHttpResponse(decodeResult: success, version: HTTP/1.1)
HTTP/1.1 101 WebSocket Protocol Handshake
Upgrade: WebSocket
Connection: Upgrade
Sec-WebSocket-Accept: y1bDsgQIwkrypPp1rQlngK63698=

21:26:58.908 [Forwarding get on session 760524e24d0dddbd57bf73df1a26b268 to remote] DEBUG org.asynchttpclient.netty.request.NettyRequestSender - Using pooled Channel '[id: 0x03282d1b, L:/127.0.0.1:64152 - R:localhost/127.0.0.1:57228]' for 'POST' to 'http://localhost:57228/session/760524e24d0dddbd57bf73df1a26b268/url'
21:26:58.908 [Forwarding get on session 760524e24d0dddbd57bf73df1a26b268 to remote] DEBUG org.asynchttpclient.netty.request.NettyRequestSender - Using open Channel [id: 0x03282d1b, L:/127.0.0.1:64152 - R:localhost/127.0.0.1:57228] for POST '/session/760524e24d0dddbd57bf73df1a26b268/url'
21:26:59.150 [AsyncHttpClient-1-1] DEBUG org.asynchttpclient.netty.channel.DefaultChannelPool - Entry count for : http://localhost:64153 : 1
21:26:59.540 [AsyncHttpClient-1-2] DEBUG org.asynchttpclient.netty.handler.HttpHandler - 

Request DefaultHttpRequest(decodeResult: success, version: HTTP/1.1)
POST /session/760524e24d0dddbd57bf73df1a26b268/url HTTP/1.1
User-Agent: selenium/4.1.2 (java windows)
Content-Length: 59
Content-Type: application/json; charset=utf-8
host: localhost:57228
accept: */*

Response DefaultHttpResponse(decodeResult: success, version: HTTP/1.1)
HTTP/1.1 200 OK
Content-Type: application/json; charset=utf-8
cache-control: no-cache
content-length: 14

21:26:59.540 [AsyncHttpClient-1-2] DEBUG org.asynchttpclient.netty.channel.ChannelManager - Adding key: http://localhost:57228 for channel [id: 0x03282d1b, L:/127.0.0.1:64152 - R:localhost/127.0.0.1:57228]
21:26:59.541 [Forwarding setTimeout on session 760524e24d0dddbd57bf73df1a26b268 to remote] DEBUG org.asynchttpclient.netty.request.NettyRequestSender - Using pooled Channel '[id: 0x03282d1b, L:/127.0.0.1:64152 - R:localhost/127.0.0.1:57228]' for 'POST' to 'http://localhost:57228/session/760524e24d0dddbd57bf73df1a26b268/timeouts'
21:26:59.541 [Forwarding setTimeout on session 760524e24d0dddbd57bf73df1a26b268 to remote] DEBUG org.asynchttpclient.netty.request.NettyRequestSender - Using open Channel [id: 0x03282d1b, L:/127.0.0.1:64152 - R:localhost/127.0.0.1:57228] for POST '/session/760524e24d0dddbd57bf73df1a26b268/timeouts'
21:26:59.541 [AsyncHttpClient-1-2] DEBUG org.asynchttpclient.netty.handler.HttpHandler - 

Request DefaultHttpRequest(decodeResult: success, version: HTTP/1.1)
POST /session/760524e24d0dddbd57bf73df1a26b268/timeouts HTTP/1.1
User-Agent: selenium/4.1.2 (java windows)
Content-Length: 22
Content-Type: application/json; charset=utf-8
host: localhost:57228
accept: */*

Response DefaultHttpResponse(decodeResult: success, version: HTTP/1.1)
HTTP/1.1 200 OK
Content-Type: application/json; charset=utf-8
cache-control: no-cache
content-length: 14

21:26:59.541 [AsyncHttpClient-1-2] DEBUG org.asynchttpclient.netty.channel.ChannelManager - Adding key: http://localhost:57228 for channel [id: 0x03282d1b, L:/127.0.0.1:64152 - R:localhost/127.0.0.1:57228]
21:26:59.543 [Forwarding getCurrentUrl on session 760524e24d0dddbd57bf73df1a26b268 to remote] DEBUG org.asynchttpclient.netty.request.NettyRequestSender - Using pooled Channel '[id: 0x03282d1b, L:/127.0.0.1:64152 - R:localhost/127.0.0.1:57228]' for 'GET' to 'http://localhost:57228/session/760524e24d0dddbd57bf73df1a26b268/url'
21:26:59.543 [Forwarding getCurrentUrl on session 760524e24d0dddbd57bf73df1a26b268 to remote] DEBUG org.asynchttpclient.netty.request.NettyRequestSender - Using open Channel [id: 0x03282d1b, L:/127.0.0.1:64152 - R:localhost/127.0.0.1:57228] for GET '/session/760524e24d0dddbd57bf73df1a26b268/url'
21:26:59.548 [AsyncHttpClient-1-2] DEBUG org.asynchttpclient.netty.handler.HttpHandler - 

Request DefaultFullHttpRequest(decodeResult: success, version: HTTP/1.1, content: EmptyByteBufBE)
GET /session/760524e24d0dddbd57bf73df1a26b268/url HTTP/1.1
User-Agent: selenium/4.1.2 (java windows)
Cache-Control: no-cache
Content-Type: application/json; charset=utf-8
host: localhost:57228
accept: */*

Response DefaultHttpResponse(decodeResult: success, version: HTTP/1.1)
HTTP/1.1 200 OK
Content-Type: application/json; charset=utf-8
cache-control: no-cache
content-length: 41

21:26:59.548 [AsyncHttpClient-1-2] DEBUG org.asynchttpclient.netty.channel.ChannelManager - Adding key: http://localhost:57228 for channel [id: 0x03282d1b, L:/127.0.0.1:64152 - R:localhost/127.0.0.1:57228]
  &amp#27;[32mGiven &amp#27;[0m&amp#27;[32mI open mainpage url&amp#27;[0m        &amp#27;[90m# starter.stepdefinitions.ProductSteps.iOpenMainpageUrl()&amp#27;[0m
21:26:59.552 [Forwarding screenshot on session 760524e24d0dddbd57bf73df1a26b268 to remote] DEBUG org.asynchttpclient.netty.request.NettyRequestSender - Using pooled Channel '[id: 0x03282d1b, L:/127.0.0.1:64152 - R:localhost/127.0.0.1:57228]' for 'GET' to 'http://localhost:57228/session/760524e24d0dddbd57bf73df1a26b268/screenshot'
21:26:59.552 [Forwarding screenshot on session 760524e24d0dddbd57bf73df1a26b268 to remote] DEBUG org.asynchttpclient.netty.request.NettyRequestSender - Using open Channel [id: 0x03282d1b, L:/127.0.0.1:64152 - R:localhost/127.0.0.1:57228] for GET '/session/760524e24d0dddbd57bf73df1a26b268/screenshot'
21:27:00.014 [AsyncHttpClient-1-2] DEBUG org.asynchttpclient.netty.handler.HttpHandler - 

Request DefaultFullHttpRequest(decodeResult: success, version: HTTP/1.1, content: EmptyByteBufBE)
GET /session/760524e24d0dddbd57bf73df1a26b268/screenshot HTTP/1.1
User-Agent: selenium/4.1.2 (java windows)
Cache-Control: no-cache
Content-Type: application/json; charset=utf-8
host: localhost:57228
accept: */*

Response DefaultHttpResponse(decodeResult: success, version: HTTP/1.1)
HTTP/1.1 200 OK
Content-Type: application/json; charset=utf-8
cache-control: no-cache
content-length: 46412

21:27:00.014 [AsyncHttpClient-1-2] DEBUG org.asynchttpclient.netty.channel.ChannelManager - Adding key: http://localhost:57228 for channel [id: 0x03282d1b, L:/127.0.0.1:64152 - R:localhost/127.0.0.1:57228]
21:27:00.016 [main] DEBUG net.serenitybdd.core.photography.Darkroom - Send negative for processing for target\site\serenity\905888e3d91e4dc03e8a7e6dd982759734353d573d57db07bdbf968b722352c4.png
21:27:00.017 [Darkroom Processing Line] DEBUG net.serenitybdd.core.photography.DarkroomProcessingLine - Processing screenshot image in /var/screenshots/screenshot-6100408807936212891
21:27:00.017 [Darkroom Processing Line] DEBUG net.serenitybdd.core.photography.DarkroomProcessingLine - Saving screenshot to target\site\serenity\905888e3d91e4dc03e8a7e6dd982759734353d573d57db07bdbf968b722352c4.png
21:27:00.029 [Forwarding findElement on session 760524e24d0dddbd57bf73df1a26b268 to remote] DEBUG org.asynchttpclient.netty.request.NettyRequestSender - Using pooled Channel '[id: 0x03282d1b, L:/127.0.0.1:64152 - R:localhost/127.0.0.1:57228]' for 'POST' to 'http://localhost:57228/session/760524e24d0dddbd57bf73df1a26b268/element'
21:27:00.029 [Forwarding findElement on session 760524e24d0dddbd57bf73df1a26b268 to remote] DEBUG org.asynchttpclient.netty.request.NettyRequestSender - Using open Channel [id: 0x03282d1b, L:/127.0.0.1:64152 - R:localhost/127.0.0.1:57228] for POST '/session/760524e24d0dddbd57bf73df1a26b268/element'
21:27:00.250 [AsyncHttpClient-1-1] DEBUG org.asynchttpclient.netty.channel.DefaultChannelPool - Entry count for : http://localhost:64153 : 1
21:27:01.355 [AsyncHttpClient-1-1] DEBUG org.asynchttpclient.netty.channel.DefaultChannelPool - Entry count for : http://localhost:64153 : 1
21:27:02.451 [AsyncHttpClient-1-1] DEBUG org.asynchttpclient.netty.channel.DefaultChannelPool - Entry count for : http://localhost:64153 : 1
21:27:03.298 [AsyncHttpClient-1-2] DEBUG org.asynchttpclient.netty.handler.HttpHandler - 

Request DefaultHttpRequest(decodeResult: success, version: HTTP/1.1)
POST /session/760524e24d0dddbd57bf73df1a26b268/element HTTP/1.1
User-Agent: selenium/4.1.2 (java windows)
Content-Length: 85
Content-Type: application/json; charset=utf-8
host: localhost:57228
accept: */*

Response DefaultHttpResponse(decodeResult: success, version: HTTP/1.1)
HTTP/1.1 200 OK
Content-Type: application/json; charset=utf-8
cache-control: no-cache
content-length: 88

21:27:03.298 [AsyncHttpClient-1-2] DEBUG org.asynchttpclient.netty.channel.ChannelManager - Adding key: http://localhost:57228 for channel [id: 0x03282d1b, L:/127.0.0.1:64152 - R:localhost/127.0.0.1:57228]
21:27:03.300 [Forwarding getElementTagName on session 760524e24d0dddbd57bf73df1a26b268 to remote] DEBUG org.asynchttpclient.netty.request.NettyRequestSender - Using pooled Channel '[id: 0x03282d1b, L:/127.0.0.1:64152 - R:localhost/127.0.0.1:57228]' for 'GET' to 'http://localhost:57228/session/760524e24d0dddbd57bf73df1a26b268/element/c9024e8f-f880-4a90-aeab-01a8b370eeb4/name'
21:27:03.300 [Forwarding getElementTagName on session 760524e24d0dddbd57bf73df1a26b268 to remote] DEBUG org.asynchttpclient.netty.request.NettyRequestSender - Using open Channel [id: 0x03282d1b, L:/127.0.0.1:64152 - R:localhost/127.0.0.1:57228] for GET '/session/760524e24d0dddbd57bf73df1a26b268/element/c9024e8f-f880-4a90-aeab-01a8b370eeb4/name'
21:27:03.314 [AsyncHttpClient-1-2] DEBUG org.asynchttpclient.netty.handler.HttpHandler - 

Request DefaultFullHttpRequest(decodeResult: success, version: HTTP/1.1, content: EmptyByteBufBE)
GET /session/760524e24d0dddbd57bf73df1a26b268/element/c9024e8f-f880-4a90-aeab-01a8b370eeb4/name HTTP/1.1
User-Agent: selenium/4.1.2 (java windows)
Cache-Control: no-cache
Content-Type: application/json; charset=utf-8
host: localhost:57228
accept: */*

Response DefaultHttpResponse(decodeResult: success, version: HTTP/1.1)
HTTP/1.1 200 OK
Content-Type: application/json; charset=utf-8
cache-control: no-cache
content-length: 16

21:27:03.314 [AsyncHttpClient-1-2] DEBUG org.asynchttpclient.netty.channel.ChannelManager - Adding key: http://localhost:57228 for channel [id: 0x03282d1b, L:/127.0.0.1:64152 - R:localhost/127.0.0.1:57228]
21:27:03.315 [Forwarding getElementTagName on session 760524e24d0dddbd57bf73df1a26b268 to remote] DEBUG org.asynchttpclient.netty.request.NettyRequestSender - Using pooled Channel '[id: 0x03282d1b, L:/127.0.0.1:64152 - R:localhost/127.0.0.1:57228]' for 'GET' to 'http://localhost:57228/session/760524e24d0dddbd57bf73df1a26b268/element/c9024e8f-f880-4a90-aeab-01a8b370eeb4/name'
21:27:03.315 [Forwarding getElementTagName on session 760524e24d0dddbd57bf73df1a26b268 to remote] DEBUG org.asynchttpclient.netty.request.NettyRequestSender - Using open Channel [id: 0x03282d1b, L:/127.0.0.1:64152 - R:localhost/127.0.0.1:57228] for GET '/session/760524e24d0dddbd57bf73df1a26b268/element/c9024e8f-f880-4a90-aeab-01a8b370eeb4/name'
21:27:03.319 [AsyncHttpClient-1-2] DEBUG org.asynchttpclient.netty.handler.HttpHandler - 

Request DefaultFullHttpRequest(decodeResult: success, version: HTTP/1.1, content: EmptyByteBufBE)
GET /session/760524e24d0dddbd57bf73df1a26b268/element/c9024e8f-f880-4a90-aeab-01a8b370eeb4/name HTTP/1.1
User-Agent: selenium/4.1.2 (java windows)
Cache-Control: no-cache
Content-Type: application/json; charset=utf-8
host: localhost:57228
accept: */*

Response DefaultHttpResponse(decodeResult: success, version: HTTP/1.1)
HTTP/1.1 200 OK
Content-Type: application/json; charset=utf-8
cache-control: no-cache
content-length: 16

21:27:03.319 [AsyncHttpClient-1-2] DEBUG org.asynchttpclient.netty.channel.ChannelManager - Adding key: http://localhost:57228 for channel [id: 0x03282d1b, L:/127.0.0.1:64152 - R:localhost/127.0.0.1:57228]
21:27:03.321 [Forwarding findElement on session 760524e24d0dddbd57bf73df1a26b268 to remote] DEBUG org.asynchttpclient.netty.request.NettyRequestSender - Using pooled Channel '[id: 0x03282d1b, L:/127.0.0.1:64152 - R:localhost/127.0.0.1:57228]' for 'POST' to 'http://localhost:57228/session/760524e24d0dddbd57bf73df1a26b268/element'
21:27:03.321 [Forwarding findElement on session 760524e24d0dddbd57bf73df1a26b268 to remote] DEBUG org.asynchttpclient.netty.request.NettyRequestSender - Using open Channel [id: 0x03282d1b, L:/127.0.0.1:64152 - R:localhost/127.0.0.1:57228] for POST '/session/760524e24d0dddbd57bf73df1a26b268/element'
21:27:03.332 [AsyncHttpClient-1-2] DEBUG org.asynchttpclient.netty.handler.HttpHandler - 

Request DefaultHttpRequest(decodeResult: success, version: HTTP/1.1)
POST /session/760524e24d0dddbd57bf73df1a26b268/element HTTP/1.1
User-Agent: selenium/4.1.2 (java windows)
Content-Length: 85
Content-Type: application/json; charset=utf-8
host: localhost:57228
accept: */*

Response DefaultHttpResponse(decodeResult: success, version: HTTP/1.1)
HTTP/1.1 200 OK
Content-Type: application/json; charset=utf-8
cache-control: no-cache
content-length: 88

21:27:03.332 [AsyncHttpClient-1-2] DEBUG org.asynchttpclient.netty.channel.ChannelManager - Adding key: http://localhost:57228 for channel [id: 0x03282d1b, L:/127.0.0.1:64152 - R:localhost/127.0.0.1:57228]
21:27:03.333 [Forwarding clickElement on session 760524e24d0dddbd57bf73df1a26b268 to remote] DEBUG org.asynchttpclient.netty.request.NettyRequestSender - Using pooled Channel '[id: 0x03282d1b, L:/127.0.0.1:64152 - R:localhost/127.0.0.1:57228]' for 'POST' to 'http://localhost:57228/session/760524e24d0dddbd57bf73df1a26b268/element/c9024e8f-f880-4a90-aeab-01a8b370eeb4/click'
21:27:03.333 [Forwarding clickElement on session 760524e24d0dddbd57bf73df1a26b268 to remote] DEBUG org.asynchttpclient.netty.request.NettyRequestSender - Using open Channel [id: 0x03282d1b, L:/127.0.0.1:64152 - R:localhost/127.0.0.1:57228] for POST '/session/760524e24d0dddbd57bf73df1a26b268/element/c9024e8f-f880-4a90-aeab-01a8b370eeb4/click'
21:27:03.417 [AsyncHttpClient-1-2] DEBUG org.asynchttpclient.netty.handler.HttpHandler - 

Request DefaultHttpRequest(decodeResult: success, version: HTTP/1.1)
POST /session/760524e24d0dddbd57bf73df1a26b268/element/c9024e8f-f880-4a90-aeab-01a8b370eeb4/click HTTP/1.1
User-Agent: selenium/4.1.2 (java windows)
Content-Length: 50
Content-Type: application/json; charset=utf-8
host: localhost:57228
accept: */*

Response DefaultHttpResponse(decodeResult: success, version: HTTP/1.1)
HTTP/1.1 200 OK
Content-Type: application/json; charset=utf-8
cache-control: no-cache
content-length: 14

21:27:03.417 [AsyncHttpClient-1-2] DEBUG org.asynchttpclient.netty.channel.ChannelManager - Adding key: http://localhost:57228 for channel [id: 0x03282d1b, L:/127.0.0.1:64152 - R:localhost/127.0.0.1:57228]
  &amp#27;[32mWhen &amp#27;[0m&amp#27;[32mI click beli in one product&amp#27;[0m &amp#27;[90m# starter.stepdefinitions.ProductSteps.iClickBeliInOneProduct()&amp#27;[0m
21:27:03.424 [Forwarding screenshot on session 760524e24d0dddbd57bf73df1a26b268 to remote] DEBUG org.asynchttpclient.netty.request.NettyRequestSender - Using pooled Channel '[id: 0x03282d1b, L:/127.0.0.1:64152 - R:localhost/127.0.0.1:57228]' for 'GET' to 'http://localhost:57228/session/760524e24d0dddbd57bf73df1a26b268/screenshot'
21:27:03.424 [Forwarding screenshot on session 760524e24d0dddbd57bf73df1a26b268 to remote] DEBUG org.asynchttpclient.netty.request.NettyRequestSender - Using open Channel [id: 0x03282d1b, L:/127.0.0.1:64152 - R:localhost/127.0.0.1:57228] for GET '/session/760524e24d0dddbd57bf73df1a26b268/screenshot'
21:27:03.552 [AsyncHttpClient-1-1] DEBUG org.asynchttpclient.netty.channel.DefaultChannelPool - Entry count for : http://localhost:64153 : 1
21:27:03.684 [AsyncHttpClient-1-2] DEBUG org.asynchttpclient.netty.handler.HttpHandler - 

Request DefaultFullHttpRequest(decodeResult: success, version: HTTP/1.1, content: EmptyByteBufBE)
GET /session/760524e24d0dddbd57bf73df1a26b268/screenshot HTTP/1.1
User-Agent: selenium/4.1.2 (java windows)
Cache-Control: no-cache
Content-Type: application/json; charset=utf-8
host: localhost:57228
accept: */*

Response DefaultHttpResponse(decodeResult: success, version: HTTP/1.1)
HTTP/1.1 200 OK
Content-Type: application/json; charset=utf-8
cache-control: no-cache
content-length: 78052

21:27:03.685 [AsyncHttpClient-1-2] DEBUG org.asynchttpclient.netty.channel.ChannelManager - Adding key: http://localhost:57228 for channel [id: 0x03282d1b, L:/127.0.0.1:64152 - R:localhost/127.0.0.1:57228]
21:27:03.686 [main] DEBUG net.serenitybdd.core.photography.Darkroom - Send negative for processing for target\site\serenity\9db17fbe40e75fc1422377d00857823e1f854be56ee2f85593195a6bb4acf485.png
21:27:03.686 [Darkroom Processing Line] DEBUG net.serenitybdd.core.photography.DarkroomProcessingLine - Processing screenshot image in /var/screenshots/screenshot-10324466500461538385
21:27:03.686 [Darkroom Processing Line] DEBUG net.serenitybdd.core.photography.DarkroomProcessingLine - Saving screenshot to target\site\serenity\9db17fbe40e75fc1422377d00857823e1f854be56ee2f85593195a6bb4acf485.png
21:27:03.695 [Forwarding findElement on session 760524e24d0dddbd57bf73df1a26b268 to remote] DEBUG org.asynchttpclient.netty.request.NettyRequestSender - Using pooled Channel '[id: 0x03282d1b, L:/127.0.0.1:64152 - R:localhost/127.0.0.1:57228]' for 'POST' to 'http://localhost:57228/session/760524e24d0dddbd57bf73df1a26b268/element'
21:27:03.695 [Forwarding findElement on session 760524e24d0dddbd57bf73df1a26b268 to remote] DEBUG org.asynchttpclient.netty.request.NettyRequestSender - Using open Channel [id: 0x03282d1b, L:/127.0.0.1:64152 - R:localhost/127.0.0.1:57228] for POST '/session/760524e24d0dddbd57bf73df1a26b268/element'
21:27:03.714 [AsyncHttpClient-1-2] DEBUG org.asynchttpclient.netty.handler.HttpHandler - 

Request DefaultHttpRequest(decodeResult: success, version: HTTP/1.1)
POST /session/760524e24d0dddbd57bf73df1a26b268/element HTTP/1.1
User-Agent: selenium/4.1.2 (java windows)
Content-Length: 63
Content-Type: application/json; charset=utf-8
host: localhost:57228
accept: */*

Response DefaultHttpResponse(decodeResult: success, version: HTTP/1.1)
HTTP/1.1 200 OK
Content-Type: application/json; charset=utf-8
cache-control: no-cache
content-length: 88

21:27:03.714 [AsyncHttpClient-1-2] DEBUG org.asynchttpclient.netty.channel.ChannelManager - Adding key: http://localhost:57228 for channel [id: 0x03282d1b, L:/127.0.0.1:64152 - R:localhost/127.0.0.1:57228]
21:27:03.718 [Forwarding isElementDisplayed on session 760524e24d0dddbd57bf73df1a26b268 to remote] DEBUG org.asynchttpclient.netty.request.NettyRequestSender - Using pooled Channel '[id: 0x03282d1b, L:/127.0.0.1:64152 - R:localhost/127.0.0.1:57228]' for 'POST' to 'http://localhost:57228/session/760524e24d0dddbd57bf73df1a26b268/execute/sync'
21:27:03.718 [Forwarding isElementDisplayed on session 760524e24d0dddbd57bf73df1a26b268 to remote] DEBUG org.asynchttpclient.netty.request.NettyRequestSender - Using open Channel [id: 0x03282d1b, L:/127.0.0.1:64152 - R:localhost/127.0.0.1:57228] for POST '/session/760524e24d0dddbd57bf73df1a26b268/execute/sync'
21:27:03.737 [AsyncHttpClient-1-2] DEBUG org.asynchttpclient.netty.handler.HttpHandler - 

Request DefaultHttpRequest(decodeResult: success, version: HTTP/1.1)
POST /session/760524e24d0dddbd57bf73df1a26b268/execute/sync HTTP/1.1
User-Agent: selenium/4.1.2 (java windows)
Content-Length: 48780
Content-Type: application/json; charset=utf-8
host: localhost:57228
accept: */*

Response DefaultHttpResponse(decodeResult: success, version: HTTP/1.1)
HTTP/1.1 200 OK
Content-Type: application/json; charset=utf-8
cache-control: no-cache
content-length: 14

21:27:03.737 [AsyncHttpClient-1-2] DEBUG org.asynchttpclient.netty.channel.ChannelManager - Adding key: http://localhost:57228 for channel [id: 0x03282d1b, L:/127.0.0.1:64152 - R:localhost/127.0.0.1:57228]
  &amp#27;[32mThen &amp#27;[0m&amp#27;[32mProduct added to cart&amp#27;[0m       &amp#27;[90m# starter.stepdefinitions.ProductSteps.productAddedToCart()&amp#27;[0m
21:27:03.744 [Forwarding screenshot on session 760524e24d0dddbd57bf73df1a26b268 to remote] DEBUG org.asynchttpclient.netty.request.NettyRequestSender - Using pooled Channel '[id: 0x03282d1b, L:/127.0.0.1:64152 - R:localhost/127.0.0.1:57228]' for 'GET' to 'http://localhost:57228/session/760524e24d0dddbd57bf73df1a26b268/screenshot'
21:27:03.744 [Forwarding screenshot on session 760524e24d0dddbd57bf73df1a26b268 to remote] DEBUG org.asynchttpclient.netty.request.NettyRequestSender - Using open Channel [id: 0x03282d1b, L:/127.0.0.1:64152 - R:localhost/127.0.0.1:57228] for GET '/session/760524e24d0dddbd57bf73df1a26b268/screenshot'
21:27:03.967 [AsyncHttpClient-1-2] DEBUG org.asynchttpclient.netty.handler.HttpHandler - 

Request DefaultFullHttpRequest(decodeResult: success, version: HTTP/1.1, content: EmptyByteBufBE)
GET /session/760524e24d0dddbd57bf73df1a26b268/screenshot HTTP/1.1
User-Agent: selenium/4.1.2 (java windows)
Cache-Control: no-cache
Content-Type: application/json; charset=utf-8
host: localhost:57228
accept: */*

Response DefaultHttpResponse(decodeResult: success, version: HTTP/1.1)
HTTP/1.1 200 OK
Content-Type: application/json; charset=utf-8
cache-control: no-cache
content-length: 76616

21:27:03.967 [AsyncHttpClient-1-2] DEBUG org.asynchttpclient.netty.channel.ChannelManager - Adding key: http://localhost:57228 for channel [id: 0x03282d1b, L:/127.0.0.1:64152 - R:localhost/127.0.0.1:57228]
21:27:03.970 [main] DEBUG net.serenitybdd.core.photography.Darkroom - Send negative for processing for target\site\serenity\09fa1911f08386d9294e2beaedfecc3a4721b70c40a518c0cb1e240a5fda3cfc.png
21:27:03.970 [Darkroom Processing Line] DEBUG net.serenitybdd.core.photography.DarkroomProcessingLine - Processing screenshot image in /var/screenshots/screenshot-10469328364818886830
21:27:03.970 [Darkroom Processing Line] DEBUG net.serenitybdd.core.photography.DarkroomProcessingLine - Saving screenshot to target\site\serenity\09fa1911f08386d9294e2beaedfecc3a4721b70c40a518c0cb1e240a5fda3cfc.png
21:27:03.971 [main] INFO  - 
  _____   ___   ___   _____     ___     _     ___   ___   ___   ___  
 |_   _| | __| / __| |_   _|   | _ \   /_\   / __| / __| | __| |   \ 
   | |   | _|  \__ \   | |     |  _/  / _ \  \__ \ \__ \ | _|  | |) |
   |_|   |___| |___/   |_|     |_|   /_/ \_\ |___/ |___/ |___| |___/ 

Add Product to Cart
----------------------------------------------------------------------
21:27:03.973 [AsyncHttpClient-1-4] DEBUG org.asynchttpclient.netty.handler.WebSocketHandler - Channel Closed: [id: 0x44f65c29, L:/127.0.0.1:64161 ! R:localhost/127.0.0.1:64153] with attribute NettyResponseFuture{currentRetry=5,
	isDone=1,
	isCancelled=0,
	asyncHandler=org.asynchttpclient.ws.WebSocketUpgradeHandler@5dfdb816,
	nettyRequest=org.asynchttpclient.netty.request.NettyRequest@5dc74d92,
	future=java.util.concurrent.CompletableFuture@41249531[Completed normally],
	uri=ws://localhost:64153/devtools/browser/22b4d385-1d92-459c-9708-cb4ad8e72b25,
	keepAlive=true,
	redirectCount=0,
	timeoutsHolder=null,
	inAuth=0,
	touch=1667572018904}
21:27:03.973 [AsyncHttpClient-1-4] DEBUG org.asynchttpclient.netty.channel.ChannelManager - Closing Channel [id: 0x44f65c29, L:/127.0.0.1:64161 ! R:localhost/127.0.0.1:64153] 
21:27:03.974 [Driver Command Executor] DEBUG org.asynchttpclient.netty.request.NettyRequestSender - Using pooled Channel '[id: 0x03282d1b, L:/127.0.0.1:64152 - R:localhost/127.0.0.1:57228]' for 'DELETE' to 'http://localhost:57228/session/760524e24d0dddbd57bf73df1a26b268'
21:27:03.974 [Driver Command Executor] DEBUG org.asynchttpclient.netty.request.NettyRequestSender - Using open Channel [id: 0x03282d1b, L:/127.0.0.1:64152 - R:localhost/127.0.0.1:57228] for DELETE '/session/760524e24d0dddbd57bf73df1a26b268'
21:27:04.038 [AsyncHttpClient-1-3] DEBUG org.asynchttpclient.netty.handler.HttpHandler - Unexpected I/O exception on channel [id: 0x0ca05f15, L:/127.0.0.1:64160 - R:localhost/127.0.0.1:64153]
java.net.SocketException: Connection reset
	at java.base/sun.nio.ch.SocketChannelImpl.throwConnectionReset(SocketChannelImpl.java:345)
	at java.base/sun.nio.ch.SocketChannelImpl.read(SocketChannelImpl.java:376)
	at io.netty.buffer.PooledByteBuf.setBytes(PooledByteBuf.java:258)
	at io.netty.buffer.AbstractByteBuf.writeBytes(AbstractByteBuf.java:1132)
	at io.netty.channel.socket.nio.NioSocketChannel.doReadBytes(NioSocketChannel.java:350)
	at io.netty.channel.nio.AbstractNioByteChannel$NioByteUnsafe.read(AbstractNioByteChannel.java:151)
	at io.netty.channel.nio.NioEventLoop.processSelectedKey(NioEventLoop.java:722)
	at io.netty.channel.nio.NioEventLoop.processSelectedKeysOptimized(NioEventLoop.java:658)
	at io.netty.channel.nio.NioEventLoop.processSelectedKeys(NioEventLoop.java:584)
	at io.netty.channel.nio.NioEventLoop.run(NioEventLoop.java:496)
	at io.netty.util.concurrent.SingleThreadEventExecutor$4.run(SingleThreadEventExecutor.java:986)
	at io.netty.util.internal.ThreadExecutorMap$2.run(ThreadExecutorMap.java:74)
	at io.netty.util.concurrent.FastThreadLocalRunnable.run(FastThreadLocalRunnable.java:30)
	at java.base/java.lang.Thread.run(Thread.java:830)
21:27:04.038 [AsyncHttpClient-1-3] DEBUG org.asynchttpclient.netty.channel.ChannelManager - Closing Channel [id: 0x0ca05f15, L:/127.0.0.1:64160 - R:localhost/127.0.0.1:64153] 
21:27:04.038 [AsyncHttpClient-1-3] DEBUG org.asynchttpclient.netty.handler.HttpHandler - Channel Closed: [id: 0x0ca05f15, L:/127.0.0.1:64160 ! R:localhost/127.0.0.1:64153] with attribute DISCARD
21:27:04.081 [AsyncHttpClient-1-2] DEBUG org.asynchttpclient.netty.handler.HttpHandler - 

Request DefaultFullHttpRequest(decodeResult: success, version: HTTP/1.1, content: EmptyByteBufBE)
DELETE /session/760524e24d0dddbd57bf73df1a26b268 HTTP/1.1
User-Agent: selenium/4.1.2 (java windows)
Content-Type: application/json; charset=utf-8
host: localhost:57228
accept: */*

Response DefaultHttpResponse(decodeResult: success, version: HTTP/1.1)
HTTP/1.1 200 OK
Content-Type: application/json; charset=utf-8
cache-control: no-cache
content-length: 14

21:27:04.081 [AsyncHttpClient-1-2] DEBUG org.asynchttpclient.netty.channel.ChannelManager - Adding key: http://localhost:57228 for channel [id: 0x03282d1b, L:/127.0.0.1:64152 - R:localhost/127.0.0.1:57228]
21:27:04.153 [AsyncHttpClient-1-2] DEBUG org.asynchttpclient.netty.handler.HttpHandler - Channel Closed: [id: 0x03282d1b, L:/127.0.0.1:64152 ! R:localhost/127.0.0.1:57228] with attribute DISCARD
21:27:04.655 [AsyncHttpClient-1-1] DEBUG org.asynchttpclient.netty.channel.DefaultChannelPool - Entry count for : http://localhost:64153 : 1
21:27:04.655 [AsyncHttpClient-1-1] DEBUG org.asynchttpclient.netty.channel.DefaultChannelPool - Entry count for : http://localhost:57228 : 1
21:27:04.655 [AsyncHttpClient-1-1] DEBUG org.asynchttpclient.netty.channel.DefaultChannelPool - Adding Candidate expired Channel [id: 0x0ca05f15, L:/127.0.0.1:64160 ! R:localhost/127.0.0.1:64153] isIdleTimeoutExpired=false isRemotelyClosed=true isTtlExpired=false
21:27:04.655 [AsyncHttpClient-1-1] DEBUG org.asynchttpclient.netty.channel.DefaultChannelPool - Closing Idle Channel [id: 0x0ca05f15, L:/127.0.0.1:64160 ! R:localhost/127.0.0.1:64153]
21:27:04.655 [AsyncHttpClient-1-1] DEBUG org.asynchttpclient.netty.channel.DefaultChannelPool - Adding Candidate expired Channel [id: 0x03282d1b, L:/127.0.0.1:64152 ! R:localhost/127.0.0.1:57228] isIdleTimeoutExpired=false isRemotelyClosed=true isTtlExpired=false
21:27:04.655 [AsyncHttpClient-1-1] DEBUG org.asynchttpclient.netty.channel.DefaultChannelPool - Closing Idle Channel [id: 0x03282d1b, L:/127.0.0.1:64152 ! R:localhost/127.0.0.1:57228]
21:27:04.655 [AsyncHttpClient-1-1] DEBUG org.asynchttpclient.netty.channel.DefaultChannelPool - Closed 2 connections out of 2 in 0 ms
]]></system-out>
    <system-err><![CDATA[Starting ChromeDriver 106.0.5249.61 (511755355844955cd3e264779baf0dd38212a4d0-refs/branch-heads/5249@{#569}) on port 57228
Only local connections are allowed.
Please see https://chromedriver.chromium.org/security-considerations for suggestions on keeping ChromeDriver safe.
ChromeDriver was started successfully.
[1667572018.432][WARNING]: This version of ChromeDriver has not been tested with Chrome version 107.
Nov 04, 2022 9:26:58 PM org.openqa.selenium.remote.ProtocolHandshake createSession
INFO: Detected dialect: W3C
Nov 04, 2022 9:26:58 PM org.openqa.selenium.devtools.CdpVersionFinder findNearestMatch
WARNING: Unable to find an exact match for CDP version 107, so returning the closest version found: a no-op implementation
Nov 04, 2022 9:26:58 PM org.openqa.selenium.devtools.CdpVersionFinder findNearestMatch
INFO: Unable to find CDP implementation matching 107.
Nov 04, 2022 9:26:58 PM org.openqa.selenium.chromium.ChromiumDriver lambda$new$3
WARNING: Unable to find version of CDP to use for . You may need to include a dependency on a specific version of the CDP using something similar to `org.seleniumhq.selenium:selenium-devtools-v86:4.1.2` where the version ("v86") matches the version of the chromium-based browser you're using and the version number of the artifact is the same as Selenium's.
]]></system-err>
  </testcase>
  <testcase name="Open Register Page" classname="Register" time="4.098">
    <system-out><![CDATA[21:27:04.687 [main] INFO io.cucumber.core.plugin.SerenityReporter - Running feature from file:///C:/Users/ASUS/Desktop/stupen/miniproject/Web/ASWeb/src/test/resources/features/Register.feature
21:27:04.690 [main] DEBUG net.thucydides.core.steps.StepEventBus - Test suite started for story net.thucydides.core.model.Story@30e75088
21:27:04.691 [main] INFO  - Test Suite Started: Register

@Register
Scenario: Open Register Page      &amp#27;[90m# src/test/resources/features/Register.feature:7&amp#27;[0m
21:27:04.695 [main] INFO io.cucumber.core.plugin.SerenityReporter - Running feature from file:///C:/Users/ASUS/Desktop/stupen/miniproject/Web/ASWeb/src/test/resources/features/Register.feature
21:27:04.696 [main] INFO  - 
  _____   ___   ___   _____     ___   _____     _     ___   _____   ___   ___  
 |_   _| | __| / __| |_   _|   / __| |_   _|   /_\   | _ \ |_   _| | __| |   \ 
   | |   | _|  \__ \   | |     \__ \   | |    / _ \  |   /   | |   | _|  | |) |
   |_|   |___| |___/   |_|     |___/   |_|   /_/ \_\ |_|_\   |_|   |___| |___/ 

Open Register Page(register;open-register-page)
--------------------------------------------------------------------------------
21:27:04.824 [main] INFO net.serenitybdd.core.webdriver.driverproviders.ChromeDriverProvider - Using automatically driver download
21:27:05.016 [main] DEBUG io.github.bonigarcia.wdm.cache.ResolutionCache - Resolution chrome=107 in cache (valid until 22:24:57 04/11/2022 WIB)
21:27:05.022 [main] DEBUG io.github.bonigarcia.wdm.cache.ResolutionCache - Resolution chrome107=107.0.5304.62 in cache (valid until 21:24:57 05/11/2022 WIB)
21:27:05.025 [main] INFO io.github.bonigarcia.wdm.WebDriverManager - Using chromedriver 107.0.5304.62 (resolved driver for Chrome 107)
21:27:05.040 [main] DEBUG io.github.bonigarcia.wdm.WebDriverManager - Driver chromedriver 107.0.5304.62 found in cache
21:27:05.041 [main] INFO io.github.bonigarcia.wdm.WebDriverManager - Exporting webdriver.chrome.driver as C:\Users\ASUS\.cache\selenium\chromedriver\win32\107.0.5304.62\chromedriver.exe
21:27:05.225 [main] DEBUG net.serenitybdd.core.webdriver.driverproviders.ProvideNewDriver - Instantiating driver
21:27:05.225 [main] DEBUG net.serenitybdd.core.webdriver.driverproviders.ProvideNewDriver - Driver capabilities: Capabilities {acceptInsecureCerts: false, base.url: https://alta-shop.vercel.app/, browserName: chrome, chrome.driver: src/test/resources/webdrive..., driver: chrome, goog:chromeOptions: {args: [], extensions: []}, wait.for.timeout: 10000}
21:27:05.763 [AsyncHttpClient-1-5] DEBUG org.asynchttpclient.netty.channel.NettyConnectListener - Using new Channel '[id: 0x90177010, L:/127.0.0.1:64179 - R:localhost/127.0.0.1:61778]' for 'POST' to '/session'
21:27:06.867 [AsyncHttpClient-1-5] DEBUG org.asynchttpclient.netty.handler.HttpHandler - 

Request DefaultHttpRequest(decodeResult: success, version: HTTP/1.1)
POST /session HTTP/1.1
User-Agent: selenium/4.1.2 (java windows)
Content-Length: 646
Content-Type: application/json; charset=utf-8
host: localhost:61778
accept: */*

Response DefaultHttpResponse(decodeResult: success, version: HTTP/1.1)
HTTP/1.1 200 OK
Content-Type: application/json; charset=utf-8
cache-control: no-cache
content-length: 788

21:27:06.867 [AsyncHttpClient-1-5] DEBUG org.asynchttpclient.netty.channel.ChannelManager - Adding key: http://localhost:61778 for channel [id: 0x90177010, L:/127.0.0.1:64179 - R:localhost/127.0.0.1:61778]
21:27:06.875 [AsyncHttpClient-1-6] DEBUG org.asynchttpclient.netty.channel.NettyConnectListener - Using new Channel '[id: 0xf2bb18cd, L:/127.0.0.1:64189 - R:localhost/127.0.0.1:64180]' for 'GET' to '/json/version'
21:27:06.876 [AsyncHttpClient-1-6] DEBUG org.asynchttpclient.netty.handler.HttpHandler - 

Request DefaultFullHttpRequest(decodeResult: success, version: HTTP/1.1, content: EmptyByteBufBE)
GET /json/version HTTP/1.1
User-Agent: selenium/4.1.2 (java windows)
host: localhost:64180
accept: */*

Response DefaultHttpResponse(decodeResult: success, version: HTTP/1.1)
HTTP/1.1 200 OK
Content-Type: application/json; charset=UTF-8
content-length: 423

21:27:06.876 [AsyncHttpClient-1-6] DEBUG org.asynchttpclient.netty.channel.ChannelManager - Adding key: http://localhost:64180 for channel [id: 0xf2bb18cd, L:/127.0.0.1:64189 - R:localhost/127.0.0.1:64180]
21:27:06.878 [AsyncHttpClient-1-7] DEBUG org.asynchttpclient.netty.channel.NettyConnectListener - Using new Channel '[id: 0xaa4a4fe4, L:/127.0.0.1:64190 - R:localhost/127.0.0.1:64180]' for 'GET' to '/devtools/browser/e8b384f9-d9bc-4e36-ad95-5c71bd748705'
21:27:06.879 [AsyncHttpClient-1-7] DEBUG org.asynchttpclient.netty.handler.WebSocketHandler - 

Request DefaultFullHttpRequest(decodeResult: success, version: HTTP/1.1, content: EmptyByteBufBE)
GET /devtools/browser/e8b384f9-d9bc-4e36-ad95-5c71bd748705 HTTP/1.1
upgrade: websocket
connection: upgrade
sec-websocket-key: DIuM/M+H05mit7rdesbmCQ==
sec-websocket-version: 13
origin: http://localhost:64180
host: localhost:64180
accept: */*
user-agent: AHC/2.1

Response DefaultHttpResponse(decodeResult: success, version: HTTP/1.1)
HTTP/1.1 101 WebSocket Protocol Handshake
Upgrade: WebSocket
Connection: Upgrade
Sec-WebSocket-Accept: XA7zB2lbGO0NJiSWVgLw6umBtf4=

21:27:06.883 [Forwarding get on session b72841a319d52a169859487bf1bdef8c to remote] DEBUG org.asynchttpclient.netty.request.NettyRequestSender - Using pooled Channel '[id: 0x90177010, L:/127.0.0.1:64179 - R:localhost/127.0.0.1:61778]' for 'POST' to 'http://localhost:61778/session/b72841a319d52a169859487bf1bdef8c/url'
21:27:06.883 [Forwarding get on session b72841a319d52a169859487bf1bdef8c to remote] DEBUG org.asynchttpclient.netty.request.NettyRequestSender - Using open Channel [id: 0x90177010, L:/127.0.0.1:64179 - R:localhost/127.0.0.1:61778] for POST '/session/b72841a319d52a169859487bf1bdef8c/url'
21:27:07.537 [AsyncHttpClient-1-5] DEBUG org.asynchttpclient.netty.handler.HttpHandler - 

Request DefaultHttpRequest(decodeResult: success, version: HTTP/1.1)
POST /session/b72841a319d52a169859487bf1bdef8c/url HTTP/1.1
User-Agent: selenium/4.1.2 (java windows)
Content-Length: 77
Content-Type: application/json; charset=utf-8
host: localhost:61778
accept: */*

Response DefaultHttpResponse(decodeResult: success, version: HTTP/1.1)
HTTP/1.1 200 OK
Content-Type: application/json; charset=utf-8
cache-control: no-cache
content-length: 14

21:27:07.538 [AsyncHttpClient-1-5] DEBUG org.asynchttpclient.netty.channel.ChannelManager - Adding key: http://localhost:61778 for channel [id: 0x90177010, L:/127.0.0.1:64179 - R:localhost/127.0.0.1:61778]
21:27:07.539 [Forwarding setTimeout on session b72841a319d52a169859487bf1bdef8c to remote] DEBUG org.asynchttpclient.netty.request.NettyRequestSender - Using pooled Channel '[id: 0x90177010, L:/127.0.0.1:64179 - R:localhost/127.0.0.1:61778]' for 'POST' to 'http://localhost:61778/session/b72841a319d52a169859487bf1bdef8c/timeouts'
21:27:07.539 [Forwarding setTimeout on session b72841a319d52a169859487bf1bdef8c to remote] DEBUG org.asynchttpclient.netty.request.NettyRequestSender - Using open Channel [id: 0x90177010, L:/127.0.0.1:64179 - R:localhost/127.0.0.1:61778] for POST '/session/b72841a319d52a169859487bf1bdef8c/timeouts'
21:27:07.540 [AsyncHttpClient-1-5] DEBUG org.asynchttpclient.netty.handler.HttpHandler - 

Request DefaultHttpRequest(decodeResult: success, version: HTTP/1.1)
POST /session/b72841a319d52a169859487bf1bdef8c/timeouts HTTP/1.1
User-Agent: selenium/4.1.2 (java windows)
Content-Length: 22
Content-Type: application/json; charset=utf-8
host: localhost:61778
accept: */*

Response DefaultHttpResponse(decodeResult: success, version: HTTP/1.1)
HTTP/1.1 200 OK
Content-Type: application/json; charset=utf-8
cache-control: no-cache
content-length: 14

21:27:07.540 [AsyncHttpClient-1-5] DEBUG org.asynchttpclient.netty.channel.ChannelManager - Adding key: http://localhost:61778 for channel [id: 0x90177010, L:/127.0.0.1:64179 - R:localhost/127.0.0.1:61778]
21:27:07.542 [Forwarding getCurrentUrl on session b72841a319d52a169859487bf1bdef8c to remote] DEBUG org.asynchttpclient.netty.request.NettyRequestSender - Using pooled Channel '[id: 0x90177010, L:/127.0.0.1:64179 - R:localhost/127.0.0.1:61778]' for 'GET' to 'http://localhost:61778/session/b72841a319d52a169859487bf1bdef8c/url'
21:27:07.542 [Forwarding getCurrentUrl on session b72841a319d52a169859487bf1bdef8c to remote] DEBUG org.asynchttpclient.netty.request.NettyRequestSender - Using open Channel [id: 0x90177010, L:/127.0.0.1:64179 - R:localhost/127.0.0.1:61778] for GET '/session/b72841a319d52a169859487bf1bdef8c/url'
21:27:07.547 [AsyncHttpClient-1-5] DEBUG org.asynchttpclient.netty.handler.HttpHandler - 

Request DefaultFullHttpRequest(decodeResult: success, version: HTTP/1.1, content: EmptyByteBufBE)
GET /session/b72841a319d52a169859487bf1bdef8c/url HTTP/1.1
User-Agent: selenium/4.1.2 (java windows)
Cache-Control: no-cache
Content-Type: application/json; charset=utf-8
host: localhost:61778
accept: */*

Response DefaultHttpResponse(decodeResult: success, version: HTTP/1.1)
HTTP/1.1 200 OK
Content-Type: application/json; charset=utf-8
cache-control: no-cache
content-length: 54

21:27:07.547 [AsyncHttpClient-1-5] DEBUG org.asynchttpclient.netty.channel.ChannelManager - Adding key: http://localhost:61778 for channel [id: 0x90177010, L:/127.0.0.1:64179 - R:localhost/127.0.0.1:61778]
  &amp#27;[32mWhen &amp#27;[0m&amp#27;[32mI open register page&amp#27;[0m       &amp#27;[90m# starter.stepdefinitions.RegisterSteps.iOpenRegisterPage()&amp#27;[0m
21:27:07.552 [main] DEBUG net.serenitybdd.core.photography.Darkroom - Opening darkroom
21:27:07.552 [Darkroom Processing Line] DEBUG net.serenitybdd.core.photography.DarkroomProcessingLine - Darkroom processing line starting up
21:27:07.552 [Forwarding screenshot on session b72841a319d52a169859487bf1bdef8c to remote] DEBUG org.asynchttpclient.netty.request.NettyRequestSender - Using pooled Channel '[id: 0x90177010, L:/127.0.0.1:64179 - R:localhost/127.0.0.1:61778]' for 'GET' to 'http://localhost:61778/session/b72841a319d52a169859487bf1bdef8c/screenshot'
21:27:07.552 [Forwarding screenshot on session b72841a319d52a169859487bf1bdef8c to remote] DEBUG org.asynchttpclient.netty.request.NettyRequestSender - Using open Channel [id: 0x90177010, L:/127.0.0.1:64179 - R:localhost/127.0.0.1:61778] for GET '/session/b72841a319d52a169859487bf1bdef8c/screenshot'
21:27:07.950 [AsyncHttpClient-1-1] DEBUG org.asynchttpclient.netty.channel.DefaultChannelPool - Entry count for : http://localhost:64180 : 1
21:27:08.115 [AsyncHttpClient-1-5] DEBUG org.asynchttpclient.netty.handler.HttpHandler - 

Request DefaultFullHttpRequest(decodeResult: success, version: HTTP/1.1, content: EmptyByteBufBE)
GET /session/b72841a319d52a169859487bf1bdef8c/screenshot HTTP/1.1
User-Agent: selenium/4.1.2 (java windows)
Cache-Control: no-cache
Content-Type: application/json; charset=utf-8
host: localhost:61778
accept: */*

Response DefaultHttpResponse(decodeResult: success, version: HTTP/1.1)
HTTP/1.1 200 OK
Content-Type: application/json; charset=utf-8
cache-control: no-cache
content-length: 45380

21:27:08.115 [AsyncHttpClient-1-5] DEBUG org.asynchttpclient.netty.channel.ChannelManager - Adding key: http://localhost:61778 for channel [id: 0x90177010, L:/127.0.0.1:64179 - R:localhost/127.0.0.1:61778]
21:27:08.117 [main] DEBUG net.serenitybdd.core.photography.Darkroom - Send negative for processing for target\site\serenity\74af2a90e11b4e8cdcc90c8b8f2efe0850d173caaf4338fdd4e69cc971e1b305.png
21:27:08.117 [Darkroom Processing Line] DEBUG net.serenitybdd.core.photography.DarkroomProcessingLine - Processing screenshot image in /var/screenshots/screenshot-16048366240723819844
21:27:08.117 [Darkroom Processing Line] DEBUG net.serenitybdd.core.photography.DarkroomProcessingLine - Saving screenshot to target\site\serenity\74af2a90e11b4e8cdcc90c8b8f2efe0850d173caaf4338fdd4e69cc971e1b305.png
21:27:08.123 [Forwarding findElement on session b72841a319d52a169859487bf1bdef8c to remote] DEBUG org.asynchttpclient.netty.request.NettyRequestSender - Using pooled Channel '[id: 0x90177010, L:/127.0.0.1:64179 - R:localhost/127.0.0.1:61778]' for 'POST' to 'http://localhost:61778/session/b72841a319d52a169859487bf1bdef8c/element'
21:27:08.123 [Forwarding findElement on session b72841a319d52a169859487bf1bdef8c to remote] DEBUG org.asynchttpclient.netty.request.NettyRequestSender - Using open Channel [id: 0x90177010, L:/127.0.0.1:64179 - R:localhost/127.0.0.1:61778] for POST '/session/b72841a319d52a169859487bf1bdef8c/element'
21:27:08.137 [AsyncHttpClient-1-5] DEBUG org.asynchttpclient.netty.handler.HttpHandler - 

Request DefaultHttpRequest(decodeResult: success, version: HTTP/1.1)
POST /session/b72841a319d52a169859487bf1bdef8c/element HTTP/1.1
User-Agent: selenium/4.1.2 (java windows)
Content-Length: 80
Content-Type: application/json; charset=utf-8
host: localhost:61778
accept: */*

Response DefaultHttpResponse(decodeResult: success, version: HTTP/1.1)
HTTP/1.1 200 OK
Content-Type: application/json; charset=utf-8
cache-control: no-cache
content-length: 88

21:27:08.137 [AsyncHttpClient-1-5] DEBUG org.asynchttpclient.netty.channel.ChannelManager - Adding key: http://localhost:61778 for channel [id: 0x90177010, L:/127.0.0.1:64179 - R:localhost/127.0.0.1:61778]
21:27:08.139 [Forwarding isElementDisplayed on session b72841a319d52a169859487bf1bdef8c to remote] DEBUG org.asynchttpclient.netty.request.NettyRequestSender - Using pooled Channel '[id: 0x90177010, L:/127.0.0.1:64179 - R:localhost/127.0.0.1:61778]' for 'POST' to 'http://localhost:61778/session/b72841a319d52a169859487bf1bdef8c/execute/sync'
21:27:08.139 [Forwarding isElementDisplayed on session b72841a319d52a169859487bf1bdef8c to remote] DEBUG org.asynchttpclient.netty.request.NettyRequestSender - Using open Channel [id: 0x90177010, L:/127.0.0.1:64179 - R:localhost/127.0.0.1:61778] for POST '/session/b72841a319d52a169859487bf1bdef8c/execute/sync'
21:27:08.153 [AsyncHttpClient-1-5] DEBUG org.asynchttpclient.netty.handler.HttpHandler - 

Request DefaultHttpRequest(decodeResult: success, version: HTTP/1.1)
POST /session/b72841a319d52a169859487bf1bdef8c/execute/sync HTTP/1.1
User-Agent: selenium/4.1.2 (java windows)
Content-Length: 48780
Content-Type: application/json; charset=utf-8
host: localhost:61778
accept: */*

Response DefaultHttpResponse(decodeResult: success, version: HTTP/1.1)
HTTP/1.1 200 OK
Content-Type: application/json; charset=utf-8
cache-control: no-cache
content-length: 14

21:27:08.153 [AsyncHttpClient-1-5] DEBUG org.asynchttpclient.netty.channel.ChannelManager - Adding key: http://localhost:61778 for channel [id: 0x90177010, L:/127.0.0.1:64179 - R:localhost/127.0.0.1:61778]
  &amp#27;[32mThen &amp#27;[0m&amp#27;[32mI will go to register page&amp#27;[0m &amp#27;[90m# starter.stepdefinitions.RegisterSteps.i_will_go_to_register_page()&amp#27;[0m
21:27:08.157 [main] INFO  - 
  _____   ___   ___   _____     ___     _     ___   ___   ___   ___  
 |_   _| | __| / __| |_   _|   | _ \   /_\   / __| / __| | __| |   \ 
   | |   | _|  \__ \   | |     |  _/  / _ \  \__ \ \__ \ | _|  | |) |
   |_|   |___| |___/   |_|     |_|   /_/ \_\ |___/ |___/ |___| |___/ 

Open Register Page
----------------------------------------------------------------------
21:27:08.158 [AsyncHttpClient-1-7] DEBUG org.asynchttpclient.netty.handler.WebSocketHandler - Channel Closed: [id: 0xaa4a4fe4, L:/127.0.0.1:64190 ! R:localhost/127.0.0.1:64180] with attribute NettyResponseFuture{currentRetry=5,
	isDone=1,
	isCancelled=0,
	asyncHandler=org.asynchttpclient.ws.WebSocketUpgradeHandler@5211790f,
	nettyRequest=org.asynchttpclient.netty.request.NettyRequest@2b76aed4,
	future=java.util.concurrent.CompletableFuture@1491027e[Completed normally],
	uri=ws://localhost:64180/devtools/browser/e8b384f9-d9bc-4e36-ad95-5c71bd748705,
	keepAlive=true,
	redirectCount=0,
	timeoutsHolder=null,
	inAuth=0,
	touch=1667572026879}
21:27:08.158 [AsyncHttpClient-1-7] DEBUG org.asynchttpclient.netty.channel.ChannelManager - Closing Channel [id: 0xaa4a4fe4, L:/127.0.0.1:64190 ! R:localhost/127.0.0.1:64180] 
21:27:08.158 [Driver Command Executor] DEBUG org.asynchttpclient.netty.request.NettyRequestSender - Using pooled Channel '[id: 0x90177010, L:/127.0.0.1:64179 - R:localhost/127.0.0.1:61778]' for 'DELETE' to 'http://localhost:61778/session/b72841a319d52a169859487bf1bdef8c'
21:27:08.158 [Driver Command Executor] DEBUG org.asynchttpclient.netty.request.NettyRequestSender - Using open Channel [id: 0x90177010, L:/127.0.0.1:64179 - R:localhost/127.0.0.1:61778] for DELETE '/session/b72841a319d52a169859487bf1bdef8c'
21:27:08.180 [AsyncHttpClient-1-6] DEBUG org.asynchttpclient.netty.handler.HttpHandler - Unexpected I/O exception on channel [id: 0xf2bb18cd, L:/127.0.0.1:64189 - R:localhost/127.0.0.1:64180]
java.net.SocketException: Connection reset
	at java.base/sun.nio.ch.SocketChannelImpl.throwConnectionReset(SocketChannelImpl.java:345)
	at java.base/sun.nio.ch.SocketChannelImpl.read(SocketChannelImpl.java:376)
	at io.netty.buffer.PooledByteBuf.setBytes(PooledByteBuf.java:258)
	at io.netty.buffer.AbstractByteBuf.writeBytes(AbstractByteBuf.java:1132)
	at io.netty.channel.socket.nio.NioSocketChannel.doReadBytes(NioSocketChannel.java:350)
	at io.netty.channel.nio.AbstractNioByteChannel$NioByteUnsafe.read(AbstractNioByteChannel.java:151)
	at io.netty.channel.nio.NioEventLoop.processSelectedKey(NioEventLoop.java:722)
	at io.netty.channel.nio.NioEventLoop.processSelectedKeysOptimized(NioEventLoop.java:658)
	at io.netty.channel.nio.NioEventLoop.processSelectedKeys(NioEventLoop.java:584)
	at io.netty.channel.nio.NioEventLoop.run(NioEventLoop.java:496)
	at io.netty.util.concurrent.SingleThreadEventExecutor$4.run(SingleThreadEventExecutor.java:986)
	at io.netty.util.internal.ThreadExecutorMap$2.run(ThreadExecutorMap.java:74)
	at io.netty.util.concurrent.FastThreadLocalRunnable.run(FastThreadLocalRunnable.java:30)
	at java.base/java.lang.Thread.run(Thread.java:830)
21:27:08.180 [AsyncHttpClient-1-6] DEBUG org.asynchttpclient.netty.channel.ChannelManager - Closing Channel [id: 0xf2bb18cd, L:/127.0.0.1:64189 - R:localhost/127.0.0.1:64180] 
21:27:08.181 [AsyncHttpClient-1-6] DEBUG org.asynchttpclient.netty.handler.HttpHandler - Channel Closed: [id: 0xf2bb18cd, L:/127.0.0.1:64189 ! R:localhost/127.0.0.1:64180] with attribute DISCARD
21:27:08.201 [AsyncHttpClient-1-5] DEBUG org.asynchttpclient.netty.handler.HttpHandler - 

Request DefaultFullHttpRequest(decodeResult: success, version: HTTP/1.1, content: EmptyByteBufBE)
DELETE /session/b72841a319d52a169859487bf1bdef8c HTTP/1.1
User-Agent: selenium/4.1.2 (java windows)
Content-Type: application/json; charset=utf-8
host: localhost:61778
accept: */*

Response DefaultHttpResponse(decodeResult: success, version: HTTP/1.1)
HTTP/1.1 200 OK
Content-Type: application/json; charset=utf-8
cache-control: no-cache
content-length: 14

21:27:08.201 [AsyncHttpClient-1-5] DEBUG org.asynchttpclient.netty.channel.ChannelManager - Adding key: http://localhost:61778 for channel [id: 0x90177010, L:/127.0.0.1:64179 - R:localhost/127.0.0.1:61778]
21:27:08.251 [AsyncHttpClient-1-5] DEBUG org.asynchttpclient.netty.handler.HttpHandler - Channel Closed: [id: 0x90177010, L:/127.0.0.1:64179 ! R:localhost/127.0.0.1:61778] with attribute DISCARD
]]></system-out>
    <system-err><![CDATA[Starting ChromeDriver 106.0.5249.61 (511755355844955cd3e264779baf0dd38212a4d0-refs/branch-heads/5249@{#569}) on port 61778
Only local connections are allowed.
Please see https://chromedriver.chromium.org/security-considerations for suggestions on keeping ChromeDriver safe.
ChromeDriver was started successfully.
[1667572026.487][WARNING]: This version of ChromeDriver has not been tested with Chrome version 107.
Nov 04, 2022 9:27:06 PM org.openqa.selenium.remote.ProtocolHandshake createSession
INFO: Detected dialect: W3C
Nov 04, 2022 9:27:06 PM org.openqa.selenium.devtools.CdpVersionFinder findNearestMatch
WARNING: Unable to find an exact match for CDP version 107, so returning the closest version found: a no-op implementation
Nov 04, 2022 9:27:06 PM org.openqa.selenium.devtools.CdpVersionFinder findNearestMatch
INFO: Unable to find CDP implementation matching 107.
Nov 04, 2022 9:27:06 PM org.openqa.selenium.chromium.ChromiumDriver lambda$new$3
WARNING: Unable to find version of CDP to use for . You may need to include a dependency on a specific version of the CDP using something similar to `org.seleniumhq.selenium:selenium-devtools-v86:4.1.2` where the version ("v86") matches the version of the chromium-based browser you're using and the version number of the artifact is the same as Selenium's.
]]></system-err>
  </testcase>
  <testcase name="Register with new email" classname="Register" time="6.164">
    <system-out><![CDATA[
@Register
Scenario: Register with new email    &amp#27;[90m# src/test/resources/features/Register.feature:11&amp#27;[0m
21:27:08.795 [main] INFO io.cucumber.core.plugin.SerenityReporter - Running feature from file:///C:/Users/ASUS/Desktop/stupen/miniproject/Web/ASWeb/src/test/resources/features/Register.feature
21:27:08.796 [main] INFO  - 
  _____   ___   ___   _____     ___   _____     _     ___   _____   ___   ___  
 |_   _| | __| / __| |_   _|   / __| |_   _|   /_\   | _ \ |_   _| | __| |   \ 
   | |   | _|  \__ \   | |     \__ \   | |    / _ \  |   /   | |   | _|  | |) |
   |_|   |___| |___/   |_|     |___/   |_|   /_/ \_\ |_|_\   |_|   |___| |___/ 

Register with new email(register;register-with-new-email)
--------------------------------------------------------------------------------
21:27:08.805 [main] INFO net.serenitybdd.core.webdriver.driverproviders.ChromeDriverProvider - Using automatically driver download
21:27:08.909 [main] DEBUG io.github.bonigarcia.wdm.cache.ResolutionCache - Resolution chrome=107 in cache (valid until 22:24:57 04/11/2022 WIB)
21:27:08.913 [main] DEBUG io.github.bonigarcia.wdm.cache.ResolutionCache - Resolution chrome107=107.0.5304.62 in cache (valid until 21:24:57 05/11/2022 WIB)
21:27:08.916 [main] INFO io.github.bonigarcia.wdm.WebDriverManager - Using chromedriver 107.0.5304.62 (resolved driver for Chrome 107)
21:27:08.933 [main] DEBUG io.github.bonigarcia.wdm.WebDriverManager - Driver chromedriver 107.0.5304.62 found in cache
21:27:08.933 [main] INFO io.github.bonigarcia.wdm.WebDriverManager - Exporting webdriver.chrome.driver as C:\Users\ASUS\.cache\selenium\chromedriver\win32\107.0.5304.62\chromedriver.exe
21:27:09.051 [AsyncHttpClient-1-1] DEBUG org.asynchttpclient.netty.channel.DefaultChannelPool - Entry count for : http://localhost:64180 : 1
21:27:09.051 [AsyncHttpClient-1-1] DEBUG org.asynchttpclient.netty.channel.DefaultChannelPool - Entry count for : http://localhost:61778 : 1
21:27:09.051 [AsyncHttpClient-1-1] DEBUG org.asynchttpclient.netty.channel.DefaultChannelPool - Adding Candidate expired Channel [id: 0xf2bb18cd, L:/127.0.0.1:64189 ! R:localhost/127.0.0.1:64180] isIdleTimeoutExpired=false isRemotelyClosed=true isTtlExpired=false
21:27:09.051 [AsyncHttpClient-1-1] DEBUG org.asynchttpclient.netty.channel.DefaultChannelPool - Closing Idle Channel [id: 0xf2bb18cd, L:/127.0.0.1:64189 ! R:localhost/127.0.0.1:64180]
21:27:09.051 [AsyncHttpClient-1-1] DEBUG org.asynchttpclient.netty.channel.DefaultChannelPool - Adding Candidate expired Channel [id: 0x90177010, L:/127.0.0.1:64179 ! R:localhost/127.0.0.1:61778] isIdleTimeoutExpired=false isRemotelyClosed=true isTtlExpired=false
21:27:09.051 [AsyncHttpClient-1-1] DEBUG org.asynchttpclient.netty.channel.DefaultChannelPool - Closing Idle Channel [id: 0x90177010, L:/127.0.0.1:64179 ! R:localhost/127.0.0.1:61778]
21:27:09.051 [AsyncHttpClient-1-1] DEBUG org.asynchttpclient.netty.channel.DefaultChannelPool - Closed 2 connections out of 2 in 0 ms
21:27:09.078 [main] DEBUG net.serenitybdd.core.webdriver.driverproviders.ProvideNewDriver - Instantiating driver
21:27:09.078 [main] DEBUG net.serenitybdd.core.webdriver.driverproviders.ProvideNewDriver - Driver capabilities: Capabilities {acceptInsecureCerts: false, base.url: https://alta-shop.vercel.app/, browserName: chrome, chrome.driver: src/test/resources/webdrive..., driver: chrome, goog:chromeOptions: {args: [], extensions: []}, wait.for.timeout: 10000}
21:27:09.630 [AsyncHttpClient-1-8] DEBUG org.asynchttpclient.netty.channel.NettyConnectListener - Using new Channel '[id: 0x2e76f94e, L:/127.0.0.1:64202 - R:localhost/127.0.0.1:50060]' for 'POST' to '/session'
21:27:10.745 [AsyncHttpClient-1-8] DEBUG org.asynchttpclient.netty.handler.HttpHandler - 

Request DefaultHttpRequest(decodeResult: success, version: HTTP/1.1)
POST /session HTTP/1.1
User-Agent: selenium/4.1.2 (java windows)
Content-Length: 646
Content-Type: application/json; charset=utf-8
host: localhost:50060
accept: */*

Response DefaultHttpResponse(decodeResult: success, version: HTTP/1.1)
HTTP/1.1 200 OK
Content-Type: application/json; charset=utf-8
cache-control: no-cache
content-length: 789

21:27:10.746 [AsyncHttpClient-1-8] DEBUG org.asynchttpclient.netty.channel.ChannelManager - Adding key: http://localhost:50060 for channel [id: 0x2e76f94e, L:/127.0.0.1:64202 - R:localhost/127.0.0.1:50060]
21:27:10.753 [AsyncHttpClient-1-9] DEBUG org.asynchttpclient.netty.channel.NettyConnectListener - Using new Channel '[id: 0xfd31b4cc, L:/127.0.0.1:64210 - R:localhost/127.0.0.1:64203]' for 'GET' to '/json/version'
21:27:10.754 [AsyncHttpClient-1-9] DEBUG org.asynchttpclient.netty.handler.HttpHandler - 

Request DefaultFullHttpRequest(decodeResult: success, version: HTTP/1.1, content: EmptyByteBufBE)
GET /json/version HTTP/1.1
User-Agent: selenium/4.1.2 (java windows)
host: localhost:64203
accept: */*

Response DefaultHttpResponse(decodeResult: success, version: HTTP/1.1)
HTTP/1.1 200 OK
Content-Type: application/json; charset=UTF-8
content-length: 423

21:27:10.754 [AsyncHttpClient-1-9] DEBUG org.asynchttpclient.netty.channel.ChannelManager - Adding key: http://localhost:64203 for channel [id: 0xfd31b4cc, L:/127.0.0.1:64210 - R:localhost/127.0.0.1:64203]
21:27:10.756 [AsyncHttpClient-1-10] DEBUG org.asynchttpclient.netty.channel.NettyConnectListener - Using new Channel '[id: 0xeb45eb53, L:/127.0.0.1:64211 - R:localhost/127.0.0.1:64203]' for 'GET' to '/devtools/browser/981bf463-e6e6-4433-b538-a731522ef0fc'
21:27:10.757 [AsyncHttpClient-1-10] DEBUG org.asynchttpclient.netty.handler.WebSocketHandler - 

Request DefaultFullHttpRequest(decodeResult: success, version: HTTP/1.1, content: EmptyByteBufBE)
GET /devtools/browser/981bf463-e6e6-4433-b538-a731522ef0fc HTTP/1.1
upgrade: websocket
connection: upgrade
sec-websocket-key: PdC/rWEtOs7wyag1Ie42xQ==
sec-websocket-version: 13
origin: http://localhost:64203
host: localhost:64203
accept: */*
user-agent: AHC/2.1

Response DefaultHttpResponse(decodeResult: success, version: HTTP/1.1)
HTTP/1.1 101 WebSocket Protocol Handshake
Upgrade: WebSocket
Connection: Upgrade
Sec-WebSocket-Accept: TgfjSm3HWP8Bn+8se2Kyj7MHzM8=

21:27:10.760 [Forwarding get on session 466ea5a39e0f06815928f06cfe5ece55 to remote] DEBUG org.asynchttpclient.netty.request.NettyRequestSender - Using pooled Channel '[id: 0x2e76f94e, L:/127.0.0.1:64202 - R:localhost/127.0.0.1:50060]' for 'POST' to 'http://localhost:50060/session/466ea5a39e0f06815928f06cfe5ece55/url'
21:27:10.760 [Forwarding get on session 466ea5a39e0f06815928f06cfe5ece55 to remote] DEBUG org.asynchttpclient.netty.request.NettyRequestSender - Using open Channel [id: 0x2e76f94e, L:/127.0.0.1:64202 - R:localhost/127.0.0.1:50060] for POST '/session/466ea5a39e0f06815928f06cfe5ece55/url'
21:27:11.250 [AsyncHttpClient-1-1] DEBUG org.asynchttpclient.netty.channel.DefaultChannelPool - Entry count for : http://localhost:64203 : 1
21:27:11.338 [AsyncHttpClient-1-8] DEBUG org.asynchttpclient.netty.handler.HttpHandler - 

Request DefaultHttpRequest(decodeResult: success, version: HTTP/1.1)
POST /session/466ea5a39e0f06815928f06cfe5ece55/url HTTP/1.1
User-Agent: selenium/4.1.2 (java windows)
Content-Length: 77
Content-Type: application/json; charset=utf-8
host: localhost:50060
accept: */*

Response DefaultHttpResponse(decodeResult: success, version: HTTP/1.1)
HTTP/1.1 200 OK
Content-Type: application/json; charset=utf-8
cache-control: no-cache
content-length: 14

21:27:11.338 [AsyncHttpClient-1-8] DEBUG org.asynchttpclient.netty.channel.ChannelManager - Adding key: http://localhost:50060 for channel [id: 0x2e76f94e, L:/127.0.0.1:64202 - R:localhost/127.0.0.1:50060]
21:27:11.339 [Forwarding setTimeout on session 466ea5a39e0f06815928f06cfe5ece55 to remote] DEBUG org.asynchttpclient.netty.request.NettyRequestSender - Using pooled Channel '[id: 0x2e76f94e, L:/127.0.0.1:64202 - R:localhost/127.0.0.1:50060]' for 'POST' to 'http://localhost:50060/session/466ea5a39e0f06815928f06cfe5ece55/timeouts'
21:27:11.339 [Forwarding setTimeout on session 466ea5a39e0f06815928f06cfe5ece55 to remote] DEBUG org.asynchttpclient.netty.request.NettyRequestSender - Using open Channel [id: 0x2e76f94e, L:/127.0.0.1:64202 - R:localhost/127.0.0.1:50060] for POST '/session/466ea5a39e0f06815928f06cfe5ece55/timeouts'
21:27:11.340 [AsyncHttpClient-1-8] DEBUG org.asynchttpclient.netty.handler.HttpHandler - 

Request DefaultHttpRequest(decodeResult: success, version: HTTP/1.1)
POST /session/466ea5a39e0f06815928f06cfe5ece55/timeouts HTTP/1.1
User-Agent: selenium/4.1.2 (java windows)
Content-Length: 22
Content-Type: application/json; charset=utf-8
host: localhost:50060
accept: */*

Response DefaultHttpResponse(decodeResult: success, version: HTTP/1.1)
HTTP/1.1 200 OK
Content-Type: application/json; charset=utf-8
cache-control: no-cache
content-length: 14

21:27:11.340 [AsyncHttpClient-1-8] DEBUG org.asynchttpclient.netty.channel.ChannelManager - Adding key: http://localhost:50060 for channel [id: 0x2e76f94e, L:/127.0.0.1:64202 - R:localhost/127.0.0.1:50060]
21:27:11.343 [Forwarding getCurrentUrl on session 466ea5a39e0f06815928f06cfe5ece55 to remote] DEBUG org.asynchttpclient.netty.request.NettyRequestSender - Using pooled Channel '[id: 0x2e76f94e, L:/127.0.0.1:64202 - R:localhost/127.0.0.1:50060]' for 'GET' to 'http://localhost:50060/session/466ea5a39e0f06815928f06cfe5ece55/url'
21:27:11.343 [Forwarding getCurrentUrl on session 466ea5a39e0f06815928f06cfe5ece55 to remote] DEBUG org.asynchttpclient.netty.request.NettyRequestSender - Using open Channel [id: 0x2e76f94e, L:/127.0.0.1:64202 - R:localhost/127.0.0.1:50060] for GET '/session/466ea5a39e0f06815928f06cfe5ece55/url'
21:27:11.349 [AsyncHttpClient-1-8] DEBUG org.asynchttpclient.netty.handler.HttpHandler - 

Request DefaultFullHttpRequest(decodeResult: success, version: HTTP/1.1, content: EmptyByteBufBE)
GET /session/466ea5a39e0f06815928f06cfe5ece55/url HTTP/1.1
User-Agent: selenium/4.1.2 (java windows)
Cache-Control: no-cache
Content-Type: application/json; charset=utf-8
host: localhost:50060
accept: */*

Response DefaultHttpResponse(decodeResult: success, version: HTTP/1.1)
HTTP/1.1 200 OK
Content-Type: application/json; charset=utf-8
cache-control: no-cache
content-length: 54

21:27:11.349 [AsyncHttpClient-1-8] DEBUG org.asynchttpclient.netty.channel.ChannelManager - Adding key: http://localhost:50060 for channel [id: 0x2e76f94e, L:/127.0.0.1:64202 - R:localhost/127.0.0.1:50060]
  &amp#27;[32mGiven &amp#27;[0m&amp#27;[32mI open register page&amp#27;[0m         &amp#27;[90m# starter.stepdefinitions.RegisterSteps.iOpenRegisterPage()&amp#27;[0m
21:27:11.354 [Forwarding screenshot on session 466ea5a39e0f06815928f06cfe5ece55 to remote] DEBUG org.asynchttpclient.netty.request.NettyRequestSender - Using pooled Channel '[id: 0x2e76f94e, L:/127.0.0.1:64202 - R:localhost/127.0.0.1:50060]' for 'GET' to 'http://localhost:50060/session/466ea5a39e0f06815928f06cfe5ece55/screenshot'
21:27:11.354 [Forwarding screenshot on session 466ea5a39e0f06815928f06cfe5ece55 to remote] DEBUG org.asynchttpclient.netty.request.NettyRequestSender - Using open Channel [id: 0x2e76f94e, L:/127.0.0.1:64202 - R:localhost/127.0.0.1:50060] for GET '/session/466ea5a39e0f06815928f06cfe5ece55/screenshot'
21:27:11.796 [AsyncHttpClient-1-8] DEBUG org.asynchttpclient.netty.handler.HttpHandler - 

Request DefaultFullHttpRequest(decodeResult: success, version: HTTP/1.1, content: EmptyByteBufBE)
GET /session/466ea5a39e0f06815928f06cfe5ece55/screenshot HTTP/1.1
User-Agent: selenium/4.1.2 (java windows)
Cache-Control: no-cache
Content-Type: application/json; charset=utf-8
host: localhost:50060
accept: */*

Response DefaultHttpResponse(decodeResult: success, version: HTTP/1.1)
HTTP/1.1 200 OK
Content-Type: application/json; charset=utf-8
cache-control: no-cache
content-length: 45380

21:27:11.797 [AsyncHttpClient-1-8] DEBUG org.asynchttpclient.netty.channel.ChannelManager - Adding key: http://localhost:50060 for channel [id: 0x2e76f94e, L:/127.0.0.1:64202 - R:localhost/127.0.0.1:50060]
21:27:11.798 [main] DEBUG net.serenitybdd.core.photography.Darkroom - Send negative for processing for target\site\serenity\74af2a90e11b4e8cdcc90c8b8f2efe0850d173caaf4338fdd4e69cc971e1b305.png
21:27:11.804 [Forwarding findElement on session 466ea5a39e0f06815928f06cfe5ece55 to remote] DEBUG org.asynchttpclient.netty.request.NettyRequestSender - Using pooled Channel '[id: 0x2e76f94e, L:/127.0.0.1:64202 - R:localhost/127.0.0.1:50060]' for 'POST' to 'http://localhost:50060/session/466ea5a39e0f06815928f06cfe5ece55/element'
21:27:11.804 [Forwarding findElement on session 466ea5a39e0f06815928f06cfe5ece55 to remote] DEBUG org.asynchttpclient.netty.request.NettyRequestSender - Using open Channel [id: 0x2e76f94e, L:/127.0.0.1:64202 - R:localhost/127.0.0.1:50060] for POST '/session/466ea5a39e0f06815928f06cfe5ece55/element'
21:27:11.816 [AsyncHttpClient-1-8] DEBUG org.asynchttpclient.netty.handler.HttpHandler - 

Request DefaultHttpRequest(decodeResult: success, version: HTTP/1.1)
POST /session/466ea5a39e0f06815928f06cfe5ece55/element HTTP/1.1
User-Agent: selenium/4.1.2 (java windows)
Content-Length: 94
Content-Type: application/json; charset=utf-8
host: localhost:50060
accept: */*

Response DefaultHttpResponse(decodeResult: success, version: HTTP/1.1)
HTTP/1.1 200 OK
Content-Type: application/json; charset=utf-8
cache-control: no-cache
content-length: 88

21:27:11.816 [AsyncHttpClient-1-8] DEBUG org.asynchttpclient.netty.channel.ChannelManager - Adding key: http://localhost:50060 for channel [id: 0x2e76f94e, L:/127.0.0.1:64202 - R:localhost/127.0.0.1:50060]
21:27:11.817 [Forwarding clearElement on session 466ea5a39e0f06815928f06cfe5ece55 to remote] DEBUG org.asynchttpclient.netty.request.NettyRequestSender - Using pooled Channel '[id: 0x2e76f94e, L:/127.0.0.1:64202 - R:localhost/127.0.0.1:50060]' for 'POST' to 'http://localhost:50060/session/466ea5a39e0f06815928f06cfe5ece55/element/3678a0d8-e142-4dc4-afae-350ff734e056/clear'
21:27:11.817 [Forwarding clearElement on session 466ea5a39e0f06815928f06cfe5ece55 to remote] DEBUG org.asynchttpclient.netty.request.NettyRequestSender - Using open Channel [id: 0x2e76f94e, L:/127.0.0.1:64202 - R:localhost/127.0.0.1:50060] for POST '/session/466ea5a39e0f06815928f06cfe5ece55/element/3678a0d8-e142-4dc4-afae-350ff734e056/clear'
21:27:11.848 [AsyncHttpClient-1-8] DEBUG org.asynchttpclient.netty.handler.HttpHandler - 

Request DefaultHttpRequest(decodeResult: success, version: HTTP/1.1)
POST /session/466ea5a39e0f06815928f06cfe5ece55/element/3678a0d8-e142-4dc4-afae-350ff734e056/clear HTTP/1.1
User-Agent: selenium/4.1.2 (java windows)
Content-Length: 50
Content-Type: application/json; charset=utf-8
host: localhost:50060
accept: */*

Response DefaultHttpResponse(decodeResult: success, version: HTTP/1.1)
HTTP/1.1 200 OK
Content-Type: application/json; charset=utf-8
cache-control: no-cache
content-length: 14

21:27:11.848 [AsyncHttpClient-1-8] DEBUG org.asynchttpclient.netty.channel.ChannelManager - Adding key: http://localhost:50060 for channel [id: 0x2e76f94e, L:/127.0.0.1:64202 - R:localhost/127.0.0.1:50060]
21:27:11.850 [Forwarding sendKeysToElement on session 466ea5a39e0f06815928f06cfe5ece55 to remote] DEBUG org.asynchttpclient.netty.request.NettyRequestSender - Using pooled Channel '[id: 0x2e76f94e, L:/127.0.0.1:64202 - R:localhost/127.0.0.1:50060]' for 'POST' to 'http://localhost:50060/session/466ea5a39e0f06815928f06cfe5ece55/element/3678a0d8-e142-4dc4-afae-350ff734e056/value'
21:27:11.850 [Forwarding sendKeysToElement on session 466ea5a39e0f06815928f06cfe5ece55 to remote] DEBUG org.asynchttpclient.netty.request.NettyRequestSender - Using open Channel [id: 0x2e76f94e, L:/127.0.0.1:64202 - R:localhost/127.0.0.1:50060] for POST '/session/466ea5a39e0f06815928f06cfe5ece55/element/3678a0d8-e142-4dc4-afae-350ff734e056/value'
21:27:11.915 [AsyncHttpClient-1-8] DEBUG org.asynchttpclient.netty.handler.HttpHandler - 

Request DefaultHttpRequest(decodeResult: success, version: HTTP/1.1)
POST /session/466ea5a39e0f06815928f06cfe5ece55/element/3678a0d8-e142-4dc4-afae-350ff734e056/value HTTP/1.1
User-Agent: selenium/4.1.2 (java windows)
Content-Length: 121
Content-Type: application/json; charset=utf-8
host: localhost:50060
accept: */*

Response DefaultHttpResponse(decodeResult: success, version: HTTP/1.1)
HTTP/1.1 200 OK
Content-Type: application/json; charset=utf-8
cache-control: no-cache
content-length: 14

21:27:11.915 [AsyncHttpClient-1-8] DEBUG org.asynchttpclient.netty.channel.ChannelManager - Adding key: http://localhost:50060 for channel [id: 0x2e76f94e, L:/127.0.0.1:64202 - R:localhost/127.0.0.1:50060]
  &amp#27;[32mWhen &amp#27;[0m&amp#27;[32mI input full name&amp#27;[0m             &amp#27;[90m# starter.stepdefinitions.RegisterSteps.iInputFullName()&amp#27;[0m
21:27:11.919 [Forwarding screenshot on session 466ea5a39e0f06815928f06cfe5ece55 to remote] DEBUG org.asynchttpclient.netty.request.NettyRequestSender - Using pooled Channel '[id: 0x2e76f94e, L:/127.0.0.1:64202 - R:localhost/127.0.0.1:50060]' for 'GET' to 'http://localhost:50060/session/466ea5a39e0f06815928f06cfe5ece55/screenshot'
21:27:11.919 [Forwarding screenshot on session 466ea5a39e0f06815928f06cfe5ece55 to remote] DEBUG org.asynchttpclient.netty.request.NettyRequestSender - Using open Channel [id: 0x2e76f94e, L:/127.0.0.1:64202 - R:localhost/127.0.0.1:50060] for GET '/session/466ea5a39e0f06815928f06cfe5ece55/screenshot'
21:27:12.099 [AsyncHttpClient-1-8] DEBUG org.asynchttpclient.netty.handler.HttpHandler - 

Request DefaultFullHttpRequest(decodeResult: success, version: HTTP/1.1, content: EmptyByteBufBE)
GET /session/466ea5a39e0f06815928f06cfe5ece55/screenshot HTTP/1.1
User-Agent: selenium/4.1.2 (java windows)
Cache-Control: no-cache
Content-Type: application/json; charset=utf-8
host: localhost:50060
accept: */*

Response DefaultHttpResponse(decodeResult: success, version: HTTP/1.1)
HTTP/1.1 200 OK
Content-Type: application/json; charset=utf-8
cache-control: no-cache
content-length: 47164

21:27:12.099 [AsyncHttpClient-1-8] DEBUG org.asynchttpclient.netty.channel.ChannelManager - Adding key: http://localhost:50060 for channel [id: 0x2e76f94e, L:/127.0.0.1:64202 - R:localhost/127.0.0.1:50060]
21:27:12.100 [main] DEBUG net.serenitybdd.core.photography.Darkroom - Send negative for processing for target\site\serenity\399791e9678d4a3a11296e2af48f5f0d36d1f0f0dbbcba0cb4b779ecda701691.png
21:27:12.101 [Darkroom Processing Line] DEBUG net.serenitybdd.core.photography.DarkroomProcessingLine - Processing screenshot image in /var/screenshots/screenshot-4738219535968618526
21:27:12.101 [Darkroom Processing Line] DEBUG net.serenitybdd.core.photography.DarkroomProcessingLine - Saving screenshot to target\site\serenity\399791e9678d4a3a11296e2af48f5f0d36d1f0f0dbbcba0cb4b779ecda701691.png
21:27:12.107 [Forwarding findElement on session 466ea5a39e0f06815928f06cfe5ece55 to remote] DEBUG org.asynchttpclient.netty.request.NettyRequestSender - Using pooled Channel '[id: 0x2e76f94e, L:/127.0.0.1:64202 - R:localhost/127.0.0.1:50060]' for 'POST' to 'http://localhost:50060/session/466ea5a39e0f06815928f06cfe5ece55/element'
21:27:12.107 [Forwarding findElement on session 466ea5a39e0f06815928f06cfe5ece55 to remote] DEBUG org.asynchttpclient.netty.request.NettyRequestSender - Using open Channel [id: 0x2e76f94e, L:/127.0.0.1:64202 - R:localhost/127.0.0.1:50060] for POST '/session/466ea5a39e0f06815928f06cfe5ece55/element'
21:27:12.117 [AsyncHttpClient-1-8] DEBUG org.asynchttpclient.netty.handler.HttpHandler - 

Request DefaultHttpRequest(decodeResult: success, version: HTTP/1.1)
POST /session/466ea5a39e0f06815928f06cfe5ece55/element HTTP/1.1
User-Agent: selenium/4.1.2 (java windows)
Content-Length: 87
Content-Type: application/json; charset=utf-8
host: localhost:50060
accept: */*

Response DefaultHttpResponse(decodeResult: success, version: HTTP/1.1)
HTTP/1.1 200 OK
Content-Type: application/json; charset=utf-8
cache-control: no-cache
content-length: 88

21:27:12.117 [AsyncHttpClient-1-8] DEBUG org.asynchttpclient.netty.channel.ChannelManager - Adding key: http://localhost:50060 for channel [id: 0x2e76f94e, L:/127.0.0.1:64202 - R:localhost/127.0.0.1:50060]
21:27:12.117 [Forwarding clearElement on session 466ea5a39e0f06815928f06cfe5ece55 to remote] DEBUG org.asynchttpclient.netty.request.NettyRequestSender - Using pooled Channel '[id: 0x2e76f94e, L:/127.0.0.1:64202 - R:localhost/127.0.0.1:50060]' for 'POST' to 'http://localhost:50060/session/466ea5a39e0f06815928f06cfe5ece55/element/ce2035c7-fd62-4b6f-9922-32084523dd7b/clear'
21:27:12.117 [Forwarding clearElement on session 466ea5a39e0f06815928f06cfe5ece55 to remote] DEBUG org.asynchttpclient.netty.request.NettyRequestSender - Using open Channel [id: 0x2e76f94e, L:/127.0.0.1:64202 - R:localhost/127.0.0.1:50060] for POST '/session/466ea5a39e0f06815928f06cfe5ece55/element/ce2035c7-fd62-4b6f-9922-32084523dd7b/clear'
21:27:12.148 [AsyncHttpClient-1-8] DEBUG org.asynchttpclient.netty.handler.HttpHandler - 

Request DefaultHttpRequest(decodeResult: success, version: HTTP/1.1)
POST /session/466ea5a39e0f06815928f06cfe5ece55/element/ce2035c7-fd62-4b6f-9922-32084523dd7b/clear HTTP/1.1
User-Agent: selenium/4.1.2 (java windows)
Content-Length: 50
Content-Type: application/json; charset=utf-8
host: localhost:50060
accept: */*

Response DefaultHttpResponse(decodeResult: success, version: HTTP/1.1)
HTTP/1.1 200 OK
Content-Type: application/json; charset=utf-8
cache-control: no-cache
content-length: 14

21:27:12.148 [AsyncHttpClient-1-8] DEBUG org.asynchttpclient.netty.channel.ChannelManager - Adding key: http://localhost:50060 for channel [id: 0x2e76f94e, L:/127.0.0.1:64202 - R:localhost/127.0.0.1:50060]
21:27:12.149 [Forwarding sendKeysToElement on session 466ea5a39e0f06815928f06cfe5ece55 to remote] DEBUG org.asynchttpclient.netty.request.NettyRequestSender - Using pooled Channel '[id: 0x2e76f94e, L:/127.0.0.1:64202 - R:localhost/127.0.0.1:50060]' for 'POST' to 'http://localhost:50060/session/466ea5a39e0f06815928f06cfe5ece55/element/ce2035c7-fd62-4b6f-9922-32084523dd7b/value'
21:27:12.149 [Forwarding sendKeysToElement on session 466ea5a39e0f06815928f06cfe5ece55 to remote] DEBUG org.asynchttpclient.netty.request.NettyRequestSender - Using open Channel [id: 0x2e76f94e, L:/127.0.0.1:64202 - R:localhost/127.0.0.1:50060] for POST '/session/466ea5a39e0f06815928f06cfe5ece55/element/ce2035c7-fd62-4b6f-9922-32084523dd7b/value'
21:27:12.275 [AsyncHttpClient-1-8] DEBUG org.asynchttpclient.netty.handler.HttpHandler - 

Request DefaultHttpRequest(decodeResult: success, version: HTTP/1.1)
POST /session/466ea5a39e0f06815928f06cfe5ece55/element/ce2035c7-fd62-4b6f-9922-32084523dd7b/value HTTP/1.1
User-Agent: selenium/4.1.2 (java windows)
Content-Length: 341
Content-Type: application/json; charset=utf-8
host: localhost:50060
accept: */*

Response DefaultHttpResponse(decodeResult: success, version: HTTP/1.1)
HTTP/1.1 200 OK
Content-Type: application/json; charset=utf-8
cache-control: no-cache
content-length: 14

21:27:12.275 [AsyncHttpClient-1-8] DEBUG org.asynchttpclient.netty.channel.ChannelManager - Adding key: http://localhost:50060 for channel [id: 0x2e76f94e, L:/127.0.0.1:64202 - R:localhost/127.0.0.1:50060]
  &amp#27;[32mAnd &amp#27;[0m&amp#27;[32mI input new email&amp#27;[0m              &amp#27;[90m# starter.stepdefinitions.RegisterSteps.iInputNewEmail()&amp#27;[0m
21:27:12.280 [Forwarding screenshot on session 466ea5a39e0f06815928f06cfe5ece55 to remote] DEBUG org.asynchttpclient.netty.request.NettyRequestSender - Using pooled Channel '[id: 0x2e76f94e, L:/127.0.0.1:64202 - R:localhost/127.0.0.1:50060]' for 'GET' to 'http://localhost:50060/session/466ea5a39e0f06815928f06cfe5ece55/screenshot'
21:27:12.280 [Forwarding screenshot on session 466ea5a39e0f06815928f06cfe5ece55 to remote] DEBUG org.asynchttpclient.netty.request.NettyRequestSender - Using open Channel [id: 0x2e76f94e, L:/127.0.0.1:64202 - R:localhost/127.0.0.1:50060] for GET '/session/466ea5a39e0f06815928f06cfe5ece55/screenshot'
21:27:12.355 [AsyncHttpClient-1-1] DEBUG org.asynchttpclient.netty.channel.DefaultChannelPool - Entry count for : http://localhost:64203 : 1
21:27:12.433 [AsyncHttpClient-1-8] DEBUG org.asynchttpclient.netty.handler.HttpHandler - 

Request DefaultFullHttpRequest(decodeResult: success, version: HTTP/1.1, content: EmptyByteBufBE)
GET /session/466ea5a39e0f06815928f06cfe5ece55/screenshot HTTP/1.1
User-Agent: selenium/4.1.2 (java windows)
Cache-Control: no-cache
Content-Type: application/json; charset=utf-8
host: localhost:50060
accept: */*

Response DefaultHttpResponse(decodeResult: success, version: HTTP/1.1)
HTTP/1.1 200 OK
Content-Type: application/json; charset=utf-8
cache-control: no-cache
content-length: 57644

21:27:12.434 [AsyncHttpClient-1-8] DEBUG org.asynchttpclient.netty.channel.ChannelManager - Adding key: http://localhost:50060 for channel [id: 0x2e76f94e, L:/127.0.0.1:64202 - R:localhost/127.0.0.1:50060]
21:27:12.435 [main] DEBUG net.serenitybdd.core.photography.Darkroom - Send negative for processing for target\site\serenity\c493c4049243242d99b710b18a759eb292e3223266cd0cbea184fd10bbc98732.png
21:27:12.436 [Darkroom Processing Line] DEBUG net.serenitybdd.core.photography.DarkroomProcessingLine - Processing screenshot image in /var/screenshots/screenshot-17057439846165406227
21:27:12.436 [Darkroom Processing Line] DEBUG net.serenitybdd.core.photography.DarkroomProcessingLine - Saving screenshot to target\site\serenity\c493c4049243242d99b710b18a759eb292e3223266cd0cbea184fd10bbc98732.png
21:27:12.443 [Forwarding findElement on session 466ea5a39e0f06815928f06cfe5ece55 to remote] DEBUG org.asynchttpclient.netty.request.NettyRequestSender - Using pooled Channel '[id: 0x2e76f94e, L:/127.0.0.1:64202 - R:localhost/127.0.0.1:50060]' for 'POST' to 'http://localhost:50060/session/466ea5a39e0f06815928f06cfe5ece55/element'
21:27:12.443 [Forwarding findElement on session 466ea5a39e0f06815928f06cfe5ece55 to remote] DEBUG org.asynchttpclient.netty.request.NettyRequestSender - Using open Channel [id: 0x2e76f94e, L:/127.0.0.1:64202 - R:localhost/127.0.0.1:50060] for POST '/session/466ea5a39e0f06815928f06cfe5ece55/element'
21:27:12.453 [AsyncHttpClient-1-8] DEBUG org.asynchttpclient.netty.handler.HttpHandler - 

Request DefaultHttpRequest(decodeResult: success, version: HTTP/1.1)
POST /session/466ea5a39e0f06815928f06cfe5ece55/element HTTP/1.1
User-Agent: selenium/4.1.2 (java windows)
Content-Length: 90
Content-Type: application/json; charset=utf-8
host: localhost:50060
accept: */*

Response DefaultHttpResponse(decodeResult: success, version: HTTP/1.1)
HTTP/1.1 200 OK
Content-Type: application/json; charset=utf-8
cache-control: no-cache
content-length: 88

21:27:12.453 [AsyncHttpClient-1-8] DEBUG org.asynchttpclient.netty.channel.ChannelManager - Adding key: http://localhost:50060 for channel [id: 0x2e76f94e, L:/127.0.0.1:64202 - R:localhost/127.0.0.1:50060]
21:27:12.454 [Forwarding clearElement on session 466ea5a39e0f06815928f06cfe5ece55 to remote] DEBUG org.asynchttpclient.netty.request.NettyRequestSender - Using pooled Channel '[id: 0x2e76f94e, L:/127.0.0.1:64202 - R:localhost/127.0.0.1:50060]' for 'POST' to 'http://localhost:50060/session/466ea5a39e0f06815928f06cfe5ece55/element/bb4f4ad9-f312-40da-ac57-5bf39000bed9/clear'
21:27:12.454 [Forwarding clearElement on session 466ea5a39e0f06815928f06cfe5ece55 to remote] DEBUG org.asynchttpclient.netty.request.NettyRequestSender - Using open Channel [id: 0x2e76f94e, L:/127.0.0.1:64202 - R:localhost/127.0.0.1:50060] for POST '/session/466ea5a39e0f06815928f06cfe5ece55/element/bb4f4ad9-f312-40da-ac57-5bf39000bed9/clear'
21:27:12.483 [AsyncHttpClient-1-8] DEBUG org.asynchttpclient.netty.handler.HttpHandler - 

Request DefaultHttpRequest(decodeResult: success, version: HTTP/1.1)
POST /session/466ea5a39e0f06815928f06cfe5ece55/element/bb4f4ad9-f312-40da-ac57-5bf39000bed9/clear HTTP/1.1
User-Agent: selenium/4.1.2 (java windows)
Content-Length: 50
Content-Type: application/json; charset=utf-8
host: localhost:50060
accept: */*

Response DefaultHttpResponse(decodeResult: success, version: HTTP/1.1)
HTTP/1.1 200 OK
Content-Type: application/json; charset=utf-8
cache-control: no-cache
content-length: 14

21:27:12.483 [AsyncHttpClient-1-8] DEBUG org.asynchttpclient.netty.channel.ChannelManager - Adding key: http://localhost:50060 for channel [id: 0x2e76f94e, L:/127.0.0.1:64202 - R:localhost/127.0.0.1:50060]
21:27:12.484 [Forwarding sendKeysToElement on session 466ea5a39e0f06815928f06cfe5ece55 to remote] DEBUG org.asynchttpclient.netty.request.NettyRequestSender - Using pooled Channel '[id: 0x2e76f94e, L:/127.0.0.1:64202 - R:localhost/127.0.0.1:50060]' for 'POST' to 'http://localhost:50060/session/466ea5a39e0f06815928f06cfe5ece55/element/bb4f4ad9-f312-40da-ac57-5bf39000bed9/value'
21:27:12.484 [Forwarding sendKeysToElement on session 466ea5a39e0f06815928f06cfe5ece55 to remote] DEBUG org.asynchttpclient.netty.request.NettyRequestSender - Using open Channel [id: 0x2e76f94e, L:/127.0.0.1:64202 - R:localhost/127.0.0.1:50060] for POST '/session/466ea5a39e0f06815928f06cfe5ece55/element/bb4f4ad9-f312-40da-ac57-5bf39000bed9/value'
21:27:12.543 [AsyncHttpClient-1-8] DEBUG org.asynchttpclient.netty.handler.HttpHandler - 

Request DefaultHttpRequest(decodeResult: success, version: HTTP/1.1)
POST /session/466ea5a39e0f06815928f06cfe5ece55/element/bb4f4ad9-f312-40da-ac57-5bf39000bed9/value HTTP/1.1
User-Agent: selenium/4.1.2 (java windows)
Content-Length: 141
Content-Type: application/json; charset=utf-8
host: localhost:50060
accept: */*

Response DefaultHttpResponse(decodeResult: success, version: HTTP/1.1)
HTTP/1.1 200 OK
Content-Type: application/json; charset=utf-8
cache-control: no-cache
content-length: 14

21:27:12.543 [AsyncHttpClient-1-8] DEBUG org.asynchttpclient.netty.channel.ChannelManager - Adding key: http://localhost:50060 for channel [id: 0x2e76f94e, L:/127.0.0.1:64202 - R:localhost/127.0.0.1:50060]
  &amp#27;[32mAnd &amp#27;[0m&amp#27;[32mI input password&amp#27;[0m               &amp#27;[90m# starter.stepdefinitions.RegisterSteps.iInputPassword()&amp#27;[0m
21:27:12.549 [Forwarding screenshot on session 466ea5a39e0f06815928f06cfe5ece55 to remote] DEBUG org.asynchttpclient.netty.request.NettyRequestSender - Using pooled Channel '[id: 0x2e76f94e, L:/127.0.0.1:64202 - R:localhost/127.0.0.1:50060]' for 'GET' to 'http://localhost:50060/session/466ea5a39e0f06815928f06cfe5ece55/screenshot'
21:27:12.549 [Forwarding screenshot on session 466ea5a39e0f06815928f06cfe5ece55 to remote] DEBUG org.asynchttpclient.netty.request.NettyRequestSender - Using open Channel [id: 0x2e76f94e, L:/127.0.0.1:64202 - R:localhost/127.0.0.1:50060] for GET '/session/466ea5a39e0f06815928f06cfe5ece55/screenshot'
21:27:12.711 [AsyncHttpClient-1-8] DEBUG org.asynchttpclient.netty.handler.HttpHandler - 

Request DefaultFullHttpRequest(decodeResult: success, version: HTTP/1.1, content: EmptyByteBufBE)
GET /session/466ea5a39e0f06815928f06cfe5ece55/screenshot HTTP/1.1
User-Agent: selenium/4.1.2 (java windows)
Cache-Control: no-cache
Content-Type: application/json; charset=utf-8
host: localhost:50060
accept: */*

Response DefaultHttpResponse(decodeResult: success, version: HTTP/1.1)
HTTP/1.1 200 OK
Content-Type: application/json; charset=utf-8
cache-control: no-cache
content-length: 58900

21:27:12.711 [AsyncHttpClient-1-8] DEBUG org.asynchttpclient.netty.channel.ChannelManager - Adding key: http://localhost:50060 for channel [id: 0x2e76f94e, L:/127.0.0.1:64202 - R:localhost/127.0.0.1:50060]
21:27:12.713 [main] DEBUG net.serenitybdd.core.photography.Darkroom - Send negative for processing for target\site\serenity\e26f1cb52f7e691c4547a99b69730eae321a9aa19fd4d33db5fcc9ca5c5758ed.png
21:27:12.713 [Darkroom Processing Line] DEBUG net.serenitybdd.core.photography.DarkroomProcessingLine - Processing screenshot image in /var/screenshots/screenshot-13863459619344542686
21:27:12.713 [Darkroom Processing Line] DEBUG net.serenitybdd.core.photography.DarkroomProcessingLine - Saving screenshot to target\site\serenity\e26f1cb52f7e691c4547a99b69730eae321a9aa19fd4d33db5fcc9ca5c5758ed.png
21:27:12.719 [Forwarding findElement on session 466ea5a39e0f06815928f06cfe5ece55 to remote] DEBUG org.asynchttpclient.netty.request.NettyRequestSender - Using pooled Channel '[id: 0x2e76f94e, L:/127.0.0.1:64202 - R:localhost/127.0.0.1:50060]' for 'POST' to 'http://localhost:50060/session/466ea5a39e0f06815928f06cfe5ece55/element'
21:27:12.719 [Forwarding findElement on session 466ea5a39e0f06815928f06cfe5ece55 to remote] DEBUG org.asynchttpclient.netty.request.NettyRequestSender - Using open Channel [id: 0x2e76f94e, L:/127.0.0.1:64202 - R:localhost/127.0.0.1:50060] for POST '/session/466ea5a39e0f06815928f06cfe5ece55/element'
21:27:12.731 [AsyncHttpClient-1-8] DEBUG org.asynchttpclient.netty.handler.HttpHandler - 

Request DefaultHttpRequest(decodeResult: success, version: HTTP/1.1)
POST /session/466ea5a39e0f06815928f06cfe5ece55/element HTTP/1.1
User-Agent: selenium/4.1.2 (java windows)
Content-Length: 84
Content-Type: application/json; charset=utf-8
host: localhost:50060
accept: */*

Response DefaultHttpResponse(decodeResult: success, version: HTTP/1.1)
HTTP/1.1 200 OK
Content-Type: application/json; charset=utf-8
cache-control: no-cache
content-length: 88

21:27:12.731 [AsyncHttpClient-1-8] DEBUG org.asynchttpclient.netty.channel.ChannelManager - Adding key: http://localhost:50060 for channel [id: 0x2e76f94e, L:/127.0.0.1:64202 - R:localhost/127.0.0.1:50060]
21:27:12.732 [Forwarding getElementTagName on session 466ea5a39e0f06815928f06cfe5ece55 to remote] DEBUG org.asynchttpclient.netty.request.NettyRequestSender - Using pooled Channel '[id: 0x2e76f94e, L:/127.0.0.1:64202 - R:localhost/127.0.0.1:50060]' for 'GET' to 'http://localhost:50060/session/466ea5a39e0f06815928f06cfe5ece55/element/be0f7d54-5e2d-409e-a89e-291920afaa3a/name'
21:27:12.732 [Forwarding getElementTagName on session 466ea5a39e0f06815928f06cfe5ece55 to remote] DEBUG org.asynchttpclient.netty.request.NettyRequestSender - Using open Channel [id: 0x2e76f94e, L:/127.0.0.1:64202 - R:localhost/127.0.0.1:50060] for GET '/session/466ea5a39e0f06815928f06cfe5ece55/element/be0f7d54-5e2d-409e-a89e-291920afaa3a/name'
21:27:12.736 [AsyncHttpClient-1-8] DEBUG org.asynchttpclient.netty.handler.HttpHandler - 

Request DefaultFullHttpRequest(decodeResult: success, version: HTTP/1.1, content: EmptyByteBufBE)
GET /session/466ea5a39e0f06815928f06cfe5ece55/element/be0f7d54-5e2d-409e-a89e-291920afaa3a/name HTTP/1.1
User-Agent: selenium/4.1.2 (java windows)
Cache-Control: no-cache
Content-Type: application/json; charset=utf-8
host: localhost:50060
accept: */*

Response DefaultHttpResponse(decodeResult: success, version: HTTP/1.1)
HTTP/1.1 200 OK
Content-Type: application/json; charset=utf-8
cache-control: no-cache
content-length: 16

21:27:12.736 [AsyncHttpClient-1-8] DEBUG org.asynchttpclient.netty.channel.ChannelManager - Adding key: http://localhost:50060 for channel [id: 0x2e76f94e, L:/127.0.0.1:64202 - R:localhost/127.0.0.1:50060]
21:27:12.736 [Forwarding getElementTagName on session 466ea5a39e0f06815928f06cfe5ece55 to remote] DEBUG org.asynchttpclient.netty.request.NettyRequestSender - Using pooled Channel '[id: 0x2e76f94e, L:/127.0.0.1:64202 - R:localhost/127.0.0.1:50060]' for 'GET' to 'http://localhost:50060/session/466ea5a39e0f06815928f06cfe5ece55/element/be0f7d54-5e2d-409e-a89e-291920afaa3a/name'
21:27:12.736 [Forwarding getElementTagName on session 466ea5a39e0f06815928f06cfe5ece55 to remote] DEBUG org.asynchttpclient.netty.request.NettyRequestSender - Using open Channel [id: 0x2e76f94e, L:/127.0.0.1:64202 - R:localhost/127.0.0.1:50060] for GET '/session/466ea5a39e0f06815928f06cfe5ece55/element/be0f7d54-5e2d-409e-a89e-291920afaa3a/name'
21:27:12.739 [AsyncHttpClient-1-8] DEBUG org.asynchttpclient.netty.handler.HttpHandler - 

Request DefaultFullHttpRequest(decodeResult: success, version: HTTP/1.1, content: EmptyByteBufBE)
GET /session/466ea5a39e0f06815928f06cfe5ece55/element/be0f7d54-5e2d-409e-a89e-291920afaa3a/name HTTP/1.1
User-Agent: selenium/4.1.2 (java windows)
Cache-Control: no-cache
Content-Type: application/json; charset=utf-8
host: localhost:50060
accept: */*

Response DefaultHttpResponse(decodeResult: success, version: HTTP/1.1)
HTTP/1.1 200 OK
Content-Type: application/json; charset=utf-8
cache-control: no-cache
content-length: 16

21:27:12.739 [AsyncHttpClient-1-8] DEBUG org.asynchttpclient.netty.channel.ChannelManager - Adding key: http://localhost:50060 for channel [id: 0x2e76f94e, L:/127.0.0.1:64202 - R:localhost/127.0.0.1:50060]
21:27:12.742 [Forwarding findElement on session 466ea5a39e0f06815928f06cfe5ece55 to remote] DEBUG org.asynchttpclient.netty.request.NettyRequestSender - Using pooled Channel '[id: 0x2e76f94e, L:/127.0.0.1:64202 - R:localhost/127.0.0.1:50060]' for 'POST' to 'http://localhost:50060/session/466ea5a39e0f06815928f06cfe5ece55/element'
21:27:12.742 [Forwarding findElement on session 466ea5a39e0f06815928f06cfe5ece55 to remote] DEBUG org.asynchttpclient.netty.request.NettyRequestSender - Using open Channel [id: 0x2e76f94e, L:/127.0.0.1:64202 - R:localhost/127.0.0.1:50060] for POST '/session/466ea5a39e0f06815928f06cfe5ece55/element'
21:27:12.748 [AsyncHttpClient-1-8] DEBUG org.asynchttpclient.netty.handler.HttpHandler - 

Request DefaultHttpRequest(decodeResult: success, version: HTTP/1.1)
POST /session/466ea5a39e0f06815928f06cfe5ece55/element HTTP/1.1
User-Agent: selenium/4.1.2 (java windows)
Content-Length: 84
Content-Type: application/json; charset=utf-8
host: localhost:50060
accept: */*

Response DefaultHttpResponse(decodeResult: success, version: HTTP/1.1)
HTTP/1.1 200 OK
Content-Type: application/json; charset=utf-8
cache-control: no-cache
content-length: 88

21:27:12.748 [AsyncHttpClient-1-8] DEBUG org.asynchttpclient.netty.channel.ChannelManager - Adding key: http://localhost:50060 for channel [id: 0x2e76f94e, L:/127.0.0.1:64202 - R:localhost/127.0.0.1:50060]
21:27:12.749 [Forwarding clickElement on session 466ea5a39e0f06815928f06cfe5ece55 to remote] DEBUG org.asynchttpclient.netty.request.NettyRequestSender - Using pooled Channel '[id: 0x2e76f94e, L:/127.0.0.1:64202 - R:localhost/127.0.0.1:50060]' for 'POST' to 'http://localhost:50060/session/466ea5a39e0f06815928f06cfe5ece55/element/be0f7d54-5e2d-409e-a89e-291920afaa3a/click'
21:27:12.749 [Forwarding clickElement on session 466ea5a39e0f06815928f06cfe5ece55 to remote] DEBUG org.asynchttpclient.netty.request.NettyRequestSender - Using open Channel [id: 0x2e76f94e, L:/127.0.0.1:64202 - R:localhost/127.0.0.1:50060] for POST '/session/466ea5a39e0f06815928f06cfe5ece55/element/be0f7d54-5e2d-409e-a89e-291920afaa3a/click'
21:27:12.801 [AsyncHttpClient-1-8] DEBUG org.asynchttpclient.netty.handler.HttpHandler - 

Request DefaultHttpRequest(decodeResult: success, version: HTTP/1.1)
POST /session/466ea5a39e0f06815928f06cfe5ece55/element/be0f7d54-5e2d-409e-a89e-291920afaa3a/click HTTP/1.1
User-Agent: selenium/4.1.2 (java windows)
Content-Length: 50
Content-Type: application/json; charset=utf-8
host: localhost:50060
accept: */*

Response DefaultHttpResponse(decodeResult: success, version: HTTP/1.1)
HTTP/1.1 200 OK
Content-Type: application/json; charset=utf-8
cache-control: no-cache
content-length: 14

21:27:12.801 [AsyncHttpClient-1-8] DEBUG org.asynchttpclient.netty.channel.ChannelManager - Adding key: http://localhost:50060 for channel [id: 0x2e76f94e, L:/127.0.0.1:64202 - R:localhost/127.0.0.1:50060]
  &amp#27;[32mAnd &amp#27;[0m&amp#27;[32mI click register&amp#27;[0m               &amp#27;[90m# starter.stepdefinitions.RegisterSteps.iClickRegister()&amp#27;[0m
21:27:12.809 [Forwarding screenshot on session 466ea5a39e0f06815928f06cfe5ece55 to remote] DEBUG org.asynchttpclient.netty.request.NettyRequestSender - Using pooled Channel '[id: 0x2e76f94e, L:/127.0.0.1:64202 - R:localhost/127.0.0.1:50060]' for 'GET' to 'http://localhost:50060/session/466ea5a39e0f06815928f06cfe5ece55/screenshot'
21:27:12.809 [Forwarding screenshot on session 466ea5a39e0f06815928f06cfe5ece55 to remote] DEBUG org.asynchttpclient.netty.request.NettyRequestSender - Using open Channel [id: 0x2e76f94e, L:/127.0.0.1:64202 - R:localhost/127.0.0.1:50060] for GET '/session/466ea5a39e0f06815928f06cfe5ece55/screenshot'
21:27:13.284 [AsyncHttpClient-1-8] DEBUG org.asynchttpclient.netty.handler.HttpHandler - 

Request DefaultFullHttpRequest(decodeResult: success, version: HTTP/1.1, content: EmptyByteBufBE)
GET /session/466ea5a39e0f06815928f06cfe5ece55/screenshot HTTP/1.1
User-Agent: selenium/4.1.2 (java windows)
Cache-Control: no-cache
Content-Type: application/json; charset=utf-8
host: localhost:50060
accept: */*

Response DefaultHttpResponse(decodeResult: success, version: HTTP/1.1)
HTTP/1.1 200 OK
Content-Type: application/json; charset=utf-8
cache-control: no-cache
content-length: 56572

21:27:13.284 [AsyncHttpClient-1-8] DEBUG org.asynchttpclient.netty.channel.ChannelManager - Adding key: http://localhost:50060 for channel [id: 0x2e76f94e, L:/127.0.0.1:64202 - R:localhost/127.0.0.1:50060]
21:27:13.286 [main] DEBUG net.serenitybdd.core.photography.Darkroom - Send negative for processing for target\site\serenity\9aeb651e5623af7000cb3434cf8de4e9b6f10579b89b226b313cac616eab978b.png
21:27:13.287 [Darkroom Processing Line] DEBUG net.serenitybdd.core.photography.DarkroomProcessingLine - Processing screenshot image in /var/screenshots/screenshot-12125711676125519448
21:27:13.287 [Darkroom Processing Line] DEBUG net.serenitybdd.core.photography.DarkroomProcessingLine - Saving screenshot to target\site\serenity\9aeb651e5623af7000cb3434cf8de4e9b6f10579b89b226b313cac616eab978b.png
21:27:13.295 [Forwarding findElement on session 466ea5a39e0f06815928f06cfe5ece55 to remote] DEBUG org.asynchttpclient.netty.request.NettyRequestSender - Using pooled Channel '[id: 0x2e76f94e, L:/127.0.0.1:64202 - R:localhost/127.0.0.1:50060]' for 'POST' to 'http://localhost:50060/session/466ea5a39e0f06815928f06cfe5ece55/element'
21:27:13.295 [Forwarding findElement on session 466ea5a39e0f06815928f06cfe5ece55 to remote] DEBUG org.asynchttpclient.netty.request.NettyRequestSender - Using open Channel [id: 0x2e76f94e, L:/127.0.0.1:64202 - R:localhost/127.0.0.1:50060] for POST '/session/466ea5a39e0f06815928f06cfe5ece55/element'
21:27:13.455 [AsyncHttpClient-1-1] DEBUG org.asynchttpclient.netty.channel.DefaultChannelPool - Entry count for : http://localhost:64203 : 1
21:27:14.171 [AsyncHttpClient-1-8] DEBUG org.asynchttpclient.netty.handler.HttpHandler - 

Request DefaultHttpRequest(decodeResult: success, version: HTTP/1.1)
POST /session/466ea5a39e0f06815928f06cfe5ece55/element HTTP/1.1
User-Agent: selenium/4.1.2 (java windows)
Content-Length: 77
Content-Type: application/json; charset=utf-8
host: localhost:50060
accept: */*

Response DefaultHttpResponse(decodeResult: success, version: HTTP/1.1)
HTTP/1.1 200 OK
Content-Type: application/json; charset=utf-8
cache-control: no-cache
content-length: 88

21:27:14.171 [AsyncHttpClient-1-8] DEBUG org.asynchttpclient.netty.channel.ChannelManager - Adding key: http://localhost:50060 for channel [id: 0x2e76f94e, L:/127.0.0.1:64202 - R:localhost/127.0.0.1:50060]
21:27:14.174 [Forwarding isElementDisplayed on session 466ea5a39e0f06815928f06cfe5ece55 to remote] DEBUG org.asynchttpclient.netty.request.NettyRequestSender - Using pooled Channel '[id: 0x2e76f94e, L:/127.0.0.1:64202 - R:localhost/127.0.0.1:50060]' for 'POST' to 'http://localhost:50060/session/466ea5a39e0f06815928f06cfe5ece55/execute/sync'
21:27:14.174 [Forwarding isElementDisplayed on session 466ea5a39e0f06815928f06cfe5ece55 to remote] DEBUG org.asynchttpclient.netty.request.NettyRequestSender - Using open Channel [id: 0x2e76f94e, L:/127.0.0.1:64202 - R:localhost/127.0.0.1:50060] for POST '/session/466ea5a39e0f06815928f06cfe5ece55/execute/sync'
21:27:14.188 [AsyncHttpClient-1-8] DEBUG org.asynchttpclient.netty.handler.HttpHandler - 

Request DefaultHttpRequest(decodeResult: success, version: HTTP/1.1)
POST /session/466ea5a39e0f06815928f06cfe5ece55/execute/sync HTTP/1.1
User-Agent: selenium/4.1.2 (java windows)
Content-Length: 48780
Content-Type: application/json; charset=utf-8
host: localhost:50060
accept: */*

Response DefaultHttpResponse(decodeResult: success, version: HTTP/1.1)
HTTP/1.1 200 OK
Content-Type: application/json; charset=utf-8
cache-control: no-cache
content-length: 14

21:27:14.188 [AsyncHttpClient-1-8] DEBUG org.asynchttpclient.netty.channel.ChannelManager - Adding key: http://localhost:50060 for channel [id: 0x2e76f94e, L:/127.0.0.1:64202 - R:localhost/127.0.0.1:50060]
  &amp#27;[32mThen &amp#27;[0m&amp#27;[32mI am redirected to login page&amp#27;[0m &amp#27;[90m# starter.stepdefinitions.RegisterSteps.iAmRedirectedToLoginPage()&amp#27;[0m
21:27:14.191 [Forwarding screenshot on session 466ea5a39e0f06815928f06cfe5ece55 to remote] DEBUG org.asynchttpclient.netty.request.NettyRequestSender - Using pooled Channel '[id: 0x2e76f94e, L:/127.0.0.1:64202 - R:localhost/127.0.0.1:50060]' for 'GET' to 'http://localhost:50060/session/466ea5a39e0f06815928f06cfe5ece55/screenshot'
21:27:14.191 [Forwarding screenshot on session 466ea5a39e0f06815928f06cfe5ece55 to remote] DEBUG org.asynchttpclient.netty.request.NettyRequestSender - Using open Channel [id: 0x2e76f94e, L:/127.0.0.1:64202 - R:localhost/127.0.0.1:50060] for GET '/session/466ea5a39e0f06815928f06cfe5ece55/screenshot'
21:27:14.316 [AsyncHttpClient-1-8] DEBUG org.asynchttpclient.netty.handler.HttpHandler - 

Request DefaultFullHttpRequest(decodeResult: success, version: HTTP/1.1, content: EmptyByteBufBE)
GET /session/466ea5a39e0f06815928f06cfe5ece55/screenshot HTTP/1.1
User-Agent: selenium/4.1.2 (java windows)
Cache-Control: no-cache
Content-Type: application/json; charset=utf-8
host: localhost:50060
accept: */*

Response DefaultHttpResponse(decodeResult: success, version: HTTP/1.1)
HTTP/1.1 200 OK
Content-Type: application/json; charset=utf-8
cache-control: no-cache
content-length: 38472

21:27:14.316 [AsyncHttpClient-1-8] DEBUG org.asynchttpclient.netty.channel.ChannelManager - Adding key: http://localhost:50060 for channel [id: 0x2e76f94e, L:/127.0.0.1:64202 - R:localhost/127.0.0.1:50060]
21:27:14.317 [main] DEBUG net.serenitybdd.core.photography.Darkroom - Send negative for processing for target\site\serenity\6c2309ed56aeb278067cd6b3caf368b9f01e276e2bf175d46007f31c90d5af21.png
21:27:14.318 [main] INFO  - 
  _____   ___   ___   _____     ___     _     ___   ___   ___   ___  
 |_   _| | __| / __| |_   _|   | _ \   /_\   / __| / __| | __| |   \ 
   | |   | _|  \__ \   | |     |  _/  / _ \  \__ \ \__ \ | _|  | |) |
   |_|   |___| |___/   |_|     |_|   /_/ \_\ |___/ |___/ |___| |___/ 

Register with new email
----------------------------------------------------------------------
21:27:14.319 [AsyncHttpClient-1-10] DEBUG org.asynchttpclient.netty.handler.WebSocketHandler - Channel Closed: [id: 0xeb45eb53, L:/127.0.0.1:64211 ! R:localhost/127.0.0.1:64203] with attribute NettyResponseFuture{currentRetry=5,
	isDone=1,
	isCancelled=0,
	asyncHandler=org.asynchttpclient.ws.WebSocketUpgradeHandler@3a537417,
	nettyRequest=org.asynchttpclient.netty.request.NettyRequest@515a96b0,
	future=java.util.concurrent.CompletableFuture@197b1616[Completed normally],
	uri=ws://localhost:64203/devtools/browser/981bf463-e6e6-4433-b538-a731522ef0fc,
	keepAlive=true,
	redirectCount=0,
	timeoutsHolder=null,
	inAuth=0,
	touch=1667572030757}
21:27:14.319 [AsyncHttpClient-1-10] DEBUG org.asynchttpclient.netty.channel.ChannelManager - Closing Channel [id: 0xeb45eb53, L:/127.0.0.1:64211 ! R:localhost/127.0.0.1:64203] 
21:27:14.319 [Driver Command Executor] DEBUG org.asynchttpclient.netty.request.NettyRequestSender - Using pooled Channel '[id: 0x2e76f94e, L:/127.0.0.1:64202 - R:localhost/127.0.0.1:50060]' for 'DELETE' to 'http://localhost:50060/session/466ea5a39e0f06815928f06cfe5ece55'
21:27:14.319 [Driver Command Executor] DEBUG org.asynchttpclient.netty.request.NettyRequestSender - Using open Channel [id: 0x2e76f94e, L:/127.0.0.1:64202 - R:localhost/127.0.0.1:50060] for DELETE '/session/466ea5a39e0f06815928f06cfe5ece55'
21:27:14.352 [AsyncHttpClient-1-9] DEBUG org.asynchttpclient.netty.handler.HttpHandler - Unexpected I/O exception on channel [id: 0xfd31b4cc, L:/127.0.0.1:64210 - R:localhost/127.0.0.1:64203]
java.net.SocketException: Connection reset
	at java.base/sun.nio.ch.SocketChannelImpl.throwConnectionReset(SocketChannelImpl.java:345)
	at java.base/sun.nio.ch.SocketChannelImpl.read(SocketChannelImpl.java:376)
	at io.netty.buffer.PooledByteBuf.setBytes(PooledByteBuf.java:258)
	at io.netty.buffer.AbstractByteBuf.writeBytes(AbstractByteBuf.java:1132)
	at io.netty.channel.socket.nio.NioSocketChannel.doReadBytes(NioSocketChannel.java:350)
	at io.netty.channel.nio.AbstractNioByteChannel$NioByteUnsafe.read(AbstractNioByteChannel.java:151)
	at io.netty.channel.nio.NioEventLoop.processSelectedKey(NioEventLoop.java:722)
	at io.netty.channel.nio.NioEventLoop.processSelectedKeysOptimized(NioEventLoop.java:658)
	at io.netty.channel.nio.NioEventLoop.processSelectedKeys(NioEventLoop.java:584)
	at io.netty.channel.nio.NioEventLoop.run(NioEventLoop.java:496)
	at io.netty.util.concurrent.SingleThreadEventExecutor$4.run(SingleThreadEventExecutor.java:986)
	at io.netty.util.internal.ThreadExecutorMap$2.run(ThreadExecutorMap.java:74)
	at io.netty.util.concurrent.FastThreadLocalRunnable.run(FastThreadLocalRunnable.java:30)
	at java.base/java.lang.Thread.run(Thread.java:830)
21:27:14.353 [AsyncHttpClient-1-9] DEBUG org.asynchttpclient.netty.channel.ChannelManager - Closing Channel [id: 0xfd31b4cc, L:/127.0.0.1:64210 - R:localhost/127.0.0.1:64203] 
21:27:14.353 [AsyncHttpClient-1-9] DEBUG org.asynchttpclient.netty.handler.HttpHandler - Channel Closed: [id: 0xfd31b4cc, L:/127.0.0.1:64210 ! R:localhost/127.0.0.1:64203] with attribute DISCARD
21:27:14.377 [AsyncHttpClient-1-8] DEBUG org.asynchttpclient.netty.handler.HttpHandler - 

Request DefaultFullHttpRequest(decodeResult: success, version: HTTP/1.1, content: EmptyByteBufBE)
DELETE /session/466ea5a39e0f06815928f06cfe5ece55 HTTP/1.1
User-Agent: selenium/4.1.2 (java windows)
Content-Type: application/json; charset=utf-8
host: localhost:50060
accept: */*

Response DefaultHttpResponse(decodeResult: success, version: HTTP/1.1)
HTTP/1.1 200 OK
Content-Type: application/json; charset=utf-8
cache-control: no-cache
content-length: 14

21:27:14.377 [AsyncHttpClient-1-8] DEBUG org.asynchttpclient.netty.channel.ChannelManager - Adding key: http://localhost:50060 for channel [id: 0x2e76f94e, L:/127.0.0.1:64202 - R:localhost/127.0.0.1:50060]
21:27:14.428 [AsyncHttpClient-1-8] DEBUG org.asynchttpclient.netty.handler.HttpHandler - Channel Closed: [id: 0x2e76f94e, L:/127.0.0.1:64202 ! R:localhost/127.0.0.1:50060] with attribute DISCARD
21:27:14.557 [AsyncHttpClient-1-1] DEBUG org.asynchttpclient.netty.channel.DefaultChannelPool - Entry count for : http://localhost:50060 : 1
21:27:14.557 [AsyncHttpClient-1-1] DEBUG org.asynchttpclient.netty.channel.DefaultChannelPool - Entry count for : http://localhost:64203 : 1
21:27:14.557 [AsyncHttpClient-1-1] DEBUG org.asynchttpclient.netty.channel.DefaultChannelPool - Adding Candidate expired Channel [id: 0x2e76f94e, L:/127.0.0.1:64202 ! R:localhost/127.0.0.1:50060] isIdleTimeoutExpired=false isRemotelyClosed=true isTtlExpired=false
21:27:14.557 [AsyncHttpClient-1-1] DEBUG org.asynchttpclient.netty.channel.DefaultChannelPool - Closing Idle Channel [id: 0x2e76f94e, L:/127.0.0.1:64202 ! R:localhost/127.0.0.1:50060]
21:27:14.557 [AsyncHttpClient-1-1] DEBUG org.asynchttpclient.netty.channel.DefaultChannelPool - Adding Candidate expired Channel [id: 0xfd31b4cc, L:/127.0.0.1:64210 ! R:localhost/127.0.0.1:64203] isIdleTimeoutExpired=false isRemotelyClosed=true isTtlExpired=false
21:27:14.557 [AsyncHttpClient-1-1] DEBUG org.asynchttpclient.netty.channel.DefaultChannelPool - Closing Idle Channel [id: 0xfd31b4cc, L:/127.0.0.1:64210 ! R:localhost/127.0.0.1:64203]
21:27:14.557 [AsyncHttpClient-1-1] DEBUG org.asynchttpclient.netty.channel.DefaultChannelPool - Closed 2 connections out of 2 in 0 ms
]]></system-out>
    <system-err><![CDATA[Starting ChromeDriver 106.0.5249.61 (511755355844955cd3e264779baf0dd38212a4d0-refs/branch-heads/5249@{#569}) on port 50060
Only local connections are allowed.
Please see https://chromedriver.chromium.org/security-considerations for suggestions on keeping ChromeDriver safe.
ChromeDriver was started successfully.
[1667572030.248][WARNING]: This version of ChromeDriver has not been tested with Chrome version 107.
Nov 04, 2022 9:27:10 PM org.openqa.selenium.remote.ProtocolHandshake createSession
INFO: Detected dialect: W3C
Nov 04, 2022 9:27:10 PM org.openqa.selenium.devtools.CdpVersionFinder findNearestMatch
WARNING: Unable to find an exact match for CDP version 107, so returning the closest version found: a no-op implementation
Nov 04, 2022 9:27:10 PM org.openqa.selenium.devtools.CdpVersionFinder findNearestMatch
INFO: Unable to find CDP implementation matching 107.
Nov 04, 2022 9:27:10 PM org.openqa.selenium.chromium.ChromiumDriver lambda$new$3
WARNING: Unable to find version of CDP to use for . You may need to include a dependency on a specific version of the CDP using something similar to `org.seleniumhq.selenium:selenium-devtools-v86:4.1.2` where the version ("v86") matches the version of the chromium-based browser you're using and the version number of the artifact is the same as Selenium's.
]]></system-err>
  </testcase>
  <testcase name="Register with registered email" classname="Register" time="6.352">
    <system-out><![CDATA[
@Register
Scenario: Register with registered email &amp#27;[90m# src/test/resources/features/Register.feature:19&amp#27;[0m
21:27:14.970 [main] INFO io.cucumber.core.plugin.SerenityReporter - Running feature from file:///C:/Users/ASUS/Desktop/stupen/miniproject/Web/ASWeb/src/test/resources/features/Register.feature
21:27:14.973 [main] INFO  - 
  _____   ___   ___   _____     ___   _____     _     ___   _____   ___   ___  
 |_   _| | __| / __| |_   _|   / __| |_   _|   /_\   | _ \ |_   _| | __| |   \ 
   | |   | _|  \__ \   | |     \__ \   | |    / _ \  |   /   | |   | _|  | |) |
   |_|   |___| |___/   |_|     |___/   |_|   /_/ \_\ |_|_\   |_|   |___| |___/ 

Register with registered email(register;register-with-registered-email)
--------------------------------------------------------------------------------
21:27:14.984 [main] INFO net.serenitybdd.core.webdriver.driverproviders.ChromeDriverProvider - Using automatically driver download
21:27:15.084 [main] DEBUG io.github.bonigarcia.wdm.cache.ResolutionCache - Resolution chrome=107 in cache (valid until 22:24:57 04/11/2022 WIB)
21:27:15.087 [main] DEBUG io.github.bonigarcia.wdm.cache.ResolutionCache - Resolution chrome107=107.0.5304.62 in cache (valid until 21:24:57 05/11/2022 WIB)
21:27:15.089 [main] INFO io.github.bonigarcia.wdm.WebDriverManager - Using chromedriver 107.0.5304.62 (resolved driver for Chrome 107)
21:27:15.100 [main] DEBUG io.github.bonigarcia.wdm.WebDriverManager - Driver chromedriver 107.0.5304.62 found in cache
21:27:15.100 [main] INFO io.github.bonigarcia.wdm.WebDriverManager - Exporting webdriver.chrome.driver as C:\Users\ASUS\.cache\selenium\chromedriver\win32\107.0.5304.62\chromedriver.exe
21:27:15.209 [main] DEBUG net.serenitybdd.core.webdriver.driverproviders.ProvideNewDriver - Instantiating driver
21:27:15.209 [main] DEBUG net.serenitybdd.core.webdriver.driverproviders.ProvideNewDriver - Driver capabilities: Capabilities {acceptInsecureCerts: false, base.url: https://alta-shop.vercel.app/, browserName: chrome, chrome.driver: src/test/resources/webdrive..., driver: chrome, goog:chromeOptions: {args: [], extensions: []}, wait.for.timeout: 10000}
21:27:15.742 [AsyncHttpClient-1-11] DEBUG org.asynchttpclient.netty.channel.NettyConnectListener - Using new Channel '[id: 0xc03a89e3, L:/127.0.0.1:64228 - R:localhost/127.0.0.1:61655]' for 'POST' to '/session'
21:27:16.486 [AsyncHttpClient-1-11] DEBUG org.asynchttpclient.netty.handler.HttpHandler - 

Request DefaultHttpRequest(decodeResult: success, version: HTTP/1.1)
POST /session HTTP/1.1
User-Agent: selenium/4.1.2 (java windows)
Content-Length: 646
Content-Type: application/json; charset=utf-8
host: localhost:61655
accept: */*

Response DefaultHttpResponse(decodeResult: success, version: HTTP/1.1)
HTTP/1.1 200 OK
Content-Type: application/json; charset=utf-8
cache-control: no-cache
content-length: 788

21:27:16.486 [AsyncHttpClient-1-11] DEBUG org.asynchttpclient.netty.channel.ChannelManager - Adding key: http://localhost:61655 for channel [id: 0xc03a89e3, L:/127.0.0.1:64228 - R:localhost/127.0.0.1:61655]
21:27:16.496 [AsyncHttpClient-1-12] DEBUG org.asynchttpclient.netty.channel.NettyConnectListener - Using new Channel '[id: 0x72788e7f, L:/127.0.0.1:64236 - R:localhost/127.0.0.1:64229]' for 'GET' to '/json/version'
21:27:16.496 [AsyncHttpClient-1-12] DEBUG org.asynchttpclient.netty.handler.HttpHandler - 

Request DefaultFullHttpRequest(decodeResult: success, version: HTTP/1.1, content: EmptyByteBufBE)
GET /json/version HTTP/1.1
User-Agent: selenium/4.1.2 (java windows)
host: localhost:64229
accept: */*

Response DefaultHttpResponse(decodeResult: success, version: HTTP/1.1)
HTTP/1.1 200 OK
Content-Type: application/json; charset=UTF-8
content-length: 423

21:27:16.496 [AsyncHttpClient-1-12] DEBUG org.asynchttpclient.netty.channel.ChannelManager - Adding key: http://localhost:64229 for channel [id: 0x72788e7f, L:/127.0.0.1:64236 - R:localhost/127.0.0.1:64229]
21:27:16.499 [AsyncHttpClient-1-13] DEBUG org.asynchttpclient.netty.channel.NettyConnectListener - Using new Channel '[id: 0xbda9f822, L:/127.0.0.1:64237 - R:localhost/127.0.0.1:64229]' for 'GET' to '/devtools/browser/4e4c9723-59aa-4e32-9561-4c8adace2876'
21:27:16.499 [AsyncHttpClient-1-13] DEBUG org.asynchttpclient.netty.handler.WebSocketHandler - 

Request DefaultFullHttpRequest(decodeResult: success, version: HTTP/1.1, content: EmptyByteBufBE)
GET /devtools/browser/4e4c9723-59aa-4e32-9561-4c8adace2876 HTTP/1.1
upgrade: websocket
connection: upgrade
sec-websocket-key: KeMxwqNGLVYtDmqNstReFA==
sec-websocket-version: 13
origin: http://localhost:64229
host: localhost:64229
accept: */*
user-agent: AHC/2.1

Response DefaultHttpResponse(decodeResult: success, version: HTTP/1.1)
HTTP/1.1 101 WebSocket Protocol Handshake
Upgrade: WebSocket
Connection: Upgrade
Sec-WebSocket-Accept: 1P0SXbHGzBh9OCTCWO5Cuijoqwo=

21:27:16.503 [Forwarding get on session 70a0002450e6ad691f40475aacca7f88 to remote] DEBUG org.asynchttpclient.netty.request.NettyRequestSender - Using pooled Channel '[id: 0xc03a89e3, L:/127.0.0.1:64228 - R:localhost/127.0.0.1:61655]' for 'POST' to 'http://localhost:61655/session/70a0002450e6ad691f40475aacca7f88/url'
21:27:16.503 [Forwarding get on session 70a0002450e6ad691f40475aacca7f88 to remote] DEBUG org.asynchttpclient.netty.request.NettyRequestSender - Using open Channel [id: 0xc03a89e3, L:/127.0.0.1:64228 - R:localhost/127.0.0.1:61655] for POST '/session/70a0002450e6ad691f40475aacca7f88/url'
21:27:16.756 [AsyncHttpClient-1-1] DEBUG org.asynchttpclient.netty.channel.DefaultChannelPool - Entry count for : http://localhost:64229 : 1
21:27:17.857 [AsyncHttpClient-1-1] DEBUG org.asynchttpclient.netty.channel.DefaultChannelPool - Entry count for : http://localhost:64229 : 1
21:27:17.916 [AsyncHttpClient-1-11] DEBUG org.asynchttpclient.netty.handler.HttpHandler - 

Request DefaultHttpRequest(decodeResult: success, version: HTTP/1.1)
POST /session/70a0002450e6ad691f40475aacca7f88/url HTTP/1.1
User-Agent: selenium/4.1.2 (java windows)
Content-Length: 77
Content-Type: application/json; charset=utf-8
host: localhost:61655
accept: */*

Response DefaultHttpResponse(decodeResult: success, version: HTTP/1.1)
HTTP/1.1 200 OK
Content-Type: application/json; charset=utf-8
cache-control: no-cache
content-length: 14

21:27:17.916 [AsyncHttpClient-1-11] DEBUG org.asynchttpclient.netty.channel.ChannelManager - Adding key: http://localhost:61655 for channel [id: 0xc03a89e3, L:/127.0.0.1:64228 - R:localhost/127.0.0.1:61655]
21:27:17.917 [Forwarding setTimeout on session 70a0002450e6ad691f40475aacca7f88 to remote] DEBUG org.asynchttpclient.netty.request.NettyRequestSender - Using pooled Channel '[id: 0xc03a89e3, L:/127.0.0.1:64228 - R:localhost/127.0.0.1:61655]' for 'POST' to 'http://localhost:61655/session/70a0002450e6ad691f40475aacca7f88/timeouts'
21:27:17.917 [Forwarding setTimeout on session 70a0002450e6ad691f40475aacca7f88 to remote] DEBUG org.asynchttpclient.netty.request.NettyRequestSender - Using open Channel [id: 0xc03a89e3, L:/127.0.0.1:64228 - R:localhost/127.0.0.1:61655] for POST '/session/70a0002450e6ad691f40475aacca7f88/timeouts'
21:27:17.918 [AsyncHttpClient-1-11] DEBUG org.asynchttpclient.netty.handler.HttpHandler - 

Request DefaultHttpRequest(decodeResult: success, version: HTTP/1.1)
POST /session/70a0002450e6ad691f40475aacca7f88/timeouts HTTP/1.1
User-Agent: selenium/4.1.2 (java windows)
Content-Length: 22
Content-Type: application/json; charset=utf-8
host: localhost:61655
accept: */*

Response DefaultHttpResponse(decodeResult: success, version: HTTP/1.1)
HTTP/1.1 200 OK
Content-Type: application/json; charset=utf-8
cache-control: no-cache
content-length: 14

21:27:17.918 [AsyncHttpClient-1-11] DEBUG org.asynchttpclient.netty.channel.ChannelManager - Adding key: http://localhost:61655 for channel [id: 0xc03a89e3, L:/127.0.0.1:64228 - R:localhost/127.0.0.1:61655]
21:27:17.921 [Forwarding getCurrentUrl on session 70a0002450e6ad691f40475aacca7f88 to remote] DEBUG org.asynchttpclient.netty.request.NettyRequestSender - Using pooled Channel '[id: 0xc03a89e3, L:/127.0.0.1:64228 - R:localhost/127.0.0.1:61655]' for 'GET' to 'http://localhost:61655/session/70a0002450e6ad691f40475aacca7f88/url'
21:27:17.921 [Forwarding getCurrentUrl on session 70a0002450e6ad691f40475aacca7f88 to remote] DEBUG org.asynchttpclient.netty.request.NettyRequestSender - Using open Channel [id: 0xc03a89e3, L:/127.0.0.1:64228 - R:localhost/127.0.0.1:61655] for GET '/session/70a0002450e6ad691f40475aacca7f88/url'
21:27:17.927 [AsyncHttpClient-1-11] DEBUG org.asynchttpclient.netty.handler.HttpHandler - 

Request DefaultFullHttpRequest(decodeResult: success, version: HTTP/1.1, content: EmptyByteBufBE)
GET /session/70a0002450e6ad691f40475aacca7f88/url HTTP/1.1
User-Agent: selenium/4.1.2 (java windows)
Cache-Control: no-cache
Content-Type: application/json; charset=utf-8
host: localhost:61655
accept: */*

Response DefaultHttpResponse(decodeResult: success, version: HTTP/1.1)
HTTP/1.1 200 OK
Content-Type: application/json; charset=utf-8
cache-control: no-cache
content-length: 54

21:27:17.927 [AsyncHttpClient-1-11] DEBUG org.asynchttpclient.netty.channel.ChannelManager - Adding key: http://localhost:61655 for channel [id: 0xc03a89e3, L:/127.0.0.1:64228 - R:localhost/127.0.0.1:61655]
  &amp#27;[32mGiven &amp#27;[0m&amp#27;[32mI open register page&amp#27;[0m             &amp#27;[90m# starter.stepdefinitions.RegisterSteps.iOpenRegisterPage()&amp#27;[0m
21:27:17.931 [Forwarding screenshot on session 70a0002450e6ad691f40475aacca7f88 to remote] DEBUG org.asynchttpclient.netty.request.NettyRequestSender - Using pooled Channel '[id: 0xc03a89e3, L:/127.0.0.1:64228 - R:localhost/127.0.0.1:61655]' for 'GET' to 'http://localhost:61655/session/70a0002450e6ad691f40475aacca7f88/screenshot'
21:27:17.931 [Forwarding screenshot on session 70a0002450e6ad691f40475aacca7f88 to remote] DEBUG org.asynchttpclient.netty.request.NettyRequestSender - Using open Channel [id: 0xc03a89e3, L:/127.0.0.1:64228 - R:localhost/127.0.0.1:61655] for GET '/session/70a0002450e6ad691f40475aacca7f88/screenshot'
21:27:18.053 [AsyncHttpClient-1-11] DEBUG org.asynchttpclient.netty.handler.HttpHandler - 

Request DefaultFullHttpRequest(decodeResult: success, version: HTTP/1.1, content: EmptyByteBufBE)
GET /session/70a0002450e6ad691f40475aacca7f88/screenshot HTTP/1.1
User-Agent: selenium/4.1.2 (java windows)
Cache-Control: no-cache
Content-Type: application/json; charset=utf-8
host: localhost:61655
accept: */*

Response DefaultHttpResponse(decodeResult: success, version: HTTP/1.1)
HTTP/1.1 200 OK
Content-Type: application/json; charset=utf-8
cache-control: no-cache
content-length: 45380

21:27:18.053 [AsyncHttpClient-1-11] DEBUG org.asynchttpclient.netty.channel.ChannelManager - Adding key: http://localhost:61655 for channel [id: 0xc03a89e3, L:/127.0.0.1:64228 - R:localhost/127.0.0.1:61655]
21:27:18.055 [main] DEBUG net.serenitybdd.core.photography.Darkroom - Send negative for processing for target\site\serenity\74af2a90e11b4e8cdcc90c8b8f2efe0850d173caaf4338fdd4e69cc971e1b305.png
21:27:18.060 [Forwarding findElement on session 70a0002450e6ad691f40475aacca7f88 to remote] DEBUG org.asynchttpclient.netty.request.NettyRequestSender - Using pooled Channel '[id: 0xc03a89e3, L:/127.0.0.1:64228 - R:localhost/127.0.0.1:61655]' for 'POST' to 'http://localhost:61655/session/70a0002450e6ad691f40475aacca7f88/element'
21:27:18.060 [Forwarding findElement on session 70a0002450e6ad691f40475aacca7f88 to remote] DEBUG org.asynchttpclient.netty.request.NettyRequestSender - Using open Channel [id: 0xc03a89e3, L:/127.0.0.1:64228 - R:localhost/127.0.0.1:61655] for POST '/session/70a0002450e6ad691f40475aacca7f88/element'
21:27:18.069 [AsyncHttpClient-1-11] DEBUG org.asynchttpclient.netty.handler.HttpHandler - 

Request DefaultHttpRequest(decodeResult: success, version: HTTP/1.1)
POST /session/70a0002450e6ad691f40475aacca7f88/element HTTP/1.1
User-Agent: selenium/4.1.2 (java windows)
Content-Length: 94
Content-Type: application/json; charset=utf-8
host: localhost:61655
accept: */*

Response DefaultHttpResponse(decodeResult: success, version: HTTP/1.1)
HTTP/1.1 200 OK
Content-Type: application/json; charset=utf-8
cache-control: no-cache
content-length: 88

21:27:18.069 [AsyncHttpClient-1-11] DEBUG org.asynchttpclient.netty.channel.ChannelManager - Adding key: http://localhost:61655 for channel [id: 0xc03a89e3, L:/127.0.0.1:64228 - R:localhost/127.0.0.1:61655]
21:27:18.070 [Forwarding clearElement on session 70a0002450e6ad691f40475aacca7f88 to remote] DEBUG org.asynchttpclient.netty.request.NettyRequestSender - Using pooled Channel '[id: 0xc03a89e3, L:/127.0.0.1:64228 - R:localhost/127.0.0.1:61655]' for 'POST' to 'http://localhost:61655/session/70a0002450e6ad691f40475aacca7f88/element/e63f1f28-1513-43b3-9750-b2e648aebed6/clear'
21:27:18.070 [Forwarding clearElement on session 70a0002450e6ad691f40475aacca7f88 to remote] DEBUG org.asynchttpclient.netty.request.NettyRequestSender - Using open Channel [id: 0xc03a89e3, L:/127.0.0.1:64228 - R:localhost/127.0.0.1:61655] for POST '/session/70a0002450e6ad691f40475aacca7f88/element/e63f1f28-1513-43b3-9750-b2e648aebed6/clear'
21:27:18.097 [AsyncHttpClient-1-11] DEBUG org.asynchttpclient.netty.handler.HttpHandler - 

Request DefaultHttpRequest(decodeResult: success, version: HTTP/1.1)
POST /session/70a0002450e6ad691f40475aacca7f88/element/e63f1f28-1513-43b3-9750-b2e648aebed6/clear HTTP/1.1
User-Agent: selenium/4.1.2 (java windows)
Content-Length: 50
Content-Type: application/json; charset=utf-8
host: localhost:61655
accept: */*

Response DefaultHttpResponse(decodeResult: success, version: HTTP/1.1)
HTTP/1.1 200 OK
Content-Type: application/json; charset=utf-8
cache-control: no-cache
content-length: 14

21:27:18.097 [AsyncHttpClient-1-11] DEBUG org.asynchttpclient.netty.channel.ChannelManager - Adding key: http://localhost:61655 for channel [id: 0xc03a89e3, L:/127.0.0.1:64228 - R:localhost/127.0.0.1:61655]
21:27:18.098 [Forwarding sendKeysToElement on session 70a0002450e6ad691f40475aacca7f88 to remote] DEBUG org.asynchttpclient.netty.request.NettyRequestSender - Using pooled Channel '[id: 0xc03a89e3, L:/127.0.0.1:64228 - R:localhost/127.0.0.1:61655]' for 'POST' to 'http://localhost:61655/session/70a0002450e6ad691f40475aacca7f88/element/e63f1f28-1513-43b3-9750-b2e648aebed6/value'
21:27:18.098 [Forwarding sendKeysToElement on session 70a0002450e6ad691f40475aacca7f88 to remote] DEBUG org.asynchttpclient.netty.request.NettyRequestSender - Using open Channel [id: 0xc03a89e3, L:/127.0.0.1:64228 - R:localhost/127.0.0.1:61655] for POST '/session/70a0002450e6ad691f40475aacca7f88/element/e63f1f28-1513-43b3-9750-b2e648aebed6/value'
21:27:18.164 [AsyncHttpClient-1-11] DEBUG org.asynchttpclient.netty.handler.HttpHandler - 

Request DefaultHttpRequest(decodeResult: success, version: HTTP/1.1)
POST /session/70a0002450e6ad691f40475aacca7f88/element/e63f1f28-1513-43b3-9750-b2e648aebed6/value HTTP/1.1
User-Agent: selenium/4.1.2 (java windows)
Content-Length: 121
Content-Type: application/json; charset=utf-8
host: localhost:61655
accept: */*

Response DefaultHttpResponse(decodeResult: success, version: HTTP/1.1)
HTTP/1.1 200 OK
Content-Type: application/json; charset=utf-8
cache-control: no-cache
content-length: 14

21:27:18.165 [AsyncHttpClient-1-11] DEBUG org.asynchttpclient.netty.channel.ChannelManager - Adding key: http://localhost:61655 for channel [id: 0xc03a89e3, L:/127.0.0.1:64228 - R:localhost/127.0.0.1:61655]
  &amp#27;[32mWhen &amp#27;[0m&amp#27;[32mI input full name&amp#27;[0m                 &amp#27;[90m# starter.stepdefinitions.RegisterSteps.iInputFullName()&amp#27;[0m
21:27:18.170 [Forwarding screenshot on session 70a0002450e6ad691f40475aacca7f88 to remote] DEBUG org.asynchttpclient.netty.request.NettyRequestSender - Using pooled Channel '[id: 0xc03a89e3, L:/127.0.0.1:64228 - R:localhost/127.0.0.1:61655]' for 'GET' to 'http://localhost:61655/session/70a0002450e6ad691f40475aacca7f88/screenshot'
21:27:18.170 [Forwarding screenshot on session 70a0002450e6ad691f40475aacca7f88 to remote] DEBUG org.asynchttpclient.netty.request.NettyRequestSender - Using open Channel [id: 0xc03a89e3, L:/127.0.0.1:64228 - R:localhost/127.0.0.1:61655] for GET '/session/70a0002450e6ad691f40475aacca7f88/screenshot'
21:27:18.328 [AsyncHttpClient-1-11] DEBUG org.asynchttpclient.netty.handler.HttpHandler - 

Request DefaultFullHttpRequest(decodeResult: success, version: HTTP/1.1, content: EmptyByteBufBE)
GET /session/70a0002450e6ad691f40475aacca7f88/screenshot HTTP/1.1
User-Agent: selenium/4.1.2 (java windows)
Cache-Control: no-cache
Content-Type: application/json; charset=utf-8
host: localhost:61655
accept: */*

Response DefaultHttpResponse(decodeResult: success, version: HTTP/1.1)
HTTP/1.1 200 OK
Content-Type: application/json; charset=utf-8
cache-control: no-cache
content-length: 47492

21:27:18.328 [AsyncHttpClient-1-11] DEBUG org.asynchttpclient.netty.channel.ChannelManager - Adding key: http://localhost:61655 for channel [id: 0xc03a89e3, L:/127.0.0.1:64228 - R:localhost/127.0.0.1:61655]
21:27:18.329 [main] DEBUG net.serenitybdd.core.photography.Darkroom - Send negative for processing for target\site\serenity\ea18d068675155e742f6918499b22f6fffae25f9608726c34bd05a6269010c55.png
21:27:18.329 [Darkroom Processing Line] DEBUG net.serenitybdd.core.photography.DarkroomProcessingLine - Processing screenshot image in /var/screenshots/screenshot-17011506141475611165
21:27:18.329 [Darkroom Processing Line] DEBUG net.serenitybdd.core.photography.DarkroomProcessingLine - Saving screenshot to target\site\serenity\ea18d068675155e742f6918499b22f6fffae25f9608726c34bd05a6269010c55.png
21:27:18.333 [Forwarding findElement on session 70a0002450e6ad691f40475aacca7f88 to remote] DEBUG org.asynchttpclient.netty.request.NettyRequestSender - Using pooled Channel '[id: 0xc03a89e3, L:/127.0.0.1:64228 - R:localhost/127.0.0.1:61655]' for 'POST' to 'http://localhost:61655/session/70a0002450e6ad691f40475aacca7f88/element'
21:27:18.334 [Forwarding findElement on session 70a0002450e6ad691f40475aacca7f88 to remote] DEBUG org.asynchttpclient.netty.request.NettyRequestSender - Using open Channel [id: 0xc03a89e3, L:/127.0.0.1:64228 - R:localhost/127.0.0.1:61655] for POST '/session/70a0002450e6ad691f40475aacca7f88/element'
21:27:18.344 [AsyncHttpClient-1-11] DEBUG org.asynchttpclient.netty.handler.HttpHandler - 

Request DefaultHttpRequest(decodeResult: success, version: HTTP/1.1)
POST /session/70a0002450e6ad691f40475aacca7f88/element HTTP/1.1
User-Agent: selenium/4.1.2 (java windows)
Content-Length: 87
Content-Type: application/json; charset=utf-8
host: localhost:61655
accept: */*

Response DefaultHttpResponse(decodeResult: success, version: HTTP/1.1)
HTTP/1.1 200 OK
Content-Type: application/json; charset=utf-8
cache-control: no-cache
content-length: 88

21:27:18.344 [AsyncHttpClient-1-11] DEBUG org.asynchttpclient.netty.channel.ChannelManager - Adding key: http://localhost:61655 for channel [id: 0xc03a89e3, L:/127.0.0.1:64228 - R:localhost/127.0.0.1:61655]
21:27:18.345 [Forwarding clearElement on session 70a0002450e6ad691f40475aacca7f88 to remote] DEBUG org.asynchttpclient.netty.request.NettyRequestSender - Using pooled Channel '[id: 0xc03a89e3, L:/127.0.0.1:64228 - R:localhost/127.0.0.1:61655]' for 'POST' to 'http://localhost:61655/session/70a0002450e6ad691f40475aacca7f88/element/84648dec-cd1c-4ae6-9a67-69aacf69a1ad/clear'
21:27:18.345 [Forwarding clearElement on session 70a0002450e6ad691f40475aacca7f88 to remote] DEBUG org.asynchttpclient.netty.request.NettyRequestSender - Using open Channel [id: 0xc03a89e3, L:/127.0.0.1:64228 - R:localhost/127.0.0.1:61655] for POST '/session/70a0002450e6ad691f40475aacca7f88/element/84648dec-cd1c-4ae6-9a67-69aacf69a1ad/clear'
21:27:18.372 [AsyncHttpClient-1-11] DEBUG org.asynchttpclient.netty.handler.HttpHandler - 

Request DefaultHttpRequest(decodeResult: success, version: HTTP/1.1)
POST /session/70a0002450e6ad691f40475aacca7f88/element/84648dec-cd1c-4ae6-9a67-69aacf69a1ad/clear HTTP/1.1
User-Agent: selenium/4.1.2 (java windows)
Content-Length: 50
Content-Type: application/json; charset=utf-8
host: localhost:61655
accept: */*

Response DefaultHttpResponse(decodeResult: success, version: HTTP/1.1)
HTTP/1.1 200 OK
Content-Type: application/json; charset=utf-8
cache-control: no-cache
content-length: 14

21:27:18.372 [AsyncHttpClient-1-11] DEBUG org.asynchttpclient.netty.channel.ChannelManager - Adding key: http://localhost:61655 for channel [id: 0xc03a89e3, L:/127.0.0.1:64228 - R:localhost/127.0.0.1:61655]
21:27:18.375 [Forwarding sendKeysToElement on session 70a0002450e6ad691f40475aacca7f88 to remote] DEBUG org.asynchttpclient.netty.request.NettyRequestSender - Using pooled Channel '[id: 0xc03a89e3, L:/127.0.0.1:64228 - R:localhost/127.0.0.1:61655]' for 'POST' to 'http://localhost:61655/session/70a0002450e6ad691f40475aacca7f88/element/84648dec-cd1c-4ae6-9a67-69aacf69a1ad/value'
21:27:18.375 [Forwarding sendKeysToElement on session 70a0002450e6ad691f40475aacca7f88 to remote] DEBUG org.asynchttpclient.netty.request.NettyRequestSender - Using open Channel [id: 0xc03a89e3, L:/127.0.0.1:64228 - R:localhost/127.0.0.1:61655] for POST '/session/70a0002450e6ad691f40475aacca7f88/element/84648dec-cd1c-4ae6-9a67-69aacf69a1ad/value'
21:27:18.471 [AsyncHttpClient-1-11] DEBUG org.asynchttpclient.netty.handler.HttpHandler - 

Request DefaultHttpRequest(decodeResult: success, version: HTTP/1.1)
POST /session/70a0002450e6ad691f40475aacca7f88/element/84648dec-cd1c-4ae6-9a67-69aacf69a1ad/value HTTP/1.1
User-Agent: selenium/4.1.2 (java windows)
Content-Length: 221
Content-Type: application/json; charset=utf-8
host: localhost:61655
accept: */*

Response DefaultHttpResponse(decodeResult: success, version: HTTP/1.1)
HTTP/1.1 200 OK
Content-Type: application/json; charset=utf-8
cache-control: no-cache
content-length: 14

21:27:18.471 [AsyncHttpClient-1-11] DEBUG org.asynchttpclient.netty.channel.ChannelManager - Adding key: http://localhost:61655 for channel [id: 0xc03a89e3, L:/127.0.0.1:64228 - R:localhost/127.0.0.1:61655]
  &amp#27;[32mAnd &amp#27;[0m&amp#27;[32mI input registered email&amp#27;[0m           &amp#27;[90m# starter.stepdefinitions.RegisterSteps.iInputRegisteredEmail()&amp#27;[0m
21:27:18.478 [Forwarding screenshot on session 70a0002450e6ad691f40475aacca7f88 to remote] DEBUG org.asynchttpclient.netty.request.NettyRequestSender - Using pooled Channel '[id: 0xc03a89e3, L:/127.0.0.1:64228 - R:localhost/127.0.0.1:61655]' for 'GET' to 'http://localhost:61655/session/70a0002450e6ad691f40475aacca7f88/screenshot'
21:27:18.478 [Forwarding screenshot on session 70a0002450e6ad691f40475aacca7f88 to remote] DEBUG org.asynchttpclient.netty.request.NettyRequestSender - Using open Channel [id: 0xc03a89e3, L:/127.0.0.1:64228 - R:localhost/127.0.0.1:61655] for GET '/session/70a0002450e6ad691f40475aacca7f88/screenshot'
21:27:18.651 [AsyncHttpClient-1-11] DEBUG org.asynchttpclient.netty.handler.HttpHandler - 

Request DefaultFullHttpRequest(decodeResult: success, version: HTTP/1.1, content: EmptyByteBufBE)
GET /session/70a0002450e6ad691f40475aacca7f88/screenshot HTTP/1.1
User-Agent: selenium/4.1.2 (java windows)
Cache-Control: no-cache
Content-Type: application/json; charset=utf-8
host: localhost:61655
accept: */*

Response DefaultHttpResponse(decodeResult: success, version: HTTP/1.1)
HTTP/1.1 200 OK
Content-Type: application/json; charset=utf-8
cache-control: no-cache
content-length: 51248

21:27:18.651 [AsyncHttpClient-1-11] DEBUG org.asynchttpclient.netty.channel.ChannelManager - Adding key: http://localhost:61655 for channel [id: 0xc03a89e3, L:/127.0.0.1:64228 - R:localhost/127.0.0.1:61655]
21:27:18.653 [main] DEBUG net.serenitybdd.core.photography.Darkroom - Send negative for processing for target\site\serenity\5d3cd9b45e408d05d75c96dc6668dddb176861177146c0fa74a5b003bd969c3b.png
21:27:18.653 [Darkroom Processing Line] DEBUG net.serenitybdd.core.photography.DarkroomProcessingLine - Processing screenshot image in /var/screenshots/screenshot-1542282463862912460
21:27:18.653 [Darkroom Processing Line] DEBUG net.serenitybdd.core.photography.DarkroomProcessingLine - Saving screenshot to target\site\serenity\5d3cd9b45e408d05d75c96dc6668dddb176861177146c0fa74a5b003bd969c3b.png
21:27:18.660 [Forwarding findElement on session 70a0002450e6ad691f40475aacca7f88 to remote] DEBUG org.asynchttpclient.netty.request.NettyRequestSender - Using pooled Channel '[id: 0xc03a89e3, L:/127.0.0.1:64228 - R:localhost/127.0.0.1:61655]' for 'POST' to 'http://localhost:61655/session/70a0002450e6ad691f40475aacca7f88/element'
21:27:18.660 [Forwarding findElement on session 70a0002450e6ad691f40475aacca7f88 to remote] DEBUG org.asynchttpclient.netty.request.NettyRequestSender - Using open Channel [id: 0xc03a89e3, L:/127.0.0.1:64228 - R:localhost/127.0.0.1:61655] for POST '/session/70a0002450e6ad691f40475aacca7f88/element'
21:27:18.669 [AsyncHttpClient-1-11] DEBUG org.asynchttpclient.netty.handler.HttpHandler - 

Request DefaultHttpRequest(decodeResult: success, version: HTTP/1.1)
POST /session/70a0002450e6ad691f40475aacca7f88/element HTTP/1.1
User-Agent: selenium/4.1.2 (java windows)
Content-Length: 90
Content-Type: application/json; charset=utf-8
host: localhost:61655
accept: */*

Response DefaultHttpResponse(decodeResult: success, version: HTTP/1.1)
HTTP/1.1 200 OK
Content-Type: application/json; charset=utf-8
cache-control: no-cache
content-length: 88

21:27:18.669 [AsyncHttpClient-1-11] DEBUG org.asynchttpclient.netty.channel.ChannelManager - Adding key: http://localhost:61655 for channel [id: 0xc03a89e3, L:/127.0.0.1:64228 - R:localhost/127.0.0.1:61655]
21:27:18.670 [Forwarding clearElement on session 70a0002450e6ad691f40475aacca7f88 to remote] DEBUG org.asynchttpclient.netty.request.NettyRequestSender - Using pooled Channel '[id: 0xc03a89e3, L:/127.0.0.1:64228 - R:localhost/127.0.0.1:61655]' for 'POST' to 'http://localhost:61655/session/70a0002450e6ad691f40475aacca7f88/element/ecb9e9d7-9478-4b39-91e1-370f5794bc0b/clear'
21:27:18.670 [Forwarding clearElement on session 70a0002450e6ad691f40475aacca7f88 to remote] DEBUG org.asynchttpclient.netty.request.NettyRequestSender - Using open Channel [id: 0xc03a89e3, L:/127.0.0.1:64228 - R:localhost/127.0.0.1:61655] for POST '/session/70a0002450e6ad691f40475aacca7f88/element/ecb9e9d7-9478-4b39-91e1-370f5794bc0b/clear'
21:27:18.705 [AsyncHttpClient-1-11] DEBUG org.asynchttpclient.netty.handler.HttpHandler - 

Request DefaultHttpRequest(decodeResult: success, version: HTTP/1.1)
POST /session/70a0002450e6ad691f40475aacca7f88/element/ecb9e9d7-9478-4b39-91e1-370f5794bc0b/clear HTTP/1.1
User-Agent: selenium/4.1.2 (java windows)
Content-Length: 50
Content-Type: application/json; charset=utf-8
host: localhost:61655
accept: */*

Response DefaultHttpResponse(decodeResult: success, version: HTTP/1.1)
HTTP/1.1 200 OK
Content-Type: application/json; charset=utf-8
cache-control: no-cache
content-length: 14

21:27:18.705 [AsyncHttpClient-1-11] DEBUG org.asynchttpclient.netty.channel.ChannelManager - Adding key: http://localhost:61655 for channel [id: 0xc03a89e3, L:/127.0.0.1:64228 - R:localhost/127.0.0.1:61655]
21:27:18.709 [Forwarding sendKeysToElement on session 70a0002450e6ad691f40475aacca7f88 to remote] DEBUG org.asynchttpclient.netty.request.NettyRequestSender - Using pooled Channel '[id: 0xc03a89e3, L:/127.0.0.1:64228 - R:localhost/127.0.0.1:61655]' for 'POST' to 'http://localhost:61655/session/70a0002450e6ad691f40475aacca7f88/element/ecb9e9d7-9478-4b39-91e1-370f5794bc0b/value'
21:27:18.709 [Forwarding sendKeysToElement on session 70a0002450e6ad691f40475aacca7f88 to remote] DEBUG org.asynchttpclient.netty.request.NettyRequestSender - Using open Channel [id: 0xc03a89e3, L:/127.0.0.1:64228 - R:localhost/127.0.0.1:61655] for POST '/session/70a0002450e6ad691f40475aacca7f88/element/ecb9e9d7-9478-4b39-91e1-370f5794bc0b/value'
21:27:18.781 [AsyncHttpClient-1-11] DEBUG org.asynchttpclient.netty.handler.HttpHandler - 

Request DefaultHttpRequest(decodeResult: success, version: HTTP/1.1)
POST /session/70a0002450e6ad691f40475aacca7f88/element/ecb9e9d7-9478-4b39-91e1-370f5794bc0b/value HTTP/1.1
User-Agent: selenium/4.1.2 (java windows)
Content-Length: 141
Content-Type: application/json; charset=utf-8
host: localhost:61655
accept: */*

Response DefaultHttpResponse(decodeResult: success, version: HTTP/1.1)
HTTP/1.1 200 OK
Content-Type: application/json; charset=utf-8
cache-control: no-cache
content-length: 14

21:27:18.781 [AsyncHttpClient-1-11] DEBUG org.asynchttpclient.netty.channel.ChannelManager - Adding key: http://localhost:61655 for channel [id: 0xc03a89e3, L:/127.0.0.1:64228 - R:localhost/127.0.0.1:61655]
  &amp#27;[32mAnd &amp#27;[0m&amp#27;[32mI input password&amp#27;[0m                   &amp#27;[90m# starter.stepdefinitions.RegisterSteps.iInputPassword()&amp#27;[0m
21:27:18.785 [Forwarding screenshot on session 70a0002450e6ad691f40475aacca7f88 to remote] DEBUG org.asynchttpclient.netty.request.NettyRequestSender - Using pooled Channel '[id: 0xc03a89e3, L:/127.0.0.1:64228 - R:localhost/127.0.0.1:61655]' for 'GET' to 'http://localhost:61655/session/70a0002450e6ad691f40475aacca7f88/screenshot'
21:27:18.785 [Forwarding screenshot on session 70a0002450e6ad691f40475aacca7f88 to remote] DEBUG org.asynchttpclient.netty.request.NettyRequestSender - Using open Channel [id: 0xc03a89e3, L:/127.0.0.1:64228 - R:localhost/127.0.0.1:61655] for GET '/session/70a0002450e6ad691f40475aacca7f88/screenshot'
21:27:18.951 [AsyncHttpClient-1-1] DEBUG org.asynchttpclient.netty.channel.DefaultChannelPool - Entry count for : http://localhost:64229 : 1
21:27:18.961 [AsyncHttpClient-1-11] DEBUG org.asynchttpclient.netty.handler.HttpHandler - 

Request DefaultFullHttpRequest(decodeResult: success, version: HTTP/1.1, content: EmptyByteBufBE)
GET /session/70a0002450e6ad691f40475aacca7f88/screenshot HTTP/1.1
User-Agent: selenium/4.1.2 (java windows)
Cache-Control: no-cache
Content-Type: application/json; charset=utf-8
host: localhost:61655
accept: */*

Response DefaultHttpResponse(decodeResult: success, version: HTTP/1.1)
HTTP/1.1 200 OK
Content-Type: application/json; charset=utf-8
cache-control: no-cache
content-length: 52460

21:27:18.962 [AsyncHttpClient-1-11] DEBUG org.asynchttpclient.netty.channel.ChannelManager - Adding key: http://localhost:61655 for channel [id: 0xc03a89e3, L:/127.0.0.1:64228 - R:localhost/127.0.0.1:61655]
21:27:18.962 [main] DEBUG net.serenitybdd.core.photography.Darkroom - Send negative for processing for target\site\serenity\cbd50fb5e48dc0a324dd0d60105309d87bb9499f90bb156bb1f455f937237532.png
21:27:18.963 [Darkroom Processing Line] DEBUG net.serenitybdd.core.photography.DarkroomProcessingLine - Processing screenshot image in /var/screenshots/screenshot-86443052061464517
21:27:18.963 [Darkroom Processing Line] DEBUG net.serenitybdd.core.photography.DarkroomProcessingLine - Saving screenshot to target\site\serenity\cbd50fb5e48dc0a324dd0d60105309d87bb9499f90bb156bb1f455f937237532.png
21:27:18.968 [Forwarding findElement on session 70a0002450e6ad691f40475aacca7f88 to remote] DEBUG org.asynchttpclient.netty.request.NettyRequestSender - Using pooled Channel '[id: 0xc03a89e3, L:/127.0.0.1:64228 - R:localhost/127.0.0.1:61655]' for 'POST' to 'http://localhost:61655/session/70a0002450e6ad691f40475aacca7f88/element'
21:27:18.969 [Forwarding findElement on session 70a0002450e6ad691f40475aacca7f88 to remote] DEBUG org.asynchttpclient.netty.request.NettyRequestSender - Using open Channel [id: 0xc03a89e3, L:/127.0.0.1:64228 - R:localhost/127.0.0.1:61655] for POST '/session/70a0002450e6ad691f40475aacca7f88/element'
21:27:18.982 [AsyncHttpClient-1-11] DEBUG org.asynchttpclient.netty.handler.HttpHandler - 

Request DefaultHttpRequest(decodeResult: success, version: HTTP/1.1)
POST /session/70a0002450e6ad691f40475aacca7f88/element HTTP/1.1
User-Agent: selenium/4.1.2 (java windows)
Content-Length: 84
Content-Type: application/json; charset=utf-8
host: localhost:61655
accept: */*

Response DefaultHttpResponse(decodeResult: success, version: HTTP/1.1)
HTTP/1.1 200 OK
Content-Type: application/json; charset=utf-8
cache-control: no-cache
content-length: 88

21:27:18.982 [AsyncHttpClient-1-11] DEBUG org.asynchttpclient.netty.channel.ChannelManager - Adding key: http://localhost:61655 for channel [id: 0xc03a89e3, L:/127.0.0.1:64228 - R:localhost/127.0.0.1:61655]
21:27:18.983 [Forwarding getElementTagName on session 70a0002450e6ad691f40475aacca7f88 to remote] DEBUG org.asynchttpclient.netty.request.NettyRequestSender - Using pooled Channel '[id: 0xc03a89e3, L:/127.0.0.1:64228 - R:localhost/127.0.0.1:61655]' for 'GET' to 'http://localhost:61655/session/70a0002450e6ad691f40475aacca7f88/element/0f61879c-f54b-4381-aa89-f93d68838ab4/name'
21:27:18.983 [Forwarding getElementTagName on session 70a0002450e6ad691f40475aacca7f88 to remote] DEBUG org.asynchttpclient.netty.request.NettyRequestSender - Using open Channel [id: 0xc03a89e3, L:/127.0.0.1:64228 - R:localhost/127.0.0.1:61655] for GET '/session/70a0002450e6ad691f40475aacca7f88/element/0f61879c-f54b-4381-aa89-f93d68838ab4/name'
21:27:18.987 [AsyncHttpClient-1-11] DEBUG org.asynchttpclient.netty.handler.HttpHandler - 

Request DefaultFullHttpRequest(decodeResult: success, version: HTTP/1.1, content: EmptyByteBufBE)
GET /session/70a0002450e6ad691f40475aacca7f88/element/0f61879c-f54b-4381-aa89-f93d68838ab4/name HTTP/1.1
User-Agent: selenium/4.1.2 (java windows)
Cache-Control: no-cache
Content-Type: application/json; charset=utf-8
host: localhost:61655
accept: */*

Response DefaultHttpResponse(decodeResult: success, version: HTTP/1.1)
HTTP/1.1 200 OK
Content-Type: application/json; charset=utf-8
cache-control: no-cache
content-length: 16

21:27:18.987 [AsyncHttpClient-1-11] DEBUG org.asynchttpclient.netty.channel.ChannelManager - Adding key: http://localhost:61655 for channel [id: 0xc03a89e3, L:/127.0.0.1:64228 - R:localhost/127.0.0.1:61655]
21:27:18.988 [Forwarding getElementTagName on session 70a0002450e6ad691f40475aacca7f88 to remote] DEBUG org.asynchttpclient.netty.request.NettyRequestSender - Using pooled Channel '[id: 0xc03a89e3, L:/127.0.0.1:64228 - R:localhost/127.0.0.1:61655]' for 'GET' to 'http://localhost:61655/session/70a0002450e6ad691f40475aacca7f88/element/0f61879c-f54b-4381-aa89-f93d68838ab4/name'
21:27:18.988 [Forwarding getElementTagName on session 70a0002450e6ad691f40475aacca7f88 to remote] DEBUG org.asynchttpclient.netty.request.NettyRequestSender - Using open Channel [id: 0xc03a89e3, L:/127.0.0.1:64228 - R:localhost/127.0.0.1:61655] for GET '/session/70a0002450e6ad691f40475aacca7f88/element/0f61879c-f54b-4381-aa89-f93d68838ab4/name'
21:27:18.994 [AsyncHttpClient-1-11] DEBUG org.asynchttpclient.netty.handler.HttpHandler - 

Request DefaultFullHttpRequest(decodeResult: success, version: HTTP/1.1, content: EmptyByteBufBE)
GET /session/70a0002450e6ad691f40475aacca7f88/element/0f61879c-f54b-4381-aa89-f93d68838ab4/name HTTP/1.1
User-Agent: selenium/4.1.2 (java windows)
Cache-Control: no-cache
Content-Type: application/json; charset=utf-8
host: localhost:61655
accept: */*

Response DefaultHttpResponse(decodeResult: success, version: HTTP/1.1)
HTTP/1.1 200 OK
Content-Type: application/json; charset=utf-8
cache-control: no-cache
content-length: 16

21:27:18.994 [AsyncHttpClient-1-11] DEBUG org.asynchttpclient.netty.channel.ChannelManager - Adding key: http://localhost:61655 for channel [id: 0xc03a89e3, L:/127.0.0.1:64228 - R:localhost/127.0.0.1:61655]
21:27:18.995 [Forwarding findElement on session 70a0002450e6ad691f40475aacca7f88 to remote] DEBUG org.asynchttpclient.netty.request.NettyRequestSender - Using pooled Channel '[id: 0xc03a89e3, L:/127.0.0.1:64228 - R:localhost/127.0.0.1:61655]' for 'POST' to 'http://localhost:61655/session/70a0002450e6ad691f40475aacca7f88/element'
21:27:18.996 [Forwarding findElement on session 70a0002450e6ad691f40475aacca7f88 to remote] DEBUG org.asynchttpclient.netty.request.NettyRequestSender - Using open Channel [id: 0xc03a89e3, L:/127.0.0.1:64228 - R:localhost/127.0.0.1:61655] for POST '/session/70a0002450e6ad691f40475aacca7f88/element'
21:27:19.002 [AsyncHttpClient-1-11] DEBUG org.asynchttpclient.netty.handler.HttpHandler - 

Request DefaultHttpRequest(decodeResult: success, version: HTTP/1.1)
POST /session/70a0002450e6ad691f40475aacca7f88/element HTTP/1.1
User-Agent: selenium/4.1.2 (java windows)
Content-Length: 84
Content-Type: application/json; charset=utf-8
host: localhost:61655
accept: */*

Response DefaultHttpResponse(decodeResult: success, version: HTTP/1.1)
HTTP/1.1 200 OK
Content-Type: application/json; charset=utf-8
cache-control: no-cache
content-length: 88

21:27:19.002 [AsyncHttpClient-1-11] DEBUG org.asynchttpclient.netty.channel.ChannelManager - Adding key: http://localhost:61655 for channel [id: 0xc03a89e3, L:/127.0.0.1:64228 - R:localhost/127.0.0.1:61655]
21:27:19.003 [Forwarding clickElement on session 70a0002450e6ad691f40475aacca7f88 to remote] DEBUG org.asynchttpclient.netty.request.NettyRequestSender - Using pooled Channel '[id: 0xc03a89e3, L:/127.0.0.1:64228 - R:localhost/127.0.0.1:61655]' for 'POST' to 'http://localhost:61655/session/70a0002450e6ad691f40475aacca7f88/element/0f61879c-f54b-4381-aa89-f93d68838ab4/click'
21:27:19.003 [Forwarding clickElement on session 70a0002450e6ad691f40475aacca7f88 to remote] DEBUG org.asynchttpclient.netty.request.NettyRequestSender - Using open Channel [id: 0xc03a89e3, L:/127.0.0.1:64228 - R:localhost/127.0.0.1:61655] for POST '/session/70a0002450e6ad691f40475aacca7f88/element/0f61879c-f54b-4381-aa89-f93d68838ab4/click'
21:27:19.051 [AsyncHttpClient-1-11] DEBUG org.asynchttpclient.netty.handler.HttpHandler - 

Request DefaultHttpRequest(decodeResult: success, version: HTTP/1.1)
POST /session/70a0002450e6ad691f40475aacca7f88/element/0f61879c-f54b-4381-aa89-f93d68838ab4/click HTTP/1.1
User-Agent: selenium/4.1.2 (java windows)
Content-Length: 50
Content-Type: application/json; charset=utf-8
host: localhost:61655
accept: */*

Response DefaultHttpResponse(decodeResult: success, version: HTTP/1.1)
HTTP/1.1 200 OK
Content-Type: application/json; charset=utf-8
cache-control: no-cache
content-length: 14

21:27:19.051 [AsyncHttpClient-1-11] DEBUG org.asynchttpclient.netty.channel.ChannelManager - Adding key: http://localhost:61655 for channel [id: 0xc03a89e3, L:/127.0.0.1:64228 - R:localhost/127.0.0.1:61655]
  &amp#27;[32mAnd &amp#27;[0m&amp#27;[32mI click register&amp#27;[0m                   &amp#27;[90m# starter.stepdefinitions.RegisterSteps.iClickRegister()&amp#27;[0m
21:27:19.059 [Forwarding screenshot on session 70a0002450e6ad691f40475aacca7f88 to remote] DEBUG org.asynchttpclient.netty.request.NettyRequestSender - Using pooled Channel '[id: 0xc03a89e3, L:/127.0.0.1:64228 - R:localhost/127.0.0.1:61655]' for 'GET' to 'http://localhost:61655/session/70a0002450e6ad691f40475aacca7f88/screenshot'
21:27:19.059 [Forwarding screenshot on session 70a0002450e6ad691f40475aacca7f88 to remote] DEBUG org.asynchttpclient.netty.request.NettyRequestSender - Using open Channel [id: 0xc03a89e3, L:/127.0.0.1:64228 - R:localhost/127.0.0.1:61655] for GET '/session/70a0002450e6ad691f40475aacca7f88/screenshot'
21:27:19.327 [AsyncHttpClient-1-11] DEBUG org.asynchttpclient.netty.handler.HttpHandler - 

Request DefaultFullHttpRequest(decodeResult: success, version: HTTP/1.1, content: EmptyByteBufBE)
GET /session/70a0002450e6ad691f40475aacca7f88/screenshot HTTP/1.1
User-Agent: selenium/4.1.2 (java windows)
Cache-Control: no-cache
Content-Type: application/json; charset=utf-8
host: localhost:61655
accept: */*

Response DefaultHttpResponse(decodeResult: success, version: HTTP/1.1)
HTTP/1.1 200 OK
Content-Type: application/json; charset=utf-8
cache-control: no-cache
content-length: 51156

21:27:19.327 [AsyncHttpClient-1-11] DEBUG org.asynchttpclient.netty.channel.ChannelManager - Adding key: http://localhost:61655 for channel [id: 0xc03a89e3, L:/127.0.0.1:64228 - R:localhost/127.0.0.1:61655]
21:27:19.329 [main] DEBUG net.serenitybdd.core.photography.Darkroom - Send negative for processing for target\site\serenity\7b613ae0c8ddd21a35c2fb28f884d6dd35cde35a6812253ce60119ffc0d369a5.png
21:27:19.329 [Darkroom Processing Line] DEBUG net.serenitybdd.core.photography.DarkroomProcessingLine - Processing screenshot image in /var/screenshots/screenshot-8798881484345227970
21:27:19.329 [Darkroom Processing Line] DEBUG net.serenitybdd.core.photography.DarkroomProcessingLine - Saving screenshot to target\site\serenity\7b613ae0c8ddd21a35c2fb28f884d6dd35cde35a6812253ce60119ffc0d369a5.png
21:27:19.341 [Forwarding findElement on session 70a0002450e6ad691f40475aacca7f88 to remote] DEBUG org.asynchttpclient.netty.request.NettyRequestSender - Using pooled Channel '[id: 0xc03a89e3, L:/127.0.0.1:64228 - R:localhost/127.0.0.1:61655]' for 'POST' to 'http://localhost:61655/session/70a0002450e6ad691f40475aacca7f88/element'
21:27:19.341 [Forwarding findElement on session 70a0002450e6ad691f40475aacca7f88 to remote] DEBUG org.asynchttpclient.netty.request.NettyRequestSender - Using open Channel [id: 0xc03a89e3, L:/127.0.0.1:64228 - R:localhost/127.0.0.1:61655] for POST '/session/70a0002450e6ad691f40475aacca7f88/element'
21:27:20.050 [AsyncHttpClient-1-1] DEBUG org.asynchttpclient.netty.channel.DefaultChannelPool - Entry count for : http://localhost:64229 : 1
21:27:20.418 [AsyncHttpClient-1-11] DEBUG org.asynchttpclient.netty.handler.HttpHandler - 

Request DefaultHttpRequest(decodeResult: success, version: HTTP/1.1)
POST /session/70a0002450e6ad691f40475aacca7f88/element HTTP/1.1
User-Agent: selenium/4.1.2 (java windows)
Content-Length: 59
Content-Type: application/json; charset=utf-8
host: localhost:61655
accept: */*

Response DefaultHttpResponse(decodeResult: success, version: HTTP/1.1)
HTTP/1.1 200 OK
Content-Type: application/json; charset=utf-8
cache-control: no-cache
content-length: 88

21:27:20.419 [AsyncHttpClient-1-11] DEBUG org.asynchttpclient.netty.channel.ChannelManager - Adding key: http://localhost:61655 for channel [id: 0xc03a89e3, L:/127.0.0.1:64228 - R:localhost/127.0.0.1:61655]
21:27:20.421 [Forwarding isElementDisplayed on session 70a0002450e6ad691f40475aacca7f88 to remote] DEBUG org.asynchttpclient.netty.request.NettyRequestSender - Using pooled Channel '[id: 0xc03a89e3, L:/127.0.0.1:64228 - R:localhost/127.0.0.1:61655]' for 'POST' to 'http://localhost:61655/session/70a0002450e6ad691f40475aacca7f88/execute/sync'
21:27:20.421 [Forwarding isElementDisplayed on session 70a0002450e6ad691f40475aacca7f88 to remote] DEBUG org.asynchttpclient.netty.request.NettyRequestSender - Using open Channel [id: 0xc03a89e3, L:/127.0.0.1:64228 - R:localhost/127.0.0.1:61655] for POST '/session/70a0002450e6ad691f40475aacca7f88/execute/sync'
21:27:20.434 [AsyncHttpClient-1-11] DEBUG org.asynchttpclient.netty.handler.HttpHandler - 

Request DefaultHttpRequest(decodeResult: success, version: HTTP/1.1)
POST /session/70a0002450e6ad691f40475aacca7f88/execute/sync HTTP/1.1
User-Agent: selenium/4.1.2 (java windows)
Content-Length: 48780
Content-Type: application/json; charset=utf-8
host: localhost:61655
accept: */*

Response DefaultHttpResponse(decodeResult: success, version: HTTP/1.1)
HTTP/1.1 200 OK
Content-Type: application/json; charset=utf-8
cache-control: no-cache
content-length: 14

21:27:20.434 [AsyncHttpClient-1-11] DEBUG org.asynchttpclient.netty.channel.ChannelManager - Adding key: http://localhost:61655 for channel [id: 0xc03a89e3, L:/127.0.0.1:64228 - R:localhost/127.0.0.1:61655]
21:27:20.436 [Forwarding findElement on session 70a0002450e6ad691f40475aacca7f88 to remote] DEBUG org.asynchttpclient.netty.request.NettyRequestSender - Using pooled Channel '[id: 0xc03a89e3, L:/127.0.0.1:64228 - R:localhost/127.0.0.1:61655]' for 'POST' to 'http://localhost:61655/session/70a0002450e6ad691f40475aacca7f88/element'
21:27:20.436 [Forwarding findElement on session 70a0002450e6ad691f40475aacca7f88 to remote] DEBUG org.asynchttpclient.netty.request.NettyRequestSender - Using open Channel [id: 0xc03a89e3, L:/127.0.0.1:64228 - R:localhost/127.0.0.1:61655] for POST '/session/70a0002450e6ad691f40475aacca7f88/element'
21:27:20.442 [AsyncHttpClient-1-11] DEBUG org.asynchttpclient.netty.handler.HttpHandler - 

Request DefaultHttpRequest(decodeResult: success, version: HTTP/1.1)
POST /session/70a0002450e6ad691f40475aacca7f88/element HTTP/1.1
User-Agent: selenium/4.1.2 (java windows)
Content-Length: 59
Content-Type: application/json; charset=utf-8
host: localhost:61655
accept: */*

Response DefaultHttpResponse(decodeResult: success, version: HTTP/1.1)
HTTP/1.1 200 OK
Content-Type: application/json; charset=utf-8
cache-control: no-cache
content-length: 88

21:27:20.442 [AsyncHttpClient-1-11] DEBUG org.asynchttpclient.netty.channel.ChannelManager - Adding key: http://localhost:61655 for channel [id: 0xc03a89e3, L:/127.0.0.1:64228 - R:localhost/127.0.0.1:61655]
21:27:20.445 [Forwarding isElementDisplayed on session 70a0002450e6ad691f40475aacca7f88 to remote] DEBUG org.asynchttpclient.netty.request.NettyRequestSender - Using pooled Channel '[id: 0xc03a89e3, L:/127.0.0.1:64228 - R:localhost/127.0.0.1:61655]' for 'POST' to 'http://localhost:61655/session/70a0002450e6ad691f40475aacca7f88/execute/sync'
21:27:20.445 [Forwarding isElementDisplayed on session 70a0002450e6ad691f40475aacca7f88 to remote] DEBUG org.asynchttpclient.netty.request.NettyRequestSender - Using open Channel [id: 0xc03a89e3, L:/127.0.0.1:64228 - R:localhost/127.0.0.1:61655] for POST '/session/70a0002450e6ad691f40475aacca7f88/execute/sync'
21:27:20.456 [AsyncHttpClient-1-11] DEBUG org.asynchttpclient.netty.handler.HttpHandler - 

Request DefaultHttpRequest(decodeResult: success, version: HTTP/1.1)
POST /session/70a0002450e6ad691f40475aacca7f88/execute/sync HTTP/1.1
User-Agent: selenium/4.1.2 (java windows)
Content-Length: 48780
Content-Type: application/json; charset=utf-8
host: localhost:61655
accept: */*

Response DefaultHttpResponse(decodeResult: success, version: HTTP/1.1)
HTTP/1.1 200 OK
Content-Type: application/json; charset=utf-8
cache-control: no-cache
content-length: 14

21:27:20.456 [AsyncHttpClient-1-11] DEBUG org.asynchttpclient.netty.channel.ChannelManager - Adding key: http://localhost:61655 for channel [id: 0xc03a89e3, L:/127.0.0.1:64228 - R:localhost/127.0.0.1:61655]
  &amp#27;[32mThen &amp#27;[0m&amp#27;[32mI get registered error&amp#27;[0m            &amp#27;[90m# starter.stepdefinitions.RegisterSteps.iGetRegisteredError()&amp#27;[0m
21:27:20.459 [Forwarding screenshot on session 70a0002450e6ad691f40475aacca7f88 to remote] DEBUG org.asynchttpclient.netty.request.NettyRequestSender - Using pooled Channel '[id: 0xc03a89e3, L:/127.0.0.1:64228 - R:localhost/127.0.0.1:61655]' for 'GET' to 'http://localhost:61655/session/70a0002450e6ad691f40475aacca7f88/screenshot'
21:27:20.459 [Forwarding screenshot on session 70a0002450e6ad691f40475aacca7f88 to remote] DEBUG org.asynchttpclient.netty.request.NettyRequestSender - Using open Channel [id: 0xc03a89e3, L:/127.0.0.1:64228 - R:localhost/127.0.0.1:61655] for GET '/session/70a0002450e6ad691f40475aacca7f88/screenshot'
21:27:20.679 [AsyncHttpClient-1-11] DEBUG org.asynchttpclient.netty.handler.HttpHandler - 

Request DefaultFullHttpRequest(decodeResult: success, version: HTTP/1.1, content: EmptyByteBufBE)
GET /session/70a0002450e6ad691f40475aacca7f88/screenshot HTTP/1.1
User-Agent: selenium/4.1.2 (java windows)
Cache-Control: no-cache
Content-Type: application/json; charset=utf-8
host: localhost:61655
accept: */*

Response DefaultHttpResponse(decodeResult: success, version: HTTP/1.1)
HTTP/1.1 200 OK
Content-Type: application/json; charset=utf-8
cache-control: no-cache
content-length: 53432

21:27:20.680 [AsyncHttpClient-1-11] DEBUG org.asynchttpclient.netty.channel.ChannelManager - Adding key: http://localhost:61655 for channel [id: 0xc03a89e3, L:/127.0.0.1:64228 - R:localhost/127.0.0.1:61655]
21:27:20.681 [main] DEBUG net.serenitybdd.core.photography.Darkroom - Send negative for processing for target\site\serenity\b11ab3c8b43035925f3ae935efa40ebd4bd826d4b5bc54264408e9e3caf90a13.png
21:27:20.681 [Darkroom Processing Line] DEBUG net.serenitybdd.core.photography.DarkroomProcessingLine - Processing screenshot image in /var/screenshots/screenshot-16657458545723412415
21:27:20.681 [Darkroom Processing Line] DEBUG net.serenitybdd.core.photography.DarkroomProcessingLine - Saving screenshot to target\site\serenity\b11ab3c8b43035925f3ae935efa40ebd4bd826d4b5bc54264408e9e3caf90a13.png
21:27:20.682 [main] INFO  - 
  _____   ___   ___   _____     ___     _     ___   ___   ___   ___  
 |_   _| | __| / __| |_   _|   | _ \   /_\   / __| / __| | __| |   \ 
   | |   | _|  \__ \   | |     |  _/  / _ \  \__ \ \__ \ | _|  | |) |
   |_|   |___| |___/   |_|     |_|   /_/ \_\ |___/ |___/ |___| |___/ 

Register with registered email
----------------------------------------------------------------------
21:27:20.683 [AsyncHttpClient-1-13] DEBUG org.asynchttpclient.netty.handler.WebSocketHandler - Channel Closed: [id: 0xbda9f822, L:/127.0.0.1:64237 ! R:localhost/127.0.0.1:64229] with attribute NettyResponseFuture{currentRetry=5,
	isDone=1,
	isCancelled=0,
	asyncHandler=org.asynchttpclient.ws.WebSocketUpgradeHandler@3c7b5b17,
	nettyRequest=org.asynchttpclient.netty.request.NettyRequest@2e01b550,
	future=java.util.concurrent.CompletableFuture@41ae9d61[Completed normally],
	uri=ws://localhost:64229/devtools/browser/4e4c9723-59aa-4e32-9561-4c8adace2876,
	keepAlive=true,
	redirectCount=0,
	timeoutsHolder=null,
	inAuth=0,
	touch=1667572036499}
21:27:20.683 [AsyncHttpClient-1-13] DEBUG org.asynchttpclient.netty.channel.ChannelManager - Closing Channel [id: 0xbda9f822, L:/127.0.0.1:64237 ! R:localhost/127.0.0.1:64229] 
21:27:20.683 [Driver Command Executor] DEBUG org.asynchttpclient.netty.request.NettyRequestSender - Using pooled Channel '[id: 0xc03a89e3, L:/127.0.0.1:64228 - R:localhost/127.0.0.1:61655]' for 'DELETE' to 'http://localhost:61655/session/70a0002450e6ad691f40475aacca7f88'
21:27:20.683 [Driver Command Executor] DEBUG org.asynchttpclient.netty.request.NettyRequestSender - Using open Channel [id: 0xc03a89e3, L:/127.0.0.1:64228 - R:localhost/127.0.0.1:61655] for DELETE '/session/70a0002450e6ad691f40475aacca7f88'
21:27:20.724 [AsyncHttpClient-1-12] DEBUG org.asynchttpclient.netty.handler.HttpHandler - Unexpected I/O exception on channel [id: 0x72788e7f, L:/127.0.0.1:64236 - R:localhost/127.0.0.1:64229]
java.net.SocketException: Connection reset
	at java.base/sun.nio.ch.SocketChannelImpl.throwConnectionReset(SocketChannelImpl.java:345)
	at java.base/sun.nio.ch.SocketChannelImpl.read(SocketChannelImpl.java:376)
	at io.netty.buffer.PooledByteBuf.setBytes(PooledByteBuf.java:258)
	at io.netty.buffer.AbstractByteBuf.writeBytes(AbstractByteBuf.java:1132)
	at io.netty.channel.socket.nio.NioSocketChannel.doReadBytes(NioSocketChannel.java:350)
	at io.netty.channel.nio.AbstractNioByteChannel$NioByteUnsafe.read(AbstractNioByteChannel.java:151)
	at io.netty.channel.nio.NioEventLoop.processSelectedKey(NioEventLoop.java:722)
	at io.netty.channel.nio.NioEventLoop.processSelectedKeysOptimized(NioEventLoop.java:658)
	at io.netty.channel.nio.NioEventLoop.processSelectedKeys(NioEventLoop.java:584)
	at io.netty.channel.nio.NioEventLoop.run(NioEventLoop.java:496)
	at io.netty.util.concurrent.SingleThreadEventExecutor$4.run(SingleThreadEventExecutor.java:986)
	at io.netty.util.internal.ThreadExecutorMap$2.run(ThreadExecutorMap.java:74)
	at io.netty.util.concurrent.FastThreadLocalRunnable.run(FastThreadLocalRunnable.java:30)
	at java.base/java.lang.Thread.run(Thread.java:830)
21:27:20.724 [AsyncHttpClient-1-12] DEBUG org.asynchttpclient.netty.channel.ChannelManager - Closing Channel [id: 0x72788e7f, L:/127.0.0.1:64236 - R:localhost/127.0.0.1:64229] 
21:27:20.725 [AsyncHttpClient-1-12] DEBUG org.asynchttpclient.netty.handler.HttpHandler - Channel Closed: [id: 0x72788e7f, L:/127.0.0.1:64236 ! R:localhost/127.0.0.1:64229] with attribute DISCARD
21:27:20.738 [AsyncHttpClient-1-11] DEBUG org.asynchttpclient.netty.handler.HttpHandler - 

Request DefaultFullHttpRequest(decodeResult: success, version: HTTP/1.1, content: EmptyByteBufBE)
DELETE /session/70a0002450e6ad691f40475aacca7f88 HTTP/1.1
User-Agent: selenium/4.1.2 (java windows)
Content-Type: application/json; charset=utf-8
host: localhost:61655
accept: */*

Response DefaultHttpResponse(decodeResult: success, version: HTTP/1.1)
HTTP/1.1 200 OK
Content-Type: application/json; charset=utf-8
cache-control: no-cache
content-length: 14

21:27:20.738 [AsyncHttpClient-1-11] DEBUG org.asynchttpclient.netty.channel.ChannelManager - Adding key: http://localhost:61655 for channel [id: 0xc03a89e3, L:/127.0.0.1:64228 - R:localhost/127.0.0.1:61655]
21:27:20.789 [AsyncHttpClient-1-11] DEBUG org.asynchttpclient.netty.handler.HttpHandler - Channel Closed: [id: 0xc03a89e3, L:/127.0.0.1:64228 ! R:localhost/127.0.0.1:61655] with attribute DISCARD
21:27:21.151 [AsyncHttpClient-1-1] DEBUG org.asynchttpclient.netty.channel.DefaultChannelPool - Entry count for : http://localhost:64229 : 1
21:27:21.151 [AsyncHttpClient-1-1] DEBUG org.asynchttpclient.netty.channel.DefaultChannelPool - Entry count for : http://localhost:61655 : 1
21:27:21.151 [AsyncHttpClient-1-1] DEBUG org.asynchttpclient.netty.channel.DefaultChannelPool - Adding Candidate expired Channel [id: 0x72788e7f, L:/127.0.0.1:64236 ! R:localhost/127.0.0.1:64229] isIdleTimeoutExpired=false isRemotelyClosed=true isTtlExpired=false
21:27:21.151 [AsyncHttpClient-1-1] DEBUG org.asynchttpclient.netty.channel.DefaultChannelPool - Closing Idle Channel [id: 0x72788e7f, L:/127.0.0.1:64236 ! R:localhost/127.0.0.1:64229]
21:27:21.151 [AsyncHttpClient-1-1] DEBUG org.asynchttpclient.netty.channel.DefaultChannelPool - Adding Candidate expired Channel [id: 0xc03a89e3, L:/127.0.0.1:64228 ! R:localhost/127.0.0.1:61655] isIdleTimeoutExpired=false isRemotelyClosed=true isTtlExpired=false
21:27:21.151 [AsyncHttpClient-1-1] DEBUG org.asynchttpclient.netty.channel.DefaultChannelPool - Closing Idle Channel [id: 0xc03a89e3, L:/127.0.0.1:64228 ! R:localhost/127.0.0.1:61655]
21:27:21.151 [AsyncHttpClient-1-1] DEBUG org.asynchttpclient.netty.channel.DefaultChannelPool - Closed 2 connections out of 2 in 0 ms
]]></system-out>
    <system-err><![CDATA[Starting ChromeDriver 106.0.5249.61 (511755355844955cd3e264779baf0dd38212a4d0-refs/branch-heads/5249@{#569}) on port 61655
Only local connections are allowed.
Please see https://chromedriver.chromium.org/security-considerations for suggestions on keeping ChromeDriver safe.
ChromeDriver was started successfully.
[1667572036.330][WARNING]: This version of ChromeDriver has not been tested with Chrome version 107.
Nov 04, 2022 9:27:16 PM org.openqa.selenium.remote.ProtocolHandshake createSession
INFO: Detected dialect: W3C
Nov 04, 2022 9:27:16 PM org.openqa.selenium.devtools.CdpVersionFinder findNearestMatch
WARNING: Unable to find an exact match for CDP version 107, so returning the closest version found: a no-op implementation
Nov 04, 2022 9:27:16 PM org.openqa.selenium.devtools.CdpVersionFinder findNearestMatch
INFO: Unable to find CDP implementation matching 107.
Nov 04, 2022 9:27:16 PM org.openqa.selenium.chromium.ChromiumDriver lambda$new$3
WARNING: Unable to find version of CDP to use for . You may need to include a dependency on a specific version of the CDP using something similar to `org.seleniumhq.selenium:selenium-devtools-v86:4.1.2` where the version ("v86") matches the version of the chromium-based browser you're using and the version number of the artifact is the same as Selenium's.
]]></system-err>
  </testcase>
  <testcase name="Register with username and email #1" classname="Register" time="5.917">
    <system-out><![CDATA[
@Register
Scenario Outline: Register with username and email &amp#27;[90m# src/test/resources/features/Register.feature:38&amp#27;[0m
21:27:21.311 [main] INFO io.cucumber.core.plugin.SerenityReporter - Running feature from file:///C:/Users/ASUS/Desktop/stupen/miniproject/Web/ASWeb/src/test/resources/features/Register.feature
21:27:21.313 [main] INFO  - 
  _____   ___   ___   _____     ___   _____     _     ___   _____   ___   ___  
 |_   _| | __| / __| |_   _|   / __| |_   _|   /_\   | _ \ |_   _| | __| |   \ 
   | |   | _|  \__ \   | |     \__ \   | |    / _ \  |   /   | |   | _|  | |) |
   |_|   |___| |___/   |_|     |___/   |_|   /_/ \_\ |_|_\   |_|   |___| |___/ 

Register with username and email(register;register-with-username-and-email)
--------------------------------------------------------------------------------
21:27:21.323 [main] INFO net.serenitybdd.core.webdriver.driverproviders.ChromeDriverProvider - Using automatically driver download
21:27:21.424 [main] DEBUG io.github.bonigarcia.wdm.cache.ResolutionCache - Resolution chrome=107 in cache (valid until 22:24:57 04/11/2022 WIB)
21:27:21.428 [main] DEBUG io.github.bonigarcia.wdm.cache.ResolutionCache - Resolution chrome107=107.0.5304.62 in cache (valid until 21:24:57 05/11/2022 WIB)
21:27:21.430 [main] INFO io.github.bonigarcia.wdm.WebDriverManager - Using chromedriver 107.0.5304.62 (resolved driver for Chrome 107)
21:27:21.438 [main] DEBUG io.github.bonigarcia.wdm.WebDriverManager - Driver chromedriver 107.0.5304.62 found in cache
21:27:21.438 [main] INFO io.github.bonigarcia.wdm.WebDriverManager - Exporting webdriver.chrome.driver as C:\Users\ASUS\.cache\selenium\chromedriver\win32\107.0.5304.62\chromedriver.exe
21:27:21.546 [main] DEBUG net.serenitybdd.core.webdriver.driverproviders.ProvideNewDriver - Instantiating driver
21:27:21.546 [main] DEBUG net.serenitybdd.core.webdriver.driverproviders.ProvideNewDriver - Driver capabilities: Capabilities {acceptInsecureCerts: false, base.url: https://alta-shop.vercel.app/, browserName: chrome, chrome.driver: src/test/resources/webdrive..., driver: chrome, goog:chromeOptions: {args: [], extensions: []}, wait.for.timeout: 10000}
21:27:22.081 [AsyncHttpClient-1-14] DEBUG org.asynchttpclient.netty.channel.NettyConnectListener - Using new Channel '[id: 0x9e7c64d3, L:/127.0.0.1:64256 - R:localhost/127.0.0.1:63111]' for 'POST' to '/session'
21:27:22.781 [AsyncHttpClient-1-14] DEBUG org.asynchttpclient.netty.handler.HttpHandler - 

Request DefaultHttpRequest(decodeResult: success, version: HTTP/1.1)
POST /session HTTP/1.1
User-Agent: selenium/4.1.2 (java windows)
Content-Length: 646
Content-Type: application/json; charset=utf-8
host: localhost:63111
accept: */*

Response DefaultHttpResponse(decodeResult: success, version: HTTP/1.1)
HTTP/1.1 200 OK
Content-Type: application/json; charset=utf-8
cache-control: no-cache
content-length: 789

21:27:22.781 [AsyncHttpClient-1-14] DEBUG org.asynchttpclient.netty.channel.ChannelManager - Adding key: http://localhost:63111 for channel [id: 0x9e7c64d3, L:/127.0.0.1:64256 - R:localhost/127.0.0.1:63111]
21:27:22.788 [AsyncHttpClient-1-15] DEBUG org.asynchttpclient.netty.channel.NettyConnectListener - Using new Channel '[id: 0xce22e4a1, L:/127.0.0.1:64264 - R:localhost/127.0.0.1:64257]' for 'GET' to '/json/version'
21:27:22.788 [AsyncHttpClient-1-15] DEBUG org.asynchttpclient.netty.handler.HttpHandler - 

Request DefaultFullHttpRequest(decodeResult: success, version: HTTP/1.1, content: EmptyByteBufBE)
GET /json/version HTTP/1.1
User-Agent: selenium/4.1.2 (java windows)
host: localhost:64257
accept: */*

Response DefaultHttpResponse(decodeResult: success, version: HTTP/1.1)
HTTP/1.1 200 OK
Content-Type: application/json; charset=UTF-8
content-length: 423

21:27:22.788 [AsyncHttpClient-1-15] DEBUG org.asynchttpclient.netty.channel.ChannelManager - Adding key: http://localhost:64257 for channel [id: 0xce22e4a1, L:/127.0.0.1:64264 - R:localhost/127.0.0.1:64257]
21:27:22.791 [AsyncHttpClient-1-16] DEBUG org.asynchttpclient.netty.channel.NettyConnectListener - Using new Channel '[id: 0x36d44a4e, L:/127.0.0.1:64265 - R:localhost/127.0.0.1:64257]' for 'GET' to '/devtools/browser/a3474e91-4111-4735-a42b-95e3ae0345be'
21:27:22.791 [AsyncHttpClient-1-16] DEBUG org.asynchttpclient.netty.handler.WebSocketHandler - 

Request DefaultFullHttpRequest(decodeResult: success, version: HTTP/1.1, content: EmptyByteBufBE)
GET /devtools/browser/a3474e91-4111-4735-a42b-95e3ae0345be HTTP/1.1
upgrade: websocket
connection: upgrade
sec-websocket-key: xJoUnineO7BQvxgnKJmoGw==
sec-websocket-version: 13
origin: http://localhost:64257
host: localhost:64257
accept: */*
user-agent: AHC/2.1

Response DefaultHttpResponse(decodeResult: success, version: HTTP/1.1)
HTTP/1.1 101 WebSocket Protocol Handshake
Upgrade: WebSocket
Connection: Upgrade
Sec-WebSocket-Accept: sYDRaD2+hHUrLInqyH2cjAq63RM=

21:27:22.794 [Forwarding get on session 55b32e4e00764dc32e6ef586eab3ac2f to remote] DEBUG org.asynchttpclient.netty.request.NettyRequestSender - Using pooled Channel '[id: 0x9e7c64d3, L:/127.0.0.1:64256 - R:localhost/127.0.0.1:63111]' for 'POST' to 'http://localhost:63111/session/55b32e4e00764dc32e6ef586eab3ac2f/url'
21:27:22.794 [Forwarding get on session 55b32e4e00764dc32e6ef586eab3ac2f to remote] DEBUG org.asynchttpclient.netty.request.NettyRequestSender - Using open Channel [id: 0x9e7c64d3, L:/127.0.0.1:64256 - R:localhost/127.0.0.1:63111] for POST '/session/55b32e4e00764dc32e6ef586eab3ac2f/url'
21:27:23.326 [AsyncHttpClient-1-14] DEBUG org.asynchttpclient.netty.handler.HttpHandler - 

Request DefaultHttpRequest(decodeResult: success, version: HTTP/1.1)
POST /session/55b32e4e00764dc32e6ef586eab3ac2f/url HTTP/1.1
User-Agent: selenium/4.1.2 (java windows)
Content-Length: 77
Content-Type: application/json; charset=utf-8
host: localhost:63111
accept: */*

Response DefaultHttpResponse(decodeResult: success, version: HTTP/1.1)
HTTP/1.1 200 OK
Content-Type: application/json; charset=utf-8
cache-control: no-cache
content-length: 14

21:27:23.326 [AsyncHttpClient-1-14] DEBUG org.asynchttpclient.netty.channel.ChannelManager - Adding key: http://localhost:63111 for channel [id: 0x9e7c64d3, L:/127.0.0.1:64256 - R:localhost/127.0.0.1:63111]
21:27:23.327 [Forwarding setTimeout on session 55b32e4e00764dc32e6ef586eab3ac2f to remote] DEBUG org.asynchttpclient.netty.request.NettyRequestSender - Using pooled Channel '[id: 0x9e7c64d3, L:/127.0.0.1:64256 - R:localhost/127.0.0.1:63111]' for 'POST' to 'http://localhost:63111/session/55b32e4e00764dc32e6ef586eab3ac2f/timeouts'
21:27:23.327 [Forwarding setTimeout on session 55b32e4e00764dc32e6ef586eab3ac2f to remote] DEBUG org.asynchttpclient.netty.request.NettyRequestSender - Using open Channel [id: 0x9e7c64d3, L:/127.0.0.1:64256 - R:localhost/127.0.0.1:63111] for POST '/session/55b32e4e00764dc32e6ef586eab3ac2f/timeouts'
21:27:23.328 [AsyncHttpClient-1-14] DEBUG org.asynchttpclient.netty.handler.HttpHandler - 

Request DefaultHttpRequest(decodeResult: success, version: HTTP/1.1)
POST /session/55b32e4e00764dc32e6ef586eab3ac2f/timeouts HTTP/1.1
User-Agent: selenium/4.1.2 (java windows)
Content-Length: 22
Content-Type: application/json; charset=utf-8
host: localhost:63111
accept: */*

Response DefaultHttpResponse(decodeResult: success, version: HTTP/1.1)
HTTP/1.1 200 OK
Content-Type: application/json; charset=utf-8
cache-control: no-cache
content-length: 14

21:27:23.328 [AsyncHttpClient-1-14] DEBUG org.asynchttpclient.netty.channel.ChannelManager - Adding key: http://localhost:63111 for channel [id: 0x9e7c64d3, L:/127.0.0.1:64256 - R:localhost/127.0.0.1:63111]
21:27:23.329 [Forwarding getCurrentUrl on session 55b32e4e00764dc32e6ef586eab3ac2f to remote] DEBUG org.asynchttpclient.netty.request.NettyRequestSender - Using pooled Channel '[id: 0x9e7c64d3, L:/127.0.0.1:64256 - R:localhost/127.0.0.1:63111]' for 'GET' to 'http://localhost:63111/session/55b32e4e00764dc32e6ef586eab3ac2f/url'
21:27:23.329 [Forwarding getCurrentUrl on session 55b32e4e00764dc32e6ef586eab3ac2f to remote] DEBUG org.asynchttpclient.netty.request.NettyRequestSender - Using open Channel [id: 0x9e7c64d3, L:/127.0.0.1:64256 - R:localhost/127.0.0.1:63111] for GET '/session/55b32e4e00764dc32e6ef586eab3ac2f/url'
21:27:23.334 [AsyncHttpClient-1-14] DEBUG org.asynchttpclient.netty.handler.HttpHandler - 

Request DefaultFullHttpRequest(decodeResult: success, version: HTTP/1.1, content: EmptyByteBufBE)
GET /session/55b32e4e00764dc32e6ef586eab3ac2f/url HTTP/1.1
User-Agent: selenium/4.1.2 (java windows)
Cache-Control: no-cache
Content-Type: application/json; charset=utf-8
host: localhost:63111
accept: */*

Response DefaultHttpResponse(decodeResult: success, version: HTTP/1.1)
HTTP/1.1 200 OK
Content-Type: application/json; charset=utf-8
cache-control: no-cache
content-length: 54

21:27:23.334 [AsyncHttpClient-1-14] DEBUG org.asynchttpclient.netty.channel.ChannelManager - Adding key: http://localhost:63111 for channel [id: 0x9e7c64d3, L:/127.0.0.1:64256 - R:localhost/127.0.0.1:63111]
  &amp#27;[32mGiven &amp#27;[0m&amp#27;[32mI open register page&amp#27;[0m                       &amp#27;[90m# starter.stepdefinitions.RegisterSteps.iOpenRegisterPage()&amp#27;[0m
21:27:23.338 [Forwarding screenshot on session 55b32e4e00764dc32e6ef586eab3ac2f to remote] DEBUG org.asynchttpclient.netty.request.NettyRequestSender - Using pooled Channel '[id: 0x9e7c64d3, L:/127.0.0.1:64256 - R:localhost/127.0.0.1:63111]' for 'GET' to 'http://localhost:63111/session/55b32e4e00764dc32e6ef586eab3ac2f/screenshot'
21:27:23.339 [Forwarding screenshot on session 55b32e4e00764dc32e6ef586eab3ac2f to remote] DEBUG org.asynchttpclient.netty.request.NettyRequestSender - Using open Channel [id: 0x9e7c64d3, L:/127.0.0.1:64256 - R:localhost/127.0.0.1:63111] for GET '/session/55b32e4e00764dc32e6ef586eab3ac2f/screenshot'
21:27:23.350 [AsyncHttpClient-1-1] DEBUG org.asynchttpclient.netty.channel.DefaultChannelPool - Entry count for : http://localhost:64257 : 1
21:27:23.713 [AsyncHttpClient-1-14] DEBUG org.asynchttpclient.netty.handler.HttpHandler - 

Request DefaultFullHttpRequest(decodeResult: success, version: HTTP/1.1, content: EmptyByteBufBE)
GET /session/55b32e4e00764dc32e6ef586eab3ac2f/screenshot HTTP/1.1
User-Agent: selenium/4.1.2 (java windows)
Cache-Control: no-cache
Content-Type: application/json; charset=utf-8
host: localhost:63111
accept: */*

Response DefaultHttpResponse(decodeResult: success, version: HTTP/1.1)
HTTP/1.1 200 OK
Content-Type: application/json; charset=utf-8
cache-control: no-cache
content-length: 45380

21:27:23.713 [AsyncHttpClient-1-14] DEBUG org.asynchttpclient.netty.channel.ChannelManager - Adding key: http://localhost:63111 for channel [id: 0x9e7c64d3, L:/127.0.0.1:64256 - R:localhost/127.0.0.1:63111]
21:27:23.714 [main] DEBUG net.serenitybdd.core.photography.Darkroom - Send negative for processing for target\site\serenity\74af2a90e11b4e8cdcc90c8b8f2efe0850d173caaf4338fdd4e69cc971e1b305.png
21:27:23.725 [Forwarding findElement on session 55b32e4e00764dc32e6ef586eab3ac2f to remote] DEBUG org.asynchttpclient.netty.request.NettyRequestSender - Using pooled Channel '[id: 0x9e7c64d3, L:/127.0.0.1:64256 - R:localhost/127.0.0.1:63111]' for 'POST' to 'http://localhost:63111/session/55b32e4e00764dc32e6ef586eab3ac2f/element'
21:27:23.725 [Forwarding findElement on session 55b32e4e00764dc32e6ef586eab3ac2f to remote] DEBUG org.asynchttpclient.netty.request.NettyRequestSender - Using open Channel [id: 0x9e7c64d3, L:/127.0.0.1:64256 - R:localhost/127.0.0.1:63111] for POST '/session/55b32e4e00764dc32e6ef586eab3ac2f/element'
21:27:23.736 [AsyncHttpClient-1-14] DEBUG org.asynchttpclient.netty.handler.HttpHandler - 

Request DefaultHttpRequest(decodeResult: success, version: HTTP/1.1)
POST /session/55b32e4e00764dc32e6ef586eab3ac2f/element HTTP/1.1
User-Agent: selenium/4.1.2 (java windows)
Content-Length: 94
Content-Type: application/json; charset=utf-8
host: localhost:63111
accept: */*

Response DefaultHttpResponse(decodeResult: success, version: HTTP/1.1)
HTTP/1.1 200 OK
Content-Type: application/json; charset=utf-8
cache-control: no-cache
content-length: 88

21:27:23.736 [AsyncHttpClient-1-14] DEBUG org.asynchttpclient.netty.channel.ChannelManager - Adding key: http://localhost:63111 for channel [id: 0x9e7c64d3, L:/127.0.0.1:64256 - R:localhost/127.0.0.1:63111]
21:27:23.737 [Forwarding clearElement on session 55b32e4e00764dc32e6ef586eab3ac2f to remote] DEBUG org.asynchttpclient.netty.request.NettyRequestSender - Using pooled Channel '[id: 0x9e7c64d3, L:/127.0.0.1:64256 - R:localhost/127.0.0.1:63111]' for 'POST' to 'http://localhost:63111/session/55b32e4e00764dc32e6ef586eab3ac2f/element/c08b747e-a473-4409-ad1e-41135cd95da7/clear'
21:27:23.737 [Forwarding clearElement on session 55b32e4e00764dc32e6ef586eab3ac2f to remote] DEBUG org.asynchttpclient.netty.request.NettyRequestSender - Using open Channel [id: 0x9e7c64d3, L:/127.0.0.1:64256 - R:localhost/127.0.0.1:63111] for POST '/session/55b32e4e00764dc32e6ef586eab3ac2f/element/c08b747e-a473-4409-ad1e-41135cd95da7/clear'
21:27:23.768 [AsyncHttpClient-1-14] DEBUG org.asynchttpclient.netty.handler.HttpHandler - 

Request DefaultHttpRequest(decodeResult: success, version: HTTP/1.1)
POST /session/55b32e4e00764dc32e6ef586eab3ac2f/element/c08b747e-a473-4409-ad1e-41135cd95da7/clear HTTP/1.1
User-Agent: selenium/4.1.2 (java windows)
Content-Length: 50
Content-Type: application/json; charset=utf-8
host: localhost:63111
accept: */*

Response DefaultHttpResponse(decodeResult: success, version: HTTP/1.1)
HTTP/1.1 200 OK
Content-Type: application/json; charset=utf-8
cache-control: no-cache
content-length: 14

21:27:23.768 [AsyncHttpClient-1-14] DEBUG org.asynchttpclient.netty.channel.ChannelManager - Adding key: http://localhost:63111 for channel [id: 0x9e7c64d3, L:/127.0.0.1:64256 - R:localhost/127.0.0.1:63111]
21:27:23.770 [Forwarding sendKeysToElement on session 55b32e4e00764dc32e6ef586eab3ac2f to remote] DEBUG org.asynchttpclient.netty.request.NettyRequestSender - Using pooled Channel '[id: 0x9e7c64d3, L:/127.0.0.1:64256 - R:localhost/127.0.0.1:63111]' for 'POST' to 'http://localhost:63111/session/55b32e4e00764dc32e6ef586eab3ac2f/element/c08b747e-a473-4409-ad1e-41135cd95da7/value'
21:27:23.770 [Forwarding sendKeysToElement on session 55b32e4e00764dc32e6ef586eab3ac2f to remote] DEBUG org.asynchttpclient.netty.request.NettyRequestSender - Using open Channel [id: 0x9e7c64d3, L:/127.0.0.1:64256 - R:localhost/127.0.0.1:63111] for POST '/session/55b32e4e00764dc32e6ef586eab3ac2f/element/c08b747e-a473-4409-ad1e-41135cd95da7/value'
21:27:23.808 [AsyncHttpClient-1-14] DEBUG org.asynchttpclient.netty.handler.HttpHandler - 

Request DefaultHttpRequest(decodeResult: success, version: HTTP/1.1)
POST /session/55b32e4e00764dc32e6ef586eab3ac2f/element/c08b747e-a473-4409-ad1e-41135cd95da7/value HTTP/1.1
User-Agent: selenium/4.1.2 (java windows)
Content-Length: 82
Content-Type: application/json; charset=utf-8
host: localhost:63111
accept: */*

Response DefaultHttpResponse(decodeResult: success, version: HTTP/1.1)
HTTP/1.1 200 OK
Content-Type: application/json; charset=utf-8
cache-control: no-cache
content-length: 14

21:27:23.808 [AsyncHttpClient-1-14] DEBUG org.asynchttpclient.netty.channel.ChannelManager - Adding key: http://localhost:63111 for channel [id: 0x9e7c64d3, L:/127.0.0.1:64256 - R:localhost/127.0.0.1:63111]
  &amp#27;[32mWhen &amp#27;[0m&amp#27;[32mI insert &amp#27;[0m&amp#27;[32m&amp#27;[1m""&amp#27;[0m&amp#27;[32m as full name&amp#27;[0m                    &amp#27;[90m# starter.stepdefinitions.RegisterSteps.iInsertFullnameAsFullName(java.lang.String)&amp#27;[0m
21:27:23.815 [Forwarding screenshot on session 55b32e4e00764dc32e6ef586eab3ac2f to remote] DEBUG org.asynchttpclient.netty.request.NettyRequestSender - Using pooled Channel '[id: 0x9e7c64d3, L:/127.0.0.1:64256 - R:localhost/127.0.0.1:63111]' for 'GET' to 'http://localhost:63111/session/55b32e4e00764dc32e6ef586eab3ac2f/screenshot'
21:27:23.815 [Forwarding screenshot on session 55b32e4e00764dc32e6ef586eab3ac2f to remote] DEBUG org.asynchttpclient.netty.request.NettyRequestSender - Using open Channel [id: 0x9e7c64d3, L:/127.0.0.1:64256 - R:localhost/127.0.0.1:63111] for GET '/session/55b32e4e00764dc32e6ef586eab3ac2f/screenshot'
21:27:23.951 [AsyncHttpClient-1-14] DEBUG org.asynchttpclient.netty.handler.HttpHandler - 

Request DefaultFullHttpRequest(decodeResult: success, version: HTTP/1.1, content: EmptyByteBufBE)
GET /session/55b32e4e00764dc32e6ef586eab3ac2f/screenshot HTTP/1.1
User-Agent: selenium/4.1.2 (java windows)
Cache-Control: no-cache
Content-Type: application/json; charset=utf-8
host: localhost:63111
accept: */*

Response DefaultHttpResponse(decodeResult: success, version: HTTP/1.1)
HTTP/1.1 200 OK
Content-Type: application/json; charset=utf-8
cache-control: no-cache
content-length: 45828

21:27:23.952 [AsyncHttpClient-1-14] DEBUG org.asynchttpclient.netty.channel.ChannelManager - Adding key: http://localhost:63111 for channel [id: 0x9e7c64d3, L:/127.0.0.1:64256 - R:localhost/127.0.0.1:63111]
21:27:23.953 [main] DEBUG net.serenitybdd.core.photography.Darkroom - Send negative for processing for target\site\serenity\e028b7ff9d088413e55aaf6e735f1b725b7c3683d9b04a86fbe57f1e29245373.png
21:27:23.954 [Darkroom Processing Line] DEBUG net.serenitybdd.core.photography.DarkroomProcessingLine - Processing screenshot image in /var/screenshots/screenshot-1315435265749793168
21:27:23.954 [Darkroom Processing Line] DEBUG net.serenitybdd.core.photography.DarkroomProcessingLine - Saving screenshot to target\site\serenity\e028b7ff9d088413e55aaf6e735f1b725b7c3683d9b04a86fbe57f1e29245373.png
21:27:23.960 [Forwarding findElement on session 55b32e4e00764dc32e6ef586eab3ac2f to remote] DEBUG org.asynchttpclient.netty.request.NettyRequestSender - Using pooled Channel '[id: 0x9e7c64d3, L:/127.0.0.1:64256 - R:localhost/127.0.0.1:63111]' for 'POST' to 'http://localhost:63111/session/55b32e4e00764dc32e6ef586eab3ac2f/element'
21:27:23.961 [Forwarding findElement on session 55b32e4e00764dc32e6ef586eab3ac2f to remote] DEBUG org.asynchttpclient.netty.request.NettyRequestSender - Using open Channel [id: 0x9e7c64d3, L:/127.0.0.1:64256 - R:localhost/127.0.0.1:63111] for POST '/session/55b32e4e00764dc32e6ef586eab3ac2f/element'
21:27:23.970 [AsyncHttpClient-1-14] DEBUG org.asynchttpclient.netty.handler.HttpHandler - 

Request DefaultHttpRequest(decodeResult: success, version: HTTP/1.1)
POST /session/55b32e4e00764dc32e6ef586eab3ac2f/element HTTP/1.1
User-Agent: selenium/4.1.2 (java windows)
Content-Length: 87
Content-Type: application/json; charset=utf-8
host: localhost:63111
accept: */*

Response DefaultHttpResponse(decodeResult: success, version: HTTP/1.1)
HTTP/1.1 200 OK
Content-Type: application/json; charset=utf-8
cache-control: no-cache
content-length: 88

21:27:23.970 [AsyncHttpClient-1-14] DEBUG org.asynchttpclient.netty.channel.ChannelManager - Adding key: http://localhost:63111 for channel [id: 0x9e7c64d3, L:/127.0.0.1:64256 - R:localhost/127.0.0.1:63111]
21:27:23.971 [Forwarding clearElement on session 55b32e4e00764dc32e6ef586eab3ac2f to remote] DEBUG org.asynchttpclient.netty.request.NettyRequestSender - Using pooled Channel '[id: 0x9e7c64d3, L:/127.0.0.1:64256 - R:localhost/127.0.0.1:63111]' for 'POST' to 'http://localhost:63111/session/55b32e4e00764dc32e6ef586eab3ac2f/element/9a84f5a3-7fbe-4c8a-a68d-bcc44f55d444/clear'
21:27:23.971 [Forwarding clearElement on session 55b32e4e00764dc32e6ef586eab3ac2f to remote] DEBUG org.asynchttpclient.netty.request.NettyRequestSender - Using open Channel [id: 0x9e7c64d3, L:/127.0.0.1:64256 - R:localhost/127.0.0.1:63111] for POST '/session/55b32e4e00764dc32e6ef586eab3ac2f/element/9a84f5a3-7fbe-4c8a-a68d-bcc44f55d444/clear'
21:27:24.002 [AsyncHttpClient-1-14] DEBUG org.asynchttpclient.netty.handler.HttpHandler - 

Request DefaultHttpRequest(decodeResult: success, version: HTTP/1.1)
POST /session/55b32e4e00764dc32e6ef586eab3ac2f/element/9a84f5a3-7fbe-4c8a-a68d-bcc44f55d444/clear HTTP/1.1
User-Agent: selenium/4.1.2 (java windows)
Content-Length: 50
Content-Type: application/json; charset=utf-8
host: localhost:63111
accept: */*

Response DefaultHttpResponse(decodeResult: success, version: HTTP/1.1)
HTTP/1.1 200 OK
Content-Type: application/json; charset=utf-8
cache-control: no-cache
content-length: 14

21:27:24.002 [AsyncHttpClient-1-14] DEBUG org.asynchttpclient.netty.channel.ChannelManager - Adding key: http://localhost:63111 for channel [id: 0x9e7c64d3, L:/127.0.0.1:64256 - R:localhost/127.0.0.1:63111]
21:27:24.003 [Forwarding sendKeysToElement on session 55b32e4e00764dc32e6ef586eab3ac2f to remote] DEBUG org.asynchttpclient.netty.request.NettyRequestSender - Using pooled Channel '[id: 0x9e7c64d3, L:/127.0.0.1:64256 - R:localhost/127.0.0.1:63111]' for 'POST' to 'http://localhost:63111/session/55b32e4e00764dc32e6ef586eab3ac2f/element/9a84f5a3-7fbe-4c8a-a68d-bcc44f55d444/value'
21:27:24.003 [Forwarding sendKeysToElement on session 55b32e4e00764dc32e6ef586eab3ac2f to remote] DEBUG org.asynchttpclient.netty.request.NettyRequestSender - Using open Channel [id: 0x9e7c64d3, L:/127.0.0.1:64256 - R:localhost/127.0.0.1:63111] for POST '/session/55b32e4e00764dc32e6ef586eab3ac2f/element/9a84f5a3-7fbe-4c8a-a68d-bcc44f55d444/value'
21:27:24.094 [AsyncHttpClient-1-14] DEBUG org.asynchttpclient.netty.handler.HttpHandler - 

Request DefaultHttpRequest(decodeResult: success, version: HTTP/1.1)
POST /session/55b32e4e00764dc32e6ef586eab3ac2f/element/9a84f5a3-7fbe-4c8a-a68d-bcc44f55d444/value HTTP/1.1
User-Agent: selenium/4.1.2 (java windows)
Content-Length: 231
Content-Type: application/json; charset=utf-8
host: localhost:63111
accept: */*

Response DefaultHttpResponse(decodeResult: success, version: HTTP/1.1)
HTTP/1.1 200 OK
Content-Type: application/json; charset=utf-8
cache-control: no-cache
content-length: 14

21:27:24.094 [AsyncHttpClient-1-14] DEBUG org.asynchttpclient.netty.channel.ChannelManager - Adding key: http://localhost:63111 for channel [id: 0x9e7c64d3, L:/127.0.0.1:64256 - R:localhost/127.0.0.1:63111]
  &amp#27;[32mAnd &amp#27;[0m&amp#27;[32mI insert &amp#27;[0m&amp#27;[32m&amp#27;[1m"simail@mail.com"&amp#27;[0m&amp#27;[32m as email&amp#27;[0m          &amp#27;[90m# starter.stepdefinitions.RegisterSteps.iInsertEmailAsEmail(java.lang.String)&amp#27;[0m
21:27:24.101 [Forwarding screenshot on session 55b32e4e00764dc32e6ef586eab3ac2f to remote] DEBUG org.asynchttpclient.netty.request.NettyRequestSender - Using pooled Channel '[id: 0x9e7c64d3, L:/127.0.0.1:64256 - R:localhost/127.0.0.1:63111]' for 'GET' to 'http://localhost:63111/session/55b32e4e00764dc32e6ef586eab3ac2f/screenshot'
21:27:24.101 [Forwarding screenshot on session 55b32e4e00764dc32e6ef586eab3ac2f to remote] DEBUG org.asynchttpclient.netty.request.NettyRequestSender - Using open Channel [id: 0x9e7c64d3, L:/127.0.0.1:64256 - R:localhost/127.0.0.1:63111] for GET '/session/55b32e4e00764dc32e6ef586eab3ac2f/screenshot'
21:27:24.242 [AsyncHttpClient-1-14] DEBUG org.asynchttpclient.netty.handler.HttpHandler - 

Request DefaultFullHttpRequest(decodeResult: success, version: HTTP/1.1, content: EmptyByteBufBE)
GET /session/55b32e4e00764dc32e6ef586eab3ac2f/screenshot HTTP/1.1
User-Agent: selenium/4.1.2 (java windows)
Cache-Control: no-cache
Content-Type: application/json; charset=utf-8
host: localhost:63111
accept: */*

Response DefaultHttpResponse(decodeResult: success, version: HTTP/1.1)
HTTP/1.1 200 OK
Content-Type: application/json; charset=utf-8
cache-control: no-cache
content-length: 53120

21:27:24.242 [AsyncHttpClient-1-14] DEBUG org.asynchttpclient.netty.channel.ChannelManager - Adding key: http://localhost:63111 for channel [id: 0x9e7c64d3, L:/127.0.0.1:64256 - R:localhost/127.0.0.1:63111]
21:27:24.244 [main] DEBUG net.serenitybdd.core.photography.Darkroom - Send negative for processing for target\site\serenity\1611bab8713b26ba417633d2da45e83672b0c4878e295e2007660554f98379e1.png
21:27:24.244 [Darkroom Processing Line] DEBUG net.serenitybdd.core.photography.DarkroomProcessingLine - Processing screenshot image in /var/screenshots/screenshot-4692129491189244141
21:27:24.244 [Darkroom Processing Line] DEBUG net.serenitybdd.core.photography.DarkroomProcessingLine - Saving screenshot to target\site\serenity\1611bab8713b26ba417633d2da45e83672b0c4878e295e2007660554f98379e1.png
21:27:24.250 [Forwarding findElement on session 55b32e4e00764dc32e6ef586eab3ac2f to remote] DEBUG org.asynchttpclient.netty.request.NettyRequestSender - Using pooled Channel '[id: 0x9e7c64d3, L:/127.0.0.1:64256 - R:localhost/127.0.0.1:63111]' for 'POST' to 'http://localhost:63111/session/55b32e4e00764dc32e6ef586eab3ac2f/element'
21:27:24.250 [Forwarding findElement on session 55b32e4e00764dc32e6ef586eab3ac2f to remote] DEBUG org.asynchttpclient.netty.request.NettyRequestSender - Using open Channel [id: 0x9e7c64d3, L:/127.0.0.1:64256 - R:localhost/127.0.0.1:63111] for POST '/session/55b32e4e00764dc32e6ef586eab3ac2f/element'
21:27:24.261 [AsyncHttpClient-1-14] DEBUG org.asynchttpclient.netty.handler.HttpHandler - 

Request DefaultHttpRequest(decodeResult: success, version: HTTP/1.1)
POST /session/55b32e4e00764dc32e6ef586eab3ac2f/element HTTP/1.1
User-Agent: selenium/4.1.2 (java windows)
Content-Length: 90
Content-Type: application/json; charset=utf-8
host: localhost:63111
accept: */*

Response DefaultHttpResponse(decodeResult: success, version: HTTP/1.1)
HTTP/1.1 200 OK
Content-Type: application/json; charset=utf-8
cache-control: no-cache
content-length: 88

21:27:24.261 [AsyncHttpClient-1-14] DEBUG org.asynchttpclient.netty.channel.ChannelManager - Adding key: http://localhost:63111 for channel [id: 0x9e7c64d3, L:/127.0.0.1:64256 - R:localhost/127.0.0.1:63111]
21:27:24.262 [Forwarding clearElement on session 55b32e4e00764dc32e6ef586eab3ac2f to remote] DEBUG org.asynchttpclient.netty.request.NettyRequestSender - Using pooled Channel '[id: 0x9e7c64d3, L:/127.0.0.1:64256 - R:localhost/127.0.0.1:63111]' for 'POST' to 'http://localhost:63111/session/55b32e4e00764dc32e6ef586eab3ac2f/element/4e5d18df-f6ea-4e4b-8407-6218fd652fe1/clear'
21:27:24.262 [Forwarding clearElement on session 55b32e4e00764dc32e6ef586eab3ac2f to remote] DEBUG org.asynchttpclient.netty.request.NettyRequestSender - Using open Channel [id: 0x9e7c64d3, L:/127.0.0.1:64256 - R:localhost/127.0.0.1:63111] for POST '/session/55b32e4e00764dc32e6ef586eab3ac2f/element/4e5d18df-f6ea-4e4b-8407-6218fd652fe1/clear'
21:27:24.293 [AsyncHttpClient-1-14] DEBUG org.asynchttpclient.netty.handler.HttpHandler - 

Request DefaultHttpRequest(decodeResult: success, version: HTTP/1.1)
POST /session/55b32e4e00764dc32e6ef586eab3ac2f/element/4e5d18df-f6ea-4e4b-8407-6218fd652fe1/clear HTTP/1.1
User-Agent: selenium/4.1.2 (java windows)
Content-Length: 50
Content-Type: application/json; charset=utf-8
host: localhost:63111
accept: */*

Response DefaultHttpResponse(decodeResult: success, version: HTTP/1.1)
HTTP/1.1 200 OK
Content-Type: application/json; charset=utf-8
cache-control: no-cache
content-length: 14

21:27:24.293 [AsyncHttpClient-1-14] DEBUG org.asynchttpclient.netty.channel.ChannelManager - Adding key: http://localhost:63111 for channel [id: 0x9e7c64d3, L:/127.0.0.1:64256 - R:localhost/127.0.0.1:63111]
21:27:24.294 [Forwarding sendKeysToElement on session 55b32e4e00764dc32e6ef586eab3ac2f to remote] DEBUG org.asynchttpclient.netty.request.NettyRequestSender - Using pooled Channel '[id: 0x9e7c64d3, L:/127.0.0.1:64256 - R:localhost/127.0.0.1:63111]' for 'POST' to 'http://localhost:63111/session/55b32e4e00764dc32e6ef586eab3ac2f/element/4e5d18df-f6ea-4e4b-8407-6218fd652fe1/value'
21:27:24.294 [Forwarding sendKeysToElement on session 55b32e4e00764dc32e6ef586eab3ac2f to remote] DEBUG org.asynchttpclient.netty.request.NettyRequestSender - Using open Channel [id: 0x9e7c64d3, L:/127.0.0.1:64256 - R:localhost/127.0.0.1:63111] for POST '/session/55b32e4e00764dc32e6ef586eab3ac2f/element/4e5d18df-f6ea-4e4b-8407-6218fd652fe1/value'
21:27:24.362 [AsyncHttpClient-1-14] DEBUG org.asynchttpclient.netty.handler.HttpHandler - 

Request DefaultHttpRequest(decodeResult: success, version: HTTP/1.1)
POST /session/55b32e4e00764dc32e6ef586eab3ac2f/element/4e5d18df-f6ea-4e4b-8407-6218fd652fe1/value HTTP/1.1
User-Agent: selenium/4.1.2 (java windows)
Content-Length: 131
Content-Type: application/json; charset=utf-8
host: localhost:63111
accept: */*

Response DefaultHttpResponse(decodeResult: success, version: HTTP/1.1)
HTTP/1.1 200 OK
Content-Type: application/json; charset=utf-8
cache-control: no-cache
content-length: 14

21:27:24.362 [AsyncHttpClient-1-14] DEBUG org.asynchttpclient.netty.channel.ChannelManager - Adding key: http://localhost:63111 for channel [id: 0x9e7c64d3, L:/127.0.0.1:64256 - R:localhost/127.0.0.1:63111]
  &amp#27;[32mAnd &amp#27;[0m&amp#27;[32mI insert &amp#27;[0m&amp#27;[32m&amp#27;[1m"mmail"&amp#27;[0m&amp#27;[32m as password&amp#27;[0m                 &amp#27;[90m# starter.stepdefinitions.RegisterSteps.iInsertPasswordAsPassword(java.lang.String)&amp#27;[0m
21:27:24.366 [Forwarding screenshot on session 55b32e4e00764dc32e6ef586eab3ac2f to remote] DEBUG org.asynchttpclient.netty.request.NettyRequestSender - Using pooled Channel '[id: 0x9e7c64d3, L:/127.0.0.1:64256 - R:localhost/127.0.0.1:63111]' for 'GET' to 'http://localhost:63111/session/55b32e4e00764dc32e6ef586eab3ac2f/screenshot'
21:27:24.366 [Forwarding screenshot on session 55b32e4e00764dc32e6ef586eab3ac2f to remote] DEBUG org.asynchttpclient.netty.request.NettyRequestSender - Using open Channel [id: 0x9e7c64d3, L:/127.0.0.1:64256 - R:localhost/127.0.0.1:63111] for GET '/session/55b32e4e00764dc32e6ef586eab3ac2f/screenshot'
21:27:24.455 [AsyncHttpClient-1-1] DEBUG org.asynchttpclient.netty.channel.DefaultChannelPool - Entry count for : http://localhost:64257 : 1
21:27:24.527 [AsyncHttpClient-1-14] DEBUG org.asynchttpclient.netty.handler.HttpHandler - 

Request DefaultFullHttpRequest(decodeResult: success, version: HTTP/1.1, content: EmptyByteBufBE)
GET /session/55b32e4e00764dc32e6ef586eab3ac2f/screenshot HTTP/1.1
User-Agent: selenium/4.1.2 (java windows)
Cache-Control: no-cache
Content-Type: application/json; charset=utf-8
host: localhost:63111
accept: */*

Response DefaultHttpResponse(decodeResult: success, version: HTTP/1.1)
HTTP/1.1 200 OK
Content-Type: application/json; charset=utf-8
cache-control: no-cache
content-length: 52548

21:27:24.528 [AsyncHttpClient-1-14] DEBUG org.asynchttpclient.netty.channel.ChannelManager - Adding key: http://localhost:63111 for channel [id: 0x9e7c64d3, L:/127.0.0.1:64256 - R:localhost/127.0.0.1:63111]
21:27:24.529 [main] DEBUG net.serenitybdd.core.photography.Darkroom - Send negative for processing for target\site\serenity\697f17fafdb44e2caa5d8ca2f4933f360250726b4c5edccaf87be92834f22862.png
21:27:24.530 [Darkroom Processing Line] DEBUG net.serenitybdd.core.photography.DarkroomProcessingLine - Processing screenshot image in /var/screenshots/screenshot-4710065557852487348
21:27:24.530 [Darkroom Processing Line] DEBUG net.serenitybdd.core.photography.DarkroomProcessingLine - Saving screenshot to target\site\serenity\697f17fafdb44e2caa5d8ca2f4933f360250726b4c5edccaf87be92834f22862.png
21:27:24.537 [Forwarding findElement on session 55b32e4e00764dc32e6ef586eab3ac2f to remote] DEBUG org.asynchttpclient.netty.request.NettyRequestSender - Using pooled Channel '[id: 0x9e7c64d3, L:/127.0.0.1:64256 - R:localhost/127.0.0.1:63111]' for 'POST' to 'http://localhost:63111/session/55b32e4e00764dc32e6ef586eab3ac2f/element'
21:27:24.537 [Forwarding findElement on session 55b32e4e00764dc32e6ef586eab3ac2f to remote] DEBUG org.asynchttpclient.netty.request.NettyRequestSender - Using open Channel [id: 0x9e7c64d3, L:/127.0.0.1:64256 - R:localhost/127.0.0.1:63111] for POST '/session/55b32e4e00764dc32e6ef586eab3ac2f/element'
21:27:24.549 [AsyncHttpClient-1-14] DEBUG org.asynchttpclient.netty.handler.HttpHandler - 

Request DefaultHttpRequest(decodeResult: success, version: HTTP/1.1)
POST /session/55b32e4e00764dc32e6ef586eab3ac2f/element HTTP/1.1
User-Agent: selenium/4.1.2 (java windows)
Content-Length: 84
Content-Type: application/json; charset=utf-8
host: localhost:63111
accept: */*

Response DefaultHttpResponse(decodeResult: success, version: HTTP/1.1)
HTTP/1.1 200 OK
Content-Type: application/json; charset=utf-8
cache-control: no-cache
content-length: 88

21:27:24.549 [AsyncHttpClient-1-14] DEBUG org.asynchttpclient.netty.channel.ChannelManager - Adding key: http://localhost:63111 for channel [id: 0x9e7c64d3, L:/127.0.0.1:64256 - R:localhost/127.0.0.1:63111]
21:27:24.550 [Forwarding getElementTagName on session 55b32e4e00764dc32e6ef586eab3ac2f to remote] DEBUG org.asynchttpclient.netty.request.NettyRequestSender - Using pooled Channel '[id: 0x9e7c64d3, L:/127.0.0.1:64256 - R:localhost/127.0.0.1:63111]' for 'GET' to 'http://localhost:63111/session/55b32e4e00764dc32e6ef586eab3ac2f/element/b5d76c52-955e-422e-a485-e60e4cb92ae9/name'
21:27:24.550 [Forwarding getElementTagName on session 55b32e4e00764dc32e6ef586eab3ac2f to remote] DEBUG org.asynchttpclient.netty.request.NettyRequestSender - Using open Channel [id: 0x9e7c64d3, L:/127.0.0.1:64256 - R:localhost/127.0.0.1:63111] for GET '/session/55b32e4e00764dc32e6ef586eab3ac2f/element/b5d76c52-955e-422e-a485-e60e4cb92ae9/name'
21:27:24.553 [AsyncHttpClient-1-14] DEBUG org.asynchttpclient.netty.handler.HttpHandler - 

Request DefaultFullHttpRequest(decodeResult: success, version: HTTP/1.1, content: EmptyByteBufBE)
GET /session/55b32e4e00764dc32e6ef586eab3ac2f/element/b5d76c52-955e-422e-a485-e60e4cb92ae9/name HTTP/1.1
User-Agent: selenium/4.1.2 (java windows)
Cache-Control: no-cache
Content-Type: application/json; charset=utf-8
host: localhost:63111
accept: */*

Response DefaultHttpResponse(decodeResult: success, version: HTTP/1.1)
HTTP/1.1 200 OK
Content-Type: application/json; charset=utf-8
cache-control: no-cache
content-length: 16

21:27:24.554 [AsyncHttpClient-1-14] DEBUG org.asynchttpclient.netty.channel.ChannelManager - Adding key: http://localhost:63111 for channel [id: 0x9e7c64d3, L:/127.0.0.1:64256 - R:localhost/127.0.0.1:63111]
21:27:24.554 [Forwarding getElementTagName on session 55b32e4e00764dc32e6ef586eab3ac2f to remote] DEBUG org.asynchttpclient.netty.request.NettyRequestSender - Using pooled Channel '[id: 0x9e7c64d3, L:/127.0.0.1:64256 - R:localhost/127.0.0.1:63111]' for 'GET' to 'http://localhost:63111/session/55b32e4e00764dc32e6ef586eab3ac2f/element/b5d76c52-955e-422e-a485-e60e4cb92ae9/name'
21:27:24.554 [Forwarding getElementTagName on session 55b32e4e00764dc32e6ef586eab3ac2f to remote] DEBUG org.asynchttpclient.netty.request.NettyRequestSender - Using open Channel [id: 0x9e7c64d3, L:/127.0.0.1:64256 - R:localhost/127.0.0.1:63111] for GET '/session/55b32e4e00764dc32e6ef586eab3ac2f/element/b5d76c52-955e-422e-a485-e60e4cb92ae9/name'
21:27:24.560 [AsyncHttpClient-1-14] DEBUG org.asynchttpclient.netty.handler.HttpHandler - 

Request DefaultFullHttpRequest(decodeResult: success, version: HTTP/1.1, content: EmptyByteBufBE)
GET /session/55b32e4e00764dc32e6ef586eab3ac2f/element/b5d76c52-955e-422e-a485-e60e4cb92ae9/name HTTP/1.1
User-Agent: selenium/4.1.2 (java windows)
Cache-Control: no-cache
Content-Type: application/json; charset=utf-8
host: localhost:63111
accept: */*

Response DefaultHttpResponse(decodeResult: success, version: HTTP/1.1)
HTTP/1.1 200 OK
Content-Type: application/json; charset=utf-8
cache-control: no-cache
content-length: 16

21:27:24.561 [AsyncHttpClient-1-14] DEBUG org.asynchttpclient.netty.channel.ChannelManager - Adding key: http://localhost:63111 for channel [id: 0x9e7c64d3, L:/127.0.0.1:64256 - R:localhost/127.0.0.1:63111]
21:27:24.562 [Forwarding findElement on session 55b32e4e00764dc32e6ef586eab3ac2f to remote] DEBUG org.asynchttpclient.netty.request.NettyRequestSender - Using pooled Channel '[id: 0x9e7c64d3, L:/127.0.0.1:64256 - R:localhost/127.0.0.1:63111]' for 'POST' to 'http://localhost:63111/session/55b32e4e00764dc32e6ef586eab3ac2f/element'
21:27:24.562 [Forwarding findElement on session 55b32e4e00764dc32e6ef586eab3ac2f to remote] DEBUG org.asynchttpclient.netty.request.NettyRequestSender - Using open Channel [id: 0x9e7c64d3, L:/127.0.0.1:64256 - R:localhost/127.0.0.1:63111] for POST '/session/55b32e4e00764dc32e6ef586eab3ac2f/element'
21:27:24.568 [AsyncHttpClient-1-14] DEBUG org.asynchttpclient.netty.handler.HttpHandler - 

Request DefaultHttpRequest(decodeResult: success, version: HTTP/1.1)
POST /session/55b32e4e00764dc32e6ef586eab3ac2f/element HTTP/1.1
User-Agent: selenium/4.1.2 (java windows)
Content-Length: 84
Content-Type: application/json; charset=utf-8
host: localhost:63111
accept: */*

Response DefaultHttpResponse(decodeResult: success, version: HTTP/1.1)
HTTP/1.1 200 OK
Content-Type: application/json; charset=utf-8
cache-control: no-cache
content-length: 88

21:27:24.568 [AsyncHttpClient-1-14] DEBUG org.asynchttpclient.netty.channel.ChannelManager - Adding key: http://localhost:63111 for channel [id: 0x9e7c64d3, L:/127.0.0.1:64256 - R:localhost/127.0.0.1:63111]
21:27:24.568 [Forwarding clickElement on session 55b32e4e00764dc32e6ef586eab3ac2f to remote] DEBUG org.asynchttpclient.netty.request.NettyRequestSender - Using pooled Channel '[id: 0x9e7c64d3, L:/127.0.0.1:64256 - R:localhost/127.0.0.1:63111]' for 'POST' to 'http://localhost:63111/session/55b32e4e00764dc32e6ef586eab3ac2f/element/b5d76c52-955e-422e-a485-e60e4cb92ae9/click'
21:27:24.569 [Forwarding clickElement on session 55b32e4e00764dc32e6ef586eab3ac2f to remote] DEBUG org.asynchttpclient.netty.request.NettyRequestSender - Using open Channel [id: 0x9e7c64d3, L:/127.0.0.1:64256 - R:localhost/127.0.0.1:63111] for POST '/session/55b32e4e00764dc32e6ef586eab3ac2f/element/b5d76c52-955e-422e-a485-e60e4cb92ae9/click'
21:27:24.619 [AsyncHttpClient-1-14] DEBUG org.asynchttpclient.netty.handler.HttpHandler - 

Request DefaultHttpRequest(decodeResult: success, version: HTTP/1.1)
POST /session/55b32e4e00764dc32e6ef586eab3ac2f/element/b5d76c52-955e-422e-a485-e60e4cb92ae9/click HTTP/1.1
User-Agent: selenium/4.1.2 (java windows)
Content-Length: 50
Content-Type: application/json; charset=utf-8
host: localhost:63111
accept: */*

Response DefaultHttpResponse(decodeResult: success, version: HTTP/1.1)
HTTP/1.1 200 OK
Content-Type: application/json; charset=utf-8
cache-control: no-cache
content-length: 14

21:27:24.619 [AsyncHttpClient-1-14] DEBUG org.asynchttpclient.netty.channel.ChannelManager - Adding key: http://localhost:63111 for channel [id: 0x9e7c64d3, L:/127.0.0.1:64256 - R:localhost/127.0.0.1:63111]
  &amp#27;[32mAnd &amp#27;[0m&amp#27;[32mI click register&amp#27;[0m                             &amp#27;[90m# starter.stepdefinitions.RegisterSteps.iClickRegister()&amp#27;[0m
21:27:24.626 [Forwarding screenshot on session 55b32e4e00764dc32e6ef586eab3ac2f to remote] DEBUG org.asynchttpclient.netty.request.NettyRequestSender - Using pooled Channel '[id: 0x9e7c64d3, L:/127.0.0.1:64256 - R:localhost/127.0.0.1:63111]' for 'GET' to 'http://localhost:63111/session/55b32e4e00764dc32e6ef586eab3ac2f/screenshot'
21:27:24.626 [Forwarding screenshot on session 55b32e4e00764dc32e6ef586eab3ac2f to remote] DEBUG org.asynchttpclient.netty.request.NettyRequestSender - Using open Channel [id: 0x9e7c64d3, L:/127.0.0.1:64256 - R:localhost/127.0.0.1:63111] for GET '/session/55b32e4e00764dc32e6ef586eab3ac2f/screenshot'
21:27:24.910 [AsyncHttpClient-1-14] DEBUG org.asynchttpclient.netty.handler.HttpHandler - 

Request DefaultFullHttpRequest(decodeResult: success, version: HTTP/1.1, content: EmptyByteBufBE)
GET /session/55b32e4e00764dc32e6ef586eab3ac2f/screenshot HTTP/1.1
User-Agent: selenium/4.1.2 (java windows)
Cache-Control: no-cache
Content-Type: application/json; charset=utf-8
host: localhost:63111
accept: */*

Response DefaultHttpResponse(decodeResult: success, version: HTTP/1.1)
HTTP/1.1 200 OK
Content-Type: application/json; charset=utf-8
cache-control: no-cache
content-length: 51804

21:27:24.910 [AsyncHttpClient-1-14] DEBUG org.asynchttpclient.netty.channel.ChannelManager - Adding key: http://localhost:63111 for channel [id: 0x9e7c64d3, L:/127.0.0.1:64256 - R:localhost/127.0.0.1:63111]
21:27:24.912 [main] DEBUG net.serenitybdd.core.photography.Darkroom - Send negative for processing for target\site\serenity\51df015d72814f0811e963f57c3af1541979cddbd7031a26fda1f6da30f7f083.png
21:27:24.912 [Darkroom Processing Line] DEBUG net.serenitybdd.core.photography.DarkroomProcessingLine - Processing screenshot image in /var/screenshots/screenshot-12489870869592896345
21:27:24.912 [Darkroom Processing Line] DEBUG net.serenitybdd.core.photography.DarkroomProcessingLine - Saving screenshot to target\site\serenity\51df015d72814f0811e963f57c3af1541979cddbd7031a26fda1f6da30f7f083.png
21:27:24.919 [Forwarding findElement on session 55b32e4e00764dc32e6ef586eab3ac2f to remote] DEBUG org.asynchttpclient.netty.request.NettyRequestSender - Using pooled Channel '[id: 0x9e7c64d3, L:/127.0.0.1:64256 - R:localhost/127.0.0.1:63111]' for 'POST' to 'http://localhost:63111/session/55b32e4e00764dc32e6ef586eab3ac2f/element'
21:27:24.919 [Forwarding findElement on session 55b32e4e00764dc32e6ef586eab3ac2f to remote] DEBUG org.asynchttpclient.netty.request.NettyRequestSender - Using open Channel [id: 0x9e7c64d3, L:/127.0.0.1:64256 - R:localhost/127.0.0.1:63111] for POST '/session/55b32e4e00764dc32e6ef586eab3ac2f/element'
21:27:25.553 [AsyncHttpClient-1-1] DEBUG org.asynchttpclient.netty.channel.DefaultChannelPool - Entry count for : http://localhost:64257 : 1
21:27:26.007 [AsyncHttpClient-1-14] DEBUG org.asynchttpclient.netty.handler.HttpHandler - 

Request DefaultHttpRequest(decodeResult: success, version: HTTP/1.1)
POST /session/55b32e4e00764dc32e6ef586eab3ac2f/element HTTP/1.1
User-Agent: selenium/4.1.2 (java windows)
Content-Length: 59
Content-Type: application/json; charset=utf-8
host: localhost:63111
accept: */*

Response DefaultHttpResponse(decodeResult: success, version: HTTP/1.1)
HTTP/1.1 200 OK
Content-Type: application/json; charset=utf-8
cache-control: no-cache
content-length: 88

21:27:26.007 [AsyncHttpClient-1-14] DEBUG org.asynchttpclient.netty.channel.ChannelManager - Adding key: http://localhost:63111 for channel [id: 0x9e7c64d3, L:/127.0.0.1:64256 - R:localhost/127.0.0.1:63111]
21:27:26.009 [Forwarding isElementDisplayed on session 55b32e4e00764dc32e6ef586eab3ac2f to remote] DEBUG org.asynchttpclient.netty.request.NettyRequestSender - Using pooled Channel '[id: 0x9e7c64d3, L:/127.0.0.1:64256 - R:localhost/127.0.0.1:63111]' for 'POST' to 'http://localhost:63111/session/55b32e4e00764dc32e6ef586eab3ac2f/execute/sync'
21:27:26.009 [Forwarding isElementDisplayed on session 55b32e4e00764dc32e6ef586eab3ac2f to remote] DEBUG org.asynchttpclient.netty.request.NettyRequestSender - Using open Channel [id: 0x9e7c64d3, L:/127.0.0.1:64256 - R:localhost/127.0.0.1:63111] for POST '/session/55b32e4e00764dc32e6ef586eab3ac2f/execute/sync'
21:27:26.021 [AsyncHttpClient-1-14] DEBUG org.asynchttpclient.netty.handler.HttpHandler - 

Request DefaultHttpRequest(decodeResult: success, version: HTTP/1.1)
POST /session/55b32e4e00764dc32e6ef586eab3ac2f/execute/sync HTTP/1.1
User-Agent: selenium/4.1.2 (java windows)
Content-Length: 48780
Content-Type: application/json; charset=utf-8
host: localhost:63111
accept: */*

Response DefaultHttpResponse(decodeResult: success, version: HTTP/1.1)
HTTP/1.1 200 OK
Content-Type: application/json; charset=utf-8
cache-control: no-cache
content-length: 14

21:27:26.021 [AsyncHttpClient-1-14] DEBUG org.asynchttpclient.netty.channel.ChannelManager - Adding key: http://localhost:63111 for channel [id: 0x9e7c64d3, L:/127.0.0.1:64256 - R:localhost/127.0.0.1:63111]
21:27:26.025 [Forwarding findElement on session 55b32e4e00764dc32e6ef586eab3ac2f to remote] DEBUG org.asynchttpclient.netty.request.NettyRequestSender - Using pooled Channel '[id: 0x9e7c64d3, L:/127.0.0.1:64256 - R:localhost/127.0.0.1:63111]' for 'POST' to 'http://localhost:63111/session/55b32e4e00764dc32e6ef586eab3ac2f/element'
21:27:26.025 [Forwarding findElement on session 55b32e4e00764dc32e6ef586eab3ac2f to remote] DEBUG org.asynchttpclient.netty.request.NettyRequestSender - Using open Channel [id: 0x9e7c64d3, L:/127.0.0.1:64256 - R:localhost/127.0.0.1:63111] for POST '/session/55b32e4e00764dc32e6ef586eab3ac2f/element'
21:27:26.030 [AsyncHttpClient-1-14] DEBUG org.asynchttpclient.netty.handler.HttpHandler - 

Request DefaultHttpRequest(decodeResult: success, version: HTTP/1.1)
POST /session/55b32e4e00764dc32e6ef586eab3ac2f/element HTTP/1.1
User-Agent: selenium/4.1.2 (java windows)
Content-Length: 59
Content-Type: application/json; charset=utf-8
host: localhost:63111
accept: */*

Response DefaultHttpResponse(decodeResult: success, version: HTTP/1.1)
HTTP/1.1 200 OK
Content-Type: application/json; charset=utf-8
cache-control: no-cache
content-length: 88

21:27:26.030 [AsyncHttpClient-1-14] DEBUG org.asynchttpclient.netty.channel.ChannelManager - Adding key: http://localhost:63111 for channel [id: 0x9e7c64d3, L:/127.0.0.1:64256 - R:localhost/127.0.0.1:63111]
21:27:26.032 [Forwarding isElementDisplayed on session 55b32e4e00764dc32e6ef586eab3ac2f to remote] DEBUG org.asynchttpclient.netty.request.NettyRequestSender - Using pooled Channel '[id: 0x9e7c64d3, L:/127.0.0.1:64256 - R:localhost/127.0.0.1:63111]' for 'POST' to 'http://localhost:63111/session/55b32e4e00764dc32e6ef586eab3ac2f/execute/sync'
21:27:26.032 [Forwarding isElementDisplayed on session 55b32e4e00764dc32e6ef586eab3ac2f to remote] DEBUG org.asynchttpclient.netty.request.NettyRequestSender - Using open Channel [id: 0x9e7c64d3, L:/127.0.0.1:64256 - R:localhost/127.0.0.1:63111] for POST '/session/55b32e4e00764dc32e6ef586eab3ac2f/execute/sync'
21:27:26.045 [AsyncHttpClient-1-14] DEBUG org.asynchttpclient.netty.handler.HttpHandler - 

Request DefaultHttpRequest(decodeResult: success, version: HTTP/1.1)
POST /session/55b32e4e00764dc32e6ef586eab3ac2f/execute/sync HTTP/1.1
User-Agent: selenium/4.1.2 (java windows)
Content-Length: 48780
Content-Type: application/json; charset=utf-8
host: localhost:63111
accept: */*

Response DefaultHttpResponse(decodeResult: success, version: HTTP/1.1)
HTTP/1.1 200 OK
Content-Type: application/json; charset=utf-8
cache-control: no-cache
content-length: 14

21:27:26.045 [AsyncHttpClient-1-14] DEBUG org.asynchttpclient.netty.channel.ChannelManager - Adding key: http://localhost:63111 for channel [id: 0x9e7c64d3, L:/127.0.0.1:64256 - R:localhost/127.0.0.1:63111]
21:27:26.046 [Forwarding findElement on session 55b32e4e00764dc32e6ef586eab3ac2f to remote] DEBUG org.asynchttpclient.netty.request.NettyRequestSender - Using pooled Channel '[id: 0x9e7c64d3, L:/127.0.0.1:64256 - R:localhost/127.0.0.1:63111]' for 'POST' to 'http://localhost:63111/session/55b32e4e00764dc32e6ef586eab3ac2f/element'
21:27:26.046 [Forwarding findElement on session 55b32e4e00764dc32e6ef586eab3ac2f to remote] DEBUG org.asynchttpclient.netty.request.NettyRequestSender - Using open Channel [id: 0x9e7c64d3, L:/127.0.0.1:64256 - R:localhost/127.0.0.1:63111] for POST '/session/55b32e4e00764dc32e6ef586eab3ac2f/element'
21:27:26.053 [AsyncHttpClient-1-14] DEBUG org.asynchttpclient.netty.handler.HttpHandler - 

Request DefaultHttpRequest(decodeResult: success, version: HTTP/1.1)
POST /session/55b32e4e00764dc32e6ef586eab3ac2f/element HTTP/1.1
User-Agent: selenium/4.1.2 (java windows)
Content-Length: 84
Content-Type: application/json; charset=utf-8
host: localhost:63111
accept: */*

Response DefaultHttpResponse(decodeResult: success, version: HTTP/1.1)
HTTP/1.1 200 OK
Content-Type: application/json; charset=utf-8
cache-control: no-cache
content-length: 88

21:27:26.053 [AsyncHttpClient-1-14] DEBUG org.asynchttpclient.netty.channel.ChannelManager - Adding key: http://localhost:63111 for channel [id: 0x9e7c64d3, L:/127.0.0.1:64256 - R:localhost/127.0.0.1:63111]
21:27:26.053 [Forwarding getElementTagName on session 55b32e4e00764dc32e6ef586eab3ac2f to remote] DEBUG org.asynchttpclient.netty.request.NettyRequestSender - Using pooled Channel '[id: 0x9e7c64d3, L:/127.0.0.1:64256 - R:localhost/127.0.0.1:63111]' for 'GET' to 'http://localhost:63111/session/55b32e4e00764dc32e6ef586eab3ac2f/element/b5d76c52-955e-422e-a485-e60e4cb92ae9/name'
21:27:26.053 [Forwarding getElementTagName on session 55b32e4e00764dc32e6ef586eab3ac2f to remote] DEBUG org.asynchttpclient.netty.request.NettyRequestSender - Using open Channel [id: 0x9e7c64d3, L:/127.0.0.1:64256 - R:localhost/127.0.0.1:63111] for GET '/session/55b32e4e00764dc32e6ef586eab3ac2f/element/b5d76c52-955e-422e-a485-e60e4cb92ae9/name'
21:27:26.058 [AsyncHttpClient-1-14] DEBUG org.asynchttpclient.netty.handler.HttpHandler - 

Request DefaultFullHttpRequest(decodeResult: success, version: HTTP/1.1, content: EmptyByteBufBE)
GET /session/55b32e4e00764dc32e6ef586eab3ac2f/element/b5d76c52-955e-422e-a485-e60e4cb92ae9/name HTTP/1.1
User-Agent: selenium/4.1.2 (java windows)
Cache-Control: no-cache
Content-Type: application/json; charset=utf-8
host: localhost:63111
accept: */*

Response DefaultHttpResponse(decodeResult: success, version: HTTP/1.1)
HTTP/1.1 200 OK
Content-Type: application/json; charset=utf-8
cache-control: no-cache
content-length: 16

21:27:26.058 [AsyncHttpClient-1-14] DEBUG org.asynchttpclient.netty.channel.ChannelManager - Adding key: http://localhost:63111 for channel [id: 0x9e7c64d3, L:/127.0.0.1:64256 - R:localhost/127.0.0.1:63111]
21:27:26.059 [Forwarding getElementTagName on session 55b32e4e00764dc32e6ef586eab3ac2f to remote] DEBUG org.asynchttpclient.netty.request.NettyRequestSender - Using pooled Channel '[id: 0x9e7c64d3, L:/127.0.0.1:64256 - R:localhost/127.0.0.1:63111]' for 'GET' to 'http://localhost:63111/session/55b32e4e00764dc32e6ef586eab3ac2f/element/b5d76c52-955e-422e-a485-e60e4cb92ae9/name'
21:27:26.059 [Forwarding getElementTagName on session 55b32e4e00764dc32e6ef586eab3ac2f to remote] DEBUG org.asynchttpclient.netty.request.NettyRequestSender - Using open Channel [id: 0x9e7c64d3, L:/127.0.0.1:64256 - R:localhost/127.0.0.1:63111] for GET '/session/55b32e4e00764dc32e6ef586eab3ac2f/element/b5d76c52-955e-422e-a485-e60e4cb92ae9/name'
21:27:26.063 [AsyncHttpClient-1-14] DEBUG org.asynchttpclient.netty.handler.HttpHandler - 

Request DefaultFullHttpRequest(decodeResult: success, version: HTTP/1.1, content: EmptyByteBufBE)
GET /session/55b32e4e00764dc32e6ef586eab3ac2f/element/b5d76c52-955e-422e-a485-e60e4cb92ae9/name HTTP/1.1
User-Agent: selenium/4.1.2 (java windows)
Cache-Control: no-cache
Content-Type: application/json; charset=utf-8
host: localhost:63111
accept: */*

Response DefaultHttpResponse(decodeResult: success, version: HTTP/1.1)
HTTP/1.1 200 OK
Content-Type: application/json; charset=utf-8
cache-control: no-cache
content-length: 16

21:27:26.063 [AsyncHttpClient-1-14] DEBUG org.asynchttpclient.netty.channel.ChannelManager - Adding key: http://localhost:63111 for channel [id: 0x9e7c64d3, L:/127.0.0.1:64256 - R:localhost/127.0.0.1:63111]
21:27:26.064 [Forwarding findElement on session 55b32e4e00764dc32e6ef586eab3ac2f to remote] DEBUG org.asynchttpclient.netty.request.NettyRequestSender - Using pooled Channel '[id: 0x9e7c64d3, L:/127.0.0.1:64256 - R:localhost/127.0.0.1:63111]' for 'POST' to 'http://localhost:63111/session/55b32e4e00764dc32e6ef586eab3ac2f/element'
21:27:26.064 [Forwarding findElement on session 55b32e4e00764dc32e6ef586eab3ac2f to remote] DEBUG org.asynchttpclient.netty.request.NettyRequestSender - Using open Channel [id: 0x9e7c64d3, L:/127.0.0.1:64256 - R:localhost/127.0.0.1:63111] for POST '/session/55b32e4e00764dc32e6ef586eab3ac2f/element'
21:27:26.070 [AsyncHttpClient-1-14] DEBUG org.asynchttpclient.netty.handler.HttpHandler - 

Request DefaultHttpRequest(decodeResult: success, version: HTTP/1.1)
POST /session/55b32e4e00764dc32e6ef586eab3ac2f/element HTTP/1.1
User-Agent: selenium/4.1.2 (java windows)
Content-Length: 84
Content-Type: application/json; charset=utf-8
host: localhost:63111
accept: */*

Response DefaultHttpResponse(decodeResult: success, version: HTTP/1.1)
HTTP/1.1 200 OK
Content-Type: application/json; charset=utf-8
cache-control: no-cache
content-length: 88

21:27:26.070 [AsyncHttpClient-1-14] DEBUG org.asynchttpclient.netty.channel.ChannelManager - Adding key: http://localhost:63111 for channel [id: 0x9e7c64d3, L:/127.0.0.1:64256 - R:localhost/127.0.0.1:63111]
21:27:26.070 [Forwarding clickElement on session 55b32e4e00764dc32e6ef586eab3ac2f to remote] DEBUG org.asynchttpclient.netty.request.NettyRequestSender - Using pooled Channel '[id: 0x9e7c64d3, L:/127.0.0.1:64256 - R:localhost/127.0.0.1:63111]' for 'POST' to 'http://localhost:63111/session/55b32e4e00764dc32e6ef586eab3ac2f/element/b5d76c52-955e-422e-a485-e60e4cb92ae9/click'
21:27:26.070 [Forwarding clickElement on session 55b32e4e00764dc32e6ef586eab3ac2f to remote] DEBUG org.asynchttpclient.netty.request.NettyRequestSender - Using open Channel [id: 0x9e7c64d3, L:/127.0.0.1:64256 - R:localhost/127.0.0.1:63111] for POST '/session/55b32e4e00764dc32e6ef586eab3ac2f/element/b5d76c52-955e-422e-a485-e60e4cb92ae9/click'
21:27:26.097 [AsyncHttpClient-1-14] DEBUG org.asynchttpclient.netty.handler.HttpHandler - 

Request DefaultHttpRequest(decodeResult: success, version: HTTP/1.1)
POST /session/55b32e4e00764dc32e6ef586eab3ac2f/element/b5d76c52-955e-422e-a485-e60e4cb92ae9/click HTTP/1.1
User-Agent: selenium/4.1.2 (java windows)
Content-Length: 50
Content-Type: application/json; charset=utf-8
host: localhost:63111
accept: */*

Response DefaultHttpResponse(decodeResult: success, version: HTTP/1.1)
HTTP/1.1 200 OK
Content-Type: application/json; charset=utf-8
cache-control: no-cache
content-length: 14

21:27:26.097 [AsyncHttpClient-1-14] DEBUG org.asynchttpclient.netty.channel.ChannelManager - Adding key: http://localhost:63111 for channel [id: 0x9e7c64d3, L:/127.0.0.1:64256 - R:localhost/127.0.0.1:63111]
  &amp#27;[32mAnd &amp#27;[0m&amp#27;[32mI click register again&amp#27;[0m                       &amp#27;[90m# starter.stepdefinitions.RegisterSteps.iClickRegisterAgain()&amp#27;[0m
21:27:26.100 [Forwarding screenshot on session 55b32e4e00764dc32e6ef586eab3ac2f to remote] DEBUG org.asynchttpclient.netty.request.NettyRequestSender - Using pooled Channel '[id: 0x9e7c64d3, L:/127.0.0.1:64256 - R:localhost/127.0.0.1:63111]' for 'GET' to 'http://localhost:63111/session/55b32e4e00764dc32e6ef586eab3ac2f/screenshot'
21:27:26.101 [Forwarding screenshot on session 55b32e4e00764dc32e6ef586eab3ac2f to remote] DEBUG org.asynchttpclient.netty.request.NettyRequestSender - Using open Channel [id: 0x9e7c64d3, L:/127.0.0.1:64256 - R:localhost/127.0.0.1:63111] for GET '/session/55b32e4e00764dc32e6ef586eab3ac2f/screenshot'
21:27:26.294 [AsyncHttpClient-1-14] DEBUG org.asynchttpclient.netty.handler.HttpHandler - 

Request DefaultFullHttpRequest(decodeResult: success, version: HTTP/1.1, content: EmptyByteBufBE)
GET /session/55b32e4e00764dc32e6ef586eab3ac2f/screenshot HTTP/1.1
User-Agent: selenium/4.1.2 (java windows)
Cache-Control: no-cache
Content-Type: application/json; charset=utf-8
host: localhost:63111
accept: */*

Response DefaultHttpResponse(decodeResult: success, version: HTTP/1.1)
HTTP/1.1 200 OK
Content-Type: application/json; charset=utf-8
cache-control: no-cache
content-length: 51036

21:27:26.294 [AsyncHttpClient-1-14] DEBUG org.asynchttpclient.netty.channel.ChannelManager - Adding key: http://localhost:63111 for channel [id: 0x9e7c64d3, L:/127.0.0.1:64256 - R:localhost/127.0.0.1:63111]
21:27:26.296 [main] DEBUG net.serenitybdd.core.photography.Darkroom - Send negative for processing for target\site\serenity\556ed7e2ecdc1f7fef97eab0456e1b8544e852968a37a7ae93653801b9cf66e3.png
21:27:26.296 [Darkroom Processing Line] DEBUG net.serenitybdd.core.photography.DarkroomProcessingLine - Processing screenshot image in /var/screenshots/screenshot-13702099751137399628
21:27:26.296 [Darkroom Processing Line] DEBUG net.serenitybdd.core.photography.DarkroomProcessingLine - Saving screenshot to target\site\serenity\556ed7e2ecdc1f7fef97eab0456e1b8544e852968a37a7ae93653801b9cf66e3.png
21:27:26.301 [Forwarding findElement on session 55b32e4e00764dc32e6ef586eab3ac2f to remote] DEBUG org.asynchttpclient.netty.request.NettyRequestSender - Using pooled Channel '[id: 0x9e7c64d3, L:/127.0.0.1:64256 - R:localhost/127.0.0.1:63111]' for 'POST' to 'http://localhost:63111/session/55b32e4e00764dc32e6ef586eab3ac2f/element'
21:27:26.301 [Forwarding findElement on session 55b32e4e00764dc32e6ef586eab3ac2f to remote] DEBUG org.asynchttpclient.netty.request.NettyRequestSender - Using open Channel [id: 0x9e7c64d3, L:/127.0.0.1:64256 - R:localhost/127.0.0.1:63111] for POST '/session/55b32e4e00764dc32e6ef586eab3ac2f/element'
21:27:26.367 [AsyncHttpClient-1-14] DEBUG org.asynchttpclient.netty.handler.HttpHandler - 

Request DefaultHttpRequest(decodeResult: success, version: HTTP/1.1)
POST /session/55b32e4e00764dc32e6ef586eab3ac2f/element HTTP/1.1
User-Agent: selenium/4.1.2 (java windows)
Content-Length: 85
Content-Type: application/json; charset=utf-8
host: localhost:63111
accept: */*

Response DefaultHttpResponse(decodeResult: success, version: HTTP/1.1)
HTTP/1.1 200 OK
Content-Type: application/json; charset=utf-8
cache-control: no-cache
content-length: 88

21:27:26.367 [AsyncHttpClient-1-14] DEBUG org.asynchttpclient.netty.channel.ChannelManager - Adding key: http://localhost:63111 for channel [id: 0x9e7c64d3, L:/127.0.0.1:64256 - R:localhost/127.0.0.1:63111]
21:27:26.369 [Forwarding isElementDisplayed on session 55b32e4e00764dc32e6ef586eab3ac2f to remote] DEBUG org.asynchttpclient.netty.request.NettyRequestSender - Using pooled Channel '[id: 0x9e7c64d3, L:/127.0.0.1:64256 - R:localhost/127.0.0.1:63111]' for 'POST' to 'http://localhost:63111/session/55b32e4e00764dc32e6ef586eab3ac2f/execute/sync'
21:27:26.369 [Forwarding isElementDisplayed on session 55b32e4e00764dc32e6ef586eab3ac2f to remote] DEBUG org.asynchttpclient.netty.request.NettyRequestSender - Using open Channel [id: 0x9e7c64d3, L:/127.0.0.1:64256 - R:localhost/127.0.0.1:63111] for POST '/session/55b32e4e00764dc32e6ef586eab3ac2f/execute/sync'
21:27:26.379 [AsyncHttpClient-1-14] DEBUG org.asynchttpclient.netty.handler.HttpHandler - 

Request DefaultHttpRequest(decodeResult: success, version: HTTP/1.1)
POST /session/55b32e4e00764dc32e6ef586eab3ac2f/execute/sync HTTP/1.1
User-Agent: selenium/4.1.2 (java windows)
Content-Length: 48780
Content-Type: application/json; charset=utf-8
host: localhost:63111
accept: */*

Response DefaultHttpResponse(decodeResult: success, version: HTTP/1.1)
HTTP/1.1 200 OK
Content-Type: application/json; charset=utf-8
cache-control: no-cache
content-length: 14

21:27:26.379 [AsyncHttpClient-1-14] DEBUG org.asynchttpclient.netty.channel.ChannelManager - Adding key: http://localhost:63111 for channel [id: 0x9e7c64d3, L:/127.0.0.1:64256 - R:localhost/127.0.0.1:63111]
  &amp#27;[32mThen &amp#27;[0m&amp#27;[32mI get &amp#27;[0m&amp#27;[32m&amp#27;[1m"fullname"&amp#27;[0m&amp#27;[32m error&amp#27;[0m                      &amp#27;[90m# starter.stepdefinitions.RegisterSteps.iGetErrorError(java.lang.String)&amp#27;[0m
21:27:26.382 [Forwarding screenshot on session 55b32e4e00764dc32e6ef586eab3ac2f to remote] DEBUG org.asynchttpclient.netty.request.NettyRequestSender - Using pooled Channel '[id: 0x9e7c64d3, L:/127.0.0.1:64256 - R:localhost/127.0.0.1:63111]' for 'GET' to 'http://localhost:63111/session/55b32e4e00764dc32e6ef586eab3ac2f/screenshot'
21:27:26.382 [Forwarding screenshot on session 55b32e4e00764dc32e6ef586eab3ac2f to remote] DEBUG org.asynchttpclient.netty.request.NettyRequestSender - Using open Channel [id: 0x9e7c64d3, L:/127.0.0.1:64256 - R:localhost/127.0.0.1:63111] for GET '/session/55b32e4e00764dc32e6ef586eab3ac2f/screenshot'
21:27:26.565 [AsyncHttpClient-1-14] DEBUG org.asynchttpclient.netty.handler.HttpHandler - 

Request DefaultFullHttpRequest(decodeResult: success, version: HTTP/1.1, content: EmptyByteBufBE)
GET /session/55b32e4e00764dc32e6ef586eab3ac2f/screenshot HTTP/1.1
User-Agent: selenium/4.1.2 (java windows)
Cache-Control: no-cache
Content-Type: application/json; charset=utf-8
host: localhost:63111
accept: */*

Response DefaultHttpResponse(decodeResult: success, version: HTTP/1.1)
HTTP/1.1 200 OK
Content-Type: application/json; charset=utf-8
cache-control: no-cache
content-length: 57972

21:27:26.565 [AsyncHttpClient-1-14] DEBUG org.asynchttpclient.netty.channel.ChannelManager - Adding key: http://localhost:63111 for channel [id: 0x9e7c64d3, L:/127.0.0.1:64256 - R:localhost/127.0.0.1:63111]
21:27:26.566 [main] DEBUG net.serenitybdd.core.photography.Darkroom - Send negative for processing for target\site\serenity\6d2f4aed8fabbb70128336e491ae77f15c9fc61f1a350a74d6b71674ca13b681.png
21:27:26.566 [Darkroom Processing Line] DEBUG net.serenitybdd.core.photography.DarkroomProcessingLine - Processing screenshot image in /var/screenshots/screenshot-2410344219115972442
21:27:26.566 [Darkroom Processing Line] DEBUG net.serenitybdd.core.photography.DarkroomProcessingLine - Saving screenshot to target\site\serenity\6d2f4aed8fabbb70128336e491ae77f15c9fc61f1a350a74d6b71674ca13b681.png
21:27:26.569 [AsyncHttpClient-1-16] DEBUG org.asynchttpclient.netty.handler.WebSocketHandler - Channel Closed: [id: 0x36d44a4e, L:/127.0.0.1:64265 ! R:localhost/127.0.0.1:64257] with attribute NettyResponseFuture{currentRetry=5,
	isDone=1,
	isCancelled=0,
	asyncHandler=org.asynchttpclient.ws.WebSocketUpgradeHandler@4735172d,
	nettyRequest=org.asynchttpclient.netty.request.NettyRequest@7f360051,
	future=java.util.concurrent.CompletableFuture@3c4ddcdb[Completed normally],
	uri=ws://localhost:64257/devtools/browser/a3474e91-4111-4735-a42b-95e3ae0345be,
	keepAlive=true,
	redirectCount=0,
	timeoutsHolder=null,
	inAuth=0,
	touch=1667572042791}
21:27:26.570 [AsyncHttpClient-1-16] DEBUG org.asynchttpclient.netty.channel.ChannelManager - Closing Channel [id: 0x36d44a4e, L:/127.0.0.1:64265 ! R:localhost/127.0.0.1:64257] 
21:27:26.570 [Driver Command Executor] DEBUG org.asynchttpclient.netty.request.NettyRequestSender - Using pooled Channel '[id: 0x9e7c64d3, L:/127.0.0.1:64256 - R:localhost/127.0.0.1:63111]' for 'DELETE' to 'http://localhost:63111/session/55b32e4e00764dc32e6ef586eab3ac2f'
21:27:26.570 [Driver Command Executor] DEBUG org.asynchttpclient.netty.request.NettyRequestSender - Using open Channel [id: 0x9e7c64d3, L:/127.0.0.1:64256 - R:localhost/127.0.0.1:63111] for DELETE '/session/55b32e4e00764dc32e6ef586eab3ac2f'
21:27:26.614 [AsyncHttpClient-1-15] DEBUG org.asynchttpclient.netty.handler.HttpHandler - Unexpected I/O exception on channel [id: 0xce22e4a1, L:/127.0.0.1:64264 - R:localhost/127.0.0.1:64257]
java.net.SocketException: Connection reset
	at java.base/sun.nio.ch.SocketChannelImpl.throwConnectionReset(SocketChannelImpl.java:345)
	at java.base/sun.nio.ch.SocketChannelImpl.read(SocketChannelImpl.java:376)
	at io.netty.buffer.PooledByteBuf.setBytes(PooledByteBuf.java:258)
	at io.netty.buffer.AbstractByteBuf.writeBytes(AbstractByteBuf.java:1132)
	at io.netty.channel.socket.nio.NioSocketChannel.doReadBytes(NioSocketChannel.java:350)
	at io.netty.channel.nio.AbstractNioByteChannel$NioByteUnsafe.read(AbstractNioByteChannel.java:151)
	at io.netty.channel.nio.NioEventLoop.processSelectedKey(NioEventLoop.java:722)
	at io.netty.channel.nio.NioEventLoop.processSelectedKeysOptimized(NioEventLoop.java:658)
	at io.netty.channel.nio.NioEventLoop.processSelectedKeys(NioEventLoop.java:584)
	at io.netty.channel.nio.NioEventLoop.run(NioEventLoop.java:496)
	at io.netty.util.concurrent.SingleThreadEventExecutor$4.run(SingleThreadEventExecutor.java:986)
	at io.netty.util.internal.ThreadExecutorMap$2.run(ThreadExecutorMap.java:74)
	at io.netty.util.concurrent.FastThreadLocalRunnable.run(FastThreadLocalRunnable.java:30)
	at java.base/java.lang.Thread.run(Thread.java:830)
21:27:26.614 [AsyncHttpClient-1-15] DEBUG org.asynchttpclient.netty.channel.ChannelManager - Closing Channel [id: 0xce22e4a1, L:/127.0.0.1:64264 - R:localhost/127.0.0.1:64257] 
21:27:26.614 [AsyncHttpClient-1-15] DEBUG org.asynchttpclient.netty.handler.HttpHandler - Channel Closed: [id: 0xce22e4a1, L:/127.0.0.1:64264 ! R:localhost/127.0.0.1:64257] with attribute DISCARD
21:27:26.630 [AsyncHttpClient-1-14] DEBUG org.asynchttpclient.netty.handler.HttpHandler - 

Request DefaultFullHttpRequest(decodeResult: success, version: HTTP/1.1, content: EmptyByteBufBE)
DELETE /session/55b32e4e00764dc32e6ef586eab3ac2f HTTP/1.1
User-Agent: selenium/4.1.2 (java windows)
Content-Type: application/json; charset=utf-8
host: localhost:63111
accept: */*

Response DefaultHttpResponse(decodeResult: success, version: HTTP/1.1)
HTTP/1.1 200 OK
Content-Type: application/json; charset=utf-8
cache-control: no-cache
content-length: 14

21:27:26.630 [AsyncHttpClient-1-14] DEBUG org.asynchttpclient.netty.channel.ChannelManager - Adding key: http://localhost:63111 for channel [id: 0x9e7c64d3, L:/127.0.0.1:64256 - R:localhost/127.0.0.1:63111]
21:27:26.657 [AsyncHttpClient-1-1] DEBUG org.asynchttpclient.netty.channel.DefaultChannelPool - Entry count for : http://localhost:63111 : 1
21:27:26.657 [AsyncHttpClient-1-1] DEBUG org.asynchttpclient.netty.channel.DefaultChannelPool - Entry count for : http://localhost:64257 : 1
21:27:26.657 [AsyncHttpClient-1-1] DEBUG org.asynchttpclient.netty.channel.DefaultChannelPool - Adding Candidate expired Channel [id: 0xce22e4a1, L:/127.0.0.1:64264 ! R:localhost/127.0.0.1:64257] isIdleTimeoutExpired=false isRemotelyClosed=true isTtlExpired=false
21:27:26.657 [AsyncHttpClient-1-1] DEBUG org.asynchttpclient.netty.channel.DefaultChannelPool - Closing Idle Channel [id: 0xce22e4a1, L:/127.0.0.1:64264 ! R:localhost/127.0.0.1:64257]
21:27:26.657 [AsyncHttpClient-1-1] DEBUG org.asynchttpclient.netty.channel.DefaultChannelPool - Closed 1 connections out of 2 in 0 ms
21:27:26.681 [AsyncHttpClient-1-14] DEBUG org.asynchttpclient.netty.handler.HttpHandler - Channel Closed: [id: 0x9e7c64d3, L:/127.0.0.1:64256 ! R:localhost/127.0.0.1:63111] with attribute DISCARD
21:27:27.220 [main] INFO  - 
  _____   ___   ___   _____     ___     _     ___   ___   ___   ___  
 |_   _| | __| / __| |_   _|   | _ \   /_\   / __| / __| | __| |   \ 
   | |   | _|  \__ \   | |     |  _/  / _ \  \__ \ \__ \ | _|  | |) |
   |_|   |___| |___/   |_|     |_|   /_/ \_\ |___/ |___/ |___| |___/ 

Register with username and email
----------------------------------------------------------------------
]]></system-out>
    <system-err><![CDATA[Starting ChromeDriver 106.0.5249.61 (511755355844955cd3e264779baf0dd38212a4d0-refs/branch-heads/5249@{#569}) on port 63111
Only local connections are allowed.
Please see https://chromedriver.chromium.org/security-considerations for suggestions on keeping ChromeDriver safe.
ChromeDriver was started successfully.
[1667572042.692][WARNING]: This version of ChromeDriver has not been tested with Chrome version 107.
Nov 04, 2022 9:27:22 PM org.openqa.selenium.remote.ProtocolHandshake createSession
INFO: Detected dialect: W3C
Nov 04, 2022 9:27:22 PM org.openqa.selenium.devtools.CdpVersionFinder findNearestMatch
WARNING: Unable to find an exact match for CDP version 107, so returning the closest version found: a no-op implementation
Nov 04, 2022 9:27:22 PM org.openqa.selenium.devtools.CdpVersionFinder findNearestMatch
INFO: Unable to find CDP implementation matching 107.
Nov 04, 2022 9:27:22 PM org.openqa.selenium.chromium.ChromiumDriver lambda$new$3
WARNING: Unable to find version of CDP to use for . You may need to include a dependency on a specific version of the CDP using something similar to `org.seleniumhq.selenium:selenium-devtools-v86:4.1.2` where the version ("v86") matches the version of the chromium-based browser you're using and the version number of the artifact is the same as Selenium's.
]]></system-err>
  </testcase>
  <testcase name="Register with username and email #2" classname="Register" time="6.311">
    <system-out><![CDATA[
@Register
Scenario Outline: Register with username and email &amp#27;[90m# src/test/resources/features/Register.feature:39&amp#27;[0m
21:27:27.233 [main] INFO io.cucumber.core.plugin.SerenityReporter - Running feature from file:///C:/Users/ASUS/Desktop/stupen/miniproject/Web/ASWeb/src/test/resources/features/Register.feature
21:27:27.241 [main] INFO net.serenitybdd.core.webdriver.driverproviders.ChromeDriverProvider - Using automatically driver download
21:27:27.345 [main] DEBUG io.github.bonigarcia.wdm.cache.ResolutionCache - Resolution chrome=107 in cache (valid until 22:24:57 04/11/2022 WIB)
21:27:27.348 [main] DEBUG io.github.bonigarcia.wdm.cache.ResolutionCache - Resolution chrome107=107.0.5304.62 in cache (valid until 21:24:57 05/11/2022 WIB)
21:27:27.349 [main] INFO io.github.bonigarcia.wdm.WebDriverManager - Using chromedriver 107.0.5304.62 (resolved driver for Chrome 107)
21:27:27.358 [main] DEBUG io.github.bonigarcia.wdm.WebDriverManager - Driver chromedriver 107.0.5304.62 found in cache
21:27:27.358 [main] INFO io.github.bonigarcia.wdm.WebDriverManager - Exporting webdriver.chrome.driver as C:\Users\ASUS\.cache\selenium\chromedriver\win32\107.0.5304.62\chromedriver.exe
21:27:27.465 [main] DEBUG net.serenitybdd.core.webdriver.driverproviders.ProvideNewDriver - Instantiating driver
21:27:27.465 [main] DEBUG net.serenitybdd.core.webdriver.driverproviders.ProvideNewDriver - Driver capabilities: Capabilities {acceptInsecureCerts: false, base.url: https://alta-shop.vercel.app/, browserName: chrome, chrome.driver: src/test/resources/webdrive..., driver: chrome, goog:chromeOptions: {args: [], extensions: []}, wait.for.timeout: 10000}
21:27:27.758 [AsyncHttpClient-1-1] DEBUG org.asynchttpclient.netty.channel.DefaultChannelPool - Entry count for : http://localhost:63111 : 1
21:27:27.758 [AsyncHttpClient-1-1] DEBUG org.asynchttpclient.netty.channel.DefaultChannelPool - Adding Candidate expired Channel [id: 0x9e7c64d3, L:/127.0.0.1:64256 ! R:localhost/127.0.0.1:63111] isIdleTimeoutExpired=false isRemotelyClosed=true isTtlExpired=false
21:27:27.758 [AsyncHttpClient-1-1] DEBUG org.asynchttpclient.netty.channel.DefaultChannelPool - Closing Idle Channel [id: 0x9e7c64d3, L:/127.0.0.1:64256 ! R:localhost/127.0.0.1:63111]
21:27:27.758 [AsyncHttpClient-1-1] DEBUG org.asynchttpclient.netty.channel.DefaultChannelPool - Closed 1 connections out of 1 in 0 ms
21:27:28.013 [AsyncHttpClient-1-17] DEBUG org.asynchttpclient.netty.channel.NettyConnectListener - Using new Channel '[id: 0xb582f09f, L:/127.0.0.1:64282 - R:localhost/127.0.0.1:57518]' for 'POST' to '/session'
21:27:28.745 [AsyncHttpClient-1-17] DEBUG org.asynchttpclient.netty.handler.HttpHandler - 

Request DefaultHttpRequest(decodeResult: success, version: HTTP/1.1)
POST /session HTTP/1.1
User-Agent: selenium/4.1.2 (java windows)
Content-Length: 646
Content-Type: application/json; charset=utf-8
host: localhost:57518
accept: */*

Response DefaultHttpResponse(decodeResult: success, version: HTTP/1.1)
HTTP/1.1 200 OK
Content-Type: application/json; charset=utf-8
cache-control: no-cache
content-length: 789

21:27:28.745 [AsyncHttpClient-1-17] DEBUG org.asynchttpclient.netty.channel.ChannelManager - Adding key: http://localhost:57518 for channel [id: 0xb582f09f, L:/127.0.0.1:64282 - R:localhost/127.0.0.1:57518]
21:27:28.753 [AsyncHttpClient-1-2] DEBUG org.asynchttpclient.netty.channel.NettyConnectListener - Using new Channel '[id: 0x6584688c, L:/127.0.0.1:64289 - R:localhost/127.0.0.1:64283]' for 'GET' to '/json/version'
21:27:28.754 [AsyncHttpClient-1-2] DEBUG org.asynchttpclient.netty.handler.HttpHandler - 

Request DefaultFullHttpRequest(decodeResult: success, version: HTTP/1.1, content: EmptyByteBufBE)
GET /json/version HTTP/1.1
User-Agent: selenium/4.1.2 (java windows)
host: localhost:64283
accept: */*

Response DefaultHttpResponse(decodeResult: success, version: HTTP/1.1)
HTTP/1.1 200 OK
Content-Type: application/json; charset=UTF-8
content-length: 423

21:27:28.754 [AsyncHttpClient-1-2] DEBUG org.asynchttpclient.netty.channel.ChannelManager - Adding key: http://localhost:64283 for channel [id: 0x6584688c, L:/127.0.0.1:64289 - R:localhost/127.0.0.1:64283]
21:27:28.757 [AsyncHttpClient-1-3] DEBUG org.asynchttpclient.netty.channel.NettyConnectListener - Using new Channel '[id: 0x09151b17, L:/127.0.0.1:64290 - R:localhost/127.0.0.1:64283]' for 'GET' to '/devtools/browser/ed2612e2-4461-4231-8c15-e18befc7965c'
21:27:28.757 [AsyncHttpClient-1-3] DEBUG org.asynchttpclient.netty.handler.WebSocketHandler - 

Request DefaultFullHttpRequest(decodeResult: success, version: HTTP/1.1, content: EmptyByteBufBE)
GET /devtools/browser/ed2612e2-4461-4231-8c15-e18befc7965c HTTP/1.1
upgrade: websocket
connection: upgrade
sec-websocket-key: 6E1BnWQnZ5xdhlcHrllbyw==
sec-websocket-version: 13
origin: http://localhost:64283
host: localhost:64283
accept: */*
user-agent: AHC/2.1

Response DefaultHttpResponse(decodeResult: success, version: HTTP/1.1)
HTTP/1.1 101 WebSocket Protocol Handshake
Upgrade: WebSocket
Connection: Upgrade
Sec-WebSocket-Accept: XfzGexhmgM5BeTfqDVXuhlCOhI0=

21:27:28.761 [Forwarding get on session c242823133411b8e058b96a099c01831 to remote] DEBUG org.asynchttpclient.netty.request.NettyRequestSender - Using pooled Channel '[id: 0xb582f09f, L:/127.0.0.1:64282 - R:localhost/127.0.0.1:57518]' for 'POST' to 'http://localhost:57518/session/c242823133411b8e058b96a099c01831/url'
21:27:28.761 [Forwarding get on session c242823133411b8e058b96a099c01831 to remote] DEBUG org.asynchttpclient.netty.request.NettyRequestSender - Using open Channel [id: 0xb582f09f, L:/127.0.0.1:64282 - R:localhost/127.0.0.1:57518] for POST '/session/c242823133411b8e058b96a099c01831/url'
21:27:28.850 [AsyncHttpClient-1-1] DEBUG org.asynchttpclient.netty.channel.DefaultChannelPool - Entry count for : http://localhost:64283 : 1
21:27:29.479 [AsyncHttpClient-1-17] DEBUG org.asynchttpclient.netty.handler.HttpHandler - 

Request DefaultHttpRequest(decodeResult: success, version: HTTP/1.1)
POST /session/c242823133411b8e058b96a099c01831/url HTTP/1.1
User-Agent: selenium/4.1.2 (java windows)
Content-Length: 77
Content-Type: application/json; charset=utf-8
host: localhost:57518
accept: */*

Response DefaultHttpResponse(decodeResult: success, version: HTTP/1.1)
HTTP/1.1 200 OK
Content-Type: application/json; charset=utf-8
cache-control: no-cache
content-length: 14

21:27:29.479 [AsyncHttpClient-1-17] DEBUG org.asynchttpclient.netty.channel.ChannelManager - Adding key: http://localhost:57518 for channel [id: 0xb582f09f, L:/127.0.0.1:64282 - R:localhost/127.0.0.1:57518]
21:27:29.480 [Forwarding setTimeout on session c242823133411b8e058b96a099c01831 to remote] DEBUG org.asynchttpclient.netty.request.NettyRequestSender - Using pooled Channel '[id: 0xb582f09f, L:/127.0.0.1:64282 - R:localhost/127.0.0.1:57518]' for 'POST' to 'http://localhost:57518/session/c242823133411b8e058b96a099c01831/timeouts'
21:27:29.480 [Forwarding setTimeout on session c242823133411b8e058b96a099c01831 to remote] DEBUG org.asynchttpclient.netty.request.NettyRequestSender - Using open Channel [id: 0xb582f09f, L:/127.0.0.1:64282 - R:localhost/127.0.0.1:57518] for POST '/session/c242823133411b8e058b96a099c01831/timeouts'
21:27:29.481 [AsyncHttpClient-1-17] DEBUG org.asynchttpclient.netty.handler.HttpHandler - 

Request DefaultHttpRequest(decodeResult: success, version: HTTP/1.1)
POST /session/c242823133411b8e058b96a099c01831/timeouts HTTP/1.1
User-Agent: selenium/4.1.2 (java windows)
Content-Length: 22
Content-Type: application/json; charset=utf-8
host: localhost:57518
accept: */*

Response DefaultHttpResponse(decodeResult: success, version: HTTP/1.1)
HTTP/1.1 200 OK
Content-Type: application/json; charset=utf-8
cache-control: no-cache
content-length: 14

21:27:29.481 [AsyncHttpClient-1-17] DEBUG org.asynchttpclient.netty.channel.ChannelManager - Adding key: http://localhost:57518 for channel [id: 0xb582f09f, L:/127.0.0.1:64282 - R:localhost/127.0.0.1:57518]
21:27:29.483 [Forwarding getCurrentUrl on session c242823133411b8e058b96a099c01831 to remote] DEBUG org.asynchttpclient.netty.request.NettyRequestSender - Using pooled Channel '[id: 0xb582f09f, L:/127.0.0.1:64282 - R:localhost/127.0.0.1:57518]' for 'GET' to 'http://localhost:57518/session/c242823133411b8e058b96a099c01831/url'
21:27:29.483 [Forwarding getCurrentUrl on session c242823133411b8e058b96a099c01831 to remote] DEBUG org.asynchttpclient.netty.request.NettyRequestSender - Using open Channel [id: 0xb582f09f, L:/127.0.0.1:64282 - R:localhost/127.0.0.1:57518] for GET '/session/c242823133411b8e058b96a099c01831/url'
21:27:29.488 [AsyncHttpClient-1-17] DEBUG org.asynchttpclient.netty.handler.HttpHandler - 

Request DefaultFullHttpRequest(decodeResult: success, version: HTTP/1.1, content: EmptyByteBufBE)
GET /session/c242823133411b8e058b96a099c01831/url HTTP/1.1
User-Agent: selenium/4.1.2 (java windows)
Cache-Control: no-cache
Content-Type: application/json; charset=utf-8
host: localhost:57518
accept: */*

Response DefaultHttpResponse(decodeResult: success, version: HTTP/1.1)
HTTP/1.1 200 OK
Content-Type: application/json; charset=utf-8
cache-control: no-cache
content-length: 54

21:27:29.488 [AsyncHttpClient-1-17] DEBUG org.asynchttpclient.netty.channel.ChannelManager - Adding key: http://localhost:57518 for channel [id: 0xb582f09f, L:/127.0.0.1:64282 - R:localhost/127.0.0.1:57518]
  &amp#27;[32mGiven &amp#27;[0m&amp#27;[32mI open register page&amp#27;[0m                       &amp#27;[90m# starter.stepdefinitions.RegisterSteps.iOpenRegisterPage()&amp#27;[0m
21:27:29.492 [Forwarding screenshot on session c242823133411b8e058b96a099c01831 to remote] DEBUG org.asynchttpclient.netty.request.NettyRequestSender - Using pooled Channel '[id: 0xb582f09f, L:/127.0.0.1:64282 - R:localhost/127.0.0.1:57518]' for 'GET' to 'http://localhost:57518/session/c242823133411b8e058b96a099c01831/screenshot'
21:27:29.492 [Forwarding screenshot on session c242823133411b8e058b96a099c01831 to remote] DEBUG org.asynchttpclient.netty.request.NettyRequestSender - Using open Channel [id: 0xb582f09f, L:/127.0.0.1:64282 - R:localhost/127.0.0.1:57518] for GET '/session/c242823133411b8e058b96a099c01831/screenshot'
21:27:29.916 [AsyncHttpClient-1-17] DEBUG org.asynchttpclient.netty.handler.HttpHandler - 

Request DefaultFullHttpRequest(decodeResult: success, version: HTTP/1.1, content: EmptyByteBufBE)
GET /session/c242823133411b8e058b96a099c01831/screenshot HTTP/1.1
User-Agent: selenium/4.1.2 (java windows)
Cache-Control: no-cache
Content-Type: application/json; charset=utf-8
host: localhost:57518
accept: */*

Response DefaultHttpResponse(decodeResult: success, version: HTTP/1.1)
HTTP/1.1 200 OK
Content-Type: application/json; charset=utf-8
cache-control: no-cache
content-length: 45380

21:27:29.917 [AsyncHttpClient-1-17] DEBUG org.asynchttpclient.netty.channel.ChannelManager - Adding key: http://localhost:57518 for channel [id: 0xb582f09f, L:/127.0.0.1:64282 - R:localhost/127.0.0.1:57518]
21:27:29.918 [main] DEBUG net.serenitybdd.core.photography.Darkroom - Send negative for processing for target\site\serenity\74af2a90e11b4e8cdcc90c8b8f2efe0850d173caaf4338fdd4e69cc971e1b305.png
21:27:29.923 [Forwarding findElement on session c242823133411b8e058b96a099c01831 to remote] DEBUG org.asynchttpclient.netty.request.NettyRequestSender - Using pooled Channel '[id: 0xb582f09f, L:/127.0.0.1:64282 - R:localhost/127.0.0.1:57518]' for 'POST' to 'http://localhost:57518/session/c242823133411b8e058b96a099c01831/element'
21:27:29.924 [Forwarding findElement on session c242823133411b8e058b96a099c01831 to remote] DEBUG org.asynchttpclient.netty.request.NettyRequestSender - Using open Channel [id: 0xb582f09f, L:/127.0.0.1:64282 - R:localhost/127.0.0.1:57518] for POST '/session/c242823133411b8e058b96a099c01831/element'
21:27:29.935 [AsyncHttpClient-1-17] DEBUG org.asynchttpclient.netty.handler.HttpHandler - 

Request DefaultHttpRequest(decodeResult: success, version: HTTP/1.1)
POST /session/c242823133411b8e058b96a099c01831/element HTTP/1.1
User-Agent: selenium/4.1.2 (java windows)
Content-Length: 94
Content-Type: application/json; charset=utf-8
host: localhost:57518
accept: */*

Response DefaultHttpResponse(decodeResult: success, version: HTTP/1.1)
HTTP/1.1 200 OK
Content-Type: application/json; charset=utf-8
cache-control: no-cache
content-length: 88

21:27:29.935 [AsyncHttpClient-1-17] DEBUG org.asynchttpclient.netty.channel.ChannelManager - Adding key: http://localhost:57518 for channel [id: 0xb582f09f, L:/127.0.0.1:64282 - R:localhost/127.0.0.1:57518]
21:27:29.935 [Forwarding clearElement on session c242823133411b8e058b96a099c01831 to remote] DEBUG org.asynchttpclient.netty.request.NettyRequestSender - Using pooled Channel '[id: 0xb582f09f, L:/127.0.0.1:64282 - R:localhost/127.0.0.1:57518]' for 'POST' to 'http://localhost:57518/session/c242823133411b8e058b96a099c01831/element/724e3d39-574e-4126-beb3-da11c6a0c7d4/clear'
21:27:29.935 [Forwarding clearElement on session c242823133411b8e058b96a099c01831 to remote] DEBUG org.asynchttpclient.netty.request.NettyRequestSender - Using open Channel [id: 0xb582f09f, L:/127.0.0.1:64282 - R:localhost/127.0.0.1:57518] for POST '/session/c242823133411b8e058b96a099c01831/element/724e3d39-574e-4126-beb3-da11c6a0c7d4/clear'
21:27:29.950 [AsyncHttpClient-1-1] DEBUG org.asynchttpclient.netty.channel.DefaultChannelPool - Entry count for : http://localhost:64283 : 1
21:27:29.965 [AsyncHttpClient-1-17] DEBUG org.asynchttpclient.netty.handler.HttpHandler - 

Request DefaultHttpRequest(decodeResult: success, version: HTTP/1.1)
POST /session/c242823133411b8e058b96a099c01831/element/724e3d39-574e-4126-beb3-da11c6a0c7d4/clear HTTP/1.1
User-Agent: selenium/4.1.2 (java windows)
Content-Length: 50
Content-Type: application/json; charset=utf-8
host: localhost:57518
accept: */*

Response DefaultHttpResponse(decodeResult: success, version: HTTP/1.1)
HTTP/1.1 200 OK
Content-Type: application/json; charset=utf-8
cache-control: no-cache
content-length: 14

21:27:29.965 [AsyncHttpClient-1-17] DEBUG org.asynchttpclient.netty.channel.ChannelManager - Adding key: http://localhost:57518 for channel [id: 0xb582f09f, L:/127.0.0.1:64282 - R:localhost/127.0.0.1:57518]
21:27:29.966 [Forwarding sendKeysToElement on session c242823133411b8e058b96a099c01831 to remote] DEBUG org.asynchttpclient.netty.request.NettyRequestSender - Using pooled Channel '[id: 0xb582f09f, L:/127.0.0.1:64282 - R:localhost/127.0.0.1:57518]' for 'POST' to 'http://localhost:57518/session/c242823133411b8e058b96a099c01831/element/724e3d39-574e-4126-beb3-da11c6a0c7d4/value'
21:27:29.966 [Forwarding sendKeysToElement on session c242823133411b8e058b96a099c01831 to remote] DEBUG org.asynchttpclient.netty.request.NettyRequestSender - Using open Channel [id: 0xb582f09f, L:/127.0.0.1:64282 - R:localhost/127.0.0.1:57518] for POST '/session/c242823133411b8e058b96a099c01831/element/724e3d39-574e-4126-beb3-da11c6a0c7d4/value'
21:27:30.043 [AsyncHttpClient-1-17] DEBUG org.asynchttpclient.netty.handler.HttpHandler - 

Request DefaultHttpRequest(decodeResult: success, version: HTTP/1.1)
POST /session/c242823133411b8e058b96a099c01831/element/724e3d39-574e-4126-beb3-da11c6a0c7d4/value HTTP/1.1
User-Agent: selenium/4.1.2 (java windows)
Content-Length: 161
Content-Type: application/json; charset=utf-8
host: localhost:57518
accept: */*

Response DefaultHttpResponse(decodeResult: success, version: HTTP/1.1)
HTTP/1.1 200 OK
Content-Type: application/json; charset=utf-8
cache-control: no-cache
content-length: 14

21:27:30.043 [AsyncHttpClient-1-17] DEBUG org.asynchttpclient.netty.channel.ChannelManager - Adding key: http://localhost:57518 for channel [id: 0xb582f09f, L:/127.0.0.1:64282 - R:localhost/127.0.0.1:57518]
  &amp#27;[32mWhen &amp#27;[0m&amp#27;[32mI insert &amp#27;[0m&amp#27;[32m&amp#27;[1m"Sisimail"&amp#27;[0m&amp#27;[32m as full name&amp#27;[0m            &amp#27;[90m# starter.stepdefinitions.RegisterSteps.iInsertFullnameAsFullName(java.lang.String)&amp#27;[0m
21:27:30.051 [Forwarding screenshot on session c242823133411b8e058b96a099c01831 to remote] DEBUG org.asynchttpclient.netty.request.NettyRequestSender - Using pooled Channel '[id: 0xb582f09f, L:/127.0.0.1:64282 - R:localhost/127.0.0.1:57518]' for 'GET' to 'http://localhost:57518/session/c242823133411b8e058b96a099c01831/screenshot'
21:27:30.051 [Forwarding screenshot on session c242823133411b8e058b96a099c01831 to remote] DEBUG org.asynchttpclient.netty.request.NettyRequestSender - Using open Channel [id: 0xb582f09f, L:/127.0.0.1:64282 - R:localhost/127.0.0.1:57518] for GET '/session/c242823133411b8e058b96a099c01831/screenshot'
21:27:30.231 [AsyncHttpClient-1-17] DEBUG org.asynchttpclient.netty.handler.HttpHandler - 

Request DefaultFullHttpRequest(decodeResult: success, version: HTTP/1.1, content: EmptyByteBufBE)
GET /session/c242823133411b8e058b96a099c01831/screenshot HTTP/1.1
User-Agent: selenium/4.1.2 (java windows)
Cache-Control: no-cache
Content-Type: application/json; charset=utf-8
host: localhost:57518
accept: */*

Response DefaultHttpResponse(decodeResult: success, version: HTTP/1.1)
HTTP/1.1 200 OK
Content-Type: application/json; charset=utf-8
cache-control: no-cache
content-length: 48124

21:27:30.231 [AsyncHttpClient-1-17] DEBUG org.asynchttpclient.netty.channel.ChannelManager - Adding key: http://localhost:57518 for channel [id: 0xb582f09f, L:/127.0.0.1:64282 - R:localhost/127.0.0.1:57518]
21:27:30.232 [main] DEBUG net.serenitybdd.core.photography.Darkroom - Send negative for processing for target\site\serenity\5a3d62fd89d8211131cf779320781828db87f51e77227e3c36ffdfb643d1c660.png
21:27:30.233 [Darkroom Processing Line] DEBUG net.serenitybdd.core.photography.DarkroomProcessingLine - Processing screenshot image in /var/screenshots/screenshot-16654059563721996070
21:27:30.233 [Darkroom Processing Line] DEBUG net.serenitybdd.core.photography.DarkroomProcessingLine - Saving screenshot to target\site\serenity\5a3d62fd89d8211131cf779320781828db87f51e77227e3c36ffdfb643d1c660.png
21:27:30.238 [Forwarding findElement on session c242823133411b8e058b96a099c01831 to remote] DEBUG org.asynchttpclient.netty.request.NettyRequestSender - Using pooled Channel '[id: 0xb582f09f, L:/127.0.0.1:64282 - R:localhost/127.0.0.1:57518]' for 'POST' to 'http://localhost:57518/session/c242823133411b8e058b96a099c01831/element'
21:27:30.238 [Forwarding findElement on session c242823133411b8e058b96a099c01831 to remote] DEBUG org.asynchttpclient.netty.request.NettyRequestSender - Using open Channel [id: 0xb582f09f, L:/127.0.0.1:64282 - R:localhost/127.0.0.1:57518] for POST '/session/c242823133411b8e058b96a099c01831/element'
21:27:30.249 [AsyncHttpClient-1-17] DEBUG org.asynchttpclient.netty.handler.HttpHandler - 

Request DefaultHttpRequest(decodeResult: success, version: HTTP/1.1)
POST /session/c242823133411b8e058b96a099c01831/element HTTP/1.1
User-Agent: selenium/4.1.2 (java windows)
Content-Length: 87
Content-Type: application/json; charset=utf-8
host: localhost:57518
accept: */*

Response DefaultHttpResponse(decodeResult: success, version: HTTP/1.1)
HTTP/1.1 200 OK
Content-Type: application/json; charset=utf-8
cache-control: no-cache
content-length: 88

21:27:30.249 [AsyncHttpClient-1-17] DEBUG org.asynchttpclient.netty.channel.ChannelManager - Adding key: http://localhost:57518 for channel [id: 0xb582f09f, L:/127.0.0.1:64282 - R:localhost/127.0.0.1:57518]
21:27:30.250 [Forwarding clearElement on session c242823133411b8e058b96a099c01831 to remote] DEBUG org.asynchttpclient.netty.request.NettyRequestSender - Using pooled Channel '[id: 0xb582f09f, L:/127.0.0.1:64282 - R:localhost/127.0.0.1:57518]' for 'POST' to 'http://localhost:57518/session/c242823133411b8e058b96a099c01831/element/cee8fe63-df38-452e-b466-8a8fb38407f8/clear'
21:27:30.250 [Forwarding clearElement on session c242823133411b8e058b96a099c01831 to remote] DEBUG org.asynchttpclient.netty.request.NettyRequestSender - Using open Channel [id: 0xb582f09f, L:/127.0.0.1:64282 - R:localhost/127.0.0.1:57518] for POST '/session/c242823133411b8e058b96a099c01831/element/cee8fe63-df38-452e-b466-8a8fb38407f8/clear'
21:27:30.281 [AsyncHttpClient-1-17] DEBUG org.asynchttpclient.netty.handler.HttpHandler - 

Request DefaultHttpRequest(decodeResult: success, version: HTTP/1.1)
POST /session/c242823133411b8e058b96a099c01831/element/cee8fe63-df38-452e-b466-8a8fb38407f8/clear HTTP/1.1
User-Agent: selenium/4.1.2 (java windows)
Content-Length: 50
Content-Type: application/json; charset=utf-8
host: localhost:57518
accept: */*

Response DefaultHttpResponse(decodeResult: success, version: HTTP/1.1)
HTTP/1.1 200 OK
Content-Type: application/json; charset=utf-8
cache-control: no-cache
content-length: 14

21:27:30.281 [AsyncHttpClient-1-17] DEBUG org.asynchttpclient.netty.channel.ChannelManager - Adding key: http://localhost:57518 for channel [id: 0xb582f09f, L:/127.0.0.1:64282 - R:localhost/127.0.0.1:57518]
21:27:30.282 [Forwarding sendKeysToElement on session c242823133411b8e058b96a099c01831 to remote] DEBUG org.asynchttpclient.netty.request.NettyRequestSender - Using pooled Channel '[id: 0xb582f09f, L:/127.0.0.1:64282 - R:localhost/127.0.0.1:57518]' for 'POST' to 'http://localhost:57518/session/c242823133411b8e058b96a099c01831/element/cee8fe63-df38-452e-b466-8a8fb38407f8/value'
21:27:30.282 [Forwarding sendKeysToElement on session c242823133411b8e058b96a099c01831 to remote] DEBUG org.asynchttpclient.netty.request.NettyRequestSender - Using open Channel [id: 0xb582f09f, L:/127.0.0.1:64282 - R:localhost/127.0.0.1:57518] for POST '/session/c242823133411b8e058b96a099c01831/element/cee8fe63-df38-452e-b466-8a8fb38407f8/value'
21:27:30.319 [AsyncHttpClient-1-17] DEBUG org.asynchttpclient.netty.handler.HttpHandler - 

Request DefaultHttpRequest(decodeResult: success, version: HTTP/1.1)
POST /session/c242823133411b8e058b96a099c01831/element/cee8fe63-df38-452e-b466-8a8fb38407f8/value HTTP/1.1
User-Agent: selenium/4.1.2 (java windows)
Content-Length: 82
Content-Type: application/json; charset=utf-8
host: localhost:57518
accept: */*

Response DefaultHttpResponse(decodeResult: success, version: HTTP/1.1)
HTTP/1.1 200 OK
Content-Type: application/json; charset=utf-8
cache-control: no-cache
content-length: 14

21:27:30.319 [AsyncHttpClient-1-17] DEBUG org.asynchttpclient.netty.channel.ChannelManager - Adding key: http://localhost:57518 for channel [id: 0xb582f09f, L:/127.0.0.1:64282 - R:localhost/127.0.0.1:57518]
  &amp#27;[32mAnd &amp#27;[0m&amp#27;[32mI insert &amp#27;[0m&amp#27;[32m&amp#27;[1m""&amp#27;[0m&amp#27;[32m as email&amp#27;[0m                         &amp#27;[90m# starter.stepdefinitions.RegisterSteps.iInsertEmailAsEmail(java.lang.String)&amp#27;[0m
21:27:30.327 [Forwarding screenshot on session c242823133411b8e058b96a099c01831 to remote] DEBUG org.asynchttpclient.netty.request.NettyRequestSender - Using pooled Channel '[id: 0xb582f09f, L:/127.0.0.1:64282 - R:localhost/127.0.0.1:57518]' for 'GET' to 'http://localhost:57518/session/c242823133411b8e058b96a099c01831/screenshot'
21:27:30.327 [Forwarding screenshot on session c242823133411b8e058b96a099c01831 to remote] DEBUG org.asynchttpclient.netty.request.NettyRequestSender - Using open Channel [id: 0xb582f09f, L:/127.0.0.1:64282 - R:localhost/127.0.0.1:57518] for GET '/session/c242823133411b8e058b96a099c01831/screenshot'
21:27:30.513 [AsyncHttpClient-1-17] DEBUG org.asynchttpclient.netty.handler.HttpHandler - 

Request DefaultFullHttpRequest(decodeResult: success, version: HTTP/1.1, content: EmptyByteBufBE)
GET /session/c242823133411b8e058b96a099c01831/screenshot HTTP/1.1
User-Agent: selenium/4.1.2 (java windows)
Cache-Control: no-cache
Content-Type: application/json; charset=utf-8
host: localhost:57518
accept: */*

Response DefaultHttpResponse(decodeResult: success, version: HTTP/1.1)
HTTP/1.1 200 OK
Content-Type: application/json; charset=utf-8
cache-control: no-cache
content-length: 47364

21:27:30.513 [AsyncHttpClient-1-17] DEBUG org.asynchttpclient.netty.channel.ChannelManager - Adding key: http://localhost:57518 for channel [id: 0xb582f09f, L:/127.0.0.1:64282 - R:localhost/127.0.0.1:57518]
21:27:30.514 [main] DEBUG net.serenitybdd.core.photography.Darkroom - Send negative for processing for target\site\serenity\ef965efb0854f0805c820bbbefa6fd6df78f07a0b81b1cb88151da2dba488e57.png
21:27:30.514 [Darkroom Processing Line] DEBUG net.serenitybdd.core.photography.DarkroomProcessingLine - Processing screenshot image in /var/screenshots/screenshot-7580940537629332383
21:27:30.514 [Darkroom Processing Line] DEBUG net.serenitybdd.core.photography.DarkroomProcessingLine - Saving screenshot to target\site\serenity\ef965efb0854f0805c820bbbefa6fd6df78f07a0b81b1cb88151da2dba488e57.png
21:27:30.519 [Forwarding findElement on session c242823133411b8e058b96a099c01831 to remote] DEBUG org.asynchttpclient.netty.request.NettyRequestSender - Using pooled Channel '[id: 0xb582f09f, L:/127.0.0.1:64282 - R:localhost/127.0.0.1:57518]' for 'POST' to 'http://localhost:57518/session/c242823133411b8e058b96a099c01831/element'
21:27:30.519 [Forwarding findElement on session c242823133411b8e058b96a099c01831 to remote] DEBUG org.asynchttpclient.netty.request.NettyRequestSender - Using open Channel [id: 0xb582f09f, L:/127.0.0.1:64282 - R:localhost/127.0.0.1:57518] for POST '/session/c242823133411b8e058b96a099c01831/element'
21:27:30.531 [AsyncHttpClient-1-17] DEBUG org.asynchttpclient.netty.handler.HttpHandler - 

Request DefaultHttpRequest(decodeResult: success, version: HTTP/1.1)
POST /session/c242823133411b8e058b96a099c01831/element HTTP/1.1
User-Agent: selenium/4.1.2 (java windows)
Content-Length: 90
Content-Type: application/json; charset=utf-8
host: localhost:57518
accept: */*

Response DefaultHttpResponse(decodeResult: success, version: HTTP/1.1)
HTTP/1.1 200 OK
Content-Type: application/json; charset=utf-8
cache-control: no-cache
content-length: 88

21:27:30.531 [AsyncHttpClient-1-17] DEBUG org.asynchttpclient.netty.channel.ChannelManager - Adding key: http://localhost:57518 for channel [id: 0xb582f09f, L:/127.0.0.1:64282 - R:localhost/127.0.0.1:57518]
21:27:30.531 [Forwarding clearElement on session c242823133411b8e058b96a099c01831 to remote] DEBUG org.asynchttpclient.netty.request.NettyRequestSender - Using pooled Channel '[id: 0xb582f09f, L:/127.0.0.1:64282 - R:localhost/127.0.0.1:57518]' for 'POST' to 'http://localhost:57518/session/c242823133411b8e058b96a099c01831/element/cc3bfa49-68d4-4a23-9deb-b2c47e335ba0/clear'
21:27:30.531 [Forwarding clearElement on session c242823133411b8e058b96a099c01831 to remote] DEBUG org.asynchttpclient.netty.request.NettyRequestSender - Using open Channel [id: 0xb582f09f, L:/127.0.0.1:64282 - R:localhost/127.0.0.1:57518] for POST '/session/c242823133411b8e058b96a099c01831/element/cc3bfa49-68d4-4a23-9deb-b2c47e335ba0/clear'
21:27:30.562 [AsyncHttpClient-1-17] DEBUG org.asynchttpclient.netty.handler.HttpHandler - 

Request DefaultHttpRequest(decodeResult: success, version: HTTP/1.1)
POST /session/c242823133411b8e058b96a099c01831/element/cc3bfa49-68d4-4a23-9deb-b2c47e335ba0/clear HTTP/1.1
User-Agent: selenium/4.1.2 (java windows)
Content-Length: 50
Content-Type: application/json; charset=utf-8
host: localhost:57518
accept: */*

Response DefaultHttpResponse(decodeResult: success, version: HTTP/1.1)
HTTP/1.1 200 OK
Content-Type: application/json; charset=utf-8
cache-control: no-cache
content-length: 14

21:27:30.562 [AsyncHttpClient-1-17] DEBUG org.asynchttpclient.netty.channel.ChannelManager - Adding key: http://localhost:57518 for channel [id: 0xb582f09f, L:/127.0.0.1:64282 - R:localhost/127.0.0.1:57518]
21:27:30.563 [Forwarding sendKeysToElement on session c242823133411b8e058b96a099c01831 to remote] DEBUG org.asynchttpclient.netty.request.NettyRequestSender - Using pooled Channel '[id: 0xb582f09f, L:/127.0.0.1:64282 - R:localhost/127.0.0.1:57518]' for 'POST' to 'http://localhost:57518/session/c242823133411b8e058b96a099c01831/element/cc3bfa49-68d4-4a23-9deb-b2c47e335ba0/value'
21:27:30.563 [Forwarding sendKeysToElement on session c242823133411b8e058b96a099c01831 to remote] DEBUG org.asynchttpclient.netty.request.NettyRequestSender - Using open Channel [id: 0xb582f09f, L:/127.0.0.1:64282 - R:localhost/127.0.0.1:57518] for POST '/session/c242823133411b8e058b96a099c01831/element/cc3bfa49-68d4-4a23-9deb-b2c47e335ba0/value'
21:27:30.617 [AsyncHttpClient-1-17] DEBUG org.asynchttpclient.netty.handler.HttpHandler - 

Request DefaultHttpRequest(decodeResult: success, version: HTTP/1.1)
POST /session/c242823133411b8e058b96a099c01831/element/cc3bfa49-68d4-4a23-9deb-b2c47e335ba0/value HTTP/1.1
User-Agent: selenium/4.1.2 (java windows)
Content-Length: 131
Content-Type: application/json; charset=utf-8
host: localhost:57518
accept: */*

Response DefaultHttpResponse(decodeResult: success, version: HTTP/1.1)
HTTP/1.1 200 OK
Content-Type: application/json; charset=utf-8
cache-control: no-cache
content-length: 14

21:27:30.617 [AsyncHttpClient-1-17] DEBUG org.asynchttpclient.netty.channel.ChannelManager - Adding key: http://localhost:57518 for channel [id: 0xb582f09f, L:/127.0.0.1:64282 - R:localhost/127.0.0.1:57518]
  &amp#27;[32mAnd &amp#27;[0m&amp#27;[32mI insert &amp#27;[0m&amp#27;[32m&amp#27;[1m"mmail"&amp#27;[0m&amp#27;[32m as password&amp#27;[0m                 &amp#27;[90m# starter.stepdefinitions.RegisterSteps.iInsertPasswordAsPassword(java.lang.String)&amp#27;[0m
21:27:30.622 [Forwarding screenshot on session c242823133411b8e058b96a099c01831 to remote] DEBUG org.asynchttpclient.netty.request.NettyRequestSender - Using pooled Channel '[id: 0xb582f09f, L:/127.0.0.1:64282 - R:localhost/127.0.0.1:57518]' for 'GET' to 'http://localhost:57518/session/c242823133411b8e058b96a099c01831/screenshot'
21:27:30.622 [Forwarding screenshot on session c242823133411b8e058b96a099c01831 to remote] DEBUG org.asynchttpclient.netty.request.NettyRequestSender - Using open Channel [id: 0xb582f09f, L:/127.0.0.1:64282 - R:localhost/127.0.0.1:57518] for GET '/session/c242823133411b8e058b96a099c01831/screenshot'
21:27:30.817 [AsyncHttpClient-1-17] DEBUG org.asynchttpclient.netty.handler.HttpHandler - 

Request DefaultFullHttpRequest(decodeResult: success, version: HTTP/1.1, content: EmptyByteBufBE)
GET /session/c242823133411b8e058b96a099c01831/screenshot HTTP/1.1
User-Agent: selenium/4.1.2 (java windows)
Cache-Control: no-cache
Content-Type: application/json; charset=utf-8
host: localhost:57518
accept: */*

Response DefaultHttpResponse(decodeResult: success, version: HTTP/1.1)
HTTP/1.1 200 OK
Content-Type: application/json; charset=utf-8
cache-control: no-cache
content-length: 48956

21:27:30.817 [AsyncHttpClient-1-17] DEBUG org.asynchttpclient.netty.channel.ChannelManager - Adding key: http://localhost:57518 for channel [id: 0xb582f09f, L:/127.0.0.1:64282 - R:localhost/127.0.0.1:57518]
21:27:30.819 [main] DEBUG net.serenitybdd.core.photography.Darkroom - Send negative for processing for target\site\serenity\79b7376d1363e307c86c6afb645f5d1a53faa224ef209e7754f5b186190cd114.png
21:27:30.819 [Darkroom Processing Line] DEBUG net.serenitybdd.core.photography.DarkroomProcessingLine - Processing screenshot image in /var/screenshots/screenshot-16827786204829211736
21:27:30.819 [Darkroom Processing Line] DEBUG net.serenitybdd.core.photography.DarkroomProcessingLine - Saving screenshot to target\site\serenity\79b7376d1363e307c86c6afb645f5d1a53faa224ef209e7754f5b186190cd114.png
21:27:30.828 [Forwarding findElement on session c242823133411b8e058b96a099c01831 to remote] DEBUG org.asynchttpclient.netty.request.NettyRequestSender - Using pooled Channel '[id: 0xb582f09f, L:/127.0.0.1:64282 - R:localhost/127.0.0.1:57518]' for 'POST' to 'http://localhost:57518/session/c242823133411b8e058b96a099c01831/element'
21:27:30.828 [Forwarding findElement on session c242823133411b8e058b96a099c01831 to remote] DEBUG org.asynchttpclient.netty.request.NettyRequestSender - Using open Channel [id: 0xb582f09f, L:/127.0.0.1:64282 - R:localhost/127.0.0.1:57518] for POST '/session/c242823133411b8e058b96a099c01831/element'
21:27:30.838 [AsyncHttpClient-1-17] DEBUG org.asynchttpclient.netty.handler.HttpHandler - 

Request DefaultHttpRequest(decodeResult: success, version: HTTP/1.1)
POST /session/c242823133411b8e058b96a099c01831/element HTTP/1.1
User-Agent: selenium/4.1.2 (java windows)
Content-Length: 84
Content-Type: application/json; charset=utf-8
host: localhost:57518
accept: */*

Response DefaultHttpResponse(decodeResult: success, version: HTTP/1.1)
HTTP/1.1 200 OK
Content-Type: application/json; charset=utf-8
cache-control: no-cache
content-length: 88

21:27:30.838 [AsyncHttpClient-1-17] DEBUG org.asynchttpclient.netty.channel.ChannelManager - Adding key: http://localhost:57518 for channel [id: 0xb582f09f, L:/127.0.0.1:64282 - R:localhost/127.0.0.1:57518]
21:27:30.838 [Forwarding getElementTagName on session c242823133411b8e058b96a099c01831 to remote] DEBUG org.asynchttpclient.netty.request.NettyRequestSender - Using pooled Channel '[id: 0xb582f09f, L:/127.0.0.1:64282 - R:localhost/127.0.0.1:57518]' for 'GET' to 'http://localhost:57518/session/c242823133411b8e058b96a099c01831/element/32ede322-9cad-4928-af3f-5b8eb413c602/name'
21:27:30.838 [Forwarding getElementTagName on session c242823133411b8e058b96a099c01831 to remote] DEBUG org.asynchttpclient.netty.request.NettyRequestSender - Using open Channel [id: 0xb582f09f, L:/127.0.0.1:64282 - R:localhost/127.0.0.1:57518] for GET '/session/c242823133411b8e058b96a099c01831/element/32ede322-9cad-4928-af3f-5b8eb413c602/name'
21:27:30.844 [AsyncHttpClient-1-17] DEBUG org.asynchttpclient.netty.handler.HttpHandler - 

Request DefaultFullHttpRequest(decodeResult: success, version: HTTP/1.1, content: EmptyByteBufBE)
GET /session/c242823133411b8e058b96a099c01831/element/32ede322-9cad-4928-af3f-5b8eb413c602/name HTTP/1.1
User-Agent: selenium/4.1.2 (java windows)
Cache-Control: no-cache
Content-Type: application/json; charset=utf-8
host: localhost:57518
accept: */*

Response DefaultHttpResponse(decodeResult: success, version: HTTP/1.1)
HTTP/1.1 200 OK
Content-Type: application/json; charset=utf-8
cache-control: no-cache
content-length: 16

21:27:30.844 [AsyncHttpClient-1-17] DEBUG org.asynchttpclient.netty.channel.ChannelManager - Adding key: http://localhost:57518 for channel [id: 0xb582f09f, L:/127.0.0.1:64282 - R:localhost/127.0.0.1:57518]
21:27:30.845 [Forwarding getElementTagName on session c242823133411b8e058b96a099c01831 to remote] DEBUG org.asynchttpclient.netty.request.NettyRequestSender - Using pooled Channel '[id: 0xb582f09f, L:/127.0.0.1:64282 - R:localhost/127.0.0.1:57518]' for 'GET' to 'http://localhost:57518/session/c242823133411b8e058b96a099c01831/element/32ede322-9cad-4928-af3f-5b8eb413c602/name'
21:27:30.845 [Forwarding getElementTagName on session c242823133411b8e058b96a099c01831 to remote] DEBUG org.asynchttpclient.netty.request.NettyRequestSender - Using open Channel [id: 0xb582f09f, L:/127.0.0.1:64282 - R:localhost/127.0.0.1:57518] for GET '/session/c242823133411b8e058b96a099c01831/element/32ede322-9cad-4928-af3f-5b8eb413c602/name'
21:27:30.848 [AsyncHttpClient-1-17] DEBUG org.asynchttpclient.netty.handler.HttpHandler - 

Request DefaultFullHttpRequest(decodeResult: success, version: HTTP/1.1, content: EmptyByteBufBE)
GET /session/c242823133411b8e058b96a099c01831/element/32ede322-9cad-4928-af3f-5b8eb413c602/name HTTP/1.1
User-Agent: selenium/4.1.2 (java windows)
Cache-Control: no-cache
Content-Type: application/json; charset=utf-8
host: localhost:57518
accept: */*

Response DefaultHttpResponse(decodeResult: success, version: HTTP/1.1)
HTTP/1.1 200 OK
Content-Type: application/json; charset=utf-8
cache-control: no-cache
content-length: 16

21:27:30.848 [AsyncHttpClient-1-17] DEBUG org.asynchttpclient.netty.channel.ChannelManager - Adding key: http://localhost:57518 for channel [id: 0xb582f09f, L:/127.0.0.1:64282 - R:localhost/127.0.0.1:57518]
21:27:30.849 [Forwarding findElement on session c242823133411b8e058b96a099c01831 to remote] DEBUG org.asynchttpclient.netty.request.NettyRequestSender - Using pooled Channel '[id: 0xb582f09f, L:/127.0.0.1:64282 - R:localhost/127.0.0.1:57518]' for 'POST' to 'http://localhost:57518/session/c242823133411b8e058b96a099c01831/element'
21:27:30.849 [Forwarding findElement on session c242823133411b8e058b96a099c01831 to remote] DEBUG org.asynchttpclient.netty.request.NettyRequestSender - Using open Channel [id: 0xb582f09f, L:/127.0.0.1:64282 - R:localhost/127.0.0.1:57518] for POST '/session/c242823133411b8e058b96a099c01831/element'
21:27:30.855 [AsyncHttpClient-1-17] DEBUG org.asynchttpclient.netty.handler.HttpHandler - 

Request DefaultHttpRequest(decodeResult: success, version: HTTP/1.1)
POST /session/c242823133411b8e058b96a099c01831/element HTTP/1.1
User-Agent: selenium/4.1.2 (java windows)
Content-Length: 84
Content-Type: application/json; charset=utf-8
host: localhost:57518
accept: */*

Response DefaultHttpResponse(decodeResult: success, version: HTTP/1.1)
HTTP/1.1 200 OK
Content-Type: application/json; charset=utf-8
cache-control: no-cache
content-length: 88

21:27:30.855 [AsyncHttpClient-1-17] DEBUG org.asynchttpclient.netty.channel.ChannelManager - Adding key: http://localhost:57518 for channel [id: 0xb582f09f, L:/127.0.0.1:64282 - R:localhost/127.0.0.1:57518]
21:27:30.855 [Forwarding clickElement on session c242823133411b8e058b96a099c01831 to remote] DEBUG org.asynchttpclient.netty.request.NettyRequestSender - Using pooled Channel '[id: 0xb582f09f, L:/127.0.0.1:64282 - R:localhost/127.0.0.1:57518]' for 'POST' to 'http://localhost:57518/session/c242823133411b8e058b96a099c01831/element/32ede322-9cad-4928-af3f-5b8eb413c602/click'
21:27:30.855 [Forwarding clickElement on session c242823133411b8e058b96a099c01831 to remote] DEBUG org.asynchttpclient.netty.request.NettyRequestSender - Using open Channel [id: 0xb582f09f, L:/127.0.0.1:64282 - R:localhost/127.0.0.1:57518] for POST '/session/c242823133411b8e058b96a099c01831/element/32ede322-9cad-4928-af3f-5b8eb413c602/click'
21:27:30.899 [AsyncHttpClient-1-17] DEBUG org.asynchttpclient.netty.handler.HttpHandler - 

Request DefaultHttpRequest(decodeResult: success, version: HTTP/1.1)
POST /session/c242823133411b8e058b96a099c01831/element/32ede322-9cad-4928-af3f-5b8eb413c602/click HTTP/1.1
User-Agent: selenium/4.1.2 (java windows)
Content-Length: 50
Content-Type: application/json; charset=utf-8
host: localhost:57518
accept: */*

Response DefaultHttpResponse(decodeResult: success, version: HTTP/1.1)
HTTP/1.1 200 OK
Content-Type: application/json; charset=utf-8
cache-control: no-cache
content-length: 14

21:27:30.900 [AsyncHttpClient-1-17] DEBUG org.asynchttpclient.netty.channel.ChannelManager - Adding key: http://localhost:57518 for channel [id: 0xb582f09f, L:/127.0.0.1:64282 - R:localhost/127.0.0.1:57518]
  &amp#27;[32mAnd &amp#27;[0m&amp#27;[32mI click register&amp#27;[0m                             &amp#27;[90m# starter.stepdefinitions.RegisterSteps.iClickRegister()&amp#27;[0m
21:27:30.904 [Forwarding screenshot on session c242823133411b8e058b96a099c01831 to remote] DEBUG org.asynchttpclient.netty.request.NettyRequestSender - Using pooled Channel '[id: 0xb582f09f, L:/127.0.0.1:64282 - R:localhost/127.0.0.1:57518]' for 'GET' to 'http://localhost:57518/session/c242823133411b8e058b96a099c01831/screenshot'
21:27:30.904 [Forwarding screenshot on session c242823133411b8e058b96a099c01831 to remote] DEBUG org.asynchttpclient.netty.request.NettyRequestSender - Using open Channel [id: 0xb582f09f, L:/127.0.0.1:64282 - R:localhost/127.0.0.1:57518] for GET '/session/c242823133411b8e058b96a099c01831/screenshot'
21:27:31.051 [AsyncHttpClient-1-1] DEBUG org.asynchttpclient.netty.channel.DefaultChannelPool - Entry count for : http://localhost:64283 : 1
21:27:31.181 [AsyncHttpClient-1-17] DEBUG org.asynchttpclient.netty.handler.HttpHandler - 

Request DefaultFullHttpRequest(decodeResult: success, version: HTTP/1.1, content: EmptyByteBufBE)
GET /session/c242823133411b8e058b96a099c01831/screenshot HTTP/1.1
User-Agent: selenium/4.1.2 (java windows)
Cache-Control: no-cache
Content-Type: application/json; charset=utf-8
host: localhost:57518
accept: */*

Response DefaultHttpResponse(decodeResult: success, version: HTTP/1.1)
HTTP/1.1 200 OK
Content-Type: application/json; charset=utf-8
cache-control: no-cache
content-length: 47440

21:27:31.182 [AsyncHttpClient-1-17] DEBUG org.asynchttpclient.netty.channel.ChannelManager - Adding key: http://localhost:57518 for channel [id: 0xb582f09f, L:/127.0.0.1:64282 - R:localhost/127.0.0.1:57518]
21:27:31.183 [main] DEBUG net.serenitybdd.core.photography.Darkroom - Send negative for processing for target\site\serenity\4e180472e36a99ca8e8af4bded431571c7b4e3115a2112d278cb0e19889d0c53.png
21:27:31.183 [Darkroom Processing Line] DEBUG net.serenitybdd.core.photography.DarkroomProcessingLine - Processing screenshot image in /var/screenshots/screenshot-18023568682973896393
21:27:31.183 [Darkroom Processing Line] DEBUG net.serenitybdd.core.photography.DarkroomProcessingLine - Saving screenshot to target\site\serenity\4e180472e36a99ca8e8af4bded431571c7b4e3115a2112d278cb0e19889d0c53.png
21:27:31.192 [Forwarding findElement on session c242823133411b8e058b96a099c01831 to remote] DEBUG org.asynchttpclient.netty.request.NettyRequestSender - Using pooled Channel '[id: 0xb582f09f, L:/127.0.0.1:64282 - R:localhost/127.0.0.1:57518]' for 'POST' to 'http://localhost:57518/session/c242823133411b8e058b96a099c01831/element'
21:27:31.192 [Forwarding findElement on session c242823133411b8e058b96a099c01831 to remote] DEBUG org.asynchttpclient.netty.request.NettyRequestSender - Using open Channel [id: 0xb582f09f, L:/127.0.0.1:64282 - R:localhost/127.0.0.1:57518] for POST '/session/c242823133411b8e058b96a099c01831/element'
21:27:32.152 [AsyncHttpClient-1-1] DEBUG org.asynchttpclient.netty.channel.DefaultChannelPool - Entry count for : http://localhost:64283 : 1
21:27:32.265 [AsyncHttpClient-1-17] DEBUG org.asynchttpclient.netty.handler.HttpHandler - 

Request DefaultHttpRequest(decodeResult: success, version: HTTP/1.1)
POST /session/c242823133411b8e058b96a099c01831/element HTTP/1.1
User-Agent: selenium/4.1.2 (java windows)
Content-Length: 59
Content-Type: application/json; charset=utf-8
host: localhost:57518
accept: */*

Response DefaultHttpResponse(decodeResult: success, version: HTTP/1.1)
HTTP/1.1 200 OK
Content-Type: application/json; charset=utf-8
cache-control: no-cache
content-length: 88

21:27:32.265 [AsyncHttpClient-1-17] DEBUG org.asynchttpclient.netty.channel.ChannelManager - Adding key: http://localhost:57518 for channel [id: 0xb582f09f, L:/127.0.0.1:64282 - R:localhost/127.0.0.1:57518]
21:27:32.268 [Forwarding isElementDisplayed on session c242823133411b8e058b96a099c01831 to remote] DEBUG org.asynchttpclient.netty.request.NettyRequestSender - Using pooled Channel '[id: 0xb582f09f, L:/127.0.0.1:64282 - R:localhost/127.0.0.1:57518]' for 'POST' to 'http://localhost:57518/session/c242823133411b8e058b96a099c01831/execute/sync'
21:27:32.268 [Forwarding isElementDisplayed on session c242823133411b8e058b96a099c01831 to remote] DEBUG org.asynchttpclient.netty.request.NettyRequestSender - Using open Channel [id: 0xb582f09f, L:/127.0.0.1:64282 - R:localhost/127.0.0.1:57518] for POST '/session/c242823133411b8e058b96a099c01831/execute/sync'
21:27:32.283 [AsyncHttpClient-1-17] DEBUG org.asynchttpclient.netty.handler.HttpHandler - 

Request DefaultHttpRequest(decodeResult: success, version: HTTP/1.1)
POST /session/c242823133411b8e058b96a099c01831/execute/sync HTTP/1.1
User-Agent: selenium/4.1.2 (java windows)
Content-Length: 48780
Content-Type: application/json; charset=utf-8
host: localhost:57518
accept: */*

Response DefaultHttpResponse(decodeResult: success, version: HTTP/1.1)
HTTP/1.1 200 OK
Content-Type: application/json; charset=utf-8
cache-control: no-cache
content-length: 14

21:27:32.283 [AsyncHttpClient-1-17] DEBUG org.asynchttpclient.netty.channel.ChannelManager - Adding key: http://localhost:57518 for channel [id: 0xb582f09f, L:/127.0.0.1:64282 - R:localhost/127.0.0.1:57518]
21:27:32.285 [Forwarding findElement on session c242823133411b8e058b96a099c01831 to remote] DEBUG org.asynchttpclient.netty.request.NettyRequestSender - Using pooled Channel '[id: 0xb582f09f, L:/127.0.0.1:64282 - R:localhost/127.0.0.1:57518]' for 'POST' to 'http://localhost:57518/session/c242823133411b8e058b96a099c01831/element'
21:27:32.285 [Forwarding findElement on session c242823133411b8e058b96a099c01831 to remote] DEBUG org.asynchttpclient.netty.request.NettyRequestSender - Using open Channel [id: 0xb582f09f, L:/127.0.0.1:64282 - R:localhost/127.0.0.1:57518] for POST '/session/c242823133411b8e058b96a099c01831/element'
21:27:32.291 [AsyncHttpClient-1-17] DEBUG org.asynchttpclient.netty.handler.HttpHandler - 

Request DefaultHttpRequest(decodeResult: success, version: HTTP/1.1)
POST /session/c242823133411b8e058b96a099c01831/element HTTP/1.1
User-Agent: selenium/4.1.2 (java windows)
Content-Length: 59
Content-Type: application/json; charset=utf-8
host: localhost:57518
accept: */*

Response DefaultHttpResponse(decodeResult: success, version: HTTP/1.1)
HTTP/1.1 200 OK
Content-Type: application/json; charset=utf-8
cache-control: no-cache
content-length: 88

21:27:32.291 [AsyncHttpClient-1-17] DEBUG org.asynchttpclient.netty.channel.ChannelManager - Adding key: http://localhost:57518 for channel [id: 0xb582f09f, L:/127.0.0.1:64282 - R:localhost/127.0.0.1:57518]
21:27:32.294 [Forwarding isElementDisplayed on session c242823133411b8e058b96a099c01831 to remote] DEBUG org.asynchttpclient.netty.request.NettyRequestSender - Using pooled Channel '[id: 0xb582f09f, L:/127.0.0.1:64282 - R:localhost/127.0.0.1:57518]' for 'POST' to 'http://localhost:57518/session/c242823133411b8e058b96a099c01831/execute/sync'
21:27:32.294 [Forwarding isElementDisplayed on session c242823133411b8e058b96a099c01831 to remote] DEBUG org.asynchttpclient.netty.request.NettyRequestSender - Using open Channel [id: 0xb582f09f, L:/127.0.0.1:64282 - R:localhost/127.0.0.1:57518] for POST '/session/c242823133411b8e058b96a099c01831/execute/sync'
21:27:32.306 [AsyncHttpClient-1-17] DEBUG org.asynchttpclient.netty.handler.HttpHandler - 

Request DefaultHttpRequest(decodeResult: success, version: HTTP/1.1)
POST /session/c242823133411b8e058b96a099c01831/execute/sync HTTP/1.1
User-Agent: selenium/4.1.2 (java windows)
Content-Length: 48780
Content-Type: application/json; charset=utf-8
host: localhost:57518
accept: */*

Response DefaultHttpResponse(decodeResult: success, version: HTTP/1.1)
HTTP/1.1 200 OK
Content-Type: application/json; charset=utf-8
cache-control: no-cache
content-length: 14

21:27:32.306 [AsyncHttpClient-1-17] DEBUG org.asynchttpclient.netty.channel.ChannelManager - Adding key: http://localhost:57518 for channel [id: 0xb582f09f, L:/127.0.0.1:64282 - R:localhost/127.0.0.1:57518]
21:27:32.309 [Forwarding findElement on session c242823133411b8e058b96a099c01831 to remote] DEBUG org.asynchttpclient.netty.request.NettyRequestSender - Using pooled Channel '[id: 0xb582f09f, L:/127.0.0.1:64282 - R:localhost/127.0.0.1:57518]' for 'POST' to 'http://localhost:57518/session/c242823133411b8e058b96a099c01831/element'
21:27:32.309 [Forwarding findElement on session c242823133411b8e058b96a099c01831 to remote] DEBUG org.asynchttpclient.netty.request.NettyRequestSender - Using open Channel [id: 0xb582f09f, L:/127.0.0.1:64282 - R:localhost/127.0.0.1:57518] for POST '/session/c242823133411b8e058b96a099c01831/element'
21:27:32.317 [AsyncHttpClient-1-17] DEBUG org.asynchttpclient.netty.handler.HttpHandler - 

Request DefaultHttpRequest(decodeResult: success, version: HTTP/1.1)
POST /session/c242823133411b8e058b96a099c01831/element HTTP/1.1
User-Agent: selenium/4.1.2 (java windows)
Content-Length: 84
Content-Type: application/json; charset=utf-8
host: localhost:57518
accept: */*

Response DefaultHttpResponse(decodeResult: success, version: HTTP/1.1)
HTTP/1.1 200 OK
Content-Type: application/json; charset=utf-8
cache-control: no-cache
content-length: 88

21:27:32.317 [AsyncHttpClient-1-17] DEBUG org.asynchttpclient.netty.channel.ChannelManager - Adding key: http://localhost:57518 for channel [id: 0xb582f09f, L:/127.0.0.1:64282 - R:localhost/127.0.0.1:57518]
21:27:32.318 [Forwarding getElementTagName on session c242823133411b8e058b96a099c01831 to remote] DEBUG org.asynchttpclient.netty.request.NettyRequestSender - Using pooled Channel '[id: 0xb582f09f, L:/127.0.0.1:64282 - R:localhost/127.0.0.1:57518]' for 'GET' to 'http://localhost:57518/session/c242823133411b8e058b96a099c01831/element/32ede322-9cad-4928-af3f-5b8eb413c602/name'
21:27:32.318 [Forwarding getElementTagName on session c242823133411b8e058b96a099c01831 to remote] DEBUG org.asynchttpclient.netty.request.NettyRequestSender - Using open Channel [id: 0xb582f09f, L:/127.0.0.1:64282 - R:localhost/127.0.0.1:57518] for GET '/session/c242823133411b8e058b96a099c01831/element/32ede322-9cad-4928-af3f-5b8eb413c602/name'
21:27:32.321 [AsyncHttpClient-1-17] DEBUG org.asynchttpclient.netty.handler.HttpHandler - 

Request DefaultFullHttpRequest(decodeResult: success, version: HTTP/1.1, content: EmptyByteBufBE)
GET /session/c242823133411b8e058b96a099c01831/element/32ede322-9cad-4928-af3f-5b8eb413c602/name HTTP/1.1
User-Agent: selenium/4.1.2 (java windows)
Cache-Control: no-cache
Content-Type: application/json; charset=utf-8
host: localhost:57518
accept: */*

Response DefaultHttpResponse(decodeResult: success, version: HTTP/1.1)
HTTP/1.1 200 OK
Content-Type: application/json; charset=utf-8
cache-control: no-cache
content-length: 16

21:27:32.321 [AsyncHttpClient-1-17] DEBUG org.asynchttpclient.netty.channel.ChannelManager - Adding key: http://localhost:57518 for channel [id: 0xb582f09f, L:/127.0.0.1:64282 - R:localhost/127.0.0.1:57518]
21:27:32.322 [Forwarding getElementTagName on session c242823133411b8e058b96a099c01831 to remote] DEBUG org.asynchttpclient.netty.request.NettyRequestSender - Using pooled Channel '[id: 0xb582f09f, L:/127.0.0.1:64282 - R:localhost/127.0.0.1:57518]' for 'GET' to 'http://localhost:57518/session/c242823133411b8e058b96a099c01831/element/32ede322-9cad-4928-af3f-5b8eb413c602/name'
21:27:32.323 [Forwarding getElementTagName on session c242823133411b8e058b96a099c01831 to remote] DEBUG org.asynchttpclient.netty.request.NettyRequestSender - Using open Channel [id: 0xb582f09f, L:/127.0.0.1:64282 - R:localhost/127.0.0.1:57518] for GET '/session/c242823133411b8e058b96a099c01831/element/32ede322-9cad-4928-af3f-5b8eb413c602/name'
21:27:32.326 [AsyncHttpClient-1-17] DEBUG org.asynchttpclient.netty.handler.HttpHandler - 

Request DefaultFullHttpRequest(decodeResult: success, version: HTTP/1.1, content: EmptyByteBufBE)
GET /session/c242823133411b8e058b96a099c01831/element/32ede322-9cad-4928-af3f-5b8eb413c602/name HTTP/1.1
User-Agent: selenium/4.1.2 (java windows)
Cache-Control: no-cache
Content-Type: application/json; charset=utf-8
host: localhost:57518
accept: */*

Response DefaultHttpResponse(decodeResult: success, version: HTTP/1.1)
HTTP/1.1 200 OK
Content-Type: application/json; charset=utf-8
cache-control: no-cache
content-length: 16

21:27:32.326 [AsyncHttpClient-1-17] DEBUG org.asynchttpclient.netty.channel.ChannelManager - Adding key: http://localhost:57518 for channel [id: 0xb582f09f, L:/127.0.0.1:64282 - R:localhost/127.0.0.1:57518]
21:27:32.327 [Forwarding findElement on session c242823133411b8e058b96a099c01831 to remote] DEBUG org.asynchttpclient.netty.request.NettyRequestSender - Using pooled Channel '[id: 0xb582f09f, L:/127.0.0.1:64282 - R:localhost/127.0.0.1:57518]' for 'POST' to 'http://localhost:57518/session/c242823133411b8e058b96a099c01831/element'
21:27:32.328 [Forwarding findElement on session c242823133411b8e058b96a099c01831 to remote] DEBUG org.asynchttpclient.netty.request.NettyRequestSender - Using open Channel [id: 0xb582f09f, L:/127.0.0.1:64282 - R:localhost/127.0.0.1:57518] for POST '/session/c242823133411b8e058b96a099c01831/element'
21:27:32.335 [AsyncHttpClient-1-17] DEBUG org.asynchttpclient.netty.handler.HttpHandler - 

Request DefaultHttpRequest(decodeResult: success, version: HTTP/1.1)
POST /session/c242823133411b8e058b96a099c01831/element HTTP/1.1
User-Agent: selenium/4.1.2 (java windows)
Content-Length: 84
Content-Type: application/json; charset=utf-8
host: localhost:57518
accept: */*

Response DefaultHttpResponse(decodeResult: success, version: HTTP/1.1)
HTTP/1.1 200 OK
Content-Type: application/json; charset=utf-8
cache-control: no-cache
content-length: 88

21:27:32.335 [AsyncHttpClient-1-17] DEBUG org.asynchttpclient.netty.channel.ChannelManager - Adding key: http://localhost:57518 for channel [id: 0xb582f09f, L:/127.0.0.1:64282 - R:localhost/127.0.0.1:57518]
21:27:32.336 [Forwarding clickElement on session c242823133411b8e058b96a099c01831 to remote] DEBUG org.asynchttpclient.netty.request.NettyRequestSender - Using pooled Channel '[id: 0xb582f09f, L:/127.0.0.1:64282 - R:localhost/127.0.0.1:57518]' for 'POST' to 'http://localhost:57518/session/c242823133411b8e058b96a099c01831/element/32ede322-9cad-4928-af3f-5b8eb413c602/click'
21:27:32.336 [Forwarding clickElement on session c242823133411b8e058b96a099c01831 to remote] DEBUG org.asynchttpclient.netty.request.NettyRequestSender - Using open Channel [id: 0xb582f09f, L:/127.0.0.1:64282 - R:localhost/127.0.0.1:57518] for POST '/session/c242823133411b8e058b96a099c01831/element/32ede322-9cad-4928-af3f-5b8eb413c602/click'
21:27:32.366 [AsyncHttpClient-1-17] DEBUG org.asynchttpclient.netty.handler.HttpHandler - 

Request DefaultHttpRequest(decodeResult: success, version: HTTP/1.1)
POST /session/c242823133411b8e058b96a099c01831/element/32ede322-9cad-4928-af3f-5b8eb413c602/click HTTP/1.1
User-Agent: selenium/4.1.2 (java windows)
Content-Length: 50
Content-Type: application/json; charset=utf-8
host: localhost:57518
accept: */*

Response DefaultHttpResponse(decodeResult: success, version: HTTP/1.1)
HTTP/1.1 200 OK
Content-Type: application/json; charset=utf-8
cache-control: no-cache
content-length: 14

21:27:32.366 [AsyncHttpClient-1-17] DEBUG org.asynchttpclient.netty.channel.ChannelManager - Adding key: http://localhost:57518 for channel [id: 0xb582f09f, L:/127.0.0.1:64282 - R:localhost/127.0.0.1:57518]
  &amp#27;[32mAnd &amp#27;[0m&amp#27;[32mI click register again&amp#27;[0m                       &amp#27;[90m# starter.stepdefinitions.RegisterSteps.iClickRegisterAgain()&amp#27;[0m
21:27:32.371 [Forwarding screenshot on session c242823133411b8e058b96a099c01831 to remote] DEBUG org.asynchttpclient.netty.request.NettyRequestSender - Using pooled Channel '[id: 0xb582f09f, L:/127.0.0.1:64282 - R:localhost/127.0.0.1:57518]' for 'GET' to 'http://localhost:57518/session/c242823133411b8e058b96a099c01831/screenshot'
21:27:32.371 [Forwarding screenshot on session c242823133411b8e058b96a099c01831 to remote] DEBUG org.asynchttpclient.netty.request.NettyRequestSender - Using open Channel [id: 0xb582f09f, L:/127.0.0.1:64282 - R:localhost/127.0.0.1:57518] for GET '/session/c242823133411b8e058b96a099c01831/screenshot'
21:27:32.582 [AsyncHttpClient-1-17] DEBUG org.asynchttpclient.netty.handler.HttpHandler - 

Request DefaultFullHttpRequest(decodeResult: success, version: HTTP/1.1, content: EmptyByteBufBE)
GET /session/c242823133411b8e058b96a099c01831/screenshot HTTP/1.1
User-Agent: selenium/4.1.2 (java windows)
Cache-Control: no-cache
Content-Type: application/json; charset=utf-8
host: localhost:57518
accept: */*

Response DefaultHttpResponse(decodeResult: success, version: HTTP/1.1)
HTTP/1.1 200 OK
Content-Type: application/json; charset=utf-8
cache-control: no-cache
content-length: 46936

21:27:32.582 [AsyncHttpClient-1-17] DEBUG org.asynchttpclient.netty.channel.ChannelManager - Adding key: http://localhost:57518 for channel [id: 0xb582f09f, L:/127.0.0.1:64282 - R:localhost/127.0.0.1:57518]
21:27:32.584 [main] DEBUG net.serenitybdd.core.photography.Darkroom - Send negative for processing for target\site\serenity\cf286a5bbf020b006017cb50ff5a808398412e32ba68caa957c6061d600a3bb9.png
21:27:32.584 [Darkroom Processing Line] DEBUG net.serenitybdd.core.photography.DarkroomProcessingLine - Processing screenshot image in /var/screenshots/screenshot-12751540340865571306
21:27:32.584 [Darkroom Processing Line] DEBUG net.serenitybdd.core.photography.DarkroomProcessingLine - Saving screenshot to target\site\serenity\cf286a5bbf020b006017cb50ff5a808398412e32ba68caa957c6061d600a3bb9.png
21:27:32.591 [Forwarding findElement on session c242823133411b8e058b96a099c01831 to remote] DEBUG org.asynchttpclient.netty.request.NettyRequestSender - Using pooled Channel '[id: 0xb582f09f, L:/127.0.0.1:64282 - R:localhost/127.0.0.1:57518]' for 'POST' to 'http://localhost:57518/session/c242823133411b8e058b96a099c01831/element'
21:27:32.591 [Forwarding findElement on session c242823133411b8e058b96a099c01831 to remote] DEBUG org.asynchttpclient.netty.request.NettyRequestSender - Using open Channel [id: 0xb582f09f, L:/127.0.0.1:64282 - R:localhost/127.0.0.1:57518] for POST '/session/c242823133411b8e058b96a099c01831/element'
21:27:32.667 [AsyncHttpClient-1-17] DEBUG org.asynchttpclient.netty.handler.HttpHandler - 

Request DefaultHttpRequest(decodeResult: success, version: HTTP/1.1)
POST /session/c242823133411b8e058b96a099c01831/element HTTP/1.1
User-Agent: selenium/4.1.2 (java windows)
Content-Length: 82
Content-Type: application/json; charset=utf-8
host: localhost:57518
accept: */*

Response DefaultHttpResponse(decodeResult: success, version: HTTP/1.1)
HTTP/1.1 200 OK
Content-Type: application/json; charset=utf-8
cache-control: no-cache
content-length: 88

21:27:32.667 [AsyncHttpClient-1-17] DEBUG org.asynchttpclient.netty.channel.ChannelManager - Adding key: http://localhost:57518 for channel [id: 0xb582f09f, L:/127.0.0.1:64282 - R:localhost/127.0.0.1:57518]
21:27:32.669 [Forwarding isElementDisplayed on session c242823133411b8e058b96a099c01831 to remote] DEBUG org.asynchttpclient.netty.request.NettyRequestSender - Using pooled Channel '[id: 0xb582f09f, L:/127.0.0.1:64282 - R:localhost/127.0.0.1:57518]' for 'POST' to 'http://localhost:57518/session/c242823133411b8e058b96a099c01831/execute/sync'
21:27:32.669 [Forwarding isElementDisplayed on session c242823133411b8e058b96a099c01831 to remote] DEBUG org.asynchttpclient.netty.request.NettyRequestSender - Using open Channel [id: 0xb582f09f, L:/127.0.0.1:64282 - R:localhost/127.0.0.1:57518] for POST '/session/c242823133411b8e058b96a099c01831/execute/sync'
21:27:32.681 [AsyncHttpClient-1-17] DEBUG org.asynchttpclient.netty.handler.HttpHandler - 

Request DefaultHttpRequest(decodeResult: success, version: HTTP/1.1)
POST /session/c242823133411b8e058b96a099c01831/execute/sync HTTP/1.1
User-Agent: selenium/4.1.2 (java windows)
Content-Length: 48780
Content-Type: application/json; charset=utf-8
host: localhost:57518
accept: */*

Response DefaultHttpResponse(decodeResult: success, version: HTTP/1.1)
HTTP/1.1 200 OK
Content-Type: application/json; charset=utf-8
cache-control: no-cache
content-length: 14

21:27:32.681 [AsyncHttpClient-1-17] DEBUG org.asynchttpclient.netty.channel.ChannelManager - Adding key: http://localhost:57518 for channel [id: 0xb582f09f, L:/127.0.0.1:64282 - R:localhost/127.0.0.1:57518]
  &amp#27;[32mThen &amp#27;[0m&amp#27;[32mI get &amp#27;[0m&amp#27;[32m&amp#27;[1m"email"&amp#27;[0m&amp#27;[32m error&amp#27;[0m                         &amp#27;[90m# starter.stepdefinitions.RegisterSteps.iGetErrorError(java.lang.String)&amp#27;[0m
21:27:32.685 [Forwarding screenshot on session c242823133411b8e058b96a099c01831 to remote] DEBUG org.asynchttpclient.netty.request.NettyRequestSender - Using pooled Channel '[id: 0xb582f09f, L:/127.0.0.1:64282 - R:localhost/127.0.0.1:57518]' for 'GET' to 'http://localhost:57518/session/c242823133411b8e058b96a099c01831/screenshot'
21:27:32.685 [Forwarding screenshot on session c242823133411b8e058b96a099c01831 to remote] DEBUG org.asynchttpclient.netty.request.NettyRequestSender - Using open Channel [id: 0xb582f09f, L:/127.0.0.1:64282 - R:localhost/127.0.0.1:57518] for GET '/session/c242823133411b8e058b96a099c01831/screenshot'
21:27:32.881 [AsyncHttpClient-1-17] DEBUG org.asynchttpclient.netty.handler.HttpHandler - 

Request DefaultFullHttpRequest(decodeResult: success, version: HTTP/1.1, content: EmptyByteBufBE)
GET /session/c242823133411b8e058b96a099c01831/screenshot HTTP/1.1
User-Agent: selenium/4.1.2 (java windows)
Cache-Control: no-cache
Content-Type: application/json; charset=utf-8
host: localhost:57518
accept: */*

Response DefaultHttpResponse(decodeResult: success, version: HTTP/1.1)
HTTP/1.1 200 OK
Content-Type: application/json; charset=utf-8
cache-control: no-cache
content-length: 53112

21:27:32.881 [AsyncHttpClient-1-17] DEBUG org.asynchttpclient.netty.channel.ChannelManager - Adding key: http://localhost:57518 for channel [id: 0xb582f09f, L:/127.0.0.1:64282 - R:localhost/127.0.0.1:57518]
21:27:32.883 [main] DEBUG net.serenitybdd.core.photography.Darkroom - Send negative for processing for target\site\serenity\6bf4165fdc57ce8acb8990efe94b8583ff7ec7240aa42e97007820acf3ea9316.png
21:27:32.883 [Darkroom Processing Line] DEBUG net.serenitybdd.core.photography.DarkroomProcessingLine - Processing screenshot image in /var/screenshots/screenshot-17614550969612797500
21:27:32.883 [Darkroom Processing Line] DEBUG net.serenitybdd.core.photography.DarkroomProcessingLine - Saving screenshot to target\site\serenity\6bf4165fdc57ce8acb8990efe94b8583ff7ec7240aa42e97007820acf3ea9316.png
21:27:32.887 [AsyncHttpClient-1-3] DEBUG org.asynchttpclient.netty.handler.WebSocketHandler - Channel Closed: [id: 0x09151b17, L:/127.0.0.1:64290 ! R:localhost/127.0.0.1:64283] with attribute NettyResponseFuture{currentRetry=5,
	isDone=1,
	isCancelled=0,
	asyncHandler=org.asynchttpclient.ws.WebSocketUpgradeHandler@3b5c66c,
	nettyRequest=org.asynchttpclient.netty.request.NettyRequest@4bca9047,
	future=java.util.concurrent.CompletableFuture@1675f157[Completed normally],
	uri=ws://localhost:64283/devtools/browser/ed2612e2-4461-4231-8c15-e18befc7965c,
	keepAlive=true,
	redirectCount=0,
	timeoutsHolder=null,
	inAuth=0,
	touch=1667572048758}
21:27:32.887 [AsyncHttpClient-1-3] DEBUG org.asynchttpclient.netty.channel.ChannelManager - Closing Channel [id: 0x09151b17, L:/127.0.0.1:64290 ! R:localhost/127.0.0.1:64283] 
21:27:32.887 [Driver Command Executor] DEBUG org.asynchttpclient.netty.request.NettyRequestSender - Using pooled Channel '[id: 0xb582f09f, L:/127.0.0.1:64282 - R:localhost/127.0.0.1:57518]' for 'DELETE' to 'http://localhost:57518/session/c242823133411b8e058b96a099c01831'
21:27:32.887 [Driver Command Executor] DEBUG org.asynchttpclient.netty.request.NettyRequestSender - Using open Channel [id: 0xb582f09f, L:/127.0.0.1:64282 - R:localhost/127.0.0.1:57518] for DELETE '/session/c242823133411b8e058b96a099c01831'
21:27:32.910 [AsyncHttpClient-1-2] DEBUG org.asynchttpclient.netty.handler.HttpHandler - Unexpected I/O exception on channel [id: 0x6584688c, L:/127.0.0.1:64289 - R:localhost/127.0.0.1:64283]
java.net.SocketException: Connection reset
	at java.base/sun.nio.ch.SocketChannelImpl.throwConnectionReset(SocketChannelImpl.java:345)
	at java.base/sun.nio.ch.SocketChannelImpl.read(SocketChannelImpl.java:376)
	at io.netty.buffer.PooledByteBuf.setBytes(PooledByteBuf.java:258)
	at io.netty.buffer.AbstractByteBuf.writeBytes(AbstractByteBuf.java:1132)
	at io.netty.channel.socket.nio.NioSocketChannel.doReadBytes(NioSocketChannel.java:350)
	at io.netty.channel.nio.AbstractNioByteChannel$NioByteUnsafe.read(AbstractNioByteChannel.java:151)
	at io.netty.channel.nio.NioEventLoop.processSelectedKey(NioEventLoop.java:722)
	at io.netty.channel.nio.NioEventLoop.processSelectedKeysOptimized(NioEventLoop.java:658)
	at io.netty.channel.nio.NioEventLoop.processSelectedKeys(NioEventLoop.java:584)
	at io.netty.channel.nio.NioEventLoop.run(NioEventLoop.java:496)
	at io.netty.util.concurrent.SingleThreadEventExecutor$4.run(SingleThreadEventExecutor.java:986)
	at io.netty.util.internal.ThreadExecutorMap$2.run(ThreadExecutorMap.java:74)
	at io.netty.util.concurrent.FastThreadLocalRunnable.run(FastThreadLocalRunnable.java:30)
	at java.base/java.lang.Thread.run(Thread.java:830)
21:27:32.911 [AsyncHttpClient-1-2] DEBUG org.asynchttpclient.netty.channel.ChannelManager - Closing Channel [id: 0x6584688c, L:/127.0.0.1:64289 - R:localhost/127.0.0.1:64283] 
21:27:32.912 [AsyncHttpClient-1-2] DEBUG org.asynchttpclient.netty.handler.HttpHandler - Channel Closed: [id: 0x6584688c, L:/127.0.0.1:64289 ! R:localhost/127.0.0.1:64283] with attribute DISCARD
21:27:32.930 [AsyncHttpClient-1-17] DEBUG org.asynchttpclient.netty.handler.HttpHandler - 

Request DefaultFullHttpRequest(decodeResult: success, version: HTTP/1.1, content: EmptyByteBufBE)
DELETE /session/c242823133411b8e058b96a099c01831 HTTP/1.1
User-Agent: selenium/4.1.2 (java windows)
Content-Type: application/json; charset=utf-8
host: localhost:57518
accept: */*

Response DefaultHttpResponse(decodeResult: success, version: HTTP/1.1)
HTTP/1.1 200 OK
Content-Type: application/json; charset=utf-8
cache-control: no-cache
content-length: 14

21:27:32.931 [AsyncHttpClient-1-17] DEBUG org.asynchttpclient.netty.channel.ChannelManager - Adding key: http://localhost:57518 for channel [id: 0xb582f09f, L:/127.0.0.1:64282 - R:localhost/127.0.0.1:57518]
21:27:32.996 [AsyncHttpClient-1-17] DEBUG org.asynchttpclient.netty.handler.HttpHandler - Channel Closed: [id: 0xb582f09f, L:/127.0.0.1:64282 ! R:localhost/127.0.0.1:57518] with attribute DISCARD
21:27:33.253 [AsyncHttpClient-1-1] DEBUG org.asynchttpclient.netty.channel.DefaultChannelPool - Entry count for : http://localhost:57518 : 1
21:27:33.253 [AsyncHttpClient-1-1] DEBUG org.asynchttpclient.netty.channel.DefaultChannelPool - Entry count for : http://localhost:64283 : 1
21:27:33.253 [AsyncHttpClient-1-1] DEBUG org.asynchttpclient.netty.channel.DefaultChannelPool - Adding Candidate expired Channel [id: 0xb582f09f, L:/127.0.0.1:64282 ! R:localhost/127.0.0.1:57518] isIdleTimeoutExpired=false isRemotelyClosed=true isTtlExpired=false
21:27:33.253 [AsyncHttpClient-1-1] DEBUG org.asynchttpclient.netty.channel.DefaultChannelPool - Closing Idle Channel [id: 0xb582f09f, L:/127.0.0.1:64282 ! R:localhost/127.0.0.1:57518]
21:27:33.253 [AsyncHttpClient-1-1] DEBUG org.asynchttpclient.netty.channel.DefaultChannelPool - Adding Candidate expired Channel [id: 0x6584688c, L:/127.0.0.1:64289 ! R:localhost/127.0.0.1:64283] isIdleTimeoutExpired=false isRemotelyClosed=true isTtlExpired=false
21:27:33.253 [AsyncHttpClient-1-1] DEBUG org.asynchttpclient.netty.channel.DefaultChannelPool - Closing Idle Channel [id: 0x6584688c, L:/127.0.0.1:64289 ! R:localhost/127.0.0.1:64283]
21:27:33.253 [AsyncHttpClient-1-1] DEBUG org.asynchttpclient.netty.channel.DefaultChannelPool - Closed 2 connections out of 2 in 0 ms
21:27:33.533 [main] INFO  - 
  _____   ___   ___   _____     ___     _     ___   ___   ___   ___  
 |_   _| | __| / __| |_   _|   | _ \   /_\   / __| / __| | __| |   \ 
   | |   | _|  \__ \   | |     |  _/  / _ \  \__ \ \__ \ | _|  | |) |
   |_|   |___| |___/   |_|     |_|   /_/ \_\ |___/ |___/ |___| |___/ 

Register with username and email
----------------------------------------------------------------------
]]></system-out>
    <system-err><![CDATA[Starting ChromeDriver 106.0.5249.61 (511755355844955cd3e264779baf0dd38212a4d0-refs/branch-heads/5249@{#569}) on port 57518
Only local connections are allowed.
Please see https://chromedriver.chromium.org/security-considerations for suggestions on keeping ChromeDriver safe.
ChromeDriver was started successfully.
[1667572048.631][WARNING]: This version of ChromeDriver has not been tested with Chrome version 107.
Nov 04, 2022 9:27:28 PM org.openqa.selenium.remote.ProtocolHandshake createSession
INFO: Detected dialect: W3C
Nov 04, 2022 9:27:28 PM org.openqa.selenium.devtools.CdpVersionFinder findNearestMatch
WARNING: Unable to find an exact match for CDP version 107, so returning the closest version found: a no-op implementation
Nov 04, 2022 9:27:28 PM org.openqa.selenium.devtools.CdpVersionFinder findNearestMatch
INFO: Unable to find CDP implementation matching 107.
Nov 04, 2022 9:27:28 PM org.openqa.selenium.chromium.ChromiumDriver lambda$new$3
WARNING: Unable to find version of CDP to use for . You may need to include a dependency on a specific version of the CDP using something similar to `org.seleniumhq.selenium:selenium-devtools-v86:4.1.2` where the version ("v86") matches the version of the chromium-based browser you're using and the version number of the artifact is the same as Selenium's.
]]></system-err>
  </testcase>
  <testcase name="Register with username and email #3" classname="Register" time="6.426">
    <system-out><![CDATA[
@Register
Scenario Outline: Register with username and email &amp#27;[90m# src/test/resources/features/Register.feature:40&amp#27;[0m
21:27:33.542 [main] INFO io.cucumber.core.plugin.SerenityReporter - Running feature from file:///C:/Users/ASUS/Desktop/stupen/miniproject/Web/ASWeb/src/test/resources/features/Register.feature
21:27:33.551 [main] INFO net.serenitybdd.core.webdriver.driverproviders.ChromeDriverProvider - Using automatically driver download
21:27:33.661 [main] DEBUG io.github.bonigarcia.wdm.cache.ResolutionCache - Resolution chrome=107 in cache (valid until 22:24:57 04/11/2022 WIB)
21:27:33.664 [main] DEBUG io.github.bonigarcia.wdm.cache.ResolutionCache - Resolution chrome107=107.0.5304.62 in cache (valid until 21:24:57 05/11/2022 WIB)
21:27:33.666 [main] INFO io.github.bonigarcia.wdm.WebDriverManager - Using chromedriver 107.0.5304.62 (resolved driver for Chrome 107)
21:27:33.675 [main] DEBUG io.github.bonigarcia.wdm.WebDriverManager - Driver chromedriver 107.0.5304.62 found in cache
21:27:33.675 [main] INFO io.github.bonigarcia.wdm.WebDriverManager - Exporting webdriver.chrome.driver as C:\Users\ASUS\.cache\selenium\chromedriver\win32\107.0.5304.62\chromedriver.exe
21:27:33.783 [main] DEBUG net.serenitybdd.core.webdriver.driverproviders.ProvideNewDriver - Instantiating driver
21:27:33.783 [main] DEBUG net.serenitybdd.core.webdriver.driverproviders.ProvideNewDriver - Driver capabilities: Capabilities {acceptInsecureCerts: false, base.url: https://alta-shop.vercel.app/, browserName: chrome, chrome.driver: src/test/resources/webdrive..., driver: chrome, goog:chromeOptions: {args: [], extensions: []}, wait.for.timeout: 10000}
21:27:34.323 [AsyncHttpClient-1-4] DEBUG org.asynchttpclient.netty.channel.NettyConnectListener - Using new Channel '[id: 0x612a3c83, L:/127.0.0.1:64310 - R:localhost/127.0.0.1:59514]' for 'POST' to '/session'
21:27:35.103 [AsyncHttpClient-1-4] DEBUG org.asynchttpclient.netty.handler.HttpHandler - 

Request DefaultHttpRequest(decodeResult: success, version: HTTP/1.1)
POST /session HTTP/1.1
User-Agent: selenium/4.1.2 (java windows)
Content-Length: 646
Content-Type: application/json; charset=utf-8
host: localhost:59514
accept: */*

Response DefaultHttpResponse(decodeResult: success, version: HTTP/1.1)
HTTP/1.1 200 OK
Content-Type: application/json; charset=utf-8
cache-control: no-cache
content-length: 788

21:27:35.103 [AsyncHttpClient-1-4] DEBUG org.asynchttpclient.netty.channel.ChannelManager - Adding key: http://localhost:59514 for channel [id: 0x612a3c83, L:/127.0.0.1:64310 - R:localhost/127.0.0.1:59514]
21:27:35.113 [AsyncHttpClient-1-5] DEBUG org.asynchttpclient.netty.channel.NettyConnectListener - Using new Channel '[id: 0xf2a982ed, L:/127.0.0.1:64317 - R:localhost/127.0.0.1:64311]' for 'GET' to '/json/version'
21:27:35.114 [AsyncHttpClient-1-5] DEBUG org.asynchttpclient.netty.handler.HttpHandler - 

Request DefaultFullHttpRequest(decodeResult: success, version: HTTP/1.1, content: EmptyByteBufBE)
GET /json/version HTTP/1.1
User-Agent: selenium/4.1.2 (java windows)
host: localhost:64311
accept: */*

Response DefaultHttpResponse(decodeResult: success, version: HTTP/1.1)
HTTP/1.1 200 OK
Content-Type: application/json; charset=UTF-8
content-length: 423

21:27:35.114 [AsyncHttpClient-1-5] DEBUG org.asynchttpclient.netty.channel.ChannelManager - Adding key: http://localhost:64311 for channel [id: 0xf2a982ed, L:/127.0.0.1:64317 - R:localhost/127.0.0.1:64311]
21:27:35.117 [AsyncHttpClient-1-6] DEBUG org.asynchttpclient.netty.channel.NettyConnectListener - Using new Channel '[id: 0x695dbd2e, L:/127.0.0.1:64318 - R:localhost/127.0.0.1:64311]' for 'GET' to '/devtools/browser/98c57c74-9175-4b36-ac58-415ce4016b87'
21:27:35.118 [AsyncHttpClient-1-6] DEBUG org.asynchttpclient.netty.handler.WebSocketHandler - 

Request DefaultFullHttpRequest(decodeResult: success, version: HTTP/1.1, content: EmptyByteBufBE)
GET /devtools/browser/98c57c74-9175-4b36-ac58-415ce4016b87 HTTP/1.1
upgrade: websocket
connection: upgrade
sec-websocket-key: IVF98SUo5TC7/benEYcAHw==
sec-websocket-version: 13
origin: http://localhost:64311
host: localhost:64311
accept: */*
user-agent: AHC/2.1

Response DefaultHttpResponse(decodeResult: success, version: HTTP/1.1)
HTTP/1.1 101 WebSocket Protocol Handshake
Upgrade: WebSocket
Connection: Upgrade
Sec-WebSocket-Accept: 3rpxrBLPgoiEVB6l7AECoPpAPQk=

21:27:35.122 [Forwarding get on session 61a9b2e4ecd691f9a21a835d6fde4bd6 to remote] DEBUG org.asynchttpclient.netty.request.NettyRequestSender - Using pooled Channel '[id: 0x612a3c83, L:/127.0.0.1:64310 - R:localhost/127.0.0.1:59514]' for 'POST' to 'http://localhost:59514/session/61a9b2e4ecd691f9a21a835d6fde4bd6/url'
21:27:35.122 [Forwarding get on session 61a9b2e4ecd691f9a21a835d6fde4bd6 to remote] DEBUG org.asynchttpclient.netty.request.NettyRequestSender - Using open Channel [id: 0x612a3c83, L:/127.0.0.1:64310 - R:localhost/127.0.0.1:59514] for POST '/session/61a9b2e4ecd691f9a21a835d6fde4bd6/url'
21:27:35.450 [AsyncHttpClient-1-1] DEBUG org.asynchttpclient.netty.channel.DefaultChannelPool - Entry count for : http://localhost:64311 : 1
21:27:35.961 [AsyncHttpClient-1-4] DEBUG org.asynchttpclient.netty.handler.HttpHandler - 

Request DefaultHttpRequest(decodeResult: success, version: HTTP/1.1)
POST /session/61a9b2e4ecd691f9a21a835d6fde4bd6/url HTTP/1.1
User-Agent: selenium/4.1.2 (java windows)
Content-Length: 77
Content-Type: application/json; charset=utf-8
host: localhost:59514
accept: */*

Response DefaultHttpResponse(decodeResult: success, version: HTTP/1.1)
HTTP/1.1 200 OK
Content-Type: application/json; charset=utf-8
cache-control: no-cache
content-length: 14

21:27:35.961 [AsyncHttpClient-1-4] DEBUG org.asynchttpclient.netty.channel.ChannelManager - Adding key: http://localhost:59514 for channel [id: 0x612a3c83, L:/127.0.0.1:64310 - R:localhost/127.0.0.1:59514]
21:27:35.962 [Forwarding setTimeout on session 61a9b2e4ecd691f9a21a835d6fde4bd6 to remote] DEBUG org.asynchttpclient.netty.request.NettyRequestSender - Using pooled Channel '[id: 0x612a3c83, L:/127.0.0.1:64310 - R:localhost/127.0.0.1:59514]' for 'POST' to 'http://localhost:59514/session/61a9b2e4ecd691f9a21a835d6fde4bd6/timeouts'
21:27:35.962 [Forwarding setTimeout on session 61a9b2e4ecd691f9a21a835d6fde4bd6 to remote] DEBUG org.asynchttpclient.netty.request.NettyRequestSender - Using open Channel [id: 0x612a3c83, L:/127.0.0.1:64310 - R:localhost/127.0.0.1:59514] for POST '/session/61a9b2e4ecd691f9a21a835d6fde4bd6/timeouts'
21:27:35.963 [AsyncHttpClient-1-4] DEBUG org.asynchttpclient.netty.handler.HttpHandler - 

Request DefaultHttpRequest(decodeResult: success, version: HTTP/1.1)
POST /session/61a9b2e4ecd691f9a21a835d6fde4bd6/timeouts HTTP/1.1
User-Agent: selenium/4.1.2 (java windows)
Content-Length: 22
Content-Type: application/json; charset=utf-8
host: localhost:59514
accept: */*

Response DefaultHttpResponse(decodeResult: success, version: HTTP/1.1)
HTTP/1.1 200 OK
Content-Type: application/json; charset=utf-8
cache-control: no-cache
content-length: 14

21:27:35.963 [AsyncHttpClient-1-4] DEBUG org.asynchttpclient.netty.channel.ChannelManager - Adding key: http://localhost:59514 for channel [id: 0x612a3c83, L:/127.0.0.1:64310 - R:localhost/127.0.0.1:59514]
21:27:35.965 [Forwarding getCurrentUrl on session 61a9b2e4ecd691f9a21a835d6fde4bd6 to remote] DEBUG org.asynchttpclient.netty.request.NettyRequestSender - Using pooled Channel '[id: 0x612a3c83, L:/127.0.0.1:64310 - R:localhost/127.0.0.1:59514]' for 'GET' to 'http://localhost:59514/session/61a9b2e4ecd691f9a21a835d6fde4bd6/url'
21:27:35.965 [Forwarding getCurrentUrl on session 61a9b2e4ecd691f9a21a835d6fde4bd6 to remote] DEBUG org.asynchttpclient.netty.request.NettyRequestSender - Using open Channel [id: 0x612a3c83, L:/127.0.0.1:64310 - R:localhost/127.0.0.1:59514] for GET '/session/61a9b2e4ecd691f9a21a835d6fde4bd6/url'
21:27:35.970 [AsyncHttpClient-1-4] DEBUG org.asynchttpclient.netty.handler.HttpHandler - 

Request DefaultFullHttpRequest(decodeResult: success, version: HTTP/1.1, content: EmptyByteBufBE)
GET /session/61a9b2e4ecd691f9a21a835d6fde4bd6/url HTTP/1.1
User-Agent: selenium/4.1.2 (java windows)
Cache-Control: no-cache
Content-Type: application/json; charset=utf-8
host: localhost:59514
accept: */*

Response DefaultHttpResponse(decodeResult: success, version: HTTP/1.1)
HTTP/1.1 200 OK
Content-Type: application/json; charset=utf-8
cache-control: no-cache
content-length: 54

21:27:35.970 [AsyncHttpClient-1-4] DEBUG org.asynchttpclient.netty.channel.ChannelManager - Adding key: http://localhost:59514 for channel [id: 0x612a3c83, L:/127.0.0.1:64310 - R:localhost/127.0.0.1:59514]
  &amp#27;[32mGiven &amp#27;[0m&amp#27;[32mI open register page&amp#27;[0m                       &amp#27;[90m# starter.stepdefinitions.RegisterSteps.iOpenRegisterPage()&amp#27;[0m
21:27:35.974 [Forwarding screenshot on session 61a9b2e4ecd691f9a21a835d6fde4bd6 to remote] DEBUG org.asynchttpclient.netty.request.NettyRequestSender - Using pooled Channel '[id: 0x612a3c83, L:/127.0.0.1:64310 - R:localhost/127.0.0.1:59514]' for 'GET' to 'http://localhost:59514/session/61a9b2e4ecd691f9a21a835d6fde4bd6/screenshot'
21:27:35.974 [Forwarding screenshot on session 61a9b2e4ecd691f9a21a835d6fde4bd6 to remote] DEBUG org.asynchttpclient.netty.request.NettyRequestSender - Using open Channel [id: 0x612a3c83, L:/127.0.0.1:64310 - R:localhost/127.0.0.1:59514] for GET '/session/61a9b2e4ecd691f9a21a835d6fde4bd6/screenshot'
21:27:36.377 [AsyncHttpClient-1-4] DEBUG org.asynchttpclient.netty.handler.HttpHandler - 

Request DefaultFullHttpRequest(decodeResult: success, version: HTTP/1.1, content: EmptyByteBufBE)
GET /session/61a9b2e4ecd691f9a21a835d6fde4bd6/screenshot HTTP/1.1
User-Agent: selenium/4.1.2 (java windows)
Cache-Control: no-cache
Content-Type: application/json; charset=utf-8
host: localhost:59514
accept: */*

Response DefaultHttpResponse(decodeResult: success, version: HTTP/1.1)
HTTP/1.1 200 OK
Content-Type: application/json; charset=utf-8
cache-control: no-cache
content-length: 45380

21:27:36.377 [AsyncHttpClient-1-4] DEBUG org.asynchttpclient.netty.channel.ChannelManager - Adding key: http://localhost:59514 for channel [id: 0x612a3c83, L:/127.0.0.1:64310 - R:localhost/127.0.0.1:59514]
21:27:36.378 [main] DEBUG net.serenitybdd.core.photography.Darkroom - Send negative for processing for target\site\serenity\74af2a90e11b4e8cdcc90c8b8f2efe0850d173caaf4338fdd4e69cc971e1b305.png
21:27:36.384 [Forwarding findElement on session 61a9b2e4ecd691f9a21a835d6fde4bd6 to remote] DEBUG org.asynchttpclient.netty.request.NettyRequestSender - Using pooled Channel '[id: 0x612a3c83, L:/127.0.0.1:64310 - R:localhost/127.0.0.1:59514]' for 'POST' to 'http://localhost:59514/session/61a9b2e4ecd691f9a21a835d6fde4bd6/element'
21:27:36.384 [Forwarding findElement on session 61a9b2e4ecd691f9a21a835d6fde4bd6 to remote] DEBUG org.asynchttpclient.netty.request.NettyRequestSender - Using open Channel [id: 0x612a3c83, L:/127.0.0.1:64310 - R:localhost/127.0.0.1:59514] for POST '/session/61a9b2e4ecd691f9a21a835d6fde4bd6/element'
21:27:36.395 [AsyncHttpClient-1-4] DEBUG org.asynchttpclient.netty.handler.HttpHandler - 

Request DefaultHttpRequest(decodeResult: success, version: HTTP/1.1)
POST /session/61a9b2e4ecd691f9a21a835d6fde4bd6/element HTTP/1.1
User-Agent: selenium/4.1.2 (java windows)
Content-Length: 94
Content-Type: application/json; charset=utf-8
host: localhost:59514
accept: */*

Response DefaultHttpResponse(decodeResult: success, version: HTTP/1.1)
HTTP/1.1 200 OK
Content-Type: application/json; charset=utf-8
cache-control: no-cache
content-length: 88

21:27:36.395 [AsyncHttpClient-1-4] DEBUG org.asynchttpclient.netty.channel.ChannelManager - Adding key: http://localhost:59514 for channel [id: 0x612a3c83, L:/127.0.0.1:64310 - R:localhost/127.0.0.1:59514]
21:27:36.395 [Forwarding clearElement on session 61a9b2e4ecd691f9a21a835d6fde4bd6 to remote] DEBUG org.asynchttpclient.netty.request.NettyRequestSender - Using pooled Channel '[id: 0x612a3c83, L:/127.0.0.1:64310 - R:localhost/127.0.0.1:59514]' for 'POST' to 'http://localhost:59514/session/61a9b2e4ecd691f9a21a835d6fde4bd6/element/b6be4836-5682-4c80-b827-54e0414d2b5a/clear'
21:27:36.395 [Forwarding clearElement on session 61a9b2e4ecd691f9a21a835d6fde4bd6 to remote] DEBUG org.asynchttpclient.netty.request.NettyRequestSender - Using open Channel [id: 0x612a3c83, L:/127.0.0.1:64310 - R:localhost/127.0.0.1:59514] for POST '/session/61a9b2e4ecd691f9a21a835d6fde4bd6/element/b6be4836-5682-4c80-b827-54e0414d2b5a/clear'
21:27:36.425 [AsyncHttpClient-1-4] DEBUG org.asynchttpclient.netty.handler.HttpHandler - 

Request DefaultHttpRequest(decodeResult: success, version: HTTP/1.1)
POST /session/61a9b2e4ecd691f9a21a835d6fde4bd6/element/b6be4836-5682-4c80-b827-54e0414d2b5a/clear HTTP/1.1
User-Agent: selenium/4.1.2 (java windows)
Content-Length: 50
Content-Type: application/json; charset=utf-8
host: localhost:59514
accept: */*

Response DefaultHttpResponse(decodeResult: success, version: HTTP/1.1)
HTTP/1.1 200 OK
Content-Type: application/json; charset=utf-8
cache-control: no-cache
content-length: 14

21:27:36.425 [AsyncHttpClient-1-4] DEBUG org.asynchttpclient.netty.channel.ChannelManager - Adding key: http://localhost:59514 for channel [id: 0x612a3c83, L:/127.0.0.1:64310 - R:localhost/127.0.0.1:59514]
21:27:36.426 [Forwarding sendKeysToElement on session 61a9b2e4ecd691f9a21a835d6fde4bd6 to remote] DEBUG org.asynchttpclient.netty.request.NettyRequestSender - Using pooled Channel '[id: 0x612a3c83, L:/127.0.0.1:64310 - R:localhost/127.0.0.1:59514]' for 'POST' to 'http://localhost:59514/session/61a9b2e4ecd691f9a21a835d6fde4bd6/element/b6be4836-5682-4c80-b827-54e0414d2b5a/value'
21:27:36.426 [Forwarding sendKeysToElement on session 61a9b2e4ecd691f9a21a835d6fde4bd6 to remote] DEBUG org.asynchttpclient.netty.request.NettyRequestSender - Using open Channel [id: 0x612a3c83, L:/127.0.0.1:64310 - R:localhost/127.0.0.1:59514] for POST '/session/61a9b2e4ecd691f9a21a835d6fde4bd6/element/b6be4836-5682-4c80-b827-54e0414d2b5a/value'
21:27:36.495 [AsyncHttpClient-1-4] DEBUG org.asynchttpclient.netty.handler.HttpHandler - 

Request DefaultHttpRequest(decodeResult: success, version: HTTP/1.1)
POST /session/61a9b2e4ecd691f9a21a835d6fde4bd6/element/b6be4836-5682-4c80-b827-54e0414d2b5a/value HTTP/1.1
User-Agent: selenium/4.1.2 (java windows)
Content-Length: 161
Content-Type: application/json; charset=utf-8
host: localhost:59514
accept: */*

Response DefaultHttpResponse(decodeResult: success, version: HTTP/1.1)
HTTP/1.1 200 OK
Content-Type: application/json; charset=utf-8
cache-control: no-cache
content-length: 14

21:27:36.495 [AsyncHttpClient-1-4] DEBUG org.asynchttpclient.netty.channel.ChannelManager - Adding key: http://localhost:59514 for channel [id: 0x612a3c83, L:/127.0.0.1:64310 - R:localhost/127.0.0.1:59514]
  &amp#27;[32mWhen &amp#27;[0m&amp#27;[32mI insert &amp#27;[0m&amp#27;[32m&amp#27;[1m"Sisimail"&amp#27;[0m&amp#27;[32m as full name&amp#27;[0m            &amp#27;[90m# starter.stepdefinitions.RegisterSteps.iInsertFullnameAsFullName(java.lang.String)&amp#27;[0m
21:27:36.500 [Forwarding screenshot on session 61a9b2e4ecd691f9a21a835d6fde4bd6 to remote] DEBUG org.asynchttpclient.netty.request.NettyRequestSender - Using pooled Channel '[id: 0x612a3c83, L:/127.0.0.1:64310 - R:localhost/127.0.0.1:59514]' for 'GET' to 'http://localhost:59514/session/61a9b2e4ecd691f9a21a835d6fde4bd6/screenshot'
21:27:36.500 [Forwarding screenshot on session 61a9b2e4ecd691f9a21a835d6fde4bd6 to remote] DEBUG org.asynchttpclient.netty.request.NettyRequestSender - Using open Channel [id: 0x612a3c83, L:/127.0.0.1:64310 - R:localhost/127.0.0.1:59514] for GET '/session/61a9b2e4ecd691f9a21a835d6fde4bd6/screenshot'
21:27:36.550 [AsyncHttpClient-1-1] DEBUG org.asynchttpclient.netty.channel.DefaultChannelPool - Entry count for : http://localhost:64311 : 1
21:27:36.652 [AsyncHttpClient-1-4] DEBUG org.asynchttpclient.netty.handler.HttpHandler - 

Request DefaultFullHttpRequest(decodeResult: success, version: HTTP/1.1, content: EmptyByteBufBE)
GET /session/61a9b2e4ecd691f9a21a835d6fde4bd6/screenshot HTTP/1.1
User-Agent: selenium/4.1.2 (java windows)
Cache-Control: no-cache
Content-Type: application/json; charset=utf-8
host: localhost:59514
accept: */*

Response DefaultHttpResponse(decodeResult: success, version: HTTP/1.1)
HTTP/1.1 200 OK
Content-Type: application/json; charset=utf-8
cache-control: no-cache
content-length: 48744

21:27:36.652 [AsyncHttpClient-1-4] DEBUG org.asynchttpclient.netty.channel.ChannelManager - Adding key: http://localhost:59514 for channel [id: 0x612a3c83, L:/127.0.0.1:64310 - R:localhost/127.0.0.1:59514]
21:27:36.653 [main] DEBUG net.serenitybdd.core.photography.Darkroom - Send negative for processing for target\site\serenity\e7384b0dd8bdee89f984d53abbce2aded407d23870f6d4fd3600c4541ecb0603.png
21:27:36.654 [Darkroom Processing Line] DEBUG net.serenitybdd.core.photography.DarkroomProcessingLine - Processing screenshot image in /var/screenshots/screenshot-11736622118853376705
21:27:36.654 [Darkroom Processing Line] DEBUG net.serenitybdd.core.photography.DarkroomProcessingLine - Saving screenshot to target\site\serenity\e7384b0dd8bdee89f984d53abbce2aded407d23870f6d4fd3600c4541ecb0603.png
21:27:36.660 [Forwarding findElement on session 61a9b2e4ecd691f9a21a835d6fde4bd6 to remote] DEBUG org.asynchttpclient.netty.request.NettyRequestSender - Using pooled Channel '[id: 0x612a3c83, L:/127.0.0.1:64310 - R:localhost/127.0.0.1:59514]' for 'POST' to 'http://localhost:59514/session/61a9b2e4ecd691f9a21a835d6fde4bd6/element'
21:27:36.660 [Forwarding findElement on session 61a9b2e4ecd691f9a21a835d6fde4bd6 to remote] DEBUG org.asynchttpclient.netty.request.NettyRequestSender - Using open Channel [id: 0x612a3c83, L:/127.0.0.1:64310 - R:localhost/127.0.0.1:59514] for POST '/session/61a9b2e4ecd691f9a21a835d6fde4bd6/element'
21:27:36.670 [AsyncHttpClient-1-4] DEBUG org.asynchttpclient.netty.handler.HttpHandler - 

Request DefaultHttpRequest(decodeResult: success, version: HTTP/1.1)
POST /session/61a9b2e4ecd691f9a21a835d6fde4bd6/element HTTP/1.1
User-Agent: selenium/4.1.2 (java windows)
Content-Length: 87
Content-Type: application/json; charset=utf-8
host: localhost:59514
accept: */*

Response DefaultHttpResponse(decodeResult: success, version: HTTP/1.1)
HTTP/1.1 200 OK
Content-Type: application/json; charset=utf-8
cache-control: no-cache
content-length: 88

21:27:36.670 [AsyncHttpClient-1-4] DEBUG org.asynchttpclient.netty.channel.ChannelManager - Adding key: http://localhost:59514 for channel [id: 0x612a3c83, L:/127.0.0.1:64310 - R:localhost/127.0.0.1:59514]
21:27:36.670 [Forwarding clearElement on session 61a9b2e4ecd691f9a21a835d6fde4bd6 to remote] DEBUG org.asynchttpclient.netty.request.NettyRequestSender - Using pooled Channel '[id: 0x612a3c83, L:/127.0.0.1:64310 - R:localhost/127.0.0.1:59514]' for 'POST' to 'http://localhost:59514/session/61a9b2e4ecd691f9a21a835d6fde4bd6/element/90e96822-2314-4d43-891e-088ef0aa383d/clear'
21:27:36.670 [Forwarding clearElement on session 61a9b2e4ecd691f9a21a835d6fde4bd6 to remote] DEBUG org.asynchttpclient.netty.request.NettyRequestSender - Using open Channel [id: 0x612a3c83, L:/127.0.0.1:64310 - R:localhost/127.0.0.1:59514] for POST '/session/61a9b2e4ecd691f9a21a835d6fde4bd6/element/90e96822-2314-4d43-891e-088ef0aa383d/clear'
21:27:36.700 [AsyncHttpClient-1-4] DEBUG org.asynchttpclient.netty.handler.HttpHandler - 

Request DefaultHttpRequest(decodeResult: success, version: HTTP/1.1)
POST /session/61a9b2e4ecd691f9a21a835d6fde4bd6/element/90e96822-2314-4d43-891e-088ef0aa383d/clear HTTP/1.1
User-Agent: selenium/4.1.2 (java windows)
Content-Length: 50
Content-Type: application/json; charset=utf-8
host: localhost:59514
accept: */*

Response DefaultHttpResponse(decodeResult: success, version: HTTP/1.1)
HTTP/1.1 200 OK
Content-Type: application/json; charset=utf-8
cache-control: no-cache
content-length: 14

21:27:36.700 [AsyncHttpClient-1-4] DEBUG org.asynchttpclient.netty.channel.ChannelManager - Adding key: http://localhost:59514 for channel [id: 0x612a3c83, L:/127.0.0.1:64310 - R:localhost/127.0.0.1:59514]
21:27:36.701 [Forwarding sendKeysToElement on session 61a9b2e4ecd691f9a21a835d6fde4bd6 to remote] DEBUG org.asynchttpclient.netty.request.NettyRequestSender - Using pooled Channel '[id: 0x612a3c83, L:/127.0.0.1:64310 - R:localhost/127.0.0.1:59514]' for 'POST' to 'http://localhost:59514/session/61a9b2e4ecd691f9a21a835d6fde4bd6/element/90e96822-2314-4d43-891e-088ef0aa383d/value'
21:27:36.701 [Forwarding sendKeysToElement on session 61a9b2e4ecd691f9a21a835d6fde4bd6 to remote] DEBUG org.asynchttpclient.netty.request.NettyRequestSender - Using open Channel [id: 0x612a3c83, L:/127.0.0.1:64310 - R:localhost/127.0.0.1:59514] for POST '/session/61a9b2e4ecd691f9a21a835d6fde4bd6/element/90e96822-2314-4d43-891e-088ef0aa383d/value'
21:27:36.790 [AsyncHttpClient-1-4] DEBUG org.asynchttpclient.netty.handler.HttpHandler - 

Request DefaultHttpRequest(decodeResult: success, version: HTTP/1.1)
POST /session/61a9b2e4ecd691f9a21a835d6fde4bd6/element/90e96822-2314-4d43-891e-088ef0aa383d/value HTTP/1.1
User-Agent: selenium/4.1.2 (java windows)
Content-Length: 231
Content-Type: application/json; charset=utf-8
host: localhost:59514
accept: */*

Response DefaultHttpResponse(decodeResult: success, version: HTTP/1.1)
HTTP/1.1 200 OK
Content-Type: application/json; charset=utf-8
cache-control: no-cache
content-length: 14

21:27:36.790 [AsyncHttpClient-1-4] DEBUG org.asynchttpclient.netty.channel.ChannelManager - Adding key: http://localhost:59514 for channel [id: 0x612a3c83, L:/127.0.0.1:64310 - R:localhost/127.0.0.1:59514]
  &amp#27;[32mAnd &amp#27;[0m&amp#27;[32mI insert &amp#27;[0m&amp#27;[32m&amp#27;[1m"simail@mail.com"&amp#27;[0m&amp#27;[32m as email&amp#27;[0m          &amp#27;[90m# starter.stepdefinitions.RegisterSteps.iInsertEmailAsEmail(java.lang.String)&amp#27;[0m
21:27:36.798 [Forwarding screenshot on session 61a9b2e4ecd691f9a21a835d6fde4bd6 to remote] DEBUG org.asynchttpclient.netty.request.NettyRequestSender - Using pooled Channel '[id: 0x612a3c83, L:/127.0.0.1:64310 - R:localhost/127.0.0.1:59514]' for 'GET' to 'http://localhost:59514/session/61a9b2e4ecd691f9a21a835d6fde4bd6/screenshot'
21:27:36.798 [Forwarding screenshot on session 61a9b2e4ecd691f9a21a835d6fde4bd6 to remote] DEBUG org.asynchttpclient.netty.request.NettyRequestSender - Using open Channel [id: 0x612a3c83, L:/127.0.0.1:64310 - R:localhost/127.0.0.1:59514] for GET '/session/61a9b2e4ecd691f9a21a835d6fde4bd6/screenshot'
21:27:36.945 [AsyncHttpClient-1-4] DEBUG org.asynchttpclient.netty.handler.HttpHandler - 

Request DefaultFullHttpRequest(decodeResult: success, version: HTTP/1.1, content: EmptyByteBufBE)
GET /session/61a9b2e4ecd691f9a21a835d6fde4bd6/screenshot HTTP/1.1
User-Agent: selenium/4.1.2 (java windows)
Cache-Control: no-cache
Content-Type: application/json; charset=utf-8
host: localhost:59514
accept: */*

Response DefaultHttpResponse(decodeResult: success, version: HTTP/1.1)
HTTP/1.1 200 OK
Content-Type: application/json; charset=utf-8
cache-control: no-cache
content-length: 53380

21:27:36.945 [AsyncHttpClient-1-4] DEBUG org.asynchttpclient.netty.channel.ChannelManager - Adding key: http://localhost:59514 for channel [id: 0x612a3c83, L:/127.0.0.1:64310 - R:localhost/127.0.0.1:59514]
21:27:36.947 [main] DEBUG net.serenitybdd.core.photography.Darkroom - Send negative for processing for target\site\serenity\dc2838f3a55de48cc5a7db8db5a36d6626413f0c6c603585ac445a0e27deac22.png
21:27:36.947 [Darkroom Processing Line] DEBUG net.serenitybdd.core.photography.DarkroomProcessingLine - Processing screenshot image in /var/screenshots/screenshot-16139737228213948805
21:27:36.947 [Darkroom Processing Line] DEBUG net.serenitybdd.core.photography.DarkroomProcessingLine - Saving screenshot to target\site\serenity\dc2838f3a55de48cc5a7db8db5a36d6626413f0c6c603585ac445a0e27deac22.png
21:27:36.953 [Forwarding findElement on session 61a9b2e4ecd691f9a21a835d6fde4bd6 to remote] DEBUG org.asynchttpclient.netty.request.NettyRequestSender - Using pooled Channel '[id: 0x612a3c83, L:/127.0.0.1:64310 - R:localhost/127.0.0.1:59514]' for 'POST' to 'http://localhost:59514/session/61a9b2e4ecd691f9a21a835d6fde4bd6/element'
21:27:36.953 [Forwarding findElement on session 61a9b2e4ecd691f9a21a835d6fde4bd6 to remote] DEBUG org.asynchttpclient.netty.request.NettyRequestSender - Using open Channel [id: 0x612a3c83, L:/127.0.0.1:64310 - R:localhost/127.0.0.1:59514] for POST '/session/61a9b2e4ecd691f9a21a835d6fde4bd6/element'
21:27:36.964 [AsyncHttpClient-1-4] DEBUG org.asynchttpclient.netty.handler.HttpHandler - 

Request DefaultHttpRequest(decodeResult: success, version: HTTP/1.1)
POST /session/61a9b2e4ecd691f9a21a835d6fde4bd6/element HTTP/1.1
User-Agent: selenium/4.1.2 (java windows)
Content-Length: 90
Content-Type: application/json; charset=utf-8
host: localhost:59514
accept: */*

Response DefaultHttpResponse(decodeResult: success, version: HTTP/1.1)
HTTP/1.1 200 OK
Content-Type: application/json; charset=utf-8
cache-control: no-cache
content-length: 88

21:27:36.965 [AsyncHttpClient-1-4] DEBUG org.asynchttpclient.netty.channel.ChannelManager - Adding key: http://localhost:59514 for channel [id: 0x612a3c83, L:/127.0.0.1:64310 - R:localhost/127.0.0.1:59514]
21:27:36.965 [Forwarding clearElement on session 61a9b2e4ecd691f9a21a835d6fde4bd6 to remote] DEBUG org.asynchttpclient.netty.request.NettyRequestSender - Using pooled Channel '[id: 0x612a3c83, L:/127.0.0.1:64310 - R:localhost/127.0.0.1:59514]' for 'POST' to 'http://localhost:59514/session/61a9b2e4ecd691f9a21a835d6fde4bd6/element/e748b6e6-004d-4610-b9df-8a91a3318b55/clear'
21:27:36.965 [Forwarding clearElement on session 61a9b2e4ecd691f9a21a835d6fde4bd6 to remote] DEBUG org.asynchttpclient.netty.request.NettyRequestSender - Using open Channel [id: 0x612a3c83, L:/127.0.0.1:64310 - R:localhost/127.0.0.1:59514] for POST '/session/61a9b2e4ecd691f9a21a835d6fde4bd6/element/e748b6e6-004d-4610-b9df-8a91a3318b55/clear'
21:27:36.995 [AsyncHttpClient-1-4] DEBUG org.asynchttpclient.netty.handler.HttpHandler - 

Request DefaultHttpRequest(decodeResult: success, version: HTTP/1.1)
POST /session/61a9b2e4ecd691f9a21a835d6fde4bd6/element/e748b6e6-004d-4610-b9df-8a91a3318b55/clear HTTP/1.1
User-Agent: selenium/4.1.2 (java windows)
Content-Length: 50
Content-Type: application/json; charset=utf-8
host: localhost:59514
accept: */*

Response DefaultHttpResponse(decodeResult: success, version: HTTP/1.1)
HTTP/1.1 200 OK
Content-Type: application/json; charset=utf-8
cache-control: no-cache
content-length: 14

21:27:36.995 [AsyncHttpClient-1-4] DEBUG org.asynchttpclient.netty.channel.ChannelManager - Adding key: http://localhost:59514 for channel [id: 0x612a3c83, L:/127.0.0.1:64310 - R:localhost/127.0.0.1:59514]
21:27:36.996 [Forwarding sendKeysToElement on session 61a9b2e4ecd691f9a21a835d6fde4bd6 to remote] DEBUG org.asynchttpclient.netty.request.NettyRequestSender - Using pooled Channel '[id: 0x612a3c83, L:/127.0.0.1:64310 - R:localhost/127.0.0.1:59514]' for 'POST' to 'http://localhost:59514/session/61a9b2e4ecd691f9a21a835d6fde4bd6/element/e748b6e6-004d-4610-b9df-8a91a3318b55/value'
21:27:36.996 [Forwarding sendKeysToElement on session 61a9b2e4ecd691f9a21a835d6fde4bd6 to remote] DEBUG org.asynchttpclient.netty.request.NettyRequestSender - Using open Channel [id: 0x612a3c83, L:/127.0.0.1:64310 - R:localhost/127.0.0.1:59514] for POST '/session/61a9b2e4ecd691f9a21a835d6fde4bd6/element/e748b6e6-004d-4610-b9df-8a91a3318b55/value'
21:27:37.032 [AsyncHttpClient-1-4] DEBUG org.asynchttpclient.netty.handler.HttpHandler - 

Request DefaultHttpRequest(decodeResult: success, version: HTTP/1.1)
POST /session/61a9b2e4ecd691f9a21a835d6fde4bd6/element/e748b6e6-004d-4610-b9df-8a91a3318b55/value HTTP/1.1
User-Agent: selenium/4.1.2 (java windows)
Content-Length: 82
Content-Type: application/json; charset=utf-8
host: localhost:59514
accept: */*

Response DefaultHttpResponse(decodeResult: success, version: HTTP/1.1)
HTTP/1.1 200 OK
Content-Type: application/json; charset=utf-8
cache-control: no-cache
content-length: 14

21:27:37.032 [AsyncHttpClient-1-4] DEBUG org.asynchttpclient.netty.channel.ChannelManager - Adding key: http://localhost:59514 for channel [id: 0x612a3c83, L:/127.0.0.1:64310 - R:localhost/127.0.0.1:59514]
  &amp#27;[32mAnd &amp#27;[0m&amp#27;[32mI insert &amp#27;[0m&amp#27;[32m&amp#27;[1m""&amp#27;[0m&amp#27;[32m as password&amp#27;[0m                      &amp#27;[90m# starter.stepdefinitions.RegisterSteps.iInsertPasswordAsPassword(java.lang.String)&amp#27;[0m
21:27:37.037 [Forwarding screenshot on session 61a9b2e4ecd691f9a21a835d6fde4bd6 to remote] DEBUG org.asynchttpclient.netty.request.NettyRequestSender - Using pooled Channel '[id: 0x612a3c83, L:/127.0.0.1:64310 - R:localhost/127.0.0.1:59514]' for 'GET' to 'http://localhost:59514/session/61a9b2e4ecd691f9a21a835d6fde4bd6/screenshot'
21:27:37.037 [Forwarding screenshot on session 61a9b2e4ecd691f9a21a835d6fde4bd6 to remote] DEBUG org.asynchttpclient.netty.request.NettyRequestSender - Using open Channel [id: 0x612a3c83, L:/127.0.0.1:64310 - R:localhost/127.0.0.1:59514] for GET '/session/61a9b2e4ecd691f9a21a835d6fde4bd6/screenshot'
21:27:37.183 [AsyncHttpClient-1-4] DEBUG org.asynchttpclient.netty.handler.HttpHandler - 

Request DefaultFullHttpRequest(decodeResult: success, version: HTTP/1.1, content: EmptyByteBufBE)
GET /session/61a9b2e4ecd691f9a21a835d6fde4bd6/screenshot HTTP/1.1
User-Agent: selenium/4.1.2 (java windows)
Cache-Control: no-cache
Content-Type: application/json; charset=utf-8
host: localhost:59514
accept: */*

Response DefaultHttpResponse(decodeResult: success, version: HTTP/1.1)
HTTP/1.1 200 OK
Content-Type: application/json; charset=utf-8
cache-control: no-cache
content-length: 53888

21:27:37.183 [AsyncHttpClient-1-4] DEBUG org.asynchttpclient.netty.channel.ChannelManager - Adding key: http://localhost:59514 for channel [id: 0x612a3c83, L:/127.0.0.1:64310 - R:localhost/127.0.0.1:59514]
21:27:37.185 [main] DEBUG net.serenitybdd.core.photography.Darkroom - Send negative for processing for target\site\serenity\a50d994c8d9db36dcf9a3f8c7f8b943fc6783cc1a3492a98fc088e2e012d87a6.png
21:27:37.185 [Darkroom Processing Line] DEBUG net.serenitybdd.core.photography.DarkroomProcessingLine - Processing screenshot image in /var/screenshots/screenshot-17063679713706844489
21:27:37.185 [Darkroom Processing Line] DEBUG net.serenitybdd.core.photography.DarkroomProcessingLine - Saving screenshot to target\site\serenity\a50d994c8d9db36dcf9a3f8c7f8b943fc6783cc1a3492a98fc088e2e012d87a6.png
21:27:37.196 [Forwarding findElement on session 61a9b2e4ecd691f9a21a835d6fde4bd6 to remote] DEBUG org.asynchttpclient.netty.request.NettyRequestSender - Using pooled Channel '[id: 0x612a3c83, L:/127.0.0.1:64310 - R:localhost/127.0.0.1:59514]' for 'POST' to 'http://localhost:59514/session/61a9b2e4ecd691f9a21a835d6fde4bd6/element'
21:27:37.196 [Forwarding findElement on session 61a9b2e4ecd691f9a21a835d6fde4bd6 to remote] DEBUG org.asynchttpclient.netty.request.NettyRequestSender - Using open Channel [id: 0x612a3c83, L:/127.0.0.1:64310 - R:localhost/127.0.0.1:59514] for POST '/session/61a9b2e4ecd691f9a21a835d6fde4bd6/element'
21:27:37.205 [AsyncHttpClient-1-4] DEBUG org.asynchttpclient.netty.handler.HttpHandler - 

Request DefaultHttpRequest(decodeResult: success, version: HTTP/1.1)
POST /session/61a9b2e4ecd691f9a21a835d6fde4bd6/element HTTP/1.1
User-Agent: selenium/4.1.2 (java windows)
Content-Length: 84
Content-Type: application/json; charset=utf-8
host: localhost:59514
accept: */*

Response DefaultHttpResponse(decodeResult: success, version: HTTP/1.1)
HTTP/1.1 200 OK
Content-Type: application/json; charset=utf-8
cache-control: no-cache
content-length: 88

21:27:37.205 [AsyncHttpClient-1-4] DEBUG org.asynchttpclient.netty.channel.ChannelManager - Adding key: http://localhost:59514 for channel [id: 0x612a3c83, L:/127.0.0.1:64310 - R:localhost/127.0.0.1:59514]
21:27:37.207 [Forwarding getElementTagName on session 61a9b2e4ecd691f9a21a835d6fde4bd6 to remote] DEBUG org.asynchttpclient.netty.request.NettyRequestSender - Using pooled Channel '[id: 0x612a3c83, L:/127.0.0.1:64310 - R:localhost/127.0.0.1:59514]' for 'GET' to 'http://localhost:59514/session/61a9b2e4ecd691f9a21a835d6fde4bd6/element/f78950e6-0c2d-439b-a1a5-306ff1005e11/name'
21:27:37.208 [Forwarding getElementTagName on session 61a9b2e4ecd691f9a21a835d6fde4bd6 to remote] DEBUG org.asynchttpclient.netty.request.NettyRequestSender - Using open Channel [id: 0x612a3c83, L:/127.0.0.1:64310 - R:localhost/127.0.0.1:59514] for GET '/session/61a9b2e4ecd691f9a21a835d6fde4bd6/element/f78950e6-0c2d-439b-a1a5-306ff1005e11/name'
21:27:37.212 [AsyncHttpClient-1-4] DEBUG org.asynchttpclient.netty.handler.HttpHandler - 

Request DefaultFullHttpRequest(decodeResult: success, version: HTTP/1.1, content: EmptyByteBufBE)
GET /session/61a9b2e4ecd691f9a21a835d6fde4bd6/element/f78950e6-0c2d-439b-a1a5-306ff1005e11/name HTTP/1.1
User-Agent: selenium/4.1.2 (java windows)
Cache-Control: no-cache
Content-Type: application/json; charset=utf-8
host: localhost:59514
accept: */*

Response DefaultHttpResponse(decodeResult: success, version: HTTP/1.1)
HTTP/1.1 200 OK
Content-Type: application/json; charset=utf-8
cache-control: no-cache
content-length: 16

21:27:37.212 [AsyncHttpClient-1-4] DEBUG org.asynchttpclient.netty.channel.ChannelManager - Adding key: http://localhost:59514 for channel [id: 0x612a3c83, L:/127.0.0.1:64310 - R:localhost/127.0.0.1:59514]
21:27:37.212 [Forwarding getElementTagName on session 61a9b2e4ecd691f9a21a835d6fde4bd6 to remote] DEBUG org.asynchttpclient.netty.request.NettyRequestSender - Using pooled Channel '[id: 0x612a3c83, L:/127.0.0.1:64310 - R:localhost/127.0.0.1:59514]' for 'GET' to 'http://localhost:59514/session/61a9b2e4ecd691f9a21a835d6fde4bd6/element/f78950e6-0c2d-439b-a1a5-306ff1005e11/name'
21:27:37.212 [Forwarding getElementTagName on session 61a9b2e4ecd691f9a21a835d6fde4bd6 to remote] DEBUG org.asynchttpclient.netty.request.NettyRequestSender - Using open Channel [id: 0x612a3c83, L:/127.0.0.1:64310 - R:localhost/127.0.0.1:59514] for GET '/session/61a9b2e4ecd691f9a21a835d6fde4bd6/element/f78950e6-0c2d-439b-a1a5-306ff1005e11/name'
21:27:37.215 [AsyncHttpClient-1-4] DEBUG org.asynchttpclient.netty.handler.HttpHandler - 

Request DefaultFullHttpRequest(decodeResult: success, version: HTTP/1.1, content: EmptyByteBufBE)
GET /session/61a9b2e4ecd691f9a21a835d6fde4bd6/element/f78950e6-0c2d-439b-a1a5-306ff1005e11/name HTTP/1.1
User-Agent: selenium/4.1.2 (java windows)
Cache-Control: no-cache
Content-Type: application/json; charset=utf-8
host: localhost:59514
accept: */*

Response DefaultHttpResponse(decodeResult: success, version: HTTP/1.1)
HTTP/1.1 200 OK
Content-Type: application/json; charset=utf-8
cache-control: no-cache
content-length: 16

21:27:37.215 [AsyncHttpClient-1-4] DEBUG org.asynchttpclient.netty.channel.ChannelManager - Adding key: http://localhost:59514 for channel [id: 0x612a3c83, L:/127.0.0.1:64310 - R:localhost/127.0.0.1:59514]
21:27:37.216 [Forwarding findElement on session 61a9b2e4ecd691f9a21a835d6fde4bd6 to remote] DEBUG org.asynchttpclient.netty.request.NettyRequestSender - Using pooled Channel '[id: 0x612a3c83, L:/127.0.0.1:64310 - R:localhost/127.0.0.1:59514]' for 'POST' to 'http://localhost:59514/session/61a9b2e4ecd691f9a21a835d6fde4bd6/element'
21:27:37.216 [Forwarding findElement on session 61a9b2e4ecd691f9a21a835d6fde4bd6 to remote] DEBUG org.asynchttpclient.netty.request.NettyRequestSender - Using open Channel [id: 0x612a3c83, L:/127.0.0.1:64310 - R:localhost/127.0.0.1:59514] for POST '/session/61a9b2e4ecd691f9a21a835d6fde4bd6/element'
21:27:37.222 [AsyncHttpClient-1-4] DEBUG org.asynchttpclient.netty.handler.HttpHandler - 

Request DefaultHttpRequest(decodeResult: success, version: HTTP/1.1)
POST /session/61a9b2e4ecd691f9a21a835d6fde4bd6/element HTTP/1.1
User-Agent: selenium/4.1.2 (java windows)
Content-Length: 84
Content-Type: application/json; charset=utf-8
host: localhost:59514
accept: */*

Response DefaultHttpResponse(decodeResult: success, version: HTTP/1.1)
HTTP/1.1 200 OK
Content-Type: application/json; charset=utf-8
cache-control: no-cache
content-length: 88

21:27:37.222 [AsyncHttpClient-1-4] DEBUG org.asynchttpclient.netty.channel.ChannelManager - Adding key: http://localhost:59514 for channel [id: 0x612a3c83, L:/127.0.0.1:64310 - R:localhost/127.0.0.1:59514]
21:27:37.224 [Forwarding clickElement on session 61a9b2e4ecd691f9a21a835d6fde4bd6 to remote] DEBUG org.asynchttpclient.netty.request.NettyRequestSender - Using pooled Channel '[id: 0x612a3c83, L:/127.0.0.1:64310 - R:localhost/127.0.0.1:59514]' for 'POST' to 'http://localhost:59514/session/61a9b2e4ecd691f9a21a835d6fde4bd6/element/f78950e6-0c2d-439b-a1a5-306ff1005e11/click'
21:27:37.224 [Forwarding clickElement on session 61a9b2e4ecd691f9a21a835d6fde4bd6 to remote] DEBUG org.asynchttpclient.netty.request.NettyRequestSender - Using open Channel [id: 0x612a3c83, L:/127.0.0.1:64310 - R:localhost/127.0.0.1:59514] for POST '/session/61a9b2e4ecd691f9a21a835d6fde4bd6/element/f78950e6-0c2d-439b-a1a5-306ff1005e11/click'
21:27:37.268 [AsyncHttpClient-1-4] DEBUG org.asynchttpclient.netty.handler.HttpHandler - 

Request DefaultHttpRequest(decodeResult: success, version: HTTP/1.1)
POST /session/61a9b2e4ecd691f9a21a835d6fde4bd6/element/f78950e6-0c2d-439b-a1a5-306ff1005e11/click HTTP/1.1
User-Agent: selenium/4.1.2 (java windows)
Content-Length: 50
Content-Type: application/json; charset=utf-8
host: localhost:59514
accept: */*

Response DefaultHttpResponse(decodeResult: success, version: HTTP/1.1)
HTTP/1.1 200 OK
Content-Type: application/json; charset=utf-8
cache-control: no-cache
content-length: 14

21:27:37.269 [AsyncHttpClient-1-4] DEBUG org.asynchttpclient.netty.channel.ChannelManager - Adding key: http://localhost:59514 for channel [id: 0x612a3c83, L:/127.0.0.1:64310 - R:localhost/127.0.0.1:59514]
  &amp#27;[32mAnd &amp#27;[0m&amp#27;[32mI click register&amp#27;[0m                             &amp#27;[90m# starter.stepdefinitions.RegisterSteps.iClickRegister()&amp#27;[0m
21:27:37.275 [Forwarding screenshot on session 61a9b2e4ecd691f9a21a835d6fde4bd6 to remote] DEBUG org.asynchttpclient.netty.request.NettyRequestSender - Using pooled Channel '[id: 0x612a3c83, L:/127.0.0.1:64310 - R:localhost/127.0.0.1:59514]' for 'GET' to 'http://localhost:59514/session/61a9b2e4ecd691f9a21a835d6fde4bd6/screenshot'
21:27:37.275 [Forwarding screenshot on session 61a9b2e4ecd691f9a21a835d6fde4bd6 to remote] DEBUG org.asynchttpclient.netty.request.NettyRequestSender - Using open Channel [id: 0x612a3c83, L:/127.0.0.1:64310 - R:localhost/127.0.0.1:59514] for GET '/session/61a9b2e4ecd691f9a21a835d6fde4bd6/screenshot'
21:27:37.558 [AsyncHttpClient-1-4] DEBUG org.asynchttpclient.netty.handler.HttpHandler - 

Request DefaultFullHttpRequest(decodeResult: success, version: HTTP/1.1, content: EmptyByteBufBE)
GET /session/61a9b2e4ecd691f9a21a835d6fde4bd6/screenshot HTTP/1.1
User-Agent: selenium/4.1.2 (java windows)
Cache-Control: no-cache
Content-Type: application/json; charset=utf-8
host: localhost:59514
accept: */*

Response DefaultHttpResponse(decodeResult: success, version: HTTP/1.1)
HTTP/1.1 200 OK
Content-Type: application/json; charset=utf-8
cache-control: no-cache
content-length: 53660

21:27:37.559 [AsyncHttpClient-1-4] DEBUG org.asynchttpclient.netty.channel.ChannelManager - Adding key: http://localhost:59514 for channel [id: 0x612a3c83, L:/127.0.0.1:64310 - R:localhost/127.0.0.1:59514]
21:27:37.561 [main] DEBUG net.serenitybdd.core.photography.Darkroom - Send negative for processing for target\site\serenity\f85e4b093bf046cddba02ca826a6f0a7817cfd333650f68f93c11bf1c596e38b.png
21:27:37.561 [Darkroom Processing Line] DEBUG net.serenitybdd.core.photography.DarkroomProcessingLine - Processing screenshot image in /var/screenshots/screenshot-3312382044882002106
21:27:37.562 [Darkroom Processing Line] DEBUG net.serenitybdd.core.photography.DarkroomProcessingLine - Saving screenshot to target\site\serenity\f85e4b093bf046cddba02ca826a6f0a7817cfd333650f68f93c11bf1c596e38b.png
21:27:37.576 [Forwarding findElement on session 61a9b2e4ecd691f9a21a835d6fde4bd6 to remote] DEBUG org.asynchttpclient.netty.request.NettyRequestSender - Using pooled Channel '[id: 0x612a3c83, L:/127.0.0.1:64310 - R:localhost/127.0.0.1:59514]' for 'POST' to 'http://localhost:59514/session/61a9b2e4ecd691f9a21a835d6fde4bd6/element'
21:27:37.576 [Forwarding findElement on session 61a9b2e4ecd691f9a21a835d6fde4bd6 to remote] DEBUG org.asynchttpclient.netty.request.NettyRequestSender - Using open Channel [id: 0x612a3c83, L:/127.0.0.1:64310 - R:localhost/127.0.0.1:59514] for POST '/session/61a9b2e4ecd691f9a21a835d6fde4bd6/element'
21:27:37.654 [AsyncHttpClient-1-1] DEBUG org.asynchttpclient.netty.channel.DefaultChannelPool - Entry count for : http://localhost:64311 : 1
21:27:38.708 [AsyncHttpClient-1-4] DEBUG org.asynchttpclient.netty.handler.HttpHandler - 

Request DefaultHttpRequest(decodeResult: success, version: HTTP/1.1)
POST /session/61a9b2e4ecd691f9a21a835d6fde4bd6/element HTTP/1.1
User-Agent: selenium/4.1.2 (java windows)
Content-Length: 59
Content-Type: application/json; charset=utf-8
host: localhost:59514
accept: */*

Response DefaultHttpResponse(decodeResult: success, version: HTTP/1.1)
HTTP/1.1 200 OK
Content-Type: application/json; charset=utf-8
cache-control: no-cache
content-length: 88

21:27:38.708 [AsyncHttpClient-1-4] DEBUG org.asynchttpclient.netty.channel.ChannelManager - Adding key: http://localhost:59514 for channel [id: 0x612a3c83, L:/127.0.0.1:64310 - R:localhost/127.0.0.1:59514]
21:27:38.711 [Forwarding isElementDisplayed on session 61a9b2e4ecd691f9a21a835d6fde4bd6 to remote] DEBUG org.asynchttpclient.netty.request.NettyRequestSender - Using pooled Channel '[id: 0x612a3c83, L:/127.0.0.1:64310 - R:localhost/127.0.0.1:59514]' for 'POST' to 'http://localhost:59514/session/61a9b2e4ecd691f9a21a835d6fde4bd6/execute/sync'
21:27:38.711 [Forwarding isElementDisplayed on session 61a9b2e4ecd691f9a21a835d6fde4bd6 to remote] DEBUG org.asynchttpclient.netty.request.NettyRequestSender - Using open Channel [id: 0x612a3c83, L:/127.0.0.1:64310 - R:localhost/127.0.0.1:59514] for POST '/session/61a9b2e4ecd691f9a21a835d6fde4bd6/execute/sync'
21:27:38.727 [AsyncHttpClient-1-4] DEBUG org.asynchttpclient.netty.handler.HttpHandler - 

Request DefaultHttpRequest(decodeResult: success, version: HTTP/1.1)
POST /session/61a9b2e4ecd691f9a21a835d6fde4bd6/execute/sync HTTP/1.1
User-Agent: selenium/4.1.2 (java windows)
Content-Length: 48780
Content-Type: application/json; charset=utf-8
host: localhost:59514
accept: */*

Response DefaultHttpResponse(decodeResult: success, version: HTTP/1.1)
HTTP/1.1 200 OK
Content-Type: application/json; charset=utf-8
cache-control: no-cache
content-length: 14

21:27:38.727 [AsyncHttpClient-1-4] DEBUG org.asynchttpclient.netty.channel.ChannelManager - Adding key: http://localhost:59514 for channel [id: 0x612a3c83, L:/127.0.0.1:64310 - R:localhost/127.0.0.1:59514]
21:27:38.731 [Forwarding findElement on session 61a9b2e4ecd691f9a21a835d6fde4bd6 to remote] DEBUG org.asynchttpclient.netty.request.NettyRequestSender - Using pooled Channel '[id: 0x612a3c83, L:/127.0.0.1:64310 - R:localhost/127.0.0.1:59514]' for 'POST' to 'http://localhost:59514/session/61a9b2e4ecd691f9a21a835d6fde4bd6/element'
21:27:38.731 [Forwarding findElement on session 61a9b2e4ecd691f9a21a835d6fde4bd6 to remote] DEBUG org.asynchttpclient.netty.request.NettyRequestSender - Using open Channel [id: 0x612a3c83, L:/127.0.0.1:64310 - R:localhost/127.0.0.1:59514] for POST '/session/61a9b2e4ecd691f9a21a835d6fde4bd6/element'
21:27:38.738 [AsyncHttpClient-1-4] DEBUG org.asynchttpclient.netty.handler.HttpHandler - 

Request DefaultHttpRequest(decodeResult: success, version: HTTP/1.1)
POST /session/61a9b2e4ecd691f9a21a835d6fde4bd6/element HTTP/1.1
User-Agent: selenium/4.1.2 (java windows)
Content-Length: 59
Content-Type: application/json; charset=utf-8
host: localhost:59514
accept: */*

Response DefaultHttpResponse(decodeResult: success, version: HTTP/1.1)
HTTP/1.1 200 OK
Content-Type: application/json; charset=utf-8
cache-control: no-cache
content-length: 88

21:27:38.739 [AsyncHttpClient-1-4] DEBUG org.asynchttpclient.netty.channel.ChannelManager - Adding key: http://localhost:59514 for channel [id: 0x612a3c83, L:/127.0.0.1:64310 - R:localhost/127.0.0.1:59514]
21:27:38.743 [Forwarding isElementDisplayed on session 61a9b2e4ecd691f9a21a835d6fde4bd6 to remote] DEBUG org.asynchttpclient.netty.request.NettyRequestSender - Using pooled Channel '[id: 0x612a3c83, L:/127.0.0.1:64310 - R:localhost/127.0.0.1:59514]' for 'POST' to 'http://localhost:59514/session/61a9b2e4ecd691f9a21a835d6fde4bd6/execute/sync'
21:27:38.743 [Forwarding isElementDisplayed on session 61a9b2e4ecd691f9a21a835d6fde4bd6 to remote] DEBUG org.asynchttpclient.netty.request.NettyRequestSender - Using open Channel [id: 0x612a3c83, L:/127.0.0.1:64310 - R:localhost/127.0.0.1:59514] for POST '/session/61a9b2e4ecd691f9a21a835d6fde4bd6/execute/sync'
21:27:38.750 [AsyncHttpClient-1-1] DEBUG org.asynchttpclient.netty.channel.DefaultChannelPool - Entry count for : http://localhost:64311 : 1
21:27:38.754 [AsyncHttpClient-1-4] DEBUG org.asynchttpclient.netty.handler.HttpHandler - 

Request DefaultHttpRequest(decodeResult: success, version: HTTP/1.1)
POST /session/61a9b2e4ecd691f9a21a835d6fde4bd6/execute/sync HTTP/1.1
User-Agent: selenium/4.1.2 (java windows)
Content-Length: 48780
Content-Type: application/json; charset=utf-8
host: localhost:59514
accept: */*

Response DefaultHttpResponse(decodeResult: success, version: HTTP/1.1)
HTTP/1.1 200 OK
Content-Type: application/json; charset=utf-8
cache-control: no-cache
content-length: 14

21:27:38.754 [AsyncHttpClient-1-4] DEBUG org.asynchttpclient.netty.channel.ChannelManager - Adding key: http://localhost:59514 for channel [id: 0x612a3c83, L:/127.0.0.1:64310 - R:localhost/127.0.0.1:59514]
21:27:38.758 [Forwarding findElement on session 61a9b2e4ecd691f9a21a835d6fde4bd6 to remote] DEBUG org.asynchttpclient.netty.request.NettyRequestSender - Using pooled Channel '[id: 0x612a3c83, L:/127.0.0.1:64310 - R:localhost/127.0.0.1:59514]' for 'POST' to 'http://localhost:59514/session/61a9b2e4ecd691f9a21a835d6fde4bd6/element'
21:27:38.758 [Forwarding findElement on session 61a9b2e4ecd691f9a21a835d6fde4bd6 to remote] DEBUG org.asynchttpclient.netty.request.NettyRequestSender - Using open Channel [id: 0x612a3c83, L:/127.0.0.1:64310 - R:localhost/127.0.0.1:59514] for POST '/session/61a9b2e4ecd691f9a21a835d6fde4bd6/element'
21:27:38.765 [AsyncHttpClient-1-4] DEBUG org.asynchttpclient.netty.handler.HttpHandler - 

Request DefaultHttpRequest(decodeResult: success, version: HTTP/1.1)
POST /session/61a9b2e4ecd691f9a21a835d6fde4bd6/element HTTP/1.1
User-Agent: selenium/4.1.2 (java windows)
Content-Length: 84
Content-Type: application/json; charset=utf-8
host: localhost:59514
accept: */*

Response DefaultHttpResponse(decodeResult: success, version: HTTP/1.1)
HTTP/1.1 200 OK
Content-Type: application/json; charset=utf-8
cache-control: no-cache
content-length: 88

21:27:38.765 [AsyncHttpClient-1-4] DEBUG org.asynchttpclient.netty.channel.ChannelManager - Adding key: http://localhost:59514 for channel [id: 0x612a3c83, L:/127.0.0.1:64310 - R:localhost/127.0.0.1:59514]
21:27:38.766 [Forwarding getElementTagName on session 61a9b2e4ecd691f9a21a835d6fde4bd6 to remote] DEBUG org.asynchttpclient.netty.request.NettyRequestSender - Using pooled Channel '[id: 0x612a3c83, L:/127.0.0.1:64310 - R:localhost/127.0.0.1:59514]' for 'GET' to 'http://localhost:59514/session/61a9b2e4ecd691f9a21a835d6fde4bd6/element/f78950e6-0c2d-439b-a1a5-306ff1005e11/name'
21:27:38.766 [Forwarding getElementTagName on session 61a9b2e4ecd691f9a21a835d6fde4bd6 to remote] DEBUG org.asynchttpclient.netty.request.NettyRequestSender - Using open Channel [id: 0x612a3c83, L:/127.0.0.1:64310 - R:localhost/127.0.0.1:59514] for GET '/session/61a9b2e4ecd691f9a21a835d6fde4bd6/element/f78950e6-0c2d-439b-a1a5-306ff1005e11/name'
21:27:38.769 [AsyncHttpClient-1-4] DEBUG org.asynchttpclient.netty.handler.HttpHandler - 

Request DefaultFullHttpRequest(decodeResult: success, version: HTTP/1.1, content: EmptyByteBufBE)
GET /session/61a9b2e4ecd691f9a21a835d6fde4bd6/element/f78950e6-0c2d-439b-a1a5-306ff1005e11/name HTTP/1.1
User-Agent: selenium/4.1.2 (java windows)
Cache-Control: no-cache
Content-Type: application/json; charset=utf-8
host: localhost:59514
accept: */*

Response DefaultHttpResponse(decodeResult: success, version: HTTP/1.1)
HTTP/1.1 200 OK
Content-Type: application/json; charset=utf-8
cache-control: no-cache
content-length: 16

21:27:38.770 [AsyncHttpClient-1-4] DEBUG org.asynchttpclient.netty.channel.ChannelManager - Adding key: http://localhost:59514 for channel [id: 0x612a3c83, L:/127.0.0.1:64310 - R:localhost/127.0.0.1:59514]
21:27:38.770 [Forwarding getElementTagName on session 61a9b2e4ecd691f9a21a835d6fde4bd6 to remote] DEBUG org.asynchttpclient.netty.request.NettyRequestSender - Using pooled Channel '[id: 0x612a3c83, L:/127.0.0.1:64310 - R:localhost/127.0.0.1:59514]' for 'GET' to 'http://localhost:59514/session/61a9b2e4ecd691f9a21a835d6fde4bd6/element/f78950e6-0c2d-439b-a1a5-306ff1005e11/name'
21:27:38.770 [Forwarding getElementTagName on session 61a9b2e4ecd691f9a21a835d6fde4bd6 to remote] DEBUG org.asynchttpclient.netty.request.NettyRequestSender - Using open Channel [id: 0x612a3c83, L:/127.0.0.1:64310 - R:localhost/127.0.0.1:59514] for GET '/session/61a9b2e4ecd691f9a21a835d6fde4bd6/element/f78950e6-0c2d-439b-a1a5-306ff1005e11/name'
21:27:38.775 [AsyncHttpClient-1-4] DEBUG org.asynchttpclient.netty.handler.HttpHandler - 

Request DefaultFullHttpRequest(decodeResult: success, version: HTTP/1.1, content: EmptyByteBufBE)
GET /session/61a9b2e4ecd691f9a21a835d6fde4bd6/element/f78950e6-0c2d-439b-a1a5-306ff1005e11/name HTTP/1.1
User-Agent: selenium/4.1.2 (java windows)
Cache-Control: no-cache
Content-Type: application/json; charset=utf-8
host: localhost:59514
accept: */*

Response DefaultHttpResponse(decodeResult: success, version: HTTP/1.1)
HTTP/1.1 200 OK
Content-Type: application/json; charset=utf-8
cache-control: no-cache
content-length: 16

21:27:38.775 [AsyncHttpClient-1-4] DEBUG org.asynchttpclient.netty.channel.ChannelManager - Adding key: http://localhost:59514 for channel [id: 0x612a3c83, L:/127.0.0.1:64310 - R:localhost/127.0.0.1:59514]
21:27:38.776 [Forwarding findElement on session 61a9b2e4ecd691f9a21a835d6fde4bd6 to remote] DEBUG org.asynchttpclient.netty.request.NettyRequestSender - Using pooled Channel '[id: 0x612a3c83, L:/127.0.0.1:64310 - R:localhost/127.0.0.1:59514]' for 'POST' to 'http://localhost:59514/session/61a9b2e4ecd691f9a21a835d6fde4bd6/element'
21:27:38.776 [Forwarding findElement on session 61a9b2e4ecd691f9a21a835d6fde4bd6 to remote] DEBUG org.asynchttpclient.netty.request.NettyRequestSender - Using open Channel [id: 0x612a3c83, L:/127.0.0.1:64310 - R:localhost/127.0.0.1:59514] for POST '/session/61a9b2e4ecd691f9a21a835d6fde4bd6/element'
21:27:38.782 [AsyncHttpClient-1-4] DEBUG org.asynchttpclient.netty.handler.HttpHandler - 

Request DefaultHttpRequest(decodeResult: success, version: HTTP/1.1)
POST /session/61a9b2e4ecd691f9a21a835d6fde4bd6/element HTTP/1.1
User-Agent: selenium/4.1.2 (java windows)
Content-Length: 84
Content-Type: application/json; charset=utf-8
host: localhost:59514
accept: */*

Response DefaultHttpResponse(decodeResult: success, version: HTTP/1.1)
HTTP/1.1 200 OK
Content-Type: application/json; charset=utf-8
cache-control: no-cache
content-length: 88

21:27:38.782 [AsyncHttpClient-1-4] DEBUG org.asynchttpclient.netty.channel.ChannelManager - Adding key: http://localhost:59514 for channel [id: 0x612a3c83, L:/127.0.0.1:64310 - R:localhost/127.0.0.1:59514]
21:27:38.783 [Forwarding clickElement on session 61a9b2e4ecd691f9a21a835d6fde4bd6 to remote] DEBUG org.asynchttpclient.netty.request.NettyRequestSender - Using pooled Channel '[id: 0x612a3c83, L:/127.0.0.1:64310 - R:localhost/127.0.0.1:59514]' for 'POST' to 'http://localhost:59514/session/61a9b2e4ecd691f9a21a835d6fde4bd6/element/f78950e6-0c2d-439b-a1a5-306ff1005e11/click'
21:27:38.783 [Forwarding clickElement on session 61a9b2e4ecd691f9a21a835d6fde4bd6 to remote] DEBUG org.asynchttpclient.netty.request.NettyRequestSender - Using open Channel [id: 0x612a3c83, L:/127.0.0.1:64310 - R:localhost/127.0.0.1:59514] for POST '/session/61a9b2e4ecd691f9a21a835d6fde4bd6/element/f78950e6-0c2d-439b-a1a5-306ff1005e11/click'
21:27:38.810 [AsyncHttpClient-1-4] DEBUG org.asynchttpclient.netty.handler.HttpHandler - 

Request DefaultHttpRequest(decodeResult: success, version: HTTP/1.1)
POST /session/61a9b2e4ecd691f9a21a835d6fde4bd6/element/f78950e6-0c2d-439b-a1a5-306ff1005e11/click HTTP/1.1
User-Agent: selenium/4.1.2 (java windows)
Content-Length: 50
Content-Type: application/json; charset=utf-8
host: localhost:59514
accept: */*

Response DefaultHttpResponse(decodeResult: success, version: HTTP/1.1)
HTTP/1.1 200 OK
Content-Type: application/json; charset=utf-8
cache-control: no-cache
content-length: 14

21:27:38.810 [AsyncHttpClient-1-4] DEBUG org.asynchttpclient.netty.channel.ChannelManager - Adding key: http://localhost:59514 for channel [id: 0x612a3c83, L:/127.0.0.1:64310 - R:localhost/127.0.0.1:59514]
  &amp#27;[32mAnd &amp#27;[0m&amp#27;[32mI click register again&amp#27;[0m                       &amp#27;[90m# starter.stepdefinitions.RegisterSteps.iClickRegisterAgain()&amp#27;[0m
21:27:38.816 [Forwarding screenshot on session 61a9b2e4ecd691f9a21a835d6fde4bd6 to remote] DEBUG org.asynchttpclient.netty.request.NettyRequestSender - Using pooled Channel '[id: 0x612a3c83, L:/127.0.0.1:64310 - R:localhost/127.0.0.1:59514]' for 'GET' to 'http://localhost:59514/session/61a9b2e4ecd691f9a21a835d6fde4bd6/screenshot'
21:27:38.816 [Forwarding screenshot on session 61a9b2e4ecd691f9a21a835d6fde4bd6 to remote] DEBUG org.asynchttpclient.netty.request.NettyRequestSender - Using open Channel [id: 0x612a3c83, L:/127.0.0.1:64310 - R:localhost/127.0.0.1:59514] for GET '/session/61a9b2e4ecd691f9a21a835d6fde4bd6/screenshot'
21:27:39.020 [AsyncHttpClient-1-4] DEBUG org.asynchttpclient.netty.handler.HttpHandler - 

Request DefaultFullHttpRequest(decodeResult: success, version: HTTP/1.1, content: EmptyByteBufBE)
GET /session/61a9b2e4ecd691f9a21a835d6fde4bd6/screenshot HTTP/1.1
User-Agent: selenium/4.1.2 (java windows)
Cache-Control: no-cache
Content-Type: application/json; charset=utf-8
host: localhost:59514
accept: */*

Response DefaultHttpResponse(decodeResult: success, version: HTTP/1.1)
HTTP/1.1 200 OK
Content-Type: application/json; charset=utf-8
cache-control: no-cache
content-length: 52368

21:27:39.020 [AsyncHttpClient-1-4] DEBUG org.asynchttpclient.netty.channel.ChannelManager - Adding key: http://localhost:59514 for channel [id: 0x612a3c83, L:/127.0.0.1:64310 - R:localhost/127.0.0.1:59514]
21:27:39.022 [main] DEBUG net.serenitybdd.core.photography.Darkroom - Send negative for processing for target\site\serenity\2c11c64ec24d17ffe29a8042d08bc6b55ff82c3d6ef87ab1fe2ffaf8120fb39f.png
21:27:39.022 [Darkroom Processing Line] DEBUG net.serenitybdd.core.photography.DarkroomProcessingLine - Processing screenshot image in /var/screenshots/screenshot-8392264200412819139
21:27:39.022 [Darkroom Processing Line] DEBUG net.serenitybdd.core.photography.DarkroomProcessingLine - Saving screenshot to target\site\serenity\2c11c64ec24d17ffe29a8042d08bc6b55ff82c3d6ef87ab1fe2ffaf8120fb39f.png
21:27:39.030 [Forwarding findElement on session 61a9b2e4ecd691f9a21a835d6fde4bd6 to remote] DEBUG org.asynchttpclient.netty.request.NettyRequestSender - Using pooled Channel '[id: 0x612a3c83, L:/127.0.0.1:64310 - R:localhost/127.0.0.1:59514]' for 'POST' to 'http://localhost:59514/session/61a9b2e4ecd691f9a21a835d6fde4bd6/element'
21:27:39.031 [Forwarding findElement on session 61a9b2e4ecd691f9a21a835d6fde4bd6 to remote] DEBUG org.asynchttpclient.netty.request.NettyRequestSender - Using open Channel [id: 0x612a3c83, L:/127.0.0.1:64310 - R:localhost/127.0.0.1:59514] for POST '/session/61a9b2e4ecd691f9a21a835d6fde4bd6/element'
21:27:39.098 [AsyncHttpClient-1-4] DEBUG org.asynchttpclient.netty.handler.HttpHandler - 

Request DefaultHttpRequest(decodeResult: success, version: HTTP/1.1)
POST /session/61a9b2e4ecd691f9a21a835d6fde4bd6/element HTTP/1.1
User-Agent: selenium/4.1.2 (java windows)
Content-Length: 85
Content-Type: application/json; charset=utf-8
host: localhost:59514
accept: */*

Response DefaultHttpResponse(decodeResult: success, version: HTTP/1.1)
HTTP/1.1 200 OK
Content-Type: application/json; charset=utf-8
cache-control: no-cache
content-length: 88

21:27:39.098 [AsyncHttpClient-1-4] DEBUG org.asynchttpclient.netty.channel.ChannelManager - Adding key: http://localhost:59514 for channel [id: 0x612a3c83, L:/127.0.0.1:64310 - R:localhost/127.0.0.1:59514]
21:27:39.100 [Forwarding isElementDisplayed on session 61a9b2e4ecd691f9a21a835d6fde4bd6 to remote] DEBUG org.asynchttpclient.netty.request.NettyRequestSender - Using pooled Channel '[id: 0x612a3c83, L:/127.0.0.1:64310 - R:localhost/127.0.0.1:59514]' for 'POST' to 'http://localhost:59514/session/61a9b2e4ecd691f9a21a835d6fde4bd6/execute/sync'
21:27:39.100 [Forwarding isElementDisplayed on session 61a9b2e4ecd691f9a21a835d6fde4bd6 to remote] DEBUG org.asynchttpclient.netty.request.NettyRequestSender - Using open Channel [id: 0x612a3c83, L:/127.0.0.1:64310 - R:localhost/127.0.0.1:59514] for POST '/session/61a9b2e4ecd691f9a21a835d6fde4bd6/execute/sync'
21:27:39.111 [AsyncHttpClient-1-4] DEBUG org.asynchttpclient.netty.handler.HttpHandler - 

Request DefaultHttpRequest(decodeResult: success, version: HTTP/1.1)
POST /session/61a9b2e4ecd691f9a21a835d6fde4bd6/execute/sync HTTP/1.1
User-Agent: selenium/4.1.2 (java windows)
Content-Length: 48780
Content-Type: application/json; charset=utf-8
host: localhost:59514
accept: */*

Response DefaultHttpResponse(decodeResult: success, version: HTTP/1.1)
HTTP/1.1 200 OK
Content-Type: application/json; charset=utf-8
cache-control: no-cache
content-length: 14

21:27:39.111 [AsyncHttpClient-1-4] DEBUG org.asynchttpclient.netty.channel.ChannelManager - Adding key: http://localhost:59514 for channel [id: 0x612a3c83, L:/127.0.0.1:64310 - R:localhost/127.0.0.1:59514]
  &amp#27;[32mThen &amp#27;[0m&amp#27;[32mI get &amp#27;[0m&amp#27;[32m&amp#27;[1m"password"&amp#27;[0m&amp#27;[32m error&amp#27;[0m                      &amp#27;[90m# starter.stepdefinitions.RegisterSteps.iGetErrorError(java.lang.String)&amp#27;[0m
21:27:39.114 [Forwarding screenshot on session 61a9b2e4ecd691f9a21a835d6fde4bd6 to remote] DEBUG org.asynchttpclient.netty.request.NettyRequestSender - Using pooled Channel '[id: 0x612a3c83, L:/127.0.0.1:64310 - R:localhost/127.0.0.1:59514]' for 'GET' to 'http://localhost:59514/session/61a9b2e4ecd691f9a21a835d6fde4bd6/screenshot'
21:27:39.114 [Forwarding screenshot on session 61a9b2e4ecd691f9a21a835d6fde4bd6 to remote] DEBUG org.asynchttpclient.netty.request.NettyRequestSender - Using open Channel [id: 0x612a3c83, L:/127.0.0.1:64310 - R:localhost/127.0.0.1:59514] for GET '/session/61a9b2e4ecd691f9a21a835d6fde4bd6/screenshot'
21:27:39.319 [AsyncHttpClient-1-4] DEBUG org.asynchttpclient.netty.handler.HttpHandler - 

Request DefaultFullHttpRequest(decodeResult: success, version: HTTP/1.1, content: EmptyByteBufBE)
GET /session/61a9b2e4ecd691f9a21a835d6fde4bd6/screenshot HTTP/1.1
User-Agent: selenium/4.1.2 (java windows)
Cache-Control: no-cache
Content-Type: application/json; charset=utf-8
host: localhost:59514
accept: */*

Response DefaultHttpResponse(decodeResult: success, version: HTTP/1.1)
HTTP/1.1 200 OK
Content-Type: application/json; charset=utf-8
cache-control: no-cache
content-length: 61292

21:27:39.320 [AsyncHttpClient-1-4] DEBUG org.asynchttpclient.netty.channel.ChannelManager - Adding key: http://localhost:59514 for channel [id: 0x612a3c83, L:/127.0.0.1:64310 - R:localhost/127.0.0.1:59514]
21:27:39.321 [main] DEBUG net.serenitybdd.core.photography.Darkroom - Send negative for processing for target\site\serenity\4fe2788c946802f404cf862467a4fe396d83cffd5826f154135b5d820d83a616.png
21:27:39.322 [Darkroom Processing Line] DEBUG net.serenitybdd.core.photography.DarkroomProcessingLine - Processing screenshot image in /var/screenshots/screenshot-11292170600989350227
21:27:39.322 [Darkroom Processing Line] DEBUG net.serenitybdd.core.photography.DarkroomProcessingLine - Saving screenshot to target\site\serenity\4fe2788c946802f404cf862467a4fe396d83cffd5826f154135b5d820d83a616.png
21:27:39.327 [AsyncHttpClient-1-6] DEBUG org.asynchttpclient.netty.handler.WebSocketHandler - Channel Closed: [id: 0x695dbd2e, L:/127.0.0.1:64318 ! R:localhost/127.0.0.1:64311] with attribute NettyResponseFuture{currentRetry=5,
	isDone=1,
	isCancelled=0,
	asyncHandler=org.asynchttpclient.ws.WebSocketUpgradeHandler@31c65321,
	nettyRequest=org.asynchttpclient.netty.request.NettyRequest@21f540a,
	future=java.util.concurrent.CompletableFuture@555b1678[Completed normally],
	uri=ws://localhost:64311/devtools/browser/98c57c74-9175-4b36-ac58-415ce4016b87,
	keepAlive=true,
	redirectCount=0,
	timeoutsHolder=null,
	inAuth=0,
	touch=1667572055118}
21:27:39.328 [AsyncHttpClient-1-6] DEBUG org.asynchttpclient.netty.channel.ChannelManager - Closing Channel [id: 0x695dbd2e, L:/127.0.0.1:64318 ! R:localhost/127.0.0.1:64311] 
21:27:39.328 [Driver Command Executor] DEBUG org.asynchttpclient.netty.request.NettyRequestSender - Using pooled Channel '[id: 0x612a3c83, L:/127.0.0.1:64310 - R:localhost/127.0.0.1:59514]' for 'DELETE' to 'http://localhost:59514/session/61a9b2e4ecd691f9a21a835d6fde4bd6'
21:27:39.328 [Driver Command Executor] DEBUG org.asynchttpclient.netty.request.NettyRequestSender - Using open Channel [id: 0x612a3c83, L:/127.0.0.1:64310 - R:localhost/127.0.0.1:59514] for DELETE '/session/61a9b2e4ecd691f9a21a835d6fde4bd6'
21:27:39.355 [AsyncHttpClient-1-5] DEBUG org.asynchttpclient.netty.handler.HttpHandler - Unexpected I/O exception on channel [id: 0xf2a982ed, L:/127.0.0.1:64317 - R:localhost/127.0.0.1:64311]
java.net.SocketException: Connection reset
	at java.base/sun.nio.ch.SocketChannelImpl.throwConnectionReset(SocketChannelImpl.java:345)
	at java.base/sun.nio.ch.SocketChannelImpl.read(SocketChannelImpl.java:376)
	at io.netty.buffer.PooledByteBuf.setBytes(PooledByteBuf.java:258)
	at io.netty.buffer.AbstractByteBuf.writeBytes(AbstractByteBuf.java:1132)
	at io.netty.channel.socket.nio.NioSocketChannel.doReadBytes(NioSocketChannel.java:350)
	at io.netty.channel.nio.AbstractNioByteChannel$NioByteUnsafe.read(AbstractNioByteChannel.java:151)
	at io.netty.channel.nio.NioEventLoop.processSelectedKey(NioEventLoop.java:722)
	at io.netty.channel.nio.NioEventLoop.processSelectedKeysOptimized(NioEventLoop.java:658)
	at io.netty.channel.nio.NioEventLoop.processSelectedKeys(NioEventLoop.java:584)
	at io.netty.channel.nio.NioEventLoop.run(NioEventLoop.java:496)
	at io.netty.util.concurrent.SingleThreadEventExecutor$4.run(SingleThreadEventExecutor.java:986)
	at io.netty.util.internal.ThreadExecutorMap$2.run(ThreadExecutorMap.java:74)
	at io.netty.util.concurrent.FastThreadLocalRunnable.run(FastThreadLocalRunnable.java:30)
	at java.base/java.lang.Thread.run(Thread.java:830)
21:27:39.355 [AsyncHttpClient-1-5] DEBUG org.asynchttpclient.netty.channel.ChannelManager - Closing Channel [id: 0xf2a982ed, L:/127.0.0.1:64317 - R:localhost/127.0.0.1:64311] 
21:27:39.356 [AsyncHttpClient-1-5] DEBUG org.asynchttpclient.netty.handler.HttpHandler - Channel Closed: [id: 0xf2a982ed, L:/127.0.0.1:64317 ! R:localhost/127.0.0.1:64311] with attribute DISCARD
21:27:39.373 [AsyncHttpClient-1-4] DEBUG org.asynchttpclient.netty.handler.HttpHandler - 

Request DefaultFullHttpRequest(decodeResult: success, version: HTTP/1.1, content: EmptyByteBufBE)
DELETE /session/61a9b2e4ecd691f9a21a835d6fde4bd6 HTTP/1.1
User-Agent: selenium/4.1.2 (java windows)
Content-Type: application/json; charset=utf-8
host: localhost:59514
accept: */*

Response DefaultHttpResponse(decodeResult: success, version: HTTP/1.1)
HTTP/1.1 200 OK
Content-Type: application/json; charset=utf-8
cache-control: no-cache
content-length: 14

21:27:39.374 [AsyncHttpClient-1-4] DEBUG org.asynchttpclient.netty.channel.ChannelManager - Adding key: http://localhost:59514 for channel [id: 0x612a3c83, L:/127.0.0.1:64310 - R:localhost/127.0.0.1:59514]
21:27:39.435 [AsyncHttpClient-1-4] DEBUG org.asynchttpclient.netty.handler.HttpHandler - Channel Closed: [id: 0x612a3c83, L:/127.0.0.1:64310 ! R:localhost/127.0.0.1:59514] with attribute DISCARD
21:27:39.850 [AsyncHttpClient-1-1] DEBUG org.asynchttpclient.netty.channel.DefaultChannelPool - Entry count for : http://localhost:59514 : 1
21:27:39.850 [AsyncHttpClient-1-1] DEBUG org.asynchttpclient.netty.channel.DefaultChannelPool - Entry count for : http://localhost:64311 : 1
21:27:39.850 [AsyncHttpClient-1-1] DEBUG org.asynchttpclient.netty.channel.DefaultChannelPool - Adding Candidate expired Channel [id: 0x612a3c83, L:/127.0.0.1:64310 ! R:localhost/127.0.0.1:59514] isIdleTimeoutExpired=false isRemotelyClosed=true isTtlExpired=false
21:27:39.850 [AsyncHttpClient-1-1] DEBUG org.asynchttpclient.netty.channel.DefaultChannelPool - Closing Idle Channel [id: 0x612a3c83, L:/127.0.0.1:64310 ! R:localhost/127.0.0.1:59514]
21:27:39.850 [AsyncHttpClient-1-1] DEBUG org.asynchttpclient.netty.channel.DefaultChannelPool - Adding Candidate expired Channel [id: 0xf2a982ed, L:/127.0.0.1:64317 ! R:localhost/127.0.0.1:64311] isIdleTimeoutExpired=false isRemotelyClosed=true isTtlExpired=false
21:27:39.850 [AsyncHttpClient-1-1] DEBUG org.asynchttpclient.netty.channel.DefaultChannelPool - Closing Idle Channel [id: 0xf2a982ed, L:/127.0.0.1:64317 ! R:localhost/127.0.0.1:64311]
21:27:39.850 [AsyncHttpClient-1-1] DEBUG org.asynchttpclient.netty.channel.DefaultChannelPool - Closed 2 connections out of 2 in 0 ms
]]></system-out>
    <system-err><![CDATA[Starting ChromeDriver 106.0.5249.61 (511755355844955cd3e264779baf0dd38212a4d0-refs/branch-heads/5249@{#569}) on port 59514
Only local connections are allowed.
Please see https://chromedriver.chromium.org/security-considerations for suggestions on keeping ChromeDriver safe.
ChromeDriver was started successfully.
[1667572054.918][WARNING]: This version of ChromeDriver has not been tested with Chrome version 107.
Nov 04, 2022 9:27:35 PM org.openqa.selenium.remote.ProtocolHandshake createSession
INFO: Detected dialect: W3C
Nov 04, 2022 9:27:35 PM org.openqa.selenium.devtools.CdpVersionFinder findNearestMatch
WARNING: Unable to find an exact match for CDP version 107, so returning the closest version found: a no-op implementation
Nov 04, 2022 9:27:35 PM org.openqa.selenium.devtools.CdpVersionFinder findNearestMatch
INFO: Unable to find CDP implementation matching 107.
Nov 04, 2022 9:27:35 PM org.openqa.selenium.chromium.ChromiumDriver lambda$new$3
WARNING: Unable to find version of CDP to use for . You may need to include a dependency on a specific version of the CDP using something similar to `org.seleniumhq.selenium:selenium-devtools-v86:4.1.2` where the version ("v86") matches the version of the chromium-based browser you're using and the version number of the artifact is the same as Selenium's.
]]></system-err>
  </testcase>
  <testcase name="Register with username and email #4" classname="Register" time="6.317">
    <system-out><![CDATA[
@Register
Scenario Outline: Register with username and email &amp#27;[90m# src/test/resources/features/Register.feature:41&amp#27;[0m
21:27:39.970 [main] INFO io.cucumber.core.plugin.SerenityReporter - Running feature from file:///C:/Users/ASUS/Desktop/stupen/miniproject/Web/ASWeb/src/test/resources/features/Register.feature
21:27:39.979 [main] INFO net.serenitybdd.core.webdriver.driverproviders.ChromeDriverProvider - Using automatically driver download
21:27:40.082 [main] DEBUG io.github.bonigarcia.wdm.cache.ResolutionCache - Resolution chrome=107 in cache (valid until 22:24:57 04/11/2022 WIB)
21:27:40.085 [main] DEBUG io.github.bonigarcia.wdm.cache.ResolutionCache - Resolution chrome107=107.0.5304.62 in cache (valid until 21:24:57 05/11/2022 WIB)
21:27:40.087 [main] INFO io.github.bonigarcia.wdm.WebDriverManager - Using chromedriver 107.0.5304.62 (resolved driver for Chrome 107)
21:27:40.095 [main] DEBUG io.github.bonigarcia.wdm.WebDriverManager - Driver chromedriver 107.0.5304.62 found in cache
21:27:40.096 [main] INFO io.github.bonigarcia.wdm.WebDriverManager - Exporting webdriver.chrome.driver as C:\Users\ASUS\.cache\selenium\chromedriver\win32\107.0.5304.62\chromedriver.exe
21:27:40.202 [main] DEBUG net.serenitybdd.core.webdriver.driverproviders.ProvideNewDriver - Instantiating driver
21:27:40.202 [main] DEBUG net.serenitybdd.core.webdriver.driverproviders.ProvideNewDriver - Driver capabilities: Capabilities {acceptInsecureCerts: false, base.url: https://alta-shop.vercel.app/, browserName: chrome, chrome.driver: src/test/resources/webdrive..., driver: chrome, goog:chromeOptions: {args: [], extensions: []}, wait.for.timeout: 10000}
21:27:40.749 [AsyncHttpClient-1-7] DEBUG org.asynchttpclient.netty.channel.NettyConnectListener - Using new Channel '[id: 0x66d67466, L:/127.0.0.1:64335 - R:localhost/127.0.0.1:60867]' for 'POST' to '/session'
21:27:41.569 [AsyncHttpClient-1-7] DEBUG org.asynchttpclient.netty.handler.HttpHandler - 

Request DefaultHttpRequest(decodeResult: success, version: HTTP/1.1)
POST /session HTTP/1.1
User-Agent: selenium/4.1.2 (java windows)
Content-Length: 646
Content-Type: application/json; charset=utf-8
host: localhost:60867
accept: */*

Response DefaultHttpResponse(decodeResult: success, version: HTTP/1.1)
HTTP/1.1 200 OK
Content-Type: application/json; charset=utf-8
cache-control: no-cache
content-length: 789

21:27:41.569 [AsyncHttpClient-1-7] DEBUG org.asynchttpclient.netty.channel.ChannelManager - Adding key: http://localhost:60867 for channel [id: 0x66d67466, L:/127.0.0.1:64335 - R:localhost/127.0.0.1:60867]
21:27:41.580 [AsyncHttpClient-1-8] DEBUG org.asynchttpclient.netty.channel.NettyConnectListener - Using new Channel '[id: 0x9e3c4ba6, L:/127.0.0.1:64342 - R:localhost/127.0.0.1:64336]' for 'GET' to '/json/version'
21:27:41.581 [AsyncHttpClient-1-8] DEBUG org.asynchttpclient.netty.handler.HttpHandler - 

Request DefaultFullHttpRequest(decodeResult: success, version: HTTP/1.1, content: EmptyByteBufBE)
GET /json/version HTTP/1.1
User-Agent: selenium/4.1.2 (java windows)
host: localhost:64336
accept: */*

Response DefaultHttpResponse(decodeResult: success, version: HTTP/1.1)
HTTP/1.1 200 OK
Content-Type: application/json; charset=UTF-8
content-length: 423

21:27:41.581 [AsyncHttpClient-1-8] DEBUG org.asynchttpclient.netty.channel.ChannelManager - Adding key: http://localhost:64336 for channel [id: 0x9e3c4ba6, L:/127.0.0.1:64342 - R:localhost/127.0.0.1:64336]
21:27:41.584 [AsyncHttpClient-1-9] DEBUG org.asynchttpclient.netty.channel.NettyConnectListener - Using new Channel '[id: 0xa453e398, L:/127.0.0.1:64343 - R:localhost/127.0.0.1:64336]' for 'GET' to '/devtools/browser/0e134a4c-66c0-4fac-bc87-7a9555dcfb87'
21:27:41.584 [AsyncHttpClient-1-9] DEBUG org.asynchttpclient.netty.handler.WebSocketHandler - 

Request DefaultFullHttpRequest(decodeResult: success, version: HTTP/1.1, content: EmptyByteBufBE)
GET /devtools/browser/0e134a4c-66c0-4fac-bc87-7a9555dcfb87 HTTP/1.1
upgrade: websocket
connection: upgrade
sec-websocket-key: LkhaAkRymiYAnz0S+QoA9Q==
sec-websocket-version: 13
origin: http://localhost:64336
host: localhost:64336
accept: */*
user-agent: AHC/2.1

Response DefaultHttpResponse(decodeResult: success, version: HTTP/1.1)
HTTP/1.1 101 WebSocket Protocol Handshake
Upgrade: WebSocket
Connection: Upgrade
Sec-WebSocket-Accept: +8swmNONXIn4H62YPfmAPFkjR1E=

21:27:41.589 [Forwarding get on session 1b050e70b970d7b22106a5512a9b7b4a to remote] DEBUG org.asynchttpclient.netty.request.NettyRequestSender - Using pooled Channel '[id: 0x66d67466, L:/127.0.0.1:64335 - R:localhost/127.0.0.1:60867]' for 'POST' to 'http://localhost:60867/session/1b050e70b970d7b22106a5512a9b7b4a/url'
21:27:41.589 [Forwarding get on session 1b050e70b970d7b22106a5512a9b7b4a to remote] DEBUG org.asynchttpclient.netty.request.NettyRequestSender - Using open Channel [id: 0x66d67466, L:/127.0.0.1:64335 - R:localhost/127.0.0.1:60867] for POST '/session/1b050e70b970d7b22106a5512a9b7b4a/url'
21:27:42.050 [AsyncHttpClient-1-1] DEBUG org.asynchttpclient.netty.channel.DefaultChannelPool - Entry count for : http://localhost:64336 : 1
21:27:42.347 [AsyncHttpClient-1-7] DEBUG org.asynchttpclient.netty.handler.HttpHandler - 

Request DefaultHttpRequest(decodeResult: success, version: HTTP/1.1)
POST /session/1b050e70b970d7b22106a5512a9b7b4a/url HTTP/1.1
User-Agent: selenium/4.1.2 (java windows)
Content-Length: 77
Content-Type: application/json; charset=utf-8
host: localhost:60867
accept: */*

Response DefaultHttpResponse(decodeResult: success, version: HTTP/1.1)
HTTP/1.1 200 OK
Content-Type: application/json; charset=utf-8
cache-control: no-cache
content-length: 14

21:27:42.347 [AsyncHttpClient-1-7] DEBUG org.asynchttpclient.netty.channel.ChannelManager - Adding key: http://localhost:60867 for channel [id: 0x66d67466, L:/127.0.0.1:64335 - R:localhost/127.0.0.1:60867]
21:27:42.349 [Forwarding setTimeout on session 1b050e70b970d7b22106a5512a9b7b4a to remote] DEBUG org.asynchttpclient.netty.request.NettyRequestSender - Using pooled Channel '[id: 0x66d67466, L:/127.0.0.1:64335 - R:localhost/127.0.0.1:60867]' for 'POST' to 'http://localhost:60867/session/1b050e70b970d7b22106a5512a9b7b4a/timeouts'
21:27:42.349 [Forwarding setTimeout on session 1b050e70b970d7b22106a5512a9b7b4a to remote] DEBUG org.asynchttpclient.netty.request.NettyRequestSender - Using open Channel [id: 0x66d67466, L:/127.0.0.1:64335 - R:localhost/127.0.0.1:60867] for POST '/session/1b050e70b970d7b22106a5512a9b7b4a/timeouts'
21:27:42.349 [AsyncHttpClient-1-7] DEBUG org.asynchttpclient.netty.handler.HttpHandler - 

Request DefaultHttpRequest(decodeResult: success, version: HTTP/1.1)
POST /session/1b050e70b970d7b22106a5512a9b7b4a/timeouts HTTP/1.1
User-Agent: selenium/4.1.2 (java windows)
Content-Length: 22
Content-Type: application/json; charset=utf-8
host: localhost:60867
accept: */*

Response DefaultHttpResponse(decodeResult: success, version: HTTP/1.1)
HTTP/1.1 200 OK
Content-Type: application/json; charset=utf-8
cache-control: no-cache
content-length: 14

21:27:42.350 [AsyncHttpClient-1-7] DEBUG org.asynchttpclient.netty.channel.ChannelManager - Adding key: http://localhost:60867 for channel [id: 0x66d67466, L:/127.0.0.1:64335 - R:localhost/127.0.0.1:60867]
21:27:42.353 [Forwarding getCurrentUrl on session 1b050e70b970d7b22106a5512a9b7b4a to remote] DEBUG org.asynchttpclient.netty.request.NettyRequestSender - Using pooled Channel '[id: 0x66d67466, L:/127.0.0.1:64335 - R:localhost/127.0.0.1:60867]' for 'GET' to 'http://localhost:60867/session/1b050e70b970d7b22106a5512a9b7b4a/url'
21:27:42.353 [Forwarding getCurrentUrl on session 1b050e70b970d7b22106a5512a9b7b4a to remote] DEBUG org.asynchttpclient.netty.request.NettyRequestSender - Using open Channel [id: 0x66d67466, L:/127.0.0.1:64335 - R:localhost/127.0.0.1:60867] for GET '/session/1b050e70b970d7b22106a5512a9b7b4a/url'
21:27:42.359 [AsyncHttpClient-1-7] DEBUG org.asynchttpclient.netty.handler.HttpHandler - 

Request DefaultFullHttpRequest(decodeResult: success, version: HTTP/1.1, content: EmptyByteBufBE)
GET /session/1b050e70b970d7b22106a5512a9b7b4a/url HTTP/1.1
User-Agent: selenium/4.1.2 (java windows)
Cache-Control: no-cache
Content-Type: application/json; charset=utf-8
host: localhost:60867
accept: */*

Response DefaultHttpResponse(decodeResult: success, version: HTTP/1.1)
HTTP/1.1 200 OK
Content-Type: application/json; charset=utf-8
cache-control: no-cache
content-length: 54

21:27:42.359 [AsyncHttpClient-1-7] DEBUG org.asynchttpclient.netty.channel.ChannelManager - Adding key: http://localhost:60867 for channel [id: 0x66d67466, L:/127.0.0.1:64335 - R:localhost/127.0.0.1:60867]
  &amp#27;[32mGiven &amp#27;[0m&amp#27;[32mI open register page&amp#27;[0m                       &amp#27;[90m# starter.stepdefinitions.RegisterSteps.iOpenRegisterPage()&amp#27;[0m
21:27:42.367 [Forwarding screenshot on session 1b050e70b970d7b22106a5512a9b7b4a to remote] DEBUG org.asynchttpclient.netty.request.NettyRequestSender - Using pooled Channel '[id: 0x66d67466, L:/127.0.0.1:64335 - R:localhost/127.0.0.1:60867]' for 'GET' to 'http://localhost:60867/session/1b050e70b970d7b22106a5512a9b7b4a/screenshot'
21:27:42.367 [Forwarding screenshot on session 1b050e70b970d7b22106a5512a9b7b4a to remote] DEBUG org.asynchttpclient.netty.request.NettyRequestSender - Using open Channel [id: 0x66d67466, L:/127.0.0.1:64335 - R:localhost/127.0.0.1:60867] for GET '/session/1b050e70b970d7b22106a5512a9b7b4a/screenshot'
21:27:42.765 [AsyncHttpClient-1-7] DEBUG org.asynchttpclient.netty.handler.HttpHandler - 

Request DefaultFullHttpRequest(decodeResult: success, version: HTTP/1.1, content: EmptyByteBufBE)
GET /session/1b050e70b970d7b22106a5512a9b7b4a/screenshot HTTP/1.1
User-Agent: selenium/4.1.2 (java windows)
Cache-Control: no-cache
Content-Type: application/json; charset=utf-8
host: localhost:60867
accept: */*

Response DefaultHttpResponse(decodeResult: success, version: HTTP/1.1)
HTTP/1.1 200 OK
Content-Type: application/json; charset=utf-8
cache-control: no-cache
content-length: 45380

21:27:42.766 [AsyncHttpClient-1-7] DEBUG org.asynchttpclient.netty.channel.ChannelManager - Adding key: http://localhost:60867 for channel [id: 0x66d67466, L:/127.0.0.1:64335 - R:localhost/127.0.0.1:60867]
21:27:42.767 [main] DEBUG net.serenitybdd.core.photography.Darkroom - Send negative for processing for target\site\serenity\74af2a90e11b4e8cdcc90c8b8f2efe0850d173caaf4338fdd4e69cc971e1b305.png
21:27:42.773 [Forwarding findElement on session 1b050e70b970d7b22106a5512a9b7b4a to remote] DEBUG org.asynchttpclient.netty.request.NettyRequestSender - Using pooled Channel '[id: 0x66d67466, L:/127.0.0.1:64335 - R:localhost/127.0.0.1:60867]' for 'POST' to 'http://localhost:60867/session/1b050e70b970d7b22106a5512a9b7b4a/element'
21:27:42.773 [Forwarding findElement on session 1b050e70b970d7b22106a5512a9b7b4a to remote] DEBUG org.asynchttpclient.netty.request.NettyRequestSender - Using open Channel [id: 0x66d67466, L:/127.0.0.1:64335 - R:localhost/127.0.0.1:60867] for POST '/session/1b050e70b970d7b22106a5512a9b7b4a/element'
21:27:42.783 [AsyncHttpClient-1-7] DEBUG org.asynchttpclient.netty.handler.HttpHandler - 

Request DefaultHttpRequest(decodeResult: success, version: HTTP/1.1)
POST /session/1b050e70b970d7b22106a5512a9b7b4a/element HTTP/1.1
User-Agent: selenium/4.1.2 (java windows)
Content-Length: 94
Content-Type: application/json; charset=utf-8
host: localhost:60867
accept: */*

Response DefaultHttpResponse(decodeResult: success, version: HTTP/1.1)
HTTP/1.1 200 OK
Content-Type: application/json; charset=utf-8
cache-control: no-cache
content-length: 88

21:27:42.783 [AsyncHttpClient-1-7] DEBUG org.asynchttpclient.netty.channel.ChannelManager - Adding key: http://localhost:60867 for channel [id: 0x66d67466, L:/127.0.0.1:64335 - R:localhost/127.0.0.1:60867]
21:27:42.784 [Forwarding clearElement on session 1b050e70b970d7b22106a5512a9b7b4a to remote] DEBUG org.asynchttpclient.netty.request.NettyRequestSender - Using pooled Channel '[id: 0x66d67466, L:/127.0.0.1:64335 - R:localhost/127.0.0.1:60867]' for 'POST' to 'http://localhost:60867/session/1b050e70b970d7b22106a5512a9b7b4a/element/03aa55f1-39d3-4b2f-b112-fe244a7cbd72/clear'
21:27:42.784 [Forwarding clearElement on session 1b050e70b970d7b22106a5512a9b7b4a to remote] DEBUG org.asynchttpclient.netty.request.NettyRequestSender - Using open Channel [id: 0x66d67466, L:/127.0.0.1:64335 - R:localhost/127.0.0.1:60867] for POST '/session/1b050e70b970d7b22106a5512a9b7b4a/element/03aa55f1-39d3-4b2f-b112-fe244a7cbd72/clear'
21:27:42.816 [AsyncHttpClient-1-7] DEBUG org.asynchttpclient.netty.handler.HttpHandler - 

Request DefaultHttpRequest(decodeResult: success, version: HTTP/1.1)
POST /session/1b050e70b970d7b22106a5512a9b7b4a/element/03aa55f1-39d3-4b2f-b112-fe244a7cbd72/clear HTTP/1.1
User-Agent: selenium/4.1.2 (java windows)
Content-Length: 50
Content-Type: application/json; charset=utf-8
host: localhost:60867
accept: */*

Response DefaultHttpResponse(decodeResult: success, version: HTTP/1.1)
HTTP/1.1 200 OK
Content-Type: application/json; charset=utf-8
cache-control: no-cache
content-length: 14

21:27:42.816 [AsyncHttpClient-1-7] DEBUG org.asynchttpclient.netty.channel.ChannelManager - Adding key: http://localhost:60867 for channel [id: 0x66d67466, L:/127.0.0.1:64335 - R:localhost/127.0.0.1:60867]
21:27:42.817 [Forwarding sendKeysToElement on session 1b050e70b970d7b22106a5512a9b7b4a to remote] DEBUG org.asynchttpclient.netty.request.NettyRequestSender - Using pooled Channel '[id: 0x66d67466, L:/127.0.0.1:64335 - R:localhost/127.0.0.1:60867]' for 'POST' to 'http://localhost:60867/session/1b050e70b970d7b22106a5512a9b7b4a/element/03aa55f1-39d3-4b2f-b112-fe244a7cbd72/value'
21:27:42.817 [Forwarding sendKeysToElement on session 1b050e70b970d7b22106a5512a9b7b4a to remote] DEBUG org.asynchttpclient.netty.request.NettyRequestSender - Using open Channel [id: 0x66d67466, L:/127.0.0.1:64335 - R:localhost/127.0.0.1:60867] for POST '/session/1b050e70b970d7b22106a5512a9b7b4a/element/03aa55f1-39d3-4b2f-b112-fe244a7cbd72/value'
21:27:42.854 [AsyncHttpClient-1-7] DEBUG org.asynchttpclient.netty.handler.HttpHandler - 

Request DefaultHttpRequest(decodeResult: success, version: HTTP/1.1)
POST /session/1b050e70b970d7b22106a5512a9b7b4a/element/03aa55f1-39d3-4b2f-b112-fe244a7cbd72/value HTTP/1.1
User-Agent: selenium/4.1.2 (java windows)
Content-Length: 82
Content-Type: application/json; charset=utf-8
host: localhost:60867
accept: */*

Response DefaultHttpResponse(decodeResult: success, version: HTTP/1.1)
HTTP/1.1 200 OK
Content-Type: application/json; charset=utf-8
cache-control: no-cache
content-length: 14

21:27:42.854 [AsyncHttpClient-1-7] DEBUG org.asynchttpclient.netty.channel.ChannelManager - Adding key: http://localhost:60867 for channel [id: 0x66d67466, L:/127.0.0.1:64335 - R:localhost/127.0.0.1:60867]
  &amp#27;[32mWhen &amp#27;[0m&amp#27;[32mI insert &amp#27;[0m&amp#27;[32m&amp#27;[1m""&amp#27;[0m&amp#27;[32m as full name&amp#27;[0m                    &amp#27;[90m# starter.stepdefinitions.RegisterSteps.iInsertFullnameAsFullName(java.lang.String)&amp#27;[0m
21:27:42.860 [Forwarding screenshot on session 1b050e70b970d7b22106a5512a9b7b4a to remote] DEBUG org.asynchttpclient.netty.request.NettyRequestSender - Using pooled Channel '[id: 0x66d67466, L:/127.0.0.1:64335 - R:localhost/127.0.0.1:60867]' for 'GET' to 'http://localhost:60867/session/1b050e70b970d7b22106a5512a9b7b4a/screenshot'
21:27:42.860 [Forwarding screenshot on session 1b050e70b970d7b22106a5512a9b7b4a to remote] DEBUG org.asynchttpclient.netty.request.NettyRequestSender - Using open Channel [id: 0x66d67466, L:/127.0.0.1:64335 - R:localhost/127.0.0.1:60867] for GET '/session/1b050e70b970d7b22106a5512a9b7b4a/screenshot'
21:27:43.064 [AsyncHttpClient-1-7] DEBUG org.asynchttpclient.netty.handler.HttpHandler - 

Request DefaultFullHttpRequest(decodeResult: success, version: HTTP/1.1, content: EmptyByteBufBE)
GET /session/1b050e70b970d7b22106a5512a9b7b4a/screenshot HTTP/1.1
User-Agent: selenium/4.1.2 (java windows)
Cache-Control: no-cache
Content-Type: application/json; charset=utf-8
host: localhost:60867
accept: */*

Response DefaultHttpResponse(decodeResult: success, version: HTTP/1.1)
HTTP/1.1 200 OK
Content-Type: application/json; charset=utf-8
cache-control: no-cache
content-length: 45216

21:27:43.064 [AsyncHttpClient-1-7] DEBUG org.asynchttpclient.netty.channel.ChannelManager - Adding key: http://localhost:60867 for channel [id: 0x66d67466, L:/127.0.0.1:64335 - R:localhost/127.0.0.1:60867]
21:27:43.065 [main] DEBUG net.serenitybdd.core.photography.Darkroom - Send negative for processing for target\site\serenity\1d8fa37067a2dc3f0ff3de02903b65747a70856b4b9ba7aaf2f3d7e2965fb404.png
21:27:43.065 [Darkroom Processing Line] DEBUG net.serenitybdd.core.photography.DarkroomProcessingLine - Processing screenshot image in /var/screenshots/screenshot-10576003944395162269
21:27:43.065 [Darkroom Processing Line] DEBUG net.serenitybdd.core.photography.DarkroomProcessingLine - Saving screenshot to target\site\serenity\1d8fa37067a2dc3f0ff3de02903b65747a70856b4b9ba7aaf2f3d7e2965fb404.png
21:27:43.071 [Forwarding findElement on session 1b050e70b970d7b22106a5512a9b7b4a to remote] DEBUG org.asynchttpclient.netty.request.NettyRequestSender - Using pooled Channel '[id: 0x66d67466, L:/127.0.0.1:64335 - R:localhost/127.0.0.1:60867]' for 'POST' to 'http://localhost:60867/session/1b050e70b970d7b22106a5512a9b7b4a/element'
21:27:43.071 [Forwarding findElement on session 1b050e70b970d7b22106a5512a9b7b4a to remote] DEBUG org.asynchttpclient.netty.request.NettyRequestSender - Using open Channel [id: 0x66d67466, L:/127.0.0.1:64335 - R:localhost/127.0.0.1:60867] for POST '/session/1b050e70b970d7b22106a5512a9b7b4a/element'
21:27:43.081 [AsyncHttpClient-1-7] DEBUG org.asynchttpclient.netty.handler.HttpHandler - 

Request DefaultHttpRequest(decodeResult: success, version: HTTP/1.1)
POST /session/1b050e70b970d7b22106a5512a9b7b4a/element HTTP/1.1
User-Agent: selenium/4.1.2 (java windows)
Content-Length: 87
Content-Type: application/json; charset=utf-8
host: localhost:60867
accept: */*

Response DefaultHttpResponse(decodeResult: success, version: HTTP/1.1)
HTTP/1.1 200 OK
Content-Type: application/json; charset=utf-8
cache-control: no-cache
content-length: 88

21:27:43.081 [AsyncHttpClient-1-7] DEBUG org.asynchttpclient.netty.channel.ChannelManager - Adding key: http://localhost:60867 for channel [id: 0x66d67466, L:/127.0.0.1:64335 - R:localhost/127.0.0.1:60867]
21:27:43.082 [Forwarding clearElement on session 1b050e70b970d7b22106a5512a9b7b4a to remote] DEBUG org.asynchttpclient.netty.request.NettyRequestSender - Using pooled Channel '[id: 0x66d67466, L:/127.0.0.1:64335 - R:localhost/127.0.0.1:60867]' for 'POST' to 'http://localhost:60867/session/1b050e70b970d7b22106a5512a9b7b4a/element/f0e3731b-a94f-4bf3-b178-19c77b28fbf0/clear'
21:27:43.082 [Forwarding clearElement on session 1b050e70b970d7b22106a5512a9b7b4a to remote] DEBUG org.asynchttpclient.netty.request.NettyRequestSender - Using open Channel [id: 0x66d67466, L:/127.0.0.1:64335 - R:localhost/127.0.0.1:60867] for POST '/session/1b050e70b970d7b22106a5512a9b7b4a/element/f0e3731b-a94f-4bf3-b178-19c77b28fbf0/clear'
21:27:43.111 [AsyncHttpClient-1-7] DEBUG org.asynchttpclient.netty.handler.HttpHandler - 

Request DefaultHttpRequest(decodeResult: success, version: HTTP/1.1)
POST /session/1b050e70b970d7b22106a5512a9b7b4a/element/f0e3731b-a94f-4bf3-b178-19c77b28fbf0/clear HTTP/1.1
User-Agent: selenium/4.1.2 (java windows)
Content-Length: 50
Content-Type: application/json; charset=utf-8
host: localhost:60867
accept: */*

Response DefaultHttpResponse(decodeResult: success, version: HTTP/1.1)
HTTP/1.1 200 OK
Content-Type: application/json; charset=utf-8
cache-control: no-cache
content-length: 14

21:27:43.111 [AsyncHttpClient-1-7] DEBUG org.asynchttpclient.netty.channel.ChannelManager - Adding key: http://localhost:60867 for channel [id: 0x66d67466, L:/127.0.0.1:64335 - R:localhost/127.0.0.1:60867]
21:27:43.112 [Forwarding sendKeysToElement on session 1b050e70b970d7b22106a5512a9b7b4a to remote] DEBUG org.asynchttpclient.netty.request.NettyRequestSender - Using pooled Channel '[id: 0x66d67466, L:/127.0.0.1:64335 - R:localhost/127.0.0.1:60867]' for 'POST' to 'http://localhost:60867/session/1b050e70b970d7b22106a5512a9b7b4a/element/f0e3731b-a94f-4bf3-b178-19c77b28fbf0/value'
21:27:43.112 [Forwarding sendKeysToElement on session 1b050e70b970d7b22106a5512a9b7b4a to remote] DEBUG org.asynchttpclient.netty.request.NettyRequestSender - Using open Channel [id: 0x66d67466, L:/127.0.0.1:64335 - R:localhost/127.0.0.1:60867] for POST '/session/1b050e70b970d7b22106a5512a9b7b4a/element/f0e3731b-a94f-4bf3-b178-19c77b28fbf0/value'
21:27:43.148 [AsyncHttpClient-1-7] DEBUG org.asynchttpclient.netty.handler.HttpHandler - 

Request DefaultHttpRequest(decodeResult: success, version: HTTP/1.1)
POST /session/1b050e70b970d7b22106a5512a9b7b4a/element/f0e3731b-a94f-4bf3-b178-19c77b28fbf0/value HTTP/1.1
User-Agent: selenium/4.1.2 (java windows)
Content-Length: 82
Content-Type: application/json; charset=utf-8
host: localhost:60867
accept: */*

Response DefaultHttpResponse(decodeResult: success, version: HTTP/1.1)
HTTP/1.1 200 OK
Content-Type: application/json; charset=utf-8
cache-control: no-cache
content-length: 14

21:27:43.148 [AsyncHttpClient-1-7] DEBUG org.asynchttpclient.netty.channel.ChannelManager - Adding key: http://localhost:60867 for channel [id: 0x66d67466, L:/127.0.0.1:64335 - R:localhost/127.0.0.1:60867]
  &amp#27;[32mAnd &amp#27;[0m&amp#27;[32mI insert &amp#27;[0m&amp#27;[32m&amp#27;[1m""&amp#27;[0m&amp#27;[32m as email&amp#27;[0m                         &amp#27;[90m# starter.stepdefinitions.RegisterSteps.iInsertEmailAsEmail(java.lang.String)&amp#27;[0m
21:27:43.151 [AsyncHttpClient-1-1] DEBUG org.asynchttpclient.netty.channel.DefaultChannelPool - Entry count for : http://localhost:64336 : 1
21:27:43.151 [AsyncHttpClient-1-1] DEBUG org.asynchttpclient.netty.channel.DefaultChannelPool - Entry count for : http://localhost:60867 : 1
21:27:43.153 [Forwarding screenshot on session 1b050e70b970d7b22106a5512a9b7b4a to remote] DEBUG org.asynchttpclient.netty.request.NettyRequestSender - Using pooled Channel '[id: 0x66d67466, L:/127.0.0.1:64335 - R:localhost/127.0.0.1:60867]' for 'GET' to 'http://localhost:60867/session/1b050e70b970d7b22106a5512a9b7b4a/screenshot'
21:27:43.153 [Forwarding screenshot on session 1b050e70b970d7b22106a5512a9b7b4a to remote] DEBUG org.asynchttpclient.netty.request.NettyRequestSender - Using open Channel [id: 0x66d67466, L:/127.0.0.1:64335 - R:localhost/127.0.0.1:60867] for GET '/session/1b050e70b970d7b22106a5512a9b7b4a/screenshot'
21:27:43.311 [AsyncHttpClient-1-7] DEBUG org.asynchttpclient.netty.handler.HttpHandler - 

Request DefaultFullHttpRequest(decodeResult: success, version: HTTP/1.1, content: EmptyByteBufBE)
GET /session/1b050e70b970d7b22106a5512a9b7b4a/screenshot HTTP/1.1
User-Agent: selenium/4.1.2 (java windows)
Cache-Control: no-cache
Content-Type: application/json; charset=utf-8
host: localhost:60867
accept: */*

Response DefaultHttpResponse(decodeResult: success, version: HTTP/1.1)
HTTP/1.1 200 OK
Content-Type: application/json; charset=utf-8
cache-control: no-cache
content-length: 46336

21:27:43.311 [AsyncHttpClient-1-7] DEBUG org.asynchttpclient.netty.channel.ChannelManager - Adding key: http://localhost:60867 for channel [id: 0x66d67466, L:/127.0.0.1:64335 - R:localhost/127.0.0.1:60867]
21:27:43.312 [main] DEBUG net.serenitybdd.core.photography.Darkroom - Send negative for processing for target\site\serenity\cf108b7371226c8c62daa14200eed245119fe62fb5e72eb8aa9a4349ecf2968e.png
21:27:43.312 [Darkroom Processing Line] DEBUG net.serenitybdd.core.photography.DarkroomProcessingLine - Processing screenshot image in /var/screenshots/screenshot-11365928102956658508
21:27:43.312 [Darkroom Processing Line] DEBUG net.serenitybdd.core.photography.DarkroomProcessingLine - Saving screenshot to target\site\serenity\cf108b7371226c8c62daa14200eed245119fe62fb5e72eb8aa9a4349ecf2968e.png
21:27:43.317 [Forwarding findElement on session 1b050e70b970d7b22106a5512a9b7b4a to remote] DEBUG org.asynchttpclient.netty.request.NettyRequestSender - Using pooled Channel '[id: 0x66d67466, L:/127.0.0.1:64335 - R:localhost/127.0.0.1:60867]' for 'POST' to 'http://localhost:60867/session/1b050e70b970d7b22106a5512a9b7b4a/element'
21:27:43.317 [Forwarding findElement on session 1b050e70b970d7b22106a5512a9b7b4a to remote] DEBUG org.asynchttpclient.netty.request.NettyRequestSender - Using open Channel [id: 0x66d67466, L:/127.0.0.1:64335 - R:localhost/127.0.0.1:60867] for POST '/session/1b050e70b970d7b22106a5512a9b7b4a/element'
21:27:43.327 [AsyncHttpClient-1-7] DEBUG org.asynchttpclient.netty.handler.HttpHandler - 

Request DefaultHttpRequest(decodeResult: success, version: HTTP/1.1)
POST /session/1b050e70b970d7b22106a5512a9b7b4a/element HTTP/1.1
User-Agent: selenium/4.1.2 (java windows)
Content-Length: 90
Content-Type: application/json; charset=utf-8
host: localhost:60867
accept: */*

Response DefaultHttpResponse(decodeResult: success, version: HTTP/1.1)
HTTP/1.1 200 OK
Content-Type: application/json; charset=utf-8
cache-control: no-cache
content-length: 88

21:27:43.327 [AsyncHttpClient-1-7] DEBUG org.asynchttpclient.netty.channel.ChannelManager - Adding key: http://localhost:60867 for channel [id: 0x66d67466, L:/127.0.0.1:64335 - R:localhost/127.0.0.1:60867]
21:27:43.327 [Forwarding clearElement on session 1b050e70b970d7b22106a5512a9b7b4a to remote] DEBUG org.asynchttpclient.netty.request.NettyRequestSender - Using pooled Channel '[id: 0x66d67466, L:/127.0.0.1:64335 - R:localhost/127.0.0.1:60867]' for 'POST' to 'http://localhost:60867/session/1b050e70b970d7b22106a5512a9b7b4a/element/a297cbc6-b257-406c-98df-c4c6cadb584c/clear'
21:27:43.327 [Forwarding clearElement on session 1b050e70b970d7b22106a5512a9b7b4a to remote] DEBUG org.asynchttpclient.netty.request.NettyRequestSender - Using open Channel [id: 0x66d67466, L:/127.0.0.1:64335 - R:localhost/127.0.0.1:60867] for POST '/session/1b050e70b970d7b22106a5512a9b7b4a/element/a297cbc6-b257-406c-98df-c4c6cadb584c/clear'
21:27:43.355 [AsyncHttpClient-1-7] DEBUG org.asynchttpclient.netty.handler.HttpHandler - 

Request DefaultHttpRequest(decodeResult: success, version: HTTP/1.1)
POST /session/1b050e70b970d7b22106a5512a9b7b4a/element/a297cbc6-b257-406c-98df-c4c6cadb584c/clear HTTP/1.1
User-Agent: selenium/4.1.2 (java windows)
Content-Length: 50
Content-Type: application/json; charset=utf-8
host: localhost:60867
accept: */*

Response DefaultHttpResponse(decodeResult: success, version: HTTP/1.1)
HTTP/1.1 200 OK
Content-Type: application/json; charset=utf-8
cache-control: no-cache
content-length: 14

21:27:43.355 [AsyncHttpClient-1-7] DEBUG org.asynchttpclient.netty.channel.ChannelManager - Adding key: http://localhost:60867 for channel [id: 0x66d67466, L:/127.0.0.1:64335 - R:localhost/127.0.0.1:60867]
21:27:43.357 [Forwarding sendKeysToElement on session 1b050e70b970d7b22106a5512a9b7b4a to remote] DEBUG org.asynchttpclient.netty.request.NettyRequestSender - Using pooled Channel '[id: 0x66d67466, L:/127.0.0.1:64335 - R:localhost/127.0.0.1:60867]' for 'POST' to 'http://localhost:60867/session/1b050e70b970d7b22106a5512a9b7b4a/element/a297cbc6-b257-406c-98df-c4c6cadb584c/value'
21:27:43.357 [Forwarding sendKeysToElement on session 1b050e70b970d7b22106a5512a9b7b4a to remote] DEBUG org.asynchttpclient.netty.request.NettyRequestSender - Using open Channel [id: 0x66d67466, L:/127.0.0.1:64335 - R:localhost/127.0.0.1:60867] for POST '/session/1b050e70b970d7b22106a5512a9b7b4a/element/a297cbc6-b257-406c-98df-c4c6cadb584c/value'
21:27:43.393 [AsyncHttpClient-1-7] DEBUG org.asynchttpclient.netty.handler.HttpHandler - 

Request DefaultHttpRequest(decodeResult: success, version: HTTP/1.1)
POST /session/1b050e70b970d7b22106a5512a9b7b4a/element/a297cbc6-b257-406c-98df-c4c6cadb584c/value HTTP/1.1
User-Agent: selenium/4.1.2 (java windows)
Content-Length: 82
Content-Type: application/json; charset=utf-8
host: localhost:60867
accept: */*

Response DefaultHttpResponse(decodeResult: success, version: HTTP/1.1)
HTTP/1.1 200 OK
Content-Type: application/json; charset=utf-8
cache-control: no-cache
content-length: 14

21:27:43.393 [AsyncHttpClient-1-7] DEBUG org.asynchttpclient.netty.channel.ChannelManager - Adding key: http://localhost:60867 for channel [id: 0x66d67466, L:/127.0.0.1:64335 - R:localhost/127.0.0.1:60867]
  &amp#27;[32mAnd &amp#27;[0m&amp#27;[32mI insert &amp#27;[0m&amp#27;[32m&amp#27;[1m""&amp#27;[0m&amp#27;[32m as password&amp#27;[0m                      &amp#27;[90m# starter.stepdefinitions.RegisterSteps.iInsertPasswordAsPassword(java.lang.String)&amp#27;[0m
21:27:43.398 [Forwarding screenshot on session 1b050e70b970d7b22106a5512a9b7b4a to remote] DEBUG org.asynchttpclient.netty.request.NettyRequestSender - Using pooled Channel '[id: 0x66d67466, L:/127.0.0.1:64335 - R:localhost/127.0.0.1:60867]' for 'GET' to 'http://localhost:60867/session/1b050e70b970d7b22106a5512a9b7b4a/screenshot'
21:27:43.398 [Forwarding screenshot on session 1b050e70b970d7b22106a5512a9b7b4a to remote] DEBUG org.asynchttpclient.netty.request.NettyRequestSender - Using open Channel [id: 0x66d67466, L:/127.0.0.1:64335 - R:localhost/127.0.0.1:60867] for GET '/session/1b050e70b970d7b22106a5512a9b7b4a/screenshot'
21:27:43.563 [AsyncHttpClient-1-7] DEBUG org.asynchttpclient.netty.handler.HttpHandler - 

Request DefaultFullHttpRequest(decodeResult: success, version: HTTP/1.1, content: EmptyByteBufBE)
GET /session/1b050e70b970d7b22106a5512a9b7b4a/screenshot HTTP/1.1
User-Agent: selenium/4.1.2 (java windows)
Cache-Control: no-cache
Content-Type: application/json; charset=utf-8
host: localhost:60867
accept: */*

Response DefaultHttpResponse(decodeResult: success, version: HTTP/1.1)
HTTP/1.1 200 OK
Content-Type: application/json; charset=utf-8
cache-control: no-cache
content-length: 46100

21:27:43.563 [AsyncHttpClient-1-7] DEBUG org.asynchttpclient.netty.channel.ChannelManager - Adding key: http://localhost:60867 for channel [id: 0x66d67466, L:/127.0.0.1:64335 - R:localhost/127.0.0.1:60867]
21:27:43.564 [main] DEBUG net.serenitybdd.core.photography.Darkroom - Send negative for processing for target\site\serenity\a27852de81bb0cc25961183f742d8673a0702d8ce30a055aceb7f29c56cb642b.png
21:27:43.565 [Darkroom Processing Line] DEBUG net.serenitybdd.core.photography.DarkroomProcessingLine - Processing screenshot image in /var/screenshots/screenshot-9830268356612151152
21:27:43.565 [Darkroom Processing Line] DEBUG net.serenitybdd.core.photography.DarkroomProcessingLine - Saving screenshot to target\site\serenity\a27852de81bb0cc25961183f742d8673a0702d8ce30a055aceb7f29c56cb642b.png
21:27:43.570 [Forwarding findElement on session 1b050e70b970d7b22106a5512a9b7b4a to remote] DEBUG org.asynchttpclient.netty.request.NettyRequestSender - Using pooled Channel '[id: 0x66d67466, L:/127.0.0.1:64335 - R:localhost/127.0.0.1:60867]' for 'POST' to 'http://localhost:60867/session/1b050e70b970d7b22106a5512a9b7b4a/element'
21:27:43.570 [Forwarding findElement on session 1b050e70b970d7b22106a5512a9b7b4a to remote] DEBUG org.asynchttpclient.netty.request.NettyRequestSender - Using open Channel [id: 0x66d67466, L:/127.0.0.1:64335 - R:localhost/127.0.0.1:60867] for POST '/session/1b050e70b970d7b22106a5512a9b7b4a/element'
21:27:43.582 [AsyncHttpClient-1-7] DEBUG org.asynchttpclient.netty.handler.HttpHandler - 

Request DefaultHttpRequest(decodeResult: success, version: HTTP/1.1)
POST /session/1b050e70b970d7b22106a5512a9b7b4a/element HTTP/1.1
User-Agent: selenium/4.1.2 (java windows)
Content-Length: 84
Content-Type: application/json; charset=utf-8
host: localhost:60867
accept: */*

Response DefaultHttpResponse(decodeResult: success, version: HTTP/1.1)
HTTP/1.1 200 OK
Content-Type: application/json; charset=utf-8
cache-control: no-cache
content-length: 88

21:27:43.582 [AsyncHttpClient-1-7] DEBUG org.asynchttpclient.netty.channel.ChannelManager - Adding key: http://localhost:60867 for channel [id: 0x66d67466, L:/127.0.0.1:64335 - R:localhost/127.0.0.1:60867]
21:27:43.582 [Forwarding getElementTagName on session 1b050e70b970d7b22106a5512a9b7b4a to remote] DEBUG org.asynchttpclient.netty.request.NettyRequestSender - Using pooled Channel '[id: 0x66d67466, L:/127.0.0.1:64335 - R:localhost/127.0.0.1:60867]' for 'GET' to 'http://localhost:60867/session/1b050e70b970d7b22106a5512a9b7b4a/element/ed9f6312-97e9-40e4-9ed4-a2a2d460131f/name'
21:27:43.582 [Forwarding getElementTagName on session 1b050e70b970d7b22106a5512a9b7b4a to remote] DEBUG org.asynchttpclient.netty.request.NettyRequestSender - Using open Channel [id: 0x66d67466, L:/127.0.0.1:64335 - R:localhost/127.0.0.1:60867] for GET '/session/1b050e70b970d7b22106a5512a9b7b4a/element/ed9f6312-97e9-40e4-9ed4-a2a2d460131f/name'
21:27:43.586 [AsyncHttpClient-1-7] DEBUG org.asynchttpclient.netty.handler.HttpHandler - 

Request DefaultFullHttpRequest(decodeResult: success, version: HTTP/1.1, content: EmptyByteBufBE)
GET /session/1b050e70b970d7b22106a5512a9b7b4a/element/ed9f6312-97e9-40e4-9ed4-a2a2d460131f/name HTTP/1.1
User-Agent: selenium/4.1.2 (java windows)
Cache-Control: no-cache
Content-Type: application/json; charset=utf-8
host: localhost:60867
accept: */*

Response DefaultHttpResponse(decodeResult: success, version: HTTP/1.1)
HTTP/1.1 200 OK
Content-Type: application/json; charset=utf-8
cache-control: no-cache
content-length: 16

21:27:43.586 [AsyncHttpClient-1-7] DEBUG org.asynchttpclient.netty.channel.ChannelManager - Adding key: http://localhost:60867 for channel [id: 0x66d67466, L:/127.0.0.1:64335 - R:localhost/127.0.0.1:60867]
21:27:43.587 [Forwarding getElementTagName on session 1b050e70b970d7b22106a5512a9b7b4a to remote] DEBUG org.asynchttpclient.netty.request.NettyRequestSender - Using pooled Channel '[id: 0x66d67466, L:/127.0.0.1:64335 - R:localhost/127.0.0.1:60867]' for 'GET' to 'http://localhost:60867/session/1b050e70b970d7b22106a5512a9b7b4a/element/ed9f6312-97e9-40e4-9ed4-a2a2d460131f/name'
21:27:43.587 [Forwarding getElementTagName on session 1b050e70b970d7b22106a5512a9b7b4a to remote] DEBUG org.asynchttpclient.netty.request.NettyRequestSender - Using open Channel [id: 0x66d67466, L:/127.0.0.1:64335 - R:localhost/127.0.0.1:60867] for GET '/session/1b050e70b970d7b22106a5512a9b7b4a/element/ed9f6312-97e9-40e4-9ed4-a2a2d460131f/name'
21:27:43.589 [AsyncHttpClient-1-7] DEBUG org.asynchttpclient.netty.handler.HttpHandler - 

Request DefaultFullHttpRequest(decodeResult: success, version: HTTP/1.1, content: EmptyByteBufBE)
GET /session/1b050e70b970d7b22106a5512a9b7b4a/element/ed9f6312-97e9-40e4-9ed4-a2a2d460131f/name HTTP/1.1
User-Agent: selenium/4.1.2 (java windows)
Cache-Control: no-cache
Content-Type: application/json; charset=utf-8
host: localhost:60867
accept: */*

Response DefaultHttpResponse(decodeResult: success, version: HTTP/1.1)
HTTP/1.1 200 OK
Content-Type: application/json; charset=utf-8
cache-control: no-cache
content-length: 16

21:27:43.589 [AsyncHttpClient-1-7] DEBUG org.asynchttpclient.netty.channel.ChannelManager - Adding key: http://localhost:60867 for channel [id: 0x66d67466, L:/127.0.0.1:64335 - R:localhost/127.0.0.1:60867]
21:27:43.591 [Forwarding findElement on session 1b050e70b970d7b22106a5512a9b7b4a to remote] DEBUG org.asynchttpclient.netty.request.NettyRequestSender - Using pooled Channel '[id: 0x66d67466, L:/127.0.0.1:64335 - R:localhost/127.0.0.1:60867]' for 'POST' to 'http://localhost:60867/session/1b050e70b970d7b22106a5512a9b7b4a/element'
21:27:43.592 [Forwarding findElement on session 1b050e70b970d7b22106a5512a9b7b4a to remote] DEBUG org.asynchttpclient.netty.request.NettyRequestSender - Using open Channel [id: 0x66d67466, L:/127.0.0.1:64335 - R:localhost/127.0.0.1:60867] for POST '/session/1b050e70b970d7b22106a5512a9b7b4a/element'
21:27:43.597 [AsyncHttpClient-1-7] DEBUG org.asynchttpclient.netty.handler.HttpHandler - 

Request DefaultHttpRequest(decodeResult: success, version: HTTP/1.1)
POST /session/1b050e70b970d7b22106a5512a9b7b4a/element HTTP/1.1
User-Agent: selenium/4.1.2 (java windows)
Content-Length: 84
Content-Type: application/json; charset=utf-8
host: localhost:60867
accept: */*

Response DefaultHttpResponse(decodeResult: success, version: HTTP/1.1)
HTTP/1.1 200 OK
Content-Type: application/json; charset=utf-8
cache-control: no-cache
content-length: 88

21:27:43.597 [AsyncHttpClient-1-7] DEBUG org.asynchttpclient.netty.channel.ChannelManager - Adding key: http://localhost:60867 for channel [id: 0x66d67466, L:/127.0.0.1:64335 - R:localhost/127.0.0.1:60867]
21:27:43.598 [Forwarding clickElement on session 1b050e70b970d7b22106a5512a9b7b4a to remote] DEBUG org.asynchttpclient.netty.request.NettyRequestSender - Using pooled Channel '[id: 0x66d67466, L:/127.0.0.1:64335 - R:localhost/127.0.0.1:60867]' for 'POST' to 'http://localhost:60867/session/1b050e70b970d7b22106a5512a9b7b4a/element/ed9f6312-97e9-40e4-9ed4-a2a2d460131f/click'
21:27:43.598 [Forwarding clickElement on session 1b050e70b970d7b22106a5512a9b7b4a to remote] DEBUG org.asynchttpclient.netty.request.NettyRequestSender - Using open Channel [id: 0x66d67466, L:/127.0.0.1:64335 - R:localhost/127.0.0.1:60867] for POST '/session/1b050e70b970d7b22106a5512a9b7b4a/element/ed9f6312-97e9-40e4-9ed4-a2a2d460131f/click'
21:27:43.638 [AsyncHttpClient-1-7] DEBUG org.asynchttpclient.netty.handler.HttpHandler - 

Request DefaultHttpRequest(decodeResult: success, version: HTTP/1.1)
POST /session/1b050e70b970d7b22106a5512a9b7b4a/element/ed9f6312-97e9-40e4-9ed4-a2a2d460131f/click HTTP/1.1
User-Agent: selenium/4.1.2 (java windows)
Content-Length: 50
Content-Type: application/json; charset=utf-8
host: localhost:60867
accept: */*

Response DefaultHttpResponse(decodeResult: success, version: HTTP/1.1)
HTTP/1.1 200 OK
Content-Type: application/json; charset=utf-8
cache-control: no-cache
content-length: 14

21:27:43.638 [AsyncHttpClient-1-7] DEBUG org.asynchttpclient.netty.channel.ChannelManager - Adding key: http://localhost:60867 for channel [id: 0x66d67466, L:/127.0.0.1:64335 - R:localhost/127.0.0.1:60867]
  &amp#27;[32mAnd &amp#27;[0m&amp#27;[32mI click register&amp#27;[0m                             &amp#27;[90m# starter.stepdefinitions.RegisterSteps.iClickRegister()&amp#27;[0m
21:27:43.645 [Forwarding screenshot on session 1b050e70b970d7b22106a5512a9b7b4a to remote] DEBUG org.asynchttpclient.netty.request.NettyRequestSender - Using pooled Channel '[id: 0x66d67466, L:/127.0.0.1:64335 - R:localhost/127.0.0.1:60867]' for 'GET' to 'http://localhost:60867/session/1b050e70b970d7b22106a5512a9b7b4a/screenshot'
21:27:43.645 [Forwarding screenshot on session 1b050e70b970d7b22106a5512a9b7b4a to remote] DEBUG org.asynchttpclient.netty.request.NettyRequestSender - Using open Channel [id: 0x66d67466, L:/127.0.0.1:64335 - R:localhost/127.0.0.1:60867] for GET '/session/1b050e70b970d7b22106a5512a9b7b4a/screenshot'
21:27:43.918 [AsyncHttpClient-1-7] DEBUG org.asynchttpclient.netty.handler.HttpHandler - 

Request DefaultFullHttpRequest(decodeResult: success, version: HTTP/1.1, content: EmptyByteBufBE)
GET /session/1b050e70b970d7b22106a5512a9b7b4a/screenshot HTTP/1.1
User-Agent: selenium/4.1.2 (java windows)
Cache-Control: no-cache
Content-Type: application/json; charset=utf-8
host: localhost:60867
accept: */*

Response DefaultHttpResponse(decodeResult: success, version: HTTP/1.1)
HTTP/1.1 200 OK
Content-Type: application/json; charset=utf-8
cache-control: no-cache
content-length: 46228

21:27:43.918 [AsyncHttpClient-1-7] DEBUG org.asynchttpclient.netty.channel.ChannelManager - Adding key: http://localhost:60867 for channel [id: 0x66d67466, L:/127.0.0.1:64335 - R:localhost/127.0.0.1:60867]
21:27:43.920 [main] DEBUG net.serenitybdd.core.photography.Darkroom - Send negative for processing for target\site\serenity\bceb6492063bc152a1fd77dab380b3242cd4586c3807c2c396e2b0435f81454d.png
21:27:43.920 [Darkroom Processing Line] DEBUG net.serenitybdd.core.photography.DarkroomProcessingLine - Processing screenshot image in /var/screenshots/screenshot-6359538459722927465
21:27:43.920 [Darkroom Processing Line] DEBUG net.serenitybdd.core.photography.DarkroomProcessingLine - Saving screenshot to target\site\serenity\bceb6492063bc152a1fd77dab380b3242cd4586c3807c2c396e2b0435f81454d.png
21:27:43.929 [Forwarding findElement on session 1b050e70b970d7b22106a5512a9b7b4a to remote] DEBUG org.asynchttpclient.netty.request.NettyRequestSender - Using pooled Channel '[id: 0x66d67466, L:/127.0.0.1:64335 - R:localhost/127.0.0.1:60867]' for 'POST' to 'http://localhost:60867/session/1b050e70b970d7b22106a5512a9b7b4a/element'
21:27:43.929 [Forwarding findElement on session 1b050e70b970d7b22106a5512a9b7b4a to remote] DEBUG org.asynchttpclient.netty.request.NettyRequestSender - Using open Channel [id: 0x66d67466, L:/127.0.0.1:64335 - R:localhost/127.0.0.1:60867] for POST '/session/1b050e70b970d7b22106a5512a9b7b4a/element'
21:27:44.250 [AsyncHttpClient-1-1] DEBUG org.asynchttpclient.netty.channel.DefaultChannelPool - Entry count for : http://localhost:64336 : 1
21:27:44.994 [AsyncHttpClient-1-7] DEBUG org.asynchttpclient.netty.handler.HttpHandler - 

Request DefaultHttpRequest(decodeResult: success, version: HTTP/1.1)
POST /session/1b050e70b970d7b22106a5512a9b7b4a/element HTTP/1.1
User-Agent: selenium/4.1.2 (java windows)
Content-Length: 59
Content-Type: application/json; charset=utf-8
host: localhost:60867
accept: */*

Response DefaultHttpResponse(decodeResult: success, version: HTTP/1.1)
HTTP/1.1 200 OK
Content-Type: application/json; charset=utf-8
cache-control: no-cache
content-length: 88

21:27:44.994 [AsyncHttpClient-1-7] DEBUG org.asynchttpclient.netty.channel.ChannelManager - Adding key: http://localhost:60867 for channel [id: 0x66d67466, L:/127.0.0.1:64335 - R:localhost/127.0.0.1:60867]
21:27:44.997 [Forwarding isElementDisplayed on session 1b050e70b970d7b22106a5512a9b7b4a to remote] DEBUG org.asynchttpclient.netty.request.NettyRequestSender - Using pooled Channel '[id: 0x66d67466, L:/127.0.0.1:64335 - R:localhost/127.0.0.1:60867]' for 'POST' to 'http://localhost:60867/session/1b050e70b970d7b22106a5512a9b7b4a/execute/sync'
21:27:44.997 [Forwarding isElementDisplayed on session 1b050e70b970d7b22106a5512a9b7b4a to remote] DEBUG org.asynchttpclient.netty.request.NettyRequestSender - Using open Channel [id: 0x66d67466, L:/127.0.0.1:64335 - R:localhost/127.0.0.1:60867] for POST '/session/1b050e70b970d7b22106a5512a9b7b4a/execute/sync'
21:27:45.013 [AsyncHttpClient-1-7] DEBUG org.asynchttpclient.netty.handler.HttpHandler - 

Request DefaultHttpRequest(decodeResult: success, version: HTTP/1.1)
POST /session/1b050e70b970d7b22106a5512a9b7b4a/execute/sync HTTP/1.1
User-Agent: selenium/4.1.2 (java windows)
Content-Length: 48780
Content-Type: application/json; charset=utf-8
host: localhost:60867
accept: */*

Response DefaultHttpResponse(decodeResult: success, version: HTTP/1.1)
HTTP/1.1 200 OK
Content-Type: application/json; charset=utf-8
cache-control: no-cache
content-length: 14

21:27:45.013 [AsyncHttpClient-1-7] DEBUG org.asynchttpclient.netty.channel.ChannelManager - Adding key: http://localhost:60867 for channel [id: 0x66d67466, L:/127.0.0.1:64335 - R:localhost/127.0.0.1:60867]
21:27:45.014 [Forwarding findElement on session 1b050e70b970d7b22106a5512a9b7b4a to remote] DEBUG org.asynchttpclient.netty.request.NettyRequestSender - Using pooled Channel '[id: 0x66d67466, L:/127.0.0.1:64335 - R:localhost/127.0.0.1:60867]' for 'POST' to 'http://localhost:60867/session/1b050e70b970d7b22106a5512a9b7b4a/element'
21:27:45.015 [Forwarding findElement on session 1b050e70b970d7b22106a5512a9b7b4a to remote] DEBUG org.asynchttpclient.netty.request.NettyRequestSender - Using open Channel [id: 0x66d67466, L:/127.0.0.1:64335 - R:localhost/127.0.0.1:60867] for POST '/session/1b050e70b970d7b22106a5512a9b7b4a/element'
21:27:45.022 [AsyncHttpClient-1-7] DEBUG org.asynchttpclient.netty.handler.HttpHandler - 

Request DefaultHttpRequest(decodeResult: success, version: HTTP/1.1)
POST /session/1b050e70b970d7b22106a5512a9b7b4a/element HTTP/1.1
User-Agent: selenium/4.1.2 (java windows)
Content-Length: 59
Content-Type: application/json; charset=utf-8
host: localhost:60867
accept: */*

Response DefaultHttpResponse(decodeResult: success, version: HTTP/1.1)
HTTP/1.1 200 OK
Content-Type: application/json; charset=utf-8
cache-control: no-cache
content-length: 88

21:27:45.022 [AsyncHttpClient-1-7] DEBUG org.asynchttpclient.netty.channel.ChannelManager - Adding key: http://localhost:60867 for channel [id: 0x66d67466, L:/127.0.0.1:64335 - R:localhost/127.0.0.1:60867]
21:27:45.024 [Forwarding isElementDisplayed on session 1b050e70b970d7b22106a5512a9b7b4a to remote] DEBUG org.asynchttpclient.netty.request.NettyRequestSender - Using pooled Channel '[id: 0x66d67466, L:/127.0.0.1:64335 - R:localhost/127.0.0.1:60867]' for 'POST' to 'http://localhost:60867/session/1b050e70b970d7b22106a5512a9b7b4a/execute/sync'
21:27:45.024 [Forwarding isElementDisplayed on session 1b050e70b970d7b22106a5512a9b7b4a to remote] DEBUG org.asynchttpclient.netty.request.NettyRequestSender - Using open Channel [id: 0x66d67466, L:/127.0.0.1:64335 - R:localhost/127.0.0.1:60867] for POST '/session/1b050e70b970d7b22106a5512a9b7b4a/execute/sync'
21:27:45.038 [AsyncHttpClient-1-7] DEBUG org.asynchttpclient.netty.handler.HttpHandler - 

Request DefaultHttpRequest(decodeResult: success, version: HTTP/1.1)
POST /session/1b050e70b970d7b22106a5512a9b7b4a/execute/sync HTTP/1.1
User-Agent: selenium/4.1.2 (java windows)
Content-Length: 48780
Content-Type: application/json; charset=utf-8
host: localhost:60867
accept: */*

Response DefaultHttpResponse(decodeResult: success, version: HTTP/1.1)
HTTP/1.1 200 OK
Content-Type: application/json; charset=utf-8
cache-control: no-cache
content-length: 14

21:27:45.038 [AsyncHttpClient-1-7] DEBUG org.asynchttpclient.netty.channel.ChannelManager - Adding key: http://localhost:60867 for channel [id: 0x66d67466, L:/127.0.0.1:64335 - R:localhost/127.0.0.1:60867]
21:27:45.040 [Forwarding findElement on session 1b050e70b970d7b22106a5512a9b7b4a to remote] DEBUG org.asynchttpclient.netty.request.NettyRequestSender - Using pooled Channel '[id: 0x66d67466, L:/127.0.0.1:64335 - R:localhost/127.0.0.1:60867]' for 'POST' to 'http://localhost:60867/session/1b050e70b970d7b22106a5512a9b7b4a/element'
21:27:45.040 [Forwarding findElement on session 1b050e70b970d7b22106a5512a9b7b4a to remote] DEBUG org.asynchttpclient.netty.request.NettyRequestSender - Using open Channel [id: 0x66d67466, L:/127.0.0.1:64335 - R:localhost/127.0.0.1:60867] for POST '/session/1b050e70b970d7b22106a5512a9b7b4a/element'
21:27:45.048 [AsyncHttpClient-1-7] DEBUG org.asynchttpclient.netty.handler.HttpHandler - 

Request DefaultHttpRequest(decodeResult: success, version: HTTP/1.1)
POST /session/1b050e70b970d7b22106a5512a9b7b4a/element HTTP/1.1
User-Agent: selenium/4.1.2 (java windows)
Content-Length: 84
Content-Type: application/json; charset=utf-8
host: localhost:60867
accept: */*

Response DefaultHttpResponse(decodeResult: success, version: HTTP/1.1)
HTTP/1.1 200 OK
Content-Type: application/json; charset=utf-8
cache-control: no-cache
content-length: 88

21:27:45.048 [AsyncHttpClient-1-7] DEBUG org.asynchttpclient.netty.channel.ChannelManager - Adding key: http://localhost:60867 for channel [id: 0x66d67466, L:/127.0.0.1:64335 - R:localhost/127.0.0.1:60867]
21:27:45.048 [Forwarding getElementTagName on session 1b050e70b970d7b22106a5512a9b7b4a to remote] DEBUG org.asynchttpclient.netty.request.NettyRequestSender - Using pooled Channel '[id: 0x66d67466, L:/127.0.0.1:64335 - R:localhost/127.0.0.1:60867]' for 'GET' to 'http://localhost:60867/session/1b050e70b970d7b22106a5512a9b7b4a/element/ed9f6312-97e9-40e4-9ed4-a2a2d460131f/name'
21:27:45.048 [Forwarding getElementTagName on session 1b050e70b970d7b22106a5512a9b7b4a to remote] DEBUG org.asynchttpclient.netty.request.NettyRequestSender - Using open Channel [id: 0x66d67466, L:/127.0.0.1:64335 - R:localhost/127.0.0.1:60867] for GET '/session/1b050e70b970d7b22106a5512a9b7b4a/element/ed9f6312-97e9-40e4-9ed4-a2a2d460131f/name'
21:27:45.052 [AsyncHttpClient-1-7] DEBUG org.asynchttpclient.netty.handler.HttpHandler - 

Request DefaultFullHttpRequest(decodeResult: success, version: HTTP/1.1, content: EmptyByteBufBE)
GET /session/1b050e70b970d7b22106a5512a9b7b4a/element/ed9f6312-97e9-40e4-9ed4-a2a2d460131f/name HTTP/1.1
User-Agent: selenium/4.1.2 (java windows)
Cache-Control: no-cache
Content-Type: application/json; charset=utf-8
host: localhost:60867
accept: */*

Response DefaultHttpResponse(decodeResult: success, version: HTTP/1.1)
HTTP/1.1 200 OK
Content-Type: application/json; charset=utf-8
cache-control: no-cache
content-length: 16

21:27:45.052 [AsyncHttpClient-1-7] DEBUG org.asynchttpclient.netty.channel.ChannelManager - Adding key: http://localhost:60867 for channel [id: 0x66d67466, L:/127.0.0.1:64335 - R:localhost/127.0.0.1:60867]
21:27:45.053 [Forwarding getElementTagName on session 1b050e70b970d7b22106a5512a9b7b4a to remote] DEBUG org.asynchttpclient.netty.request.NettyRequestSender - Using pooled Channel '[id: 0x66d67466, L:/127.0.0.1:64335 - R:localhost/127.0.0.1:60867]' for 'GET' to 'http://localhost:60867/session/1b050e70b970d7b22106a5512a9b7b4a/element/ed9f6312-97e9-40e4-9ed4-a2a2d460131f/name'
21:27:45.053 [Forwarding getElementTagName on session 1b050e70b970d7b22106a5512a9b7b4a to remote] DEBUG org.asynchttpclient.netty.request.NettyRequestSender - Using open Channel [id: 0x66d67466, L:/127.0.0.1:64335 - R:localhost/127.0.0.1:60867] for GET '/session/1b050e70b970d7b22106a5512a9b7b4a/element/ed9f6312-97e9-40e4-9ed4-a2a2d460131f/name'
21:27:45.056 [AsyncHttpClient-1-7] DEBUG org.asynchttpclient.netty.handler.HttpHandler - 

Request DefaultFullHttpRequest(decodeResult: success, version: HTTP/1.1, content: EmptyByteBufBE)
GET /session/1b050e70b970d7b22106a5512a9b7b4a/element/ed9f6312-97e9-40e4-9ed4-a2a2d460131f/name HTTP/1.1
User-Agent: selenium/4.1.2 (java windows)
Cache-Control: no-cache
Content-Type: application/json; charset=utf-8
host: localhost:60867
accept: */*

Response DefaultHttpResponse(decodeResult: success, version: HTTP/1.1)
HTTP/1.1 200 OK
Content-Type: application/json; charset=utf-8
cache-control: no-cache
content-length: 16

21:27:45.056 [AsyncHttpClient-1-7] DEBUG org.asynchttpclient.netty.channel.ChannelManager - Adding key: http://localhost:60867 for channel [id: 0x66d67466, L:/127.0.0.1:64335 - R:localhost/127.0.0.1:60867]
21:27:45.057 [Forwarding findElement on session 1b050e70b970d7b22106a5512a9b7b4a to remote] DEBUG org.asynchttpclient.netty.request.NettyRequestSender - Using pooled Channel '[id: 0x66d67466, L:/127.0.0.1:64335 - R:localhost/127.0.0.1:60867]' for 'POST' to 'http://localhost:60867/session/1b050e70b970d7b22106a5512a9b7b4a/element'
21:27:45.057 [Forwarding findElement on session 1b050e70b970d7b22106a5512a9b7b4a to remote] DEBUG org.asynchttpclient.netty.request.NettyRequestSender - Using open Channel [id: 0x66d67466, L:/127.0.0.1:64335 - R:localhost/127.0.0.1:60867] for POST '/session/1b050e70b970d7b22106a5512a9b7b4a/element'
21:27:45.064 [AsyncHttpClient-1-7] DEBUG org.asynchttpclient.netty.handler.HttpHandler - 

Request DefaultHttpRequest(decodeResult: success, version: HTTP/1.1)
POST /session/1b050e70b970d7b22106a5512a9b7b4a/element HTTP/1.1
User-Agent: selenium/4.1.2 (java windows)
Content-Length: 84
Content-Type: application/json; charset=utf-8
host: localhost:60867
accept: */*

Response DefaultHttpResponse(decodeResult: success, version: HTTP/1.1)
HTTP/1.1 200 OK
Content-Type: application/json; charset=utf-8
cache-control: no-cache
content-length: 88

21:27:45.065 [AsyncHttpClient-1-7] DEBUG org.asynchttpclient.netty.channel.ChannelManager - Adding key: http://localhost:60867 for channel [id: 0x66d67466, L:/127.0.0.1:64335 - R:localhost/127.0.0.1:60867]
21:27:45.066 [Forwarding clickElement on session 1b050e70b970d7b22106a5512a9b7b4a to remote] DEBUG org.asynchttpclient.netty.request.NettyRequestSender - Using pooled Channel '[id: 0x66d67466, L:/127.0.0.1:64335 - R:localhost/127.0.0.1:60867]' for 'POST' to 'http://localhost:60867/session/1b050e70b970d7b22106a5512a9b7b4a/element/ed9f6312-97e9-40e4-9ed4-a2a2d460131f/click'
21:27:45.066 [Forwarding clickElement on session 1b050e70b970d7b22106a5512a9b7b4a to remote] DEBUG org.asynchttpclient.netty.request.NettyRequestSender - Using open Channel [id: 0x66d67466, L:/127.0.0.1:64335 - R:localhost/127.0.0.1:60867] for POST '/session/1b050e70b970d7b22106a5512a9b7b4a/element/ed9f6312-97e9-40e4-9ed4-a2a2d460131f/click'
21:27:45.096 [AsyncHttpClient-1-7] DEBUG org.asynchttpclient.netty.handler.HttpHandler - 

Request DefaultHttpRequest(decodeResult: success, version: HTTP/1.1)
POST /session/1b050e70b970d7b22106a5512a9b7b4a/element/ed9f6312-97e9-40e4-9ed4-a2a2d460131f/click HTTP/1.1
User-Agent: selenium/4.1.2 (java windows)
Content-Length: 50
Content-Type: application/json; charset=utf-8
host: localhost:60867
accept: */*

Response DefaultHttpResponse(decodeResult: success, version: HTTP/1.1)
HTTP/1.1 200 OK
Content-Type: application/json; charset=utf-8
cache-control: no-cache
content-length: 14

21:27:45.096 [AsyncHttpClient-1-7] DEBUG org.asynchttpclient.netty.channel.ChannelManager - Adding key: http://localhost:60867 for channel [id: 0x66d67466, L:/127.0.0.1:64335 - R:localhost/127.0.0.1:60867]
  &amp#27;[32mAnd &amp#27;[0m&amp#27;[32mI click register again&amp#27;[0m                       &amp#27;[90m# starter.stepdefinitions.RegisterSteps.iClickRegisterAgain()&amp#27;[0m
21:27:45.101 [Forwarding screenshot on session 1b050e70b970d7b22106a5512a9b7b4a to remote] DEBUG org.asynchttpclient.netty.request.NettyRequestSender - Using pooled Channel '[id: 0x66d67466, L:/127.0.0.1:64335 - R:localhost/127.0.0.1:60867]' for 'GET' to 'http://localhost:60867/session/1b050e70b970d7b22106a5512a9b7b4a/screenshot'
21:27:45.101 [Forwarding screenshot on session 1b050e70b970d7b22106a5512a9b7b4a to remote] DEBUG org.asynchttpclient.netty.request.NettyRequestSender - Using open Channel [id: 0x66d67466, L:/127.0.0.1:64335 - R:localhost/127.0.0.1:60867] for GET '/session/1b050e70b970d7b22106a5512a9b7b4a/screenshot'
21:27:45.300 [AsyncHttpClient-1-7] DEBUG org.asynchttpclient.netty.handler.HttpHandler - 

Request DefaultFullHttpRequest(decodeResult: success, version: HTTP/1.1, content: EmptyByteBufBE)
GET /session/1b050e70b970d7b22106a5512a9b7b4a/screenshot HTTP/1.1
User-Agent: selenium/4.1.2 (java windows)
Cache-Control: no-cache
Content-Type: application/json; charset=utf-8
host: localhost:60867
accept: */*

Response DefaultHttpResponse(decodeResult: success, version: HTTP/1.1)
HTTP/1.1 200 OK
Content-Type: application/json; charset=utf-8
cache-control: no-cache
content-length: 45012

21:27:45.301 [AsyncHttpClient-1-7] DEBUG org.asynchttpclient.netty.channel.ChannelManager - Adding key: http://localhost:60867 for channel [id: 0x66d67466, L:/127.0.0.1:64335 - R:localhost/127.0.0.1:60867]
21:27:45.302 [main] DEBUG net.serenitybdd.core.photography.Darkroom - Send negative for processing for target\site\serenity\cfd4b0cb26900f5f1fc4b0516872ed9accc967fa3827ec3a9ba83921c962612f.png
21:27:45.302 [Darkroom Processing Line] DEBUG net.serenitybdd.core.photography.DarkroomProcessingLine - Processing screenshot image in /var/screenshots/screenshot-14353090563943945179
21:27:45.302 [Darkroom Processing Line] DEBUG net.serenitybdd.core.photography.DarkroomProcessingLine - Saving screenshot to target\site\serenity\cfd4b0cb26900f5f1fc4b0516872ed9accc967fa3827ec3a9ba83921c962612f.png
21:27:45.309 [Forwarding findElement on session 1b050e70b970d7b22106a5512a9b7b4a to remote] DEBUG org.asynchttpclient.netty.request.NettyRequestSender - Using pooled Channel '[id: 0x66d67466, L:/127.0.0.1:64335 - R:localhost/127.0.0.1:60867]' for 'POST' to 'http://localhost:60867/session/1b050e70b970d7b22106a5512a9b7b4a/element'
21:27:45.309 [Forwarding findElement on session 1b050e70b970d7b22106a5512a9b7b4a to remote] DEBUG org.asynchttpclient.netty.request.NettyRequestSender - Using open Channel [id: 0x66d67466, L:/127.0.0.1:64335 - R:localhost/127.0.0.1:60867] for POST '/session/1b050e70b970d7b22106a5512a9b7b4a/element'
21:27:45.351 [AsyncHttpClient-1-1] DEBUG org.asynchttpclient.netty.channel.DefaultChannelPool - Entry count for : http://localhost:64336 : 1
21:27:45.383 [AsyncHttpClient-1-7] DEBUG org.asynchttpclient.netty.handler.HttpHandler - 

Request DefaultHttpRequest(decodeResult: success, version: HTTP/1.1)
POST /session/1b050e70b970d7b22106a5512a9b7b4a/element HTTP/1.1
User-Agent: selenium/4.1.2 (java windows)
Content-Length: 59
Content-Type: application/json; charset=utf-8
host: localhost:60867
accept: */*

Response DefaultHttpResponse(decodeResult: success, version: HTTP/1.1)
HTTP/1.1 200 OK
Content-Type: application/json; charset=utf-8
cache-control: no-cache
content-length: 88

21:27:45.383 [AsyncHttpClient-1-7] DEBUG org.asynchttpclient.netty.channel.ChannelManager - Adding key: http://localhost:60867 for channel [id: 0x66d67466, L:/127.0.0.1:64335 - R:localhost/127.0.0.1:60867]
21:27:45.386 [Forwarding isElementDisplayed on session 1b050e70b970d7b22106a5512a9b7b4a to remote] DEBUG org.asynchttpclient.netty.request.NettyRequestSender - Using pooled Channel '[id: 0x66d67466, L:/127.0.0.1:64335 - R:localhost/127.0.0.1:60867]' for 'POST' to 'http://localhost:60867/session/1b050e70b970d7b22106a5512a9b7b4a/execute/sync'
21:27:45.386 [Forwarding isElementDisplayed on session 1b050e70b970d7b22106a5512a9b7b4a to remote] DEBUG org.asynchttpclient.netty.request.NettyRequestSender - Using open Channel [id: 0x66d67466, L:/127.0.0.1:64335 - R:localhost/127.0.0.1:60867] for POST '/session/1b050e70b970d7b22106a5512a9b7b4a/execute/sync'
21:27:45.396 [AsyncHttpClient-1-7] DEBUG org.asynchttpclient.netty.handler.HttpHandler - 

Request DefaultHttpRequest(decodeResult: success, version: HTTP/1.1)
POST /session/1b050e70b970d7b22106a5512a9b7b4a/execute/sync HTTP/1.1
User-Agent: selenium/4.1.2 (java windows)
Content-Length: 48780
Content-Type: application/json; charset=utf-8
host: localhost:60867
accept: */*

Response DefaultHttpResponse(decodeResult: success, version: HTTP/1.1)
HTTP/1.1 200 OK
Content-Type: application/json; charset=utf-8
cache-control: no-cache
content-length: 14

21:27:45.396 [AsyncHttpClient-1-7] DEBUG org.asynchttpclient.netty.channel.ChannelManager - Adding key: http://localhost:60867 for channel [id: 0x66d67466, L:/127.0.0.1:64335 - R:localhost/127.0.0.1:60867]
21:27:45.397 [Forwarding findElement on session 1b050e70b970d7b22106a5512a9b7b4a to remote] DEBUG org.asynchttpclient.netty.request.NettyRequestSender - Using pooled Channel '[id: 0x66d67466, L:/127.0.0.1:64335 - R:localhost/127.0.0.1:60867]' for 'POST' to 'http://localhost:60867/session/1b050e70b970d7b22106a5512a9b7b4a/element'
21:27:45.397 [Forwarding findElement on session 1b050e70b970d7b22106a5512a9b7b4a to remote] DEBUG org.asynchttpclient.netty.request.NettyRequestSender - Using open Channel [id: 0x66d67466, L:/127.0.0.1:64335 - R:localhost/127.0.0.1:60867] for POST '/session/1b050e70b970d7b22106a5512a9b7b4a/element'
21:27:45.404 [AsyncHttpClient-1-7] DEBUG org.asynchttpclient.netty.handler.HttpHandler - 

Request DefaultHttpRequest(decodeResult: success, version: HTTP/1.1)
POST /session/1b050e70b970d7b22106a5512a9b7b4a/element HTTP/1.1
User-Agent: selenium/4.1.2 (java windows)
Content-Length: 59
Content-Type: application/json; charset=utf-8
host: localhost:60867
accept: */*

Response DefaultHttpResponse(decodeResult: success, version: HTTP/1.1)
HTTP/1.1 200 OK
Content-Type: application/json; charset=utf-8
cache-control: no-cache
content-length: 88

21:27:45.404 [AsyncHttpClient-1-7] DEBUG org.asynchttpclient.netty.channel.ChannelManager - Adding key: http://localhost:60867 for channel [id: 0x66d67466, L:/127.0.0.1:64335 - R:localhost/127.0.0.1:60867]
21:27:45.408 [Forwarding isElementDisplayed on session 1b050e70b970d7b22106a5512a9b7b4a to remote] DEBUG org.asynchttpclient.netty.request.NettyRequestSender - Using pooled Channel '[id: 0x66d67466, L:/127.0.0.1:64335 - R:localhost/127.0.0.1:60867]' for 'POST' to 'http://localhost:60867/session/1b050e70b970d7b22106a5512a9b7b4a/execute/sync'
21:27:45.408 [Forwarding isElementDisplayed on session 1b050e70b970d7b22106a5512a9b7b4a to remote] DEBUG org.asynchttpclient.netty.request.NettyRequestSender - Using open Channel [id: 0x66d67466, L:/127.0.0.1:64335 - R:localhost/127.0.0.1:60867] for POST '/session/1b050e70b970d7b22106a5512a9b7b4a/execute/sync'
21:27:45.417 [AsyncHttpClient-1-7] DEBUG org.asynchttpclient.netty.handler.HttpHandler - 

Request DefaultHttpRequest(decodeResult: success, version: HTTP/1.1)
POST /session/1b050e70b970d7b22106a5512a9b7b4a/execute/sync HTTP/1.1
User-Agent: selenium/4.1.2 (java windows)
Content-Length: 48780
Content-Type: application/json; charset=utf-8
host: localhost:60867
accept: */*

Response DefaultHttpResponse(decodeResult: success, version: HTTP/1.1)
HTTP/1.1 200 OK
Content-Type: application/json; charset=utf-8
cache-control: no-cache
content-length: 14

21:27:45.417 [AsyncHttpClient-1-7] DEBUG org.asynchttpclient.netty.channel.ChannelManager - Adding key: http://localhost:60867 for channel [id: 0x66d67466, L:/127.0.0.1:64335 - R:localhost/127.0.0.1:60867]
  &amp#27;[32mThen &amp#27;[0m&amp#27;[32mI get &amp#27;[0m&amp#27;[32m&amp#27;[1m"empty form"&amp#27;[0m&amp#27;[32m error&amp#27;[0m                    &amp#27;[90m# starter.stepdefinitions.RegisterSteps.iGetErrorError(java.lang.String)&amp#27;[0m
21:27:45.420 [Forwarding screenshot on session 1b050e70b970d7b22106a5512a9b7b4a to remote] DEBUG org.asynchttpclient.netty.request.NettyRequestSender - Using pooled Channel '[id: 0x66d67466, L:/127.0.0.1:64335 - R:localhost/127.0.0.1:60867]' for 'GET' to 'http://localhost:60867/session/1b050e70b970d7b22106a5512a9b7b4a/screenshot'
21:27:45.420 [Forwarding screenshot on session 1b050e70b970d7b22106a5512a9b7b4a to remote] DEBUG org.asynchttpclient.netty.request.NettyRequestSender - Using open Channel [id: 0x66d67466, L:/127.0.0.1:64335 - R:localhost/127.0.0.1:60867] for GET '/session/1b050e70b970d7b22106a5512a9b7b4a/screenshot'
21:27:45.626 [AsyncHttpClient-1-7] DEBUG org.asynchttpclient.netty.handler.HttpHandler - 

Request DefaultFullHttpRequest(decodeResult: success, version: HTTP/1.1, content: EmptyByteBufBE)
GET /session/1b050e70b970d7b22106a5512a9b7b4a/screenshot HTTP/1.1
User-Agent: selenium/4.1.2 (java windows)
Cache-Control: no-cache
Content-Type: application/json; charset=utf-8
host: localhost:60867
accept: */*

Response DefaultHttpResponse(decodeResult: success, version: HTTP/1.1)
HTTP/1.1 200 OK
Content-Type: application/json; charset=utf-8
cache-control: no-cache
content-length: 51444

21:27:45.627 [AsyncHttpClient-1-7] DEBUG org.asynchttpclient.netty.channel.ChannelManager - Adding key: http://localhost:60867 for channel [id: 0x66d67466, L:/127.0.0.1:64335 - R:localhost/127.0.0.1:60867]
21:27:45.628 [main] DEBUG net.serenitybdd.core.photography.Darkroom - Send negative for processing for target\site\serenity\76fc69e31e8011b1bfed79d91ed455d85a862e14d51994704396c68def9a2ae4.png
21:27:45.628 [Darkroom Processing Line] DEBUG net.serenitybdd.core.photography.DarkroomProcessingLine - Processing screenshot image in /var/screenshots/screenshot-4064048779368953861
21:27:45.628 [Darkroom Processing Line] DEBUG net.serenitybdd.core.photography.DarkroomProcessingLine - Saving screenshot to target\site\serenity\76fc69e31e8011b1bfed79d91ed455d85a862e14d51994704396c68def9a2ae4.png
21:27:45.633 [AsyncHttpClient-1-9] DEBUG org.asynchttpclient.netty.handler.WebSocketHandler - Channel Closed: [id: 0xa453e398, L:/127.0.0.1:64343 ! R:localhost/127.0.0.1:64336] with attribute NettyResponseFuture{currentRetry=5,
	isDone=1,
	isCancelled=0,
	asyncHandler=org.asynchttpclient.ws.WebSocketUpgradeHandler@7989f523,
	nettyRequest=org.asynchttpclient.netty.request.NettyRequest@5db090,
	future=java.util.concurrent.CompletableFuture@346bf8fe[Completed normally],
	uri=ws://localhost:64336/devtools/browser/0e134a4c-66c0-4fac-bc87-7a9555dcfb87,
	keepAlive=true,
	redirectCount=0,
	timeoutsHolder=null,
	inAuth=0,
	touch=1667572061584}
21:27:45.633 [AsyncHttpClient-1-9] DEBUG org.asynchttpclient.netty.channel.ChannelManager - Closing Channel [id: 0xa453e398, L:/127.0.0.1:64343 ! R:localhost/127.0.0.1:64336] 
21:27:45.633 [Driver Command Executor] DEBUG org.asynchttpclient.netty.request.NettyRequestSender - Using pooled Channel '[id: 0x66d67466, L:/127.0.0.1:64335 - R:localhost/127.0.0.1:60867]' for 'DELETE' to 'http://localhost:60867/session/1b050e70b970d7b22106a5512a9b7b4a'
21:27:45.633 [Driver Command Executor] DEBUG org.asynchttpclient.netty.request.NettyRequestSender - Using open Channel [id: 0x66d67466, L:/127.0.0.1:64335 - R:localhost/127.0.0.1:60867] for DELETE '/session/1b050e70b970d7b22106a5512a9b7b4a'
21:27:45.681 [AsyncHttpClient-1-8] DEBUG org.asynchttpclient.netty.handler.HttpHandler - Unexpected I/O exception on channel [id: 0x9e3c4ba6, L:/127.0.0.1:64342 - R:localhost/127.0.0.1:64336]
java.net.SocketException: Connection reset
	at java.base/sun.nio.ch.SocketChannelImpl.throwConnectionReset(SocketChannelImpl.java:345)
	at java.base/sun.nio.ch.SocketChannelImpl.read(SocketChannelImpl.java:376)
	at io.netty.buffer.PooledByteBuf.setBytes(PooledByteBuf.java:258)
	at io.netty.buffer.AbstractByteBuf.writeBytes(AbstractByteBuf.java:1132)
	at io.netty.channel.socket.nio.NioSocketChannel.doReadBytes(NioSocketChannel.java:350)
	at io.netty.channel.nio.AbstractNioByteChannel$NioByteUnsafe.read(AbstractNioByteChannel.java:151)
	at io.netty.channel.nio.NioEventLoop.processSelectedKey(NioEventLoop.java:722)
	at io.netty.channel.nio.NioEventLoop.processSelectedKeysOptimized(NioEventLoop.java:658)
	at io.netty.channel.nio.NioEventLoop.processSelectedKeys(NioEventLoop.java:584)
	at io.netty.channel.nio.NioEventLoop.run(NioEventLoop.java:496)
	at io.netty.util.concurrent.SingleThreadEventExecutor$4.run(SingleThreadEventExecutor.java:986)
	at io.netty.util.internal.ThreadExecutorMap$2.run(ThreadExecutorMap.java:74)
	at io.netty.util.concurrent.FastThreadLocalRunnable.run(FastThreadLocalRunnable.java:30)
	at java.base/java.lang.Thread.run(Thread.java:830)
21:27:45.681 [AsyncHttpClient-1-8] DEBUG org.asynchttpclient.netty.channel.ChannelManager - Closing Channel [id: 0x9e3c4ba6, L:/127.0.0.1:64342 - R:localhost/127.0.0.1:64336] 
21:27:45.681 [AsyncHttpClient-1-8] DEBUG org.asynchttpclient.netty.handler.HttpHandler - Channel Closed: [id: 0x9e3c4ba6, L:/127.0.0.1:64342 ! R:localhost/127.0.0.1:64336] with attribute DISCARD
21:27:45.697 [AsyncHttpClient-1-7] DEBUG org.asynchttpclient.netty.handler.HttpHandler - 

Request DefaultFullHttpRequest(decodeResult: success, version: HTTP/1.1, content: EmptyByteBufBE)
DELETE /session/1b050e70b970d7b22106a5512a9b7b4a HTTP/1.1
User-Agent: selenium/4.1.2 (java windows)
Content-Type: application/json; charset=utf-8
host: localhost:60867
accept: */*

Response DefaultHttpResponse(decodeResult: success, version: HTTP/1.1)
HTTP/1.1 200 OK
Content-Type: application/json; charset=utf-8
cache-control: no-cache
content-length: 14

21:27:45.698 [AsyncHttpClient-1-7] DEBUG org.asynchttpclient.netty.channel.ChannelManager - Adding key: http://localhost:60867 for channel [id: 0x66d67466, L:/127.0.0.1:64335 - R:localhost/127.0.0.1:60867]
21:27:45.751 [AsyncHttpClient-1-7] DEBUG org.asynchttpclient.netty.handler.HttpHandler - Channel Closed: [id: 0x66d67466, L:/127.0.0.1:64335 ! R:localhost/127.0.0.1:60867] with attribute DISCARD
]]></system-out>
    <system-err><![CDATA[Starting ChromeDriver 106.0.5249.61 (511755355844955cd3e264779baf0dd38212a4d0-refs/branch-heads/5249@{#569}) on port 60867
Only local connections are allowed.
Please see https://chromedriver.chromium.org/security-considerations for suggestions on keeping ChromeDriver safe.
ChromeDriver was started successfully.
[1667572061.353][WARNING]: This version of ChromeDriver has not been tested with Chrome version 107.
Nov 04, 2022 9:27:41 PM org.openqa.selenium.remote.ProtocolHandshake createSession
INFO: Detected dialect: W3C
Nov 04, 2022 9:27:41 PM org.openqa.selenium.devtools.CdpVersionFinder findNearestMatch
WARNING: Unable to find an exact match for CDP version 107, so returning the closest version found: a no-op implementation
Nov 04, 2022 9:27:41 PM org.openqa.selenium.devtools.CdpVersionFinder findNearestMatch
INFO: Unable to find CDP implementation matching 107.
Nov 04, 2022 9:27:41 PM org.openqa.selenium.chromium.ChromiumDriver lambda$new$3
WARNING: Unable to find version of CDP to use for . You may need to include a dependency on a specific version of the CDP using something similar to `org.seleniumhq.selenium:selenium-devtools-v86:4.1.2` where the version ("v86") matches the version of the chromium-based browser you're using and the version number of the artifact is the same as Selenium's.
]]></system-err>
  </testcase>
  <testcase name="Pay Products as logged in user" classname="Transaction" time="8.665">
    <system-out><![CDATA[21:27:46.278 [main] INFO io.cucumber.core.plugin.SerenityReporter - Running feature from file:///C:/Users/ASUS/Desktop/stupen/miniproject/Web/ASWeb/src/test/resources/features/Transaction.feature
21:27:46.281 [main] DEBUG net.thucydides.core.steps.StepEventBus - Test suite started for story net.thucydides.core.model.Story@c54cf0a8
21:27:46.282 [main] INFO  - Test Suite Started: Transaction

Scenario: Pay Products as logged in user       &amp#27;[90m# src/test/resources/features/Transaction.feature:6&amp#27;[0m
21:27:46.288 [main] INFO io.cucumber.core.plugin.SerenityReporter - Running feature from file:///C:/Users/ASUS/Desktop/stupen/miniproject/Web/ASWeb/src/test/resources/features/Transaction.feature
21:27:46.291 [main] INFO  - 
  _____   ___   ___   _____     ___   _____     _     ___   _____   ___   ___  
 |_   _| | __| / __| |_   _|   / __| |_   _|   /_\   | _ \ |_   _| | __| |   \ 
   | |   | _|  \__ \   | |     \__ \   | |    / _ \  |   /   | |   | _|  | |) |
   |_|   |___| |___/   |_|     |___/   |_|   /_/ \_\ |_|_\   |_|   |___| |___/ 

Pay Products as logged in user(transaction;pay-products-as-logged-in-user)
--------------------------------------------------------------------------------
21:27:46.390 [main] INFO net.serenitybdd.core.webdriver.driverproviders.ChromeDriverProvider - Using automatically driver download
21:27:46.450 [AsyncHttpClient-1-1] DEBUG org.asynchttpclient.netty.channel.DefaultChannelPool - Entry count for : http://localhost:64336 : 1
21:27:46.450 [AsyncHttpClient-1-1] DEBUG org.asynchttpclient.netty.channel.DefaultChannelPool - Entry count for : http://localhost:60867 : 1
21:27:46.450 [AsyncHttpClient-1-1] DEBUG org.asynchttpclient.netty.channel.DefaultChannelPool - Adding Candidate expired Channel [id: 0x9e3c4ba6, L:/127.0.0.1:64342 ! R:localhost/127.0.0.1:64336] isIdleTimeoutExpired=false isRemotelyClosed=true isTtlExpired=false
21:27:46.450 [AsyncHttpClient-1-1] DEBUG org.asynchttpclient.netty.channel.DefaultChannelPool - Closing Idle Channel [id: 0x9e3c4ba6, L:/127.0.0.1:64342 ! R:localhost/127.0.0.1:64336]
21:27:46.450 [AsyncHttpClient-1-1] DEBUG org.asynchttpclient.netty.channel.DefaultChannelPool - Adding Candidate expired Channel [id: 0x66d67466, L:/127.0.0.1:64335 ! R:localhost/127.0.0.1:60867] isIdleTimeoutExpired=false isRemotelyClosed=true isTtlExpired=false
21:27:46.450 [AsyncHttpClient-1-1] DEBUG org.asynchttpclient.netty.channel.DefaultChannelPool - Closing Idle Channel [id: 0x66d67466, L:/127.0.0.1:64335 ! R:localhost/127.0.0.1:60867]
21:27:46.450 [AsyncHttpClient-1-1] DEBUG org.asynchttpclient.netty.channel.DefaultChannelPool - Closed 2 connections out of 2 in 0 ms
21:27:46.579 [main] DEBUG io.github.bonigarcia.wdm.cache.ResolutionCache - Resolution chrome=107 in cache (valid until 22:24:57 04/11/2022 WIB)
21:27:46.582 [main] DEBUG io.github.bonigarcia.wdm.cache.ResolutionCache - Resolution chrome107=107.0.5304.62 in cache (valid until 21:24:57 05/11/2022 WIB)
21:27:46.583 [main] INFO io.github.bonigarcia.wdm.WebDriverManager - Using chromedriver 107.0.5304.62 (resolved driver for Chrome 107)
21:27:46.592 [main] DEBUG io.github.bonigarcia.wdm.WebDriverManager - Driver chromedriver 107.0.5304.62 found in cache
21:27:46.593 [main] INFO io.github.bonigarcia.wdm.WebDriverManager - Exporting webdriver.chrome.driver as C:\Users\ASUS\.cache\selenium\chromedriver\win32\107.0.5304.62\chromedriver.exe
21:27:46.704 [main] DEBUG net.serenitybdd.core.webdriver.driverproviders.ProvideNewDriver - Instantiating driver
21:27:46.704 [main] DEBUG net.serenitybdd.core.webdriver.driverproviders.ProvideNewDriver - Driver capabilities: Capabilities {acceptInsecureCerts: false, base.url: https://alta-shop.vercel.app/, browserName: chrome, chrome.driver: src/test/resources/webdrive..., driver: chrome, goog:chromeOptions: {args: [], extensions: []}, wait.for.timeout: 10000}
21:27:47.239 [AsyncHttpClient-1-10] DEBUG org.asynchttpclient.netty.channel.NettyConnectListener - Using new Channel '[id: 0x4e80440e, L:/127.0.0.1:64361 - R:localhost/127.0.0.1:50207]' for 'POST' to '/session'
21:27:48.031 [AsyncHttpClient-1-10] DEBUG org.asynchttpclient.netty.handler.HttpHandler - 

Request DefaultHttpRequest(decodeResult: success, version: HTTP/1.1)
POST /session HTTP/1.1
User-Agent: selenium/4.1.2 (java windows)
Content-Length: 646
Content-Type: application/json; charset=utf-8
host: localhost:50207
accept: */*

Response DefaultHttpResponse(decodeResult: success, version: HTTP/1.1)
HTTP/1.1 200 OK
Content-Type: application/json; charset=utf-8
cache-control: no-cache
content-length: 789

21:27:48.031 [AsyncHttpClient-1-10] DEBUG org.asynchttpclient.netty.channel.ChannelManager - Adding key: http://localhost:50207 for channel [id: 0x4e80440e, L:/127.0.0.1:64361 - R:localhost/127.0.0.1:50207]
21:27:48.040 [AsyncHttpClient-1-11] DEBUG org.asynchttpclient.netty.channel.NettyConnectListener - Using new Channel '[id: 0x4b59505e, L:/127.0.0.1:64368 - R:localhost/127.0.0.1:64362]' for 'GET' to '/json/version'
21:27:48.041 [AsyncHttpClient-1-11] DEBUG org.asynchttpclient.netty.handler.HttpHandler - 

Request DefaultFullHttpRequest(decodeResult: success, version: HTTP/1.1, content: EmptyByteBufBE)
GET /json/version HTTP/1.1
User-Agent: selenium/4.1.2 (java windows)
host: localhost:64362
accept: */*

Response DefaultHttpResponse(decodeResult: success, version: HTTP/1.1)
HTTP/1.1 200 OK
Content-Type: application/json; charset=UTF-8
content-length: 423

21:27:48.041 [AsyncHttpClient-1-11] DEBUG org.asynchttpclient.netty.channel.ChannelManager - Adding key: http://localhost:64362 for channel [id: 0x4b59505e, L:/127.0.0.1:64368 - R:localhost/127.0.0.1:64362]
21:27:48.043 [AsyncHttpClient-1-12] DEBUG org.asynchttpclient.netty.channel.NettyConnectListener - Using new Channel '[id: 0x3e0d22cf, L:/127.0.0.1:64369 - R:localhost/127.0.0.1:64362]' for 'GET' to '/devtools/browser/6c493b94-9023-42ff-b6a2-ed52c7e6e194'
21:27:48.044 [AsyncHttpClient-1-12] DEBUG org.asynchttpclient.netty.handler.WebSocketHandler - 

Request DefaultFullHttpRequest(decodeResult: success, version: HTTP/1.1, content: EmptyByteBufBE)
GET /devtools/browser/6c493b94-9023-42ff-b6a2-ed52c7e6e194 HTTP/1.1
upgrade: websocket
connection: upgrade
sec-websocket-key: xnNlgbMvE1X0DQRFJTeB+A==
sec-websocket-version: 13
origin: http://localhost:64362
host: localhost:64362
accept: */*
user-agent: AHC/2.1

Response DefaultHttpResponse(decodeResult: success, version: HTTP/1.1)
HTTP/1.1 101 WebSocket Protocol Handshake
Upgrade: WebSocket
Connection: Upgrade
Sec-WebSocket-Accept: ac41IiqlXkVd8wTK109wq5+sFkY=

21:27:48.048 [Forwarding get on session 1529fba2ab3df54d3951c0d9213f3d20 to remote] DEBUG org.asynchttpclient.netty.request.NettyRequestSender - Using pooled Channel '[id: 0x4e80440e, L:/127.0.0.1:64361 - R:localhost/127.0.0.1:50207]' for 'POST' to 'http://localhost:50207/session/1529fba2ab3df54d3951c0d9213f3d20/url'
21:27:48.048 [Forwarding get on session 1529fba2ab3df54d3951c0d9213f3d20 to remote] DEBUG org.asynchttpclient.netty.request.NettyRequestSender - Using open Channel [id: 0x4e80440e, L:/127.0.0.1:64361 - R:localhost/127.0.0.1:50207] for POST '/session/1529fba2ab3df54d3951c0d9213f3d20/url'
21:27:48.651 [AsyncHttpClient-1-1] DEBUG org.asynchttpclient.netty.channel.DefaultChannelPool - Entry count for : http://localhost:64362 : 1
21:27:48.820 [AsyncHttpClient-1-10] DEBUG org.asynchttpclient.netty.handler.HttpHandler - 

Request DefaultHttpRequest(decodeResult: success, version: HTTP/1.1)
POST /session/1529fba2ab3df54d3951c0d9213f3d20/url HTTP/1.1
User-Agent: selenium/4.1.2 (java windows)
Content-Length: 74
Content-Type: application/json; charset=utf-8
host: localhost:50207
accept: */*

Response DefaultHttpResponse(decodeResult: success, version: HTTP/1.1)
HTTP/1.1 200 OK
Content-Type: application/json; charset=utf-8
cache-control: no-cache
content-length: 14

21:27:48.820 [AsyncHttpClient-1-10] DEBUG org.asynchttpclient.netty.channel.ChannelManager - Adding key: http://localhost:50207 for channel [id: 0x4e80440e, L:/127.0.0.1:64361 - R:localhost/127.0.0.1:50207]
21:27:48.821 [Forwarding setTimeout on session 1529fba2ab3df54d3951c0d9213f3d20 to remote] DEBUG org.asynchttpclient.netty.request.NettyRequestSender - Using pooled Channel '[id: 0x4e80440e, L:/127.0.0.1:64361 - R:localhost/127.0.0.1:50207]' for 'POST' to 'http://localhost:50207/session/1529fba2ab3df54d3951c0d9213f3d20/timeouts'
21:27:48.821 [Forwarding setTimeout on session 1529fba2ab3df54d3951c0d9213f3d20 to remote] DEBUG org.asynchttpclient.netty.request.NettyRequestSender - Using open Channel [id: 0x4e80440e, L:/127.0.0.1:64361 - R:localhost/127.0.0.1:50207] for POST '/session/1529fba2ab3df54d3951c0d9213f3d20/timeouts'
21:27:48.822 [AsyncHttpClient-1-10] DEBUG org.asynchttpclient.netty.handler.HttpHandler - 

Request DefaultHttpRequest(decodeResult: success, version: HTTP/1.1)
POST /session/1529fba2ab3df54d3951c0d9213f3d20/timeouts HTTP/1.1
User-Agent: selenium/4.1.2 (java windows)
Content-Length: 22
Content-Type: application/json; charset=utf-8
host: localhost:50207
accept: */*

Response DefaultHttpResponse(decodeResult: success, version: HTTP/1.1)
HTTP/1.1 200 OK
Content-Type: application/json; charset=utf-8
cache-control: no-cache
content-length: 14

21:27:48.822 [AsyncHttpClient-1-10] DEBUG org.asynchttpclient.netty.channel.ChannelManager - Adding key: http://localhost:50207 for channel [id: 0x4e80440e, L:/127.0.0.1:64361 - R:localhost/127.0.0.1:50207]
21:27:48.825 [Forwarding getCurrentUrl on session 1529fba2ab3df54d3951c0d9213f3d20 to remote] DEBUG org.asynchttpclient.netty.request.NettyRequestSender - Using pooled Channel '[id: 0x4e80440e, L:/127.0.0.1:64361 - R:localhost/127.0.0.1:50207]' for 'GET' to 'http://localhost:50207/session/1529fba2ab3df54d3951c0d9213f3d20/url'
21:27:48.825 [Forwarding getCurrentUrl on session 1529fba2ab3df54d3951c0d9213f3d20 to remote] DEBUG org.asynchttpclient.netty.request.NettyRequestSender - Using open Channel [id: 0x4e80440e, L:/127.0.0.1:64361 - R:localhost/127.0.0.1:50207] for GET '/session/1529fba2ab3df54d3951c0d9213f3d20/url'
21:27:48.830 [AsyncHttpClient-1-10] DEBUG org.asynchttpclient.netty.handler.HttpHandler - 

Request DefaultFullHttpRequest(decodeResult: success, version: HTTP/1.1, content: EmptyByteBufBE)
GET /session/1529fba2ab3df54d3951c0d9213f3d20/url HTTP/1.1
User-Agent: selenium/4.1.2 (java windows)
Cache-Control: no-cache
Content-Type: application/json; charset=utf-8
host: localhost:50207
accept: */*

Response DefaultHttpResponse(decodeResult: success, version: HTTP/1.1)
HTTP/1.1 200 OK
Content-Type: application/json; charset=utf-8
cache-control: no-cache
content-length: 51

21:27:48.830 [AsyncHttpClient-1-10] DEBUG org.asynchttpclient.netty.channel.ChannelManager - Adding key: http://localhost:50207 for channel [id: 0x4e80440e, L:/127.0.0.1:64361 - R:localhost/127.0.0.1:50207]
21:27:48.836 [Forwarding findElement on session 1529fba2ab3df54d3951c0d9213f3d20 to remote] DEBUG org.asynchttpclient.netty.request.NettyRequestSender - Using pooled Channel '[id: 0x4e80440e, L:/127.0.0.1:64361 - R:localhost/127.0.0.1:50207]' for 'POST' to 'http://localhost:50207/session/1529fba2ab3df54d3951c0d9213f3d20/element'
21:27:48.836 [Forwarding findElement on session 1529fba2ab3df54d3951c0d9213f3d20 to remote] DEBUG org.asynchttpclient.netty.request.NettyRequestSender - Using open Channel [id: 0x4e80440e, L:/127.0.0.1:64361 - R:localhost/127.0.0.1:50207] for POST '/session/1529fba2ab3df54d3951c0d9213f3d20/element'
21:27:48.849 [AsyncHttpClient-1-10] DEBUG org.asynchttpclient.netty.handler.HttpHandler - 

Request DefaultHttpRequest(decodeResult: success, version: HTTP/1.1)
POST /session/1529fba2ab3df54d3951c0d9213f3d20/element HTTP/1.1
User-Agent: selenium/4.1.2 (java windows)
Content-Length: 87
Content-Type: application/json; charset=utf-8
host: localhost:50207
accept: */*

Response DefaultHttpResponse(decodeResult: success, version: HTTP/1.1)
HTTP/1.1 200 OK
Content-Type: application/json; charset=utf-8
cache-control: no-cache
content-length: 88

21:27:48.850 [AsyncHttpClient-1-10] DEBUG org.asynchttpclient.netty.channel.ChannelManager - Adding key: http://localhost:50207 for channel [id: 0x4e80440e, L:/127.0.0.1:64361 - R:localhost/127.0.0.1:50207]
21:27:48.850 [Forwarding clearElement on session 1529fba2ab3df54d3951c0d9213f3d20 to remote] DEBUG org.asynchttpclient.netty.request.NettyRequestSender - Using pooled Channel '[id: 0x4e80440e, L:/127.0.0.1:64361 - R:localhost/127.0.0.1:50207]' for 'POST' to 'http://localhost:50207/session/1529fba2ab3df54d3951c0d9213f3d20/element/e8078382-c64e-48d9-ad27-a8c6d63601bf/clear'
21:27:48.851 [Forwarding clearElement on session 1529fba2ab3df54d3951c0d9213f3d20 to remote] DEBUG org.asynchttpclient.netty.request.NettyRequestSender - Using open Channel [id: 0x4e80440e, L:/127.0.0.1:64361 - R:localhost/127.0.0.1:50207] for POST '/session/1529fba2ab3df54d3951c0d9213f3d20/element/e8078382-c64e-48d9-ad27-a8c6d63601bf/clear'
21:27:48.895 [AsyncHttpClient-1-10] DEBUG org.asynchttpclient.netty.handler.HttpHandler - 

Request DefaultHttpRequest(decodeResult: success, version: HTTP/1.1)
POST /session/1529fba2ab3df54d3951c0d9213f3d20/element/e8078382-c64e-48d9-ad27-a8c6d63601bf/clear HTTP/1.1
User-Agent: selenium/4.1.2 (java windows)
Content-Length: 50
Content-Type: application/json; charset=utf-8
host: localhost:50207
accept: */*

Response DefaultHttpResponse(decodeResult: success, version: HTTP/1.1)
HTTP/1.1 200 OK
Content-Type: application/json; charset=utf-8
cache-control: no-cache
content-length: 14

21:27:48.895 [AsyncHttpClient-1-10] DEBUG org.asynchttpclient.netty.channel.ChannelManager - Adding key: http://localhost:50207 for channel [id: 0x4e80440e, L:/127.0.0.1:64361 - R:localhost/127.0.0.1:50207]
21:27:48.896 [Forwarding sendKeysToElement on session 1529fba2ab3df54d3951c0d9213f3d20 to remote] DEBUG org.asynchttpclient.netty.request.NettyRequestSender - Using pooled Channel '[id: 0x4e80440e, L:/127.0.0.1:64361 - R:localhost/127.0.0.1:50207]' for 'POST' to 'http://localhost:50207/session/1529fba2ab3df54d3951c0d9213f3d20/element/e8078382-c64e-48d9-ad27-a8c6d63601bf/value'
21:27:48.896 [Forwarding sendKeysToElement on session 1529fba2ab3df54d3951c0d9213f3d20 to remote] DEBUG org.asynchttpclient.netty.request.NettyRequestSender - Using open Channel [id: 0x4e80440e, L:/127.0.0.1:64361 - R:localhost/127.0.0.1:50207] for POST '/session/1529fba2ab3df54d3951c0d9213f3d20/element/e8078382-c64e-48d9-ad27-a8c6d63601bf/value'
21:27:49.017 [AsyncHttpClient-1-10] DEBUG org.asynchttpclient.netty.handler.HttpHandler - 

Request DefaultHttpRequest(decodeResult: success, version: HTTP/1.1)
POST /session/1529fba2ab3df54d3951c0d9213f3d20/element/e8078382-c64e-48d9-ad27-a8c6d63601bf/value HTTP/1.1
User-Agent: selenium/4.1.2 (java windows)
Content-Length: 221
Content-Type: application/json; charset=utf-8
host: localhost:50207
accept: */*

Response DefaultHttpResponse(decodeResult: success, version: HTTP/1.1)
HTTP/1.1 200 OK
Content-Type: application/json; charset=utf-8
cache-control: no-cache
content-length: 14

21:27:49.017 [AsyncHttpClient-1-10] DEBUG org.asynchttpclient.netty.channel.ChannelManager - Adding key: http://localhost:50207 for channel [id: 0x4e80440e, L:/127.0.0.1:64361 - R:localhost/127.0.0.1:50207]
21:27:49.019 [Forwarding findElement on session 1529fba2ab3df54d3951c0d9213f3d20 to remote] DEBUG org.asynchttpclient.netty.request.NettyRequestSender - Using pooled Channel '[id: 0x4e80440e, L:/127.0.0.1:64361 - R:localhost/127.0.0.1:50207]' for 'POST' to 'http://localhost:50207/session/1529fba2ab3df54d3951c0d9213f3d20/element'
21:27:49.019 [Forwarding findElement on session 1529fba2ab3df54d3951c0d9213f3d20 to remote] DEBUG org.asynchttpclient.netty.request.NettyRequestSender - Using open Channel [id: 0x4e80440e, L:/127.0.0.1:64361 - R:localhost/127.0.0.1:50207] for POST '/session/1529fba2ab3df54d3951c0d9213f3d20/element'
21:27:49.031 [AsyncHttpClient-1-10] DEBUG org.asynchttpclient.netty.handler.HttpHandler - 

Request DefaultHttpRequest(decodeResult: success, version: HTTP/1.1)
POST /session/1529fba2ab3df54d3951c0d9213f3d20/element HTTP/1.1
User-Agent: selenium/4.1.2 (java windows)
Content-Length: 90
Content-Type: application/json; charset=utf-8
host: localhost:50207
accept: */*

Response DefaultHttpResponse(decodeResult: success, version: HTTP/1.1)
HTTP/1.1 200 OK
Content-Type: application/json; charset=utf-8
cache-control: no-cache
content-length: 88

21:27:49.031 [AsyncHttpClient-1-10] DEBUG org.asynchttpclient.netty.channel.ChannelManager - Adding key: http://localhost:50207 for channel [id: 0x4e80440e, L:/127.0.0.1:64361 - R:localhost/127.0.0.1:50207]
21:27:49.032 [Forwarding clearElement on session 1529fba2ab3df54d3951c0d9213f3d20 to remote] DEBUG org.asynchttpclient.netty.request.NettyRequestSender - Using pooled Channel '[id: 0x4e80440e, L:/127.0.0.1:64361 - R:localhost/127.0.0.1:50207]' for 'POST' to 'http://localhost:50207/session/1529fba2ab3df54d3951c0d9213f3d20/element/52a0c382-0191-4945-82fa-f59c71608cb4/clear'
21:27:49.032 [Forwarding clearElement on session 1529fba2ab3df54d3951c0d9213f3d20 to remote] DEBUG org.asynchttpclient.netty.request.NettyRequestSender - Using open Channel [id: 0x4e80440e, L:/127.0.0.1:64361 - R:localhost/127.0.0.1:50207] for POST '/session/1529fba2ab3df54d3951c0d9213f3d20/element/52a0c382-0191-4945-82fa-f59c71608cb4/clear'
21:27:49.072 [AsyncHttpClient-1-10] DEBUG org.asynchttpclient.netty.handler.HttpHandler - 

Request DefaultHttpRequest(decodeResult: success, version: HTTP/1.1)
POST /session/1529fba2ab3df54d3951c0d9213f3d20/element/52a0c382-0191-4945-82fa-f59c71608cb4/clear HTTP/1.1
User-Agent: selenium/4.1.2 (java windows)
Content-Length: 50
Content-Type: application/json; charset=utf-8
host: localhost:50207
accept: */*

Response DefaultHttpResponse(decodeResult: success, version: HTTP/1.1)
HTTP/1.1 200 OK
Content-Type: application/json; charset=utf-8
cache-control: no-cache
content-length: 14

21:27:49.072 [AsyncHttpClient-1-10] DEBUG org.asynchttpclient.netty.channel.ChannelManager - Adding key: http://localhost:50207 for channel [id: 0x4e80440e, L:/127.0.0.1:64361 - R:localhost/127.0.0.1:50207]
21:27:49.073 [Forwarding sendKeysToElement on session 1529fba2ab3df54d3951c0d9213f3d20 to remote] DEBUG org.asynchttpclient.netty.request.NettyRequestSender - Using pooled Channel '[id: 0x4e80440e, L:/127.0.0.1:64361 - R:localhost/127.0.0.1:50207]' for 'POST' to 'http://localhost:50207/session/1529fba2ab3df54d3951c0d9213f3d20/element/52a0c382-0191-4945-82fa-f59c71608cb4/value'
21:27:49.073 [Forwarding sendKeysToElement on session 1529fba2ab3df54d3951c0d9213f3d20 to remote] DEBUG org.asynchttpclient.netty.request.NettyRequestSender - Using open Channel [id: 0x4e80440e, L:/127.0.0.1:64361 - R:localhost/127.0.0.1:50207] for POST '/session/1529fba2ab3df54d3951c0d9213f3d20/element/52a0c382-0191-4945-82fa-f59c71608cb4/value'
21:27:49.148 [AsyncHttpClient-1-10] DEBUG org.asynchttpclient.netty.handler.HttpHandler - 

Request DefaultHttpRequest(decodeResult: success, version: HTTP/1.1)
POST /session/1529fba2ab3df54d3951c0d9213f3d20/element/52a0c382-0191-4945-82fa-f59c71608cb4/value HTTP/1.1
User-Agent: selenium/4.1.2 (java windows)
Content-Length: 141
Content-Type: application/json; charset=utf-8
host: localhost:50207
accept: */*

Response DefaultHttpResponse(decodeResult: success, version: HTTP/1.1)
HTTP/1.1 200 OK
Content-Type: application/json; charset=utf-8
cache-control: no-cache
content-length: 14

21:27:49.148 [AsyncHttpClient-1-10] DEBUG org.asynchttpclient.netty.channel.ChannelManager - Adding key: http://localhost:50207 for channel [id: 0x4e80440e, L:/127.0.0.1:64361 - R:localhost/127.0.0.1:50207]
21:27:49.152 [Forwarding findElement on session 1529fba2ab3df54d3951c0d9213f3d20 to remote] DEBUG org.asynchttpclient.netty.request.NettyRequestSender - Using pooled Channel '[id: 0x4e80440e, L:/127.0.0.1:64361 - R:localhost/127.0.0.1:50207]' for 'POST' to 'http://localhost:50207/session/1529fba2ab3df54d3951c0d9213f3d20/element'
21:27:49.152 [Forwarding findElement on session 1529fba2ab3df54d3951c0d9213f3d20 to remote] DEBUG org.asynchttpclient.netty.request.NettyRequestSender - Using open Channel [id: 0x4e80440e, L:/127.0.0.1:64361 - R:localhost/127.0.0.1:50207] for POST '/session/1529fba2ab3df54d3951c0d9213f3d20/element'
21:27:49.169 [AsyncHttpClient-1-10] DEBUG org.asynchttpclient.netty.handler.HttpHandler - 

Request DefaultHttpRequest(decodeResult: success, version: HTTP/1.1)
POST /session/1529fba2ab3df54d3951c0d9213f3d20/element HTTP/1.1
User-Agent: selenium/4.1.2 (java windows)
Content-Length: 81
Content-Type: application/json; charset=utf-8
host: localhost:50207
accept: */*

Response DefaultHttpResponse(decodeResult: success, version: HTTP/1.1)
HTTP/1.1 200 OK
Content-Type: application/json; charset=utf-8
cache-control: no-cache
content-length: 88

21:27:49.169 [AsyncHttpClient-1-10] DEBUG org.asynchttpclient.netty.channel.ChannelManager - Adding key: http://localhost:50207 for channel [id: 0x4e80440e, L:/127.0.0.1:64361 - R:localhost/127.0.0.1:50207]
21:27:49.171 [Forwarding getElementTagName on session 1529fba2ab3df54d3951c0d9213f3d20 to remote] DEBUG org.asynchttpclient.netty.request.NettyRequestSender - Using pooled Channel '[id: 0x4e80440e, L:/127.0.0.1:64361 - R:localhost/127.0.0.1:50207]' for 'GET' to 'http://localhost:50207/session/1529fba2ab3df54d3951c0d9213f3d20/element/beaed824-6795-4d22-8063-533762786cc2/name'
21:27:49.171 [Forwarding getElementTagName on session 1529fba2ab3df54d3951c0d9213f3d20 to remote] DEBUG org.asynchttpclient.netty.request.NettyRequestSender - Using open Channel [id: 0x4e80440e, L:/127.0.0.1:64361 - R:localhost/127.0.0.1:50207] for GET '/session/1529fba2ab3df54d3951c0d9213f3d20/element/beaed824-6795-4d22-8063-533762786cc2/name'
21:27:49.177 [AsyncHttpClient-1-10] DEBUG org.asynchttpclient.netty.handler.HttpHandler - 

Request DefaultFullHttpRequest(decodeResult: success, version: HTTP/1.1, content: EmptyByteBufBE)
GET /session/1529fba2ab3df54d3951c0d9213f3d20/element/beaed824-6795-4d22-8063-533762786cc2/name HTTP/1.1
User-Agent: selenium/4.1.2 (java windows)
Cache-Control: no-cache
Content-Type: application/json; charset=utf-8
host: localhost:50207
accept: */*

Response DefaultHttpResponse(decodeResult: success, version: HTTP/1.1)
HTTP/1.1 200 OK
Content-Type: application/json; charset=utf-8
cache-control: no-cache
content-length: 16

21:27:49.177 [AsyncHttpClient-1-10] DEBUG org.asynchttpclient.netty.channel.ChannelManager - Adding key: http://localhost:50207 for channel [id: 0x4e80440e, L:/127.0.0.1:64361 - R:localhost/127.0.0.1:50207]
21:27:49.178 [Forwarding getElementTagName on session 1529fba2ab3df54d3951c0d9213f3d20 to remote] DEBUG org.asynchttpclient.netty.request.NettyRequestSender - Using pooled Channel '[id: 0x4e80440e, L:/127.0.0.1:64361 - R:localhost/127.0.0.1:50207]' for 'GET' to 'http://localhost:50207/session/1529fba2ab3df54d3951c0d9213f3d20/element/beaed824-6795-4d22-8063-533762786cc2/name'
21:27:49.178 [Forwarding getElementTagName on session 1529fba2ab3df54d3951c0d9213f3d20 to remote] DEBUG org.asynchttpclient.netty.request.NettyRequestSender - Using open Channel [id: 0x4e80440e, L:/127.0.0.1:64361 - R:localhost/127.0.0.1:50207] for GET '/session/1529fba2ab3df54d3951c0d9213f3d20/element/beaed824-6795-4d22-8063-533762786cc2/name'
21:27:49.182 [AsyncHttpClient-1-10] DEBUG org.asynchttpclient.netty.handler.HttpHandler - 

Request DefaultFullHttpRequest(decodeResult: success, version: HTTP/1.1, content: EmptyByteBufBE)
GET /session/1529fba2ab3df54d3951c0d9213f3d20/element/beaed824-6795-4d22-8063-533762786cc2/name HTTP/1.1
User-Agent: selenium/4.1.2 (java windows)
Cache-Control: no-cache
Content-Type: application/json; charset=utf-8
host: localhost:50207
accept: */*

Response DefaultHttpResponse(decodeResult: success, version: HTTP/1.1)
HTTP/1.1 200 OK
Content-Type: application/json; charset=utf-8
cache-control: no-cache
content-length: 16

21:27:49.182 [AsyncHttpClient-1-10] DEBUG org.asynchttpclient.netty.channel.ChannelManager - Adding key: http://localhost:50207 for channel [id: 0x4e80440e, L:/127.0.0.1:64361 - R:localhost/127.0.0.1:50207]
21:27:49.183 [Forwarding findElement on session 1529fba2ab3df54d3951c0d9213f3d20 to remote] DEBUG org.asynchttpclient.netty.request.NettyRequestSender - Using pooled Channel '[id: 0x4e80440e, L:/127.0.0.1:64361 - R:localhost/127.0.0.1:50207]' for 'POST' to 'http://localhost:50207/session/1529fba2ab3df54d3951c0d9213f3d20/element'
21:27:49.183 [Forwarding findElement on session 1529fba2ab3df54d3951c0d9213f3d20 to remote] DEBUG org.asynchttpclient.netty.request.NettyRequestSender - Using open Channel [id: 0x4e80440e, L:/127.0.0.1:64361 - R:localhost/127.0.0.1:50207] for POST '/session/1529fba2ab3df54d3951c0d9213f3d20/element'
21:27:49.191 [AsyncHttpClient-1-10] DEBUG org.asynchttpclient.netty.handler.HttpHandler - 

Request DefaultHttpRequest(decodeResult: success, version: HTTP/1.1)
POST /session/1529fba2ab3df54d3951c0d9213f3d20/element HTTP/1.1
User-Agent: selenium/4.1.2 (java windows)
Content-Length: 81
Content-Type: application/json; charset=utf-8
host: localhost:50207
accept: */*

Response DefaultHttpResponse(decodeResult: success, version: HTTP/1.1)
HTTP/1.1 200 OK
Content-Type: application/json; charset=utf-8
cache-control: no-cache
content-length: 88

21:27:49.191 [AsyncHttpClient-1-10] DEBUG org.asynchttpclient.netty.channel.ChannelManager - Adding key: http://localhost:50207 for channel [id: 0x4e80440e, L:/127.0.0.1:64361 - R:localhost/127.0.0.1:50207]
21:27:49.192 [Forwarding clickElement on session 1529fba2ab3df54d3951c0d9213f3d20 to remote] DEBUG org.asynchttpclient.netty.request.NettyRequestSender - Using pooled Channel '[id: 0x4e80440e, L:/127.0.0.1:64361 - R:localhost/127.0.0.1:50207]' for 'POST' to 'http://localhost:50207/session/1529fba2ab3df54d3951c0d9213f3d20/element/beaed824-6795-4d22-8063-533762786cc2/click'
21:27:49.192 [Forwarding clickElement on session 1529fba2ab3df54d3951c0d9213f3d20 to remote] DEBUG org.asynchttpclient.netty.request.NettyRequestSender - Using open Channel [id: 0x4e80440e, L:/127.0.0.1:64361 - R:localhost/127.0.0.1:50207] for POST '/session/1529fba2ab3df54d3951c0d9213f3d20/element/beaed824-6795-4d22-8063-533762786cc2/click'
21:27:49.255 [AsyncHttpClient-1-10] DEBUG org.asynchttpclient.netty.handler.HttpHandler - 

Request DefaultHttpRequest(decodeResult: success, version: HTTP/1.1)
POST /session/1529fba2ab3df54d3951c0d9213f3d20/element/beaed824-6795-4d22-8063-533762786cc2/click HTTP/1.1
User-Agent: selenium/4.1.2 (java windows)
Content-Length: 50
Content-Type: application/json; charset=utf-8
host: localhost:50207
accept: */*

Response DefaultHttpResponse(decodeResult: success, version: HTTP/1.1)
HTTP/1.1 200 OK
Content-Type: application/json; charset=utf-8
cache-control: no-cache
content-length: 14

21:27:49.255 [AsyncHttpClient-1-10] DEBUG org.asynchttpclient.netty.channel.ChannelManager - Adding key: http://localhost:50207 for channel [id: 0x4e80440e, L:/127.0.0.1:64361 - R:localhost/127.0.0.1:50207]
  &amp#27;[32mGiven &amp#27;[0m&amp#27;[32mI am logged in&amp#27;[0m                         &amp#27;[90m# starter.stepdefinitions.TransactionSteps.iAmLoggedIn()&amp#27;[0m
21:27:49.263 [main] DEBUG net.serenitybdd.core.photography.Darkroom - Opening darkroom
21:27:49.263 [Darkroom Processing Line] DEBUG net.serenitybdd.core.photography.DarkroomProcessingLine - Darkroom processing line starting up
21:27:49.263 [Forwarding screenshot on session 1529fba2ab3df54d3951c0d9213f3d20 to remote] DEBUG org.asynchttpclient.netty.request.NettyRequestSender - Using pooled Channel '[id: 0x4e80440e, L:/127.0.0.1:64361 - R:localhost/127.0.0.1:50207]' for 'GET' to 'http://localhost:50207/session/1529fba2ab3df54d3951c0d9213f3d20/screenshot'
21:27:49.263 [Forwarding screenshot on session 1529fba2ab3df54d3951c0d9213f3d20 to remote] DEBUG org.asynchttpclient.netty.request.NettyRequestSender - Using open Channel [id: 0x4e80440e, L:/127.0.0.1:64361 - R:localhost/127.0.0.1:50207] for GET '/session/1529fba2ab3df54d3951c0d9213f3d20/screenshot'
21:27:49.597 [AsyncHttpClient-1-10] DEBUG org.asynchttpclient.netty.handler.HttpHandler - 

Request DefaultFullHttpRequest(decodeResult: success, version: HTTP/1.1, content: EmptyByteBufBE)
GET /session/1529fba2ab3df54d3951c0d9213f3d20/screenshot HTTP/1.1
User-Agent: selenium/4.1.2 (java windows)
Cache-Control: no-cache
Content-Type: application/json; charset=utf-8
host: localhost:50207
accept: */*

Response DefaultHttpResponse(decodeResult: success, version: HTTP/1.1)
HTTP/1.1 200 OK
Content-Type: application/json; charset=utf-8
cache-control: no-cache
content-length: 45040

21:27:49.597 [AsyncHttpClient-1-10] DEBUG org.asynchttpclient.netty.channel.ChannelManager - Adding key: http://localhost:50207 for channel [id: 0x4e80440e, L:/127.0.0.1:64361 - R:localhost/127.0.0.1:50207]
21:27:49.599 [main] DEBUG net.serenitybdd.core.photography.Darkroom - Send negative for processing for target\site\serenity\b8946167185dfb6a8ddedaf261cbd8a2eaf7818ee084000a871ac4abe2014233.png
21:27:49.599 [Darkroom Processing Line] DEBUG net.serenitybdd.core.photography.DarkroomProcessingLine - Processing screenshot image in /var/screenshots/screenshot-617687728023301485
21:27:49.599 [Darkroom Processing Line] DEBUG net.serenitybdd.core.photography.DarkroomProcessingLine - Saving screenshot to target\site\serenity\b8946167185dfb6a8ddedaf261cbd8a2eaf7818ee084000a871ac4abe2014233.png
21:27:49.606 [Forwarding findElement on session 1529fba2ab3df54d3951c0d9213f3d20 to remote] DEBUG org.asynchttpclient.netty.request.NettyRequestSender - Using pooled Channel '[id: 0x4e80440e, L:/127.0.0.1:64361 - R:localhost/127.0.0.1:50207]' for 'POST' to 'http://localhost:50207/session/1529fba2ab3df54d3951c0d9213f3d20/element'
21:27:49.606 [Forwarding findElement on session 1529fba2ab3df54d3951c0d9213f3d20 to remote] DEBUG org.asynchttpclient.netty.request.NettyRequestSender - Using open Channel [id: 0x4e80440e, L:/127.0.0.1:64361 - R:localhost/127.0.0.1:50207] for POST '/session/1529fba2ab3df54d3951c0d9213f3d20/element'
21:27:49.751 [AsyncHttpClient-1-1] DEBUG org.asynchttpclient.netty.channel.DefaultChannelPool - Entry count for : http://localhost:64362 : 1
21:27:50.851 [AsyncHttpClient-1-1] DEBUG org.asynchttpclient.netty.channel.DefaultChannelPool - Entry count for : http://localhost:64362 : 1
21:27:51.664 [AsyncHttpClient-1-10] DEBUG org.asynchttpclient.netty.handler.HttpHandler - 

Request DefaultHttpRequest(decodeResult: success, version: HTTP/1.1)
POST /session/1529fba2ab3df54d3951c0d9213f3d20/element HTTP/1.1
User-Agent: selenium/4.1.2 (java windows)
Content-Length: 94
Content-Type: application/json; charset=utf-8
host: localhost:50207
accept: */*

Response DefaultHttpResponse(decodeResult: success, version: HTTP/1.1)
HTTP/1.1 404 Not Found
Content-Type: application/json; charset=utf-8
cache-control: no-cache
content-length: 1043

21:27:51.664 [AsyncHttpClient-1-10] DEBUG org.asynchttpclient.netty.channel.ChannelManager - Adding key: http://localhost:50207 for channel [id: 0x4e80440e, L:/127.0.0.1:64361 - R:localhost/127.0.0.1:50207]
21:27:51.787 [Forwarding findElement on session 1529fba2ab3df54d3951c0d9213f3d20 to remote] DEBUG org.asynchttpclient.netty.request.NettyRequestSender - Using pooled Channel '[id: 0x4e80440e, L:/127.0.0.1:64361 - R:localhost/127.0.0.1:50207]' for 'POST' to 'http://localhost:50207/session/1529fba2ab3df54d3951c0d9213f3d20/element'
21:27:51.787 [Forwarding findElement on session 1529fba2ab3df54d3951c0d9213f3d20 to remote] DEBUG org.asynchttpclient.netty.request.NettyRequestSender - Using open Channel [id: 0x4e80440e, L:/127.0.0.1:64361 - R:localhost/127.0.0.1:50207] for POST '/session/1529fba2ab3df54d3951c0d9213f3d20/element'
21:27:51.958 [AsyncHttpClient-1-1] DEBUG org.asynchttpclient.netty.channel.DefaultChannelPool - Entry count for : http://localhost:64362 : 1
21:27:53.051 [AsyncHttpClient-1-1] DEBUG org.asynchttpclient.netty.channel.DefaultChannelPool - Entry count for : http://localhost:64362 : 1
21:27:53.217 [AsyncHttpClient-1-10] DEBUG org.asynchttpclient.netty.handler.HttpHandler - 

Request DefaultHttpRequest(decodeResult: success, version: HTTP/1.1)
POST /session/1529fba2ab3df54d3951c0d9213f3d20/element HTTP/1.1
User-Agent: selenium/4.1.2 (java windows)
Content-Length: 94
Content-Type: application/json; charset=utf-8
host: localhost:50207
accept: */*

Response DefaultHttpResponse(decodeResult: success, version: HTTP/1.1)
HTTP/1.1 200 OK
Content-Type: application/json; charset=utf-8
cache-control: no-cache
content-length: 88

21:27:53.217 [AsyncHttpClient-1-10] DEBUG org.asynchttpclient.netty.channel.ChannelManager - Adding key: http://localhost:50207 for channel [id: 0x4e80440e, L:/127.0.0.1:64361 - R:localhost/127.0.0.1:50207]
21:27:53.218 [Forwarding getElementTagName on session 1529fba2ab3df54d3951c0d9213f3d20 to remote] DEBUG org.asynchttpclient.netty.request.NettyRequestSender - Using pooled Channel '[id: 0x4e80440e, L:/127.0.0.1:64361 - R:localhost/127.0.0.1:50207]' for 'GET' to 'http://localhost:50207/session/1529fba2ab3df54d3951c0d9213f3d20/element/7b7893c6-6e96-4cd8-b817-e797f683b612/name'
21:27:53.218 [Forwarding getElementTagName on session 1529fba2ab3df54d3951c0d9213f3d20 to remote] DEBUG org.asynchttpclient.netty.request.NettyRequestSender - Using open Channel [id: 0x4e80440e, L:/127.0.0.1:64361 - R:localhost/127.0.0.1:50207] for GET '/session/1529fba2ab3df54d3951c0d9213f3d20/element/7b7893c6-6e96-4cd8-b817-e797f683b612/name'
21:27:53.226 [AsyncHttpClient-1-10] DEBUG org.asynchttpclient.netty.handler.HttpHandler - 

Request DefaultFullHttpRequest(decodeResult: success, version: HTTP/1.1, content: EmptyByteBufBE)
GET /session/1529fba2ab3df54d3951c0d9213f3d20/element/7b7893c6-6e96-4cd8-b817-e797f683b612/name HTTP/1.1
User-Agent: selenium/4.1.2 (java windows)
Cache-Control: no-cache
Content-Type: application/json; charset=utf-8
host: localhost:50207
accept: */*

Response DefaultHttpResponse(decodeResult: success, version: HTTP/1.1)
HTTP/1.1 200 OK
Content-Type: application/json; charset=utf-8
cache-control: no-cache
content-length: 16

21:27:53.226 [AsyncHttpClient-1-10] DEBUG org.asynchttpclient.netty.channel.ChannelManager - Adding key: http://localhost:50207 for channel [id: 0x4e80440e, L:/127.0.0.1:64361 - R:localhost/127.0.0.1:50207]
21:27:53.227 [Forwarding getElementTagName on session 1529fba2ab3df54d3951c0d9213f3d20 to remote] DEBUG org.asynchttpclient.netty.request.NettyRequestSender - Using pooled Channel '[id: 0x4e80440e, L:/127.0.0.1:64361 - R:localhost/127.0.0.1:50207]' for 'GET' to 'http://localhost:50207/session/1529fba2ab3df54d3951c0d9213f3d20/element/7b7893c6-6e96-4cd8-b817-e797f683b612/name'
21:27:53.227 [Forwarding getElementTagName on session 1529fba2ab3df54d3951c0d9213f3d20 to remote] DEBUG org.asynchttpclient.netty.request.NettyRequestSender - Using open Channel [id: 0x4e80440e, L:/127.0.0.1:64361 - R:localhost/127.0.0.1:50207] for GET '/session/1529fba2ab3df54d3951c0d9213f3d20/element/7b7893c6-6e96-4cd8-b817-e797f683b612/name'
21:27:53.231 [AsyncHttpClient-1-10] DEBUG org.asynchttpclient.netty.handler.HttpHandler - 

Request DefaultFullHttpRequest(decodeResult: success, version: HTTP/1.1, content: EmptyByteBufBE)
GET /session/1529fba2ab3df54d3951c0d9213f3d20/element/7b7893c6-6e96-4cd8-b817-e797f683b612/name HTTP/1.1
User-Agent: selenium/4.1.2 (java windows)
Cache-Control: no-cache
Content-Type: application/json; charset=utf-8
host: localhost:50207
accept: */*

Response DefaultHttpResponse(decodeResult: success, version: HTTP/1.1)
HTTP/1.1 200 OK
Content-Type: application/json; charset=utf-8
cache-control: no-cache
content-length: 16

21:27:53.231 [AsyncHttpClient-1-10] DEBUG org.asynchttpclient.netty.channel.ChannelManager - Adding key: http://localhost:50207 for channel [id: 0x4e80440e, L:/127.0.0.1:64361 - R:localhost/127.0.0.1:50207]
21:27:53.233 [Forwarding findElement on session 1529fba2ab3df54d3951c0d9213f3d20 to remote] DEBUG org.asynchttpclient.netty.request.NettyRequestSender - Using pooled Channel '[id: 0x4e80440e, L:/127.0.0.1:64361 - R:localhost/127.0.0.1:50207]' for 'POST' to 'http://localhost:50207/session/1529fba2ab3df54d3951c0d9213f3d20/element'
21:27:53.233 [Forwarding findElement on session 1529fba2ab3df54d3951c0d9213f3d20 to remote] DEBUG org.asynchttpclient.netty.request.NettyRequestSender - Using open Channel [id: 0x4e80440e, L:/127.0.0.1:64361 - R:localhost/127.0.0.1:50207] for POST '/session/1529fba2ab3df54d3951c0d9213f3d20/element'
21:27:53.244 [AsyncHttpClient-1-10] DEBUG org.asynchttpclient.netty.handler.HttpHandler - 

Request DefaultHttpRequest(decodeResult: success, version: HTTP/1.1)
POST /session/1529fba2ab3df54d3951c0d9213f3d20/element HTTP/1.1
User-Agent: selenium/4.1.2 (java windows)
Content-Length: 94
Content-Type: application/json; charset=utf-8
host: localhost:50207
accept: */*

Response DefaultHttpResponse(decodeResult: success, version: HTTP/1.1)
HTTP/1.1 200 OK
Content-Type: application/json; charset=utf-8
cache-control: no-cache
content-length: 88

21:27:53.244 [AsyncHttpClient-1-10] DEBUG org.asynchttpclient.netty.channel.ChannelManager - Adding key: http://localhost:50207 for channel [id: 0x4e80440e, L:/127.0.0.1:64361 - R:localhost/127.0.0.1:50207]
21:27:53.245 [Forwarding clickElement on session 1529fba2ab3df54d3951c0d9213f3d20 to remote] DEBUG org.asynchttpclient.netty.request.NettyRequestSender - Using pooled Channel '[id: 0x4e80440e, L:/127.0.0.1:64361 - R:localhost/127.0.0.1:50207]' for 'POST' to 'http://localhost:50207/session/1529fba2ab3df54d3951c0d9213f3d20/element/7b7893c6-6e96-4cd8-b817-e797f683b612/click'
21:27:53.245 [Forwarding clickElement on session 1529fba2ab3df54d3951c0d9213f3d20 to remote] DEBUG org.asynchttpclient.netty.request.NettyRequestSender - Using open Channel [id: 0x4e80440e, L:/127.0.0.1:64361 - R:localhost/127.0.0.1:50207] for POST '/session/1529fba2ab3df54d3951c0d9213f3d20/element/7b7893c6-6e96-4cd8-b817-e797f683b612/click'
21:27:53.331 [AsyncHttpClient-1-10] DEBUG org.asynchttpclient.netty.handler.HttpHandler - 

Request DefaultHttpRequest(decodeResult: success, version: HTTP/1.1)
POST /session/1529fba2ab3df54d3951c0d9213f3d20/element/7b7893c6-6e96-4cd8-b817-e797f683b612/click HTTP/1.1
User-Agent: selenium/4.1.2 (java windows)
Content-Length: 50
Content-Type: application/json; charset=utf-8
host: localhost:50207
accept: */*

Response DefaultHttpResponse(decodeResult: success, version: HTTP/1.1)
HTTP/1.1 200 OK
Content-Type: application/json; charset=utf-8
cache-control: no-cache
content-length: 14

21:27:53.331 [AsyncHttpClient-1-10] DEBUG org.asynchttpclient.netty.channel.ChannelManager - Adding key: http://localhost:50207 for channel [id: 0x4e80440e, L:/127.0.0.1:64361 - R:localhost/127.0.0.1:50207]
21:27:53.335 [Forwarding findElement on session 1529fba2ab3df54d3951c0d9213f3d20 to remote] DEBUG org.asynchttpclient.netty.request.NettyRequestSender - Using pooled Channel '[id: 0x4e80440e, L:/127.0.0.1:64361 - R:localhost/127.0.0.1:50207]' for 'POST' to 'http://localhost:50207/session/1529fba2ab3df54d3951c0d9213f3d20/element'
21:27:53.335 [Forwarding findElement on session 1529fba2ab3df54d3951c0d9213f3d20 to remote] DEBUG org.asynchttpclient.netty.request.NettyRequestSender - Using open Channel [id: 0x4e80440e, L:/127.0.0.1:64361 - R:localhost/127.0.0.1:50207] for POST '/session/1529fba2ab3df54d3951c0d9213f3d20/element'
21:27:53.356 [AsyncHttpClient-1-10] DEBUG org.asynchttpclient.netty.handler.HttpHandler - 

Request DefaultHttpRequest(decodeResult: success, version: HTTP/1.1)
POST /session/1529fba2ab3df54d3951c0d9213f3d20/element HTTP/1.1
User-Agent: selenium/4.1.2 (java windows)
Content-Length: 94
Content-Type: application/json; charset=utf-8
host: localhost:50207
accept: */*

Response DefaultHttpResponse(decodeResult: success, version: HTTP/1.1)
HTTP/1.1 200 OK
Content-Type: application/json; charset=utf-8
cache-control: no-cache
content-length: 88

21:27:53.356 [AsyncHttpClient-1-10] DEBUG org.asynchttpclient.netty.channel.ChannelManager - Adding key: http://localhost:50207 for channel [id: 0x4e80440e, L:/127.0.0.1:64361 - R:localhost/127.0.0.1:50207]
21:27:53.357 [Forwarding getElementTagName on session 1529fba2ab3df54d3951c0d9213f3d20 to remote] DEBUG org.asynchttpclient.netty.request.NettyRequestSender - Using pooled Channel '[id: 0x4e80440e, L:/127.0.0.1:64361 - R:localhost/127.0.0.1:50207]' for 'GET' to 'http://localhost:50207/session/1529fba2ab3df54d3951c0d9213f3d20/element/632e50e9-a58c-43a8-b4a2-7c40c65d527b/name'
21:27:53.357 [Forwarding getElementTagName on session 1529fba2ab3df54d3951c0d9213f3d20 to remote] DEBUG org.asynchttpclient.netty.request.NettyRequestSender - Using open Channel [id: 0x4e80440e, L:/127.0.0.1:64361 - R:localhost/127.0.0.1:50207] for GET '/session/1529fba2ab3df54d3951c0d9213f3d20/element/632e50e9-a58c-43a8-b4a2-7c40c65d527b/name'
21:27:53.367 [AsyncHttpClient-1-10] DEBUG org.asynchttpclient.netty.handler.HttpHandler - 

Request DefaultFullHttpRequest(decodeResult: success, version: HTTP/1.1, content: EmptyByteBufBE)
GET /session/1529fba2ab3df54d3951c0d9213f3d20/element/632e50e9-a58c-43a8-b4a2-7c40c65d527b/name HTTP/1.1
User-Agent: selenium/4.1.2 (java windows)
Cache-Control: no-cache
Content-Type: application/json; charset=utf-8
host: localhost:50207
accept: */*

Response DefaultHttpResponse(decodeResult: success, version: HTTP/1.1)
HTTP/1.1 200 OK
Content-Type: application/json; charset=utf-8
cache-control: no-cache
content-length: 16

21:27:53.367 [AsyncHttpClient-1-10] DEBUG org.asynchttpclient.netty.channel.ChannelManager - Adding key: http://localhost:50207 for channel [id: 0x4e80440e, L:/127.0.0.1:64361 - R:localhost/127.0.0.1:50207]
21:27:53.368 [Forwarding getElementTagName on session 1529fba2ab3df54d3951c0d9213f3d20 to remote] DEBUG org.asynchttpclient.netty.request.NettyRequestSender - Using pooled Channel '[id: 0x4e80440e, L:/127.0.0.1:64361 - R:localhost/127.0.0.1:50207]' for 'GET' to 'http://localhost:50207/session/1529fba2ab3df54d3951c0d9213f3d20/element/632e50e9-a58c-43a8-b4a2-7c40c65d527b/name'
21:27:53.368 [Forwarding getElementTagName on session 1529fba2ab3df54d3951c0d9213f3d20 to remote] DEBUG org.asynchttpclient.netty.request.NettyRequestSender - Using open Channel [id: 0x4e80440e, L:/127.0.0.1:64361 - R:localhost/127.0.0.1:50207] for GET '/session/1529fba2ab3df54d3951c0d9213f3d20/element/632e50e9-a58c-43a8-b4a2-7c40c65d527b/name'
21:27:53.371 [AsyncHttpClient-1-10] DEBUG org.asynchttpclient.netty.handler.HttpHandler - 

Request DefaultFullHttpRequest(decodeResult: success, version: HTTP/1.1, content: EmptyByteBufBE)
GET /session/1529fba2ab3df54d3951c0d9213f3d20/element/632e50e9-a58c-43a8-b4a2-7c40c65d527b/name HTTP/1.1
User-Agent: selenium/4.1.2 (java windows)
Cache-Control: no-cache
Content-Type: application/json; charset=utf-8
host: localhost:50207
accept: */*

Response DefaultHttpResponse(decodeResult: success, version: HTTP/1.1)
HTTP/1.1 200 OK
Content-Type: application/json; charset=utf-8
cache-control: no-cache
content-length: 16

21:27:53.371 [AsyncHttpClient-1-10] DEBUG org.asynchttpclient.netty.channel.ChannelManager - Adding key: http://localhost:50207 for channel [id: 0x4e80440e, L:/127.0.0.1:64361 - R:localhost/127.0.0.1:50207]
21:27:53.372 [Forwarding findElement on session 1529fba2ab3df54d3951c0d9213f3d20 to remote] DEBUG org.asynchttpclient.netty.request.NettyRequestSender - Using pooled Channel '[id: 0x4e80440e, L:/127.0.0.1:64361 - R:localhost/127.0.0.1:50207]' for 'POST' to 'http://localhost:50207/session/1529fba2ab3df54d3951c0d9213f3d20/element'
21:27:53.372 [Forwarding findElement on session 1529fba2ab3df54d3951c0d9213f3d20 to remote] DEBUG org.asynchttpclient.netty.request.NettyRequestSender - Using open Channel [id: 0x4e80440e, L:/127.0.0.1:64361 - R:localhost/127.0.0.1:50207] for POST '/session/1529fba2ab3df54d3951c0d9213f3d20/element'
21:27:53.384 [AsyncHttpClient-1-10] DEBUG org.asynchttpclient.netty.handler.HttpHandler - 

Request DefaultHttpRequest(decodeResult: success, version: HTTP/1.1)
POST /session/1529fba2ab3df54d3951c0d9213f3d20/element HTTP/1.1
User-Agent: selenium/4.1.2 (java windows)
Content-Length: 94
Content-Type: application/json; charset=utf-8
host: localhost:50207
accept: */*

Response DefaultHttpResponse(decodeResult: success, version: HTTP/1.1)
HTTP/1.1 200 OK
Content-Type: application/json; charset=utf-8
cache-control: no-cache
content-length: 88

21:27:53.384 [AsyncHttpClient-1-10] DEBUG org.asynchttpclient.netty.channel.ChannelManager - Adding key: http://localhost:50207 for channel [id: 0x4e80440e, L:/127.0.0.1:64361 - R:localhost/127.0.0.1:50207]
21:27:53.385 [Forwarding clickElement on session 1529fba2ab3df54d3951c0d9213f3d20 to remote] DEBUG org.asynchttpclient.netty.request.NettyRequestSender - Using pooled Channel '[id: 0x4e80440e, L:/127.0.0.1:64361 - R:localhost/127.0.0.1:50207]' for 'POST' to 'http://localhost:50207/session/1529fba2ab3df54d3951c0d9213f3d20/element/632e50e9-a58c-43a8-b4a2-7c40c65d527b/click'
21:27:53.385 [Forwarding clickElement on session 1529fba2ab3df54d3951c0d9213f3d20 to remote] DEBUG org.asynchttpclient.netty.request.NettyRequestSender - Using open Channel [id: 0x4e80440e, L:/127.0.0.1:64361 - R:localhost/127.0.0.1:50207] for POST '/session/1529fba2ab3df54d3951c0d9213f3d20/element/632e50e9-a58c-43a8-b4a2-7c40c65d527b/click'
21:27:53.465 [AsyncHttpClient-1-10] DEBUG org.asynchttpclient.netty.handler.HttpHandler - 

Request DefaultHttpRequest(decodeResult: success, version: HTTP/1.1)
POST /session/1529fba2ab3df54d3951c0d9213f3d20/element/632e50e9-a58c-43a8-b4a2-7c40c65d527b/click HTTP/1.1
User-Agent: selenium/4.1.2 (java windows)
Content-Length: 50
Content-Type: application/json; charset=utf-8
host: localhost:50207
accept: */*

Response DefaultHttpResponse(decodeResult: success, version: HTTP/1.1)
HTTP/1.1 200 OK
Content-Type: application/json; charset=utf-8
cache-control: no-cache
content-length: 14

21:27:53.465 [AsyncHttpClient-1-10] DEBUG org.asynchttpclient.netty.channel.ChannelManager - Adding key: http://localhost:50207 for channel [id: 0x4e80440e, L:/127.0.0.1:64361 - R:localhost/127.0.0.1:50207]
21:27:53.469 [Forwarding findElement on session 1529fba2ab3df54d3951c0d9213f3d20 to remote] DEBUG org.asynchttpclient.netty.request.NettyRequestSender - Using pooled Channel '[id: 0x4e80440e, L:/127.0.0.1:64361 - R:localhost/127.0.0.1:50207]' for 'POST' to 'http://localhost:50207/session/1529fba2ab3df54d3951c0d9213f3d20/element'
21:27:53.469 [Forwarding findElement on session 1529fba2ab3df54d3951c0d9213f3d20 to remote] DEBUG org.asynchttpclient.netty.request.NettyRequestSender - Using open Channel [id: 0x4e80440e, L:/127.0.0.1:64361 - R:localhost/127.0.0.1:50207] for POST '/session/1529fba2ab3df54d3951c0d9213f3d20/element'
21:27:53.487 [AsyncHttpClient-1-10] DEBUG org.asynchttpclient.netty.handler.HttpHandler - 

Request DefaultHttpRequest(decodeResult: success, version: HTTP/1.1)
POST /session/1529fba2ab3df54d3951c0d9213f3d20/element HTTP/1.1
User-Agent: selenium/4.1.2 (java windows)
Content-Length: 88
Content-Type: application/json; charset=utf-8
host: localhost:50207
accept: */*

Response DefaultHttpResponse(decodeResult: success, version: HTTP/1.1)
HTTP/1.1 200 OK
Content-Type: application/json; charset=utf-8
cache-control: no-cache
content-length: 88

21:27:53.488 [AsyncHttpClient-1-10] DEBUG org.asynchttpclient.netty.channel.ChannelManager - Adding key: http://localhost:50207 for channel [id: 0x4e80440e, L:/127.0.0.1:64361 - R:localhost/127.0.0.1:50207]
21:27:53.489 [Forwarding getElementTagName on session 1529fba2ab3df54d3951c0d9213f3d20 to remote] DEBUG org.asynchttpclient.netty.request.NettyRequestSender - Using pooled Channel '[id: 0x4e80440e, L:/127.0.0.1:64361 - R:localhost/127.0.0.1:50207]' for 'GET' to 'http://localhost:50207/session/1529fba2ab3df54d3951c0d9213f3d20/element/2e7c3dba-e5f7-49fd-9692-9c73782aad93/name'
21:27:53.489 [Forwarding getElementTagName on session 1529fba2ab3df54d3951c0d9213f3d20 to remote] DEBUG org.asynchttpclient.netty.request.NettyRequestSender - Using open Channel [id: 0x4e80440e, L:/127.0.0.1:64361 - R:localhost/127.0.0.1:50207] for GET '/session/1529fba2ab3df54d3951c0d9213f3d20/element/2e7c3dba-e5f7-49fd-9692-9c73782aad93/name'
21:27:53.503 [AsyncHttpClient-1-10] DEBUG org.asynchttpclient.netty.handler.HttpHandler - 

Request DefaultFullHttpRequest(decodeResult: success, version: HTTP/1.1, content: EmptyByteBufBE)
GET /session/1529fba2ab3df54d3951c0d9213f3d20/element/2e7c3dba-e5f7-49fd-9692-9c73782aad93/name HTTP/1.1
User-Agent: selenium/4.1.2 (java windows)
Cache-Control: no-cache
Content-Type: application/json; charset=utf-8
host: localhost:50207
accept: */*

Response DefaultHttpResponse(decodeResult: success, version: HTTP/1.1)
HTTP/1.1 200 OK
Content-Type: application/json; charset=utf-8
cache-control: no-cache
content-length: 13

21:27:53.503 [AsyncHttpClient-1-10] DEBUG org.asynchttpclient.netty.channel.ChannelManager - Adding key: http://localhost:50207 for channel [id: 0x4e80440e, L:/127.0.0.1:64361 - R:localhost/127.0.0.1:50207]
21:27:53.504 [Forwarding getElementTagName on session 1529fba2ab3df54d3951c0d9213f3d20 to remote] DEBUG org.asynchttpclient.netty.request.NettyRequestSender - Using pooled Channel '[id: 0x4e80440e, L:/127.0.0.1:64361 - R:localhost/127.0.0.1:50207]' for 'GET' to 'http://localhost:50207/session/1529fba2ab3df54d3951c0d9213f3d20/element/2e7c3dba-e5f7-49fd-9692-9c73782aad93/name'
21:27:53.504 [Forwarding getElementTagName on session 1529fba2ab3df54d3951c0d9213f3d20 to remote] DEBUG org.asynchttpclient.netty.request.NettyRequestSender - Using open Channel [id: 0x4e80440e, L:/127.0.0.1:64361 - R:localhost/127.0.0.1:50207] for GET '/session/1529fba2ab3df54d3951c0d9213f3d20/element/2e7c3dba-e5f7-49fd-9692-9c73782aad93/name'
21:27:53.508 [AsyncHttpClient-1-10] DEBUG org.asynchttpclient.netty.handler.HttpHandler - 

Request DefaultFullHttpRequest(decodeResult: success, version: HTTP/1.1, content: EmptyByteBufBE)
GET /session/1529fba2ab3df54d3951c0d9213f3d20/element/2e7c3dba-e5f7-49fd-9692-9c73782aad93/name HTTP/1.1
User-Agent: selenium/4.1.2 (java windows)
Cache-Control: no-cache
Content-Type: application/json; charset=utf-8
host: localhost:50207
accept: */*

Response DefaultHttpResponse(decodeResult: success, version: HTTP/1.1)
HTTP/1.1 200 OK
Content-Type: application/json; charset=utf-8
cache-control: no-cache
content-length: 13

21:27:53.508 [AsyncHttpClient-1-10] DEBUG org.asynchttpclient.netty.channel.ChannelManager - Adding key: http://localhost:50207 for channel [id: 0x4e80440e, L:/127.0.0.1:64361 - R:localhost/127.0.0.1:50207]
21:27:53.510 [Forwarding findElement on session 1529fba2ab3df54d3951c0d9213f3d20 to remote] DEBUG org.asynchttpclient.netty.request.NettyRequestSender - Using pooled Channel '[id: 0x4e80440e, L:/127.0.0.1:64361 - R:localhost/127.0.0.1:50207]' for 'POST' to 'http://localhost:50207/session/1529fba2ab3df54d3951c0d9213f3d20/element'
21:27:53.510 [Forwarding findElement on session 1529fba2ab3df54d3951c0d9213f3d20 to remote] DEBUG org.asynchttpclient.netty.request.NettyRequestSender - Using open Channel [id: 0x4e80440e, L:/127.0.0.1:64361 - R:localhost/127.0.0.1:50207] for POST '/session/1529fba2ab3df54d3951c0d9213f3d20/element'
21:27:53.521 [AsyncHttpClient-1-10] DEBUG org.asynchttpclient.netty.handler.HttpHandler - 

Request DefaultHttpRequest(decodeResult: success, version: HTTP/1.1)
POST /session/1529fba2ab3df54d3951c0d9213f3d20/element HTTP/1.1
User-Agent: selenium/4.1.2 (java windows)
Content-Length: 88
Content-Type: application/json; charset=utf-8
host: localhost:50207
accept: */*

Response DefaultHttpResponse(decodeResult: success, version: HTTP/1.1)
HTTP/1.1 200 OK
Content-Type: application/json; charset=utf-8
cache-control: no-cache
content-length: 88

21:27:53.521 [AsyncHttpClient-1-10] DEBUG org.asynchttpclient.netty.channel.ChannelManager - Adding key: http://localhost:50207 for channel [id: 0x4e80440e, L:/127.0.0.1:64361 - R:localhost/127.0.0.1:50207]
21:27:53.521 [Forwarding clickElement on session 1529fba2ab3df54d3951c0d9213f3d20 to remote] DEBUG org.asynchttpclient.netty.request.NettyRequestSender - Using pooled Channel '[id: 0x4e80440e, L:/127.0.0.1:64361 - R:localhost/127.0.0.1:50207]' for 'POST' to 'http://localhost:50207/session/1529fba2ab3df54d3951c0d9213f3d20/element/2e7c3dba-e5f7-49fd-9692-9c73782aad93/click'
21:27:53.521 [Forwarding clickElement on session 1529fba2ab3df54d3951c0d9213f3d20 to remote] DEBUG org.asynchttpclient.netty.request.NettyRequestSender - Using open Channel [id: 0x4e80440e, L:/127.0.0.1:64361 - R:localhost/127.0.0.1:50207] for POST '/session/1529fba2ab3df54d3951c0d9213f3d20/element/2e7c3dba-e5f7-49fd-9692-9c73782aad93/click'
21:27:53.568 [AsyncHttpClient-1-10] DEBUG org.asynchttpclient.netty.handler.HttpHandler - 

Request DefaultHttpRequest(decodeResult: success, version: HTTP/1.1)
POST /session/1529fba2ab3df54d3951c0d9213f3d20/element/2e7c3dba-e5f7-49fd-9692-9c73782aad93/click HTTP/1.1
User-Agent: selenium/4.1.2 (java windows)
Content-Length: 50
Content-Type: application/json; charset=utf-8
host: localhost:50207
accept: */*

Response DefaultHttpResponse(decodeResult: success, version: HTTP/1.1)
HTTP/1.1 200 OK
Content-Type: application/json; charset=utf-8
cache-control: no-cache
content-length: 14

21:27:53.568 [AsyncHttpClient-1-10] DEBUG org.asynchttpclient.netty.channel.ChannelManager - Adding key: http://localhost:50207 for channel [id: 0x4e80440e, L:/127.0.0.1:64361 - R:localhost/127.0.0.1:50207]
  &amp#27;[32mAnd &amp#27;[0m&amp#27;[32mI am in my filled cart page&amp#27;[0m              &amp#27;[90m# starter.stepdefinitions.TransactionSteps.iAmInMyFilledCartPage()&amp#27;[0m
21:27:53.576 [Forwarding screenshot on session 1529fba2ab3df54d3951c0d9213f3d20 to remote] DEBUG org.asynchttpclient.netty.request.NettyRequestSender - Using pooled Channel '[id: 0x4e80440e, L:/127.0.0.1:64361 - R:localhost/127.0.0.1:50207]' for 'GET' to 'http://localhost:50207/session/1529fba2ab3df54d3951c0d9213f3d20/screenshot'
21:27:53.576 [Forwarding screenshot on session 1529fba2ab3df54d3951c0d9213f3d20 to remote] DEBUG org.asynchttpclient.netty.request.NettyRequestSender - Using open Channel [id: 0x4e80440e, L:/127.0.0.1:64361 - R:localhost/127.0.0.1:50207] for GET '/session/1529fba2ab3df54d3951c0d9213f3d20/screenshot'
21:27:53.889 [AsyncHttpClient-1-10] DEBUG org.asynchttpclient.netty.handler.HttpHandler - 

Request DefaultFullHttpRequest(decodeResult: success, version: HTTP/1.1, content: EmptyByteBufBE)
GET /session/1529fba2ab3df54d3951c0d9213f3d20/screenshot HTTP/1.1
User-Agent: selenium/4.1.2 (java windows)
Cache-Control: no-cache
Content-Type: application/json; charset=utf-8
host: localhost:50207
accept: */*

Response DefaultHttpResponse(decodeResult: success, version: HTTP/1.1)
HTTP/1.1 200 OK
Content-Type: application/json; charset=utf-8
cache-control: no-cache
content-length: 60144

21:27:53.889 [AsyncHttpClient-1-10] DEBUG org.asynchttpclient.netty.channel.ChannelManager - Adding key: http://localhost:50207 for channel [id: 0x4e80440e, L:/127.0.0.1:64361 - R:localhost/127.0.0.1:50207]
21:27:53.891 [main] DEBUG net.serenitybdd.core.photography.Darkroom - Send negative for processing for target\site\serenity\8a778e4068bab4405b59ff18551e064df82f876160183186b3f98240fbf144dc.png
21:27:53.891 [Darkroom Processing Line] DEBUG net.serenitybdd.core.photography.DarkroomProcessingLine - Processing screenshot image in /var/screenshots/screenshot-16708552178463727076
21:27:53.891 [Darkroom Processing Line] DEBUG net.serenitybdd.core.photography.DarkroomProcessingLine - Saving screenshot to target\site\serenity\8a778e4068bab4405b59ff18551e064df82f876160183186b3f98240fbf144dc.png
21:27:53.897 [Forwarding findElement on session 1529fba2ab3df54d3951c0d9213f3d20 to remote] DEBUG org.asynchttpclient.netty.request.NettyRequestSender - Using pooled Channel '[id: 0x4e80440e, L:/127.0.0.1:64361 - R:localhost/127.0.0.1:50207]' for 'POST' to 'http://localhost:50207/session/1529fba2ab3df54d3951c0d9213f3d20/element'
21:27:53.897 [Forwarding findElement on session 1529fba2ab3df54d3951c0d9213f3d20 to remote] DEBUG org.asynchttpclient.netty.request.NettyRequestSender - Using open Channel [id: 0x4e80440e, L:/127.0.0.1:64361 - R:localhost/127.0.0.1:50207] for POST '/session/1529fba2ab3df54d3951c0d9213f3d20/element'
21:27:53.910 [AsyncHttpClient-1-10] DEBUG org.asynchttpclient.netty.handler.HttpHandler - 

Request DefaultHttpRequest(decodeResult: success, version: HTTP/1.1)
POST /session/1529fba2ab3df54d3951c0d9213f3d20/element HTTP/1.1
User-Agent: selenium/4.1.2 (java windows)
Content-Length: 92
Content-Type: application/json; charset=utf-8
host: localhost:50207
accept: */*

Response DefaultHttpResponse(decodeResult: success, version: HTTP/1.1)
HTTP/1.1 200 OK
Content-Type: application/json; charset=utf-8
cache-control: no-cache
content-length: 88

21:27:53.910 [AsyncHttpClient-1-10] DEBUG org.asynchttpclient.netty.channel.ChannelManager - Adding key: http://localhost:50207 for channel [id: 0x4e80440e, L:/127.0.0.1:64361 - R:localhost/127.0.0.1:50207]
21:27:53.911 [Forwarding getElementTagName on session 1529fba2ab3df54d3951c0d9213f3d20 to remote] DEBUG org.asynchttpclient.netty.request.NettyRequestSender - Using pooled Channel '[id: 0x4e80440e, L:/127.0.0.1:64361 - R:localhost/127.0.0.1:50207]' for 'GET' to 'http://localhost:50207/session/1529fba2ab3df54d3951c0d9213f3d20/element/73bdd915-e96c-4cfc-8c54-f6cad39cc319/name'
21:27:53.911 [Forwarding getElementTagName on session 1529fba2ab3df54d3951c0d9213f3d20 to remote] DEBUG org.asynchttpclient.netty.request.NettyRequestSender - Using open Channel [id: 0x4e80440e, L:/127.0.0.1:64361 - R:localhost/127.0.0.1:50207] for GET '/session/1529fba2ab3df54d3951c0d9213f3d20/element/73bdd915-e96c-4cfc-8c54-f6cad39cc319/name'
21:27:53.914 [AsyncHttpClient-1-10] DEBUG org.asynchttpclient.netty.handler.HttpHandler - 

Request DefaultFullHttpRequest(decodeResult: success, version: HTTP/1.1, content: EmptyByteBufBE)
GET /session/1529fba2ab3df54d3951c0d9213f3d20/element/73bdd915-e96c-4cfc-8c54-f6cad39cc319/name HTTP/1.1
User-Agent: selenium/4.1.2 (java windows)
Cache-Control: no-cache
Content-Type: application/json; charset=utf-8
host: localhost:50207
accept: */*

Response DefaultHttpResponse(decodeResult: success, version: HTTP/1.1)
HTTP/1.1 200 OK
Content-Type: application/json; charset=utf-8
cache-control: no-cache
content-length: 16

21:27:53.914 [AsyncHttpClient-1-10] DEBUG org.asynchttpclient.netty.channel.ChannelManager - Adding key: http://localhost:50207 for channel [id: 0x4e80440e, L:/127.0.0.1:64361 - R:localhost/127.0.0.1:50207]
21:27:53.915 [Forwarding getElementTagName on session 1529fba2ab3df54d3951c0d9213f3d20 to remote] DEBUG org.asynchttpclient.netty.request.NettyRequestSender - Using pooled Channel '[id: 0x4e80440e, L:/127.0.0.1:64361 - R:localhost/127.0.0.1:50207]' for 'GET' to 'http://localhost:50207/session/1529fba2ab3df54d3951c0d9213f3d20/element/73bdd915-e96c-4cfc-8c54-f6cad39cc319/name'
21:27:53.915 [Forwarding getElementTagName on session 1529fba2ab3df54d3951c0d9213f3d20 to remote] DEBUG org.asynchttpclient.netty.request.NettyRequestSender - Using open Channel [id: 0x4e80440e, L:/127.0.0.1:64361 - R:localhost/127.0.0.1:50207] for GET '/session/1529fba2ab3df54d3951c0d9213f3d20/element/73bdd915-e96c-4cfc-8c54-f6cad39cc319/name'
21:27:53.919 [AsyncHttpClient-1-10] DEBUG org.asynchttpclient.netty.handler.HttpHandler - 

Request DefaultFullHttpRequest(decodeResult: success, version: HTTP/1.1, content: EmptyByteBufBE)
GET /session/1529fba2ab3df54d3951c0d9213f3d20/element/73bdd915-e96c-4cfc-8c54-f6cad39cc319/name HTTP/1.1
User-Agent: selenium/4.1.2 (java windows)
Cache-Control: no-cache
Content-Type: application/json; charset=utf-8
host: localhost:50207
accept: */*

Response DefaultHttpResponse(decodeResult: success, version: HTTP/1.1)
HTTP/1.1 200 OK
Content-Type: application/json; charset=utf-8
cache-control: no-cache
content-length: 16

21:27:53.919 [AsyncHttpClient-1-10] DEBUG org.asynchttpclient.netty.channel.ChannelManager - Adding key: http://localhost:50207 for channel [id: 0x4e80440e, L:/127.0.0.1:64361 - R:localhost/127.0.0.1:50207]
21:27:53.920 [Forwarding findElement on session 1529fba2ab3df54d3951c0d9213f3d20 to remote] DEBUG org.asynchttpclient.netty.request.NettyRequestSender - Using pooled Channel '[id: 0x4e80440e, L:/127.0.0.1:64361 - R:localhost/127.0.0.1:50207]' for 'POST' to 'http://localhost:50207/session/1529fba2ab3df54d3951c0d9213f3d20/element'
21:27:53.920 [Forwarding findElement on session 1529fba2ab3df54d3951c0d9213f3d20 to remote] DEBUG org.asynchttpclient.netty.request.NettyRequestSender - Using open Channel [id: 0x4e80440e, L:/127.0.0.1:64361 - R:localhost/127.0.0.1:50207] for POST '/session/1529fba2ab3df54d3951c0d9213f3d20/element'
21:27:53.927 [AsyncHttpClient-1-10] DEBUG org.asynchttpclient.netty.handler.HttpHandler - 

Request DefaultHttpRequest(decodeResult: success, version: HTTP/1.1)
POST /session/1529fba2ab3df54d3951c0d9213f3d20/element HTTP/1.1
User-Agent: selenium/4.1.2 (java windows)
Content-Length: 92
Content-Type: application/json; charset=utf-8
host: localhost:50207
accept: */*

Response DefaultHttpResponse(decodeResult: success, version: HTTP/1.1)
HTTP/1.1 200 OK
Content-Type: application/json; charset=utf-8
cache-control: no-cache
content-length: 88

21:27:53.927 [AsyncHttpClient-1-10] DEBUG org.asynchttpclient.netty.channel.ChannelManager - Adding key: http://localhost:50207 for channel [id: 0x4e80440e, L:/127.0.0.1:64361 - R:localhost/127.0.0.1:50207]
21:27:53.928 [Forwarding clickElement on session 1529fba2ab3df54d3951c0d9213f3d20 to remote] DEBUG org.asynchttpclient.netty.request.NettyRequestSender - Using pooled Channel '[id: 0x4e80440e, L:/127.0.0.1:64361 - R:localhost/127.0.0.1:50207]' for 'POST' to 'http://localhost:50207/session/1529fba2ab3df54d3951c0d9213f3d20/element/73bdd915-e96c-4cfc-8c54-f6cad39cc319/click'
21:27:53.928 [Forwarding clickElement on session 1529fba2ab3df54d3951c0d9213f3d20 to remote] DEBUG org.asynchttpclient.netty.request.NettyRequestSender - Using open Channel [id: 0x4e80440e, L:/127.0.0.1:64361 - R:localhost/127.0.0.1:50207] for POST '/session/1529fba2ab3df54d3951c0d9213f3d20/element/73bdd915-e96c-4cfc-8c54-f6cad39cc319/click'
21:27:53.964 [AsyncHttpClient-1-10] DEBUG org.asynchttpclient.netty.handler.HttpHandler - 

Request DefaultHttpRequest(decodeResult: success, version: HTTP/1.1)
POST /session/1529fba2ab3df54d3951c0d9213f3d20/element/73bdd915-e96c-4cfc-8c54-f6cad39cc319/click HTTP/1.1
User-Agent: selenium/4.1.2 (java windows)
Content-Length: 50
Content-Type: application/json; charset=utf-8
host: localhost:50207
accept: */*

Response DefaultHttpResponse(decodeResult: success, version: HTTP/1.1)
HTTP/1.1 200 OK
Content-Type: application/json; charset=utf-8
cache-control: no-cache
content-length: 14

21:27:53.964 [AsyncHttpClient-1-10] DEBUG org.asynchttpclient.netty.channel.ChannelManager - Adding key: http://localhost:50207 for channel [id: 0x4e80440e, L:/127.0.0.1:64361 - R:localhost/127.0.0.1:50207]
  &amp#27;[32mWhen &amp#27;[0m&amp#27;[32mI click pay button&amp#27;[0m                      &amp#27;[90m# starter.stepdefinitions.TransactionSteps.iClickPayButton()&amp#27;[0m
21:27:53.969 [Forwarding screenshot on session 1529fba2ab3df54d3951c0d9213f3d20 to remote] DEBUG org.asynchttpclient.netty.request.NettyRequestSender - Using pooled Channel '[id: 0x4e80440e, L:/127.0.0.1:64361 - R:localhost/127.0.0.1:50207]' for 'GET' to 'http://localhost:50207/session/1529fba2ab3df54d3951c0d9213f3d20/screenshot'
21:27:53.969 [Forwarding screenshot on session 1529fba2ab3df54d3951c0d9213f3d20 to remote] DEBUG org.asynchttpclient.netty.request.NettyRequestSender - Using open Channel [id: 0x4e80440e, L:/127.0.0.1:64361 - R:localhost/127.0.0.1:50207] for GET '/session/1529fba2ab3df54d3951c0d9213f3d20/screenshot'
21:27:54.152 [AsyncHttpClient-1-1] DEBUG org.asynchttpclient.netty.channel.DefaultChannelPool - Entry count for : http://localhost:64362 : 1
21:27:54.205 [AsyncHttpClient-1-10] DEBUG org.asynchttpclient.netty.handler.HttpHandler - 

Request DefaultFullHttpRequest(decodeResult: success, version: HTTP/1.1, content: EmptyByteBufBE)
GET /session/1529fba2ab3df54d3951c0d9213f3d20/screenshot HTTP/1.1
User-Agent: selenium/4.1.2 (java windows)
Cache-Control: no-cache
Content-Type: application/json; charset=utf-8
host: localhost:50207
accept: */*

Response DefaultHttpResponse(decodeResult: success, version: HTTP/1.1)
HTTP/1.1 200 OK
Content-Type: application/json; charset=utf-8
cache-control: no-cache
content-length: 47340

21:27:54.205 [AsyncHttpClient-1-10] DEBUG org.asynchttpclient.netty.channel.ChannelManager - Adding key: http://localhost:50207 for channel [id: 0x4e80440e, L:/127.0.0.1:64361 - R:localhost/127.0.0.1:50207]
21:27:54.207 [main] DEBUG net.serenitybdd.core.photography.Darkroom - Send negative for processing for target\site\serenity\d0e7336d9357620c75570bb73d766d64d1e6e91ded12b2eb1fa321263d862657.png
21:27:54.207 [Darkroom Processing Line] DEBUG net.serenitybdd.core.photography.DarkroomProcessingLine - Processing screenshot image in /var/screenshots/screenshot-962111098738218537
21:27:54.207 [Darkroom Processing Line] DEBUG net.serenitybdd.core.photography.DarkroomProcessingLine - Saving screenshot to target\site\serenity\d0e7336d9357620c75570bb73d766d64d1e6e91ded12b2eb1fa321263d862657.png
21:27:54.218 [Forwarding findElement on session 1529fba2ab3df54d3951c0d9213f3d20 to remote] DEBUG org.asynchttpclient.netty.request.NettyRequestSender - Using pooled Channel '[id: 0x4e80440e, L:/127.0.0.1:64361 - R:localhost/127.0.0.1:50207]' for 'POST' to 'http://localhost:50207/session/1529fba2ab3df54d3951c0d9213f3d20/element'
21:27:54.219 [Forwarding findElement on session 1529fba2ab3df54d3951c0d9213f3d20 to remote] DEBUG org.asynchttpclient.netty.request.NettyRequestSender - Using open Channel [id: 0x4e80440e, L:/127.0.0.1:64361 - R:localhost/127.0.0.1:50207] for POST '/session/1529fba2ab3df54d3951c0d9213f3d20/element'
21:27:54.230 [AsyncHttpClient-1-10] DEBUG org.asynchttpclient.netty.handler.HttpHandler - 

Request DefaultHttpRequest(decodeResult: success, version: HTTP/1.1)
POST /session/1529fba2ab3df54d3951c0d9213f3d20/element HTTP/1.1
User-Agent: selenium/4.1.2 (java windows)
Content-Length: 74
Content-Type: application/json; charset=utf-8
host: localhost:50207
accept: */*

Response DefaultHttpResponse(decodeResult: success, version: HTTP/1.1)
HTTP/1.1 200 OK
Content-Type: application/json; charset=utf-8
cache-control: no-cache
content-length: 88

21:27:54.230 [AsyncHttpClient-1-10] DEBUG org.asynchttpclient.netty.channel.ChannelManager - Adding key: http://localhost:50207 for channel [id: 0x4e80440e, L:/127.0.0.1:64361 - R:localhost/127.0.0.1:50207]
21:27:54.234 [Forwarding isElementDisplayed on session 1529fba2ab3df54d3951c0d9213f3d20 to remote] DEBUG org.asynchttpclient.netty.request.NettyRequestSender - Using pooled Channel '[id: 0x4e80440e, L:/127.0.0.1:64361 - R:localhost/127.0.0.1:50207]' for 'POST' to 'http://localhost:50207/session/1529fba2ab3df54d3951c0d9213f3d20/execute/sync'
21:27:54.234 [Forwarding isElementDisplayed on session 1529fba2ab3df54d3951c0d9213f3d20 to remote] DEBUG org.asynchttpclient.netty.request.NettyRequestSender - Using open Channel [id: 0x4e80440e, L:/127.0.0.1:64361 - R:localhost/127.0.0.1:50207] for POST '/session/1529fba2ab3df54d3951c0d9213f3d20/execute/sync'
21:27:54.252 [AsyncHttpClient-1-10] DEBUG org.asynchttpclient.netty.handler.HttpHandler - 

Request DefaultHttpRequest(decodeResult: success, version: HTTP/1.1)
POST /session/1529fba2ab3df54d3951c0d9213f3d20/execute/sync HTTP/1.1
User-Agent: selenium/4.1.2 (java windows)
Content-Length: 48780
Content-Type: application/json; charset=utf-8
host: localhost:50207
accept: */*

Response DefaultHttpResponse(decodeResult: success, version: HTTP/1.1)
HTTP/1.1 200 OK
Content-Type: application/json; charset=utf-8
cache-control: no-cache
content-length: 14

21:27:54.252 [AsyncHttpClient-1-10] DEBUG org.asynchttpclient.netty.channel.ChannelManager - Adding key: http://localhost:50207 for channel [id: 0x4e80440e, L:/127.0.0.1:64361 - R:localhost/127.0.0.1:50207]
  &amp#27;[32mThen &amp#27;[0m&amp#27;[32mI get redirected to my transaction list&amp#27;[0m &amp#27;[90m# starter.stepdefinitions.TransactionSteps.iGetRedirectedToMyTransactionList()&amp#27;[0m
21:27:54.257 [main] INFO  - 
  _____   ___   ___   _____     ___     _     ___   ___   ___   ___  
 |_   _| | __| / __| |_   _|   | _ \   /_\   / __| / __| | __| |   \ 
   | |   | _|  \__ \   | |     |  _/  / _ \  \__ \ \__ \ | _|  | |) |
   |_|   |___| |___/   |_|     |_|   /_/ \_\ |___/ |___/ |___| |___/ 

Pay Products as logged in user
----------------------------------------------------------------------
21:27:54.258 [AsyncHttpClient-1-12] DEBUG org.asynchttpclient.netty.handler.WebSocketHandler - Channel Closed: [id: 0x3e0d22cf, L:/127.0.0.1:64369 ! R:localhost/127.0.0.1:64362] with attribute NettyResponseFuture{currentRetry=5,
	isDone=1,
	isCancelled=0,
	asyncHandler=org.asynchttpclient.ws.WebSocketUpgradeHandler@77796f73,
	nettyRequest=org.asynchttpclient.netty.request.NettyRequest@130f8a6c,
	future=java.util.concurrent.CompletableFuture@1ac947ee[Completed normally],
	uri=ws://localhost:64362/devtools/browser/6c493b94-9023-42ff-b6a2-ed52c7e6e194,
	keepAlive=true,
	redirectCount=0,
	timeoutsHolder=null,
	inAuth=0,
	touch=1667572068045}
21:27:54.259 [AsyncHttpClient-1-12] DEBUG org.asynchttpclient.netty.channel.ChannelManager - Closing Channel [id: 0x3e0d22cf, L:/127.0.0.1:64369 ! R:localhost/127.0.0.1:64362] 
21:27:54.259 [Driver Command Executor] DEBUG org.asynchttpclient.netty.request.NettyRequestSender - Using pooled Channel '[id: 0x4e80440e, L:/127.0.0.1:64361 - R:localhost/127.0.0.1:50207]' for 'DELETE' to 'http://localhost:50207/session/1529fba2ab3df54d3951c0d9213f3d20'
21:27:54.259 [Driver Command Executor] DEBUG org.asynchttpclient.netty.request.NettyRequestSender - Using open Channel [id: 0x4e80440e, L:/127.0.0.1:64361 - R:localhost/127.0.0.1:50207] for DELETE '/session/1529fba2ab3df54d3951c0d9213f3d20'
21:27:54.307 [AsyncHttpClient-1-11] DEBUG org.asynchttpclient.netty.handler.HttpHandler - Unexpected I/O exception on channel [id: 0x4b59505e, L:/127.0.0.1:64368 - R:localhost/127.0.0.1:64362]
java.net.SocketException: Connection reset
	at java.base/sun.nio.ch.SocketChannelImpl.throwConnectionReset(SocketChannelImpl.java:345)
	at java.base/sun.nio.ch.SocketChannelImpl.read(SocketChannelImpl.java:376)
	at io.netty.buffer.PooledByteBuf.setBytes(PooledByteBuf.java:258)
	at io.netty.buffer.AbstractByteBuf.writeBytes(AbstractByteBuf.java:1132)
	at io.netty.channel.socket.nio.NioSocketChannel.doReadBytes(NioSocketChannel.java:350)
	at io.netty.channel.nio.AbstractNioByteChannel$NioByteUnsafe.read(AbstractNioByteChannel.java:151)
	at io.netty.channel.nio.NioEventLoop.processSelectedKey(NioEventLoop.java:722)
	at io.netty.channel.nio.NioEventLoop.processSelectedKeysOptimized(NioEventLoop.java:658)
	at io.netty.channel.nio.NioEventLoop.processSelectedKeys(NioEventLoop.java:584)
	at io.netty.channel.nio.NioEventLoop.run(NioEventLoop.java:496)
	at io.netty.util.concurrent.SingleThreadEventExecutor$4.run(SingleThreadEventExecutor.java:986)
	at io.netty.util.internal.ThreadExecutorMap$2.run(ThreadExecutorMap.java:74)
	at io.netty.util.concurrent.FastThreadLocalRunnable.run(FastThreadLocalRunnable.java:30)
	at java.base/java.lang.Thread.run(Thread.java:830)
21:27:54.307 [AsyncHttpClient-1-11] DEBUG org.asynchttpclient.netty.channel.ChannelManager - Closing Channel [id: 0x4b59505e, L:/127.0.0.1:64368 - R:localhost/127.0.0.1:64362] 
21:27:54.307 [AsyncHttpClient-1-11] DEBUG org.asynchttpclient.netty.handler.HttpHandler - Channel Closed: [id: 0x4b59505e, L:/127.0.0.1:64368 ! R:localhost/127.0.0.1:64362] with attribute DISCARD
21:27:54.334 [AsyncHttpClient-1-10] DEBUG org.asynchttpclient.netty.handler.HttpHandler - 

Request DefaultFullHttpRequest(decodeResult: success, version: HTTP/1.1, content: EmptyByteBufBE)
DELETE /session/1529fba2ab3df54d3951c0d9213f3d20 HTTP/1.1
User-Agent: selenium/4.1.2 (java windows)
Content-Type: application/json; charset=utf-8
host: localhost:50207
accept: */*

Response DefaultHttpResponse(decodeResult: success, version: HTTP/1.1)
HTTP/1.1 200 OK
Content-Type: application/json; charset=utf-8
cache-control: no-cache
content-length: 14

21:27:54.335 [AsyncHttpClient-1-10] DEBUG org.asynchttpclient.netty.channel.ChannelManager - Adding key: http://localhost:50207 for channel [id: 0x4e80440e, L:/127.0.0.1:64361 - R:localhost/127.0.0.1:50207]
21:27:54.416 [AsyncHttpClient-1-10] DEBUG org.asynchttpclient.netty.handler.HttpHandler - Channel Closed: [id: 0x4e80440e, L:/127.0.0.1:64361 ! R:localhost/127.0.0.1:50207] with attribute DISCARD
]]></system-out>
    <system-err><![CDATA[Starting ChromeDriver 106.0.5249.61 (511755355844955cd3e264779baf0dd38212a4d0-refs/branch-heads/5249@{#569}) on port 50207
Only local connections are allowed.
Please see https://chromedriver.chromium.org/security-considerations for suggestions on keeping ChromeDriver safe.
ChromeDriver was started successfully.
[1667572067.837][WARNING]: This version of ChromeDriver has not been tested with Chrome version 107.
Nov 04, 2022 9:27:48 PM org.openqa.selenium.remote.ProtocolHandshake createSession
INFO: Detected dialect: W3C
Nov 04, 2022 9:27:48 PM org.openqa.selenium.devtools.CdpVersionFinder findNearestMatch
WARNING: Unable to find an exact match for CDP version 107, so returning the closest version found: a no-op implementation
Nov 04, 2022 9:27:48 PM org.openqa.selenium.devtools.CdpVersionFinder findNearestMatch
INFO: Unable to find CDP implementation matching 107.
Nov 04, 2022 9:27:48 PM org.openqa.selenium.chromium.ChromiumDriver lambda$new$3
WARNING: Unable to find version of CDP to use for . You may need to include a dependency on a specific version of the CDP using something similar to `org.seleniumhq.selenium:selenium-devtools-v86:4.1.2` where the version ("v86") matches the version of the chromium-based browser you're using and the version number of the artifact is the same as Selenium's.
]]></system-err>
  </testcase>
  <testcase name="Pay Products as anon user" classname="Transaction" time="0.036">
    <system-out><![CDATA[
Scenario: Pay Products as anon user   &amp#27;[90m# src/test/resources/features/Transaction.feature:12&amp#27;[0m
21:27:54.951 [main] INFO io.cucumber.core.plugin.SerenityReporter - Running feature from file:///C:/Users/ASUS/Desktop/stupen/miniproject/Web/ASWeb/src/test/resources/features/Transaction.feature
21:27:54.952 [main] INFO  - 
  _____   ___   ___   _____     ___   _____     _     ___   _____   ___   ___  
 |_   _| | __| / __| |_   _|   / __| |_   _|   /_\   | _ \ |_   _| | __| |   \ 
   | |   | _|  \__ \   | |     \__ \   | |    / _ \  |   /   | |   | _|  | |) |
   |_|   |___| |___/   |_|     |___/   |_|   /_/ \_\ |_|_\   |_|   |___| |___/ 

Pay Products as anon user(transaction;pay-products-as-anon-user)
--------------------------------------------------------------------------------
  &amp#27;[32mGiven &amp#27;[0m&amp#27;[32mI am in my filled cart page&amp#27;[0m   &amp#27;[90m# starter.stepdefinitions.TransactionSteps.iAmInMyFilledCartPage()&amp#27;[0m
  &amp#27;[32mWhen &amp#27;[0m&amp#27;[32mI click pay button&amp#27;[0m             &amp#27;[90m# starter.stepdefinitions.TransactionSteps.iClickPayButton()&amp#27;[0m
  &amp#27;[32mThen &amp#27;[0m&amp#27;[32mI get redirected to login page&amp#27;[0m &amp#27;[90m# starter.stepdefinitions.TransactionSteps.iGetRedirectedToLoginPage()&amp#27;[0m
21:27:54.982 [main] INFO  - 
  _____   ___   ___   _____     ___     _     ___   ___   ___   ___  
 |_   _| | __| / __| |_   _|   | _ \   /_\   / __| / __| | __| |   \ 
   | |   | _|  \__ \   | |     |  _/  / _ \  \__ \ \__ \ | _|  | |) |
   |_|   |___| |___/   |_|     |_|   /_/ \_\ |___/ |___/ |___| |___/ 

Pay Products as anon user
----------------------------------------------------------------------
]]></system-out>
  </testcase>
  <testcase name="View Transaction List" classname="Transaction" time="5.566">
    <system-out><![CDATA[
Scenario: View Transaction List  &amp#27;[90m# src/test/resources/features/Transaction.feature:17&amp#27;[0m
21:27:54.988 [main] INFO io.cucumber.core.plugin.SerenityReporter - Running feature from file:///C:/Users/ASUS/Desktop/stupen/miniproject/Web/ASWeb/src/test/resources/features/Transaction.feature
21:27:54.990 [main] INFO  - 
  _____   ___   ___   _____     ___   _____     _     ___   _____   ___   ___  
 |_   _| | __| / __| |_   _|   / __| |_   _|   /_\   | _ \ |_   _| | __| |   \ 
   | |   | _|  \__ \   | |     \__ \   | |    / _ \  |   /   | |   | _|  | |) |
   |_|   |___| |___/   |_|     |___/   |_|   /_/ \_\ |_|_\   |_|   |___| |___/ 

View Transaction List(transaction;view-transaction-list)
--------------------------------------------------------------------------------
21:27:55.001 [main] INFO net.serenitybdd.core.webdriver.driverproviders.ChromeDriverProvider - Using automatically driver download
21:27:55.193 [main] DEBUG io.github.bonigarcia.wdm.cache.ResolutionCache - Resolution chrome=107 in cache (valid until 22:24:57 04/11/2022 WIB)
21:27:55.197 [main] DEBUG io.github.bonigarcia.wdm.cache.ResolutionCache - Resolution chrome107=107.0.5304.62 in cache (valid until 21:24:57 05/11/2022 WIB)
21:27:55.199 [main] INFO io.github.bonigarcia.wdm.WebDriverManager - Using chromedriver 107.0.5304.62 (resolved driver for Chrome 107)
21:27:55.209 [main] DEBUG io.github.bonigarcia.wdm.WebDriverManager - Driver chromedriver 107.0.5304.62 found in cache
21:27:55.210 [main] INFO io.github.bonigarcia.wdm.WebDriverManager - Exporting webdriver.chrome.driver as C:\Users\ASUS\.cache\selenium\chromedriver\win32\107.0.5304.62\chromedriver.exe
21:27:55.255 [AsyncHttpClient-1-1] DEBUG org.asynchttpclient.netty.channel.DefaultChannelPool - Entry count for : http://localhost:50207 : 1
21:27:55.255 [AsyncHttpClient-1-1] DEBUG org.asynchttpclient.netty.channel.DefaultChannelPool - Entry count for : http://localhost:64362 : 1
21:27:55.255 [AsyncHttpClient-1-1] DEBUG org.asynchttpclient.netty.channel.DefaultChannelPool - Adding Candidate expired Channel [id: 0x4e80440e, L:/127.0.0.1:64361 ! R:localhost/127.0.0.1:50207] isIdleTimeoutExpired=false isRemotelyClosed=true isTtlExpired=false
21:27:55.255 [AsyncHttpClient-1-1] DEBUG org.asynchttpclient.netty.channel.DefaultChannelPool - Closing Idle Channel [id: 0x4e80440e, L:/127.0.0.1:64361 ! R:localhost/127.0.0.1:50207]
21:27:55.255 [AsyncHttpClient-1-1] DEBUG org.asynchttpclient.netty.channel.DefaultChannelPool - Adding Candidate expired Channel [id: 0x4b59505e, L:/127.0.0.1:64368 ! R:localhost/127.0.0.1:64362] isIdleTimeoutExpired=false isRemotelyClosed=true isTtlExpired=false
21:27:55.255 [AsyncHttpClient-1-1] DEBUG org.asynchttpclient.netty.channel.DefaultChannelPool - Closing Idle Channel [id: 0x4b59505e, L:/127.0.0.1:64368 ! R:localhost/127.0.0.1:64362]
21:27:55.255 [AsyncHttpClient-1-1] DEBUG org.asynchttpclient.netty.channel.DefaultChannelPool - Closed 2 connections out of 2 in 0 ms
21:27:55.336 [main] DEBUG net.serenitybdd.core.webdriver.driverproviders.ProvideNewDriver - Instantiating driver
21:27:55.336 [main] DEBUG net.serenitybdd.core.webdriver.driverproviders.ProvideNewDriver - Driver capabilities: Capabilities {acceptInsecureCerts: false, base.url: https://alta-shop.vercel.app/, browserName: chrome, chrome.driver: src/test/resources/webdrive..., driver: chrome, goog:chromeOptions: {args: [], extensions: []}, wait.for.timeout: 10000}
21:27:55.878 [AsyncHttpClient-1-13] DEBUG org.asynchttpclient.netty.channel.NettyConnectListener - Using new Channel '[id: 0xcffa5b68, L:/127.0.0.1:64389 - R:localhost/127.0.0.1:56227]' for 'POST' to '/session'
21:27:56.778 [AsyncHttpClient-1-13] DEBUG org.asynchttpclient.netty.handler.HttpHandler - 

Request DefaultHttpRequest(decodeResult: success, version: HTTP/1.1)
POST /session HTTP/1.1
User-Agent: selenium/4.1.2 (java windows)
Content-Length: 646
Content-Type: application/json; charset=utf-8
host: localhost:56227
accept: */*

Response DefaultHttpResponse(decodeResult: success, version: HTTP/1.1)
HTTP/1.1 200 OK
Content-Type: application/json; charset=utf-8
cache-control: no-cache
content-length: 789

21:27:56.778 [AsyncHttpClient-1-13] DEBUG org.asynchttpclient.netty.channel.ChannelManager - Adding key: http://localhost:56227 for channel [id: 0xcffa5b68, L:/127.0.0.1:64389 - R:localhost/127.0.0.1:56227]
21:27:56.787 [AsyncHttpClient-1-14] DEBUG org.asynchttpclient.netty.channel.NettyConnectListener - Using new Channel '[id: 0x5d32e519, L:/127.0.0.1:64397 - R:localhost/127.0.0.1:64390]' for 'GET' to '/json/version'
21:27:56.787 [AsyncHttpClient-1-14] DEBUG org.asynchttpclient.netty.handler.HttpHandler - 

Request DefaultFullHttpRequest(decodeResult: success, version: HTTP/1.1, content: EmptyByteBufBE)
GET /json/version HTTP/1.1
User-Agent: selenium/4.1.2 (java windows)
host: localhost:64390
accept: */*

Response DefaultHttpResponse(decodeResult: success, version: HTTP/1.1)
HTTP/1.1 200 OK
Content-Type: application/json; charset=UTF-8
content-length: 423

21:27:56.787 [AsyncHttpClient-1-14] DEBUG org.asynchttpclient.netty.channel.ChannelManager - Adding key: http://localhost:64390 for channel [id: 0x5d32e519, L:/127.0.0.1:64397 - R:localhost/127.0.0.1:64390]
21:27:56.791 [AsyncHttpClient-1-15] DEBUG org.asynchttpclient.netty.channel.NettyConnectListener - Using new Channel '[id: 0xea69e968, L:/127.0.0.1:64398 - R:localhost/127.0.0.1:64390]' for 'GET' to '/devtools/browser/02de5d0b-fa33-4cd9-a248-3c828b0bf7ae'
21:27:56.791 [AsyncHttpClient-1-15] DEBUG org.asynchttpclient.netty.handler.WebSocketHandler - 

Request DefaultFullHttpRequest(decodeResult: success, version: HTTP/1.1, content: EmptyByteBufBE)
GET /devtools/browser/02de5d0b-fa33-4cd9-a248-3c828b0bf7ae HTTP/1.1
upgrade: websocket
connection: upgrade
sec-websocket-key: kGa6mlBaE5K4mgnbO/m8mA==
sec-websocket-version: 13
origin: http://localhost:64390
host: localhost:64390
accept: */*
user-agent: AHC/2.1

Response DefaultHttpResponse(decodeResult: success, version: HTTP/1.1)
HTTP/1.1 101 WebSocket Protocol Handshake
Upgrade: WebSocket
Connection: Upgrade
Sec-WebSocket-Accept: /5r2qLmuWHvZo9UkFWEJSzRCnsI=

21:27:56.796 [Forwarding get on session a9f1c6e46407dc56983f7f1f6d56c0dc to remote] DEBUG org.asynchttpclient.netty.request.NettyRequestSender - Using pooled Channel '[id: 0xcffa5b68, L:/127.0.0.1:64389 - R:localhost/127.0.0.1:56227]' for 'POST' to 'http://localhost:56227/session/a9f1c6e46407dc56983f7f1f6d56c0dc/url'
21:27:56.796 [Forwarding get on session a9f1c6e46407dc56983f7f1f6d56c0dc to remote] DEBUG org.asynchttpclient.netty.request.NettyRequestSender - Using open Channel [id: 0xcffa5b68, L:/127.0.0.1:64389 - R:localhost/127.0.0.1:56227] for POST '/session/a9f1c6e46407dc56983f7f1f6d56c0dc/url'
21:27:57.375 [AsyncHttpClient-1-13] DEBUG org.asynchttpclient.netty.handler.HttpHandler - 

Request DefaultHttpRequest(decodeResult: success, version: HTTP/1.1)
POST /session/a9f1c6e46407dc56983f7f1f6d56c0dc/url HTTP/1.1
User-Agent: selenium/4.1.2 (java windows)
Content-Length: 74
Content-Type: application/json; charset=utf-8
host: localhost:56227
accept: */*

Response DefaultHttpResponse(decodeResult: success, version: HTTP/1.1)
HTTP/1.1 200 OK
Content-Type: application/json; charset=utf-8
cache-control: no-cache
content-length: 14

21:27:57.375 [AsyncHttpClient-1-13] DEBUG org.asynchttpclient.netty.channel.ChannelManager - Adding key: http://localhost:56227 for channel [id: 0xcffa5b68, L:/127.0.0.1:64389 - R:localhost/127.0.0.1:56227]
21:27:57.376 [Forwarding setTimeout on session a9f1c6e46407dc56983f7f1f6d56c0dc to remote] DEBUG org.asynchttpclient.netty.request.NettyRequestSender - Using pooled Channel '[id: 0xcffa5b68, L:/127.0.0.1:64389 - R:localhost/127.0.0.1:56227]' for 'POST' to 'http://localhost:56227/session/a9f1c6e46407dc56983f7f1f6d56c0dc/timeouts'
21:27:57.376 [Forwarding setTimeout on session a9f1c6e46407dc56983f7f1f6d56c0dc to remote] DEBUG org.asynchttpclient.netty.request.NettyRequestSender - Using open Channel [id: 0xcffa5b68, L:/127.0.0.1:64389 - R:localhost/127.0.0.1:56227] for POST '/session/a9f1c6e46407dc56983f7f1f6d56c0dc/timeouts'
21:27:57.377 [AsyncHttpClient-1-13] DEBUG org.asynchttpclient.netty.handler.HttpHandler - 

Request DefaultHttpRequest(decodeResult: success, version: HTTP/1.1)
POST /session/a9f1c6e46407dc56983f7f1f6d56c0dc/timeouts HTTP/1.1
User-Agent: selenium/4.1.2 (java windows)
Content-Length: 22
Content-Type: application/json; charset=utf-8
host: localhost:56227
accept: */*

Response DefaultHttpResponse(decodeResult: success, version: HTTP/1.1)
HTTP/1.1 200 OK
Content-Type: application/json; charset=utf-8
cache-control: no-cache
content-length: 14

21:27:57.377 [AsyncHttpClient-1-13] DEBUG org.asynchttpclient.netty.channel.ChannelManager - Adding key: http://localhost:56227 for channel [id: 0xcffa5b68, L:/127.0.0.1:64389 - R:localhost/127.0.0.1:56227]
21:27:57.379 [Forwarding getCurrentUrl on session a9f1c6e46407dc56983f7f1f6d56c0dc to remote] DEBUG org.asynchttpclient.netty.request.NettyRequestSender - Using pooled Channel '[id: 0xcffa5b68, L:/127.0.0.1:64389 - R:localhost/127.0.0.1:56227]' for 'GET' to 'http://localhost:56227/session/a9f1c6e46407dc56983f7f1f6d56c0dc/url'
21:27:57.379 [Forwarding getCurrentUrl on session a9f1c6e46407dc56983f7f1f6d56c0dc to remote] DEBUG org.asynchttpclient.netty.request.NettyRequestSender - Using open Channel [id: 0xcffa5b68, L:/127.0.0.1:64389 - R:localhost/127.0.0.1:56227] for GET '/session/a9f1c6e46407dc56983f7f1f6d56c0dc/url'
21:27:57.384 [AsyncHttpClient-1-13] DEBUG org.asynchttpclient.netty.handler.HttpHandler - 

Request DefaultFullHttpRequest(decodeResult: success, version: HTTP/1.1, content: EmptyByteBufBE)
GET /session/a9f1c6e46407dc56983f7f1f6d56c0dc/url HTTP/1.1
User-Agent: selenium/4.1.2 (java windows)
Cache-Control: no-cache
Content-Type: application/json; charset=utf-8
host: localhost:56227
accept: */*

Response DefaultHttpResponse(decodeResult: success, version: HTTP/1.1)
HTTP/1.1 200 OK
Content-Type: application/json; charset=utf-8
cache-control: no-cache
content-length: 51

21:27:57.384 [AsyncHttpClient-1-13] DEBUG org.asynchttpclient.netty.channel.ChannelManager - Adding key: http://localhost:56227 for channel [id: 0xcffa5b68, L:/127.0.0.1:64389 - R:localhost/127.0.0.1:56227]
21:27:57.388 [Forwarding findElement on session a9f1c6e46407dc56983f7f1f6d56c0dc to remote] DEBUG org.asynchttpclient.netty.request.NettyRequestSender - Using pooled Channel '[id: 0xcffa5b68, L:/127.0.0.1:64389 - R:localhost/127.0.0.1:56227]' for 'POST' to 'http://localhost:56227/session/a9f1c6e46407dc56983f7f1f6d56c0dc/element'
21:27:57.388 [Forwarding findElement on session a9f1c6e46407dc56983f7f1f6d56c0dc to remote] DEBUG org.asynchttpclient.netty.request.NettyRequestSender - Using open Channel [id: 0xcffa5b68, L:/127.0.0.1:64389 - R:localhost/127.0.0.1:56227] for POST '/session/a9f1c6e46407dc56983f7f1f6d56c0dc/element'
21:27:57.404 [AsyncHttpClient-1-13] DEBUG org.asynchttpclient.netty.handler.HttpHandler - 

Request DefaultHttpRequest(decodeResult: success, version: HTTP/1.1)
POST /session/a9f1c6e46407dc56983f7f1f6d56c0dc/element HTTP/1.1
User-Agent: selenium/4.1.2 (java windows)
Content-Length: 87
Content-Type: application/json; charset=utf-8
host: localhost:56227
accept: */*

Response DefaultHttpResponse(decodeResult: success, version: HTTP/1.1)
HTTP/1.1 200 OK
Content-Type: application/json; charset=utf-8
cache-control: no-cache
content-length: 88

21:27:57.404 [AsyncHttpClient-1-13] DEBUG org.asynchttpclient.netty.channel.ChannelManager - Adding key: http://localhost:56227 for channel [id: 0xcffa5b68, L:/127.0.0.1:64389 - R:localhost/127.0.0.1:56227]
21:27:57.406 [Forwarding clearElement on session a9f1c6e46407dc56983f7f1f6d56c0dc to remote] DEBUG org.asynchttpclient.netty.request.NettyRequestSender - Using pooled Channel '[id: 0xcffa5b68, L:/127.0.0.1:64389 - R:localhost/127.0.0.1:56227]' for 'POST' to 'http://localhost:56227/session/a9f1c6e46407dc56983f7f1f6d56c0dc/element/f7c43692-4746-410f-bbd8-89f2d77ce67a/clear'
21:27:57.406 [Forwarding clearElement on session a9f1c6e46407dc56983f7f1f6d56c0dc to remote] DEBUG org.asynchttpclient.netty.request.NettyRequestSender - Using open Channel [id: 0xcffa5b68, L:/127.0.0.1:64389 - R:localhost/127.0.0.1:56227] for POST '/session/a9f1c6e46407dc56983f7f1f6d56c0dc/element/f7c43692-4746-410f-bbd8-89f2d77ce67a/clear'
21:27:57.450 [AsyncHttpClient-1-1] DEBUG org.asynchttpclient.netty.channel.DefaultChannelPool - Entry count for : http://localhost:64390 : 1
21:27:57.454 [AsyncHttpClient-1-13] DEBUG org.asynchttpclient.netty.handler.HttpHandler - 

Request DefaultHttpRequest(decodeResult: success, version: HTTP/1.1)
POST /session/a9f1c6e46407dc56983f7f1f6d56c0dc/element/f7c43692-4746-410f-bbd8-89f2d77ce67a/clear HTTP/1.1
User-Agent: selenium/4.1.2 (java windows)
Content-Length: 50
Content-Type: application/json; charset=utf-8
host: localhost:56227
accept: */*

Response DefaultHttpResponse(decodeResult: success, version: HTTP/1.1)
HTTP/1.1 200 OK
Content-Type: application/json; charset=utf-8
cache-control: no-cache
content-length: 14

21:27:57.454 [AsyncHttpClient-1-13] DEBUG org.asynchttpclient.netty.channel.ChannelManager - Adding key: http://localhost:56227 for channel [id: 0xcffa5b68, L:/127.0.0.1:64389 - R:localhost/127.0.0.1:56227]
21:27:57.455 [Forwarding sendKeysToElement on session a9f1c6e46407dc56983f7f1f6d56c0dc to remote] DEBUG org.asynchttpclient.netty.request.NettyRequestSender - Using pooled Channel '[id: 0xcffa5b68, L:/127.0.0.1:64389 - R:localhost/127.0.0.1:56227]' for 'POST' to 'http://localhost:56227/session/a9f1c6e46407dc56983f7f1f6d56c0dc/element/f7c43692-4746-410f-bbd8-89f2d77ce67a/value'
21:27:57.455 [Forwarding sendKeysToElement on session a9f1c6e46407dc56983f7f1f6d56c0dc to remote] DEBUG org.asynchttpclient.netty.request.NettyRequestSender - Using open Channel [id: 0xcffa5b68, L:/127.0.0.1:64389 - R:localhost/127.0.0.1:56227] for POST '/session/a9f1c6e46407dc56983f7f1f6d56c0dc/element/f7c43692-4746-410f-bbd8-89f2d77ce67a/value'
21:27:57.605 [AsyncHttpClient-1-13] DEBUG org.asynchttpclient.netty.handler.HttpHandler - 

Request DefaultHttpRequest(decodeResult: success, version: HTTP/1.1)
POST /session/a9f1c6e46407dc56983f7f1f6d56c0dc/element/f7c43692-4746-410f-bbd8-89f2d77ce67a/value HTTP/1.1
User-Agent: selenium/4.1.2 (java windows)
Content-Length: 221
Content-Type: application/json; charset=utf-8
host: localhost:56227
accept: */*

Response DefaultHttpResponse(decodeResult: success, version: HTTP/1.1)
HTTP/1.1 200 OK
Content-Type: application/json; charset=utf-8
cache-control: no-cache
content-length: 14

21:27:57.605 [AsyncHttpClient-1-13] DEBUG org.asynchttpclient.netty.channel.ChannelManager - Adding key: http://localhost:56227 for channel [id: 0xcffa5b68, L:/127.0.0.1:64389 - R:localhost/127.0.0.1:56227]
21:27:57.610 [Forwarding findElement on session a9f1c6e46407dc56983f7f1f6d56c0dc to remote] DEBUG org.asynchttpclient.netty.request.NettyRequestSender - Using pooled Channel '[id: 0xcffa5b68, L:/127.0.0.1:64389 - R:localhost/127.0.0.1:56227]' for 'POST' to 'http://localhost:56227/session/a9f1c6e46407dc56983f7f1f6d56c0dc/element'
21:27:57.610 [Forwarding findElement on session a9f1c6e46407dc56983f7f1f6d56c0dc to remote] DEBUG org.asynchttpclient.netty.request.NettyRequestSender - Using open Channel [id: 0xcffa5b68, L:/127.0.0.1:64389 - R:localhost/127.0.0.1:56227] for POST '/session/a9f1c6e46407dc56983f7f1f6d56c0dc/element'
21:27:57.623 [AsyncHttpClient-1-13] DEBUG org.asynchttpclient.netty.handler.HttpHandler - 

Request DefaultHttpRequest(decodeResult: success, version: HTTP/1.1)
POST /session/a9f1c6e46407dc56983f7f1f6d56c0dc/element HTTP/1.1
User-Agent: selenium/4.1.2 (java windows)
Content-Length: 90
Content-Type: application/json; charset=utf-8
host: localhost:56227
accept: */*

Response DefaultHttpResponse(decodeResult: success, version: HTTP/1.1)
HTTP/1.1 200 OK
Content-Type: application/json; charset=utf-8
cache-control: no-cache
content-length: 88

21:27:57.623 [AsyncHttpClient-1-13] DEBUG org.asynchttpclient.netty.channel.ChannelManager - Adding key: http://localhost:56227 for channel [id: 0xcffa5b68, L:/127.0.0.1:64389 - R:localhost/127.0.0.1:56227]
21:27:57.624 [Forwarding clearElement on session a9f1c6e46407dc56983f7f1f6d56c0dc to remote] DEBUG org.asynchttpclient.netty.request.NettyRequestSender - Using pooled Channel '[id: 0xcffa5b68, L:/127.0.0.1:64389 - R:localhost/127.0.0.1:56227]' for 'POST' to 'http://localhost:56227/session/a9f1c6e46407dc56983f7f1f6d56c0dc/element/6a44ae04-34a5-497b-96b3-3da9b9a4468b/clear'
21:27:57.624 [Forwarding clearElement on session a9f1c6e46407dc56983f7f1f6d56c0dc to remote] DEBUG org.asynchttpclient.netty.request.NettyRequestSender - Using open Channel [id: 0xcffa5b68, L:/127.0.0.1:64389 - R:localhost/127.0.0.1:56227] for POST '/session/a9f1c6e46407dc56983f7f1f6d56c0dc/element/6a44ae04-34a5-497b-96b3-3da9b9a4468b/clear'
21:27:57.668 [AsyncHttpClient-1-13] DEBUG org.asynchttpclient.netty.handler.HttpHandler - 

Request DefaultHttpRequest(decodeResult: success, version: HTTP/1.1)
POST /session/a9f1c6e46407dc56983f7f1f6d56c0dc/element/6a44ae04-34a5-497b-96b3-3da9b9a4468b/clear HTTP/1.1
User-Agent: selenium/4.1.2 (java windows)
Content-Length: 50
Content-Type: application/json; charset=utf-8
host: localhost:56227
accept: */*

Response DefaultHttpResponse(decodeResult: success, version: HTTP/1.1)
HTTP/1.1 200 OK
Content-Type: application/json; charset=utf-8
cache-control: no-cache
content-length: 14

21:27:57.668 [AsyncHttpClient-1-13] DEBUG org.asynchttpclient.netty.channel.ChannelManager - Adding key: http://localhost:56227 for channel [id: 0xcffa5b68, L:/127.0.0.1:64389 - R:localhost/127.0.0.1:56227]
21:27:57.670 [Forwarding sendKeysToElement on session a9f1c6e46407dc56983f7f1f6d56c0dc to remote] DEBUG org.asynchttpclient.netty.request.NettyRequestSender - Using pooled Channel '[id: 0xcffa5b68, L:/127.0.0.1:64389 - R:localhost/127.0.0.1:56227]' for 'POST' to 'http://localhost:56227/session/a9f1c6e46407dc56983f7f1f6d56c0dc/element/6a44ae04-34a5-497b-96b3-3da9b9a4468b/value'
21:27:57.670 [Forwarding sendKeysToElement on session a9f1c6e46407dc56983f7f1f6d56c0dc to remote] DEBUG org.asynchttpclient.netty.request.NettyRequestSender - Using open Channel [id: 0xcffa5b68, L:/127.0.0.1:64389 - R:localhost/127.0.0.1:56227] for POST '/session/a9f1c6e46407dc56983f7f1f6d56c0dc/element/6a44ae04-34a5-497b-96b3-3da9b9a4468b/value'
21:27:57.744 [AsyncHttpClient-1-13] DEBUG org.asynchttpclient.netty.handler.HttpHandler - 

Request DefaultHttpRequest(decodeResult: success, version: HTTP/1.1)
POST /session/a9f1c6e46407dc56983f7f1f6d56c0dc/element/6a44ae04-34a5-497b-96b3-3da9b9a4468b/value HTTP/1.1
User-Agent: selenium/4.1.2 (java windows)
Content-Length: 141
Content-Type: application/json; charset=utf-8
host: localhost:56227
accept: */*

Response DefaultHttpResponse(decodeResult: success, version: HTTP/1.1)
HTTP/1.1 200 OK
Content-Type: application/json; charset=utf-8
cache-control: no-cache
content-length: 14

21:27:57.744 [AsyncHttpClient-1-13] DEBUG org.asynchttpclient.netty.channel.ChannelManager - Adding key: http://localhost:56227 for channel [id: 0xcffa5b68, L:/127.0.0.1:64389 - R:localhost/127.0.0.1:56227]
21:27:57.749 [Forwarding findElement on session a9f1c6e46407dc56983f7f1f6d56c0dc to remote] DEBUG org.asynchttpclient.netty.request.NettyRequestSender - Using pooled Channel '[id: 0xcffa5b68, L:/127.0.0.1:64389 - R:localhost/127.0.0.1:56227]' for 'POST' to 'http://localhost:56227/session/a9f1c6e46407dc56983f7f1f6d56c0dc/element'
21:27:57.749 [Forwarding findElement on session a9f1c6e46407dc56983f7f1f6d56c0dc to remote] DEBUG org.asynchttpclient.netty.request.NettyRequestSender - Using open Channel [id: 0xcffa5b68, L:/127.0.0.1:64389 - R:localhost/127.0.0.1:56227] for POST '/session/a9f1c6e46407dc56983f7f1f6d56c0dc/element'
21:27:57.765 [AsyncHttpClient-1-13] DEBUG org.asynchttpclient.netty.handler.HttpHandler - 

Request DefaultHttpRequest(decodeResult: success, version: HTTP/1.1)
POST /session/a9f1c6e46407dc56983f7f1f6d56c0dc/element HTTP/1.1
User-Agent: selenium/4.1.2 (java windows)
Content-Length: 81
Content-Type: application/json; charset=utf-8
host: localhost:56227
accept: */*

Response DefaultHttpResponse(decodeResult: success, version: HTTP/1.1)
HTTP/1.1 200 OK
Content-Type: application/json; charset=utf-8
cache-control: no-cache
content-length: 88

21:27:57.765 [AsyncHttpClient-1-13] DEBUG org.asynchttpclient.netty.channel.ChannelManager - Adding key: http://localhost:56227 for channel [id: 0xcffa5b68, L:/127.0.0.1:64389 - R:localhost/127.0.0.1:56227]
21:27:57.766 [Forwarding getElementTagName on session a9f1c6e46407dc56983f7f1f6d56c0dc to remote] DEBUG org.asynchttpclient.netty.request.NettyRequestSender - Using pooled Channel '[id: 0xcffa5b68, L:/127.0.0.1:64389 - R:localhost/127.0.0.1:56227]' for 'GET' to 'http://localhost:56227/session/a9f1c6e46407dc56983f7f1f6d56c0dc/element/23311bc7-9468-46a4-ae90-6d8847e63b63/name'
21:27:57.766 [Forwarding getElementTagName on session a9f1c6e46407dc56983f7f1f6d56c0dc to remote] DEBUG org.asynchttpclient.netty.request.NettyRequestSender - Using open Channel [id: 0xcffa5b68, L:/127.0.0.1:64389 - R:localhost/127.0.0.1:56227] for GET '/session/a9f1c6e46407dc56983f7f1f6d56c0dc/element/23311bc7-9468-46a4-ae90-6d8847e63b63/name'
21:27:57.771 [AsyncHttpClient-1-13] DEBUG org.asynchttpclient.netty.handler.HttpHandler - 

Request DefaultFullHttpRequest(decodeResult: success, version: HTTP/1.1, content: EmptyByteBufBE)
GET /session/a9f1c6e46407dc56983f7f1f6d56c0dc/element/23311bc7-9468-46a4-ae90-6d8847e63b63/name HTTP/1.1
User-Agent: selenium/4.1.2 (java windows)
Cache-Control: no-cache
Content-Type: application/json; charset=utf-8
host: localhost:56227
accept: */*

Response DefaultHttpResponse(decodeResult: success, version: HTTP/1.1)
HTTP/1.1 200 OK
Content-Type: application/json; charset=utf-8
cache-control: no-cache
content-length: 16

21:27:57.772 [AsyncHttpClient-1-13] DEBUG org.asynchttpclient.netty.channel.ChannelManager - Adding key: http://localhost:56227 for channel [id: 0xcffa5b68, L:/127.0.0.1:64389 - R:localhost/127.0.0.1:56227]
21:27:57.773 [Forwarding getElementTagName on session a9f1c6e46407dc56983f7f1f6d56c0dc to remote] DEBUG org.asynchttpclient.netty.request.NettyRequestSender - Using pooled Channel '[id: 0xcffa5b68, L:/127.0.0.1:64389 - R:localhost/127.0.0.1:56227]' for 'GET' to 'http://localhost:56227/session/a9f1c6e46407dc56983f7f1f6d56c0dc/element/23311bc7-9468-46a4-ae90-6d8847e63b63/name'
21:27:57.773 [Forwarding getElementTagName on session a9f1c6e46407dc56983f7f1f6d56c0dc to remote] DEBUG org.asynchttpclient.netty.request.NettyRequestSender - Using open Channel [id: 0xcffa5b68, L:/127.0.0.1:64389 - R:localhost/127.0.0.1:56227] for GET '/session/a9f1c6e46407dc56983f7f1f6d56c0dc/element/23311bc7-9468-46a4-ae90-6d8847e63b63/name'
21:27:57.779 [AsyncHttpClient-1-13] DEBUG org.asynchttpclient.netty.handler.HttpHandler - 

Request DefaultFullHttpRequest(decodeResult: success, version: HTTP/1.1, content: EmptyByteBufBE)
GET /session/a9f1c6e46407dc56983f7f1f6d56c0dc/element/23311bc7-9468-46a4-ae90-6d8847e63b63/name HTTP/1.1
User-Agent: selenium/4.1.2 (java windows)
Cache-Control: no-cache
Content-Type: application/json; charset=utf-8
host: localhost:56227
accept: */*

Response DefaultHttpResponse(decodeResult: success, version: HTTP/1.1)
HTTP/1.1 200 OK
Content-Type: application/json; charset=utf-8
cache-control: no-cache
content-length: 16

21:27:57.779 [AsyncHttpClient-1-13] DEBUG org.asynchttpclient.netty.channel.ChannelManager - Adding key: http://localhost:56227 for channel [id: 0xcffa5b68, L:/127.0.0.1:64389 - R:localhost/127.0.0.1:56227]
21:27:57.781 [Forwarding findElement on session a9f1c6e46407dc56983f7f1f6d56c0dc to remote] DEBUG org.asynchttpclient.netty.request.NettyRequestSender - Using pooled Channel '[id: 0xcffa5b68, L:/127.0.0.1:64389 - R:localhost/127.0.0.1:56227]' for 'POST' to 'http://localhost:56227/session/a9f1c6e46407dc56983f7f1f6d56c0dc/element'
21:27:57.781 [Forwarding findElement on session a9f1c6e46407dc56983f7f1f6d56c0dc to remote] DEBUG org.asynchttpclient.netty.request.NettyRequestSender - Using open Channel [id: 0xcffa5b68, L:/127.0.0.1:64389 - R:localhost/127.0.0.1:56227] for POST '/session/a9f1c6e46407dc56983f7f1f6d56c0dc/element'
21:27:57.790 [AsyncHttpClient-1-13] DEBUG org.asynchttpclient.netty.handler.HttpHandler - 

Request DefaultHttpRequest(decodeResult: success, version: HTTP/1.1)
POST /session/a9f1c6e46407dc56983f7f1f6d56c0dc/element HTTP/1.1
User-Agent: selenium/4.1.2 (java windows)
Content-Length: 81
Content-Type: application/json; charset=utf-8
host: localhost:56227
accept: */*

Response DefaultHttpResponse(decodeResult: success, version: HTTP/1.1)
HTTP/1.1 200 OK
Content-Type: application/json; charset=utf-8
cache-control: no-cache
content-length: 88

21:27:57.790 [AsyncHttpClient-1-13] DEBUG org.asynchttpclient.netty.channel.ChannelManager - Adding key: http://localhost:56227 for channel [id: 0xcffa5b68, L:/127.0.0.1:64389 - R:localhost/127.0.0.1:56227]
21:27:57.791 [Forwarding clickElement on session a9f1c6e46407dc56983f7f1f6d56c0dc to remote] DEBUG org.asynchttpclient.netty.request.NettyRequestSender - Using pooled Channel '[id: 0xcffa5b68, L:/127.0.0.1:64389 - R:localhost/127.0.0.1:56227]' for 'POST' to 'http://localhost:56227/session/a9f1c6e46407dc56983f7f1f6d56c0dc/element/23311bc7-9468-46a4-ae90-6d8847e63b63/click'
21:27:57.792 [Forwarding clickElement on session a9f1c6e46407dc56983f7f1f6d56c0dc to remote] DEBUG org.asynchttpclient.netty.request.NettyRequestSender - Using open Channel [id: 0xcffa5b68, L:/127.0.0.1:64389 - R:localhost/127.0.0.1:56227] for POST '/session/a9f1c6e46407dc56983f7f1f6d56c0dc/element/23311bc7-9468-46a4-ae90-6d8847e63b63/click'
21:27:57.871 [AsyncHttpClient-1-13] DEBUG org.asynchttpclient.netty.handler.HttpHandler - 

Request DefaultHttpRequest(decodeResult: success, version: HTTP/1.1)
POST /session/a9f1c6e46407dc56983f7f1f6d56c0dc/element/23311bc7-9468-46a4-ae90-6d8847e63b63/click HTTP/1.1
User-Agent: selenium/4.1.2 (java windows)
Content-Length: 50
Content-Type: application/json; charset=utf-8
host: localhost:56227
accept: */*

Response DefaultHttpResponse(decodeResult: success, version: HTTP/1.1)
HTTP/1.1 200 OK
Content-Type: application/json; charset=utf-8
cache-control: no-cache
content-length: 14

21:27:57.871 [AsyncHttpClient-1-13] DEBUG org.asynchttpclient.netty.channel.ChannelManager - Adding key: http://localhost:56227 for channel [id: 0xcffa5b68, L:/127.0.0.1:64389 - R:localhost/127.0.0.1:56227]
  &amp#27;[32mGiven &amp#27;[0m&amp#27;[32mI am logged in&amp#27;[0m           &amp#27;[90m# starter.stepdefinitions.TransactionSteps.iAmLoggedIn()&amp#27;[0m
21:27:57.883 [Forwarding screenshot on session a9f1c6e46407dc56983f7f1f6d56c0dc to remote] DEBUG org.asynchttpclient.netty.request.NettyRequestSender - Using pooled Channel '[id: 0xcffa5b68, L:/127.0.0.1:64389 - R:localhost/127.0.0.1:56227]' for 'GET' to 'http://localhost:56227/session/a9f1c6e46407dc56983f7f1f6d56c0dc/screenshot'
21:27:57.883 [Forwarding screenshot on session a9f1c6e46407dc56983f7f1f6d56c0dc to remote] DEBUG org.asynchttpclient.netty.request.NettyRequestSender - Using open Channel [id: 0xcffa5b68, L:/127.0.0.1:64389 - R:localhost/127.0.0.1:56227] for GET '/session/a9f1c6e46407dc56983f7f1f6d56c0dc/screenshot'
21:27:58.206 [AsyncHttpClient-1-13] DEBUG org.asynchttpclient.netty.handler.HttpHandler - 

Request DefaultFullHttpRequest(decodeResult: success, version: HTTP/1.1, content: EmptyByteBufBE)
GET /session/a9f1c6e46407dc56983f7f1f6d56c0dc/screenshot HTTP/1.1
User-Agent: selenium/4.1.2 (java windows)
Cache-Control: no-cache
Content-Type: application/json; charset=utf-8
host: localhost:56227
accept: */*

Response DefaultHttpResponse(decodeResult: success, version: HTTP/1.1)
HTTP/1.1 200 OK
Content-Type: application/json; charset=utf-8
cache-control: no-cache
content-length: 45288

21:27:58.207 [AsyncHttpClient-1-13] DEBUG org.asynchttpclient.netty.channel.ChannelManager - Adding key: http://localhost:56227 for channel [id: 0xcffa5b68, L:/127.0.0.1:64389 - R:localhost/127.0.0.1:56227]
21:27:58.209 [main] DEBUG net.serenitybdd.core.photography.Darkroom - Send negative for processing for target\site\serenity\30e718f96dc7a2e022067a9a63567ebf0dd94c69ce26a6952ee7fd2559904403.png
21:27:58.210 [Darkroom Processing Line] DEBUG net.serenitybdd.core.photography.DarkroomProcessingLine - Processing screenshot image in /var/screenshots/screenshot-16417803929310295968
21:27:58.210 [Darkroom Processing Line] DEBUG net.serenitybdd.core.photography.DarkroomProcessingLine - Saving screenshot to target\site\serenity\30e718f96dc7a2e022067a9a63567ebf0dd94c69ce26a6952ee7fd2559904403.png
21:27:58.219 [Forwarding findElement on session a9f1c6e46407dc56983f7f1f6d56c0dc to remote] DEBUG org.asynchttpclient.netty.request.NettyRequestSender - Using pooled Channel '[id: 0xcffa5b68, L:/127.0.0.1:64389 - R:localhost/127.0.0.1:56227]' for 'POST' to 'http://localhost:56227/session/a9f1c6e46407dc56983f7f1f6d56c0dc/element'
21:27:58.219 [Forwarding findElement on session a9f1c6e46407dc56983f7f1f6d56c0dc to remote] DEBUG org.asynchttpclient.netty.request.NettyRequestSender - Using open Channel [id: 0xcffa5b68, L:/127.0.0.1:64389 - R:localhost/127.0.0.1:56227] for POST '/session/a9f1c6e46407dc56983f7f1f6d56c0dc/element'
21:27:58.558 [AsyncHttpClient-1-1] DEBUG org.asynchttpclient.netty.channel.DefaultChannelPool - Entry count for : http://localhost:64390 : 1
21:27:59.273 [AsyncHttpClient-1-13] DEBUG org.asynchttpclient.netty.handler.HttpHandler - 

Request DefaultHttpRequest(decodeResult: success, version: HTTP/1.1)
POST /session/a9f1c6e46407dc56983f7f1f6d56c0dc/element HTTP/1.1
User-Agent: selenium/4.1.2 (java windows)
Content-Length: 79
Content-Type: application/json; charset=utf-8
host: localhost:56227
accept: */*

Response DefaultHttpResponse(decodeResult: success, version: HTTP/1.1)
HTTP/1.1 200 OK
Content-Type: application/json; charset=utf-8
cache-control: no-cache
content-length: 88

21:27:59.274 [AsyncHttpClient-1-13] DEBUG org.asynchttpclient.netty.channel.ChannelManager - Adding key: http://localhost:56227 for channel [id: 0xcffa5b68, L:/127.0.0.1:64389 - R:localhost/127.0.0.1:56227]
21:27:59.275 [Forwarding getElementTagName on session a9f1c6e46407dc56983f7f1f6d56c0dc to remote] DEBUG org.asynchttpclient.netty.request.NettyRequestSender - Using pooled Channel '[id: 0xcffa5b68, L:/127.0.0.1:64389 - R:localhost/127.0.0.1:56227]' for 'GET' to 'http://localhost:56227/session/a9f1c6e46407dc56983f7f1f6d56c0dc/element/a67225a1-b0f9-46f5-b62c-4d93a8d46474/name'
21:27:59.275 [Forwarding getElementTagName on session a9f1c6e46407dc56983f7f1f6d56c0dc to remote] DEBUG org.asynchttpclient.netty.request.NettyRequestSender - Using open Channel [id: 0xcffa5b68, L:/127.0.0.1:64389 - R:localhost/127.0.0.1:56227] for GET '/session/a9f1c6e46407dc56983f7f1f6d56c0dc/element/a67225a1-b0f9-46f5-b62c-4d93a8d46474/name'
21:27:59.281 [AsyncHttpClient-1-13] DEBUG org.asynchttpclient.netty.handler.HttpHandler - 

Request DefaultFullHttpRequest(decodeResult: success, version: HTTP/1.1, content: EmptyByteBufBE)
GET /session/a9f1c6e46407dc56983f7f1f6d56c0dc/element/a67225a1-b0f9-46f5-b62c-4d93a8d46474/name HTTP/1.1
User-Agent: selenium/4.1.2 (java windows)
Cache-Control: no-cache
Content-Type: application/json; charset=utf-8
host: localhost:56227
accept: */*

Response DefaultHttpResponse(decodeResult: success, version: HTTP/1.1)
HTTP/1.1 200 OK
Content-Type: application/json; charset=utf-8
cache-control: no-cache
content-length: 13

21:27:59.281 [AsyncHttpClient-1-13] DEBUG org.asynchttpclient.netty.channel.ChannelManager - Adding key: http://localhost:56227 for channel [id: 0xcffa5b68, L:/127.0.0.1:64389 - R:localhost/127.0.0.1:56227]
21:27:59.281 [Forwarding getElementTagName on session a9f1c6e46407dc56983f7f1f6d56c0dc to remote] DEBUG org.asynchttpclient.netty.request.NettyRequestSender - Using pooled Channel '[id: 0xcffa5b68, L:/127.0.0.1:64389 - R:localhost/127.0.0.1:56227]' for 'GET' to 'http://localhost:56227/session/a9f1c6e46407dc56983f7f1f6d56c0dc/element/a67225a1-b0f9-46f5-b62c-4d93a8d46474/name'
21:27:59.281 [Forwarding getElementTagName on session a9f1c6e46407dc56983f7f1f6d56c0dc to remote] DEBUG org.asynchttpclient.netty.request.NettyRequestSender - Using open Channel [id: 0xcffa5b68, L:/127.0.0.1:64389 - R:localhost/127.0.0.1:56227] for GET '/session/a9f1c6e46407dc56983f7f1f6d56c0dc/element/a67225a1-b0f9-46f5-b62c-4d93a8d46474/name'
21:27:59.286 [AsyncHttpClient-1-13] DEBUG org.asynchttpclient.netty.handler.HttpHandler - 

Request DefaultFullHttpRequest(decodeResult: success, version: HTTP/1.1, content: EmptyByteBufBE)
GET /session/a9f1c6e46407dc56983f7f1f6d56c0dc/element/a67225a1-b0f9-46f5-b62c-4d93a8d46474/name HTTP/1.1
User-Agent: selenium/4.1.2 (java windows)
Cache-Control: no-cache
Content-Type: application/json; charset=utf-8
host: localhost:56227
accept: */*

Response DefaultHttpResponse(decodeResult: success, version: HTTP/1.1)
HTTP/1.1 200 OK
Content-Type: application/json; charset=utf-8
cache-control: no-cache
content-length: 13

21:27:59.286 [AsyncHttpClient-1-13] DEBUG org.asynchttpclient.netty.channel.ChannelManager - Adding key: http://localhost:56227 for channel [id: 0xcffa5b68, L:/127.0.0.1:64389 - R:localhost/127.0.0.1:56227]
21:27:59.287 [Forwarding findElement on session a9f1c6e46407dc56983f7f1f6d56c0dc to remote] DEBUG org.asynchttpclient.netty.request.NettyRequestSender - Using pooled Channel '[id: 0xcffa5b68, L:/127.0.0.1:64389 - R:localhost/127.0.0.1:56227]' for 'POST' to 'http://localhost:56227/session/a9f1c6e46407dc56983f7f1f6d56c0dc/element'
21:27:59.287 [Forwarding findElement on session a9f1c6e46407dc56983f7f1f6d56c0dc to remote] DEBUG org.asynchttpclient.netty.request.NettyRequestSender - Using open Channel [id: 0xcffa5b68, L:/127.0.0.1:64389 - R:localhost/127.0.0.1:56227] for POST '/session/a9f1c6e46407dc56983f7f1f6d56c0dc/element'
21:27:59.292 [AsyncHttpClient-1-13] DEBUG org.asynchttpclient.netty.handler.HttpHandler - 

Request DefaultHttpRequest(decodeResult: success, version: HTTP/1.1)
POST /session/a9f1c6e46407dc56983f7f1f6d56c0dc/element HTTP/1.1
User-Agent: selenium/4.1.2 (java windows)
Content-Length: 79
Content-Type: application/json; charset=utf-8
host: localhost:56227
accept: */*

Response DefaultHttpResponse(decodeResult: success, version: HTTP/1.1)
HTTP/1.1 200 OK
Content-Type: application/json; charset=utf-8
cache-control: no-cache
content-length: 88

21:27:59.292 [AsyncHttpClient-1-13] DEBUG org.asynchttpclient.netty.channel.ChannelManager - Adding key: http://localhost:56227 for channel [id: 0xcffa5b68, L:/127.0.0.1:64389 - R:localhost/127.0.0.1:56227]
21:27:59.293 [Forwarding clickElement on session a9f1c6e46407dc56983f7f1f6d56c0dc to remote] DEBUG org.asynchttpclient.netty.request.NettyRequestSender - Using pooled Channel '[id: 0xcffa5b68, L:/127.0.0.1:64389 - R:localhost/127.0.0.1:56227]' for 'POST' to 'http://localhost:56227/session/a9f1c6e46407dc56983f7f1f6d56c0dc/element/a67225a1-b0f9-46f5-b62c-4d93a8d46474/click'
21:27:59.293 [Forwarding clickElement on session a9f1c6e46407dc56983f7f1f6d56c0dc to remote] DEBUG org.asynchttpclient.netty.request.NettyRequestSender - Using open Channel [id: 0xcffa5b68, L:/127.0.0.1:64389 - R:localhost/127.0.0.1:56227] for POST '/session/a9f1c6e46407dc56983f7f1f6d56c0dc/element/a67225a1-b0f9-46f5-b62c-4d93a8d46474/click'
21:27:59.334 [AsyncHttpClient-1-13] DEBUG org.asynchttpclient.netty.handler.HttpHandler - 

Request DefaultHttpRequest(decodeResult: success, version: HTTP/1.1)
POST /session/a9f1c6e46407dc56983f7f1f6d56c0dc/element/a67225a1-b0f9-46f5-b62c-4d93a8d46474/click HTTP/1.1
User-Agent: selenium/4.1.2 (java windows)
Content-Length: 50
Content-Type: application/json; charset=utf-8
host: localhost:56227
accept: */*

Response DefaultHttpResponse(decodeResult: success, version: HTTP/1.1)
HTTP/1.1 200 OK
Content-Type: application/json; charset=utf-8
cache-control: no-cache
content-length: 14

21:27:59.334 [AsyncHttpClient-1-13] DEBUG org.asynchttpclient.netty.channel.ChannelManager - Adding key: http://localhost:56227 for channel [id: 0xcffa5b68, L:/127.0.0.1:64389 - R:localhost/127.0.0.1:56227]
  &amp#27;[32mWhen &amp#27;[0m&amp#27;[32mI click my profile&amp#27;[0m        &amp#27;[90m# starter.stepdefinitions.TransactionSteps.iClickMyProfile()&amp#27;[0m
21:27:59.339 [Forwarding screenshot on session a9f1c6e46407dc56983f7f1f6d56c0dc to remote] DEBUG org.asynchttpclient.netty.request.NettyRequestSender - Using pooled Channel '[id: 0xcffa5b68, L:/127.0.0.1:64389 - R:localhost/127.0.0.1:56227]' for 'GET' to 'http://localhost:56227/session/a9f1c6e46407dc56983f7f1f6d56c0dc/screenshot'
21:27:59.339 [Forwarding screenshot on session a9f1c6e46407dc56983f7f1f6d56c0dc to remote] DEBUG org.asynchttpclient.netty.request.NettyRequestSender - Using open Channel [id: 0xcffa5b68, L:/127.0.0.1:64389 - R:localhost/127.0.0.1:56227] for GET '/session/a9f1c6e46407dc56983f7f1f6d56c0dc/screenshot'
21:27:59.522 [AsyncHttpClient-1-13] DEBUG org.asynchttpclient.netty.handler.HttpHandler - 

Request DefaultFullHttpRequest(decodeResult: success, version: HTTP/1.1, content: EmptyByteBufBE)
GET /session/a9f1c6e46407dc56983f7f1f6d56c0dc/screenshot HTTP/1.1
User-Agent: selenium/4.1.2 (java windows)
Cache-Control: no-cache
Content-Type: application/json; charset=utf-8
host: localhost:56227
accept: */*

Response DefaultHttpResponse(decodeResult: success, version: HTTP/1.1)
HTTP/1.1 200 OK
Content-Type: application/json; charset=utf-8
cache-control: no-cache
content-length: 32580

21:27:59.522 [AsyncHttpClient-1-13] DEBUG org.asynchttpclient.netty.channel.ChannelManager - Adding key: http://localhost:56227 for channel [id: 0xcffa5b68, L:/127.0.0.1:64389 - R:localhost/127.0.0.1:56227]
21:27:59.523 [main] DEBUG net.serenitybdd.core.photography.Darkroom - Send negative for processing for target\site\serenity\488e739a3f22a3b850aef58c63607cd36e508694b6ed43b93df6e7d5d3a18720.png
21:27:59.523 [Darkroom Processing Line] DEBUG net.serenitybdd.core.photography.DarkroomProcessingLine - Processing screenshot image in /var/screenshots/screenshot-3986094028860276317
21:27:59.523 [Darkroom Processing Line] DEBUG net.serenitybdd.core.photography.DarkroomProcessingLine - Saving screenshot to target\site\serenity\488e739a3f22a3b850aef58c63607cd36e508694b6ed43b93df6e7d5d3a18720.png
21:27:59.531 [Forwarding findElement on session a9f1c6e46407dc56983f7f1f6d56c0dc to remote] DEBUG org.asynchttpclient.netty.request.NettyRequestSender - Using pooled Channel '[id: 0xcffa5b68, L:/127.0.0.1:64389 - R:localhost/127.0.0.1:56227]' for 'POST' to 'http://localhost:56227/session/a9f1c6e46407dc56983f7f1f6d56c0dc/element'
21:27:59.531 [Forwarding findElement on session a9f1c6e46407dc56983f7f1f6d56c0dc to remote] DEBUG org.asynchttpclient.netty.request.NettyRequestSender - Using open Channel [id: 0xcffa5b68, L:/127.0.0.1:64389 - R:localhost/127.0.0.1:56227] for POST '/session/a9f1c6e46407dc56983f7f1f6d56c0dc/element'
21:27:59.547 [AsyncHttpClient-1-13] DEBUG org.asynchttpclient.netty.handler.HttpHandler - 

Request DefaultHttpRequest(decodeResult: success, version: HTTP/1.1)
POST /session/a9f1c6e46407dc56983f7f1f6d56c0dc/element HTTP/1.1
User-Agent: selenium/4.1.2 (java windows)
Content-Length: 74
Content-Type: application/json; charset=utf-8
host: localhost:56227
accept: */*

Response DefaultHttpResponse(decodeResult: success, version: HTTP/1.1)
HTTP/1.1 200 OK
Content-Type: application/json; charset=utf-8
cache-control: no-cache
content-length: 88

21:27:59.548 [AsyncHttpClient-1-13] DEBUG org.asynchttpclient.netty.channel.ChannelManager - Adding key: http://localhost:56227 for channel [id: 0xcffa5b68, L:/127.0.0.1:64389 - R:localhost/127.0.0.1:56227]
21:27:59.548 [Forwarding getElementTagName on session a9f1c6e46407dc56983f7f1f6d56c0dc to remote] DEBUG org.asynchttpclient.netty.request.NettyRequestSender - Using pooled Channel '[id: 0xcffa5b68, L:/127.0.0.1:64389 - R:localhost/127.0.0.1:56227]' for 'GET' to 'http://localhost:56227/session/a9f1c6e46407dc56983f7f1f6d56c0dc/element/4fb6323d-ccb3-4588-8ae9-e4eca6594ba6/name'
21:27:59.548 [Forwarding getElementTagName on session a9f1c6e46407dc56983f7f1f6d56c0dc to remote] DEBUG org.asynchttpclient.netty.request.NettyRequestSender - Using open Channel [id: 0xcffa5b68, L:/127.0.0.1:64389 - R:localhost/127.0.0.1:56227] for GET '/session/a9f1c6e46407dc56983f7f1f6d56c0dc/element/4fb6323d-ccb3-4588-8ae9-e4eca6594ba6/name'
21:27:59.553 [AsyncHttpClient-1-13] DEBUG org.asynchttpclient.netty.handler.HttpHandler - 

Request DefaultFullHttpRequest(decodeResult: success, version: HTTP/1.1, content: EmptyByteBufBE)
GET /session/a9f1c6e46407dc56983f7f1f6d56c0dc/element/4fb6323d-ccb3-4588-8ae9-e4eca6594ba6/name HTTP/1.1
User-Agent: selenium/4.1.2 (java windows)
Cache-Control: no-cache
Content-Type: application/json; charset=utf-8
host: localhost:56227
accept: */*

Response DefaultHttpResponse(decodeResult: success, version: HTTP/1.1)
HTTP/1.1 200 OK
Content-Type: application/json; charset=utf-8
cache-control: no-cache
content-length: 15

21:27:59.553 [AsyncHttpClient-1-13] DEBUG org.asynchttpclient.netty.channel.ChannelManager - Adding key: http://localhost:56227 for channel [id: 0xcffa5b68, L:/127.0.0.1:64389 - R:localhost/127.0.0.1:56227]
21:27:59.553 [Forwarding getElementTagName on session a9f1c6e46407dc56983f7f1f6d56c0dc to remote] DEBUG org.asynchttpclient.netty.request.NettyRequestSender - Using pooled Channel '[id: 0xcffa5b68, L:/127.0.0.1:64389 - R:localhost/127.0.0.1:56227]' for 'GET' to 'http://localhost:56227/session/a9f1c6e46407dc56983f7f1f6d56c0dc/element/4fb6323d-ccb3-4588-8ae9-e4eca6594ba6/name'
21:27:59.554 [Forwarding getElementTagName on session a9f1c6e46407dc56983f7f1f6d56c0dc to remote] DEBUG org.asynchttpclient.netty.request.NettyRequestSender - Using open Channel [id: 0xcffa5b68, L:/127.0.0.1:64389 - R:localhost/127.0.0.1:56227] for GET '/session/a9f1c6e46407dc56983f7f1f6d56c0dc/element/4fb6323d-ccb3-4588-8ae9-e4eca6594ba6/name'
21:27:59.557 [AsyncHttpClient-1-13] DEBUG org.asynchttpclient.netty.handler.HttpHandler - 

Request DefaultFullHttpRequest(decodeResult: success, version: HTTP/1.1, content: EmptyByteBufBE)
GET /session/a9f1c6e46407dc56983f7f1f6d56c0dc/element/4fb6323d-ccb3-4588-8ae9-e4eca6594ba6/name HTTP/1.1
User-Agent: selenium/4.1.2 (java windows)
Cache-Control: no-cache
Content-Type: application/json; charset=utf-8
host: localhost:56227
accept: */*

Response DefaultHttpResponse(decodeResult: success, version: HTTP/1.1)
HTTP/1.1 200 OK
Content-Type: application/json; charset=utf-8
cache-control: no-cache
content-length: 15

21:27:59.558 [AsyncHttpClient-1-13] DEBUG org.asynchttpclient.netty.channel.ChannelManager - Adding key: http://localhost:56227 for channel [id: 0xcffa5b68, L:/127.0.0.1:64389 - R:localhost/127.0.0.1:56227]
21:27:59.561 [Forwarding findElement on session a9f1c6e46407dc56983f7f1f6d56c0dc to remote] DEBUG org.asynchttpclient.netty.request.NettyRequestSender - Using pooled Channel '[id: 0xcffa5b68, L:/127.0.0.1:64389 - R:localhost/127.0.0.1:56227]' for 'POST' to 'http://localhost:56227/session/a9f1c6e46407dc56983f7f1f6d56c0dc/element'
21:27:59.561 [Forwarding findElement on session a9f1c6e46407dc56983f7f1f6d56c0dc to remote] DEBUG org.asynchttpclient.netty.request.NettyRequestSender - Using open Channel [id: 0xcffa5b68, L:/127.0.0.1:64389 - R:localhost/127.0.0.1:56227] for POST '/session/a9f1c6e46407dc56983f7f1f6d56c0dc/element'
21:27:59.578 [AsyncHttpClient-1-13] DEBUG org.asynchttpclient.netty.handler.HttpHandler - 

Request DefaultHttpRequest(decodeResult: success, version: HTTP/1.1)
POST /session/a9f1c6e46407dc56983f7f1f6d56c0dc/element HTTP/1.1
User-Agent: selenium/4.1.2 (java windows)
Content-Length: 74
Content-Type: application/json; charset=utf-8
host: localhost:56227
accept: */*

Response DefaultHttpResponse(decodeResult: success, version: HTTP/1.1)
HTTP/1.1 200 OK
Content-Type: application/json; charset=utf-8
cache-control: no-cache
content-length: 88

21:27:59.578 [AsyncHttpClient-1-13] DEBUG org.asynchttpclient.netty.channel.ChannelManager - Adding key: http://localhost:56227 for channel [id: 0xcffa5b68, L:/127.0.0.1:64389 - R:localhost/127.0.0.1:56227]
21:27:59.579 [Forwarding clickElement on session a9f1c6e46407dc56983f7f1f6d56c0dc to remote] DEBUG org.asynchttpclient.netty.request.NettyRequestSender - Using pooled Channel '[id: 0xcffa5b68, L:/127.0.0.1:64389 - R:localhost/127.0.0.1:56227]' for 'POST' to 'http://localhost:56227/session/a9f1c6e46407dc56983f7f1f6d56c0dc/element/4fb6323d-ccb3-4588-8ae9-e4eca6594ba6/click'
21:27:59.579 [Forwarding clickElement on session a9f1c6e46407dc56983f7f1f6d56c0dc to remote] DEBUG org.asynchttpclient.netty.request.NettyRequestSender - Using open Channel [id: 0xcffa5b68, L:/127.0.0.1:64389 - R:localhost/127.0.0.1:56227] for POST '/session/a9f1c6e46407dc56983f7f1f6d56c0dc/element/4fb6323d-ccb3-4588-8ae9-e4eca6594ba6/click'
21:27:59.623 [AsyncHttpClient-1-13] DEBUG org.asynchttpclient.netty.handler.HttpHandler - 

Request DefaultHttpRequest(decodeResult: success, version: HTTP/1.1)
POST /session/a9f1c6e46407dc56983f7f1f6d56c0dc/element/4fb6323d-ccb3-4588-8ae9-e4eca6594ba6/click HTTP/1.1
User-Agent: selenium/4.1.2 (java windows)
Content-Length: 50
Content-Type: application/json; charset=utf-8
host: localhost:56227
accept: */*

Response DefaultHttpResponse(decodeResult: success, version: HTTP/1.1)
HTTP/1.1 200 OK
Content-Type: application/json; charset=utf-8
cache-control: no-cache
content-length: 14

21:27:59.623 [AsyncHttpClient-1-13] DEBUG org.asynchttpclient.netty.channel.ChannelManager - Adding key: http://localhost:56227 for channel [id: 0xcffa5b68, L:/127.0.0.1:64389 - R:localhost/127.0.0.1:56227]
  &amp#27;[32mAnd &amp#27;[0m&amp#27;[32mI click transaction button&amp#27;[0m &amp#27;[90m# starter.stepdefinitions.TransactionSteps.iClickTransactionButton()&amp#27;[0m
21:27:59.633 [Forwarding screenshot on session a9f1c6e46407dc56983f7f1f6d56c0dc to remote] DEBUG org.asynchttpclient.netty.request.NettyRequestSender - Using pooled Channel '[id: 0xcffa5b68, L:/127.0.0.1:64389 - R:localhost/127.0.0.1:56227]' for 'GET' to 'http://localhost:56227/session/a9f1c6e46407dc56983f7f1f6d56c0dc/screenshot'
21:27:59.633 [Forwarding screenshot on session a9f1c6e46407dc56983f7f1f6d56c0dc to remote] DEBUG org.asynchttpclient.netty.request.NettyRequestSender - Using open Channel [id: 0xcffa5b68, L:/127.0.0.1:64389 - R:localhost/127.0.0.1:56227] for GET '/session/a9f1c6e46407dc56983f7f1f6d56c0dc/screenshot'
21:27:59.657 [AsyncHttpClient-1-1] DEBUG org.asynchttpclient.netty.channel.DefaultChannelPool - Entry count for : http://localhost:64390 : 1
21:27:59.878 [AsyncHttpClient-1-13] DEBUG org.asynchttpclient.netty.handler.HttpHandler - 

Request DefaultFullHttpRequest(decodeResult: success, version: HTTP/1.1, content: EmptyByteBufBE)
GET /session/a9f1c6e46407dc56983f7f1f6d56c0dc/screenshot HTTP/1.1
User-Agent: selenium/4.1.2 (java windows)
Cache-Control: no-cache
Content-Type: application/json; charset=utf-8
host: localhost:56227
accept: */*

Response DefaultHttpResponse(decodeResult: success, version: HTTP/1.1)
HTTP/1.1 200 OK
Content-Type: application/json; charset=utf-8
cache-control: no-cache
content-length: 56828

21:27:59.879 [AsyncHttpClient-1-13] DEBUG org.asynchttpclient.netty.channel.ChannelManager - Adding key: http://localhost:56227 for channel [id: 0xcffa5b68, L:/127.0.0.1:64389 - R:localhost/127.0.0.1:56227]
21:27:59.880 [main] DEBUG net.serenitybdd.core.photography.Darkroom - Send negative for processing for target\site\serenity\19625e865b3451cf4d8d1fc77e10282c023dcf1694543b601eb92c37a9094bc0.png
21:27:59.880 [Darkroom Processing Line] DEBUG net.serenitybdd.core.photography.DarkroomProcessingLine - Processing screenshot image in /var/screenshots/screenshot-458344597133822409
21:27:59.880 [Darkroom Processing Line] DEBUG net.serenitybdd.core.photography.DarkroomProcessingLine - Saving screenshot to target\site\serenity\19625e865b3451cf4d8d1fc77e10282c023dcf1694543b601eb92c37a9094bc0.png
21:27:59.885 [Forwarding findElement on session a9f1c6e46407dc56983f7f1f6d56c0dc to remote] DEBUG org.asynchttpclient.netty.request.NettyRequestSender - Using pooled Channel '[id: 0xcffa5b68, L:/127.0.0.1:64389 - R:localhost/127.0.0.1:56227]' for 'POST' to 'http://localhost:56227/session/a9f1c6e46407dc56983f7f1f6d56c0dc/element'
21:27:59.885 [Forwarding findElement on session a9f1c6e46407dc56983f7f1f6d56c0dc to remote] DEBUG org.asynchttpclient.netty.request.NettyRequestSender - Using open Channel [id: 0xcffa5b68, L:/127.0.0.1:64389 - R:localhost/127.0.0.1:56227] for POST '/session/a9f1c6e46407dc56983f7f1f6d56c0dc/element'
21:27:59.896 [AsyncHttpClient-1-13] DEBUG org.asynchttpclient.netty.handler.HttpHandler - 

Request DefaultHttpRequest(decodeResult: success, version: HTTP/1.1)
POST /session/a9f1c6e46407dc56983f7f1f6d56c0dc/element HTTP/1.1
User-Agent: selenium/4.1.2 (java windows)
Content-Length: 74
Content-Type: application/json; charset=utf-8
host: localhost:56227
accept: */*

Response DefaultHttpResponse(decodeResult: success, version: HTTP/1.1)
HTTP/1.1 200 OK
Content-Type: application/json; charset=utf-8
cache-control: no-cache
content-length: 88

21:27:59.896 [AsyncHttpClient-1-13] DEBUG org.asynchttpclient.netty.channel.ChannelManager - Adding key: http://localhost:56227 for channel [id: 0xcffa5b68, L:/127.0.0.1:64389 - R:localhost/127.0.0.1:56227]
21:27:59.898 [Forwarding isElementDisplayed on session a9f1c6e46407dc56983f7f1f6d56c0dc to remote] DEBUG org.asynchttpclient.netty.request.NettyRequestSender - Using pooled Channel '[id: 0xcffa5b68, L:/127.0.0.1:64389 - R:localhost/127.0.0.1:56227]' for 'POST' to 'http://localhost:56227/session/a9f1c6e46407dc56983f7f1f6d56c0dc/execute/sync'
21:27:59.898 [Forwarding isElementDisplayed on session a9f1c6e46407dc56983f7f1f6d56c0dc to remote] DEBUG org.asynchttpclient.netty.request.NettyRequestSender - Using open Channel [id: 0xcffa5b68, L:/127.0.0.1:64389 - R:localhost/127.0.0.1:56227] for POST '/session/a9f1c6e46407dc56983f7f1f6d56c0dc/execute/sync'
21:27:59.910 [AsyncHttpClient-1-13] DEBUG org.asynchttpclient.netty.handler.HttpHandler - 

Request DefaultHttpRequest(decodeResult: success, version: HTTP/1.1)
POST /session/a9f1c6e46407dc56983f7f1f6d56c0dc/execute/sync HTTP/1.1
User-Agent: selenium/4.1.2 (java windows)
Content-Length: 48780
Content-Type: application/json; charset=utf-8
host: localhost:56227
accept: */*

Response DefaultHttpResponse(decodeResult: success, version: HTTP/1.1)
HTTP/1.1 200 OK
Content-Type: application/json; charset=utf-8
cache-control: no-cache
content-length: 14

21:27:59.911 [AsyncHttpClient-1-13] DEBUG org.asynchttpclient.netty.channel.ChannelManager - Adding key: http://localhost:56227 for channel [id: 0xcffa5b68, L:/127.0.0.1:64389 - R:localhost/127.0.0.1:56227]
  &amp#27;[32mThen &amp#27;[0m&amp#27;[32mI get my transaction list&amp#27;[0m &amp#27;[90m# starter.stepdefinitions.TransactionSteps.iGetMyTransactionList()&amp#27;[0m
21:27:59.914 [main] INFO  - 
  _____   ___   ___   _____     ___     _     ___   ___   ___   ___  
 |_   _| | __| / __| |_   _|   | _ \   /_\   / __| / __| | __| |   \ 
   | |   | _|  \__ \   | |     |  _/  / _ \  \__ \ \__ \ | _|  | |) |
   |_|   |___| |___/   |_|     |_|   /_/ \_\ |___/ |___/ |___| |___/ 

View Transaction List
----------------------------------------------------------------------
21:27:59.915 [AsyncHttpClient-1-15] DEBUG org.asynchttpclient.netty.handler.WebSocketHandler - Channel Closed: [id: 0xea69e968, L:/127.0.0.1:64398 ! R:localhost/127.0.0.1:64390] with attribute NettyResponseFuture{currentRetry=5,
	isDone=1,
	isCancelled=0,
	asyncHandler=org.asynchttpclient.ws.WebSocketUpgradeHandler@4ea09850,
	nettyRequest=org.asynchttpclient.netty.request.NettyRequest@41b49693,
	future=java.util.concurrent.CompletableFuture@5ee99e24[Completed normally],
	uri=ws://localhost:64390/devtools/browser/02de5d0b-fa33-4cd9-a248-3c828b0bf7ae,
	keepAlive=true,
	redirectCount=0,
	timeoutsHolder=null,
	inAuth=0,
	touch=1667572076792}
21:27:59.915 [AsyncHttpClient-1-15] DEBUG org.asynchttpclient.netty.channel.ChannelManager - Closing Channel [id: 0xea69e968, L:/127.0.0.1:64398 ! R:localhost/127.0.0.1:64390] 
21:27:59.915 [Driver Command Executor] DEBUG org.asynchttpclient.netty.request.NettyRequestSender - Using pooled Channel '[id: 0xcffa5b68, L:/127.0.0.1:64389 - R:localhost/127.0.0.1:56227]' for 'DELETE' to 'http://localhost:56227/session/a9f1c6e46407dc56983f7f1f6d56c0dc'
21:27:59.915 [Driver Command Executor] DEBUG org.asynchttpclient.netty.request.NettyRequestSender - Using open Channel [id: 0xcffa5b68, L:/127.0.0.1:64389 - R:localhost/127.0.0.1:56227] for DELETE '/session/a9f1c6e46407dc56983f7f1f6d56c0dc'
21:27:59.926 [AsyncHttpClient-1-14] DEBUG org.asynchttpclient.netty.handler.HttpHandler - Unexpected I/O exception on channel [id: 0x5d32e519, L:/127.0.0.1:64397 - R:localhost/127.0.0.1:64390]
java.net.SocketException: Connection reset
	at java.base/sun.nio.ch.SocketChannelImpl.throwConnectionReset(SocketChannelImpl.java:345)
	at java.base/sun.nio.ch.SocketChannelImpl.read(SocketChannelImpl.java:376)
	at io.netty.buffer.PooledByteBuf.setBytes(PooledByteBuf.java:258)
	at io.netty.buffer.AbstractByteBuf.writeBytes(AbstractByteBuf.java:1132)
	at io.netty.channel.socket.nio.NioSocketChannel.doReadBytes(NioSocketChannel.java:350)
	at io.netty.channel.nio.AbstractNioByteChannel$NioByteUnsafe.read(AbstractNioByteChannel.java:151)
	at io.netty.channel.nio.NioEventLoop.processSelectedKey(NioEventLoop.java:722)
	at io.netty.channel.nio.NioEventLoop.processSelectedKeysOptimized(NioEventLoop.java:658)
	at io.netty.channel.nio.NioEventLoop.processSelectedKeys(NioEventLoop.java:584)
	at io.netty.channel.nio.NioEventLoop.run(NioEventLoop.java:496)
	at io.netty.util.concurrent.SingleThreadEventExecutor$4.run(SingleThreadEventExecutor.java:986)
	at io.netty.util.internal.ThreadExecutorMap$2.run(ThreadExecutorMap.java:74)
	at io.netty.util.concurrent.FastThreadLocalRunnable.run(FastThreadLocalRunnable.java:30)
	at java.base/java.lang.Thread.run(Thread.java:830)
21:27:59.926 [AsyncHttpClient-1-14] DEBUG org.asynchttpclient.netty.channel.ChannelManager - Closing Channel [id: 0x5d32e519, L:/127.0.0.1:64397 - R:localhost/127.0.0.1:64390] 
21:27:59.926 [AsyncHttpClient-1-14] DEBUG org.asynchttpclient.netty.handler.HttpHandler - Channel Closed: [id: 0x5d32e519, L:/127.0.0.1:64397 ! R:localhost/127.0.0.1:64390] with attribute DISCARD
21:27:59.966 [AsyncHttpClient-1-13] DEBUG org.asynchttpclient.netty.handler.HttpHandler - 

Request DefaultFullHttpRequest(decodeResult: success, version: HTTP/1.1, content: EmptyByteBufBE)
DELETE /session/a9f1c6e46407dc56983f7f1f6d56c0dc HTTP/1.1
User-Agent: selenium/4.1.2 (java windows)
Content-Type: application/json; charset=utf-8
host: localhost:56227
accept: */*

Response DefaultHttpResponse(decodeResult: success, version: HTTP/1.1)
HTTP/1.1 200 OK
Content-Type: application/json; charset=utf-8
cache-control: no-cache
content-length: 14

21:27:59.966 [AsyncHttpClient-1-13] DEBUG org.asynchttpclient.netty.channel.ChannelManager - Adding key: http://localhost:56227 for channel [id: 0xcffa5b68, L:/127.0.0.1:64389 - R:localhost/127.0.0.1:56227]
21:28:00.019 [AsyncHttpClient-1-13] DEBUG org.asynchttpclient.netty.handler.HttpHandler - Channel Closed: [id: 0xcffa5b68, L:/127.0.0.1:64389 ! R:localhost/127.0.0.1:56227] with attribute DISCARD
]]></system-out>
    <system-err><![CDATA[Starting ChromeDriver 106.0.5249.61 (511755355844955cd3e264779baf0dd38212a4d0-refs/branch-heads/5249@{#569}) on port 56227
Only local connections are allowed.
Please see https://chromedriver.chromium.org/security-considerations for suggestions on keeping ChromeDriver safe.
ChromeDriver was started successfully.
[1667572076.467][WARNING]: This version of ChromeDriver has not been tested with Chrome version 107.
Nov 04, 2022 9:27:56 PM org.openqa.selenium.remote.ProtocolHandshake createSession
INFO: Detected dialect: W3C
Nov 04, 2022 9:27:56 PM org.openqa.selenium.devtools.CdpVersionFinder findNearestMatch
WARNING: Unable to find an exact match for CDP version 107, so returning the closest version found: a no-op implementation
Nov 04, 2022 9:27:56 PM org.openqa.selenium.devtools.CdpVersionFinder findNearestMatch
INFO: Unable to find CDP implementation matching 107.
Nov 04, 2022 9:27:56 PM org.openqa.selenium.chromium.ChromiumDriver lambda$new$3
WARNING: Unable to find version of CDP to use for . You may need to include a dependency on a specific version of the CDP using something similar to `org.seleniumhq.selenium:selenium-devtools-v86:4.1.2` where the version ("v86") matches the version of the chromium-based browser you're using and the version number of the artifact is the same as Selenium's.
]]></system-err>
  </testcase>
</testsuite>