<?xml version="1.0" encoding="UTF-8"?>
<testsuite xmlns:xsi="http://www.w3.org/2001/XMLSchema-instance" xsi:noNamespaceSchemaLocation="https://maven.apache.org/surefire/maven-failsafe-plugin/xsd/failsafe-test-report-3.0.xsd" version="3.0" name="CucumberTestSuite" time="242.392" tests="27" errors="0" skipped="0" failures="0">
  <properties>
    <property name="java.specification.version" value="13"/>
    <property name="webdriver.chrome.driver" value="C:\Users\ASUS\Desktop\stupen\miniproject\Web\ASWeb\src\test\resources\webdriver\chromedriver.exe"/>
    <property name="sun.cpu.isalist" value="amd64"/>
    <property name="sun.jnu.encoding" value="Cp1252"/>
    <property name="java.class.path" value="C:\Users\ASUS\Desktop\stupen\miniproject\Web\ASWeb\target\test-classes;C:\Users\ASUS\.m2\repository\net\serenity-bdd\serenity-core\3.2.1\serenity-core-3.2.1.jar;C:\Users\ASUS\.m2\repository\net\serenity-bdd\serenity-model\3.2.1\serenity-model-3.2.1.jar;C:\Users\ASUS\.m2\repository\org\apache\commons\commons-text\1.9\commons-text-1.9.jar;C:\Users\ASUS\.m2\repository\commons-net\commons-net\3.8.0\commons-net-3.8.0.jar;C:\Users\ASUS\.m2\repository\com\google\guava\guava\31.1-jre\guava-31.1-jre.jar;C:\Users\ASUS\.m2\repository\com\google\guava\failureaccess\1.0.1\failureaccess-1.0.1.jar;C:\Users\ASUS\.m2\repository\com\google\guava\listenablefuture\9999.0-empty-to-avoid-conflict-with-guava\listenablefuture-9999.0-empty-to-avoid-conflict-with-guava.jar;C:\Users\ASUS\.m2\repository\com\google\code\findbugs\jsr305\3.0.2\jsr305-3.0.2.jar;C:\Users\ASUS\.m2\repository\org\checkerframework\checker-qual\3.12.0\checker-qual-3.12.0.jar;C:\Users\ASUS\.m2\repository\com\google\errorprone\error_prone_annotations\2.11.0\error_prone_annotations-2.11.0.jar;C:\Users\ASUS\.m2\repository\com\google\j2objc\j2objc-annotations\1.3\j2objc-annotations-1.3.jar;C:\Users\ASUS\.m2\repository\com\google\inject\guice\5.1.0\guice-5.1.0.jar;C:\Users\ASUS\.m2\repository\javax\inject\javax.inject\1\javax.inject-1.jar;C:\Users\ASUS\.m2\repository\aopalliance\aopalliance\1.0\aopalliance-1.0.jar;C:\Users\ASUS\.m2\repository\org\jsoup\jsoup\1.14.3\jsoup-1.14.3.jar;C:\Users\ASUS\.m2\repository\com\thoughtworks\xstream\xstream\1.4.19\xstream-1.4.19.jar;C:\Users\ASUS\.m2\repository\io\github\x-stream\mxparser\1.2.2\mxparser-1.2.2.jar;C:\Users\ASUS\.m2\repository\xmlpull\xmlpull\1.1.3.1\xmlpull-1.1.3.1.jar;C:\Users\ASUS\.m2\repository\io\cucumber\cucumber-java\7.2.3\cucumber-java-7.2.3.jar;C:\Users\ASUS\.m2\repository\com\typesafe\config\1.4.2\config-1.4.2.jar;C:\Users\ASUS\.m2\repository\org\imgscalr\imgscalr-lib\4.2\imgscalr-lib-4.2.jar;C:\Users\ASUS\.m2\repository\org\awaitility\awaitility\4.2.0\awaitility-4.2.0.jar;C:\Users\ASUS\.m2\repository\org\freemarker\freemarker\2.3.31\freemarker-2.3.31.jar;C:\Users\ASUS\.m2\repository\io\github\classgraph\classgraph\4.8.138\classgraph-4.8.138.jar;C:\Users\ASUS\.m2\repository\net\sourceforge\jexcelapi\jxl\2.6.12\jxl-2.6.12.jar;C:\Users\ASUS\.m2\repository\net\bytebuddy\byte-buddy\1.12.8\byte-buddy-1.12.8.jar;C:\Users\ASUS\.m2\repository\net\bytebuddy\byte-buddy-agent\1.12.8\byte-buddy-agent-1.12.8.jar;C:\Users\ASUS\.m2\repository\org\objenesis\objenesis\3.1\objenesis-3.1.jar;C:\Users\ASUS\.m2\repository\net\serenity-bdd\serenity-reports\3.2.1\serenity-reports-3.2.1.jar;C:\Users\ASUS\.m2\repository\net\serenity-bdd\serenity-stats\3.2.1\serenity-stats-3.2.1.jar;C:\Users\ASUS\.m2\repository\net\serenity-bdd\serenity-reports-configuration\3.2.1\serenity-reports-configuration-3.2.1.jar;C:\Users\ASUS\.m2\repository\com\vladsch\flexmark\flexmark-all\0.34.30\flexmark-all-0.34.30.jar;C:\Users\ASUS\.m2\repository\com\vladsch\flexmark\flexmark\0.34.30\flexmark-0.34.30.jar;C:\Users\ASUS\.m2\repository\com\vladsch\flexmark\flexmark-ext-abbreviation\0.34.30\flexmark-ext-abbreviation-0.34.30.jar;C:\Users\ASUS\.m2\repository\com\vladsch\flexmark\flexmark-ext-admonition\0.34.30\flexmark-ext-admonition-0.34.30.jar;C:\Users\ASUS\.m2\repository\com\vladsch\flexmark\flexmark-ext-anchorlink\0.34.30\flexmark-ext-anchorlink-0.34.30.jar;C:\Users\ASUS\.m2\repository\com\vladsch\flexmark\flexmark-ext-aside\0.34.30\flexmark-ext-aside-0.34.30.jar;C:\Users\ASUS\.m2\repository\com\vladsch\flexmark\flexmark-ext-attributes\0.34.30\flexmark-ext-attributes-0.34.30.jar;C:\Users\ASUS\.m2\repository\com\vladsch\flexmark\flexmark-ext-autolink\0.34.30\flexmark-ext-autolink-0.34.30.jar;C:\Users\ASUS\.m2\repository\org\nibor\autolink\autolink\0.6.0\autolink-0.6.0.jar;C:\Users\ASUS\.m2\repository\com\vladsch\flexmark\flexmark-ext-definition\0.34.30\flexmark-ext-definition-0.34.30.jar;C:\Users\ASUS\.m2\repository\com\vladsch\flexmark\flexmark-ext-emoji\0.34.30\flexmark-ext-emoji-0.34.30.jar;C:\Users\ASUS\.m2\repository\com\vladsch\flexmark\flexmark-ext-enumerated-reference\0.34.30\flexmark-ext-enumerated-reference-0.34.30.jar;C:\Users\ASUS\.m2\repository\com\vladsch\flexmark\flexmark-ext-escaped-character\0.34.30\flexmark-ext-escaped-character-0.34.30.jar;C:\Users\ASUS\.m2\repository\com\vladsch\flexmark\flexmark-ext-footnotes\0.34.30\flexmark-ext-footnotes-0.34.30.jar;C:\Users\ASUS\.m2\repository\com\vladsch\flexmark\flexmark-ext-gfm-issues\0.34.30\flexmark-ext-gfm-issues-0.34.30.jar;C:\Users\ASUS\.m2\repository\com\vladsch\flexmark\flexmark-ext-gfm-strikethrough\0.34.30\flexmark-ext-gfm-strikethrough-0.34.30.jar;C:\Users\ASUS\.m2\repository\com\vladsch\flexmark\flexmark-ext-gfm-tables\0.34.30\flexmark-ext-gfm-tables-0.34.30.jar;C:\Users\ASUS\.m2\repository\com\vladsch\flexmark\flexmark-ext-gfm-tasklist\0.34.30\flexmark-ext-gfm-tasklist-0.34.30.jar;C:\Users\ASUS\.m2\repository\com\vladsch\flexmark\flexmark-ext-gfm-users\0.34.30\flexmark-ext-gfm-users-0.34.30.jar;C:\Users\ASUS\.m2\repository\com\vladsch\flexmark\flexmark-ext-gitlab\0.34.30\flexmark-ext-gitlab-0.34.30.jar;C:\Users\ASUS\.m2\repository\com\vladsch\flexmark\flexmark-ext-jekyll-front-matter\0.34.30\flexmark-ext-jekyll-front-matter-0.34.30.jar;C:\Users\ASUS\.m2\repository\com\vladsch\flexmark\flexmark-ext-jekyll-tag\0.34.30\flexmark-ext-jekyll-tag-0.34.30.jar;C:\Users\ASUS\.m2\repository\com\vladsch\flexmark\flexmark-ext-media-tags\0.34.30\flexmark-ext-media-tags-0.34.30.jar;C:\Users\ASUS\.m2\repository\com\vladsch\flexmark\flexmark-test-util\0.34.30\flexmark-test-util-0.34.30.jar;C:\Users\ASUS\.m2\repository\com\vladsch\flexmark\flexmark-ext-ins\0.34.30\flexmark-ext-ins-0.34.30.jar;C:\Users\ASUS\.m2\repository\com\vladsch\flexmark\flexmark-ext-xwiki-macros\0.34.30\flexmark-ext-xwiki-macros-0.34.30.jar;C:\Users\ASUS\.m2\repository\com\vladsch\flexmark\flexmark-ext-superscript\0.34.30\flexmark-ext-superscript-0.34.30.jar;C:\Users\ASUS\.m2\repository\com\vladsch\flexmark\flexmark-ext-tables\0.34.30\flexmark-ext-tables-0.34.30.jar;C:\Users\ASUS\.m2\repository\com\vladsch\flexmark\flexmark-ext-toc\0.34.30\flexmark-ext-toc-0.34.30.jar;C:\Users\ASUS\.m2\repository\com\vladsch\flexmark\flexmark-ext-typographic\0.34.30\flexmark-ext-typographic-0.34.30.jar;C:\Users\ASUS\.m2\repository\com\vladsch\flexmark\flexmark-ext-wikilink\0.34.30\flexmark-ext-wikilink-0.34.30.jar;C:\Users\ASUS\.m2\repository\com\vladsch\flexmark\flexmark-ext-yaml-front-matter\0.34.30\flexmark-ext-yaml-front-matter-0.34.30.jar;C:\Users\ASUS\.m2\repository\com\vladsch\flexmark\flexmark-ext-youtube-embedded\0.34.30\flexmark-ext-youtube-embedded-0.34.30.jar;C:\Users\ASUS\.m2\repository\com\vladsch\flexmark\flexmark-formatter\0.34.30\flexmark-formatter-0.34.30.jar;C:\Users\ASUS\.m2\repository\com\vladsch\flexmark\flexmark-html-parser\0.34.30\flexmark-html-parser-0.34.30.jar;C:\Users\ASUS\.m2\repository\com\vladsch\flexmark\flexmark-jira-converter\0.34.30\flexmark-jira-converter-0.34.30.jar;C:\Users\ASUS\.m2\repository\com\vladsch\flexmark\flexmark-pdf-converter\0.34.30\flexmark-pdf-converter-0.34.30.jar;C:\Users\ASUS\.m2\repository\com\openhtmltopdf\openhtmltopdf-core\0.0.1-RC13\openhtmltopdf-core-0.0.1-RC13.jar;C:\Users\ASUS\.m2\repository\com\openhtmltopdf\openhtmltopdf-pdfbox\0.0.1-RC13\openhtmltopdf-pdfbox-0.0.1-RC13.jar;C:\Users\ASUS\.m2\repository\org\apache\pdfbox\pdfbox\2.0.8\pdfbox-2.0.8.jar;C:\Users\ASUS\.m2\repository\org\apache\pdfbox\fontbox\2.0.8\fontbox-2.0.8.jar;C:\Users\ASUS\.m2\repository\commons-logging\commons-logging\1.2\commons-logging-1.2.jar;C:\Users\ASUS\.m2\repository\org\apache\pdfbox\xmpbox\2.0.8\xmpbox-2.0.8.jar;C:\Users\ASUS\.m2\repository\de\rototor\pdfbox\graphics2d\0.12\graphics2d-0.12.jar;C:\Users\ASUS\.m2\repository\com\openhtmltopdf\openhtmltopdf-rtl-support\0.0.1-RC13\openhtmltopdf-rtl-support-0.0.1-RC13.jar;C:\Users\ASUS\.m2\repository\com\ibm\icu\icu4j\59.1\icu4j-59.1.jar;C:\Users\ASUS\.m2\repository\com\openhtmltopdf\openhtmltopdf-jsoup-dom-converter\0.0.1-RC13\openhtmltopdf-jsoup-dom-converter-0.0.1-RC13.jar;C:\Users\ASUS\.m2\repository\com\vladsch\flexmark\flexmark-profile-pegdown\0.34.30\flexmark-profile-pegdown-0.34.30.jar;C:\Users\ASUS\.m2\repository\com\vladsch\flexmark\flexmark-util\0.34.30\flexmark-util-0.34.30.jar;C:\Users\ASUS\.m2\repository\com\vladsch\flexmark\flexmark-youtrack-converter\0.34.30\flexmark-youtrack-converter-0.34.30.jar;C:\Users\ASUS\.m2\repository\es\nitaur\markdown\txtmark\0.16\txtmark-0.16.jar;C:\Users\ASUS\.m2\repository\net\serenity-bdd\serenity-report-resources\3.2.1\serenity-report-resources-3.2.1.jar;C:\Users\ASUS\.m2\repository\com\google\code\gson\gson\2.9.0\gson-2.9.0.jar;C:\Users\ASUS\.m2\repository\com\fasterxml\jackson\core\jackson-core\2.13.2\jackson-core-2.13.2.jar;C:\Users\ASUS\.m2\repository\com\fasterxml\jackson\core\jackson-databind\2.13.2\jackson-databind-2.13.2.jar;C:\Users\ASUS\.m2\repository\com\fasterxml\jackson\core\jackson-annotations\2.13.2\jackson-annotations-2.13.2.jar;C:\Users\ASUS\.m2\repository\commons-codec\commons-codec\1.15\commons-codec-1.15.jar;C:\Users\ASUS\.m2\repository\commons-io\commons-io\2.11.0\commons-io-2.11.0.jar;C:\Users\ASUS\.m2\repository\org\seleniumhq\selenium\selenium-java\4.1.2\selenium-java-4.1.2.jar;C:\Users\ASUS\.m2\repository\org\seleniumhq\selenium\selenium-devtools-v85\4.1.2\selenium-devtools-v85-4.1.2.jar;C:\Users\ASUS\.m2\repository\org\seleniumhq\selenium\selenium-devtools-v95\4.1.2\selenium-devtools-v95-4.1.2.jar;C:\Users\ASUS\.m2\repository\org\seleniumhq\selenium\selenium-devtools-v96\4.1.2\selenium-devtools-v96-4.1.2.jar;C:\Users\ASUS\.m2\repository\org\seleniumhq\selenium\selenium-devtools-v97\4.1.2\selenium-devtools-v97-4.1.2.jar;C:\Users\ASUS\.m2\repository\org\seleniumhq\selenium\selenium-firefox-xpi-driver\4.1.2\selenium-firefox-xpi-driver-4.1.2.jar;C:\Users\ASUS\.m2\repository\org\seleniumhq\selenium\selenium-opera-driver\4.1.2\selenium-opera-driver-4.1.2.jar;C:\Users\ASUS\.m2\repository\org\seleniumhq\selenium\selenium-remote-driver\4.1.2\selenium-remote-driver-4.1.2.jar;C:\Users\ASUS\.m2\repository\com\beust\jcommander\1.82\jcommander-1.82.jar;C:\Users\ASUS\.m2\repository\io\netty\netty-buffer\4.1.73.Final\netty-buffer-4.1.73.Final.jar;C:\Users\ASUS\.m2\repository\io\netty\netty-codec-http\4.1.73.Final\netty-codec-http-4.1.73.Final.jar;C:\Users\ASUS\.m2\repository\io\netty\netty-codec\4.1.73.Final\netty-codec-4.1.73.Final.jar;C:\Users\ASUS\.m2\repository\io\netty\netty-handler\4.1.73.Final\netty-handler-4.1.73.Final.jar;C:\Users\ASUS\.m2\repository\io\netty\netty-tcnative-classes\2.0.46.Final\netty-tcnative-classes-2.0.46.Final.jar;C:\Users\ASUS\.m2\repository\io\netty\netty-common\4.1.73.Final\netty-common-4.1.73.Final.jar;C:\Users\ASUS\.m2\repository\io\netty\netty-transport-classes-epoll\4.1.73.Final\netty-transport-classes-epoll-4.1.73.Final.jar;C:\Users\ASUS\.m2\repository\io\netty\netty-transport-classes-kqueue\4.1.73.Final\netty-transport-classes-kqueue-4.1.73.Final.jar;C:\Users\ASUS\.m2\repository\io\netty\netty-transport-native-epoll\4.1.73.Final\netty-transport-native-epoll-4.1.73.Final.jar;C:\Users\ASUS\.m2\repository\io\netty\netty-transport-native-kqueue\4.1.73.Final\netty-transport-native-kqueue-4.1.73.Final.jar;C:\Users\ASUS\.m2\repository\io\netty\netty-transport-native-unix-common\4.1.73.Final\netty-transport-native-unix-common-4.1.73.Final.jar;C:\Users\ASUS\.m2\repository\io\netty\netty-transport\4.1.73.Final\netty-transport-4.1.73.Final.jar;C:\Users\ASUS\.m2\repository\io\netty\netty-resolver\4.1.73.Final\netty-resolver-4.1.73.Final.jar;C:\Users\ASUS\.m2\repository\io\opentelemetry\opentelemetry-api\1.10.1\opentelemetry-api-1.10.1.jar;C:\Users\ASUS\.m2\repository\io\opentelemetry\opentelemetry-context\1.10.1\opentelemetry-context-1.10.1.jar;C:\Users\ASUS\.m2\repository\io\opentelemetry\opentelemetry-exporter-logging\1.10.1\opentelemetry-exporter-logging-1.10.1.jar;C:\Users\ASUS\.m2\repository\io\opentelemetry\opentelemetry-sdk-metrics\1.10.1-alpha\opentelemetry-sdk-metrics-1.10.1-alpha.jar;C:\Users\ASUS\.m2\repository\io\opentelemetry\opentelemetry-sdk-logs\1.10.1-alpha\opentelemetry-sdk-logs-1.10.1-alpha.jar;C:\Users\ASUS\.m2\repository\io\opentelemetry\opentelemetry-sdk-common\1.10.1\opentelemetry-sdk-common-1.10.1.jar;C:\Users\ASUS\.m2\repository\io\opentelemetry\opentelemetry-sdk-extension-autoconfigure-spi\1.10.1\opentelemetry-sdk-extension-autoconfigure-spi-1.10.1.jar;C:\Users\ASUS\.m2\repository\io\opentelemetry\opentelemetry-sdk-extension-autoconfigure\1.10.1-alpha\opentelemetry-sdk-extension-autoconfigure-1.10.1-alpha.jar;C:\Users\ASUS\.m2\repository\io\opentelemetry\opentelemetry-sdk-trace\1.10.1\opentelemetry-sdk-trace-1.10.1.jar;C:\Users\ASUS\.m2\repository\io\opentelemetry\opentelemetry-sdk\1.10.1\opentelemetry-sdk-1.10.1.jar;C:\Users\ASUS\.m2\repository\io\opentelemetry\opentelemetry-semconv\1.10.1-alpha\opentelemetry-semconv-1.10.1-alpha.jar;C:\Users\ASUS\.m2\repository\io\ous\jtoml\2.0.0\jtoml-2.0.0.jar;C:\Users\ASUS\.m2\repository\org\apache\commons\commons-exec\1.3\commons-exec-1.3.jar;C:\Users\ASUS\.m2\repository\org\asynchttpclient\async-http-client\2.12.3\async-http-client-2.12.3.jar;C:\Users\ASUS\.m2\repository\org\asynchttpclient\async-http-client-netty-utils\2.12.3\async-http-client-netty-utils-2.12.3.jar;C:\Users\ASUS\.m2\repository\io\netty\netty-codec-socks\4.1.60.Final\netty-codec-socks-4.1.60.Final.jar;C:\Users\ASUS\.m2\repository\io\netty\netty-handler-proxy\4.1.60.Final\netty-handler-proxy-4.1.60.Final.jar;C:\Users\ASUS\.m2\repository\io\netty\netty-transport-native-epoll\4.1.60.Final\netty-transport-native-epoll-4.1.60.Final-linux-x86_64.jar;C:\Users\ASUS\.m2\repository\io\netty\netty-transport-native-kqueue\4.1.60.Final\netty-transport-native-kqueue-4.1.60.Final-osx-x86_64.jar;C:\Users\ASUS\.m2\repository\org\reactivestreams\reactive-streams\1.0.3\reactive-streams-1.0.3.jar;C:\Users\ASUS\.m2\repository\com\typesafe\netty\netty-reactive-streams\2.0.4\netty-reactive-streams-2.0.4.jar;C:\Users\ASUS\.m2\repository\org\seleniumhq\selenium\selenium-http\4.1.2\selenium-http-4.1.2.jar;C:\Users\ASUS\.m2\repository\net\jodah\failsafe\2.4.4\failsafe-2.4.4.jar;C:\Users\ASUS\.m2\repository\org\seleniumhq\selenium\selenium-safari-driver\4.1.2\selenium-safari-driver-4.1.2.jar;C:\Users\ASUS\.m2\repository\org\seleniumhq\selenium\selenium-api\4.1.2\selenium-api-4.1.2.jar;C:\Users\ASUS\.m2\repository\org\seleniumhq\selenium\selenium-support\4.1.2\selenium-support-4.1.2.jar;C:\Users\ASUS\.m2\repository\com\google\auto\service\auto-service-annotations\1.0.1\auto-service-annotations-1.0.1.jar;C:\Users\ASUS\.m2\repository\com\google\auto\service\auto-service\1.0.1\auto-service-1.0.1.jar;C:\Users\ASUS\.m2\repository\com\google\auto\auto-common\1.2\auto-common-1.2.jar;C:\Users\ASUS\.m2\repository\org\seleniumhq\selenium\selenium-json\4.1.2\selenium-json-4.1.2.jar;C:\Users\ASUS\.m2\repository\org\seleniumhq\selenium\selenium-chrome-driver\4.1.2\selenium-chrome-driver-4.1.2.jar;C:\Users\ASUS\.m2\repository\org\seleniumhq\selenium\selenium-chromium-driver\4.1.2\selenium-chromium-driver-4.1.2.jar;C:\Users\ASUS\.m2\repository\org\seleniumhq\selenium\selenium-firefox-driver\4.1.2\selenium-firefox-driver-4.1.2.jar;C:\Users\ASUS\.m2\repository\org\seleniumhq\selenium\selenium-edge-driver\4.1.2\selenium-edge-driver-4.1.2.jar;C:\Users\ASUS\.m2\repository\org\seleniumhq\selenium\selenium-ie-driver\4.1.2\selenium-ie-driver-4.1.2.jar;C:\Users\ASUS\.m2\repository\org\projectlombok\lombok\1.18.20\lombok-1.18.20.jar;C:\Users\ASUS\.m2\repository\io\appium\java-client\8.0.0\java-client-8.0.0.jar;C:\Users\ASUS\.m2\repository\commons-validator\commons-validator\1.7\commons-validator-1.7.jar;C:\Users\ASUS\.m2\repository\commons-digester\commons-digester\2.1\commons-digester-2.1.jar;C:\Users\ASUS\.m2\repository\org\aspectj\aspectjweaver\1.9.8\aspectjweaver-1.9.8.jar;C:\Users\ASUS\.m2\repository\org\codehaus\groovy\groovy\3.0.10\groovy-3.0.10.jar;C:\Users\ASUS\.m2\repository\net\sf\opencsv\opencsv\2.0\opencsv-2.0.jar;C:\Users\ASUS\.m2\repository\commons-beanutils\commons-beanutils\1.9.4\commons-beanutils-1.9.4.jar;C:\Users\ASUS\.m2\repository\org\apache\commons\commons-lang3\3.12.0\commons-lang3-3.12.0.jar;C:\Users\ASUS\.m2\repository\commons-collections\commons-collections\3.2.2\commons-collections-3.2.2.jar;C:\Users\ASUS\.m2\repository\org\fluentlenium\fluentlenium-core\0.10.2\fluentlenium-core-0.10.2.jar;C:\Users\ASUS\.m2\repository\io\github\bonigarcia\webdrivermanager\5.1.0\webdrivermanager-5.1.0.jar;C:\Users\ASUS\.m2\repository\com\github\docker-java\docker-java\3.2.13\docker-java-3.2.13.jar;C:\Users\ASUS\.m2\repository\com\github\docker-java\docker-java-core\3.2.13\docker-java-core-3.2.13.jar;C:\Users\ASUS\.m2\repository\com\github\docker-java\docker-java-api\3.2.13\docker-java-api-3.2.13.jar;C:\Users\ASUS\.m2\repository\org\apache\commons\commons-compress\1.21\commons-compress-1.21.jar;C:\Users\ASUS\.m2\repository\org\bouncycastle\bcpkix-jdk15on\1.64\bcpkix-jdk15on-1.64.jar;C:\Users\ASUS\.m2\repository\org\bouncycastle\bcprov-jdk15on\1.64\bcprov-jdk15on-1.64.jar;C:\Users\ASUS\.m2\repository\org\slf4j\jcl-over-slf4j\1.7.30\jcl-over-slf4j-1.7.30.jar;C:\Users\ASUS\.m2\repository\com\github\docker-java\docker-java-transport-httpclient5\3.2.13\docker-java-transport-httpclient5-3.2.13.jar;C:\Users\ASUS\.m2\repository\com\github\docker-java\docker-java-transport\3.2.13\docker-java-transport-3.2.13.jar;C:\Users\ASUS\.m2\repository\org\apache\httpcomponents\client5\httpclient5\5.0.3\httpclient5-5.0.3.jar;C:\Users\ASUS\.m2\repository\org\apache\httpcomponents\core5\httpcore5\5.0.2\httpcore5-5.0.2.jar;C:\Users\ASUS\.m2\repository\net\java\dev\jna\jna\5.8.0\jna-5.8.0.jar;C:\Users\ASUS\.m2\repository\org\brotli\dec\0.1.2\dec-0.1.2.jar;C:\Users\ASUS\.m2\repository\com\jhlabs\filters\2.0.235\filters-2.0.235.jar;C:\Users\ASUS\.m2\repository\com\paulhammant\ngwebdriver\1.1.6\ngwebdriver-1.1.6.jar;C:\Users\ASUS\.m2\repository\joda-time\joda-time\2.8.2\joda-time-2.8.2.jar;C:\Users\ASUS\.m2\repository\org\hamcrest\hamcrest\2.2\hamcrest-2.2.jar;C:\Users\ASUS\.m2\repository\com\google\jimfs\jimfs\1.2\jimfs-1.2.jar;C:\Users\ASUS\.m2\repository\org\mockito\mockito-core\3.3.3\mockito-core-3.3.3.jar;C:\Users\ASUS\.m2\repository\javax\xml\bind\jaxb-api\2.3.1\jaxb-api-2.3.1.jar;C:\Users\ASUS\.m2\repository\javax\activation\javax.activation-api\1.2.0\javax.activation-api-1.2.0.jar;C:\Users\ASUS\.m2\repository\com\sun\xml\bind\jaxb-core\2.3.0.1\jaxb-core-2.3.0.1.jar;C:\Users\ASUS\.m2\repository\com\sun\xml\bind\jaxb-impl\2.3.3\jaxb-impl-2.3.3.jar;C:\Users\ASUS\.m2\repository\jakarta\xml\bind\jakarta.xml.bind-api\2.3.3\jakarta.xml.bind-api-2.3.3.jar;C:\Users\ASUS\.m2\repository\com\sun\activation\jakarta.activation\1.2.2\jakarta.activation-1.2.2.jar;C:\Users\ASUS\.m2\repository\javax\activation\activation\1.1.1\activation-1.1.1.jar;C:\Users\ASUS\.m2\repository\net\serenity-bdd\serenity-cucumber\3.2.1\serenity-cucumber-3.2.1.jar;C:\Users\ASUS\.m2\repository\io\cucumber\cucumber-core\7.2.3\cucumber-core-7.2.3.jar;C:\Users\ASUS\.m2\repository\io\cucumber\cucumber-gherkin\7.2.3\cucumber-gherkin-7.2.3.jar;C:\Users\ASUS\.m2\repository\io\cucumber\cucumber-gherkin-messages\7.2.3\cucumber-gherkin-messages-7.2.3.jar;C:\Users\ASUS\.m2\repository\io\cucumber\messages\17.1.1\messages-17.1.1.jar;C:\Users\ASUS\.m2\repository\io\cucumber\tag-expressions\4.1.0\tag-expressions-4.1.0.jar;C:\Users\ASUS\.m2\repository\io\cucumber\cucumber-expressions\15.0.1\cucumber-expressions-15.0.1.jar;C:\Users\ASUS\.m2\repository\io\cucumber\datatable\7.2.3\datatable-7.2.3.jar;C:\Users\ASUS\.m2\repository\io\cucumber\cucumber-plugin\7.2.3\cucumber-plugin-7.2.3.jar;C:\Users\ASUS\.m2\repository\io\cucumber\docstring\7.2.3\docstring-7.2.3.jar;C:\Users\ASUS\.m2\repository\io\cucumber\html-formatter\17.0.0\html-formatter-17.0.0.jar;C:\Users\ASUS\.m2\repository\io\cucumber\ci-environment\8.1.0\ci-environment-8.1.0.jar;C:\Users\ASUS\.m2\repository\io\cucumber\cucumber-junit\7.2.3\cucumber-junit-7.2.3.jar;C:\Users\ASUS\.m2\repository\org\apache\commons\commons-csv\1.5\commons-csv-1.5.jar;C:\Users\ASUS\.m2\repository\net\serenity-bdd\serenity-screenplay\3.2.1\serenity-screenplay-3.2.1.jar;C:\Users\ASUS\.m2\repository\net\serenity-bdd\serenity-screenplay-webdriver\3.2.1\serenity-screenplay-webdriver-3.2.1.jar;C:\Users\ASUS\.m2\repository\net\serenity-bdd\serenity-ensure\3.2.1\serenity-ensure-3.2.1.jar;C:\Users\ASUS\.m2\repository\net\serenity-bdd\serenity-junit\3.2.1\serenity-junit-3.2.1.jar;C:\Users\ASUS\.m2\repository\org\jetbrains\kotlin\kotlin-stdlib\1.6.0\kotlin-stdlib-1.6.0.jar;C:\Users\ASUS\.m2\repository\org\jetbrains\annotations\13.0\annotations-13.0.jar;C:\Users\ASUS\.m2\repository\org\jetbrains\kotlin\kotlin-stdlib-common\1.6.0\kotlin-stdlib-common-1.6.0.jar;C:\Users\ASUS\.m2\repository\org\junit\platform\junit-platform-launcher\1.8.1\junit-platform-launcher-1.8.1.jar;C:\Users\ASUS\.m2\repository\org\junit\platform\junit-platform-engine\1.8.1\junit-platform-engine-1.8.1.jar;C:\Users\ASUS\.m2\repository\org\opentest4j\opentest4j\1.2.0\opentest4j-1.2.0.jar;C:\Users\ASUS\.m2\repository\org\junit\platform\junit-platform-commons\1.8.1\junit-platform-commons-1.8.1.jar;C:\Users\ASUS\.m2\repository\org\apiguardian\apiguardian-api\1.1.2\apiguardian-api-1.1.2.jar;C:\Users\ASUS\.m2\repository\org\junit\jupiter\junit-jupiter-engine\5.8.2\junit-jupiter-engine-5.8.2.jar;C:\Users\ASUS\.m2\repository\org\junit\jupiter\junit-jupiter-api\5.8.2\junit-jupiter-api-5.8.2.jar;C:\Users\ASUS\.m2\repository\org\junit\vintage\junit-vintage-engine\5.8.2\junit-vintage-engine-5.8.2.jar;C:\Users\ASUS\.m2\repository\junit\junit\4.13.2\junit-4.13.2.jar;C:\Users\ASUS\.m2\repository\org\hamcrest\hamcrest-core\1.3\hamcrest-core-1.3.jar;C:\Users\ASUS\.m2\repository\ch\qos\logback\logback-classic\1.2.10\logback-classic-1.2.10.jar;C:\Users\ASUS\.m2\repository\ch\qos\logback\logback-core\1.2.10\logback-core-1.2.10.jar;C:\Users\ASUS\.m2\repository\org\slf4j\slf4j-api\1.7.32\slf4j-api-1.7.32.jar;C:\Users\ASUS\.m2\repository\org\assertj\assertj-core\3.6.2\assertj-core-3.6.2.jar;"/>
    <property name="java.vm.vendor" value="Oracle Corporation"/>
    <property name="sun.arch.data.model" value="64"/>
    <property name="user.variant" value=""/>
    <property name="java.vendor.url" value="https://java.oracle.com/"/>
    <property name="user.timezone" value="Asia/Jakarta"/>
    <property name="log4j2.formatMsgNoLookups" value="true"/>
    <property name="os.name" value="Windows 10"/>
    <property name="java.vm.specification.version" value="13"/>
    <property name="sun.java.launcher" value="SUN_STANDARD"/>
    <property name="user.country" value="ID"/>
    <property name="sun.boot.library.path" value="C:\Program Files\Java\jdk-13.0.2\bin"/>
    <property name="sun.java.command" value="org.apache.maven.surefire.booter.ForkedBooter C:\Users\ASUS\AppData\Local\Temp\surefire4878373327616061058 2022-11-03T21-11-35_688-jvmRun1 surefire6468052474118376548tmp surefire_03896100064506232064tmp"/>
    <property name="jdk.debug" value="release"/>
    <property name="surefire.test.class.path" value="C:\Users\ASUS\Desktop\stupen\miniproject\Web\ASWeb\target\test-classes;C:\Users\ASUS\.m2\repository\net\serenity-bdd\serenity-core\3.2.1\serenity-core-3.2.1.jar;C:\Users\ASUS\.m2\repository\net\serenity-bdd\serenity-model\3.2.1\serenity-model-3.2.1.jar;C:\Users\ASUS\.m2\repository\org\apache\commons\commons-text\1.9\commons-text-1.9.jar;C:\Users\ASUS\.m2\repository\commons-net\commons-net\3.8.0\commons-net-3.8.0.jar;C:\Users\ASUS\.m2\repository\com\google\guava\guava\31.1-jre\guava-31.1-jre.jar;C:\Users\ASUS\.m2\repository\com\google\guava\failureaccess\1.0.1\failureaccess-1.0.1.jar;C:\Users\ASUS\.m2\repository\com\google\guava\listenablefuture\9999.0-empty-to-avoid-conflict-with-guava\listenablefuture-9999.0-empty-to-avoid-conflict-with-guava.jar;C:\Users\ASUS\.m2\repository\com\google\code\findbugs\jsr305\3.0.2\jsr305-3.0.2.jar;C:\Users\ASUS\.m2\repository\org\checkerframework\checker-qual\3.12.0\checker-qual-3.12.0.jar;C:\Users\ASUS\.m2\repository\com\google\errorprone\error_prone_annotations\2.11.0\error_prone_annotations-2.11.0.jar;C:\Users\ASUS\.m2\repository\com\google\j2objc\j2objc-annotations\1.3\j2objc-annotations-1.3.jar;C:\Users\ASUS\.m2\repository\com\google\inject\guice\5.1.0\guice-5.1.0.jar;C:\Users\ASUS\.m2\repository\javax\inject\javax.inject\1\javax.inject-1.jar;C:\Users\ASUS\.m2\repository\aopalliance\aopalliance\1.0\aopalliance-1.0.jar;C:\Users\ASUS\.m2\repository\org\jsoup\jsoup\1.14.3\jsoup-1.14.3.jar;C:\Users\ASUS\.m2\repository\com\thoughtworks\xstream\xstream\1.4.19\xstream-1.4.19.jar;C:\Users\ASUS\.m2\repository\io\github\x-stream\mxparser\1.2.2\mxparser-1.2.2.jar;C:\Users\ASUS\.m2\repository\xmlpull\xmlpull\1.1.3.1\xmlpull-1.1.3.1.jar;C:\Users\ASUS\.m2\repository\io\cucumber\cucumber-java\7.2.3\cucumber-java-7.2.3.jar;C:\Users\ASUS\.m2\repository\com\typesafe\config\1.4.2\config-1.4.2.jar;C:\Users\ASUS\.m2\repository\org\imgscalr\imgscalr-lib\4.2\imgscalr-lib-4.2.jar;C:\Users\ASUS\.m2\repository\org\awaitility\awaitility\4.2.0\awaitility-4.2.0.jar;C:\Users\ASUS\.m2\repository\org\freemarker\freemarker\2.3.31\freemarker-2.3.31.jar;C:\Users\ASUS\.m2\repository\io\github\classgraph\classgraph\4.8.138\classgraph-4.8.138.jar;C:\Users\ASUS\.m2\repository\net\sourceforge\jexcelapi\jxl\2.6.12\jxl-2.6.12.jar;C:\Users\ASUS\.m2\repository\net\bytebuddy\byte-buddy\1.12.8\byte-buddy-1.12.8.jar;C:\Users\ASUS\.m2\repository\net\bytebuddy\byte-buddy-agent\1.12.8\byte-buddy-agent-1.12.8.jar;C:\Users\ASUS\.m2\repository\org\objenesis\objenesis\3.1\objenesis-3.1.jar;C:\Users\ASUS\.m2\repository\net\serenity-bdd\serenity-reports\3.2.1\serenity-reports-3.2.1.jar;C:\Users\ASUS\.m2\repository\net\serenity-bdd\serenity-stats\3.2.1\serenity-stats-3.2.1.jar;C:\Users\ASUS\.m2\repository\net\serenity-bdd\serenity-reports-configuration\3.2.1\serenity-reports-configuration-3.2.1.jar;C:\Users\ASUS\.m2\repository\com\vladsch\flexmark\flexmark-all\0.34.30\flexmark-all-0.34.30.jar;C:\Users\ASUS\.m2\repository\com\vladsch\flexmark\flexmark\0.34.30\flexmark-0.34.30.jar;C:\Users\ASUS\.m2\repository\com\vladsch\flexmark\flexmark-ext-abbreviation\0.34.30\flexmark-ext-abbreviation-0.34.30.jar;C:\Users\ASUS\.m2\repository\com\vladsch\flexmark\flexmark-ext-admonition\0.34.30\flexmark-ext-admonition-0.34.30.jar;C:\Users\ASUS\.m2\repository\com\vladsch\flexmark\flexmark-ext-anchorlink\0.34.30\flexmark-ext-anchorlink-0.34.30.jar;C:\Users\ASUS\.m2\repository\com\vladsch\flexmark\flexmark-ext-aside\0.34.30\flexmark-ext-aside-0.34.30.jar;C:\Users\ASUS\.m2\repository\com\vladsch\flexmark\flexmark-ext-attributes\0.34.30\flexmark-ext-attributes-0.34.30.jar;C:\Users\ASUS\.m2\repository\com\vladsch\flexmark\flexmark-ext-autolink\0.34.30\flexmark-ext-autolink-0.34.30.jar;C:\Users\ASUS\.m2\repository\org\nibor\autolink\autolink\0.6.0\autolink-0.6.0.jar;C:\Users\ASUS\.m2\repository\com\vladsch\flexmark\flexmark-ext-definition\0.34.30\flexmark-ext-definition-0.34.30.jar;C:\Users\ASUS\.m2\repository\com\vladsch\flexmark\flexmark-ext-emoji\0.34.30\flexmark-ext-emoji-0.34.30.jar;C:\Users\ASUS\.m2\repository\com\vladsch\flexmark\flexmark-ext-enumerated-reference\0.34.30\flexmark-ext-enumerated-reference-0.34.30.jar;C:\Users\ASUS\.m2\repository\com\vladsch\flexmark\flexmark-ext-escaped-character\0.34.30\flexmark-ext-escaped-character-0.34.30.jar;C:\Users\ASUS\.m2\repository\com\vladsch\flexmark\flexmark-ext-footnotes\0.34.30\flexmark-ext-footnotes-0.34.30.jar;C:\Users\ASUS\.m2\repository\com\vladsch\flexmark\flexmark-ext-gfm-issues\0.34.30\flexmark-ext-gfm-issues-0.34.30.jar;C:\Users\ASUS\.m2\repository\com\vladsch\flexmark\flexmark-ext-gfm-strikethrough\0.34.30\flexmark-ext-gfm-strikethrough-0.34.30.jar;C:\Users\ASUS\.m2\repository\com\vladsch\flexmark\flexmark-ext-gfm-tables\0.34.30\flexmark-ext-gfm-tables-0.34.30.jar;C:\Users\ASUS\.m2\repository\com\vladsch\flexmark\flexmark-ext-gfm-tasklist\0.34.30\flexmark-ext-gfm-tasklist-0.34.30.jar;C:\Users\ASUS\.m2\repository\com\vladsch\flexmark\flexmark-ext-gfm-users\0.34.30\flexmark-ext-gfm-users-0.34.30.jar;C:\Users\ASUS\.m2\repository\com\vladsch\flexmark\flexmark-ext-gitlab\0.34.30\flexmark-ext-gitlab-0.34.30.jar;C:\Users\ASUS\.m2\repository\com\vladsch\flexmark\flexmark-ext-jekyll-front-matter\0.34.30\flexmark-ext-jekyll-front-matter-0.34.30.jar;C:\Users\ASUS\.m2\repository\com\vladsch\flexmark\flexmark-ext-jekyll-tag\0.34.30\flexmark-ext-jekyll-tag-0.34.30.jar;C:\Users\ASUS\.m2\repository\com\vladsch\flexmark\flexmark-ext-media-tags\0.34.30\flexmark-ext-media-tags-0.34.30.jar;C:\Users\ASUS\.m2\repository\com\vladsch\flexmark\flexmark-test-util\0.34.30\flexmark-test-util-0.34.30.jar;C:\Users\ASUS\.m2\repository\com\vladsch\flexmark\flexmark-ext-ins\0.34.30\flexmark-ext-ins-0.34.30.jar;C:\Users\ASUS\.m2\repository\com\vladsch\flexmark\flexmark-ext-xwiki-macros\0.34.30\flexmark-ext-xwiki-macros-0.34.30.jar;C:\Users\ASUS\.m2\repository\com\vladsch\flexmark\flexmark-ext-superscript\0.34.30\flexmark-ext-superscript-0.34.30.jar;C:\Users\ASUS\.m2\repository\com\vladsch\flexmark\flexmark-ext-tables\0.34.30\flexmark-ext-tables-0.34.30.jar;C:\Users\ASUS\.m2\repository\com\vladsch\flexmark\flexmark-ext-toc\0.34.30\flexmark-ext-toc-0.34.30.jar;C:\Users\ASUS\.m2\repository\com\vladsch\flexmark\flexmark-ext-typographic\0.34.30\flexmark-ext-typographic-0.34.30.jar;C:\Users\ASUS\.m2\repository\com\vladsch\flexmark\flexmark-ext-wikilink\0.34.30\flexmark-ext-wikilink-0.34.30.jar;C:\Users\ASUS\.m2\repository\com\vladsch\flexmark\flexmark-ext-yaml-front-matter\0.34.30\flexmark-ext-yaml-front-matter-0.34.30.jar;C:\Users\ASUS\.m2\repository\com\vladsch\flexmark\flexmark-ext-youtube-embedded\0.34.30\flexmark-ext-youtube-embedded-0.34.30.jar;C:\Users\ASUS\.m2\repository\com\vladsch\flexmark\flexmark-formatter\0.34.30\flexmark-formatter-0.34.30.jar;C:\Users\ASUS\.m2\repository\com\vladsch\flexmark\flexmark-html-parser\0.34.30\flexmark-html-parser-0.34.30.jar;C:\Users\ASUS\.m2\repository\com\vladsch\flexmark\flexmark-jira-converter\0.34.30\flexmark-jira-converter-0.34.30.jar;C:\Users\ASUS\.m2\repository\com\vladsch\flexmark\flexmark-pdf-converter\0.34.30\flexmark-pdf-converter-0.34.30.jar;C:\Users\ASUS\.m2\repository\com\openhtmltopdf\openhtmltopdf-core\0.0.1-RC13\openhtmltopdf-core-0.0.1-RC13.jar;C:\Users\ASUS\.m2\repository\com\openhtmltopdf\openhtmltopdf-pdfbox\0.0.1-RC13\openhtmltopdf-pdfbox-0.0.1-RC13.jar;C:\Users\ASUS\.m2\repository\org\apache\pdfbox\pdfbox\2.0.8\pdfbox-2.0.8.jar;C:\Users\ASUS\.m2\repository\org\apache\pdfbox\fontbox\2.0.8\fontbox-2.0.8.jar;C:\Users\ASUS\.m2\repository\commons-logging\commons-logging\1.2\commons-logging-1.2.jar;C:\Users\ASUS\.m2\repository\org\apache\pdfbox\xmpbox\2.0.8\xmpbox-2.0.8.jar;C:\Users\ASUS\.m2\repository\de\rototor\pdfbox\graphics2d\0.12\graphics2d-0.12.jar;C:\Users\ASUS\.m2\repository\com\openhtmltopdf\openhtmltopdf-rtl-support\0.0.1-RC13\openhtmltopdf-rtl-support-0.0.1-RC13.jar;C:\Users\ASUS\.m2\repository\com\ibm\icu\icu4j\59.1\icu4j-59.1.jar;C:\Users\ASUS\.m2\repository\com\openhtmltopdf\openhtmltopdf-jsoup-dom-converter\0.0.1-RC13\openhtmltopdf-jsoup-dom-converter-0.0.1-RC13.jar;C:\Users\ASUS\.m2\repository\com\vladsch\flexmark\flexmark-profile-pegdown\0.34.30\flexmark-profile-pegdown-0.34.30.jar;C:\Users\ASUS\.m2\repository\com\vladsch\flexmark\flexmark-util\0.34.30\flexmark-util-0.34.30.jar;C:\Users\ASUS\.m2\repository\com\vladsch\flexmark\flexmark-youtrack-converter\0.34.30\flexmark-youtrack-converter-0.34.30.jar;C:\Users\ASUS\.m2\repository\es\nitaur\markdown\txtmark\0.16\txtmark-0.16.jar;C:\Users\ASUS\.m2\repository\net\serenity-bdd\serenity-report-resources\3.2.1\serenity-report-resources-3.2.1.jar;C:\Users\ASUS\.m2\repository\com\google\code\gson\gson\2.9.0\gson-2.9.0.jar;C:\Users\ASUS\.m2\repository\com\fasterxml\jackson\core\jackson-core\2.13.2\jackson-core-2.13.2.jar;C:\Users\ASUS\.m2\repository\com\fasterxml\jackson\core\jackson-databind\2.13.2\jackson-databind-2.13.2.jar;C:\Users\ASUS\.m2\repository\com\fasterxml\jackson\core\jackson-annotations\2.13.2\jackson-annotations-2.13.2.jar;C:\Users\ASUS\.m2\repository\commons-codec\commons-codec\1.15\commons-codec-1.15.jar;C:\Users\ASUS\.m2\repository\commons-io\commons-io\2.11.0\commons-io-2.11.0.jar;C:\Users\ASUS\.m2\repository\org\seleniumhq\selenium\selenium-java\4.1.2\selenium-java-4.1.2.jar;C:\Users\ASUS\.m2\repository\org\seleniumhq\selenium\selenium-devtools-v85\4.1.2\selenium-devtools-v85-4.1.2.jar;C:\Users\ASUS\.m2\repository\org\seleniumhq\selenium\selenium-devtools-v95\4.1.2\selenium-devtools-v95-4.1.2.jar;C:\Users\ASUS\.m2\repository\org\seleniumhq\selenium\selenium-devtools-v96\4.1.2\selenium-devtools-v96-4.1.2.jar;C:\Users\ASUS\.m2\repository\org\seleniumhq\selenium\selenium-devtools-v97\4.1.2\selenium-devtools-v97-4.1.2.jar;C:\Users\ASUS\.m2\repository\org\seleniumhq\selenium\selenium-firefox-xpi-driver\4.1.2\selenium-firefox-xpi-driver-4.1.2.jar;C:\Users\ASUS\.m2\repository\org\seleniumhq\selenium\selenium-opera-driver\4.1.2\selenium-opera-driver-4.1.2.jar;C:\Users\ASUS\.m2\repository\org\seleniumhq\selenium\selenium-remote-driver\4.1.2\selenium-remote-driver-4.1.2.jar;C:\Users\ASUS\.m2\repository\com\beust\jcommander\1.82\jcommander-1.82.jar;C:\Users\ASUS\.m2\repository\io\netty\netty-buffer\4.1.73.Final\netty-buffer-4.1.73.Final.jar;C:\Users\ASUS\.m2\repository\io\netty\netty-codec-http\4.1.73.Final\netty-codec-http-4.1.73.Final.jar;C:\Users\ASUS\.m2\repository\io\netty\netty-codec\4.1.73.Final\netty-codec-4.1.73.Final.jar;C:\Users\ASUS\.m2\repository\io\netty\netty-handler\4.1.73.Final\netty-handler-4.1.73.Final.jar;C:\Users\ASUS\.m2\repository\io\netty\netty-tcnative-classes\2.0.46.Final\netty-tcnative-classes-2.0.46.Final.jar;C:\Users\ASUS\.m2\repository\io\netty\netty-common\4.1.73.Final\netty-common-4.1.73.Final.jar;C:\Users\ASUS\.m2\repository\io\netty\netty-transport-classes-epoll\4.1.73.Final\netty-transport-classes-epoll-4.1.73.Final.jar;C:\Users\ASUS\.m2\repository\io\netty\netty-transport-classes-kqueue\4.1.73.Final\netty-transport-classes-kqueue-4.1.73.Final.jar;C:\Users\ASUS\.m2\repository\io\netty\netty-transport-native-epoll\4.1.73.Final\netty-transport-native-epoll-4.1.73.Final.jar;C:\Users\ASUS\.m2\repository\io\netty\netty-transport-native-kqueue\4.1.73.Final\netty-transport-native-kqueue-4.1.73.Final.jar;C:\Users\ASUS\.m2\repository\io\netty\netty-transport-native-unix-common\4.1.73.Final\netty-transport-native-unix-common-4.1.73.Final.jar;C:\Users\ASUS\.m2\repository\io\netty\netty-transport\4.1.73.Final\netty-transport-4.1.73.Final.jar;C:\Users\ASUS\.m2\repository\io\netty\netty-resolver\4.1.73.Final\netty-resolver-4.1.73.Final.jar;C:\Users\ASUS\.m2\repository\io\opentelemetry\opentelemetry-api\1.10.1\opentelemetry-api-1.10.1.jar;C:\Users\ASUS\.m2\repository\io\opentelemetry\opentelemetry-context\1.10.1\opentelemetry-context-1.10.1.jar;C:\Users\ASUS\.m2\repository\io\opentelemetry\opentelemetry-exporter-logging\1.10.1\opentelemetry-exporter-logging-1.10.1.jar;C:\Users\ASUS\.m2\repository\io\opentelemetry\opentelemetry-sdk-metrics\1.10.1-alpha\opentelemetry-sdk-metrics-1.10.1-alpha.jar;C:\Users\ASUS\.m2\repository\io\opentelemetry\opentelemetry-sdk-logs\1.10.1-alpha\opentelemetry-sdk-logs-1.10.1-alpha.jar;C:\Users\ASUS\.m2\repository\io\opentelemetry\opentelemetry-sdk-common\1.10.1\opentelemetry-sdk-common-1.10.1.jar;C:\Users\ASUS\.m2\repository\io\opentelemetry\opentelemetry-sdk-extension-autoconfigure-spi\1.10.1\opentelemetry-sdk-extension-autoconfigure-spi-1.10.1.jar;C:\Users\ASUS\.m2\repository\io\opentelemetry\opentelemetry-sdk-extension-autoconfigure\1.10.1-alpha\opentelemetry-sdk-extension-autoconfigure-1.10.1-alpha.jar;C:\Users\ASUS\.m2\repository\io\opentelemetry\opentelemetry-sdk-trace\1.10.1\opentelemetry-sdk-trace-1.10.1.jar;C:\Users\ASUS\.m2\repository\io\opentelemetry\opentelemetry-sdk\1.10.1\opentelemetry-sdk-1.10.1.jar;C:\Users\ASUS\.m2\repository\io\opentelemetry\opentelemetry-semconv\1.10.1-alpha\opentelemetry-semconv-1.10.1-alpha.jar;C:\Users\ASUS\.m2\repository\io\ous\jtoml\2.0.0\jtoml-2.0.0.jar;C:\Users\ASUS\.m2\repository\org\apache\commons\commons-exec\1.3\commons-exec-1.3.jar;C:\Users\ASUS\.m2\repository\org\asynchttpclient\async-http-client\2.12.3\async-http-client-2.12.3.jar;C:\Users\ASUS\.m2\repository\org\asynchttpclient\async-http-client-netty-utils\2.12.3\async-http-client-netty-utils-2.12.3.jar;C:\Users\ASUS\.m2\repository\io\netty\netty-codec-socks\4.1.60.Final\netty-codec-socks-4.1.60.Final.jar;C:\Users\ASUS\.m2\repository\io\netty\netty-handler-proxy\4.1.60.Final\netty-handler-proxy-4.1.60.Final.jar;C:\Users\ASUS\.m2\repository\io\netty\netty-transport-native-epoll\4.1.60.Final\netty-transport-native-epoll-4.1.60.Final-linux-x86_64.jar;C:\Users\ASUS\.m2\repository\io\netty\netty-transport-native-kqueue\4.1.60.Final\netty-transport-native-kqueue-4.1.60.Final-osx-x86_64.jar;C:\Users\ASUS\.m2\repository\org\reactivestreams\reactive-streams\1.0.3\reactive-streams-1.0.3.jar;C:\Users\ASUS\.m2\repository\com\typesafe\netty\netty-reactive-streams\2.0.4\netty-reactive-streams-2.0.4.jar;C:\Users\ASUS\.m2\repository\org\seleniumhq\selenium\selenium-http\4.1.2\selenium-http-4.1.2.jar;C:\Users\ASUS\.m2\repository\net\jodah\failsafe\2.4.4\failsafe-2.4.4.jar;C:\Users\ASUS\.m2\repository\org\seleniumhq\selenium\selenium-safari-driver\4.1.2\selenium-safari-driver-4.1.2.jar;C:\Users\ASUS\.m2\repository\org\seleniumhq\selenium\selenium-api\4.1.2\selenium-api-4.1.2.jar;C:\Users\ASUS\.m2\repository\org\seleniumhq\selenium\selenium-support\4.1.2\selenium-support-4.1.2.jar;C:\Users\ASUS\.m2\repository\com\google\auto\service\auto-service-annotations\1.0.1\auto-service-annotations-1.0.1.jar;C:\Users\ASUS\.m2\repository\com\google\auto\service\auto-service\1.0.1\auto-service-1.0.1.jar;C:\Users\ASUS\.m2\repository\com\google\auto\auto-common\1.2\auto-common-1.2.jar;C:\Users\ASUS\.m2\repository\org\seleniumhq\selenium\selenium-json\4.1.2\selenium-json-4.1.2.jar;C:\Users\ASUS\.m2\repository\org\seleniumhq\selenium\selenium-chrome-driver\4.1.2\selenium-chrome-driver-4.1.2.jar;C:\Users\ASUS\.m2\repository\org\seleniumhq\selenium\selenium-chromium-driver\4.1.2\selenium-chromium-driver-4.1.2.jar;C:\Users\ASUS\.m2\repository\org\seleniumhq\selenium\selenium-firefox-driver\4.1.2\selenium-firefox-driver-4.1.2.jar;C:\Users\ASUS\.m2\repository\org\seleniumhq\selenium\selenium-edge-driver\4.1.2\selenium-edge-driver-4.1.2.jar;C:\Users\ASUS\.m2\repository\org\seleniumhq\selenium\selenium-ie-driver\4.1.2\selenium-ie-driver-4.1.2.jar;C:\Users\ASUS\.m2\repository\org\projectlombok\lombok\1.18.20\lombok-1.18.20.jar;C:\Users\ASUS\.m2\repository\io\appium\java-client\8.0.0\java-client-8.0.0.jar;C:\Users\ASUS\.m2\repository\commons-validator\commons-validator\1.7\commons-validator-1.7.jar;C:\Users\ASUS\.m2\repository\commons-digester\commons-digester\2.1\commons-digester-2.1.jar;C:\Users\ASUS\.m2\repository\org\aspectj\aspectjweaver\1.9.8\aspectjweaver-1.9.8.jar;C:\Users\ASUS\.m2\repository\org\codehaus\groovy\groovy\3.0.10\groovy-3.0.10.jar;C:\Users\ASUS\.m2\repository\net\sf\opencsv\opencsv\2.0\opencsv-2.0.jar;C:\Users\ASUS\.m2\repository\commons-beanutils\commons-beanutils\1.9.4\commons-beanutils-1.9.4.jar;C:\Users\ASUS\.m2\repository\org\apache\commons\commons-lang3\3.12.0\commons-lang3-3.12.0.jar;C:\Users\ASUS\.m2\repository\commons-collections\commons-collections\3.2.2\commons-collections-3.2.2.jar;C:\Users\ASUS\.m2\repository\org\fluentlenium\fluentlenium-core\0.10.2\fluentlenium-core-0.10.2.jar;C:\Users\ASUS\.m2\repository\io\github\bonigarcia\webdrivermanager\5.1.0\webdrivermanager-5.1.0.jar;C:\Users\ASUS\.m2\repository\com\github\docker-java\docker-java\3.2.13\docker-java-3.2.13.jar;C:\Users\ASUS\.m2\repository\com\github\docker-java\docker-java-core\3.2.13\docker-java-core-3.2.13.jar;C:\Users\ASUS\.m2\repository\com\github\docker-java\docker-java-api\3.2.13\docker-java-api-3.2.13.jar;C:\Users\ASUS\.m2\repository\org\apache\commons\commons-compress\1.21\commons-compress-1.21.jar;C:\Users\ASUS\.m2\repository\org\bouncycastle\bcpkix-jdk15on\1.64\bcpkix-jdk15on-1.64.jar;C:\Users\ASUS\.m2\repository\org\bouncycastle\bcprov-jdk15on\1.64\bcprov-jdk15on-1.64.jar;C:\Users\ASUS\.m2\repository\org\slf4j\jcl-over-slf4j\1.7.30\jcl-over-slf4j-1.7.30.jar;C:\Users\ASUS\.m2\repository\com\github\docker-java\docker-java-transport-httpclient5\3.2.13\docker-java-transport-httpclient5-3.2.13.jar;C:\Users\ASUS\.m2\repository\com\github\docker-java\docker-java-transport\3.2.13\docker-java-transport-3.2.13.jar;C:\Users\ASUS\.m2\repository\org\apache\httpcomponents\client5\httpclient5\5.0.3\httpclient5-5.0.3.jar;C:\Users\ASUS\.m2\repository\org\apache\httpcomponents\core5\httpcore5\5.0.2\httpcore5-5.0.2.jar;C:\Users\ASUS\.m2\repository\net\java\dev\jna\jna\5.8.0\jna-5.8.0.jar;C:\Users\ASUS\.m2\repository\org\brotli\dec\0.1.2\dec-0.1.2.jar;C:\Users\ASUS\.m2\repository\com\jhlabs\filters\2.0.235\filters-2.0.235.jar;C:\Users\ASUS\.m2\repository\com\paulhammant\ngwebdriver\1.1.6\ngwebdriver-1.1.6.jar;C:\Users\ASUS\.m2\repository\joda-time\joda-time\2.8.2\joda-time-2.8.2.jar;C:\Users\ASUS\.m2\repository\org\hamcrest\hamcrest\2.2\hamcrest-2.2.jar;C:\Users\ASUS\.m2\repository\com\google\jimfs\jimfs\1.2\jimfs-1.2.jar;C:\Users\ASUS\.m2\repository\org\mockito\mockito-core\3.3.3\mockito-core-3.3.3.jar;C:\Users\ASUS\.m2\repository\javax\xml\bind\jaxb-api\2.3.1\jaxb-api-2.3.1.jar;C:\Users\ASUS\.m2\repository\javax\activation\javax.activation-api\1.2.0\javax.activation-api-1.2.0.jar;C:\Users\ASUS\.m2\repository\com\sun\xml\bind\jaxb-core\2.3.0.1\jaxb-core-2.3.0.1.jar;C:\Users\ASUS\.m2\repository\com\sun\xml\bind\jaxb-impl\2.3.3\jaxb-impl-2.3.3.jar;C:\Users\ASUS\.m2\repository\jakarta\xml\bind\jakarta.xml.bind-api\2.3.3\jakarta.xml.bind-api-2.3.3.jar;C:\Users\ASUS\.m2\repository\com\sun\activation\jakarta.activation\1.2.2\jakarta.activation-1.2.2.jar;C:\Users\ASUS\.m2\repository\javax\activation\activation\1.1.1\activation-1.1.1.jar;C:\Users\ASUS\.m2\repository\net\serenity-bdd\serenity-cucumber\3.2.1\serenity-cucumber-3.2.1.jar;C:\Users\ASUS\.m2\repository\io\cucumber\cucumber-core\7.2.3\cucumber-core-7.2.3.jar;C:\Users\ASUS\.m2\repository\io\cucumber\cucumber-gherkin\7.2.3\cucumber-gherkin-7.2.3.jar;C:\Users\ASUS\.m2\repository\io\cucumber\cucumber-gherkin-messages\7.2.3\cucumber-gherkin-messages-7.2.3.jar;C:\Users\ASUS\.m2\repository\io\cucumber\messages\17.1.1\messages-17.1.1.jar;C:\Users\ASUS\.m2\repository\io\cucumber\tag-expressions\4.1.0\tag-expressions-4.1.0.jar;C:\Users\ASUS\.m2\repository\io\cucumber\cucumber-expressions\15.0.1\cucumber-expressions-15.0.1.jar;C:\Users\ASUS\.m2\repository\io\cucumber\datatable\7.2.3\datatable-7.2.3.jar;C:\Users\ASUS\.m2\repository\io\cucumber\cucumber-plugin\7.2.3\cucumber-plugin-7.2.3.jar;C:\Users\ASUS\.m2\repository\io\cucumber\docstring\7.2.3\docstring-7.2.3.jar;C:\Users\ASUS\.m2\repository\io\cucumber\html-formatter\17.0.0\html-formatter-17.0.0.jar;C:\Users\ASUS\.m2\repository\io\cucumber\ci-environment\8.1.0\ci-environment-8.1.0.jar;C:\Users\ASUS\.m2\repository\io\cucumber\cucumber-junit\7.2.3\cucumber-junit-7.2.3.jar;C:\Users\ASUS\.m2\repository\org\apache\commons\commons-csv\1.5\commons-csv-1.5.jar;C:\Users\ASUS\.m2\repository\net\serenity-bdd\serenity-screenplay\3.2.1\serenity-screenplay-3.2.1.jar;C:\Users\ASUS\.m2\repository\net\serenity-bdd\serenity-screenplay-webdriver\3.2.1\serenity-screenplay-webdriver-3.2.1.jar;C:\Users\ASUS\.m2\repository\net\serenity-bdd\serenity-ensure\3.2.1\serenity-ensure-3.2.1.jar;C:\Users\ASUS\.m2\repository\net\serenity-bdd\serenity-junit\3.2.1\serenity-junit-3.2.1.jar;C:\Users\ASUS\.m2\repository\org\jetbrains\kotlin\kotlin-stdlib\1.6.0\kotlin-stdlib-1.6.0.jar;C:\Users\ASUS\.m2\repository\org\jetbrains\annotations\13.0\annotations-13.0.jar;C:\Users\ASUS\.m2\repository\org\jetbrains\kotlin\kotlin-stdlib-common\1.6.0\kotlin-stdlib-common-1.6.0.jar;C:\Users\ASUS\.m2\repository\org\junit\platform\junit-platform-launcher\1.8.1\junit-platform-launcher-1.8.1.jar;C:\Users\ASUS\.m2\repository\org\junit\platform\junit-platform-engine\1.8.1\junit-platform-engine-1.8.1.jar;C:\Users\ASUS\.m2\repository\org\opentest4j\opentest4j\1.2.0\opentest4j-1.2.0.jar;C:\Users\ASUS\.m2\repository\org\junit\platform\junit-platform-commons\1.8.1\junit-platform-commons-1.8.1.jar;C:\Users\ASUS\.m2\repository\org\apiguardian\apiguardian-api\1.1.2\apiguardian-api-1.1.2.jar;C:\Users\ASUS\.m2\repository\org\junit\jupiter\junit-jupiter-engine\5.8.2\junit-jupiter-engine-5.8.2.jar;C:\Users\ASUS\.m2\repository\org\junit\jupiter\junit-jupiter-api\5.8.2\junit-jupiter-api-5.8.2.jar;C:\Users\ASUS\.m2\repository\org\junit\vintage\junit-vintage-engine\5.8.2\junit-vintage-engine-5.8.2.jar;C:\Users\ASUS\.m2\repository\junit\junit\4.13.2\junit-4.13.2.jar;C:\Users\ASUS\.m2\repository\org\hamcrest\hamcrest-core\1.3\hamcrest-core-1.3.jar;C:\Users\ASUS\.m2\repository\ch\qos\logback\logback-classic\1.2.10\logback-classic-1.2.10.jar;C:\Users\ASUS\.m2\repository\ch\qos\logback\logback-core\1.2.10\logback-core-1.2.10.jar;C:\Users\ASUS\.m2\repository\org\slf4j\slf4j-api\1.7.32\slf4j-api-1.7.32.jar;C:\Users\ASUS\.m2\repository\org\assertj\assertj-core\3.6.2\assertj-core-3.6.2.jar;"/>
    <property name="sun.cpu.endian" value="little"/>
    <property name="user.home" value="C:\Users\ASUS"/>
    <property name="user.language" value="en"/>
    <property name="java.specification.vendor" value="Oracle Corporation"/>
    <property name="jdk.module.path" value="C:\Users\ASUS\Desktop\stupen\miniproject\Web\ASWeb\target\ASWeb-1.0-SNAPSHOT.jar"/>
    <property name="java.version.date" value="2020-01-14"/>
    <property name="java.home" value="C:\Program Files\Java\jdk-13.0.2"/>
    <property name="file.separator" value="\"/>
    <property name="basedir" value="C:\Users\ASUS\Desktop\stupen\miniproject\Web\ASWeb"/>
    <property name="java.vm.compressedOopsMode" value="32-bit"/>
    <property name="line.separator" value="&#10;"/>
    <property name="java.vm.specification.vendor" value="Oracle Corporation"/>
    <property name="java.specification.name" value="Java Platform API Specification"/>
    <property name="surefire.real.class.path" value="C:\Users\ASUS\.m2\repository\org\apache\maven\surefire\surefire-booter\3.0.0-M5\surefire-booter-3.0.0-M5.jar;C:\Users\ASUS\.m2\repository\org\apache\maven\surefire\surefire-api\3.0.0-M5\surefire-api-3.0.0-M5.jar;C:\Users\ASUS\.m2\repository\org\apache\maven\surefire\surefire-logger-api\3.0.0-M5\surefire-logger-api-3.0.0-M5.jar;C:\Users\ASUS\.m2\repository\org\apache\maven\surefire\surefire-shared-utils\3.0.0-M4\surefire-shared-utils-3.0.0-M4.jar;C:\Users\ASUS\.m2\repository\org\apache\maven\surefire\surefire-extensions-spi\3.0.0-M5\surefire-extensions-spi-3.0.0-M5.jar;C:\Users\ASUS\Desktop\stupen\miniproject\Web\ASWeb\target\test-classes;C:\Users\ASUS\.m2\repository\net\serenity-bdd\serenity-core\3.2.1\serenity-core-3.2.1.jar;C:\Users\ASUS\.m2\repository\net\serenity-bdd\serenity-model\3.2.1\serenity-model-3.2.1.jar;C:\Users\ASUS\.m2\repository\org\apache\commons\commons-text\1.9\commons-text-1.9.jar;C:\Users\ASUS\.m2\repository\commons-net\commons-net\3.8.0\commons-net-3.8.0.jar;C:\Users\ASUS\.m2\repository\com\google\guava\guava\31.1-jre\guava-31.1-jre.jar;C:\Users\ASUS\.m2\repository\com\google\guava\failureaccess\1.0.1\failureaccess-1.0.1.jar;C:\Users\ASUS\.m2\repository\com\google\guava\listenablefuture\9999.0-empty-to-avoid-conflict-with-guava\listenablefuture-9999.0-empty-to-avoid-conflict-with-guava.jar;C:\Users\ASUS\.m2\repository\com\google\code\findbugs\jsr305\3.0.2\jsr305-3.0.2.jar;C:\Users\ASUS\.m2\repository\org\checkerframework\checker-qual\3.12.0\checker-qual-3.12.0.jar;C:\Users\ASUS\.m2\repository\com\google\errorprone\error_prone_annotations\2.11.0\error_prone_annotations-2.11.0.jar;C:\Users\ASUS\.m2\repository\com\google\j2objc\j2objc-annotations\1.3\j2objc-annotations-1.3.jar;C:\Users\ASUS\.m2\repository\com\google\inject\guice\5.1.0\guice-5.1.0.jar;C:\Users\ASUS\.m2\repository\javax\inject\javax.inject\1\javax.inject-1.jar;C:\Users\ASUS\.m2\repository\aopalliance\aopalliance\1.0\aopalliance-1.0.jar;C:\Users\ASUS\.m2\repository\org\jsoup\jsoup\1.14.3\jsoup-1.14.3.jar;C:\Users\ASUS\.m2\repository\com\thoughtworks\xstream\xstream\1.4.19\xstream-1.4.19.jar;C:\Users\ASUS\.m2\repository\io\github\x-stream\mxparser\1.2.2\mxparser-1.2.2.jar;C:\Users\ASUS\.m2\repository\xmlpull\xmlpull\1.1.3.1\xmlpull-1.1.3.1.jar;C:\Users\ASUS\.m2\repository\io\cucumber\cucumber-java\7.2.3\cucumber-java-7.2.3.jar;C:\Users\ASUS\.m2\repository\com\typesafe\config\1.4.2\config-1.4.2.jar;C:\Users\ASUS\.m2\repository\org\imgscalr\imgscalr-lib\4.2\imgscalr-lib-4.2.jar;C:\Users\ASUS\.m2\repository\org\awaitility\awaitility\4.2.0\awaitility-4.2.0.jar;C:\Users\ASUS\.m2\repository\org\freemarker\freemarker\2.3.31\freemarker-2.3.31.jar;C:\Users\ASUS\.m2\repository\io\github\classgraph\classgraph\4.8.138\classgraph-4.8.138.jar;C:\Users\ASUS\.m2\repository\net\sourceforge\jexcelapi\jxl\2.6.12\jxl-2.6.12.jar;C:\Users\ASUS\.m2\repository\net\bytebuddy\byte-buddy\1.12.8\byte-buddy-1.12.8.jar;C:\Users\ASUS\.m2\repository\net\bytebuddy\byte-buddy-agent\1.12.8\byte-buddy-agent-1.12.8.jar;C:\Users\ASUS\.m2\repository\org\objenesis\objenesis\3.1\objenesis-3.1.jar;C:\Users\ASUS\.m2\repository\net\serenity-bdd\serenity-reports\3.2.1\serenity-reports-3.2.1.jar;C:\Users\ASUS\.m2\repository\net\serenity-bdd\serenity-stats\3.2.1\serenity-stats-3.2.1.jar;C:\Users\ASUS\.m2\repository\net\serenity-bdd\serenity-reports-configuration\3.2.1\serenity-reports-configuration-3.2.1.jar;C:\Users\ASUS\.m2\repository\com\vladsch\flexmark\flexmark-all\0.34.30\flexmark-all-0.34.30.jar;C:\Users\ASUS\.m2\repository\com\vladsch\flexmark\flexmark\0.34.30\flexmark-0.34.30.jar;C:\Users\ASUS\.m2\repository\com\vladsch\flexmark\flexmark-ext-abbreviation\0.34.30\flexmark-ext-abbreviation-0.34.30.jar;C:\Users\ASUS\.m2\repository\com\vladsch\flexmark\flexmark-ext-admonition\0.34.30\flexmark-ext-admonition-0.34.30.jar;C:\Users\ASUS\.m2\repository\com\vladsch\flexmark\flexmark-ext-anchorlink\0.34.30\flexmark-ext-anchorlink-0.34.30.jar;C:\Users\ASUS\.m2\repository\com\vladsch\flexmark\flexmark-ext-aside\0.34.30\flexmark-ext-aside-0.34.30.jar;C:\Users\ASUS\.m2\repository\com\vladsch\flexmark\flexmark-ext-attributes\0.34.30\flexmark-ext-attributes-0.34.30.jar;C:\Users\ASUS\.m2\repository\com\vladsch\flexmark\flexmark-ext-autolink\0.34.30\flexmark-ext-autolink-0.34.30.jar;C:\Users\ASUS\.m2\repository\org\nibor\autolink\autolink\0.6.0\autolink-0.6.0.jar;C:\Users\ASUS\.m2\repository\com\vladsch\flexmark\flexmark-ext-definition\0.34.30\flexmark-ext-definition-0.34.30.jar;C:\Users\ASUS\.m2\repository\com\vladsch\flexmark\flexmark-ext-emoji\0.34.30\flexmark-ext-emoji-0.34.30.jar;C:\Users\ASUS\.m2\repository\com\vladsch\flexmark\flexmark-ext-enumerated-reference\0.34.30\flexmark-ext-enumerated-reference-0.34.30.jar;C:\Users\ASUS\.m2\repository\com\vladsch\flexmark\flexmark-ext-escaped-character\0.34.30\flexmark-ext-escaped-character-0.34.30.jar;C:\Users\ASUS\.m2\repository\com\vladsch\flexmark\flexmark-ext-footnotes\0.34.30\flexmark-ext-footnotes-0.34.30.jar;C:\Users\ASUS\.m2\repository\com\vladsch\flexmark\flexmark-ext-gfm-issues\0.34.30\flexmark-ext-gfm-issues-0.34.30.jar;C:\Users\ASUS\.m2\repository\com\vladsch\flexmark\flexmark-ext-gfm-strikethrough\0.34.30\flexmark-ext-gfm-strikethrough-0.34.30.jar;C:\Users\ASUS\.m2\repository\com\vladsch\flexmark\flexmark-ext-gfm-tables\0.34.30\flexmark-ext-gfm-tables-0.34.30.jar;C:\Users\ASUS\.m2\repository\com\vladsch\flexmark\flexmark-ext-gfm-tasklist\0.34.30\flexmark-ext-gfm-tasklist-0.34.30.jar;C:\Users\ASUS\.m2\repository\com\vladsch\flexmark\flexmark-ext-gfm-users\0.34.30\flexmark-ext-gfm-users-0.34.30.jar;C:\Users\ASUS\.m2\repository\com\vladsch\flexmark\flexmark-ext-gitlab\0.34.30\flexmark-ext-gitlab-0.34.30.jar;C:\Users\ASUS\.m2\repository\com\vladsch\flexmark\flexmark-ext-jekyll-front-matter\0.34.30\flexmark-ext-jekyll-front-matter-0.34.30.jar;C:\Users\ASUS\.m2\repository\com\vladsch\flexmark\flexmark-ext-jekyll-tag\0.34.30\flexmark-ext-jekyll-tag-0.34.30.jar;C:\Users\ASUS\.m2\repository\com\vladsch\flexmark\flexmark-ext-media-tags\0.34.30\flexmark-ext-media-tags-0.34.30.jar;C:\Users\ASUS\.m2\repository\com\vladsch\flexmark\flexmark-test-util\0.34.30\flexmark-test-util-0.34.30.jar;C:\Users\ASUS\.m2\repository\com\vladsch\flexmark\flexmark-ext-ins\0.34.30\flexmark-ext-ins-0.34.30.jar;C:\Users\ASUS\.m2\repository\com\vladsch\flexmark\flexmark-ext-xwiki-macros\0.34.30\flexmark-ext-xwiki-macros-0.34.30.jar;C:\Users\ASUS\.m2\repository\com\vladsch\flexmark\flexmark-ext-superscript\0.34.30\flexmark-ext-superscript-0.34.30.jar;C:\Users\ASUS\.m2\repository\com\vladsch\flexmark\flexmark-ext-tables\0.34.30\flexmark-ext-tables-0.34.30.jar;C:\Users\ASUS\.m2\repository\com\vladsch\flexmark\flexmark-ext-toc\0.34.30\flexmark-ext-toc-0.34.30.jar;C:\Users\ASUS\.m2\repository\com\vladsch\flexmark\flexmark-ext-typographic\0.34.30\flexmark-ext-typographic-0.34.30.jar;C:\Users\ASUS\.m2\repository\com\vladsch\flexmark\flexmark-ext-wikilink\0.34.30\flexmark-ext-wikilink-0.34.30.jar;C:\Users\ASUS\.m2\repository\com\vladsch\flexmark\flexmark-ext-yaml-front-matter\0.34.30\flexmark-ext-yaml-front-matter-0.34.30.jar;C:\Users\ASUS\.m2\repository\com\vladsch\flexmark\flexmark-ext-youtube-embedded\0.34.30\flexmark-ext-youtube-embedded-0.34.30.jar;C:\Users\ASUS\.m2\repository\com\vladsch\flexmark\flexmark-formatter\0.34.30\flexmark-formatter-0.34.30.jar;C:\Users\ASUS\.m2\repository\com\vladsch\flexmark\flexmark-html-parser\0.34.30\flexmark-html-parser-0.34.30.jar;C:\Users\ASUS\.m2\repository\com\vladsch\flexmark\flexmark-jira-converter\0.34.30\flexmark-jira-converter-0.34.30.jar;C:\Users\ASUS\.m2\repository\com\vladsch\flexmark\flexmark-pdf-converter\0.34.30\flexmark-pdf-converter-0.34.30.jar;C:\Users\ASUS\.m2\repository\com\openhtmltopdf\openhtmltopdf-core\0.0.1-RC13\openhtmltopdf-core-0.0.1-RC13.jar;C:\Users\ASUS\.m2\repository\com\openhtmltopdf\openhtmltopdf-pdfbox\0.0.1-RC13\openhtmltopdf-pdfbox-0.0.1-RC13.jar;C:\Users\ASUS\.m2\repository\org\apache\pdfbox\pdfbox\2.0.8\pdfbox-2.0.8.jar;C:\Users\ASUS\.m2\repository\org\apache\pdfbox\fontbox\2.0.8\fontbox-2.0.8.jar;C:\Users\ASUS\.m2\repository\commons-logging\commons-logging\1.2\commons-logging-1.2.jar;C:\Users\ASUS\.m2\repository\org\apache\pdfbox\xmpbox\2.0.8\xmpbox-2.0.8.jar;C:\Users\ASUS\.m2\repository\de\rototor\pdfbox\graphics2d\0.12\graphics2d-0.12.jar;C:\Users\ASUS\.m2\repository\com\openhtmltopdf\openhtmltopdf-rtl-support\0.0.1-RC13\openhtmltopdf-rtl-support-0.0.1-RC13.jar;C:\Users\ASUS\.m2\repository\com\ibm\icu\icu4j\59.1\icu4j-59.1.jar;C:\Users\ASUS\.m2\repository\com\openhtmltopdf\openhtmltopdf-jsoup-dom-converter\0.0.1-RC13\openhtmltopdf-jsoup-dom-converter-0.0.1-RC13.jar;C:\Users\ASUS\.m2\repository\com\vladsch\flexmark\flexmark-profile-pegdown\0.34.30\flexmark-profile-pegdown-0.34.30.jar;C:\Users\ASUS\.m2\repository\com\vladsch\flexmark\flexmark-util\0.34.30\flexmark-util-0.34.30.jar;C:\Users\ASUS\.m2\repository\com\vladsch\flexmark\flexmark-youtrack-converter\0.34.30\flexmark-youtrack-converter-0.34.30.jar;C:\Users\ASUS\.m2\repository\es\nitaur\markdown\txtmark\0.16\txtmark-0.16.jar;C:\Users\ASUS\.m2\repository\net\serenity-bdd\serenity-report-resources\3.2.1\serenity-report-resources-3.2.1.jar;C:\Users\ASUS\.m2\repository\com\google\code\gson\gson\2.9.0\gson-2.9.0.jar;C:\Users\ASUS\.m2\repository\com\fasterxml\jackson\core\jackson-core\2.13.2\jackson-core-2.13.2.jar;C:\Users\ASUS\.m2\repository\com\fasterxml\jackson\core\jackson-databind\2.13.2\jackson-databind-2.13.2.jar;C:\Users\ASUS\.m2\repository\com\fasterxml\jackson\core\jackson-annotations\2.13.2\jackson-annotations-2.13.2.jar;C:\Users\ASUS\.m2\repository\commons-codec\commons-codec\1.15\commons-codec-1.15.jar;C:\Users\ASUS\.m2\repository\commons-io\commons-io\2.11.0\commons-io-2.11.0.jar;C:\Users\ASUS\.m2\repository\org\seleniumhq\selenium\selenium-java\4.1.2\selenium-java-4.1.2.jar;C:\Users\ASUS\.m2\repository\org\seleniumhq\selenium\selenium-devtools-v85\4.1.2\selenium-devtools-v85-4.1.2.jar;C:\Users\ASUS\.m2\repository\org\seleniumhq\selenium\selenium-devtools-v95\4.1.2\selenium-devtools-v95-4.1.2.jar;C:\Users\ASUS\.m2\repository\org\seleniumhq\selenium\selenium-devtools-v96\4.1.2\selenium-devtools-v96-4.1.2.jar;C:\Users\ASUS\.m2\repository\org\seleniumhq\selenium\selenium-devtools-v97\4.1.2\selenium-devtools-v97-4.1.2.jar;C:\Users\ASUS\.m2\repository\org\seleniumhq\selenium\selenium-firefox-xpi-driver\4.1.2\selenium-firefox-xpi-driver-4.1.2.jar;C:\Users\ASUS\.m2\repository\org\seleniumhq\selenium\selenium-opera-driver\4.1.2\selenium-opera-driver-4.1.2.jar;C:\Users\ASUS\.m2\repository\org\seleniumhq\selenium\selenium-remote-driver\4.1.2\selenium-remote-driver-4.1.2.jar;C:\Users\ASUS\.m2\repository\com\beust\jcommander\1.82\jcommander-1.82.jar;C:\Users\ASUS\.m2\repository\io\netty\netty-buffer\4.1.73.Final\netty-buffer-4.1.73.Final.jar;C:\Users\ASUS\.m2\repository\io\netty\netty-codec-http\4.1.73.Final\netty-codec-http-4.1.73.Final.jar;C:\Users\ASUS\.m2\repository\io\netty\netty-codec\4.1.73.Final\netty-codec-4.1.73.Final.jar;C:\Users\ASUS\.m2\repository\io\netty\netty-handler\4.1.73.Final\netty-handler-4.1.73.Final.jar;C:\Users\ASUS\.m2\repository\io\netty\netty-tcnative-classes\2.0.46.Final\netty-tcnative-classes-2.0.46.Final.jar;C:\Users\ASUS\.m2\repository\io\netty\netty-common\4.1.73.Final\netty-common-4.1.73.Final.jar;C:\Users\ASUS\.m2\repository\io\netty\netty-transport-classes-epoll\4.1.73.Final\netty-transport-classes-epoll-4.1.73.Final.jar;C:\Users\ASUS\.m2\repository\io\netty\netty-transport-classes-kqueue\4.1.73.Final\netty-transport-classes-kqueue-4.1.73.Final.jar;C:\Users\ASUS\.m2\repository\io\netty\netty-transport-native-epoll\4.1.73.Final\netty-transport-native-epoll-4.1.73.Final.jar;C:\Users\ASUS\.m2\repository\io\netty\netty-transport-native-kqueue\4.1.73.Final\netty-transport-native-kqueue-4.1.73.Final.jar;C:\Users\ASUS\.m2\repository\io\netty\netty-transport-native-unix-common\4.1.73.Final\netty-transport-native-unix-common-4.1.73.Final.jar;C:\Users\ASUS\.m2\repository\io\netty\netty-transport\4.1.73.Final\netty-transport-4.1.73.Final.jar;C:\Users\ASUS\.m2\repository\io\netty\netty-resolver\4.1.73.Final\netty-resolver-4.1.73.Final.jar;C:\Users\ASUS\.m2\repository\io\opentelemetry\opentelemetry-api\1.10.1\opentelemetry-api-1.10.1.jar;C:\Users\ASUS\.m2\repository\io\opentelemetry\opentelemetry-context\1.10.1\opentelemetry-context-1.10.1.jar;C:\Users\ASUS\.m2\repository\io\opentelemetry\opentelemetry-exporter-logging\1.10.1\opentelemetry-exporter-logging-1.10.1.jar;C:\Users\ASUS\.m2\repository\io\opentelemetry\opentelemetry-sdk-metrics\1.10.1-alpha\opentelemetry-sdk-metrics-1.10.1-alpha.jar;C:\Users\ASUS\.m2\repository\io\opentelemetry\opentelemetry-sdk-logs\1.10.1-alpha\opentelemetry-sdk-logs-1.10.1-alpha.jar;C:\Users\ASUS\.m2\repository\io\opentelemetry\opentelemetry-sdk-common\1.10.1\opentelemetry-sdk-common-1.10.1.jar;C:\Users\ASUS\.m2\repository\io\opentelemetry\opentelemetry-sdk-extension-autoconfigure-spi\1.10.1\opentelemetry-sdk-extension-autoconfigure-spi-1.10.1.jar;C:\Users\ASUS\.m2\repository\io\opentelemetry\opentelemetry-sdk-extension-autoconfigure\1.10.1-alpha\opentelemetry-sdk-extension-autoconfigure-1.10.1-alpha.jar;C:\Users\ASUS\.m2\repository\io\opentelemetry\opentelemetry-sdk-trace\1.10.1\opentelemetry-sdk-trace-1.10.1.jar;C:\Users\ASUS\.m2\repository\io\opentelemetry\opentelemetry-sdk\1.10.1\opentelemetry-sdk-1.10.1.jar;C:\Users\ASUS\.m2\repository\io\opentelemetry\opentelemetry-semconv\1.10.1-alpha\opentelemetry-semconv-1.10.1-alpha.jar;C:\Users\ASUS\.m2\repository\io\ous\jtoml\2.0.0\jtoml-2.0.0.jar;C:\Users\ASUS\.m2\repository\org\apache\commons\commons-exec\1.3\commons-exec-1.3.jar;C:\Users\ASUS\.m2\repository\org\asynchttpclient\async-http-client\2.12.3\async-http-client-2.12.3.jar;C:\Users\ASUS\.m2\repository\org\asynchttpclient\async-http-client-netty-utils\2.12.3\async-http-client-netty-utils-2.12.3.jar;C:\Users\ASUS\.m2\repository\io\netty\netty-codec-socks\4.1.60.Final\netty-codec-socks-4.1.60.Final.jar;C:\Users\ASUS\.m2\repository\io\netty\netty-handler-proxy\4.1.60.Final\netty-handler-proxy-4.1.60.Final.jar;C:\Users\ASUS\.m2\repository\io\netty\netty-transport-native-epoll\4.1.60.Final\netty-transport-native-epoll-4.1.60.Final-linux-x86_64.jar;C:\Users\ASUS\.m2\repository\io\netty\netty-transport-native-kqueue\4.1.60.Final\netty-transport-native-kqueue-4.1.60.Final-osx-x86_64.jar;C:\Users\ASUS\.m2\repository\org\reactivestreams\reactive-streams\1.0.3\reactive-streams-1.0.3.jar;C:\Users\ASUS\.m2\repository\com\typesafe\netty\netty-reactive-streams\2.0.4\netty-reactive-streams-2.0.4.jar;C:\Users\ASUS\.m2\repository\org\seleniumhq\selenium\selenium-http\4.1.2\selenium-http-4.1.2.jar;C:\Users\ASUS\.m2\repository\net\jodah\failsafe\2.4.4\failsafe-2.4.4.jar;C:\Users\ASUS\.m2\repository\org\seleniumhq\selenium\selenium-safari-driver\4.1.2\selenium-safari-driver-4.1.2.jar;C:\Users\ASUS\.m2\repository\org\seleniumhq\selenium\selenium-api\4.1.2\selenium-api-4.1.2.jar;C:\Users\ASUS\.m2\repository\org\seleniumhq\selenium\selenium-support\4.1.2\selenium-support-4.1.2.jar;C:\Users\ASUS\.m2\repository\com\google\auto\service\auto-service-annotations\1.0.1\auto-service-annotations-1.0.1.jar;C:\Users\ASUS\.m2\repository\com\google\auto\service\auto-service\1.0.1\auto-service-1.0.1.jar;C:\Users\ASUS\.m2\repository\com\google\auto\auto-common\1.2\auto-common-1.2.jar;C:\Users\ASUS\.m2\repository\org\seleniumhq\selenium\selenium-json\4.1.2\selenium-json-4.1.2.jar;C:\Users\ASUS\.m2\repository\org\seleniumhq\selenium\selenium-chrome-driver\4.1.2\selenium-chrome-driver-4.1.2.jar;C:\Users\ASUS\.m2\repository\org\seleniumhq\selenium\selenium-chromium-driver\4.1.2\selenium-chromium-driver-4.1.2.jar;C:\Users\ASUS\.m2\repository\org\seleniumhq\selenium\selenium-firefox-driver\4.1.2\selenium-firefox-driver-4.1.2.jar;C:\Users\ASUS\.m2\repository\org\seleniumhq\selenium\selenium-edge-driver\4.1.2\selenium-edge-driver-4.1.2.jar;C:\Users\ASUS\.m2\repository\org\seleniumhq\selenium\selenium-ie-driver\4.1.2\selenium-ie-driver-4.1.2.jar;C:\Users\ASUS\.m2\repository\org\projectlombok\lombok\1.18.20\lombok-1.18.20.jar;C:\Users\ASUS\.m2\repository\io\appium\java-client\8.0.0\java-client-8.0.0.jar;C:\Users\ASUS\.m2\repository\commons-validator\commons-validator\1.7\commons-validator-1.7.jar;C:\Users\ASUS\.m2\repository\commons-digester\commons-digester\2.1\commons-digester-2.1.jar;C:\Users\ASUS\.m2\repository\org\aspectj\aspectjweaver\1.9.8\aspectjweaver-1.9.8.jar;C:\Users\ASUS\.m2\repository\org\codehaus\groovy\groovy\3.0.10\groovy-3.0.10.jar;C:\Users\ASUS\.m2\repository\net\sf\opencsv\opencsv\2.0\opencsv-2.0.jar;C:\Users\ASUS\.m2\repository\commons-beanutils\commons-beanutils\1.9.4\commons-beanutils-1.9.4.jar;C:\Users\ASUS\.m2\repository\org\apache\commons\commons-lang3\3.12.0\commons-lang3-3.12.0.jar;C:\Users\ASUS\.m2\repository\commons-collections\commons-collections\3.2.2\commons-collections-3.2.2.jar;C:\Users\ASUS\.m2\repository\org\fluentlenium\fluentlenium-core\0.10.2\fluentlenium-core-0.10.2.jar;C:\Users\ASUS\.m2\repository\io\github\bonigarcia\webdrivermanager\5.1.0\webdrivermanager-5.1.0.jar;C:\Users\ASUS\.m2\repository\com\github\docker-java\docker-java\3.2.13\docker-java-3.2.13.jar;C:\Users\ASUS\.m2\repository\com\github\docker-java\docker-java-core\3.2.13\docker-java-core-3.2.13.jar;C:\Users\ASUS\.m2\repository\com\github\docker-java\docker-java-api\3.2.13\docker-java-api-3.2.13.jar;C:\Users\ASUS\.m2\repository\org\apache\commons\commons-compress\1.21\commons-compress-1.21.jar;C:\Users\ASUS\.m2\repository\org\bouncycastle\bcpkix-jdk15on\1.64\bcpkix-jdk15on-1.64.jar;C:\Users\ASUS\.m2\repository\org\bouncycastle\bcprov-jdk15on\1.64\bcprov-jdk15on-1.64.jar;C:\Users\ASUS\.m2\repository\org\slf4j\jcl-over-slf4j\1.7.30\jcl-over-slf4j-1.7.30.jar;C:\Users\ASUS\.m2\repository\com\github\docker-java\docker-java-transport-httpclient5\3.2.13\docker-java-transport-httpclient5-3.2.13.jar;C:\Users\ASUS\.m2\repository\com\github\docker-java\docker-java-transport\3.2.13\docker-java-transport-3.2.13.jar;C:\Users\ASUS\.m2\repository\org\apache\httpcomponents\client5\httpclient5\5.0.3\httpclient5-5.0.3.jar;C:\Users\ASUS\.m2\repository\org\apache\httpcomponents\core5\httpcore5\5.0.2\httpcore5-5.0.2.jar;C:\Users\ASUS\.m2\repository\net\java\dev\jna\jna\5.8.0\jna-5.8.0.jar;C:\Users\ASUS\.m2\repository\org\brotli\dec\0.1.2\dec-0.1.2.jar;C:\Users\ASUS\.m2\repository\com\jhlabs\filters\2.0.235\filters-2.0.235.jar;C:\Users\ASUS\.m2\repository\com\paulhammant\ngwebdriver\1.1.6\ngwebdriver-1.1.6.jar;C:\Users\ASUS\.m2\repository\joda-time\joda-time\2.8.2\joda-time-2.8.2.jar;C:\Users\ASUS\.m2\repository\org\hamcrest\hamcrest\2.2\hamcrest-2.2.jar;C:\Users\ASUS\.m2\repository\com\google\jimfs\jimfs\1.2\jimfs-1.2.jar;C:\Users\ASUS\.m2\repository\org\mockito\mockito-core\3.3.3\mockito-core-3.3.3.jar;C:\Users\ASUS\.m2\repository\javax\xml\bind\jaxb-api\2.3.1\jaxb-api-2.3.1.jar;C:\Users\ASUS\.m2\repository\javax\activation\javax.activation-api\1.2.0\javax.activation-api-1.2.0.jar;C:\Users\ASUS\.m2\repository\com\sun\xml\bind\jaxb-core\2.3.0.1\jaxb-core-2.3.0.1.jar;C:\Users\ASUS\.m2\repository\com\sun\xml\bind\jaxb-impl\2.3.3\jaxb-impl-2.3.3.jar;C:\Users\ASUS\.m2\repository\jakarta\xml\bind\jakarta.xml.bind-api\2.3.3\jakarta.xml.bind-api-2.3.3.jar;C:\Users\ASUS\.m2\repository\com\sun\activation\jakarta.activation\1.2.2\jakarta.activation-1.2.2.jar;C:\Users\ASUS\.m2\repository\javax\activation\activation\1.1.1\activation-1.1.1.jar;C:\Users\ASUS\.m2\repository\net\serenity-bdd\serenity-cucumber\3.2.1\serenity-cucumber-3.2.1.jar;C:\Users\ASUS\.m2\repository\io\cucumber\cucumber-core\7.2.3\cucumber-core-7.2.3.jar;C:\Users\ASUS\.m2\repository\io\cucumber\cucumber-gherkin\7.2.3\cucumber-gherkin-7.2.3.jar;C:\Users\ASUS\.m2\repository\io\cucumber\cucumber-gherkin-messages\7.2.3\cucumber-gherkin-messages-7.2.3.jar;C:\Users\ASUS\.m2\repository\io\cucumber\messages\17.1.1\messages-17.1.1.jar;C:\Users\ASUS\.m2\repository\io\cucumber\tag-expressions\4.1.0\tag-expressions-4.1.0.jar;C:\Users\ASUS\.m2\repository\io\cucumber\cucumber-expressions\15.0.1\cucumber-expressions-15.0.1.jar;C:\Users\ASUS\.m2\repository\io\cucumber\datatable\7.2.3\datatable-7.2.3.jar;C:\Users\ASUS\.m2\repository\io\cucumber\cucumber-plugin\7.2.3\cucumber-plugin-7.2.3.jar;C:\Users\ASUS\.m2\repository\io\cucumber\docstring\7.2.3\docstring-7.2.3.jar;C:\Users\ASUS\.m2\repository\io\cucumber\html-formatter\17.0.0\html-formatter-17.0.0.jar;C:\Users\ASUS\.m2\repository\io\cucumber\ci-environment\8.1.0\ci-environment-8.1.0.jar;C:\Users\ASUS\.m2\repository\io\cucumber\cucumber-junit\7.2.3\cucumber-junit-7.2.3.jar;C:\Users\ASUS\.m2\repository\org\apache\commons\commons-csv\1.5\commons-csv-1.5.jar;C:\Users\ASUS\.m2\repository\net\serenity-bdd\serenity-screenplay\3.2.1\serenity-screenplay-3.2.1.jar;C:\Users\ASUS\.m2\repository\net\serenity-bdd\serenity-screenplay-webdriver\3.2.1\serenity-screenplay-webdriver-3.2.1.jar;C:\Users\ASUS\.m2\repository\net\serenity-bdd\serenity-ensure\3.2.1\serenity-ensure-3.2.1.jar;C:\Users\ASUS\.m2\repository\net\serenity-bdd\serenity-junit\3.2.1\serenity-junit-3.2.1.jar;C:\Users\ASUS\.m2\repository\org\jetbrains\kotlin\kotlin-stdlib\1.6.0\kotlin-stdlib-1.6.0.jar;C:\Users\ASUS\.m2\repository\org\jetbrains\annotations\13.0\annotations-13.0.jar;C:\Users\ASUS\.m2\repository\org\jetbrains\kotlin\kotlin-stdlib-common\1.6.0\kotlin-stdlib-common-1.6.0.jar;C:\Users\ASUS\.m2\repository\org\junit\platform\junit-platform-launcher\1.8.1\junit-platform-launcher-1.8.1.jar;C:\Users\ASUS\.m2\repository\org\junit\platform\junit-platform-engine\1.8.1\junit-platform-engine-1.8.1.jar;C:\Users\ASUS\.m2\repository\org\opentest4j\opentest4j\1.2.0\opentest4j-1.2.0.jar;C:\Users\ASUS\.m2\repository\org\junit\platform\junit-platform-commons\1.8.1\junit-platform-commons-1.8.1.jar;C:\Users\ASUS\.m2\repository\org\apiguardian\apiguardian-api\1.1.2\apiguardian-api-1.1.2.jar;C:\Users\ASUS\.m2\repository\org\junit\jupiter\junit-jupiter-engine\5.8.2\junit-jupiter-engine-5.8.2.jar;C:\Users\ASUS\.m2\repository\org\junit\jupiter\junit-jupiter-api\5.8.2\junit-jupiter-api-5.8.2.jar;C:\Users\ASUS\.m2\repository\org\junit\vintage\junit-vintage-engine\5.8.2\junit-vintage-engine-5.8.2.jar;C:\Users\ASUS\.m2\repository\junit\junit\4.13.2\junit-4.13.2.jar;C:\Users\ASUS\.m2\repository\org\hamcrest\hamcrest-core\1.3\hamcrest-core-1.3.jar;C:\Users\ASUS\.m2\repository\ch\qos\logback\logback-classic\1.2.10\logback-classic-1.2.10.jar;C:\Users\ASUS\.m2\repository\ch\qos\logback\logback-core\1.2.10\logback-core-1.2.10.jar;C:\Users\ASUS\.m2\repository\org\slf4j\slf4j-api\1.7.32\slf4j-api-1.7.32.jar;C:\Users\ASUS\.m2\repository\org\assertj\assertj-core\3.6.2\assertj-core-3.6.2.jar;C:\Users\ASUS\.m2\repository\org\apache\maven\surefire\surefire-junit-platform\3.0.0-M5\surefire-junit-platform-3.0.0-M5.jar;C:\Users\ASUS\.m2\repository\org\apache\maven\surefire\common-java5\3.0.0-M5\common-java5-3.0.0-M5.jar"/>
    <property name="user.script" value=""/>
    <property name="java.protocol.handler.pkgs" value="com.google.common"/>
    <property name="sun.management.compiler" value="HotSpot 64-Bit Tiered Compilers"/>
    <property name="java.runtime.version" value="13.0.2+8"/>
    <property name="user.name" value="ASUS"/>
    <property name="path.separator" value=";"/>
    <property name="os.version" value="10.0"/>
    <property name="java.runtime.name" value="Java(TM) SE Runtime Environment"/>
    <property name="file.encoding" value="Cp1252"/>
    <property name="webdriver.base.url" value=""/>
    <property name="java.vm.name" value="Java HotSpot(TM) 64-Bit Server VM"/>
    <property name="localRepository" value="C:\Users\ASUS\.m2\repository"/>
    <property name="java.vendor.url.bug" value="https://bugreport.java.com/bugreport/"/>
    <property name="java.io.tmpdir" value="C:\Users\ASUS\AppData\Local\Temp\"/>
    <property name="java.version" value="13.0.2"/>
    <property name="user.dir" value="C:\Users\ASUS\Desktop\stupen\miniproject\Web\ASWeb"/>
    <property name="os.arch" value="amd64"/>
    <property name="java.vm.specification.name" value="Java Virtual Machine Specification"/>
    <property name="sun.os.patch.level" value=""/>
    <property name="java.library.path" value="C:\Program Files\Java\jdk-13.0.2\bin;C:\WINDOWS\Sun\Java\bin;C:\WINDOWS\system32;C:\WINDOWS;C:\Program Files\Java\jdk-11.0.12\bin;C:\Program Files\Common Files\Oracle\Java\javapath;C:\Program Files (x86)\Common Files\Oracle\Java\javapath;C:\Windows\system32;C:\Windows;C:\Windows\System32\Wbem;C:\Windows\System32\WindowsPowerShell\v1.0\;C:\Windows\System32\OpenSSH\;C:\Program Files (x86)\NVIDIA Corporation\PhysX\Common;C:\Program Files\NVIDIA Corporation\NVIDIA NvDLISR;C:\Program Files\Intel\WiFi\bin\;C:\Program Files\Common Files\Intel\WirelessCommon\;C:\Users\ASUS\AppData\Local\Programs\Python\Python37;C:\Gradle\gradle-6.1.1\bin;C:\apache-maven-3.6.3\bin;C:\WINDOWS\system32;C:\WINDOWS;C:\WINDOWS\System32\Wbem;C:\WINDOWS\System32\WindowsPowerShell\v1.0\;C:\WINDOWS\System32\OpenSSH\;C:\Users\ASUS\AppData\Local\Programs\Python\Python37\Scripts;C:\Program Files\PostgreSQL\13\bin;D:\PuTTY\;C:\Program Files\nodejs\;C:\Program Files\IBM\SPSS\Statistics\25\JRE\bin;C:\Program Files\Git\cmd;C:\Windows\system32;C:\Windows;C:\Windows\System32\Wbem;C:\Windows\System32\WindowsPowerShell\v1.0\;C:\Windows\System32\OpenSSH\;C:\Program Files (x86)\NVIDIA Corporation\PhysX\Common;C:\Program Files\NVIDIA Corporation\NVIDIA NvDLISR;C:\Program Files\Intel\WiFi\bin\;C:\Program Files\Common Files\Intel\WirelessCommon\;C:\Users\ASUS\AppData\Local\Programs\Python\Python37;C:\Users\ASUS\AppData\Local\Programs\Microsoft VS Code\bin;C:\Program Files\Java\jdk-13.0.2\bin;C:\Program Files\Git\bin\;C:\Program Files\Git\cmd\;C:\Gradle\gradle-6.1.1\bin;C:\Users\ASUS\AppData\Local\Microsoft\WindowsApps;C:\Users\ASUS\AppData\Roaming\Microsoft\Windows\Start Menu\Programs\Python 3.7;C:\Users\ASUS\AppData\Local\Programs\Python\Python37\Scripts;C:\Program Files\heroku\bin;C:\Program Files\PostgreSQL\13\bin;C:\Users\ASUS\AppData\Roaming\npm;C:\Program Files\JetBrains\IntelliJ IDEA 2022.2.1\bin;;C:\Program Files\JetBrains\IntelliJ IDEA Community Edition 2022.2.2\bin;;C:\android_sdk\platform-tools;C:\android_sdk\tools\bin;;."/>
    <property name="java.vm.info" value="mixed mode"/>
    <property name="java.vendor" value="Oracle Corporation"/>
    <property name="java.vm.version" value="13.0.2+8"/>
    <property name="sun.io.unicode.encoding" value="UnicodeLittle"/>
    <property name="java.class.version" value="57.0"/>
  </properties>
  <testcase name="View Cart Detail (filled)" classname="Manage Cart" time="19.564">
    <system-out><![CDATA[21:11:40.087 [main] INFO io.cucumber.core.plugin.SerenityReporter - Running feature from file:///C:/Users/ASUS/Desktop/stupen/miniproject/Web/ASWeb/src/test/resources/features/Cart.feature
21:11:40.372 [main] INFO  - 

-------------------------------------------------------------------------------------
     _______. _______ .______       _______ .__   __.  __  .___________.____    ____ 
    /       ||   ____||   _  \     |   ____||  \ |  | |  | |           |\   \  /   / 
   |   (----`|  |__   |  |_)  |    |  |__   |   \|  | |  | `---|  |----` \   \/   /  
    \   \    |   __|  |      /     |   __|  |  . `  | |  |     |  |       \_    _/   
.----)   |   |  |____ |  |\  \----.|  |____ |  |\   | |  |     |  |         |  |     
|_______/    |_______|| _| `._____||_______||__| \__| |__|     |__|         |__|    
                                                                                     
 News and tutorials at http://www.serenity-bdd.info                                  
 Documentation at https://wakaleo.gitbooks.io/the-serenity-book/content/             
 Join the Serenity Community on Gitter: https://gitter.im/serenity-bdd/serenity-core 
 Serenity BDD Support and Training at http://serenity-bdd.info/#/trainingandsupport  
-------------------------------------------------------------------------------------

21:11:40.376 [main] DEBUG net.thucydides.core.steps.StepEventBus - Test suite started for story net.thucydides.core.model.Story@a99674c0
21:11:40.379 [main] INFO  - Test Suite Started: Manage Cart
21:11:40.395 [main] INFO io.cucumber.core.plugin.SerenityReporter - Running feature from file:///C:/Users/ASUS/Desktop/stupen/miniproject/Web/ASWeb/src/test/resources/features/Login.feature
21:11:40.403 [main] DEBUG net.thucydides.core.steps.StepEventBus - Test suite started for story net.thucydides.core.model.Story@23282f08
21:11:40.407 [main] INFO  - Test Suite Started: Login
21:11:40.408 [main] INFO io.cucumber.core.plugin.SerenityReporter - Running feature from file:///C:/Users/ASUS/Desktop/stupen/miniproject/Web/ASWeb/src/test/resources/features/Logout.feature
21:11:40.412 [main] DEBUG net.thucydides.core.steps.StepEventBus - Test suite started for story net.thucydides.core.model.Story@7960de68
21:11:40.413 [main] INFO  - Test Suite Started: Logout
21:11:40.413 [main] INFO io.cucumber.core.plugin.SerenityReporter - Running feature from file:///C:/Users/ASUS/Desktop/stupen/miniproject/Web/ASWeb/src/test/resources/features/Product.feature
21:11:40.421 [main] DEBUG net.thucydides.core.steps.StepEventBus - Test suite started for story net.thucydides.core.model.Story@94d3a930
21:11:40.421 [main] INFO  - Test Suite Started: Manage Product
21:11:40.421 [main] INFO io.cucumber.core.plugin.SerenityReporter - Running feature from file:///C:/Users/ASUS/Desktop/stupen/miniproject/Web/ASWeb/src/test/resources/features/Register.feature
21:11:40.431 [main] DEBUG net.thucydides.core.steps.StepEventBus - Test suite started for story net.thucydides.core.model.Story@30e75088
21:11:40.432 [main] INFO  - Test Suite Started: Register
21:11:40.432 [main] INFO io.cucumber.core.plugin.SerenityReporter - Running feature from file:///C:/Users/ASUS/Desktop/stupen/miniproject/Web/ASWeb/src/test/resources/features/Transaction.feature
21:11:40.440 [main] DEBUG net.thucydides.core.steps.StepEventBus - Test suite started for story net.thucydides.core.model.Story@c54cf0a8
21:11:40.441 [main] INFO  - Test Suite Started: Transaction
21:11:40.442 [main] INFO io.cucumber.core.plugin.SerenityReporter - Running feature from file:///C:/Users/ASUS/Desktop/stupen/miniproject/Web/ASWeb/src/test/resources/features/Cart.feature
21:11:40.446 [main] DEBUG net.thucydides.core.steps.StepEventBus - Test suite started for story net.thucydides.core.model.Story@a99674c0
21:11:40.447 [main] INFO  - Test Suite Started: Manage Cart

@Cart
Scenario: View Cart Detail (filled)       &amp#27;[90m# src/test/resources/features/Cart.feature:7&amp#27;[0m
21:11:40.585 [main] INFO io.cucumber.core.plugin.SerenityReporter - Running feature from file:///C:/Users/ASUS/Desktop/stupen/miniproject/Web/ASWeb/src/test/resources/features/Cart.feature
21:11:40.752 [main] INFO  - 
  _____   ___   ___   _____     ___   _____     _     ___   _____   ___   ___  
 |_   _| | __| / __| |_   _|   / __| |_   _|   /_\   | _ \ |_   _| | __| |   \ 
   | |   | _|  \__ \   | |     \__ \   | |    / _ \  |   /   | |   | _|  | |) |
   |_|   |___| |___/   |_|     |___/   |_|   /_/ \_\ |_|_\   |_|   |___| |___/ 

View Cart Detail (filled)(manage-cart;view-cart-detail-(filled))
--------------------------------------------------------------------------------
21:11:41.805 [main] INFO net.serenitybdd.core.webdriver.driverproviders.ChromeDriverProvider - Using automatically driver download
21:11:42.638 [main] DEBUG io.github.bonigarcia.wdm.cache.ResolutionCache - Resolution chrome=107 in cache (valid until 21:49:49 03/11/2022 WIB)
21:11:42.646 [main] DEBUG io.github.bonigarcia.wdm.cache.ResolutionCache - Resolution chrome107=107.0.5304.62 in cache (valid until 16:49:12 04/11/2022 WIB)
21:11:42.650 [main] INFO io.github.bonigarcia.wdm.WebDriverManager - Using chromedriver 107.0.5304.62 (resolved driver for Chrome 107)
21:11:42.674 [main] DEBUG io.github.bonigarcia.wdm.WebDriverManager - Driver chromedriver 107.0.5304.62 found in cache
21:11:42.675 [main] INFO io.github.bonigarcia.wdm.WebDriverManager - Exporting webdriver.chrome.driver as C:\Users\ASUS\.cache\selenium\chromedriver\win32\107.0.5304.62\chromedriver.exe
21:11:43.499 [main] DEBUG net.thucydides.core.reflection.ClassFinder - Could not load class .CucumberTestSuite
21:11:43.499 [main] DEBUG net.thucydides.core.reflection.ClassFinder - Could not load class .starter.pages.CartPages
21:11:43.499 [main] DEBUG net.thucydides.core.reflection.ClassFinder - Could not load class .starter.pages.LogInOutPages
21:11:43.499 [main] DEBUG net.thucydides.core.reflection.ClassFinder - Could not load class .starter.pages.ProductPages
21:11:43.499 [main] DEBUG net.thucydides.core.reflection.ClassFinder - Could not load class .starter.pages.RegisterPage
21:11:43.499 [main] DEBUG net.thucydides.core.reflection.ClassFinder - Could not load class .starter.pages.TransactionPages
21:11:43.499 [main] DEBUG net.thucydides.core.reflection.ClassFinder - Could not load class .starter.stepdefinitions.CartSteps
21:11:43.500 [main] DEBUG net.thucydides.core.reflection.ClassFinder - Could not load class .starter.stepdefinitions.LogInOutSteps
21:11:43.500 [main] DEBUG net.thucydides.core.reflection.ClassFinder - Could not load class .starter.stepdefinitions.ProductSteps
21:11:43.500 [main] DEBUG net.thucydides.core.reflection.ClassFinder - Could not load class .starter.stepdefinitions.RegisterSteps
21:11:43.500 [main] DEBUG net.thucydides.core.reflection.ClassFinder - Could not load class .starter.stepdefinitions.TransactionSteps
21:11:43.500 [main] DEBUG net.thucydides.core.reflection.ClassFinder - Could not load class META-INF.versions.9.com.sun.istack.logging.StackHelper
21:11:43.501 [main] DEBUG net.thucydides.core.reflection.ClassFinder - Could not load class META-INF.versions.9.com.sun.xml.bind.v2.runtime.reflect.opt.AccessorInjector
21:11:43.501 [main] DEBUG net.thucydides.core.reflection.ClassFinder - Could not load class META-INF.versions.9.com.sun.xml.bind.v2.runtime.reflect.opt.Injector
21:11:43.502 [main] DEBUG net.thucydides.core.reflection.ClassFinder - Could not load class META-INF.versions.9.com.sun.xml.bind.v2.runtime.reflect.opt.OptimizedAccessorFactory
21:11:43.502 [main] DEBUG net.thucydides.core.reflection.ClassFinder - Could not load class META-INF.versions.9.com.sun.xml.bind.v2.runtime.reflect.opt.OptimizedTransducedAccessorFactory
21:11:43.502 [main] DEBUG net.thucydides.core.reflection.ClassFinder - Could not load class META-INF.versions.9.io.opentelemetry.sdk.internal.CurrentJavaVersionSpecific
21:11:43.503 [main] DEBUG net.thucydides.core.reflection.ClassFinder - Could not load class META-INF.versions.9.io.opentelemetry.sdk.internal.Java9VersionSpecific
21:11:43.503 [main] DEBUG net.thucydides.core.reflection.ClassFinder - Could not load class META-INF.versions.9.javax.xml.bind.ModuleUtil
21:11:43.503 [main] DEBUG net.thucydides.core.reflection.ClassFinder - Could not load class META-INF.versions.9.module-info
21:11:43.504 [main] DEBUG net.thucydides.core.reflection.ClassFinder - Could not load class META-INF.versions.9.org.junit.platform.commons.util.ModuleUtils
21:11:43.864 [main] DEBUG net.thucydides.core.reflection.ClassFinder - Could not load class com.google.gson.internal.
21:11:44.103 [main] DEBUG net.thucydides.core.reflection.ClassFinder - Could not load class com.sun.xml.bind.v2.runtime.output.FastInfosetStreamWriterOutput
21:11:44.681 [main] DEBUG net.thucydides.core.reflection.ClassFinder - Could not load class module-info
21:11:48.038 [main] DEBUG io.netty.util.internal.logging.InternalLoggerFactory - Using SLF4J as the default logging framework
21:11:48.041 [main] DEBUG io.netty.util.ResourceLeakDetector - -Dio.netty.leakDetection.level: simple
21:11:48.041 [main] DEBUG io.netty.util.ResourceLeakDetector - -Dio.netty.leakDetection.targetRecords: 4
21:11:48.044 [main] DEBUG io.netty.util.ResourceLeakDetectorFactory - Loaded default ResourceLeakDetector: io.netty.util.ResourceLeakDetector@4c36416b
21:11:48.062 [main] DEBUG io.netty.util.internal.PlatformDependent0 - -Dio.netty.noUnsafe: false
21:11:48.063 [main] DEBUG io.netty.util.internal.PlatformDependent0 - Java version: 13
21:11:48.064 [main] DEBUG io.netty.util.internal.PlatformDependent0 - sun.misc.Unsafe.theUnsafe: available
21:11:48.064 [main] DEBUG io.netty.util.internal.PlatformDependent0 - sun.misc.Unsafe.copyMemory: available
21:11:48.065 [main] DEBUG io.netty.util.internal.PlatformDependent0 - java.nio.Buffer.address: available
21:11:48.065 [main] DEBUG io.netty.util.internal.PlatformDependent0 - direct buffer constructor: unavailable: Reflective setAccessible(true) disabled
21:11:48.066 [main] DEBUG io.netty.util.internal.PlatformDependent0 - java.nio.Bits.unaligned: available, true
21:11:48.067 [main] DEBUG io.netty.util.internal.PlatformDependent0 - jdk.internal.misc.Unsafe.allocateUninitializedArray(int): unavailable: class io.netty.util.internal.PlatformDependent0$6 cannot access class jdk.internal.misc.Unsafe (in module java.base) because module java.base does not export jdk.internal.misc to unnamed module @344344fa
21:11:48.069 [main] DEBUG io.netty.util.internal.PlatformDependent0 - java.nio.DirectByteBuffer.<init>(long, int): unavailable
21:11:48.069 [main] DEBUG io.netty.util.internal.PlatformDependent - sun.misc.Unsafe: available
21:11:48.071 [main] DEBUG io.netty.util.internal.PlatformDependent - maxDirectMemory: 2109734912 bytes (maybe)
21:11:48.071 [main] DEBUG io.netty.util.internal.PlatformDependent - -Dio.netty.tmpdir: C:\Users\ASUS\AppData\Local\Temp (java.io.tmpdir)
21:11:48.072 [main] DEBUG io.netty.util.internal.PlatformDependent - -Dio.netty.bitMode: 64 (sun.arch.data.model)
21:11:48.072 [main] DEBUG io.netty.util.internal.PlatformDependent - Platform: Windows
21:11:48.073 [main] DEBUG io.netty.util.internal.PlatformDependent - -Dio.netty.maxDirectMemory: -1 bytes
21:11:48.073 [main] DEBUG io.netty.util.internal.PlatformDependent - -Dio.netty.uninitializedArrayAllocationThreshold: -1
21:11:48.073 [main] DEBUG io.netty.util.internal.CleanerJava9 - java.nio.ByteBuffer.cleaner(): available
21:11:48.074 [main] DEBUG io.netty.util.internal.PlatformDependent - -Dio.netty.noPreferDirect: false
21:11:48.082 [main] DEBUG io.netty.util.internal.PlatformDependent - org.jctools-core.MpscChunkedArrayQueue: available
21:11:48.103 [main] DEBUG io.netty.util.internal.InternalThreadLocalMap - -Dio.netty.threadLocalMap.stringBuilder.initialSize: 1024
21:11:48.103 [main] DEBUG io.netty.util.internal.InternalThreadLocalMap - -Dio.netty.threadLocalMap.stringBuilder.maxSize: 4096
21:11:48.180 [main] DEBUG io.netty.handler.ssl.JdkSslContext - Default protocols (JDK): [TLSv1.3, TLSv1.2, TLSv1.1, TLSv1] 
21:11:48.180 [main] DEBUG io.netty.handler.ssl.JdkSslContext - Default cipher suites (JDK): [TLS_ECDHE_ECDSA_WITH_AES_256_GCM_SHA384, TLS_ECDHE_ECDSA_WITH_AES_128_GCM_SHA256, TLS_ECDHE_RSA_WITH_AES_128_GCM_SHA256, TLS_ECDHE_RSA_WITH_AES_256_GCM_SHA384, TLS_ECDHE_RSA_WITH_AES_128_CBC_SHA, TLS_ECDHE_RSA_WITH_AES_256_CBC_SHA, TLS_RSA_WITH_AES_128_GCM_SHA256, TLS_RSA_WITH_AES_128_CBC_SHA, TLS_RSA_WITH_AES_256_CBC_SHA, TLS_AES_128_GCM_SHA256, TLS_AES_256_GCM_SHA384]
21:11:48.219 [main] DEBUG io.netty.channel.MultithreadEventLoopGroup - -Dio.netty.eventLoopThreads: 16
21:11:48.231 [main] DEBUG io.netty.channel.nio.NioEventLoop - -Dio.netty.noKeySetOptimization: false
21:11:48.231 [main] DEBUG io.netty.channel.nio.NioEventLoop - -Dio.netty.selectorAutoRebuildThreshold: 512
21:11:48.482 [main] DEBUG io.netty.buffer.PooledByteBufAllocator - -Dio.netty.allocator.numHeapArenas: 16
21:11:48.482 [main] DEBUG io.netty.buffer.PooledByteBufAllocator - -Dio.netty.allocator.numDirectArenas: 16
21:11:48.482 [main] DEBUG io.netty.buffer.PooledByteBufAllocator - -Dio.netty.allocator.pageSize: 8192
21:11:48.482 [main] DEBUG io.netty.buffer.PooledByteBufAllocator - -Dio.netty.allocator.maxOrder: 11
21:11:48.482 [main] DEBUG io.netty.buffer.PooledByteBufAllocator - -Dio.netty.allocator.chunkSize: 16777216
21:11:48.482 [main] DEBUG io.netty.buffer.PooledByteBufAllocator - -Dio.netty.allocator.smallCacheSize: 256
21:11:48.482 [main] DEBUG io.netty.buffer.PooledByteBufAllocator - -Dio.netty.allocator.normalCacheSize: 64
21:11:48.482 [main] DEBUG io.netty.buffer.PooledByteBufAllocator - -Dio.netty.allocator.maxCachedBufferCapacity: 32768
21:11:48.482 [main] DEBUG io.netty.buffer.PooledByteBufAllocator - -Dio.netty.allocator.cacheTrimInterval: 8192
21:11:48.482 [main] DEBUG io.netty.buffer.PooledByteBufAllocator - -Dio.netty.allocator.cacheTrimIntervalMillis: 0
21:11:48.482 [main] DEBUG io.netty.buffer.PooledByteBufAllocator - -Dio.netty.allocator.useCacheForAllThreads: true
21:11:48.482 [main] DEBUG io.netty.buffer.PooledByteBufAllocator - -Dio.netty.allocator.maxCachedByteBuffersPerChunk: 1023
21:11:48.496 [main] DEBUG io.netty.buffer.ByteBufUtil - -Dio.netty.allocator.type: pooled
21:11:48.496 [main] DEBUG io.netty.buffer.ByteBufUtil - -Dio.netty.threadLocalDirectBufferSize: 0
21:11:48.497 [main] DEBUG io.netty.buffer.ByteBufUtil - -Dio.netty.maxThreadLocalCharBufferSize: 16384
21:11:48.707 [main] DEBUG net.serenitybdd.core.webdriver.driverproviders.ProvideNewDriver - Instantiating driver
21:11:48.707 [main] DEBUG net.serenitybdd.core.webdriver.driverproviders.ProvideNewDriver - Driver capabilities: Capabilities {acceptInsecureCerts: false, base.url: https://alta-shop.vercel.app/, browserName: chrome, chrome.driver: src/test/resources/webdrive..., driver: chrome, goog:chromeOptions: {args: [], extensions: []}, wait.for.timeout: 10000}
21:11:49.440 [Forwarding newSession on session null to remote] DEBUG io.netty.channel.DefaultChannelId - -Dio.netty.processId: 15184 (auto-detected)
21:11:49.442 [Forwarding newSession on session null to remote] DEBUG io.netty.util.NetUtil - -Djava.net.preferIPv4Stack: false
21:11:49.442 [Forwarding newSession on session null to remote] DEBUG io.netty.util.NetUtil - -Djava.net.preferIPv6Addresses: false
21:11:49.623 [Forwarding newSession on session null to remote] DEBUG io.netty.util.NetUtilInitializations - Loopback interface: lo (Software Loopback Interface 1, 127.0.0.1)
21:11:49.624 [Forwarding newSession on session null to remote] DEBUG io.netty.util.NetUtil - Failed to get SOMAXCONN from sysctl and file \proc\sys\net\core\somaxconn. Default: 200
21:11:49.818 [Forwarding newSession on session null to remote] DEBUG io.netty.channel.DefaultChannelId - -Dio.netty.machineId: d4:d2:52:ff:fe:a4:e5:f7 (auto-detected)
21:11:49.879 [AsyncHttpClient-1-2] DEBUG io.netty.buffer.AbstractByteBuf - -Dio.netty.buffer.checkAccessible: true
21:11:49.879 [AsyncHttpClient-1-2] DEBUG io.netty.buffer.AbstractByteBuf - -Dio.netty.buffer.checkBounds: true
21:11:49.880 [AsyncHttpClient-1-2] DEBUG io.netty.util.ResourceLeakDetectorFactory - Loaded default ResourceLeakDetector: io.netty.util.ResourceLeakDetector@2d54e98
21:11:49.897 [AsyncHttpClient-1-2] DEBUG org.asynchttpclient.netty.channel.NettyConnectListener - Using new Channel '[id: 0x0b710b23, L:/127.0.0.1:49986 - R:localhost/127.0.0.1:65467]' for 'POST' to '/session'
21:11:49.918 [AsyncHttpClient-1-2] DEBUG io.netty.util.Recycler - -Dio.netty.recycler.maxCapacityPerThread: 4096
21:11:49.918 [AsyncHttpClient-1-2] DEBUG io.netty.util.Recycler - -Dio.netty.recycler.ratio: 8
21:11:49.918 [AsyncHttpClient-1-2] DEBUG io.netty.util.Recycler - -Dio.netty.recycler.chunkSize: 32
21:11:49.918 [AsyncHttpClient-1-2] DEBUG io.netty.util.Recycler - -Dio.netty.recycler.blocking: false
21:11:51.551 [AsyncHttpClient-1-2] DEBUG io.netty.handler.codec.compression.Brotli - brotli4j not in the classpath; Brotli support will be unavailable.
21:11:51.552 [AsyncHttpClient-1-2] DEBUG org.asynchttpclient.netty.handler.HttpHandler - 

Request DefaultHttpRequest(decodeResult: success, version: HTTP/1.1)
POST /session HTTP/1.1
User-Agent: selenium/4.1.2 (java windows)
Content-Length: 646
Content-Type: application/json; charset=utf-8
host: localhost:65467
accept: */*

Response DefaultHttpResponse(decodeResult: success, version: HTTP/1.1)
HTTP/1.1 200 OK
Content-Type: application/json; charset=utf-8
cache-control: no-cache
content-length: 789

21:11:51.579 [AsyncHttpClient-1-2] DEBUG org.asynchttpclient.netty.channel.ChannelManager - Adding key: http://localhost:65467 for channel [id: 0x0b710b23, L:/127.0.0.1:49986 - R:localhost/127.0.0.1:65467]
21:11:51.783 [AsyncHttpClient-1-3] DEBUG org.asynchttpclient.netty.channel.NettyConnectListener - Using new Channel '[id: 0xdb21087e, L:/127.0.0.1:49998 - R:localhost/127.0.0.1:49990]' for 'GET' to '/json/version'
21:11:51.794 [AsyncHttpClient-1-3] DEBUG org.asynchttpclient.netty.handler.HttpHandler - 

Request DefaultFullHttpRequest(decodeResult: success, version: HTTP/1.1, content: EmptyByteBufBE)
GET /json/version HTTP/1.1
User-Agent: selenium/4.1.2 (java windows)
host: localhost:49990
accept: */*

Response DefaultHttpResponse(decodeResult: success, version: HTTP/1.1)
HTTP/1.1 200 OK
Content-Type: application/json; charset=UTF-8
content-length: 423

21:11:51.794 [AsyncHttpClient-1-3] DEBUG org.asynchttpclient.netty.channel.ChannelManager - Adding key: http://localhost:49990 for channel [id: 0xdb21087e, L:/127.0.0.1:49998 - R:localhost/127.0.0.1:49990]
21:11:51.807 [main] DEBUG io.netty.util.internal.ThreadLocalRandom - -Dio.netty.initialSeedUniquifier: 0x2e8ce9604b41a223
21:11:51.818 [AsyncHttpClient-1-4] DEBUG org.asynchttpclient.netty.channel.NettyConnectListener - Using new Channel '[id: 0x1f3b9878, L:/127.0.0.1:50000 - R:localhost/127.0.0.1:49990]' for 'GET' to '/devtools/browser/170365df-d44a-43ce-a58b-8abb4822bcad'
21:11:51.828 [AsyncHttpClient-1-4] DEBUG org.asynchttpclient.netty.handler.WebSocketHandler - 

Request DefaultFullHttpRequest(decodeResult: success, version: HTTP/1.1, content: EmptyByteBufBE)
GET /devtools/browser/170365df-d44a-43ce-a58b-8abb4822bcad HTTP/1.1
upgrade: websocket
connection: upgrade
sec-websocket-key: 1k89YQCsqGbKck6EqydMcg==
sec-websocket-version: 13
origin: http://localhost:49990
host: localhost:49990
accept: */*
user-agent: AHC/2.1

Response DefaultHttpResponse(decodeResult: success, version: HTTP/1.1)
HTTP/1.1 101 WebSocket Protocol Handshake
Upgrade: WebSocket
Connection: Upgrade
Sec-WebSocket-Accept: emDRos1RRQwr5vzJlEmhDkqHtfY=

21:11:52.588 [AsyncHttpClient-1-1] DEBUG org.asynchttpclient.netty.channel.DefaultChannelPool - Entry count for : http://localhost:49990 : 1
21:11:52.588 [AsyncHttpClient-1-1] DEBUG org.asynchttpclient.netty.channel.DefaultChannelPool - Entry count for : http://localhost:65467 : 1
21:11:52.994 [main] DEBUG net.thucydides.core.reflection.ClassFinder - Could not load class .CucumberTestSuite
21:11:52.994 [main] DEBUG net.thucydides.core.reflection.ClassFinder - Could not load class .starter.pages.CartPages
21:11:52.994 [main] DEBUG net.thucydides.core.reflection.ClassFinder - Could not load class .starter.pages.LogInOutPages
21:11:52.994 [main] DEBUG net.thucydides.core.reflection.ClassFinder - Could not load class .starter.pages.ProductPages
21:11:52.994 [main] DEBUG net.thucydides.core.reflection.ClassFinder - Could not load class .starter.pages.RegisterPage
21:11:52.994 [main] DEBUG net.thucydides.core.reflection.ClassFinder - Could not load class .starter.pages.TransactionPages
21:11:52.994 [main] DEBUG net.thucydides.core.reflection.ClassFinder - Could not load class .starter.stepdefinitions.CartSteps
21:11:52.994 [main] DEBUG net.thucydides.core.reflection.ClassFinder - Could not load class .starter.stepdefinitions.LogInOutSteps
21:11:52.994 [main] DEBUG net.thucydides.core.reflection.ClassFinder - Could not load class .starter.stepdefinitions.ProductSteps
21:11:52.994 [main] DEBUG net.thucydides.core.reflection.ClassFinder - Could not load class .starter.stepdefinitions.RegisterSteps
21:11:52.994 [main] DEBUG net.thucydides.core.reflection.ClassFinder - Could not load class .starter.stepdefinitions.TransactionSteps
21:11:52.995 [main] DEBUG net.thucydides.core.reflection.ClassFinder - Could not load class META-INF.versions.9.com.sun.istack.logging.StackHelper
21:11:52.995 [main] DEBUG net.thucydides.core.reflection.ClassFinder - Could not load class META-INF.versions.9.com.sun.xml.bind.v2.runtime.reflect.opt.AccessorInjector
21:11:52.996 [main] DEBUG net.thucydides.core.reflection.ClassFinder - Could not load class META-INF.versions.9.com.sun.xml.bind.v2.runtime.reflect.opt.Injector
21:11:52.996 [main] DEBUG net.thucydides.core.reflection.ClassFinder - Could not load class META-INF.versions.9.com.sun.xml.bind.v2.runtime.reflect.opt.OptimizedAccessorFactory
21:11:52.997 [main] DEBUG net.thucydides.core.reflection.ClassFinder - Could not load class META-INF.versions.9.com.sun.xml.bind.v2.runtime.reflect.opt.OptimizedTransducedAccessorFactory
21:11:52.997 [main] DEBUG net.thucydides.core.reflection.ClassFinder - Could not load class META-INF.versions.9.io.opentelemetry.sdk.internal.CurrentJavaVersionSpecific
21:11:52.997 [main] DEBUG net.thucydides.core.reflection.ClassFinder - Could not load class META-INF.versions.9.io.opentelemetry.sdk.internal.Java9VersionSpecific
21:11:52.998 [main] DEBUG net.thucydides.core.reflection.ClassFinder - Could not load class META-INF.versions.9.javax.xml.bind.ModuleUtil
21:11:52.998 [main] DEBUG net.thucydides.core.reflection.ClassFinder - Could not load class META-INF.versions.9.module-info
21:11:52.999 [main] DEBUG net.thucydides.core.reflection.ClassFinder - Could not load class META-INF.versions.9.org.junit.platform.commons.util.ModuleUtils
21:11:53.001 [main] DEBUG net.thucydides.core.reflection.ClassFinder - Could not load class com.google.gson.internal.
21:11:53.003 [main] DEBUG net.thucydides.core.reflection.ClassFinder - Could not load class com.sun.xml.bind.v2.runtime.output.FastInfosetStreamWriterOutput
21:11:53.005 [main] DEBUG net.thucydides.core.reflection.ClassFinder - Could not load class module-info
21:11:53.030 [Forwarding get on session 65a906dfa5e10b924927e8d90c91f3d4 to remote] DEBUG org.asynchttpclient.netty.request.NettyRequestSender - Using pooled Channel '[id: 0x0b710b23, L:/127.0.0.1:49986 - R:localhost/127.0.0.1:65467]' for 'POST' to 'http://localhost:65467/session/65a906dfa5e10b924927e8d90c91f3d4/url'
21:11:53.030 [Forwarding get on session 65a906dfa5e10b924927e8d90c91f3d4 to remote] DEBUG org.asynchttpclient.netty.request.NettyRequestSender - Using open Channel [id: 0x0b710b23, L:/127.0.0.1:49986 - R:localhost/127.0.0.1:65467] for POST '/session/65a906dfa5e10b924927e8d90c91f3d4/url'
21:11:53.686 [AsyncHttpClient-1-1] DEBUG org.asynchttpclient.netty.channel.DefaultChannelPool - Entry count for : http://localhost:49990 : 1
21:11:54.226 [AsyncHttpClient-1-2] DEBUG org.asynchttpclient.netty.handler.HttpHandler - 

Request DefaultHttpRequest(decodeResult: success, version: HTTP/1.1)
POST /session/65a906dfa5e10b924927e8d90c91f3d4/url HTTP/1.1
User-Agent: selenium/4.1.2 (java windows)
Content-Length: 59
Content-Type: application/json; charset=utf-8
host: localhost:65467
accept: */*

Response DefaultHttpResponse(decodeResult: success, version: HTTP/1.1)
HTTP/1.1 200 OK
Content-Type: application/json; charset=utf-8
cache-control: no-cache
content-length: 14

21:11:54.227 [AsyncHttpClient-1-2] DEBUG org.asynchttpclient.netty.channel.ChannelManager - Adding key: http://localhost:65467 for channel [id: 0x0b710b23, L:/127.0.0.1:49986 - R:localhost/127.0.0.1:65467]
21:11:54.234 [Forwarding setTimeout on session 65a906dfa5e10b924927e8d90c91f3d4 to remote] DEBUG org.asynchttpclient.netty.request.NettyRequestSender - Using pooled Channel '[id: 0x0b710b23, L:/127.0.0.1:49986 - R:localhost/127.0.0.1:65467]' for 'POST' to 'http://localhost:65467/session/65a906dfa5e10b924927e8d90c91f3d4/timeouts'
21:11:54.234 [Forwarding setTimeout on session 65a906dfa5e10b924927e8d90c91f3d4 to remote] DEBUG org.asynchttpclient.netty.request.NettyRequestSender - Using open Channel [id: 0x0b710b23, L:/127.0.0.1:49986 - R:localhost/127.0.0.1:65467] for POST '/session/65a906dfa5e10b924927e8d90c91f3d4/timeouts'
21:11:54.236 [AsyncHttpClient-1-2] DEBUG org.asynchttpclient.netty.handler.HttpHandler - 

Request DefaultHttpRequest(decodeResult: success, version: HTTP/1.1)
POST /session/65a906dfa5e10b924927e8d90c91f3d4/timeouts HTTP/1.1
User-Agent: selenium/4.1.2 (java windows)
Content-Length: 22
Content-Type: application/json; charset=utf-8
host: localhost:65467
accept: */*

Response DefaultHttpResponse(decodeResult: success, version: HTTP/1.1)
HTTP/1.1 200 OK
Content-Type: application/json; charset=utf-8
cache-control: no-cache
content-length: 14

21:11:54.237 [AsyncHttpClient-1-2] DEBUG org.asynchttpclient.netty.channel.ChannelManager - Adding key: http://localhost:65467 for channel [id: 0x0b710b23, L:/127.0.0.1:49986 - R:localhost/127.0.0.1:65467]
21:11:54.247 [Forwarding getCurrentUrl on session 65a906dfa5e10b924927e8d90c91f3d4 to remote] DEBUG org.asynchttpclient.netty.request.NettyRequestSender - Using pooled Channel '[id: 0x0b710b23, L:/127.0.0.1:49986 - R:localhost/127.0.0.1:65467]' for 'GET' to 'http://localhost:65467/session/65a906dfa5e10b924927e8d90c91f3d4/url'
21:11:54.247 [Forwarding getCurrentUrl on session 65a906dfa5e10b924927e8d90c91f3d4 to remote] DEBUG org.asynchttpclient.netty.request.NettyRequestSender - Using open Channel [id: 0x0b710b23, L:/127.0.0.1:49986 - R:localhost/127.0.0.1:65467] for GET '/session/65a906dfa5e10b924927e8d90c91f3d4/url'
21:11:54.259 [AsyncHttpClient-1-2] DEBUG org.asynchttpclient.netty.handler.HttpHandler - 

Request DefaultFullHttpRequest(decodeResult: success, version: HTTP/1.1, content: EmptyByteBufBE)
GET /session/65a906dfa5e10b924927e8d90c91f3d4/url HTTP/1.1
User-Agent: selenium/4.1.2 (java windows)
Cache-Control: no-cache
Content-Type: application/json; charset=utf-8
host: localhost:65467
accept: */*

Response DefaultHttpResponse(decodeResult: success, version: HTTP/1.1)
HTTP/1.1 200 OK
Content-Type: application/json; charset=utf-8
cache-control: no-cache
content-length: 41

21:11:54.260 [AsyncHttpClient-1-2] DEBUG org.asynchttpclient.netty.channel.ChannelManager - Adding key: http://localhost:65467 for channel [id: 0x0b710b23, L:/127.0.0.1:49986 - R:localhost/127.0.0.1:65467]
  &amp#27;[32mGiven &amp#27;[0m&amp#27;[32mI open homepage url&amp#27;[0m               &amp#27;[90m# starter.stepdefinitions.CartSteps.iOpenHomepageUrl()&amp#27;[0m
21:11:54.323 [main] DEBUG net.serenitybdd.core.photography.Darkroom - Opening darkroom
21:11:54.324 [Darkroom Processing Line] DEBUG net.serenitybdd.core.photography.DarkroomProcessingLine - Darkroom processing line starting up
21:11:54.325 [Forwarding screenshot on session 65a906dfa5e10b924927e8d90c91f3d4 to remote] DEBUG org.asynchttpclient.netty.request.NettyRequestSender - Using pooled Channel '[id: 0x0b710b23, L:/127.0.0.1:49986 - R:localhost/127.0.0.1:65467]' for 'GET' to 'http://localhost:65467/session/65a906dfa5e10b924927e8d90c91f3d4/screenshot'
21:11:54.325 [Forwarding screenshot on session 65a906dfa5e10b924927e8d90c91f3d4 to remote] DEBUG org.asynchttpclient.netty.request.NettyRequestSender - Using open Channel [id: 0x0b710b23, L:/127.0.0.1:49986 - R:localhost/127.0.0.1:65467] for GET '/session/65a906dfa5e10b924927e8d90c91f3d4/screenshot'
21:11:54.517 [AsyncHttpClient-1-2] DEBUG org.asynchttpclient.netty.handler.HttpHandler - 

Request DefaultFullHttpRequest(decodeResult: success, version: HTTP/1.1, content: EmptyByteBufBE)
GET /session/65a906dfa5e10b924927e8d90c91f3d4/screenshot HTTP/1.1
User-Agent: selenium/4.1.2 (java windows)
Cache-Control: no-cache
Content-Type: application/json; charset=utf-8
host: localhost:65467
accept: */*

Response DefaultHttpResponse(decodeResult: success, version: HTTP/1.1)
HTTP/1.1 200 OK
Content-Type: application/json; charset=utf-8
cache-control: no-cache
content-length: 43520

21:11:54.519 [AsyncHttpClient-1-2] DEBUG org.asynchttpclient.netty.channel.ChannelManager - Adding key: http://localhost:65467 for channel [id: 0x0b710b23, L:/127.0.0.1:49986 - R:localhost/127.0.0.1:65467]
21:11:54.633 [main] DEBUG net.serenitybdd.core.photography.Darkroom - Send negative for processing for target\site\serenity\92edf8f738a29f13e54172eb0215efabca369dafb962a1b2d855ad87718a3162.png
21:11:54.634 [Darkroom Processing Line] DEBUG net.serenitybdd.core.photography.DarkroomProcessingLine - Processing screenshot image in /var/screenshots/screenshot-529303619911293738
21:11:54.634 [Darkroom Processing Line] DEBUG net.serenitybdd.core.photography.DarkroomProcessingLine - Saving screenshot to target\site\serenity\92edf8f738a29f13e54172eb0215efabca369dafb962a1b2d855ad87718a3162.png
21:11:54.667 [Forwarding findElement on session 65a906dfa5e10b924927e8d90c91f3d4 to remote] DEBUG org.asynchttpclient.netty.request.NettyRequestSender - Using pooled Channel '[id: 0x0b710b23, L:/127.0.0.1:49986 - R:localhost/127.0.0.1:65467]' for 'POST' to 'http://localhost:65467/session/65a906dfa5e10b924927e8d90c91f3d4/element'
21:11:54.667 [Forwarding findElement on session 65a906dfa5e10b924927e8d90c91f3d4 to remote] DEBUG org.asynchttpclient.netty.request.NettyRequestSender - Using open Channel [id: 0x0b710b23, L:/127.0.0.1:49986 - R:localhost/127.0.0.1:65467] for POST '/session/65a906dfa5e10b924927e8d90c91f3d4/element'
21:11:54.788 [AsyncHttpClient-1-1] DEBUG org.asynchttpclient.netty.channel.DefaultChannelPool - Entry count for : http://localhost:49990 : 1
21:11:55.887 [AsyncHttpClient-1-1] DEBUG org.asynchttpclient.netty.channel.DefaultChannelPool - Entry count for : http://localhost:49990 : 1
21:11:56.993 [AsyncHttpClient-1-1] DEBUG org.asynchttpclient.netty.channel.DefaultChannelPool - Entry count for : http://localhost:49990 : 1
21:11:57.824 [AsyncHttpClient-1-2] DEBUG org.asynchttpclient.netty.handler.HttpHandler - 

Request DefaultHttpRequest(decodeResult: success, version: HTTP/1.1)
POST /session/65a906dfa5e10b924927e8d90c91f3d4/element HTTP/1.1
User-Agent: selenium/4.1.2 (java windows)
Content-Length: 85
Content-Type: application/json; charset=utf-8
host: localhost:65467
accept: */*

Response DefaultHttpResponse(decodeResult: success, version: HTTP/1.1)
HTTP/1.1 200 OK
Content-Type: application/json; charset=utf-8
cache-control: no-cache
content-length: 88

21:11:57.825 [AsyncHttpClient-1-2] DEBUG org.asynchttpclient.netty.channel.ChannelManager - Adding key: http://localhost:65467 for channel [id: 0x0b710b23, L:/127.0.0.1:49986 - R:localhost/127.0.0.1:65467]
21:11:57.829 [Forwarding getElementTagName on session 65a906dfa5e10b924927e8d90c91f3d4 to remote] DEBUG org.asynchttpclient.netty.request.NettyRequestSender - Using pooled Channel '[id: 0x0b710b23, L:/127.0.0.1:49986 - R:localhost/127.0.0.1:65467]' for 'GET' to 'http://localhost:65467/session/65a906dfa5e10b924927e8d90c91f3d4/element/789f54ee-b745-417d-b036-a63e1b6f9d9f/name'
21:11:57.829 [Forwarding getElementTagName on session 65a906dfa5e10b924927e8d90c91f3d4 to remote] DEBUG org.asynchttpclient.netty.request.NettyRequestSender - Using open Channel [id: 0x0b710b23, L:/127.0.0.1:49986 - R:localhost/127.0.0.1:65467] for GET '/session/65a906dfa5e10b924927e8d90c91f3d4/element/789f54ee-b745-417d-b036-a63e1b6f9d9f/name'
21:11:57.835 [AsyncHttpClient-1-2] DEBUG org.asynchttpclient.netty.handler.HttpHandler - 

Request DefaultFullHttpRequest(decodeResult: success, version: HTTP/1.1, content: EmptyByteBufBE)
GET /session/65a906dfa5e10b924927e8d90c91f3d4/element/789f54ee-b745-417d-b036-a63e1b6f9d9f/name HTTP/1.1
User-Agent: selenium/4.1.2 (java windows)
Cache-Control: no-cache
Content-Type: application/json; charset=utf-8
host: localhost:65467
accept: */*

Response DefaultHttpResponse(decodeResult: success, version: HTTP/1.1)
HTTP/1.1 200 OK
Content-Type: application/json; charset=utf-8
cache-control: no-cache
content-length: 16

21:11:57.836 [AsyncHttpClient-1-2] DEBUG org.asynchttpclient.netty.channel.ChannelManager - Adding key: http://localhost:65467 for channel [id: 0x0b710b23, L:/127.0.0.1:49986 - R:localhost/127.0.0.1:65467]
21:11:57.839 [Forwarding getElementTagName on session 65a906dfa5e10b924927e8d90c91f3d4 to remote] DEBUG org.asynchttpclient.netty.request.NettyRequestSender - Using pooled Channel '[id: 0x0b710b23, L:/127.0.0.1:49986 - R:localhost/127.0.0.1:65467]' for 'GET' to 'http://localhost:65467/session/65a906dfa5e10b924927e8d90c91f3d4/element/789f54ee-b745-417d-b036-a63e1b6f9d9f/name'
21:11:57.840 [Forwarding getElementTagName on session 65a906dfa5e10b924927e8d90c91f3d4 to remote] DEBUG org.asynchttpclient.netty.request.NettyRequestSender - Using open Channel [id: 0x0b710b23, L:/127.0.0.1:49986 - R:localhost/127.0.0.1:65467] for GET '/session/65a906dfa5e10b924927e8d90c91f3d4/element/789f54ee-b745-417d-b036-a63e1b6f9d9f/name'
21:11:57.844 [AsyncHttpClient-1-2] DEBUG org.asynchttpclient.netty.handler.HttpHandler - 

Request DefaultFullHttpRequest(decodeResult: success, version: HTTP/1.1, content: EmptyByteBufBE)
GET /session/65a906dfa5e10b924927e8d90c91f3d4/element/789f54ee-b745-417d-b036-a63e1b6f9d9f/name HTTP/1.1
User-Agent: selenium/4.1.2 (java windows)
Cache-Control: no-cache
Content-Type: application/json; charset=utf-8
host: localhost:65467
accept: */*

Response DefaultHttpResponse(decodeResult: success, version: HTTP/1.1)
HTTP/1.1 200 OK
Content-Type: application/json; charset=utf-8
cache-control: no-cache
content-length: 16

21:11:57.845 [AsyncHttpClient-1-2] DEBUG org.asynchttpclient.netty.channel.ChannelManager - Adding key: http://localhost:65467 for channel [id: 0x0b710b23, L:/127.0.0.1:49986 - R:localhost/127.0.0.1:65467]
21:11:57.848 [Forwarding findElement on session 65a906dfa5e10b924927e8d90c91f3d4 to remote] DEBUG org.asynchttpclient.netty.request.NettyRequestSender - Using pooled Channel '[id: 0x0b710b23, L:/127.0.0.1:49986 - R:localhost/127.0.0.1:65467]' for 'POST' to 'http://localhost:65467/session/65a906dfa5e10b924927e8d90c91f3d4/element'
21:11:57.848 [Forwarding findElement on session 65a906dfa5e10b924927e8d90c91f3d4 to remote] DEBUG org.asynchttpclient.netty.request.NettyRequestSender - Using open Channel [id: 0x0b710b23, L:/127.0.0.1:49986 - R:localhost/127.0.0.1:65467] for POST '/session/65a906dfa5e10b924927e8d90c91f3d4/element'
21:11:57.860 [AsyncHttpClient-1-2] DEBUG org.asynchttpclient.netty.handler.HttpHandler - 

Request DefaultHttpRequest(decodeResult: success, version: HTTP/1.1)
POST /session/65a906dfa5e10b924927e8d90c91f3d4/element HTTP/1.1
User-Agent: selenium/4.1.2 (java windows)
Content-Length: 85
Content-Type: application/json; charset=utf-8
host: localhost:65467
accept: */*

Response DefaultHttpResponse(decodeResult: success, version: HTTP/1.1)
HTTP/1.1 200 OK
Content-Type: application/json; charset=utf-8
cache-control: no-cache
content-length: 88

21:11:57.861 [AsyncHttpClient-1-2] DEBUG org.asynchttpclient.netty.channel.ChannelManager - Adding key: http://localhost:65467 for channel [id: 0x0b710b23, L:/127.0.0.1:49986 - R:localhost/127.0.0.1:65467]
21:11:57.864 [Forwarding clickElement on session 65a906dfa5e10b924927e8d90c91f3d4 to remote] DEBUG org.asynchttpclient.netty.request.NettyRequestSender - Using pooled Channel '[id: 0x0b710b23, L:/127.0.0.1:49986 - R:localhost/127.0.0.1:65467]' for 'POST' to 'http://localhost:65467/session/65a906dfa5e10b924927e8d90c91f3d4/element/789f54ee-b745-417d-b036-a63e1b6f9d9f/click'
21:11:57.864 [Forwarding clickElement on session 65a906dfa5e10b924927e8d90c91f3d4 to remote] DEBUG org.asynchttpclient.netty.request.NettyRequestSender - Using open Channel [id: 0x0b710b23, L:/127.0.0.1:49986 - R:localhost/127.0.0.1:65467] for POST '/session/65a906dfa5e10b924927e8d90c91f3d4/element/789f54ee-b745-417d-b036-a63e1b6f9d9f/click'
21:11:57.941 [AsyncHttpClient-1-2] DEBUG org.asynchttpclient.netty.handler.HttpHandler - 

Request DefaultHttpRequest(decodeResult: success, version: HTTP/1.1)
POST /session/65a906dfa5e10b924927e8d90c91f3d4/element/789f54ee-b745-417d-b036-a63e1b6f9d9f/click HTTP/1.1
User-Agent: selenium/4.1.2 (java windows)
Content-Length: 50
Content-Type: application/json; charset=utf-8
host: localhost:65467
accept: */*

Response DefaultHttpResponse(decodeResult: success, version: HTTP/1.1)
HTTP/1.1 200 OK
Content-Type: application/json; charset=utf-8
cache-control: no-cache
content-length: 14

21:11:57.942 [AsyncHttpClient-1-2] DEBUG org.asynchttpclient.netty.channel.ChannelManager - Adding key: http://localhost:65467 for channel [id: 0x0b710b23, L:/127.0.0.1:49986 - R:localhost/127.0.0.1:65467]
  &amp#27;[32mWhen &amp#27;[0m&amp#27;[32mI buy product&amp#27;[0m                      &amp#27;[90m# starter.stepdefinitions.CartSteps.iBuyProduct()&amp#27;[0m
21:11:57.956 [Forwarding screenshot on session 65a906dfa5e10b924927e8d90c91f3d4 to remote] DEBUG org.asynchttpclient.netty.request.NettyRequestSender - Using pooled Channel '[id: 0x0b710b23, L:/127.0.0.1:49986 - R:localhost/127.0.0.1:65467]' for 'GET' to 'http://localhost:65467/session/65a906dfa5e10b924927e8d90c91f3d4/screenshot'
21:11:57.956 [Forwarding screenshot on session 65a906dfa5e10b924927e8d90c91f3d4 to remote] DEBUG org.asynchttpclient.netty.request.NettyRequestSender - Using open Channel [id: 0x0b710b23, L:/127.0.0.1:49986 - R:localhost/127.0.0.1:65467] for GET '/session/65a906dfa5e10b924927e8d90c91f3d4/screenshot'
21:11:58.093 [AsyncHttpClient-1-1] DEBUG org.asynchttpclient.netty.channel.DefaultChannelPool - Entry count for : http://localhost:49990 : 1
21:11:58.219 [AsyncHttpClient-1-2] DEBUG org.asynchttpclient.netty.handler.HttpHandler - 

Request DefaultFullHttpRequest(decodeResult: success, version: HTTP/1.1, content: EmptyByteBufBE)
GET /session/65a906dfa5e10b924927e8d90c91f3d4/screenshot HTTP/1.1
User-Agent: selenium/4.1.2 (java windows)
Cache-Control: no-cache
Content-Type: application/json; charset=utf-8
host: localhost:65467
accept: */*

Response DefaultHttpResponse(decodeResult: success, version: HTTP/1.1)
HTTP/1.1 200 OK
Content-Type: application/json; charset=utf-8
cache-control: no-cache
content-length: 77664

21:11:58.222 [AsyncHttpClient-1-2] DEBUG org.asynchttpclient.netty.channel.ChannelManager - Adding key: http://localhost:65467 for channel [id: 0x0b710b23, L:/127.0.0.1:49986 - R:localhost/127.0.0.1:65467]
21:11:58.240 [main] DEBUG net.serenitybdd.core.photography.Darkroom - Send negative for processing for target\site\serenity\713a685237b6274b6300138c06b06a0f189a49d5620b8f68461764574b41510c.png
21:11:58.240 [Darkroom Processing Line] DEBUG net.serenitybdd.core.photography.DarkroomProcessingLine - Processing screenshot image in /var/screenshots/screenshot-10724368638118375525
21:11:58.240 [Darkroom Processing Line] DEBUG net.serenitybdd.core.photography.DarkroomProcessingLine - Saving screenshot to target\site\serenity\713a685237b6274b6300138c06b06a0f189a49d5620b8f68461764574b41510c.png
21:11:58.255 [Forwarding findElement on session 65a906dfa5e10b924927e8d90c91f3d4 to remote] DEBUG org.asynchttpclient.netty.request.NettyRequestSender - Using pooled Channel '[id: 0x0b710b23, L:/127.0.0.1:49986 - R:localhost/127.0.0.1:65467]' for 'POST' to 'http://localhost:65467/session/65a906dfa5e10b924927e8d90c91f3d4/element'
21:11:58.255 [Forwarding findElement on session 65a906dfa5e10b924927e8d90c91f3d4 to remote] DEBUG org.asynchttpclient.netty.request.NettyRequestSender - Using open Channel [id: 0x0b710b23, L:/127.0.0.1:49986 - R:localhost/127.0.0.1:65467] for POST '/session/65a906dfa5e10b924927e8d90c91f3d4/element'
21:11:58.283 [AsyncHttpClient-1-2] DEBUG org.asynchttpclient.netty.handler.HttpHandler - 

Request DefaultHttpRequest(decodeResult: success, version: HTTP/1.1)
POST /session/65a906dfa5e10b924927e8d90c91f3d4/element HTTP/1.1
User-Agent: selenium/4.1.2 (java windows)
Content-Length: 88
Content-Type: application/json; charset=utf-8
host: localhost:65467
accept: */*

Response DefaultHttpResponse(decodeResult: success, version: HTTP/1.1)
HTTP/1.1 200 OK
Content-Type: application/json; charset=utf-8
cache-control: no-cache
content-length: 88

21:11:58.284 [AsyncHttpClient-1-2] DEBUG org.asynchttpclient.netty.channel.ChannelManager - Adding key: http://localhost:65467 for channel [id: 0x0b710b23, L:/127.0.0.1:49986 - R:localhost/127.0.0.1:65467]
21:11:58.288 [Forwarding getElementTagName on session 65a906dfa5e10b924927e8d90c91f3d4 to remote] DEBUG org.asynchttpclient.netty.request.NettyRequestSender - Using pooled Channel '[id: 0x0b710b23, L:/127.0.0.1:49986 - R:localhost/127.0.0.1:65467]' for 'GET' to 'http://localhost:65467/session/65a906dfa5e10b924927e8d90c91f3d4/element/724f0178-44aa-4a51-8fd4-5ea57b283e04/name'
21:11:58.288 [Forwarding getElementTagName on session 65a906dfa5e10b924927e8d90c91f3d4 to remote] DEBUG org.asynchttpclient.netty.request.NettyRequestSender - Using open Channel [id: 0x0b710b23, L:/127.0.0.1:49986 - R:localhost/127.0.0.1:65467] for GET '/session/65a906dfa5e10b924927e8d90c91f3d4/element/724f0178-44aa-4a51-8fd4-5ea57b283e04/name'
21:11:58.293 [AsyncHttpClient-1-2] DEBUG org.asynchttpclient.netty.handler.HttpHandler - 

Request DefaultFullHttpRequest(decodeResult: success, version: HTTP/1.1, content: EmptyByteBufBE)
GET /session/65a906dfa5e10b924927e8d90c91f3d4/element/724f0178-44aa-4a51-8fd4-5ea57b283e04/name HTTP/1.1
User-Agent: selenium/4.1.2 (java windows)
Cache-Control: no-cache
Content-Type: application/json; charset=utf-8
host: localhost:65467
accept: */*

Response DefaultHttpResponse(decodeResult: success, version: HTTP/1.1)
HTTP/1.1 200 OK
Content-Type: application/json; charset=utf-8
cache-control: no-cache
content-length: 13

21:11:58.294 [AsyncHttpClient-1-2] DEBUG org.asynchttpclient.netty.channel.ChannelManager - Adding key: http://localhost:65467 for channel [id: 0x0b710b23, L:/127.0.0.1:49986 - R:localhost/127.0.0.1:65467]
21:11:58.296 [Forwarding getElementTagName on session 65a906dfa5e10b924927e8d90c91f3d4 to remote] DEBUG org.asynchttpclient.netty.request.NettyRequestSender - Using pooled Channel '[id: 0x0b710b23, L:/127.0.0.1:49986 - R:localhost/127.0.0.1:65467]' for 'GET' to 'http://localhost:65467/session/65a906dfa5e10b924927e8d90c91f3d4/element/724f0178-44aa-4a51-8fd4-5ea57b283e04/name'
21:11:58.296 [Forwarding getElementTagName on session 65a906dfa5e10b924927e8d90c91f3d4 to remote] DEBUG org.asynchttpclient.netty.request.NettyRequestSender - Using open Channel [id: 0x0b710b23, L:/127.0.0.1:49986 - R:localhost/127.0.0.1:65467] for GET '/session/65a906dfa5e10b924927e8d90c91f3d4/element/724f0178-44aa-4a51-8fd4-5ea57b283e04/name'
21:11:58.299 [AsyncHttpClient-1-2] DEBUG org.asynchttpclient.netty.handler.HttpHandler - 

Request DefaultFullHttpRequest(decodeResult: success, version: HTTP/1.1, content: EmptyByteBufBE)
GET /session/65a906dfa5e10b924927e8d90c91f3d4/element/724f0178-44aa-4a51-8fd4-5ea57b283e04/name HTTP/1.1
User-Agent: selenium/4.1.2 (java windows)
Cache-Control: no-cache
Content-Type: application/json; charset=utf-8
host: localhost:65467
accept: */*

Response DefaultHttpResponse(decodeResult: success, version: HTTP/1.1)
HTTP/1.1 200 OK
Content-Type: application/json; charset=utf-8
cache-control: no-cache
content-length: 13

21:11:58.300 [AsyncHttpClient-1-2] DEBUG org.asynchttpclient.netty.channel.ChannelManager - Adding key: http://localhost:65467 for channel [id: 0x0b710b23, L:/127.0.0.1:49986 - R:localhost/127.0.0.1:65467]
21:11:58.302 [Forwarding findElement on session 65a906dfa5e10b924927e8d90c91f3d4 to remote] DEBUG org.asynchttpclient.netty.request.NettyRequestSender - Using pooled Channel '[id: 0x0b710b23, L:/127.0.0.1:49986 - R:localhost/127.0.0.1:65467]' for 'POST' to 'http://localhost:65467/session/65a906dfa5e10b924927e8d90c91f3d4/element'
21:11:58.302 [Forwarding findElement on session 65a906dfa5e10b924927e8d90c91f3d4 to remote] DEBUG org.asynchttpclient.netty.request.NettyRequestSender - Using open Channel [id: 0x0b710b23, L:/127.0.0.1:49986 - R:localhost/127.0.0.1:65467] for POST '/session/65a906dfa5e10b924927e8d90c91f3d4/element'
21:11:58.311 [AsyncHttpClient-1-2] DEBUG org.asynchttpclient.netty.handler.HttpHandler - 

Request DefaultHttpRequest(decodeResult: success, version: HTTP/1.1)
POST /session/65a906dfa5e10b924927e8d90c91f3d4/element HTTP/1.1
User-Agent: selenium/4.1.2 (java windows)
Content-Length: 88
Content-Type: application/json; charset=utf-8
host: localhost:65467
accept: */*

Response DefaultHttpResponse(decodeResult: success, version: HTTP/1.1)
HTTP/1.1 200 OK
Content-Type: application/json; charset=utf-8
cache-control: no-cache
content-length: 88

21:11:58.312 [AsyncHttpClient-1-2] DEBUG org.asynchttpclient.netty.channel.ChannelManager - Adding key: http://localhost:65467 for channel [id: 0x0b710b23, L:/127.0.0.1:49986 - R:localhost/127.0.0.1:65467]
21:11:58.314 [Forwarding clickElement on session 65a906dfa5e10b924927e8d90c91f3d4 to remote] DEBUG org.asynchttpclient.netty.request.NettyRequestSender - Using pooled Channel '[id: 0x0b710b23, L:/127.0.0.1:49986 - R:localhost/127.0.0.1:65467]' for 'POST' to 'http://localhost:65467/session/65a906dfa5e10b924927e8d90c91f3d4/element/724f0178-44aa-4a51-8fd4-5ea57b283e04/click'
21:11:58.314 [Forwarding clickElement on session 65a906dfa5e10b924927e8d90c91f3d4 to remote] DEBUG org.asynchttpclient.netty.request.NettyRequestSender - Using open Channel [id: 0x0b710b23, L:/127.0.0.1:49986 - R:localhost/127.0.0.1:65467] for POST '/session/65a906dfa5e10b924927e8d90c91f3d4/element/724f0178-44aa-4a51-8fd4-5ea57b283e04/click'
21:11:58.364 [AsyncHttpClient-1-2] DEBUG org.asynchttpclient.netty.handler.HttpHandler - 

Request DefaultHttpRequest(decodeResult: success, version: HTTP/1.1)
POST /session/65a906dfa5e10b924927e8d90c91f3d4/element/724f0178-44aa-4a51-8fd4-5ea57b283e04/click HTTP/1.1
User-Agent: selenium/4.1.2 (java windows)
Content-Length: 50
Content-Type: application/json; charset=utf-8
host: localhost:65467
accept: */*

Response DefaultHttpResponse(decodeResult: success, version: HTTP/1.1)
HTTP/1.1 200 OK
Content-Type: application/json; charset=utf-8
cache-control: no-cache
content-length: 14

21:11:58.364 [AsyncHttpClient-1-2] DEBUG org.asynchttpclient.netty.channel.ChannelManager - Adding key: http://localhost:65467 for channel [id: 0x0b710b23, L:/127.0.0.1:49986 - R:localhost/127.0.0.1:65467]
  &amp#27;[32mAnd &amp#27;[0m&amp#27;[32mI click cart logo&amp#27;[0m                   &amp#27;[90m# starter.stepdefinitions.CartSteps.iClickCartLogo()&amp#27;[0m
21:11:58.376 [Forwarding screenshot on session 65a906dfa5e10b924927e8d90c91f3d4 to remote] DEBUG org.asynchttpclient.netty.request.NettyRequestSender - Using pooled Channel '[id: 0x0b710b23, L:/127.0.0.1:49986 - R:localhost/127.0.0.1:65467]' for 'GET' to 'http://localhost:65467/session/65a906dfa5e10b924927e8d90c91f3d4/screenshot'
21:11:58.376 [Forwarding screenshot on session 65a906dfa5e10b924927e8d90c91f3d4 to remote] DEBUG org.asynchttpclient.netty.request.NettyRequestSender - Using open Channel [id: 0x0b710b23, L:/127.0.0.1:49986 - R:localhost/127.0.0.1:65467] for GET '/session/65a906dfa5e10b924927e8d90c91f3d4/screenshot'
21:11:58.819 [AsyncHttpClient-1-2] DEBUG org.asynchttpclient.netty.handler.HttpHandler - 

Request DefaultFullHttpRequest(decodeResult: success, version: HTTP/1.1, content: EmptyByteBufBE)
GET /session/65a906dfa5e10b924927e8d90c91f3d4/screenshot HTTP/1.1
User-Agent: selenium/4.1.2 (java windows)
Cache-Control: no-cache
Content-Type: application/json; charset=utf-8
host: localhost:65467
accept: */*

Response DefaultHttpResponse(decodeResult: success, version: HTTP/1.1)
HTTP/1.1 200 OK
Content-Type: application/json; charset=utf-8
cache-control: no-cache
content-length: 47328

21:11:58.820 [AsyncHttpClient-1-2] DEBUG org.asynchttpclient.netty.channel.ChannelManager - Adding key: http://localhost:65467 for channel [id: 0x0b710b23, L:/127.0.0.1:49986 - R:localhost/127.0.0.1:65467]
21:11:58.824 [main] DEBUG net.serenitybdd.core.photography.Darkroom - Send negative for processing for target\site\serenity\2c5193bd589634ae78037958a369fc4b6bea117810468deb1b803e3dd792b92b.png
21:11:58.824 [Darkroom Processing Line] DEBUG net.serenitybdd.core.photography.DarkroomProcessingLine - Processing screenshot image in /var/screenshots/screenshot-12693670310737121903
21:11:58.824 [Darkroom Processing Line] DEBUG net.serenitybdd.core.photography.DarkroomProcessingLine - Saving screenshot to target\site\serenity\2c5193bd589634ae78037958a369fc4b6bea117810468deb1b803e3dd792b92b.png
21:11:58.834 [Forwarding findElement on session 65a906dfa5e10b924927e8d90c91f3d4 to remote] DEBUG org.asynchttpclient.netty.request.NettyRequestSender - Using pooled Channel '[id: 0x0b710b23, L:/127.0.0.1:49986 - R:localhost/127.0.0.1:65467]' for 'POST' to 'http://localhost:65467/session/65a906dfa5e10b924927e8d90c91f3d4/element'
21:11:58.834 [Forwarding findElement on session 65a906dfa5e10b924927e8d90c91f3d4 to remote] DEBUG org.asynchttpclient.netty.request.NettyRequestSender - Using open Channel [id: 0x0b710b23, L:/127.0.0.1:49986 - R:localhost/127.0.0.1:65467] for POST '/session/65a906dfa5e10b924927e8d90c91f3d4/element'
21:11:58.846 [AsyncHttpClient-1-2] DEBUG org.asynchttpclient.netty.handler.HttpHandler - 

Request DefaultHttpRequest(decodeResult: success, version: HTTP/1.1)
POST /session/65a906dfa5e10b924927e8d90c91f3d4/element HTTP/1.1
User-Agent: selenium/4.1.2 (java windows)
Content-Length: 89
Content-Type: application/json; charset=utf-8
host: localhost:65467
accept: */*

Response DefaultHttpResponse(decodeResult: success, version: HTTP/1.1)
HTTP/1.1 200 OK
Content-Type: application/json; charset=utf-8
cache-control: no-cache
content-length: 88

21:11:58.847 [AsyncHttpClient-1-2] DEBUG org.asynchttpclient.netty.channel.ChannelManager - Adding key: http://localhost:65467 for channel [id: 0x0b710b23, L:/127.0.0.1:49986 - R:localhost/127.0.0.1:65467]
21:11:58.857 [Forwarding isElementDisplayed on session 65a906dfa5e10b924927e8d90c91f3d4 to remote] DEBUG org.asynchttpclient.netty.request.NettyRequestSender - Using pooled Channel '[id: 0x0b710b23, L:/127.0.0.1:49986 - R:localhost/127.0.0.1:65467]' for 'POST' to 'http://localhost:65467/session/65a906dfa5e10b924927e8d90c91f3d4/execute/sync'
21:11:58.857 [Forwarding isElementDisplayed on session 65a906dfa5e10b924927e8d90c91f3d4 to remote] DEBUG org.asynchttpclient.netty.request.NettyRequestSender - Using open Channel [id: 0x0b710b23, L:/127.0.0.1:49986 - R:localhost/127.0.0.1:65467] for POST '/session/65a906dfa5e10b924927e8d90c91f3d4/execute/sync'
21:11:58.879 [AsyncHttpClient-1-2] DEBUG org.asynchttpclient.netty.handler.HttpHandler - 

Request DefaultHttpRequest(decodeResult: success, version: HTTP/1.1)
POST /session/65a906dfa5e10b924927e8d90c91f3d4/execute/sync HTTP/1.1
User-Agent: selenium/4.1.2 (java windows)
Content-Length: 48780
Content-Type: application/json; charset=utf-8
host: localhost:65467
accept: */*

Response DefaultHttpResponse(decodeResult: success, version: HTTP/1.1)
HTTP/1.1 200 OK
Content-Type: application/json; charset=utf-8
cache-control: no-cache
content-length: 14

21:11:58.880 [AsyncHttpClient-1-2] DEBUG org.asynchttpclient.netty.channel.ChannelManager - Adding key: http://localhost:65467 for channel [id: 0x0b710b23, L:/127.0.0.1:49986 - R:localhost/127.0.0.1:65467]
  &amp#27;[32mThen &amp#27;[0m&amp#27;[32mI see my cart filled with products&amp#27;[0m &amp#27;[90m# starter.stepdefinitions.CartSteps.iSeeMyCartFilledWithProducts()&amp#27;[0m
21:11:58.889 [Forwarding screenshot on session 65a906dfa5e10b924927e8d90c91f3d4 to remote] DEBUG org.asynchttpclient.netty.request.NettyRequestSender - Using pooled Channel '[id: 0x0b710b23, L:/127.0.0.1:49986 - R:localhost/127.0.0.1:65467]' for 'GET' to 'http://localhost:65467/session/65a906dfa5e10b924927e8d90c91f3d4/screenshot'
21:11:58.889 [Forwarding screenshot on session 65a906dfa5e10b924927e8d90c91f3d4 to remote] DEBUG org.asynchttpclient.netty.request.NettyRequestSender - Using open Channel [id: 0x0b710b23, L:/127.0.0.1:49986 - R:localhost/127.0.0.1:65467] for GET '/session/65a906dfa5e10b924927e8d90c91f3d4/screenshot'
21:11:59.084 [AsyncHttpClient-1-2] DEBUG org.asynchttpclient.netty.handler.HttpHandler - 

Request DefaultFullHttpRequest(decodeResult: success, version: HTTP/1.1, content: EmptyByteBufBE)
GET /session/65a906dfa5e10b924927e8d90c91f3d4/screenshot HTTP/1.1
User-Agent: selenium/4.1.2 (java windows)
Cache-Control: no-cache
Content-Type: application/json; charset=utf-8
host: localhost:65467
accept: */*

Response DefaultHttpResponse(decodeResult: success, version: HTTP/1.1)
HTTP/1.1 200 OK
Content-Type: application/json; charset=utf-8
cache-control: no-cache
content-length: 46856

21:11:59.085 [AsyncHttpClient-1-2] DEBUG org.asynchttpclient.netty.channel.ChannelManager - Adding key: http://localhost:65467 for channel [id: 0x0b710b23, L:/127.0.0.1:49986 - R:localhost/127.0.0.1:65467]
21:11:59.090 [main] DEBUG net.serenitybdd.core.photography.Darkroom - Send negative for processing for target\site\serenity\cf223c48293e200bc373918ede51d3bac9fbfa97b6b78180f391d7a673c594da.png
21:11:59.090 [Darkroom Processing Line] DEBUG net.serenitybdd.core.photography.DarkroomProcessingLine - Processing screenshot image in /var/screenshots/screenshot-4251200167767494180
21:11:59.090 [Darkroom Processing Line] DEBUG net.serenitybdd.core.photography.DarkroomProcessingLine - Saving screenshot to target\site\serenity\cf223c48293e200bc373918ede51d3bac9fbfa97b6b78180f391d7a673c594da.png
21:11:59.095 [main] INFO  - 
  _____   ___   ___   _____     ___     _     ___   ___   ___   ___  
 |_   _| | __| / __| |_   _|   | _ \   /_\   / __| / __| | __| |   \ 
   | |   | _|  \__ \   | |     |  _/  / _ \  \__ \ \__ \ | _|  | |) |
   |_|   |___| |___/   |_|     |_|   /_/ \_\ |___/ |___/ |___| |___/ 

View Cart Detail (filled)
----------------------------------------------------------------------
21:11:59.193 [AsyncHttpClient-1-1] DEBUG org.asynchttpclient.netty.channel.DefaultChannelPool - Entry count for : http://localhost:49990 : 1
21:11:59.193 [AsyncHttpClient-1-1] DEBUG org.asynchttpclient.netty.channel.DefaultChannelPool - Entry count for : http://localhost:65467 : 1
21:11:59.264 [Driver Command Executor] DEBUG org.asynchttpclient.netty.request.NettyRequestSender - Using pooled Channel '[id: 0x0b710b23, L:/127.0.0.1:49986 - R:localhost/127.0.0.1:65467]' for 'DELETE' to 'http://localhost:65467/session/65a906dfa5e10b924927e8d90c91f3d4'
21:11:59.264 [Driver Command Executor] DEBUG org.asynchttpclient.netty.request.NettyRequestSender - Using open Channel [id: 0x0b710b23, L:/127.0.0.1:49986 - R:localhost/127.0.0.1:65467] for DELETE '/session/65a906dfa5e10b924927e8d90c91f3d4'
21:11:59.266 [AsyncHttpClient-1-4] DEBUG org.asynchttpclient.netty.handler.WebSocketHandler - Channel Closed: [id: 0x1f3b9878, L:/127.0.0.1:50000 ! R:localhost/127.0.0.1:49990] with attribute NettyResponseFuture{currentRetry=5,
	isDone=1,
	isCancelled=0,
	asyncHandler=org.asynchttpclient.ws.WebSocketUpgradeHandler@1a01323d,
	nettyRequest=org.asynchttpclient.netty.request.NettyRequest@47c4a90a,
	future=java.util.concurrent.CompletableFuture@7dd51ff3[Completed normally],
	uri=ws://localhost:49990/devtools/browser/170365df-d44a-43ce-a58b-8abb4822bcad,
	keepAlive=true,
	redirectCount=0,
	timeoutsHolder=null,
	inAuth=0,
	touch=1667484711886}
21:11:59.267 [AsyncHttpClient-1-4] DEBUG org.asynchttpclient.netty.channel.ChannelManager - Closing Channel [id: 0x1f3b9878, L:/127.0.0.1:50000 ! R:localhost/127.0.0.1:49990] 
21:11:59.393 [AsyncHttpClient-1-3] DEBUG org.asynchttpclient.netty.handler.HttpHandler - Unexpected I/O exception on channel [id: 0xdb21087e, L:/127.0.0.1:49998 - R:localhost/127.0.0.1:49990]
java.net.SocketException: Connection reset
	at java.base/sun.nio.ch.SocketChannelImpl.throwConnectionReset(SocketChannelImpl.java:345)
	at java.base/sun.nio.ch.SocketChannelImpl.read(SocketChannelImpl.java:376)
	at io.netty.buffer.PooledByteBuf.setBytes(PooledByteBuf.java:258)
	at io.netty.buffer.AbstractByteBuf.writeBytes(AbstractByteBuf.java:1132)
	at io.netty.channel.socket.nio.NioSocketChannel.doReadBytes(NioSocketChannel.java:350)
	at io.netty.channel.nio.AbstractNioByteChannel$NioByteUnsafe.read(AbstractNioByteChannel.java:151)
	at io.netty.channel.nio.NioEventLoop.processSelectedKey(NioEventLoop.java:722)
	at io.netty.channel.nio.NioEventLoop.processSelectedKeysOptimized(NioEventLoop.java:658)
	at io.netty.channel.nio.NioEventLoop.processSelectedKeys(NioEventLoop.java:584)
	at io.netty.channel.nio.NioEventLoop.run(NioEventLoop.java:496)
	at io.netty.util.concurrent.SingleThreadEventExecutor$4.run(SingleThreadEventExecutor.java:986)
	at io.netty.util.internal.ThreadExecutorMap$2.run(ThreadExecutorMap.java:74)
	at io.netty.util.concurrent.FastThreadLocalRunnable.run(FastThreadLocalRunnable.java:30)
	at java.base/java.lang.Thread.run(Thread.java:830)
21:11:59.394 [AsyncHttpClient-1-3] DEBUG org.asynchttpclient.netty.channel.ChannelManager - Closing Channel [id: 0xdb21087e, L:/127.0.0.1:49998 - R:localhost/127.0.0.1:49990] 
21:11:59.396 [AsyncHttpClient-1-3] DEBUG org.asynchttpclient.netty.handler.HttpHandler - Channel Closed: [id: 0xdb21087e, L:/127.0.0.1:49998 ! R:localhost/127.0.0.1:49990] with attribute DISCARD
21:11:59.417 [AsyncHttpClient-1-2] DEBUG org.asynchttpclient.netty.handler.HttpHandler - 

Request DefaultFullHttpRequest(decodeResult: success, version: HTTP/1.1, content: EmptyByteBufBE)
DELETE /session/65a906dfa5e10b924927e8d90c91f3d4 HTTP/1.1
User-Agent: selenium/4.1.2 (java windows)
Content-Type: application/json; charset=utf-8
host: localhost:65467
accept: */*

Response DefaultHttpResponse(decodeResult: success, version: HTTP/1.1)
HTTP/1.1 200 OK
Content-Type: application/json; charset=utf-8
cache-control: no-cache
content-length: 14

21:11:59.417 [AsyncHttpClient-1-2] DEBUG org.asynchttpclient.netty.channel.ChannelManager - Adding key: http://localhost:65467 for channel [id: 0x0b710b23, L:/127.0.0.1:49986 - R:localhost/127.0.0.1:65467]
21:11:59.483 [AsyncHttpClient-1-2] DEBUG org.asynchttpclient.netty.handler.HttpHandler - Channel Closed: [id: 0x0b710b23, L:/127.0.0.1:49986 ! R:localhost/127.0.0.1:65467] with attribute DISCARD
]]></system-out>
    <system-err><![CDATA[Starting ChromeDriver 106.0.5249.61 (511755355844955cd3e264779baf0dd38212a4d0-refs/branch-heads/5249@{#569}) on port 65467
Only local connections are allowed.
Please see https://chromedriver.chromium.org/security-considerations for suggestions on keeping ChromeDriver safe.
ChromeDriver was started successfully.
[1667484711.003][WARNING]: This version of ChromeDriver has not been tested with Chrome version 107.
Nov 03, 2022 9:11:51 PM org.openqa.selenium.remote.ProtocolHandshake createSession
INFO: Detected dialect: W3C
Nov 03, 2022 9:11:51 PM org.openqa.selenium.devtools.CdpVersionFinder findNearestMatch
WARNING: Unable to find an exact match for CDP version 107, so returning the closest version found: a no-op implementation
Nov 03, 2022 9:11:51 PM org.openqa.selenium.devtools.CdpVersionFinder findNearestMatch
INFO: Unable to find CDP implementation matching 107.
Nov 03, 2022 9:11:51 PM org.openqa.selenium.chromium.ChromiumDriver lambda$new$3
WARNING: Unable to find version of CDP to use for . You may need to include a dependency on a specific version of the CDP using something similar to `org.seleniumhq.selenium:selenium-devtools-v86:4.1.2` where the version ("v86") matches the version of the chromium-based browser you're using and the version number of the artifact is the same as Selenium's.
]]></system-err>
  </testcase>
  <testcase name="View Cart Detail (empty)" classname="Manage Cart" time="6.76">
    <system-out><![CDATA[
@Cart
Scenario: View Cart Detail (empty) &amp#27;[90m# src/test/resources/features/Cart.feature:13&amp#27;[0m
21:12:00.034 [main] INFO io.cucumber.core.plugin.SerenityReporter - Running feature from file:///C:/Users/ASUS/Desktop/stupen/miniproject/Web/ASWeb/src/test/resources/features/Cart.feature
21:12:00.039 [main] INFO  - 
  _____   ___   ___   _____     ___   _____     _     ___   _____   ___   ___  
 |_   _| | __| / __| |_   _|   / __| |_   _|   /_\   | _ \ |_   _| | __| |   \ 
   | |   | _|  \__ \   | |     \__ \   | |    / _ \  |   /   | |   | _|  | |) |
   |_|   |___| |___/   |_|     |___/   |_|   /_/ \_\ |_|_\   |_|   |___| |___/ 

View Cart Detail (empty)(manage-cart;view-cart-detail-(empty))
--------------------------------------------------------------------------------
21:12:00.066 [main] INFO net.serenitybdd.core.webdriver.driverproviders.ChromeDriverProvider - Using automatically driver download
21:12:00.275 [main] DEBUG io.github.bonigarcia.wdm.cache.ResolutionCache - Resolution chrome=107 in cache (valid until 21:49:49 03/11/2022 WIB)
21:12:00.285 [main] DEBUG io.github.bonigarcia.wdm.cache.ResolutionCache - Resolution chrome107=107.0.5304.62 in cache (valid until 16:49:12 04/11/2022 WIB)
21:12:00.287 [AsyncHttpClient-1-1] DEBUG org.asynchttpclient.netty.channel.DefaultChannelPool - Entry count for : http://localhost:49990 : 1
21:12:00.287 [AsyncHttpClient-1-1] DEBUG org.asynchttpclient.netty.channel.DefaultChannelPool - Entry count for : http://localhost:65467 : 1
21:12:00.287 [AsyncHttpClient-1-1] DEBUG org.asynchttpclient.netty.channel.DefaultChannelPool - Adding Candidate expired Channel [id: 0xdb21087e, L:/127.0.0.1:49998 ! R:localhost/127.0.0.1:49990] isIdleTimeoutExpired=false isRemotelyClosed=true isTtlExpired=false
21:12:00.287 [AsyncHttpClient-1-1] DEBUG org.asynchttpclient.netty.channel.DefaultChannelPool - Closing Idle Channel [id: 0xdb21087e, L:/127.0.0.1:49998 ! R:localhost/127.0.0.1:49990]
21:12:00.288 [AsyncHttpClient-1-1] DEBUG org.asynchttpclient.netty.channel.DefaultChannelPool - Adding Candidate expired Channel [id: 0x0b710b23, L:/127.0.0.1:49986 ! R:localhost/127.0.0.1:65467] isIdleTimeoutExpired=false isRemotelyClosed=true isTtlExpired=false
21:12:00.288 [AsyncHttpClient-1-1] DEBUG org.asynchttpclient.netty.channel.DefaultChannelPool - Closing Idle Channel [id: 0x0b710b23, L:/127.0.0.1:49986 ! R:localhost/127.0.0.1:65467]
21:12:00.288 [AsyncHttpClient-1-1] DEBUG org.asynchttpclient.netty.channel.DefaultChannelPool - Closed 2 connections out of 2 in 1 ms
21:12:00.291 [main] INFO io.github.bonigarcia.wdm.WebDriverManager - Using chromedriver 107.0.5304.62 (resolved driver for Chrome 107)
21:12:00.322 [main] DEBUG io.github.bonigarcia.wdm.WebDriverManager - Driver chromedriver 107.0.5304.62 found in cache
21:12:00.324 [main] INFO io.github.bonigarcia.wdm.WebDriverManager - Exporting webdriver.chrome.driver as C:\Users\ASUS\.cache\selenium\chromedriver\win32\107.0.5304.62\chromedriver.exe
21:12:00.551 [main] DEBUG net.serenitybdd.core.webdriver.driverproviders.ProvideNewDriver - Instantiating driver
21:12:00.551 [main] DEBUG net.serenitybdd.core.webdriver.driverproviders.ProvideNewDriver - Driver capabilities: Capabilities {acceptInsecureCerts: false, base.url: https://alta-shop.vercel.app/, browserName: chrome, chrome.driver: src/test/resources/webdrive..., driver: chrome, goog:chromeOptions: {args: [], extensions: []}, wait.for.timeout: 10000}
21:12:01.123 [AsyncHttpClient-1-5] DEBUG org.asynchttpclient.netty.channel.NettyConnectListener - Using new Channel '[id: 0xd165bb6c, L:/127.0.0.1:50039 - R:localhost/127.0.0.1:63923]' for 'POST' to '/session'
21:12:02.654 [AsyncHttpClient-1-5] DEBUG org.asynchttpclient.netty.handler.HttpHandler - 

Request DefaultHttpRequest(decodeResult: success, version: HTTP/1.1)
POST /session HTTP/1.1
User-Agent: selenium/4.1.2 (java windows)
Content-Length: 646
Content-Type: application/json; charset=utf-8
host: localhost:63923
accept: */*

Response DefaultHttpResponse(decodeResult: success, version: HTTP/1.1)
HTTP/1.1 200 OK
Content-Type: application/json; charset=utf-8
cache-control: no-cache
content-length: 787

21:12:02.654 [AsyncHttpClient-1-5] DEBUG org.asynchttpclient.netty.channel.ChannelManager - Adding key: http://localhost:63923 for channel [id: 0xd165bb6c, L:/127.0.0.1:50039 - R:localhost/127.0.0.1:63923]
21:12:02.679 [AsyncHttpClient-1-6] DEBUG org.asynchttpclient.netty.channel.NettyConnectListener - Using new Channel '[id: 0x816d0515, L:/127.0.0.1:50054 - R:localhost/127.0.0.1:50041]' for 'GET' to '/json/version'
21:12:02.688 [AsyncHttpClient-1-6] DEBUG org.asynchttpclient.netty.handler.HttpHandler - 

Request DefaultFullHttpRequest(decodeResult: success, version: HTTP/1.1, content: EmptyByteBufBE)
GET /json/version HTTP/1.1
User-Agent: selenium/4.1.2 (java windows)
host: localhost:50041
accept: */*

Response DefaultHttpResponse(decodeResult: success, version: HTTP/1.1)
HTTP/1.1 200 OK
Content-Type: application/json; charset=UTF-8
content-length: 423

21:12:02.689 [AsyncHttpClient-1-6] DEBUG org.asynchttpclient.netty.channel.ChannelManager - Adding key: http://localhost:50041 for channel [id: 0x816d0515, L:/127.0.0.1:50054 - R:localhost/127.0.0.1:50041]
21:12:02.695 [AsyncHttpClient-1-7] DEBUG org.asynchttpclient.netty.channel.NettyConnectListener - Using new Channel '[id: 0x70e95b73, L:/127.0.0.1:50055 - R:localhost/127.0.0.1:50041]' for 'GET' to '/devtools/browser/93b6f34d-2164-41d4-8476-697b9f8e14b2'
21:12:02.704 [AsyncHttpClient-1-7] DEBUG org.asynchttpclient.netty.handler.WebSocketHandler - 

Request DefaultFullHttpRequest(decodeResult: success, version: HTTP/1.1, content: EmptyByteBufBE)
GET /devtools/browser/93b6f34d-2164-41d4-8476-697b9f8e14b2 HTTP/1.1
upgrade: websocket
connection: upgrade
sec-websocket-key: IEAnRJXHgiSJT9X92hquFQ==
sec-websocket-version: 13
origin: http://localhost:50041
host: localhost:50041
accept: */*
user-agent: AHC/2.1

Response DefaultHttpResponse(decodeResult: success, version: HTTP/1.1)
HTTP/1.1 101 WebSocket Protocol Handshake
Upgrade: WebSocket
Connection: Upgrade
Sec-WebSocket-Accept: Q5AxrQmzZVLhBusNd+ofLSUR7cc=

21:12:02.715 [Forwarding get on session d774e3efc4368c9521875349eaffa930 to remote] DEBUG org.asynchttpclient.netty.request.NettyRequestSender - Using pooled Channel '[id: 0xd165bb6c, L:/127.0.0.1:50039 - R:localhost/127.0.0.1:63923]' for 'POST' to 'http://localhost:63923/session/d774e3efc4368c9521875349eaffa930/url'
21:12:02.716 [Forwarding get on session d774e3efc4368c9521875349eaffa930 to remote] DEBUG org.asynchttpclient.netty.request.NettyRequestSender - Using open Channel [id: 0xd165bb6c, L:/127.0.0.1:50039 - R:localhost/127.0.0.1:63923] for POST '/session/d774e3efc4368c9521875349eaffa930/url'
21:12:03.588 [AsyncHttpClient-1-1] DEBUG org.asynchttpclient.netty.channel.DefaultChannelPool - Entry count for : http://localhost:50041 : 1
21:12:04.694 [AsyncHttpClient-1-1] DEBUG org.asynchttpclient.netty.channel.DefaultChannelPool - Entry count for : http://localhost:50041 : 1
21:12:05.493 [AsyncHttpClient-1-5] DEBUG org.asynchttpclient.netty.handler.HttpHandler - 

Request DefaultHttpRequest(decodeResult: success, version: HTTP/1.1)
POST /session/d774e3efc4368c9521875349eaffa930/url HTTP/1.1
User-Agent: selenium/4.1.2 (java windows)
Content-Length: 59
Content-Type: application/json; charset=utf-8
host: localhost:63923
accept: */*

Response DefaultHttpResponse(decodeResult: success, version: HTTP/1.1)
HTTP/1.1 200 OK
Content-Type: application/json; charset=utf-8
cache-control: no-cache
content-length: 14

21:12:05.493 [AsyncHttpClient-1-5] DEBUG org.asynchttpclient.netty.channel.ChannelManager - Adding key: http://localhost:63923 for channel [id: 0xd165bb6c, L:/127.0.0.1:50039 - R:localhost/127.0.0.1:63923]
21:12:05.495 [Forwarding setTimeout on session d774e3efc4368c9521875349eaffa930 to remote] DEBUG org.asynchttpclient.netty.request.NettyRequestSender - Using pooled Channel '[id: 0xd165bb6c, L:/127.0.0.1:50039 - R:localhost/127.0.0.1:63923]' for 'POST' to 'http://localhost:63923/session/d774e3efc4368c9521875349eaffa930/timeouts'
21:12:05.495 [Forwarding setTimeout on session d774e3efc4368c9521875349eaffa930 to remote] DEBUG org.asynchttpclient.netty.request.NettyRequestSender - Using open Channel [id: 0xd165bb6c, L:/127.0.0.1:50039 - R:localhost/127.0.0.1:63923] for POST '/session/d774e3efc4368c9521875349eaffa930/timeouts'
21:12:05.497 [AsyncHttpClient-1-5] DEBUG org.asynchttpclient.netty.handler.HttpHandler - 

Request DefaultHttpRequest(decodeResult: success, version: HTTP/1.1)
POST /session/d774e3efc4368c9521875349eaffa930/timeouts HTTP/1.1
User-Agent: selenium/4.1.2 (java windows)
Content-Length: 22
Content-Type: application/json; charset=utf-8
host: localhost:63923
accept: */*

Response DefaultHttpResponse(decodeResult: success, version: HTTP/1.1)
HTTP/1.1 200 OK
Content-Type: application/json; charset=utf-8
cache-control: no-cache
content-length: 14

21:12:05.498 [AsyncHttpClient-1-5] DEBUG org.asynchttpclient.netty.channel.ChannelManager - Adding key: http://localhost:63923 for channel [id: 0xd165bb6c, L:/127.0.0.1:50039 - R:localhost/127.0.0.1:63923]
21:12:05.501 [Forwarding getCurrentUrl on session d774e3efc4368c9521875349eaffa930 to remote] DEBUG org.asynchttpclient.netty.request.NettyRequestSender - Using pooled Channel '[id: 0xd165bb6c, L:/127.0.0.1:50039 - R:localhost/127.0.0.1:63923]' for 'GET' to 'http://localhost:63923/session/d774e3efc4368c9521875349eaffa930/url'
21:12:05.501 [Forwarding getCurrentUrl on session d774e3efc4368c9521875349eaffa930 to remote] DEBUG org.asynchttpclient.netty.request.NettyRequestSender - Using open Channel [id: 0xd165bb6c, L:/127.0.0.1:50039 - R:localhost/127.0.0.1:63923] for GET '/session/d774e3efc4368c9521875349eaffa930/url'
21:12:05.505 [AsyncHttpClient-1-5] DEBUG org.asynchttpclient.netty.handler.HttpHandler - 

Request DefaultFullHttpRequest(decodeResult: success, version: HTTP/1.1, content: EmptyByteBufBE)
GET /session/d774e3efc4368c9521875349eaffa930/url HTTP/1.1
User-Agent: selenium/4.1.2 (java windows)
Cache-Control: no-cache
Content-Type: application/json; charset=utf-8
host: localhost:63923
accept: */*

Response DefaultHttpResponse(decodeResult: success, version: HTTP/1.1)
HTTP/1.1 200 OK
Content-Type: application/json; charset=utf-8
cache-control: no-cache
content-length: 41

21:12:05.506 [AsyncHttpClient-1-5] DEBUG org.asynchttpclient.netty.channel.ChannelManager - Adding key: http://localhost:63923 for channel [id: 0xd165bb6c, L:/127.0.0.1:50039 - R:localhost/127.0.0.1:63923]
  &amp#27;[32mGiven &amp#27;[0m&amp#27;[32mI open homepage url&amp#27;[0m        &amp#27;[90m# starter.stepdefinitions.CartSteps.iOpenHomepageUrl()&amp#27;[0m
21:12:05.512 [Forwarding screenshot on session d774e3efc4368c9521875349eaffa930 to remote] DEBUG org.asynchttpclient.netty.request.NettyRequestSender - Using pooled Channel '[id: 0xd165bb6c, L:/127.0.0.1:50039 - R:localhost/127.0.0.1:63923]' for 'GET' to 'http://localhost:63923/session/d774e3efc4368c9521875349eaffa930/screenshot'
21:12:05.512 [Forwarding screenshot on session d774e3efc4368c9521875349eaffa930 to remote] DEBUG org.asynchttpclient.netty.request.NettyRequestSender - Using open Channel [id: 0xd165bb6c, L:/127.0.0.1:50039 - R:localhost/127.0.0.1:63923] for GET '/session/d774e3efc4368c9521875349eaffa930/screenshot'
21:12:05.696 [AsyncHttpClient-1-5] DEBUG org.asynchttpclient.netty.handler.HttpHandler - 

Request DefaultFullHttpRequest(decodeResult: success, version: HTTP/1.1, content: EmptyByteBufBE)
GET /session/d774e3efc4368c9521875349eaffa930/screenshot HTTP/1.1
User-Agent: selenium/4.1.2 (java windows)
Cache-Control: no-cache
Content-Type: application/json; charset=utf-8
host: localhost:63923
accept: */*

Response DefaultHttpResponse(decodeResult: success, version: HTTP/1.1)
HTTP/1.1 200 OK
Content-Type: application/json; charset=utf-8
cache-control: no-cache
content-length: 43936

21:12:05.697 [AsyncHttpClient-1-5] DEBUG org.asynchttpclient.netty.channel.ChannelManager - Adding key: http://localhost:63923 for channel [id: 0xd165bb6c, L:/127.0.0.1:50039 - R:localhost/127.0.0.1:63923]
21:12:05.700 [main] DEBUG net.serenitybdd.core.photography.Darkroom - Send negative for processing for target\site\serenity\6193f1a0e80e52a21afe26b344cacdbc53bf553b882816b8d54678368966c75c.png
21:12:05.700 [Darkroom Processing Line] DEBUG net.serenitybdd.core.photography.DarkroomProcessingLine - Processing screenshot image in /var/screenshots/screenshot-15578824672704815117
21:12:05.701 [Darkroom Processing Line] DEBUG net.serenitybdd.core.photography.DarkroomProcessingLine - Saving screenshot to target\site\serenity\6193f1a0e80e52a21afe26b344cacdbc53bf553b882816b8d54678368966c75c.png
21:12:05.712 [Forwarding findElement on session d774e3efc4368c9521875349eaffa930 to remote] DEBUG org.asynchttpclient.netty.request.NettyRequestSender - Using pooled Channel '[id: 0xd165bb6c, L:/127.0.0.1:50039 - R:localhost/127.0.0.1:63923]' for 'POST' to 'http://localhost:63923/session/d774e3efc4368c9521875349eaffa930/element'
21:12:05.712 [Forwarding findElement on session d774e3efc4368c9521875349eaffa930 to remote] DEBUG org.asynchttpclient.netty.request.NettyRequestSender - Using open Channel [id: 0xd165bb6c, L:/127.0.0.1:50039 - R:localhost/127.0.0.1:63923] for POST '/session/d774e3efc4368c9521875349eaffa930/element'
21:12:05.724 [AsyncHttpClient-1-5] DEBUG org.asynchttpclient.netty.handler.HttpHandler - 

Request DefaultHttpRequest(decodeResult: success, version: HTTP/1.1)
POST /session/d774e3efc4368c9521875349eaffa930/element HTTP/1.1
User-Agent: selenium/4.1.2 (java windows)
Content-Length: 88
Content-Type: application/json; charset=utf-8
host: localhost:63923
accept: */*

Response DefaultHttpResponse(decodeResult: success, version: HTTP/1.1)
HTTP/1.1 200 OK
Content-Type: application/json; charset=utf-8
cache-control: no-cache
content-length: 88

21:12:05.725 [AsyncHttpClient-1-5] DEBUG org.asynchttpclient.netty.channel.ChannelManager - Adding key: http://localhost:63923 for channel [id: 0xd165bb6c, L:/127.0.0.1:50039 - R:localhost/127.0.0.1:63923]
21:12:05.728 [Forwarding getElementTagName on session d774e3efc4368c9521875349eaffa930 to remote] DEBUG org.asynchttpclient.netty.request.NettyRequestSender - Using pooled Channel '[id: 0xd165bb6c, L:/127.0.0.1:50039 - R:localhost/127.0.0.1:63923]' for 'GET' to 'http://localhost:63923/session/d774e3efc4368c9521875349eaffa930/element/35a4c956-0351-4e9e-989a-ba1403d0f409/name'
21:12:05.728 [Forwarding getElementTagName on session d774e3efc4368c9521875349eaffa930 to remote] DEBUG org.asynchttpclient.netty.request.NettyRequestSender - Using open Channel [id: 0xd165bb6c, L:/127.0.0.1:50039 - R:localhost/127.0.0.1:63923] for GET '/session/d774e3efc4368c9521875349eaffa930/element/35a4c956-0351-4e9e-989a-ba1403d0f409/name'
21:12:05.732 [AsyncHttpClient-1-5] DEBUG org.asynchttpclient.netty.handler.HttpHandler - 

Request DefaultFullHttpRequest(decodeResult: success, version: HTTP/1.1, content: EmptyByteBufBE)
GET /session/d774e3efc4368c9521875349eaffa930/element/35a4c956-0351-4e9e-989a-ba1403d0f409/name HTTP/1.1
User-Agent: selenium/4.1.2 (java windows)
Cache-Control: no-cache
Content-Type: application/json; charset=utf-8
host: localhost:63923
accept: */*

Response DefaultHttpResponse(decodeResult: success, version: HTTP/1.1)
HTTP/1.1 200 OK
Content-Type: application/json; charset=utf-8
cache-control: no-cache
content-length: 13

21:12:05.733 [AsyncHttpClient-1-5] DEBUG org.asynchttpclient.netty.channel.ChannelManager - Adding key: http://localhost:63923 for channel [id: 0xd165bb6c, L:/127.0.0.1:50039 - R:localhost/127.0.0.1:63923]
21:12:05.734 [Forwarding getElementTagName on session d774e3efc4368c9521875349eaffa930 to remote] DEBUG org.asynchttpclient.netty.request.NettyRequestSender - Using pooled Channel '[id: 0xd165bb6c, L:/127.0.0.1:50039 - R:localhost/127.0.0.1:63923]' for 'GET' to 'http://localhost:63923/session/d774e3efc4368c9521875349eaffa930/element/35a4c956-0351-4e9e-989a-ba1403d0f409/name'
21:12:05.734 [Forwarding getElementTagName on session d774e3efc4368c9521875349eaffa930 to remote] DEBUG org.asynchttpclient.netty.request.NettyRequestSender - Using open Channel [id: 0xd165bb6c, L:/127.0.0.1:50039 - R:localhost/127.0.0.1:63923] for GET '/session/d774e3efc4368c9521875349eaffa930/element/35a4c956-0351-4e9e-989a-ba1403d0f409/name'
21:12:05.738 [AsyncHttpClient-1-5] DEBUG org.asynchttpclient.netty.handler.HttpHandler - 

Request DefaultFullHttpRequest(decodeResult: success, version: HTTP/1.1, content: EmptyByteBufBE)
GET /session/d774e3efc4368c9521875349eaffa930/element/35a4c956-0351-4e9e-989a-ba1403d0f409/name HTTP/1.1
User-Agent: selenium/4.1.2 (java windows)
Cache-Control: no-cache
Content-Type: application/json; charset=utf-8
host: localhost:63923
accept: */*

Response DefaultHttpResponse(decodeResult: success, version: HTTP/1.1)
HTTP/1.1 200 OK
Content-Type: application/json; charset=utf-8
cache-control: no-cache
content-length: 13

21:12:05.738 [AsyncHttpClient-1-5] DEBUG org.asynchttpclient.netty.channel.ChannelManager - Adding key: http://localhost:63923 for channel [id: 0xd165bb6c, L:/127.0.0.1:50039 - R:localhost/127.0.0.1:63923]
21:12:05.741 [Forwarding findElement on session d774e3efc4368c9521875349eaffa930 to remote] DEBUG org.asynchttpclient.netty.request.NettyRequestSender - Using pooled Channel '[id: 0xd165bb6c, L:/127.0.0.1:50039 - R:localhost/127.0.0.1:63923]' for 'POST' to 'http://localhost:63923/session/d774e3efc4368c9521875349eaffa930/element'
21:12:05.742 [Forwarding findElement on session d774e3efc4368c9521875349eaffa930 to remote] DEBUG org.asynchttpclient.netty.request.NettyRequestSender - Using open Channel [id: 0xd165bb6c, L:/127.0.0.1:50039 - R:localhost/127.0.0.1:63923] for POST '/session/d774e3efc4368c9521875349eaffa930/element'
21:12:05.748 [AsyncHttpClient-1-5] DEBUG org.asynchttpclient.netty.handler.HttpHandler - 

Request DefaultHttpRequest(decodeResult: success, version: HTTP/1.1)
POST /session/d774e3efc4368c9521875349eaffa930/element HTTP/1.1
User-Agent: selenium/4.1.2 (java windows)
Content-Length: 88
Content-Type: application/json; charset=utf-8
host: localhost:63923
accept: */*

Response DefaultHttpResponse(decodeResult: success, version: HTTP/1.1)
HTTP/1.1 200 OK
Content-Type: application/json; charset=utf-8
cache-control: no-cache
content-length: 88

21:12:05.748 [AsyncHttpClient-1-5] DEBUG org.asynchttpclient.netty.channel.ChannelManager - Adding key: http://localhost:63923 for channel [id: 0xd165bb6c, L:/127.0.0.1:50039 - R:localhost/127.0.0.1:63923]
21:12:05.750 [Forwarding clickElement on session d774e3efc4368c9521875349eaffa930 to remote] DEBUG org.asynchttpclient.netty.request.NettyRequestSender - Using pooled Channel '[id: 0xd165bb6c, L:/127.0.0.1:50039 - R:localhost/127.0.0.1:63923]' for 'POST' to 'http://localhost:63923/session/d774e3efc4368c9521875349eaffa930/element/35a4c956-0351-4e9e-989a-ba1403d0f409/click'
21:12:05.750 [Forwarding clickElement on session d774e3efc4368c9521875349eaffa930 to remote] DEBUG org.asynchttpclient.netty.request.NettyRequestSender - Using open Channel [id: 0xd165bb6c, L:/127.0.0.1:50039 - R:localhost/127.0.0.1:63923] for POST '/session/d774e3efc4368c9521875349eaffa930/element/35a4c956-0351-4e9e-989a-ba1403d0f409/click'
21:12:05.784 [AsyncHttpClient-1-5] DEBUG org.asynchttpclient.netty.handler.HttpHandler - 

Request DefaultHttpRequest(decodeResult: success, version: HTTP/1.1)
POST /session/d774e3efc4368c9521875349eaffa930/element/35a4c956-0351-4e9e-989a-ba1403d0f409/click HTTP/1.1
User-Agent: selenium/4.1.2 (java windows)
Content-Length: 50
Content-Type: application/json; charset=utf-8
host: localhost:63923
accept: */*

Response DefaultHttpResponse(decodeResult: success, version: HTTP/1.1)
HTTP/1.1 200 OK
Content-Type: application/json; charset=utf-8
cache-control: no-cache
content-length: 14

21:12:05.785 [AsyncHttpClient-1-5] DEBUG org.asynchttpclient.netty.channel.ChannelManager - Adding key: http://localhost:63923 for channel [id: 0xd165bb6c, L:/127.0.0.1:50039 - R:localhost/127.0.0.1:63923]
  &amp#27;[32mWhen &amp#27;[0m&amp#27;[32mI click cart logo&amp#27;[0m           &amp#27;[90m# starter.stepdefinitions.CartSteps.iClickCartLogo()&amp#27;[0m
21:12:05.793 [AsyncHttpClient-1-1] DEBUG org.asynchttpclient.netty.channel.DefaultChannelPool - Entry count for : http://localhost:50041 : 1
21:12:05.793 [AsyncHttpClient-1-1] DEBUG org.asynchttpclient.netty.channel.DefaultChannelPool - Entry count for : http://localhost:63923 : 1
21:12:05.796 [Forwarding screenshot on session d774e3efc4368c9521875349eaffa930 to remote] DEBUG org.asynchttpclient.netty.request.NettyRequestSender - Using pooled Channel '[id: 0xd165bb6c, L:/127.0.0.1:50039 - R:localhost/127.0.0.1:63923]' for 'GET' to 'http://localhost:63923/session/d774e3efc4368c9521875349eaffa930/screenshot'
21:12:05.796 [Forwarding screenshot on session d774e3efc4368c9521875349eaffa930 to remote] DEBUG org.asynchttpclient.netty.request.NettyRequestSender - Using open Channel [id: 0xd165bb6c, L:/127.0.0.1:50039 - R:localhost/127.0.0.1:63923] for GET '/session/d774e3efc4368c9521875349eaffa930/screenshot'
21:12:06.031 [AsyncHttpClient-1-5] DEBUG org.asynchttpclient.netty.handler.HttpHandler - 

Request DefaultFullHttpRequest(decodeResult: success, version: HTTP/1.1, content: EmptyByteBufBE)
GET /session/d774e3efc4368c9521875349eaffa930/screenshot HTTP/1.1
User-Agent: selenium/4.1.2 (java windows)
Cache-Control: no-cache
Content-Type: application/json; charset=utf-8
host: localhost:63923
accept: */*

Response DefaultHttpResponse(decodeResult: success, version: HTTP/1.1)
HTTP/1.1 200 OK
Content-Type: application/json; charset=utf-8
cache-control: no-cache
content-length: 29352

21:12:06.032 [AsyncHttpClient-1-5] DEBUG org.asynchttpclient.netty.channel.ChannelManager - Adding key: http://localhost:63923 for channel [id: 0xd165bb6c, L:/127.0.0.1:50039 - R:localhost/127.0.0.1:63923]
21:12:06.034 [main] DEBUG net.serenitybdd.core.photography.Darkroom - Send negative for processing for target\site\serenity\0a9a0968df881540ccdcd7f79d8af00dbdd89ea756ef8c6f26f780835a075446.png
21:12:06.034 [Darkroom Processing Line] DEBUG net.serenitybdd.core.photography.DarkroomProcessingLine - Processing screenshot image in /var/screenshots/screenshot-354185308058091680
21:12:06.034 [Darkroom Processing Line] DEBUG net.serenitybdd.core.photography.DarkroomProcessingLine - Saving screenshot to target\site\serenity\0a9a0968df881540ccdcd7f79d8af00dbdd89ea756ef8c6f26f780835a075446.png
21:12:06.042 [Forwarding findElement on session d774e3efc4368c9521875349eaffa930 to remote] DEBUG org.asynchttpclient.netty.request.NettyRequestSender - Using pooled Channel '[id: 0xd165bb6c, L:/127.0.0.1:50039 - R:localhost/127.0.0.1:63923]' for 'POST' to 'http://localhost:63923/session/d774e3efc4368c9521875349eaffa930/element'
21:12:06.042 [Forwarding findElement on session d774e3efc4368c9521875349eaffa930 to remote] DEBUG org.asynchttpclient.netty.request.NettyRequestSender - Using open Channel [id: 0xd165bb6c, L:/127.0.0.1:50039 - R:localhost/127.0.0.1:63923] for POST '/session/d774e3efc4368c9521875349eaffa930/element'
21:12:06.051 [AsyncHttpClient-1-5] DEBUG org.asynchttpclient.netty.handler.HttpHandler - 

Request DefaultHttpRequest(decodeResult: success, version: HTTP/1.1)
POST /session/d774e3efc4368c9521875349eaffa930/element HTTP/1.1
User-Agent: selenium/4.1.2 (java windows)
Content-Length: 89
Content-Type: application/json; charset=utf-8
host: localhost:63923
accept: */*

Response DefaultHttpResponse(decodeResult: success, version: HTTP/1.1)
HTTP/1.1 200 OK
Content-Type: application/json; charset=utf-8
cache-control: no-cache
content-length: 88

21:12:06.051 [AsyncHttpClient-1-5] DEBUG org.asynchttpclient.netty.channel.ChannelManager - Adding key: http://localhost:63923 for channel [id: 0xd165bb6c, L:/127.0.0.1:50039 - R:localhost/127.0.0.1:63923]
21:12:06.056 [Forwarding isElementDisplayed on session d774e3efc4368c9521875349eaffa930 to remote] DEBUG org.asynchttpclient.netty.request.NettyRequestSender - Using pooled Channel '[id: 0xd165bb6c, L:/127.0.0.1:50039 - R:localhost/127.0.0.1:63923]' for 'POST' to 'http://localhost:63923/session/d774e3efc4368c9521875349eaffa930/execute/sync'
21:12:06.056 [Forwarding isElementDisplayed on session d774e3efc4368c9521875349eaffa930 to remote] DEBUG org.asynchttpclient.netty.request.NettyRequestSender - Using open Channel [id: 0xd165bb6c, L:/127.0.0.1:50039 - R:localhost/127.0.0.1:63923] for POST '/session/d774e3efc4368c9521875349eaffa930/execute/sync'
21:12:06.068 [AsyncHttpClient-1-5] DEBUG org.asynchttpclient.netty.handler.HttpHandler - 

Request DefaultHttpRequest(decodeResult: success, version: HTTP/1.1)
POST /session/d774e3efc4368c9521875349eaffa930/execute/sync HTTP/1.1
User-Agent: selenium/4.1.2 (java windows)
Content-Length: 48780
Content-Type: application/json; charset=utf-8
host: localhost:63923
accept: */*

Response DefaultHttpResponse(decodeResult: success, version: HTTP/1.1)
HTTP/1.1 200 OK
Content-Type: application/json; charset=utf-8
cache-control: no-cache
content-length: 14

21:12:06.068 [AsyncHttpClient-1-5] DEBUG org.asynchttpclient.netty.channel.ChannelManager - Adding key: http://localhost:63923 for channel [id: 0xd165bb6c, L:/127.0.0.1:50039 - R:localhost/127.0.0.1:63923]
  &amp#27;[32mThen &amp#27;[0m&amp#27;[32mI see my cart empty&amp#27;[0m         &amp#27;[90m# starter.stepdefinitions.CartSteps.iSeeMyCartEmpty()&amp#27;[0m
21:12:06.077 [main] INFO  - 
  _____   ___   ___   _____     ___     _     ___   ___   ___   ___  
 |_   _| | __| / __| |_   _|   | _ \   /_\   / __| / __| | __| |   \ 
   | |   | _|  \__ \   | |     |  _/  / _ \  \__ \ \__ \ | _|  | |) |
   |_|   |___| |___/   |_|     |_|   /_/ \_\ |___/ |___/ |___| |___/ 

View Cart Detail (empty)
----------------------------------------------------------------------
21:12:06.079 [AsyncHttpClient-1-7] DEBUG org.asynchttpclient.netty.handler.WebSocketHandler - Channel Closed: [id: 0x70e95b73, L:/127.0.0.1:50055 ! R:localhost/127.0.0.1:50041] with attribute NettyResponseFuture{currentRetry=5,
	isDone=1,
	isCancelled=0,
	asyncHandler=org.asynchttpclient.ws.WebSocketUpgradeHandler@5b94836b,
	nettyRequest=org.asynchttpclient.netty.request.NettyRequest@1e96167d,
	future=java.util.concurrent.CompletableFuture@288c1984[Completed normally],
	uri=ws://localhost:50041/devtools/browser/93b6f34d-2164-41d4-8476-697b9f8e14b2,
	keepAlive=true,
	redirectCount=0,
	timeoutsHolder=null,
	inAuth=0,
	touch=1667484722705}
21:12:06.079 [AsyncHttpClient-1-7] DEBUG org.asynchttpclient.netty.channel.ChannelManager - Closing Channel [id: 0x70e95b73, L:/127.0.0.1:50055 ! R:localhost/127.0.0.1:50041] 
21:12:06.080 [Driver Command Executor] DEBUG org.asynchttpclient.netty.request.NettyRequestSender - Using pooled Channel '[id: 0xd165bb6c, L:/127.0.0.1:50039 - R:localhost/127.0.0.1:63923]' for 'DELETE' to 'http://localhost:63923/session/d774e3efc4368c9521875349eaffa930'
21:12:06.080 [Driver Command Executor] DEBUG org.asynchttpclient.netty.request.NettyRequestSender - Using open Channel [id: 0xd165bb6c, L:/127.0.0.1:50039 - R:localhost/127.0.0.1:63923] for DELETE '/session/d774e3efc4368c9521875349eaffa930'
21:12:06.178 [AsyncHttpClient-1-6] DEBUG org.asynchttpclient.netty.handler.HttpHandler - Unexpected I/O exception on channel [id: 0x816d0515, L:/127.0.0.1:50054 - R:localhost/127.0.0.1:50041]
java.net.SocketException: Connection reset
	at java.base/sun.nio.ch.SocketChannelImpl.throwConnectionReset(SocketChannelImpl.java:345)
	at java.base/sun.nio.ch.SocketChannelImpl.read(SocketChannelImpl.java:376)
	at io.netty.buffer.PooledByteBuf.setBytes(PooledByteBuf.java:258)
	at io.netty.buffer.AbstractByteBuf.writeBytes(AbstractByteBuf.java:1132)
	at io.netty.channel.socket.nio.NioSocketChannel.doReadBytes(NioSocketChannel.java:350)
	at io.netty.channel.nio.AbstractNioByteChannel$NioByteUnsafe.read(AbstractNioByteChannel.java:151)
	at io.netty.channel.nio.NioEventLoop.processSelectedKey(NioEventLoop.java:722)
	at io.netty.channel.nio.NioEventLoop.processSelectedKeysOptimized(NioEventLoop.java:658)
	at io.netty.channel.nio.NioEventLoop.processSelectedKeys(NioEventLoop.java:584)
	at io.netty.channel.nio.NioEventLoop.run(NioEventLoop.java:496)
	at io.netty.util.concurrent.SingleThreadEventExecutor$4.run(SingleThreadEventExecutor.java:986)
	at io.netty.util.internal.ThreadExecutorMap$2.run(ThreadExecutorMap.java:74)
	at io.netty.util.concurrent.FastThreadLocalRunnable.run(FastThreadLocalRunnable.java:30)
	at java.base/java.lang.Thread.run(Thread.java:830)
21:12:06.179 [AsyncHttpClient-1-6] DEBUG org.asynchttpclient.netty.channel.ChannelManager - Closing Channel [id: 0x816d0515, L:/127.0.0.1:50054 - R:localhost/127.0.0.1:50041] 
21:12:06.179 [AsyncHttpClient-1-6] DEBUG org.asynchttpclient.netty.handler.HttpHandler - Channel Closed: [id: 0x816d0515, L:/127.0.0.1:50054 ! R:localhost/127.0.0.1:50041] with attribute DISCARD
21:12:06.202 [AsyncHttpClient-1-5] DEBUG org.asynchttpclient.netty.handler.HttpHandler - 

Request DefaultFullHttpRequest(decodeResult: success, version: HTTP/1.1, content: EmptyByteBufBE)
DELETE /session/d774e3efc4368c9521875349eaffa930 HTTP/1.1
User-Agent: selenium/4.1.2 (java windows)
Content-Type: application/json; charset=utf-8
host: localhost:63923
accept: */*

Response DefaultHttpResponse(decodeResult: success, version: HTTP/1.1)
HTTP/1.1 200 OK
Content-Type: application/json; charset=utf-8
cache-control: no-cache
content-length: 14

21:12:06.203 [AsyncHttpClient-1-5] DEBUG org.asynchttpclient.netty.channel.ChannelManager - Adding key: http://localhost:63923 for channel [id: 0xd165bb6c, L:/127.0.0.1:50039 - R:localhost/127.0.0.1:63923]
21:12:06.254 [AsyncHttpClient-1-5] DEBUG org.asynchttpclient.netty.handler.HttpHandler - Channel Closed: [id: 0xd165bb6c, L:/127.0.0.1:50039 ! R:localhost/127.0.0.1:63923] with attribute DISCARD
]]></system-out>
    <system-err><![CDATA[Starting ChromeDriver 106.0.5249.61 (511755355844955cd3e264779baf0dd38212a4d0-refs/branch-heads/5249@{#569}) on port 63923
Only local connections are allowed.
Please see https://chromedriver.chromium.org/security-considerations for suggestions on keeping ChromeDriver safe.
ChromeDriver was started successfully.
[1667484721.992][WARNING]: This version of ChromeDriver has not been tested with Chrome version 107.
Nov 03, 2022 9:12:02 PM org.openqa.selenium.remote.ProtocolHandshake createSession
INFO: Detected dialect: W3C
Nov 03, 2022 9:12:02 PM org.openqa.selenium.devtools.CdpVersionFinder findNearestMatch
WARNING: Unable to find an exact match for CDP version 107, so returning the closest version found: a no-op implementation
Nov 03, 2022 9:12:02 PM org.openqa.selenium.devtools.CdpVersionFinder findNearestMatch
INFO: Unable to find CDP implementation matching 107.
Nov 03, 2022 9:12:02 PM org.openqa.selenium.chromium.ChromiumDriver lambda$new$3
WARNING: Unable to find version of CDP to use for . You may need to include a dependency on a specific version of the CDP using something similar to `org.seleniumhq.selenium:selenium-devtools-v86:4.1.2` where the version ("v86") matches the version of the chromium-based browser you're using and the version number of the artifact is the same as Selenium's.
]]></system-err>
  </testcase>
  <testcase name="Delete Product From Cart" classname="Manage Cart" time="8.151">
    <system-out><![CDATA[
@Cart
Scenario: Delete Product From Cart         &amp#27;[90m# src/test/resources/features/Cart.feature:18&amp#27;[0m
21:12:06.786 [main] INFO io.cucumber.core.plugin.SerenityReporter - Running feature from file:///C:/Users/ASUS/Desktop/stupen/miniproject/Web/ASWeb/src/test/resources/features/Cart.feature
21:12:06.788 [main] INFO  - 
  _____   ___   ___   _____     ___   _____     _     ___   _____   ___   ___  
 |_   _| | __| / __| |_   _|   / __| |_   _|   /_\   | _ \ |_   _| | __| |   \ 
   | |   | _|  \__ \   | |     \__ \   | |    / _ \  |   /   | |   | _|  | |) |
   |_|   |___| |___/   |_|     |___/   |_|   /_/ \_\ |_|_\   |_|   |___| |___/ 

Delete Product From Cart(manage-cart;delete-product-from-cart)
--------------------------------------------------------------------------------
21:12:06.800 [main] INFO net.serenitybdd.core.webdriver.driverproviders.ChromeDriverProvider - Using automatically driver download
21:12:06.887 [AsyncHttpClient-1-1] DEBUG org.asynchttpclient.netty.channel.DefaultChannelPool - Entry count for : http://localhost:50041 : 1
21:12:06.887 [AsyncHttpClient-1-1] DEBUG org.asynchttpclient.netty.channel.DefaultChannelPool - Entry count for : http://localhost:63923 : 1
21:12:06.887 [AsyncHttpClient-1-1] DEBUG org.asynchttpclient.netty.channel.DefaultChannelPool - Adding Candidate expired Channel [id: 0x816d0515, L:/127.0.0.1:50054 ! R:localhost/127.0.0.1:50041] isIdleTimeoutExpired=false isRemotelyClosed=true isTtlExpired=false
21:12:06.887 [AsyncHttpClient-1-1] DEBUG org.asynchttpclient.netty.channel.DefaultChannelPool - Closing Idle Channel [id: 0x816d0515, L:/127.0.0.1:50054 ! R:localhost/127.0.0.1:50041]
21:12:06.887 [AsyncHttpClient-1-1] DEBUG org.asynchttpclient.netty.channel.DefaultChannelPool - Adding Candidate expired Channel [id: 0xd165bb6c, L:/127.0.0.1:50039 ! R:localhost/127.0.0.1:63923] isIdleTimeoutExpired=false isRemotelyClosed=true isTtlExpired=false
21:12:06.887 [AsyncHttpClient-1-1] DEBUG org.asynchttpclient.netty.channel.DefaultChannelPool - Closing Idle Channel [id: 0xd165bb6c, L:/127.0.0.1:50039 ! R:localhost/127.0.0.1:63923]
21:12:06.887 [AsyncHttpClient-1-1] DEBUG org.asynchttpclient.netty.channel.DefaultChannelPool - Closed 2 connections out of 2 in 0 ms
21:12:06.908 [main] DEBUG io.github.bonigarcia.wdm.cache.ResolutionCache - Resolution chrome=107 in cache (valid until 21:49:49 03/11/2022 WIB)
21:12:06.912 [main] DEBUG io.github.bonigarcia.wdm.cache.ResolutionCache - Resolution chrome107=107.0.5304.62 in cache (valid until 16:49:12 04/11/2022 WIB)
21:12:06.914 [main] INFO io.github.bonigarcia.wdm.WebDriverManager - Using chromedriver 107.0.5304.62 (resolved driver for Chrome 107)
21:12:06.930 [main] DEBUG io.github.bonigarcia.wdm.WebDriverManager - Driver chromedriver 107.0.5304.62 found in cache
21:12:06.931 [main] INFO io.github.bonigarcia.wdm.WebDriverManager - Exporting webdriver.chrome.driver as C:\Users\ASUS\.cache\selenium\chromedriver\win32\107.0.5304.62\chromedriver.exe
21:12:07.053 [main] DEBUG net.serenitybdd.core.webdriver.driverproviders.ProvideNewDriver - Instantiating driver
21:12:07.053 [main] DEBUG net.serenitybdd.core.webdriver.driverproviders.ProvideNewDriver - Driver capabilities: Capabilities {acceptInsecureCerts: false, base.url: https://alta-shop.vercel.app/, browserName: chrome, chrome.driver: src/test/resources/webdrive..., driver: chrome, goog:chromeOptions: {args: [], extensions: []}, wait.for.timeout: 10000}
21:12:07.607 [AsyncHttpClient-1-8] DEBUG org.asynchttpclient.netty.channel.NettyConnectListener - Using new Channel '[id: 0xba8837f0, L:/127.0.0.1:50082 - R:localhost/127.0.0.1:64275]' for 'POST' to '/session'
21:12:08.311 [AsyncHttpClient-1-8] DEBUG org.asynchttpclient.netty.handler.HttpHandler - 

Request DefaultHttpRequest(decodeResult: success, version: HTTP/1.1)
POST /session HTTP/1.1
User-Agent: selenium/4.1.2 (java windows)
Content-Length: 646
Content-Type: application/json; charset=utf-8
host: localhost:64275
accept: */*

Response DefaultHttpResponse(decodeResult: success, version: HTTP/1.1)
HTTP/1.1 200 OK
Content-Type: application/json; charset=utf-8
cache-control: no-cache
content-length: 789

21:12:08.311 [AsyncHttpClient-1-8] DEBUG org.asynchttpclient.netty.channel.ChannelManager - Adding key: http://localhost:64275 for channel [id: 0xba8837f0, L:/127.0.0.1:50082 - R:localhost/127.0.0.1:64275]
21:12:08.327 [AsyncHttpClient-1-9] DEBUG org.asynchttpclient.netty.channel.NettyConnectListener - Using new Channel '[id: 0xd0d77647, L:/127.0.0.1:50095 - R:localhost/127.0.0.1:50086]' for 'GET' to '/json/version'
21:12:08.334 [AsyncHttpClient-1-9] DEBUG org.asynchttpclient.netty.handler.HttpHandler - 

Request DefaultFullHttpRequest(decodeResult: success, version: HTTP/1.1, content: EmptyByteBufBE)
GET /json/version HTTP/1.1
User-Agent: selenium/4.1.2 (java windows)
host: localhost:50086
accept: */*

Response DefaultHttpResponse(decodeResult: success, version: HTTP/1.1)
HTTP/1.1 200 OK
Content-Type: application/json; charset=UTF-8
content-length: 423

21:12:08.334 [AsyncHttpClient-1-9] DEBUG org.asynchttpclient.netty.channel.ChannelManager - Adding key: http://localhost:50086 for channel [id: 0xd0d77647, L:/127.0.0.1:50095 - R:localhost/127.0.0.1:50086]
21:12:08.339 [AsyncHttpClient-1-10] DEBUG org.asynchttpclient.netty.channel.NettyConnectListener - Using new Channel '[id: 0x14da1435, L:/127.0.0.1:50096 - R:localhost/127.0.0.1:50086]' for 'GET' to '/devtools/browser/a7622dad-f679-43d4-abbd-1f38baf82ad8'
21:12:08.346 [AsyncHttpClient-1-10] DEBUG org.asynchttpclient.netty.handler.WebSocketHandler - 

Request DefaultFullHttpRequest(decodeResult: success, version: HTTP/1.1, content: EmptyByteBufBE)
GET /devtools/browser/a7622dad-f679-43d4-abbd-1f38baf82ad8 HTTP/1.1
upgrade: websocket
connection: upgrade
sec-websocket-key: 8v3DFHRoMLD+ZIbSgarC3Q==
sec-websocket-version: 13
origin: http://localhost:50086
host: localhost:50086
accept: */*
user-agent: AHC/2.1

Response DefaultHttpResponse(decodeResult: success, version: HTTP/1.1)
HTTP/1.1 101 WebSocket Protocol Handshake
Upgrade: WebSocket
Connection: Upgrade
Sec-WebSocket-Accept: yCq+CJ162yTEftwBvcAxzn652z8=

21:12:08.352 [Forwarding get on session aa8db0f4cc5ab4722493c97027ad0a6c to remote] DEBUG org.asynchttpclient.netty.request.NettyRequestSender - Using pooled Channel '[id: 0xba8837f0, L:/127.0.0.1:50082 - R:localhost/127.0.0.1:64275]' for 'POST' to 'http://localhost:64275/session/aa8db0f4cc5ab4722493c97027ad0a6c/url'
21:12:08.352 [Forwarding get on session aa8db0f4cc5ab4722493c97027ad0a6c to remote] DEBUG org.asynchttpclient.netty.request.NettyRequestSender - Using open Channel [id: 0xba8837f0, L:/127.0.0.1:50082 - R:localhost/127.0.0.1:64275] for POST '/session/aa8db0f4cc5ab4722493c97027ad0a6c/url'
21:12:09.088 [AsyncHttpClient-1-1] DEBUG org.asynchttpclient.netty.channel.DefaultChannelPool - Entry count for : http://localhost:50086 : 1
21:12:09.920 [AsyncHttpClient-1-8] DEBUG org.asynchttpclient.netty.handler.HttpHandler - 

Request DefaultHttpRequest(decodeResult: success, version: HTTP/1.1)
POST /session/aa8db0f4cc5ab4722493c97027ad0a6c/url HTTP/1.1
User-Agent: selenium/4.1.2 (java windows)
Content-Length: 59
Content-Type: application/json; charset=utf-8
host: localhost:64275
accept: */*

Response DefaultHttpResponse(decodeResult: success, version: HTTP/1.1)
HTTP/1.1 200 OK
Content-Type: application/json; charset=utf-8
cache-control: no-cache
content-length: 14

21:12:09.921 [AsyncHttpClient-1-8] DEBUG org.asynchttpclient.netty.channel.ChannelManager - Adding key: http://localhost:64275 for channel [id: 0xba8837f0, L:/127.0.0.1:50082 - R:localhost/127.0.0.1:64275]
21:12:09.922 [Forwarding setTimeout on session aa8db0f4cc5ab4722493c97027ad0a6c to remote] DEBUG org.asynchttpclient.netty.request.NettyRequestSender - Using pooled Channel '[id: 0xba8837f0, L:/127.0.0.1:50082 - R:localhost/127.0.0.1:64275]' for 'POST' to 'http://localhost:64275/session/aa8db0f4cc5ab4722493c97027ad0a6c/timeouts'
21:12:09.922 [Forwarding setTimeout on session aa8db0f4cc5ab4722493c97027ad0a6c to remote] DEBUG org.asynchttpclient.netty.request.NettyRequestSender - Using open Channel [id: 0xba8837f0, L:/127.0.0.1:50082 - R:localhost/127.0.0.1:64275] for POST '/session/aa8db0f4cc5ab4722493c97027ad0a6c/timeouts'
21:12:09.924 [AsyncHttpClient-1-8] DEBUG org.asynchttpclient.netty.handler.HttpHandler - 

Request DefaultHttpRequest(decodeResult: success, version: HTTP/1.1)
POST /session/aa8db0f4cc5ab4722493c97027ad0a6c/timeouts HTTP/1.1
User-Agent: selenium/4.1.2 (java windows)
Content-Length: 22
Content-Type: application/json; charset=utf-8
host: localhost:64275
accept: */*

Response DefaultHttpResponse(decodeResult: success, version: HTTP/1.1)
HTTP/1.1 200 OK
Content-Type: application/json; charset=utf-8
cache-control: no-cache
content-length: 14

21:12:09.924 [AsyncHttpClient-1-8] DEBUG org.asynchttpclient.netty.channel.ChannelManager - Adding key: http://localhost:64275 for channel [id: 0xba8837f0, L:/127.0.0.1:50082 - R:localhost/127.0.0.1:64275]
21:12:09.926 [Forwarding getCurrentUrl on session aa8db0f4cc5ab4722493c97027ad0a6c to remote] DEBUG org.asynchttpclient.netty.request.NettyRequestSender - Using pooled Channel '[id: 0xba8837f0, L:/127.0.0.1:50082 - R:localhost/127.0.0.1:64275]' for 'GET' to 'http://localhost:64275/session/aa8db0f4cc5ab4722493c97027ad0a6c/url'
21:12:09.927 [Forwarding getCurrentUrl on session aa8db0f4cc5ab4722493c97027ad0a6c to remote] DEBUG org.asynchttpclient.netty.request.NettyRequestSender - Using open Channel [id: 0xba8837f0, L:/127.0.0.1:50082 - R:localhost/127.0.0.1:64275] for GET '/session/aa8db0f4cc5ab4722493c97027ad0a6c/url'
21:12:09.931 [AsyncHttpClient-1-8] DEBUG org.asynchttpclient.netty.handler.HttpHandler - 

Request DefaultFullHttpRequest(decodeResult: success, version: HTTP/1.1, content: EmptyByteBufBE)
GET /session/aa8db0f4cc5ab4722493c97027ad0a6c/url HTTP/1.1
User-Agent: selenium/4.1.2 (java windows)
Cache-Control: no-cache
Content-Type: application/json; charset=utf-8
host: localhost:64275
accept: */*

Response DefaultHttpResponse(decodeResult: success, version: HTTP/1.1)
HTTP/1.1 200 OK
Content-Type: application/json; charset=utf-8
cache-control: no-cache
content-length: 41

21:12:09.931 [AsyncHttpClient-1-8] DEBUG org.asynchttpclient.netty.channel.ChannelManager - Adding key: http://localhost:64275 for channel [id: 0xba8837f0, L:/127.0.0.1:50082 - R:localhost/127.0.0.1:64275]
  &amp#27;[32mGiven &amp#27;[0m&amp#27;[32mI open homepage url&amp#27;[0m                &amp#27;[90m# starter.stepdefinitions.CartSteps.iOpenHomepageUrl()&amp#27;[0m
21:12:09.937 [Forwarding screenshot on session aa8db0f4cc5ab4722493c97027ad0a6c to remote] DEBUG org.asynchttpclient.netty.request.NettyRequestSender - Using pooled Channel '[id: 0xba8837f0, L:/127.0.0.1:50082 - R:localhost/127.0.0.1:64275]' for 'GET' to 'http://localhost:64275/session/aa8db0f4cc5ab4722493c97027ad0a6c/screenshot'
21:12:09.937 [Forwarding screenshot on session aa8db0f4cc5ab4722493c97027ad0a6c to remote] DEBUG org.asynchttpclient.netty.request.NettyRequestSender - Using open Channel [id: 0xba8837f0, L:/127.0.0.1:50082 - R:localhost/127.0.0.1:64275] for GET '/session/aa8db0f4cc5ab4722493c97027ad0a6c/screenshot'
21:12:10.181 [AsyncHttpClient-1-8] DEBUG org.asynchttpclient.netty.handler.HttpHandler - 

Request DefaultFullHttpRequest(decodeResult: success, version: HTTP/1.1, content: EmptyByteBufBE)
GET /session/aa8db0f4cc5ab4722493c97027ad0a6c/screenshot HTTP/1.1
User-Agent: selenium/4.1.2 (java windows)
Cache-Control: no-cache
Content-Type: application/json; charset=utf-8
host: localhost:64275
accept: */*

Response DefaultHttpResponse(decodeResult: success, version: HTTP/1.1)
HTTP/1.1 200 OK
Content-Type: application/json; charset=utf-8
cache-control: no-cache
content-length: 44436

21:12:10.181 [AsyncHttpClient-1-8] DEBUG org.asynchttpclient.netty.channel.ChannelManager - Adding key: http://localhost:64275 for channel [id: 0xba8837f0, L:/127.0.0.1:50082 - R:localhost/127.0.0.1:64275]
21:12:10.184 [main] DEBUG net.serenitybdd.core.photography.Darkroom - Send negative for processing for target\site\serenity\121806153e5c162a3825e295cbcc1f0138e0a36fccca0213ce76c903ec6004db.png
21:12:10.184 [Darkroom Processing Line] DEBUG net.serenitybdd.core.photography.DarkroomProcessingLine - Processing screenshot image in /var/screenshots/screenshot-5102076558650394259
21:12:10.184 [Darkroom Processing Line] DEBUG net.serenitybdd.core.photography.DarkroomProcessingLine - Saving screenshot to target\site\serenity\121806153e5c162a3825e295cbcc1f0138e0a36fccca0213ce76c903ec6004db.png
21:12:10.187 [AsyncHttpClient-1-1] DEBUG org.asynchttpclient.netty.channel.DefaultChannelPool - Entry count for : http://localhost:64275 : 1
21:12:10.187 [AsyncHttpClient-1-1] DEBUG org.asynchttpclient.netty.channel.DefaultChannelPool - Entry count for : http://localhost:50086 : 1
21:12:10.193 [Forwarding get on session aa8db0f4cc5ab4722493c97027ad0a6c to remote] DEBUG org.asynchttpclient.netty.request.NettyRequestSender - Using pooled Channel '[id: 0xba8837f0, L:/127.0.0.1:50082 - R:localhost/127.0.0.1:64275]' for 'POST' to 'http://localhost:64275/session/aa8db0f4cc5ab4722493c97027ad0a6c/url'
21:12:10.193 [Forwarding get on session aa8db0f4cc5ab4722493c97027ad0a6c to remote] DEBUG org.asynchttpclient.netty.request.NettyRequestSender - Using open Channel [id: 0xba8837f0, L:/127.0.0.1:50082 - R:localhost/127.0.0.1:64275] for POST '/session/aa8db0f4cc5ab4722493c97027ad0a6c/url'
21:12:10.407 [AsyncHttpClient-1-8] DEBUG org.asynchttpclient.netty.handler.HttpHandler - 

Request DefaultHttpRequest(decodeResult: success, version: HTTP/1.1)
POST /session/aa8db0f4cc5ab4722493c97027ad0a6c/url HTTP/1.1
User-Agent: selenium/4.1.2 (java windows)
Content-Length: 59
Content-Type: application/json; charset=utf-8
host: localhost:64275
accept: */*

Response DefaultHttpResponse(decodeResult: success, version: HTTP/1.1)
HTTP/1.1 200 OK
Content-Type: application/json; charset=utf-8
cache-control: no-cache
content-length: 14

21:12:10.408 [AsyncHttpClient-1-8] DEBUG org.asynchttpclient.netty.channel.ChannelManager - Adding key: http://localhost:64275 for channel [id: 0xba8837f0, L:/127.0.0.1:50082 - R:localhost/127.0.0.1:64275]
21:12:10.414 [Forwarding getCurrentUrl on session aa8db0f4cc5ab4722493c97027ad0a6c to remote] DEBUG org.asynchttpclient.netty.request.NettyRequestSender - Using pooled Channel '[id: 0xba8837f0, L:/127.0.0.1:50082 - R:localhost/127.0.0.1:64275]' for 'GET' to 'http://localhost:64275/session/aa8db0f4cc5ab4722493c97027ad0a6c/url'
21:12:10.414 [Forwarding getCurrentUrl on session aa8db0f4cc5ab4722493c97027ad0a6c to remote] DEBUG org.asynchttpclient.netty.request.NettyRequestSender - Using open Channel [id: 0xba8837f0, L:/127.0.0.1:50082 - R:localhost/127.0.0.1:64275] for GET '/session/aa8db0f4cc5ab4722493c97027ad0a6c/url'
21:12:10.418 [AsyncHttpClient-1-8] DEBUG org.asynchttpclient.netty.handler.HttpHandler - 

Request DefaultFullHttpRequest(decodeResult: success, version: HTTP/1.1, content: EmptyByteBufBE)
GET /session/aa8db0f4cc5ab4722493c97027ad0a6c/url HTTP/1.1
User-Agent: selenium/4.1.2 (java windows)
Cache-Control: no-cache
Content-Type: application/json; charset=utf-8
host: localhost:64275
accept: */*

Response DefaultHttpResponse(decodeResult: success, version: HTTP/1.1)
HTTP/1.1 200 OK
Content-Type: application/json; charset=utf-8
cache-control: no-cache
content-length: 41

21:12:10.418 [AsyncHttpClient-1-8] DEBUG org.asynchttpclient.netty.channel.ChannelManager - Adding key: http://localhost:64275 for channel [id: 0xba8837f0, L:/127.0.0.1:50082 - R:localhost/127.0.0.1:64275]
21:12:10.425 [Forwarding findElement on session aa8db0f4cc5ab4722493c97027ad0a6c to remote] DEBUG org.asynchttpclient.netty.request.NettyRequestSender - Using pooled Channel '[id: 0xba8837f0, L:/127.0.0.1:50082 - R:localhost/127.0.0.1:64275]' for 'POST' to 'http://localhost:64275/session/aa8db0f4cc5ab4722493c97027ad0a6c/element'
21:12:10.425 [Forwarding findElement on session aa8db0f4cc5ab4722493c97027ad0a6c to remote] DEBUG org.asynchttpclient.netty.request.NettyRequestSender - Using open Channel [id: 0xba8837f0, L:/127.0.0.1:50082 - R:localhost/127.0.0.1:64275] for POST '/session/aa8db0f4cc5ab4722493c97027ad0a6c/element'
21:12:11.287 [AsyncHttpClient-1-1] DEBUG org.asynchttpclient.netty.channel.DefaultChannelPool - Entry count for : http://localhost:50086 : 1
21:12:12.389 [AsyncHttpClient-1-1] DEBUG org.asynchttpclient.netty.channel.DefaultChannelPool - Entry count for : http://localhost:50086 : 1
21:12:12.873 [AsyncHttpClient-1-8] DEBUG org.asynchttpclient.netty.handler.HttpHandler - 

Request DefaultHttpRequest(decodeResult: success, version: HTTP/1.1)
POST /session/aa8db0f4cc5ab4722493c97027ad0a6c/element HTTP/1.1
User-Agent: selenium/4.1.2 (java windows)
Content-Length: 85
Content-Type: application/json; charset=utf-8
host: localhost:64275
accept: */*

Response DefaultHttpResponse(decodeResult: success, version: HTTP/1.1)
HTTP/1.1 200 OK
Content-Type: application/json; charset=utf-8
cache-control: no-cache
content-length: 88

21:12:12.874 [AsyncHttpClient-1-8] DEBUG org.asynchttpclient.netty.channel.ChannelManager - Adding key: http://localhost:64275 for channel [id: 0xba8837f0, L:/127.0.0.1:50082 - R:localhost/127.0.0.1:64275]
21:12:12.877 [Forwarding getElementTagName on session aa8db0f4cc5ab4722493c97027ad0a6c to remote] DEBUG org.asynchttpclient.netty.request.NettyRequestSender - Using pooled Channel '[id: 0xba8837f0, L:/127.0.0.1:50082 - R:localhost/127.0.0.1:64275]' for 'GET' to 'http://localhost:64275/session/aa8db0f4cc5ab4722493c97027ad0a6c/element/108e0d0a-5e0d-4080-818c-5c19990f8962/name'
21:12:12.877 [Forwarding getElementTagName on session aa8db0f4cc5ab4722493c97027ad0a6c to remote] DEBUG org.asynchttpclient.netty.request.NettyRequestSender - Using open Channel [id: 0xba8837f0, L:/127.0.0.1:50082 - R:localhost/127.0.0.1:64275] for GET '/session/aa8db0f4cc5ab4722493c97027ad0a6c/element/108e0d0a-5e0d-4080-818c-5c19990f8962/name'
21:12:12.881 [AsyncHttpClient-1-8] DEBUG org.asynchttpclient.netty.handler.HttpHandler - 

Request DefaultFullHttpRequest(decodeResult: success, version: HTTP/1.1, content: EmptyByteBufBE)
GET /session/aa8db0f4cc5ab4722493c97027ad0a6c/element/108e0d0a-5e0d-4080-818c-5c19990f8962/name HTTP/1.1
User-Agent: selenium/4.1.2 (java windows)
Cache-Control: no-cache
Content-Type: application/json; charset=utf-8
host: localhost:64275
accept: */*

Response DefaultHttpResponse(decodeResult: success, version: HTTP/1.1)
HTTP/1.1 200 OK
Content-Type: application/json; charset=utf-8
cache-control: no-cache
content-length: 16

21:12:12.882 [AsyncHttpClient-1-8] DEBUG org.asynchttpclient.netty.channel.ChannelManager - Adding key: http://localhost:64275 for channel [id: 0xba8837f0, L:/127.0.0.1:50082 - R:localhost/127.0.0.1:64275]
21:12:12.883 [Forwarding getElementTagName on session aa8db0f4cc5ab4722493c97027ad0a6c to remote] DEBUG org.asynchttpclient.netty.request.NettyRequestSender - Using pooled Channel '[id: 0xba8837f0, L:/127.0.0.1:50082 - R:localhost/127.0.0.1:64275]' for 'GET' to 'http://localhost:64275/session/aa8db0f4cc5ab4722493c97027ad0a6c/element/108e0d0a-5e0d-4080-818c-5c19990f8962/name'
21:12:12.883 [Forwarding getElementTagName on session aa8db0f4cc5ab4722493c97027ad0a6c to remote] DEBUG org.asynchttpclient.netty.request.NettyRequestSender - Using open Channel [id: 0xba8837f0, L:/127.0.0.1:50082 - R:localhost/127.0.0.1:64275] for GET '/session/aa8db0f4cc5ab4722493c97027ad0a6c/element/108e0d0a-5e0d-4080-818c-5c19990f8962/name'
21:12:12.887 [AsyncHttpClient-1-8] DEBUG org.asynchttpclient.netty.handler.HttpHandler - 

Request DefaultFullHttpRequest(decodeResult: success, version: HTTP/1.1, content: EmptyByteBufBE)
GET /session/aa8db0f4cc5ab4722493c97027ad0a6c/element/108e0d0a-5e0d-4080-818c-5c19990f8962/name HTTP/1.1
User-Agent: selenium/4.1.2 (java windows)
Cache-Control: no-cache
Content-Type: application/json; charset=utf-8
host: localhost:64275
accept: */*

Response DefaultHttpResponse(decodeResult: success, version: HTTP/1.1)
HTTP/1.1 200 OK
Content-Type: application/json; charset=utf-8
cache-control: no-cache
content-length: 16

21:12:12.887 [AsyncHttpClient-1-8] DEBUG org.asynchttpclient.netty.channel.ChannelManager - Adding key: http://localhost:64275 for channel [id: 0xba8837f0, L:/127.0.0.1:50082 - R:localhost/127.0.0.1:64275]
21:12:12.890 [Forwarding findElement on session aa8db0f4cc5ab4722493c97027ad0a6c to remote] DEBUG org.asynchttpclient.netty.request.NettyRequestSender - Using pooled Channel '[id: 0xba8837f0, L:/127.0.0.1:50082 - R:localhost/127.0.0.1:64275]' for 'POST' to 'http://localhost:64275/session/aa8db0f4cc5ab4722493c97027ad0a6c/element'
21:12:12.890 [Forwarding findElement on session aa8db0f4cc5ab4722493c97027ad0a6c to remote] DEBUG org.asynchttpclient.netty.request.NettyRequestSender - Using open Channel [id: 0xba8837f0, L:/127.0.0.1:50082 - R:localhost/127.0.0.1:64275] for POST '/session/aa8db0f4cc5ab4722493c97027ad0a6c/element'
21:12:12.900 [AsyncHttpClient-1-8] DEBUG org.asynchttpclient.netty.handler.HttpHandler - 

Request DefaultHttpRequest(decodeResult: success, version: HTTP/1.1)
POST /session/aa8db0f4cc5ab4722493c97027ad0a6c/element HTTP/1.1
User-Agent: selenium/4.1.2 (java windows)
Content-Length: 85
Content-Type: application/json; charset=utf-8
host: localhost:64275
accept: */*

Response DefaultHttpResponse(decodeResult: success, version: HTTP/1.1)
HTTP/1.1 200 OK
Content-Type: application/json; charset=utf-8
cache-control: no-cache
content-length: 88

21:12:12.901 [AsyncHttpClient-1-8] DEBUG org.asynchttpclient.netty.channel.ChannelManager - Adding key: http://localhost:64275 for channel [id: 0xba8837f0, L:/127.0.0.1:50082 - R:localhost/127.0.0.1:64275]
21:12:12.902 [Forwarding clickElement on session aa8db0f4cc5ab4722493c97027ad0a6c to remote] DEBUG org.asynchttpclient.netty.request.NettyRequestSender - Using pooled Channel '[id: 0xba8837f0, L:/127.0.0.1:50082 - R:localhost/127.0.0.1:64275]' for 'POST' to 'http://localhost:64275/session/aa8db0f4cc5ab4722493c97027ad0a6c/element/108e0d0a-5e0d-4080-818c-5c19990f8962/click'
21:12:12.902 [Forwarding clickElement on session aa8db0f4cc5ab4722493c97027ad0a6c to remote] DEBUG org.asynchttpclient.netty.request.NettyRequestSender - Using open Channel [id: 0xba8837f0, L:/127.0.0.1:50082 - R:localhost/127.0.0.1:64275] for POST '/session/aa8db0f4cc5ab4722493c97027ad0a6c/element/108e0d0a-5e0d-4080-818c-5c19990f8962/click'
21:12:12.967 [AsyncHttpClient-1-8] DEBUG org.asynchttpclient.netty.handler.HttpHandler - 

Request DefaultHttpRequest(decodeResult: success, version: HTTP/1.1)
POST /session/aa8db0f4cc5ab4722493c97027ad0a6c/element/108e0d0a-5e0d-4080-818c-5c19990f8962/click HTTP/1.1
User-Agent: selenium/4.1.2 (java windows)
Content-Length: 50
Content-Type: application/json; charset=utf-8
host: localhost:64275
accept: */*

Response DefaultHttpResponse(decodeResult: success, version: HTTP/1.1)
HTTP/1.1 200 OK
Content-Type: application/json; charset=utf-8
cache-control: no-cache
content-length: 14

21:12:12.967 [AsyncHttpClient-1-8] DEBUG org.asynchttpclient.netty.channel.ChannelManager - Adding key: http://localhost:64275 for channel [id: 0xba8837f0, L:/127.0.0.1:50082 - R:localhost/127.0.0.1:64275]
  &amp#27;[32mAnd &amp#27;[0m&amp#27;[32mI buy one of the products&amp#27;[0m            &amp#27;[90m# starter.stepdefinitions.CartSteps.iBuyOneOfTheProducts()&amp#27;[0m
21:12:12.975 [Forwarding screenshot on session aa8db0f4cc5ab4722493c97027ad0a6c to remote] DEBUG org.asynchttpclient.netty.request.NettyRequestSender - Using pooled Channel '[id: 0xba8837f0, L:/127.0.0.1:50082 - R:localhost/127.0.0.1:64275]' for 'GET' to 'http://localhost:64275/session/aa8db0f4cc5ab4722493c97027ad0a6c/screenshot'
21:12:12.975 [Forwarding screenshot on session aa8db0f4cc5ab4722493c97027ad0a6c to remote] DEBUG org.asynchttpclient.netty.request.NettyRequestSender - Using open Channel [id: 0xba8837f0, L:/127.0.0.1:50082 - R:localhost/127.0.0.1:64275] for GET '/session/aa8db0f4cc5ab4722493c97027ad0a6c/screenshot'
21:12:13.149 [AsyncHttpClient-1-8] DEBUG org.asynchttpclient.netty.handler.HttpHandler - 

Request DefaultFullHttpRequest(decodeResult: success, version: HTTP/1.1, content: EmptyByteBufBE)
GET /session/aa8db0f4cc5ab4722493c97027ad0a6c/screenshot HTTP/1.1
User-Agent: selenium/4.1.2 (java windows)
Cache-Control: no-cache
Content-Type: application/json; charset=utf-8
host: localhost:64275
accept: */*

Response DefaultHttpResponse(decodeResult: success, version: HTTP/1.1)
HTTP/1.1 200 OK
Content-Type: application/json; charset=utf-8
cache-control: no-cache
content-length: 77212

21:12:13.150 [AsyncHttpClient-1-8] DEBUG org.asynchttpclient.netty.channel.ChannelManager - Adding key: http://localhost:64275 for channel [id: 0xba8837f0, L:/127.0.0.1:50082 - R:localhost/127.0.0.1:64275]
21:12:13.152 [main] DEBUG net.serenitybdd.core.photography.Darkroom - Send negative for processing for target\site\serenity\3de7c61825bcc79b16e2c5efdede550655fa5cc8f750aada5ddbc7507ffc173e.png
21:12:13.153 [Darkroom Processing Line] DEBUG net.serenitybdd.core.photography.DarkroomProcessingLine - Processing screenshot image in /var/screenshots/screenshot-10020921213097570301
21:12:13.153 [Darkroom Processing Line] DEBUG net.serenitybdd.core.photography.DarkroomProcessingLine - Saving screenshot to target\site\serenity\3de7c61825bcc79b16e2c5efdede550655fa5cc8f750aada5ddbc7507ffc173e.png
21:12:13.168 [Forwarding findElement on session aa8db0f4cc5ab4722493c97027ad0a6c to remote] DEBUG org.asynchttpclient.netty.request.NettyRequestSender - Using pooled Channel '[id: 0xba8837f0, L:/127.0.0.1:50082 - R:localhost/127.0.0.1:64275]' for 'POST' to 'http://localhost:64275/session/aa8db0f4cc5ab4722493c97027ad0a6c/element'
21:12:13.168 [Forwarding findElement on session aa8db0f4cc5ab4722493c97027ad0a6c to remote] DEBUG org.asynchttpclient.netty.request.NettyRequestSender - Using open Channel [id: 0xba8837f0, L:/127.0.0.1:50082 - R:localhost/127.0.0.1:64275] for POST '/session/aa8db0f4cc5ab4722493c97027ad0a6c/element'
21:12:13.192 [AsyncHttpClient-1-8] DEBUG org.asynchttpclient.netty.handler.HttpHandler - 

Request DefaultHttpRequest(decodeResult: success, version: HTTP/1.1)
POST /session/aa8db0f4cc5ab4722493c97027ad0a6c/element HTTP/1.1
User-Agent: selenium/4.1.2 (java windows)
Content-Length: 88
Content-Type: application/json; charset=utf-8
host: localhost:64275
accept: */*

Response DefaultHttpResponse(decodeResult: success, version: HTTP/1.1)
HTTP/1.1 200 OK
Content-Type: application/json; charset=utf-8
cache-control: no-cache
content-length: 88

21:12:13.193 [AsyncHttpClient-1-8] DEBUG org.asynchttpclient.netty.channel.ChannelManager - Adding key: http://localhost:64275 for channel [id: 0xba8837f0, L:/127.0.0.1:50082 - R:localhost/127.0.0.1:64275]
21:12:13.194 [Forwarding getElementTagName on session aa8db0f4cc5ab4722493c97027ad0a6c to remote] DEBUG org.asynchttpclient.netty.request.NettyRequestSender - Using pooled Channel '[id: 0xba8837f0, L:/127.0.0.1:50082 - R:localhost/127.0.0.1:64275]' for 'GET' to 'http://localhost:64275/session/aa8db0f4cc5ab4722493c97027ad0a6c/element/4fe88113-681c-412c-b70b-1a4bcff0b1dc/name'
21:12:13.194 [Forwarding getElementTagName on session aa8db0f4cc5ab4722493c97027ad0a6c to remote] DEBUG org.asynchttpclient.netty.request.NettyRequestSender - Using open Channel [id: 0xba8837f0, L:/127.0.0.1:50082 - R:localhost/127.0.0.1:64275] for GET '/session/aa8db0f4cc5ab4722493c97027ad0a6c/element/4fe88113-681c-412c-b70b-1a4bcff0b1dc/name'
21:12:13.198 [AsyncHttpClient-1-8] DEBUG org.asynchttpclient.netty.handler.HttpHandler - 

Request DefaultFullHttpRequest(decodeResult: success, version: HTTP/1.1, content: EmptyByteBufBE)
GET /session/aa8db0f4cc5ab4722493c97027ad0a6c/element/4fe88113-681c-412c-b70b-1a4bcff0b1dc/name HTTP/1.1
User-Agent: selenium/4.1.2 (java windows)
Cache-Control: no-cache
Content-Type: application/json; charset=utf-8
host: localhost:64275
accept: */*

Response DefaultHttpResponse(decodeResult: success, version: HTTP/1.1)
HTTP/1.1 200 OK
Content-Type: application/json; charset=utf-8
cache-control: no-cache
content-length: 13

21:12:13.199 [AsyncHttpClient-1-8] DEBUG org.asynchttpclient.netty.channel.ChannelManager - Adding key: http://localhost:64275 for channel [id: 0xba8837f0, L:/127.0.0.1:50082 - R:localhost/127.0.0.1:64275]
21:12:13.200 [Forwarding getElementTagName on session aa8db0f4cc5ab4722493c97027ad0a6c to remote] DEBUG org.asynchttpclient.netty.request.NettyRequestSender - Using pooled Channel '[id: 0xba8837f0, L:/127.0.0.1:50082 - R:localhost/127.0.0.1:64275]' for 'GET' to 'http://localhost:64275/session/aa8db0f4cc5ab4722493c97027ad0a6c/element/4fe88113-681c-412c-b70b-1a4bcff0b1dc/name'
21:12:13.200 [Forwarding getElementTagName on session aa8db0f4cc5ab4722493c97027ad0a6c to remote] DEBUG org.asynchttpclient.netty.request.NettyRequestSender - Using open Channel [id: 0xba8837f0, L:/127.0.0.1:50082 - R:localhost/127.0.0.1:64275] for GET '/session/aa8db0f4cc5ab4722493c97027ad0a6c/element/4fe88113-681c-412c-b70b-1a4bcff0b1dc/name'
21:12:13.209 [AsyncHttpClient-1-8] DEBUG org.asynchttpclient.netty.handler.HttpHandler - 

Request DefaultFullHttpRequest(decodeResult: success, version: HTTP/1.1, content: EmptyByteBufBE)
GET /session/aa8db0f4cc5ab4722493c97027ad0a6c/element/4fe88113-681c-412c-b70b-1a4bcff0b1dc/name HTTP/1.1
User-Agent: selenium/4.1.2 (java windows)
Cache-Control: no-cache
Content-Type: application/json; charset=utf-8
host: localhost:64275
accept: */*

Response DefaultHttpResponse(decodeResult: success, version: HTTP/1.1)
HTTP/1.1 200 OK
Content-Type: application/json; charset=utf-8
cache-control: no-cache
content-length: 13

21:12:13.209 [AsyncHttpClient-1-8] DEBUG org.asynchttpclient.netty.channel.ChannelManager - Adding key: http://localhost:64275 for channel [id: 0xba8837f0, L:/127.0.0.1:50082 - R:localhost/127.0.0.1:64275]
21:12:13.213 [Forwarding findElement on session aa8db0f4cc5ab4722493c97027ad0a6c to remote] DEBUG org.asynchttpclient.netty.request.NettyRequestSender - Using pooled Channel '[id: 0xba8837f0, L:/127.0.0.1:50082 - R:localhost/127.0.0.1:64275]' for 'POST' to 'http://localhost:64275/session/aa8db0f4cc5ab4722493c97027ad0a6c/element'
21:12:13.213 [Forwarding findElement on session aa8db0f4cc5ab4722493c97027ad0a6c to remote] DEBUG org.asynchttpclient.netty.request.NettyRequestSender - Using open Channel [id: 0xba8837f0, L:/127.0.0.1:50082 - R:localhost/127.0.0.1:64275] for POST '/session/aa8db0f4cc5ab4722493c97027ad0a6c/element'
21:12:13.223 [AsyncHttpClient-1-8] DEBUG org.asynchttpclient.netty.handler.HttpHandler - 

Request DefaultHttpRequest(decodeResult: success, version: HTTP/1.1)
POST /session/aa8db0f4cc5ab4722493c97027ad0a6c/element HTTP/1.1
User-Agent: selenium/4.1.2 (java windows)
Content-Length: 88
Content-Type: application/json; charset=utf-8
host: localhost:64275
accept: */*

Response DefaultHttpResponse(decodeResult: success, version: HTTP/1.1)
HTTP/1.1 200 OK
Content-Type: application/json; charset=utf-8
cache-control: no-cache
content-length: 88

21:12:13.224 [AsyncHttpClient-1-8] DEBUG org.asynchttpclient.netty.channel.ChannelManager - Adding key: http://localhost:64275 for channel [id: 0xba8837f0, L:/127.0.0.1:50082 - R:localhost/127.0.0.1:64275]
21:12:13.226 [Forwarding clickElement on session aa8db0f4cc5ab4722493c97027ad0a6c to remote] DEBUG org.asynchttpclient.netty.request.NettyRequestSender - Using pooled Channel '[id: 0xba8837f0, L:/127.0.0.1:50082 - R:localhost/127.0.0.1:64275]' for 'POST' to 'http://localhost:64275/session/aa8db0f4cc5ab4722493c97027ad0a6c/element/4fe88113-681c-412c-b70b-1a4bcff0b1dc/click'
21:12:13.226 [Forwarding clickElement on session aa8db0f4cc5ab4722493c97027ad0a6c to remote] DEBUG org.asynchttpclient.netty.request.NettyRequestSender - Using open Channel [id: 0xba8837f0, L:/127.0.0.1:50082 - R:localhost/127.0.0.1:64275] for POST '/session/aa8db0f4cc5ab4722493c97027ad0a6c/element/4fe88113-681c-412c-b70b-1a4bcff0b1dc/click'
21:12:13.265 [AsyncHttpClient-1-8] DEBUG org.asynchttpclient.netty.handler.HttpHandler - 

Request DefaultHttpRequest(decodeResult: success, version: HTTP/1.1)
POST /session/aa8db0f4cc5ab4722493c97027ad0a6c/element/4fe88113-681c-412c-b70b-1a4bcff0b1dc/click HTTP/1.1
User-Agent: selenium/4.1.2 (java windows)
Content-Length: 50
Content-Type: application/json; charset=utf-8
host: localhost:64275
accept: */*

Response DefaultHttpResponse(decodeResult: success, version: HTTP/1.1)
HTTP/1.1 200 OK
Content-Type: application/json; charset=utf-8
cache-control: no-cache
content-length: 14

21:12:13.265 [AsyncHttpClient-1-8] DEBUG org.asynchttpclient.netty.channel.ChannelManager - Adding key: http://localhost:64275 for channel [id: 0xba8837f0, L:/127.0.0.1:50082 - R:localhost/127.0.0.1:64275]
  &amp#27;[32mWhen &amp#27;[0m&amp#27;[32mI open cart page&amp#27;[0m                    &amp#27;[90m# starter.stepdefinitions.CartSteps.iOpenCartPage()&amp#27;[0m
21:12:13.278 [Forwarding screenshot on session aa8db0f4cc5ab4722493c97027ad0a6c to remote] DEBUG org.asynchttpclient.netty.request.NettyRequestSender - Using pooled Channel '[id: 0xba8837f0, L:/127.0.0.1:50082 - R:localhost/127.0.0.1:64275]' for 'GET' to 'http://localhost:64275/session/aa8db0f4cc5ab4722493c97027ad0a6c/screenshot'
21:12:13.278 [Forwarding screenshot on session aa8db0f4cc5ab4722493c97027ad0a6c to remote] DEBUG org.asynchttpclient.netty.request.NettyRequestSender - Using open Channel [id: 0xba8837f0, L:/127.0.0.1:50082 - R:localhost/127.0.0.1:64275] for GET '/session/aa8db0f4cc5ab4722493c97027ad0a6c/screenshot'
21:12:13.487 [AsyncHttpClient-1-1] DEBUG org.asynchttpclient.netty.channel.DefaultChannelPool - Entry count for : http://localhost:50086 : 1
21:12:13.587 [AsyncHttpClient-1-8] DEBUG org.asynchttpclient.netty.handler.HttpHandler - 

Request DefaultFullHttpRequest(decodeResult: success, version: HTTP/1.1, content: EmptyByteBufBE)
GET /session/aa8db0f4cc5ab4722493c97027ad0a6c/screenshot HTTP/1.1
User-Agent: selenium/4.1.2 (java windows)
Cache-Control: no-cache
Content-Type: application/json; charset=utf-8
host: localhost:64275
accept: */*

Response DefaultHttpResponse(decodeResult: success, version: HTTP/1.1)
HTTP/1.1 200 OK
Content-Type: application/json; charset=utf-8
cache-control: no-cache
content-length: 47820

21:12:13.588 [AsyncHttpClient-1-8] DEBUG org.asynchttpclient.netty.channel.ChannelManager - Adding key: http://localhost:64275 for channel [id: 0xba8837f0, L:/127.0.0.1:50082 - R:localhost/127.0.0.1:64275]
21:12:13.592 [main] DEBUG net.serenitybdd.core.photography.Darkroom - Send negative for processing for target\site\serenity\b8e6000f9e98e941a319007faab12f6ae048babce999ef25f1cc0a28fff3cbd8.png
21:12:13.593 [Darkroom Processing Line] DEBUG net.serenitybdd.core.photography.DarkroomProcessingLine - Processing screenshot image in /var/screenshots/screenshot-1655862234770199293
21:12:13.593 [Darkroom Processing Line] DEBUG net.serenitybdd.core.photography.DarkroomProcessingLine - Saving screenshot to target\site\serenity\b8e6000f9e98e941a319007faab12f6ae048babce999ef25f1cc0a28fff3cbd8.png
21:12:13.603 [Forwarding findElement on session aa8db0f4cc5ab4722493c97027ad0a6c to remote] DEBUG org.asynchttpclient.netty.request.NettyRequestSender - Using pooled Channel '[id: 0xba8837f0, L:/127.0.0.1:50082 - R:localhost/127.0.0.1:64275]' for 'POST' to 'http://localhost:64275/session/aa8db0f4cc5ab4722493c97027ad0a6c/element'
21:12:13.603 [Forwarding findElement on session aa8db0f4cc5ab4722493c97027ad0a6c to remote] DEBUG org.asynchttpclient.netty.request.NettyRequestSender - Using open Channel [id: 0xba8837f0, L:/127.0.0.1:50082 - R:localhost/127.0.0.1:64275] for POST '/session/aa8db0f4cc5ab4722493c97027ad0a6c/element'
21:12:13.621 [AsyncHttpClient-1-8] DEBUG org.asynchttpclient.netty.handler.HttpHandler - 

Request DefaultHttpRequest(decodeResult: success, version: HTTP/1.1)
POST /session/aa8db0f4cc5ab4722493c97027ad0a6c/element HTTP/1.1
User-Agent: selenium/4.1.2 (java windows)
Content-Length: 77
Content-Type: application/json; charset=utf-8
host: localhost:64275
accept: */*

Response DefaultHttpResponse(decodeResult: success, version: HTTP/1.1)
HTTP/1.1 200 OK
Content-Type: application/json; charset=utf-8
cache-control: no-cache
content-length: 88

21:12:13.622 [AsyncHttpClient-1-8] DEBUG org.asynchttpclient.netty.channel.ChannelManager - Adding key: http://localhost:64275 for channel [id: 0xba8837f0, L:/127.0.0.1:50082 - R:localhost/127.0.0.1:64275]
21:12:13.625 [Forwarding getElementTagName on session aa8db0f4cc5ab4722493c97027ad0a6c to remote] DEBUG org.asynchttpclient.netty.request.NettyRequestSender - Using pooled Channel '[id: 0xba8837f0, L:/127.0.0.1:50082 - R:localhost/127.0.0.1:64275]' for 'GET' to 'http://localhost:64275/session/aa8db0f4cc5ab4722493c97027ad0a6c/element/a7778221-26cf-46ce-90f7-f738fc5c8d65/name'
21:12:13.625 [Forwarding getElementTagName on session aa8db0f4cc5ab4722493c97027ad0a6c to remote] DEBUG org.asynchttpclient.netty.request.NettyRequestSender - Using open Channel [id: 0xba8837f0, L:/127.0.0.1:50082 - R:localhost/127.0.0.1:64275] for GET '/session/aa8db0f4cc5ab4722493c97027ad0a6c/element/a7778221-26cf-46ce-90f7-f738fc5c8d65/name'
21:12:13.631 [AsyncHttpClient-1-8] DEBUG org.asynchttpclient.netty.handler.HttpHandler - 

Request DefaultFullHttpRequest(decodeResult: success, version: HTTP/1.1, content: EmptyByteBufBE)
GET /session/aa8db0f4cc5ab4722493c97027ad0a6c/element/a7778221-26cf-46ce-90f7-f738fc5c8d65/name HTTP/1.1
User-Agent: selenium/4.1.2 (java windows)
Cache-Control: no-cache
Content-Type: application/json; charset=utf-8
host: localhost:64275
accept: */*

Response DefaultHttpResponse(decodeResult: success, version: HTTP/1.1)
HTTP/1.1 200 OK
Content-Type: application/json; charset=utf-8
cache-control: no-cache
content-length: 16

21:12:13.631 [AsyncHttpClient-1-8] DEBUG org.asynchttpclient.netty.channel.ChannelManager - Adding key: http://localhost:64275 for channel [id: 0xba8837f0, L:/127.0.0.1:50082 - R:localhost/127.0.0.1:64275]
21:12:13.633 [Forwarding getElementTagName on session aa8db0f4cc5ab4722493c97027ad0a6c to remote] DEBUG org.asynchttpclient.netty.request.NettyRequestSender - Using pooled Channel '[id: 0xba8837f0, L:/127.0.0.1:50082 - R:localhost/127.0.0.1:64275]' for 'GET' to 'http://localhost:64275/session/aa8db0f4cc5ab4722493c97027ad0a6c/element/a7778221-26cf-46ce-90f7-f738fc5c8d65/name'
21:12:13.633 [Forwarding getElementTagName on session aa8db0f4cc5ab4722493c97027ad0a6c to remote] DEBUG org.asynchttpclient.netty.request.NettyRequestSender - Using open Channel [id: 0xba8837f0, L:/127.0.0.1:50082 - R:localhost/127.0.0.1:64275] for GET '/session/aa8db0f4cc5ab4722493c97027ad0a6c/element/a7778221-26cf-46ce-90f7-f738fc5c8d65/name'
21:12:13.638 [AsyncHttpClient-1-8] DEBUG org.asynchttpclient.netty.handler.HttpHandler - 

Request DefaultFullHttpRequest(decodeResult: success, version: HTTP/1.1, content: EmptyByteBufBE)
GET /session/aa8db0f4cc5ab4722493c97027ad0a6c/element/a7778221-26cf-46ce-90f7-f738fc5c8d65/name HTTP/1.1
User-Agent: selenium/4.1.2 (java windows)
Cache-Control: no-cache
Content-Type: application/json; charset=utf-8
host: localhost:64275
accept: */*

Response DefaultHttpResponse(decodeResult: success, version: HTTP/1.1)
HTTP/1.1 200 OK
Content-Type: application/json; charset=utf-8
cache-control: no-cache
content-length: 16

21:12:13.639 [AsyncHttpClient-1-8] DEBUG org.asynchttpclient.netty.channel.ChannelManager - Adding key: http://localhost:64275 for channel [id: 0xba8837f0, L:/127.0.0.1:50082 - R:localhost/127.0.0.1:64275]
21:12:13.641 [Forwarding findElement on session aa8db0f4cc5ab4722493c97027ad0a6c to remote] DEBUG org.asynchttpclient.netty.request.NettyRequestSender - Using pooled Channel '[id: 0xba8837f0, L:/127.0.0.1:50082 - R:localhost/127.0.0.1:64275]' for 'POST' to 'http://localhost:64275/session/aa8db0f4cc5ab4722493c97027ad0a6c/element'
21:12:13.641 [Forwarding findElement on session aa8db0f4cc5ab4722493c97027ad0a6c to remote] DEBUG org.asynchttpclient.netty.request.NettyRequestSender - Using open Channel [id: 0xba8837f0, L:/127.0.0.1:50082 - R:localhost/127.0.0.1:64275] for POST '/session/aa8db0f4cc5ab4722493c97027ad0a6c/element'
21:12:13.649 [AsyncHttpClient-1-8] DEBUG org.asynchttpclient.netty.handler.HttpHandler - 

Request DefaultHttpRequest(decodeResult: success, version: HTTP/1.1)
POST /session/aa8db0f4cc5ab4722493c97027ad0a6c/element HTTP/1.1
User-Agent: selenium/4.1.2 (java windows)
Content-Length: 77
Content-Type: application/json; charset=utf-8
host: localhost:64275
accept: */*

Response DefaultHttpResponse(decodeResult: success, version: HTTP/1.1)
HTTP/1.1 200 OK
Content-Type: application/json; charset=utf-8
cache-control: no-cache
content-length: 88

21:12:13.649 [AsyncHttpClient-1-8] DEBUG org.asynchttpclient.netty.channel.ChannelManager - Adding key: http://localhost:64275 for channel [id: 0xba8837f0, L:/127.0.0.1:50082 - R:localhost/127.0.0.1:64275]
21:12:13.651 [Forwarding clickElement on session aa8db0f4cc5ab4722493c97027ad0a6c to remote] DEBUG org.asynchttpclient.netty.request.NettyRequestSender - Using pooled Channel '[id: 0xba8837f0, L:/127.0.0.1:50082 - R:localhost/127.0.0.1:64275]' for 'POST' to 'http://localhost:64275/session/aa8db0f4cc5ab4722493c97027ad0a6c/element/a7778221-26cf-46ce-90f7-f738fc5c8d65/click'
21:12:13.651 [Forwarding clickElement on session aa8db0f4cc5ab4722493c97027ad0a6c to remote] DEBUG org.asynchttpclient.netty.request.NettyRequestSender - Using open Channel [id: 0xba8837f0, L:/127.0.0.1:50082 - R:localhost/127.0.0.1:64275] for POST '/session/aa8db0f4cc5ab4722493c97027ad0a6c/element/a7778221-26cf-46ce-90f7-f738fc5c8d65/click'
21:12:13.697 [AsyncHttpClient-1-8] DEBUG org.asynchttpclient.netty.handler.HttpHandler - 

Request DefaultHttpRequest(decodeResult: success, version: HTTP/1.1)
POST /session/aa8db0f4cc5ab4722493c97027ad0a6c/element/a7778221-26cf-46ce-90f7-f738fc5c8d65/click HTTP/1.1
User-Agent: selenium/4.1.2 (java windows)
Content-Length: 50
Content-Type: application/json; charset=utf-8
host: localhost:64275
accept: */*

Response DefaultHttpResponse(decodeResult: success, version: HTTP/1.1)
HTTP/1.1 200 OK
Content-Type: application/json; charset=utf-8
cache-control: no-cache
content-length: 14

21:12:13.698 [AsyncHttpClient-1-8] DEBUG org.asynchttpclient.netty.channel.ChannelManager - Adding key: http://localhost:64275 for channel [id: 0xba8837f0, L:/127.0.0.1:50082 - R:localhost/127.0.0.1:64275]
  &amp#27;[32mAnd &amp#27;[0m&amp#27;[32mI click minus logo&amp#27;[0m                   &amp#27;[90m# starter.stepdefinitions.CartSteps.iClickMinusLogo()&amp#27;[0m
21:12:13.711 [Forwarding screenshot on session aa8db0f4cc5ab4722493c97027ad0a6c to remote] DEBUG org.asynchttpclient.netty.request.NettyRequestSender - Using pooled Channel '[id: 0xba8837f0, L:/127.0.0.1:50082 - R:localhost/127.0.0.1:64275]' for 'GET' to 'http://localhost:64275/session/aa8db0f4cc5ab4722493c97027ad0a6c/screenshot'
21:12:13.711 [Forwarding screenshot on session aa8db0f4cc5ab4722493c97027ad0a6c to remote] DEBUG org.asynchttpclient.netty.request.NettyRequestSender - Using open Channel [id: 0xba8837f0, L:/127.0.0.1:50082 - R:localhost/127.0.0.1:64275] for GET '/session/aa8db0f4cc5ab4722493c97027ad0a6c/screenshot'
21:12:13.974 [AsyncHttpClient-1-8] DEBUG org.asynchttpclient.netty.handler.HttpHandler - 

Request DefaultFullHttpRequest(decodeResult: success, version: HTTP/1.1, content: EmptyByteBufBE)
GET /session/aa8db0f4cc5ab4722493c97027ad0a6c/screenshot HTTP/1.1
User-Agent: selenium/4.1.2 (java windows)
Cache-Control: no-cache
Content-Type: application/json; charset=utf-8
host: localhost:64275
accept: */*

Response DefaultHttpResponse(decodeResult: success, version: HTTP/1.1)
HTTP/1.1 200 OK
Content-Type: application/json; charset=utf-8
cache-control: no-cache
content-length: 27304

21:12:13.975 [AsyncHttpClient-1-8] DEBUG org.asynchttpclient.netty.channel.ChannelManager - Adding key: http://localhost:64275 for channel [id: 0xba8837f0, L:/127.0.0.1:50082 - R:localhost/127.0.0.1:64275]
21:12:13.977 [main] DEBUG net.serenitybdd.core.photography.Darkroom - Send negative for processing for target\site\serenity\da949de94cfcdedb4b6cdc6a1850ba3646c5a104187257faca99eeb2eabe3dfd.png
21:12:13.977 [Darkroom Processing Line] DEBUG net.serenitybdd.core.photography.DarkroomProcessingLine - Processing screenshot image in /var/screenshots/screenshot-9138909133498403246
21:12:13.978 [Darkroom Processing Line] DEBUG net.serenitybdd.core.photography.DarkroomProcessingLine - Saving screenshot to target\site\serenity\da949de94cfcdedb4b6cdc6a1850ba3646c5a104187257faca99eeb2eabe3dfd.png
21:12:13.988 [Forwarding findElement on session aa8db0f4cc5ab4722493c97027ad0a6c to remote] DEBUG org.asynchttpclient.netty.request.NettyRequestSender - Using pooled Channel '[id: 0xba8837f0, L:/127.0.0.1:50082 - R:localhost/127.0.0.1:64275]' for 'POST' to 'http://localhost:64275/session/aa8db0f4cc5ab4722493c97027ad0a6c/element'
21:12:13.988 [Forwarding findElement on session aa8db0f4cc5ab4722493c97027ad0a6c to remote] DEBUG org.asynchttpclient.netty.request.NettyRequestSender - Using open Channel [id: 0xba8837f0, L:/127.0.0.1:50082 - R:localhost/127.0.0.1:64275] for POST '/session/aa8db0f4cc5ab4722493c97027ad0a6c/element'
21:12:14.002 [AsyncHttpClient-1-8] DEBUG org.asynchttpclient.netty.handler.HttpHandler - 

Request DefaultHttpRequest(decodeResult: success, version: HTTP/1.1)
POST /session/aa8db0f4cc5ab4722493c97027ad0a6c/element HTTP/1.1
User-Agent: selenium/4.1.2 (java windows)
Content-Length: 89
Content-Type: application/json; charset=utf-8
host: localhost:64275
accept: */*

Response DefaultHttpResponse(decodeResult: success, version: HTTP/1.1)
HTTP/1.1 200 OK
Content-Type: application/json; charset=utf-8
cache-control: no-cache
content-length: 88

21:12:14.002 [AsyncHttpClient-1-8] DEBUG org.asynchttpclient.netty.channel.ChannelManager - Adding key: http://localhost:64275 for channel [id: 0xba8837f0, L:/127.0.0.1:50082 - R:localhost/127.0.0.1:64275]
21:12:14.008 [Forwarding isElementDisplayed on session aa8db0f4cc5ab4722493c97027ad0a6c to remote] DEBUG org.asynchttpclient.netty.request.NettyRequestSender - Using pooled Channel '[id: 0xba8837f0, L:/127.0.0.1:50082 - R:localhost/127.0.0.1:64275]' for 'POST' to 'http://localhost:64275/session/aa8db0f4cc5ab4722493c97027ad0a6c/execute/sync'
21:12:14.008 [Forwarding isElementDisplayed on session aa8db0f4cc5ab4722493c97027ad0a6c to remote] DEBUG org.asynchttpclient.netty.request.NettyRequestSender - Using open Channel [id: 0xba8837f0, L:/127.0.0.1:50082 - R:localhost/127.0.0.1:64275] for POST '/session/aa8db0f4cc5ab4722493c97027ad0a6c/execute/sync'
21:12:14.025 [AsyncHttpClient-1-8] DEBUG org.asynchttpclient.netty.handler.HttpHandler - 

Request DefaultHttpRequest(decodeResult: success, version: HTTP/1.1)
POST /session/aa8db0f4cc5ab4722493c97027ad0a6c/execute/sync HTTP/1.1
User-Agent: selenium/4.1.2 (java windows)
Content-Length: 48780
Content-Type: application/json; charset=utf-8
host: localhost:64275
accept: */*

Response DefaultHttpResponse(decodeResult: success, version: HTTP/1.1)
HTTP/1.1 200 OK
Content-Type: application/json; charset=utf-8
cache-control: no-cache
content-length: 14

21:12:14.025 [AsyncHttpClient-1-8] DEBUG org.asynchttpclient.netty.channel.ChannelManager - Adding key: http://localhost:64275 for channel [id: 0xba8837f0, L:/127.0.0.1:50082 - R:localhost/127.0.0.1:64275]
  &amp#27;[32mThen &amp#27;[0m&amp#27;[32mThe product is deleted from my cart&amp#27;[0m &amp#27;[90m# starter.stepdefinitions.CartSteps.theProductIsDeletedFromMyCart()&amp#27;[0m
21:12:14.031 [Forwarding screenshot on session aa8db0f4cc5ab4722493c97027ad0a6c to remote] DEBUG org.asynchttpclient.netty.request.NettyRequestSender - Using pooled Channel '[id: 0xba8837f0, L:/127.0.0.1:50082 - R:localhost/127.0.0.1:64275]' for 'GET' to 'http://localhost:64275/session/aa8db0f4cc5ab4722493c97027ad0a6c/screenshot'
21:12:14.031 [Forwarding screenshot on session aa8db0f4cc5ab4722493c97027ad0a6c to remote] DEBUG org.asynchttpclient.netty.request.NettyRequestSender - Using open Channel [id: 0xba8837f0, L:/127.0.0.1:50082 - R:localhost/127.0.0.1:64275] for GET '/session/aa8db0f4cc5ab4722493c97027ad0a6c/screenshot'
21:12:14.193 [AsyncHttpClient-1-8] DEBUG org.asynchttpclient.netty.handler.HttpHandler - 

Request DefaultFullHttpRequest(decodeResult: success, version: HTTP/1.1, content: EmptyByteBufBE)
GET /session/aa8db0f4cc5ab4722493c97027ad0a6c/screenshot HTTP/1.1
User-Agent: selenium/4.1.2 (java windows)
Cache-Control: no-cache
Content-Type: application/json; charset=utf-8
host: localhost:64275
accept: */*

Response DefaultHttpResponse(decodeResult: success, version: HTTP/1.1)
HTTP/1.1 200 OK
Content-Type: application/json; charset=utf-8
cache-control: no-cache
content-length: 26392

21:12:14.194 [AsyncHttpClient-1-8] DEBUG org.asynchttpclient.netty.channel.ChannelManager - Adding key: http://localhost:64275 for channel [id: 0xba8837f0, L:/127.0.0.1:50082 - R:localhost/127.0.0.1:64275]
21:12:14.196 [main] DEBUG net.serenitybdd.core.photography.Darkroom - Send negative for processing for target\site\serenity\e4fef15195a022b196c355ed7e36381d0a50a77a474d2ff091777bfde7161c7e.png
21:12:14.196 [Darkroom Processing Line] DEBUG net.serenitybdd.core.photography.DarkroomProcessingLine - Processing screenshot image in /var/screenshots/screenshot-18154860533492639707
21:12:14.196 [Darkroom Processing Line] DEBUG net.serenitybdd.core.photography.DarkroomProcessingLine - Saving screenshot to target\site\serenity\e4fef15195a022b196c355ed7e36381d0a50a77a474d2ff091777bfde7161c7e.png
21:12:14.198 [main] INFO  - 
  _____   ___   ___   _____     ___     _     ___   ___   ___   ___  
 |_   _| | __| / __| |_   _|   | _ \   /_\   / __| / __| | __| |   \ 
   | |   | _|  \__ \   | |     |  _/  / _ \  \__ \ \__ \ | _|  | |) |
   |_|   |___| |___/   |_|     |_|   /_/ \_\ |___/ |___/ |___| |___/ 

Delete Product From Cart
----------------------------------------------------------------------
21:12:14.199 [AsyncHttpClient-1-10] DEBUG org.asynchttpclient.netty.handler.WebSocketHandler - Channel Closed: [id: 0x14da1435, L:/127.0.0.1:50096 ! R:localhost/127.0.0.1:50086] with attribute NettyResponseFuture{currentRetry=5,
	isDone=1,
	isCancelled=0,
	asyncHandler=org.asynchttpclient.ws.WebSocketUpgradeHandler@50af8416,
	nettyRequest=org.asynchttpclient.netty.request.NettyRequest@15ad1067,
	future=java.util.concurrent.CompletableFuture@7064f16b[Completed normally],
	uri=ws://localhost:50086/devtools/browser/a7622dad-f679-43d4-abbd-1f38baf82ad8,
	keepAlive=true,
	redirectCount=0,
	timeoutsHolder=null,
	inAuth=0,
	touch=1667484728347}
21:12:14.199 [AsyncHttpClient-1-10] DEBUG org.asynchttpclient.netty.channel.ChannelManager - Closing Channel [id: 0x14da1435, L:/127.0.0.1:50096 ! R:localhost/127.0.0.1:50086] 
21:12:14.200 [Driver Command Executor] DEBUG org.asynchttpclient.netty.request.NettyRequestSender - Using pooled Channel '[id: 0xba8837f0, L:/127.0.0.1:50082 - R:localhost/127.0.0.1:64275]' for 'DELETE' to 'http://localhost:64275/session/aa8db0f4cc5ab4722493c97027ad0a6c'
21:12:14.200 [Driver Command Executor] DEBUG org.asynchttpclient.netty.request.NettyRequestSender - Using open Channel [id: 0xba8837f0, L:/127.0.0.1:50082 - R:localhost/127.0.0.1:64275] for DELETE '/session/aa8db0f4cc5ab4722493c97027ad0a6c'
21:12:14.262 [AsyncHttpClient-1-9] DEBUG org.asynchttpclient.netty.handler.HttpHandler - Unexpected I/O exception on channel [id: 0xd0d77647, L:/127.0.0.1:50095 - R:localhost/127.0.0.1:50086]
java.net.SocketException: Connection reset
	at java.base/sun.nio.ch.SocketChannelImpl.throwConnectionReset(SocketChannelImpl.java:345)
	at java.base/sun.nio.ch.SocketChannelImpl.read(SocketChannelImpl.java:376)
	at io.netty.buffer.PooledByteBuf.setBytes(PooledByteBuf.java:258)
	at io.netty.buffer.AbstractByteBuf.writeBytes(AbstractByteBuf.java:1132)
	at io.netty.channel.socket.nio.NioSocketChannel.doReadBytes(NioSocketChannel.java:350)
	at io.netty.channel.nio.AbstractNioByteChannel$NioByteUnsafe.read(AbstractNioByteChannel.java:151)
	at io.netty.channel.nio.NioEventLoop.processSelectedKey(NioEventLoop.java:722)
	at io.netty.channel.nio.NioEventLoop.processSelectedKeysOptimized(NioEventLoop.java:658)
	at io.netty.channel.nio.NioEventLoop.processSelectedKeys(NioEventLoop.java:584)
	at io.netty.channel.nio.NioEventLoop.run(NioEventLoop.java:496)
	at io.netty.util.concurrent.SingleThreadEventExecutor$4.run(SingleThreadEventExecutor.java:986)
	at io.netty.util.internal.ThreadExecutorMap$2.run(ThreadExecutorMap.java:74)
	at io.netty.util.concurrent.FastThreadLocalRunnable.run(FastThreadLocalRunnable.java:30)
	at java.base/java.lang.Thread.run(Thread.java:830)
21:12:14.263 [AsyncHttpClient-1-9] DEBUG org.asynchttpclient.netty.channel.ChannelManager - Closing Channel [id: 0xd0d77647, L:/127.0.0.1:50095 - R:localhost/127.0.0.1:50086] 
21:12:14.263 [AsyncHttpClient-1-9] DEBUG org.asynchttpclient.netty.handler.HttpHandler - Channel Closed: [id: 0xd0d77647, L:/127.0.0.1:50095 ! R:localhost/127.0.0.1:50086] with attribute DISCARD
21:12:14.304 [AsyncHttpClient-1-8] DEBUG org.asynchttpclient.netty.handler.HttpHandler - 

Request DefaultFullHttpRequest(decodeResult: success, version: HTTP/1.1, content: EmptyByteBufBE)
DELETE /session/aa8db0f4cc5ab4722493c97027ad0a6c HTTP/1.1
User-Agent: selenium/4.1.2 (java windows)
Content-Type: application/json; charset=utf-8
host: localhost:64275
accept: */*

Response DefaultHttpResponse(decodeResult: success, version: HTTP/1.1)
HTTP/1.1 200 OK
Content-Type: application/json; charset=utf-8
cache-control: no-cache
content-length: 14

21:12:14.304 [AsyncHttpClient-1-8] DEBUG org.asynchttpclient.netty.channel.ChannelManager - Adding key: http://localhost:64275 for channel [id: 0xba8837f0, L:/127.0.0.1:50082 - R:localhost/127.0.0.1:64275]
21:12:14.392 [AsyncHttpClient-1-8] DEBUG org.asynchttpclient.netty.handler.HttpHandler - Channel Closed: [id: 0xba8837f0, L:/127.0.0.1:50082 ! R:localhost/127.0.0.1:64275] with attribute DISCARD
21:12:14.587 [AsyncHttpClient-1-1] DEBUG org.asynchttpclient.netty.channel.DefaultChannelPool - Entry count for : http://localhost:64275 : 1
21:12:14.587 [AsyncHttpClient-1-1] DEBUG org.asynchttpclient.netty.channel.DefaultChannelPool - Entry count for : http://localhost:50086 : 1
21:12:14.587 [AsyncHttpClient-1-1] DEBUG org.asynchttpclient.netty.channel.DefaultChannelPool - Adding Candidate expired Channel [id: 0xba8837f0, L:/127.0.0.1:50082 ! R:localhost/127.0.0.1:64275] isIdleTimeoutExpired=false isRemotelyClosed=true isTtlExpired=false
21:12:14.587 [AsyncHttpClient-1-1] DEBUG org.asynchttpclient.netty.channel.DefaultChannelPool - Closing Idle Channel [id: 0xba8837f0, L:/127.0.0.1:50082 ! R:localhost/127.0.0.1:64275]
21:12:14.587 [AsyncHttpClient-1-1] DEBUG org.asynchttpclient.netty.channel.DefaultChannelPool - Adding Candidate expired Channel [id: 0xd0d77647, L:/127.0.0.1:50095 ! R:localhost/127.0.0.1:50086] isIdleTimeoutExpired=false isRemotelyClosed=true isTtlExpired=false
21:12:14.587 [AsyncHttpClient-1-1] DEBUG org.asynchttpclient.netty.channel.DefaultChannelPool - Closing Idle Channel [id: 0xd0d77647, L:/127.0.0.1:50095 ! R:localhost/127.0.0.1:50086]
21:12:14.587 [AsyncHttpClient-1-1] DEBUG org.asynchttpclient.netty.channel.DefaultChannelPool - Closed 2 connections out of 2 in 0 ms
]]></system-out>
    <system-err><![CDATA[Starting ChromeDriver 106.0.5249.61 (511755355844955cd3e264779baf0dd38212a4d0-refs/branch-heads/5249@{#569}) on port 64275
Only local connections are allowed.
Please see https://chromedriver.chromium.org/security-considerations for suggestions on keeping ChromeDriver safe.
ChromeDriver was started successfully.
[1667484728.214][WARNING]: This version of ChromeDriver has not been tested with Chrome version 107.
Nov 03, 2022 9:12:08 PM org.openqa.selenium.remote.ProtocolHandshake createSession
INFO: Detected dialect: W3C
Nov 03, 2022 9:12:08 PM org.openqa.selenium.devtools.CdpVersionFinder findNearestMatch
WARNING: Unable to find an exact match for CDP version 107, so returning the closest version found: a no-op implementation
Nov 03, 2022 9:12:08 PM org.openqa.selenium.devtools.CdpVersionFinder findNearestMatch
INFO: Unable to find CDP implementation matching 107.
Nov 03, 2022 9:12:08 PM org.openqa.selenium.chromium.ChromiumDriver lambda$new$3
WARNING: Unable to find version of CDP to use for . You may need to include a dependency on a specific version of the CDP using something similar to `org.seleniumhq.selenium:selenium-devtools-v86:4.1.2` where the version ("v86") matches the version of the chromium-based browser you're using and the version number of the artifact is the same as Selenium's.
]]></system-err>
  </testcase>
  <testcase name="Add Product Quantity" classname="Manage Cart" time="8.594">
    <system-out><![CDATA[
@Cart
Scenario: Add Product Quantity          &amp#27;[90m# src/test/resources/features/Cart.feature:26&amp#27;[0m
21:12:14.940 [main] INFO io.cucumber.core.plugin.SerenityReporter - Running feature from file:///C:/Users/ASUS/Desktop/stupen/miniproject/Web/ASWeb/src/test/resources/features/Cart.feature
21:12:14.942 [main] INFO  - 
  _____   ___   ___   _____     ___   _____     _     ___   _____   ___   ___  
 |_   _| | __| / __| |_   _|   / __| |_   _|   /_\   | _ \ |_   _| | __| |   \ 
   | |   | _|  \__ \   | |     \__ \   | |    / _ \  |   /   | |   | _|  | |) |
   |_|   |___| |___/   |_|     |___/   |_|   /_/ \_\ |_|_\   |_|   |___| |___/ 

Add Product Quantity(manage-cart;add-product-quantity)
--------------------------------------------------------------------------------
21:12:14.953 [main] INFO net.serenitybdd.core.webdriver.driverproviders.ChromeDriverProvider - Using automatically driver download
21:12:15.067 [main] DEBUG io.github.bonigarcia.wdm.cache.ResolutionCache - Resolution chrome=107 in cache (valid until 21:49:49 03/11/2022 WIB)
21:12:15.071 [main] DEBUG io.github.bonigarcia.wdm.cache.ResolutionCache - Resolution chrome107=107.0.5304.62 in cache (valid until 16:49:12 04/11/2022 WIB)
21:12:15.073 [main] INFO io.github.bonigarcia.wdm.WebDriverManager - Using chromedriver 107.0.5304.62 (resolved driver for Chrome 107)
21:12:15.093 [main] DEBUG io.github.bonigarcia.wdm.WebDriverManager - Driver chromedriver 107.0.5304.62 found in cache
21:12:15.093 [main] INFO io.github.bonigarcia.wdm.WebDriverManager - Exporting webdriver.chrome.driver as C:\Users\ASUS\.cache\selenium\chromedriver\win32\107.0.5304.62\chromedriver.exe
21:12:15.219 [main] DEBUG net.serenitybdd.core.webdriver.driverproviders.ProvideNewDriver - Instantiating driver
21:12:15.219 [main] DEBUG net.serenitybdd.core.webdriver.driverproviders.ProvideNewDriver - Driver capabilities: Capabilities {acceptInsecureCerts: false, base.url: https://alta-shop.vercel.app/, browserName: chrome, chrome.driver: src/test/resources/webdrive..., driver: chrome, goog:chromeOptions: {args: [], extensions: []}, wait.for.timeout: 10000}
21:12:15.786 [AsyncHttpClient-1-11] DEBUG org.asynchttpclient.netty.channel.NettyConnectListener - Using new Channel '[id: 0x361063dc, L:/127.0.0.1:50127 - R:localhost/127.0.0.1:50136]' for 'POST' to '/session'
21:12:17.022 [AsyncHttpClient-1-11] DEBUG org.asynchttpclient.netty.handler.HttpHandler - 

Request DefaultHttpRequest(decodeResult: success, version: HTTP/1.1)
POST /session HTTP/1.1
User-Agent: selenium/4.1.2 (java windows)
Content-Length: 646
Content-Type: application/json; charset=utf-8
host: localhost:50136
accept: */*

Response DefaultHttpResponse(decodeResult: success, version: HTTP/1.1)
HTTP/1.1 200 OK
Content-Type: application/json; charset=utf-8
cache-control: no-cache
content-length: 789

21:12:17.023 [AsyncHttpClient-1-11] DEBUG org.asynchttpclient.netty.channel.ChannelManager - Adding key: http://localhost:50136 for channel [id: 0x361063dc, L:/127.0.0.1:50127 - R:localhost/127.0.0.1:50136]
21:12:17.042 [AsyncHttpClient-1-12] DEBUG org.asynchttpclient.netty.channel.NettyConnectListener - Using new Channel '[id: 0xb4e54223, L:/127.0.0.1:50137 - R:localhost/127.0.0.1:50128]' for 'GET' to '/json/version'
21:12:17.061 [AsyncHttpClient-1-12] DEBUG org.asynchttpclient.netty.handler.HttpHandler - 

Request DefaultFullHttpRequest(decodeResult: success, version: HTTP/1.1, content: EmptyByteBufBE)
GET /json/version HTTP/1.1
User-Agent: selenium/4.1.2 (java windows)
host: localhost:50128
accept: */*

Response DefaultHttpResponse(decodeResult: success, version: HTTP/1.1)
HTTP/1.1 200 OK
Content-Type: application/json; charset=UTF-8
content-length: 423

21:12:17.061 [AsyncHttpClient-1-12] DEBUG org.asynchttpclient.netty.channel.ChannelManager - Adding key: http://localhost:50128 for channel [id: 0xb4e54223, L:/127.0.0.1:50137 - R:localhost/127.0.0.1:50128]
21:12:17.069 [AsyncHttpClient-1-13] DEBUG org.asynchttpclient.netty.channel.NettyConnectListener - Using new Channel '[id: 0x863aa8bb, L:/127.0.0.1:50138 - R:localhost/127.0.0.1:50128]' for 'GET' to '/devtools/browser/8004d60a-d99c-48cd-9562-2b5481ea69ee'
21:12:17.088 [AsyncHttpClient-1-13] DEBUG org.asynchttpclient.netty.handler.WebSocketHandler - 

Request DefaultFullHttpRequest(decodeResult: success, version: HTTP/1.1, content: EmptyByteBufBE)
GET /devtools/browser/8004d60a-d99c-48cd-9562-2b5481ea69ee HTTP/1.1
upgrade: websocket
connection: upgrade
sec-websocket-key: ZYHJcXnahQqtb4VKlWDIkw==
sec-websocket-version: 13
origin: http://localhost:50128
host: localhost:50128
accept: */*
user-agent: AHC/2.1

Response DefaultHttpResponse(decodeResult: success, version: HTTP/1.1)
HTTP/1.1 101 WebSocket Protocol Handshake
Upgrade: WebSocket
Connection: Upgrade
Sec-WebSocket-Accept: 0UQZRc9NuOhlUx9dfBCEP7/KYsE=

21:12:17.101 [Forwarding get on session 24de3d89caeca7ddeea4588d6704da87 to remote] DEBUG org.asynchttpclient.netty.request.NettyRequestSender - Using pooled Channel '[id: 0x361063dc, L:/127.0.0.1:50127 - R:localhost/127.0.0.1:50136]' for 'POST' to 'http://localhost:50136/session/24de3d89caeca7ddeea4588d6704da87/url'
21:12:17.101 [Forwarding get on session 24de3d89caeca7ddeea4588d6704da87 to remote] DEBUG org.asynchttpclient.netty.request.NettyRequestSender - Using open Channel [id: 0x361063dc, L:/127.0.0.1:50127 - R:localhost/127.0.0.1:50136] for POST '/session/24de3d89caeca7ddeea4588d6704da87/url'
21:12:17.888 [AsyncHttpClient-1-1] DEBUG org.asynchttpclient.netty.channel.DefaultChannelPool - Entry count for : http://localhost:50128 : 1
21:12:18.523 [AsyncHttpClient-1-11] DEBUG org.asynchttpclient.netty.handler.HttpHandler - 

Request DefaultHttpRequest(decodeResult: success, version: HTTP/1.1)
POST /session/24de3d89caeca7ddeea4588d6704da87/url HTTP/1.1
User-Agent: selenium/4.1.2 (java windows)
Content-Length: 59
Content-Type: application/json; charset=utf-8
host: localhost:50136
accept: */*

Response DefaultHttpResponse(decodeResult: success, version: HTTP/1.1)
HTTP/1.1 200 OK
Content-Type: application/json; charset=utf-8
cache-control: no-cache
content-length: 14

21:12:18.524 [AsyncHttpClient-1-11] DEBUG org.asynchttpclient.netty.channel.ChannelManager - Adding key: http://localhost:50136 for channel [id: 0x361063dc, L:/127.0.0.1:50127 - R:localhost/127.0.0.1:50136]
21:12:18.525 [Forwarding setTimeout on session 24de3d89caeca7ddeea4588d6704da87 to remote] DEBUG org.asynchttpclient.netty.request.NettyRequestSender - Using pooled Channel '[id: 0x361063dc, L:/127.0.0.1:50127 - R:localhost/127.0.0.1:50136]' for 'POST' to 'http://localhost:50136/session/24de3d89caeca7ddeea4588d6704da87/timeouts'
21:12:18.525 [Forwarding setTimeout on session 24de3d89caeca7ddeea4588d6704da87 to remote] DEBUG org.asynchttpclient.netty.request.NettyRequestSender - Using open Channel [id: 0x361063dc, L:/127.0.0.1:50127 - R:localhost/127.0.0.1:50136] for POST '/session/24de3d89caeca7ddeea4588d6704da87/timeouts'
21:12:18.526 [AsyncHttpClient-1-11] DEBUG org.asynchttpclient.netty.handler.HttpHandler - 

Request DefaultHttpRequest(decodeResult: success, version: HTTP/1.1)
POST /session/24de3d89caeca7ddeea4588d6704da87/timeouts HTTP/1.1
User-Agent: selenium/4.1.2 (java windows)
Content-Length: 22
Content-Type: application/json; charset=utf-8
host: localhost:50136
accept: */*

Response DefaultHttpResponse(decodeResult: success, version: HTTP/1.1)
HTTP/1.1 200 OK
Content-Type: application/json; charset=utf-8
cache-control: no-cache
content-length: 14

21:12:18.526 [AsyncHttpClient-1-11] DEBUG org.asynchttpclient.netty.channel.ChannelManager - Adding key: http://localhost:50136 for channel [id: 0x361063dc, L:/127.0.0.1:50127 - R:localhost/127.0.0.1:50136]
21:12:18.528 [Forwarding getCurrentUrl on session 24de3d89caeca7ddeea4588d6704da87 to remote] DEBUG org.asynchttpclient.netty.request.NettyRequestSender - Using pooled Channel '[id: 0x361063dc, L:/127.0.0.1:50127 - R:localhost/127.0.0.1:50136]' for 'GET' to 'http://localhost:50136/session/24de3d89caeca7ddeea4588d6704da87/url'
21:12:18.528 [Forwarding getCurrentUrl on session 24de3d89caeca7ddeea4588d6704da87 to remote] DEBUG org.asynchttpclient.netty.request.NettyRequestSender - Using open Channel [id: 0x361063dc, L:/127.0.0.1:50127 - R:localhost/127.0.0.1:50136] for GET '/session/24de3d89caeca7ddeea4588d6704da87/url'
21:12:18.533 [AsyncHttpClient-1-11] DEBUG org.asynchttpclient.netty.handler.HttpHandler - 

Request DefaultFullHttpRequest(decodeResult: success, version: HTTP/1.1, content: EmptyByteBufBE)
GET /session/24de3d89caeca7ddeea4588d6704da87/url HTTP/1.1
User-Agent: selenium/4.1.2 (java windows)
Cache-Control: no-cache
Content-Type: application/json; charset=utf-8
host: localhost:50136
accept: */*

Response DefaultHttpResponse(decodeResult: success, version: HTTP/1.1)
HTTP/1.1 200 OK
Content-Type: application/json; charset=utf-8
cache-control: no-cache
content-length: 41

21:12:18.533 [AsyncHttpClient-1-11] DEBUG org.asynchttpclient.netty.channel.ChannelManager - Adding key: http://localhost:50136 for channel [id: 0x361063dc, L:/127.0.0.1:50127 - R:localhost/127.0.0.1:50136]
  &amp#27;[32mGiven &amp#27;[0m&amp#27;[32mI open homepage url&amp#27;[0m             &amp#27;[90m# starter.stepdefinitions.CartSteps.iOpenHomepageUrl()&amp#27;[0m
21:12:18.538 [Forwarding screenshot on session 24de3d89caeca7ddeea4588d6704da87 to remote] DEBUG org.asynchttpclient.netty.request.NettyRequestSender - Using pooled Channel '[id: 0x361063dc, L:/127.0.0.1:50127 - R:localhost/127.0.0.1:50136]' for 'GET' to 'http://localhost:50136/session/24de3d89caeca7ddeea4588d6704da87/screenshot'
21:12:18.538 [Forwarding screenshot on session 24de3d89caeca7ddeea4588d6704da87 to remote] DEBUG org.asynchttpclient.netty.request.NettyRequestSender - Using open Channel [id: 0x361063dc, L:/127.0.0.1:50127 - R:localhost/127.0.0.1:50136] for GET '/session/24de3d89caeca7ddeea4588d6704da87/screenshot'
21:12:18.756 [AsyncHttpClient-1-11] DEBUG org.asynchttpclient.netty.handler.HttpHandler - 

Request DefaultFullHttpRequest(decodeResult: success, version: HTTP/1.1, content: EmptyByteBufBE)
GET /session/24de3d89caeca7ddeea4588d6704da87/screenshot HTTP/1.1
User-Agent: selenium/4.1.2 (java windows)
Cache-Control: no-cache
Content-Type: application/json; charset=utf-8
host: localhost:50136
accept: */*

Response DefaultHttpResponse(decodeResult: success, version: HTTP/1.1)
HTTP/1.1 200 OK
Content-Type: application/json; charset=utf-8
cache-control: no-cache
content-length: 45380

21:12:18.757 [AsyncHttpClient-1-11] DEBUG org.asynchttpclient.netty.channel.ChannelManager - Adding key: http://localhost:50136 for channel [id: 0x361063dc, L:/127.0.0.1:50127 - R:localhost/127.0.0.1:50136]
21:12:18.773 [main] DEBUG net.serenitybdd.core.photography.Darkroom - Send negative for processing for target\site\serenity\2d018cca312d48e203548a66ccb70c5bc2955220aa34ef106c7a2b473cb1b186.png
21:12:18.774 [Darkroom Processing Line] DEBUG net.serenitybdd.core.photography.DarkroomProcessingLine - Processing screenshot image in /var/screenshots/screenshot-12731269733872725509
21:12:18.774 [Darkroom Processing Line] DEBUG net.serenitybdd.core.photography.DarkroomProcessingLine - Saving screenshot to target\site\serenity\2d018cca312d48e203548a66ccb70c5bc2955220aa34ef106c7a2b473cb1b186.png
21:12:18.785 [Forwarding get on session 24de3d89caeca7ddeea4588d6704da87 to remote] DEBUG org.asynchttpclient.netty.request.NettyRequestSender - Using pooled Channel '[id: 0x361063dc, L:/127.0.0.1:50127 - R:localhost/127.0.0.1:50136]' for 'POST' to 'http://localhost:50136/session/24de3d89caeca7ddeea4588d6704da87/url'
21:12:18.785 [Forwarding get on session 24de3d89caeca7ddeea4588d6704da87 to remote] DEBUG org.asynchttpclient.netty.request.NettyRequestSender - Using open Channel [id: 0x361063dc, L:/127.0.0.1:50127 - R:localhost/127.0.0.1:50136] for POST '/session/24de3d89caeca7ddeea4588d6704da87/url'
21:12:18.986 [AsyncHttpClient-1-11] DEBUG org.asynchttpclient.netty.handler.HttpHandler - 

Request DefaultHttpRequest(decodeResult: success, version: HTTP/1.1)
POST /session/24de3d89caeca7ddeea4588d6704da87/url HTTP/1.1
User-Agent: selenium/4.1.2 (java windows)
Content-Length: 59
Content-Type: application/json; charset=utf-8
host: localhost:50136
accept: */*

Response DefaultHttpResponse(decodeResult: success, version: HTTP/1.1)
HTTP/1.1 200 OK
Content-Type: application/json; charset=utf-8
cache-control: no-cache
content-length: 14

21:12:18.986 [AsyncHttpClient-1-11] DEBUG org.asynchttpclient.netty.channel.ChannelManager - Adding key: http://localhost:50136 for channel [id: 0x361063dc, L:/127.0.0.1:50127 - R:localhost/127.0.0.1:50136]
21:12:18.989 [AsyncHttpClient-1-1] DEBUG org.asynchttpclient.netty.channel.DefaultChannelPool - Entry count for : http://localhost:50136 : 1
21:12:18.989 [AsyncHttpClient-1-1] DEBUG org.asynchttpclient.netty.channel.DefaultChannelPool - Entry count for : http://localhost:50128 : 1
21:12:18.992 [Forwarding getCurrentUrl on session 24de3d89caeca7ddeea4588d6704da87 to remote] DEBUG org.asynchttpclient.netty.request.NettyRequestSender - Using pooled Channel '[id: 0x361063dc, L:/127.0.0.1:50127 - R:localhost/127.0.0.1:50136]' for 'GET' to 'http://localhost:50136/session/24de3d89caeca7ddeea4588d6704da87/url'
21:12:18.993 [Forwarding getCurrentUrl on session 24de3d89caeca7ddeea4588d6704da87 to remote] DEBUG org.asynchttpclient.netty.request.NettyRequestSender - Using open Channel [id: 0x361063dc, L:/127.0.0.1:50127 - R:localhost/127.0.0.1:50136] for GET '/session/24de3d89caeca7ddeea4588d6704da87/url'
21:12:18.998 [AsyncHttpClient-1-11] DEBUG org.asynchttpclient.netty.handler.HttpHandler - 

Request DefaultFullHttpRequest(decodeResult: success, version: HTTP/1.1, content: EmptyByteBufBE)
GET /session/24de3d89caeca7ddeea4588d6704da87/url HTTP/1.1
User-Agent: selenium/4.1.2 (java windows)
Cache-Control: no-cache
Content-Type: application/json; charset=utf-8
host: localhost:50136
accept: */*

Response DefaultHttpResponse(decodeResult: success, version: HTTP/1.1)
HTTP/1.1 200 OK
Content-Type: application/json; charset=utf-8
cache-control: no-cache
content-length: 41

21:12:18.998 [AsyncHttpClient-1-11] DEBUG org.asynchttpclient.netty.channel.ChannelManager - Adding key: http://localhost:50136 for channel [id: 0x361063dc, L:/127.0.0.1:50127 - R:localhost/127.0.0.1:50136]
21:12:19.002 [Forwarding findElement on session 24de3d89caeca7ddeea4588d6704da87 to remote] DEBUG org.asynchttpclient.netty.request.NettyRequestSender - Using pooled Channel '[id: 0x361063dc, L:/127.0.0.1:50127 - R:localhost/127.0.0.1:50136]' for 'POST' to 'http://localhost:50136/session/24de3d89caeca7ddeea4588d6704da87/element'
21:12:19.002 [Forwarding findElement on session 24de3d89caeca7ddeea4588d6704da87 to remote] DEBUG org.asynchttpclient.netty.request.NettyRequestSender - Using open Channel [id: 0x361063dc, L:/127.0.0.1:50127 - R:localhost/127.0.0.1:50136] for POST '/session/24de3d89caeca7ddeea4588d6704da87/element'
21:12:20.092 [AsyncHttpClient-1-1] DEBUG org.asynchttpclient.netty.channel.DefaultChannelPool - Entry count for : http://localhost:50128 : 1
21:12:21.188 [AsyncHttpClient-1-1] DEBUG org.asynchttpclient.netty.channel.DefaultChannelPool - Entry count for : http://localhost:50128 : 1
21:12:21.428 [AsyncHttpClient-1-11] DEBUG org.asynchttpclient.netty.handler.HttpHandler - 

Request DefaultHttpRequest(decodeResult: success, version: HTTP/1.1)
POST /session/24de3d89caeca7ddeea4588d6704da87/element HTTP/1.1
User-Agent: selenium/4.1.2 (java windows)
Content-Length: 85
Content-Type: application/json; charset=utf-8
host: localhost:50136
accept: */*

Response DefaultHttpResponse(decodeResult: success, version: HTTP/1.1)
HTTP/1.1 200 OK
Content-Type: application/json; charset=utf-8
cache-control: no-cache
content-length: 88

21:12:21.428 [AsyncHttpClient-1-11] DEBUG org.asynchttpclient.netty.channel.ChannelManager - Adding key: http://localhost:50136 for channel [id: 0x361063dc, L:/127.0.0.1:50127 - R:localhost/127.0.0.1:50136]
21:12:21.431 [Forwarding getElementTagName on session 24de3d89caeca7ddeea4588d6704da87 to remote] DEBUG org.asynchttpclient.netty.request.NettyRequestSender - Using pooled Channel '[id: 0x361063dc, L:/127.0.0.1:50127 - R:localhost/127.0.0.1:50136]' for 'GET' to 'http://localhost:50136/session/24de3d89caeca7ddeea4588d6704da87/element/95918b9f-34b0-46ed-93cc-d4c813291d9a/name'
21:12:21.431 [Forwarding getElementTagName on session 24de3d89caeca7ddeea4588d6704da87 to remote] DEBUG org.asynchttpclient.netty.request.NettyRequestSender - Using open Channel [id: 0x361063dc, L:/127.0.0.1:50127 - R:localhost/127.0.0.1:50136] for GET '/session/24de3d89caeca7ddeea4588d6704da87/element/95918b9f-34b0-46ed-93cc-d4c813291d9a/name'
21:12:21.435 [AsyncHttpClient-1-11] DEBUG org.asynchttpclient.netty.handler.HttpHandler - 

Request DefaultFullHttpRequest(decodeResult: success, version: HTTP/1.1, content: EmptyByteBufBE)
GET /session/24de3d89caeca7ddeea4588d6704da87/element/95918b9f-34b0-46ed-93cc-d4c813291d9a/name HTTP/1.1
User-Agent: selenium/4.1.2 (java windows)
Cache-Control: no-cache
Content-Type: application/json; charset=utf-8
host: localhost:50136
accept: */*

Response DefaultHttpResponse(decodeResult: success, version: HTTP/1.1)
HTTP/1.1 200 OK
Content-Type: application/json; charset=utf-8
cache-control: no-cache
content-length: 16

21:12:21.435 [AsyncHttpClient-1-11] DEBUG org.asynchttpclient.netty.channel.ChannelManager - Adding key: http://localhost:50136 for channel [id: 0x361063dc, L:/127.0.0.1:50127 - R:localhost/127.0.0.1:50136]
21:12:21.436 [Forwarding getElementTagName on session 24de3d89caeca7ddeea4588d6704da87 to remote] DEBUG org.asynchttpclient.netty.request.NettyRequestSender - Using pooled Channel '[id: 0x361063dc, L:/127.0.0.1:50127 - R:localhost/127.0.0.1:50136]' for 'GET' to 'http://localhost:50136/session/24de3d89caeca7ddeea4588d6704da87/element/95918b9f-34b0-46ed-93cc-d4c813291d9a/name'
21:12:21.437 [Forwarding getElementTagName on session 24de3d89caeca7ddeea4588d6704da87 to remote] DEBUG org.asynchttpclient.netty.request.NettyRequestSender - Using open Channel [id: 0x361063dc, L:/127.0.0.1:50127 - R:localhost/127.0.0.1:50136] for GET '/session/24de3d89caeca7ddeea4588d6704da87/element/95918b9f-34b0-46ed-93cc-d4c813291d9a/name'
21:12:21.440 [AsyncHttpClient-1-11] DEBUG org.asynchttpclient.netty.handler.HttpHandler - 

Request DefaultFullHttpRequest(decodeResult: success, version: HTTP/1.1, content: EmptyByteBufBE)
GET /session/24de3d89caeca7ddeea4588d6704da87/element/95918b9f-34b0-46ed-93cc-d4c813291d9a/name HTTP/1.1
User-Agent: selenium/4.1.2 (java windows)
Cache-Control: no-cache
Content-Type: application/json; charset=utf-8
host: localhost:50136
accept: */*

Response DefaultHttpResponse(decodeResult: success, version: HTTP/1.1)
HTTP/1.1 200 OK
Content-Type: application/json; charset=utf-8
cache-control: no-cache
content-length: 16

21:12:21.440 [AsyncHttpClient-1-11] DEBUG org.asynchttpclient.netty.channel.ChannelManager - Adding key: http://localhost:50136 for channel [id: 0x361063dc, L:/127.0.0.1:50127 - R:localhost/127.0.0.1:50136]
21:12:21.442 [Forwarding findElement on session 24de3d89caeca7ddeea4588d6704da87 to remote] DEBUG org.asynchttpclient.netty.request.NettyRequestSender - Using pooled Channel '[id: 0x361063dc, L:/127.0.0.1:50127 - R:localhost/127.0.0.1:50136]' for 'POST' to 'http://localhost:50136/session/24de3d89caeca7ddeea4588d6704da87/element'
21:12:21.442 [Forwarding findElement on session 24de3d89caeca7ddeea4588d6704da87 to remote] DEBUG org.asynchttpclient.netty.request.NettyRequestSender - Using open Channel [id: 0x361063dc, L:/127.0.0.1:50127 - R:localhost/127.0.0.1:50136] for POST '/session/24de3d89caeca7ddeea4588d6704da87/element'
21:12:21.453 [AsyncHttpClient-1-11] DEBUG org.asynchttpclient.netty.handler.HttpHandler - 

Request DefaultHttpRequest(decodeResult: success, version: HTTP/1.1)
POST /session/24de3d89caeca7ddeea4588d6704da87/element HTTP/1.1
User-Agent: selenium/4.1.2 (java windows)
Content-Length: 85
Content-Type: application/json; charset=utf-8
host: localhost:50136
accept: */*

Response DefaultHttpResponse(decodeResult: success, version: HTTP/1.1)
HTTP/1.1 200 OK
Content-Type: application/json; charset=utf-8
cache-control: no-cache
content-length: 88

21:12:21.453 [AsyncHttpClient-1-11] DEBUG org.asynchttpclient.netty.channel.ChannelManager - Adding key: http://localhost:50136 for channel [id: 0x361063dc, L:/127.0.0.1:50127 - R:localhost/127.0.0.1:50136]
21:12:21.456 [Forwarding clickElement on session 24de3d89caeca7ddeea4588d6704da87 to remote] DEBUG org.asynchttpclient.netty.request.NettyRequestSender - Using pooled Channel '[id: 0x361063dc, L:/127.0.0.1:50127 - R:localhost/127.0.0.1:50136]' for 'POST' to 'http://localhost:50136/session/24de3d89caeca7ddeea4588d6704da87/element/95918b9f-34b0-46ed-93cc-d4c813291d9a/click'
21:12:21.456 [Forwarding clickElement on session 24de3d89caeca7ddeea4588d6704da87 to remote] DEBUG org.asynchttpclient.netty.request.NettyRequestSender - Using open Channel [id: 0x361063dc, L:/127.0.0.1:50127 - R:localhost/127.0.0.1:50136] for POST '/session/24de3d89caeca7ddeea4588d6704da87/element/95918b9f-34b0-46ed-93cc-d4c813291d9a/click'
21:12:21.515 [AsyncHttpClient-1-11] DEBUG org.asynchttpclient.netty.handler.HttpHandler - 

Request DefaultHttpRequest(decodeResult: success, version: HTTP/1.1)
POST /session/24de3d89caeca7ddeea4588d6704da87/element/95918b9f-34b0-46ed-93cc-d4c813291d9a/click HTTP/1.1
User-Agent: selenium/4.1.2 (java windows)
Content-Length: 50
Content-Type: application/json; charset=utf-8
host: localhost:50136
accept: */*

Response DefaultHttpResponse(decodeResult: success, version: HTTP/1.1)
HTTP/1.1 200 OK
Content-Type: application/json; charset=utf-8
cache-control: no-cache
content-length: 14

21:12:21.515 [AsyncHttpClient-1-11] DEBUG org.asynchttpclient.netty.channel.ChannelManager - Adding key: http://localhost:50136 for channel [id: 0x361063dc, L:/127.0.0.1:50127 - R:localhost/127.0.0.1:50136]
  &amp#27;[32mAnd &amp#27;[0m&amp#27;[32mI buy one of the products&amp#27;[0m         &amp#27;[90m# starter.stepdefinitions.CartSteps.iBuyOneOfTheProducts()&amp#27;[0m
21:12:21.521 [Forwarding screenshot on session 24de3d89caeca7ddeea4588d6704da87 to remote] DEBUG org.asynchttpclient.netty.request.NettyRequestSender - Using pooled Channel '[id: 0x361063dc, L:/127.0.0.1:50127 - R:localhost/127.0.0.1:50136]' for 'GET' to 'http://localhost:50136/session/24de3d89caeca7ddeea4588d6704da87/screenshot'
21:12:21.521 [Forwarding screenshot on session 24de3d89caeca7ddeea4588d6704da87 to remote] DEBUG org.asynchttpclient.netty.request.NettyRequestSender - Using open Channel [id: 0x361063dc, L:/127.0.0.1:50127 - R:localhost/127.0.0.1:50136] for GET '/session/24de3d89caeca7ddeea4588d6704da87/screenshot'
21:12:21.688 [AsyncHttpClient-1-11] DEBUG org.asynchttpclient.netty.handler.HttpHandler - 

Request DefaultFullHttpRequest(decodeResult: success, version: HTTP/1.1, content: EmptyByteBufBE)
GET /session/24de3d89caeca7ddeea4588d6704da87/screenshot HTTP/1.1
User-Agent: selenium/4.1.2 (java windows)
Cache-Control: no-cache
Content-Type: application/json; charset=utf-8
host: localhost:50136
accept: */*

Response DefaultHttpResponse(decodeResult: success, version: HTTP/1.1)
HTTP/1.1 200 OK
Content-Type: application/json; charset=utf-8
cache-control: no-cache
content-length: 77216

21:12:21.689 [AsyncHttpClient-1-11] DEBUG org.asynchttpclient.netty.channel.ChannelManager - Adding key: http://localhost:50136 for channel [id: 0x361063dc, L:/127.0.0.1:50127 - R:localhost/127.0.0.1:50136]
21:12:21.692 [main] DEBUG net.serenitybdd.core.photography.Darkroom - Send negative for processing for target\site\serenity\e4295a4313e75e00597efce9763b8d4ac38acaef5449362cf1426eedac7759f0.png
21:12:21.692 [Darkroom Processing Line] DEBUG net.serenitybdd.core.photography.DarkroomProcessingLine - Processing screenshot image in /var/screenshots/screenshot-13211781960549865454
21:12:21.692 [Darkroom Processing Line] DEBUG net.serenitybdd.core.photography.DarkroomProcessingLine - Saving screenshot to target\site\serenity\e4295a4313e75e00597efce9763b8d4ac38acaef5449362cf1426eedac7759f0.png
21:12:21.700 [Forwarding findElement on session 24de3d89caeca7ddeea4588d6704da87 to remote] DEBUG org.asynchttpclient.netty.request.NettyRequestSender - Using pooled Channel '[id: 0x361063dc, L:/127.0.0.1:50127 - R:localhost/127.0.0.1:50136]' for 'POST' to 'http://localhost:50136/session/24de3d89caeca7ddeea4588d6704da87/element'
21:12:21.700 [Forwarding findElement on session 24de3d89caeca7ddeea4588d6704da87 to remote] DEBUG org.asynchttpclient.netty.request.NettyRequestSender - Using open Channel [id: 0x361063dc, L:/127.0.0.1:50127 - R:localhost/127.0.0.1:50136] for POST '/session/24de3d89caeca7ddeea4588d6704da87/element'
21:12:21.713 [AsyncHttpClient-1-11] DEBUG org.asynchttpclient.netty.handler.HttpHandler - 

Request DefaultHttpRequest(decodeResult: success, version: HTTP/1.1)
POST /session/24de3d89caeca7ddeea4588d6704da87/element HTTP/1.1
User-Agent: selenium/4.1.2 (java windows)
Content-Length: 88
Content-Type: application/json; charset=utf-8
host: localhost:50136
accept: */*

Response DefaultHttpResponse(decodeResult: success, version: HTTP/1.1)
HTTP/1.1 200 OK
Content-Type: application/json; charset=utf-8
cache-control: no-cache
content-length: 88

21:12:21.714 [AsyncHttpClient-1-11] DEBUG org.asynchttpclient.netty.channel.ChannelManager - Adding key: http://localhost:50136 for channel [id: 0x361063dc, L:/127.0.0.1:50127 - R:localhost/127.0.0.1:50136]
21:12:21.716 [Forwarding getElementTagName on session 24de3d89caeca7ddeea4588d6704da87 to remote] DEBUG org.asynchttpclient.netty.request.NettyRequestSender - Using pooled Channel '[id: 0x361063dc, L:/127.0.0.1:50127 - R:localhost/127.0.0.1:50136]' for 'GET' to 'http://localhost:50136/session/24de3d89caeca7ddeea4588d6704da87/element/193dbc55-4fa7-4951-a809-6b260f628a79/name'
21:12:21.716 [Forwarding getElementTagName on session 24de3d89caeca7ddeea4588d6704da87 to remote] DEBUG org.asynchttpclient.netty.request.NettyRequestSender - Using open Channel [id: 0x361063dc, L:/127.0.0.1:50127 - R:localhost/127.0.0.1:50136] for GET '/session/24de3d89caeca7ddeea4588d6704da87/element/193dbc55-4fa7-4951-a809-6b260f628a79/name'
21:12:21.721 [AsyncHttpClient-1-11] DEBUG org.asynchttpclient.netty.handler.HttpHandler - 

Request DefaultFullHttpRequest(decodeResult: success, version: HTTP/1.1, content: EmptyByteBufBE)
GET /session/24de3d89caeca7ddeea4588d6704da87/element/193dbc55-4fa7-4951-a809-6b260f628a79/name HTTP/1.1
User-Agent: selenium/4.1.2 (java windows)
Cache-Control: no-cache
Content-Type: application/json; charset=utf-8
host: localhost:50136
accept: */*

Response DefaultHttpResponse(decodeResult: success, version: HTTP/1.1)
HTTP/1.1 200 OK
Content-Type: application/json; charset=utf-8
cache-control: no-cache
content-length: 13

21:12:21.722 [AsyncHttpClient-1-11] DEBUG org.asynchttpclient.netty.channel.ChannelManager - Adding key: http://localhost:50136 for channel [id: 0x361063dc, L:/127.0.0.1:50127 - R:localhost/127.0.0.1:50136]
21:12:21.725 [Forwarding getElementTagName on session 24de3d89caeca7ddeea4588d6704da87 to remote] DEBUG org.asynchttpclient.netty.request.NettyRequestSender - Using pooled Channel '[id: 0x361063dc, L:/127.0.0.1:50127 - R:localhost/127.0.0.1:50136]' for 'GET' to 'http://localhost:50136/session/24de3d89caeca7ddeea4588d6704da87/element/193dbc55-4fa7-4951-a809-6b260f628a79/name'
21:12:21.726 [Forwarding getElementTagName on session 24de3d89caeca7ddeea4588d6704da87 to remote] DEBUG org.asynchttpclient.netty.request.NettyRequestSender - Using open Channel [id: 0x361063dc, L:/127.0.0.1:50127 - R:localhost/127.0.0.1:50136] for GET '/session/24de3d89caeca7ddeea4588d6704da87/element/193dbc55-4fa7-4951-a809-6b260f628a79/name'
21:12:21.731 [AsyncHttpClient-1-11] DEBUG org.asynchttpclient.netty.handler.HttpHandler - 

Request DefaultFullHttpRequest(decodeResult: success, version: HTTP/1.1, content: EmptyByteBufBE)
GET /session/24de3d89caeca7ddeea4588d6704da87/element/193dbc55-4fa7-4951-a809-6b260f628a79/name HTTP/1.1
User-Agent: selenium/4.1.2 (java windows)
Cache-Control: no-cache
Content-Type: application/json; charset=utf-8
host: localhost:50136
accept: */*

Response DefaultHttpResponse(decodeResult: success, version: HTTP/1.1)
HTTP/1.1 200 OK
Content-Type: application/json; charset=utf-8
cache-control: no-cache
content-length: 13

21:12:21.732 [AsyncHttpClient-1-11] DEBUG org.asynchttpclient.netty.channel.ChannelManager - Adding key: http://localhost:50136 for channel [id: 0x361063dc, L:/127.0.0.1:50127 - R:localhost/127.0.0.1:50136]
21:12:21.734 [Forwarding findElement on session 24de3d89caeca7ddeea4588d6704da87 to remote] DEBUG org.asynchttpclient.netty.request.NettyRequestSender - Using pooled Channel '[id: 0x361063dc, L:/127.0.0.1:50127 - R:localhost/127.0.0.1:50136]' for 'POST' to 'http://localhost:50136/session/24de3d89caeca7ddeea4588d6704da87/element'
21:12:21.734 [Forwarding findElement on session 24de3d89caeca7ddeea4588d6704da87 to remote] DEBUG org.asynchttpclient.netty.request.NettyRequestSender - Using open Channel [id: 0x361063dc, L:/127.0.0.1:50127 - R:localhost/127.0.0.1:50136] for POST '/session/24de3d89caeca7ddeea4588d6704da87/element'
21:12:21.743 [AsyncHttpClient-1-11] DEBUG org.asynchttpclient.netty.handler.HttpHandler - 

Request DefaultHttpRequest(decodeResult: success, version: HTTP/1.1)
POST /session/24de3d89caeca7ddeea4588d6704da87/element HTTP/1.1
User-Agent: selenium/4.1.2 (java windows)
Content-Length: 88
Content-Type: application/json; charset=utf-8
host: localhost:50136
accept: */*

Response DefaultHttpResponse(decodeResult: success, version: HTTP/1.1)
HTTP/1.1 200 OK
Content-Type: application/json; charset=utf-8
cache-control: no-cache
content-length: 88

21:12:21.743 [AsyncHttpClient-1-11] DEBUG org.asynchttpclient.netty.channel.ChannelManager - Adding key: http://localhost:50136 for channel [id: 0x361063dc, L:/127.0.0.1:50127 - R:localhost/127.0.0.1:50136]
21:12:21.745 [Forwarding clickElement on session 24de3d89caeca7ddeea4588d6704da87 to remote] DEBUG org.asynchttpclient.netty.request.NettyRequestSender - Using pooled Channel '[id: 0x361063dc, L:/127.0.0.1:50127 - R:localhost/127.0.0.1:50136]' for 'POST' to 'http://localhost:50136/session/24de3d89caeca7ddeea4588d6704da87/element/193dbc55-4fa7-4951-a809-6b260f628a79/click'
21:12:21.745 [Forwarding clickElement on session 24de3d89caeca7ddeea4588d6704da87 to remote] DEBUG org.asynchttpclient.netty.request.NettyRequestSender - Using open Channel [id: 0x361063dc, L:/127.0.0.1:50127 - R:localhost/127.0.0.1:50136] for POST '/session/24de3d89caeca7ddeea4588d6704da87/element/193dbc55-4fa7-4951-a809-6b260f628a79/click'
21:12:21.783 [AsyncHttpClient-1-11] DEBUG org.asynchttpclient.netty.handler.HttpHandler - 

Request DefaultHttpRequest(decodeResult: success, version: HTTP/1.1)
POST /session/24de3d89caeca7ddeea4588d6704da87/element/193dbc55-4fa7-4951-a809-6b260f628a79/click HTTP/1.1
User-Agent: selenium/4.1.2 (java windows)
Content-Length: 50
Content-Type: application/json; charset=utf-8
host: localhost:50136
accept: */*

Response DefaultHttpResponse(decodeResult: success, version: HTTP/1.1)
HTTP/1.1 200 OK
Content-Type: application/json; charset=utf-8
cache-control: no-cache
content-length: 14

21:12:21.783 [AsyncHttpClient-1-11] DEBUG org.asynchttpclient.netty.channel.ChannelManager - Adding key: http://localhost:50136 for channel [id: 0x361063dc, L:/127.0.0.1:50127 - R:localhost/127.0.0.1:50136]
  &amp#27;[32mWhen &amp#27;[0m&amp#27;[32mI open cart page&amp#27;[0m                 &amp#27;[90m# starter.stepdefinitions.CartSteps.iOpenCartPage()&amp#27;[0m
21:12:21.796 [Forwarding screenshot on session 24de3d89caeca7ddeea4588d6704da87 to remote] DEBUG org.asynchttpclient.netty.request.NettyRequestSender - Using pooled Channel '[id: 0x361063dc, L:/127.0.0.1:50127 - R:localhost/127.0.0.1:50136]' for 'GET' to 'http://localhost:50136/session/24de3d89caeca7ddeea4588d6704da87/screenshot'
21:12:21.796 [Forwarding screenshot on session 24de3d89caeca7ddeea4588d6704da87 to remote] DEBUG org.asynchttpclient.netty.request.NettyRequestSender - Using open Channel [id: 0x361063dc, L:/127.0.0.1:50127 - R:localhost/127.0.0.1:50136] for GET '/session/24de3d89caeca7ddeea4588d6704da87/screenshot'
21:12:22.201 [AsyncHttpClient-1-11] DEBUG org.asynchttpclient.netty.handler.HttpHandler - 

Request DefaultFullHttpRequest(decodeResult: success, version: HTTP/1.1, content: EmptyByteBufBE)
GET /session/24de3d89caeca7ddeea4588d6704da87/screenshot HTTP/1.1
User-Agent: selenium/4.1.2 (java windows)
Cache-Control: no-cache
Content-Type: application/json; charset=utf-8
host: localhost:50136
accept: */*

Response DefaultHttpResponse(decodeResult: success, version: HTTP/1.1)
HTTP/1.1 200 OK
Content-Type: application/json; charset=utf-8
cache-control: no-cache
content-length: 47424

21:12:22.201 [AsyncHttpClient-1-11] DEBUG org.asynchttpclient.netty.channel.ChannelManager - Adding key: http://localhost:50136 for channel [id: 0x361063dc, L:/127.0.0.1:50127 - R:localhost/127.0.0.1:50136]
21:12:22.203 [main] DEBUG net.serenitybdd.core.photography.Darkroom - Send negative for processing for target\site\serenity\05bd6a7bf2f09e917126f19cc05543ebc38f86425d02cfe724aa03e69e3effc2.png
21:12:22.204 [Darkroom Processing Line] DEBUG net.serenitybdd.core.photography.DarkroomProcessingLine - Processing screenshot image in /var/screenshots/screenshot-14945121584394429245
21:12:22.204 [Darkroom Processing Line] DEBUG net.serenitybdd.core.photography.DarkroomProcessingLine - Saving screenshot to target\site\serenity\05bd6a7bf2f09e917126f19cc05543ebc38f86425d02cfe724aa03e69e3effc2.png
21:12:22.211 [Forwarding findElement on session 24de3d89caeca7ddeea4588d6704da87 to remote] DEBUG org.asynchttpclient.netty.request.NettyRequestSender - Using pooled Channel '[id: 0x361063dc, L:/127.0.0.1:50127 - R:localhost/127.0.0.1:50136]' for 'POST' to 'http://localhost:50136/session/24de3d89caeca7ddeea4588d6704da87/element'
21:12:22.212 [Forwarding findElement on session 24de3d89caeca7ddeea4588d6704da87 to remote] DEBUG org.asynchttpclient.netty.request.NettyRequestSender - Using open Channel [id: 0x361063dc, L:/127.0.0.1:50127 - R:localhost/127.0.0.1:50136] for POST '/session/24de3d89caeca7ddeea4588d6704da87/element'
21:12:22.223 [AsyncHttpClient-1-11] DEBUG org.asynchttpclient.netty.handler.HttpHandler - 

Request DefaultHttpRequest(decodeResult: success, version: HTTP/1.1)
POST /session/24de3d89caeca7ddeea4588d6704da87/element HTTP/1.1
User-Agent: selenium/4.1.2 (java windows)
Content-Length: 77
Content-Type: application/json; charset=utf-8
host: localhost:50136
accept: */*

Response DefaultHttpResponse(decodeResult: success, version: HTTP/1.1)
HTTP/1.1 200 OK
Content-Type: application/json; charset=utf-8
cache-control: no-cache
content-length: 88

21:12:22.224 [AsyncHttpClient-1-11] DEBUG org.asynchttpclient.netty.channel.ChannelManager - Adding key: http://localhost:50136 for channel [id: 0x361063dc, L:/127.0.0.1:50127 - R:localhost/127.0.0.1:50136]
21:12:22.225 [Forwarding getElementTagName on session 24de3d89caeca7ddeea4588d6704da87 to remote] DEBUG org.asynchttpclient.netty.request.NettyRequestSender - Using pooled Channel '[id: 0x361063dc, L:/127.0.0.1:50127 - R:localhost/127.0.0.1:50136]' for 'GET' to 'http://localhost:50136/session/24de3d89caeca7ddeea4588d6704da87/element/80f9f33d-da1a-4ff4-9a92-e50eebfb8e19/name'
21:12:22.225 [Forwarding getElementTagName on session 24de3d89caeca7ddeea4588d6704da87 to remote] DEBUG org.asynchttpclient.netty.request.NettyRequestSender - Using open Channel [id: 0x361063dc, L:/127.0.0.1:50127 - R:localhost/127.0.0.1:50136] for GET '/session/24de3d89caeca7ddeea4588d6704da87/element/80f9f33d-da1a-4ff4-9a92-e50eebfb8e19/name'
21:12:22.229 [AsyncHttpClient-1-11] DEBUG org.asynchttpclient.netty.handler.HttpHandler - 

Request DefaultFullHttpRequest(decodeResult: success, version: HTTP/1.1, content: EmptyByteBufBE)
GET /session/24de3d89caeca7ddeea4588d6704da87/element/80f9f33d-da1a-4ff4-9a92-e50eebfb8e19/name HTTP/1.1
User-Agent: selenium/4.1.2 (java windows)
Cache-Control: no-cache
Content-Type: application/json; charset=utf-8
host: localhost:50136
accept: */*

Response DefaultHttpResponse(decodeResult: success, version: HTTP/1.1)
HTTP/1.1 200 OK
Content-Type: application/json; charset=utf-8
cache-control: no-cache
content-length: 16

21:12:22.230 [AsyncHttpClient-1-11] DEBUG org.asynchttpclient.netty.channel.ChannelManager - Adding key: http://localhost:50136 for channel [id: 0x361063dc, L:/127.0.0.1:50127 - R:localhost/127.0.0.1:50136]
21:12:22.231 [Forwarding getElementTagName on session 24de3d89caeca7ddeea4588d6704da87 to remote] DEBUG org.asynchttpclient.netty.request.NettyRequestSender - Using pooled Channel '[id: 0x361063dc, L:/127.0.0.1:50127 - R:localhost/127.0.0.1:50136]' for 'GET' to 'http://localhost:50136/session/24de3d89caeca7ddeea4588d6704da87/element/80f9f33d-da1a-4ff4-9a92-e50eebfb8e19/name'
21:12:22.231 [Forwarding getElementTagName on session 24de3d89caeca7ddeea4588d6704da87 to remote] DEBUG org.asynchttpclient.netty.request.NettyRequestSender - Using open Channel [id: 0x361063dc, L:/127.0.0.1:50127 - R:localhost/127.0.0.1:50136] for GET '/session/24de3d89caeca7ddeea4588d6704da87/element/80f9f33d-da1a-4ff4-9a92-e50eebfb8e19/name'
21:12:22.234 [AsyncHttpClient-1-11] DEBUG org.asynchttpclient.netty.handler.HttpHandler - 

Request DefaultFullHttpRequest(decodeResult: success, version: HTTP/1.1, content: EmptyByteBufBE)
GET /session/24de3d89caeca7ddeea4588d6704da87/element/80f9f33d-da1a-4ff4-9a92-e50eebfb8e19/name HTTP/1.1
User-Agent: selenium/4.1.2 (java windows)
Cache-Control: no-cache
Content-Type: application/json; charset=utf-8
host: localhost:50136
accept: */*

Response DefaultHttpResponse(decodeResult: success, version: HTTP/1.1)
HTTP/1.1 200 OK
Content-Type: application/json; charset=utf-8
cache-control: no-cache
content-length: 16

21:12:22.234 [AsyncHttpClient-1-11] DEBUG org.asynchttpclient.netty.channel.ChannelManager - Adding key: http://localhost:50136 for channel [id: 0x361063dc, L:/127.0.0.1:50127 - R:localhost/127.0.0.1:50136]
21:12:22.237 [Forwarding findElement on session 24de3d89caeca7ddeea4588d6704da87 to remote] DEBUG org.asynchttpclient.netty.request.NettyRequestSender - Using pooled Channel '[id: 0x361063dc, L:/127.0.0.1:50127 - R:localhost/127.0.0.1:50136]' for 'POST' to 'http://localhost:50136/session/24de3d89caeca7ddeea4588d6704da87/element'
21:12:22.237 [Forwarding findElement on session 24de3d89caeca7ddeea4588d6704da87 to remote] DEBUG org.asynchttpclient.netty.request.NettyRequestSender - Using open Channel [id: 0x361063dc, L:/127.0.0.1:50127 - R:localhost/127.0.0.1:50136] for POST '/session/24de3d89caeca7ddeea4588d6704da87/element'
21:12:22.244 [AsyncHttpClient-1-11] DEBUG org.asynchttpclient.netty.handler.HttpHandler - 

Request DefaultHttpRequest(decodeResult: success, version: HTTP/1.1)
POST /session/24de3d89caeca7ddeea4588d6704da87/element HTTP/1.1
User-Agent: selenium/4.1.2 (java windows)
Content-Length: 77
Content-Type: application/json; charset=utf-8
host: localhost:50136
accept: */*

Response DefaultHttpResponse(decodeResult: success, version: HTTP/1.1)
HTTP/1.1 200 OK
Content-Type: application/json; charset=utf-8
cache-control: no-cache
content-length: 88

21:12:22.244 [AsyncHttpClient-1-11] DEBUG org.asynchttpclient.netty.channel.ChannelManager - Adding key: http://localhost:50136 for channel [id: 0x361063dc, L:/127.0.0.1:50127 - R:localhost/127.0.0.1:50136]
21:12:22.246 [Forwarding clickElement on session 24de3d89caeca7ddeea4588d6704da87 to remote] DEBUG org.asynchttpclient.netty.request.NettyRequestSender - Using pooled Channel '[id: 0x361063dc, L:/127.0.0.1:50127 - R:localhost/127.0.0.1:50136]' for 'POST' to 'http://localhost:50136/session/24de3d89caeca7ddeea4588d6704da87/element/80f9f33d-da1a-4ff4-9a92-e50eebfb8e19/click'
21:12:22.246 [Forwarding clickElement on session 24de3d89caeca7ddeea4588d6704da87 to remote] DEBUG org.asynchttpclient.netty.request.NettyRequestSender - Using open Channel [id: 0x361063dc, L:/127.0.0.1:50127 - R:localhost/127.0.0.1:50136] for POST '/session/24de3d89caeca7ddeea4588d6704da87/element/80f9f33d-da1a-4ff4-9a92-e50eebfb8e19/click'
21:12:22.288 [AsyncHttpClient-1-11] DEBUG org.asynchttpclient.netty.handler.HttpHandler - 

Request DefaultHttpRequest(decodeResult: success, version: HTTP/1.1)
POST /session/24de3d89caeca7ddeea4588d6704da87/element/80f9f33d-da1a-4ff4-9a92-e50eebfb8e19/click HTTP/1.1
User-Agent: selenium/4.1.2 (java windows)
Content-Length: 50
Content-Type: application/json; charset=utf-8
host: localhost:50136
accept: */*

Response DefaultHttpResponse(decodeResult: success, version: HTTP/1.1)
HTTP/1.1 200 OK
Content-Type: application/json; charset=utf-8
cache-control: no-cache
content-length: 14

21:12:22.289 [AsyncHttpClient-1-11] DEBUG org.asynchttpclient.netty.channel.ChannelManager - Adding key: http://localhost:50136 for channel [id: 0x361063dc, L:/127.0.0.1:50127 - R:localhost/127.0.0.1:50136]
  &amp#27;[32mAnd &amp#27;[0m&amp#27;[32mI click plus logo&amp#27;[0m                 &amp#27;[90m# starter.stepdefinitions.CartSteps.iClickPlusLogo()&amp#27;[0m
21:12:22.294 [AsyncHttpClient-1-1] DEBUG org.asynchttpclient.netty.channel.DefaultChannelPool - Entry count for : http://localhost:50136 : 1
21:12:22.294 [AsyncHttpClient-1-1] DEBUG org.asynchttpclient.netty.channel.DefaultChannelPool - Entry count for : http://localhost:50128 : 1
21:12:22.296 [Forwarding screenshot on session 24de3d89caeca7ddeea4588d6704da87 to remote] DEBUG org.asynchttpclient.netty.request.NettyRequestSender - Using pooled Channel '[id: 0x361063dc, L:/127.0.0.1:50127 - R:localhost/127.0.0.1:50136]' for 'GET' to 'http://localhost:50136/session/24de3d89caeca7ddeea4588d6704da87/screenshot'
21:12:22.296 [Forwarding screenshot on session 24de3d89caeca7ddeea4588d6704da87 to remote] DEBUG org.asynchttpclient.netty.request.NettyRequestSender - Using open Channel [id: 0x361063dc, L:/127.0.0.1:50127 - R:localhost/127.0.0.1:50136] for GET '/session/24de3d89caeca7ddeea4588d6704da87/screenshot'
21:12:22.502 [AsyncHttpClient-1-11] DEBUG org.asynchttpclient.netty.handler.HttpHandler - 

Request DefaultFullHttpRequest(decodeResult: success, version: HTTP/1.1, content: EmptyByteBufBE)
GET /session/24de3d89caeca7ddeea4588d6704da87/screenshot HTTP/1.1
User-Agent: selenium/4.1.2 (java windows)
Cache-Control: no-cache
Content-Type: application/json; charset=utf-8
host: localhost:50136
accept: */*

Response DefaultHttpResponse(decodeResult: success, version: HTTP/1.1)
HTTP/1.1 200 OK
Content-Type: application/json; charset=utf-8
cache-control: no-cache
content-length: 51500

21:12:22.502 [AsyncHttpClient-1-11] DEBUG org.asynchttpclient.netty.channel.ChannelManager - Adding key: http://localhost:50136 for channel [id: 0x361063dc, L:/127.0.0.1:50127 - R:localhost/127.0.0.1:50136]
21:12:22.505 [main] DEBUG net.serenitybdd.core.photography.Darkroom - Send negative for processing for target\site\serenity\9bb8b39877ec86280c53bfa14c6ccc46e3d00804c7eb5a942973c734e7ff35b3.png
21:12:22.506 [Darkroom Processing Line] DEBUG net.serenitybdd.core.photography.DarkroomProcessingLine - Processing screenshot image in /var/screenshots/screenshot-1318758736051947373
21:12:22.506 [Darkroom Processing Line] DEBUG net.serenitybdd.core.photography.DarkroomProcessingLine - Saving screenshot to target\site\serenity\9bb8b39877ec86280c53bfa14c6ccc46e3d00804c7eb5a942973c734e7ff35b3.png
21:12:22.516 [Forwarding findElement on session 24de3d89caeca7ddeea4588d6704da87 to remote] DEBUG org.asynchttpclient.netty.request.NettyRequestSender - Using pooled Channel '[id: 0x361063dc, L:/127.0.0.1:50127 - R:localhost/127.0.0.1:50136]' for 'POST' to 'http://localhost:50136/session/24de3d89caeca7ddeea4588d6704da87/element'
21:12:22.516 [Forwarding findElement on session 24de3d89caeca7ddeea4588d6704da87 to remote] DEBUG org.asynchttpclient.netty.request.NettyRequestSender - Using open Channel [id: 0x361063dc, L:/127.0.0.1:50127 - R:localhost/127.0.0.1:50136] for POST '/session/24de3d89caeca7ddeea4588d6704da87/element'
21:12:22.535 [AsyncHttpClient-1-11] DEBUG org.asynchttpclient.netty.handler.HttpHandler - 

Request DefaultHttpRequest(decodeResult: success, version: HTTP/1.1)
POST /session/24de3d89caeca7ddeea4588d6704da87/element HTTP/1.1
User-Agent: selenium/4.1.2 (java windows)
Content-Length: 89
Content-Type: application/json; charset=utf-8
host: localhost:50136
accept: */*

Response DefaultHttpResponse(decodeResult: success, version: HTTP/1.1)
HTTP/1.1 200 OK
Content-Type: application/json; charset=utf-8
cache-control: no-cache
content-length: 88

21:12:22.535 [AsyncHttpClient-1-11] DEBUG org.asynchttpclient.netty.channel.ChannelManager - Adding key: http://localhost:50136 for channel [id: 0x361063dc, L:/127.0.0.1:50127 - R:localhost/127.0.0.1:50136]
21:12:22.535 [Forwarding getElementText on session 24de3d89caeca7ddeea4588d6704da87 to remote] DEBUG org.asynchttpclient.netty.request.NettyRequestSender - Using pooled Channel '[id: 0x361063dc, L:/127.0.0.1:50127 - R:localhost/127.0.0.1:50136]' for 'GET' to 'http://localhost:50136/session/24de3d89caeca7ddeea4588d6704da87/element/c8580976-aa0d-4572-96bf-910d85c4767d/text'
21:12:22.535 [Forwarding getElementText on session 24de3d89caeca7ddeea4588d6704da87 to remote] DEBUG org.asynchttpclient.netty.request.NettyRequestSender - Using open Channel [id: 0x361063dc, L:/127.0.0.1:50127 - R:localhost/127.0.0.1:50136] for GET '/session/24de3d89caeca7ddeea4588d6704da87/element/c8580976-aa0d-4572-96bf-910d85c4767d/text'
21:12:22.556 [AsyncHttpClient-1-11] DEBUG org.asynchttpclient.netty.handler.HttpHandler - 

Request DefaultFullHttpRequest(decodeResult: success, version: HTTP/1.1, content: EmptyByteBufBE)
GET /session/24de3d89caeca7ddeea4588d6704da87/element/c8580976-aa0d-4572-96bf-910d85c4767d/text HTTP/1.1
User-Agent: selenium/4.1.2 (java windows)
Cache-Control: no-cache
Content-Type: application/json; charset=utf-8
host: localhost:50136
accept: */*

Response DefaultHttpResponse(decodeResult: success, version: HTTP/1.1)
HTTP/1.1 200 OK
Content-Type: application/json; charset=utf-8
cache-control: no-cache
content-length: 13

21:12:22.556 [AsyncHttpClient-1-11] DEBUG org.asynchttpclient.netty.channel.ChannelManager - Adding key: http://localhost:50136 for channel [id: 0x361063dc, L:/127.0.0.1:50127 - R:localhost/127.0.0.1:50136]
  &amp#27;[32mThen &amp#27;[0m&amp#27;[32mThe quantity of product is added&amp#27;[0m &amp#27;[90m# starter.stepdefinitions.CartSteps.theQuantityOfProductIsAdded()&amp#27;[0m
21:12:22.563 [Forwarding screenshot on session 24de3d89caeca7ddeea4588d6704da87 to remote] DEBUG org.asynchttpclient.netty.request.NettyRequestSender - Using pooled Channel '[id: 0x361063dc, L:/127.0.0.1:50127 - R:localhost/127.0.0.1:50136]' for 'GET' to 'http://localhost:50136/session/24de3d89caeca7ddeea4588d6704da87/screenshot'
21:12:22.563 [Forwarding screenshot on session 24de3d89caeca7ddeea4588d6704da87 to remote] DEBUG org.asynchttpclient.netty.request.NettyRequestSender - Using open Channel [id: 0x361063dc, L:/127.0.0.1:50127 - R:localhost/127.0.0.1:50136] for GET '/session/24de3d89caeca7ddeea4588d6704da87/screenshot'
21:12:22.791 [AsyncHttpClient-1-11] DEBUG org.asynchttpclient.netty.handler.HttpHandler - 

Request DefaultFullHttpRequest(decodeResult: success, version: HTTP/1.1, content: EmptyByteBufBE)
GET /session/24de3d89caeca7ddeea4588d6704da87/screenshot HTTP/1.1
User-Agent: selenium/4.1.2 (java windows)
Cache-Control: no-cache
Content-Type: application/json; charset=utf-8
host: localhost:50136
accept: */*

Response DefaultHttpResponse(decodeResult: success, version: HTTP/1.1)
HTTP/1.1 200 OK
Content-Type: application/json; charset=utf-8
cache-control: no-cache
content-length: 49860

21:12:22.792 [AsyncHttpClient-1-11] DEBUG org.asynchttpclient.netty.channel.ChannelManager - Adding key: http://localhost:50136 for channel [id: 0x361063dc, L:/127.0.0.1:50127 - R:localhost/127.0.0.1:50136]
21:12:22.795 [main] DEBUG net.serenitybdd.core.photography.Darkroom - Send negative for processing for target\site\serenity\19f07244d63030b242d11de5656176ef291ff56e60b6f2b6f43514ce630afd4b.png
21:12:22.795 [Darkroom Processing Line] DEBUG net.serenitybdd.core.photography.DarkroomProcessingLine - Processing screenshot image in /var/screenshots/screenshot-9823110304030641045
21:12:22.795 [Darkroom Processing Line] DEBUG net.serenitybdd.core.photography.DarkroomProcessingLine - Saving screenshot to target\site\serenity\19f07244d63030b242d11de5656176ef291ff56e60b6f2b6f43514ce630afd4b.png
21:12:22.796 [main] INFO  - 
  _____   ___   ___   _____     ___     _     ___   ___   ___   ___  
 |_   _| | __| / __| |_   _|   | _ \   /_\   / __| / __| | __| |   \ 
   | |   | _|  \__ \   | |     |  _/  / _ \  \__ \ \__ \ | _|  | |) |
   |_|   |___| |___/   |_|     |_|   /_/ \_\ |___/ |___/ |___| |___/ 

Add Product Quantity
----------------------------------------------------------------------
21:12:22.798 [AsyncHttpClient-1-13] DEBUG org.asynchttpclient.netty.handler.WebSocketHandler - Channel Closed: [id: 0x863aa8bb, L:/127.0.0.1:50138 ! R:localhost/127.0.0.1:50128] with attribute NettyResponseFuture{currentRetry=5,
	isDone=1,
	isCancelled=0,
	asyncHandler=org.asynchttpclient.ws.WebSocketUpgradeHandler@26eacc0f,
	nettyRequest=org.asynchttpclient.netty.request.NettyRequest@63e856b6,
	future=java.util.concurrent.CompletableFuture@5a783ceb[Completed normally],
	uri=ws://localhost:50128/devtools/browser/8004d60a-d99c-48cd-9562-2b5481ea69ee,
	keepAlive=true,
	redirectCount=0,
	timeoutsHolder=null,
	inAuth=0,
	touch=1667484737091}
21:12:22.798 [AsyncHttpClient-1-13] DEBUG org.asynchttpclient.netty.channel.ChannelManager - Closing Channel [id: 0x863aa8bb, L:/127.0.0.1:50138 ! R:localhost/127.0.0.1:50128] 
21:12:22.798 [Driver Command Executor] DEBUG org.asynchttpclient.netty.request.NettyRequestSender - Using pooled Channel '[id: 0x361063dc, L:/127.0.0.1:50127 - R:localhost/127.0.0.1:50136]' for 'DELETE' to 'http://localhost:50136/session/24de3d89caeca7ddeea4588d6704da87'
21:12:22.799 [Driver Command Executor] DEBUG org.asynchttpclient.netty.request.NettyRequestSender - Using open Channel [id: 0x361063dc, L:/127.0.0.1:50127 - R:localhost/127.0.0.1:50136] for DELETE '/session/24de3d89caeca7ddeea4588d6704da87'
21:12:22.868 [AsyncHttpClient-1-12] DEBUG org.asynchttpclient.netty.handler.HttpHandler - Unexpected I/O exception on channel [id: 0xb4e54223, L:/127.0.0.1:50137 - R:localhost/127.0.0.1:50128]
java.net.SocketException: Connection reset
	at java.base/sun.nio.ch.SocketChannelImpl.throwConnectionReset(SocketChannelImpl.java:345)
	at java.base/sun.nio.ch.SocketChannelImpl.read(SocketChannelImpl.java:376)
	at io.netty.buffer.PooledByteBuf.setBytes(PooledByteBuf.java:258)
	at io.netty.buffer.AbstractByteBuf.writeBytes(AbstractByteBuf.java:1132)
	at io.netty.channel.socket.nio.NioSocketChannel.doReadBytes(NioSocketChannel.java:350)
	at io.netty.channel.nio.AbstractNioByteChannel$NioByteUnsafe.read(AbstractNioByteChannel.java:151)
	at io.netty.channel.nio.NioEventLoop.processSelectedKey(NioEventLoop.java:722)
	at io.netty.channel.nio.NioEventLoop.processSelectedKeysOptimized(NioEventLoop.java:658)
	at io.netty.channel.nio.NioEventLoop.processSelectedKeys(NioEventLoop.java:584)
	at io.netty.channel.nio.NioEventLoop.run(NioEventLoop.java:496)
	at io.netty.util.concurrent.SingleThreadEventExecutor$4.run(SingleThreadEventExecutor.java:986)
	at io.netty.util.internal.ThreadExecutorMap$2.run(ThreadExecutorMap.java:74)
	at io.netty.util.concurrent.FastThreadLocalRunnable.run(FastThreadLocalRunnable.java:30)
	at java.base/java.lang.Thread.run(Thread.java:830)
21:12:22.869 [AsyncHttpClient-1-12] DEBUG org.asynchttpclient.netty.channel.ChannelManager - Closing Channel [id: 0xb4e54223, L:/127.0.0.1:50137 - R:localhost/127.0.0.1:50128] 
21:12:22.869 [AsyncHttpClient-1-12] DEBUG org.asynchttpclient.netty.handler.HttpHandler - Channel Closed: [id: 0xb4e54223, L:/127.0.0.1:50137 ! R:localhost/127.0.0.1:50128] with attribute DISCARD
21:12:22.915 [AsyncHttpClient-1-11] DEBUG org.asynchttpclient.netty.handler.HttpHandler - 

Request DefaultFullHttpRequest(decodeResult: success, version: HTTP/1.1, content: EmptyByteBufBE)
DELETE /session/24de3d89caeca7ddeea4588d6704da87 HTTP/1.1
User-Agent: selenium/4.1.2 (java windows)
Content-Type: application/json; charset=utf-8
host: localhost:50136
accept: */*

Response DefaultHttpResponse(decodeResult: success, version: HTTP/1.1)
HTTP/1.1 200 OK
Content-Type: application/json; charset=utf-8
cache-control: no-cache
content-length: 14

21:12:22.915 [AsyncHttpClient-1-11] DEBUG org.asynchttpclient.netty.channel.ChannelManager - Adding key: http://localhost:50136 for channel [id: 0x361063dc, L:/127.0.0.1:50127 - R:localhost/127.0.0.1:50136]
21:12:22.995 [AsyncHttpClient-1-11] DEBUG org.asynchttpclient.netty.handler.HttpHandler - Channel Closed: [id: 0x361063dc, L:/127.0.0.1:50127 ! R:localhost/127.0.0.1:50136] with attribute DISCARD
21:12:23.388 [AsyncHttpClient-1-1] DEBUG org.asynchttpclient.netty.channel.DefaultChannelPool - Entry count for : http://localhost:50136 : 1
21:12:23.388 [AsyncHttpClient-1-1] DEBUG org.asynchttpclient.netty.channel.DefaultChannelPool - Entry count for : http://localhost:50128 : 1
21:12:23.388 [AsyncHttpClient-1-1] DEBUG org.asynchttpclient.netty.channel.DefaultChannelPool - Adding Candidate expired Channel [id: 0x361063dc, L:/127.0.0.1:50127 ! R:localhost/127.0.0.1:50136] isIdleTimeoutExpired=false isRemotelyClosed=true isTtlExpired=false
21:12:23.388 [AsyncHttpClient-1-1] DEBUG org.asynchttpclient.netty.channel.DefaultChannelPool - Closing Idle Channel [id: 0x361063dc, L:/127.0.0.1:50127 ! R:localhost/127.0.0.1:50136]
21:12:23.388 [AsyncHttpClient-1-1] DEBUG org.asynchttpclient.netty.channel.DefaultChannelPool - Adding Candidate expired Channel [id: 0xb4e54223, L:/127.0.0.1:50137 ! R:localhost/127.0.0.1:50128] isIdleTimeoutExpired=false isRemotelyClosed=true isTtlExpired=false
21:12:23.388 [AsyncHttpClient-1-1] DEBUG org.asynchttpclient.netty.channel.DefaultChannelPool - Closing Idle Channel [id: 0xb4e54223, L:/127.0.0.1:50137 ! R:localhost/127.0.0.1:50128]
21:12:23.388 [AsyncHttpClient-1-1] DEBUG org.asynchttpclient.netty.channel.DefaultChannelPool - Closed 2 connections out of 2 in 0 ms
]]></system-out>
    <system-err><![CDATA[Starting ChromeDriver 106.0.5249.61 (511755355844955cd3e264779baf0dd38212a4d0-refs/branch-heads/5249@{#569}) on port 50136
Only local connections are allowed.
Please see https://chromedriver.chromium.org/security-considerations for suggestions on keeping ChromeDriver safe.
ChromeDriver was started successfully.
[1667484736.418][WARNING]: This version of ChromeDriver has not been tested with Chrome version 107.
Nov 03, 2022 9:12:17 PM org.openqa.selenium.remote.ProtocolHandshake createSession
INFO: Detected dialect: W3C
Nov 03, 2022 9:12:17 PM org.openqa.selenium.devtools.CdpVersionFinder findNearestMatch
WARNING: Unable to find an exact match for CDP version 107, so returning the closest version found: a no-op implementation
Nov 03, 2022 9:12:17 PM org.openqa.selenium.devtools.CdpVersionFinder findNearestMatch
INFO: Unable to find CDP implementation matching 107.
Nov 03, 2022 9:12:17 PM org.openqa.selenium.chromium.ChromiumDriver lambda$new$3
WARNING: Unable to find version of CDP to use for . You may need to include a dependency on a specific version of the CDP using something similar to `org.seleniumhq.selenium:selenium-devtools-v86:4.1.2` where the version ("v86") matches the version of the chromium-based browser you're using and the version number of the artifact is the same as Selenium's.
]]></system-err>
  </testcase>
  <testcase name="Reduce Product Quantity" classname="Manage Cart" time="8.761">
    <system-out><![CDATA[
@Cart
Scenario: Reduce Product Quantity         &amp#27;[90m# src/test/resources/features/Cart.feature:33&amp#27;[0m
21:12:23.540 [main] INFO io.cucumber.core.plugin.SerenityReporter - Running feature from file:///C:/Users/ASUS/Desktop/stupen/miniproject/Web/ASWeb/src/test/resources/features/Cart.feature
21:12:23.542 [main] INFO  - 
  _____   ___   ___   _____     ___   _____     _     ___   _____   ___   ___  
 |_   _| | __| / __| |_   _|   / __| |_   _|   /_\   | _ \ |_   _| | __| |   \ 
   | |   | _|  \__ \   | |     \__ \   | |    / _ \  |   /   | |   | _|  | |) |
   |_|   |___| |___/   |_|     |___/   |_|   /_/ \_\ |_|_\   |_|   |___| |___/ 

Reduce Product Quantity(manage-cart;reduce-product-quantity)
--------------------------------------------------------------------------------
21:12:23.557 [main] INFO net.serenitybdd.core.webdriver.driverproviders.ChromeDriverProvider - Using automatically driver download
21:12:23.688 [main] DEBUG io.github.bonigarcia.wdm.cache.ResolutionCache - Resolution chrome=107 in cache (valid until 21:49:49 03/11/2022 WIB)
21:12:23.693 [main] DEBUG io.github.bonigarcia.wdm.cache.ResolutionCache - Resolution chrome107=107.0.5304.62 in cache (valid until 16:49:12 04/11/2022 WIB)
21:12:23.695 [main] INFO io.github.bonigarcia.wdm.WebDriverManager - Using chromedriver 107.0.5304.62 (resolved driver for Chrome 107)
21:12:23.710 [main] DEBUG io.github.bonigarcia.wdm.WebDriverManager - Driver chromedriver 107.0.5304.62 found in cache
21:12:23.710 [main] INFO io.github.bonigarcia.wdm.WebDriverManager - Exporting webdriver.chrome.driver as C:\Users\ASUS\.cache\selenium\chromedriver\win32\107.0.5304.62\chromedriver.exe
21:12:23.858 [main] DEBUG net.serenitybdd.core.webdriver.driverproviders.ProvideNewDriver - Instantiating driver
21:12:23.858 [main] DEBUG net.serenitybdd.core.webdriver.driverproviders.ProvideNewDriver - Driver capabilities: Capabilities {acceptInsecureCerts: false, base.url: https://alta-shop.vercel.app/, browserName: chrome, chrome.driver: src/test/resources/webdrive..., driver: chrome, goog:chromeOptions: {args: [], extensions: []}, wait.for.timeout: 10000}
21:12:24.408 [AsyncHttpClient-1-14] DEBUG org.asynchttpclient.netty.channel.NettyConnectListener - Using new Channel '[id: 0x7e0f9076, L:/127.0.0.1:50161 - R:localhost/127.0.0.1:55190]' for 'POST' to '/session'
21:12:25.843 [AsyncHttpClient-1-14] DEBUG org.asynchttpclient.netty.handler.HttpHandler - 

Request DefaultHttpRequest(decodeResult: success, version: HTTP/1.1)
POST /session HTTP/1.1
User-Agent: selenium/4.1.2 (java windows)
Content-Length: 646
Content-Type: application/json; charset=utf-8
host: localhost:55190
accept: */*

Response DefaultHttpResponse(decodeResult: success, version: HTTP/1.1)
HTTP/1.1 200 OK
Content-Type: application/json; charset=utf-8
cache-control: no-cache
content-length: 789

21:12:25.843 [AsyncHttpClient-1-14] DEBUG org.asynchttpclient.netty.channel.ChannelManager - Adding key: http://localhost:55190 for channel [id: 0x7e0f9076, L:/127.0.0.1:50161 - R:localhost/127.0.0.1:55190]
21:12:25.860 [AsyncHttpClient-1-15] DEBUG org.asynchttpclient.netty.channel.NettyConnectListener - Using new Channel '[id: 0xe39e864a, L:/127.0.0.1:50171 - R:localhost/127.0.0.1:50162]' for 'GET' to '/json/version'
21:12:25.867 [AsyncHttpClient-1-15] DEBUG org.asynchttpclient.netty.handler.HttpHandler - 

Request DefaultFullHttpRequest(decodeResult: success, version: HTTP/1.1, content: EmptyByteBufBE)
GET /json/version HTTP/1.1
User-Agent: selenium/4.1.2 (java windows)
host: localhost:50162
accept: */*

Response DefaultHttpResponse(decodeResult: success, version: HTTP/1.1)
HTTP/1.1 200 OK
Content-Type: application/json; charset=UTF-8
content-length: 423

21:12:25.867 [AsyncHttpClient-1-15] DEBUG org.asynchttpclient.netty.channel.ChannelManager - Adding key: http://localhost:50162 for channel [id: 0xe39e864a, L:/127.0.0.1:50171 - R:localhost/127.0.0.1:50162]
21:12:25.871 [AsyncHttpClient-1-16] DEBUG org.asynchttpclient.netty.channel.NettyConnectListener - Using new Channel '[id: 0x938febd3, L:/127.0.0.1:50172 - R:localhost/127.0.0.1:50162]' for 'GET' to '/devtools/browser/3885b5f7-33b7-4432-bd2a-c67f0627acea'
21:12:25.879 [AsyncHttpClient-1-16] DEBUG org.asynchttpclient.netty.handler.WebSocketHandler - 

Request DefaultFullHttpRequest(decodeResult: success, version: HTTP/1.1, content: EmptyByteBufBE)
GET /devtools/browser/3885b5f7-33b7-4432-bd2a-c67f0627acea HTTP/1.1
upgrade: websocket
connection: upgrade
sec-websocket-key: 4hd7cJzG6H6ejxjl5V4sfA==
sec-websocket-version: 13
origin: http://localhost:50162
host: localhost:50162
accept: */*
user-agent: AHC/2.1

Response DefaultHttpResponse(decodeResult: success, version: HTTP/1.1)
HTTP/1.1 101 WebSocket Protocol Handshake
Upgrade: WebSocket
Connection: Upgrade
Sec-WebSocket-Accept: KJ1nEzOcnNA6weyDXKtc4RlKHG0=

21:12:25.885 [Forwarding get on session 8d222403820cf6dda7904d4f332495eb to remote] DEBUG org.asynchttpclient.netty.request.NettyRequestSender - Using pooled Channel '[id: 0x7e0f9076, L:/127.0.0.1:50161 - R:localhost/127.0.0.1:55190]' for 'POST' to 'http://localhost:55190/session/8d222403820cf6dda7904d4f332495eb/url'
21:12:25.885 [Forwarding get on session 8d222403820cf6dda7904d4f332495eb to remote] DEBUG org.asynchttpclient.netty.request.NettyRequestSender - Using open Channel [id: 0x7e0f9076, L:/127.0.0.1:50161 - R:localhost/127.0.0.1:55190] for POST '/session/8d222403820cf6dda7904d4f332495eb/url'
21:12:26.688 [AsyncHttpClient-1-1] DEBUG org.asynchttpclient.netty.channel.DefaultChannelPool - Entry count for : http://localhost:50162 : 1
21:12:27.084 [AsyncHttpClient-1-14] DEBUG org.asynchttpclient.netty.handler.HttpHandler - 

Request DefaultHttpRequest(decodeResult: success, version: HTTP/1.1)
POST /session/8d222403820cf6dda7904d4f332495eb/url HTTP/1.1
User-Agent: selenium/4.1.2 (java windows)
Content-Length: 59
Content-Type: application/json; charset=utf-8
host: localhost:55190
accept: */*

Response DefaultHttpResponse(decodeResult: success, version: HTTP/1.1)
HTTP/1.1 200 OK
Content-Type: application/json; charset=utf-8
cache-control: no-cache
content-length: 14

21:12:27.084 [AsyncHttpClient-1-14] DEBUG org.asynchttpclient.netty.channel.ChannelManager - Adding key: http://localhost:55190 for channel [id: 0x7e0f9076, L:/127.0.0.1:50161 - R:localhost/127.0.0.1:55190]
21:12:27.085 [Forwarding setTimeout on session 8d222403820cf6dda7904d4f332495eb to remote] DEBUG org.asynchttpclient.netty.request.NettyRequestSender - Using pooled Channel '[id: 0x7e0f9076, L:/127.0.0.1:50161 - R:localhost/127.0.0.1:55190]' for 'POST' to 'http://localhost:55190/session/8d222403820cf6dda7904d4f332495eb/timeouts'
21:12:27.085 [Forwarding setTimeout on session 8d222403820cf6dda7904d4f332495eb to remote] DEBUG org.asynchttpclient.netty.request.NettyRequestSender - Using open Channel [id: 0x7e0f9076, L:/127.0.0.1:50161 - R:localhost/127.0.0.1:55190] for POST '/session/8d222403820cf6dda7904d4f332495eb/timeouts'
21:12:27.086 [AsyncHttpClient-1-14] DEBUG org.asynchttpclient.netty.handler.HttpHandler - 

Request DefaultHttpRequest(decodeResult: success, version: HTTP/1.1)
POST /session/8d222403820cf6dda7904d4f332495eb/timeouts HTTP/1.1
User-Agent: selenium/4.1.2 (java windows)
Content-Length: 22
Content-Type: application/json; charset=utf-8
host: localhost:55190
accept: */*

Response DefaultHttpResponse(decodeResult: success, version: HTTP/1.1)
HTTP/1.1 200 OK
Content-Type: application/json; charset=utf-8
cache-control: no-cache
content-length: 14

21:12:27.086 [AsyncHttpClient-1-14] DEBUG org.asynchttpclient.netty.channel.ChannelManager - Adding key: http://localhost:55190 for channel [id: 0x7e0f9076, L:/127.0.0.1:50161 - R:localhost/127.0.0.1:55190]
21:12:27.089 [Forwarding getCurrentUrl on session 8d222403820cf6dda7904d4f332495eb to remote] DEBUG org.asynchttpclient.netty.request.NettyRequestSender - Using pooled Channel '[id: 0x7e0f9076, L:/127.0.0.1:50161 - R:localhost/127.0.0.1:55190]' for 'GET' to 'http://localhost:55190/session/8d222403820cf6dda7904d4f332495eb/url'
21:12:27.089 [Forwarding getCurrentUrl on session 8d222403820cf6dda7904d4f332495eb to remote] DEBUG org.asynchttpclient.netty.request.NettyRequestSender - Using open Channel [id: 0x7e0f9076, L:/127.0.0.1:50161 - R:localhost/127.0.0.1:55190] for GET '/session/8d222403820cf6dda7904d4f332495eb/url'
21:12:27.094 [AsyncHttpClient-1-14] DEBUG org.asynchttpclient.netty.handler.HttpHandler - 

Request DefaultFullHttpRequest(decodeResult: success, version: HTTP/1.1, content: EmptyByteBufBE)
GET /session/8d222403820cf6dda7904d4f332495eb/url HTTP/1.1
User-Agent: selenium/4.1.2 (java windows)
Cache-Control: no-cache
Content-Type: application/json; charset=utf-8
host: localhost:55190
accept: */*

Response DefaultHttpResponse(decodeResult: success, version: HTTP/1.1)
HTTP/1.1 200 OK
Content-Type: application/json; charset=utf-8
cache-control: no-cache
content-length: 41

21:12:27.094 [AsyncHttpClient-1-14] DEBUG org.asynchttpclient.netty.channel.ChannelManager - Adding key: http://localhost:55190 for channel [id: 0x7e0f9076, L:/127.0.0.1:50161 - R:localhost/127.0.0.1:55190]
  &amp#27;[32mGiven &amp#27;[0m&amp#27;[32mI open homepage url&amp#27;[0m               &amp#27;[90m# starter.stepdefinitions.CartSteps.iOpenHomepageUrl()&amp#27;[0m
21:12:27.099 [Forwarding screenshot on session 8d222403820cf6dda7904d4f332495eb to remote] DEBUG org.asynchttpclient.netty.request.NettyRequestSender - Using pooled Channel '[id: 0x7e0f9076, L:/127.0.0.1:50161 - R:localhost/127.0.0.1:55190]' for 'GET' to 'http://localhost:55190/session/8d222403820cf6dda7904d4f332495eb/screenshot'
21:12:27.099 [Forwarding screenshot on session 8d222403820cf6dda7904d4f332495eb to remote] DEBUG org.asynchttpclient.netty.request.NettyRequestSender - Using open Channel [id: 0x7e0f9076, L:/127.0.0.1:50161 - R:localhost/127.0.0.1:55190] for GET '/session/8d222403820cf6dda7904d4f332495eb/screenshot'
21:12:27.603 [AsyncHttpClient-1-14] DEBUG org.asynchttpclient.netty.handler.HttpHandler - 

Request DefaultFullHttpRequest(decodeResult: success, version: HTTP/1.1, content: EmptyByteBufBE)
GET /session/8d222403820cf6dda7904d4f332495eb/screenshot HTTP/1.1
User-Agent: selenium/4.1.2 (java windows)
Cache-Control: no-cache
Content-Type: application/json; charset=utf-8
host: localhost:55190
accept: */*

Response DefaultHttpResponse(decodeResult: success, version: HTTP/1.1)
HTTP/1.1 200 OK
Content-Type: application/json; charset=utf-8
cache-control: no-cache
content-length: 39820

21:12:27.604 [AsyncHttpClient-1-14] DEBUG org.asynchttpclient.netty.channel.ChannelManager - Adding key: http://localhost:55190 for channel [id: 0x7e0f9076, L:/127.0.0.1:50161 - R:localhost/127.0.0.1:55190]
21:12:27.608 [main] DEBUG net.serenitybdd.core.photography.Darkroom - Send negative for processing for target\site\serenity\aeec3dc91db1323d95d6ac1bd91c02818b3b4fd316f683ba61d4a360892427f9.png
21:12:27.609 [Darkroom Processing Line] DEBUG net.serenitybdd.core.photography.DarkroomProcessingLine - Processing screenshot image in /var/screenshots/screenshot-13785224426797889958
21:12:27.609 [Darkroom Processing Line] DEBUG net.serenitybdd.core.photography.DarkroomProcessingLine - Saving screenshot to target\site\serenity\aeec3dc91db1323d95d6ac1bd91c02818b3b4fd316f683ba61d4a360892427f9.png
21:12:27.616 [Forwarding get on session 8d222403820cf6dda7904d4f332495eb to remote] DEBUG org.asynchttpclient.netty.request.NettyRequestSender - Using pooled Channel '[id: 0x7e0f9076, L:/127.0.0.1:50161 - R:localhost/127.0.0.1:55190]' for 'POST' to 'http://localhost:55190/session/8d222403820cf6dda7904d4f332495eb/url'
21:12:27.616 [Forwarding get on session 8d222403820cf6dda7904d4f332495eb to remote] DEBUG org.asynchttpclient.netty.request.NettyRequestSender - Using open Channel [id: 0x7e0f9076, L:/127.0.0.1:50161 - R:localhost/127.0.0.1:55190] for POST '/session/8d222403820cf6dda7904d4f332495eb/url'
21:12:27.787 [AsyncHttpClient-1-1] DEBUG org.asynchttpclient.netty.channel.DefaultChannelPool - Entry count for : http://localhost:50162 : 1
21:12:27.814 [AsyncHttpClient-1-14] DEBUG org.asynchttpclient.netty.handler.HttpHandler - 

Request DefaultHttpRequest(decodeResult: success, version: HTTP/1.1)
POST /session/8d222403820cf6dda7904d4f332495eb/url HTTP/1.1
User-Agent: selenium/4.1.2 (java windows)
Content-Length: 59
Content-Type: application/json; charset=utf-8
host: localhost:55190
accept: */*

Response DefaultHttpResponse(decodeResult: success, version: HTTP/1.1)
HTTP/1.1 200 OK
Content-Type: application/json; charset=utf-8
cache-control: no-cache
content-length: 14

21:12:27.815 [AsyncHttpClient-1-14] DEBUG org.asynchttpclient.netty.channel.ChannelManager - Adding key: http://localhost:55190 for channel [id: 0x7e0f9076, L:/127.0.0.1:50161 - R:localhost/127.0.0.1:55190]
21:12:27.817 [Forwarding getCurrentUrl on session 8d222403820cf6dda7904d4f332495eb to remote] DEBUG org.asynchttpclient.netty.request.NettyRequestSender - Using pooled Channel '[id: 0x7e0f9076, L:/127.0.0.1:50161 - R:localhost/127.0.0.1:55190]' for 'GET' to 'http://localhost:55190/session/8d222403820cf6dda7904d4f332495eb/url'
21:12:27.817 [Forwarding getCurrentUrl on session 8d222403820cf6dda7904d4f332495eb to remote] DEBUG org.asynchttpclient.netty.request.NettyRequestSender - Using open Channel [id: 0x7e0f9076, L:/127.0.0.1:50161 - R:localhost/127.0.0.1:55190] for GET '/session/8d222403820cf6dda7904d4f332495eb/url'
21:12:27.823 [AsyncHttpClient-1-14] DEBUG org.asynchttpclient.netty.handler.HttpHandler - 

Request DefaultFullHttpRequest(decodeResult: success, version: HTTP/1.1, content: EmptyByteBufBE)
GET /session/8d222403820cf6dda7904d4f332495eb/url HTTP/1.1
User-Agent: selenium/4.1.2 (java windows)
Cache-Control: no-cache
Content-Type: application/json; charset=utf-8
host: localhost:55190
accept: */*

Response DefaultHttpResponse(decodeResult: success, version: HTTP/1.1)
HTTP/1.1 200 OK
Content-Type: application/json; charset=utf-8
cache-control: no-cache
content-length: 41

21:12:27.823 [AsyncHttpClient-1-14] DEBUG org.asynchttpclient.netty.channel.ChannelManager - Adding key: http://localhost:55190 for channel [id: 0x7e0f9076, L:/127.0.0.1:50161 - R:localhost/127.0.0.1:55190]
21:12:27.831 [Forwarding findElement on session 8d222403820cf6dda7904d4f332495eb to remote] DEBUG org.asynchttpclient.netty.request.NettyRequestSender - Using pooled Channel '[id: 0x7e0f9076, L:/127.0.0.1:50161 - R:localhost/127.0.0.1:55190]' for 'POST' to 'http://localhost:55190/session/8d222403820cf6dda7904d4f332495eb/element'
21:12:27.831 [Forwarding findElement on session 8d222403820cf6dda7904d4f332495eb to remote] DEBUG org.asynchttpclient.netty.request.NettyRequestSender - Using open Channel [id: 0x7e0f9076, L:/127.0.0.1:50161 - R:localhost/127.0.0.1:55190] for POST '/session/8d222403820cf6dda7904d4f332495eb/element'
21:12:28.894 [AsyncHttpClient-1-1] DEBUG org.asynchttpclient.netty.channel.DefaultChannelPool - Entry count for : http://localhost:50162 : 1
21:12:29.984 [AsyncHttpClient-1-14] DEBUG org.asynchttpclient.netty.handler.HttpHandler - 

Request DefaultHttpRequest(decodeResult: success, version: HTTP/1.1)
POST /session/8d222403820cf6dda7904d4f332495eb/element HTTP/1.1
User-Agent: selenium/4.1.2 (java windows)
Content-Length: 85
Content-Type: application/json; charset=utf-8
host: localhost:55190
accept: */*

Response DefaultHttpResponse(decodeResult: success, version: HTTP/1.1)
HTTP/1.1 200 OK
Content-Type: application/json; charset=utf-8
cache-control: no-cache
content-length: 88

21:12:29.984 [AsyncHttpClient-1-14] DEBUG org.asynchttpclient.netty.channel.ChannelManager - Adding key: http://localhost:55190 for channel [id: 0x7e0f9076, L:/127.0.0.1:50161 - R:localhost/127.0.0.1:55190]
21:12:29.985 [Forwarding getElementTagName on session 8d222403820cf6dda7904d4f332495eb to remote] DEBUG org.asynchttpclient.netty.request.NettyRequestSender - Using pooled Channel '[id: 0x7e0f9076, L:/127.0.0.1:50161 - R:localhost/127.0.0.1:55190]' for 'GET' to 'http://localhost:55190/session/8d222403820cf6dda7904d4f332495eb/element/89911c84-166d-41ae-994c-bb2efe570c7b/name'
21:12:29.985 [Forwarding getElementTagName on session 8d222403820cf6dda7904d4f332495eb to remote] DEBUG org.asynchttpclient.netty.request.NettyRequestSender - Using open Channel [id: 0x7e0f9076, L:/127.0.0.1:50161 - R:localhost/127.0.0.1:55190] for GET '/session/8d222403820cf6dda7904d4f332495eb/element/89911c84-166d-41ae-994c-bb2efe570c7b/name'
21:12:29.987 [AsyncHttpClient-1-1] DEBUG org.asynchttpclient.netty.channel.DefaultChannelPool - Entry count for : http://localhost:50162 : 1
21:12:29.989 [AsyncHttpClient-1-14] DEBUG org.asynchttpclient.netty.handler.HttpHandler - 

Request DefaultFullHttpRequest(decodeResult: success, version: HTTP/1.1, content: EmptyByteBufBE)
GET /session/8d222403820cf6dda7904d4f332495eb/element/89911c84-166d-41ae-994c-bb2efe570c7b/name HTTP/1.1
User-Agent: selenium/4.1.2 (java windows)
Cache-Control: no-cache
Content-Type: application/json; charset=utf-8
host: localhost:55190
accept: */*

Response DefaultHttpResponse(decodeResult: success, version: HTTP/1.1)
HTTP/1.1 200 OK
Content-Type: application/json; charset=utf-8
cache-control: no-cache
content-length: 16

21:12:29.990 [AsyncHttpClient-1-14] DEBUG org.asynchttpclient.netty.channel.ChannelManager - Adding key: http://localhost:55190 for channel [id: 0x7e0f9076, L:/127.0.0.1:50161 - R:localhost/127.0.0.1:55190]
21:12:29.991 [Forwarding getElementTagName on session 8d222403820cf6dda7904d4f332495eb to remote] DEBUG org.asynchttpclient.netty.request.NettyRequestSender - Using pooled Channel '[id: 0x7e0f9076, L:/127.0.0.1:50161 - R:localhost/127.0.0.1:55190]' for 'GET' to 'http://localhost:55190/session/8d222403820cf6dda7904d4f332495eb/element/89911c84-166d-41ae-994c-bb2efe570c7b/name'
21:12:29.991 [Forwarding getElementTagName on session 8d222403820cf6dda7904d4f332495eb to remote] DEBUG org.asynchttpclient.netty.request.NettyRequestSender - Using open Channel [id: 0x7e0f9076, L:/127.0.0.1:50161 - R:localhost/127.0.0.1:55190] for GET '/session/8d222403820cf6dda7904d4f332495eb/element/89911c84-166d-41ae-994c-bb2efe570c7b/name'
21:12:29.994 [AsyncHttpClient-1-14] DEBUG org.asynchttpclient.netty.handler.HttpHandler - 

Request DefaultFullHttpRequest(decodeResult: success, version: HTTP/1.1, content: EmptyByteBufBE)
GET /session/8d222403820cf6dda7904d4f332495eb/element/89911c84-166d-41ae-994c-bb2efe570c7b/name HTTP/1.1
User-Agent: selenium/4.1.2 (java windows)
Cache-Control: no-cache
Content-Type: application/json; charset=utf-8
host: localhost:55190
accept: */*

Response DefaultHttpResponse(decodeResult: success, version: HTTP/1.1)
HTTP/1.1 200 OK
Content-Type: application/json; charset=utf-8
cache-control: no-cache
content-length: 16

21:12:29.994 [AsyncHttpClient-1-14] DEBUG org.asynchttpclient.netty.channel.ChannelManager - Adding key: http://localhost:55190 for channel [id: 0x7e0f9076, L:/127.0.0.1:50161 - R:localhost/127.0.0.1:55190]
21:12:29.997 [Forwarding findElement on session 8d222403820cf6dda7904d4f332495eb to remote] DEBUG org.asynchttpclient.netty.request.NettyRequestSender - Using pooled Channel '[id: 0x7e0f9076, L:/127.0.0.1:50161 - R:localhost/127.0.0.1:55190]' for 'POST' to 'http://localhost:55190/session/8d222403820cf6dda7904d4f332495eb/element'
21:12:29.997 [Forwarding findElement on session 8d222403820cf6dda7904d4f332495eb to remote] DEBUG org.asynchttpclient.netty.request.NettyRequestSender - Using open Channel [id: 0x7e0f9076, L:/127.0.0.1:50161 - R:localhost/127.0.0.1:55190] for POST '/session/8d222403820cf6dda7904d4f332495eb/element'
21:12:30.005 [AsyncHttpClient-1-14] DEBUG org.asynchttpclient.netty.handler.HttpHandler - 

Request DefaultHttpRequest(decodeResult: success, version: HTTP/1.1)
POST /session/8d222403820cf6dda7904d4f332495eb/element HTTP/1.1
User-Agent: selenium/4.1.2 (java windows)
Content-Length: 85
Content-Type: application/json; charset=utf-8
host: localhost:55190
accept: */*

Response DefaultHttpResponse(decodeResult: success, version: HTTP/1.1)
HTTP/1.1 200 OK
Content-Type: application/json; charset=utf-8
cache-control: no-cache
content-length: 88

21:12:30.005 [AsyncHttpClient-1-14] DEBUG org.asynchttpclient.netty.channel.ChannelManager - Adding key: http://localhost:55190 for channel [id: 0x7e0f9076, L:/127.0.0.1:50161 - R:localhost/127.0.0.1:55190]
21:12:30.006 [Forwarding clickElement on session 8d222403820cf6dda7904d4f332495eb to remote] DEBUG org.asynchttpclient.netty.request.NettyRequestSender - Using pooled Channel '[id: 0x7e0f9076, L:/127.0.0.1:50161 - R:localhost/127.0.0.1:55190]' for 'POST' to 'http://localhost:55190/session/8d222403820cf6dda7904d4f332495eb/element/89911c84-166d-41ae-994c-bb2efe570c7b/click'
21:12:30.006 [Forwarding clickElement on session 8d222403820cf6dda7904d4f332495eb to remote] DEBUG org.asynchttpclient.netty.request.NettyRequestSender - Using open Channel [id: 0x7e0f9076, L:/127.0.0.1:50161 - R:localhost/127.0.0.1:55190] for POST '/session/8d222403820cf6dda7904d4f332495eb/element/89911c84-166d-41ae-994c-bb2efe570c7b/click'
21:12:30.068 [AsyncHttpClient-1-14] DEBUG org.asynchttpclient.netty.handler.HttpHandler - 

Request DefaultHttpRequest(decodeResult: success, version: HTTP/1.1)
POST /session/8d222403820cf6dda7904d4f332495eb/element/89911c84-166d-41ae-994c-bb2efe570c7b/click HTTP/1.1
User-Agent: selenium/4.1.2 (java windows)
Content-Length: 50
Content-Type: application/json; charset=utf-8
host: localhost:55190
accept: */*

Response DefaultHttpResponse(decodeResult: success, version: HTTP/1.1)
HTTP/1.1 200 OK
Content-Type: application/json; charset=utf-8
cache-control: no-cache
content-length: 14

21:12:30.068 [AsyncHttpClient-1-14] DEBUG org.asynchttpclient.netty.channel.ChannelManager - Adding key: http://localhost:55190 for channel [id: 0x7e0f9076, L:/127.0.0.1:50161 - R:localhost/127.0.0.1:55190]
21:12:30.073 [Forwarding findElement on session 8d222403820cf6dda7904d4f332495eb to remote] DEBUG org.asynchttpclient.netty.request.NettyRequestSender - Using pooled Channel '[id: 0x7e0f9076, L:/127.0.0.1:50161 - R:localhost/127.0.0.1:55190]' for 'POST' to 'http://localhost:55190/session/8d222403820cf6dda7904d4f332495eb/element'
21:12:30.073 [Forwarding findElement on session 8d222403820cf6dda7904d4f332495eb to remote] DEBUG org.asynchttpclient.netty.request.NettyRequestSender - Using open Channel [id: 0x7e0f9076, L:/127.0.0.1:50161 - R:localhost/127.0.0.1:55190] for POST '/session/8d222403820cf6dda7904d4f332495eb/element'
21:12:30.083 [AsyncHttpClient-1-14] DEBUG org.asynchttpclient.netty.handler.HttpHandler - 

Request DefaultHttpRequest(decodeResult: success, version: HTTP/1.1)
POST /session/8d222403820cf6dda7904d4f332495eb/element HTTP/1.1
User-Agent: selenium/4.1.2 (java windows)
Content-Length: 85
Content-Type: application/json; charset=utf-8
host: localhost:55190
accept: */*

Response DefaultHttpResponse(decodeResult: success, version: HTTP/1.1)
HTTP/1.1 200 OK
Content-Type: application/json; charset=utf-8
cache-control: no-cache
content-length: 88

21:12:30.083 [AsyncHttpClient-1-14] DEBUG org.asynchttpclient.netty.channel.ChannelManager - Adding key: http://localhost:55190 for channel [id: 0x7e0f9076, L:/127.0.0.1:50161 - R:localhost/127.0.0.1:55190]
21:12:30.085 [Forwarding getElementTagName on session 8d222403820cf6dda7904d4f332495eb to remote] DEBUG org.asynchttpclient.netty.request.NettyRequestSender - Using pooled Channel '[id: 0x7e0f9076, L:/127.0.0.1:50161 - R:localhost/127.0.0.1:55190]' for 'GET' to 'http://localhost:55190/session/8d222403820cf6dda7904d4f332495eb/element/89911c84-166d-41ae-994c-bb2efe570c7b/name'
21:12:30.085 [Forwarding getElementTagName on session 8d222403820cf6dda7904d4f332495eb to remote] DEBUG org.asynchttpclient.netty.request.NettyRequestSender - Using open Channel [id: 0x7e0f9076, L:/127.0.0.1:50161 - R:localhost/127.0.0.1:55190] for GET '/session/8d222403820cf6dda7904d4f332495eb/element/89911c84-166d-41ae-994c-bb2efe570c7b/name'
21:12:30.091 [AsyncHttpClient-1-14] DEBUG org.asynchttpclient.netty.handler.HttpHandler - 

Request DefaultFullHttpRequest(decodeResult: success, version: HTTP/1.1, content: EmptyByteBufBE)
GET /session/8d222403820cf6dda7904d4f332495eb/element/89911c84-166d-41ae-994c-bb2efe570c7b/name HTTP/1.1
User-Agent: selenium/4.1.2 (java windows)
Cache-Control: no-cache
Content-Type: application/json; charset=utf-8
host: localhost:55190
accept: */*

Response DefaultHttpResponse(decodeResult: success, version: HTTP/1.1)
HTTP/1.1 200 OK
Content-Type: application/json; charset=utf-8
cache-control: no-cache
content-length: 16

21:12:30.091 [AsyncHttpClient-1-14] DEBUG org.asynchttpclient.netty.channel.ChannelManager - Adding key: http://localhost:55190 for channel [id: 0x7e0f9076, L:/127.0.0.1:50161 - R:localhost/127.0.0.1:55190]
21:12:30.093 [Forwarding getElementTagName on session 8d222403820cf6dda7904d4f332495eb to remote] DEBUG org.asynchttpclient.netty.request.NettyRequestSender - Using pooled Channel '[id: 0x7e0f9076, L:/127.0.0.1:50161 - R:localhost/127.0.0.1:55190]' for 'GET' to 'http://localhost:55190/session/8d222403820cf6dda7904d4f332495eb/element/89911c84-166d-41ae-994c-bb2efe570c7b/name'
21:12:30.093 [Forwarding getElementTagName on session 8d222403820cf6dda7904d4f332495eb to remote] DEBUG org.asynchttpclient.netty.request.NettyRequestSender - Using open Channel [id: 0x7e0f9076, L:/127.0.0.1:50161 - R:localhost/127.0.0.1:55190] for GET '/session/8d222403820cf6dda7904d4f332495eb/element/89911c84-166d-41ae-994c-bb2efe570c7b/name'
21:12:30.098 [AsyncHttpClient-1-14] DEBUG org.asynchttpclient.netty.handler.HttpHandler - 

Request DefaultFullHttpRequest(decodeResult: success, version: HTTP/1.1, content: EmptyByteBufBE)
GET /session/8d222403820cf6dda7904d4f332495eb/element/89911c84-166d-41ae-994c-bb2efe570c7b/name HTTP/1.1
User-Agent: selenium/4.1.2 (java windows)
Cache-Control: no-cache
Content-Type: application/json; charset=utf-8
host: localhost:55190
accept: */*

Response DefaultHttpResponse(decodeResult: success, version: HTTP/1.1)
HTTP/1.1 200 OK
Content-Type: application/json; charset=utf-8
cache-control: no-cache
content-length: 16

21:12:30.098 [AsyncHttpClient-1-14] DEBUG org.asynchttpclient.netty.channel.ChannelManager - Adding key: http://localhost:55190 for channel [id: 0x7e0f9076, L:/127.0.0.1:50161 - R:localhost/127.0.0.1:55190]
21:12:30.101 [Forwarding findElement on session 8d222403820cf6dda7904d4f332495eb to remote] DEBUG org.asynchttpclient.netty.request.NettyRequestSender - Using pooled Channel '[id: 0x7e0f9076, L:/127.0.0.1:50161 - R:localhost/127.0.0.1:55190]' for 'POST' to 'http://localhost:55190/session/8d222403820cf6dda7904d4f332495eb/element'
21:12:30.101 [Forwarding findElement on session 8d222403820cf6dda7904d4f332495eb to remote] DEBUG org.asynchttpclient.netty.request.NettyRequestSender - Using open Channel [id: 0x7e0f9076, L:/127.0.0.1:50161 - R:localhost/127.0.0.1:55190] for POST '/session/8d222403820cf6dda7904d4f332495eb/element'
21:12:30.113 [AsyncHttpClient-1-14] DEBUG org.asynchttpclient.netty.handler.HttpHandler - 

Request DefaultHttpRequest(decodeResult: success, version: HTTP/1.1)
POST /session/8d222403820cf6dda7904d4f332495eb/element HTTP/1.1
User-Agent: selenium/4.1.2 (java windows)
Content-Length: 85
Content-Type: application/json; charset=utf-8
host: localhost:55190
accept: */*

Response DefaultHttpResponse(decodeResult: success, version: HTTP/1.1)
HTTP/1.1 200 OK
Content-Type: application/json; charset=utf-8
cache-control: no-cache
content-length: 88

21:12:30.114 [AsyncHttpClient-1-14] DEBUG org.asynchttpclient.netty.channel.ChannelManager - Adding key: http://localhost:55190 for channel [id: 0x7e0f9076, L:/127.0.0.1:50161 - R:localhost/127.0.0.1:55190]
21:12:30.115 [Forwarding clickElement on session 8d222403820cf6dda7904d4f332495eb to remote] DEBUG org.asynchttpclient.netty.request.NettyRequestSender - Using pooled Channel '[id: 0x7e0f9076, L:/127.0.0.1:50161 - R:localhost/127.0.0.1:55190]' for 'POST' to 'http://localhost:55190/session/8d222403820cf6dda7904d4f332495eb/element/89911c84-166d-41ae-994c-bb2efe570c7b/click'
21:12:30.116 [Forwarding clickElement on session 8d222403820cf6dda7904d4f332495eb to remote] DEBUG org.asynchttpclient.netty.request.NettyRequestSender - Using open Channel [id: 0x7e0f9076, L:/127.0.0.1:50161 - R:localhost/127.0.0.1:55190] for POST '/session/8d222403820cf6dda7904d4f332495eb/element/89911c84-166d-41ae-994c-bb2efe570c7b/click'
21:12:30.178 [AsyncHttpClient-1-14] DEBUG org.asynchttpclient.netty.handler.HttpHandler - 

Request DefaultHttpRequest(decodeResult: success, version: HTTP/1.1)
POST /session/8d222403820cf6dda7904d4f332495eb/element/89911c84-166d-41ae-994c-bb2efe570c7b/click HTTP/1.1
User-Agent: selenium/4.1.2 (java windows)
Content-Length: 50
Content-Type: application/json; charset=utf-8
host: localhost:55190
accept: */*

Response DefaultHttpResponse(decodeResult: success, version: HTTP/1.1)
HTTP/1.1 200 OK
Content-Type: application/json; charset=utf-8
cache-control: no-cache
content-length: 14

21:12:30.178 [AsyncHttpClient-1-14] DEBUG org.asynchttpclient.netty.channel.ChannelManager - Adding key: http://localhost:55190 for channel [id: 0x7e0f9076, L:/127.0.0.1:50161 - R:localhost/127.0.0.1:55190]
  &amp#27;[32mAnd &amp#27;[0m&amp#27;[32mI buy two of the products&amp#27;[0m           &amp#27;[90m# starter.stepdefinitions.CartSteps.iBuyTwoOfTheProducts()&amp#27;[0m
21:12:30.186 [Forwarding screenshot on session 8d222403820cf6dda7904d4f332495eb to remote] DEBUG org.asynchttpclient.netty.request.NettyRequestSender - Using pooled Channel '[id: 0x7e0f9076, L:/127.0.0.1:50161 - R:localhost/127.0.0.1:55190]' for 'GET' to 'http://localhost:55190/session/8d222403820cf6dda7904d4f332495eb/screenshot'
21:12:30.186 [Forwarding screenshot on session 8d222403820cf6dda7904d4f332495eb to remote] DEBUG org.asynchttpclient.netty.request.NettyRequestSender - Using open Channel [id: 0x7e0f9076, L:/127.0.0.1:50161 - R:localhost/127.0.0.1:55190] for GET '/session/8d222403820cf6dda7904d4f332495eb/screenshot'
21:12:30.449 [AsyncHttpClient-1-14] DEBUG org.asynchttpclient.netty.handler.HttpHandler - 

Request DefaultFullHttpRequest(decodeResult: success, version: HTTP/1.1, content: EmptyByteBufBE)
GET /session/8d222403820cf6dda7904d4f332495eb/screenshot HTTP/1.1
User-Agent: selenium/4.1.2 (java windows)
Cache-Control: no-cache
Content-Type: application/json; charset=utf-8
host: localhost:55190
accept: */*

Response DefaultHttpResponse(decodeResult: success, version: HTTP/1.1)
HTTP/1.1 200 OK
Content-Type: application/json; charset=utf-8
cache-control: no-cache
content-length: 77992

21:12:30.450 [AsyncHttpClient-1-14] DEBUG org.asynchttpclient.netty.channel.ChannelManager - Adding key: http://localhost:55190 for channel [id: 0x7e0f9076, L:/127.0.0.1:50161 - R:localhost/127.0.0.1:55190]
21:12:30.454 [main] DEBUG net.serenitybdd.core.photography.Darkroom - Send negative for processing for target\site\serenity\d1e21eb70ee191cc5a58f71b151d0745ad4e6964576fa601c82675180d8bf973.png
21:12:30.454 [Darkroom Processing Line] DEBUG net.serenitybdd.core.photography.DarkroomProcessingLine - Processing screenshot image in /var/screenshots/screenshot-1675760076025132178
21:12:30.455 [Darkroom Processing Line] DEBUG net.serenitybdd.core.photography.DarkroomProcessingLine - Saving screenshot to target\site\serenity\d1e21eb70ee191cc5a58f71b151d0745ad4e6964576fa601c82675180d8bf973.png
21:12:30.468 [Forwarding findElement on session 8d222403820cf6dda7904d4f332495eb to remote] DEBUG org.asynchttpclient.netty.request.NettyRequestSender - Using pooled Channel '[id: 0x7e0f9076, L:/127.0.0.1:50161 - R:localhost/127.0.0.1:55190]' for 'POST' to 'http://localhost:55190/session/8d222403820cf6dda7904d4f332495eb/element'
21:12:30.468 [Forwarding findElement on session 8d222403820cf6dda7904d4f332495eb to remote] DEBUG org.asynchttpclient.netty.request.NettyRequestSender - Using open Channel [id: 0x7e0f9076, L:/127.0.0.1:50161 - R:localhost/127.0.0.1:55190] for POST '/session/8d222403820cf6dda7904d4f332495eb/element'
21:12:30.481 [AsyncHttpClient-1-14] DEBUG org.asynchttpclient.netty.handler.HttpHandler - 

Request DefaultHttpRequest(decodeResult: success, version: HTTP/1.1)
POST /session/8d222403820cf6dda7904d4f332495eb/element HTTP/1.1
User-Agent: selenium/4.1.2 (java windows)
Content-Length: 88
Content-Type: application/json; charset=utf-8
host: localhost:55190
accept: */*

Response DefaultHttpResponse(decodeResult: success, version: HTTP/1.1)
HTTP/1.1 200 OK
Content-Type: application/json; charset=utf-8
cache-control: no-cache
content-length: 88

21:12:30.482 [AsyncHttpClient-1-14] DEBUG org.asynchttpclient.netty.channel.ChannelManager - Adding key: http://localhost:55190 for channel [id: 0x7e0f9076, L:/127.0.0.1:50161 - R:localhost/127.0.0.1:55190]
21:12:30.484 [Forwarding getElementTagName on session 8d222403820cf6dda7904d4f332495eb to remote] DEBUG org.asynchttpclient.netty.request.NettyRequestSender - Using pooled Channel '[id: 0x7e0f9076, L:/127.0.0.1:50161 - R:localhost/127.0.0.1:55190]' for 'GET' to 'http://localhost:55190/session/8d222403820cf6dda7904d4f332495eb/element/def14311-6655-49e4-91d3-dae8198591ad/name'
21:12:30.484 [Forwarding getElementTagName on session 8d222403820cf6dda7904d4f332495eb to remote] DEBUG org.asynchttpclient.netty.request.NettyRequestSender - Using open Channel [id: 0x7e0f9076, L:/127.0.0.1:50161 - R:localhost/127.0.0.1:55190] for GET '/session/8d222403820cf6dda7904d4f332495eb/element/def14311-6655-49e4-91d3-dae8198591ad/name'
21:12:30.489 [AsyncHttpClient-1-14] DEBUG org.asynchttpclient.netty.handler.HttpHandler - 

Request DefaultFullHttpRequest(decodeResult: success, version: HTTP/1.1, content: EmptyByteBufBE)
GET /session/8d222403820cf6dda7904d4f332495eb/element/def14311-6655-49e4-91d3-dae8198591ad/name HTTP/1.1
User-Agent: selenium/4.1.2 (java windows)
Cache-Control: no-cache
Content-Type: application/json; charset=utf-8
host: localhost:55190
accept: */*

Response DefaultHttpResponse(decodeResult: success, version: HTTP/1.1)
HTTP/1.1 200 OK
Content-Type: application/json; charset=utf-8
cache-control: no-cache
content-length: 13

21:12:30.490 [AsyncHttpClient-1-14] DEBUG org.asynchttpclient.netty.channel.ChannelManager - Adding key: http://localhost:55190 for channel [id: 0x7e0f9076, L:/127.0.0.1:50161 - R:localhost/127.0.0.1:55190]
21:12:30.491 [Forwarding getElementTagName on session 8d222403820cf6dda7904d4f332495eb to remote] DEBUG org.asynchttpclient.netty.request.NettyRequestSender - Using pooled Channel '[id: 0x7e0f9076, L:/127.0.0.1:50161 - R:localhost/127.0.0.1:55190]' for 'GET' to 'http://localhost:55190/session/8d222403820cf6dda7904d4f332495eb/element/def14311-6655-49e4-91d3-dae8198591ad/name'
21:12:30.492 [Forwarding getElementTagName on session 8d222403820cf6dda7904d4f332495eb to remote] DEBUG org.asynchttpclient.netty.request.NettyRequestSender - Using open Channel [id: 0x7e0f9076, L:/127.0.0.1:50161 - R:localhost/127.0.0.1:55190] for GET '/session/8d222403820cf6dda7904d4f332495eb/element/def14311-6655-49e4-91d3-dae8198591ad/name'
21:12:30.495 [AsyncHttpClient-1-14] DEBUG org.asynchttpclient.netty.handler.HttpHandler - 

Request DefaultFullHttpRequest(decodeResult: success, version: HTTP/1.1, content: EmptyByteBufBE)
GET /session/8d222403820cf6dda7904d4f332495eb/element/def14311-6655-49e4-91d3-dae8198591ad/name HTTP/1.1
User-Agent: selenium/4.1.2 (java windows)
Cache-Control: no-cache
Content-Type: application/json; charset=utf-8
host: localhost:55190
accept: */*

Response DefaultHttpResponse(decodeResult: success, version: HTTP/1.1)
HTTP/1.1 200 OK
Content-Type: application/json; charset=utf-8
cache-control: no-cache
content-length: 13

21:12:30.495 [AsyncHttpClient-1-14] DEBUG org.asynchttpclient.netty.channel.ChannelManager - Adding key: http://localhost:55190 for channel [id: 0x7e0f9076, L:/127.0.0.1:50161 - R:localhost/127.0.0.1:55190]
21:12:30.498 [Forwarding findElement on session 8d222403820cf6dda7904d4f332495eb to remote] DEBUG org.asynchttpclient.netty.request.NettyRequestSender - Using pooled Channel '[id: 0x7e0f9076, L:/127.0.0.1:50161 - R:localhost/127.0.0.1:55190]' for 'POST' to 'http://localhost:55190/session/8d222403820cf6dda7904d4f332495eb/element'
21:12:30.498 [Forwarding findElement on session 8d222403820cf6dda7904d4f332495eb to remote] DEBUG org.asynchttpclient.netty.request.NettyRequestSender - Using open Channel [id: 0x7e0f9076, L:/127.0.0.1:50161 - R:localhost/127.0.0.1:55190] for POST '/session/8d222403820cf6dda7904d4f332495eb/element'
21:12:30.508 [AsyncHttpClient-1-14] DEBUG org.asynchttpclient.netty.handler.HttpHandler - 

Request DefaultHttpRequest(decodeResult: success, version: HTTP/1.1)
POST /session/8d222403820cf6dda7904d4f332495eb/element HTTP/1.1
User-Agent: selenium/4.1.2 (java windows)
Content-Length: 88
Content-Type: application/json; charset=utf-8
host: localhost:55190
accept: */*

Response DefaultHttpResponse(decodeResult: success, version: HTTP/1.1)
HTTP/1.1 200 OK
Content-Type: application/json; charset=utf-8
cache-control: no-cache
content-length: 88

21:12:30.508 [AsyncHttpClient-1-14] DEBUG org.asynchttpclient.netty.channel.ChannelManager - Adding key: http://localhost:55190 for channel [id: 0x7e0f9076, L:/127.0.0.1:50161 - R:localhost/127.0.0.1:55190]
21:12:30.510 [Forwarding clickElement on session 8d222403820cf6dda7904d4f332495eb to remote] DEBUG org.asynchttpclient.netty.request.NettyRequestSender - Using pooled Channel '[id: 0x7e0f9076, L:/127.0.0.1:50161 - R:localhost/127.0.0.1:55190]' for 'POST' to 'http://localhost:55190/session/8d222403820cf6dda7904d4f332495eb/element/def14311-6655-49e4-91d3-dae8198591ad/click'
21:12:30.510 [Forwarding clickElement on session 8d222403820cf6dda7904d4f332495eb to remote] DEBUG org.asynchttpclient.netty.request.NettyRequestSender - Using open Channel [id: 0x7e0f9076, L:/127.0.0.1:50161 - R:localhost/127.0.0.1:55190] for POST '/session/8d222403820cf6dda7904d4f332495eb/element/def14311-6655-49e4-91d3-dae8198591ad/click'
21:12:30.552 [AsyncHttpClient-1-14] DEBUG org.asynchttpclient.netty.handler.HttpHandler - 

Request DefaultHttpRequest(decodeResult: success, version: HTTP/1.1)
POST /session/8d222403820cf6dda7904d4f332495eb/element/def14311-6655-49e4-91d3-dae8198591ad/click HTTP/1.1
User-Agent: selenium/4.1.2 (java windows)
Content-Length: 50
Content-Type: application/json; charset=utf-8
host: localhost:55190
accept: */*

Response DefaultHttpResponse(decodeResult: success, version: HTTP/1.1)
HTTP/1.1 200 OK
Content-Type: application/json; charset=utf-8
cache-control: no-cache
content-length: 14

21:12:30.552 [AsyncHttpClient-1-14] DEBUG org.asynchttpclient.netty.channel.ChannelManager - Adding key: http://localhost:55190 for channel [id: 0x7e0f9076, L:/127.0.0.1:50161 - R:localhost/127.0.0.1:55190]
  &amp#27;[32mWhen &amp#27;[0m&amp#27;[32mI open cart page&amp#27;[0m                   &amp#27;[90m# starter.stepdefinitions.CartSteps.iOpenCartPage()&amp#27;[0m
21:12:30.564 [Forwarding screenshot on session 8d222403820cf6dda7904d4f332495eb to remote] DEBUG org.asynchttpclient.netty.request.NettyRequestSender - Using pooled Channel '[id: 0x7e0f9076, L:/127.0.0.1:50161 - R:localhost/127.0.0.1:55190]' for 'GET' to 'http://localhost:55190/session/8d222403820cf6dda7904d4f332495eb/screenshot'
21:12:30.564 [Forwarding screenshot on session 8d222403820cf6dda7904d4f332495eb to remote] DEBUG org.asynchttpclient.netty.request.NettyRequestSender - Using open Channel [id: 0x7e0f9076, L:/127.0.0.1:50161 - R:localhost/127.0.0.1:55190] for GET '/session/8d222403820cf6dda7904d4f332495eb/screenshot'
21:12:31.054 [AsyncHttpClient-1-14] DEBUG org.asynchttpclient.netty.handler.HttpHandler - 

Request DefaultFullHttpRequest(decodeResult: success, version: HTTP/1.1, content: EmptyByteBufBE)
GET /session/8d222403820cf6dda7904d4f332495eb/screenshot HTTP/1.1
User-Agent: selenium/4.1.2 (java windows)
Cache-Control: no-cache
Content-Type: application/json; charset=utf-8
host: localhost:55190
accept: */*

Response DefaultHttpResponse(decodeResult: success, version: HTTP/1.1)
HTTP/1.1 200 OK
Content-Type: application/json; charset=utf-8
cache-control: no-cache
content-length: 50420

21:12:31.055 [AsyncHttpClient-1-14] DEBUG org.asynchttpclient.netty.channel.ChannelManager - Adding key: http://localhost:55190 for channel [id: 0x7e0f9076, L:/127.0.0.1:50161 - R:localhost/127.0.0.1:55190]
21:12:31.058 [main] DEBUG net.serenitybdd.core.photography.Darkroom - Send negative for processing for target\site\serenity\96bc7b8f61450eb39be396f97e851a91ea28c4bd973075edf862664dca87d338.png
21:12:31.059 [Darkroom Processing Line] DEBUG net.serenitybdd.core.photography.DarkroomProcessingLine - Processing screenshot image in /var/screenshots/screenshot-6012379883299822279
21:12:31.059 [Darkroom Processing Line] DEBUG net.serenitybdd.core.photography.DarkroomProcessingLine - Saving screenshot to target\site\serenity\96bc7b8f61450eb39be396f97e851a91ea28c4bd973075edf862664dca87d338.png
21:12:31.069 [Forwarding findElement on session 8d222403820cf6dda7904d4f332495eb to remote] DEBUG org.asynchttpclient.netty.request.NettyRequestSender - Using pooled Channel '[id: 0x7e0f9076, L:/127.0.0.1:50161 - R:localhost/127.0.0.1:55190]' for 'POST' to 'http://localhost:55190/session/8d222403820cf6dda7904d4f332495eb/element'
21:12:31.069 [Forwarding findElement on session 8d222403820cf6dda7904d4f332495eb to remote] DEBUG org.asynchttpclient.netty.request.NettyRequestSender - Using open Channel [id: 0x7e0f9076, L:/127.0.0.1:50161 - R:localhost/127.0.0.1:55190] for POST '/session/8d222403820cf6dda7904d4f332495eb/element'
21:12:31.086 [AsyncHttpClient-1-14] DEBUG org.asynchttpclient.netty.handler.HttpHandler - 

Request DefaultHttpRequest(decodeResult: success, version: HTTP/1.1)
POST /session/8d222403820cf6dda7904d4f332495eb/element HTTP/1.1
User-Agent: selenium/4.1.2 (java windows)
Content-Length: 77
Content-Type: application/json; charset=utf-8
host: localhost:55190
accept: */*

Response DefaultHttpResponse(decodeResult: success, version: HTTP/1.1)
HTTP/1.1 200 OK
Content-Type: application/json; charset=utf-8
cache-control: no-cache
content-length: 88

21:12:31.086 [AsyncHttpClient-1-14] DEBUG org.asynchttpclient.netty.channel.ChannelManager - Adding key: http://localhost:55190 for channel [id: 0x7e0f9076, L:/127.0.0.1:50161 - R:localhost/127.0.0.1:55190]
21:12:31.087 [AsyncHttpClient-1-1] DEBUG org.asynchttpclient.netty.channel.DefaultChannelPool - Entry count for : http://localhost:50162 : 1
21:12:31.087 [AsyncHttpClient-1-1] DEBUG org.asynchttpclient.netty.channel.DefaultChannelPool - Entry count for : http://localhost:55190 : 1
21:12:31.089 [Forwarding getElementTagName on session 8d222403820cf6dda7904d4f332495eb to remote] DEBUG org.asynchttpclient.netty.request.NettyRequestSender - Using pooled Channel '[id: 0x7e0f9076, L:/127.0.0.1:50161 - R:localhost/127.0.0.1:55190]' for 'GET' to 'http://localhost:55190/session/8d222403820cf6dda7904d4f332495eb/element/86b0d155-ee84-42f3-a12a-a45cfb4ee78c/name'
21:12:31.090 [Forwarding getElementTagName on session 8d222403820cf6dda7904d4f332495eb to remote] DEBUG org.asynchttpclient.netty.request.NettyRequestSender - Using open Channel [id: 0x7e0f9076, L:/127.0.0.1:50161 - R:localhost/127.0.0.1:55190] for GET '/session/8d222403820cf6dda7904d4f332495eb/element/86b0d155-ee84-42f3-a12a-a45cfb4ee78c/name'
21:12:31.094 [AsyncHttpClient-1-14] DEBUG org.asynchttpclient.netty.handler.HttpHandler - 

Request DefaultFullHttpRequest(decodeResult: success, version: HTTP/1.1, content: EmptyByteBufBE)
GET /session/8d222403820cf6dda7904d4f332495eb/element/86b0d155-ee84-42f3-a12a-a45cfb4ee78c/name HTTP/1.1
User-Agent: selenium/4.1.2 (java windows)
Cache-Control: no-cache
Content-Type: application/json; charset=utf-8
host: localhost:55190
accept: */*

Response DefaultHttpResponse(decodeResult: success, version: HTTP/1.1)
HTTP/1.1 200 OK
Content-Type: application/json; charset=utf-8
cache-control: no-cache
content-length: 16

21:12:31.095 [AsyncHttpClient-1-14] DEBUG org.asynchttpclient.netty.channel.ChannelManager - Adding key: http://localhost:55190 for channel [id: 0x7e0f9076, L:/127.0.0.1:50161 - R:localhost/127.0.0.1:55190]
21:12:31.096 [Forwarding getElementTagName on session 8d222403820cf6dda7904d4f332495eb to remote] DEBUG org.asynchttpclient.netty.request.NettyRequestSender - Using pooled Channel '[id: 0x7e0f9076, L:/127.0.0.1:50161 - R:localhost/127.0.0.1:55190]' for 'GET' to 'http://localhost:55190/session/8d222403820cf6dda7904d4f332495eb/element/86b0d155-ee84-42f3-a12a-a45cfb4ee78c/name'
21:12:31.096 [Forwarding getElementTagName on session 8d222403820cf6dda7904d4f332495eb to remote] DEBUG org.asynchttpclient.netty.request.NettyRequestSender - Using open Channel [id: 0x7e0f9076, L:/127.0.0.1:50161 - R:localhost/127.0.0.1:55190] for GET '/session/8d222403820cf6dda7904d4f332495eb/element/86b0d155-ee84-42f3-a12a-a45cfb4ee78c/name'
21:12:31.100 [AsyncHttpClient-1-14] DEBUG org.asynchttpclient.netty.handler.HttpHandler - 

Request DefaultFullHttpRequest(decodeResult: success, version: HTTP/1.1, content: EmptyByteBufBE)
GET /session/8d222403820cf6dda7904d4f332495eb/element/86b0d155-ee84-42f3-a12a-a45cfb4ee78c/name HTTP/1.1
User-Agent: selenium/4.1.2 (java windows)
Cache-Control: no-cache
Content-Type: application/json; charset=utf-8
host: localhost:55190
accept: */*

Response DefaultHttpResponse(decodeResult: success, version: HTTP/1.1)
HTTP/1.1 200 OK
Content-Type: application/json; charset=utf-8
cache-control: no-cache
content-length: 16

21:12:31.101 [AsyncHttpClient-1-14] DEBUG org.asynchttpclient.netty.channel.ChannelManager - Adding key: http://localhost:55190 for channel [id: 0x7e0f9076, L:/127.0.0.1:50161 - R:localhost/127.0.0.1:55190]
21:12:31.104 [Forwarding findElement on session 8d222403820cf6dda7904d4f332495eb to remote] DEBUG org.asynchttpclient.netty.request.NettyRequestSender - Using pooled Channel '[id: 0x7e0f9076, L:/127.0.0.1:50161 - R:localhost/127.0.0.1:55190]' for 'POST' to 'http://localhost:55190/session/8d222403820cf6dda7904d4f332495eb/element'
21:12:31.104 [Forwarding findElement on session 8d222403820cf6dda7904d4f332495eb to remote] DEBUG org.asynchttpclient.netty.request.NettyRequestSender - Using open Channel [id: 0x7e0f9076, L:/127.0.0.1:50161 - R:localhost/127.0.0.1:55190] for POST '/session/8d222403820cf6dda7904d4f332495eb/element'
21:12:31.112 [AsyncHttpClient-1-14] DEBUG org.asynchttpclient.netty.handler.HttpHandler - 

Request DefaultHttpRequest(decodeResult: success, version: HTTP/1.1)
POST /session/8d222403820cf6dda7904d4f332495eb/element HTTP/1.1
User-Agent: selenium/4.1.2 (java windows)
Content-Length: 77
Content-Type: application/json; charset=utf-8
host: localhost:55190
accept: */*

Response DefaultHttpResponse(decodeResult: success, version: HTTP/1.1)
HTTP/1.1 200 OK
Content-Type: application/json; charset=utf-8
cache-control: no-cache
content-length: 88

21:12:31.113 [AsyncHttpClient-1-14] DEBUG org.asynchttpclient.netty.channel.ChannelManager - Adding key: http://localhost:55190 for channel [id: 0x7e0f9076, L:/127.0.0.1:50161 - R:localhost/127.0.0.1:55190]
21:12:31.115 [Forwarding clickElement on session 8d222403820cf6dda7904d4f332495eb to remote] DEBUG org.asynchttpclient.netty.request.NettyRequestSender - Using pooled Channel '[id: 0x7e0f9076, L:/127.0.0.1:50161 - R:localhost/127.0.0.1:55190]' for 'POST' to 'http://localhost:55190/session/8d222403820cf6dda7904d4f332495eb/element/86b0d155-ee84-42f3-a12a-a45cfb4ee78c/click'
21:12:31.115 [Forwarding clickElement on session 8d222403820cf6dda7904d4f332495eb to remote] DEBUG org.asynchttpclient.netty.request.NettyRequestSender - Using open Channel [id: 0x7e0f9076, L:/127.0.0.1:50161 - R:localhost/127.0.0.1:55190] for POST '/session/8d222403820cf6dda7904d4f332495eb/element/86b0d155-ee84-42f3-a12a-a45cfb4ee78c/click'
21:12:31.158 [AsyncHttpClient-1-14] DEBUG org.asynchttpclient.netty.handler.HttpHandler - 

Request DefaultHttpRequest(decodeResult: success, version: HTTP/1.1)
POST /session/8d222403820cf6dda7904d4f332495eb/element/86b0d155-ee84-42f3-a12a-a45cfb4ee78c/click HTTP/1.1
User-Agent: selenium/4.1.2 (java windows)
Content-Length: 50
Content-Type: application/json; charset=utf-8
host: localhost:55190
accept: */*

Response DefaultHttpResponse(decodeResult: success, version: HTTP/1.1)
HTTP/1.1 200 OK
Content-Type: application/json; charset=utf-8
cache-control: no-cache
content-length: 14

21:12:31.158 [AsyncHttpClient-1-14] DEBUG org.asynchttpclient.netty.channel.ChannelManager - Adding key: http://localhost:55190 for channel [id: 0x7e0f9076, L:/127.0.0.1:50161 - R:localhost/127.0.0.1:55190]
  &amp#27;[32mAnd &amp#27;[0m&amp#27;[32mI click minus logo&amp#27;[0m                  &amp#27;[90m# starter.stepdefinitions.CartSteps.iClickMinusLogo()&amp#27;[0m
21:12:31.167 [Forwarding screenshot on session 8d222403820cf6dda7904d4f332495eb to remote] DEBUG org.asynchttpclient.netty.request.NettyRequestSender - Using pooled Channel '[id: 0x7e0f9076, L:/127.0.0.1:50161 - R:localhost/127.0.0.1:55190]' for 'GET' to 'http://localhost:55190/session/8d222403820cf6dda7904d4f332495eb/screenshot'
21:12:31.168 [Forwarding screenshot on session 8d222403820cf6dda7904d4f332495eb to remote] DEBUG org.asynchttpclient.netty.request.NettyRequestSender - Using open Channel [id: 0x7e0f9076, L:/127.0.0.1:50161 - R:localhost/127.0.0.1:55190] for GET '/session/8d222403820cf6dda7904d4f332495eb/screenshot'
21:12:31.341 [AsyncHttpClient-1-14] DEBUG org.asynchttpclient.netty.handler.HttpHandler - 

Request DefaultFullHttpRequest(decodeResult: success, version: HTTP/1.1, content: EmptyByteBufBE)
GET /session/8d222403820cf6dda7904d4f332495eb/screenshot HTTP/1.1
User-Agent: selenium/4.1.2 (java windows)
Cache-Control: no-cache
Content-Type: application/json; charset=utf-8
host: localhost:55190
accept: */*

Response DefaultHttpResponse(decodeResult: success, version: HTTP/1.1)
HTTP/1.1 200 OK
Content-Type: application/json; charset=utf-8
cache-control: no-cache
content-length: 48052

21:12:31.342 [AsyncHttpClient-1-14] DEBUG org.asynchttpclient.netty.channel.ChannelManager - Adding key: http://localhost:55190 for channel [id: 0x7e0f9076, L:/127.0.0.1:50161 - R:localhost/127.0.0.1:55190]
21:12:31.344 [main] DEBUG net.serenitybdd.core.photography.Darkroom - Send negative for processing for target\site\serenity\66fb4cb78b2863f5e605907804b0daf7332eb9ad215433757bb50317a24f73b7.png
21:12:31.345 [Darkroom Processing Line] DEBUG net.serenitybdd.core.photography.DarkroomProcessingLine - Processing screenshot image in /var/screenshots/screenshot-11967562132815076314
21:12:31.345 [Darkroom Processing Line] DEBUG net.serenitybdd.core.photography.DarkroomProcessingLine - Saving screenshot to target\site\serenity\66fb4cb78b2863f5e605907804b0daf7332eb9ad215433757bb50317a24f73b7.png
21:12:31.356 [Forwarding findElement on session 8d222403820cf6dda7904d4f332495eb to remote] DEBUG org.asynchttpclient.netty.request.NettyRequestSender - Using pooled Channel '[id: 0x7e0f9076, L:/127.0.0.1:50161 - R:localhost/127.0.0.1:55190]' for 'POST' to 'http://localhost:55190/session/8d222403820cf6dda7904d4f332495eb/element'
21:12:31.356 [Forwarding findElement on session 8d222403820cf6dda7904d4f332495eb to remote] DEBUG org.asynchttpclient.netty.request.NettyRequestSender - Using open Channel [id: 0x7e0f9076, L:/127.0.0.1:50161 - R:localhost/127.0.0.1:55190] for POST '/session/8d222403820cf6dda7904d4f332495eb/element'
21:12:31.369 [AsyncHttpClient-1-14] DEBUG org.asynchttpclient.netty.handler.HttpHandler - 

Request DefaultHttpRequest(decodeResult: success, version: HTTP/1.1)
POST /session/8d222403820cf6dda7904d4f332495eb/element HTTP/1.1
User-Agent: selenium/4.1.2 (java windows)
Content-Length: 89
Content-Type: application/json; charset=utf-8
host: localhost:55190
accept: */*

Response DefaultHttpResponse(decodeResult: success, version: HTTP/1.1)
HTTP/1.1 200 OK
Content-Type: application/json; charset=utf-8
cache-control: no-cache
content-length: 88

21:12:31.369 [AsyncHttpClient-1-14] DEBUG org.asynchttpclient.netty.channel.ChannelManager - Adding key: http://localhost:55190 for channel [id: 0x7e0f9076, L:/127.0.0.1:50161 - R:localhost/127.0.0.1:55190]
21:12:31.371 [Forwarding getElementText on session 8d222403820cf6dda7904d4f332495eb to remote] DEBUG org.asynchttpclient.netty.request.NettyRequestSender - Using pooled Channel '[id: 0x7e0f9076, L:/127.0.0.1:50161 - R:localhost/127.0.0.1:55190]' for 'GET' to 'http://localhost:55190/session/8d222403820cf6dda7904d4f332495eb/element/c6cf28fc-b95d-4557-aa29-102131099df7/text'
21:12:31.371 [Forwarding getElementText on session 8d222403820cf6dda7904d4f332495eb to remote] DEBUG org.asynchttpclient.netty.request.NettyRequestSender - Using open Channel [id: 0x7e0f9076, L:/127.0.0.1:50161 - R:localhost/127.0.0.1:55190] for GET '/session/8d222403820cf6dda7904d4f332495eb/element/c6cf28fc-b95d-4557-aa29-102131099df7/text'
21:12:31.387 [AsyncHttpClient-1-14] DEBUG org.asynchttpclient.netty.handler.HttpHandler - 

Request DefaultFullHttpRequest(decodeResult: success, version: HTTP/1.1, content: EmptyByteBufBE)
GET /session/8d222403820cf6dda7904d4f332495eb/element/c6cf28fc-b95d-4557-aa29-102131099df7/text HTTP/1.1
User-Agent: selenium/4.1.2 (java windows)
Cache-Control: no-cache
Content-Type: application/json; charset=utf-8
host: localhost:55190
accept: */*

Response DefaultHttpResponse(decodeResult: success, version: HTTP/1.1)
HTTP/1.1 200 OK
Content-Type: application/json; charset=utf-8
cache-control: no-cache
content-length: 13

21:12:31.388 [AsyncHttpClient-1-14] DEBUG org.asynchttpclient.netty.channel.ChannelManager - Adding key: http://localhost:55190 for channel [id: 0x7e0f9076, L:/127.0.0.1:50161 - R:localhost/127.0.0.1:55190]
  &amp#27;[32mThen &amp#27;[0m&amp#27;[32mThe quantity of product is reduced&amp#27;[0m &amp#27;[90m# starter.stepdefinitions.CartSteps.theQuantityOfProductIsReduced()&amp#27;[0m
21:12:31.397 [Forwarding screenshot on session 8d222403820cf6dda7904d4f332495eb to remote] DEBUG org.asynchttpclient.netty.request.NettyRequestSender - Using pooled Channel '[id: 0x7e0f9076, L:/127.0.0.1:50161 - R:localhost/127.0.0.1:55190]' for 'GET' to 'http://localhost:55190/session/8d222403820cf6dda7904d4f332495eb/screenshot'
21:12:31.398 [Forwarding screenshot on session 8d222403820cf6dda7904d4f332495eb to remote] DEBUG org.asynchttpclient.netty.request.NettyRequestSender - Using open Channel [id: 0x7e0f9076, L:/127.0.0.1:50161 - R:localhost/127.0.0.1:55190] for GET '/session/8d222403820cf6dda7904d4f332495eb/screenshot'
21:12:31.609 [AsyncHttpClient-1-14] DEBUG org.asynchttpclient.netty.handler.HttpHandler - 

Request DefaultFullHttpRequest(decodeResult: success, version: HTTP/1.1, content: EmptyByteBufBE)
GET /session/8d222403820cf6dda7904d4f332495eb/screenshot HTTP/1.1
User-Agent: selenium/4.1.2 (java windows)
Cache-Control: no-cache
Content-Type: application/json; charset=utf-8
host: localhost:55190
accept: */*

Response DefaultHttpResponse(decodeResult: success, version: HTTP/1.1)
HTTP/1.1 200 OK
Content-Type: application/json; charset=utf-8
cache-control: no-cache
content-length: 46832

21:12:31.610 [AsyncHttpClient-1-14] DEBUG org.asynchttpclient.netty.channel.ChannelManager - Adding key: http://localhost:55190 for channel [id: 0x7e0f9076, L:/127.0.0.1:50161 - R:localhost/127.0.0.1:55190]
21:12:31.612 [main] DEBUG net.serenitybdd.core.photography.Darkroom - Send negative for processing for target\site\serenity\50967b2f5b33cc62784b6654103e2a5d4676e630b4841ed8e592ffb2938f2bf4.png
21:12:31.613 [Darkroom Processing Line] DEBUG net.serenitybdd.core.photography.DarkroomProcessingLine - Processing screenshot image in /var/screenshots/screenshot-5455374867654372404
21:12:31.613 [Darkroom Processing Line] DEBUG net.serenitybdd.core.photography.DarkroomProcessingLine - Saving screenshot to target\site\serenity\50967b2f5b33cc62784b6654103e2a5d4676e630b4841ed8e592ffb2938f2bf4.png
21:12:31.614 [main] INFO  - 
  _____   ___   ___   _____     ___     _     ___   ___   ___   ___  
 |_   _| | __| / __| |_   _|   | _ \   /_\   / __| / __| | __| |   \ 
   | |   | _|  \__ \   | |     |  _/  / _ \  \__ \ \__ \ | _|  | |) |
   |_|   |___| |___/   |_|     |_|   /_/ \_\ |___/ |___/ |___| |___/ 

Reduce Product Quantity
----------------------------------------------------------------------
21:12:31.615 [AsyncHttpClient-1-16] DEBUG org.asynchttpclient.netty.handler.WebSocketHandler - Channel Closed: [id: 0x938febd3, L:/127.0.0.1:50172 ! R:localhost/127.0.0.1:50162] with attribute NettyResponseFuture{currentRetry=5,
	isDone=1,
	isCancelled=0,
	asyncHandler=org.asynchttpclient.ws.WebSocketUpgradeHandler@5e0e5088,
	nettyRequest=org.asynchttpclient.netty.request.NettyRequest@1b0cd52d,
	future=java.util.concurrent.CompletableFuture@7e40044f[Completed normally],
	uri=ws://localhost:50162/devtools/browser/3885b5f7-33b7-4432-bd2a-c67f0627acea,
	keepAlive=true,
	redirectCount=0,
	timeoutsHolder=null,
	inAuth=0,
	touch=1667484745879}
21:12:31.615 [AsyncHttpClient-1-16] DEBUG org.asynchttpclient.netty.channel.ChannelManager - Closing Channel [id: 0x938febd3, L:/127.0.0.1:50172 ! R:localhost/127.0.0.1:50162] 
21:12:31.615 [Driver Command Executor] DEBUG org.asynchttpclient.netty.request.NettyRequestSender - Using pooled Channel '[id: 0x7e0f9076, L:/127.0.0.1:50161 - R:localhost/127.0.0.1:55190]' for 'DELETE' to 'http://localhost:55190/session/8d222403820cf6dda7904d4f332495eb'
21:12:31.615 [Driver Command Executor] DEBUG org.asynchttpclient.netty.request.NettyRequestSender - Using open Channel [id: 0x7e0f9076, L:/127.0.0.1:50161 - R:localhost/127.0.0.1:55190] for DELETE '/session/8d222403820cf6dda7904d4f332495eb'
21:12:31.653 [AsyncHttpClient-1-15] DEBUG org.asynchttpclient.netty.handler.HttpHandler - Unexpected I/O exception on channel [id: 0xe39e864a, L:/127.0.0.1:50171 - R:localhost/127.0.0.1:50162]
java.net.SocketException: Connection reset
	at java.base/sun.nio.ch.SocketChannelImpl.throwConnectionReset(SocketChannelImpl.java:345)
	at java.base/sun.nio.ch.SocketChannelImpl.read(SocketChannelImpl.java:376)
	at io.netty.buffer.PooledByteBuf.setBytes(PooledByteBuf.java:258)
	at io.netty.buffer.AbstractByteBuf.writeBytes(AbstractByteBuf.java:1132)
	at io.netty.channel.socket.nio.NioSocketChannel.doReadBytes(NioSocketChannel.java:350)
	at io.netty.channel.nio.AbstractNioByteChannel$NioByteUnsafe.read(AbstractNioByteChannel.java:151)
	at io.netty.channel.nio.NioEventLoop.processSelectedKey(NioEventLoop.java:722)
	at io.netty.channel.nio.NioEventLoop.processSelectedKeysOptimized(NioEventLoop.java:658)
	at io.netty.channel.nio.NioEventLoop.processSelectedKeys(NioEventLoop.java:584)
	at io.netty.channel.nio.NioEventLoop.run(NioEventLoop.java:496)
	at io.netty.util.concurrent.SingleThreadEventExecutor$4.run(SingleThreadEventExecutor.java:986)
	at io.netty.util.internal.ThreadExecutorMap$2.run(ThreadExecutorMap.java:74)
	at io.netty.util.concurrent.FastThreadLocalRunnable.run(FastThreadLocalRunnable.java:30)
	at java.base/java.lang.Thread.run(Thread.java:830)
21:12:31.654 [AsyncHttpClient-1-15] DEBUG org.asynchttpclient.netty.channel.ChannelManager - Closing Channel [id: 0xe39e864a, L:/127.0.0.1:50171 - R:localhost/127.0.0.1:50162] 
21:12:31.654 [AsyncHttpClient-1-15] DEBUG org.asynchttpclient.netty.handler.HttpHandler - Channel Closed: [id: 0xe39e864a, L:/127.0.0.1:50171 ! R:localhost/127.0.0.1:50162] with attribute DISCARD
21:12:31.677 [AsyncHttpClient-1-14] DEBUG org.asynchttpclient.netty.handler.HttpHandler - 

Request DefaultFullHttpRequest(decodeResult: success, version: HTTP/1.1, content: EmptyByteBufBE)
DELETE /session/8d222403820cf6dda7904d4f332495eb HTTP/1.1
User-Agent: selenium/4.1.2 (java windows)
Content-Type: application/json; charset=utf-8
host: localhost:55190
accept: */*

Response DefaultHttpResponse(decodeResult: success, version: HTTP/1.1)
HTTP/1.1 200 OK
Content-Type: application/json; charset=utf-8
cache-control: no-cache
content-length: 14

21:12:31.678 [AsyncHttpClient-1-14] DEBUG org.asynchttpclient.netty.channel.ChannelManager - Adding key: http://localhost:55190 for channel [id: 0x7e0f9076, L:/127.0.0.1:50161 - R:localhost/127.0.0.1:55190]
21:12:31.756 [AsyncHttpClient-1-14] DEBUG org.asynchttpclient.netty.handler.HttpHandler - Channel Closed: [id: 0x7e0f9076, L:/127.0.0.1:50161 ! R:localhost/127.0.0.1:55190] with attribute DISCARD
21:12:32.193 [AsyncHttpClient-1-1] DEBUG org.asynchttpclient.netty.channel.DefaultChannelPool - Entry count for : http://localhost:50162 : 1
21:12:32.193 [AsyncHttpClient-1-1] DEBUG org.asynchttpclient.netty.channel.DefaultChannelPool - Entry count for : http://localhost:55190 : 1
21:12:32.193 [AsyncHttpClient-1-1] DEBUG org.asynchttpclient.netty.channel.DefaultChannelPool - Adding Candidate expired Channel [id: 0xe39e864a, L:/127.0.0.1:50171 ! R:localhost/127.0.0.1:50162] isIdleTimeoutExpired=false isRemotelyClosed=true isTtlExpired=false
21:12:32.193 [AsyncHttpClient-1-1] DEBUG org.asynchttpclient.netty.channel.DefaultChannelPool - Closing Idle Channel [id: 0xe39e864a, L:/127.0.0.1:50171 ! R:localhost/127.0.0.1:50162]
21:12:32.193 [AsyncHttpClient-1-1] DEBUG org.asynchttpclient.netty.channel.DefaultChannelPool - Adding Candidate expired Channel [id: 0x7e0f9076, L:/127.0.0.1:50161 ! R:localhost/127.0.0.1:55190] isIdleTimeoutExpired=false isRemotelyClosed=true isTtlExpired=false
21:12:32.193 [AsyncHttpClient-1-1] DEBUG org.asynchttpclient.netty.channel.DefaultChannelPool - Closing Idle Channel [id: 0x7e0f9076, L:/127.0.0.1:50161 ! R:localhost/127.0.0.1:55190]
21:12:32.193 [AsyncHttpClient-1-1] DEBUG org.asynchttpclient.netty.channel.DefaultChannelPool - Closed 2 connections out of 2 in 0 ms
]]></system-out>
    <system-err><![CDATA[Starting ChromeDriver 106.0.5249.61 (511755355844955cd3e264779baf0dd38212a4d0-refs/branch-heads/5249@{#569}) on port 55190
Only local connections are allowed.
Please see https://chromedriver.chromium.org/security-considerations for suggestions on keeping ChromeDriver safe.
ChromeDriver was started successfully.
[1667484745.148][WARNING]: This version of ChromeDriver has not been tested with Chrome version 107.
Nov 03, 2022 9:12:25 PM org.openqa.selenium.remote.ProtocolHandshake createSession
INFO: Detected dialect: W3C
Nov 03, 2022 9:12:25 PM org.openqa.selenium.devtools.CdpVersionFinder findNearestMatch
WARNING: Unable to find an exact match for CDP version 107, so returning the closest version found: a no-op implementation
Nov 03, 2022 9:12:25 PM org.openqa.selenium.devtools.CdpVersionFinder findNearestMatch
INFO: Unable to find CDP implementation matching 107.
Nov 03, 2022 9:12:25 PM org.openqa.selenium.chromium.ChromiumDriver lambda$new$3
WARNING: Unable to find version of CDP to use for . You may need to include a dependency on a specific version of the CDP using something similar to `org.seleniumhq.selenium:selenium-devtools-v86:4.1.2` where the version ("v86") matches the version of the chromium-based browser you're using and the version number of the artifact is the same as Selenium's.
]]></system-err>
  </testcase>
  <testcase name="Show Login Page" classname="Login" time="4.121">
    <system-out><![CDATA[21:12:32.288 [main] INFO io.cucumber.core.plugin.SerenityReporter - Running feature from file:///C:/Users/ASUS/Desktop/stupen/miniproject/Web/ASWeb/src/test/resources/features/Login.feature
21:12:32.290 [main] DEBUG net.thucydides.core.steps.StepEventBus - Test suite started for story net.thucydides.core.model.Story@23282f08
21:12:32.291 [main] INFO  - Test Suite Started: Login

Scenario: Show Login Page      &amp#27;[90m# src/test/resources/features/Login.feature:6&amp#27;[0m
21:12:32.296 [main] INFO io.cucumber.core.plugin.SerenityReporter - Running feature from file:///C:/Users/ASUS/Desktop/stupen/miniproject/Web/ASWeb/src/test/resources/features/Login.feature
21:12:32.297 [main] INFO  - 
  _____   ___   ___   _____     ___   _____     _     ___   _____   ___   ___  
 |_   _| | __| / __| |_   _|   / __| |_   _|   /_\   | _ \ |_   _| | __| |   \ 
   | |   | _|  \__ \   | |     \__ \   | |    / _ \  |   /   | |   | _|  | |) |
   |_|   |___| |___/   |_|     |___/   |_|   /_/ \_\ |_|_\   |_|   |___| |___/ 

Show Login Page(login;show-login-page)
--------------------------------------------------------------------------------
21:12:32.401 [main] INFO net.serenitybdd.core.webdriver.driverproviders.ChromeDriverProvider - Using automatically driver download
21:12:32.518 [main] DEBUG io.github.bonigarcia.wdm.cache.ResolutionCache - Resolution chrome=107 in cache (valid until 21:49:49 03/11/2022 WIB)
21:12:32.522 [main] DEBUG io.github.bonigarcia.wdm.cache.ResolutionCache - Resolution chrome107=107.0.5304.62 in cache (valid until 16:49:12 04/11/2022 WIB)
21:12:32.524 [main] INFO io.github.bonigarcia.wdm.WebDriverManager - Using chromedriver 107.0.5304.62 (resolved driver for Chrome 107)
21:12:32.533 [main] DEBUG io.github.bonigarcia.wdm.WebDriverManager - Driver chromedriver 107.0.5304.62 found in cache
21:12:32.534 [main] INFO io.github.bonigarcia.wdm.WebDriverManager - Exporting webdriver.chrome.driver as C:\Users\ASUS\.cache\selenium\chromedriver\win32\107.0.5304.62\chromedriver.exe
21:12:32.655 [main] DEBUG net.serenitybdd.core.webdriver.driverproviders.ProvideNewDriver - Instantiating driver
21:12:32.655 [main] DEBUG net.serenitybdd.core.webdriver.driverproviders.ProvideNewDriver - Driver capabilities: Capabilities {acceptInsecureCerts: false, base.url: https://alta-shop.vercel.app/, browserName: chrome, chrome.driver: src/test/resources/webdrive..., driver: chrome, goog:chromeOptions: {args: [], extensions: []}, wait.for.timeout: 10000}
21:12:33.194 [AsyncHttpClient-1-17] DEBUG org.asynchttpclient.netty.channel.NettyConnectListener - Using new Channel '[id: 0x321772ad, L:/127.0.0.1:50197 - R:localhost/127.0.0.1:58220]' for 'POST' to '/session'
21:12:34.377 [AsyncHttpClient-1-17] DEBUG org.asynchttpclient.netty.handler.HttpHandler - 

Request DefaultHttpRequest(decodeResult: success, version: HTTP/1.1)
POST /session HTTP/1.1
User-Agent: selenium/4.1.2 (java windows)
Content-Length: 646
Content-Type: application/json; charset=utf-8
host: localhost:58220
accept: */*

Response DefaultHttpResponse(decodeResult: success, version: HTTP/1.1)
HTTP/1.1 200 OK
Content-Type: application/json; charset=utf-8
cache-control: no-cache
content-length: 789

21:12:34.381 [AsyncHttpClient-1-17] DEBUG org.asynchttpclient.netty.channel.ChannelManager - Adding key: http://localhost:58220 for channel [id: 0x321772ad, L:/127.0.0.1:50197 - R:localhost/127.0.0.1:58220]
21:12:34.386 [AsyncHttpClient-1-1] DEBUG org.asynchttpclient.netty.channel.DefaultChannelPool - Entry count for : http://localhost:58220 : 1
21:12:34.394 [AsyncHttpClient-1-2] DEBUG org.asynchttpclient.netty.channel.NettyConnectListener - Using new Channel '[id: 0xedba5ba9, L:/127.0.0.1:50205 - R:localhost/127.0.0.1:50198]' for 'GET' to '/json/version'
21:12:34.395 [AsyncHttpClient-1-2] DEBUG org.asynchttpclient.netty.handler.HttpHandler - 

Request DefaultFullHttpRequest(decodeResult: success, version: HTTP/1.1, content: EmptyByteBufBE)
GET /json/version HTTP/1.1
User-Agent: selenium/4.1.2 (java windows)
host: localhost:50198
accept: */*

Response DefaultHttpResponse(decodeResult: success, version: HTTP/1.1)
HTTP/1.1 200 OK
Content-Type: application/json; charset=UTF-8
content-length: 423

21:12:34.396 [AsyncHttpClient-1-2] DEBUG org.asynchttpclient.netty.channel.ChannelManager - Adding key: http://localhost:50198 for channel [id: 0xedba5ba9, L:/127.0.0.1:50205 - R:localhost/127.0.0.1:50198]
21:12:34.399 [AsyncHttpClient-1-3] DEBUG org.asynchttpclient.netty.channel.NettyConnectListener - Using new Channel '[id: 0x0d84e127, L:/127.0.0.1:50206 - R:localhost/127.0.0.1:50198]' for 'GET' to '/devtools/browser/6c73759b-d798-4c0b-b786-54bb273a64cf'
21:12:34.400 [AsyncHttpClient-1-3] DEBUG org.asynchttpclient.netty.handler.WebSocketHandler - 

Request DefaultFullHttpRequest(decodeResult: success, version: HTTP/1.1, content: EmptyByteBufBE)
GET /devtools/browser/6c73759b-d798-4c0b-b786-54bb273a64cf HTTP/1.1
upgrade: websocket
connection: upgrade
sec-websocket-key: xa/Y2QGPIxu6jOBnJpnGKA==
sec-websocket-version: 13
origin: http://localhost:50198
host: localhost:50198
accept: */*
user-agent: AHC/2.1

Response DefaultHttpResponse(decodeResult: success, version: HTTP/1.1)
HTTP/1.1 101 WebSocket Protocol Handshake
Upgrade: WebSocket
Connection: Upgrade
Sec-WebSocket-Accept: rlv0vsiMECMgTZEU1a2OxU0v1ZM=

21:12:34.409 [Forwarding get on session 73b97559b68e73616c2f56c343746f95 to remote] DEBUG org.asynchttpclient.netty.request.NettyRequestSender - Using pooled Channel '[id: 0x321772ad, L:/127.0.0.1:50197 - R:localhost/127.0.0.1:58220]' for 'POST' to 'http://localhost:58220/session/73b97559b68e73616c2f56c343746f95/url'
21:12:34.409 [Forwarding get on session 73b97559b68e73616c2f56c343746f95 to remote] DEBUG org.asynchttpclient.netty.request.NettyRequestSender - Using open Channel [id: 0x321772ad, L:/127.0.0.1:50197 - R:localhost/127.0.0.1:58220] for POST '/session/73b97559b68e73616c2f56c343746f95/url'
21:12:35.396 [AsyncHttpClient-1-17] DEBUG org.asynchttpclient.netty.handler.HttpHandler - 

Request DefaultHttpRequest(decodeResult: success, version: HTTP/1.1)
POST /session/73b97559b68e73616c2f56c343746f95/url HTTP/1.1
User-Agent: selenium/4.1.2 (java windows)
Content-Length: 74
Content-Type: application/json; charset=utf-8
host: localhost:58220
accept: */*

Response DefaultHttpResponse(decodeResult: success, version: HTTP/1.1)
HTTP/1.1 200 OK
Content-Type: application/json; charset=utf-8
cache-control: no-cache
content-length: 14

21:12:35.396 [AsyncHttpClient-1-17] DEBUG org.asynchttpclient.netty.channel.ChannelManager - Adding key: http://localhost:58220 for channel [id: 0x321772ad, L:/127.0.0.1:50197 - R:localhost/127.0.0.1:58220]
21:12:35.399 [Forwarding setTimeout on session 73b97559b68e73616c2f56c343746f95 to remote] DEBUG org.asynchttpclient.netty.request.NettyRequestSender - Using pooled Channel '[id: 0x321772ad, L:/127.0.0.1:50197 - R:localhost/127.0.0.1:58220]' for 'POST' to 'http://localhost:58220/session/73b97559b68e73616c2f56c343746f95/timeouts'
21:12:35.399 [Forwarding setTimeout on session 73b97559b68e73616c2f56c343746f95 to remote] DEBUG org.asynchttpclient.netty.request.NettyRequestSender - Using open Channel [id: 0x321772ad, L:/127.0.0.1:50197 - R:localhost/127.0.0.1:58220] for POST '/session/73b97559b68e73616c2f56c343746f95/timeouts'
21:12:35.400 [AsyncHttpClient-1-17] DEBUG org.asynchttpclient.netty.handler.HttpHandler - 

Request DefaultHttpRequest(decodeResult: success, version: HTTP/1.1)
POST /session/73b97559b68e73616c2f56c343746f95/timeouts HTTP/1.1
User-Agent: selenium/4.1.2 (java windows)
Content-Length: 22
Content-Type: application/json; charset=utf-8
host: localhost:58220
accept: */*

Response DefaultHttpResponse(decodeResult: success, version: HTTP/1.1)
HTTP/1.1 200 OK
Content-Type: application/json; charset=utf-8
cache-control: no-cache
content-length: 14

21:12:35.400 [AsyncHttpClient-1-17] DEBUG org.asynchttpclient.netty.channel.ChannelManager - Adding key: http://localhost:58220 for channel [id: 0x321772ad, L:/127.0.0.1:50197 - R:localhost/127.0.0.1:58220]
21:12:35.403 [Forwarding getCurrentUrl on session 73b97559b68e73616c2f56c343746f95 to remote] DEBUG org.asynchttpclient.netty.request.NettyRequestSender - Using pooled Channel '[id: 0x321772ad, L:/127.0.0.1:50197 - R:localhost/127.0.0.1:58220]' for 'GET' to 'http://localhost:58220/session/73b97559b68e73616c2f56c343746f95/url'
21:12:35.403 [Forwarding getCurrentUrl on session 73b97559b68e73616c2f56c343746f95 to remote] DEBUG org.asynchttpclient.netty.request.NettyRequestSender - Using open Channel [id: 0x321772ad, L:/127.0.0.1:50197 - R:localhost/127.0.0.1:58220] for GET '/session/73b97559b68e73616c2f56c343746f95/url'
21:12:35.408 [AsyncHttpClient-1-17] DEBUG org.asynchttpclient.netty.handler.HttpHandler - 

Request DefaultFullHttpRequest(decodeResult: success, version: HTTP/1.1, content: EmptyByteBufBE)
GET /session/73b97559b68e73616c2f56c343746f95/url HTTP/1.1
User-Agent: selenium/4.1.2 (java windows)
Cache-Control: no-cache
Content-Type: application/json; charset=utf-8
host: localhost:58220
accept: */*

Response DefaultHttpResponse(decodeResult: success, version: HTTP/1.1)
HTTP/1.1 200 OK
Content-Type: application/json; charset=utf-8
cache-control: no-cache
content-length: 51

21:12:35.408 [AsyncHttpClient-1-17] DEBUG org.asynchttpclient.netty.channel.ChannelManager - Adding key: http://localhost:58220 for channel [id: 0x321772ad, L:/127.0.0.1:50197 - R:localhost/127.0.0.1:58220]
  &amp#27;[32mWhen &amp#27;[0m&amp#27;[32mI open login url&amp#27;[0m        &amp#27;[90m# starter.stepdefinitions.LogInOutSteps.iOpenLoginUrl()&amp#27;[0m
21:12:35.415 [main] DEBUG net.serenitybdd.core.photography.Darkroom - Opening darkroom
21:12:35.415 [Darkroom Processing Line] DEBUG net.serenitybdd.core.photography.DarkroomProcessingLine - Darkroom processing line starting up
21:12:35.416 [Forwarding screenshot on session 73b97559b68e73616c2f56c343746f95 to remote] DEBUG org.asynchttpclient.netty.request.NettyRequestSender - Using pooled Channel '[id: 0x321772ad, L:/127.0.0.1:50197 - R:localhost/127.0.0.1:58220]' for 'GET' to 'http://localhost:58220/session/73b97559b68e73616c2f56c343746f95/screenshot'
21:12:35.416 [Forwarding screenshot on session 73b97559b68e73616c2f56c343746f95 to remote] DEBUG org.asynchttpclient.netty.request.NettyRequestSender - Using open Channel [id: 0x321772ad, L:/127.0.0.1:50197 - R:localhost/127.0.0.1:58220] for GET '/session/73b97559b68e73616c2f56c343746f95/screenshot'
21:12:35.491 [AsyncHttpClient-1-1] DEBUG org.asynchttpclient.netty.channel.DefaultChannelPool - Entry count for : http://localhost:50198 : 1
21:12:35.722 [AsyncHttpClient-1-17] DEBUG org.asynchttpclient.netty.handler.HttpHandler - 

Request DefaultFullHttpRequest(decodeResult: success, version: HTTP/1.1, content: EmptyByteBufBE)
GET /session/73b97559b68e73616c2f56c343746f95/screenshot HTTP/1.1
User-Agent: selenium/4.1.2 (java windows)
Cache-Control: no-cache
Content-Type: application/json; charset=utf-8
host: localhost:58220
accept: */*

Response DefaultHttpResponse(decodeResult: success, version: HTTP/1.1)
HTTP/1.1 200 OK
Content-Type: application/json; charset=utf-8
cache-control: no-cache
content-length: 38472

21:12:35.723 [AsyncHttpClient-1-17] DEBUG org.asynchttpclient.netty.channel.ChannelManager - Adding key: http://localhost:58220 for channel [id: 0x321772ad, L:/127.0.0.1:50197 - R:localhost/127.0.0.1:58220]
21:12:35.725 [main] DEBUG net.serenitybdd.core.photography.Darkroom - Send negative for processing for target\site\serenity\6c2309ed56aeb278067cd6b3caf368b9f01e276e2bf175d46007f31c90d5af21.png
21:12:35.725 [Darkroom Processing Line] DEBUG net.serenitybdd.core.photography.DarkroomProcessingLine - Processing screenshot image in /var/screenshots/screenshot-10843838159472295377
21:12:35.725 [Darkroom Processing Line] DEBUG net.serenitybdd.core.photography.DarkroomProcessingLine - Saving screenshot to target\site\serenity\6c2309ed56aeb278067cd6b3caf368b9f01e276e2bf175d46007f31c90d5af21.png
21:12:35.731 [Forwarding findElement on session 73b97559b68e73616c2f56c343746f95 to remote] DEBUG org.asynchttpclient.netty.request.NettyRequestSender - Using pooled Channel '[id: 0x321772ad, L:/127.0.0.1:50197 - R:localhost/127.0.0.1:58220]' for 'POST' to 'http://localhost:58220/session/73b97559b68e73616c2f56c343746f95/element'
21:12:35.731 [Forwarding findElement on session 73b97559b68e73616c2f56c343746f95 to remote] DEBUG org.asynchttpclient.netty.request.NettyRequestSender - Using open Channel [id: 0x321772ad, L:/127.0.0.1:50197 - R:localhost/127.0.0.1:58220] for POST '/session/73b97559b68e73616c2f56c343746f95/element'
21:12:35.742 [AsyncHttpClient-1-17] DEBUG org.asynchttpclient.netty.handler.HttpHandler - 

Request DefaultHttpRequest(decodeResult: success, version: HTTP/1.1)
POST /session/73b97559b68e73616c2f56c343746f95/element HTTP/1.1
User-Agent: selenium/4.1.2 (java windows)
Content-Length: 77
Content-Type: application/json; charset=utf-8
host: localhost:58220
accept: */*

Response DefaultHttpResponse(decodeResult: success, version: HTTP/1.1)
HTTP/1.1 200 OK
Content-Type: application/json; charset=utf-8
cache-control: no-cache
content-length: 88

21:12:35.742 [AsyncHttpClient-1-17] DEBUG org.asynchttpclient.netty.channel.ChannelManager - Adding key: http://localhost:58220 for channel [id: 0x321772ad, L:/127.0.0.1:50197 - R:localhost/127.0.0.1:58220]
21:12:35.745 [Forwarding isElementDisplayed on session 73b97559b68e73616c2f56c343746f95 to remote] DEBUG org.asynchttpclient.netty.request.NettyRequestSender - Using pooled Channel '[id: 0x321772ad, L:/127.0.0.1:50197 - R:localhost/127.0.0.1:58220]' for 'POST' to 'http://localhost:58220/session/73b97559b68e73616c2f56c343746f95/execute/sync'
21:12:35.745 [Forwarding isElementDisplayed on session 73b97559b68e73616c2f56c343746f95 to remote] DEBUG org.asynchttpclient.netty.request.NettyRequestSender - Using open Channel [id: 0x321772ad, L:/127.0.0.1:50197 - R:localhost/127.0.0.1:58220] for POST '/session/73b97559b68e73616c2f56c343746f95/execute/sync'
21:12:35.758 [AsyncHttpClient-1-17] DEBUG org.asynchttpclient.netty.handler.HttpHandler - 

Request DefaultHttpRequest(decodeResult: success, version: HTTP/1.1)
POST /session/73b97559b68e73616c2f56c343746f95/execute/sync HTTP/1.1
User-Agent: selenium/4.1.2 (java windows)
Content-Length: 48780
Content-Type: application/json; charset=utf-8
host: localhost:58220
accept: */*

Response DefaultHttpResponse(decodeResult: success, version: HTTP/1.1)
HTTP/1.1 200 OK
Content-Type: application/json; charset=utf-8
cache-control: no-cache
content-length: 14

21:12:35.758 [AsyncHttpClient-1-17] DEBUG org.asynchttpclient.netty.channel.ChannelManager - Adding key: http://localhost:58220 for channel [id: 0x321772ad, L:/127.0.0.1:50197 - R:localhost/127.0.0.1:58220]
  &amp#27;[32mThen &amp#27;[0m&amp#27;[32mI will go to login page&amp#27;[0m &amp#27;[90m# starter.stepdefinitions.LogInOutSteps.iWillGoToLoginPage()&amp#27;[0m
21:12:35.762 [main] INFO  - 
  _____   ___   ___   _____     ___     _     ___   ___   ___   ___  
 |_   _| | __| / __| |_   _|   | _ \   /_\   / __| / __| | __| |   \ 
   | |   | _|  \__ \   | |     |  _/  / _ \  \__ \ \__ \ | _|  | |) |
   |_|   |___| |___/   |_|     |_|   /_/ \_\ |___/ |___/ |___| |___/ 

Show Login Page
----------------------------------------------------------------------
21:12:35.763 [AsyncHttpClient-1-3] DEBUG org.asynchttpclient.netty.handler.WebSocketHandler - Channel Closed: [id: 0x0d84e127, L:/127.0.0.1:50206 ! R:localhost/127.0.0.1:50198] with attribute NettyResponseFuture{currentRetry=5,
	isDone=1,
	isCancelled=0,
	asyncHandler=org.asynchttpclient.ws.WebSocketUpgradeHandler@6370b8c1,
	nettyRequest=org.asynchttpclient.netty.request.NettyRequest@5f34c0c2,
	future=java.util.concurrent.CompletableFuture@7fd5e1db[Completed normally],
	uri=ws://localhost:50198/devtools/browser/6c73759b-d798-4c0b-b786-54bb273a64cf,
	keepAlive=true,
	redirectCount=0,
	timeoutsHolder=null,
	inAuth=0,
	touch=1667484754401}
21:12:35.763 [AsyncHttpClient-1-3] DEBUG org.asynchttpclient.netty.channel.ChannelManager - Closing Channel [id: 0x0d84e127, L:/127.0.0.1:50206 ! R:localhost/127.0.0.1:50198] 
21:12:35.763 [Driver Command Executor] DEBUG org.asynchttpclient.netty.request.NettyRequestSender - Using pooled Channel '[id: 0x321772ad, L:/127.0.0.1:50197 - R:localhost/127.0.0.1:58220]' for 'DELETE' to 'http://localhost:58220/session/73b97559b68e73616c2f56c343746f95'
21:12:35.763 [Driver Command Executor] DEBUG org.asynchttpclient.netty.request.NettyRequestSender - Using open Channel [id: 0x321772ad, L:/127.0.0.1:50197 - R:localhost/127.0.0.1:58220] for DELETE '/session/73b97559b68e73616c2f56c343746f95'
21:12:35.801 [AsyncHttpClient-1-2] DEBUG org.asynchttpclient.netty.handler.HttpHandler - Unexpected I/O exception on channel [id: 0xedba5ba9, L:/127.0.0.1:50205 - R:localhost/127.0.0.1:50198]
java.net.SocketException: Connection reset
	at java.base/sun.nio.ch.SocketChannelImpl.throwConnectionReset(SocketChannelImpl.java:345)
	at java.base/sun.nio.ch.SocketChannelImpl.read(SocketChannelImpl.java:376)
	at io.netty.buffer.PooledByteBuf.setBytes(PooledByteBuf.java:258)
	at io.netty.buffer.AbstractByteBuf.writeBytes(AbstractByteBuf.java:1132)
	at io.netty.channel.socket.nio.NioSocketChannel.doReadBytes(NioSocketChannel.java:350)
	at io.netty.channel.nio.AbstractNioByteChannel$NioByteUnsafe.read(AbstractNioByteChannel.java:151)
	at io.netty.channel.nio.NioEventLoop.processSelectedKey(NioEventLoop.java:722)
	at io.netty.channel.nio.NioEventLoop.processSelectedKeysOptimized(NioEventLoop.java:658)
	at io.netty.channel.nio.NioEventLoop.processSelectedKeys(NioEventLoop.java:584)
	at io.netty.channel.nio.NioEventLoop.run(NioEventLoop.java:496)
	at io.netty.util.concurrent.SingleThreadEventExecutor$4.run(SingleThreadEventExecutor.java:986)
	at io.netty.util.internal.ThreadExecutorMap$2.run(ThreadExecutorMap.java:74)
	at io.netty.util.concurrent.FastThreadLocalRunnable.run(FastThreadLocalRunnable.java:30)
	at java.base/java.lang.Thread.run(Thread.java:830)
21:12:35.801 [AsyncHttpClient-1-2] DEBUG org.asynchttpclient.netty.channel.ChannelManager - Closing Channel [id: 0xedba5ba9, L:/127.0.0.1:50205 - R:localhost/127.0.0.1:50198] 
21:12:35.801 [AsyncHttpClient-1-2] DEBUG org.asynchttpclient.netty.handler.HttpHandler - Channel Closed: [id: 0xedba5ba9, L:/127.0.0.1:50205 ! R:localhost/127.0.0.1:50198] with attribute DISCARD
21:12:35.814 [AsyncHttpClient-1-17] DEBUG org.asynchttpclient.netty.handler.HttpHandler - 

Request DefaultFullHttpRequest(decodeResult: success, version: HTTP/1.1, content: EmptyByteBufBE)
DELETE /session/73b97559b68e73616c2f56c343746f95 HTTP/1.1
User-Agent: selenium/4.1.2 (java windows)
Content-Type: application/json; charset=utf-8
host: localhost:58220
accept: */*

Response DefaultHttpResponse(decodeResult: success, version: HTTP/1.1)
HTTP/1.1 200 OK
Content-Type: application/json; charset=utf-8
cache-control: no-cache
content-length: 14

21:12:35.815 [AsyncHttpClient-1-17] DEBUG org.asynchttpclient.netty.channel.ChannelManager - Adding key: http://localhost:58220 for channel [id: 0x321772ad, L:/127.0.0.1:50197 - R:localhost/127.0.0.1:58220]
21:12:35.868 [AsyncHttpClient-1-17] DEBUG org.asynchttpclient.netty.handler.HttpHandler - Channel Closed: [id: 0x321772ad, L:/127.0.0.1:50197 ! R:localhost/127.0.0.1:58220] with attribute DISCARD
]]></system-out>
    <system-err><![CDATA[Starting ChromeDriver 106.0.5249.61 (511755355844955cd3e264779baf0dd38212a4d0-refs/branch-heads/5249@{#569}) on port 58220
Only local connections are allowed.
Please see https://chromedriver.chromium.org/security-considerations for suggestions on keeping ChromeDriver safe.
ChromeDriver was started successfully.
[1667484753.923][WARNING]: This version of ChromeDriver has not been tested with Chrome version 107.
Nov 03, 2022 9:12:34 PM org.openqa.selenium.remote.ProtocolHandshake createSession
INFO: Detected dialect: W3C
Nov 03, 2022 9:12:34 PM org.openqa.selenium.devtools.CdpVersionFinder findNearestMatch
WARNING: Unable to find an exact match for CDP version 107, so returning the closest version found: a no-op implementation
Nov 03, 2022 9:12:34 PM org.openqa.selenium.devtools.CdpVersionFinder findNearestMatch
INFO: Unable to find CDP implementation matching 107.
Nov 03, 2022 9:12:34 PM org.openqa.selenium.chromium.ChromiumDriver lambda$new$3
WARNING: Unable to find version of CDP to use for . You may need to include a dependency on a specific version of the CDP using something similar to `org.seleniumhq.selenium:selenium-devtools-v86:4.1.2` where the version ("v86") matches the version of the chromium-based browser you're using and the version number of the artifact is the same as Selenium's.
]]></system-err>
  </testcase>
  <testcase name="Login with registered email and password" classname="Login" time="6.515">
    <system-out><![CDATA[
Scenario: Login with registered email and password &amp#27;[90m# src/test/resources/features/Login.feature:10&amp#27;[0m
21:12:36.426 [main] INFO io.cucumber.core.plugin.SerenityReporter - Running feature from file:///C:/Users/ASUS/Desktop/stupen/miniproject/Web/ASWeb/src/test/resources/features/Login.feature
21:12:36.429 [main] INFO  - 
  _____   ___   ___   _____     ___   _____     _     ___   _____   ___   ___  
 |_   _| | __| / __| |_   _|   / __| |_   _|   /_\   | _ \ |_   _| | __| |   \ 
   | |   | _|  \__ \   | |     \__ \   | |    / _ \  |   /   | |   | _|  | |) |
   |_|   |___| |___/   |_|     |___/   |_|   /_/ \_\ |_|_\   |_|   |___| |___/ 

Login with registered email and password(login;login-with-registered-email-and-password)
--------------------------------------------------------------------------------
21:12:36.440 [main] INFO net.serenitybdd.core.webdriver.driverproviders.ChromeDriverProvider - Using automatically driver download
21:12:36.546 [main] DEBUG io.github.bonigarcia.wdm.cache.ResolutionCache - Resolution chrome=107 in cache (valid until 21:49:49 03/11/2022 WIB)
21:12:36.552 [main] DEBUG io.github.bonigarcia.wdm.cache.ResolutionCache - Resolution chrome107=107.0.5304.62 in cache (valid until 16:49:12 04/11/2022 WIB)
21:12:36.554 [main] INFO io.github.bonigarcia.wdm.WebDriverManager - Using chromedriver 107.0.5304.62 (resolved driver for Chrome 107)
21:12:36.566 [main] DEBUG io.github.bonigarcia.wdm.WebDriverManager - Driver chromedriver 107.0.5304.62 found in cache
21:12:36.567 [main] INFO io.github.bonigarcia.wdm.WebDriverManager - Exporting webdriver.chrome.driver as C:\Users\ASUS\.cache\selenium\chromedriver\win32\107.0.5304.62\chromedriver.exe
21:12:36.587 [AsyncHttpClient-1-1] DEBUG org.asynchttpclient.netty.channel.DefaultChannelPool - Entry count for : http://localhost:58220 : 1
21:12:36.587 [AsyncHttpClient-1-1] DEBUG org.asynchttpclient.netty.channel.DefaultChannelPool - Entry count for : http://localhost:50198 : 1
21:12:36.587 [AsyncHttpClient-1-1] DEBUG org.asynchttpclient.netty.channel.DefaultChannelPool - Adding Candidate expired Channel [id: 0x321772ad, L:/127.0.0.1:50197 ! R:localhost/127.0.0.1:58220] isIdleTimeoutExpired=false isRemotelyClosed=true isTtlExpired=false
21:12:36.587 [AsyncHttpClient-1-1] DEBUG org.asynchttpclient.netty.channel.DefaultChannelPool - Closing Idle Channel [id: 0x321772ad, L:/127.0.0.1:50197 ! R:localhost/127.0.0.1:58220]
21:12:36.587 [AsyncHttpClient-1-1] DEBUG org.asynchttpclient.netty.channel.DefaultChannelPool - Adding Candidate expired Channel [id: 0xedba5ba9, L:/127.0.0.1:50205 ! R:localhost/127.0.0.1:50198] isIdleTimeoutExpired=false isRemotelyClosed=true isTtlExpired=false
21:12:36.587 [AsyncHttpClient-1-1] DEBUG org.asynchttpclient.netty.channel.DefaultChannelPool - Closing Idle Channel [id: 0xedba5ba9, L:/127.0.0.1:50205 ! R:localhost/127.0.0.1:50198]
21:12:36.587 [AsyncHttpClient-1-1] DEBUG org.asynchttpclient.netty.channel.DefaultChannelPool - Closed 2 connections out of 2 in 0 ms
21:12:36.679 [main] DEBUG net.serenitybdd.core.webdriver.driverproviders.ProvideNewDriver - Instantiating driver
21:12:36.679 [main] DEBUG net.serenitybdd.core.webdriver.driverproviders.ProvideNewDriver - Driver capabilities: Capabilities {acceptInsecureCerts: false, base.url: https://alta-shop.vercel.app/, browserName: chrome, chrome.driver: src/test/resources/webdrive..., driver: chrome, goog:chromeOptions: {args: [], extensions: []}, wait.for.timeout: 10000}
21:12:37.236 [AsyncHttpClient-1-4] DEBUG org.asynchttpclient.netty.channel.NettyConnectListener - Using new Channel '[id: 0x90b79a02, L:/127.0.0.1:50220 - R:localhost/127.0.0.1:58467]' for 'POST' to '/session'
21:12:37.992 [AsyncHttpClient-1-4] DEBUG org.asynchttpclient.netty.handler.HttpHandler - 

Request DefaultHttpRequest(decodeResult: success, version: HTTP/1.1)
POST /session HTTP/1.1
User-Agent: selenium/4.1.2 (java windows)
Content-Length: 646
Content-Type: application/json; charset=utf-8
host: localhost:58467
accept: */*

Response DefaultHttpResponse(decodeResult: success, version: HTTP/1.1)
HTTP/1.1 200 OK
Content-Type: application/json; charset=utf-8
cache-control: no-cache
content-length: 788

21:12:37.992 [AsyncHttpClient-1-4] DEBUG org.asynchttpclient.netty.channel.ChannelManager - Adding key: http://localhost:58467 for channel [id: 0x90b79a02, L:/127.0.0.1:50220 - R:localhost/127.0.0.1:58467]
21:12:38.006 [AsyncHttpClient-1-5] DEBUG org.asynchttpclient.netty.channel.NettyConnectListener - Using new Channel '[id: 0x82ebbcdd, L:/127.0.0.1:50227 - R:localhost/127.0.0.1:50221]' for 'GET' to '/json/version'
21:12:38.006 [AsyncHttpClient-1-5] DEBUG org.asynchttpclient.netty.handler.HttpHandler - 

Request DefaultFullHttpRequest(decodeResult: success, version: HTTP/1.1, content: EmptyByteBufBE)
GET /json/version HTTP/1.1
User-Agent: selenium/4.1.2 (java windows)
host: localhost:50221
accept: */*

Response DefaultHttpResponse(decodeResult: success, version: HTTP/1.1)
HTTP/1.1 200 OK
Content-Type: application/json; charset=UTF-8
content-length: 423

21:12:38.006 [AsyncHttpClient-1-5] DEBUG org.asynchttpclient.netty.channel.ChannelManager - Adding key: http://localhost:50221 for channel [id: 0x82ebbcdd, L:/127.0.0.1:50227 - R:localhost/127.0.0.1:50221]
21:12:38.010 [AsyncHttpClient-1-6] DEBUG org.asynchttpclient.netty.channel.NettyConnectListener - Using new Channel '[id: 0x965673e1, L:/127.0.0.1:50228 - R:localhost/127.0.0.1:50221]' for 'GET' to '/devtools/browser/acb2ff6e-05cc-486b-a758-357574d3660e'
21:12:38.011 [AsyncHttpClient-1-6] DEBUG org.asynchttpclient.netty.handler.WebSocketHandler - 

Request DefaultFullHttpRequest(decodeResult: success, version: HTTP/1.1, content: EmptyByteBufBE)
GET /devtools/browser/acb2ff6e-05cc-486b-a758-357574d3660e HTTP/1.1
upgrade: websocket
connection: upgrade
sec-websocket-key: zoTCjr4hplTRRD5Q8YyCNw==
sec-websocket-version: 13
origin: http://localhost:50221
host: localhost:50221
accept: */*
user-agent: AHC/2.1

Response DefaultHttpResponse(decodeResult: success, version: HTTP/1.1)
HTTP/1.1 101 WebSocket Protocol Handshake
Upgrade: WebSocket
Connection: Upgrade
Sec-WebSocket-Accept: tggEWtfm8wBktnMdsmLpGH/Zj5w=

21:12:38.017 [Forwarding get on session beb931454cea8e60885614692f167291 to remote] DEBUG org.asynchttpclient.netty.request.NettyRequestSender - Using pooled Channel '[id: 0x90b79a02, L:/127.0.0.1:50220 - R:localhost/127.0.0.1:58467]' for 'POST' to 'http://localhost:58467/session/beb931454cea8e60885614692f167291/url'
21:12:38.018 [Forwarding get on session beb931454cea8e60885614692f167291 to remote] DEBUG org.asynchttpclient.netty.request.NettyRequestSender - Using open Channel [id: 0x90b79a02, L:/127.0.0.1:50220 - R:localhost/127.0.0.1:58467] for POST '/session/beb931454cea8e60885614692f167291/url'
21:12:38.794 [AsyncHttpClient-1-1] DEBUG org.asynchttpclient.netty.channel.DefaultChannelPool - Entry count for : http://localhost:50221 : 1
21:12:39.760 [AsyncHttpClient-1-4] DEBUG org.asynchttpclient.netty.handler.HttpHandler - 

Request DefaultHttpRequest(decodeResult: success, version: HTTP/1.1)
POST /session/beb931454cea8e60885614692f167291/url HTTP/1.1
User-Agent: selenium/4.1.2 (java windows)
Content-Length: 74
Content-Type: application/json; charset=utf-8
host: localhost:58467
accept: */*

Response DefaultHttpResponse(decodeResult: success, version: HTTP/1.1)
HTTP/1.1 200 OK
Content-Type: application/json; charset=utf-8
cache-control: no-cache
content-length: 14

21:12:39.760 [AsyncHttpClient-1-4] DEBUG org.asynchttpclient.netty.channel.ChannelManager - Adding key: http://localhost:58467 for channel [id: 0x90b79a02, L:/127.0.0.1:50220 - R:localhost/127.0.0.1:58467]
21:12:39.762 [Forwarding setTimeout on session beb931454cea8e60885614692f167291 to remote] DEBUG org.asynchttpclient.netty.request.NettyRequestSender - Using pooled Channel '[id: 0x90b79a02, L:/127.0.0.1:50220 - R:localhost/127.0.0.1:58467]' for 'POST' to 'http://localhost:58467/session/beb931454cea8e60885614692f167291/timeouts'
21:12:39.762 [Forwarding setTimeout on session beb931454cea8e60885614692f167291 to remote] DEBUG org.asynchttpclient.netty.request.NettyRequestSender - Using open Channel [id: 0x90b79a02, L:/127.0.0.1:50220 - R:localhost/127.0.0.1:58467] for POST '/session/beb931454cea8e60885614692f167291/timeouts'
21:12:39.763 [AsyncHttpClient-1-4] DEBUG org.asynchttpclient.netty.handler.HttpHandler - 

Request DefaultHttpRequest(decodeResult: success, version: HTTP/1.1)
POST /session/beb931454cea8e60885614692f167291/timeouts HTTP/1.1
User-Agent: selenium/4.1.2 (java windows)
Content-Length: 22
Content-Type: application/json; charset=utf-8
host: localhost:58467
accept: */*

Response DefaultHttpResponse(decodeResult: success, version: HTTP/1.1)
HTTP/1.1 200 OK
Content-Type: application/json; charset=utf-8
cache-control: no-cache
content-length: 14

21:12:39.763 [AsyncHttpClient-1-4] DEBUG org.asynchttpclient.netty.channel.ChannelManager - Adding key: http://localhost:58467 for channel [id: 0x90b79a02, L:/127.0.0.1:50220 - R:localhost/127.0.0.1:58467]
21:12:39.766 [Forwarding getCurrentUrl on session beb931454cea8e60885614692f167291 to remote] DEBUG org.asynchttpclient.netty.request.NettyRequestSender - Using pooled Channel '[id: 0x90b79a02, L:/127.0.0.1:50220 - R:localhost/127.0.0.1:58467]' for 'GET' to 'http://localhost:58467/session/beb931454cea8e60885614692f167291/url'
21:12:39.766 [Forwarding getCurrentUrl on session beb931454cea8e60885614692f167291 to remote] DEBUG org.asynchttpclient.netty.request.NettyRequestSender - Using open Channel [id: 0x90b79a02, L:/127.0.0.1:50220 - R:localhost/127.0.0.1:58467] for GET '/session/beb931454cea8e60885614692f167291/url'
21:12:39.773 [AsyncHttpClient-1-4] DEBUG org.asynchttpclient.netty.handler.HttpHandler - 

Request DefaultFullHttpRequest(decodeResult: success, version: HTTP/1.1, content: EmptyByteBufBE)
GET /session/beb931454cea8e60885614692f167291/url HTTP/1.1
User-Agent: selenium/4.1.2 (java windows)
Cache-Control: no-cache
Content-Type: application/json; charset=utf-8
host: localhost:58467
accept: */*

Response DefaultHttpResponse(decodeResult: success, version: HTTP/1.1)
HTTP/1.1 200 OK
Content-Type: application/json; charset=utf-8
cache-control: no-cache
content-length: 51

21:12:39.773 [AsyncHttpClient-1-4] DEBUG org.asynchttpclient.netty.channel.ChannelManager - Adding key: http://localhost:58467 for channel [id: 0x90b79a02, L:/127.0.0.1:50220 - R:localhost/127.0.0.1:58467]
  &amp#27;[32mGiven &amp#27;[0m&amp#27;[32mI am in login page&amp#27;[0m                         &amp#27;[90m# starter.stepdefinitions.LogInOutSteps.iAmInLoginPage()&amp#27;[0m
21:12:39.779 [Forwarding screenshot on session beb931454cea8e60885614692f167291 to remote] DEBUG org.asynchttpclient.netty.request.NettyRequestSender - Using pooled Channel '[id: 0x90b79a02, L:/127.0.0.1:50220 - R:localhost/127.0.0.1:58467]' for 'GET' to 'http://localhost:58467/session/beb931454cea8e60885614692f167291/screenshot'
21:12:39.779 [Forwarding screenshot on session beb931454cea8e60885614692f167291 to remote] DEBUG org.asynchttpclient.netty.request.NettyRequestSender - Using open Channel [id: 0x90b79a02, L:/127.0.0.1:50220 - R:localhost/127.0.0.1:58467] for GET '/session/beb931454cea8e60885614692f167291/screenshot'
21:12:39.886 [AsyncHttpClient-1-1] DEBUG org.asynchttpclient.netty.channel.DefaultChannelPool - Entry count for : http://localhost:50221 : 1
21:12:39.918 [AsyncHttpClient-1-4] DEBUG org.asynchttpclient.netty.handler.HttpHandler - 

Request DefaultFullHttpRequest(decodeResult: success, version: HTTP/1.1, content: EmptyByteBufBE)
GET /session/beb931454cea8e60885614692f167291/screenshot HTTP/1.1
User-Agent: selenium/4.1.2 (java windows)
Cache-Control: no-cache
Content-Type: application/json; charset=utf-8
host: localhost:58467
accept: */*

Response DefaultHttpResponse(decodeResult: success, version: HTTP/1.1)
HTTP/1.1 200 OK
Content-Type: application/json; charset=utf-8
cache-control: no-cache
content-length: 38472

21:12:39.918 [AsyncHttpClient-1-4] DEBUG org.asynchttpclient.netty.channel.ChannelManager - Adding key: http://localhost:58467 for channel [id: 0x90b79a02, L:/127.0.0.1:50220 - R:localhost/127.0.0.1:58467]
21:12:39.920 [main] DEBUG net.serenitybdd.core.photography.Darkroom - Send negative for processing for target\site\serenity\6c2309ed56aeb278067cd6b3caf368b9f01e276e2bf175d46007f31c90d5af21.png
21:12:39.927 [Forwarding findElement on session beb931454cea8e60885614692f167291 to remote] DEBUG org.asynchttpclient.netty.request.NettyRequestSender - Using pooled Channel '[id: 0x90b79a02, L:/127.0.0.1:50220 - R:localhost/127.0.0.1:58467]' for 'POST' to 'http://localhost:58467/session/beb931454cea8e60885614692f167291/element'
21:12:39.927 [Forwarding findElement on session beb931454cea8e60885614692f167291 to remote] DEBUG org.asynchttpclient.netty.request.NettyRequestSender - Using open Channel [id: 0x90b79a02, L:/127.0.0.1:50220 - R:localhost/127.0.0.1:58467] for POST '/session/beb931454cea8e60885614692f167291/element'
21:12:39.937 [AsyncHttpClient-1-4] DEBUG org.asynchttpclient.netty.handler.HttpHandler - 

Request DefaultHttpRequest(decodeResult: success, version: HTTP/1.1)
POST /session/beb931454cea8e60885614692f167291/element HTTP/1.1
User-Agent: selenium/4.1.2 (java windows)
Content-Length: 87
Content-Type: application/json; charset=utf-8
host: localhost:58467
accept: */*

Response DefaultHttpResponse(decodeResult: success, version: HTTP/1.1)
HTTP/1.1 200 OK
Content-Type: application/json; charset=utf-8
cache-control: no-cache
content-length: 88

21:12:39.937 [AsyncHttpClient-1-4] DEBUG org.asynchttpclient.netty.channel.ChannelManager - Adding key: http://localhost:58467 for channel [id: 0x90b79a02, L:/127.0.0.1:50220 - R:localhost/127.0.0.1:58467]
21:12:39.938 [Forwarding clearElement on session beb931454cea8e60885614692f167291 to remote] DEBUG org.asynchttpclient.netty.request.NettyRequestSender - Using pooled Channel '[id: 0x90b79a02, L:/127.0.0.1:50220 - R:localhost/127.0.0.1:58467]' for 'POST' to 'http://localhost:58467/session/beb931454cea8e60885614692f167291/element/a11df82e-7f43-4bfa-a4f6-c3bce4fd402f/clear'
21:12:39.938 [Forwarding clearElement on session beb931454cea8e60885614692f167291 to remote] DEBUG org.asynchttpclient.netty.request.NettyRequestSender - Using open Channel [id: 0x90b79a02, L:/127.0.0.1:50220 - R:localhost/127.0.0.1:58467] for POST '/session/beb931454cea8e60885614692f167291/element/a11df82e-7f43-4bfa-a4f6-c3bce4fd402f/clear'
21:12:39.964 [AsyncHttpClient-1-4] DEBUG org.asynchttpclient.netty.handler.HttpHandler - 

Request DefaultHttpRequest(decodeResult: success, version: HTTP/1.1)
POST /session/beb931454cea8e60885614692f167291/element/a11df82e-7f43-4bfa-a4f6-c3bce4fd402f/clear HTTP/1.1
User-Agent: selenium/4.1.2 (java windows)
Content-Length: 50
Content-Type: application/json; charset=utf-8
host: localhost:58467
accept: */*

Response DefaultHttpResponse(decodeResult: success, version: HTTP/1.1)
HTTP/1.1 200 OK
Content-Type: application/json; charset=utf-8
cache-control: no-cache
content-length: 14

21:12:39.964 [AsyncHttpClient-1-4] DEBUG org.asynchttpclient.netty.channel.ChannelManager - Adding key: http://localhost:58467 for channel [id: 0x90b79a02, L:/127.0.0.1:50220 - R:localhost/127.0.0.1:58467]
21:12:39.967 [Forwarding sendKeysToElement on session beb931454cea8e60885614692f167291 to remote] DEBUG org.asynchttpclient.netty.request.NettyRequestSender - Using pooled Channel '[id: 0x90b79a02, L:/127.0.0.1:50220 - R:localhost/127.0.0.1:58467]' for 'POST' to 'http://localhost:58467/session/beb931454cea8e60885614692f167291/element/a11df82e-7f43-4bfa-a4f6-c3bce4fd402f/value'
21:12:39.967 [Forwarding sendKeysToElement on session beb931454cea8e60885614692f167291 to remote] DEBUG org.asynchttpclient.netty.request.NettyRequestSender - Using open Channel [id: 0x90b79a02, L:/127.0.0.1:50220 - R:localhost/127.0.0.1:58467] for POST '/session/beb931454cea8e60885614692f167291/element/a11df82e-7f43-4bfa-a4f6-c3bce4fd402f/value'
21:12:40.051 [AsyncHttpClient-1-4] DEBUG org.asynchttpclient.netty.handler.HttpHandler - 

Request DefaultHttpRequest(decodeResult: success, version: HTTP/1.1)
POST /session/beb931454cea8e60885614692f167291/element/a11df82e-7f43-4bfa-a4f6-c3bce4fd402f/value HTTP/1.1
User-Agent: selenium/4.1.2 (java windows)
Content-Length: 221
Content-Type: application/json; charset=utf-8
host: localhost:58467
accept: */*

Response DefaultHttpResponse(decodeResult: success, version: HTTP/1.1)
HTTP/1.1 200 OK
Content-Type: application/json; charset=utf-8
cache-control: no-cache
content-length: 14

21:12:40.051 [AsyncHttpClient-1-4] DEBUG org.asynchttpclient.netty.channel.ChannelManager - Adding key: http://localhost:58467 for channel [id: 0x90b79a02, L:/127.0.0.1:50220 - R:localhost/127.0.0.1:58467]
  &amp#27;[32mWhen &amp#27;[0m&amp#27;[32mI input &amp#27;[0m&amp#27;[32m&amp#27;[1m"thaur@mail.com"&amp#27;[0m&amp#27;[32m email&amp#27;[0m              &amp#27;[90m# starter.stepdefinitions.LogInOutSteps.iInputEmailEmail(java.lang.String)&amp#27;[0m
21:12:40.057 [Forwarding screenshot on session beb931454cea8e60885614692f167291 to remote] DEBUG org.asynchttpclient.netty.request.NettyRequestSender - Using pooled Channel '[id: 0x90b79a02, L:/127.0.0.1:50220 - R:localhost/127.0.0.1:58467]' for 'GET' to 'http://localhost:58467/session/beb931454cea8e60885614692f167291/screenshot'
21:12:40.057 [Forwarding screenshot on session beb931454cea8e60885614692f167291 to remote] DEBUG org.asynchttpclient.netty.request.NettyRequestSender - Using open Channel [id: 0x90b79a02, L:/127.0.0.1:50220 - R:localhost/127.0.0.1:58467] for GET '/session/beb931454cea8e60885614692f167291/screenshot'
21:12:40.195 [AsyncHttpClient-1-4] DEBUG org.asynchttpclient.netty.handler.HttpHandler - 

Request DefaultFullHttpRequest(decodeResult: success, version: HTTP/1.1, content: EmptyByteBufBE)
GET /session/beb931454cea8e60885614692f167291/screenshot HTTP/1.1
User-Agent: selenium/4.1.2 (java windows)
Cache-Control: no-cache
Content-Type: application/json; charset=utf-8
host: localhost:58467
accept: */*

Response DefaultHttpResponse(decodeResult: success, version: HTTP/1.1)
HTTP/1.1 200 OK
Content-Type: application/json; charset=utf-8
cache-control: no-cache
content-length: 43812

21:12:40.195 [AsyncHttpClient-1-4] DEBUG org.asynchttpclient.netty.channel.ChannelManager - Adding key: http://localhost:58467 for channel [id: 0x90b79a02, L:/127.0.0.1:50220 - R:localhost/127.0.0.1:58467]
21:12:40.197 [main] DEBUG net.serenitybdd.core.photography.Darkroom - Send negative for processing for target\site\serenity\945fc3aa2cf3734aa816bdea60bf818ecae43e3227fa0ac7e0a9fba310b9eead.png
21:12:40.197 [Darkroom Processing Line] DEBUG net.serenitybdd.core.photography.DarkroomProcessingLine - Processing screenshot image in /var/screenshots/screenshot-11199532176385088259
21:12:40.197 [Darkroom Processing Line] DEBUG net.serenitybdd.core.photography.DarkroomProcessingLine - Saving screenshot to target\site\serenity\945fc3aa2cf3734aa816bdea60bf818ecae43e3227fa0ac7e0a9fba310b9eead.png
21:12:40.203 [Forwarding findElement on session beb931454cea8e60885614692f167291 to remote] DEBUG org.asynchttpclient.netty.request.NettyRequestSender - Using pooled Channel '[id: 0x90b79a02, L:/127.0.0.1:50220 - R:localhost/127.0.0.1:58467]' for 'POST' to 'http://localhost:58467/session/beb931454cea8e60885614692f167291/element'
21:12:40.203 [Forwarding findElement on session beb931454cea8e60885614692f167291 to remote] DEBUG org.asynchttpclient.netty.request.NettyRequestSender - Using open Channel [id: 0x90b79a02, L:/127.0.0.1:50220 - R:localhost/127.0.0.1:58467] for POST '/session/beb931454cea8e60885614692f167291/element'
21:12:40.212 [AsyncHttpClient-1-4] DEBUG org.asynchttpclient.netty.handler.HttpHandler - 

Request DefaultHttpRequest(decodeResult: success, version: HTTP/1.1)
POST /session/beb931454cea8e60885614692f167291/element HTTP/1.1
User-Agent: selenium/4.1.2 (java windows)
Content-Length: 90
Content-Type: application/json; charset=utf-8
host: localhost:58467
accept: */*

Response DefaultHttpResponse(decodeResult: success, version: HTTP/1.1)
HTTP/1.1 200 OK
Content-Type: application/json; charset=utf-8
cache-control: no-cache
content-length: 88

21:12:40.212 [AsyncHttpClient-1-4] DEBUG org.asynchttpclient.netty.channel.ChannelManager - Adding key: http://localhost:58467 for channel [id: 0x90b79a02, L:/127.0.0.1:50220 - R:localhost/127.0.0.1:58467]
21:12:40.213 [Forwarding clearElement on session beb931454cea8e60885614692f167291 to remote] DEBUG org.asynchttpclient.netty.request.NettyRequestSender - Using pooled Channel '[id: 0x90b79a02, L:/127.0.0.1:50220 - R:localhost/127.0.0.1:58467]' for 'POST' to 'http://localhost:58467/session/beb931454cea8e60885614692f167291/element/84712652-5916-4f4e-a448-defa898b50b0/clear'
21:12:40.213 [Forwarding clearElement on session beb931454cea8e60885614692f167291 to remote] DEBUG org.asynchttpclient.netty.request.NettyRequestSender - Using open Channel [id: 0x90b79a02, L:/127.0.0.1:50220 - R:localhost/127.0.0.1:58467] for POST '/session/beb931454cea8e60885614692f167291/element/84712652-5916-4f4e-a448-defa898b50b0/clear'
21:12:40.239 [AsyncHttpClient-1-4] DEBUG org.asynchttpclient.netty.handler.HttpHandler - 

Request DefaultHttpRequest(decodeResult: success, version: HTTP/1.1)
POST /session/beb931454cea8e60885614692f167291/element/84712652-5916-4f4e-a448-defa898b50b0/clear HTTP/1.1
User-Agent: selenium/4.1.2 (java windows)
Content-Length: 50
Content-Type: application/json; charset=utf-8
host: localhost:58467
accept: */*

Response DefaultHttpResponse(decodeResult: success, version: HTTP/1.1)
HTTP/1.1 200 OK
Content-Type: application/json; charset=utf-8
cache-control: no-cache
content-length: 14

21:12:40.240 [AsyncHttpClient-1-4] DEBUG org.asynchttpclient.netty.channel.ChannelManager - Adding key: http://localhost:58467 for channel [id: 0x90b79a02, L:/127.0.0.1:50220 - R:localhost/127.0.0.1:58467]
21:12:40.241 [Forwarding sendKeysToElement on session beb931454cea8e60885614692f167291 to remote] DEBUG org.asynchttpclient.netty.request.NettyRequestSender - Using pooled Channel '[id: 0x90b79a02, L:/127.0.0.1:50220 - R:localhost/127.0.0.1:58467]' for 'POST' to 'http://localhost:58467/session/beb931454cea8e60885614692f167291/element/84712652-5916-4f4e-a448-defa898b50b0/value'
21:12:40.241 [Forwarding sendKeysToElement on session beb931454cea8e60885614692f167291 to remote] DEBUG org.asynchttpclient.netty.request.NettyRequestSender - Using open Channel [id: 0x90b79a02, L:/127.0.0.1:50220 - R:localhost/127.0.0.1:58467] for POST '/session/beb931454cea8e60885614692f167291/element/84712652-5916-4f4e-a448-defa898b50b0/value'
21:12:40.295 [AsyncHttpClient-1-4] DEBUG org.asynchttpclient.netty.handler.HttpHandler - 

Request DefaultHttpRequest(decodeResult: success, version: HTTP/1.1)
POST /session/beb931454cea8e60885614692f167291/element/84712652-5916-4f4e-a448-defa898b50b0/value HTTP/1.1
User-Agent: selenium/4.1.2 (java windows)
Content-Length: 141
Content-Type: application/json; charset=utf-8
host: localhost:58467
accept: */*

Response DefaultHttpResponse(decodeResult: success, version: HTTP/1.1)
HTTP/1.1 200 OK
Content-Type: application/json; charset=utf-8
cache-control: no-cache
content-length: 14

21:12:40.296 [AsyncHttpClient-1-4] DEBUG org.asynchttpclient.netty.channel.ChannelManager - Adding key: http://localhost:58467 for channel [id: 0x90b79a02, L:/127.0.0.1:50220 - R:localhost/127.0.0.1:58467]
  &amp#27;[32mAnd &amp#27;[0m&amp#27;[32mI input &amp#27;[0m&amp#27;[32m&amp#27;[1m"thaurn"&amp#27;[0m&amp#27;[32m password&amp#27;[0m                    &amp#27;[90m# starter.stepdefinitions.LogInOutSteps.iInputPasswordPassword(java.lang.String)&amp#27;[0m
21:12:40.301 [Forwarding screenshot on session beb931454cea8e60885614692f167291 to remote] DEBUG org.asynchttpclient.netty.request.NettyRequestSender - Using pooled Channel '[id: 0x90b79a02, L:/127.0.0.1:50220 - R:localhost/127.0.0.1:58467]' for 'GET' to 'http://localhost:58467/session/beb931454cea8e60885614692f167291/screenshot'
21:12:40.301 [Forwarding screenshot on session beb931454cea8e60885614692f167291 to remote] DEBUG org.asynchttpclient.netty.request.NettyRequestSender - Using open Channel [id: 0x90b79a02, L:/127.0.0.1:50220 - R:localhost/127.0.0.1:58467] for GET '/session/beb931454cea8e60885614692f167291/screenshot'
21:12:40.414 [AsyncHttpClient-1-4] DEBUG org.asynchttpclient.netty.handler.HttpHandler - 

Request DefaultFullHttpRequest(decodeResult: success, version: HTTP/1.1, content: EmptyByteBufBE)
GET /session/beb931454cea8e60885614692f167291/screenshot HTTP/1.1
User-Agent: selenium/4.1.2 (java windows)
Cache-Control: no-cache
Content-Type: application/json; charset=utf-8
host: localhost:58467
accept: */*

Response DefaultHttpResponse(decodeResult: success, version: HTTP/1.1)
HTTP/1.1 200 OK
Content-Type: application/json; charset=utf-8
cache-control: no-cache
content-length: 45412

21:12:40.414 [AsyncHttpClient-1-4] DEBUG org.asynchttpclient.netty.channel.ChannelManager - Adding key: http://localhost:58467 for channel [id: 0x90b79a02, L:/127.0.0.1:50220 - R:localhost/127.0.0.1:58467]
21:12:40.416 [main] DEBUG net.serenitybdd.core.photography.Darkroom - Send negative for processing for target\site\serenity\6617046e31abad87d8b642758b13ee61941fda7524a654cec6e115ed49873a2c.png
21:12:40.416 [Darkroom Processing Line] DEBUG net.serenitybdd.core.photography.DarkroomProcessingLine - Processing screenshot image in /var/screenshots/screenshot-14791060003282363155
21:12:40.416 [Darkroom Processing Line] DEBUG net.serenitybdd.core.photography.DarkroomProcessingLine - Saving screenshot to target\site\serenity\6617046e31abad87d8b642758b13ee61941fda7524a654cec6e115ed49873a2c.png
21:12:40.424 [Forwarding findElement on session beb931454cea8e60885614692f167291 to remote] DEBUG org.asynchttpclient.netty.request.NettyRequestSender - Using pooled Channel '[id: 0x90b79a02, L:/127.0.0.1:50220 - R:localhost/127.0.0.1:58467]' for 'POST' to 'http://localhost:58467/session/beb931454cea8e60885614692f167291/element'
21:12:40.424 [Forwarding findElement on session beb931454cea8e60885614692f167291 to remote] DEBUG org.asynchttpclient.netty.request.NettyRequestSender - Using open Channel [id: 0x90b79a02, L:/127.0.0.1:50220 - R:localhost/127.0.0.1:58467] for POST '/session/beb931454cea8e60885614692f167291/element'
21:12:40.433 [AsyncHttpClient-1-4] DEBUG org.asynchttpclient.netty.handler.HttpHandler - 

Request DefaultHttpRequest(decodeResult: success, version: HTTP/1.1)
POST /session/beb931454cea8e60885614692f167291/element HTTP/1.1
User-Agent: selenium/4.1.2 (java windows)
Content-Length: 81
Content-Type: application/json; charset=utf-8
host: localhost:58467
accept: */*

Response DefaultHttpResponse(decodeResult: success, version: HTTP/1.1)
HTTP/1.1 200 OK
Content-Type: application/json; charset=utf-8
cache-control: no-cache
content-length: 88

21:12:40.433 [AsyncHttpClient-1-4] DEBUG org.asynchttpclient.netty.channel.ChannelManager - Adding key: http://localhost:58467 for channel [id: 0x90b79a02, L:/127.0.0.1:50220 - R:localhost/127.0.0.1:58467]
21:12:40.434 [Forwarding getElementTagName on session beb931454cea8e60885614692f167291 to remote] DEBUG org.asynchttpclient.netty.request.NettyRequestSender - Using pooled Channel '[id: 0x90b79a02, L:/127.0.0.1:50220 - R:localhost/127.0.0.1:58467]' for 'GET' to 'http://localhost:58467/session/beb931454cea8e60885614692f167291/element/b632ba25-5a18-4f63-b423-f01c4eb85dfc/name'
21:12:40.434 [Forwarding getElementTagName on session beb931454cea8e60885614692f167291 to remote] DEBUG org.asynchttpclient.netty.request.NettyRequestSender - Using open Channel [id: 0x90b79a02, L:/127.0.0.1:50220 - R:localhost/127.0.0.1:58467] for GET '/session/beb931454cea8e60885614692f167291/element/b632ba25-5a18-4f63-b423-f01c4eb85dfc/name'
21:12:40.437 [AsyncHttpClient-1-4] DEBUG org.asynchttpclient.netty.handler.HttpHandler - 

Request DefaultFullHttpRequest(decodeResult: success, version: HTTP/1.1, content: EmptyByteBufBE)
GET /session/beb931454cea8e60885614692f167291/element/b632ba25-5a18-4f63-b423-f01c4eb85dfc/name HTTP/1.1
User-Agent: selenium/4.1.2 (java windows)
Cache-Control: no-cache
Content-Type: application/json; charset=utf-8
host: localhost:58467
accept: */*

Response DefaultHttpResponse(decodeResult: success, version: HTTP/1.1)
HTTP/1.1 200 OK
Content-Type: application/json; charset=utf-8
cache-control: no-cache
content-length: 16

21:12:40.437 [AsyncHttpClient-1-4] DEBUG org.asynchttpclient.netty.channel.ChannelManager - Adding key: http://localhost:58467 for channel [id: 0x90b79a02, L:/127.0.0.1:50220 - R:localhost/127.0.0.1:58467]
21:12:40.439 [Forwarding getElementTagName on session beb931454cea8e60885614692f167291 to remote] DEBUG org.asynchttpclient.netty.request.NettyRequestSender - Using pooled Channel '[id: 0x90b79a02, L:/127.0.0.1:50220 - R:localhost/127.0.0.1:58467]' for 'GET' to 'http://localhost:58467/session/beb931454cea8e60885614692f167291/element/b632ba25-5a18-4f63-b423-f01c4eb85dfc/name'
21:12:40.439 [Forwarding getElementTagName on session beb931454cea8e60885614692f167291 to remote] DEBUG org.asynchttpclient.netty.request.NettyRequestSender - Using open Channel [id: 0x90b79a02, L:/127.0.0.1:50220 - R:localhost/127.0.0.1:58467] for GET '/session/beb931454cea8e60885614692f167291/element/b632ba25-5a18-4f63-b423-f01c4eb85dfc/name'
21:12:40.442 [AsyncHttpClient-1-4] DEBUG org.asynchttpclient.netty.handler.HttpHandler - 

Request DefaultFullHttpRequest(decodeResult: success, version: HTTP/1.1, content: EmptyByteBufBE)
GET /session/beb931454cea8e60885614692f167291/element/b632ba25-5a18-4f63-b423-f01c4eb85dfc/name HTTP/1.1
User-Agent: selenium/4.1.2 (java windows)
Cache-Control: no-cache
Content-Type: application/json; charset=utf-8
host: localhost:58467
accept: */*

Response DefaultHttpResponse(decodeResult: success, version: HTTP/1.1)
HTTP/1.1 200 OK
Content-Type: application/json; charset=utf-8
cache-control: no-cache
content-length: 16

21:12:40.442 [AsyncHttpClient-1-4] DEBUG org.asynchttpclient.netty.channel.ChannelManager - Adding key: http://localhost:58467 for channel [id: 0x90b79a02, L:/127.0.0.1:50220 - R:localhost/127.0.0.1:58467]
21:12:40.444 [Forwarding findElement on session beb931454cea8e60885614692f167291 to remote] DEBUG org.asynchttpclient.netty.request.NettyRequestSender - Using pooled Channel '[id: 0x90b79a02, L:/127.0.0.1:50220 - R:localhost/127.0.0.1:58467]' for 'POST' to 'http://localhost:58467/session/beb931454cea8e60885614692f167291/element'
21:12:40.444 [Forwarding findElement on session beb931454cea8e60885614692f167291 to remote] DEBUG org.asynchttpclient.netty.request.NettyRequestSender - Using open Channel [id: 0x90b79a02, L:/127.0.0.1:50220 - R:localhost/127.0.0.1:58467] for POST '/session/beb931454cea8e60885614692f167291/element'
21:12:40.448 [AsyncHttpClient-1-4] DEBUG org.asynchttpclient.netty.handler.HttpHandler - 

Request DefaultHttpRequest(decodeResult: success, version: HTTP/1.1)
POST /session/beb931454cea8e60885614692f167291/element HTTP/1.1
User-Agent: selenium/4.1.2 (java windows)
Content-Length: 81
Content-Type: application/json; charset=utf-8
host: localhost:58467
accept: */*

Response DefaultHttpResponse(decodeResult: success, version: HTTP/1.1)
HTTP/1.1 200 OK
Content-Type: application/json; charset=utf-8
cache-control: no-cache
content-length: 88

21:12:40.449 [AsyncHttpClient-1-4] DEBUG org.asynchttpclient.netty.channel.ChannelManager - Adding key: http://localhost:58467 for channel [id: 0x90b79a02, L:/127.0.0.1:50220 - R:localhost/127.0.0.1:58467]
21:12:40.450 [Forwarding clickElement on session beb931454cea8e60885614692f167291 to remote] DEBUG org.asynchttpclient.netty.request.NettyRequestSender - Using pooled Channel '[id: 0x90b79a02, L:/127.0.0.1:50220 - R:localhost/127.0.0.1:58467]' for 'POST' to 'http://localhost:58467/session/beb931454cea8e60885614692f167291/element/b632ba25-5a18-4f63-b423-f01c4eb85dfc/click'
21:12:40.450 [Forwarding clickElement on session beb931454cea8e60885614692f167291 to remote] DEBUG org.asynchttpclient.netty.request.NettyRequestSender - Using open Channel [id: 0x90b79a02, L:/127.0.0.1:50220 - R:localhost/127.0.0.1:58467] for POST '/session/beb931454cea8e60885614692f167291/element/b632ba25-5a18-4f63-b423-f01c4eb85dfc/click'
21:12:40.485 [AsyncHttpClient-1-4] DEBUG org.asynchttpclient.netty.handler.HttpHandler - 

Request DefaultHttpRequest(decodeResult: success, version: HTTP/1.1)
POST /session/beb931454cea8e60885614692f167291/element/b632ba25-5a18-4f63-b423-f01c4eb85dfc/click HTTP/1.1
User-Agent: selenium/4.1.2 (java windows)
Content-Length: 50
Content-Type: application/json; charset=utf-8
host: localhost:58467
accept: */*

Response DefaultHttpResponse(decodeResult: success, version: HTTP/1.1)
HTTP/1.1 200 OK
Content-Type: application/json; charset=utf-8
cache-control: no-cache
content-length: 14

21:12:40.485 [AsyncHttpClient-1-4] DEBUG org.asynchttpclient.netty.channel.ChannelManager - Adding key: http://localhost:58467 for channel [id: 0x90b79a02, L:/127.0.0.1:50220 - R:localhost/127.0.0.1:58467]
  &amp#27;[32mAnd &amp#27;[0m&amp#27;[32mI click login button&amp#27;[0m                         &amp#27;[90m# starter.stepdefinitions.LogInOutSteps.iClickLoginButton()&amp#27;[0m
21:12:40.493 [Forwarding screenshot on session beb931454cea8e60885614692f167291 to remote] DEBUG org.asynchttpclient.netty.request.NettyRequestSender - Using pooled Channel '[id: 0x90b79a02, L:/127.0.0.1:50220 - R:localhost/127.0.0.1:58467]' for 'GET' to 'http://localhost:58467/session/beb931454cea8e60885614692f167291/screenshot'
21:12:40.493 [Forwarding screenshot on session beb931454cea8e60885614692f167291 to remote] DEBUG org.asynchttpclient.netty.request.NettyRequestSender - Using open Channel [id: 0x90b79a02, L:/127.0.0.1:50220 - R:localhost/127.0.0.1:58467] for GET '/session/beb931454cea8e60885614692f167291/screenshot'
21:12:40.636 [AsyncHttpClient-1-4] DEBUG org.asynchttpclient.netty.handler.HttpHandler - 

Request DefaultFullHttpRequest(decodeResult: success, version: HTTP/1.1, content: EmptyByteBufBE)
GET /session/beb931454cea8e60885614692f167291/screenshot HTTP/1.1
User-Agent: selenium/4.1.2 (java windows)
Cache-Control: no-cache
Content-Type: application/json; charset=utf-8
host: localhost:58467
accept: */*

Response DefaultHttpResponse(decodeResult: success, version: HTTP/1.1)
HTTP/1.1 200 OK
Content-Type: application/json; charset=utf-8
cache-control: no-cache
content-length: 45128

21:12:40.636 [AsyncHttpClient-1-4] DEBUG org.asynchttpclient.netty.channel.ChannelManager - Adding key: http://localhost:58467 for channel [id: 0x90b79a02, L:/127.0.0.1:50220 - R:localhost/127.0.0.1:58467]
21:12:40.639 [main] DEBUG net.serenitybdd.core.photography.Darkroom - Send negative for processing for target\site\serenity\aea61844ee33e76f023cff1d8da95d3bd9a19ac68252eb57a55763cc288499c9.png
21:12:40.640 [Darkroom Processing Line] DEBUG net.serenitybdd.core.photography.DarkroomProcessingLine - Processing screenshot image in /var/screenshots/screenshot-1815040622033193383
21:12:40.640 [Darkroom Processing Line] DEBUG net.serenitybdd.core.photography.DarkroomProcessingLine - Saving screenshot to target\site\serenity\aea61844ee33e76f023cff1d8da95d3bd9a19ac68252eb57a55763cc288499c9.png
21:12:40.647 [Forwarding findElement on session beb931454cea8e60885614692f167291 to remote] DEBUG org.asynchttpclient.netty.request.NettyRequestSender - Using pooled Channel '[id: 0x90b79a02, L:/127.0.0.1:50220 - R:localhost/127.0.0.1:58467]' for 'POST' to 'http://localhost:58467/session/beb931454cea8e60885614692f167291/element'
21:12:40.647 [Forwarding findElement on session beb931454cea8e60885614692f167291 to remote] DEBUG org.asynchttpclient.netty.request.NettyRequestSender - Using open Channel [id: 0x90b79a02, L:/127.0.0.1:50220 - R:localhost/127.0.0.1:58467] for POST '/session/beb931454cea8e60885614692f167291/element'
21:12:40.988 [AsyncHttpClient-1-1] DEBUG org.asynchttpclient.netty.channel.DefaultChannelPool - Entry count for : http://localhost:50221 : 1
21:12:41.976 [AsyncHttpClient-1-4] DEBUG org.asynchttpclient.netty.handler.HttpHandler - 

Request DefaultHttpRequest(decodeResult: success, version: HTTP/1.1)
POST /session/beb931454cea8e60885614692f167291/element HTTP/1.1
User-Agent: selenium/4.1.2 (java windows)
Content-Length: 79
Content-Type: application/json; charset=utf-8
host: localhost:58467
accept: */*

Response DefaultHttpResponse(decodeResult: success, version: HTTP/1.1)
HTTP/1.1 200 OK
Content-Type: application/json; charset=utf-8
cache-control: no-cache
content-length: 88

21:12:41.976 [AsyncHttpClient-1-4] DEBUG org.asynchttpclient.netty.channel.ChannelManager - Adding key: http://localhost:58467 for channel [id: 0x90b79a02, L:/127.0.0.1:50220 - R:localhost/127.0.0.1:58467]
21:12:41.980 [Forwarding isElementDisplayed on session beb931454cea8e60885614692f167291 to remote] DEBUG org.asynchttpclient.netty.request.NettyRequestSender - Using pooled Channel '[id: 0x90b79a02, L:/127.0.0.1:50220 - R:localhost/127.0.0.1:58467]' for 'POST' to 'http://localhost:58467/session/beb931454cea8e60885614692f167291/execute/sync'
21:12:41.981 [Forwarding isElementDisplayed on session beb931454cea8e60885614692f167291 to remote] DEBUG org.asynchttpclient.netty.request.NettyRequestSender - Using open Channel [id: 0x90b79a02, L:/127.0.0.1:50220 - R:localhost/127.0.0.1:58467] for POST '/session/beb931454cea8e60885614692f167291/execute/sync'
21:12:41.995 [AsyncHttpClient-1-4] DEBUG org.asynchttpclient.netty.handler.HttpHandler - 

Request DefaultHttpRequest(decodeResult: success, version: HTTP/1.1)
POST /session/beb931454cea8e60885614692f167291/execute/sync HTTP/1.1
User-Agent: selenium/4.1.2 (java windows)
Content-Length: 48780
Content-Type: application/json; charset=utf-8
host: localhost:58467
accept: */*

Response DefaultHttpResponse(decodeResult: success, version: HTTP/1.1)
HTTP/1.1 200 OK
Content-Type: application/json; charset=utf-8
cache-control: no-cache
content-length: 14

21:12:41.995 [AsyncHttpClient-1-4] DEBUG org.asynchttpclient.netty.channel.ChannelManager - Adding key: http://localhost:58467 for channel [id: 0x90b79a02, L:/127.0.0.1:50220 - R:localhost/127.0.0.1:58467]
  &amp#27;[32mThen &amp#27;[0m&amp#27;[32mI get &amp#27;[0m&amp#27;[32m&amp#27;[1m"logged in"&amp#27;[0m&amp#27;[32m as result&amp#27;[0m                 &amp#27;[90m# starter.stepdefinitions.LogInOutSteps.iGetResult(java.lang.String)&amp#27;[0m
21:12:42.001 [Forwarding screenshot on session beb931454cea8e60885614692f167291 to remote] DEBUG org.asynchttpclient.netty.request.NettyRequestSender - Using pooled Channel '[id: 0x90b79a02, L:/127.0.0.1:50220 - R:localhost/127.0.0.1:58467]' for 'GET' to 'http://localhost:58467/session/beb931454cea8e60885614692f167291/screenshot'
21:12:42.001 [Forwarding screenshot on session beb931454cea8e60885614692f167291 to remote] DEBUG org.asynchttpclient.netty.request.NettyRequestSender - Using open Channel [id: 0x90b79a02, L:/127.0.0.1:50220 - R:localhost/127.0.0.1:58467] for GET '/session/beb931454cea8e60885614692f167291/screenshot'
21:12:42.086 [AsyncHttpClient-1-1] DEBUG org.asynchttpclient.netty.channel.DefaultChannelPool - Entry count for : http://localhost:50221 : 1
21:12:42.208 [AsyncHttpClient-1-4] DEBUG org.asynchttpclient.netty.handler.HttpHandler - 

Request DefaultFullHttpRequest(decodeResult: success, version: HTTP/1.1, content: EmptyByteBufBE)
GET /session/beb931454cea8e60885614692f167291/screenshot HTTP/1.1
User-Agent: selenium/4.1.2 (java windows)
Cache-Control: no-cache
Content-Type: application/json; charset=utf-8
host: localhost:58467
accept: */*

Response DefaultHttpResponse(decodeResult: success, version: HTTP/1.1)
HTTP/1.1 200 OK
Content-Type: application/json; charset=utf-8
cache-control: no-cache
content-length: 31552

21:12:42.208 [AsyncHttpClient-1-4] DEBUG org.asynchttpclient.netty.channel.ChannelManager - Adding key: http://localhost:58467 for channel [id: 0x90b79a02, L:/127.0.0.1:50220 - R:localhost/127.0.0.1:58467]
21:12:42.211 [main] DEBUG net.serenitybdd.core.photography.Darkroom - Send negative for processing for target\site\serenity\76129b538c6d8d9ebce32c22e025868726f252f06e4bb47e39df279ff7b59fdf.png
21:12:42.211 [Darkroom Processing Line] DEBUG net.serenitybdd.core.photography.DarkroomProcessingLine - Processing screenshot image in /var/screenshots/screenshot-5078457459090620292
21:12:42.211 [Darkroom Processing Line] DEBUG net.serenitybdd.core.photography.DarkroomProcessingLine - Saving screenshot to target\site\serenity\76129b538c6d8d9ebce32c22e025868726f252f06e4bb47e39df279ff7b59fdf.png
21:12:42.212 [main] INFO  - 
  _____   ___   ___   _____     ___     _     ___   ___   ___   ___  
 |_   _| | __| / __| |_   _|   | _ \   /_\   / __| / __| | __| |   \ 
   | |   | _|  \__ \   | |     |  _/  / _ \  \__ \ \__ \ | _|  | |) |
   |_|   |___| |___/   |_|     |_|   /_/ \_\ |___/ |___/ |___| |___/ 

Login with registered email and password
----------------------------------------------------------------------
21:12:42.213 [AsyncHttpClient-1-6] DEBUG org.asynchttpclient.netty.handler.WebSocketHandler - Channel Closed: [id: 0x965673e1, L:/127.0.0.1:50228 ! R:localhost/127.0.0.1:50221] with attribute NettyResponseFuture{currentRetry=5,
	isDone=1,
	isCancelled=0,
	asyncHandler=org.asynchttpclient.ws.WebSocketUpgradeHandler@66747e8e,
	nettyRequest=org.asynchttpclient.netty.request.NettyRequest@fdb2e52,
	future=java.util.concurrent.CompletableFuture@1e6adeca[Completed normally],
	uri=ws://localhost:50221/devtools/browser/acb2ff6e-05cc-486b-a758-357574d3660e,
	keepAlive=true,
	redirectCount=0,
	timeoutsHolder=null,
	inAuth=0,
	touch=1667484758012}
21:12:42.213 [AsyncHttpClient-1-6] DEBUG org.asynchttpclient.netty.channel.ChannelManager - Closing Channel [id: 0x965673e1, L:/127.0.0.1:50228 ! R:localhost/127.0.0.1:50221] 
21:12:42.214 [Driver Command Executor] DEBUG org.asynchttpclient.netty.request.NettyRequestSender - Using pooled Channel '[id: 0x90b79a02, L:/127.0.0.1:50220 - R:localhost/127.0.0.1:58467]' for 'DELETE' to 'http://localhost:58467/session/beb931454cea8e60885614692f167291'
21:12:42.214 [Driver Command Executor] DEBUG org.asynchttpclient.netty.request.NettyRequestSender - Using open Channel [id: 0x90b79a02, L:/127.0.0.1:50220 - R:localhost/127.0.0.1:58467] for DELETE '/session/beb931454cea8e60885614692f167291'
21:12:42.314 [AsyncHttpClient-1-5] DEBUG org.asynchttpclient.netty.handler.HttpHandler - Unexpected I/O exception on channel [id: 0x82ebbcdd, L:/127.0.0.1:50227 - R:localhost/127.0.0.1:50221]
java.net.SocketException: Connection reset
	at java.base/sun.nio.ch.SocketChannelImpl.throwConnectionReset(SocketChannelImpl.java:345)
	at java.base/sun.nio.ch.SocketChannelImpl.read(SocketChannelImpl.java:376)
	at io.netty.buffer.PooledByteBuf.setBytes(PooledByteBuf.java:258)
	at io.netty.buffer.AbstractByteBuf.writeBytes(AbstractByteBuf.java:1132)
	at io.netty.channel.socket.nio.NioSocketChannel.doReadBytes(NioSocketChannel.java:350)
	at io.netty.channel.nio.AbstractNioByteChannel$NioByteUnsafe.read(AbstractNioByteChannel.java:151)
	at io.netty.channel.nio.NioEventLoop.processSelectedKey(NioEventLoop.java:722)
	at io.netty.channel.nio.NioEventLoop.processSelectedKeysOptimized(NioEventLoop.java:658)
	at io.netty.channel.nio.NioEventLoop.processSelectedKeys(NioEventLoop.java:584)
	at io.netty.channel.nio.NioEventLoop.run(NioEventLoop.java:496)
	at io.netty.util.concurrent.SingleThreadEventExecutor$4.run(SingleThreadEventExecutor.java:986)
	at io.netty.util.internal.ThreadExecutorMap$2.run(ThreadExecutorMap.java:74)
	at io.netty.util.concurrent.FastThreadLocalRunnable.run(FastThreadLocalRunnable.java:30)
	at java.base/java.lang.Thread.run(Thread.java:830)
21:12:42.315 [AsyncHttpClient-1-5] DEBUG org.asynchttpclient.netty.channel.ChannelManager - Closing Channel [id: 0x82ebbcdd, L:/127.0.0.1:50227 - R:localhost/127.0.0.1:50221] 
21:12:42.315 [AsyncHttpClient-1-5] DEBUG org.asynchttpclient.netty.handler.HttpHandler - Channel Closed: [id: 0x82ebbcdd, L:/127.0.0.1:50227 ! R:localhost/127.0.0.1:50221] with attribute DISCARD
21:12:42.334 [AsyncHttpClient-1-4] DEBUG org.asynchttpclient.netty.handler.HttpHandler - 

Request DefaultFullHttpRequest(decodeResult: success, version: HTTP/1.1, content: EmptyByteBufBE)
DELETE /session/beb931454cea8e60885614692f167291 HTTP/1.1
User-Agent: selenium/4.1.2 (java windows)
Content-Type: application/json; charset=utf-8
host: localhost:58467
accept: */*

Response DefaultHttpResponse(decodeResult: success, version: HTTP/1.1)
HTTP/1.1 200 OK
Content-Type: application/json; charset=utf-8
cache-control: no-cache
content-length: 14

21:12:42.334 [AsyncHttpClient-1-4] DEBUG org.asynchttpclient.netty.channel.ChannelManager - Adding key: http://localhost:58467 for channel [id: 0x90b79a02, L:/127.0.0.1:50220 - R:localhost/127.0.0.1:58467]
21:12:42.393 [AsyncHttpClient-1-4] DEBUG org.asynchttpclient.netty.handler.HttpHandler - Channel Closed: [id: 0x90b79a02, L:/127.0.0.1:50220 ! R:localhost/127.0.0.1:58467] with attribute DISCARD
]]></system-out>
    <system-err><![CDATA[Starting ChromeDriver 106.0.5249.61 (511755355844955cd3e264779baf0dd38212a4d0-refs/branch-heads/5249@{#569}) on port 58467
Only local connections are allowed.
Please see https://chromedriver.chromium.org/security-considerations for suggestions on keeping ChromeDriver safe.
ChromeDriver was started successfully.
[1667484757.837][WARNING]: This version of ChromeDriver has not been tested with Chrome version 107.
Nov 03, 2022 9:12:37 PM org.openqa.selenium.remote.ProtocolHandshake createSession
INFO: Detected dialect: W3C
Nov 03, 2022 9:12:38 PM org.openqa.selenium.devtools.CdpVersionFinder findNearestMatch
WARNING: Unable to find an exact match for CDP version 107, so returning the closest version found: a no-op implementation
Nov 03, 2022 9:12:38 PM org.openqa.selenium.devtools.CdpVersionFinder findNearestMatch
INFO: Unable to find CDP implementation matching 107.
Nov 03, 2022 9:12:38 PM org.openqa.selenium.chromium.ChromiumDriver lambda$new$3
WARNING: Unable to find version of CDP to use for . You may need to include a dependency on a specific version of the CDP using something similar to `org.seleniumhq.selenium:selenium-devtools-v86:4.1.2` where the version ("v86") matches the version of the chromium-based browser you're using and the version number of the artifact is the same as Selenium's.
]]></system-err>
  </testcase>
  <testcase name="Login with email and password #1" classname="Login" time="8.394">
    <system-out><![CDATA[
Scenario Outline: Login with email and password &amp#27;[90m# src/test/resources/features/Login.feature:27&amp#27;[0m
21:12:42.935 [main] INFO io.cucumber.core.plugin.SerenityReporter - Running feature from file:///C:/Users/ASUS/Desktop/stupen/miniproject/Web/ASWeb/src/test/resources/features/Login.feature
21:12:42.943 [main] INFO  - 
  _____   ___   ___   _____     ___   _____     _     ___   _____   ___   ___  
 |_   _| | __| / __| |_   _|   / __| |_   _|   /_\   | _ \ |_   _| | __| |   \ 
   | |   | _|  \__ \   | |     \__ \   | |    / _ \  |   /   | |   | _|  | |) |
   |_|   |___| |___/   |_|     |___/   |_|   /_/ \_\ |_|_\   |_|   |___| |___/ 

Login with email and password(login;login-with-email-and-password)
--------------------------------------------------------------------------------
21:12:42.957 [main] INFO net.serenitybdd.core.webdriver.driverproviders.ChromeDriverProvider - Using automatically driver download
21:12:43.062 [main] DEBUG io.github.bonigarcia.wdm.cache.ResolutionCache - Resolution chrome=107 in cache (valid until 21:49:49 03/11/2022 WIB)
21:12:43.065 [main] DEBUG io.github.bonigarcia.wdm.cache.ResolutionCache - Resolution chrome107=107.0.5304.62 in cache (valid until 16:49:12 04/11/2022 WIB)
21:12:43.066 [main] INFO io.github.bonigarcia.wdm.WebDriverManager - Using chromedriver 107.0.5304.62 (resolved driver for Chrome 107)
21:12:43.076 [main] DEBUG io.github.bonigarcia.wdm.WebDriverManager - Driver chromedriver 107.0.5304.62 found in cache
21:12:43.077 [main] INFO io.github.bonigarcia.wdm.WebDriverManager - Exporting webdriver.chrome.driver as C:\Users\ASUS\.cache\selenium\chromedriver\win32\107.0.5304.62\chromedriver.exe
21:12:43.193 [main] DEBUG net.serenitybdd.core.webdriver.driverproviders.ProvideNewDriver - Instantiating driver
21:12:43.193 [main] DEBUG net.serenitybdd.core.webdriver.driverproviders.ProvideNewDriver - Driver capabilities: Capabilities {acceptInsecureCerts: false, base.url: https://alta-shop.vercel.app/, browserName: chrome, chrome.driver: src/test/resources/webdrive..., driver: chrome, goog:chromeOptions: {args: [], extensions: []}, wait.for.timeout: 10000}
21:12:43.196 [AsyncHttpClient-1-1] DEBUG org.asynchttpclient.netty.channel.DefaultChannelPool - Entry count for : http://localhost:58467 : 1
21:12:43.196 [AsyncHttpClient-1-1] DEBUG org.asynchttpclient.netty.channel.DefaultChannelPool - Entry count for : http://localhost:50221 : 1
21:12:43.196 [AsyncHttpClient-1-1] DEBUG org.asynchttpclient.netty.channel.DefaultChannelPool - Adding Candidate expired Channel [id: 0x90b79a02, L:/127.0.0.1:50220 ! R:localhost/127.0.0.1:58467] isIdleTimeoutExpired=false isRemotelyClosed=true isTtlExpired=false
21:12:43.196 [AsyncHttpClient-1-1] DEBUG org.asynchttpclient.netty.channel.DefaultChannelPool - Closing Idle Channel [id: 0x90b79a02, L:/127.0.0.1:50220 ! R:localhost/127.0.0.1:58467]
21:12:43.196 [AsyncHttpClient-1-1] DEBUG org.asynchttpclient.netty.channel.DefaultChannelPool - Adding Candidate expired Channel [id: 0x82ebbcdd, L:/127.0.0.1:50227 ! R:localhost/127.0.0.1:50221] isIdleTimeoutExpired=false isRemotelyClosed=true isTtlExpired=false
21:12:43.196 [AsyncHttpClient-1-1] DEBUG org.asynchttpclient.netty.channel.DefaultChannelPool - Closing Idle Channel [id: 0x82ebbcdd, L:/127.0.0.1:50227 ! R:localhost/127.0.0.1:50221]
21:12:43.196 [AsyncHttpClient-1-1] DEBUG org.asynchttpclient.netty.channel.DefaultChannelPool - Closed 2 connections out of 2 in 0 ms
21:12:43.737 [AsyncHttpClient-1-7] DEBUG org.asynchttpclient.netty.channel.NettyConnectListener - Using new Channel '[id: 0x0446c00b, L:/127.0.0.1:50250 - R:localhost/127.0.0.1:61784]' for 'POST' to '/session'
21:12:44.422 [AsyncHttpClient-1-7] DEBUG org.asynchttpclient.netty.handler.HttpHandler - 

Request DefaultHttpRequest(decodeResult: success, version: HTTP/1.1)
POST /session HTTP/1.1
User-Agent: selenium/4.1.2 (java windows)
Content-Length: 646
Content-Type: application/json; charset=utf-8
host: localhost:61784
accept: */*

Response DefaultHttpResponse(decodeResult: success, version: HTTP/1.1)
HTTP/1.1 200 OK
Content-Type: application/json; charset=utf-8
cache-control: no-cache
content-length: 788

21:12:44.422 [AsyncHttpClient-1-7] DEBUG org.asynchttpclient.netty.channel.ChannelManager - Adding key: http://localhost:61784 for channel [id: 0x0446c00b, L:/127.0.0.1:50250 - R:localhost/127.0.0.1:61784]
21:12:44.434 [AsyncHttpClient-1-8] DEBUG org.asynchttpclient.netty.channel.NettyConnectListener - Using new Channel '[id: 0x3f409c4e, L:/127.0.0.1:50258 - R:localhost/127.0.0.1:50251]' for 'GET' to '/json/version'
21:12:44.435 [AsyncHttpClient-1-8] DEBUG org.asynchttpclient.netty.handler.HttpHandler - 

Request DefaultFullHttpRequest(decodeResult: success, version: HTTP/1.1, content: EmptyByteBufBE)
GET /json/version HTTP/1.1
User-Agent: selenium/4.1.2 (java windows)
host: localhost:50251
accept: */*

Response DefaultHttpResponse(decodeResult: success, version: HTTP/1.1)
HTTP/1.1 200 OK
Content-Type: application/json; charset=UTF-8
content-length: 423

21:12:44.435 [AsyncHttpClient-1-8] DEBUG org.asynchttpclient.netty.channel.ChannelManager - Adding key: http://localhost:50251 for channel [id: 0x3f409c4e, L:/127.0.0.1:50258 - R:localhost/127.0.0.1:50251]
21:12:44.439 [AsyncHttpClient-1-9] DEBUG org.asynchttpclient.netty.channel.NettyConnectListener - Using new Channel '[id: 0x1df116df, L:/127.0.0.1:50259 - R:localhost/127.0.0.1:50251]' for 'GET' to '/devtools/browser/b5a922cd-f0ec-4ef7-ae27-3415a5463569'
21:12:44.439 [AsyncHttpClient-1-9] DEBUG org.asynchttpclient.netty.handler.WebSocketHandler - 

Request DefaultFullHttpRequest(decodeResult: success, version: HTTP/1.1, content: EmptyByteBufBE)
GET /devtools/browser/b5a922cd-f0ec-4ef7-ae27-3415a5463569 HTTP/1.1
upgrade: websocket
connection: upgrade
sec-websocket-key: bKpnIThT3gsAzNsFOZyohw==
sec-websocket-version: 13
origin: http://localhost:50251
host: localhost:50251
accept: */*
user-agent: AHC/2.1

Response DefaultHttpResponse(decodeResult: success, version: HTTP/1.1)
HTTP/1.1 101 WebSocket Protocol Handshake
Upgrade: WebSocket
Connection: Upgrade
Sec-WebSocket-Accept: FPtGIHYSQJQyzCx1wfkFon5Mfpw=

21:12:44.444 [Forwarding get on session 074dc87562919a9ea42e6c1a11a7852c to remote] DEBUG org.asynchttpclient.netty.request.NettyRequestSender - Using pooled Channel '[id: 0x0446c00b, L:/127.0.0.1:50250 - R:localhost/127.0.0.1:61784]' for 'POST' to 'http://localhost:61784/session/074dc87562919a9ea42e6c1a11a7852c/url'
21:12:44.444 [Forwarding get on session 074dc87562919a9ea42e6c1a11a7852c to remote] DEBUG org.asynchttpclient.netty.request.NettyRequestSender - Using open Channel [id: 0x0446c00b, L:/127.0.0.1:50250 - R:localhost/127.0.0.1:61784] for POST '/session/074dc87562919a9ea42e6c1a11a7852c/url'
21:12:45.386 [AsyncHttpClient-1-1] DEBUG org.asynchttpclient.netty.channel.DefaultChannelPool - Entry count for : http://localhost:50251 : 1
21:12:46.486 [AsyncHttpClient-1-1] DEBUG org.asynchttpclient.netty.channel.DefaultChannelPool - Entry count for : http://localhost:50251 : 1
21:12:46.979 [AsyncHttpClient-1-7] DEBUG org.asynchttpclient.netty.handler.HttpHandler - 

Request DefaultHttpRequest(decodeResult: success, version: HTTP/1.1)
POST /session/074dc87562919a9ea42e6c1a11a7852c/url HTTP/1.1
User-Agent: selenium/4.1.2 (java windows)
Content-Length: 74
Content-Type: application/json; charset=utf-8
host: localhost:61784
accept: */*

Response DefaultHttpResponse(decodeResult: success, version: HTTP/1.1)
HTTP/1.1 200 OK
Content-Type: application/json; charset=utf-8
cache-control: no-cache
content-length: 14

21:12:46.979 [AsyncHttpClient-1-7] DEBUG org.asynchttpclient.netty.channel.ChannelManager - Adding key: http://localhost:61784 for channel [id: 0x0446c00b, L:/127.0.0.1:50250 - R:localhost/127.0.0.1:61784]
21:12:46.981 [Forwarding setTimeout on session 074dc87562919a9ea42e6c1a11a7852c to remote] DEBUG org.asynchttpclient.netty.request.NettyRequestSender - Using pooled Channel '[id: 0x0446c00b, L:/127.0.0.1:50250 - R:localhost/127.0.0.1:61784]' for 'POST' to 'http://localhost:61784/session/074dc87562919a9ea42e6c1a11a7852c/timeouts'
21:12:46.981 [Forwarding setTimeout on session 074dc87562919a9ea42e6c1a11a7852c to remote] DEBUG org.asynchttpclient.netty.request.NettyRequestSender - Using open Channel [id: 0x0446c00b, L:/127.0.0.1:50250 - R:localhost/127.0.0.1:61784] for POST '/session/074dc87562919a9ea42e6c1a11a7852c/timeouts'
21:12:46.982 [AsyncHttpClient-1-7] DEBUG org.asynchttpclient.netty.handler.HttpHandler - 

Request DefaultHttpRequest(decodeResult: success, version: HTTP/1.1)
POST /session/074dc87562919a9ea42e6c1a11a7852c/timeouts HTTP/1.1
User-Agent: selenium/4.1.2 (java windows)
Content-Length: 22
Content-Type: application/json; charset=utf-8
host: localhost:61784
accept: */*

Response DefaultHttpResponse(decodeResult: success, version: HTTP/1.1)
HTTP/1.1 200 OK
Content-Type: application/json; charset=utf-8
cache-control: no-cache
content-length: 14

21:12:46.982 [AsyncHttpClient-1-7] DEBUG org.asynchttpclient.netty.channel.ChannelManager - Adding key: http://localhost:61784 for channel [id: 0x0446c00b, L:/127.0.0.1:50250 - R:localhost/127.0.0.1:61784]
21:12:46.986 [Forwarding getCurrentUrl on session 074dc87562919a9ea42e6c1a11a7852c to remote] DEBUG org.asynchttpclient.netty.request.NettyRequestSender - Using pooled Channel '[id: 0x0446c00b, L:/127.0.0.1:50250 - R:localhost/127.0.0.1:61784]' for 'GET' to 'http://localhost:61784/session/074dc87562919a9ea42e6c1a11a7852c/url'
21:12:46.986 [Forwarding getCurrentUrl on session 074dc87562919a9ea42e6c1a11a7852c to remote] DEBUG org.asynchttpclient.netty.request.NettyRequestSender - Using open Channel [id: 0x0446c00b, L:/127.0.0.1:50250 - R:localhost/127.0.0.1:61784] for GET '/session/074dc87562919a9ea42e6c1a11a7852c/url'
21:12:46.991 [AsyncHttpClient-1-7] DEBUG org.asynchttpclient.netty.handler.HttpHandler - 

Request DefaultFullHttpRequest(decodeResult: success, version: HTTP/1.1, content: EmptyByteBufBE)
GET /session/074dc87562919a9ea42e6c1a11a7852c/url HTTP/1.1
User-Agent: selenium/4.1.2 (java windows)
Cache-Control: no-cache
Content-Type: application/json; charset=utf-8
host: localhost:61784
accept: */*

Response DefaultHttpResponse(decodeResult: success, version: HTTP/1.1)
HTTP/1.1 200 OK
Content-Type: application/json; charset=utf-8
cache-control: no-cache
content-length: 51

21:12:46.991 [AsyncHttpClient-1-7] DEBUG org.asynchttpclient.netty.channel.ChannelManager - Adding key: http://localhost:61784 for channel [id: 0x0446c00b, L:/127.0.0.1:50250 - R:localhost/127.0.0.1:61784]
  &amp#27;[32mGiven &amp#27;[0m&amp#27;[32mI am in login page&amp#27;[0m                      &amp#27;[90m# starter.stepdefinitions.LogInOutSteps.iAmInLoginPage()&amp#27;[0m
21:12:46.995 [Forwarding screenshot on session 074dc87562919a9ea42e6c1a11a7852c to remote] DEBUG org.asynchttpclient.netty.request.NettyRequestSender - Using pooled Channel '[id: 0x0446c00b, L:/127.0.0.1:50250 - R:localhost/127.0.0.1:61784]' for 'GET' to 'http://localhost:61784/session/074dc87562919a9ea42e6c1a11a7852c/screenshot'
21:12:46.995 [Forwarding screenshot on session 074dc87562919a9ea42e6c1a11a7852c to remote] DEBUG org.asynchttpclient.netty.request.NettyRequestSender - Using open Channel [id: 0x0446c00b, L:/127.0.0.1:50250 - R:localhost/127.0.0.1:61784] for GET '/session/074dc87562919a9ea42e6c1a11a7852c/screenshot'
21:12:47.137 [AsyncHttpClient-1-7] DEBUG org.asynchttpclient.netty.handler.HttpHandler - 

Request DefaultFullHttpRequest(decodeResult: success, version: HTTP/1.1, content: EmptyByteBufBE)
GET /session/074dc87562919a9ea42e6c1a11a7852c/screenshot HTTP/1.1
User-Agent: selenium/4.1.2 (java windows)
Cache-Control: no-cache
Content-Type: application/json; charset=utf-8
host: localhost:61784
accept: */*

Response DefaultHttpResponse(decodeResult: success, version: HTTP/1.1)
HTTP/1.1 200 OK
Content-Type: application/json; charset=utf-8
cache-control: no-cache
content-length: 38472

21:12:47.137 [AsyncHttpClient-1-7] DEBUG org.asynchttpclient.netty.channel.ChannelManager - Adding key: http://localhost:61784 for channel [id: 0x0446c00b, L:/127.0.0.1:50250 - R:localhost/127.0.0.1:61784]
21:12:47.139 [main] DEBUG net.serenitybdd.core.photography.Darkroom - Send negative for processing for target\site\serenity\6c2309ed56aeb278067cd6b3caf368b9f01e276e2bf175d46007f31c90d5af21.png
21:12:47.146 [Forwarding findElement on session 074dc87562919a9ea42e6c1a11a7852c to remote] DEBUG org.asynchttpclient.netty.request.NettyRequestSender - Using pooled Channel '[id: 0x0446c00b, L:/127.0.0.1:50250 - R:localhost/127.0.0.1:61784]' for 'POST' to 'http://localhost:61784/session/074dc87562919a9ea42e6c1a11a7852c/element'
21:12:47.146 [Forwarding findElement on session 074dc87562919a9ea42e6c1a11a7852c to remote] DEBUG org.asynchttpclient.netty.request.NettyRequestSender - Using open Channel [id: 0x0446c00b, L:/127.0.0.1:50250 - R:localhost/127.0.0.1:61784] for POST '/session/074dc87562919a9ea42e6c1a11a7852c/element'
21:12:47.156 [AsyncHttpClient-1-7] DEBUG org.asynchttpclient.netty.handler.HttpHandler - 

Request DefaultHttpRequest(decodeResult: success, version: HTTP/1.1)
POST /session/074dc87562919a9ea42e6c1a11a7852c/element HTTP/1.1
User-Agent: selenium/4.1.2 (java windows)
Content-Length: 87
Content-Type: application/json; charset=utf-8
host: localhost:61784
accept: */*

Response DefaultHttpResponse(decodeResult: success, version: HTTP/1.1)
HTTP/1.1 200 OK
Content-Type: application/json; charset=utf-8
cache-control: no-cache
content-length: 88

21:12:47.156 [AsyncHttpClient-1-7] DEBUG org.asynchttpclient.netty.channel.ChannelManager - Adding key: http://localhost:61784 for channel [id: 0x0446c00b, L:/127.0.0.1:50250 - R:localhost/127.0.0.1:61784]
21:12:47.157 [Forwarding clearElement on session 074dc87562919a9ea42e6c1a11a7852c to remote] DEBUG org.asynchttpclient.netty.request.NettyRequestSender - Using pooled Channel '[id: 0x0446c00b, L:/127.0.0.1:50250 - R:localhost/127.0.0.1:61784]' for 'POST' to 'http://localhost:61784/session/074dc87562919a9ea42e6c1a11a7852c/element/28b96e12-d47e-4392-91b9-2bde1c4e2b64/clear'
21:12:47.157 [Forwarding clearElement on session 074dc87562919a9ea42e6c1a11a7852c to remote] DEBUG org.asynchttpclient.netty.request.NettyRequestSender - Using open Channel [id: 0x0446c00b, L:/127.0.0.1:50250 - R:localhost/127.0.0.1:61784] for POST '/session/074dc87562919a9ea42e6c1a11a7852c/element/28b96e12-d47e-4392-91b9-2bde1c4e2b64/clear'
21:12:47.185 [AsyncHttpClient-1-7] DEBUG org.asynchttpclient.netty.handler.HttpHandler - 

Request DefaultHttpRequest(decodeResult: success, version: HTTP/1.1)
POST /session/074dc87562919a9ea42e6c1a11a7852c/element/28b96e12-d47e-4392-91b9-2bde1c4e2b64/clear HTTP/1.1
User-Agent: selenium/4.1.2 (java windows)
Content-Length: 50
Content-Type: application/json; charset=utf-8
host: localhost:61784
accept: */*

Response DefaultHttpResponse(decodeResult: success, version: HTTP/1.1)
HTTP/1.1 200 OK
Content-Type: application/json; charset=utf-8
cache-control: no-cache
content-length: 14

21:12:47.185 [AsyncHttpClient-1-7] DEBUG org.asynchttpclient.netty.channel.ChannelManager - Adding key: http://localhost:61784 for channel [id: 0x0446c00b, L:/127.0.0.1:50250 - R:localhost/127.0.0.1:61784]
21:12:47.186 [Forwarding sendKeysToElement on session 074dc87562919a9ea42e6c1a11a7852c to remote] DEBUG org.asynchttpclient.netty.request.NettyRequestSender - Using pooled Channel '[id: 0x0446c00b, L:/127.0.0.1:50250 - R:localhost/127.0.0.1:61784]' for 'POST' to 'http://localhost:61784/session/074dc87562919a9ea42e6c1a11a7852c/element/28b96e12-d47e-4392-91b9-2bde1c4e2b64/value'
21:12:47.186 [Forwarding sendKeysToElement on session 074dc87562919a9ea42e6c1a11a7852c to remote] DEBUG org.asynchttpclient.netty.request.NettyRequestSender - Using open Channel [id: 0x0446c00b, L:/127.0.0.1:50250 - R:localhost/127.0.0.1:61784] for POST '/session/074dc87562919a9ea42e6c1a11a7852c/element/28b96e12-d47e-4392-91b9-2bde1c4e2b64/value'
21:12:47.274 [AsyncHttpClient-1-7] DEBUG org.asynchttpclient.netty.handler.HttpHandler - 

Request DefaultHttpRequest(decodeResult: success, version: HTTP/1.1)
POST /session/074dc87562919a9ea42e6c1a11a7852c/element/28b96e12-d47e-4392-91b9-2bde1c4e2b64/value HTTP/1.1
User-Agent: selenium/4.1.2 (java windows)
Content-Length: 221
Content-Type: application/json; charset=utf-8
host: localhost:61784
accept: */*

Response DefaultHttpResponse(decodeResult: success, version: HTTP/1.1)
HTTP/1.1 200 OK
Content-Type: application/json; charset=utf-8
cache-control: no-cache
content-length: 14

21:12:47.275 [AsyncHttpClient-1-7] DEBUG org.asynchttpclient.netty.channel.ChannelManager - Adding key: http://localhost:61784 for channel [id: 0x0446c00b, L:/127.0.0.1:50250 - R:localhost/127.0.0.1:61784]
  &amp#27;[32mWhen &amp#27;[0m&amp#27;[32mI input &amp#27;[0m&amp#27;[32m&amp#27;[1m"thaur@mail.com"&amp#27;[0m&amp#27;[32m email&amp#27;[0m           &amp#27;[90m# starter.stepdefinitions.LogInOutSteps.iInputEmailEmail(java.lang.String)&amp#27;[0m
21:12:47.279 [Forwarding screenshot on session 074dc87562919a9ea42e6c1a11a7852c to remote] DEBUG org.asynchttpclient.netty.request.NettyRequestSender - Using pooled Channel '[id: 0x0446c00b, L:/127.0.0.1:50250 - R:localhost/127.0.0.1:61784]' for 'GET' to 'http://localhost:61784/session/074dc87562919a9ea42e6c1a11a7852c/screenshot'
21:12:47.279 [Forwarding screenshot on session 074dc87562919a9ea42e6c1a11a7852c to remote] DEBUG org.asynchttpclient.netty.request.NettyRequestSender - Using open Channel [id: 0x0446c00b, L:/127.0.0.1:50250 - R:localhost/127.0.0.1:61784] for GET '/session/074dc87562919a9ea42e6c1a11a7852c/screenshot'
21:12:47.471 [AsyncHttpClient-1-7] DEBUG org.asynchttpclient.netty.handler.HttpHandler - 

Request DefaultFullHttpRequest(decodeResult: success, version: HTTP/1.1, content: EmptyByteBufBE)
GET /session/074dc87562919a9ea42e6c1a11a7852c/screenshot HTTP/1.1
User-Agent: selenium/4.1.2 (java windows)
Cache-Control: no-cache
Content-Type: application/json; charset=utf-8
host: localhost:61784
accept: */*

Response DefaultHttpResponse(decodeResult: success, version: HTTP/1.1)
HTTP/1.1 200 OK
Content-Type: application/json; charset=utf-8
cache-control: no-cache
content-length: 43768

21:12:47.471 [AsyncHttpClient-1-7] DEBUG org.asynchttpclient.netty.channel.ChannelManager - Adding key: http://localhost:61784 for channel [id: 0x0446c00b, L:/127.0.0.1:50250 - R:localhost/127.0.0.1:61784]
21:12:47.474 [main] DEBUG net.serenitybdd.core.photography.Darkroom - Send negative for processing for target\site\serenity\1fd1af1abae37f8112a18795197a61c6990087a12b3cd43e82aebc321b352517.png
21:12:47.474 [Darkroom Processing Line] DEBUG net.serenitybdd.core.photography.DarkroomProcessingLine - Processing screenshot image in /var/screenshots/screenshot-369402060556527777
21:12:47.474 [Darkroom Processing Line] DEBUG net.serenitybdd.core.photography.DarkroomProcessingLine - Saving screenshot to target\site\serenity\1fd1af1abae37f8112a18795197a61c6990087a12b3cd43e82aebc321b352517.png
21:12:47.480 [Forwarding findElement on session 074dc87562919a9ea42e6c1a11a7852c to remote] DEBUG org.asynchttpclient.netty.request.NettyRequestSender - Using pooled Channel '[id: 0x0446c00b, L:/127.0.0.1:50250 - R:localhost/127.0.0.1:61784]' for 'POST' to 'http://localhost:61784/session/074dc87562919a9ea42e6c1a11a7852c/element'
21:12:47.480 [Forwarding findElement on session 074dc87562919a9ea42e6c1a11a7852c to remote] DEBUG org.asynchttpclient.netty.request.NettyRequestSender - Using open Channel [id: 0x0446c00b, L:/127.0.0.1:50250 - R:localhost/127.0.0.1:61784] for POST '/session/074dc87562919a9ea42e6c1a11a7852c/element'
21:12:47.491 [AsyncHttpClient-1-7] DEBUG org.asynchttpclient.netty.handler.HttpHandler - 

Request DefaultHttpRequest(decodeResult: success, version: HTTP/1.1)
POST /session/074dc87562919a9ea42e6c1a11a7852c/element HTTP/1.1
User-Agent: selenium/4.1.2 (java windows)
Content-Length: 90
Content-Type: application/json; charset=utf-8
host: localhost:61784
accept: */*

Response DefaultHttpResponse(decodeResult: success, version: HTTP/1.1)
HTTP/1.1 200 OK
Content-Type: application/json; charset=utf-8
cache-control: no-cache
content-length: 88

21:12:47.491 [AsyncHttpClient-1-7] DEBUG org.asynchttpclient.netty.channel.ChannelManager - Adding key: http://localhost:61784 for channel [id: 0x0446c00b, L:/127.0.0.1:50250 - R:localhost/127.0.0.1:61784]
21:12:47.492 [Forwarding clearElement on session 074dc87562919a9ea42e6c1a11a7852c to remote] DEBUG org.asynchttpclient.netty.request.NettyRequestSender - Using pooled Channel '[id: 0x0446c00b, L:/127.0.0.1:50250 - R:localhost/127.0.0.1:61784]' for 'POST' to 'http://localhost:61784/session/074dc87562919a9ea42e6c1a11a7852c/element/a2ece6b1-3906-44d4-9b8f-1caf229e4bce/clear'
21:12:47.492 [Forwarding clearElement on session 074dc87562919a9ea42e6c1a11a7852c to remote] DEBUG org.asynchttpclient.netty.request.NettyRequestSender - Using open Channel [id: 0x0446c00b, L:/127.0.0.1:50250 - R:localhost/127.0.0.1:61784] for POST '/session/074dc87562919a9ea42e6c1a11a7852c/element/a2ece6b1-3906-44d4-9b8f-1caf229e4bce/clear'
21:12:47.520 [AsyncHttpClient-1-7] DEBUG org.asynchttpclient.netty.handler.HttpHandler - 

Request DefaultHttpRequest(decodeResult: success, version: HTTP/1.1)
POST /session/074dc87562919a9ea42e6c1a11a7852c/element/a2ece6b1-3906-44d4-9b8f-1caf229e4bce/clear HTTP/1.1
User-Agent: selenium/4.1.2 (java windows)
Content-Length: 50
Content-Type: application/json; charset=utf-8
host: localhost:61784
accept: */*

Response DefaultHttpResponse(decodeResult: success, version: HTTP/1.1)
HTTP/1.1 200 OK
Content-Type: application/json; charset=utf-8
cache-control: no-cache
content-length: 14

21:12:47.520 [AsyncHttpClient-1-7] DEBUG org.asynchttpclient.netty.channel.ChannelManager - Adding key: http://localhost:61784 for channel [id: 0x0446c00b, L:/127.0.0.1:50250 - R:localhost/127.0.0.1:61784]
21:12:47.524 [Forwarding sendKeysToElement on session 074dc87562919a9ea42e6c1a11a7852c to remote] DEBUG org.asynchttpclient.netty.request.NettyRequestSender - Using pooled Channel '[id: 0x0446c00b, L:/127.0.0.1:50250 - R:localhost/127.0.0.1:61784]' for 'POST' to 'http://localhost:61784/session/074dc87562919a9ea42e6c1a11a7852c/element/a2ece6b1-3906-44d4-9b8f-1caf229e4bce/value'
21:12:47.524 [Forwarding sendKeysToElement on session 074dc87562919a9ea42e6c1a11a7852c to remote] DEBUG org.asynchttpclient.netty.request.NettyRequestSender - Using open Channel [id: 0x0446c00b, L:/127.0.0.1:50250 - R:localhost/127.0.0.1:61784] for POST '/session/074dc87562919a9ea42e6c1a11a7852c/element/a2ece6b1-3906-44d4-9b8f-1caf229e4bce/value'
21:12:47.575 [AsyncHttpClient-1-7] DEBUG org.asynchttpclient.netty.handler.HttpHandler - 

Request DefaultHttpRequest(decodeResult: success, version: HTTP/1.1)
POST /session/074dc87562919a9ea42e6c1a11a7852c/element/a2ece6b1-3906-44d4-9b8f-1caf229e4bce/value HTTP/1.1
User-Agent: selenium/4.1.2 (java windows)
Content-Length: 131
Content-Type: application/json; charset=utf-8
host: localhost:61784
accept: */*

Response DefaultHttpResponse(decodeResult: success, version: HTTP/1.1)
HTTP/1.1 200 OK
Content-Type: application/json; charset=utf-8
cache-control: no-cache
content-length: 14

21:12:47.575 [AsyncHttpClient-1-7] DEBUG org.asynchttpclient.netty.channel.ChannelManager - Adding key: http://localhost:61784 for channel [id: 0x0446c00b, L:/127.0.0.1:50250 - R:localhost/127.0.0.1:61784]
  &amp#27;[32mAnd &amp#27;[0m&amp#27;[32mI input &amp#27;[0m&amp#27;[32m&amp#27;[1m"pinto"&amp#27;[0m&amp#27;[32m password&amp#27;[0m                  &amp#27;[90m# starter.stepdefinitions.LogInOutSteps.iInputPasswordPassword(java.lang.String)&amp#27;[0m
21:12:47.580 [Forwarding screenshot on session 074dc87562919a9ea42e6c1a11a7852c to remote] DEBUG org.asynchttpclient.netty.request.NettyRequestSender - Using pooled Channel '[id: 0x0446c00b, L:/127.0.0.1:50250 - R:localhost/127.0.0.1:61784]' for 'GET' to 'http://localhost:61784/session/074dc87562919a9ea42e6c1a11a7852c/screenshot'
21:12:47.580 [Forwarding screenshot on session 074dc87562919a9ea42e6c1a11a7852c to remote] DEBUG org.asynchttpclient.netty.request.NettyRequestSender - Using open Channel [id: 0x0446c00b, L:/127.0.0.1:50250 - R:localhost/127.0.0.1:61784] for GET '/session/074dc87562919a9ea42e6c1a11a7852c/screenshot'
21:12:47.587 [AsyncHttpClient-1-1] DEBUG org.asynchttpclient.netty.channel.DefaultChannelPool - Entry count for : http://localhost:50251 : 1
21:12:47.752 [AsyncHttpClient-1-7] DEBUG org.asynchttpclient.netty.handler.HttpHandler - 

Request DefaultFullHttpRequest(decodeResult: success, version: HTTP/1.1, content: EmptyByteBufBE)
GET /session/074dc87562919a9ea42e6c1a11a7852c/screenshot HTTP/1.1
User-Agent: selenium/4.1.2 (java windows)
Cache-Control: no-cache
Content-Type: application/json; charset=utf-8
host: localhost:61784
accept: */*

Response DefaultHttpResponse(decodeResult: success, version: HTTP/1.1)
HTTP/1.1 200 OK
Content-Type: application/json; charset=utf-8
cache-control: no-cache
content-length: 45096

21:12:47.753 [AsyncHttpClient-1-7] DEBUG org.asynchttpclient.netty.channel.ChannelManager - Adding key: http://localhost:61784 for channel [id: 0x0446c00b, L:/127.0.0.1:50250 - R:localhost/127.0.0.1:61784]
21:12:47.755 [main] DEBUG net.serenitybdd.core.photography.Darkroom - Send negative for processing for target\site\serenity\967c66b46dffc23e1e5d4f813728457d8a1c6fe79e31d3d24fc46af6a0c400fc.png
21:12:47.756 [Darkroom Processing Line] DEBUG net.serenitybdd.core.photography.DarkroomProcessingLine - Processing screenshot image in /var/screenshots/screenshot-4463025573795913281
21:12:47.756 [Darkroom Processing Line] DEBUG net.serenitybdd.core.photography.DarkroomProcessingLine - Saving screenshot to target\site\serenity\967c66b46dffc23e1e5d4f813728457d8a1c6fe79e31d3d24fc46af6a0c400fc.png
21:12:47.763 [Forwarding findElement on session 074dc87562919a9ea42e6c1a11a7852c to remote] DEBUG org.asynchttpclient.netty.request.NettyRequestSender - Using pooled Channel '[id: 0x0446c00b, L:/127.0.0.1:50250 - R:localhost/127.0.0.1:61784]' for 'POST' to 'http://localhost:61784/session/074dc87562919a9ea42e6c1a11a7852c/element'
21:12:47.763 [Forwarding findElement on session 074dc87562919a9ea42e6c1a11a7852c to remote] DEBUG org.asynchttpclient.netty.request.NettyRequestSender - Using open Channel [id: 0x0446c00b, L:/127.0.0.1:50250 - R:localhost/127.0.0.1:61784] for POST '/session/074dc87562919a9ea42e6c1a11a7852c/element'
21:12:47.772 [AsyncHttpClient-1-7] DEBUG org.asynchttpclient.netty.handler.HttpHandler - 

Request DefaultHttpRequest(decodeResult: success, version: HTTP/1.1)
POST /session/074dc87562919a9ea42e6c1a11a7852c/element HTTP/1.1
User-Agent: selenium/4.1.2 (java windows)
Content-Length: 81
Content-Type: application/json; charset=utf-8
host: localhost:61784
accept: */*

Response DefaultHttpResponse(decodeResult: success, version: HTTP/1.1)
HTTP/1.1 200 OK
Content-Type: application/json; charset=utf-8
cache-control: no-cache
content-length: 88

21:12:47.772 [AsyncHttpClient-1-7] DEBUG org.asynchttpclient.netty.channel.ChannelManager - Adding key: http://localhost:61784 for channel [id: 0x0446c00b, L:/127.0.0.1:50250 - R:localhost/127.0.0.1:61784]
21:12:47.774 [Forwarding getElementTagName on session 074dc87562919a9ea42e6c1a11a7852c to remote] DEBUG org.asynchttpclient.netty.request.NettyRequestSender - Using pooled Channel '[id: 0x0446c00b, L:/127.0.0.1:50250 - R:localhost/127.0.0.1:61784]' for 'GET' to 'http://localhost:61784/session/074dc87562919a9ea42e6c1a11a7852c/element/b46177a6-dc19-4e2f-8ac2-29a2e157d915/name'
21:12:47.774 [Forwarding getElementTagName on session 074dc87562919a9ea42e6c1a11a7852c to remote] DEBUG org.asynchttpclient.netty.request.NettyRequestSender - Using open Channel [id: 0x0446c00b, L:/127.0.0.1:50250 - R:localhost/127.0.0.1:61784] for GET '/session/074dc87562919a9ea42e6c1a11a7852c/element/b46177a6-dc19-4e2f-8ac2-29a2e157d915/name'
21:12:47.777 [AsyncHttpClient-1-7] DEBUG org.asynchttpclient.netty.handler.HttpHandler - 

Request DefaultFullHttpRequest(decodeResult: success, version: HTTP/1.1, content: EmptyByteBufBE)
GET /session/074dc87562919a9ea42e6c1a11a7852c/element/b46177a6-dc19-4e2f-8ac2-29a2e157d915/name HTTP/1.1
User-Agent: selenium/4.1.2 (java windows)
Cache-Control: no-cache
Content-Type: application/json; charset=utf-8
host: localhost:61784
accept: */*

Response DefaultHttpResponse(decodeResult: success, version: HTTP/1.1)
HTTP/1.1 200 OK
Content-Type: application/json; charset=utf-8
cache-control: no-cache
content-length: 16

21:12:47.777 [AsyncHttpClient-1-7] DEBUG org.asynchttpclient.netty.channel.ChannelManager - Adding key: http://localhost:61784 for channel [id: 0x0446c00b, L:/127.0.0.1:50250 - R:localhost/127.0.0.1:61784]
21:12:47.778 [Forwarding getElementTagName on session 074dc87562919a9ea42e6c1a11a7852c to remote] DEBUG org.asynchttpclient.netty.request.NettyRequestSender - Using pooled Channel '[id: 0x0446c00b, L:/127.0.0.1:50250 - R:localhost/127.0.0.1:61784]' for 'GET' to 'http://localhost:61784/session/074dc87562919a9ea42e6c1a11a7852c/element/b46177a6-dc19-4e2f-8ac2-29a2e157d915/name'
21:12:47.778 [Forwarding getElementTagName on session 074dc87562919a9ea42e6c1a11a7852c to remote] DEBUG org.asynchttpclient.netty.request.NettyRequestSender - Using open Channel [id: 0x0446c00b, L:/127.0.0.1:50250 - R:localhost/127.0.0.1:61784] for GET '/session/074dc87562919a9ea42e6c1a11a7852c/element/b46177a6-dc19-4e2f-8ac2-29a2e157d915/name'
21:12:47.780 [AsyncHttpClient-1-7] DEBUG org.asynchttpclient.netty.handler.HttpHandler - 

Request DefaultFullHttpRequest(decodeResult: success, version: HTTP/1.1, content: EmptyByteBufBE)
GET /session/074dc87562919a9ea42e6c1a11a7852c/element/b46177a6-dc19-4e2f-8ac2-29a2e157d915/name HTTP/1.1
User-Agent: selenium/4.1.2 (java windows)
Cache-Control: no-cache
Content-Type: application/json; charset=utf-8
host: localhost:61784
accept: */*

Response DefaultHttpResponse(decodeResult: success, version: HTTP/1.1)
HTTP/1.1 200 OK
Content-Type: application/json; charset=utf-8
cache-control: no-cache
content-length: 16

21:12:47.780 [AsyncHttpClient-1-7] DEBUG org.asynchttpclient.netty.channel.ChannelManager - Adding key: http://localhost:61784 for channel [id: 0x0446c00b, L:/127.0.0.1:50250 - R:localhost/127.0.0.1:61784]
21:12:47.782 [Forwarding findElement on session 074dc87562919a9ea42e6c1a11a7852c to remote] DEBUG org.asynchttpclient.netty.request.NettyRequestSender - Using pooled Channel '[id: 0x0446c00b, L:/127.0.0.1:50250 - R:localhost/127.0.0.1:61784]' for 'POST' to 'http://localhost:61784/session/074dc87562919a9ea42e6c1a11a7852c/element'
21:12:47.782 [Forwarding findElement on session 074dc87562919a9ea42e6c1a11a7852c to remote] DEBUG org.asynchttpclient.netty.request.NettyRequestSender - Using open Channel [id: 0x0446c00b, L:/127.0.0.1:50250 - R:localhost/127.0.0.1:61784] for POST '/session/074dc87562919a9ea42e6c1a11a7852c/element'
21:12:47.787 [AsyncHttpClient-1-7] DEBUG org.asynchttpclient.netty.handler.HttpHandler - 

Request DefaultHttpRequest(decodeResult: success, version: HTTP/1.1)
POST /session/074dc87562919a9ea42e6c1a11a7852c/element HTTP/1.1
User-Agent: selenium/4.1.2 (java windows)
Content-Length: 81
Content-Type: application/json; charset=utf-8
host: localhost:61784
accept: */*

Response DefaultHttpResponse(decodeResult: success, version: HTTP/1.1)
HTTP/1.1 200 OK
Content-Type: application/json; charset=utf-8
cache-control: no-cache
content-length: 88

21:12:47.787 [AsyncHttpClient-1-7] DEBUG org.asynchttpclient.netty.channel.ChannelManager - Adding key: http://localhost:61784 for channel [id: 0x0446c00b, L:/127.0.0.1:50250 - R:localhost/127.0.0.1:61784]
21:12:47.789 [Forwarding clickElement on session 074dc87562919a9ea42e6c1a11a7852c to remote] DEBUG org.asynchttpclient.netty.request.NettyRequestSender - Using pooled Channel '[id: 0x0446c00b, L:/127.0.0.1:50250 - R:localhost/127.0.0.1:61784]' for 'POST' to 'http://localhost:61784/session/074dc87562919a9ea42e6c1a11a7852c/element/b46177a6-dc19-4e2f-8ac2-29a2e157d915/click'
21:12:47.789 [Forwarding clickElement on session 074dc87562919a9ea42e6c1a11a7852c to remote] DEBUG org.asynchttpclient.netty.request.NettyRequestSender - Using open Channel [id: 0x0446c00b, L:/127.0.0.1:50250 - R:localhost/127.0.0.1:61784] for POST '/session/074dc87562919a9ea42e6c1a11a7852c/element/b46177a6-dc19-4e2f-8ac2-29a2e157d915/click'
21:12:47.829 [AsyncHttpClient-1-7] DEBUG org.asynchttpclient.netty.handler.HttpHandler - 

Request DefaultHttpRequest(decodeResult: success, version: HTTP/1.1)
POST /session/074dc87562919a9ea42e6c1a11a7852c/element/b46177a6-dc19-4e2f-8ac2-29a2e157d915/click HTTP/1.1
User-Agent: selenium/4.1.2 (java windows)
Content-Length: 50
Content-Type: application/json; charset=utf-8
host: localhost:61784
accept: */*

Response DefaultHttpResponse(decodeResult: success, version: HTTP/1.1)
HTTP/1.1 200 OK
Content-Type: application/json; charset=utf-8
cache-control: no-cache
content-length: 14

21:12:47.829 [AsyncHttpClient-1-7] DEBUG org.asynchttpclient.netty.channel.ChannelManager - Adding key: http://localhost:61784 for channel [id: 0x0446c00b, L:/127.0.0.1:50250 - R:localhost/127.0.0.1:61784]
  &amp#27;[32mAnd &amp#27;[0m&amp#27;[32mI click login button&amp#27;[0m                      &amp#27;[90m# starter.stepdefinitions.LogInOutSteps.iClickLoginButton()&amp#27;[0m
21:12:47.834 [Forwarding screenshot on session 074dc87562919a9ea42e6c1a11a7852c to remote] DEBUG org.asynchttpclient.netty.request.NettyRequestSender - Using pooled Channel '[id: 0x0446c00b, L:/127.0.0.1:50250 - R:localhost/127.0.0.1:61784]' for 'GET' to 'http://localhost:61784/session/074dc87562919a9ea42e6c1a11a7852c/screenshot'
21:12:47.834 [Forwarding screenshot on session 074dc87562919a9ea42e6c1a11a7852c to remote] DEBUG org.asynchttpclient.netty.request.NettyRequestSender - Using open Channel [id: 0x0446c00b, L:/127.0.0.1:50250 - R:localhost/127.0.0.1:61784] for GET '/session/074dc87562919a9ea42e6c1a11a7852c/screenshot'
21:12:48.059 [AsyncHttpClient-1-7] DEBUG org.asynchttpclient.netty.handler.HttpHandler - 

Request DefaultFullHttpRequest(decodeResult: success, version: HTTP/1.1, content: EmptyByteBufBE)
GET /session/074dc87562919a9ea42e6c1a11a7852c/screenshot HTTP/1.1
User-Agent: selenium/4.1.2 (java windows)
Cache-Control: no-cache
Content-Type: application/json; charset=utf-8
host: localhost:61784
accept: */*

Response DefaultHttpResponse(decodeResult: success, version: HTTP/1.1)
HTTP/1.1 200 OK
Content-Type: application/json; charset=utf-8
cache-control: no-cache
content-length: 44212

21:12:48.060 [AsyncHttpClient-1-7] DEBUG org.asynchttpclient.netty.channel.ChannelManager - Adding key: http://localhost:61784 for channel [id: 0x0446c00b, L:/127.0.0.1:50250 - R:localhost/127.0.0.1:61784]
21:12:48.062 [main] DEBUG net.serenitybdd.core.photography.Darkroom - Send negative for processing for target\site\serenity\3eb96724828e10119c48aa83b1d42608f5c4dbb7e44d0362a6c6d35bb583f482.png
21:12:48.062 [Darkroom Processing Line] DEBUG net.serenitybdd.core.photography.DarkroomProcessingLine - Processing screenshot image in /var/screenshots/screenshot-4009691563060785516
21:12:48.062 [Darkroom Processing Line] DEBUG net.serenitybdd.core.photography.DarkroomProcessingLine - Saving screenshot to target\site\serenity\3eb96724828e10119c48aa83b1d42608f5c4dbb7e44d0362a6c6d35bb583f482.png
21:12:48.071 [Forwarding findElement on session 074dc87562919a9ea42e6c1a11a7852c to remote] DEBUG org.asynchttpclient.netty.request.NettyRequestSender - Using pooled Channel '[id: 0x0446c00b, L:/127.0.0.1:50250 - R:localhost/127.0.0.1:61784]' for 'POST' to 'http://localhost:61784/session/074dc87562919a9ea42e6c1a11a7852c/element'
21:12:48.071 [Forwarding findElement on session 074dc87562919a9ea42e6c1a11a7852c to remote] DEBUG org.asynchttpclient.netty.request.NettyRequestSender - Using open Channel [id: 0x0446c00b, L:/127.0.0.1:50250 - R:localhost/127.0.0.1:61784] for POST '/session/074dc87562919a9ea42e6c1a11a7852c/element'
21:12:48.695 [AsyncHttpClient-1-1] DEBUG org.asynchttpclient.netty.channel.DefaultChannelPool - Entry count for : http://localhost:50251 : 1
21:12:49.788 [AsyncHttpClient-1-1] DEBUG org.asynchttpclient.netty.channel.DefaultChannelPool - Entry count for : http://localhost:50251 : 1
21:12:50.015 [AsyncHttpClient-1-7] DEBUG org.asynchttpclient.netty.handler.HttpHandler - 

Request DefaultHttpRequest(decodeResult: success, version: HTTP/1.1)
POST /session/074dc87562919a9ea42e6c1a11a7852c/element HTTP/1.1
User-Agent: selenium/4.1.2 (java windows)
Content-Length: 59
Content-Type: application/json; charset=utf-8
host: localhost:61784
accept: */*

Response DefaultHttpResponse(decodeResult: success, version: HTTP/1.1)
HTTP/1.1 200 OK
Content-Type: application/json; charset=utf-8
cache-control: no-cache
content-length: 88

21:12:50.015 [AsyncHttpClient-1-7] DEBUG org.asynchttpclient.netty.channel.ChannelManager - Adding key: http://localhost:61784 for channel [id: 0x0446c00b, L:/127.0.0.1:50250 - R:localhost/127.0.0.1:61784]
21:12:50.020 [Forwarding isElementDisplayed on session 074dc87562919a9ea42e6c1a11a7852c to remote] DEBUG org.asynchttpclient.netty.request.NettyRequestSender - Using pooled Channel '[id: 0x0446c00b, L:/127.0.0.1:50250 - R:localhost/127.0.0.1:61784]' for 'POST' to 'http://localhost:61784/session/074dc87562919a9ea42e6c1a11a7852c/execute/sync'
21:12:50.020 [Forwarding isElementDisplayed on session 074dc87562919a9ea42e6c1a11a7852c to remote] DEBUG org.asynchttpclient.netty.request.NettyRequestSender - Using open Channel [id: 0x0446c00b, L:/127.0.0.1:50250 - R:localhost/127.0.0.1:61784] for POST '/session/074dc87562919a9ea42e6c1a11a7852c/execute/sync'
21:12:50.036 [AsyncHttpClient-1-7] DEBUG org.asynchttpclient.netty.handler.HttpHandler - 

Request DefaultHttpRequest(decodeResult: success, version: HTTP/1.1)
POST /session/074dc87562919a9ea42e6c1a11a7852c/execute/sync HTTP/1.1
User-Agent: selenium/4.1.2 (java windows)
Content-Length: 48780
Content-Type: application/json; charset=utf-8
host: localhost:61784
accept: */*

Response DefaultHttpResponse(decodeResult: success, version: HTTP/1.1)
HTTP/1.1 200 OK
Content-Type: application/json; charset=utf-8
cache-control: no-cache
content-length: 14

21:12:50.036 [AsyncHttpClient-1-7] DEBUG org.asynchttpclient.netty.channel.ChannelManager - Adding key: http://localhost:61784 for channel [id: 0x0446c00b, L:/127.0.0.1:50250 - R:localhost/127.0.0.1:61784]
21:12:50.039 [Forwarding findElement on session 074dc87562919a9ea42e6c1a11a7852c to remote] DEBUG org.asynchttpclient.netty.request.NettyRequestSender - Using pooled Channel '[id: 0x0446c00b, L:/127.0.0.1:50250 - R:localhost/127.0.0.1:61784]' for 'POST' to 'http://localhost:61784/session/074dc87562919a9ea42e6c1a11a7852c/element'
21:12:50.039 [Forwarding findElement on session 074dc87562919a9ea42e6c1a11a7852c to remote] DEBUG org.asynchttpclient.netty.request.NettyRequestSender - Using open Channel [id: 0x0446c00b, L:/127.0.0.1:50250 - R:localhost/127.0.0.1:61784] for POST '/session/074dc87562919a9ea42e6c1a11a7852c/element'
21:12:50.046 [AsyncHttpClient-1-7] DEBUG org.asynchttpclient.netty.handler.HttpHandler - 

Request DefaultHttpRequest(decodeResult: success, version: HTTP/1.1)
POST /session/074dc87562919a9ea42e6c1a11a7852c/element HTTP/1.1
User-Agent: selenium/4.1.2 (java windows)
Content-Length: 59
Content-Type: application/json; charset=utf-8
host: localhost:61784
accept: */*

Response DefaultHttpResponse(decodeResult: success, version: HTTP/1.1)
HTTP/1.1 200 OK
Content-Type: application/json; charset=utf-8
cache-control: no-cache
content-length: 88

21:12:50.046 [AsyncHttpClient-1-7] DEBUG org.asynchttpclient.netty.channel.ChannelManager - Adding key: http://localhost:61784 for channel [id: 0x0446c00b, L:/127.0.0.1:50250 - R:localhost/127.0.0.1:61784]
21:12:50.049 [Forwarding isElementDisplayed on session 074dc87562919a9ea42e6c1a11a7852c to remote] DEBUG org.asynchttpclient.netty.request.NettyRequestSender - Using pooled Channel '[id: 0x0446c00b, L:/127.0.0.1:50250 - R:localhost/127.0.0.1:61784]' for 'POST' to 'http://localhost:61784/session/074dc87562919a9ea42e6c1a11a7852c/execute/sync'
21:12:50.049 [Forwarding isElementDisplayed on session 074dc87562919a9ea42e6c1a11a7852c to remote] DEBUG org.asynchttpclient.netty.request.NettyRequestSender - Using open Channel [id: 0x0446c00b, L:/127.0.0.1:50250 - R:localhost/127.0.0.1:61784] for POST '/session/074dc87562919a9ea42e6c1a11a7852c/execute/sync'
21:12:50.061 [AsyncHttpClient-1-7] DEBUG org.asynchttpclient.netty.handler.HttpHandler - 

Request DefaultHttpRequest(decodeResult: success, version: HTTP/1.1)
POST /session/074dc87562919a9ea42e6c1a11a7852c/execute/sync HTTP/1.1
User-Agent: selenium/4.1.2 (java windows)
Content-Length: 48780
Content-Type: application/json; charset=utf-8
host: localhost:61784
accept: */*

Response DefaultHttpResponse(decodeResult: success, version: HTTP/1.1)
HTTP/1.1 200 OK
Content-Type: application/json; charset=utf-8
cache-control: no-cache
content-length: 14

21:12:50.061 [AsyncHttpClient-1-7] DEBUG org.asynchttpclient.netty.channel.ChannelManager - Adding key: http://localhost:61784 for channel [id: 0x0446c00b, L:/127.0.0.1:50250 - R:localhost/127.0.0.1:61784]
21:12:50.066 [Forwarding findElement on session 074dc87562919a9ea42e6c1a11a7852c to remote] DEBUG org.asynchttpclient.netty.request.NettyRequestSender - Using pooled Channel '[id: 0x0446c00b, L:/127.0.0.1:50250 - R:localhost/127.0.0.1:61784]' for 'POST' to 'http://localhost:61784/session/074dc87562919a9ea42e6c1a11a7852c/element'
21:12:50.066 [Forwarding findElement on session 074dc87562919a9ea42e6c1a11a7852c to remote] DEBUG org.asynchttpclient.netty.request.NettyRequestSender - Using open Channel [id: 0x0446c00b, L:/127.0.0.1:50250 - R:localhost/127.0.0.1:61784] for POST '/session/074dc87562919a9ea42e6c1a11a7852c/element'
21:12:50.074 [AsyncHttpClient-1-7] DEBUG org.asynchttpclient.netty.handler.HttpHandler - 

Request DefaultHttpRequest(decodeResult: success, version: HTTP/1.1)
POST /session/074dc87562919a9ea42e6c1a11a7852c/element HTTP/1.1
User-Agent: selenium/4.1.2 (java windows)
Content-Length: 81
Content-Type: application/json; charset=utf-8
host: localhost:61784
accept: */*

Response DefaultHttpResponse(decodeResult: success, version: HTTP/1.1)
HTTP/1.1 200 OK
Content-Type: application/json; charset=utf-8
cache-control: no-cache
content-length: 88

21:12:50.074 [AsyncHttpClient-1-7] DEBUG org.asynchttpclient.netty.channel.ChannelManager - Adding key: http://localhost:61784 for channel [id: 0x0446c00b, L:/127.0.0.1:50250 - R:localhost/127.0.0.1:61784]
21:12:50.076 [Forwarding getElementTagName on session 074dc87562919a9ea42e6c1a11a7852c to remote] DEBUG org.asynchttpclient.netty.request.NettyRequestSender - Using pooled Channel '[id: 0x0446c00b, L:/127.0.0.1:50250 - R:localhost/127.0.0.1:61784]' for 'GET' to 'http://localhost:61784/session/074dc87562919a9ea42e6c1a11a7852c/element/b46177a6-dc19-4e2f-8ac2-29a2e157d915/name'
21:12:50.076 [Forwarding getElementTagName on session 074dc87562919a9ea42e6c1a11a7852c to remote] DEBUG org.asynchttpclient.netty.request.NettyRequestSender - Using open Channel [id: 0x0446c00b, L:/127.0.0.1:50250 - R:localhost/127.0.0.1:61784] for GET '/session/074dc87562919a9ea42e6c1a11a7852c/element/b46177a6-dc19-4e2f-8ac2-29a2e157d915/name'
21:12:50.080 [AsyncHttpClient-1-7] DEBUG org.asynchttpclient.netty.handler.HttpHandler - 

Request DefaultFullHttpRequest(decodeResult: success, version: HTTP/1.1, content: EmptyByteBufBE)
GET /session/074dc87562919a9ea42e6c1a11a7852c/element/b46177a6-dc19-4e2f-8ac2-29a2e157d915/name HTTP/1.1
User-Agent: selenium/4.1.2 (java windows)
Cache-Control: no-cache
Content-Type: application/json; charset=utf-8
host: localhost:61784
accept: */*

Response DefaultHttpResponse(decodeResult: success, version: HTTP/1.1)
HTTP/1.1 200 OK
Content-Type: application/json; charset=utf-8
cache-control: no-cache
content-length: 16

21:12:50.080 [AsyncHttpClient-1-7] DEBUG org.asynchttpclient.netty.channel.ChannelManager - Adding key: http://localhost:61784 for channel [id: 0x0446c00b, L:/127.0.0.1:50250 - R:localhost/127.0.0.1:61784]
21:12:50.081 [Forwarding getElementTagName on session 074dc87562919a9ea42e6c1a11a7852c to remote] DEBUG org.asynchttpclient.netty.request.NettyRequestSender - Using pooled Channel '[id: 0x0446c00b, L:/127.0.0.1:50250 - R:localhost/127.0.0.1:61784]' for 'GET' to 'http://localhost:61784/session/074dc87562919a9ea42e6c1a11a7852c/element/b46177a6-dc19-4e2f-8ac2-29a2e157d915/name'
21:12:50.081 [Forwarding getElementTagName on session 074dc87562919a9ea42e6c1a11a7852c to remote] DEBUG org.asynchttpclient.netty.request.NettyRequestSender - Using open Channel [id: 0x0446c00b, L:/127.0.0.1:50250 - R:localhost/127.0.0.1:61784] for GET '/session/074dc87562919a9ea42e6c1a11a7852c/element/b46177a6-dc19-4e2f-8ac2-29a2e157d915/name'
21:12:50.084 [AsyncHttpClient-1-7] DEBUG org.asynchttpclient.netty.handler.HttpHandler - 

Request DefaultFullHttpRequest(decodeResult: success, version: HTTP/1.1, content: EmptyByteBufBE)
GET /session/074dc87562919a9ea42e6c1a11a7852c/element/b46177a6-dc19-4e2f-8ac2-29a2e157d915/name HTTP/1.1
User-Agent: selenium/4.1.2 (java windows)
Cache-Control: no-cache
Content-Type: application/json; charset=utf-8
host: localhost:61784
accept: */*

Response DefaultHttpResponse(decodeResult: success, version: HTTP/1.1)
HTTP/1.1 200 OK
Content-Type: application/json; charset=utf-8
cache-control: no-cache
content-length: 16

21:12:50.084 [AsyncHttpClient-1-7] DEBUG org.asynchttpclient.netty.channel.ChannelManager - Adding key: http://localhost:61784 for channel [id: 0x0446c00b, L:/127.0.0.1:50250 - R:localhost/127.0.0.1:61784]
21:12:50.086 [Forwarding findElement on session 074dc87562919a9ea42e6c1a11a7852c to remote] DEBUG org.asynchttpclient.netty.request.NettyRequestSender - Using pooled Channel '[id: 0x0446c00b, L:/127.0.0.1:50250 - R:localhost/127.0.0.1:61784]' for 'POST' to 'http://localhost:61784/session/074dc87562919a9ea42e6c1a11a7852c/element'
21:12:50.087 [Forwarding findElement on session 074dc87562919a9ea42e6c1a11a7852c to remote] DEBUG org.asynchttpclient.netty.request.NettyRequestSender - Using open Channel [id: 0x0446c00b, L:/127.0.0.1:50250 - R:localhost/127.0.0.1:61784] for POST '/session/074dc87562919a9ea42e6c1a11a7852c/element'
21:12:50.094 [AsyncHttpClient-1-7] DEBUG org.asynchttpclient.netty.handler.HttpHandler - 

Request DefaultHttpRequest(decodeResult: success, version: HTTP/1.1)
POST /session/074dc87562919a9ea42e6c1a11a7852c/element HTTP/1.1
User-Agent: selenium/4.1.2 (java windows)
Content-Length: 81
Content-Type: application/json; charset=utf-8
host: localhost:61784
accept: */*

Response DefaultHttpResponse(decodeResult: success, version: HTTP/1.1)
HTTP/1.1 200 OK
Content-Type: application/json; charset=utf-8
cache-control: no-cache
content-length: 88

21:12:50.095 [AsyncHttpClient-1-7] DEBUG org.asynchttpclient.netty.channel.ChannelManager - Adding key: http://localhost:61784 for channel [id: 0x0446c00b, L:/127.0.0.1:50250 - R:localhost/127.0.0.1:61784]
21:12:50.096 [Forwarding clickElement on session 074dc87562919a9ea42e6c1a11a7852c to remote] DEBUG org.asynchttpclient.netty.request.NettyRequestSender - Using pooled Channel '[id: 0x0446c00b, L:/127.0.0.1:50250 - R:localhost/127.0.0.1:61784]' for 'POST' to 'http://localhost:61784/session/074dc87562919a9ea42e6c1a11a7852c/element/b46177a6-dc19-4e2f-8ac2-29a2e157d915/click'
21:12:50.096 [Forwarding clickElement on session 074dc87562919a9ea42e6c1a11a7852c to remote] DEBUG org.asynchttpclient.netty.request.NettyRequestSender - Using open Channel [id: 0x0446c00b, L:/127.0.0.1:50250 - R:localhost/127.0.0.1:61784] for POST '/session/074dc87562919a9ea42e6c1a11a7852c/element/b46177a6-dc19-4e2f-8ac2-29a2e157d915/click'
21:12:50.122 [AsyncHttpClient-1-7] DEBUG org.asynchttpclient.netty.handler.HttpHandler - 

Request DefaultHttpRequest(decodeResult: success, version: HTTP/1.1)
POST /session/074dc87562919a9ea42e6c1a11a7852c/element/b46177a6-dc19-4e2f-8ac2-29a2e157d915/click HTTP/1.1
User-Agent: selenium/4.1.2 (java windows)
Content-Length: 50
Content-Type: application/json; charset=utf-8
host: localhost:61784
accept: */*

Response DefaultHttpResponse(decodeResult: success, version: HTTP/1.1)
HTTP/1.1 200 OK
Content-Type: application/json; charset=utf-8
cache-control: no-cache
content-length: 14

21:12:50.122 [AsyncHttpClient-1-7] DEBUG org.asynchttpclient.netty.channel.ChannelManager - Adding key: http://localhost:61784 for channel [id: 0x0446c00b, L:/127.0.0.1:50250 - R:localhost/127.0.0.1:61784]
  &amp#27;[32mAnd &amp#27;[0m&amp#27;[32mI click login button again&amp#27;[0m                &amp#27;[90m# starter.stepdefinitions.LogInOutSteps.iClickLoginButtonAgain()&amp#27;[0m
21:12:50.130 [Forwarding screenshot on session 074dc87562919a9ea42e6c1a11a7852c to remote] DEBUG org.asynchttpclient.netty.request.NettyRequestSender - Using pooled Channel '[id: 0x0446c00b, L:/127.0.0.1:50250 - R:localhost/127.0.0.1:61784]' for 'GET' to 'http://localhost:61784/session/074dc87562919a9ea42e6c1a11a7852c/screenshot'
21:12:50.130 [Forwarding screenshot on session 074dc87562919a9ea42e6c1a11a7852c to remote] DEBUG org.asynchttpclient.netty.request.NettyRequestSender - Using open Channel [id: 0x0446c00b, L:/127.0.0.1:50250 - R:localhost/127.0.0.1:61784] for GET '/session/074dc87562919a9ea42e6c1a11a7852c/screenshot'
21:12:50.345 [AsyncHttpClient-1-7] DEBUG org.asynchttpclient.netty.handler.HttpHandler - 

Request DefaultFullHttpRequest(decodeResult: success, version: HTTP/1.1, content: EmptyByteBufBE)
GET /session/074dc87562919a9ea42e6c1a11a7852c/screenshot HTTP/1.1
User-Agent: selenium/4.1.2 (java windows)
Cache-Control: no-cache
Content-Type: application/json; charset=utf-8
host: localhost:61784
accept: */*

Response DefaultHttpResponse(decodeResult: success, version: HTTP/1.1)
HTTP/1.1 200 OK
Content-Type: application/json; charset=utf-8
cache-control: no-cache
content-length: 43208

21:12:50.346 [AsyncHttpClient-1-7] DEBUG org.asynchttpclient.netty.channel.ChannelManager - Adding key: http://localhost:61784 for channel [id: 0x0446c00b, L:/127.0.0.1:50250 - R:localhost/127.0.0.1:61784]
21:12:50.347 [main] DEBUG net.serenitybdd.core.photography.Darkroom - Send negative for processing for target\site\serenity\fc28a4bae7d5d603b4ff998adf84cab64faa74ccc4926f204b57f6c743c32c7a.png
21:12:50.348 [Darkroom Processing Line] DEBUG net.serenitybdd.core.photography.DarkroomProcessingLine - Processing screenshot image in /var/screenshots/screenshot-17790605622750299215
21:12:50.348 [Darkroom Processing Line] DEBUG net.serenitybdd.core.photography.DarkroomProcessingLine - Saving screenshot to target\site\serenity\fc28a4bae7d5d603b4ff998adf84cab64faa74ccc4926f204b57f6c743c32c7a.png
21:12:50.354 [Forwarding findElement on session 074dc87562919a9ea42e6c1a11a7852c to remote] DEBUG org.asynchttpclient.netty.request.NettyRequestSender - Using pooled Channel '[id: 0x0446c00b, L:/127.0.0.1:50250 - R:localhost/127.0.0.1:61784]' for 'POST' to 'http://localhost:61784/session/074dc87562919a9ea42e6c1a11a7852c/element'
21:12:50.355 [Forwarding findElement on session 074dc87562919a9ea42e6c1a11a7852c to remote] DEBUG org.asynchttpclient.netty.request.NettyRequestSender - Using open Channel [id: 0x0446c00b, L:/127.0.0.1:50250 - R:localhost/127.0.0.1:61784] for POST '/session/074dc87562919a9ea42e6c1a11a7852c/element'
21:12:50.419 [AsyncHttpClient-1-7] DEBUG org.asynchttpclient.netty.handler.HttpHandler - 

Request DefaultHttpRequest(decodeResult: success, version: HTTP/1.1)
POST /session/074dc87562919a9ea42e6c1a11a7852c/element HTTP/1.1
User-Agent: selenium/4.1.2 (java windows)
Content-Length: 59
Content-Type: application/json; charset=utf-8
host: localhost:61784
accept: */*

Response DefaultHttpResponse(decodeResult: success, version: HTTP/1.1)
HTTP/1.1 200 OK
Content-Type: application/json; charset=utf-8
cache-control: no-cache
content-length: 88

21:12:50.420 [AsyncHttpClient-1-7] DEBUG org.asynchttpclient.netty.channel.ChannelManager - Adding key: http://localhost:61784 for channel [id: 0x0446c00b, L:/127.0.0.1:50250 - R:localhost/127.0.0.1:61784]
21:12:50.425 [Forwarding isElementDisplayed on session 074dc87562919a9ea42e6c1a11a7852c to remote] DEBUG org.asynchttpclient.netty.request.NettyRequestSender - Using pooled Channel '[id: 0x0446c00b, L:/127.0.0.1:50250 - R:localhost/127.0.0.1:61784]' for 'POST' to 'http://localhost:61784/session/074dc87562919a9ea42e6c1a11a7852c/execute/sync'
21:12:50.425 [Forwarding isElementDisplayed on session 074dc87562919a9ea42e6c1a11a7852c to remote] DEBUG org.asynchttpclient.netty.request.NettyRequestSender - Using open Channel [id: 0x0446c00b, L:/127.0.0.1:50250 - R:localhost/127.0.0.1:61784] for POST '/session/074dc87562919a9ea42e6c1a11a7852c/execute/sync'
21:12:50.433 [AsyncHttpClient-1-7] DEBUG org.asynchttpclient.netty.handler.HttpHandler - 

Request DefaultHttpRequest(decodeResult: success, version: HTTP/1.1)
POST /session/074dc87562919a9ea42e6c1a11a7852c/execute/sync HTTP/1.1
User-Agent: selenium/4.1.2 (java windows)
Content-Length: 48780
Content-Type: application/json; charset=utf-8
host: localhost:61784
accept: */*

Response DefaultHttpResponse(decodeResult: success, version: HTTP/1.1)
HTTP/1.1 200 OK
Content-Type: application/json; charset=utf-8
cache-control: no-cache
content-length: 14

21:12:50.433 [AsyncHttpClient-1-7] DEBUG org.asynchttpclient.netty.channel.ChannelManager - Adding key: http://localhost:61784 for channel [id: 0x0446c00b, L:/127.0.0.1:50250 - R:localhost/127.0.0.1:61784]
21:12:50.435 [Forwarding findElement on session 074dc87562919a9ea42e6c1a11a7852c to remote] DEBUG org.asynchttpclient.netty.request.NettyRequestSender - Using pooled Channel '[id: 0x0446c00b, L:/127.0.0.1:50250 - R:localhost/127.0.0.1:61784]' for 'POST' to 'http://localhost:61784/session/074dc87562919a9ea42e6c1a11a7852c/element'
21:12:50.435 [Forwarding findElement on session 074dc87562919a9ea42e6c1a11a7852c to remote] DEBUG org.asynchttpclient.netty.request.NettyRequestSender - Using open Channel [id: 0x0446c00b, L:/127.0.0.1:50250 - R:localhost/127.0.0.1:61784] for POST '/session/074dc87562919a9ea42e6c1a11a7852c/element'
21:12:50.443 [AsyncHttpClient-1-7] DEBUG org.asynchttpclient.netty.handler.HttpHandler - 

Request DefaultHttpRequest(decodeResult: success, version: HTTP/1.1)
POST /session/074dc87562919a9ea42e6c1a11a7852c/element HTTP/1.1
User-Agent: selenium/4.1.2 (java windows)
Content-Length: 59
Content-Type: application/json; charset=utf-8
host: localhost:61784
accept: */*

Response DefaultHttpResponse(decodeResult: success, version: HTTP/1.1)
HTTP/1.1 200 OK
Content-Type: application/json; charset=utf-8
cache-control: no-cache
content-length: 88

21:12:50.443 [AsyncHttpClient-1-7] DEBUG org.asynchttpclient.netty.channel.ChannelManager - Adding key: http://localhost:61784 for channel [id: 0x0446c00b, L:/127.0.0.1:50250 - R:localhost/127.0.0.1:61784]
21:12:50.446 [Forwarding isElementDisplayed on session 074dc87562919a9ea42e6c1a11a7852c to remote] DEBUG org.asynchttpclient.netty.request.NettyRequestSender - Using pooled Channel '[id: 0x0446c00b, L:/127.0.0.1:50250 - R:localhost/127.0.0.1:61784]' for 'POST' to 'http://localhost:61784/session/074dc87562919a9ea42e6c1a11a7852c/execute/sync'
21:12:50.446 [Forwarding isElementDisplayed on session 074dc87562919a9ea42e6c1a11a7852c to remote] DEBUG org.asynchttpclient.netty.request.NettyRequestSender - Using open Channel [id: 0x0446c00b, L:/127.0.0.1:50250 - R:localhost/127.0.0.1:61784] for POST '/session/074dc87562919a9ea42e6c1a11a7852c/execute/sync'
21:12:50.454 [AsyncHttpClient-1-7] DEBUG org.asynchttpclient.netty.handler.HttpHandler - 

Request DefaultHttpRequest(decodeResult: success, version: HTTP/1.1)
POST /session/074dc87562919a9ea42e6c1a11a7852c/execute/sync HTTP/1.1
User-Agent: selenium/4.1.2 (java windows)
Content-Length: 48780
Content-Type: application/json; charset=utf-8
host: localhost:61784
accept: */*

Response DefaultHttpResponse(decodeResult: success, version: HTTP/1.1)
HTTP/1.1 200 OK
Content-Type: application/json; charset=utf-8
cache-control: no-cache
content-length: 14

21:12:50.454 [AsyncHttpClient-1-7] DEBUG org.asynchttpclient.netty.channel.ChannelManager - Adding key: http://localhost:61784 for channel [id: 0x0446c00b, L:/127.0.0.1:50250 - R:localhost/127.0.0.1:61784]
  &amp#27;[32mThen &amp#27;[0m&amp#27;[32mI get &amp#27;[0m&amp#27;[32m&amp#27;[1m"error"&amp#27;[0m&amp#27;[32m as result&amp#27;[0m                  &amp#27;[90m# starter.stepdefinitions.LogInOutSteps.iGetResult(java.lang.String)&amp#27;[0m
21:12:50.459 [Forwarding screenshot on session 074dc87562919a9ea42e6c1a11a7852c to remote] DEBUG org.asynchttpclient.netty.request.NettyRequestSender - Using pooled Channel '[id: 0x0446c00b, L:/127.0.0.1:50250 - R:localhost/127.0.0.1:61784]' for 'GET' to 'http://localhost:61784/session/074dc87562919a9ea42e6c1a11a7852c/screenshot'
21:12:50.459 [Forwarding screenshot on session 074dc87562919a9ea42e6c1a11a7852c to remote] DEBUG org.asynchttpclient.netty.request.NettyRequestSender - Using open Channel [id: 0x0446c00b, L:/127.0.0.1:50250 - R:localhost/127.0.0.1:61784] for GET '/session/074dc87562919a9ea42e6c1a11a7852c/screenshot'
21:12:50.652 [AsyncHttpClient-1-7] DEBUG org.asynchttpclient.netty.handler.HttpHandler - 

Request DefaultFullHttpRequest(decodeResult: success, version: HTTP/1.1, content: EmptyByteBufBE)
GET /session/074dc87562919a9ea42e6c1a11a7852c/screenshot HTTP/1.1
User-Agent: selenium/4.1.2 (java windows)
Cache-Control: no-cache
Content-Type: application/json; charset=utf-8
host: localhost:61784
accept: */*

Response DefaultHttpResponse(decodeResult: success, version: HTTP/1.1)
HTTP/1.1 200 OK
Content-Type: application/json; charset=utf-8
cache-control: no-cache
content-length: 54304

21:12:50.652 [AsyncHttpClient-1-7] DEBUG org.asynchttpclient.netty.channel.ChannelManager - Adding key: http://localhost:61784 for channel [id: 0x0446c00b, L:/127.0.0.1:50250 - R:localhost/127.0.0.1:61784]
21:12:50.655 [main] DEBUG net.serenitybdd.core.photography.Darkroom - Send negative for processing for target\site\serenity\68baacae36c15cca9f403691d290b03fbcdaa178a1a8772f080684bf5faec51b.png
21:12:50.655 [Darkroom Processing Line] DEBUG net.serenitybdd.core.photography.DarkroomProcessingLine - Processing screenshot image in /var/screenshots/screenshot-15820883577122766867
21:12:50.655 [Darkroom Processing Line] DEBUG net.serenitybdd.core.photography.DarkroomProcessingLine - Saving screenshot to target\site\serenity\68baacae36c15cca9f403691d290b03fbcdaa178a1a8772f080684bf5faec51b.png
21:12:50.661 [AsyncHttpClient-1-9] DEBUG org.asynchttpclient.netty.handler.WebSocketHandler - Channel Closed: [id: 0x1df116df, L:/127.0.0.1:50259 ! R:localhost/127.0.0.1:50251] with attribute NettyResponseFuture{currentRetry=5,
	isDone=1,
	isCancelled=0,
	asyncHandler=org.asynchttpclient.ws.WebSocketUpgradeHandler@641bfa60,
	nettyRequest=org.asynchttpclient.netty.request.NettyRequest@1612aae2,
	future=java.util.concurrent.CompletableFuture@1c9c8339[Completed normally],
	uri=ws://localhost:50251/devtools/browser/b5a922cd-f0ec-4ef7-ae27-3415a5463569,
	keepAlive=true,
	redirectCount=0,
	timeoutsHolder=null,
	inAuth=0,
	touch=1667484764440}
21:12:50.661 [AsyncHttpClient-1-9] DEBUG org.asynchttpclient.netty.channel.ChannelManager - Closing Channel [id: 0x1df116df, L:/127.0.0.1:50259 ! R:localhost/127.0.0.1:50251] 
21:12:50.661 [Driver Command Executor] DEBUG org.asynchttpclient.netty.request.NettyRequestSender - Using pooled Channel '[id: 0x0446c00b, L:/127.0.0.1:50250 - R:localhost/127.0.0.1:61784]' for 'DELETE' to 'http://localhost:61784/session/074dc87562919a9ea42e6c1a11a7852c'
21:12:50.662 [Driver Command Executor] DEBUG org.asynchttpclient.netty.request.NettyRequestSender - Using open Channel [id: 0x0446c00b, L:/127.0.0.1:50250 - R:localhost/127.0.0.1:61784] for DELETE '/session/074dc87562919a9ea42e6c1a11a7852c'
21:12:50.710 [AsyncHttpClient-1-8] DEBUG org.asynchttpclient.netty.handler.HttpHandler - Unexpected I/O exception on channel [id: 0x3f409c4e, L:/127.0.0.1:50258 - R:localhost/127.0.0.1:50251]
java.net.SocketException: Connection reset
	at java.base/sun.nio.ch.SocketChannelImpl.throwConnectionReset(SocketChannelImpl.java:345)
	at java.base/sun.nio.ch.SocketChannelImpl.read(SocketChannelImpl.java:376)
	at io.netty.buffer.PooledByteBuf.setBytes(PooledByteBuf.java:258)
	at io.netty.buffer.AbstractByteBuf.writeBytes(AbstractByteBuf.java:1132)
	at io.netty.channel.socket.nio.NioSocketChannel.doReadBytes(NioSocketChannel.java:350)
	at io.netty.channel.nio.AbstractNioByteChannel$NioByteUnsafe.read(AbstractNioByteChannel.java:151)
	at io.netty.channel.nio.NioEventLoop.processSelectedKey(NioEventLoop.java:722)
	at io.netty.channel.nio.NioEventLoop.processSelectedKeysOptimized(NioEventLoop.java:658)
	at io.netty.channel.nio.NioEventLoop.processSelectedKeys(NioEventLoop.java:584)
	at io.netty.channel.nio.NioEventLoop.run(NioEventLoop.java:496)
	at io.netty.util.concurrent.SingleThreadEventExecutor$4.run(SingleThreadEventExecutor.java:986)
	at io.netty.util.internal.ThreadExecutorMap$2.run(ThreadExecutorMap.java:74)
	at io.netty.util.concurrent.FastThreadLocalRunnable.run(FastThreadLocalRunnable.java:30)
	at java.base/java.lang.Thread.run(Thread.java:830)
21:12:50.710 [AsyncHttpClient-1-8] DEBUG org.asynchttpclient.netty.channel.ChannelManager - Closing Channel [id: 0x3f409c4e, L:/127.0.0.1:50258 - R:localhost/127.0.0.1:50251] 
21:12:50.710 [AsyncHttpClient-1-8] DEBUG org.asynchttpclient.netty.handler.HttpHandler - Channel Closed: [id: 0x3f409c4e, L:/127.0.0.1:50258 ! R:localhost/127.0.0.1:50251] with attribute DISCARD
21:12:50.735 [AsyncHttpClient-1-7] DEBUG org.asynchttpclient.netty.handler.HttpHandler - 

Request DefaultFullHttpRequest(decodeResult: success, version: HTTP/1.1, content: EmptyByteBufBE)
DELETE /session/074dc87562919a9ea42e6c1a11a7852c HTTP/1.1
User-Agent: selenium/4.1.2 (java windows)
Content-Type: application/json; charset=utf-8
host: localhost:61784
accept: */*

Response DefaultHttpResponse(decodeResult: success, version: HTTP/1.1)
HTTP/1.1 200 OK
Content-Type: application/json; charset=utf-8
cache-control: no-cache
content-length: 14

21:12:50.735 [AsyncHttpClient-1-7] DEBUG org.asynchttpclient.netty.channel.ChannelManager - Adding key: http://localhost:61784 for channel [id: 0x0446c00b, L:/127.0.0.1:50250 - R:localhost/127.0.0.1:61784]
21:12:50.796 [AsyncHttpClient-1-7] DEBUG org.asynchttpclient.netty.handler.HttpHandler - Channel Closed: [id: 0x0446c00b, L:/127.0.0.1:50250 ! R:localhost/127.0.0.1:61784] with attribute DISCARD
21:12:50.888 [AsyncHttpClient-1-1] DEBUG org.asynchttpclient.netty.channel.DefaultChannelPool - Entry count for : http://localhost:61784 : 1
21:12:50.888 [AsyncHttpClient-1-1] DEBUG org.asynchttpclient.netty.channel.DefaultChannelPool - Entry count for : http://localhost:50251 : 1
21:12:50.888 [AsyncHttpClient-1-1] DEBUG org.asynchttpclient.netty.channel.DefaultChannelPool - Adding Candidate expired Channel [id: 0x0446c00b, L:/127.0.0.1:50250 ! R:localhost/127.0.0.1:61784] isIdleTimeoutExpired=false isRemotelyClosed=true isTtlExpired=false
21:12:50.888 [AsyncHttpClient-1-1] DEBUG org.asynchttpclient.netty.channel.DefaultChannelPool - Closing Idle Channel [id: 0x0446c00b, L:/127.0.0.1:50250 ! R:localhost/127.0.0.1:61784]
21:12:50.888 [AsyncHttpClient-1-1] DEBUG org.asynchttpclient.netty.channel.DefaultChannelPool - Adding Candidate expired Channel [id: 0x3f409c4e, L:/127.0.0.1:50258 ! R:localhost/127.0.0.1:50251] isIdleTimeoutExpired=false isRemotelyClosed=true isTtlExpired=false
21:12:50.888 [AsyncHttpClient-1-1] DEBUG org.asynchttpclient.netty.channel.DefaultChannelPool - Closing Idle Channel [id: 0x3f409c4e, L:/127.0.0.1:50258 ! R:localhost/127.0.0.1:50251]
21:12:50.888 [AsyncHttpClient-1-1] DEBUG org.asynchttpclient.netty.channel.DefaultChannelPool - Closed 2 connections out of 2 in 0 ms
21:12:51.324 [main] INFO  - 
  _____   ___   ___   _____     ___     _     ___   ___   ___   ___  
 |_   _| | __| / __| |_   _|   | _ \   /_\   / __| / __| | __| |   \ 
   | |   | _|  \__ \   | |     |  _/  / _ \  \__ \ \__ \ | _|  | |) |
   |_|   |___| |___/   |_|     |_|   /_/ \_\ |___/ |___/ |___| |___/ 

Login with email and password
----------------------------------------------------------------------
]]></system-out>
    <system-err><![CDATA[Starting ChromeDriver 106.0.5249.61 (511755355844955cd3e264779baf0dd38212a4d0-refs/branch-heads/5249@{#569}) on port 61784
Only local connections are allowed.
Please see https://chromedriver.chromium.org/security-considerations for suggestions on keeping ChromeDriver safe.
ChromeDriver was started successfully.
[1667484764.300][WARNING]: This version of ChromeDriver has not been tested with Chrome version 107.
Nov 03, 2022 9:12:44 PM org.openqa.selenium.remote.ProtocolHandshake createSession
INFO: Detected dialect: W3C
Nov 03, 2022 9:12:44 PM org.openqa.selenium.devtools.CdpVersionFinder findNearestMatch
WARNING: Unable to find an exact match for CDP version 107, so returning the closest version found: a no-op implementation
Nov 03, 2022 9:12:44 PM org.openqa.selenium.devtools.CdpVersionFinder findNearestMatch
INFO: Unable to find CDP implementation matching 107.
Nov 03, 2022 9:12:44 PM org.openqa.selenium.chromium.ChromiumDriver lambda$new$3
WARNING: Unable to find version of CDP to use for . You may need to include a dependency on a specific version of the CDP using something similar to `org.seleniumhq.selenium:selenium-devtools-v86:4.1.2` where the version ("v86") matches the version of the chromium-based browser you're using and the version number of the artifact is the same as Selenium's.
]]></system-err>
  </testcase>
  <testcase name="Login with email and password #2" classname="Login" time="10.527">
    <system-out><![CDATA[
Scenario Outline: Login with email and password &amp#27;[90m# src/test/resources/features/Login.feature:28&amp#27;[0m
21:12:51.333 [main] INFO io.cucumber.core.plugin.SerenityReporter - Running feature from file:///C:/Users/ASUS/Desktop/stupen/miniproject/Web/ASWeb/src/test/resources/features/Login.feature
21:12:51.343 [main] INFO net.serenitybdd.core.webdriver.driverproviders.ChromeDriverProvider - Using automatically driver download
21:12:51.460 [main] DEBUG io.github.bonigarcia.wdm.cache.ResolutionCache - Resolution chrome=107 in cache (valid until 21:49:49 03/11/2022 WIB)
21:12:51.464 [main] DEBUG io.github.bonigarcia.wdm.cache.ResolutionCache - Resolution chrome107=107.0.5304.62 in cache (valid until 16:49:12 04/11/2022 WIB)
21:12:51.465 [main] INFO io.github.bonigarcia.wdm.WebDriverManager - Using chromedriver 107.0.5304.62 (resolved driver for Chrome 107)
21:12:51.476 [main] DEBUG io.github.bonigarcia.wdm.WebDriverManager - Driver chromedriver 107.0.5304.62 found in cache
21:12:51.477 [main] INFO io.github.bonigarcia.wdm.WebDriverManager - Exporting webdriver.chrome.driver as C:\Users\ASUS\.cache\selenium\chromedriver\win32\107.0.5304.62\chromedriver.exe
21:12:51.626 [main] DEBUG net.serenitybdd.core.webdriver.driverproviders.ProvideNewDriver - Instantiating driver
21:12:51.626 [main] DEBUG net.serenitybdd.core.webdriver.driverproviders.ProvideNewDriver - Driver capabilities: Capabilities {acceptInsecureCerts: false, base.url: https://alta-shop.vercel.app/, browserName: chrome, chrome.driver: src/test/resources/webdrive..., driver: chrome, goog:chromeOptions: {args: [], extensions: []}, wait.for.timeout: 10000}
21:12:52.175 [AsyncHttpClient-1-10] DEBUG org.asynchttpclient.netty.channel.NettyConnectListener - Using new Channel '[id: 0xeb56bd78, L:/127.0.0.1:50282 - R:localhost/127.0.0.1:50654]' for 'POST' to '/session'
21:12:53.563 [AsyncHttpClient-1-10] DEBUG org.asynchttpclient.netty.handler.HttpHandler - 

Request DefaultHttpRequest(decodeResult: success, version: HTTP/1.1)
POST /session HTTP/1.1
User-Agent: selenium/4.1.2 (java windows)
Content-Length: 646
Content-Type: application/json; charset=utf-8
host: localhost:50654
accept: */*

Response DefaultHttpResponse(decodeResult: success, version: HTTP/1.1)
HTTP/1.1 200 OK
Content-Type: application/json; charset=utf-8
cache-control: no-cache
content-length: 789

21:12:53.563 [AsyncHttpClient-1-10] DEBUG org.asynchttpclient.netty.channel.ChannelManager - Adding key: http://localhost:50654 for channel [id: 0xeb56bd78, L:/127.0.0.1:50282 - R:localhost/127.0.0.1:50654]
21:12:53.577 [AsyncHttpClient-1-11] DEBUG org.asynchttpclient.netty.channel.NettyConnectListener - Using new Channel '[id: 0x974083f1, L:/127.0.0.1:50291 - R:localhost/127.0.0.1:50283]' for 'GET' to '/json/version'
21:12:53.578 [AsyncHttpClient-1-11] DEBUG org.asynchttpclient.netty.handler.HttpHandler - 

Request DefaultFullHttpRequest(decodeResult: success, version: HTTP/1.1, content: EmptyByteBufBE)
GET /json/version HTTP/1.1
User-Agent: selenium/4.1.2 (java windows)
host: localhost:50283
accept: */*

Response DefaultHttpResponse(decodeResult: success, version: HTTP/1.1)
HTTP/1.1 200 OK
Content-Type: application/json; charset=UTF-8
content-length: 423

21:12:53.578 [AsyncHttpClient-1-11] DEBUG org.asynchttpclient.netty.channel.ChannelManager - Adding key: http://localhost:50283 for channel [id: 0x974083f1, L:/127.0.0.1:50291 - R:localhost/127.0.0.1:50283]
21:12:53.582 [AsyncHttpClient-1-12] DEBUG org.asynchttpclient.netty.channel.NettyConnectListener - Using new Channel '[id: 0x86edc6a2, L:/127.0.0.1:50292 - R:localhost/127.0.0.1:50283]' for 'GET' to '/devtools/browser/1628a334-0ff6-4707-a714-8d3f61b0f752'
21:12:53.582 [AsyncHttpClient-1-12] DEBUG org.asynchttpclient.netty.handler.WebSocketHandler - 

Request DefaultFullHttpRequest(decodeResult: success, version: HTTP/1.1, content: EmptyByteBufBE)
GET /devtools/browser/1628a334-0ff6-4707-a714-8d3f61b0f752 HTTP/1.1
upgrade: websocket
connection: upgrade
sec-websocket-key: M0lzNCczjohYQoo8/atNZw==
sec-websocket-version: 13
origin: http://localhost:50283
host: localhost:50283
accept: */*
user-agent: AHC/2.1

Response DefaultHttpResponse(decodeResult: success, version: HTTP/1.1)
HTTP/1.1 101 WebSocket Protocol Handshake
Upgrade: WebSocket
Connection: Upgrade
Sec-WebSocket-Accept: VWBYE7jfTSh1EJsqiVxTErQrwHY=

21:12:53.587 [Forwarding get on session 4aa455d1455362a3bccacff9fd68fda6 to remote] DEBUG org.asynchttpclient.netty.request.NettyRequestSender - Using pooled Channel '[id: 0xeb56bd78, L:/127.0.0.1:50282 - R:localhost/127.0.0.1:50654]' for 'POST' to 'http://localhost:50654/session/4aa455d1455362a3bccacff9fd68fda6/url'
21:12:53.588 [Forwarding get on session 4aa455d1455362a3bccacff9fd68fda6 to remote] DEBUG org.asynchttpclient.netty.request.NettyRequestSender - Using open Channel [id: 0xeb56bd78, L:/127.0.0.1:50282 - R:localhost/127.0.0.1:50654] for POST '/session/4aa455d1455362a3bccacff9fd68fda6/url'
21:12:54.186 [AsyncHttpClient-1-1] DEBUG org.asynchttpclient.netty.channel.DefaultChannelPool - Entry count for : http://localhost:50283 : 1
21:12:55.287 [AsyncHttpClient-1-1] DEBUG org.asynchttpclient.netty.channel.DefaultChannelPool - Entry count for : http://localhost:50283 : 1
21:12:56.388 [AsyncHttpClient-1-1] DEBUG org.asynchttpclient.netty.channel.DefaultChannelPool - Entry count for : http://localhost:50283 : 1
21:12:57.486 [AsyncHttpClient-1-1] DEBUG org.asynchttpclient.netty.channel.DefaultChannelPool - Entry count for : http://localhost:50283 : 1
21:12:58.083 [AsyncHttpClient-1-10] DEBUG org.asynchttpclient.netty.handler.HttpHandler - 

Request DefaultHttpRequest(decodeResult: success, version: HTTP/1.1)
POST /session/4aa455d1455362a3bccacff9fd68fda6/url HTTP/1.1
User-Agent: selenium/4.1.2 (java windows)
Content-Length: 74
Content-Type: application/json; charset=utf-8
host: localhost:50654
accept: */*

Response DefaultHttpResponse(decodeResult: success, version: HTTP/1.1)
HTTP/1.1 200 OK
Content-Type: application/json; charset=utf-8
cache-control: no-cache
content-length: 14

21:12:58.083 [AsyncHttpClient-1-10] DEBUG org.asynchttpclient.netty.channel.ChannelManager - Adding key: http://localhost:50654 for channel [id: 0xeb56bd78, L:/127.0.0.1:50282 - R:localhost/127.0.0.1:50654]
21:12:58.085 [Forwarding setTimeout on session 4aa455d1455362a3bccacff9fd68fda6 to remote] DEBUG org.asynchttpclient.netty.request.NettyRequestSender - Using pooled Channel '[id: 0xeb56bd78, L:/127.0.0.1:50282 - R:localhost/127.0.0.1:50654]' for 'POST' to 'http://localhost:50654/session/4aa455d1455362a3bccacff9fd68fda6/timeouts'
21:12:58.085 [Forwarding setTimeout on session 4aa455d1455362a3bccacff9fd68fda6 to remote] DEBUG org.asynchttpclient.netty.request.NettyRequestSender - Using open Channel [id: 0xeb56bd78, L:/127.0.0.1:50282 - R:localhost/127.0.0.1:50654] for POST '/session/4aa455d1455362a3bccacff9fd68fda6/timeouts'
21:12:58.085 [AsyncHttpClient-1-10] DEBUG org.asynchttpclient.netty.handler.HttpHandler - 

Request DefaultHttpRequest(decodeResult: success, version: HTTP/1.1)
POST /session/4aa455d1455362a3bccacff9fd68fda6/timeouts HTTP/1.1
User-Agent: selenium/4.1.2 (java windows)
Content-Length: 22
Content-Type: application/json; charset=utf-8
host: localhost:50654
accept: */*

Response DefaultHttpResponse(decodeResult: success, version: HTTP/1.1)
HTTP/1.1 200 OK
Content-Type: application/json; charset=utf-8
cache-control: no-cache
content-length: 14

21:12:58.085 [AsyncHttpClient-1-10] DEBUG org.asynchttpclient.netty.channel.ChannelManager - Adding key: http://localhost:50654 for channel [id: 0xeb56bd78, L:/127.0.0.1:50282 - R:localhost/127.0.0.1:50654]
21:12:58.088 [Forwarding getCurrentUrl on session 4aa455d1455362a3bccacff9fd68fda6 to remote] DEBUG org.asynchttpclient.netty.request.NettyRequestSender - Using pooled Channel '[id: 0xeb56bd78, L:/127.0.0.1:50282 - R:localhost/127.0.0.1:50654]' for 'GET' to 'http://localhost:50654/session/4aa455d1455362a3bccacff9fd68fda6/url'
21:12:58.089 [Forwarding getCurrentUrl on session 4aa455d1455362a3bccacff9fd68fda6 to remote] DEBUG org.asynchttpclient.netty.request.NettyRequestSender - Using open Channel [id: 0xeb56bd78, L:/127.0.0.1:50282 - R:localhost/127.0.0.1:50654] for GET '/session/4aa455d1455362a3bccacff9fd68fda6/url'
21:12:58.092 [AsyncHttpClient-1-10] DEBUG org.asynchttpclient.netty.handler.HttpHandler - 

Request DefaultFullHttpRequest(decodeResult: success, version: HTTP/1.1, content: EmptyByteBufBE)
GET /session/4aa455d1455362a3bccacff9fd68fda6/url HTTP/1.1
User-Agent: selenium/4.1.2 (java windows)
Cache-Control: no-cache
Content-Type: application/json; charset=utf-8
host: localhost:50654
accept: */*

Response DefaultHttpResponse(decodeResult: success, version: HTTP/1.1)
HTTP/1.1 200 OK
Content-Type: application/json; charset=utf-8
cache-control: no-cache
content-length: 51

21:12:58.093 [AsyncHttpClient-1-10] DEBUG org.asynchttpclient.netty.channel.ChannelManager - Adding key: http://localhost:50654 for channel [id: 0xeb56bd78, L:/127.0.0.1:50282 - R:localhost/127.0.0.1:50654]
  &amp#27;[32mGiven &amp#27;[0m&amp#27;[32mI am in login page&amp#27;[0m                      &amp#27;[90m# starter.stepdefinitions.LogInOutSteps.iAmInLoginPage()&amp#27;[0m
21:12:58.097 [Forwarding screenshot on session 4aa455d1455362a3bccacff9fd68fda6 to remote] DEBUG org.asynchttpclient.netty.request.NettyRequestSender - Using pooled Channel '[id: 0xeb56bd78, L:/127.0.0.1:50282 - R:localhost/127.0.0.1:50654]' for 'GET' to 'http://localhost:50654/session/4aa455d1455362a3bccacff9fd68fda6/screenshot'
21:12:58.097 [Forwarding screenshot on session 4aa455d1455362a3bccacff9fd68fda6 to remote] DEBUG org.asynchttpclient.netty.request.NettyRequestSender - Using open Channel [id: 0xeb56bd78, L:/127.0.0.1:50282 - R:localhost/127.0.0.1:50654] for GET '/session/4aa455d1455362a3bccacff9fd68fda6/screenshot'
21:12:58.246 [AsyncHttpClient-1-10] DEBUG org.asynchttpclient.netty.handler.HttpHandler - 

Request DefaultFullHttpRequest(decodeResult: success, version: HTTP/1.1, content: EmptyByteBufBE)
GET /session/4aa455d1455362a3bccacff9fd68fda6/screenshot HTTP/1.1
User-Agent: selenium/4.1.2 (java windows)
Cache-Control: no-cache
Content-Type: application/json; charset=utf-8
host: localhost:50654
accept: */*

Response DefaultHttpResponse(decodeResult: success, version: HTTP/1.1)
HTTP/1.1 200 OK
Content-Type: application/json; charset=utf-8
cache-control: no-cache
content-length: 38472

21:12:58.246 [AsyncHttpClient-1-10] DEBUG org.asynchttpclient.netty.channel.ChannelManager - Adding key: http://localhost:50654 for channel [id: 0xeb56bd78, L:/127.0.0.1:50282 - R:localhost/127.0.0.1:50654]
21:12:58.248 [main] DEBUG net.serenitybdd.core.photography.Darkroom - Send negative for processing for target\site\serenity\6c2309ed56aeb278067cd6b3caf368b9f01e276e2bf175d46007f31c90d5af21.png
21:12:58.255 [Forwarding findElement on session 4aa455d1455362a3bccacff9fd68fda6 to remote] DEBUG org.asynchttpclient.netty.request.NettyRequestSender - Using pooled Channel '[id: 0xeb56bd78, L:/127.0.0.1:50282 - R:localhost/127.0.0.1:50654]' for 'POST' to 'http://localhost:50654/session/4aa455d1455362a3bccacff9fd68fda6/element'
21:12:58.255 [Forwarding findElement on session 4aa455d1455362a3bccacff9fd68fda6 to remote] DEBUG org.asynchttpclient.netty.request.NettyRequestSender - Using open Channel [id: 0xeb56bd78, L:/127.0.0.1:50282 - R:localhost/127.0.0.1:50654] for POST '/session/4aa455d1455362a3bccacff9fd68fda6/element'
21:12:58.265 [AsyncHttpClient-1-10] DEBUG org.asynchttpclient.netty.handler.HttpHandler - 

Request DefaultHttpRequest(decodeResult: success, version: HTTP/1.1)
POST /session/4aa455d1455362a3bccacff9fd68fda6/element HTTP/1.1
User-Agent: selenium/4.1.2 (java windows)
Content-Length: 87
Content-Type: application/json; charset=utf-8
host: localhost:50654
accept: */*

Response DefaultHttpResponse(decodeResult: success, version: HTTP/1.1)
HTTP/1.1 200 OK
Content-Type: application/json; charset=utf-8
cache-control: no-cache
content-length: 88

21:12:58.265 [AsyncHttpClient-1-10] DEBUG org.asynchttpclient.netty.channel.ChannelManager - Adding key: http://localhost:50654 for channel [id: 0xeb56bd78, L:/127.0.0.1:50282 - R:localhost/127.0.0.1:50654]
21:12:58.266 [Forwarding clearElement on session 4aa455d1455362a3bccacff9fd68fda6 to remote] DEBUG org.asynchttpclient.netty.request.NettyRequestSender - Using pooled Channel '[id: 0xeb56bd78, L:/127.0.0.1:50282 - R:localhost/127.0.0.1:50654]' for 'POST' to 'http://localhost:50654/session/4aa455d1455362a3bccacff9fd68fda6/element/7d37f7c4-9854-4eba-89bf-bdd3fed49ce3/clear'
21:12:58.266 [Forwarding clearElement on session 4aa455d1455362a3bccacff9fd68fda6 to remote] DEBUG org.asynchttpclient.netty.request.NettyRequestSender - Using open Channel [id: 0xeb56bd78, L:/127.0.0.1:50282 - R:localhost/127.0.0.1:50654] for POST '/session/4aa455d1455362a3bccacff9fd68fda6/element/7d37f7c4-9854-4eba-89bf-bdd3fed49ce3/clear'
21:12:58.292 [AsyncHttpClient-1-10] DEBUG org.asynchttpclient.netty.handler.HttpHandler - 

Request DefaultHttpRequest(decodeResult: success, version: HTTP/1.1)
POST /session/4aa455d1455362a3bccacff9fd68fda6/element/7d37f7c4-9854-4eba-89bf-bdd3fed49ce3/clear HTTP/1.1
User-Agent: selenium/4.1.2 (java windows)
Content-Length: 50
Content-Type: application/json; charset=utf-8
host: localhost:50654
accept: */*

Response DefaultHttpResponse(decodeResult: success, version: HTTP/1.1)
HTTP/1.1 200 OK
Content-Type: application/json; charset=utf-8
cache-control: no-cache
content-length: 14

21:12:58.292 [AsyncHttpClient-1-10] DEBUG org.asynchttpclient.netty.channel.ChannelManager - Adding key: http://localhost:50654 for channel [id: 0xeb56bd78, L:/127.0.0.1:50282 - R:localhost/127.0.0.1:50654]
21:12:58.294 [Forwarding sendKeysToElement on session 4aa455d1455362a3bccacff9fd68fda6 to remote] DEBUG org.asynchttpclient.netty.request.NettyRequestSender - Using pooled Channel '[id: 0xeb56bd78, L:/127.0.0.1:50282 - R:localhost/127.0.0.1:50654]' for 'POST' to 'http://localhost:50654/session/4aa455d1455362a3bccacff9fd68fda6/element/7d37f7c4-9854-4eba-89bf-bdd3fed49ce3/value'
21:12:58.294 [Forwarding sendKeysToElement on session 4aa455d1455362a3bccacff9fd68fda6 to remote] DEBUG org.asynchttpclient.netty.request.NettyRequestSender - Using open Channel [id: 0xeb56bd78, L:/127.0.0.1:50282 - R:localhost/127.0.0.1:50654] for POST '/session/4aa455d1455362a3bccacff9fd68fda6/element/7d37f7c4-9854-4eba-89bf-bdd3fed49ce3/value'
21:12:58.373 [AsyncHttpClient-1-10] DEBUG org.asynchttpclient.netty.handler.HttpHandler - 

Request DefaultHttpRequest(decodeResult: success, version: HTTP/1.1)
POST /session/4aa455d1455362a3bccacff9fd68fda6/element/7d37f7c4-9854-4eba-89bf-bdd3fed49ce3/value HTTP/1.1
User-Agent: selenium/4.1.2 (java windows)
Content-Length: 211
Content-Type: application/json; charset=utf-8
host: localhost:50654
accept: */*

Response DefaultHttpResponse(decodeResult: success, version: HTTP/1.1)
HTTP/1.1 200 OK
Content-Type: application/json; charset=utf-8
cache-control: no-cache
content-length: 14

21:12:58.373 [AsyncHttpClient-1-10] DEBUG org.asynchttpclient.netty.channel.ChannelManager - Adding key: http://localhost:50654 for channel [id: 0xeb56bd78, L:/127.0.0.1:50282 - R:localhost/127.0.0.1:50654]
  &amp#27;[32mWhen &amp#27;[0m&amp#27;[32mI input &amp#27;[0m&amp#27;[32m&amp#27;[1m"user@mail.com"&amp#27;[0m&amp#27;[32m email&amp#27;[0m            &amp#27;[90m# starter.stepdefinitions.LogInOutSteps.iInputEmailEmail(java.lang.String)&amp#27;[0m
21:12:58.378 [Forwarding screenshot on session 4aa455d1455362a3bccacff9fd68fda6 to remote] DEBUG org.asynchttpclient.netty.request.NettyRequestSender - Using pooled Channel '[id: 0xeb56bd78, L:/127.0.0.1:50282 - R:localhost/127.0.0.1:50654]' for 'GET' to 'http://localhost:50654/session/4aa455d1455362a3bccacff9fd68fda6/screenshot'
21:12:58.379 [Forwarding screenshot on session 4aa455d1455362a3bccacff9fd68fda6 to remote] DEBUG org.asynchttpclient.netty.request.NettyRequestSender - Using open Channel [id: 0xeb56bd78, L:/127.0.0.1:50282 - R:localhost/127.0.0.1:50654] for GET '/session/4aa455d1455362a3bccacff9fd68fda6/screenshot'
21:12:58.536 [AsyncHttpClient-1-10] DEBUG org.asynchttpclient.netty.handler.HttpHandler - 

Request DefaultFullHttpRequest(decodeResult: success, version: HTTP/1.1, content: EmptyByteBufBE)
GET /session/4aa455d1455362a3bccacff9fd68fda6/screenshot HTTP/1.1
User-Agent: selenium/4.1.2 (java windows)
Cache-Control: no-cache
Content-Type: application/json; charset=utf-8
host: localhost:50654
accept: */*

Response DefaultHttpResponse(decodeResult: success, version: HTTP/1.1)
HTTP/1.1 200 OK
Content-Type: application/json; charset=utf-8
cache-control: no-cache
content-length: 44448

21:12:58.536 [AsyncHttpClient-1-10] DEBUG org.asynchttpclient.netty.channel.ChannelManager - Adding key: http://localhost:50654 for channel [id: 0xeb56bd78, L:/127.0.0.1:50282 - R:localhost/127.0.0.1:50654]
21:12:58.538 [main] DEBUG net.serenitybdd.core.photography.Darkroom - Send negative for processing for target\site\serenity\99ab8e84d31a49efe77b4f46a80fa209654080ef24b59eaddb9bdc467e2f36d3.png
21:12:58.539 [Darkroom Processing Line] DEBUG net.serenitybdd.core.photography.DarkroomProcessingLine - Processing screenshot image in /var/screenshots/screenshot-4947537663700420871
21:12:58.539 [Darkroom Processing Line] DEBUG net.serenitybdd.core.photography.DarkroomProcessingLine - Saving screenshot to target\site\serenity\99ab8e84d31a49efe77b4f46a80fa209654080ef24b59eaddb9bdc467e2f36d3.png
21:12:58.546 [Forwarding findElement on session 4aa455d1455362a3bccacff9fd68fda6 to remote] DEBUG org.asynchttpclient.netty.request.NettyRequestSender - Using pooled Channel '[id: 0xeb56bd78, L:/127.0.0.1:50282 - R:localhost/127.0.0.1:50654]' for 'POST' to 'http://localhost:50654/session/4aa455d1455362a3bccacff9fd68fda6/element'
21:12:58.546 [Forwarding findElement on session 4aa455d1455362a3bccacff9fd68fda6 to remote] DEBUG org.asynchttpclient.netty.request.NettyRequestSender - Using open Channel [id: 0xeb56bd78, L:/127.0.0.1:50282 - R:localhost/127.0.0.1:50654] for POST '/session/4aa455d1455362a3bccacff9fd68fda6/element'
21:12:58.555 [AsyncHttpClient-1-10] DEBUG org.asynchttpclient.netty.handler.HttpHandler - 

Request DefaultHttpRequest(decodeResult: success, version: HTTP/1.1)
POST /session/4aa455d1455362a3bccacff9fd68fda6/element HTTP/1.1
User-Agent: selenium/4.1.2 (java windows)
Content-Length: 90
Content-Type: application/json; charset=utf-8
host: localhost:50654
accept: */*

Response DefaultHttpResponse(decodeResult: success, version: HTTP/1.1)
HTTP/1.1 200 OK
Content-Type: application/json; charset=utf-8
cache-control: no-cache
content-length: 88

21:12:58.555 [AsyncHttpClient-1-10] DEBUG org.asynchttpclient.netty.channel.ChannelManager - Adding key: http://localhost:50654 for channel [id: 0xeb56bd78, L:/127.0.0.1:50282 - R:localhost/127.0.0.1:50654]
21:12:58.556 [Forwarding clearElement on session 4aa455d1455362a3bccacff9fd68fda6 to remote] DEBUG org.asynchttpclient.netty.request.NettyRequestSender - Using pooled Channel '[id: 0xeb56bd78, L:/127.0.0.1:50282 - R:localhost/127.0.0.1:50654]' for 'POST' to 'http://localhost:50654/session/4aa455d1455362a3bccacff9fd68fda6/element/7bf32aa8-93d9-4989-8963-a55ee7b06af0/clear'
21:12:58.556 [Forwarding clearElement on session 4aa455d1455362a3bccacff9fd68fda6 to remote] DEBUG org.asynchttpclient.netty.request.NettyRequestSender - Using open Channel [id: 0xeb56bd78, L:/127.0.0.1:50282 - R:localhost/127.0.0.1:50654] for POST '/session/4aa455d1455362a3bccacff9fd68fda6/element/7bf32aa8-93d9-4989-8963-a55ee7b06af0/clear'
21:12:58.583 [AsyncHttpClient-1-10] DEBUG org.asynchttpclient.netty.handler.HttpHandler - 

Request DefaultHttpRequest(decodeResult: success, version: HTTP/1.1)
POST /session/4aa455d1455362a3bccacff9fd68fda6/element/7bf32aa8-93d9-4989-8963-a55ee7b06af0/clear HTTP/1.1
User-Agent: selenium/4.1.2 (java windows)
Content-Length: 50
Content-Type: application/json; charset=utf-8
host: localhost:50654
accept: */*

Response DefaultHttpResponse(decodeResult: success, version: HTTP/1.1)
HTTP/1.1 200 OK
Content-Type: application/json; charset=utf-8
cache-control: no-cache
content-length: 14

21:12:58.583 [AsyncHttpClient-1-10] DEBUG org.asynchttpclient.netty.channel.ChannelManager - Adding key: http://localhost:50654 for channel [id: 0xeb56bd78, L:/127.0.0.1:50282 - R:localhost/127.0.0.1:50654]
21:12:58.584 [Forwarding sendKeysToElement on session 4aa455d1455362a3bccacff9fd68fda6 to remote] DEBUG org.asynchttpclient.netty.request.NettyRequestSender - Using pooled Channel '[id: 0xeb56bd78, L:/127.0.0.1:50282 - R:localhost/127.0.0.1:50654]' for 'POST' to 'http://localhost:50654/session/4aa455d1455362a3bccacff9fd68fda6/element/7bf32aa8-93d9-4989-8963-a55ee7b06af0/value'
21:12:58.584 [Forwarding sendKeysToElement on session 4aa455d1455362a3bccacff9fd68fda6 to remote] DEBUG org.asynchttpclient.netty.request.NettyRequestSender - Using open Channel [id: 0xeb56bd78, L:/127.0.0.1:50282 - R:localhost/127.0.0.1:50654] for POST '/session/4aa455d1455362a3bccacff9fd68fda6/element/7bf32aa8-93d9-4989-8963-a55ee7b06af0/value'
21:12:58.587 [AsyncHttpClient-1-1] DEBUG org.asynchttpclient.netty.channel.DefaultChannelPool - Entry count for : http://localhost:50283 : 1
21:12:58.622 [AsyncHttpClient-1-10] DEBUG org.asynchttpclient.netty.handler.HttpHandler - 

Request DefaultHttpRequest(decodeResult: success, version: HTTP/1.1)
POST /session/4aa455d1455362a3bccacff9fd68fda6/element/7bf32aa8-93d9-4989-8963-a55ee7b06af0/value HTTP/1.1
User-Agent: selenium/4.1.2 (java windows)
Content-Length: 82
Content-Type: application/json; charset=utf-8
host: localhost:50654
accept: */*

Response DefaultHttpResponse(decodeResult: success, version: HTTP/1.1)
HTTP/1.1 200 OK
Content-Type: application/json; charset=utf-8
cache-control: no-cache
content-length: 14

21:12:58.622 [AsyncHttpClient-1-10] DEBUG org.asynchttpclient.netty.channel.ChannelManager - Adding key: http://localhost:50654 for channel [id: 0xeb56bd78, L:/127.0.0.1:50282 - R:localhost/127.0.0.1:50654]
  &amp#27;[32mAnd &amp#27;[0m&amp#27;[32mI input &amp#27;[0m&amp#27;[32m&amp#27;[1m""&amp#27;[0m&amp#27;[32m password&amp#27;[0m                       &amp#27;[90m# starter.stepdefinitions.LogInOutSteps.iInputPasswordPassword(java.lang.String)&amp#27;[0m
21:12:58.627 [Forwarding screenshot on session 4aa455d1455362a3bccacff9fd68fda6 to remote] DEBUG org.asynchttpclient.netty.request.NettyRequestSender - Using pooled Channel '[id: 0xeb56bd78, L:/127.0.0.1:50282 - R:localhost/127.0.0.1:50654]' for 'GET' to 'http://localhost:50654/session/4aa455d1455362a3bccacff9fd68fda6/screenshot'
21:12:58.627 [Forwarding screenshot on session 4aa455d1455362a3bccacff9fd68fda6 to remote] DEBUG org.asynchttpclient.netty.request.NettyRequestSender - Using open Channel [id: 0xeb56bd78, L:/127.0.0.1:50282 - R:localhost/127.0.0.1:50654] for GET '/session/4aa455d1455362a3bccacff9fd68fda6/screenshot'
21:12:58.781 [AsyncHttpClient-1-10] DEBUG org.asynchttpclient.netty.handler.HttpHandler - 

Request DefaultFullHttpRequest(decodeResult: success, version: HTTP/1.1, content: EmptyByteBufBE)
GET /session/4aa455d1455362a3bccacff9fd68fda6/screenshot HTTP/1.1
User-Agent: selenium/4.1.2 (java windows)
Cache-Control: no-cache
Content-Type: application/json; charset=utf-8
host: localhost:50654
accept: */*

Response DefaultHttpResponse(decodeResult: success, version: HTTP/1.1)
HTTP/1.1 200 OK
Content-Type: application/json; charset=utf-8
cache-control: no-cache
content-length: 44320

21:12:58.781 [AsyncHttpClient-1-10] DEBUG org.asynchttpclient.netty.channel.ChannelManager - Adding key: http://localhost:50654 for channel [id: 0xeb56bd78, L:/127.0.0.1:50282 - R:localhost/127.0.0.1:50654]
21:12:58.784 [main] DEBUG net.serenitybdd.core.photography.Darkroom - Send negative for processing for target\site\serenity\9581661ad47998865eaec17f5b81d84eb11b0bb55384a851520d0abc6b5bd1ac.png
21:12:58.784 [Darkroom Processing Line] DEBUG net.serenitybdd.core.photography.DarkroomProcessingLine - Processing screenshot image in /var/screenshots/screenshot-2713418011264648067
21:12:58.784 [Darkroom Processing Line] DEBUG net.serenitybdd.core.photography.DarkroomProcessingLine - Saving screenshot to target\site\serenity\9581661ad47998865eaec17f5b81d84eb11b0bb55384a851520d0abc6b5bd1ac.png
21:12:58.793 [Forwarding findElement on session 4aa455d1455362a3bccacff9fd68fda6 to remote] DEBUG org.asynchttpclient.netty.request.NettyRequestSender - Using pooled Channel '[id: 0xeb56bd78, L:/127.0.0.1:50282 - R:localhost/127.0.0.1:50654]' for 'POST' to 'http://localhost:50654/session/4aa455d1455362a3bccacff9fd68fda6/element'
21:12:58.793 [Forwarding findElement on session 4aa455d1455362a3bccacff9fd68fda6 to remote] DEBUG org.asynchttpclient.netty.request.NettyRequestSender - Using open Channel [id: 0xeb56bd78, L:/127.0.0.1:50282 - R:localhost/127.0.0.1:50654] for POST '/session/4aa455d1455362a3bccacff9fd68fda6/element'
21:12:58.802 [AsyncHttpClient-1-10] DEBUG org.asynchttpclient.netty.handler.HttpHandler - 

Request DefaultHttpRequest(decodeResult: success, version: HTTP/1.1)
POST /session/4aa455d1455362a3bccacff9fd68fda6/element HTTP/1.1
User-Agent: selenium/4.1.2 (java windows)
Content-Length: 81
Content-Type: application/json; charset=utf-8
host: localhost:50654
accept: */*

Response DefaultHttpResponse(decodeResult: success, version: HTTP/1.1)
HTTP/1.1 200 OK
Content-Type: application/json; charset=utf-8
cache-control: no-cache
content-length: 88

21:12:58.803 [AsyncHttpClient-1-10] DEBUG org.asynchttpclient.netty.channel.ChannelManager - Adding key: http://localhost:50654 for channel [id: 0xeb56bd78, L:/127.0.0.1:50282 - R:localhost/127.0.0.1:50654]
21:12:58.804 [Forwarding getElementTagName on session 4aa455d1455362a3bccacff9fd68fda6 to remote] DEBUG org.asynchttpclient.netty.request.NettyRequestSender - Using pooled Channel '[id: 0xeb56bd78, L:/127.0.0.1:50282 - R:localhost/127.0.0.1:50654]' for 'GET' to 'http://localhost:50654/session/4aa455d1455362a3bccacff9fd68fda6/element/dc0a69c3-f367-4df9-9d1a-08cc244d17cf/name'
21:12:58.804 [Forwarding getElementTagName on session 4aa455d1455362a3bccacff9fd68fda6 to remote] DEBUG org.asynchttpclient.netty.request.NettyRequestSender - Using open Channel [id: 0xeb56bd78, L:/127.0.0.1:50282 - R:localhost/127.0.0.1:50654] for GET '/session/4aa455d1455362a3bccacff9fd68fda6/element/dc0a69c3-f367-4df9-9d1a-08cc244d17cf/name'
21:12:58.808 [AsyncHttpClient-1-10] DEBUG org.asynchttpclient.netty.handler.HttpHandler - 

Request DefaultFullHttpRequest(decodeResult: success, version: HTTP/1.1, content: EmptyByteBufBE)
GET /session/4aa455d1455362a3bccacff9fd68fda6/element/dc0a69c3-f367-4df9-9d1a-08cc244d17cf/name HTTP/1.1
User-Agent: selenium/4.1.2 (java windows)
Cache-Control: no-cache
Content-Type: application/json; charset=utf-8
host: localhost:50654
accept: */*

Response DefaultHttpResponse(decodeResult: success, version: HTTP/1.1)
HTTP/1.1 200 OK
Content-Type: application/json; charset=utf-8
cache-control: no-cache
content-length: 16

21:12:58.808 [AsyncHttpClient-1-10] DEBUG org.asynchttpclient.netty.channel.ChannelManager - Adding key: http://localhost:50654 for channel [id: 0xeb56bd78, L:/127.0.0.1:50282 - R:localhost/127.0.0.1:50654]
21:12:58.809 [Forwarding getElementTagName on session 4aa455d1455362a3bccacff9fd68fda6 to remote] DEBUG org.asynchttpclient.netty.request.NettyRequestSender - Using pooled Channel '[id: 0xeb56bd78, L:/127.0.0.1:50282 - R:localhost/127.0.0.1:50654]' for 'GET' to 'http://localhost:50654/session/4aa455d1455362a3bccacff9fd68fda6/element/dc0a69c3-f367-4df9-9d1a-08cc244d17cf/name'
21:12:58.810 [Forwarding getElementTagName on session 4aa455d1455362a3bccacff9fd68fda6 to remote] DEBUG org.asynchttpclient.netty.request.NettyRequestSender - Using open Channel [id: 0xeb56bd78, L:/127.0.0.1:50282 - R:localhost/127.0.0.1:50654] for GET '/session/4aa455d1455362a3bccacff9fd68fda6/element/dc0a69c3-f367-4df9-9d1a-08cc244d17cf/name'
21:12:58.812 [AsyncHttpClient-1-10] DEBUG org.asynchttpclient.netty.handler.HttpHandler - 

Request DefaultFullHttpRequest(decodeResult: success, version: HTTP/1.1, content: EmptyByteBufBE)
GET /session/4aa455d1455362a3bccacff9fd68fda6/element/dc0a69c3-f367-4df9-9d1a-08cc244d17cf/name HTTP/1.1
User-Agent: selenium/4.1.2 (java windows)
Cache-Control: no-cache
Content-Type: application/json; charset=utf-8
host: localhost:50654
accept: */*

Response DefaultHttpResponse(decodeResult: success, version: HTTP/1.1)
HTTP/1.1 200 OK
Content-Type: application/json; charset=utf-8
cache-control: no-cache
content-length: 16

21:12:58.812 [AsyncHttpClient-1-10] DEBUG org.asynchttpclient.netty.channel.ChannelManager - Adding key: http://localhost:50654 for channel [id: 0xeb56bd78, L:/127.0.0.1:50282 - R:localhost/127.0.0.1:50654]
21:12:58.813 [Forwarding findElement on session 4aa455d1455362a3bccacff9fd68fda6 to remote] DEBUG org.asynchttpclient.netty.request.NettyRequestSender - Using pooled Channel '[id: 0xeb56bd78, L:/127.0.0.1:50282 - R:localhost/127.0.0.1:50654]' for 'POST' to 'http://localhost:50654/session/4aa455d1455362a3bccacff9fd68fda6/element'
21:12:58.813 [Forwarding findElement on session 4aa455d1455362a3bccacff9fd68fda6 to remote] DEBUG org.asynchttpclient.netty.request.NettyRequestSender - Using open Channel [id: 0xeb56bd78, L:/127.0.0.1:50282 - R:localhost/127.0.0.1:50654] for POST '/session/4aa455d1455362a3bccacff9fd68fda6/element'
21:12:58.819 [AsyncHttpClient-1-10] DEBUG org.asynchttpclient.netty.handler.HttpHandler - 

Request DefaultHttpRequest(decodeResult: success, version: HTTP/1.1)
POST /session/4aa455d1455362a3bccacff9fd68fda6/element HTTP/1.1
User-Agent: selenium/4.1.2 (java windows)
Content-Length: 81
Content-Type: application/json; charset=utf-8
host: localhost:50654
accept: */*

Response DefaultHttpResponse(decodeResult: success, version: HTTP/1.1)
HTTP/1.1 200 OK
Content-Type: application/json; charset=utf-8
cache-control: no-cache
content-length: 88

21:12:58.819 [AsyncHttpClient-1-10] DEBUG org.asynchttpclient.netty.channel.ChannelManager - Adding key: http://localhost:50654 for channel [id: 0xeb56bd78, L:/127.0.0.1:50282 - R:localhost/127.0.0.1:50654]
21:12:58.820 [Forwarding clickElement on session 4aa455d1455362a3bccacff9fd68fda6 to remote] DEBUG org.asynchttpclient.netty.request.NettyRequestSender - Using pooled Channel '[id: 0xeb56bd78, L:/127.0.0.1:50282 - R:localhost/127.0.0.1:50654]' for 'POST' to 'http://localhost:50654/session/4aa455d1455362a3bccacff9fd68fda6/element/dc0a69c3-f367-4df9-9d1a-08cc244d17cf/click'
21:12:58.820 [Forwarding clickElement on session 4aa455d1455362a3bccacff9fd68fda6 to remote] DEBUG org.asynchttpclient.netty.request.NettyRequestSender - Using open Channel [id: 0xeb56bd78, L:/127.0.0.1:50282 - R:localhost/127.0.0.1:50654] for POST '/session/4aa455d1455362a3bccacff9fd68fda6/element/dc0a69c3-f367-4df9-9d1a-08cc244d17cf/click'
21:12:58.859 [AsyncHttpClient-1-10] DEBUG org.asynchttpclient.netty.handler.HttpHandler - 

Request DefaultHttpRequest(decodeResult: success, version: HTTP/1.1)
POST /session/4aa455d1455362a3bccacff9fd68fda6/element/dc0a69c3-f367-4df9-9d1a-08cc244d17cf/click HTTP/1.1
User-Agent: selenium/4.1.2 (java windows)
Content-Length: 50
Content-Type: application/json; charset=utf-8
host: localhost:50654
accept: */*

Response DefaultHttpResponse(decodeResult: success, version: HTTP/1.1)
HTTP/1.1 200 OK
Content-Type: application/json; charset=utf-8
cache-control: no-cache
content-length: 14

21:12:58.859 [AsyncHttpClient-1-10] DEBUG org.asynchttpclient.netty.channel.ChannelManager - Adding key: http://localhost:50654 for channel [id: 0xeb56bd78, L:/127.0.0.1:50282 - R:localhost/127.0.0.1:50654]
  &amp#27;[32mAnd &amp#27;[0m&amp#27;[32mI click login button&amp#27;[0m                      &amp#27;[90m# starter.stepdefinitions.LogInOutSteps.iClickLoginButton()&amp#27;[0m
21:12:58.864 [Forwarding screenshot on session 4aa455d1455362a3bccacff9fd68fda6 to remote] DEBUG org.asynchttpclient.netty.request.NettyRequestSender - Using pooled Channel '[id: 0xeb56bd78, L:/127.0.0.1:50282 - R:localhost/127.0.0.1:50654]' for 'GET' to 'http://localhost:50654/session/4aa455d1455362a3bccacff9fd68fda6/screenshot'
21:12:58.864 [Forwarding screenshot on session 4aa455d1455362a3bccacff9fd68fda6 to remote] DEBUG org.asynchttpclient.netty.request.NettyRequestSender - Using open Channel [id: 0xeb56bd78, L:/127.0.0.1:50282 - R:localhost/127.0.0.1:50654] for GET '/session/4aa455d1455362a3bccacff9fd68fda6/screenshot'
21:12:59.142 [AsyncHttpClient-1-10] DEBUG org.asynchttpclient.netty.handler.HttpHandler - 

Request DefaultFullHttpRequest(decodeResult: success, version: HTTP/1.1, content: EmptyByteBufBE)
GET /session/4aa455d1455362a3bccacff9fd68fda6/screenshot HTTP/1.1
User-Agent: selenium/4.1.2 (java windows)
Cache-Control: no-cache
Content-Type: application/json; charset=utf-8
host: localhost:50654
accept: */*

Response DefaultHttpResponse(decodeResult: success, version: HTTP/1.1)
HTTP/1.1 200 OK
Content-Type: application/json; charset=utf-8
cache-control: no-cache
content-length: 45288

21:12:59.143 [AsyncHttpClient-1-10] DEBUG org.asynchttpclient.netty.channel.ChannelManager - Adding key: http://localhost:50654 for channel [id: 0xeb56bd78, L:/127.0.0.1:50282 - R:localhost/127.0.0.1:50654]
21:12:59.144 [main] DEBUG net.serenitybdd.core.photography.Darkroom - Send negative for processing for target\site\serenity\7b7c171d987d0303e63788166d5838403f63d35dbac813cb811b9569bfec97c3.png
21:12:59.145 [Darkroom Processing Line] DEBUG net.serenitybdd.core.photography.DarkroomProcessingLine - Processing screenshot image in /var/screenshots/screenshot-11114478087990618702
21:12:59.145 [Darkroom Processing Line] DEBUG net.serenitybdd.core.photography.DarkroomProcessingLine - Saving screenshot to target\site\serenity\7b7c171d987d0303e63788166d5838403f63d35dbac813cb811b9569bfec97c3.png
21:12:59.151 [Forwarding findElement on session 4aa455d1455362a3bccacff9fd68fda6 to remote] DEBUG org.asynchttpclient.netty.request.NettyRequestSender - Using pooled Channel '[id: 0xeb56bd78, L:/127.0.0.1:50282 - R:localhost/127.0.0.1:50654]' for 'POST' to 'http://localhost:50654/session/4aa455d1455362a3bccacff9fd68fda6/element'
21:12:59.151 [Forwarding findElement on session 4aa455d1455362a3bccacff9fd68fda6 to remote] DEBUG org.asynchttpclient.netty.request.NettyRequestSender - Using open Channel [id: 0xeb56bd78, L:/127.0.0.1:50282 - R:localhost/127.0.0.1:50654] for POST '/session/4aa455d1455362a3bccacff9fd68fda6/element'
21:12:59.686 [AsyncHttpClient-1-1] DEBUG org.asynchttpclient.netty.channel.DefaultChannelPool - Entry count for : http://localhost:50283 : 1
21:13:00.535 [AsyncHttpClient-1-10] DEBUG org.asynchttpclient.netty.handler.HttpHandler - 

Request DefaultHttpRequest(decodeResult: success, version: HTTP/1.1)
POST /session/4aa455d1455362a3bccacff9fd68fda6/element HTTP/1.1
User-Agent: selenium/4.1.2 (java windows)
Content-Length: 59
Content-Type: application/json; charset=utf-8
host: localhost:50654
accept: */*

Response DefaultHttpResponse(decodeResult: success, version: HTTP/1.1)
HTTP/1.1 200 OK
Content-Type: application/json; charset=utf-8
cache-control: no-cache
content-length: 88

21:13:00.536 [AsyncHttpClient-1-10] DEBUG org.asynchttpclient.netty.channel.ChannelManager - Adding key: http://localhost:50654 for channel [id: 0xeb56bd78, L:/127.0.0.1:50282 - R:localhost/127.0.0.1:50654]
21:13:00.540 [Forwarding isElementDisplayed on session 4aa455d1455362a3bccacff9fd68fda6 to remote] DEBUG org.asynchttpclient.netty.request.NettyRequestSender - Using pooled Channel '[id: 0xeb56bd78, L:/127.0.0.1:50282 - R:localhost/127.0.0.1:50654]' for 'POST' to 'http://localhost:50654/session/4aa455d1455362a3bccacff9fd68fda6/execute/sync'
21:13:00.540 [Forwarding isElementDisplayed on session 4aa455d1455362a3bccacff9fd68fda6 to remote] DEBUG org.asynchttpclient.netty.request.NettyRequestSender - Using open Channel [id: 0xeb56bd78, L:/127.0.0.1:50282 - R:localhost/127.0.0.1:50654] for POST '/session/4aa455d1455362a3bccacff9fd68fda6/execute/sync'
21:13:00.553 [AsyncHttpClient-1-10] DEBUG org.asynchttpclient.netty.handler.HttpHandler - 

Request DefaultHttpRequest(decodeResult: success, version: HTTP/1.1)
POST /session/4aa455d1455362a3bccacff9fd68fda6/execute/sync HTTP/1.1
User-Agent: selenium/4.1.2 (java windows)
Content-Length: 48780
Content-Type: application/json; charset=utf-8
host: localhost:50654
accept: */*

Response DefaultHttpResponse(decodeResult: success, version: HTTP/1.1)
HTTP/1.1 200 OK
Content-Type: application/json; charset=utf-8
cache-control: no-cache
content-length: 14

21:13:00.553 [AsyncHttpClient-1-10] DEBUG org.asynchttpclient.netty.channel.ChannelManager - Adding key: http://localhost:50654 for channel [id: 0xeb56bd78, L:/127.0.0.1:50282 - R:localhost/127.0.0.1:50654]
21:13:00.556 [Forwarding findElement on session 4aa455d1455362a3bccacff9fd68fda6 to remote] DEBUG org.asynchttpclient.netty.request.NettyRequestSender - Using pooled Channel '[id: 0xeb56bd78, L:/127.0.0.1:50282 - R:localhost/127.0.0.1:50654]' for 'POST' to 'http://localhost:50654/session/4aa455d1455362a3bccacff9fd68fda6/element'
21:13:00.556 [Forwarding findElement on session 4aa455d1455362a3bccacff9fd68fda6 to remote] DEBUG org.asynchttpclient.netty.request.NettyRequestSender - Using open Channel [id: 0xeb56bd78, L:/127.0.0.1:50282 - R:localhost/127.0.0.1:50654] for POST '/session/4aa455d1455362a3bccacff9fd68fda6/element'
21:13:00.563 [AsyncHttpClient-1-10] DEBUG org.asynchttpclient.netty.handler.HttpHandler - 

Request DefaultHttpRequest(decodeResult: success, version: HTTP/1.1)
POST /session/4aa455d1455362a3bccacff9fd68fda6/element HTTP/1.1
User-Agent: selenium/4.1.2 (java windows)
Content-Length: 59
Content-Type: application/json; charset=utf-8
host: localhost:50654
accept: */*

Response DefaultHttpResponse(decodeResult: success, version: HTTP/1.1)
HTTP/1.1 200 OK
Content-Type: application/json; charset=utf-8
cache-control: no-cache
content-length: 88

21:13:00.563 [AsyncHttpClient-1-10] DEBUG org.asynchttpclient.netty.channel.ChannelManager - Adding key: http://localhost:50654 for channel [id: 0xeb56bd78, L:/127.0.0.1:50282 - R:localhost/127.0.0.1:50654]
21:13:00.568 [Forwarding isElementDisplayed on session 4aa455d1455362a3bccacff9fd68fda6 to remote] DEBUG org.asynchttpclient.netty.request.NettyRequestSender - Using pooled Channel '[id: 0xeb56bd78, L:/127.0.0.1:50282 - R:localhost/127.0.0.1:50654]' for 'POST' to 'http://localhost:50654/session/4aa455d1455362a3bccacff9fd68fda6/execute/sync'
21:13:00.568 [Forwarding isElementDisplayed on session 4aa455d1455362a3bccacff9fd68fda6 to remote] DEBUG org.asynchttpclient.netty.request.NettyRequestSender - Using open Channel [id: 0xeb56bd78, L:/127.0.0.1:50282 - R:localhost/127.0.0.1:50654] for POST '/session/4aa455d1455362a3bccacff9fd68fda6/execute/sync'
21:13:00.582 [AsyncHttpClient-1-10] DEBUG org.asynchttpclient.netty.handler.HttpHandler - 

Request DefaultHttpRequest(decodeResult: success, version: HTTP/1.1)
POST /session/4aa455d1455362a3bccacff9fd68fda6/execute/sync HTTP/1.1
User-Agent: selenium/4.1.2 (java windows)
Content-Length: 48780
Content-Type: application/json; charset=utf-8
host: localhost:50654
accept: */*

Response DefaultHttpResponse(decodeResult: success, version: HTTP/1.1)
HTTP/1.1 200 OK
Content-Type: application/json; charset=utf-8
cache-control: no-cache
content-length: 14

21:13:00.583 [AsyncHttpClient-1-10] DEBUG org.asynchttpclient.netty.channel.ChannelManager - Adding key: http://localhost:50654 for channel [id: 0xeb56bd78, L:/127.0.0.1:50282 - R:localhost/127.0.0.1:50654]
21:13:00.586 [Forwarding findElement on session 4aa455d1455362a3bccacff9fd68fda6 to remote] DEBUG org.asynchttpclient.netty.request.NettyRequestSender - Using pooled Channel '[id: 0xeb56bd78, L:/127.0.0.1:50282 - R:localhost/127.0.0.1:50654]' for 'POST' to 'http://localhost:50654/session/4aa455d1455362a3bccacff9fd68fda6/element'
21:13:00.586 [Forwarding findElement on session 4aa455d1455362a3bccacff9fd68fda6 to remote] DEBUG org.asynchttpclient.netty.request.NettyRequestSender - Using open Channel [id: 0xeb56bd78, L:/127.0.0.1:50282 - R:localhost/127.0.0.1:50654] for POST '/session/4aa455d1455362a3bccacff9fd68fda6/element'
21:13:00.594 [AsyncHttpClient-1-10] DEBUG org.asynchttpclient.netty.handler.HttpHandler - 

Request DefaultHttpRequest(decodeResult: success, version: HTTP/1.1)
POST /session/4aa455d1455362a3bccacff9fd68fda6/element HTTP/1.1
User-Agent: selenium/4.1.2 (java windows)
Content-Length: 81
Content-Type: application/json; charset=utf-8
host: localhost:50654
accept: */*

Response DefaultHttpResponse(decodeResult: success, version: HTTP/1.1)
HTTP/1.1 200 OK
Content-Type: application/json; charset=utf-8
cache-control: no-cache
content-length: 88

21:13:00.594 [AsyncHttpClient-1-10] DEBUG org.asynchttpclient.netty.channel.ChannelManager - Adding key: http://localhost:50654 for channel [id: 0xeb56bd78, L:/127.0.0.1:50282 - R:localhost/127.0.0.1:50654]
21:13:00.595 [Forwarding getElementTagName on session 4aa455d1455362a3bccacff9fd68fda6 to remote] DEBUG org.asynchttpclient.netty.request.NettyRequestSender - Using pooled Channel '[id: 0xeb56bd78, L:/127.0.0.1:50282 - R:localhost/127.0.0.1:50654]' for 'GET' to 'http://localhost:50654/session/4aa455d1455362a3bccacff9fd68fda6/element/dc0a69c3-f367-4df9-9d1a-08cc244d17cf/name'
21:13:00.595 [Forwarding getElementTagName on session 4aa455d1455362a3bccacff9fd68fda6 to remote] DEBUG org.asynchttpclient.netty.request.NettyRequestSender - Using open Channel [id: 0xeb56bd78, L:/127.0.0.1:50282 - R:localhost/127.0.0.1:50654] for GET '/session/4aa455d1455362a3bccacff9fd68fda6/element/dc0a69c3-f367-4df9-9d1a-08cc244d17cf/name'
21:13:00.598 [AsyncHttpClient-1-10] DEBUG org.asynchttpclient.netty.handler.HttpHandler - 

Request DefaultFullHttpRequest(decodeResult: success, version: HTTP/1.1, content: EmptyByteBufBE)
GET /session/4aa455d1455362a3bccacff9fd68fda6/element/dc0a69c3-f367-4df9-9d1a-08cc244d17cf/name HTTP/1.1
User-Agent: selenium/4.1.2 (java windows)
Cache-Control: no-cache
Content-Type: application/json; charset=utf-8
host: localhost:50654
accept: */*

Response DefaultHttpResponse(decodeResult: success, version: HTTP/1.1)
HTTP/1.1 200 OK
Content-Type: application/json; charset=utf-8
cache-control: no-cache
content-length: 16

21:13:00.599 [AsyncHttpClient-1-10] DEBUG org.asynchttpclient.netty.channel.ChannelManager - Adding key: http://localhost:50654 for channel [id: 0xeb56bd78, L:/127.0.0.1:50282 - R:localhost/127.0.0.1:50654]
21:13:00.600 [Forwarding getElementTagName on session 4aa455d1455362a3bccacff9fd68fda6 to remote] DEBUG org.asynchttpclient.netty.request.NettyRequestSender - Using pooled Channel '[id: 0xeb56bd78, L:/127.0.0.1:50282 - R:localhost/127.0.0.1:50654]' for 'GET' to 'http://localhost:50654/session/4aa455d1455362a3bccacff9fd68fda6/element/dc0a69c3-f367-4df9-9d1a-08cc244d17cf/name'
21:13:00.600 [Forwarding getElementTagName on session 4aa455d1455362a3bccacff9fd68fda6 to remote] DEBUG org.asynchttpclient.netty.request.NettyRequestSender - Using open Channel [id: 0xeb56bd78, L:/127.0.0.1:50282 - R:localhost/127.0.0.1:50654] for GET '/session/4aa455d1455362a3bccacff9fd68fda6/element/dc0a69c3-f367-4df9-9d1a-08cc244d17cf/name'
21:13:00.602 [AsyncHttpClient-1-10] DEBUG org.asynchttpclient.netty.handler.HttpHandler - 

Request DefaultFullHttpRequest(decodeResult: success, version: HTTP/1.1, content: EmptyByteBufBE)
GET /session/4aa455d1455362a3bccacff9fd68fda6/element/dc0a69c3-f367-4df9-9d1a-08cc244d17cf/name HTTP/1.1
User-Agent: selenium/4.1.2 (java windows)
Cache-Control: no-cache
Content-Type: application/json; charset=utf-8
host: localhost:50654
accept: */*

Response DefaultHttpResponse(decodeResult: success, version: HTTP/1.1)
HTTP/1.1 200 OK
Content-Type: application/json; charset=utf-8
cache-control: no-cache
content-length: 16

21:13:00.602 [AsyncHttpClient-1-10] DEBUG org.asynchttpclient.netty.channel.ChannelManager - Adding key: http://localhost:50654 for channel [id: 0xeb56bd78, L:/127.0.0.1:50282 - R:localhost/127.0.0.1:50654]
21:13:00.604 [Forwarding findElement on session 4aa455d1455362a3bccacff9fd68fda6 to remote] DEBUG org.asynchttpclient.netty.request.NettyRequestSender - Using pooled Channel '[id: 0xeb56bd78, L:/127.0.0.1:50282 - R:localhost/127.0.0.1:50654]' for 'POST' to 'http://localhost:50654/session/4aa455d1455362a3bccacff9fd68fda6/element'
21:13:00.604 [Forwarding findElement on session 4aa455d1455362a3bccacff9fd68fda6 to remote] DEBUG org.asynchttpclient.netty.request.NettyRequestSender - Using open Channel [id: 0xeb56bd78, L:/127.0.0.1:50282 - R:localhost/127.0.0.1:50654] for POST '/session/4aa455d1455362a3bccacff9fd68fda6/element'
21:13:00.611 [AsyncHttpClient-1-10] DEBUG org.asynchttpclient.netty.handler.HttpHandler - 

Request DefaultHttpRequest(decodeResult: success, version: HTTP/1.1)
POST /session/4aa455d1455362a3bccacff9fd68fda6/element HTTP/1.1
User-Agent: selenium/4.1.2 (java windows)
Content-Length: 81
Content-Type: application/json; charset=utf-8
host: localhost:50654
accept: */*

Response DefaultHttpResponse(decodeResult: success, version: HTTP/1.1)
HTTP/1.1 200 OK
Content-Type: application/json; charset=utf-8
cache-control: no-cache
content-length: 88

21:13:00.612 [AsyncHttpClient-1-10] DEBUG org.asynchttpclient.netty.channel.ChannelManager - Adding key: http://localhost:50654 for channel [id: 0xeb56bd78, L:/127.0.0.1:50282 - R:localhost/127.0.0.1:50654]
21:13:00.613 [Forwarding clickElement on session 4aa455d1455362a3bccacff9fd68fda6 to remote] DEBUG org.asynchttpclient.netty.request.NettyRequestSender - Using pooled Channel '[id: 0xeb56bd78, L:/127.0.0.1:50282 - R:localhost/127.0.0.1:50654]' for 'POST' to 'http://localhost:50654/session/4aa455d1455362a3bccacff9fd68fda6/element/dc0a69c3-f367-4df9-9d1a-08cc244d17cf/click'
21:13:00.613 [Forwarding clickElement on session 4aa455d1455362a3bccacff9fd68fda6 to remote] DEBUG org.asynchttpclient.netty.request.NettyRequestSender - Using open Channel [id: 0xeb56bd78, L:/127.0.0.1:50282 - R:localhost/127.0.0.1:50654] for POST '/session/4aa455d1455362a3bccacff9fd68fda6/element/dc0a69c3-f367-4df9-9d1a-08cc244d17cf/click'
21:13:00.647 [AsyncHttpClient-1-10] DEBUG org.asynchttpclient.netty.handler.HttpHandler - 

Request DefaultHttpRequest(decodeResult: success, version: HTTP/1.1)
POST /session/4aa455d1455362a3bccacff9fd68fda6/element/dc0a69c3-f367-4df9-9d1a-08cc244d17cf/click HTTP/1.1
User-Agent: selenium/4.1.2 (java windows)
Content-Length: 50
Content-Type: application/json; charset=utf-8
host: localhost:50654
accept: */*

Response DefaultHttpResponse(decodeResult: success, version: HTTP/1.1)
HTTP/1.1 200 OK
Content-Type: application/json; charset=utf-8
cache-control: no-cache
content-length: 14

21:13:00.647 [AsyncHttpClient-1-10] DEBUG org.asynchttpclient.netty.channel.ChannelManager - Adding key: http://localhost:50654 for channel [id: 0xeb56bd78, L:/127.0.0.1:50282 - R:localhost/127.0.0.1:50654]
  &amp#27;[32mAnd &amp#27;[0m&amp#27;[32mI click login button again&amp#27;[0m                &amp#27;[90m# starter.stepdefinitions.LogInOutSteps.iClickLoginButtonAgain()&amp#27;[0m
21:13:00.652 [Forwarding screenshot on session 4aa455d1455362a3bccacff9fd68fda6 to remote] DEBUG org.asynchttpclient.netty.request.NettyRequestSender - Using pooled Channel '[id: 0xeb56bd78, L:/127.0.0.1:50282 - R:localhost/127.0.0.1:50654]' for 'GET' to 'http://localhost:50654/session/4aa455d1455362a3bccacff9fd68fda6/screenshot'
21:13:00.652 [Forwarding screenshot on session 4aa455d1455362a3bccacff9fd68fda6 to remote] DEBUG org.asynchttpclient.netty.request.NettyRequestSender - Using open Channel [id: 0xeb56bd78, L:/127.0.0.1:50282 - R:localhost/127.0.0.1:50654] for GET '/session/4aa455d1455362a3bccacff9fd68fda6/screenshot'
21:13:00.788 [AsyncHttpClient-1-1] DEBUG org.asynchttpclient.netty.channel.DefaultChannelPool - Entry count for : http://localhost:50283 : 1
21:13:00.853 [AsyncHttpClient-1-10] DEBUG org.asynchttpclient.netty.handler.HttpHandler - 

Request DefaultFullHttpRequest(decodeResult: success, version: HTTP/1.1, content: EmptyByteBufBE)
GET /session/4aa455d1455362a3bccacff9fd68fda6/screenshot HTTP/1.1
User-Agent: selenium/4.1.2 (java windows)
Cache-Control: no-cache
Content-Type: application/json; charset=utf-8
host: localhost:50654
accept: */*

Response DefaultHttpResponse(decodeResult: success, version: HTTP/1.1)
HTTP/1.1 200 OK
Content-Type: application/json; charset=utf-8
cache-control: no-cache
content-length: 43732

21:13:00.853 [AsyncHttpClient-1-10] DEBUG org.asynchttpclient.netty.channel.ChannelManager - Adding key: http://localhost:50654 for channel [id: 0xeb56bd78, L:/127.0.0.1:50282 - R:localhost/127.0.0.1:50654]
21:13:00.857 [main] DEBUG net.serenitybdd.core.photography.Darkroom - Send negative for processing for target\site\serenity\964f50cca9d1f3b1cd2de1068b2bc47822babe04d04d67c989d7c00c8686eacc.png
21:13:00.857 [Darkroom Processing Line] DEBUG net.serenitybdd.core.photography.DarkroomProcessingLine - Processing screenshot image in /var/screenshots/screenshot-5203629150311769308
21:13:00.858 [Darkroom Processing Line] DEBUG net.serenitybdd.core.photography.DarkroomProcessingLine - Saving screenshot to target\site\serenity\964f50cca9d1f3b1cd2de1068b2bc47822babe04d04d67c989d7c00c8686eacc.png
21:13:00.865 [Forwarding findElement on session 4aa455d1455362a3bccacff9fd68fda6 to remote] DEBUG org.asynchttpclient.netty.request.NettyRequestSender - Using pooled Channel '[id: 0xeb56bd78, L:/127.0.0.1:50282 - R:localhost/127.0.0.1:50654]' for 'POST' to 'http://localhost:50654/session/4aa455d1455362a3bccacff9fd68fda6/element'
21:13:00.865 [Forwarding findElement on session 4aa455d1455362a3bccacff9fd68fda6 to remote] DEBUG org.asynchttpclient.netty.request.NettyRequestSender - Using open Channel [id: 0xeb56bd78, L:/127.0.0.1:50282 - R:localhost/127.0.0.1:50654] for POST '/session/4aa455d1455362a3bccacff9fd68fda6/element'
21:13:00.939 [AsyncHttpClient-1-10] DEBUG org.asynchttpclient.netty.handler.HttpHandler - 

Request DefaultHttpRequest(decodeResult: success, version: HTTP/1.1)
POST /session/4aa455d1455362a3bccacff9fd68fda6/element HTTP/1.1
User-Agent: selenium/4.1.2 (java windows)
Content-Length: 85
Content-Type: application/json; charset=utf-8
host: localhost:50654
accept: */*

Response DefaultHttpResponse(decodeResult: success, version: HTTP/1.1)
HTTP/1.1 200 OK
Content-Type: application/json; charset=utf-8
cache-control: no-cache
content-length: 88

21:13:00.940 [AsyncHttpClient-1-10] DEBUG org.asynchttpclient.netty.channel.ChannelManager - Adding key: http://localhost:50654 for channel [id: 0xeb56bd78, L:/127.0.0.1:50282 - R:localhost/127.0.0.1:50654]
21:13:00.942 [Forwarding isElementDisplayed on session 4aa455d1455362a3bccacff9fd68fda6 to remote] DEBUG org.asynchttpclient.netty.request.NettyRequestSender - Using pooled Channel '[id: 0xeb56bd78, L:/127.0.0.1:50282 - R:localhost/127.0.0.1:50654]' for 'POST' to 'http://localhost:50654/session/4aa455d1455362a3bccacff9fd68fda6/execute/sync'
21:13:00.942 [Forwarding isElementDisplayed on session 4aa455d1455362a3bccacff9fd68fda6 to remote] DEBUG org.asynchttpclient.netty.request.NettyRequestSender - Using open Channel [id: 0xeb56bd78, L:/127.0.0.1:50282 - R:localhost/127.0.0.1:50654] for POST '/session/4aa455d1455362a3bccacff9fd68fda6/execute/sync'
21:13:00.952 [AsyncHttpClient-1-10] DEBUG org.asynchttpclient.netty.handler.HttpHandler - 

Request DefaultHttpRequest(decodeResult: success, version: HTTP/1.1)
POST /session/4aa455d1455362a3bccacff9fd68fda6/execute/sync HTTP/1.1
User-Agent: selenium/4.1.2 (java windows)
Content-Length: 48780
Content-Type: application/json; charset=utf-8
host: localhost:50654
accept: */*

Response DefaultHttpResponse(decodeResult: success, version: HTTP/1.1)
HTTP/1.1 200 OK
Content-Type: application/json; charset=utf-8
cache-control: no-cache
content-length: 14

21:13:00.952 [AsyncHttpClient-1-10] DEBUG org.asynchttpclient.netty.channel.ChannelManager - Adding key: http://localhost:50654 for channel [id: 0xeb56bd78, L:/127.0.0.1:50282 - R:localhost/127.0.0.1:50654]
  &amp#27;[32mThen &amp#27;[0m&amp#27;[32mI get &amp#27;[0m&amp#27;[32m&amp#27;[1m"password error"&amp#27;[0m&amp#27;[32m as result&amp#27;[0m         &amp#27;[90m# starter.stepdefinitions.LogInOutSteps.iGetResult(java.lang.String)&amp#27;[0m
21:13:00.958 [Forwarding screenshot on session 4aa455d1455362a3bccacff9fd68fda6 to remote] DEBUG org.asynchttpclient.netty.request.NettyRequestSender - Using pooled Channel '[id: 0xeb56bd78, L:/127.0.0.1:50282 - R:localhost/127.0.0.1:50654]' for 'GET' to 'http://localhost:50654/session/4aa455d1455362a3bccacff9fd68fda6/screenshot'
21:13:00.958 [Forwarding screenshot on session 4aa455d1455362a3bccacff9fd68fda6 to remote] DEBUG org.asynchttpclient.netty.request.NettyRequestSender - Using open Channel [id: 0xeb56bd78, L:/127.0.0.1:50282 - R:localhost/127.0.0.1:50654] for GET '/session/4aa455d1455362a3bccacff9fd68fda6/screenshot'
21:13:01.174 [AsyncHttpClient-1-10] DEBUG org.asynchttpclient.netty.handler.HttpHandler - 

Request DefaultFullHttpRequest(decodeResult: success, version: HTTP/1.1, content: EmptyByteBufBE)
GET /session/4aa455d1455362a3bccacff9fd68fda6/screenshot HTTP/1.1
User-Agent: selenium/4.1.2 (java windows)
Cache-Control: no-cache
Content-Type: application/json; charset=utf-8
host: localhost:50654
accept: */*

Response DefaultHttpResponse(decodeResult: success, version: HTTP/1.1)
HTTP/1.1 200 OK
Content-Type: application/json; charset=utf-8
cache-control: no-cache
content-length: 52944

21:13:01.174 [AsyncHttpClient-1-10] DEBUG org.asynchttpclient.netty.channel.ChannelManager - Adding key: http://localhost:50654 for channel [id: 0xeb56bd78, L:/127.0.0.1:50282 - R:localhost/127.0.0.1:50654]
21:13:01.175 [main] DEBUG net.serenitybdd.core.photography.Darkroom - Send negative for processing for target\site\serenity\7158b828be22f4f194c982f723b99342d19608780f0ad022c41ee073b61f90cc.png
21:13:01.176 [Darkroom Processing Line] DEBUG net.serenitybdd.core.photography.DarkroomProcessingLine - Processing screenshot image in /var/screenshots/screenshot-14832921387608414814
21:13:01.176 [Darkroom Processing Line] DEBUG net.serenitybdd.core.photography.DarkroomProcessingLine - Saving screenshot to target\site\serenity\7158b828be22f4f194c982f723b99342d19608780f0ad022c41ee073b61f90cc.png
21:13:01.181 [AsyncHttpClient-1-12] DEBUG org.asynchttpclient.netty.handler.WebSocketHandler - Channel Closed: [id: 0x86edc6a2, L:/127.0.0.1:50292 ! R:localhost/127.0.0.1:50283] with attribute NettyResponseFuture{currentRetry=5,
	isDone=1,
	isCancelled=0,
	asyncHandler=org.asynchttpclient.ws.WebSocketUpgradeHandler@145bbc8e,
	nettyRequest=org.asynchttpclient.netty.request.NettyRequest@160cba6c,
	future=java.util.concurrent.CompletableFuture@6c5cc347[Completed normally],
	uri=ws://localhost:50283/devtools/browser/1628a334-0ff6-4707-a714-8d3f61b0f752,
	keepAlive=true,
	redirectCount=0,
	timeoutsHolder=null,
	inAuth=0,
	touch=1667484773583}
21:13:01.181 [AsyncHttpClient-1-12] DEBUG org.asynchttpclient.netty.channel.ChannelManager - Closing Channel [id: 0x86edc6a2, L:/127.0.0.1:50292 ! R:localhost/127.0.0.1:50283] 
21:13:01.181 [Driver Command Executor] DEBUG org.asynchttpclient.netty.request.NettyRequestSender - Using pooled Channel '[id: 0xeb56bd78, L:/127.0.0.1:50282 - R:localhost/127.0.0.1:50654]' for 'DELETE' to 'http://localhost:50654/session/4aa455d1455362a3bccacff9fd68fda6'
21:13:01.181 [Driver Command Executor] DEBUG org.asynchttpclient.netty.request.NettyRequestSender - Using open Channel [id: 0xeb56bd78, L:/127.0.0.1:50282 - R:localhost/127.0.0.1:50654] for DELETE '/session/4aa455d1455362a3bccacff9fd68fda6'
21:13:01.236 [AsyncHttpClient-1-11] DEBUG org.asynchttpclient.netty.handler.HttpHandler - Unexpected I/O exception on channel [id: 0x974083f1, L:/127.0.0.1:50291 - R:localhost/127.0.0.1:50283]
java.net.SocketException: Connection reset
	at java.base/sun.nio.ch.SocketChannelImpl.throwConnectionReset(SocketChannelImpl.java:345)
	at java.base/sun.nio.ch.SocketChannelImpl.read(SocketChannelImpl.java:376)
	at io.netty.buffer.PooledByteBuf.setBytes(PooledByteBuf.java:258)
	at io.netty.buffer.AbstractByteBuf.writeBytes(AbstractByteBuf.java:1132)
	at io.netty.channel.socket.nio.NioSocketChannel.doReadBytes(NioSocketChannel.java:350)
	at io.netty.channel.nio.AbstractNioByteChannel$NioByteUnsafe.read(AbstractNioByteChannel.java:151)
	at io.netty.channel.nio.NioEventLoop.processSelectedKey(NioEventLoop.java:722)
	at io.netty.channel.nio.NioEventLoop.processSelectedKeysOptimized(NioEventLoop.java:658)
	at io.netty.channel.nio.NioEventLoop.processSelectedKeys(NioEventLoop.java:584)
	at io.netty.channel.nio.NioEventLoop.run(NioEventLoop.java:496)
	at io.netty.util.concurrent.SingleThreadEventExecutor$4.run(SingleThreadEventExecutor.java:986)
	at io.netty.util.internal.ThreadExecutorMap$2.run(ThreadExecutorMap.java:74)
	at io.netty.util.concurrent.FastThreadLocalRunnable.run(FastThreadLocalRunnable.java:30)
	at java.base/java.lang.Thread.run(Thread.java:830)
21:13:01.237 [AsyncHttpClient-1-11] DEBUG org.asynchttpclient.netty.channel.ChannelManager - Closing Channel [id: 0x974083f1, L:/127.0.0.1:50291 - R:localhost/127.0.0.1:50283] 
21:13:01.237 [AsyncHttpClient-1-11] DEBUG org.asynchttpclient.netty.handler.HttpHandler - Channel Closed: [id: 0x974083f1, L:/127.0.0.1:50291 ! R:localhost/127.0.0.1:50283] with attribute DISCARD
21:13:01.271 [AsyncHttpClient-1-10] DEBUG org.asynchttpclient.netty.handler.HttpHandler - 

Request DefaultFullHttpRequest(decodeResult: success, version: HTTP/1.1, content: EmptyByteBufBE)
DELETE /session/4aa455d1455362a3bccacff9fd68fda6 HTTP/1.1
User-Agent: selenium/4.1.2 (java windows)
Content-Type: application/json; charset=utf-8
host: localhost:50654
accept: */*

Response DefaultHttpResponse(decodeResult: success, version: HTTP/1.1)
HTTP/1.1 200 OK
Content-Type: application/json; charset=utf-8
cache-control: no-cache
content-length: 14

21:13:01.271 [AsyncHttpClient-1-10] DEBUG org.asynchttpclient.netty.channel.ChannelManager - Adding key: http://localhost:50654 for channel [id: 0xeb56bd78, L:/127.0.0.1:50282 - R:localhost/127.0.0.1:50654]
21:13:01.325 [AsyncHttpClient-1-10] DEBUG org.asynchttpclient.netty.handler.HttpHandler - Channel Closed: [id: 0xeb56bd78, L:/127.0.0.1:50282 ! R:localhost/127.0.0.1:50654] with attribute DISCARD
21:13:01.852 [main] INFO  - 
  _____   ___   ___   _____     ___     _     ___   ___   ___   ___  
 |_   _| | __| / __| |_   _|   | _ \   /_\   / __| / __| | __| |   \ 
   | |   | _|  \__ \   | |     |  _/  / _ \  \__ \ \__ \ | _|  | |) |
   |_|   |___| |___/   |_|     |_|   /_/ \_\ |___/ |___/ |___| |___/ 

Login with email and password
----------------------------------------------------------------------
]]></system-out>
    <system-err><![CDATA[Starting ChromeDriver 106.0.5249.61 (511755355844955cd3e264779baf0dd38212a4d0-refs/branch-heads/5249@{#569}) on port 50654
Only local connections are allowed.
Please see https://chromedriver.chromium.org/security-considerations for suggestions on keeping ChromeDriver safe.
ChromeDriver was started successfully.
[1667484772.913][WARNING]: This version of ChromeDriver has not been tested with Chrome version 107.
Nov 03, 2022 9:12:53 PM org.openqa.selenium.remote.ProtocolHandshake createSession
INFO: Detected dialect: W3C
Nov 03, 2022 9:12:53 PM org.openqa.selenium.devtools.CdpVersionFinder findNearestMatch
WARNING: Unable to find an exact match for CDP version 107, so returning the closest version found: a no-op implementation
Nov 03, 2022 9:12:53 PM org.openqa.selenium.devtools.CdpVersionFinder findNearestMatch
INFO: Unable to find CDP implementation matching 107.
Nov 03, 2022 9:12:53 PM org.openqa.selenium.chromium.ChromiumDriver lambda$new$3
WARNING: Unable to find version of CDP to use for . You may need to include a dependency on a specific version of the CDP using something similar to `org.seleniumhq.selenium:selenium-devtools-v86:4.1.2` where the version ("v86") matches the version of the chromium-based browser you're using and the version number of the artifact is the same as Selenium's.
]]></system-err>
  </testcase>
  <testcase name="Login with email and password #3" classname="Login" time="15.362">
    <system-out><![CDATA[
Scenario Outline: Login with email and password &amp#27;[90m# src/test/resources/features/Login.feature:29&amp#27;[0m
21:13:01.861 [main] INFO io.cucumber.core.plugin.SerenityReporter - Running feature from file:///C:/Users/ASUS/Desktop/stupen/miniproject/Web/ASWeb/src/test/resources/features/Login.feature
21:13:01.871 [main] INFO net.serenitybdd.core.webdriver.driverproviders.ChromeDriverProvider - Using automatically driver download
21:13:01.887 [AsyncHttpClient-1-1] DEBUG org.asynchttpclient.netty.channel.DefaultChannelPool - Entry count for : http://localhost:50283 : 1
21:13:01.887 [AsyncHttpClient-1-1] DEBUG org.asynchttpclient.netty.channel.DefaultChannelPool - Entry count for : http://localhost:50654 : 1
21:13:01.887 [AsyncHttpClient-1-1] DEBUG org.asynchttpclient.netty.channel.DefaultChannelPool - Adding Candidate expired Channel [id: 0x974083f1, L:/127.0.0.1:50291 ! R:localhost/127.0.0.1:50283] isIdleTimeoutExpired=false isRemotelyClosed=true isTtlExpired=false
21:13:01.887 [AsyncHttpClient-1-1] DEBUG org.asynchttpclient.netty.channel.DefaultChannelPool - Closing Idle Channel [id: 0x974083f1, L:/127.0.0.1:50291 ! R:localhost/127.0.0.1:50283]
21:13:01.887 [AsyncHttpClient-1-1] DEBUG org.asynchttpclient.netty.channel.DefaultChannelPool - Adding Candidate expired Channel [id: 0xeb56bd78, L:/127.0.0.1:50282 ! R:localhost/127.0.0.1:50654] isIdleTimeoutExpired=false isRemotelyClosed=true isTtlExpired=false
21:13:01.887 [AsyncHttpClient-1-1] DEBUG org.asynchttpclient.netty.channel.DefaultChannelPool - Closing Idle Channel [id: 0xeb56bd78, L:/127.0.0.1:50282 ! R:localhost/127.0.0.1:50654]
21:13:01.887 [AsyncHttpClient-1-1] DEBUG org.asynchttpclient.netty.channel.DefaultChannelPool - Closed 2 connections out of 2 in 0 ms
21:13:02.003 [main] DEBUG io.github.bonigarcia.wdm.cache.ResolutionCache - Resolution chrome=107 in cache (valid until 21:49:49 03/11/2022 WIB)
21:13:02.008 [main] DEBUG io.github.bonigarcia.wdm.cache.ResolutionCache - Resolution chrome107=107.0.5304.62 in cache (valid until 16:49:12 04/11/2022 WIB)
21:13:02.010 [main] INFO io.github.bonigarcia.wdm.WebDriverManager - Using chromedriver 107.0.5304.62 (resolved driver for Chrome 107)
21:13:02.020 [main] DEBUG io.github.bonigarcia.wdm.WebDriverManager - Driver chromedriver 107.0.5304.62 found in cache
21:13:02.021 [main] INFO io.github.bonigarcia.wdm.WebDriverManager - Exporting webdriver.chrome.driver as C:\Users\ASUS\.cache\selenium\chromedriver\win32\107.0.5304.62\chromedriver.exe
21:13:02.155 [main] DEBUG net.serenitybdd.core.webdriver.driverproviders.ProvideNewDriver - Instantiating driver
21:13:02.155 [main] DEBUG net.serenitybdd.core.webdriver.driverproviders.ProvideNewDriver - Driver capabilities: Capabilities {acceptInsecureCerts: false, base.url: https://alta-shop.vercel.app/, browserName: chrome, chrome.driver: src/test/resources/webdrive..., driver: chrome, goog:chromeOptions: {args: [], extensions: []}, wait.for.timeout: 10000}
21:13:02.692 [AsyncHttpClient-1-13] DEBUG org.asynchttpclient.netty.channel.NettyConnectListener - Using new Channel '[id: 0xacb53831, L:/127.0.0.1:50319 - R:localhost/127.0.0.1:59186]' for 'POST' to '/session'
21:13:03.581 [AsyncHttpClient-1-13] DEBUG org.asynchttpclient.netty.handler.HttpHandler - 

Request DefaultHttpRequest(decodeResult: success, version: HTTP/1.1)
POST /session HTTP/1.1
User-Agent: selenium/4.1.2 (java windows)
Content-Length: 646
Content-Type: application/json; charset=utf-8
host: localhost:59186
accept: */*

Response DefaultHttpResponse(decodeResult: success, version: HTTP/1.1)
HTTP/1.1 200 OK
Content-Type: application/json; charset=utf-8
cache-control: no-cache
content-length: 788

21:13:03.581 [AsyncHttpClient-1-13] DEBUG org.asynchttpclient.netty.channel.ChannelManager - Adding key: http://localhost:59186 for channel [id: 0xacb53831, L:/127.0.0.1:50319 - R:localhost/127.0.0.1:59186]
21:13:03.597 [AsyncHttpClient-1-14] DEBUG org.asynchttpclient.netty.channel.NettyConnectListener - Using new Channel '[id: 0xef59945f, L:/127.0.0.1:50327 - R:localhost/127.0.0.1:50320]' for 'GET' to '/json/version'
21:13:03.598 [AsyncHttpClient-1-14] DEBUG org.asynchttpclient.netty.handler.HttpHandler - 

Request DefaultFullHttpRequest(decodeResult: success, version: HTTP/1.1, content: EmptyByteBufBE)
GET /json/version HTTP/1.1
User-Agent: selenium/4.1.2 (java windows)
host: localhost:50320
accept: */*

Response DefaultHttpResponse(decodeResult: success, version: HTTP/1.1)
HTTP/1.1 200 OK
Content-Type: application/json; charset=UTF-8
content-length: 423

21:13:03.598 [AsyncHttpClient-1-14] DEBUG org.asynchttpclient.netty.channel.ChannelManager - Adding key: http://localhost:50320 for channel [id: 0xef59945f, L:/127.0.0.1:50327 - R:localhost/127.0.0.1:50320]
21:13:03.601 [AsyncHttpClient-1-15] DEBUG org.asynchttpclient.netty.channel.NettyConnectListener - Using new Channel '[id: 0xb72a7869, L:/127.0.0.1:50328 - R:localhost/127.0.0.1:50320]' for 'GET' to '/devtools/browser/86905591-76bf-4272-ae18-5f48c9848b03'
21:13:03.602 [AsyncHttpClient-1-15] DEBUG org.asynchttpclient.netty.handler.WebSocketHandler - 

Request DefaultFullHttpRequest(decodeResult: success, version: HTTP/1.1, content: EmptyByteBufBE)
GET /devtools/browser/86905591-76bf-4272-ae18-5f48c9848b03 HTTP/1.1
upgrade: websocket
connection: upgrade
sec-websocket-key: B4f9LqvKSRwHa/mJKJGoqA==
sec-websocket-version: 13
origin: http://localhost:50320
host: localhost:50320
accept: */*
user-agent: AHC/2.1

Response DefaultHttpResponse(decodeResult: success, version: HTTP/1.1)
HTTP/1.1 101 WebSocket Protocol Handshake
Upgrade: WebSocket
Connection: Upgrade
Sec-WebSocket-Accept: XGmSIVOnac+2Fc2w/MPHRUUu+eY=

21:13:03.609 [Forwarding get on session 6816994eaa2f0eb3c9dee86e24ca22ba to remote] DEBUG org.asynchttpclient.netty.request.NettyRequestSender - Using pooled Channel '[id: 0xacb53831, L:/127.0.0.1:50319 - R:localhost/127.0.0.1:59186]' for 'POST' to 'http://localhost:59186/session/6816994eaa2f0eb3c9dee86e24ca22ba/url'
21:13:03.609 [Forwarding get on session 6816994eaa2f0eb3c9dee86e24ca22ba to remote] DEBUG org.asynchttpclient.netty.request.NettyRequestSender - Using open Channel [id: 0xacb53831, L:/127.0.0.1:50319 - R:localhost/127.0.0.1:59186] for POST '/session/6816994eaa2f0eb3c9dee86e24ca22ba/url'
21:13:04.086 [AsyncHttpClient-1-1] DEBUG org.asynchttpclient.netty.channel.DefaultChannelPool - Entry count for : http://localhost:50320 : 1
21:13:05.187 [AsyncHttpClient-1-1] DEBUG org.asynchttpclient.netty.channel.DefaultChannelPool - Entry count for : http://localhost:50320 : 1
21:13:06.286 [AsyncHttpClient-1-1] DEBUG org.asynchttpclient.netty.channel.DefaultChannelPool - Entry count for : http://localhost:50320 : 1
21:13:07.386 [AsyncHttpClient-1-1] DEBUG org.asynchttpclient.netty.channel.DefaultChannelPool - Entry count for : http://localhost:50320 : 1
21:13:08.322 [AsyncHttpClient-1-13] DEBUG org.asynchttpclient.netty.handler.HttpHandler - 

Request DefaultHttpRequest(decodeResult: success, version: HTTP/1.1)
POST /session/6816994eaa2f0eb3c9dee86e24ca22ba/url HTTP/1.1
User-Agent: selenium/4.1.2 (java windows)
Content-Length: 74
Content-Type: application/json; charset=utf-8
host: localhost:59186
accept: */*

Response DefaultHttpResponse(decodeResult: success, version: HTTP/1.1)
HTTP/1.1 200 OK
Content-Type: application/json; charset=utf-8
cache-control: no-cache
content-length: 14

21:13:08.322 [AsyncHttpClient-1-13] DEBUG org.asynchttpclient.netty.channel.ChannelManager - Adding key: http://localhost:59186 for channel [id: 0xacb53831, L:/127.0.0.1:50319 - R:localhost/127.0.0.1:59186]
21:13:08.323 [Forwarding setTimeout on session 6816994eaa2f0eb3c9dee86e24ca22ba to remote] DEBUG org.asynchttpclient.netty.request.NettyRequestSender - Using pooled Channel '[id: 0xacb53831, L:/127.0.0.1:50319 - R:localhost/127.0.0.1:59186]' for 'POST' to 'http://localhost:59186/session/6816994eaa2f0eb3c9dee86e24ca22ba/timeouts'
21:13:08.323 [Forwarding setTimeout on session 6816994eaa2f0eb3c9dee86e24ca22ba to remote] DEBUG org.asynchttpclient.netty.request.NettyRequestSender - Using open Channel [id: 0xacb53831, L:/127.0.0.1:50319 - R:localhost/127.0.0.1:59186] for POST '/session/6816994eaa2f0eb3c9dee86e24ca22ba/timeouts'
21:13:08.324 [AsyncHttpClient-1-13] DEBUG org.asynchttpclient.netty.handler.HttpHandler - 

Request DefaultHttpRequest(decodeResult: success, version: HTTP/1.1)
POST /session/6816994eaa2f0eb3c9dee86e24ca22ba/timeouts HTTP/1.1
User-Agent: selenium/4.1.2 (java windows)
Content-Length: 22
Content-Type: application/json; charset=utf-8
host: localhost:59186
accept: */*

Response DefaultHttpResponse(decodeResult: success, version: HTTP/1.1)
HTTP/1.1 200 OK
Content-Type: application/json; charset=utf-8
cache-control: no-cache
content-length: 14

21:13:08.325 [AsyncHttpClient-1-13] DEBUG org.asynchttpclient.netty.channel.ChannelManager - Adding key: http://localhost:59186 for channel [id: 0xacb53831, L:/127.0.0.1:50319 - R:localhost/127.0.0.1:59186]
21:13:08.328 [Forwarding getCurrentUrl on session 6816994eaa2f0eb3c9dee86e24ca22ba to remote] DEBUG org.asynchttpclient.netty.request.NettyRequestSender - Using pooled Channel '[id: 0xacb53831, L:/127.0.0.1:50319 - R:localhost/127.0.0.1:59186]' for 'GET' to 'http://localhost:59186/session/6816994eaa2f0eb3c9dee86e24ca22ba/url'
21:13:08.328 [Forwarding getCurrentUrl on session 6816994eaa2f0eb3c9dee86e24ca22ba to remote] DEBUG org.asynchttpclient.netty.request.NettyRequestSender - Using open Channel [id: 0xacb53831, L:/127.0.0.1:50319 - R:localhost/127.0.0.1:59186] for GET '/session/6816994eaa2f0eb3c9dee86e24ca22ba/url'
21:13:08.333 [AsyncHttpClient-1-13] DEBUG org.asynchttpclient.netty.handler.HttpHandler - 

Request DefaultFullHttpRequest(decodeResult: success, version: HTTP/1.1, content: EmptyByteBufBE)
GET /session/6816994eaa2f0eb3c9dee86e24ca22ba/url HTTP/1.1
User-Agent: selenium/4.1.2 (java windows)
Cache-Control: no-cache
Content-Type: application/json; charset=utf-8
host: localhost:59186
accept: */*

Response DefaultHttpResponse(decodeResult: success, version: HTTP/1.1)
HTTP/1.1 200 OK
Content-Type: application/json; charset=utf-8
cache-control: no-cache
content-length: 51

21:13:08.333 [AsyncHttpClient-1-13] DEBUG org.asynchttpclient.netty.channel.ChannelManager - Adding key: http://localhost:59186 for channel [id: 0xacb53831, L:/127.0.0.1:50319 - R:localhost/127.0.0.1:59186]
  &amp#27;[32mGiven &amp#27;[0m&amp#27;[32mI am in login page&amp#27;[0m                      &amp#27;[90m# starter.stepdefinitions.LogInOutSteps.iAmInLoginPage()&amp#27;[0m
21:13:08.337 [Forwarding screenshot on session 6816994eaa2f0eb3c9dee86e24ca22ba to remote] DEBUG org.asynchttpclient.netty.request.NettyRequestSender - Using pooled Channel '[id: 0xacb53831, L:/127.0.0.1:50319 - R:localhost/127.0.0.1:59186]' for 'GET' to 'http://localhost:59186/session/6816994eaa2f0eb3c9dee86e24ca22ba/screenshot'
21:13:08.337 [Forwarding screenshot on session 6816994eaa2f0eb3c9dee86e24ca22ba to remote] DEBUG org.asynchttpclient.netty.request.NettyRequestSender - Using open Channel [id: 0xacb53831, L:/127.0.0.1:50319 - R:localhost/127.0.0.1:59186] for GET '/session/6816994eaa2f0eb3c9dee86e24ca22ba/screenshot'
21:13:08.468 [AsyncHttpClient-1-13] DEBUG org.asynchttpclient.netty.handler.HttpHandler - 

Request DefaultFullHttpRequest(decodeResult: success, version: HTTP/1.1, content: EmptyByteBufBE)
GET /session/6816994eaa2f0eb3c9dee86e24ca22ba/screenshot HTTP/1.1
User-Agent: selenium/4.1.2 (java windows)
Cache-Control: no-cache
Content-Type: application/json; charset=utf-8
host: localhost:59186
accept: */*

Response DefaultHttpResponse(decodeResult: success, version: HTTP/1.1)
HTTP/1.1 200 OK
Content-Type: application/json; charset=utf-8
cache-control: no-cache
content-length: 38472

21:13:08.468 [AsyncHttpClient-1-13] DEBUG org.asynchttpclient.netty.channel.ChannelManager - Adding key: http://localhost:59186 for channel [id: 0xacb53831, L:/127.0.0.1:50319 - R:localhost/127.0.0.1:59186]
21:13:08.469 [main] DEBUG net.serenitybdd.core.photography.Darkroom - Send negative for processing for target\site\serenity\6c2309ed56aeb278067cd6b3caf368b9f01e276e2bf175d46007f31c90d5af21.png
21:13:08.475 [Forwarding findElement on session 6816994eaa2f0eb3c9dee86e24ca22ba to remote] DEBUG org.asynchttpclient.netty.request.NettyRequestSender - Using pooled Channel '[id: 0xacb53831, L:/127.0.0.1:50319 - R:localhost/127.0.0.1:59186]' for 'POST' to 'http://localhost:59186/session/6816994eaa2f0eb3c9dee86e24ca22ba/element'
21:13:08.475 [Forwarding findElement on session 6816994eaa2f0eb3c9dee86e24ca22ba to remote] DEBUG org.asynchttpclient.netty.request.NettyRequestSender - Using open Channel [id: 0xacb53831, L:/127.0.0.1:50319 - R:localhost/127.0.0.1:59186] for POST '/session/6816994eaa2f0eb3c9dee86e24ca22ba/element'
21:13:08.485 [AsyncHttpClient-1-13] DEBUG org.asynchttpclient.netty.handler.HttpHandler - 

Request DefaultHttpRequest(decodeResult: success, version: HTTP/1.1)
POST /session/6816994eaa2f0eb3c9dee86e24ca22ba/element HTTP/1.1
User-Agent: selenium/4.1.2 (java windows)
Content-Length: 87
Content-Type: application/json; charset=utf-8
host: localhost:59186
accept: */*

Response DefaultHttpResponse(decodeResult: success, version: HTTP/1.1)
HTTP/1.1 200 OK
Content-Type: application/json; charset=utf-8
cache-control: no-cache
content-length: 88

21:13:08.485 [AsyncHttpClient-1-13] DEBUG org.asynchttpclient.netty.channel.ChannelManager - Adding key: http://localhost:59186 for channel [id: 0xacb53831, L:/127.0.0.1:50319 - R:localhost/127.0.0.1:59186]
21:13:08.486 [Forwarding clearElement on session 6816994eaa2f0eb3c9dee86e24ca22ba to remote] DEBUG org.asynchttpclient.netty.request.NettyRequestSender - Using pooled Channel '[id: 0xacb53831, L:/127.0.0.1:50319 - R:localhost/127.0.0.1:59186]' for 'POST' to 'http://localhost:59186/session/6816994eaa2f0eb3c9dee86e24ca22ba/element/d85c7649-c651-456a-9bd4-4301a0974314/clear'
21:13:08.486 [Forwarding clearElement on session 6816994eaa2f0eb3c9dee86e24ca22ba to remote] DEBUG org.asynchttpclient.netty.request.NettyRequestSender - Using open Channel [id: 0xacb53831, L:/127.0.0.1:50319 - R:localhost/127.0.0.1:59186] for POST '/session/6816994eaa2f0eb3c9dee86e24ca22ba/element/d85c7649-c651-456a-9bd4-4301a0974314/clear'
21:13:08.494 [AsyncHttpClient-1-1] DEBUG org.asynchttpclient.netty.channel.DefaultChannelPool - Entry count for : http://localhost:50320 : 1
21:13:08.517 [AsyncHttpClient-1-13] DEBUG org.asynchttpclient.netty.handler.HttpHandler - 

Request DefaultHttpRequest(decodeResult: success, version: HTTP/1.1)
POST /session/6816994eaa2f0eb3c9dee86e24ca22ba/element/d85c7649-c651-456a-9bd4-4301a0974314/clear HTTP/1.1
User-Agent: selenium/4.1.2 (java windows)
Content-Length: 50
Content-Type: application/json; charset=utf-8
host: localhost:59186
accept: */*

Response DefaultHttpResponse(decodeResult: success, version: HTTP/1.1)
HTTP/1.1 200 OK
Content-Type: application/json; charset=utf-8
cache-control: no-cache
content-length: 14

21:13:08.517 [AsyncHttpClient-1-13] DEBUG org.asynchttpclient.netty.channel.ChannelManager - Adding key: http://localhost:59186 for channel [id: 0xacb53831, L:/127.0.0.1:50319 - R:localhost/127.0.0.1:59186]
21:13:08.518 [Forwarding sendKeysToElement on session 6816994eaa2f0eb3c9dee86e24ca22ba to remote] DEBUG org.asynchttpclient.netty.request.NettyRequestSender - Using pooled Channel '[id: 0xacb53831, L:/127.0.0.1:50319 - R:localhost/127.0.0.1:59186]' for 'POST' to 'http://localhost:59186/session/6816994eaa2f0eb3c9dee86e24ca22ba/element/d85c7649-c651-456a-9bd4-4301a0974314/value'
21:13:08.518 [Forwarding sendKeysToElement on session 6816994eaa2f0eb3c9dee86e24ca22ba to remote] DEBUG org.asynchttpclient.netty.request.NettyRequestSender - Using open Channel [id: 0xacb53831, L:/127.0.0.1:50319 - R:localhost/127.0.0.1:59186] for POST '/session/6816994eaa2f0eb3c9dee86e24ca22ba/element/d85c7649-c651-456a-9bd4-4301a0974314/value'
21:13:08.551 [AsyncHttpClient-1-13] DEBUG org.asynchttpclient.netty.handler.HttpHandler - 

Request DefaultHttpRequest(decodeResult: success, version: HTTP/1.1)
POST /session/6816994eaa2f0eb3c9dee86e24ca22ba/element/d85c7649-c651-456a-9bd4-4301a0974314/value HTTP/1.1
User-Agent: selenium/4.1.2 (java windows)
Content-Length: 82
Content-Type: application/json; charset=utf-8
host: localhost:59186
accept: */*

Response DefaultHttpResponse(decodeResult: success, version: HTTP/1.1)
HTTP/1.1 200 OK
Content-Type: application/json; charset=utf-8
cache-control: no-cache
content-length: 14

21:13:08.551 [AsyncHttpClient-1-13] DEBUG org.asynchttpclient.netty.channel.ChannelManager - Adding key: http://localhost:59186 for channel [id: 0xacb53831, L:/127.0.0.1:50319 - R:localhost/127.0.0.1:59186]
  &amp#27;[32mWhen &amp#27;[0m&amp#27;[32mI input &amp#27;[0m&amp#27;[32m&amp#27;[1m""&amp#27;[0m&amp#27;[32m email&amp#27;[0m                         &amp#27;[90m# starter.stepdefinitions.LogInOutSteps.iInputEmailEmail(java.lang.String)&amp#27;[0m
21:13:08.560 [Forwarding screenshot on session 6816994eaa2f0eb3c9dee86e24ca22ba to remote] DEBUG org.asynchttpclient.netty.request.NettyRequestSender - Using pooled Channel '[id: 0xacb53831, L:/127.0.0.1:50319 - R:localhost/127.0.0.1:59186]' for 'GET' to 'http://localhost:59186/session/6816994eaa2f0eb3c9dee86e24ca22ba/screenshot'
21:13:08.560 [Forwarding screenshot on session 6816994eaa2f0eb3c9dee86e24ca22ba to remote] DEBUG org.asynchttpclient.netty.request.NettyRequestSender - Using open Channel [id: 0xacb53831, L:/127.0.0.1:50319 - R:localhost/127.0.0.1:59186] for GET '/session/6816994eaa2f0eb3c9dee86e24ca22ba/screenshot'
21:13:08.748 [AsyncHttpClient-1-13] DEBUG org.asynchttpclient.netty.handler.HttpHandler - 

Request DefaultFullHttpRequest(decodeResult: success, version: HTTP/1.1, content: EmptyByteBufBE)
GET /session/6816994eaa2f0eb3c9dee86e24ca22ba/screenshot HTTP/1.1
User-Agent: selenium/4.1.2 (java windows)
Cache-Control: no-cache
Content-Type: application/json; charset=utf-8
host: localhost:59186
accept: */*

Response DefaultHttpResponse(decodeResult: success, version: HTTP/1.1)
HTTP/1.1 200 OK
Content-Type: application/json; charset=utf-8
cache-control: no-cache
content-length: 38696

21:13:08.748 [AsyncHttpClient-1-13] DEBUG org.asynchttpclient.netty.channel.ChannelManager - Adding key: http://localhost:59186 for channel [id: 0xacb53831, L:/127.0.0.1:50319 - R:localhost/127.0.0.1:59186]
21:13:08.750 [main] DEBUG net.serenitybdd.core.photography.Darkroom - Send negative for processing for target\site\serenity\14b617ff24e09ffa94870a6101349345c0ea2136014d3f95504727ad7c96480d.png
21:13:08.750 [Darkroom Processing Line] DEBUG net.serenitybdd.core.photography.DarkroomProcessingLine - Processing screenshot image in /var/screenshots/screenshot-10510876451040242536
21:13:08.750 [Darkroom Processing Line] DEBUG net.serenitybdd.core.photography.DarkroomProcessingLine - Saving screenshot to target\site\serenity\14b617ff24e09ffa94870a6101349345c0ea2136014d3f95504727ad7c96480d.png
21:13:08.758 [Forwarding findElement on session 6816994eaa2f0eb3c9dee86e24ca22ba to remote] DEBUG org.asynchttpclient.netty.request.NettyRequestSender - Using pooled Channel '[id: 0xacb53831, L:/127.0.0.1:50319 - R:localhost/127.0.0.1:59186]' for 'POST' to 'http://localhost:59186/session/6816994eaa2f0eb3c9dee86e24ca22ba/element'
21:13:08.758 [Forwarding findElement on session 6816994eaa2f0eb3c9dee86e24ca22ba to remote] DEBUG org.asynchttpclient.netty.request.NettyRequestSender - Using open Channel [id: 0xacb53831, L:/127.0.0.1:50319 - R:localhost/127.0.0.1:59186] for POST '/session/6816994eaa2f0eb3c9dee86e24ca22ba/element'
21:13:08.767 [AsyncHttpClient-1-13] DEBUG org.asynchttpclient.netty.handler.HttpHandler - 

Request DefaultHttpRequest(decodeResult: success, version: HTTP/1.1)
POST /session/6816994eaa2f0eb3c9dee86e24ca22ba/element HTTP/1.1
User-Agent: selenium/4.1.2 (java windows)
Content-Length: 90
Content-Type: application/json; charset=utf-8
host: localhost:59186
accept: */*

Response DefaultHttpResponse(decodeResult: success, version: HTTP/1.1)
HTTP/1.1 200 OK
Content-Type: application/json; charset=utf-8
cache-control: no-cache
content-length: 88

21:13:08.768 [AsyncHttpClient-1-13] DEBUG org.asynchttpclient.netty.channel.ChannelManager - Adding key: http://localhost:59186 for channel [id: 0xacb53831, L:/127.0.0.1:50319 - R:localhost/127.0.0.1:59186]
21:13:08.769 [Forwarding clearElement on session 6816994eaa2f0eb3c9dee86e24ca22ba to remote] DEBUG org.asynchttpclient.netty.request.NettyRequestSender - Using pooled Channel '[id: 0xacb53831, L:/127.0.0.1:50319 - R:localhost/127.0.0.1:59186]' for 'POST' to 'http://localhost:59186/session/6816994eaa2f0eb3c9dee86e24ca22ba/element/d0e1775c-78d2-4561-90be-197513ee8868/clear'
21:13:08.769 [Forwarding clearElement on session 6816994eaa2f0eb3c9dee86e24ca22ba to remote] DEBUG org.asynchttpclient.netty.request.NettyRequestSender - Using open Channel [id: 0xacb53831, L:/127.0.0.1:50319 - R:localhost/127.0.0.1:59186] for POST '/session/6816994eaa2f0eb3c9dee86e24ca22ba/element/d0e1775c-78d2-4561-90be-197513ee8868/clear'
21:13:08.799 [AsyncHttpClient-1-13] DEBUG org.asynchttpclient.netty.handler.HttpHandler - 

Request DefaultHttpRequest(decodeResult: success, version: HTTP/1.1)
POST /session/6816994eaa2f0eb3c9dee86e24ca22ba/element/d0e1775c-78d2-4561-90be-197513ee8868/clear HTTP/1.1
User-Agent: selenium/4.1.2 (java windows)
Content-Length: 50
Content-Type: application/json; charset=utf-8
host: localhost:59186
accept: */*

Response DefaultHttpResponse(decodeResult: success, version: HTTP/1.1)
HTTP/1.1 200 OK
Content-Type: application/json; charset=utf-8
cache-control: no-cache
content-length: 14

21:13:08.799 [AsyncHttpClient-1-13] DEBUG org.asynchttpclient.netty.channel.ChannelManager - Adding key: http://localhost:59186 for channel [id: 0xacb53831, L:/127.0.0.1:50319 - R:localhost/127.0.0.1:59186]
21:13:08.801 [Forwarding sendKeysToElement on session 6816994eaa2f0eb3c9dee86e24ca22ba to remote] DEBUG org.asynchttpclient.netty.request.NettyRequestSender - Using pooled Channel '[id: 0xacb53831, L:/127.0.0.1:50319 - R:localhost/127.0.0.1:59186]' for 'POST' to 'http://localhost:59186/session/6816994eaa2f0eb3c9dee86e24ca22ba/element/d0e1775c-78d2-4561-90be-197513ee8868/value'
21:13:08.801 [Forwarding sendKeysToElement on session 6816994eaa2f0eb3c9dee86e24ca22ba to remote] DEBUG org.asynchttpclient.netty.request.NettyRequestSender - Using open Channel [id: 0xacb53831, L:/127.0.0.1:50319 - R:localhost/127.0.0.1:59186] for POST '/session/6816994eaa2f0eb3c9dee86e24ca22ba/element/d0e1775c-78d2-4561-90be-197513ee8868/value'
21:13:08.864 [AsyncHttpClient-1-13] DEBUG org.asynchttpclient.netty.handler.HttpHandler - 

Request DefaultHttpRequest(decodeResult: success, version: HTTP/1.1)
POST /session/6816994eaa2f0eb3c9dee86e24ca22ba/element/d0e1775c-78d2-4561-90be-197513ee8868/value HTTP/1.1
User-Agent: selenium/4.1.2 (java windows)
Content-Length: 141
Content-Type: application/json; charset=utf-8
host: localhost:59186
accept: */*

Response DefaultHttpResponse(decodeResult: success, version: HTTP/1.1)
HTTP/1.1 200 OK
Content-Type: application/json; charset=utf-8
cache-control: no-cache
content-length: 14

21:13:08.864 [AsyncHttpClient-1-13] DEBUG org.asynchttpclient.netty.channel.ChannelManager - Adding key: http://localhost:59186 for channel [id: 0xacb53831, L:/127.0.0.1:50319 - R:localhost/127.0.0.1:59186]
  &amp#27;[32mAnd &amp#27;[0m&amp#27;[32mI input &amp#27;[0m&amp#27;[32m&amp#27;[1m"nxxxae"&amp#27;[0m&amp#27;[32m password&amp#27;[0m                 &amp#27;[90m# starter.stepdefinitions.LogInOutSteps.iInputPasswordPassword(java.lang.String)&amp#27;[0m
21:13:08.870 [Forwarding screenshot on session 6816994eaa2f0eb3c9dee86e24ca22ba to remote] DEBUG org.asynchttpclient.netty.request.NettyRequestSender - Using pooled Channel '[id: 0xacb53831, L:/127.0.0.1:50319 - R:localhost/127.0.0.1:59186]' for 'GET' to 'http://localhost:59186/session/6816994eaa2f0eb3c9dee86e24ca22ba/screenshot'
21:13:08.870 [Forwarding screenshot on session 6816994eaa2f0eb3c9dee86e24ca22ba to remote] DEBUG org.asynchttpclient.netty.request.NettyRequestSender - Using open Channel [id: 0xacb53831, L:/127.0.0.1:50319 - R:localhost/127.0.0.1:59186] for GET '/session/6816994eaa2f0eb3c9dee86e24ca22ba/screenshot'
21:13:09.082 [AsyncHttpClient-1-13] DEBUG org.asynchttpclient.netty.handler.HttpHandler - 

Request DefaultFullHttpRequest(decodeResult: success, version: HTTP/1.1, content: EmptyByteBufBE)
GET /session/6816994eaa2f0eb3c9dee86e24ca22ba/screenshot HTTP/1.1
User-Agent: selenium/4.1.2 (java windows)
Cache-Control: no-cache
Content-Type: application/json; charset=utf-8
host: localhost:59186
accept: */*

Response DefaultHttpResponse(decodeResult: success, version: HTTP/1.1)
HTTP/1.1 200 OK
Content-Type: application/json; charset=utf-8
cache-control: no-cache
content-length: 41324

21:13:09.082 [AsyncHttpClient-1-13] DEBUG org.asynchttpclient.netty.channel.ChannelManager - Adding key: http://localhost:59186 for channel [id: 0xacb53831, L:/127.0.0.1:50319 - R:localhost/127.0.0.1:59186]
21:13:09.084 [main] DEBUG net.serenitybdd.core.photography.Darkroom - Send negative for processing for target\site\serenity\890108d781887a47f9b7aac16e73b565bd54861cc01567b606cf45dd690aabf0.png
21:13:09.084 [Darkroom Processing Line] DEBUG net.serenitybdd.core.photography.DarkroomProcessingLine - Processing screenshot image in /var/screenshots/screenshot-9838396400934665866
21:13:09.084 [Darkroom Processing Line] DEBUG net.serenitybdd.core.photography.DarkroomProcessingLine - Saving screenshot to target\site\serenity\890108d781887a47f9b7aac16e73b565bd54861cc01567b606cf45dd690aabf0.png
21:13:09.095 [Forwarding findElement on session 6816994eaa2f0eb3c9dee86e24ca22ba to remote] DEBUG org.asynchttpclient.netty.request.NettyRequestSender - Using pooled Channel '[id: 0xacb53831, L:/127.0.0.1:50319 - R:localhost/127.0.0.1:59186]' for 'POST' to 'http://localhost:59186/session/6816994eaa2f0eb3c9dee86e24ca22ba/element'
21:13:09.095 [Forwarding findElement on session 6816994eaa2f0eb3c9dee86e24ca22ba to remote] DEBUG org.asynchttpclient.netty.request.NettyRequestSender - Using open Channel [id: 0xacb53831, L:/127.0.0.1:50319 - R:localhost/127.0.0.1:59186] for POST '/session/6816994eaa2f0eb3c9dee86e24ca22ba/element'
21:13:09.105 [AsyncHttpClient-1-13] DEBUG org.asynchttpclient.netty.handler.HttpHandler - 

Request DefaultHttpRequest(decodeResult: success, version: HTTP/1.1)
POST /session/6816994eaa2f0eb3c9dee86e24ca22ba/element HTTP/1.1
User-Agent: selenium/4.1.2 (java windows)
Content-Length: 81
Content-Type: application/json; charset=utf-8
host: localhost:59186
accept: */*

Response DefaultHttpResponse(decodeResult: success, version: HTTP/1.1)
HTTP/1.1 200 OK
Content-Type: application/json; charset=utf-8
cache-control: no-cache
content-length: 88

21:13:09.105 [AsyncHttpClient-1-13] DEBUG org.asynchttpclient.netty.channel.ChannelManager - Adding key: http://localhost:59186 for channel [id: 0xacb53831, L:/127.0.0.1:50319 - R:localhost/127.0.0.1:59186]
21:13:09.108 [Forwarding getElementTagName on session 6816994eaa2f0eb3c9dee86e24ca22ba to remote] DEBUG org.asynchttpclient.netty.request.NettyRequestSender - Using pooled Channel '[id: 0xacb53831, L:/127.0.0.1:50319 - R:localhost/127.0.0.1:59186]' for 'GET' to 'http://localhost:59186/session/6816994eaa2f0eb3c9dee86e24ca22ba/element/1a1049e2-2c34-45e4-8d2d-217732e7477e/name'
21:13:09.108 [Forwarding getElementTagName on session 6816994eaa2f0eb3c9dee86e24ca22ba to remote] DEBUG org.asynchttpclient.netty.request.NettyRequestSender - Using open Channel [id: 0xacb53831, L:/127.0.0.1:50319 - R:localhost/127.0.0.1:59186] for GET '/session/6816994eaa2f0eb3c9dee86e24ca22ba/element/1a1049e2-2c34-45e4-8d2d-217732e7477e/name'
21:13:09.112 [AsyncHttpClient-1-13] DEBUG org.asynchttpclient.netty.handler.HttpHandler - 

Request DefaultFullHttpRequest(decodeResult: success, version: HTTP/1.1, content: EmptyByteBufBE)
GET /session/6816994eaa2f0eb3c9dee86e24ca22ba/element/1a1049e2-2c34-45e4-8d2d-217732e7477e/name HTTP/1.1
User-Agent: selenium/4.1.2 (java windows)
Cache-Control: no-cache
Content-Type: application/json; charset=utf-8
host: localhost:59186
accept: */*

Response DefaultHttpResponse(decodeResult: success, version: HTTP/1.1)
HTTP/1.1 200 OK
Content-Type: application/json; charset=utf-8
cache-control: no-cache
content-length: 16

21:13:09.113 [AsyncHttpClient-1-13] DEBUG org.asynchttpclient.netty.channel.ChannelManager - Adding key: http://localhost:59186 for channel [id: 0xacb53831, L:/127.0.0.1:50319 - R:localhost/127.0.0.1:59186]
21:13:09.114 [Forwarding getElementTagName on session 6816994eaa2f0eb3c9dee86e24ca22ba to remote] DEBUG org.asynchttpclient.netty.request.NettyRequestSender - Using pooled Channel '[id: 0xacb53831, L:/127.0.0.1:50319 - R:localhost/127.0.0.1:59186]' for 'GET' to 'http://localhost:59186/session/6816994eaa2f0eb3c9dee86e24ca22ba/element/1a1049e2-2c34-45e4-8d2d-217732e7477e/name'
21:13:09.114 [Forwarding getElementTagName on session 6816994eaa2f0eb3c9dee86e24ca22ba to remote] DEBUG org.asynchttpclient.netty.request.NettyRequestSender - Using open Channel [id: 0xacb53831, L:/127.0.0.1:50319 - R:localhost/127.0.0.1:59186] for GET '/session/6816994eaa2f0eb3c9dee86e24ca22ba/element/1a1049e2-2c34-45e4-8d2d-217732e7477e/name'
21:13:09.118 [AsyncHttpClient-1-13] DEBUG org.asynchttpclient.netty.handler.HttpHandler - 

Request DefaultFullHttpRequest(decodeResult: success, version: HTTP/1.1, content: EmptyByteBufBE)
GET /session/6816994eaa2f0eb3c9dee86e24ca22ba/element/1a1049e2-2c34-45e4-8d2d-217732e7477e/name HTTP/1.1
User-Agent: selenium/4.1.2 (java windows)
Cache-Control: no-cache
Content-Type: application/json; charset=utf-8
host: localhost:59186
accept: */*

Response DefaultHttpResponse(decodeResult: success, version: HTTP/1.1)
HTTP/1.1 200 OK
Content-Type: application/json; charset=utf-8
cache-control: no-cache
content-length: 16

21:13:09.118 [AsyncHttpClient-1-13] DEBUG org.asynchttpclient.netty.channel.ChannelManager - Adding key: http://localhost:59186 for channel [id: 0xacb53831, L:/127.0.0.1:50319 - R:localhost/127.0.0.1:59186]
21:13:09.120 [Forwarding findElement on session 6816994eaa2f0eb3c9dee86e24ca22ba to remote] DEBUG org.asynchttpclient.netty.request.NettyRequestSender - Using pooled Channel '[id: 0xacb53831, L:/127.0.0.1:50319 - R:localhost/127.0.0.1:59186]' for 'POST' to 'http://localhost:59186/session/6816994eaa2f0eb3c9dee86e24ca22ba/element'
21:13:09.120 [Forwarding findElement on session 6816994eaa2f0eb3c9dee86e24ca22ba to remote] DEBUG org.asynchttpclient.netty.request.NettyRequestSender - Using open Channel [id: 0xacb53831, L:/127.0.0.1:50319 - R:localhost/127.0.0.1:59186] for POST '/session/6816994eaa2f0eb3c9dee86e24ca22ba/element'
21:13:09.129 [AsyncHttpClient-1-13] DEBUG org.asynchttpclient.netty.handler.HttpHandler - 

Request DefaultHttpRequest(decodeResult: success, version: HTTP/1.1)
POST /session/6816994eaa2f0eb3c9dee86e24ca22ba/element HTTP/1.1
User-Agent: selenium/4.1.2 (java windows)
Content-Length: 81
Content-Type: application/json; charset=utf-8
host: localhost:59186
accept: */*

Response DefaultHttpResponse(decodeResult: success, version: HTTP/1.1)
HTTP/1.1 200 OK
Content-Type: application/json; charset=utf-8
cache-control: no-cache
content-length: 88

21:13:09.129 [AsyncHttpClient-1-13] DEBUG org.asynchttpclient.netty.channel.ChannelManager - Adding key: http://localhost:59186 for channel [id: 0xacb53831, L:/127.0.0.1:50319 - R:localhost/127.0.0.1:59186]
21:13:09.130 [Forwarding clickElement on session 6816994eaa2f0eb3c9dee86e24ca22ba to remote] DEBUG org.asynchttpclient.netty.request.NettyRequestSender - Using pooled Channel '[id: 0xacb53831, L:/127.0.0.1:50319 - R:localhost/127.0.0.1:59186]' for 'POST' to 'http://localhost:59186/session/6816994eaa2f0eb3c9dee86e24ca22ba/element/1a1049e2-2c34-45e4-8d2d-217732e7477e/click'
21:13:09.130 [Forwarding clickElement on session 6816994eaa2f0eb3c9dee86e24ca22ba to remote] DEBUG org.asynchttpclient.netty.request.NettyRequestSender - Using open Channel [id: 0xacb53831, L:/127.0.0.1:50319 - R:localhost/127.0.0.1:59186] for POST '/session/6816994eaa2f0eb3c9dee86e24ca22ba/element/1a1049e2-2c34-45e4-8d2d-217732e7477e/click'
21:13:09.184 [AsyncHttpClient-1-13] DEBUG org.asynchttpclient.netty.handler.HttpHandler - 

Request DefaultHttpRequest(decodeResult: success, version: HTTP/1.1)
POST /session/6816994eaa2f0eb3c9dee86e24ca22ba/element/1a1049e2-2c34-45e4-8d2d-217732e7477e/click HTTP/1.1
User-Agent: selenium/4.1.2 (java windows)
Content-Length: 50
Content-Type: application/json; charset=utf-8
host: localhost:59186
accept: */*

Response DefaultHttpResponse(decodeResult: success, version: HTTP/1.1)
HTTP/1.1 200 OK
Content-Type: application/json; charset=utf-8
cache-control: no-cache
content-length: 14

21:13:09.184 [AsyncHttpClient-1-13] DEBUG org.asynchttpclient.netty.channel.ChannelManager - Adding key: http://localhost:59186 for channel [id: 0xacb53831, L:/127.0.0.1:50319 - R:localhost/127.0.0.1:59186]
  &amp#27;[32mAnd &amp#27;[0m&amp#27;[32mI click login button&amp#27;[0m                      &amp#27;[90m# starter.stepdefinitions.LogInOutSteps.iClickLoginButton()&amp#27;[0m
21:13:09.192 [Forwarding screenshot on session 6816994eaa2f0eb3c9dee86e24ca22ba to remote] DEBUG org.asynchttpclient.netty.request.NettyRequestSender - Using pooled Channel '[id: 0xacb53831, L:/127.0.0.1:50319 - R:localhost/127.0.0.1:59186]' for 'GET' to 'http://localhost:59186/session/6816994eaa2f0eb3c9dee86e24ca22ba/screenshot'
21:13:09.192 [Forwarding screenshot on session 6816994eaa2f0eb3c9dee86e24ca22ba to remote] DEBUG org.asynchttpclient.netty.request.NettyRequestSender - Using open Channel [id: 0xacb53831, L:/127.0.0.1:50319 - R:localhost/127.0.0.1:59186] for GET '/session/6816994eaa2f0eb3c9dee86e24ca22ba/screenshot'
21:13:09.554 [AsyncHttpClient-1-13] DEBUG org.asynchttpclient.netty.handler.HttpHandler - 

Request DefaultFullHttpRequest(decodeResult: success, version: HTTP/1.1, content: EmptyByteBufBE)
GET /session/6816994eaa2f0eb3c9dee86e24ca22ba/screenshot HTTP/1.1
User-Agent: selenium/4.1.2 (java windows)
Cache-Control: no-cache
Content-Type: application/json; charset=utf-8
host: localhost:59186
accept: */*

Response DefaultHttpResponse(decodeResult: success, version: HTTP/1.1)
HTTP/1.1 200 OK
Content-Type: application/json; charset=utf-8
cache-control: no-cache
content-length: 40180

21:13:09.554 [AsyncHttpClient-1-13] DEBUG org.asynchttpclient.netty.channel.ChannelManager - Adding key: http://localhost:59186 for channel [id: 0xacb53831, L:/127.0.0.1:50319 - R:localhost/127.0.0.1:59186]
21:13:09.559 [main] DEBUG net.serenitybdd.core.photography.Darkroom - Send negative for processing for target\site\serenity\d0806d2104265c60091af762f79a238cbd53c37427d061aa533f2d67daa730ce.png
21:13:09.559 [Darkroom Processing Line] DEBUG net.serenitybdd.core.photography.DarkroomProcessingLine - Processing screenshot image in /var/screenshots/screenshot-14730307778974076688
21:13:09.559 [Darkroom Processing Line] DEBUG net.serenitybdd.core.photography.DarkroomProcessingLine - Saving screenshot to target\site\serenity\d0806d2104265c60091af762f79a238cbd53c37427d061aa533f2d67daa730ce.png
21:13:09.567 [Forwarding findElement on session 6816994eaa2f0eb3c9dee86e24ca22ba to remote] DEBUG org.asynchttpclient.netty.request.NettyRequestSender - Using pooled Channel '[id: 0xacb53831, L:/127.0.0.1:50319 - R:localhost/127.0.0.1:59186]' for 'POST' to 'http://localhost:59186/session/6816994eaa2f0eb3c9dee86e24ca22ba/element'
21:13:09.567 [Forwarding findElement on session 6816994eaa2f0eb3c9dee86e24ca22ba to remote] DEBUG org.asynchttpclient.netty.request.NettyRequestSender - Using open Channel [id: 0xacb53831, L:/127.0.0.1:50319 - R:localhost/127.0.0.1:59186] for POST '/session/6816994eaa2f0eb3c9dee86e24ca22ba/element'
21:13:09.592 [AsyncHttpClient-1-1] DEBUG org.asynchttpclient.netty.channel.DefaultChannelPool - Entry count for : http://localhost:50320 : 1
21:13:10.687 [AsyncHttpClient-1-1] DEBUG org.asynchttpclient.netty.channel.DefaultChannelPool - Entry count for : http://localhost:50320 : 1
21:13:11.629 [AsyncHttpClient-1-13] DEBUG org.asynchttpclient.netty.handler.HttpHandler - 

Request DefaultHttpRequest(decodeResult: success, version: HTTP/1.1)
POST /session/6816994eaa2f0eb3c9dee86e24ca22ba/element HTTP/1.1
User-Agent: selenium/4.1.2 (java windows)
Content-Length: 59
Content-Type: application/json; charset=utf-8
host: localhost:59186
accept: */*

Response DefaultHttpResponse(decodeResult: success, version: HTTP/1.1)
HTTP/1.1 404 Not Found
Content-Type: application/json; charset=utf-8
cache-control: no-cache
content-length: 1013

21:13:11.629 [AsyncHttpClient-1-13] DEBUG org.asynchttpclient.netty.channel.ChannelManager - Adding key: http://localhost:59186 for channel [id: 0xacb53831, L:/127.0.0.1:50319 - R:localhost/127.0.0.1:59186]
21:13:11.748 [Forwarding findElement on session 6816994eaa2f0eb3c9dee86e24ca22ba to remote] DEBUG org.asynchttpclient.netty.request.NettyRequestSender - Using pooled Channel '[id: 0xacb53831, L:/127.0.0.1:50319 - R:localhost/127.0.0.1:59186]' for 'POST' to 'http://localhost:59186/session/6816994eaa2f0eb3c9dee86e24ca22ba/element'
21:13:11.749 [Forwarding findElement on session 6816994eaa2f0eb3c9dee86e24ca22ba to remote] DEBUG org.asynchttpclient.netty.request.NettyRequestSender - Using open Channel [id: 0xacb53831, L:/127.0.0.1:50319 - R:localhost/127.0.0.1:59186] for POST '/session/6816994eaa2f0eb3c9dee86e24ca22ba/element'
21:13:11.793 [AsyncHttpClient-1-1] DEBUG org.asynchttpclient.netty.channel.DefaultChannelPool - Entry count for : http://localhost:50320 : 1
21:13:12.887 [AsyncHttpClient-1-1] DEBUG org.asynchttpclient.netty.channel.DefaultChannelPool - Entry count for : http://localhost:50320 : 1
21:13:13.801 [AsyncHttpClient-1-13] DEBUG org.asynchttpclient.netty.handler.HttpHandler - 

Request DefaultHttpRequest(decodeResult: success, version: HTTP/1.1)
POST /session/6816994eaa2f0eb3c9dee86e24ca22ba/element HTTP/1.1
User-Agent: selenium/4.1.2 (java windows)
Content-Length: 59
Content-Type: application/json; charset=utf-8
host: localhost:59186
accept: */*

Response DefaultHttpResponse(decodeResult: success, version: HTTP/1.1)
HTTP/1.1 404 Not Found
Content-Type: application/json; charset=utf-8
cache-control: no-cache
content-length: 1013

21:13:13.802 [AsyncHttpClient-1-13] DEBUG org.asynchttpclient.netty.channel.ChannelManager - Adding key: http://localhost:59186 for channel [id: 0xacb53831, L:/127.0.0.1:50319 - R:localhost/127.0.0.1:59186]
21:13:13.909 [Forwarding findElement on session 6816994eaa2f0eb3c9dee86e24ca22ba to remote] DEBUG org.asynchttpclient.netty.request.NettyRequestSender - Using pooled Channel '[id: 0xacb53831, L:/127.0.0.1:50319 - R:localhost/127.0.0.1:59186]' for 'POST' to 'http://localhost:59186/session/6816994eaa2f0eb3c9dee86e24ca22ba/element'
21:13:13.910 [Forwarding findElement on session 6816994eaa2f0eb3c9dee86e24ca22ba to remote] DEBUG org.asynchttpclient.netty.request.NettyRequestSender - Using open Channel [id: 0xacb53831, L:/127.0.0.1:50319 - R:localhost/127.0.0.1:59186] for POST '/session/6816994eaa2f0eb3c9dee86e24ca22ba/element'
21:13:13.987 [AsyncHttpClient-1-1] DEBUG org.asynchttpclient.netty.channel.DefaultChannelPool - Entry count for : http://localhost:50320 : 1
21:13:15.094 [AsyncHttpClient-1-1] DEBUG org.asynchttpclient.netty.channel.DefaultChannelPool - Entry count for : http://localhost:50320 : 1
21:13:15.947 [AsyncHttpClient-1-13] DEBUG org.asynchttpclient.netty.handler.HttpHandler - 

Request DefaultHttpRequest(decodeResult: success, version: HTTP/1.1)
POST /session/6816994eaa2f0eb3c9dee86e24ca22ba/element HTTP/1.1
User-Agent: selenium/4.1.2 (java windows)
Content-Length: 59
Content-Type: application/json; charset=utf-8
host: localhost:59186
accept: */*

Response DefaultHttpResponse(decodeResult: success, version: HTTP/1.1)
HTTP/1.1 404 Not Found
Content-Type: application/json; charset=utf-8
cache-control: no-cache
content-length: 1013

21:13:15.947 [AsyncHttpClient-1-13] DEBUG org.asynchttpclient.netty.channel.ChannelManager - Adding key: http://localhost:59186 for channel [id: 0xacb53831, L:/127.0.0.1:50319 - R:localhost/127.0.0.1:59186]
21:13:16.067 [Forwarding findElement on session 6816994eaa2f0eb3c9dee86e24ca22ba to remote] DEBUG org.asynchttpclient.netty.request.NettyRequestSender - Using pooled Channel '[id: 0xacb53831, L:/127.0.0.1:50319 - R:localhost/127.0.0.1:59186]' for 'POST' to 'http://localhost:59186/session/6816994eaa2f0eb3c9dee86e24ca22ba/element'
21:13:16.067 [Forwarding findElement on session 6816994eaa2f0eb3c9dee86e24ca22ba to remote] DEBUG org.asynchttpclient.netty.request.NettyRequestSender - Using open Channel [id: 0xacb53831, L:/127.0.0.1:50319 - R:localhost/127.0.0.1:59186] for POST '/session/6816994eaa2f0eb3c9dee86e24ca22ba/element'
21:13:16.075 [AsyncHttpClient-1-13] DEBUG org.asynchttpclient.netty.handler.HttpHandler - 

Request DefaultHttpRequest(decodeResult: success, version: HTTP/1.1)
POST /session/6816994eaa2f0eb3c9dee86e24ca22ba/element HTTP/1.1
User-Agent: selenium/4.1.2 (java windows)
Content-Length: 59
Content-Type: application/json; charset=utf-8
host: localhost:59186
accept: */*

Response DefaultHttpResponse(decodeResult: success, version: HTTP/1.1)
HTTP/1.1 200 OK
Content-Type: application/json; charset=utf-8
cache-control: no-cache
content-length: 88

21:13:16.075 [AsyncHttpClient-1-13] DEBUG org.asynchttpclient.netty.channel.ChannelManager - Adding key: http://localhost:59186 for channel [id: 0xacb53831, L:/127.0.0.1:50319 - R:localhost/127.0.0.1:59186]
21:13:16.081 [Forwarding isElementDisplayed on session 6816994eaa2f0eb3c9dee86e24ca22ba to remote] DEBUG org.asynchttpclient.netty.request.NettyRequestSender - Using pooled Channel '[id: 0xacb53831, L:/127.0.0.1:50319 - R:localhost/127.0.0.1:59186]' for 'POST' to 'http://localhost:59186/session/6816994eaa2f0eb3c9dee86e24ca22ba/execute/sync'
21:13:16.081 [Forwarding isElementDisplayed on session 6816994eaa2f0eb3c9dee86e24ca22ba to remote] DEBUG org.asynchttpclient.netty.request.NettyRequestSender - Using open Channel [id: 0xacb53831, L:/127.0.0.1:50319 - R:localhost/127.0.0.1:59186] for POST '/session/6816994eaa2f0eb3c9dee86e24ca22ba/execute/sync'
21:13:16.099 [AsyncHttpClient-1-13] DEBUG org.asynchttpclient.netty.handler.HttpHandler - 

Request DefaultHttpRequest(decodeResult: success, version: HTTP/1.1)
POST /session/6816994eaa2f0eb3c9dee86e24ca22ba/execute/sync HTTP/1.1
User-Agent: selenium/4.1.2 (java windows)
Content-Length: 48780
Content-Type: application/json; charset=utf-8
host: localhost:59186
accept: */*

Response DefaultHttpResponse(decodeResult: success, version: HTTP/1.1)
HTTP/1.1 200 OK
Content-Type: application/json; charset=utf-8
cache-control: no-cache
content-length: 14

21:13:16.099 [AsyncHttpClient-1-13] DEBUG org.asynchttpclient.netty.channel.ChannelManager - Adding key: http://localhost:59186 for channel [id: 0xacb53831, L:/127.0.0.1:50319 - R:localhost/127.0.0.1:59186]
21:13:16.101 [Forwarding findElement on session 6816994eaa2f0eb3c9dee86e24ca22ba to remote] DEBUG org.asynchttpclient.netty.request.NettyRequestSender - Using pooled Channel '[id: 0xacb53831, L:/127.0.0.1:50319 - R:localhost/127.0.0.1:59186]' for 'POST' to 'http://localhost:59186/session/6816994eaa2f0eb3c9dee86e24ca22ba/element'
21:13:16.101 [Forwarding findElement on session 6816994eaa2f0eb3c9dee86e24ca22ba to remote] DEBUG org.asynchttpclient.netty.request.NettyRequestSender - Using open Channel [id: 0xacb53831, L:/127.0.0.1:50319 - R:localhost/127.0.0.1:59186] for POST '/session/6816994eaa2f0eb3c9dee86e24ca22ba/element'
21:13:16.110 [AsyncHttpClient-1-13] DEBUG org.asynchttpclient.netty.handler.HttpHandler - 

Request DefaultHttpRequest(decodeResult: success, version: HTTP/1.1)
POST /session/6816994eaa2f0eb3c9dee86e24ca22ba/element HTTP/1.1
User-Agent: selenium/4.1.2 (java windows)
Content-Length: 59
Content-Type: application/json; charset=utf-8
host: localhost:59186
accept: */*

Response DefaultHttpResponse(decodeResult: success, version: HTTP/1.1)
HTTP/1.1 200 OK
Content-Type: application/json; charset=utf-8
cache-control: no-cache
content-length: 88

21:13:16.111 [AsyncHttpClient-1-13] DEBUG org.asynchttpclient.netty.channel.ChannelManager - Adding key: http://localhost:59186 for channel [id: 0xacb53831, L:/127.0.0.1:50319 - R:localhost/127.0.0.1:59186]
21:13:16.115 [Forwarding isElementDisplayed on session 6816994eaa2f0eb3c9dee86e24ca22ba to remote] DEBUG org.asynchttpclient.netty.request.NettyRequestSender - Using pooled Channel '[id: 0xacb53831, L:/127.0.0.1:50319 - R:localhost/127.0.0.1:59186]' for 'POST' to 'http://localhost:59186/session/6816994eaa2f0eb3c9dee86e24ca22ba/execute/sync'
21:13:16.115 [Forwarding isElementDisplayed on session 6816994eaa2f0eb3c9dee86e24ca22ba to remote] DEBUG org.asynchttpclient.netty.request.NettyRequestSender - Using open Channel [id: 0xacb53831, L:/127.0.0.1:50319 - R:localhost/127.0.0.1:59186] for POST '/session/6816994eaa2f0eb3c9dee86e24ca22ba/execute/sync'
21:13:16.130 [AsyncHttpClient-1-13] DEBUG org.asynchttpclient.netty.handler.HttpHandler - 

Request DefaultHttpRequest(decodeResult: success, version: HTTP/1.1)
POST /session/6816994eaa2f0eb3c9dee86e24ca22ba/execute/sync HTTP/1.1
User-Agent: selenium/4.1.2 (java windows)
Content-Length: 48780
Content-Type: application/json; charset=utf-8
host: localhost:59186
accept: */*

Response DefaultHttpResponse(decodeResult: success, version: HTTP/1.1)
HTTP/1.1 200 OK
Content-Type: application/json; charset=utf-8
cache-control: no-cache
content-length: 14

21:13:16.130 [AsyncHttpClient-1-13] DEBUG org.asynchttpclient.netty.channel.ChannelManager - Adding key: http://localhost:59186 for channel [id: 0xacb53831, L:/127.0.0.1:50319 - R:localhost/127.0.0.1:59186]
21:13:16.134 [Forwarding findElement on session 6816994eaa2f0eb3c9dee86e24ca22ba to remote] DEBUG org.asynchttpclient.netty.request.NettyRequestSender - Using pooled Channel '[id: 0xacb53831, L:/127.0.0.1:50319 - R:localhost/127.0.0.1:59186]' for 'POST' to 'http://localhost:59186/session/6816994eaa2f0eb3c9dee86e24ca22ba/element'
21:13:16.134 [Forwarding findElement on session 6816994eaa2f0eb3c9dee86e24ca22ba to remote] DEBUG org.asynchttpclient.netty.request.NettyRequestSender - Using open Channel [id: 0xacb53831, L:/127.0.0.1:50319 - R:localhost/127.0.0.1:59186] for POST '/session/6816994eaa2f0eb3c9dee86e24ca22ba/element'
21:13:16.141 [AsyncHttpClient-1-13] DEBUG org.asynchttpclient.netty.handler.HttpHandler - 

Request DefaultHttpRequest(decodeResult: success, version: HTTP/1.1)
POST /session/6816994eaa2f0eb3c9dee86e24ca22ba/element HTTP/1.1
User-Agent: selenium/4.1.2 (java windows)
Content-Length: 81
Content-Type: application/json; charset=utf-8
host: localhost:59186
accept: */*

Response DefaultHttpResponse(decodeResult: success, version: HTTP/1.1)
HTTP/1.1 200 OK
Content-Type: application/json; charset=utf-8
cache-control: no-cache
content-length: 88

21:13:16.142 [AsyncHttpClient-1-13] DEBUG org.asynchttpclient.netty.channel.ChannelManager - Adding key: http://localhost:59186 for channel [id: 0xacb53831, L:/127.0.0.1:50319 - R:localhost/127.0.0.1:59186]
21:13:16.143 [Forwarding getElementTagName on session 6816994eaa2f0eb3c9dee86e24ca22ba to remote] DEBUG org.asynchttpclient.netty.request.NettyRequestSender - Using pooled Channel '[id: 0xacb53831, L:/127.0.0.1:50319 - R:localhost/127.0.0.1:59186]' for 'GET' to 'http://localhost:59186/session/6816994eaa2f0eb3c9dee86e24ca22ba/element/1a1049e2-2c34-45e4-8d2d-217732e7477e/name'
21:13:16.143 [Forwarding getElementTagName on session 6816994eaa2f0eb3c9dee86e24ca22ba to remote] DEBUG org.asynchttpclient.netty.request.NettyRequestSender - Using open Channel [id: 0xacb53831, L:/127.0.0.1:50319 - R:localhost/127.0.0.1:59186] for GET '/session/6816994eaa2f0eb3c9dee86e24ca22ba/element/1a1049e2-2c34-45e4-8d2d-217732e7477e/name'
21:13:16.147 [AsyncHttpClient-1-13] DEBUG org.asynchttpclient.netty.handler.HttpHandler - 

Request DefaultFullHttpRequest(decodeResult: success, version: HTTP/1.1, content: EmptyByteBufBE)
GET /session/6816994eaa2f0eb3c9dee86e24ca22ba/element/1a1049e2-2c34-45e4-8d2d-217732e7477e/name HTTP/1.1
User-Agent: selenium/4.1.2 (java windows)
Cache-Control: no-cache
Content-Type: application/json; charset=utf-8
host: localhost:59186
accept: */*

Response DefaultHttpResponse(decodeResult: success, version: HTTP/1.1)
HTTP/1.1 200 OK
Content-Type: application/json; charset=utf-8
cache-control: no-cache
content-length: 16

21:13:16.147 [AsyncHttpClient-1-13] DEBUG org.asynchttpclient.netty.channel.ChannelManager - Adding key: http://localhost:59186 for channel [id: 0xacb53831, L:/127.0.0.1:50319 - R:localhost/127.0.0.1:59186]
21:13:16.148 [Forwarding getElementTagName on session 6816994eaa2f0eb3c9dee86e24ca22ba to remote] DEBUG org.asynchttpclient.netty.request.NettyRequestSender - Using pooled Channel '[id: 0xacb53831, L:/127.0.0.1:50319 - R:localhost/127.0.0.1:59186]' for 'GET' to 'http://localhost:59186/session/6816994eaa2f0eb3c9dee86e24ca22ba/element/1a1049e2-2c34-45e4-8d2d-217732e7477e/name'
21:13:16.148 [Forwarding getElementTagName on session 6816994eaa2f0eb3c9dee86e24ca22ba to remote] DEBUG org.asynchttpclient.netty.request.NettyRequestSender - Using open Channel [id: 0xacb53831, L:/127.0.0.1:50319 - R:localhost/127.0.0.1:59186] for GET '/session/6816994eaa2f0eb3c9dee86e24ca22ba/element/1a1049e2-2c34-45e4-8d2d-217732e7477e/name'
21:13:16.152 [AsyncHttpClient-1-13] DEBUG org.asynchttpclient.netty.handler.HttpHandler - 

Request DefaultFullHttpRequest(decodeResult: success, version: HTTP/1.1, content: EmptyByteBufBE)
GET /session/6816994eaa2f0eb3c9dee86e24ca22ba/element/1a1049e2-2c34-45e4-8d2d-217732e7477e/name HTTP/1.1
User-Agent: selenium/4.1.2 (java windows)
Cache-Control: no-cache
Content-Type: application/json; charset=utf-8
host: localhost:59186
accept: */*

Response DefaultHttpResponse(decodeResult: success, version: HTTP/1.1)
HTTP/1.1 200 OK
Content-Type: application/json; charset=utf-8
cache-control: no-cache
content-length: 16

21:13:16.152 [AsyncHttpClient-1-13] DEBUG org.asynchttpclient.netty.channel.ChannelManager - Adding key: http://localhost:59186 for channel [id: 0xacb53831, L:/127.0.0.1:50319 - R:localhost/127.0.0.1:59186]
21:13:16.153 [Forwarding findElement on session 6816994eaa2f0eb3c9dee86e24ca22ba to remote] DEBUG org.asynchttpclient.netty.request.NettyRequestSender - Using pooled Channel '[id: 0xacb53831, L:/127.0.0.1:50319 - R:localhost/127.0.0.1:59186]' for 'POST' to 'http://localhost:59186/session/6816994eaa2f0eb3c9dee86e24ca22ba/element'
21:13:16.153 [Forwarding findElement on session 6816994eaa2f0eb3c9dee86e24ca22ba to remote] DEBUG org.asynchttpclient.netty.request.NettyRequestSender - Using open Channel [id: 0xacb53831, L:/127.0.0.1:50319 - R:localhost/127.0.0.1:59186] for POST '/session/6816994eaa2f0eb3c9dee86e24ca22ba/element'
21:13:16.162 [AsyncHttpClient-1-13] DEBUG org.asynchttpclient.netty.handler.HttpHandler - 

Request DefaultHttpRequest(decodeResult: success, version: HTTP/1.1)
POST /session/6816994eaa2f0eb3c9dee86e24ca22ba/element HTTP/1.1
User-Agent: selenium/4.1.2 (java windows)
Content-Length: 81
Content-Type: application/json; charset=utf-8
host: localhost:59186
accept: */*

Response DefaultHttpResponse(decodeResult: success, version: HTTP/1.1)
HTTP/1.1 200 OK
Content-Type: application/json; charset=utf-8
cache-control: no-cache
content-length: 88

21:13:16.162 [AsyncHttpClient-1-13] DEBUG org.asynchttpclient.netty.channel.ChannelManager - Adding key: http://localhost:59186 for channel [id: 0xacb53831, L:/127.0.0.1:50319 - R:localhost/127.0.0.1:59186]
21:13:16.164 [Forwarding clickElement on session 6816994eaa2f0eb3c9dee86e24ca22ba to remote] DEBUG org.asynchttpclient.netty.request.NettyRequestSender - Using pooled Channel '[id: 0xacb53831, L:/127.0.0.1:50319 - R:localhost/127.0.0.1:59186]' for 'POST' to 'http://localhost:59186/session/6816994eaa2f0eb3c9dee86e24ca22ba/element/1a1049e2-2c34-45e4-8d2d-217732e7477e/click'
21:13:16.164 [Forwarding clickElement on session 6816994eaa2f0eb3c9dee86e24ca22ba to remote] DEBUG org.asynchttpclient.netty.request.NettyRequestSender - Using open Channel [id: 0xacb53831, L:/127.0.0.1:50319 - R:localhost/127.0.0.1:59186] for POST '/session/6816994eaa2f0eb3c9dee86e24ca22ba/element/1a1049e2-2c34-45e4-8d2d-217732e7477e/click'
21:13:16.187 [AsyncHttpClient-1-1] DEBUG org.asynchttpclient.netty.channel.DefaultChannelPool - Entry count for : http://localhost:50320 : 1
21:13:16.198 [AsyncHttpClient-1-13] DEBUG org.asynchttpclient.netty.handler.HttpHandler - 

Request DefaultHttpRequest(decodeResult: success, version: HTTP/1.1)
POST /session/6816994eaa2f0eb3c9dee86e24ca22ba/element/1a1049e2-2c34-45e4-8d2d-217732e7477e/click HTTP/1.1
User-Agent: selenium/4.1.2 (java windows)
Content-Length: 50
Content-Type: application/json; charset=utf-8
host: localhost:59186
accept: */*

Response DefaultHttpResponse(decodeResult: success, version: HTTP/1.1)
HTTP/1.1 200 OK
Content-Type: application/json; charset=utf-8
cache-control: no-cache
content-length: 14

21:13:16.198 [AsyncHttpClient-1-13] DEBUG org.asynchttpclient.netty.channel.ChannelManager - Adding key: http://localhost:59186 for channel [id: 0xacb53831, L:/127.0.0.1:50319 - R:localhost/127.0.0.1:59186]
  &amp#27;[32mAnd &amp#27;[0m&amp#27;[32mI click login button again&amp#27;[0m                &amp#27;[90m# starter.stepdefinitions.LogInOutSteps.iClickLoginButtonAgain()&amp#27;[0m
21:13:16.204 [Forwarding screenshot on session 6816994eaa2f0eb3c9dee86e24ca22ba to remote] DEBUG org.asynchttpclient.netty.request.NettyRequestSender - Using pooled Channel '[id: 0xacb53831, L:/127.0.0.1:50319 - R:localhost/127.0.0.1:59186]' for 'GET' to 'http://localhost:59186/session/6816994eaa2f0eb3c9dee86e24ca22ba/screenshot'
21:13:16.204 [Forwarding screenshot on session 6816994eaa2f0eb3c9dee86e24ca22ba to remote] DEBUG org.asynchttpclient.netty.request.NettyRequestSender - Using open Channel [id: 0xacb53831, L:/127.0.0.1:50319 - R:localhost/127.0.0.1:59186] for GET '/session/6816994eaa2f0eb3c9dee86e24ca22ba/screenshot'
21:13:16.454 [AsyncHttpClient-1-13] DEBUG org.asynchttpclient.netty.handler.HttpHandler - 

Request DefaultFullHttpRequest(decodeResult: success, version: HTTP/1.1, content: EmptyByteBufBE)
GET /session/6816994eaa2f0eb3c9dee86e24ca22ba/screenshot HTTP/1.1
User-Agent: selenium/4.1.2 (java windows)
Cache-Control: no-cache
Content-Type: application/json; charset=utf-8
host: localhost:59186
accept: */*

Response DefaultHttpResponse(decodeResult: success, version: HTTP/1.1)
HTTP/1.1 200 OK
Content-Type: application/json; charset=utf-8
cache-control: no-cache
content-length: 39800

21:13:16.455 [AsyncHttpClient-1-13] DEBUG org.asynchttpclient.netty.channel.ChannelManager - Adding key: http://localhost:59186 for channel [id: 0xacb53831, L:/127.0.0.1:50319 - R:localhost/127.0.0.1:59186]
21:13:16.458 [main] DEBUG net.serenitybdd.core.photography.Darkroom - Send negative for processing for target\site\serenity\d1b6b842ef3771d9e24fbda05ce0b10ad5df958949e1ade6265363aaf5718c6f.png
21:13:16.459 [Darkroom Processing Line] DEBUG net.serenitybdd.core.photography.DarkroomProcessingLine - Processing screenshot image in /var/screenshots/screenshot-4595736861313114889
21:13:16.459 [Darkroom Processing Line] DEBUG net.serenitybdd.core.photography.DarkroomProcessingLine - Saving screenshot to target\site\serenity\d1b6b842ef3771d9e24fbda05ce0b10ad5df958949e1ade6265363aaf5718c6f.png
21:13:16.467 [Forwarding findElement on session 6816994eaa2f0eb3c9dee86e24ca22ba to remote] DEBUG org.asynchttpclient.netty.request.NettyRequestSender - Using pooled Channel '[id: 0xacb53831, L:/127.0.0.1:50319 - R:localhost/127.0.0.1:59186]' for 'POST' to 'http://localhost:59186/session/6816994eaa2f0eb3c9dee86e24ca22ba/element'
21:13:16.467 [Forwarding findElement on session 6816994eaa2f0eb3c9dee86e24ca22ba to remote] DEBUG org.asynchttpclient.netty.request.NettyRequestSender - Using open Channel [id: 0xacb53831, L:/127.0.0.1:50319 - R:localhost/127.0.0.1:59186] for POST '/session/6816994eaa2f0eb3c9dee86e24ca22ba/element'
21:13:16.479 [AsyncHttpClient-1-13] DEBUG org.asynchttpclient.netty.handler.HttpHandler - 

Request DefaultHttpRequest(decodeResult: success, version: HTTP/1.1)
POST /session/6816994eaa2f0eb3c9dee86e24ca22ba/element HTTP/1.1
User-Agent: selenium/4.1.2 (java windows)
Content-Length: 82
Content-Type: application/json; charset=utf-8
host: localhost:59186
accept: */*

Response DefaultHttpResponse(decodeResult: success, version: HTTP/1.1)
HTTP/1.1 200 OK
Content-Type: application/json; charset=utf-8
cache-control: no-cache
content-length: 88

21:13:16.479 [AsyncHttpClient-1-13] DEBUG org.asynchttpclient.netty.channel.ChannelManager - Adding key: http://localhost:59186 for channel [id: 0xacb53831, L:/127.0.0.1:50319 - R:localhost/127.0.0.1:59186]
21:13:16.482 [Forwarding isElementDisplayed on session 6816994eaa2f0eb3c9dee86e24ca22ba to remote] DEBUG org.asynchttpclient.netty.request.NettyRequestSender - Using pooled Channel '[id: 0xacb53831, L:/127.0.0.1:50319 - R:localhost/127.0.0.1:59186]' for 'POST' to 'http://localhost:59186/session/6816994eaa2f0eb3c9dee86e24ca22ba/execute/sync'
21:13:16.482 [Forwarding isElementDisplayed on session 6816994eaa2f0eb3c9dee86e24ca22ba to remote] DEBUG org.asynchttpclient.netty.request.NettyRequestSender - Using open Channel [id: 0xacb53831, L:/127.0.0.1:50319 - R:localhost/127.0.0.1:59186] for POST '/session/6816994eaa2f0eb3c9dee86e24ca22ba/execute/sync'
21:13:16.495 [AsyncHttpClient-1-13] DEBUG org.asynchttpclient.netty.handler.HttpHandler - 

Request DefaultHttpRequest(decodeResult: success, version: HTTP/1.1)
POST /session/6816994eaa2f0eb3c9dee86e24ca22ba/execute/sync HTTP/1.1
User-Agent: selenium/4.1.2 (java windows)
Content-Length: 48780
Content-Type: application/json; charset=utf-8
host: localhost:59186
accept: */*

Response DefaultHttpResponse(decodeResult: success, version: HTTP/1.1)
HTTP/1.1 200 OK
Content-Type: application/json; charset=utf-8
cache-control: no-cache
content-length: 14

21:13:16.495 [AsyncHttpClient-1-13] DEBUG org.asynchttpclient.netty.channel.ChannelManager - Adding key: http://localhost:59186 for channel [id: 0xacb53831, L:/127.0.0.1:50319 - R:localhost/127.0.0.1:59186]
  &amp#27;[32mThen &amp#27;[0m&amp#27;[32mI get &amp#27;[0m&amp#27;[32m&amp#27;[1m"email error"&amp#27;[0m&amp#27;[32m as result&amp#27;[0m            &amp#27;[90m# starter.stepdefinitions.LogInOutSteps.iGetResult(java.lang.String)&amp#27;[0m
21:13:16.504 [AsyncHttpClient-1-15] DEBUG org.asynchttpclient.netty.handler.WebSocketHandler - Channel Closed: [id: 0xb72a7869, L:/127.0.0.1:50328 ! R:localhost/127.0.0.1:50320] with attribute NettyResponseFuture{currentRetry=5,
	isDone=1,
	isCancelled=0,
	asyncHandler=org.asynchttpclient.ws.WebSocketUpgradeHandler@47f42ace,
	nettyRequest=org.asynchttpclient.netty.request.NettyRequest@2e5e9ffc,
	future=java.util.concurrent.CompletableFuture@3fcb0f1a[Completed normally],
	uri=ws://localhost:50320/devtools/browser/86905591-76bf-4272-ae18-5f48c9848b03,
	keepAlive=true,
	redirectCount=0,
	timeoutsHolder=null,
	inAuth=0,
	touch=1667484783603}
21:13:16.504 [AsyncHttpClient-1-15] DEBUG org.asynchttpclient.netty.channel.ChannelManager - Closing Channel [id: 0xb72a7869, L:/127.0.0.1:50328 ! R:localhost/127.0.0.1:50320] 
21:13:16.505 [Driver Command Executor] DEBUG org.asynchttpclient.netty.request.NettyRequestSender - Using pooled Channel '[id: 0xacb53831, L:/127.0.0.1:50319 - R:localhost/127.0.0.1:59186]' for 'DELETE' to 'http://localhost:59186/session/6816994eaa2f0eb3c9dee86e24ca22ba'
21:13:16.505 [Driver Command Executor] DEBUG org.asynchttpclient.netty.request.NettyRequestSender - Using open Channel [id: 0xacb53831, L:/127.0.0.1:50319 - R:localhost/127.0.0.1:59186] for DELETE '/session/6816994eaa2f0eb3c9dee86e24ca22ba'
21:13:16.568 [AsyncHttpClient-1-14] DEBUG org.asynchttpclient.netty.handler.HttpHandler - Unexpected I/O exception on channel [id: 0xef59945f, L:/127.0.0.1:50327 - R:localhost/127.0.0.1:50320]
java.net.SocketException: Connection reset
	at java.base/sun.nio.ch.SocketChannelImpl.throwConnectionReset(SocketChannelImpl.java:345)
	at java.base/sun.nio.ch.SocketChannelImpl.read(SocketChannelImpl.java:376)
	at io.netty.buffer.PooledByteBuf.setBytes(PooledByteBuf.java:258)
	at io.netty.buffer.AbstractByteBuf.writeBytes(AbstractByteBuf.java:1132)
	at io.netty.channel.socket.nio.NioSocketChannel.doReadBytes(NioSocketChannel.java:350)
	at io.netty.channel.nio.AbstractNioByteChannel$NioByteUnsafe.read(AbstractNioByteChannel.java:151)
	at io.netty.channel.nio.NioEventLoop.processSelectedKey(NioEventLoop.java:722)
	at io.netty.channel.nio.NioEventLoop.processSelectedKeysOptimized(NioEventLoop.java:658)
	at io.netty.channel.nio.NioEventLoop.processSelectedKeys(NioEventLoop.java:584)
	at io.netty.channel.nio.NioEventLoop.run(NioEventLoop.java:496)
	at io.netty.util.concurrent.SingleThreadEventExecutor$4.run(SingleThreadEventExecutor.java:986)
	at io.netty.util.internal.ThreadExecutorMap$2.run(ThreadExecutorMap.java:74)
	at io.netty.util.concurrent.FastThreadLocalRunnable.run(FastThreadLocalRunnable.java:30)
	at java.base/java.lang.Thread.run(Thread.java:830)
21:13:16.568 [AsyncHttpClient-1-14] DEBUG org.asynchttpclient.netty.channel.ChannelManager - Closing Channel [id: 0xef59945f, L:/127.0.0.1:50327 - R:localhost/127.0.0.1:50320] 
21:13:16.568 [AsyncHttpClient-1-14] DEBUG org.asynchttpclient.netty.handler.HttpHandler - Channel Closed: [id: 0xef59945f, L:/127.0.0.1:50327 ! R:localhost/127.0.0.1:50320] with attribute DISCARD
21:13:16.613 [AsyncHttpClient-1-13] DEBUG org.asynchttpclient.netty.handler.HttpHandler - 

Request DefaultFullHttpRequest(decodeResult: success, version: HTTP/1.1, content: EmptyByteBufBE)
DELETE /session/6816994eaa2f0eb3c9dee86e24ca22ba HTTP/1.1
User-Agent: selenium/4.1.2 (java windows)
Content-Type: application/json; charset=utf-8
host: localhost:59186
accept: */*

Response DefaultHttpResponse(decodeResult: success, version: HTTP/1.1)
HTTP/1.1 200 OK
Content-Type: application/json; charset=utf-8
cache-control: no-cache
content-length: 14

21:13:16.613 [AsyncHttpClient-1-13] DEBUG org.asynchttpclient.netty.channel.ChannelManager - Adding key: http://localhost:59186 for channel [id: 0xacb53831, L:/127.0.0.1:50319 - R:localhost/127.0.0.1:59186]
21:13:16.679 [AsyncHttpClient-1-13] DEBUG org.asynchttpclient.netty.handler.HttpHandler - Channel Closed: [id: 0xacb53831, L:/127.0.0.1:50319 ! R:localhost/127.0.0.1:59186] with attribute DISCARD
]]></system-out>
    <system-err><![CDATA[Starting ChromeDriver 106.0.5249.61 (511755355844955cd3e264779baf0dd38212a4d0-refs/branch-heads/5249@{#569}) on port 59186
Only local connections are allowed.
Please see https://chromedriver.chromium.org/security-considerations for suggestions on keeping ChromeDriver safe.
ChromeDriver was started successfully.
[1667484783.322][WARNING]: This version of ChromeDriver has not been tested with Chrome version 107.
Nov 03, 2022 9:13:03 PM org.openqa.selenium.remote.ProtocolHandshake createSession
INFO: Detected dialect: W3C
Nov 03, 2022 9:13:03 PM org.openqa.selenium.devtools.CdpVersionFinder findNearestMatch
WARNING: Unable to find an exact match for CDP version 107, so returning the closest version found: a no-op implementation
Nov 03, 2022 9:13:03 PM org.openqa.selenium.devtools.CdpVersionFinder findNearestMatch
INFO: Unable to find CDP implementation matching 107.
Nov 03, 2022 9:13:03 PM org.openqa.selenium.chromium.ChromiumDriver lambda$new$3
WARNING: Unable to find version of CDP to use for . You may need to include a dependency on a specific version of the CDP using something similar to `org.seleniumhq.selenium:selenium-devtools-v86:4.1.2` where the version ("v86") matches the version of the chromium-based browser you're using and the version number of the artifact is the same as Selenium's.
]]></system-err>
  </testcase>
  <testcase name="Login with email and password #4" classname="Login" time="14.684">
    <system-out><![CDATA[
Scenario Outline: Login with email and password &amp#27;[90m# src/test/resources/features/Login.feature:30&amp#27;[0m
21:13:17.221 [main] INFO io.cucumber.core.plugin.SerenityReporter - Running feature from file:///C:/Users/ASUS/Desktop/stupen/miniproject/Web/ASWeb/src/test/resources/features/Login.feature
21:13:17.233 [main] INFO net.serenitybdd.core.webdriver.driverproviders.ChromeDriverProvider - Using automatically driver download
21:13:17.290 [AsyncHttpClient-1-1] DEBUG org.asynchttpclient.netty.channel.DefaultChannelPool - Entry count for : http://localhost:59186 : 1
21:13:17.290 [AsyncHttpClient-1-1] DEBUG org.asynchttpclient.netty.channel.DefaultChannelPool - Entry count for : http://localhost:50320 : 1
21:13:17.290 [AsyncHttpClient-1-1] DEBUG org.asynchttpclient.netty.channel.DefaultChannelPool - Adding Candidate expired Channel [id: 0xacb53831, L:/127.0.0.1:50319 ! R:localhost/127.0.0.1:59186] isIdleTimeoutExpired=false isRemotelyClosed=true isTtlExpired=false
21:13:17.290 [AsyncHttpClient-1-1] DEBUG org.asynchttpclient.netty.channel.DefaultChannelPool - Closing Idle Channel [id: 0xacb53831, L:/127.0.0.1:50319 ! R:localhost/127.0.0.1:59186]
21:13:17.290 [AsyncHttpClient-1-1] DEBUG org.asynchttpclient.netty.channel.DefaultChannelPool - Adding Candidate expired Channel [id: 0xef59945f, L:/127.0.0.1:50327 ! R:localhost/127.0.0.1:50320] isIdleTimeoutExpired=false isRemotelyClosed=true isTtlExpired=false
21:13:17.290 [AsyncHttpClient-1-1] DEBUG org.asynchttpclient.netty.channel.DefaultChannelPool - Closing Idle Channel [id: 0xef59945f, L:/127.0.0.1:50327 ! R:localhost/127.0.0.1:50320]
21:13:17.290 [AsyncHttpClient-1-1] DEBUG org.asynchttpclient.netty.channel.DefaultChannelPool - Closed 2 connections out of 2 in 0 ms
21:13:17.368 [main] DEBUG io.github.bonigarcia.wdm.cache.ResolutionCache - Resolution chrome=107 in cache (valid until 21:49:49 03/11/2022 WIB)
21:13:17.374 [main] DEBUG io.github.bonigarcia.wdm.cache.ResolutionCache - Resolution chrome107=107.0.5304.62 in cache (valid until 16:49:12 04/11/2022 WIB)
21:13:17.376 [main] INFO io.github.bonigarcia.wdm.WebDriverManager - Using chromedriver 107.0.5304.62 (resolved driver for Chrome 107)
21:13:17.386 [main] DEBUG io.github.bonigarcia.wdm.WebDriverManager - Driver chromedriver 107.0.5304.62 found in cache
21:13:17.387 [main] INFO io.github.bonigarcia.wdm.WebDriverManager - Exporting webdriver.chrome.driver as C:\Users\ASUS\.cache\selenium\chromedriver\win32\107.0.5304.62\chromedriver.exe
21:13:17.549 [main] DEBUG net.serenitybdd.core.webdriver.driverproviders.ProvideNewDriver - Instantiating driver
21:13:17.549 [main] DEBUG net.serenitybdd.core.webdriver.driverproviders.ProvideNewDriver - Driver capabilities: Capabilities {acceptInsecureCerts: false, base.url: https://alta-shop.vercel.app/, browserName: chrome, chrome.driver: src/test/resources/webdrive..., driver: chrome, goog:chromeOptions: {args: [], extensions: []}, wait.for.timeout: 10000}
21:13:18.095 [AsyncHttpClient-1-16] DEBUG org.asynchttpclient.netty.channel.NettyConnectListener - Using new Channel '[id: 0x039113e3, L:/127.0.0.1:50358 - R:localhost/127.0.0.1:59005]' for 'POST' to '/session'
21:13:19.835 [AsyncHttpClient-1-16] DEBUG org.asynchttpclient.netty.handler.HttpHandler - 

Request DefaultHttpRequest(decodeResult: success, version: HTTP/1.1)
POST /session HTTP/1.1
User-Agent: selenium/4.1.2 (java windows)
Content-Length: 646
Content-Type: application/json; charset=utf-8
host: localhost:59005
accept: */*

Response DefaultHttpResponse(decodeResult: success, version: HTTP/1.1)
HTTP/1.1 200 OK
Content-Type: application/json; charset=utf-8
cache-control: no-cache
content-length: 789

21:13:19.835 [AsyncHttpClient-1-16] DEBUG org.asynchttpclient.netty.channel.ChannelManager - Adding key: http://localhost:59005 for channel [id: 0x039113e3, L:/127.0.0.1:50358 - R:localhost/127.0.0.1:59005]
21:13:19.845 [AsyncHttpClient-1-17] DEBUG org.asynchttpclient.netty.channel.NettyConnectListener - Using new Channel '[id: 0x6738aeea, L:/127.0.0.1:50371 - R:localhost/127.0.0.1:50359]' for 'GET' to '/json/version'
21:13:19.846 [AsyncHttpClient-1-17] DEBUG org.asynchttpclient.netty.handler.HttpHandler - 

Request DefaultFullHttpRequest(decodeResult: success, version: HTTP/1.1, content: EmptyByteBufBE)
GET /json/version HTTP/1.1
User-Agent: selenium/4.1.2 (java windows)
host: localhost:50359
accept: */*

Response DefaultHttpResponse(decodeResult: success, version: HTTP/1.1)
HTTP/1.1 200 OK
Content-Type: application/json; charset=UTF-8
content-length: 423

21:13:19.846 [AsyncHttpClient-1-17] DEBUG org.asynchttpclient.netty.channel.ChannelManager - Adding key: http://localhost:50359 for channel [id: 0x6738aeea, L:/127.0.0.1:50371 - R:localhost/127.0.0.1:50359]
21:13:19.849 [AsyncHttpClient-1-2] DEBUG org.asynchttpclient.netty.channel.NettyConnectListener - Using new Channel '[id: 0xbe5d32f1, L:/127.0.0.1:50372 - R:localhost/127.0.0.1:50359]' for 'GET' to '/devtools/browser/8534e383-4f79-44b0-9fc5-d93cab279b5b'
21:13:19.850 [AsyncHttpClient-1-2] DEBUG org.asynchttpclient.netty.handler.WebSocketHandler - 

Request DefaultFullHttpRequest(decodeResult: success, version: HTTP/1.1, content: EmptyByteBufBE)
GET /devtools/browser/8534e383-4f79-44b0-9fc5-d93cab279b5b HTTP/1.1
upgrade: websocket
connection: upgrade
sec-websocket-key: 0HgmVQtFbHJRkdsE33Fkwg==
sec-websocket-version: 13
origin: http://localhost:50359
host: localhost:50359
accept: */*
user-agent: AHC/2.1

Response DefaultHttpResponse(decodeResult: success, version: HTTP/1.1)
HTTP/1.1 101 WebSocket Protocol Handshake
Upgrade: WebSocket
Connection: Upgrade
Sec-WebSocket-Accept: 7oOfIiIwgRMuwzL4tB5Phk1LY2o=

21:13:19.856 [Forwarding get on session b0b2a1c999818bd912e23ede3c942393 to remote] DEBUG org.asynchttpclient.netty.request.NettyRequestSender - Using pooled Channel '[id: 0x039113e3, L:/127.0.0.1:50358 - R:localhost/127.0.0.1:59005]' for 'POST' to 'http://localhost:59005/session/b0b2a1c999818bd912e23ede3c942393/url'
21:13:19.856 [Forwarding get on session b0b2a1c999818bd912e23ede3c942393 to remote] DEBUG org.asynchttpclient.netty.request.NettyRequestSender - Using open Channel [id: 0x039113e3, L:/127.0.0.1:50358 - R:localhost/127.0.0.1:59005] for POST '/session/b0b2a1c999818bd912e23ede3c942393/url'
21:13:20.593 [AsyncHttpClient-1-1] DEBUG org.asynchttpclient.netty.channel.DefaultChannelPool - Entry count for : http://localhost:50359 : 1
21:13:21.695 [AsyncHttpClient-1-1] DEBUG org.asynchttpclient.netty.channel.DefaultChannelPool - Entry count for : http://localhost:50359 : 1
21:13:22.792 [AsyncHttpClient-1-1] DEBUG org.asynchttpclient.netty.channel.DefaultChannelPool - Entry count for : http://localhost:50359 : 1
21:13:23.888 [AsyncHttpClient-1-1] DEBUG org.asynchttpclient.netty.channel.DefaultChannelPool - Entry count for : http://localhost:50359 : 1
21:13:24.144 [AsyncHttpClient-1-16] DEBUG org.asynchttpclient.netty.handler.HttpHandler - 

Request DefaultHttpRequest(decodeResult: success, version: HTTP/1.1)
POST /session/b0b2a1c999818bd912e23ede3c942393/url HTTP/1.1
User-Agent: selenium/4.1.2 (java windows)
Content-Length: 74
Content-Type: application/json; charset=utf-8
host: localhost:59005
accept: */*

Response DefaultHttpResponse(decodeResult: success, version: HTTP/1.1)
HTTP/1.1 200 OK
Content-Type: application/json; charset=utf-8
cache-control: no-cache
content-length: 14

21:13:24.144 [AsyncHttpClient-1-16] DEBUG org.asynchttpclient.netty.channel.ChannelManager - Adding key: http://localhost:59005 for channel [id: 0x039113e3, L:/127.0.0.1:50358 - R:localhost/127.0.0.1:59005]
21:13:24.145 [Forwarding setTimeout on session b0b2a1c999818bd912e23ede3c942393 to remote] DEBUG org.asynchttpclient.netty.request.NettyRequestSender - Using pooled Channel '[id: 0x039113e3, L:/127.0.0.1:50358 - R:localhost/127.0.0.1:59005]' for 'POST' to 'http://localhost:59005/session/b0b2a1c999818bd912e23ede3c942393/timeouts'
21:13:24.145 [Forwarding setTimeout on session b0b2a1c999818bd912e23ede3c942393 to remote] DEBUG org.asynchttpclient.netty.request.NettyRequestSender - Using open Channel [id: 0x039113e3, L:/127.0.0.1:50358 - R:localhost/127.0.0.1:59005] for POST '/session/b0b2a1c999818bd912e23ede3c942393/timeouts'
21:13:24.146 [AsyncHttpClient-1-16] DEBUG org.asynchttpclient.netty.handler.HttpHandler - 

Request DefaultHttpRequest(decodeResult: success, version: HTTP/1.1)
POST /session/b0b2a1c999818bd912e23ede3c942393/timeouts HTTP/1.1
User-Agent: selenium/4.1.2 (java windows)
Content-Length: 22
Content-Type: application/json; charset=utf-8
host: localhost:59005
accept: */*

Response DefaultHttpResponse(decodeResult: success, version: HTTP/1.1)
HTTP/1.1 200 OK
Content-Type: application/json; charset=utf-8
cache-control: no-cache
content-length: 14

21:13:24.146 [AsyncHttpClient-1-16] DEBUG org.asynchttpclient.netty.channel.ChannelManager - Adding key: http://localhost:59005 for channel [id: 0x039113e3, L:/127.0.0.1:50358 - R:localhost/127.0.0.1:59005]
21:13:24.149 [Forwarding getCurrentUrl on session b0b2a1c999818bd912e23ede3c942393 to remote] DEBUG org.asynchttpclient.netty.request.NettyRequestSender - Using pooled Channel '[id: 0x039113e3, L:/127.0.0.1:50358 - R:localhost/127.0.0.1:59005]' for 'GET' to 'http://localhost:59005/session/b0b2a1c999818bd912e23ede3c942393/url'
21:13:24.149 [Forwarding getCurrentUrl on session b0b2a1c999818bd912e23ede3c942393 to remote] DEBUG org.asynchttpclient.netty.request.NettyRequestSender - Using open Channel [id: 0x039113e3, L:/127.0.0.1:50358 - R:localhost/127.0.0.1:59005] for GET '/session/b0b2a1c999818bd912e23ede3c942393/url'
21:13:24.153 [AsyncHttpClient-1-16] DEBUG org.asynchttpclient.netty.handler.HttpHandler - 

Request DefaultFullHttpRequest(decodeResult: success, version: HTTP/1.1, content: EmptyByteBufBE)
GET /session/b0b2a1c999818bd912e23ede3c942393/url HTTP/1.1
User-Agent: selenium/4.1.2 (java windows)
Cache-Control: no-cache
Content-Type: application/json; charset=utf-8
host: localhost:59005
accept: */*

Response DefaultHttpResponse(decodeResult: success, version: HTTP/1.1)
HTTP/1.1 200 OK
Content-Type: application/json; charset=utf-8
cache-control: no-cache
content-length: 51

21:13:24.154 [AsyncHttpClient-1-16] DEBUG org.asynchttpclient.netty.channel.ChannelManager - Adding key: http://localhost:59005 for channel [id: 0x039113e3, L:/127.0.0.1:50358 - R:localhost/127.0.0.1:59005]
  &amp#27;[32mGiven &amp#27;[0m&amp#27;[32mI am in login page&amp#27;[0m                      &amp#27;[90m# starter.stepdefinitions.LogInOutSteps.iAmInLoginPage()&amp#27;[0m
21:13:24.162 [Forwarding screenshot on session b0b2a1c999818bd912e23ede3c942393 to remote] DEBUG org.asynchttpclient.netty.request.NettyRequestSender - Using pooled Channel '[id: 0x039113e3, L:/127.0.0.1:50358 - R:localhost/127.0.0.1:59005]' for 'GET' to 'http://localhost:59005/session/b0b2a1c999818bd912e23ede3c942393/screenshot'
21:13:24.162 [Forwarding screenshot on session b0b2a1c999818bd912e23ede3c942393 to remote] DEBUG org.asynchttpclient.netty.request.NettyRequestSender - Using open Channel [id: 0x039113e3, L:/127.0.0.1:50358 - R:localhost/127.0.0.1:59005] for GET '/session/b0b2a1c999818bd912e23ede3c942393/screenshot'
21:13:24.281 [AsyncHttpClient-1-16] DEBUG org.asynchttpclient.netty.handler.HttpHandler - 

Request DefaultFullHttpRequest(decodeResult: success, version: HTTP/1.1, content: EmptyByteBufBE)
GET /session/b0b2a1c999818bd912e23ede3c942393/screenshot HTTP/1.1
User-Agent: selenium/4.1.2 (java windows)
Cache-Control: no-cache
Content-Type: application/json; charset=utf-8
host: localhost:59005
accept: */*

Response DefaultHttpResponse(decodeResult: success, version: HTTP/1.1)
HTTP/1.1 200 OK
Content-Type: application/json; charset=utf-8
cache-control: no-cache
content-length: 38472

21:13:24.281 [AsyncHttpClient-1-16] DEBUG org.asynchttpclient.netty.channel.ChannelManager - Adding key: http://localhost:59005 for channel [id: 0x039113e3, L:/127.0.0.1:50358 - R:localhost/127.0.0.1:59005]
21:13:24.283 [main] DEBUG net.serenitybdd.core.photography.Darkroom - Send negative for processing for target\site\serenity\6c2309ed56aeb278067cd6b3caf368b9f01e276e2bf175d46007f31c90d5af21.png
21:13:24.290 [Forwarding findElement on session b0b2a1c999818bd912e23ede3c942393 to remote] DEBUG org.asynchttpclient.netty.request.NettyRequestSender - Using pooled Channel '[id: 0x039113e3, L:/127.0.0.1:50358 - R:localhost/127.0.0.1:59005]' for 'POST' to 'http://localhost:59005/session/b0b2a1c999818bd912e23ede3c942393/element'
21:13:24.290 [Forwarding findElement on session b0b2a1c999818bd912e23ede3c942393 to remote] DEBUG org.asynchttpclient.netty.request.NettyRequestSender - Using open Channel [id: 0x039113e3, L:/127.0.0.1:50358 - R:localhost/127.0.0.1:59005] for POST '/session/b0b2a1c999818bd912e23ede3c942393/element'
21:13:24.304 [AsyncHttpClient-1-16] DEBUG org.asynchttpclient.netty.handler.HttpHandler - 

Request DefaultHttpRequest(decodeResult: success, version: HTTP/1.1)
POST /session/b0b2a1c999818bd912e23ede3c942393/element HTTP/1.1
User-Agent: selenium/4.1.2 (java windows)
Content-Length: 87
Content-Type: application/json; charset=utf-8
host: localhost:59005
accept: */*

Response DefaultHttpResponse(decodeResult: success, version: HTTP/1.1)
HTTP/1.1 200 OK
Content-Type: application/json; charset=utf-8
cache-control: no-cache
content-length: 88

21:13:24.304 [AsyncHttpClient-1-16] DEBUG org.asynchttpclient.netty.channel.ChannelManager - Adding key: http://localhost:59005 for channel [id: 0x039113e3, L:/127.0.0.1:50358 - R:localhost/127.0.0.1:59005]
21:13:24.306 [Forwarding clearElement on session b0b2a1c999818bd912e23ede3c942393 to remote] DEBUG org.asynchttpclient.netty.request.NettyRequestSender - Using pooled Channel '[id: 0x039113e3, L:/127.0.0.1:50358 - R:localhost/127.0.0.1:59005]' for 'POST' to 'http://localhost:59005/session/b0b2a1c999818bd912e23ede3c942393/element/35851b96-9e6b-4be3-a41d-10202019d869/clear'
21:13:24.306 [Forwarding clearElement on session b0b2a1c999818bd912e23ede3c942393 to remote] DEBUG org.asynchttpclient.netty.request.NettyRequestSender - Using open Channel [id: 0x039113e3, L:/127.0.0.1:50358 - R:localhost/127.0.0.1:59005] for POST '/session/b0b2a1c999818bd912e23ede3c942393/element/35851b96-9e6b-4be3-a41d-10202019d869/clear'
21:13:24.336 [AsyncHttpClient-1-16] DEBUG org.asynchttpclient.netty.handler.HttpHandler - 

Request DefaultHttpRequest(decodeResult: success, version: HTTP/1.1)
POST /session/b0b2a1c999818bd912e23ede3c942393/element/35851b96-9e6b-4be3-a41d-10202019d869/clear HTTP/1.1
User-Agent: selenium/4.1.2 (java windows)
Content-Length: 50
Content-Type: application/json; charset=utf-8
host: localhost:59005
accept: */*

Response DefaultHttpResponse(decodeResult: success, version: HTTP/1.1)
HTTP/1.1 200 OK
Content-Type: application/json; charset=utf-8
cache-control: no-cache
content-length: 14

21:13:24.336 [AsyncHttpClient-1-16] DEBUG org.asynchttpclient.netty.channel.ChannelManager - Adding key: http://localhost:59005 for channel [id: 0x039113e3, L:/127.0.0.1:50358 - R:localhost/127.0.0.1:59005]
21:13:24.338 [Forwarding sendKeysToElement on session b0b2a1c999818bd912e23ede3c942393 to remote] DEBUG org.asynchttpclient.netty.request.NettyRequestSender - Using pooled Channel '[id: 0x039113e3, L:/127.0.0.1:50358 - R:localhost/127.0.0.1:59005]' for 'POST' to 'http://localhost:59005/session/b0b2a1c999818bd912e23ede3c942393/element/35851b96-9e6b-4be3-a41d-10202019d869/value'
21:13:24.338 [Forwarding sendKeysToElement on session b0b2a1c999818bd912e23ede3c942393 to remote] DEBUG org.asynchttpclient.netty.request.NettyRequestSender - Using open Channel [id: 0x039113e3, L:/127.0.0.1:50358 - R:localhost/127.0.0.1:59005] for POST '/session/b0b2a1c999818bd912e23ede3c942393/element/35851b96-9e6b-4be3-a41d-10202019d869/value'
21:13:24.433 [AsyncHttpClient-1-16] DEBUG org.asynchttpclient.netty.handler.HttpHandler - 

Request DefaultHttpRequest(decodeResult: success, version: HTTP/1.1)
POST /session/b0b2a1c999818bd912e23ede3c942393/element/35851b96-9e6b-4be3-a41d-10202019d869/value HTTP/1.1
User-Agent: selenium/4.1.2 (java windows)
Content-Length: 231
Content-Type: application/json; charset=utf-8
host: localhost:59005
accept: */*

Response DefaultHttpResponse(decodeResult: success, version: HTTP/1.1)
HTTP/1.1 200 OK
Content-Type: application/json; charset=utf-8
cache-control: no-cache
content-length: 14

21:13:24.433 [AsyncHttpClient-1-16] DEBUG org.asynchttpclient.netty.channel.ChannelManager - Adding key: http://localhost:59005 for channel [id: 0x039113e3, L:/127.0.0.1:50358 - R:localhost/127.0.0.1:59005]
  &amp#27;[32mWhen &amp#27;[0m&amp#27;[32mI input &amp#27;[0m&amp#27;[32m&amp#27;[1m"naevis@mail.com"&amp#27;[0m&amp#27;[32m email&amp#27;[0m          &amp#27;[90m# starter.stepdefinitions.LogInOutSteps.iInputEmailEmail(java.lang.String)&amp#27;[0m
21:13:24.440 [Forwarding screenshot on session b0b2a1c999818bd912e23ede3c942393 to remote] DEBUG org.asynchttpclient.netty.request.NettyRequestSender - Using pooled Channel '[id: 0x039113e3, L:/127.0.0.1:50358 - R:localhost/127.0.0.1:59005]' for 'GET' to 'http://localhost:59005/session/b0b2a1c999818bd912e23ede3c942393/screenshot'
21:13:24.440 [Forwarding screenshot on session b0b2a1c999818bd912e23ede3c942393 to remote] DEBUG org.asynchttpclient.netty.request.NettyRequestSender - Using open Channel [id: 0x039113e3, L:/127.0.0.1:50358 - R:localhost/127.0.0.1:59005] for GET '/session/b0b2a1c999818bd912e23ede3c942393/screenshot'
21:13:24.594 [AsyncHttpClient-1-16] DEBUG org.asynchttpclient.netty.handler.HttpHandler - 

Request DefaultFullHttpRequest(decodeResult: success, version: HTTP/1.1, content: EmptyByteBufBE)
GET /session/b0b2a1c999818bd912e23ede3c942393/screenshot HTTP/1.1
User-Agent: selenium/4.1.2 (java windows)
Cache-Control: no-cache
Content-Type: application/json; charset=utf-8
host: localhost:59005
accept: */*

Response DefaultHttpResponse(decodeResult: success, version: HTTP/1.1)
HTTP/1.1 200 OK
Content-Type: application/json; charset=utf-8
cache-control: no-cache
content-length: 45380

21:13:24.594 [AsyncHttpClient-1-16] DEBUG org.asynchttpclient.netty.channel.ChannelManager - Adding key: http://localhost:59005 for channel [id: 0x039113e3, L:/127.0.0.1:50358 - R:localhost/127.0.0.1:59005]
21:13:24.596 [main] DEBUG net.serenitybdd.core.photography.Darkroom - Send negative for processing for target\site\serenity\902ddba24cf4fdf900454cb56f45cc8bc80fc430f05566a4a7240c44378c40d1.png
21:13:24.596 [Darkroom Processing Line] DEBUG net.serenitybdd.core.photography.DarkroomProcessingLine - Processing screenshot image in /var/screenshots/screenshot-7205660777508518576
21:13:24.596 [Darkroom Processing Line] DEBUG net.serenitybdd.core.photography.DarkroomProcessingLine - Saving screenshot to target\site\serenity\902ddba24cf4fdf900454cb56f45cc8bc80fc430f05566a4a7240c44378c40d1.png
21:13:24.604 [Forwarding findElement on session b0b2a1c999818bd912e23ede3c942393 to remote] DEBUG org.asynchttpclient.netty.request.NettyRequestSender - Using pooled Channel '[id: 0x039113e3, L:/127.0.0.1:50358 - R:localhost/127.0.0.1:59005]' for 'POST' to 'http://localhost:59005/session/b0b2a1c999818bd912e23ede3c942393/element'
21:13:24.604 [Forwarding findElement on session b0b2a1c999818bd912e23ede3c942393 to remote] DEBUG org.asynchttpclient.netty.request.NettyRequestSender - Using open Channel [id: 0x039113e3, L:/127.0.0.1:50358 - R:localhost/127.0.0.1:59005] for POST '/session/b0b2a1c999818bd912e23ede3c942393/element'
21:13:24.613 [AsyncHttpClient-1-16] DEBUG org.asynchttpclient.netty.handler.HttpHandler - 

Request DefaultHttpRequest(decodeResult: success, version: HTTP/1.1)
POST /session/b0b2a1c999818bd912e23ede3c942393/element HTTP/1.1
User-Agent: selenium/4.1.2 (java windows)
Content-Length: 90
Content-Type: application/json; charset=utf-8
host: localhost:59005
accept: */*

Response DefaultHttpResponse(decodeResult: success, version: HTTP/1.1)
HTTP/1.1 200 OK
Content-Type: application/json; charset=utf-8
cache-control: no-cache
content-length: 88

21:13:24.613 [AsyncHttpClient-1-16] DEBUG org.asynchttpclient.netty.channel.ChannelManager - Adding key: http://localhost:59005 for channel [id: 0x039113e3, L:/127.0.0.1:50358 - R:localhost/127.0.0.1:59005]
21:13:24.614 [Forwarding clearElement on session b0b2a1c999818bd912e23ede3c942393 to remote] DEBUG org.asynchttpclient.netty.request.NettyRequestSender - Using pooled Channel '[id: 0x039113e3, L:/127.0.0.1:50358 - R:localhost/127.0.0.1:59005]' for 'POST' to 'http://localhost:59005/session/b0b2a1c999818bd912e23ede3c942393/element/46da809e-bc95-49ce-86af-357a0212c2a9/clear'
21:13:24.614 [Forwarding clearElement on session b0b2a1c999818bd912e23ede3c942393 to remote] DEBUG org.asynchttpclient.netty.request.NettyRequestSender - Using open Channel [id: 0x039113e3, L:/127.0.0.1:50358 - R:localhost/127.0.0.1:59005] for POST '/session/b0b2a1c999818bd912e23ede3c942393/element/46da809e-bc95-49ce-86af-357a0212c2a9/clear'
21:13:24.643 [AsyncHttpClient-1-16] DEBUG org.asynchttpclient.netty.handler.HttpHandler - 

Request DefaultHttpRequest(decodeResult: success, version: HTTP/1.1)
POST /session/b0b2a1c999818bd912e23ede3c942393/element/46da809e-bc95-49ce-86af-357a0212c2a9/clear HTTP/1.1
User-Agent: selenium/4.1.2 (java windows)
Content-Length: 50
Content-Type: application/json; charset=utf-8
host: localhost:59005
accept: */*

Response DefaultHttpResponse(decodeResult: success, version: HTTP/1.1)
HTTP/1.1 200 OK
Content-Type: application/json; charset=utf-8
cache-control: no-cache
content-length: 14

21:13:24.644 [AsyncHttpClient-1-16] DEBUG org.asynchttpclient.netty.channel.ChannelManager - Adding key: http://localhost:59005 for channel [id: 0x039113e3, L:/127.0.0.1:50358 - R:localhost/127.0.0.1:59005]
21:13:24.645 [Forwarding sendKeysToElement on session b0b2a1c999818bd912e23ede3c942393 to remote] DEBUG org.asynchttpclient.netty.request.NettyRequestSender - Using pooled Channel '[id: 0x039113e3, L:/127.0.0.1:50358 - R:localhost/127.0.0.1:59005]' for 'POST' to 'http://localhost:59005/session/b0b2a1c999818bd912e23ede3c942393/element/46da809e-bc95-49ce-86af-357a0212c2a9/value'
21:13:24.645 [Forwarding sendKeysToElement on session b0b2a1c999818bd912e23ede3c942393 to remote] DEBUG org.asynchttpclient.netty.request.NettyRequestSender - Using open Channel [id: 0x039113e3, L:/127.0.0.1:50358 - R:localhost/127.0.0.1:59005] for POST '/session/b0b2a1c999818bd912e23ede3c942393/element/46da809e-bc95-49ce-86af-357a0212c2a9/value'
21:13:24.697 [AsyncHttpClient-1-16] DEBUG org.asynchttpclient.netty.handler.HttpHandler - 

Request DefaultHttpRequest(decodeResult: success, version: HTTP/1.1)
POST /session/b0b2a1c999818bd912e23ede3c942393/element/46da809e-bc95-49ce-86af-357a0212c2a9/value HTTP/1.1
User-Agent: selenium/4.1.2 (java windows)
Content-Length: 121
Content-Type: application/json; charset=utf-8
host: localhost:59005
accept: */*

Response DefaultHttpResponse(decodeResult: success, version: HTTP/1.1)
HTTP/1.1 200 OK
Content-Type: application/json; charset=utf-8
cache-control: no-cache
content-length: 14

21:13:24.697 [AsyncHttpClient-1-16] DEBUG org.asynchttpclient.netty.channel.ChannelManager - Adding key: http://localhost:59005 for channel [id: 0x039113e3, L:/127.0.0.1:50358 - R:localhost/127.0.0.1:59005]
  &amp#27;[32mAnd &amp#27;[0m&amp#27;[32mI input &amp#27;[0m&amp#27;[32m&amp#27;[1m"pass"&amp#27;[0m&amp#27;[32m password&amp#27;[0m                   &amp#27;[90m# starter.stepdefinitions.LogInOutSteps.iInputPasswordPassword(java.lang.String)&amp#27;[0m
21:13:24.703 [Forwarding screenshot on session b0b2a1c999818bd912e23ede3c942393 to remote] DEBUG org.asynchttpclient.netty.request.NettyRequestSender - Using pooled Channel '[id: 0x039113e3, L:/127.0.0.1:50358 - R:localhost/127.0.0.1:59005]' for 'GET' to 'http://localhost:59005/session/b0b2a1c999818bd912e23ede3c942393/screenshot'
21:13:24.703 [Forwarding screenshot on session b0b2a1c999818bd912e23ede3c942393 to remote] DEBUG org.asynchttpclient.netty.request.NettyRequestSender - Using open Channel [id: 0x039113e3, L:/127.0.0.1:50358 - R:localhost/127.0.0.1:59005] for GET '/session/b0b2a1c999818bd912e23ede3c942393/screenshot'
21:13:24.877 [AsyncHttpClient-1-16] DEBUG org.asynchttpclient.netty.handler.HttpHandler - 

Request DefaultFullHttpRequest(decodeResult: success, version: HTTP/1.1, content: EmptyByteBufBE)
GET /session/b0b2a1c999818bd912e23ede3c942393/screenshot HTTP/1.1
User-Agent: selenium/4.1.2 (java windows)
Cache-Control: no-cache
Content-Type: application/json; charset=utf-8
host: localhost:59005
accept: */*

Response DefaultHttpResponse(decodeResult: success, version: HTTP/1.1)
HTTP/1.1 200 OK
Content-Type: application/json; charset=utf-8
cache-control: no-cache
content-length: 47544

21:13:24.877 [AsyncHttpClient-1-16] DEBUG org.asynchttpclient.netty.channel.ChannelManager - Adding key: http://localhost:59005 for channel [id: 0x039113e3, L:/127.0.0.1:50358 - R:localhost/127.0.0.1:59005]
21:13:24.880 [main] DEBUG net.serenitybdd.core.photography.Darkroom - Send negative for processing for target\site\serenity\d5acde0f86fc5a26bf3eba90a4f2dde4759e176bb0406e9072011f3e4367f4a9.png
21:13:24.880 [Darkroom Processing Line] DEBUG net.serenitybdd.core.photography.DarkroomProcessingLine - Processing screenshot image in /var/screenshots/screenshot-1368221536598523555
21:13:24.880 [Darkroom Processing Line] DEBUG net.serenitybdd.core.photography.DarkroomProcessingLine - Saving screenshot to target\site\serenity\d5acde0f86fc5a26bf3eba90a4f2dde4759e176bb0406e9072011f3e4367f4a9.png
21:13:24.893 [Forwarding findElement on session b0b2a1c999818bd912e23ede3c942393 to remote] DEBUG org.asynchttpclient.netty.request.NettyRequestSender - Using pooled Channel '[id: 0x039113e3, L:/127.0.0.1:50358 - R:localhost/127.0.0.1:59005]' for 'POST' to 'http://localhost:59005/session/b0b2a1c999818bd912e23ede3c942393/element'
21:13:24.893 [Forwarding findElement on session b0b2a1c999818bd912e23ede3c942393 to remote] DEBUG org.asynchttpclient.netty.request.NettyRequestSender - Using open Channel [id: 0x039113e3, L:/127.0.0.1:50358 - R:localhost/127.0.0.1:59005] for POST '/session/b0b2a1c999818bd912e23ede3c942393/element'
21:13:24.910 [AsyncHttpClient-1-16] DEBUG org.asynchttpclient.netty.handler.HttpHandler - 

Request DefaultHttpRequest(decodeResult: success, version: HTTP/1.1)
POST /session/b0b2a1c999818bd912e23ede3c942393/element HTTP/1.1
User-Agent: selenium/4.1.2 (java windows)
Content-Length: 81
Content-Type: application/json; charset=utf-8
host: localhost:59005
accept: */*

Response DefaultHttpResponse(decodeResult: success, version: HTTP/1.1)
HTTP/1.1 200 OK
Content-Type: application/json; charset=utf-8
cache-control: no-cache
content-length: 88

21:13:24.911 [AsyncHttpClient-1-16] DEBUG org.asynchttpclient.netty.channel.ChannelManager - Adding key: http://localhost:59005 for channel [id: 0x039113e3, L:/127.0.0.1:50358 - R:localhost/127.0.0.1:59005]
21:13:24.912 [Forwarding getElementTagName on session b0b2a1c999818bd912e23ede3c942393 to remote] DEBUG org.asynchttpclient.netty.request.NettyRequestSender - Using pooled Channel '[id: 0x039113e3, L:/127.0.0.1:50358 - R:localhost/127.0.0.1:59005]' for 'GET' to 'http://localhost:59005/session/b0b2a1c999818bd912e23ede3c942393/element/02857ef8-6fc6-4b82-84aa-b842bd8ececc/name'
21:13:24.913 [Forwarding getElementTagName on session b0b2a1c999818bd912e23ede3c942393 to remote] DEBUG org.asynchttpclient.netty.request.NettyRequestSender - Using open Channel [id: 0x039113e3, L:/127.0.0.1:50358 - R:localhost/127.0.0.1:59005] for GET '/session/b0b2a1c999818bd912e23ede3c942393/element/02857ef8-6fc6-4b82-84aa-b842bd8ececc/name'
21:13:24.917 [AsyncHttpClient-1-16] DEBUG org.asynchttpclient.netty.handler.HttpHandler - 

Request DefaultFullHttpRequest(decodeResult: success, version: HTTP/1.1, content: EmptyByteBufBE)
GET /session/b0b2a1c999818bd912e23ede3c942393/element/02857ef8-6fc6-4b82-84aa-b842bd8ececc/name HTTP/1.1
User-Agent: selenium/4.1.2 (java windows)
Cache-Control: no-cache
Content-Type: application/json; charset=utf-8
host: localhost:59005
accept: */*

Response DefaultHttpResponse(decodeResult: success, version: HTTP/1.1)
HTTP/1.1 200 OK
Content-Type: application/json; charset=utf-8
cache-control: no-cache
content-length: 16

21:13:24.917 [AsyncHttpClient-1-16] DEBUG org.asynchttpclient.netty.channel.ChannelManager - Adding key: http://localhost:59005 for channel [id: 0x039113e3, L:/127.0.0.1:50358 - R:localhost/127.0.0.1:59005]
21:13:24.919 [Forwarding getElementTagName on session b0b2a1c999818bd912e23ede3c942393 to remote] DEBUG org.asynchttpclient.netty.request.NettyRequestSender - Using pooled Channel '[id: 0x039113e3, L:/127.0.0.1:50358 - R:localhost/127.0.0.1:59005]' for 'GET' to 'http://localhost:59005/session/b0b2a1c999818bd912e23ede3c942393/element/02857ef8-6fc6-4b82-84aa-b842bd8ececc/name'
21:13:24.919 [Forwarding getElementTagName on session b0b2a1c999818bd912e23ede3c942393 to remote] DEBUG org.asynchttpclient.netty.request.NettyRequestSender - Using open Channel [id: 0x039113e3, L:/127.0.0.1:50358 - R:localhost/127.0.0.1:59005] for GET '/session/b0b2a1c999818bd912e23ede3c942393/element/02857ef8-6fc6-4b82-84aa-b842bd8ececc/name'
21:13:24.925 [AsyncHttpClient-1-16] DEBUG org.asynchttpclient.netty.handler.HttpHandler - 

Request DefaultFullHttpRequest(decodeResult: success, version: HTTP/1.1, content: EmptyByteBufBE)
GET /session/b0b2a1c999818bd912e23ede3c942393/element/02857ef8-6fc6-4b82-84aa-b842bd8ececc/name HTTP/1.1
User-Agent: selenium/4.1.2 (java windows)
Cache-Control: no-cache
Content-Type: application/json; charset=utf-8
host: localhost:59005
accept: */*

Response DefaultHttpResponse(decodeResult: success, version: HTTP/1.1)
HTTP/1.1 200 OK
Content-Type: application/json; charset=utf-8
cache-control: no-cache
content-length: 16

21:13:24.925 [AsyncHttpClient-1-16] DEBUG org.asynchttpclient.netty.channel.ChannelManager - Adding key: http://localhost:59005 for channel [id: 0x039113e3, L:/127.0.0.1:50358 - R:localhost/127.0.0.1:59005]
21:13:24.928 [Forwarding findElement on session b0b2a1c999818bd912e23ede3c942393 to remote] DEBUG org.asynchttpclient.netty.request.NettyRequestSender - Using pooled Channel '[id: 0x039113e3, L:/127.0.0.1:50358 - R:localhost/127.0.0.1:59005]' for 'POST' to 'http://localhost:59005/session/b0b2a1c999818bd912e23ede3c942393/element'
21:13:24.928 [Forwarding findElement on session b0b2a1c999818bd912e23ede3c942393 to remote] DEBUG org.asynchttpclient.netty.request.NettyRequestSender - Using open Channel [id: 0x039113e3, L:/127.0.0.1:50358 - R:localhost/127.0.0.1:59005] for POST '/session/b0b2a1c999818bd912e23ede3c942393/element'
21:13:24.936 [AsyncHttpClient-1-16] DEBUG org.asynchttpclient.netty.handler.HttpHandler - 

Request DefaultHttpRequest(decodeResult: success, version: HTTP/1.1)
POST /session/b0b2a1c999818bd912e23ede3c942393/element HTTP/1.1
User-Agent: selenium/4.1.2 (java windows)
Content-Length: 81
Content-Type: application/json; charset=utf-8
host: localhost:59005
accept: */*

Response DefaultHttpResponse(decodeResult: success, version: HTTP/1.1)
HTTP/1.1 200 OK
Content-Type: application/json; charset=utf-8
cache-control: no-cache
content-length: 88

21:13:24.936 [AsyncHttpClient-1-16] DEBUG org.asynchttpclient.netty.channel.ChannelManager - Adding key: http://localhost:59005 for channel [id: 0x039113e3, L:/127.0.0.1:50358 - R:localhost/127.0.0.1:59005]
21:13:24.937 [Forwarding clickElement on session b0b2a1c999818bd912e23ede3c942393 to remote] DEBUG org.asynchttpclient.netty.request.NettyRequestSender - Using pooled Channel '[id: 0x039113e3, L:/127.0.0.1:50358 - R:localhost/127.0.0.1:59005]' for 'POST' to 'http://localhost:59005/session/b0b2a1c999818bd912e23ede3c942393/element/02857ef8-6fc6-4b82-84aa-b842bd8ececc/click'
21:13:24.937 [Forwarding clickElement on session b0b2a1c999818bd912e23ede3c942393 to remote] DEBUG org.asynchttpclient.netty.request.NettyRequestSender - Using open Channel [id: 0x039113e3, L:/127.0.0.1:50358 - R:localhost/127.0.0.1:59005] for POST '/session/b0b2a1c999818bd912e23ede3c942393/element/02857ef8-6fc6-4b82-84aa-b842bd8ececc/click'
21:13:24.992 [AsyncHttpClient-1-1] DEBUG org.asynchttpclient.netty.channel.DefaultChannelPool - Entry count for : http://localhost:50359 : 1
21:13:25.011 [AsyncHttpClient-1-16] DEBUG org.asynchttpclient.netty.handler.HttpHandler - 

Request DefaultHttpRequest(decodeResult: success, version: HTTP/1.1)
POST /session/b0b2a1c999818bd912e23ede3c942393/element/02857ef8-6fc6-4b82-84aa-b842bd8ececc/click HTTP/1.1
User-Agent: selenium/4.1.2 (java windows)
Content-Length: 50
Content-Type: application/json; charset=utf-8
host: localhost:59005
accept: */*

Response DefaultHttpResponse(decodeResult: success, version: HTTP/1.1)
HTTP/1.1 200 OK
Content-Type: application/json; charset=utf-8
cache-control: no-cache
content-length: 14

21:13:25.012 [AsyncHttpClient-1-16] DEBUG org.asynchttpclient.netty.channel.ChannelManager - Adding key: http://localhost:59005 for channel [id: 0x039113e3, L:/127.0.0.1:50358 - R:localhost/127.0.0.1:59005]
  &amp#27;[32mAnd &amp#27;[0m&amp#27;[32mI click login button&amp#27;[0m                      &amp#27;[90m# starter.stepdefinitions.LogInOutSteps.iClickLoginButton()&amp#27;[0m
21:13:25.021 [Forwarding screenshot on session b0b2a1c999818bd912e23ede3c942393 to remote] DEBUG org.asynchttpclient.netty.request.NettyRequestSender - Using pooled Channel '[id: 0x039113e3, L:/127.0.0.1:50358 - R:localhost/127.0.0.1:59005]' for 'GET' to 'http://localhost:59005/session/b0b2a1c999818bd912e23ede3c942393/screenshot'
21:13:25.021 [Forwarding screenshot on session b0b2a1c999818bd912e23ede3c942393 to remote] DEBUG org.asynchttpclient.netty.request.NettyRequestSender - Using open Channel [id: 0x039113e3, L:/127.0.0.1:50358 - R:localhost/127.0.0.1:59005] for GET '/session/b0b2a1c999818bd912e23ede3c942393/screenshot'
21:13:25.500 [AsyncHttpClient-1-16] DEBUG org.asynchttpclient.netty.handler.HttpHandler - 

Request DefaultFullHttpRequest(decodeResult: success, version: HTTP/1.1, content: EmptyByteBufBE)
GET /session/b0b2a1c999818bd912e23ede3c942393/screenshot HTTP/1.1
User-Agent: selenium/4.1.2 (java windows)
Cache-Control: no-cache
Content-Type: application/json; charset=utf-8
host: localhost:59005
accept: */*

Response DefaultHttpResponse(decodeResult: success, version: HTTP/1.1)
HTTP/1.1 200 OK
Content-Type: application/json; charset=utf-8
cache-control: no-cache
content-length: 46232

21:13:25.500 [AsyncHttpClient-1-16] DEBUG org.asynchttpclient.netty.channel.ChannelManager - Adding key: http://localhost:59005 for channel [id: 0x039113e3, L:/127.0.0.1:50358 - R:localhost/127.0.0.1:59005]
21:13:25.503 [main] DEBUG net.serenitybdd.core.photography.Darkroom - Send negative for processing for target\site\serenity\e20fe3defd4a40ba94983c046cba40adaf6e15512265cce76400919f0b00bc98.png
21:13:25.503 [Darkroom Processing Line] DEBUG net.serenitybdd.core.photography.DarkroomProcessingLine - Processing screenshot image in /var/screenshots/screenshot-12858389731065374173
21:13:25.503 [Darkroom Processing Line] DEBUG net.serenitybdd.core.photography.DarkroomProcessingLine - Saving screenshot to target\site\serenity\e20fe3defd4a40ba94983c046cba40adaf6e15512265cce76400919f0b00bc98.png
21:13:25.517 [Forwarding findElement on session b0b2a1c999818bd912e23ede3c942393 to remote] DEBUG org.asynchttpclient.netty.request.NettyRequestSender - Using pooled Channel '[id: 0x039113e3, L:/127.0.0.1:50358 - R:localhost/127.0.0.1:59005]' for 'POST' to 'http://localhost:59005/session/b0b2a1c999818bd912e23ede3c942393/element'
21:13:25.517 [Forwarding findElement on session b0b2a1c999818bd912e23ede3c942393 to remote] DEBUG org.asynchttpclient.netty.request.NettyRequestSender - Using open Channel [id: 0x039113e3, L:/127.0.0.1:50358 - R:localhost/127.0.0.1:59005] for POST '/session/b0b2a1c999818bd912e23ede3c942393/element'
21:13:26.093 [AsyncHttpClient-1-1] DEBUG org.asynchttpclient.netty.channel.DefaultChannelPool - Entry count for : http://localhost:50359 : 1
21:13:27.188 [AsyncHttpClient-1-1] DEBUG org.asynchttpclient.netty.channel.DefaultChannelPool - Entry count for : http://localhost:50359 : 1
21:13:27.571 [AsyncHttpClient-1-16] DEBUG org.asynchttpclient.netty.handler.HttpHandler - 

Request DefaultHttpRequest(decodeResult: success, version: HTTP/1.1)
POST /session/b0b2a1c999818bd912e23ede3c942393/element HTTP/1.1
User-Agent: selenium/4.1.2 (java windows)
Content-Length: 59
Content-Type: application/json; charset=utf-8
host: localhost:59005
accept: */*

Response DefaultHttpResponse(decodeResult: success, version: HTTP/1.1)
HTTP/1.1 404 Not Found
Content-Type: application/json; charset=utf-8
cache-control: no-cache
content-length: 1013

21:13:27.571 [AsyncHttpClient-1-16] DEBUG org.asynchttpclient.netty.channel.ChannelManager - Adding key: http://localhost:59005 for channel [id: 0x039113e3, L:/127.0.0.1:50358 - R:localhost/127.0.0.1:59005]
21:13:27.675 [Forwarding findElement on session b0b2a1c999818bd912e23ede3c942393 to remote] DEBUG org.asynchttpclient.netty.request.NettyRequestSender - Using pooled Channel '[id: 0x039113e3, L:/127.0.0.1:50358 - R:localhost/127.0.0.1:59005]' for 'POST' to 'http://localhost:59005/session/b0b2a1c999818bd912e23ede3c942393/element'
21:13:27.675 [Forwarding findElement on session b0b2a1c999818bd912e23ede3c942393 to remote] DEBUG org.asynchttpclient.netty.request.NettyRequestSender - Using open Channel [id: 0x039113e3, L:/127.0.0.1:50358 - R:localhost/127.0.0.1:59005] for POST '/session/b0b2a1c999818bd912e23ede3c942393/element'
21:13:28.289 [AsyncHttpClient-1-1] DEBUG org.asynchttpclient.netty.channel.DefaultChannelPool - Entry count for : http://localhost:50359 : 1
21:13:29.387 [AsyncHttpClient-1-1] DEBUG org.asynchttpclient.netty.channel.DefaultChannelPool - Entry count for : http://localhost:50359 : 1
21:13:29.716 [AsyncHttpClient-1-16] DEBUG org.asynchttpclient.netty.handler.HttpHandler - 

Request DefaultHttpRequest(decodeResult: success, version: HTTP/1.1)
POST /session/b0b2a1c999818bd912e23ede3c942393/element HTTP/1.1
User-Agent: selenium/4.1.2 (java windows)
Content-Length: 59
Content-Type: application/json; charset=utf-8
host: localhost:59005
accept: */*

Response DefaultHttpResponse(decodeResult: success, version: HTTP/1.1)
HTTP/1.1 404 Not Found
Content-Type: application/json; charset=utf-8
cache-control: no-cache
content-length: 1013

21:13:29.716 [AsyncHttpClient-1-16] DEBUG org.asynchttpclient.netty.channel.ChannelManager - Adding key: http://localhost:59005 for channel [id: 0x039113e3, L:/127.0.0.1:50358 - R:localhost/127.0.0.1:59005]
21:13:29.821 [Forwarding findElement on session b0b2a1c999818bd912e23ede3c942393 to remote] DEBUG org.asynchttpclient.netty.request.NettyRequestSender - Using pooled Channel '[id: 0x039113e3, L:/127.0.0.1:50358 - R:localhost/127.0.0.1:59005]' for 'POST' to 'http://localhost:59005/session/b0b2a1c999818bd912e23ede3c942393/element'
21:13:29.822 [Forwarding findElement on session b0b2a1c999818bd912e23ede3c942393 to remote] DEBUG org.asynchttpclient.netty.request.NettyRequestSender - Using open Channel [id: 0x039113e3, L:/127.0.0.1:50358 - R:localhost/127.0.0.1:59005] for POST '/session/b0b2a1c999818bd912e23ede3c942393/element'
21:13:30.487 [AsyncHttpClient-1-1] DEBUG org.asynchttpclient.netty.channel.DefaultChannelPool - Entry count for : http://localhost:50359 : 1
21:13:30.503 [AsyncHttpClient-1-16] DEBUG org.asynchttpclient.netty.handler.HttpHandler - 

Request DefaultHttpRequest(decodeResult: success, version: HTTP/1.1)
POST /session/b0b2a1c999818bd912e23ede3c942393/element HTTP/1.1
User-Agent: selenium/4.1.2 (java windows)
Content-Length: 59
Content-Type: application/json; charset=utf-8
host: localhost:59005
accept: */*

Response DefaultHttpResponse(decodeResult: success, version: HTTP/1.1)
HTTP/1.1 200 OK
Content-Type: application/json; charset=utf-8
cache-control: no-cache
content-length: 88

21:13:30.503 [AsyncHttpClient-1-16] DEBUG org.asynchttpclient.netty.channel.ChannelManager - Adding key: http://localhost:59005 for channel [id: 0x039113e3, L:/127.0.0.1:50358 - R:localhost/127.0.0.1:59005]
21:13:30.510 [Forwarding isElementDisplayed on session b0b2a1c999818bd912e23ede3c942393 to remote] DEBUG org.asynchttpclient.netty.request.NettyRequestSender - Using pooled Channel '[id: 0x039113e3, L:/127.0.0.1:50358 - R:localhost/127.0.0.1:59005]' for 'POST' to 'http://localhost:59005/session/b0b2a1c999818bd912e23ede3c942393/execute/sync'
21:13:30.510 [Forwarding isElementDisplayed on session b0b2a1c999818bd912e23ede3c942393 to remote] DEBUG org.asynchttpclient.netty.request.NettyRequestSender - Using open Channel [id: 0x039113e3, L:/127.0.0.1:50358 - R:localhost/127.0.0.1:59005] for POST '/session/b0b2a1c999818bd912e23ede3c942393/execute/sync'
21:13:30.529 [AsyncHttpClient-1-16] DEBUG org.asynchttpclient.netty.handler.HttpHandler - 

Request DefaultHttpRequest(decodeResult: success, version: HTTP/1.1)
POST /session/b0b2a1c999818bd912e23ede3c942393/execute/sync HTTP/1.1
User-Agent: selenium/4.1.2 (java windows)
Content-Length: 48780
Content-Type: application/json; charset=utf-8
host: localhost:59005
accept: */*

Response DefaultHttpResponse(decodeResult: success, version: HTTP/1.1)
HTTP/1.1 200 OK
Content-Type: application/json; charset=utf-8
cache-control: no-cache
content-length: 14

21:13:30.529 [AsyncHttpClient-1-16] DEBUG org.asynchttpclient.netty.channel.ChannelManager - Adding key: http://localhost:59005 for channel [id: 0x039113e3, L:/127.0.0.1:50358 - R:localhost/127.0.0.1:59005]
21:13:30.532 [Forwarding findElement on session b0b2a1c999818bd912e23ede3c942393 to remote] DEBUG org.asynchttpclient.netty.request.NettyRequestSender - Using pooled Channel '[id: 0x039113e3, L:/127.0.0.1:50358 - R:localhost/127.0.0.1:59005]' for 'POST' to 'http://localhost:59005/session/b0b2a1c999818bd912e23ede3c942393/element'
21:13:30.532 [Forwarding findElement on session b0b2a1c999818bd912e23ede3c942393 to remote] DEBUG org.asynchttpclient.netty.request.NettyRequestSender - Using open Channel [id: 0x039113e3, L:/127.0.0.1:50358 - R:localhost/127.0.0.1:59005] for POST '/session/b0b2a1c999818bd912e23ede3c942393/element'
21:13:30.541 [AsyncHttpClient-1-16] DEBUG org.asynchttpclient.netty.handler.HttpHandler - 

Request DefaultHttpRequest(decodeResult: success, version: HTTP/1.1)
POST /session/b0b2a1c999818bd912e23ede3c942393/element HTTP/1.1
User-Agent: selenium/4.1.2 (java windows)
Content-Length: 59
Content-Type: application/json; charset=utf-8
host: localhost:59005
accept: */*

Response DefaultHttpResponse(decodeResult: success, version: HTTP/1.1)
HTTP/1.1 200 OK
Content-Type: application/json; charset=utf-8
cache-control: no-cache
content-length: 88

21:13:30.541 [AsyncHttpClient-1-16] DEBUG org.asynchttpclient.netty.channel.ChannelManager - Adding key: http://localhost:59005 for channel [id: 0x039113e3, L:/127.0.0.1:50358 - R:localhost/127.0.0.1:59005]
21:13:30.546 [Forwarding isElementDisplayed on session b0b2a1c999818bd912e23ede3c942393 to remote] DEBUG org.asynchttpclient.netty.request.NettyRequestSender - Using pooled Channel '[id: 0x039113e3, L:/127.0.0.1:50358 - R:localhost/127.0.0.1:59005]' for 'POST' to 'http://localhost:59005/session/b0b2a1c999818bd912e23ede3c942393/execute/sync'
21:13:30.546 [Forwarding isElementDisplayed on session b0b2a1c999818bd912e23ede3c942393 to remote] DEBUG org.asynchttpclient.netty.request.NettyRequestSender - Using open Channel [id: 0x039113e3, L:/127.0.0.1:50358 - R:localhost/127.0.0.1:59005] for POST '/session/b0b2a1c999818bd912e23ede3c942393/execute/sync'
21:13:30.563 [AsyncHttpClient-1-16] DEBUG org.asynchttpclient.netty.handler.HttpHandler - 

Request DefaultHttpRequest(decodeResult: success, version: HTTP/1.1)
POST /session/b0b2a1c999818bd912e23ede3c942393/execute/sync HTTP/1.1
User-Agent: selenium/4.1.2 (java windows)
Content-Length: 48780
Content-Type: application/json; charset=utf-8
host: localhost:59005
accept: */*

Response DefaultHttpResponse(decodeResult: success, version: HTTP/1.1)
HTTP/1.1 200 OK
Content-Type: application/json; charset=utf-8
cache-control: no-cache
content-length: 14

21:13:30.563 [AsyncHttpClient-1-16] DEBUG org.asynchttpclient.netty.channel.ChannelManager - Adding key: http://localhost:59005 for channel [id: 0x039113e3, L:/127.0.0.1:50358 - R:localhost/127.0.0.1:59005]
21:13:30.567 [Forwarding findElement on session b0b2a1c999818bd912e23ede3c942393 to remote] DEBUG org.asynchttpclient.netty.request.NettyRequestSender - Using pooled Channel '[id: 0x039113e3, L:/127.0.0.1:50358 - R:localhost/127.0.0.1:59005]' for 'POST' to 'http://localhost:59005/session/b0b2a1c999818bd912e23ede3c942393/element'
21:13:30.567 [Forwarding findElement on session b0b2a1c999818bd912e23ede3c942393 to remote] DEBUG org.asynchttpclient.netty.request.NettyRequestSender - Using open Channel [id: 0x039113e3, L:/127.0.0.1:50358 - R:localhost/127.0.0.1:59005] for POST '/session/b0b2a1c999818bd912e23ede3c942393/element'
21:13:30.577 [AsyncHttpClient-1-16] DEBUG org.asynchttpclient.netty.handler.HttpHandler - 

Request DefaultHttpRequest(decodeResult: success, version: HTTP/1.1)
POST /session/b0b2a1c999818bd912e23ede3c942393/element HTTP/1.1
User-Agent: selenium/4.1.2 (java windows)
Content-Length: 81
Content-Type: application/json; charset=utf-8
host: localhost:59005
accept: */*

Response DefaultHttpResponse(decodeResult: success, version: HTTP/1.1)
HTTP/1.1 200 OK
Content-Type: application/json; charset=utf-8
cache-control: no-cache
content-length: 88

21:13:30.577 [AsyncHttpClient-1-16] DEBUG org.asynchttpclient.netty.channel.ChannelManager - Adding key: http://localhost:59005 for channel [id: 0x039113e3, L:/127.0.0.1:50358 - R:localhost/127.0.0.1:59005]
21:13:30.578 [Forwarding getElementTagName on session b0b2a1c999818bd912e23ede3c942393 to remote] DEBUG org.asynchttpclient.netty.request.NettyRequestSender - Using pooled Channel '[id: 0x039113e3, L:/127.0.0.1:50358 - R:localhost/127.0.0.1:59005]' for 'GET' to 'http://localhost:59005/session/b0b2a1c999818bd912e23ede3c942393/element/02857ef8-6fc6-4b82-84aa-b842bd8ececc/name'
21:13:30.578 [Forwarding getElementTagName on session b0b2a1c999818bd912e23ede3c942393 to remote] DEBUG org.asynchttpclient.netty.request.NettyRequestSender - Using open Channel [id: 0x039113e3, L:/127.0.0.1:50358 - R:localhost/127.0.0.1:59005] for GET '/session/b0b2a1c999818bd912e23ede3c942393/element/02857ef8-6fc6-4b82-84aa-b842bd8ececc/name'
21:13:30.581 [AsyncHttpClient-1-16] DEBUG org.asynchttpclient.netty.handler.HttpHandler - 

Request DefaultFullHttpRequest(decodeResult: success, version: HTTP/1.1, content: EmptyByteBufBE)
GET /session/b0b2a1c999818bd912e23ede3c942393/element/02857ef8-6fc6-4b82-84aa-b842bd8ececc/name HTTP/1.1
User-Agent: selenium/4.1.2 (java windows)
Cache-Control: no-cache
Content-Type: application/json; charset=utf-8
host: localhost:59005
accept: */*

Response DefaultHttpResponse(decodeResult: success, version: HTTP/1.1)
HTTP/1.1 200 OK
Content-Type: application/json; charset=utf-8
cache-control: no-cache
content-length: 16

21:13:30.582 [AsyncHttpClient-1-16] DEBUG org.asynchttpclient.netty.channel.ChannelManager - Adding key: http://localhost:59005 for channel [id: 0x039113e3, L:/127.0.0.1:50358 - R:localhost/127.0.0.1:59005]
21:13:30.583 [Forwarding getElementTagName on session b0b2a1c999818bd912e23ede3c942393 to remote] DEBUG org.asynchttpclient.netty.request.NettyRequestSender - Using pooled Channel '[id: 0x039113e3, L:/127.0.0.1:50358 - R:localhost/127.0.0.1:59005]' for 'GET' to 'http://localhost:59005/session/b0b2a1c999818bd912e23ede3c942393/element/02857ef8-6fc6-4b82-84aa-b842bd8ececc/name'
21:13:30.583 [Forwarding getElementTagName on session b0b2a1c999818bd912e23ede3c942393 to remote] DEBUG org.asynchttpclient.netty.request.NettyRequestSender - Using open Channel [id: 0x039113e3, L:/127.0.0.1:50358 - R:localhost/127.0.0.1:59005] for GET '/session/b0b2a1c999818bd912e23ede3c942393/element/02857ef8-6fc6-4b82-84aa-b842bd8ececc/name'
21:13:30.586 [AsyncHttpClient-1-16] DEBUG org.asynchttpclient.netty.handler.HttpHandler - 

Request DefaultFullHttpRequest(decodeResult: success, version: HTTP/1.1, content: EmptyByteBufBE)
GET /session/b0b2a1c999818bd912e23ede3c942393/element/02857ef8-6fc6-4b82-84aa-b842bd8ececc/name HTTP/1.1
User-Agent: selenium/4.1.2 (java windows)
Cache-Control: no-cache
Content-Type: application/json; charset=utf-8
host: localhost:59005
accept: */*

Response DefaultHttpResponse(decodeResult: success, version: HTTP/1.1)
HTTP/1.1 200 OK
Content-Type: application/json; charset=utf-8
cache-control: no-cache
content-length: 16

21:13:30.586 [AsyncHttpClient-1-16] DEBUG org.asynchttpclient.netty.channel.ChannelManager - Adding key: http://localhost:59005 for channel [id: 0x039113e3, L:/127.0.0.1:50358 - R:localhost/127.0.0.1:59005]
21:13:30.588 [Forwarding findElement on session b0b2a1c999818bd912e23ede3c942393 to remote] DEBUG org.asynchttpclient.netty.request.NettyRequestSender - Using pooled Channel '[id: 0x039113e3, L:/127.0.0.1:50358 - R:localhost/127.0.0.1:59005]' for 'POST' to 'http://localhost:59005/session/b0b2a1c999818bd912e23ede3c942393/element'
21:13:30.588 [Forwarding findElement on session b0b2a1c999818bd912e23ede3c942393 to remote] DEBUG org.asynchttpclient.netty.request.NettyRequestSender - Using open Channel [id: 0x039113e3, L:/127.0.0.1:50358 - R:localhost/127.0.0.1:59005] for POST '/session/b0b2a1c999818bd912e23ede3c942393/element'
21:13:30.596 [AsyncHttpClient-1-16] DEBUG org.asynchttpclient.netty.handler.HttpHandler - 

Request DefaultHttpRequest(decodeResult: success, version: HTTP/1.1)
POST /session/b0b2a1c999818bd912e23ede3c942393/element HTTP/1.1
User-Agent: selenium/4.1.2 (java windows)
Content-Length: 81
Content-Type: application/json; charset=utf-8
host: localhost:59005
accept: */*

Response DefaultHttpResponse(decodeResult: success, version: HTTP/1.1)
HTTP/1.1 200 OK
Content-Type: application/json; charset=utf-8
cache-control: no-cache
content-length: 88

21:13:30.596 [AsyncHttpClient-1-16] DEBUG org.asynchttpclient.netty.channel.ChannelManager - Adding key: http://localhost:59005 for channel [id: 0x039113e3, L:/127.0.0.1:50358 - R:localhost/127.0.0.1:59005]
21:13:30.597 [Forwarding clickElement on session b0b2a1c999818bd912e23ede3c942393 to remote] DEBUG org.asynchttpclient.netty.request.NettyRequestSender - Using pooled Channel '[id: 0x039113e3, L:/127.0.0.1:50358 - R:localhost/127.0.0.1:59005]' for 'POST' to 'http://localhost:59005/session/b0b2a1c999818bd912e23ede3c942393/element/02857ef8-6fc6-4b82-84aa-b842bd8ececc/click'
21:13:30.597 [Forwarding clickElement on session b0b2a1c999818bd912e23ede3c942393 to remote] DEBUG org.asynchttpclient.netty.request.NettyRequestSender - Using open Channel [id: 0x039113e3, L:/127.0.0.1:50358 - R:localhost/127.0.0.1:59005] for POST '/session/b0b2a1c999818bd912e23ede3c942393/element/02857ef8-6fc6-4b82-84aa-b842bd8ececc/click'
21:13:30.630 [AsyncHttpClient-1-16] DEBUG org.asynchttpclient.netty.handler.HttpHandler - 

Request DefaultHttpRequest(decodeResult: success, version: HTTP/1.1)
POST /session/b0b2a1c999818bd912e23ede3c942393/element/02857ef8-6fc6-4b82-84aa-b842bd8ececc/click HTTP/1.1
User-Agent: selenium/4.1.2 (java windows)
Content-Length: 50
Content-Type: application/json; charset=utf-8
host: localhost:59005
accept: */*

Response DefaultHttpResponse(decodeResult: success, version: HTTP/1.1)
HTTP/1.1 200 OK
Content-Type: application/json; charset=utf-8
cache-control: no-cache
content-length: 14

21:13:30.630 [AsyncHttpClient-1-16] DEBUG org.asynchttpclient.netty.channel.ChannelManager - Adding key: http://localhost:59005 for channel [id: 0x039113e3, L:/127.0.0.1:50358 - R:localhost/127.0.0.1:59005]
  &amp#27;[32mAnd &amp#27;[0m&amp#27;[32mI click login button again&amp#27;[0m                &amp#27;[90m# starter.stepdefinitions.LogInOutSteps.iClickLoginButtonAgain()&amp#27;[0m
21:13:30.638 [Forwarding screenshot on session b0b2a1c999818bd912e23ede3c942393 to remote] DEBUG org.asynchttpclient.netty.request.NettyRequestSender - Using pooled Channel '[id: 0x039113e3, L:/127.0.0.1:50358 - R:localhost/127.0.0.1:59005]' for 'GET' to 'http://localhost:59005/session/b0b2a1c999818bd912e23ede3c942393/screenshot'
21:13:30.638 [Forwarding screenshot on session b0b2a1c999818bd912e23ede3c942393 to remote] DEBUG org.asynchttpclient.netty.request.NettyRequestSender - Using open Channel [id: 0x039113e3, L:/127.0.0.1:50358 - R:localhost/127.0.0.1:59005] for GET '/session/b0b2a1c999818bd912e23ede3c942393/screenshot'
21:13:30.866 [AsyncHttpClient-1-16] DEBUG org.asynchttpclient.netty.handler.HttpHandler - 

Request DefaultFullHttpRequest(decodeResult: success, version: HTTP/1.1, content: EmptyByteBufBE)
GET /session/b0b2a1c999818bd912e23ede3c942393/screenshot HTTP/1.1
User-Agent: selenium/4.1.2 (java windows)
Cache-Control: no-cache
Content-Type: application/json; charset=utf-8
host: localhost:59005
accept: */*

Response DefaultHttpResponse(decodeResult: success, version: HTTP/1.1)
HTTP/1.1 200 OK
Content-Type: application/json; charset=utf-8
cache-control: no-cache
content-length: 46544

21:13:30.866 [AsyncHttpClient-1-16] DEBUG org.asynchttpclient.netty.channel.ChannelManager - Adding key: http://localhost:59005 for channel [id: 0x039113e3, L:/127.0.0.1:50358 - R:localhost/127.0.0.1:59005]
21:13:30.868 [main] DEBUG net.serenitybdd.core.photography.Darkroom - Send negative for processing for target\site\serenity\60196c9de73df9a7cdfa5e5c6560e55fbffbe2e5f21fd25a00d4fd9af7bd8c1a.png
21:13:30.869 [Darkroom Processing Line] DEBUG net.serenitybdd.core.photography.DarkroomProcessingLine - Processing screenshot image in /var/screenshots/screenshot-7821381339088564972
21:13:30.869 [Darkroom Processing Line] DEBUG net.serenitybdd.core.photography.DarkroomProcessingLine - Saving screenshot to target\site\serenity\60196c9de73df9a7cdfa5e5c6560e55fbffbe2e5f21fd25a00d4fd9af7bd8c1a.png
21:13:30.878 [Forwarding findElement on session b0b2a1c999818bd912e23ede3c942393 to remote] DEBUG org.asynchttpclient.netty.request.NettyRequestSender - Using pooled Channel '[id: 0x039113e3, L:/127.0.0.1:50358 - R:localhost/127.0.0.1:59005]' for 'POST' to 'http://localhost:59005/session/b0b2a1c999818bd912e23ede3c942393/element'
21:13:30.878 [Forwarding findElement on session b0b2a1c999818bd912e23ede3c942393 to remote] DEBUG org.asynchttpclient.netty.request.NettyRequestSender - Using open Channel [id: 0x039113e3, L:/127.0.0.1:50358 - R:localhost/127.0.0.1:59005] for POST '/session/b0b2a1c999818bd912e23ede3c942393/element'
21:13:30.944 [AsyncHttpClient-1-16] DEBUG org.asynchttpclient.netty.handler.HttpHandler - 

Request DefaultHttpRequest(decodeResult: success, version: HTTP/1.1)
POST /session/b0b2a1c999818bd912e23ede3c942393/element HTTP/1.1
User-Agent: selenium/4.1.2 (java windows)
Content-Length: 59
Content-Type: application/json; charset=utf-8
host: localhost:59005
accept: */*

Response DefaultHttpResponse(decodeResult: success, version: HTTP/1.1)
HTTP/1.1 200 OK
Content-Type: application/json; charset=utf-8
cache-control: no-cache
content-length: 88

21:13:30.944 [AsyncHttpClient-1-16] DEBUG org.asynchttpclient.netty.channel.ChannelManager - Adding key: http://localhost:59005 for channel [id: 0x039113e3, L:/127.0.0.1:50358 - R:localhost/127.0.0.1:59005]
21:13:30.948 [Forwarding isElementDisplayed on session b0b2a1c999818bd912e23ede3c942393 to remote] DEBUG org.asynchttpclient.netty.request.NettyRequestSender - Using pooled Channel '[id: 0x039113e3, L:/127.0.0.1:50358 - R:localhost/127.0.0.1:59005]' for 'POST' to 'http://localhost:59005/session/b0b2a1c999818bd912e23ede3c942393/execute/sync'
21:13:30.948 [Forwarding isElementDisplayed on session b0b2a1c999818bd912e23ede3c942393 to remote] DEBUG org.asynchttpclient.netty.request.NettyRequestSender - Using open Channel [id: 0x039113e3, L:/127.0.0.1:50358 - R:localhost/127.0.0.1:59005] for POST '/session/b0b2a1c999818bd912e23ede3c942393/execute/sync'
21:13:30.961 [AsyncHttpClient-1-16] DEBUG org.asynchttpclient.netty.handler.HttpHandler - 

Request DefaultHttpRequest(decodeResult: success, version: HTTP/1.1)
POST /session/b0b2a1c999818bd912e23ede3c942393/execute/sync HTTP/1.1
User-Agent: selenium/4.1.2 (java windows)
Content-Length: 48780
Content-Type: application/json; charset=utf-8
host: localhost:59005
accept: */*

Response DefaultHttpResponse(decodeResult: success, version: HTTP/1.1)
HTTP/1.1 200 OK
Content-Type: application/json; charset=utf-8
cache-control: no-cache
content-length: 14

21:13:30.961 [AsyncHttpClient-1-16] DEBUG org.asynchttpclient.netty.channel.ChannelManager - Adding key: http://localhost:59005 for channel [id: 0x039113e3, L:/127.0.0.1:50358 - R:localhost/127.0.0.1:59005]
21:13:30.964 [Forwarding findElement on session b0b2a1c999818bd912e23ede3c942393 to remote] DEBUG org.asynchttpclient.netty.request.NettyRequestSender - Using pooled Channel '[id: 0x039113e3, L:/127.0.0.1:50358 - R:localhost/127.0.0.1:59005]' for 'POST' to 'http://localhost:59005/session/b0b2a1c999818bd912e23ede3c942393/element'
21:13:30.964 [Forwarding findElement on session b0b2a1c999818bd912e23ede3c942393 to remote] DEBUG org.asynchttpclient.netty.request.NettyRequestSender - Using open Channel [id: 0x039113e3, L:/127.0.0.1:50358 - R:localhost/127.0.0.1:59005] for POST '/session/b0b2a1c999818bd912e23ede3c942393/element'
21:13:30.971 [AsyncHttpClient-1-16] DEBUG org.asynchttpclient.netty.handler.HttpHandler - 

Request DefaultHttpRequest(decodeResult: success, version: HTTP/1.1)
POST /session/b0b2a1c999818bd912e23ede3c942393/element HTTP/1.1
User-Agent: selenium/4.1.2 (java windows)
Content-Length: 59
Content-Type: application/json; charset=utf-8
host: localhost:59005
accept: */*

Response DefaultHttpResponse(decodeResult: success, version: HTTP/1.1)
HTTP/1.1 200 OK
Content-Type: application/json; charset=utf-8
cache-control: no-cache
content-length: 88

21:13:30.971 [AsyncHttpClient-1-16] DEBUG org.asynchttpclient.netty.channel.ChannelManager - Adding key: http://localhost:59005 for channel [id: 0x039113e3, L:/127.0.0.1:50358 - R:localhost/127.0.0.1:59005]
21:13:30.977 [Forwarding isElementDisplayed on session b0b2a1c999818bd912e23ede3c942393 to remote] DEBUG org.asynchttpclient.netty.request.NettyRequestSender - Using pooled Channel '[id: 0x039113e3, L:/127.0.0.1:50358 - R:localhost/127.0.0.1:59005]' for 'POST' to 'http://localhost:59005/session/b0b2a1c999818bd912e23ede3c942393/execute/sync'
21:13:30.977 [Forwarding isElementDisplayed on session b0b2a1c999818bd912e23ede3c942393 to remote] DEBUG org.asynchttpclient.netty.request.NettyRequestSender - Using open Channel [id: 0x039113e3, L:/127.0.0.1:50358 - R:localhost/127.0.0.1:59005] for POST '/session/b0b2a1c999818bd912e23ede3c942393/execute/sync'
21:13:30.986 [AsyncHttpClient-1-16] DEBUG org.asynchttpclient.netty.handler.HttpHandler - 

Request DefaultHttpRequest(decodeResult: success, version: HTTP/1.1)
POST /session/b0b2a1c999818bd912e23ede3c942393/execute/sync HTTP/1.1
User-Agent: selenium/4.1.2 (java windows)
Content-Length: 48780
Content-Type: application/json; charset=utf-8
host: localhost:59005
accept: */*

Response DefaultHttpResponse(decodeResult: success, version: HTTP/1.1)
HTTP/1.1 200 OK
Content-Type: application/json; charset=utf-8
cache-control: no-cache
content-length: 14

21:13:30.987 [AsyncHttpClient-1-16] DEBUG org.asynchttpclient.netty.channel.ChannelManager - Adding key: http://localhost:59005 for channel [id: 0x039113e3, L:/127.0.0.1:50358 - R:localhost/127.0.0.1:59005]
  &amp#27;[32mThen &amp#27;[0m&amp#27;[32mI get &amp#27;[0m&amp#27;[32m&amp#27;[1m"error"&amp#27;[0m&amp#27;[32m as result&amp#27;[0m                  &amp#27;[90m# starter.stepdefinitions.LogInOutSteps.iGetResult(java.lang.String)&amp#27;[0m
21:13:30.992 [Forwarding screenshot on session b0b2a1c999818bd912e23ede3c942393 to remote] DEBUG org.asynchttpclient.netty.request.NettyRequestSender - Using pooled Channel '[id: 0x039113e3, L:/127.0.0.1:50358 - R:localhost/127.0.0.1:59005]' for 'GET' to 'http://localhost:59005/session/b0b2a1c999818bd912e23ede3c942393/screenshot'
21:13:30.992 [Forwarding screenshot on session b0b2a1c999818bd912e23ede3c942393 to remote] DEBUG org.asynchttpclient.netty.request.NettyRequestSender - Using open Channel [id: 0x039113e3, L:/127.0.0.1:50358 - R:localhost/127.0.0.1:59005] for GET '/session/b0b2a1c999818bd912e23ede3c942393/screenshot'
21:13:31.195 [AsyncHttpClient-1-16] DEBUG org.asynchttpclient.netty.handler.HttpHandler - 

Request DefaultFullHttpRequest(decodeResult: success, version: HTTP/1.1, content: EmptyByteBufBE)
GET /session/b0b2a1c999818bd912e23ede3c942393/screenshot HTTP/1.1
User-Agent: selenium/4.1.2 (java windows)
Cache-Control: no-cache
Content-Type: application/json; charset=utf-8
host: localhost:59005
accept: */*

Response DefaultHttpResponse(decodeResult: success, version: HTTP/1.1)
HTTP/1.1 200 OK
Content-Type: application/json; charset=utf-8
cache-control: no-cache
content-length: 52908

21:13:31.196 [AsyncHttpClient-1-16] DEBUG org.asynchttpclient.netty.channel.ChannelManager - Adding key: http://localhost:59005 for channel [id: 0x039113e3, L:/127.0.0.1:50358 - R:localhost/127.0.0.1:59005]
21:13:31.197 [main] DEBUG net.serenitybdd.core.photography.Darkroom - Send negative for processing for target\site\serenity\1ecc67dda860b0309fa9c0e6bc4448ea0c683203c29b764e71ad067a82e45a82.png
21:13:31.198 [Darkroom Processing Line] DEBUG net.serenitybdd.core.photography.DarkroomProcessingLine - Processing screenshot image in /var/screenshots/screenshot-2330165008852581642
21:13:31.198 [Darkroom Processing Line] DEBUG net.serenitybdd.core.photography.DarkroomProcessingLine - Saving screenshot to target\site\serenity\1ecc67dda860b0309fa9c0e6bc4448ea0c683203c29b764e71ad067a82e45a82.png
21:13:31.205 [AsyncHttpClient-1-2] DEBUG org.asynchttpclient.netty.handler.WebSocketHandler - Channel Closed: [id: 0xbe5d32f1, L:/127.0.0.1:50372 ! R:localhost/127.0.0.1:50359] with attribute NettyResponseFuture{currentRetry=5,
	isDone=1,
	isCancelled=0,
	asyncHandler=org.asynchttpclient.ws.WebSocketUpgradeHandler@3968ca6a,
	nettyRequest=org.asynchttpclient.netty.request.NettyRequest@46faca2b,
	future=java.util.concurrent.CompletableFuture@642a1478[Completed normally],
	uri=ws://localhost:50359/devtools/browser/8534e383-4f79-44b0-9fc5-d93cab279b5b,
	keepAlive=true,
	redirectCount=0,
	timeoutsHolder=null,
	inAuth=0,
	touch=1667484799851}
21:13:31.205 [AsyncHttpClient-1-2] DEBUG org.asynchttpclient.netty.channel.ChannelManager - Closing Channel [id: 0xbe5d32f1, L:/127.0.0.1:50372 ! R:localhost/127.0.0.1:50359] 
21:13:31.206 [Driver Command Executor] DEBUG org.asynchttpclient.netty.request.NettyRequestSender - Using pooled Channel '[id: 0x039113e3, L:/127.0.0.1:50358 - R:localhost/127.0.0.1:59005]' for 'DELETE' to 'http://localhost:59005/session/b0b2a1c999818bd912e23ede3c942393'
21:13:31.206 [Driver Command Executor] DEBUG org.asynchttpclient.netty.request.NettyRequestSender - Using open Channel [id: 0x039113e3, L:/127.0.0.1:50358 - R:localhost/127.0.0.1:59005] for DELETE '/session/b0b2a1c999818bd912e23ede3c942393'
21:13:31.247 [AsyncHttpClient-1-17] DEBUG org.asynchttpclient.netty.handler.HttpHandler - Unexpected I/O exception on channel [id: 0x6738aeea, L:/127.0.0.1:50371 - R:localhost/127.0.0.1:50359]
java.net.SocketException: Connection reset
	at java.base/sun.nio.ch.SocketChannelImpl.throwConnectionReset(SocketChannelImpl.java:345)
	at java.base/sun.nio.ch.SocketChannelImpl.read(SocketChannelImpl.java:376)
	at io.netty.buffer.PooledByteBuf.setBytes(PooledByteBuf.java:258)
	at io.netty.buffer.AbstractByteBuf.writeBytes(AbstractByteBuf.java:1132)
	at io.netty.channel.socket.nio.NioSocketChannel.doReadBytes(NioSocketChannel.java:350)
	at io.netty.channel.nio.AbstractNioByteChannel$NioByteUnsafe.read(AbstractNioByteChannel.java:151)
	at io.netty.channel.nio.NioEventLoop.processSelectedKey(NioEventLoop.java:722)
	at io.netty.channel.nio.NioEventLoop.processSelectedKeysOptimized(NioEventLoop.java:658)
	at io.netty.channel.nio.NioEventLoop.processSelectedKeys(NioEventLoop.java:584)
	at io.netty.channel.nio.NioEventLoop.run(NioEventLoop.java:496)
	at io.netty.util.concurrent.SingleThreadEventExecutor$4.run(SingleThreadEventExecutor.java:986)
	at io.netty.util.internal.ThreadExecutorMap$2.run(ThreadExecutorMap.java:74)
	at io.netty.util.concurrent.FastThreadLocalRunnable.run(FastThreadLocalRunnable.java:30)
	at java.base/java.lang.Thread.run(Thread.java:830)
21:13:31.247 [AsyncHttpClient-1-17] DEBUG org.asynchttpclient.netty.channel.ChannelManager - Closing Channel [id: 0x6738aeea, L:/127.0.0.1:50371 - R:localhost/127.0.0.1:50359] 
21:13:31.247 [AsyncHttpClient-1-17] DEBUG org.asynchttpclient.netty.handler.HttpHandler - Channel Closed: [id: 0x6738aeea, L:/127.0.0.1:50371 ! R:localhost/127.0.0.1:50359] with attribute DISCARD
21:13:31.279 [AsyncHttpClient-1-16] DEBUG org.asynchttpclient.netty.handler.HttpHandler - 

Request DefaultFullHttpRequest(decodeResult: success, version: HTTP/1.1, content: EmptyByteBufBE)
DELETE /session/b0b2a1c999818bd912e23ede3c942393 HTTP/1.1
User-Agent: selenium/4.1.2 (java windows)
Content-Type: application/json; charset=utf-8
host: localhost:59005
accept: */*

Response DefaultHttpResponse(decodeResult: success, version: HTTP/1.1)
HTTP/1.1 200 OK
Content-Type: application/json; charset=utf-8
cache-control: no-cache
content-length: 14

21:13:31.279 [AsyncHttpClient-1-16] DEBUG org.asynchttpclient.netty.channel.ChannelManager - Adding key: http://localhost:59005 for channel [id: 0x039113e3, L:/127.0.0.1:50358 - R:localhost/127.0.0.1:59005]
21:13:31.374 [AsyncHttpClient-1-16] DEBUG org.asynchttpclient.netty.handler.HttpHandler - Channel Closed: [id: 0x039113e3, L:/127.0.0.1:50358 ! R:localhost/127.0.0.1:59005] with attribute DISCARD
21:13:31.590 [AsyncHttpClient-1-1] DEBUG org.asynchttpclient.netty.channel.DefaultChannelPool - Entry count for : http://localhost:59005 : 1
21:13:31.590 [AsyncHttpClient-1-1] DEBUG org.asynchttpclient.netty.channel.DefaultChannelPool - Entry count for : http://localhost:50359 : 1
21:13:31.590 [AsyncHttpClient-1-1] DEBUG org.asynchttpclient.netty.channel.DefaultChannelPool - Adding Candidate expired Channel [id: 0x039113e3, L:/127.0.0.1:50358 ! R:localhost/127.0.0.1:59005] isIdleTimeoutExpired=false isRemotelyClosed=true isTtlExpired=false
21:13:31.590 [AsyncHttpClient-1-1] DEBUG org.asynchttpclient.netty.channel.DefaultChannelPool - Closing Idle Channel [id: 0x039113e3, L:/127.0.0.1:50358 ! R:localhost/127.0.0.1:59005]
21:13:31.590 [AsyncHttpClient-1-1] DEBUG org.asynchttpclient.netty.channel.DefaultChannelPool - Adding Candidate expired Channel [id: 0x6738aeea, L:/127.0.0.1:50371 ! R:localhost/127.0.0.1:50359] isIdleTimeoutExpired=false isRemotelyClosed=true isTtlExpired=false
21:13:31.590 [AsyncHttpClient-1-1] DEBUG org.asynchttpclient.netty.channel.DefaultChannelPool - Closing Idle Channel [id: 0x6738aeea, L:/127.0.0.1:50371 ! R:localhost/127.0.0.1:50359]
21:13:31.590 [AsyncHttpClient-1-1] DEBUG org.asynchttpclient.netty.channel.DefaultChannelPool - Closed 2 connections out of 2 in 0 ms
]]></system-out>
    <system-err><![CDATA[Starting ChromeDriver 106.0.5249.61 (511755355844955cd3e264779baf0dd38212a4d0-refs/branch-heads/5249@{#569}) on port 59005
Only local connections are allowed.
Please see https://chromedriver.chromium.org/security-considerations for suggestions on keeping ChromeDriver safe.
ChromeDriver was started successfully.
[1667484799.175][WARNING]: This version of ChromeDriver has not been tested with Chrome version 107.
Nov 03, 2022 9:13:19 PM org.openqa.selenium.remote.ProtocolHandshake createSession
INFO: Detected dialect: W3C
Nov 03, 2022 9:13:19 PM org.openqa.selenium.devtools.CdpVersionFinder findNearestMatch
WARNING: Unable to find an exact match for CDP version 107, so returning the closest version found: a no-op implementation
Nov 03, 2022 9:13:19 PM org.openqa.selenium.devtools.CdpVersionFinder findNearestMatch
INFO: Unable to find CDP implementation matching 107.
Nov 03, 2022 9:13:19 PM org.openqa.selenium.chromium.ChromiumDriver lambda$new$3
WARNING: Unable to find version of CDP to use for . You may need to include a dependency on a specific version of the CDP using something similar to `org.seleniumhq.selenium:selenium-devtools-v86:4.1.2` where the version ("v86") matches the version of the chromium-based browser you're using and the version number of the artifact is the same as Selenium's.
]]></system-err>
  </testcase>
  <testcase name="Login with email and password #5" classname="Login" time="9.197">
    <system-out><![CDATA[
Scenario Outline: Login with email and password &amp#27;[90m# src/test/resources/features/Login.feature:31&amp#27;[0m
21:13:31.906 [main] INFO io.cucumber.core.plugin.SerenityReporter - Running feature from file:///C:/Users/ASUS/Desktop/stupen/miniproject/Web/ASWeb/src/test/resources/features/Login.feature
21:13:31.916 [main] INFO net.serenitybdd.core.webdriver.driverproviders.ChromeDriverProvider - Using automatically driver download
21:13:32.046 [main] DEBUG io.github.bonigarcia.wdm.cache.ResolutionCache - Resolution chrome=107 in cache (valid until 21:49:49 03/11/2022 WIB)
21:13:32.050 [main] DEBUG io.github.bonigarcia.wdm.cache.ResolutionCache - Resolution chrome107=107.0.5304.62 in cache (valid until 16:49:12 04/11/2022 WIB)
21:13:32.052 [main] INFO io.github.bonigarcia.wdm.WebDriverManager - Using chromedriver 107.0.5304.62 (resolved driver for Chrome 107)
21:13:32.073 [main] DEBUG io.github.bonigarcia.wdm.WebDriverManager - Driver chromedriver 107.0.5304.62 found in cache
21:13:32.074 [main] INFO io.github.bonigarcia.wdm.WebDriverManager - Exporting webdriver.chrome.driver as C:\Users\ASUS\.cache\selenium\chromedriver\win32\107.0.5304.62\chromedriver.exe
21:13:32.234 [main] DEBUG net.serenitybdd.core.webdriver.driverproviders.ProvideNewDriver - Instantiating driver
21:13:32.234 [main] DEBUG net.serenitybdd.core.webdriver.driverproviders.ProvideNewDriver - Driver capabilities: Capabilities {acceptInsecureCerts: false, base.url: https://alta-shop.vercel.app/, browserName: chrome, chrome.driver: src/test/resources/webdrive..., driver: chrome, goog:chromeOptions: {args: [], extensions: []}, wait.for.timeout: 10000}
21:13:32.796 [AsyncHttpClient-1-3] DEBUG org.asynchttpclient.netty.channel.NettyConnectListener - Using new Channel '[id: 0x012bd337, L:/127.0.0.1:50402 - R:localhost/127.0.0.1:62454]' for 'POST' to '/session'
21:13:34.509 [AsyncHttpClient-1-3] DEBUG org.asynchttpclient.netty.handler.HttpHandler - 

Request DefaultHttpRequest(decodeResult: success, version: HTTP/1.1)
POST /session HTTP/1.1
User-Agent: selenium/4.1.2 (java windows)
Content-Length: 646
Content-Type: application/json; charset=utf-8
host: localhost:62454
accept: */*

Response DefaultHttpResponse(decodeResult: success, version: HTTP/1.1)
HTTP/1.1 200 OK
Content-Type: application/json; charset=utf-8
cache-control: no-cache
content-length: 789

21:13:34.510 [AsyncHttpClient-1-3] DEBUG org.asynchttpclient.netty.channel.ChannelManager - Adding key: http://localhost:62454 for channel [id: 0x012bd337, L:/127.0.0.1:50402 - R:localhost/127.0.0.1:62454]
21:13:34.520 [AsyncHttpClient-1-4] DEBUG org.asynchttpclient.netty.channel.NettyConnectListener - Using new Channel '[id: 0xd4b10dc3, L:/127.0.0.1:50411 - R:localhost/127.0.0.1:50403]' for 'GET' to '/json/version'
21:13:34.521 [AsyncHttpClient-1-4] DEBUG org.asynchttpclient.netty.handler.HttpHandler - 

Request DefaultFullHttpRequest(decodeResult: success, version: HTTP/1.1, content: EmptyByteBufBE)
GET /json/version HTTP/1.1
User-Agent: selenium/4.1.2 (java windows)
host: localhost:50403
accept: */*

Response DefaultHttpResponse(decodeResult: success, version: HTTP/1.1)
HTTP/1.1 200 OK
Content-Type: application/json; charset=UTF-8
content-length: 423

21:13:34.521 [AsyncHttpClient-1-4] DEBUG org.asynchttpclient.netty.channel.ChannelManager - Adding key: http://localhost:50403 for channel [id: 0xd4b10dc3, L:/127.0.0.1:50411 - R:localhost/127.0.0.1:50403]
21:13:34.524 [AsyncHttpClient-1-5] DEBUG org.asynchttpclient.netty.channel.NettyConnectListener - Using new Channel '[id: 0x9055ca97, L:/127.0.0.1:50412 - R:localhost/127.0.0.1:50403]' for 'GET' to '/devtools/browser/346876ab-e058-4acd-abe3-accf631023c7'
21:13:34.525 [AsyncHttpClient-1-5] DEBUG org.asynchttpclient.netty.handler.WebSocketHandler - 

Request DefaultFullHttpRequest(decodeResult: success, version: HTTP/1.1, content: EmptyByteBufBE)
GET /devtools/browser/346876ab-e058-4acd-abe3-accf631023c7 HTTP/1.1
upgrade: websocket
connection: upgrade
sec-websocket-key: uJHYavONTtIrO5Z7vyskUw==
sec-websocket-version: 13
origin: http://localhost:50403
host: localhost:50403
accept: */*
user-agent: AHC/2.1

Response DefaultHttpResponse(decodeResult: success, version: HTTP/1.1)
HTTP/1.1 101 WebSocket Protocol Handshake
Upgrade: WebSocket
Connection: Upgrade
Sec-WebSocket-Accept: dIMgt1ncRzlQFt8AvsClFAdfJgE=

21:13:34.531 [Forwarding get on session c6fb84378fb4c3d87760d4ea7c1583df to remote] DEBUG org.asynchttpclient.netty.request.NettyRequestSender - Using pooled Channel '[id: 0x012bd337, L:/127.0.0.1:50402 - R:localhost/127.0.0.1:62454]' for 'POST' to 'http://localhost:62454/session/c6fb84378fb4c3d87760d4ea7c1583df/url'
21:13:34.531 [Forwarding get on session c6fb84378fb4c3d87760d4ea7c1583df to remote] DEBUG org.asynchttpclient.netty.request.NettyRequestSender - Using open Channel [id: 0x012bd337, L:/127.0.0.1:50402 - R:localhost/127.0.0.1:62454] for POST '/session/c6fb84378fb4c3d87760d4ea7c1583df/url'
21:13:34.887 [AsyncHttpClient-1-1] DEBUG org.asynchttpclient.netty.channel.DefaultChannelPool - Entry count for : http://localhost:50403 : 1
21:13:35.602 [AsyncHttpClient-1-3] DEBUG org.asynchttpclient.netty.handler.HttpHandler - 

Request DefaultHttpRequest(decodeResult: success, version: HTTP/1.1)
POST /session/c6fb84378fb4c3d87760d4ea7c1583df/url HTTP/1.1
User-Agent: selenium/4.1.2 (java windows)
Content-Length: 74
Content-Type: application/json; charset=utf-8
host: localhost:62454
accept: */*

Response DefaultHttpResponse(decodeResult: success, version: HTTP/1.1)
HTTP/1.1 200 OK
Content-Type: application/json; charset=utf-8
cache-control: no-cache
content-length: 14

21:13:35.602 [AsyncHttpClient-1-3] DEBUG org.asynchttpclient.netty.channel.ChannelManager - Adding key: http://localhost:62454 for channel [id: 0x012bd337, L:/127.0.0.1:50402 - R:localhost/127.0.0.1:62454]
21:13:35.604 [Forwarding setTimeout on session c6fb84378fb4c3d87760d4ea7c1583df to remote] DEBUG org.asynchttpclient.netty.request.NettyRequestSender - Using pooled Channel '[id: 0x012bd337, L:/127.0.0.1:50402 - R:localhost/127.0.0.1:62454]' for 'POST' to 'http://localhost:62454/session/c6fb84378fb4c3d87760d4ea7c1583df/timeouts'
21:13:35.604 [Forwarding setTimeout on session c6fb84378fb4c3d87760d4ea7c1583df to remote] DEBUG org.asynchttpclient.netty.request.NettyRequestSender - Using open Channel [id: 0x012bd337, L:/127.0.0.1:50402 - R:localhost/127.0.0.1:62454] for POST '/session/c6fb84378fb4c3d87760d4ea7c1583df/timeouts'
21:13:35.605 [AsyncHttpClient-1-3] DEBUG org.asynchttpclient.netty.handler.HttpHandler - 

Request DefaultHttpRequest(decodeResult: success, version: HTTP/1.1)
POST /session/c6fb84378fb4c3d87760d4ea7c1583df/timeouts HTTP/1.1
User-Agent: selenium/4.1.2 (java windows)
Content-Length: 22
Content-Type: application/json; charset=utf-8
host: localhost:62454
accept: */*

Response DefaultHttpResponse(decodeResult: success, version: HTTP/1.1)
HTTP/1.1 200 OK
Content-Type: application/json; charset=utf-8
cache-control: no-cache
content-length: 14

21:13:35.605 [AsyncHttpClient-1-3] DEBUG org.asynchttpclient.netty.channel.ChannelManager - Adding key: http://localhost:62454 for channel [id: 0x012bd337, L:/127.0.0.1:50402 - R:localhost/127.0.0.1:62454]
21:13:35.608 [Forwarding getCurrentUrl on session c6fb84378fb4c3d87760d4ea7c1583df to remote] DEBUG org.asynchttpclient.netty.request.NettyRequestSender - Using pooled Channel '[id: 0x012bd337, L:/127.0.0.1:50402 - R:localhost/127.0.0.1:62454]' for 'GET' to 'http://localhost:62454/session/c6fb84378fb4c3d87760d4ea7c1583df/url'
21:13:35.608 [Forwarding getCurrentUrl on session c6fb84378fb4c3d87760d4ea7c1583df to remote] DEBUG org.asynchttpclient.netty.request.NettyRequestSender - Using open Channel [id: 0x012bd337, L:/127.0.0.1:50402 - R:localhost/127.0.0.1:62454] for GET '/session/c6fb84378fb4c3d87760d4ea7c1583df/url'
21:13:35.613 [AsyncHttpClient-1-3] DEBUG org.asynchttpclient.netty.handler.HttpHandler - 

Request DefaultFullHttpRequest(decodeResult: success, version: HTTP/1.1, content: EmptyByteBufBE)
GET /session/c6fb84378fb4c3d87760d4ea7c1583df/url HTTP/1.1
User-Agent: selenium/4.1.2 (java windows)
Cache-Control: no-cache
Content-Type: application/json; charset=utf-8
host: localhost:62454
accept: */*

Response DefaultHttpResponse(decodeResult: success, version: HTTP/1.1)
HTTP/1.1 200 OK
Content-Type: application/json; charset=utf-8
cache-control: no-cache
content-length: 51

21:13:35.613 [AsyncHttpClient-1-3] DEBUG org.asynchttpclient.netty.channel.ChannelManager - Adding key: http://localhost:62454 for channel [id: 0x012bd337, L:/127.0.0.1:50402 - R:localhost/127.0.0.1:62454]
  &amp#27;[32mGiven &amp#27;[0m&amp#27;[32mI am in login page&amp#27;[0m                      &amp#27;[90m# starter.stepdefinitions.LogInOutSteps.iAmInLoginPage()&amp#27;[0m
21:13:35.619 [Forwarding screenshot on session c6fb84378fb4c3d87760d4ea7c1583df to remote] DEBUG org.asynchttpclient.netty.request.NettyRequestSender - Using pooled Channel '[id: 0x012bd337, L:/127.0.0.1:50402 - R:localhost/127.0.0.1:62454]' for 'GET' to 'http://localhost:62454/session/c6fb84378fb4c3d87760d4ea7c1583df/screenshot'
21:13:35.619 [Forwarding screenshot on session c6fb84378fb4c3d87760d4ea7c1583df to remote] DEBUG org.asynchttpclient.netty.request.NettyRequestSender - Using open Channel [id: 0x012bd337, L:/127.0.0.1:50402 - R:localhost/127.0.0.1:62454] for GET '/session/c6fb84378fb4c3d87760d4ea7c1583df/screenshot'
21:13:35.898 [AsyncHttpClient-1-3] DEBUG org.asynchttpclient.netty.handler.HttpHandler - 

Request DefaultFullHttpRequest(decodeResult: success, version: HTTP/1.1, content: EmptyByteBufBE)
GET /session/c6fb84378fb4c3d87760d4ea7c1583df/screenshot HTTP/1.1
User-Agent: selenium/4.1.2 (java windows)
Cache-Control: no-cache
Content-Type: application/json; charset=utf-8
host: localhost:62454
accept: */*

Response DefaultHttpResponse(decodeResult: success, version: HTTP/1.1)
HTTP/1.1 200 OK
Content-Type: application/json; charset=utf-8
cache-control: no-cache
content-length: 38472

21:13:35.898 [AsyncHttpClient-1-3] DEBUG org.asynchttpclient.netty.channel.ChannelManager - Adding key: http://localhost:62454 for channel [id: 0x012bd337, L:/127.0.0.1:50402 - R:localhost/127.0.0.1:62454]
21:13:35.901 [main] DEBUG net.serenitybdd.core.photography.Darkroom - Send negative for processing for target\site\serenity\6c2309ed56aeb278067cd6b3caf368b9f01e276e2bf175d46007f31c90d5af21.png
21:13:35.911 [Forwarding findElement on session c6fb84378fb4c3d87760d4ea7c1583df to remote] DEBUG org.asynchttpclient.netty.request.NettyRequestSender - Using pooled Channel '[id: 0x012bd337, L:/127.0.0.1:50402 - R:localhost/127.0.0.1:62454]' for 'POST' to 'http://localhost:62454/session/c6fb84378fb4c3d87760d4ea7c1583df/element'
21:13:35.911 [Forwarding findElement on session c6fb84378fb4c3d87760d4ea7c1583df to remote] DEBUG org.asynchttpclient.netty.request.NettyRequestSender - Using open Channel [id: 0x012bd337, L:/127.0.0.1:50402 - R:localhost/127.0.0.1:62454] for POST '/session/c6fb84378fb4c3d87760d4ea7c1583df/element'
21:13:35.923 [AsyncHttpClient-1-3] DEBUG org.asynchttpclient.netty.handler.HttpHandler - 

Request DefaultHttpRequest(decodeResult: success, version: HTTP/1.1)
POST /session/c6fb84378fb4c3d87760d4ea7c1583df/element HTTP/1.1
User-Agent: selenium/4.1.2 (java windows)
Content-Length: 87
Content-Type: application/json; charset=utf-8
host: localhost:62454
accept: */*

Response DefaultHttpResponse(decodeResult: success, version: HTTP/1.1)
HTTP/1.1 200 OK
Content-Type: application/json; charset=utf-8
cache-control: no-cache
content-length: 88

21:13:35.923 [AsyncHttpClient-1-3] DEBUG org.asynchttpclient.netty.channel.ChannelManager - Adding key: http://localhost:62454 for channel [id: 0x012bd337, L:/127.0.0.1:50402 - R:localhost/127.0.0.1:62454]
21:13:35.925 [Forwarding clearElement on session c6fb84378fb4c3d87760d4ea7c1583df to remote] DEBUG org.asynchttpclient.netty.request.NettyRequestSender - Using pooled Channel '[id: 0x012bd337, L:/127.0.0.1:50402 - R:localhost/127.0.0.1:62454]' for 'POST' to 'http://localhost:62454/session/c6fb84378fb4c3d87760d4ea7c1583df/element/d86cb9d1-87ef-4e11-8ed5-aef78ebccfe7/clear'
21:13:35.925 [Forwarding clearElement on session c6fb84378fb4c3d87760d4ea7c1583df to remote] DEBUG org.asynchttpclient.netty.request.NettyRequestSender - Using open Channel [id: 0x012bd337, L:/127.0.0.1:50402 - R:localhost/127.0.0.1:62454] for POST '/session/c6fb84378fb4c3d87760d4ea7c1583df/element/d86cb9d1-87ef-4e11-8ed5-aef78ebccfe7/clear'
21:13:35.956 [AsyncHttpClient-1-3] DEBUG org.asynchttpclient.netty.handler.HttpHandler - 

Request DefaultHttpRequest(decodeResult: success, version: HTTP/1.1)
POST /session/c6fb84378fb4c3d87760d4ea7c1583df/element/d86cb9d1-87ef-4e11-8ed5-aef78ebccfe7/clear HTTP/1.1
User-Agent: selenium/4.1.2 (java windows)
Content-Length: 50
Content-Type: application/json; charset=utf-8
host: localhost:62454
accept: */*

Response DefaultHttpResponse(decodeResult: success, version: HTTP/1.1)
HTTP/1.1 200 OK
Content-Type: application/json; charset=utf-8
cache-control: no-cache
content-length: 14

21:13:35.956 [AsyncHttpClient-1-3] DEBUG org.asynchttpclient.netty.channel.ChannelManager - Adding key: http://localhost:62454 for channel [id: 0x012bd337, L:/127.0.0.1:50402 - R:localhost/127.0.0.1:62454]
21:13:35.957 [Forwarding sendKeysToElement on session c6fb84378fb4c3d87760d4ea7c1583df to remote] DEBUG org.asynchttpclient.netty.request.NettyRequestSender - Using pooled Channel '[id: 0x012bd337, L:/127.0.0.1:50402 - R:localhost/127.0.0.1:62454]' for 'POST' to 'http://localhost:62454/session/c6fb84378fb4c3d87760d4ea7c1583df/element/d86cb9d1-87ef-4e11-8ed5-aef78ebccfe7/value'
21:13:35.957 [Forwarding sendKeysToElement on session c6fb84378fb4c3d87760d4ea7c1583df to remote] DEBUG org.asynchttpclient.netty.request.NettyRequestSender - Using open Channel [id: 0x012bd337, L:/127.0.0.1:50402 - R:localhost/127.0.0.1:62454] for POST '/session/c6fb84378fb4c3d87760d4ea7c1583df/element/d86cb9d1-87ef-4e11-8ed5-aef78ebccfe7/value'
21:13:35.992 [AsyncHttpClient-1-1] DEBUG org.asynchttpclient.netty.channel.DefaultChannelPool - Entry count for : http://localhost:50403 : 1
21:13:35.997 [AsyncHttpClient-1-3] DEBUG org.asynchttpclient.netty.handler.HttpHandler - 

Request DefaultHttpRequest(decodeResult: success, version: HTTP/1.1)
POST /session/c6fb84378fb4c3d87760d4ea7c1583df/element/d86cb9d1-87ef-4e11-8ed5-aef78ebccfe7/value HTTP/1.1
User-Agent: selenium/4.1.2 (java windows)
Content-Length: 82
Content-Type: application/json; charset=utf-8
host: localhost:62454
accept: */*

Response DefaultHttpResponse(decodeResult: success, version: HTTP/1.1)
HTTP/1.1 200 OK
Content-Type: application/json; charset=utf-8
cache-control: no-cache
content-length: 14

21:13:35.997 [AsyncHttpClient-1-3] DEBUG org.asynchttpclient.netty.channel.ChannelManager - Adding key: http://localhost:62454 for channel [id: 0x012bd337, L:/127.0.0.1:50402 - R:localhost/127.0.0.1:62454]
  &amp#27;[32mWhen &amp#27;[0m&amp#27;[32mI input &amp#27;[0m&amp#27;[32m&amp#27;[1m""&amp#27;[0m&amp#27;[32m email&amp#27;[0m                         &amp#27;[90m# starter.stepdefinitions.LogInOutSteps.iInputEmailEmail(java.lang.String)&amp#27;[0m
21:13:36.003 [Forwarding screenshot on session c6fb84378fb4c3d87760d4ea7c1583df to remote] DEBUG org.asynchttpclient.netty.request.NettyRequestSender - Using pooled Channel '[id: 0x012bd337, L:/127.0.0.1:50402 - R:localhost/127.0.0.1:62454]' for 'GET' to 'http://localhost:62454/session/c6fb84378fb4c3d87760d4ea7c1583df/screenshot'
21:13:36.003 [Forwarding screenshot on session c6fb84378fb4c3d87760d4ea7c1583df to remote] DEBUG org.asynchttpclient.netty.request.NettyRequestSender - Using open Channel [id: 0x012bd337, L:/127.0.0.1:50402 - R:localhost/127.0.0.1:62454] for GET '/session/c6fb84378fb4c3d87760d4ea7c1583df/screenshot'
21:13:36.151 [AsyncHttpClient-1-3] DEBUG org.asynchttpclient.netty.handler.HttpHandler - 

Request DefaultFullHttpRequest(decodeResult: success, version: HTTP/1.1, content: EmptyByteBufBE)
GET /session/c6fb84378fb4c3d87760d4ea7c1583df/screenshot HTTP/1.1
User-Agent: selenium/4.1.2 (java windows)
Cache-Control: no-cache
Content-Type: application/json; charset=utf-8
host: localhost:62454
accept: */*

Response DefaultHttpResponse(decodeResult: success, version: HTTP/1.1)
HTTP/1.1 200 OK
Content-Type: application/json; charset=utf-8
cache-control: no-cache
content-length: 38784

21:13:36.152 [AsyncHttpClient-1-3] DEBUG org.asynchttpclient.netty.channel.ChannelManager - Adding key: http://localhost:62454 for channel [id: 0x012bd337, L:/127.0.0.1:50402 - R:localhost/127.0.0.1:62454]
21:13:36.154 [main] DEBUG net.serenitybdd.core.photography.Darkroom - Send negative for processing for target\site\serenity\d5c12ec7a4ee0d02e09255ae244a233455bada329ef04a3a70102e260aea8071.png
21:13:36.154 [Darkroom Processing Line] DEBUG net.serenitybdd.core.photography.DarkroomProcessingLine - Processing screenshot image in /var/screenshots/screenshot-8427066419408524204
21:13:36.154 [Darkroom Processing Line] DEBUG net.serenitybdd.core.photography.DarkroomProcessingLine - Saving screenshot to target\site\serenity\d5c12ec7a4ee0d02e09255ae244a233455bada329ef04a3a70102e260aea8071.png
21:13:36.162 [Forwarding findElement on session c6fb84378fb4c3d87760d4ea7c1583df to remote] DEBUG org.asynchttpclient.netty.request.NettyRequestSender - Using pooled Channel '[id: 0x012bd337, L:/127.0.0.1:50402 - R:localhost/127.0.0.1:62454]' for 'POST' to 'http://localhost:62454/session/c6fb84378fb4c3d87760d4ea7c1583df/element'
21:13:36.162 [Forwarding findElement on session c6fb84378fb4c3d87760d4ea7c1583df to remote] DEBUG org.asynchttpclient.netty.request.NettyRequestSender - Using open Channel [id: 0x012bd337, L:/127.0.0.1:50402 - R:localhost/127.0.0.1:62454] for POST '/session/c6fb84378fb4c3d87760d4ea7c1583df/element'
21:13:36.172 [AsyncHttpClient-1-3] DEBUG org.asynchttpclient.netty.handler.HttpHandler - 

Request DefaultHttpRequest(decodeResult: success, version: HTTP/1.1)
POST /session/c6fb84378fb4c3d87760d4ea7c1583df/element HTTP/1.1
User-Agent: selenium/4.1.2 (java windows)
Content-Length: 90
Content-Type: application/json; charset=utf-8
host: localhost:62454
accept: */*

Response DefaultHttpResponse(decodeResult: success, version: HTTP/1.1)
HTTP/1.1 200 OK
Content-Type: application/json; charset=utf-8
cache-control: no-cache
content-length: 88

21:13:36.172 [AsyncHttpClient-1-3] DEBUG org.asynchttpclient.netty.channel.ChannelManager - Adding key: http://localhost:62454 for channel [id: 0x012bd337, L:/127.0.0.1:50402 - R:localhost/127.0.0.1:62454]
21:13:36.173 [Forwarding clearElement on session c6fb84378fb4c3d87760d4ea7c1583df to remote] DEBUG org.asynchttpclient.netty.request.NettyRequestSender - Using pooled Channel '[id: 0x012bd337, L:/127.0.0.1:50402 - R:localhost/127.0.0.1:62454]' for 'POST' to 'http://localhost:62454/session/c6fb84378fb4c3d87760d4ea7c1583df/element/01b1e5e9-4426-458a-bfca-601b7e1b5d9f/clear'
21:13:36.173 [Forwarding clearElement on session c6fb84378fb4c3d87760d4ea7c1583df to remote] DEBUG org.asynchttpclient.netty.request.NettyRequestSender - Using open Channel [id: 0x012bd337, L:/127.0.0.1:50402 - R:localhost/127.0.0.1:62454] for POST '/session/c6fb84378fb4c3d87760d4ea7c1583df/element/01b1e5e9-4426-458a-bfca-601b7e1b5d9f/clear'
21:13:36.204 [AsyncHttpClient-1-3] DEBUG org.asynchttpclient.netty.handler.HttpHandler - 

Request DefaultHttpRequest(decodeResult: success, version: HTTP/1.1)
POST /session/c6fb84378fb4c3d87760d4ea7c1583df/element/01b1e5e9-4426-458a-bfca-601b7e1b5d9f/clear HTTP/1.1
User-Agent: selenium/4.1.2 (java windows)
Content-Length: 50
Content-Type: application/json; charset=utf-8
host: localhost:62454
accept: */*

Response DefaultHttpResponse(decodeResult: success, version: HTTP/1.1)
HTTP/1.1 200 OK
Content-Type: application/json; charset=utf-8
cache-control: no-cache
content-length: 14

21:13:36.204 [AsyncHttpClient-1-3] DEBUG org.asynchttpclient.netty.channel.ChannelManager - Adding key: http://localhost:62454 for channel [id: 0x012bd337, L:/127.0.0.1:50402 - R:localhost/127.0.0.1:62454]
21:13:36.205 [Forwarding sendKeysToElement on session c6fb84378fb4c3d87760d4ea7c1583df to remote] DEBUG org.asynchttpclient.netty.request.NettyRequestSender - Using pooled Channel '[id: 0x012bd337, L:/127.0.0.1:50402 - R:localhost/127.0.0.1:62454]' for 'POST' to 'http://localhost:62454/session/c6fb84378fb4c3d87760d4ea7c1583df/element/01b1e5e9-4426-458a-bfca-601b7e1b5d9f/value'
21:13:36.206 [Forwarding sendKeysToElement on session c6fb84378fb4c3d87760d4ea7c1583df to remote] DEBUG org.asynchttpclient.netty.request.NettyRequestSender - Using open Channel [id: 0x012bd337, L:/127.0.0.1:50402 - R:localhost/127.0.0.1:62454] for POST '/session/c6fb84378fb4c3d87760d4ea7c1583df/element/01b1e5e9-4426-458a-bfca-601b7e1b5d9f/value'
21:13:36.245 [AsyncHttpClient-1-3] DEBUG org.asynchttpclient.netty.handler.HttpHandler - 

Request DefaultHttpRequest(decodeResult: success, version: HTTP/1.1)
POST /session/c6fb84378fb4c3d87760d4ea7c1583df/element/01b1e5e9-4426-458a-bfca-601b7e1b5d9f/value HTTP/1.1
User-Agent: selenium/4.1.2 (java windows)
Content-Length: 82
Content-Type: application/json; charset=utf-8
host: localhost:62454
accept: */*

Response DefaultHttpResponse(decodeResult: success, version: HTTP/1.1)
HTTP/1.1 200 OK
Content-Type: application/json; charset=utf-8
cache-control: no-cache
content-length: 14

21:13:36.245 [AsyncHttpClient-1-3] DEBUG org.asynchttpclient.netty.channel.ChannelManager - Adding key: http://localhost:62454 for channel [id: 0x012bd337, L:/127.0.0.1:50402 - R:localhost/127.0.0.1:62454]
  &amp#27;[32mAnd &amp#27;[0m&amp#27;[32mI input &amp#27;[0m&amp#27;[32m&amp#27;[1m""&amp#27;[0m&amp#27;[32m password&amp#27;[0m                       &amp#27;[90m# starter.stepdefinitions.LogInOutSteps.iInputPasswordPassword(java.lang.String)&amp#27;[0m
21:13:36.251 [Forwarding screenshot on session c6fb84378fb4c3d87760d4ea7c1583df to remote] DEBUG org.asynchttpclient.netty.request.NettyRequestSender - Using pooled Channel '[id: 0x012bd337, L:/127.0.0.1:50402 - R:localhost/127.0.0.1:62454]' for 'GET' to 'http://localhost:62454/session/c6fb84378fb4c3d87760d4ea7c1583df/screenshot'
21:13:36.251 [Forwarding screenshot on session c6fb84378fb4c3d87760d4ea7c1583df to remote] DEBUG org.asynchttpclient.netty.request.NettyRequestSender - Using open Channel [id: 0x012bd337, L:/127.0.0.1:50402 - R:localhost/127.0.0.1:62454] for GET '/session/c6fb84378fb4c3d87760d4ea7c1583df/screenshot'
21:13:36.384 [AsyncHttpClient-1-3] DEBUG org.asynchttpclient.netty.handler.HttpHandler - 

Request DefaultFullHttpRequest(decodeResult: success, version: HTTP/1.1, content: EmptyByteBufBE)
GET /session/c6fb84378fb4c3d87760d4ea7c1583df/screenshot HTTP/1.1
User-Agent: selenium/4.1.2 (java windows)
Cache-Control: no-cache
Content-Type: application/json; charset=utf-8
host: localhost:62454
accept: */*

Response DefaultHttpResponse(decodeResult: success, version: HTTP/1.1)
HTTP/1.1 200 OK
Content-Type: application/json; charset=utf-8
cache-control: no-cache
content-length: 39212

21:13:36.384 [AsyncHttpClient-1-3] DEBUG org.asynchttpclient.netty.channel.ChannelManager - Adding key: http://localhost:62454 for channel [id: 0x012bd337, L:/127.0.0.1:50402 - R:localhost/127.0.0.1:62454]
21:13:36.386 [main] DEBUG net.serenitybdd.core.photography.Darkroom - Send negative for processing for target\site\serenity\ae755cbe4d9bdf5abf86a11f2444c70c5e35ad7100cb0e0fa9327ba66f2ee0c9.png
21:13:36.386 [Darkroom Processing Line] DEBUG net.serenitybdd.core.photography.DarkroomProcessingLine - Processing screenshot image in /var/screenshots/screenshot-11507411477921810144
21:13:36.386 [Darkroom Processing Line] DEBUG net.serenitybdd.core.photography.DarkroomProcessingLine - Saving screenshot to target\site\serenity\ae755cbe4d9bdf5abf86a11f2444c70c5e35ad7100cb0e0fa9327ba66f2ee0c9.png
21:13:36.396 [Forwarding findElement on session c6fb84378fb4c3d87760d4ea7c1583df to remote] DEBUG org.asynchttpclient.netty.request.NettyRequestSender - Using pooled Channel '[id: 0x012bd337, L:/127.0.0.1:50402 - R:localhost/127.0.0.1:62454]' for 'POST' to 'http://localhost:62454/session/c6fb84378fb4c3d87760d4ea7c1583df/element'
21:13:36.396 [Forwarding findElement on session c6fb84378fb4c3d87760d4ea7c1583df to remote] DEBUG org.asynchttpclient.netty.request.NettyRequestSender - Using open Channel [id: 0x012bd337, L:/127.0.0.1:50402 - R:localhost/127.0.0.1:62454] for POST '/session/c6fb84378fb4c3d87760d4ea7c1583df/element'
21:13:36.407 [AsyncHttpClient-1-3] DEBUG org.asynchttpclient.netty.handler.HttpHandler - 

Request DefaultHttpRequest(decodeResult: success, version: HTTP/1.1)
POST /session/c6fb84378fb4c3d87760d4ea7c1583df/element HTTP/1.1
User-Agent: selenium/4.1.2 (java windows)
Content-Length: 81
Content-Type: application/json; charset=utf-8
host: localhost:62454
accept: */*

Response DefaultHttpResponse(decodeResult: success, version: HTTP/1.1)
HTTP/1.1 200 OK
Content-Type: application/json; charset=utf-8
cache-control: no-cache
content-length: 88

21:13:36.407 [AsyncHttpClient-1-3] DEBUG org.asynchttpclient.netty.channel.ChannelManager - Adding key: http://localhost:62454 for channel [id: 0x012bd337, L:/127.0.0.1:50402 - R:localhost/127.0.0.1:62454]
21:13:36.409 [Forwarding getElementTagName on session c6fb84378fb4c3d87760d4ea7c1583df to remote] DEBUG org.asynchttpclient.netty.request.NettyRequestSender - Using pooled Channel '[id: 0x012bd337, L:/127.0.0.1:50402 - R:localhost/127.0.0.1:62454]' for 'GET' to 'http://localhost:62454/session/c6fb84378fb4c3d87760d4ea7c1583df/element/ba48a8f2-08e7-4ca6-8ac1-b1ae8139b739/name'
21:13:36.409 [Forwarding getElementTagName on session c6fb84378fb4c3d87760d4ea7c1583df to remote] DEBUG org.asynchttpclient.netty.request.NettyRequestSender - Using open Channel [id: 0x012bd337, L:/127.0.0.1:50402 - R:localhost/127.0.0.1:62454] for GET '/session/c6fb84378fb4c3d87760d4ea7c1583df/element/ba48a8f2-08e7-4ca6-8ac1-b1ae8139b739/name'
21:13:36.413 [AsyncHttpClient-1-3] DEBUG org.asynchttpclient.netty.handler.HttpHandler - 

Request DefaultFullHttpRequest(decodeResult: success, version: HTTP/1.1, content: EmptyByteBufBE)
GET /session/c6fb84378fb4c3d87760d4ea7c1583df/element/ba48a8f2-08e7-4ca6-8ac1-b1ae8139b739/name HTTP/1.1
User-Agent: selenium/4.1.2 (java windows)
Cache-Control: no-cache
Content-Type: application/json; charset=utf-8
host: localhost:62454
accept: */*

Response DefaultHttpResponse(decodeResult: success, version: HTTP/1.1)
HTTP/1.1 200 OK
Content-Type: application/json; charset=utf-8
cache-control: no-cache
content-length: 16

21:13:36.413 [AsyncHttpClient-1-3] DEBUG org.asynchttpclient.netty.channel.ChannelManager - Adding key: http://localhost:62454 for channel [id: 0x012bd337, L:/127.0.0.1:50402 - R:localhost/127.0.0.1:62454]
21:13:36.414 [Forwarding getElementTagName on session c6fb84378fb4c3d87760d4ea7c1583df to remote] DEBUG org.asynchttpclient.netty.request.NettyRequestSender - Using pooled Channel '[id: 0x012bd337, L:/127.0.0.1:50402 - R:localhost/127.0.0.1:62454]' for 'GET' to 'http://localhost:62454/session/c6fb84378fb4c3d87760d4ea7c1583df/element/ba48a8f2-08e7-4ca6-8ac1-b1ae8139b739/name'
21:13:36.414 [Forwarding getElementTagName on session c6fb84378fb4c3d87760d4ea7c1583df to remote] DEBUG org.asynchttpclient.netty.request.NettyRequestSender - Using open Channel [id: 0x012bd337, L:/127.0.0.1:50402 - R:localhost/127.0.0.1:62454] for GET '/session/c6fb84378fb4c3d87760d4ea7c1583df/element/ba48a8f2-08e7-4ca6-8ac1-b1ae8139b739/name'
21:13:36.418 [AsyncHttpClient-1-3] DEBUG org.asynchttpclient.netty.handler.HttpHandler - 

Request DefaultFullHttpRequest(decodeResult: success, version: HTTP/1.1, content: EmptyByteBufBE)
GET /session/c6fb84378fb4c3d87760d4ea7c1583df/element/ba48a8f2-08e7-4ca6-8ac1-b1ae8139b739/name HTTP/1.1
User-Agent: selenium/4.1.2 (java windows)
Cache-Control: no-cache
Content-Type: application/json; charset=utf-8
host: localhost:62454
accept: */*

Response DefaultHttpResponse(decodeResult: success, version: HTTP/1.1)
HTTP/1.1 200 OK
Content-Type: application/json; charset=utf-8
cache-control: no-cache
content-length: 16

21:13:36.418 [AsyncHttpClient-1-3] DEBUG org.asynchttpclient.netty.channel.ChannelManager - Adding key: http://localhost:62454 for channel [id: 0x012bd337, L:/127.0.0.1:50402 - R:localhost/127.0.0.1:62454]
21:13:36.420 [Forwarding findElement on session c6fb84378fb4c3d87760d4ea7c1583df to remote] DEBUG org.asynchttpclient.netty.request.NettyRequestSender - Using pooled Channel '[id: 0x012bd337, L:/127.0.0.1:50402 - R:localhost/127.0.0.1:62454]' for 'POST' to 'http://localhost:62454/session/c6fb84378fb4c3d87760d4ea7c1583df/element'
21:13:36.420 [Forwarding findElement on session c6fb84378fb4c3d87760d4ea7c1583df to remote] DEBUG org.asynchttpclient.netty.request.NettyRequestSender - Using open Channel [id: 0x012bd337, L:/127.0.0.1:50402 - R:localhost/127.0.0.1:62454] for POST '/session/c6fb84378fb4c3d87760d4ea7c1583df/element'
21:13:36.427 [AsyncHttpClient-1-3] DEBUG org.asynchttpclient.netty.handler.HttpHandler - 

Request DefaultHttpRequest(decodeResult: success, version: HTTP/1.1)
POST /session/c6fb84378fb4c3d87760d4ea7c1583df/element HTTP/1.1
User-Agent: selenium/4.1.2 (java windows)
Content-Length: 81
Content-Type: application/json; charset=utf-8
host: localhost:62454
accept: */*

Response DefaultHttpResponse(decodeResult: success, version: HTTP/1.1)
HTTP/1.1 200 OK
Content-Type: application/json; charset=utf-8
cache-control: no-cache
content-length: 88

21:13:36.428 [AsyncHttpClient-1-3] DEBUG org.asynchttpclient.netty.channel.ChannelManager - Adding key: http://localhost:62454 for channel [id: 0x012bd337, L:/127.0.0.1:50402 - R:localhost/127.0.0.1:62454]
21:13:36.429 [Forwarding clickElement on session c6fb84378fb4c3d87760d4ea7c1583df to remote] DEBUG org.asynchttpclient.netty.request.NettyRequestSender - Using pooled Channel '[id: 0x012bd337, L:/127.0.0.1:50402 - R:localhost/127.0.0.1:62454]' for 'POST' to 'http://localhost:62454/session/c6fb84378fb4c3d87760d4ea7c1583df/element/ba48a8f2-08e7-4ca6-8ac1-b1ae8139b739/click'
21:13:36.429 [Forwarding clickElement on session c6fb84378fb4c3d87760d4ea7c1583df to remote] DEBUG org.asynchttpclient.netty.request.NettyRequestSender - Using open Channel [id: 0x012bd337, L:/127.0.0.1:50402 - R:localhost/127.0.0.1:62454] for POST '/session/c6fb84378fb4c3d87760d4ea7c1583df/element/ba48a8f2-08e7-4ca6-8ac1-b1ae8139b739/click'
21:13:36.482 [AsyncHttpClient-1-3] DEBUG org.asynchttpclient.netty.handler.HttpHandler - 

Request DefaultHttpRequest(decodeResult: success, version: HTTP/1.1)
POST /session/c6fb84378fb4c3d87760d4ea7c1583df/element/ba48a8f2-08e7-4ca6-8ac1-b1ae8139b739/click HTTP/1.1
User-Agent: selenium/4.1.2 (java windows)
Content-Length: 50
Content-Type: application/json; charset=utf-8
host: localhost:62454
accept: */*

Response DefaultHttpResponse(decodeResult: success, version: HTTP/1.1)
HTTP/1.1 200 OK
Content-Type: application/json; charset=utf-8
cache-control: no-cache
content-length: 14

21:13:36.483 [AsyncHttpClient-1-3] DEBUG org.asynchttpclient.netty.channel.ChannelManager - Adding key: http://localhost:62454 for channel [id: 0x012bd337, L:/127.0.0.1:50402 - R:localhost/127.0.0.1:62454]
  &amp#27;[32mAnd &amp#27;[0m&amp#27;[32mI click login button&amp#27;[0m                      &amp#27;[90m# starter.stepdefinitions.LogInOutSteps.iClickLoginButton()&amp#27;[0m
21:13:36.494 [Forwarding screenshot on session c6fb84378fb4c3d87760d4ea7c1583df to remote] DEBUG org.asynchttpclient.netty.request.NettyRequestSender - Using pooled Channel '[id: 0x012bd337, L:/127.0.0.1:50402 - R:localhost/127.0.0.1:62454]' for 'GET' to 'http://localhost:62454/session/c6fb84378fb4c3d87760d4ea7c1583df/screenshot'
21:13:36.494 [Forwarding screenshot on session c6fb84378fb4c3d87760d4ea7c1583df to remote] DEBUG org.asynchttpclient.netty.request.NettyRequestSender - Using open Channel [id: 0x012bd337, L:/127.0.0.1:50402 - R:localhost/127.0.0.1:62454] for GET '/session/c6fb84378fb4c3d87760d4ea7c1583df/screenshot'
21:13:36.841 [AsyncHttpClient-1-3] DEBUG org.asynchttpclient.netty.handler.HttpHandler - 

Request DefaultFullHttpRequest(decodeResult: success, version: HTTP/1.1, content: EmptyByteBufBE)
GET /session/c6fb84378fb4c3d87760d4ea7c1583df/screenshot HTTP/1.1
User-Agent: selenium/4.1.2 (java windows)
Cache-Control: no-cache
Content-Type: application/json; charset=utf-8
host: localhost:62454
accept: */*

Response DefaultHttpResponse(decodeResult: success, version: HTTP/1.1)
HTTP/1.1 200 OK
Content-Type: application/json; charset=utf-8
cache-control: no-cache
content-length: 39212

21:13:36.841 [AsyncHttpClient-1-3] DEBUG org.asynchttpclient.netty.channel.ChannelManager - Adding key: http://localhost:62454 for channel [id: 0x012bd337, L:/127.0.0.1:50402 - R:localhost/127.0.0.1:62454]
21:13:36.843 [main] DEBUG net.serenitybdd.core.photography.Darkroom - Send negative for processing for target\site\serenity\17e43db363804e644dc5ef259474e79655025822b286c81621fcf9d337ce1d15.png
21:13:36.844 [Darkroom Processing Line] DEBUG net.serenitybdd.core.photography.DarkroomProcessingLine - Processing screenshot image in /var/screenshots/screenshot-11931642192791026223
21:13:36.844 [Darkroom Processing Line] DEBUG net.serenitybdd.core.photography.DarkroomProcessingLine - Saving screenshot to target\site\serenity\17e43db363804e644dc5ef259474e79655025822b286c81621fcf9d337ce1d15.png
21:13:36.857 [Forwarding findElement on session c6fb84378fb4c3d87760d4ea7c1583df to remote] DEBUG org.asynchttpclient.netty.request.NettyRequestSender - Using pooled Channel '[id: 0x012bd337, L:/127.0.0.1:50402 - R:localhost/127.0.0.1:62454]' for 'POST' to 'http://localhost:62454/session/c6fb84378fb4c3d87760d4ea7c1583df/element'
21:13:36.857 [Forwarding findElement on session c6fb84378fb4c3d87760d4ea7c1583df to remote] DEBUG org.asynchttpclient.netty.request.NettyRequestSender - Using open Channel [id: 0x012bd337, L:/127.0.0.1:50402 - R:localhost/127.0.0.1:62454] for POST '/session/c6fb84378fb4c3d87760d4ea7c1583df/element'
21:13:37.087 [AsyncHttpClient-1-1] DEBUG org.asynchttpclient.netty.channel.DefaultChannelPool - Entry count for : http://localhost:50403 : 1
21:13:38.187 [AsyncHttpClient-1-1] DEBUG org.asynchttpclient.netty.channel.DefaultChannelPool - Entry count for : http://localhost:50403 : 1
21:13:38.916 [AsyncHttpClient-1-3] DEBUG org.asynchttpclient.netty.handler.HttpHandler - 

Request DefaultHttpRequest(decodeResult: success, version: HTTP/1.1)
POST /session/c6fb84378fb4c3d87760d4ea7c1583df/element HTTP/1.1
User-Agent: selenium/4.1.2 (java windows)
Content-Length: 59
Content-Type: application/json; charset=utf-8
host: localhost:62454
accept: */*

Response DefaultHttpResponse(decodeResult: success, version: HTTP/1.1)
HTTP/1.1 404 Not Found
Content-Type: application/json; charset=utf-8
cache-control: no-cache
content-length: 1013

21:13:38.916 [AsyncHttpClient-1-3] DEBUG org.asynchttpclient.netty.channel.ChannelManager - Adding key: http://localhost:62454 for channel [id: 0x012bd337, L:/127.0.0.1:50402 - R:localhost/127.0.0.1:62454]
21:13:39.021 [Forwarding findElement on session c6fb84378fb4c3d87760d4ea7c1583df to remote] DEBUG org.asynchttpclient.netty.request.NettyRequestSender - Using pooled Channel '[id: 0x012bd337, L:/127.0.0.1:50402 - R:localhost/127.0.0.1:62454]' for 'POST' to 'http://localhost:62454/session/c6fb84378fb4c3d87760d4ea7c1583df/element'
21:13:39.021 [Forwarding findElement on session c6fb84378fb4c3d87760d4ea7c1583df to remote] DEBUG org.asynchttpclient.netty.request.NettyRequestSender - Using open Channel [id: 0x012bd337, L:/127.0.0.1:50402 - R:localhost/127.0.0.1:62454] for POST '/session/c6fb84378fb4c3d87760d4ea7c1583df/element'
21:13:39.286 [AsyncHttpClient-1-1] DEBUG org.asynchttpclient.netty.channel.DefaultChannelPool - Entry count for : http://localhost:50403 : 1
21:13:40.011 [AsyncHttpClient-1-3] DEBUG org.asynchttpclient.netty.handler.HttpHandler - 

Request DefaultHttpRequest(decodeResult: success, version: HTTP/1.1)
POST /session/c6fb84378fb4c3d87760d4ea7c1583df/element HTTP/1.1
User-Agent: selenium/4.1.2 (java windows)
Content-Length: 59
Content-Type: application/json; charset=utf-8
host: localhost:62454
accept: */*

Response DefaultHttpResponse(decodeResult: success, version: HTTP/1.1)
HTTP/1.1 200 OK
Content-Type: application/json; charset=utf-8
cache-control: no-cache
content-length: 88

21:13:40.011 [AsyncHttpClient-1-3] DEBUG org.asynchttpclient.netty.channel.ChannelManager - Adding key: http://localhost:62454 for channel [id: 0x012bd337, L:/127.0.0.1:50402 - R:localhost/127.0.0.1:62454]
21:13:40.016 [Forwarding isElementDisplayed on session c6fb84378fb4c3d87760d4ea7c1583df to remote] DEBUG org.asynchttpclient.netty.request.NettyRequestSender - Using pooled Channel '[id: 0x012bd337, L:/127.0.0.1:50402 - R:localhost/127.0.0.1:62454]' for 'POST' to 'http://localhost:62454/session/c6fb84378fb4c3d87760d4ea7c1583df/execute/sync'
21:13:40.016 [Forwarding isElementDisplayed on session c6fb84378fb4c3d87760d4ea7c1583df to remote] DEBUG org.asynchttpclient.netty.request.NettyRequestSender - Using open Channel [id: 0x012bd337, L:/127.0.0.1:50402 - R:localhost/127.0.0.1:62454] for POST '/session/c6fb84378fb4c3d87760d4ea7c1583df/execute/sync'
21:13:40.032 [AsyncHttpClient-1-3] DEBUG org.asynchttpclient.netty.handler.HttpHandler - 

Request DefaultHttpRequest(decodeResult: success, version: HTTP/1.1)
POST /session/c6fb84378fb4c3d87760d4ea7c1583df/execute/sync HTTP/1.1
User-Agent: selenium/4.1.2 (java windows)
Content-Length: 48780
Content-Type: application/json; charset=utf-8
host: localhost:62454
accept: */*

Response DefaultHttpResponse(decodeResult: success, version: HTTP/1.1)
HTTP/1.1 200 OK
Content-Type: application/json; charset=utf-8
cache-control: no-cache
content-length: 14

21:13:40.032 [AsyncHttpClient-1-3] DEBUG org.asynchttpclient.netty.channel.ChannelManager - Adding key: http://localhost:62454 for channel [id: 0x012bd337, L:/127.0.0.1:50402 - R:localhost/127.0.0.1:62454]
21:13:40.034 [Forwarding findElement on session c6fb84378fb4c3d87760d4ea7c1583df to remote] DEBUG org.asynchttpclient.netty.request.NettyRequestSender - Using pooled Channel '[id: 0x012bd337, L:/127.0.0.1:50402 - R:localhost/127.0.0.1:62454]' for 'POST' to 'http://localhost:62454/session/c6fb84378fb4c3d87760d4ea7c1583df/element'
21:13:40.034 [Forwarding findElement on session c6fb84378fb4c3d87760d4ea7c1583df to remote] DEBUG org.asynchttpclient.netty.request.NettyRequestSender - Using open Channel [id: 0x012bd337, L:/127.0.0.1:50402 - R:localhost/127.0.0.1:62454] for POST '/session/c6fb84378fb4c3d87760d4ea7c1583df/element'
21:13:40.042 [AsyncHttpClient-1-3] DEBUG org.asynchttpclient.netty.handler.HttpHandler - 

Request DefaultHttpRequest(decodeResult: success, version: HTTP/1.1)
POST /session/c6fb84378fb4c3d87760d4ea7c1583df/element HTTP/1.1
User-Agent: selenium/4.1.2 (java windows)
Content-Length: 59
Content-Type: application/json; charset=utf-8
host: localhost:62454
accept: */*

Response DefaultHttpResponse(decodeResult: success, version: HTTP/1.1)
HTTP/1.1 200 OK
Content-Type: application/json; charset=utf-8
cache-control: no-cache
content-length: 88

21:13:40.042 [AsyncHttpClient-1-3] DEBUG org.asynchttpclient.netty.channel.ChannelManager - Adding key: http://localhost:62454 for channel [id: 0x012bd337, L:/127.0.0.1:50402 - R:localhost/127.0.0.1:62454]
21:13:40.045 [Forwarding isElementDisplayed on session c6fb84378fb4c3d87760d4ea7c1583df to remote] DEBUG org.asynchttpclient.netty.request.NettyRequestSender - Using pooled Channel '[id: 0x012bd337, L:/127.0.0.1:50402 - R:localhost/127.0.0.1:62454]' for 'POST' to 'http://localhost:62454/session/c6fb84378fb4c3d87760d4ea7c1583df/execute/sync'
21:13:40.045 [Forwarding isElementDisplayed on session c6fb84378fb4c3d87760d4ea7c1583df to remote] DEBUG org.asynchttpclient.netty.request.NettyRequestSender - Using open Channel [id: 0x012bd337, L:/127.0.0.1:50402 - R:localhost/127.0.0.1:62454] for POST '/session/c6fb84378fb4c3d87760d4ea7c1583df/execute/sync'
21:13:40.061 [AsyncHttpClient-1-3] DEBUG org.asynchttpclient.netty.handler.HttpHandler - 

Request DefaultHttpRequest(decodeResult: success, version: HTTP/1.1)
POST /session/c6fb84378fb4c3d87760d4ea7c1583df/execute/sync HTTP/1.1
User-Agent: selenium/4.1.2 (java windows)
Content-Length: 48780
Content-Type: application/json; charset=utf-8
host: localhost:62454
accept: */*

Response DefaultHttpResponse(decodeResult: success, version: HTTP/1.1)
HTTP/1.1 200 OK
Content-Type: application/json; charset=utf-8
cache-control: no-cache
content-length: 14

21:13:40.061 [AsyncHttpClient-1-3] DEBUG org.asynchttpclient.netty.channel.ChannelManager - Adding key: http://localhost:62454 for channel [id: 0x012bd337, L:/127.0.0.1:50402 - R:localhost/127.0.0.1:62454]
21:13:40.064 [Forwarding findElement on session c6fb84378fb4c3d87760d4ea7c1583df to remote] DEBUG org.asynchttpclient.netty.request.NettyRequestSender - Using pooled Channel '[id: 0x012bd337, L:/127.0.0.1:50402 - R:localhost/127.0.0.1:62454]' for 'POST' to 'http://localhost:62454/session/c6fb84378fb4c3d87760d4ea7c1583df/element'
21:13:40.064 [Forwarding findElement on session c6fb84378fb4c3d87760d4ea7c1583df to remote] DEBUG org.asynchttpclient.netty.request.NettyRequestSender - Using open Channel [id: 0x012bd337, L:/127.0.0.1:50402 - R:localhost/127.0.0.1:62454] for POST '/session/c6fb84378fb4c3d87760d4ea7c1583df/element'
21:13:40.071 [AsyncHttpClient-1-3] DEBUG org.asynchttpclient.netty.handler.HttpHandler - 

Request DefaultHttpRequest(decodeResult: success, version: HTTP/1.1)
POST /session/c6fb84378fb4c3d87760d4ea7c1583df/element HTTP/1.1
User-Agent: selenium/4.1.2 (java windows)
Content-Length: 81
Content-Type: application/json; charset=utf-8
host: localhost:62454
accept: */*

Response DefaultHttpResponse(decodeResult: success, version: HTTP/1.1)
HTTP/1.1 200 OK
Content-Type: application/json; charset=utf-8
cache-control: no-cache
content-length: 88

21:13:40.071 [AsyncHttpClient-1-3] DEBUG org.asynchttpclient.netty.channel.ChannelManager - Adding key: http://localhost:62454 for channel [id: 0x012bd337, L:/127.0.0.1:50402 - R:localhost/127.0.0.1:62454]
21:13:40.072 [Forwarding getElementTagName on session c6fb84378fb4c3d87760d4ea7c1583df to remote] DEBUG org.asynchttpclient.netty.request.NettyRequestSender - Using pooled Channel '[id: 0x012bd337, L:/127.0.0.1:50402 - R:localhost/127.0.0.1:62454]' for 'GET' to 'http://localhost:62454/session/c6fb84378fb4c3d87760d4ea7c1583df/element/ba48a8f2-08e7-4ca6-8ac1-b1ae8139b739/name'
21:13:40.072 [Forwarding getElementTagName on session c6fb84378fb4c3d87760d4ea7c1583df to remote] DEBUG org.asynchttpclient.netty.request.NettyRequestSender - Using open Channel [id: 0x012bd337, L:/127.0.0.1:50402 - R:localhost/127.0.0.1:62454] for GET '/session/c6fb84378fb4c3d87760d4ea7c1583df/element/ba48a8f2-08e7-4ca6-8ac1-b1ae8139b739/name'
21:13:40.075 [AsyncHttpClient-1-3] DEBUG org.asynchttpclient.netty.handler.HttpHandler - 

Request DefaultFullHttpRequest(decodeResult: success, version: HTTP/1.1, content: EmptyByteBufBE)
GET /session/c6fb84378fb4c3d87760d4ea7c1583df/element/ba48a8f2-08e7-4ca6-8ac1-b1ae8139b739/name HTTP/1.1
User-Agent: selenium/4.1.2 (java windows)
Cache-Control: no-cache
Content-Type: application/json; charset=utf-8
host: localhost:62454
accept: */*

Response DefaultHttpResponse(decodeResult: success, version: HTTP/1.1)
HTTP/1.1 200 OK
Content-Type: application/json; charset=utf-8
cache-control: no-cache
content-length: 16

21:13:40.075 [AsyncHttpClient-1-3] DEBUG org.asynchttpclient.netty.channel.ChannelManager - Adding key: http://localhost:62454 for channel [id: 0x012bd337, L:/127.0.0.1:50402 - R:localhost/127.0.0.1:62454]
21:13:40.076 [Forwarding getElementTagName on session c6fb84378fb4c3d87760d4ea7c1583df to remote] DEBUG org.asynchttpclient.netty.request.NettyRequestSender - Using pooled Channel '[id: 0x012bd337, L:/127.0.0.1:50402 - R:localhost/127.0.0.1:62454]' for 'GET' to 'http://localhost:62454/session/c6fb84378fb4c3d87760d4ea7c1583df/element/ba48a8f2-08e7-4ca6-8ac1-b1ae8139b739/name'
21:13:40.076 [Forwarding getElementTagName on session c6fb84378fb4c3d87760d4ea7c1583df to remote] DEBUG org.asynchttpclient.netty.request.NettyRequestSender - Using open Channel [id: 0x012bd337, L:/127.0.0.1:50402 - R:localhost/127.0.0.1:62454] for GET '/session/c6fb84378fb4c3d87760d4ea7c1583df/element/ba48a8f2-08e7-4ca6-8ac1-b1ae8139b739/name'
21:13:40.079 [AsyncHttpClient-1-3] DEBUG org.asynchttpclient.netty.handler.HttpHandler - 

Request DefaultFullHttpRequest(decodeResult: success, version: HTTP/1.1, content: EmptyByteBufBE)
GET /session/c6fb84378fb4c3d87760d4ea7c1583df/element/ba48a8f2-08e7-4ca6-8ac1-b1ae8139b739/name HTTP/1.1
User-Agent: selenium/4.1.2 (java windows)
Cache-Control: no-cache
Content-Type: application/json; charset=utf-8
host: localhost:62454
accept: */*

Response DefaultHttpResponse(decodeResult: success, version: HTTP/1.1)
HTTP/1.1 200 OK
Content-Type: application/json; charset=utf-8
cache-control: no-cache
content-length: 16

21:13:40.079 [AsyncHttpClient-1-3] DEBUG org.asynchttpclient.netty.channel.ChannelManager - Adding key: http://localhost:62454 for channel [id: 0x012bd337, L:/127.0.0.1:50402 - R:localhost/127.0.0.1:62454]
21:13:40.080 [Forwarding findElement on session c6fb84378fb4c3d87760d4ea7c1583df to remote] DEBUG org.asynchttpclient.netty.request.NettyRequestSender - Using pooled Channel '[id: 0x012bd337, L:/127.0.0.1:50402 - R:localhost/127.0.0.1:62454]' for 'POST' to 'http://localhost:62454/session/c6fb84378fb4c3d87760d4ea7c1583df/element'
21:13:40.080 [Forwarding findElement on session c6fb84378fb4c3d87760d4ea7c1583df to remote] DEBUG org.asynchttpclient.netty.request.NettyRequestSender - Using open Channel [id: 0x012bd337, L:/127.0.0.1:50402 - R:localhost/127.0.0.1:62454] for POST '/session/c6fb84378fb4c3d87760d4ea7c1583df/element'
21:13:40.088 [AsyncHttpClient-1-3] DEBUG org.asynchttpclient.netty.handler.HttpHandler - 

Request DefaultHttpRequest(decodeResult: success, version: HTTP/1.1)
POST /session/c6fb84378fb4c3d87760d4ea7c1583df/element HTTP/1.1
User-Agent: selenium/4.1.2 (java windows)
Content-Length: 81
Content-Type: application/json; charset=utf-8
host: localhost:62454
accept: */*

Response DefaultHttpResponse(decodeResult: success, version: HTTP/1.1)
HTTP/1.1 200 OK
Content-Type: application/json; charset=utf-8
cache-control: no-cache
content-length: 88

21:13:40.088 [AsyncHttpClient-1-3] DEBUG org.asynchttpclient.netty.channel.ChannelManager - Adding key: http://localhost:62454 for channel [id: 0x012bd337, L:/127.0.0.1:50402 - R:localhost/127.0.0.1:62454]
21:13:40.090 [Forwarding clickElement on session c6fb84378fb4c3d87760d4ea7c1583df to remote] DEBUG org.asynchttpclient.netty.request.NettyRequestSender - Using pooled Channel '[id: 0x012bd337, L:/127.0.0.1:50402 - R:localhost/127.0.0.1:62454]' for 'POST' to 'http://localhost:62454/session/c6fb84378fb4c3d87760d4ea7c1583df/element/ba48a8f2-08e7-4ca6-8ac1-b1ae8139b739/click'
21:13:40.090 [Forwarding clickElement on session c6fb84378fb4c3d87760d4ea7c1583df to remote] DEBUG org.asynchttpclient.netty.request.NettyRequestSender - Using open Channel [id: 0x012bd337, L:/127.0.0.1:50402 - R:localhost/127.0.0.1:62454] for POST '/session/c6fb84378fb4c3d87760d4ea7c1583df/element/ba48a8f2-08e7-4ca6-8ac1-b1ae8139b739/click'
21:13:40.119 [AsyncHttpClient-1-3] DEBUG org.asynchttpclient.netty.handler.HttpHandler - 

Request DefaultHttpRequest(decodeResult: success, version: HTTP/1.1)
POST /session/c6fb84378fb4c3d87760d4ea7c1583df/element/ba48a8f2-08e7-4ca6-8ac1-b1ae8139b739/click HTTP/1.1
User-Agent: selenium/4.1.2 (java windows)
Content-Length: 50
Content-Type: application/json; charset=utf-8
host: localhost:62454
accept: */*

Response DefaultHttpResponse(decodeResult: success, version: HTTP/1.1)
HTTP/1.1 200 OK
Content-Type: application/json; charset=utf-8
cache-control: no-cache
content-length: 14

21:13:40.119 [AsyncHttpClient-1-3] DEBUG org.asynchttpclient.netty.channel.ChannelManager - Adding key: http://localhost:62454 for channel [id: 0x012bd337, L:/127.0.0.1:50402 - R:localhost/127.0.0.1:62454]
  &amp#27;[32mAnd &amp#27;[0m&amp#27;[32mI click login button again&amp#27;[0m                &amp#27;[90m# starter.stepdefinitions.LogInOutSteps.iClickLoginButtonAgain()&amp#27;[0m
21:13:40.129 [Forwarding screenshot on session c6fb84378fb4c3d87760d4ea7c1583df to remote] DEBUG org.asynchttpclient.netty.request.NettyRequestSender - Using pooled Channel '[id: 0x012bd337, L:/127.0.0.1:50402 - R:localhost/127.0.0.1:62454]' for 'GET' to 'http://localhost:62454/session/c6fb84378fb4c3d87760d4ea7c1583df/screenshot'
21:13:40.129 [Forwarding screenshot on session c6fb84378fb4c3d87760d4ea7c1583df to remote] DEBUG org.asynchttpclient.netty.request.NettyRequestSender - Using open Channel [id: 0x012bd337, L:/127.0.0.1:50402 - R:localhost/127.0.0.1:62454] for GET '/session/c6fb84378fb4c3d87760d4ea7c1583df/screenshot'
21:13:40.359 [AsyncHttpClient-1-3] DEBUG org.asynchttpclient.netty.handler.HttpHandler - 

Request DefaultFullHttpRequest(decodeResult: success, version: HTTP/1.1, content: EmptyByteBufBE)
GET /session/c6fb84378fb4c3d87760d4ea7c1583df/screenshot HTTP/1.1
User-Agent: selenium/4.1.2 (java windows)
Cache-Control: no-cache
Content-Type: application/json; charset=utf-8
host: localhost:62454
accept: */*

Response DefaultHttpResponse(decodeResult: success, version: HTTP/1.1)
HTTP/1.1 200 OK
Content-Type: application/json; charset=utf-8
cache-control: no-cache
content-length: 38324

21:13:40.359 [AsyncHttpClient-1-3] DEBUG org.asynchttpclient.netty.channel.ChannelManager - Adding key: http://localhost:62454 for channel [id: 0x012bd337, L:/127.0.0.1:50402 - R:localhost/127.0.0.1:62454]
21:13:40.360 [main] DEBUG net.serenitybdd.core.photography.Darkroom - Send negative for processing for target\site\serenity\ab2b32cde5592cda4f2c682da703336cc1d7c4ced57fef5dc8e547dab9eacbfc.png
21:13:40.361 [Darkroom Processing Line] DEBUG net.serenitybdd.core.photography.DarkroomProcessingLine - Processing screenshot image in /var/screenshots/screenshot-2378373157272684516
21:13:40.361 [Darkroom Processing Line] DEBUG net.serenitybdd.core.photography.DarkroomProcessingLine - Saving screenshot to target\site\serenity\ab2b32cde5592cda4f2c682da703336cc1d7c4ced57fef5dc8e547dab9eacbfc.png
21:13:40.368 [Forwarding findElement on session c6fb84378fb4c3d87760d4ea7c1583df to remote] DEBUG org.asynchttpclient.netty.request.NettyRequestSender - Using pooled Channel '[id: 0x012bd337, L:/127.0.0.1:50402 - R:localhost/127.0.0.1:62454]' for 'POST' to 'http://localhost:62454/session/c6fb84378fb4c3d87760d4ea7c1583df/element'
21:13:40.368 [Forwarding findElement on session c6fb84378fb4c3d87760d4ea7c1583df to remote] DEBUG org.asynchttpclient.netty.request.NettyRequestSender - Using open Channel [id: 0x012bd337, L:/127.0.0.1:50402 - R:localhost/127.0.0.1:62454] for POST '/session/c6fb84378fb4c3d87760d4ea7c1583df/element'
21:13:40.382 [AsyncHttpClient-1-3] DEBUG org.asynchttpclient.netty.handler.HttpHandler - 

Request DefaultHttpRequest(decodeResult: success, version: HTTP/1.1)
POST /session/c6fb84378fb4c3d87760d4ea7c1583df/element HTTP/1.1
User-Agent: selenium/4.1.2 (java windows)
Content-Length: 82
Content-Type: application/json; charset=utf-8
host: localhost:62454
accept: */*

Response DefaultHttpResponse(decodeResult: success, version: HTTP/1.1)
HTTP/1.1 200 OK
Content-Type: application/json; charset=utf-8
cache-control: no-cache
content-length: 88

21:13:40.382 [AsyncHttpClient-1-3] DEBUG org.asynchttpclient.netty.channel.ChannelManager - Adding key: http://localhost:62454 for channel [id: 0x012bd337, L:/127.0.0.1:50402 - R:localhost/127.0.0.1:62454]
21:13:40.385 [Forwarding isElementDisplayed on session c6fb84378fb4c3d87760d4ea7c1583df to remote] DEBUG org.asynchttpclient.netty.request.NettyRequestSender - Using pooled Channel '[id: 0x012bd337, L:/127.0.0.1:50402 - R:localhost/127.0.0.1:62454]' for 'POST' to 'http://localhost:62454/session/c6fb84378fb4c3d87760d4ea7c1583df/execute/sync'
21:13:40.385 [Forwarding isElementDisplayed on session c6fb84378fb4c3d87760d4ea7c1583df to remote] DEBUG org.asynchttpclient.netty.request.NettyRequestSender - Using open Channel [id: 0x012bd337, L:/127.0.0.1:50402 - R:localhost/127.0.0.1:62454] for POST '/session/c6fb84378fb4c3d87760d4ea7c1583df/execute/sync'
21:13:40.394 [AsyncHttpClient-1-1] DEBUG org.asynchttpclient.netty.channel.DefaultChannelPool - Entry count for : http://localhost:50403 : 1
21:13:40.395 [AsyncHttpClient-1-3] DEBUG org.asynchttpclient.netty.handler.HttpHandler - 

Request DefaultHttpRequest(decodeResult: success, version: HTTP/1.1)
POST /session/c6fb84378fb4c3d87760d4ea7c1583df/execute/sync HTTP/1.1
User-Agent: selenium/4.1.2 (java windows)
Content-Length: 48780
Content-Type: application/json; charset=utf-8
host: localhost:62454
accept: */*

Response DefaultHttpResponse(decodeResult: success, version: HTTP/1.1)
HTTP/1.1 200 OK
Content-Type: application/json; charset=utf-8
cache-control: no-cache
content-length: 14

21:13:40.395 [AsyncHttpClient-1-3] DEBUG org.asynchttpclient.netty.channel.ChannelManager - Adding key: http://localhost:62454 for channel [id: 0x012bd337, L:/127.0.0.1:50402 - R:localhost/127.0.0.1:62454]
  &amp#27;[32mThen &amp#27;[0m&amp#27;[32mI get &amp#27;[0m&amp#27;[32m&amp#27;[1m"email error"&amp#27;[0m&amp#27;[32m as result&amp#27;[0m            &amp#27;[90m# starter.stepdefinitions.LogInOutSteps.iGetResult(java.lang.String)&amp#27;[0m
21:13:40.403 [AsyncHttpClient-1-5] DEBUG org.asynchttpclient.netty.handler.WebSocketHandler - Channel Closed: [id: 0x9055ca97, L:/127.0.0.1:50412 ! R:localhost/127.0.0.1:50403] with attribute NettyResponseFuture{currentRetry=5,
	isDone=1,
	isCancelled=0,
	asyncHandler=org.asynchttpclient.ws.WebSocketUpgradeHandler@1376225b,
	nettyRequest=org.asynchttpclient.netty.request.NettyRequest@1bb1956d,
	future=java.util.concurrent.CompletableFuture@1b2ccd59[Completed normally],
	uri=ws://localhost:50403/devtools/browser/346876ab-e058-4acd-abe3-accf631023c7,
	keepAlive=true,
	redirectCount=0,
	timeoutsHolder=null,
	inAuth=0,
	touch=1667484814526}
21:13:40.403 [AsyncHttpClient-1-5] DEBUG org.asynchttpclient.netty.channel.ChannelManager - Closing Channel [id: 0x9055ca97, L:/127.0.0.1:50412 ! R:localhost/127.0.0.1:50403] 
21:13:40.404 [Driver Command Executor] DEBUG org.asynchttpclient.netty.request.NettyRequestSender - Using pooled Channel '[id: 0x012bd337, L:/127.0.0.1:50402 - R:localhost/127.0.0.1:62454]' for 'DELETE' to 'http://localhost:62454/session/c6fb84378fb4c3d87760d4ea7c1583df'
21:13:40.404 [Driver Command Executor] DEBUG org.asynchttpclient.netty.request.NettyRequestSender - Using open Channel [id: 0x012bd337, L:/127.0.0.1:50402 - R:localhost/127.0.0.1:62454] for DELETE '/session/c6fb84378fb4c3d87760d4ea7c1583df'
21:13:40.458 [AsyncHttpClient-1-4] DEBUG org.asynchttpclient.netty.handler.HttpHandler - Unexpected I/O exception on channel [id: 0xd4b10dc3, L:/127.0.0.1:50411 - R:localhost/127.0.0.1:50403]
java.net.SocketException: Connection reset
	at java.base/sun.nio.ch.SocketChannelImpl.throwConnectionReset(SocketChannelImpl.java:345)
	at java.base/sun.nio.ch.SocketChannelImpl.read(SocketChannelImpl.java:376)
	at io.netty.buffer.PooledByteBuf.setBytes(PooledByteBuf.java:258)
	at io.netty.buffer.AbstractByteBuf.writeBytes(AbstractByteBuf.java:1132)
	at io.netty.channel.socket.nio.NioSocketChannel.doReadBytes(NioSocketChannel.java:350)
	at io.netty.channel.nio.AbstractNioByteChannel$NioByteUnsafe.read(AbstractNioByteChannel.java:151)
	at io.netty.channel.nio.NioEventLoop.processSelectedKey(NioEventLoop.java:722)
	at io.netty.channel.nio.NioEventLoop.processSelectedKeysOptimized(NioEventLoop.java:658)
	at io.netty.channel.nio.NioEventLoop.processSelectedKeys(NioEventLoop.java:584)
	at io.netty.channel.nio.NioEventLoop.run(NioEventLoop.java:496)
	at io.netty.util.concurrent.SingleThreadEventExecutor$4.run(SingleThreadEventExecutor.java:986)
	at io.netty.util.internal.ThreadExecutorMap$2.run(ThreadExecutorMap.java:74)
	at io.netty.util.concurrent.FastThreadLocalRunnable.run(FastThreadLocalRunnable.java:30)
	at java.base/java.lang.Thread.run(Thread.java:830)
21:13:40.458 [AsyncHttpClient-1-4] DEBUG org.asynchttpclient.netty.channel.ChannelManager - Closing Channel [id: 0xd4b10dc3, L:/127.0.0.1:50411 - R:localhost/127.0.0.1:50403] 
21:13:40.458 [AsyncHttpClient-1-4] DEBUG org.asynchttpclient.netty.handler.HttpHandler - Channel Closed: [id: 0xd4b10dc3, L:/127.0.0.1:50411 ! R:localhost/127.0.0.1:50403] with attribute DISCARD
21:13:40.507 [AsyncHttpClient-1-3] DEBUG org.asynchttpclient.netty.handler.HttpHandler - 

Request DefaultFullHttpRequest(decodeResult: success, version: HTTP/1.1, content: EmptyByteBufBE)
DELETE /session/c6fb84378fb4c3d87760d4ea7c1583df HTTP/1.1
User-Agent: selenium/4.1.2 (java windows)
Content-Type: application/json; charset=utf-8
host: localhost:62454
accept: */*

Response DefaultHttpResponse(decodeResult: success, version: HTTP/1.1)
HTTP/1.1 200 OK
Content-Type: application/json; charset=utf-8
cache-control: no-cache
content-length: 14

21:13:40.507 [AsyncHttpClient-1-3] DEBUG org.asynchttpclient.netty.channel.ChannelManager - Adding key: http://localhost:62454 for channel [id: 0x012bd337, L:/127.0.0.1:50402 - R:localhost/127.0.0.1:62454]
21:13:40.570 [AsyncHttpClient-1-3] DEBUG org.asynchttpclient.netty.handler.HttpHandler - Channel Closed: [id: 0x012bd337, L:/127.0.0.1:50402 ! R:localhost/127.0.0.1:62454] with attribute DISCARD
]]></system-out>
    <system-err><![CDATA[Starting ChromeDriver 106.0.5249.61 (511755355844955cd3e264779baf0dd38212a4d0-refs/branch-heads/5249@{#569}) on port 62454
Only local connections are allowed.
Please see https://chromedriver.chromium.org/security-considerations for suggestions on keeping ChromeDriver safe.
ChromeDriver was started successfully.
[1667484813.848][WARNING]: This version of ChromeDriver has not been tested with Chrome version 107.
Nov 03, 2022 9:13:34 PM org.openqa.selenium.remote.ProtocolHandshake createSession
INFO: Detected dialect: W3C
Nov 03, 2022 9:13:34 PM org.openqa.selenium.devtools.CdpVersionFinder findNearestMatch
WARNING: Unable to find an exact match for CDP version 107, so returning the closest version found: a no-op implementation
Nov 03, 2022 9:13:34 PM org.openqa.selenium.devtools.CdpVersionFinder findNearestMatch
INFO: Unable to find CDP implementation matching 107.
Nov 03, 2022 9:13:34 PM org.openqa.selenium.chromium.ChromiumDriver lambda$new$3
WARNING: Unable to find version of CDP to use for . You may need to include a dependency on a specific version of the CDP using something similar to `org.seleniumhq.selenium:selenium-devtools-v86:4.1.2` where the version ("v86") matches the version of the chromium-based browser you're using and the version number of the artifact is the same as Selenium's.
]]></system-err>
  </testcase>
  <testcase name="Logout" classname="Logout" time="6.4">
    <system-out><![CDATA[21:13:41.096 [main] INFO io.cucumber.core.plugin.SerenityReporter - Running feature from file:///C:/Users/ASUS/Desktop/stupen/miniproject/Web/ASWeb/src/test/resources/features/Logout.feature
21:13:41.098 [main] DEBUG net.thucydides.core.steps.StepEventBus - Test suite started for story net.thucydides.core.model.Story@7960de68
21:13:41.098 [main] INFO  - Test Suite Started: Logout

Scenario: Logout                      &amp#27;[90m# src/test/resources/features/Logout.feature:6&amp#27;[0m
21:13:41.104 [main] INFO io.cucumber.core.plugin.SerenityReporter - Running feature from file:///C:/Users/ASUS/Desktop/stupen/miniproject/Web/ASWeb/src/test/resources/features/Logout.feature
21:13:41.107 [main] INFO  - 
  _____   ___   ___   _____     ___   _____     _     ___   _____   ___   ___  
 |_   _| | __| / __| |_   _|   / __| |_   _|   /_\   | _ \ |_   _| | __| |   \ 
   | |   | _|  \__ \   | |     \__ \   | |    / _ \  |   /   | |   | _|  | |) |
   |_|   |___| |___/   |_|     |___/   |_|   /_/ \_\ |_|_\   |_|   |___| |___/ 

Logout(logout;logout)
--------------------------------------------------------------------------------
21:13:41.118 [main] INFO net.serenitybdd.core.webdriver.driverproviders.ChromeDriverProvider - Using automatically driver download
21:13:41.281 [main] DEBUG io.github.bonigarcia.wdm.cache.ResolutionCache - Resolution chrome=107 in cache (valid until 21:49:49 03/11/2022 WIB)
21:13:41.285 [main] DEBUG io.github.bonigarcia.wdm.cache.ResolutionCache - Resolution chrome107=107.0.5304.62 in cache (valid until 16:49:12 04/11/2022 WIB)
21:13:41.287 [main] INFO io.github.bonigarcia.wdm.WebDriverManager - Using chromedriver 107.0.5304.62 (resolved driver for Chrome 107)
21:13:41.302 [main] DEBUG io.github.bonigarcia.wdm.WebDriverManager - Driver chromedriver 107.0.5304.62 found in cache
21:13:41.302 [main] INFO io.github.bonigarcia.wdm.WebDriverManager - Exporting webdriver.chrome.driver as C:\Users\ASUS\.cache\selenium\chromedriver\win32\107.0.5304.62\chromedriver.exe
21:13:41.488 [main] DEBUG net.serenitybdd.core.webdriver.driverproviders.ProvideNewDriver - Instantiating driver
21:13:41.488 [main] DEBUG net.serenitybdd.core.webdriver.driverproviders.ProvideNewDriver - Driver capabilities: Capabilities {acceptInsecureCerts: false, base.url: https://alta-shop.vercel.app/, browserName: chrome, chrome.driver: src/test/resources/webdrive..., driver: chrome, goog:chromeOptions: {args: [], extensions: []}, wait.for.timeout: 10000}
21:13:41.497 [AsyncHttpClient-1-1] DEBUG org.asynchttpclient.netty.channel.DefaultChannelPool - Entry count for : http://localhost:62454 : 1
21:13:41.497 [AsyncHttpClient-1-1] DEBUG org.asynchttpclient.netty.channel.DefaultChannelPool - Entry count for : http://localhost:50403 : 1
21:13:41.497 [AsyncHttpClient-1-1] DEBUG org.asynchttpclient.netty.channel.DefaultChannelPool - Adding Candidate expired Channel [id: 0x012bd337, L:/127.0.0.1:50402 ! R:localhost/127.0.0.1:62454] isIdleTimeoutExpired=false isRemotelyClosed=true isTtlExpired=false
21:13:41.497 [AsyncHttpClient-1-1] DEBUG org.asynchttpclient.netty.channel.DefaultChannelPool - Closing Idle Channel [id: 0x012bd337, L:/127.0.0.1:50402 ! R:localhost/127.0.0.1:62454]
21:13:41.497 [AsyncHttpClient-1-1] DEBUG org.asynchttpclient.netty.channel.DefaultChannelPool - Adding Candidate expired Channel [id: 0xd4b10dc3, L:/127.0.0.1:50411 ! R:localhost/127.0.0.1:50403] isIdleTimeoutExpired=false isRemotelyClosed=true isTtlExpired=false
21:13:41.497 [AsyncHttpClient-1-1] DEBUG org.asynchttpclient.netty.channel.DefaultChannelPool - Closing Idle Channel [id: 0xd4b10dc3, L:/127.0.0.1:50411 ! R:localhost/127.0.0.1:50403]
21:13:41.497 [AsyncHttpClient-1-1] DEBUG org.asynchttpclient.netty.channel.DefaultChannelPool - Closed 2 connections out of 2 in 0 ms
21:13:42.037 [AsyncHttpClient-1-6] DEBUG org.asynchttpclient.netty.channel.NettyConnectListener - Using new Channel '[id: 0x84213e47, L:/127.0.0.1:50432 - R:localhost/127.0.0.1:53549]' for 'POST' to '/session'
21:13:43.119 [AsyncHttpClient-1-6] DEBUG org.asynchttpclient.netty.handler.HttpHandler - 

Request DefaultHttpRequest(decodeResult: success, version: HTTP/1.1)
POST /session HTTP/1.1
User-Agent: selenium/4.1.2 (java windows)
Content-Length: 646
Content-Type: application/json; charset=utf-8
host: localhost:53549
accept: */*

Response DefaultHttpResponse(decodeResult: success, version: HTTP/1.1)
HTTP/1.1 200 OK
Content-Type: application/json; charset=utf-8
cache-control: no-cache
content-length: 789

21:13:43.119 [AsyncHttpClient-1-6] DEBUG org.asynchttpclient.netty.channel.ChannelManager - Adding key: http://localhost:53549 for channel [id: 0x84213e47, L:/127.0.0.1:50432 - R:localhost/127.0.0.1:53549]
21:13:43.130 [AsyncHttpClient-1-7] DEBUG org.asynchttpclient.netty.channel.NettyConnectListener - Using new Channel '[id: 0x7832446e, L:/127.0.0.1:50440 - R:localhost/127.0.0.1:50433]' for 'GET' to '/json/version'
21:13:43.131 [AsyncHttpClient-1-7] DEBUG org.asynchttpclient.netty.handler.HttpHandler - 

Request DefaultFullHttpRequest(decodeResult: success, version: HTTP/1.1, content: EmptyByteBufBE)
GET /json/version HTTP/1.1
User-Agent: selenium/4.1.2 (java windows)
host: localhost:50433
accept: */*

Response DefaultHttpResponse(decodeResult: success, version: HTTP/1.1)
HTTP/1.1 200 OK
Content-Type: application/json; charset=UTF-8
content-length: 423

21:13:43.131 [AsyncHttpClient-1-7] DEBUG org.asynchttpclient.netty.channel.ChannelManager - Adding key: http://localhost:50433 for channel [id: 0x7832446e, L:/127.0.0.1:50440 - R:localhost/127.0.0.1:50433]
21:13:43.134 [AsyncHttpClient-1-8] DEBUG org.asynchttpclient.netty.channel.NettyConnectListener - Using new Channel '[id: 0x82de1a73, L:/127.0.0.1:50441 - R:localhost/127.0.0.1:50433]' for 'GET' to '/devtools/browser/9ac1e330-7027-4e8d-bcdb-3815d64642eb'
21:13:43.135 [AsyncHttpClient-1-8] DEBUG org.asynchttpclient.netty.handler.WebSocketHandler - 

Request DefaultFullHttpRequest(decodeResult: success, version: HTTP/1.1, content: EmptyByteBufBE)
GET /devtools/browser/9ac1e330-7027-4e8d-bcdb-3815d64642eb HTTP/1.1
upgrade: websocket
connection: upgrade
sec-websocket-key: SWckPF2qfM5Au5ScwFi+qg==
sec-websocket-version: 13
origin: http://localhost:50433
host: localhost:50433
accept: */*
user-agent: AHC/2.1

Response DefaultHttpResponse(decodeResult: success, version: HTTP/1.1)
HTTP/1.1 101 WebSocket Protocol Handshake
Upgrade: WebSocket
Connection: Upgrade
Sec-WebSocket-Accept: v6ufBShxdTZV9dD/N+8rE11nN0E=

21:13:43.141 [Forwarding get on session c4c8fae8e675c05c824905d55260fce6 to remote] DEBUG org.asynchttpclient.netty.request.NettyRequestSender - Using pooled Channel '[id: 0x84213e47, L:/127.0.0.1:50432 - R:localhost/127.0.0.1:53549]' for 'POST' to 'http://localhost:53549/session/c4c8fae8e675c05c824905d55260fce6/url'
21:13:43.142 [Forwarding get on session c4c8fae8e675c05c824905d55260fce6 to remote] DEBUG org.asynchttpclient.netty.request.NettyRequestSender - Using open Channel [id: 0x84213e47, L:/127.0.0.1:50432 - R:localhost/127.0.0.1:53549] for POST '/session/c4c8fae8e675c05c824905d55260fce6/url'
21:13:43.688 [AsyncHttpClient-1-1] DEBUG org.asynchttpclient.netty.channel.DefaultChannelPool - Entry count for : http://localhost:50433 : 1
21:13:44.221 [AsyncHttpClient-1-6] DEBUG org.asynchttpclient.netty.handler.HttpHandler - 

Request DefaultHttpRequest(decodeResult: success, version: HTTP/1.1)
POST /session/c4c8fae8e675c05c824905d55260fce6/url HTTP/1.1
User-Agent: selenium/4.1.2 (java windows)
Content-Length: 74
Content-Type: application/json; charset=utf-8
host: localhost:53549
accept: */*

Response DefaultHttpResponse(decodeResult: success, version: HTTP/1.1)
HTTP/1.1 200 OK
Content-Type: application/json; charset=utf-8
cache-control: no-cache
content-length: 14

21:13:44.221 [AsyncHttpClient-1-6] DEBUG org.asynchttpclient.netty.channel.ChannelManager - Adding key: http://localhost:53549 for channel [id: 0x84213e47, L:/127.0.0.1:50432 - R:localhost/127.0.0.1:53549]
21:13:44.223 [Forwarding setTimeout on session c4c8fae8e675c05c824905d55260fce6 to remote] DEBUG org.asynchttpclient.netty.request.NettyRequestSender - Using pooled Channel '[id: 0x84213e47, L:/127.0.0.1:50432 - R:localhost/127.0.0.1:53549]' for 'POST' to 'http://localhost:53549/session/c4c8fae8e675c05c824905d55260fce6/timeouts'
21:13:44.223 [Forwarding setTimeout on session c4c8fae8e675c05c824905d55260fce6 to remote] DEBUG org.asynchttpclient.netty.request.NettyRequestSender - Using open Channel [id: 0x84213e47, L:/127.0.0.1:50432 - R:localhost/127.0.0.1:53549] for POST '/session/c4c8fae8e675c05c824905d55260fce6/timeouts'
21:13:44.224 [AsyncHttpClient-1-6] DEBUG org.asynchttpclient.netty.handler.HttpHandler - 

Request DefaultHttpRequest(decodeResult: success, version: HTTP/1.1)
POST /session/c4c8fae8e675c05c824905d55260fce6/timeouts HTTP/1.1
User-Agent: selenium/4.1.2 (java windows)
Content-Length: 22
Content-Type: application/json; charset=utf-8
host: localhost:53549
accept: */*

Response DefaultHttpResponse(decodeResult: success, version: HTTP/1.1)
HTTP/1.1 200 OK
Content-Type: application/json; charset=utf-8
cache-control: no-cache
content-length: 14

21:13:44.224 [AsyncHttpClient-1-6] DEBUG org.asynchttpclient.netty.channel.ChannelManager - Adding key: http://localhost:53549 for channel [id: 0x84213e47, L:/127.0.0.1:50432 - R:localhost/127.0.0.1:53549]
21:13:44.227 [Forwarding getCurrentUrl on session c4c8fae8e675c05c824905d55260fce6 to remote] DEBUG org.asynchttpclient.netty.request.NettyRequestSender - Using pooled Channel '[id: 0x84213e47, L:/127.0.0.1:50432 - R:localhost/127.0.0.1:53549]' for 'GET' to 'http://localhost:53549/session/c4c8fae8e675c05c824905d55260fce6/url'
21:13:44.227 [Forwarding getCurrentUrl on session c4c8fae8e675c05c824905d55260fce6 to remote] DEBUG org.asynchttpclient.netty.request.NettyRequestSender - Using open Channel [id: 0x84213e47, L:/127.0.0.1:50432 - R:localhost/127.0.0.1:53549] for GET '/session/c4c8fae8e675c05c824905d55260fce6/url'
21:13:44.234 [AsyncHttpClient-1-6] DEBUG org.asynchttpclient.netty.handler.HttpHandler - 

Request DefaultFullHttpRequest(decodeResult: success, version: HTTP/1.1, content: EmptyByteBufBE)
GET /session/c4c8fae8e675c05c824905d55260fce6/url HTTP/1.1
User-Agent: selenium/4.1.2 (java windows)
Cache-Control: no-cache
Content-Type: application/json; charset=utf-8
host: localhost:53549
accept: */*

Response DefaultHttpResponse(decodeResult: success, version: HTTP/1.1)
HTTP/1.1 200 OK
Content-Type: application/json; charset=utf-8
cache-control: no-cache
content-length: 51

21:13:44.234 [AsyncHttpClient-1-6] DEBUG org.asynchttpclient.netty.channel.ChannelManager - Adding key: http://localhost:53549 for channel [id: 0x84213e47, L:/127.0.0.1:50432 - R:localhost/127.0.0.1:53549]
21:13:44.242 [Forwarding findElement on session c4c8fae8e675c05c824905d55260fce6 to remote] DEBUG org.asynchttpclient.netty.request.NettyRequestSender - Using pooled Channel '[id: 0x84213e47, L:/127.0.0.1:50432 - R:localhost/127.0.0.1:53549]' for 'POST' to 'http://localhost:53549/session/c4c8fae8e675c05c824905d55260fce6/element'
21:13:44.242 [Forwarding findElement on session c4c8fae8e675c05c824905d55260fce6 to remote] DEBUG org.asynchttpclient.netty.request.NettyRequestSender - Using open Channel [id: 0x84213e47, L:/127.0.0.1:50432 - R:localhost/127.0.0.1:53549] for POST '/session/c4c8fae8e675c05c824905d55260fce6/element'
21:13:44.260 [AsyncHttpClient-1-6] DEBUG org.asynchttpclient.netty.handler.HttpHandler - 

Request DefaultHttpRequest(decodeResult: success, version: HTTP/1.1)
POST /session/c4c8fae8e675c05c824905d55260fce6/element HTTP/1.1
User-Agent: selenium/4.1.2 (java windows)
Content-Length: 87
Content-Type: application/json; charset=utf-8
host: localhost:53549
accept: */*

Response DefaultHttpResponse(decodeResult: success, version: HTTP/1.1)
HTTP/1.1 200 OK
Content-Type: application/json; charset=utf-8
cache-control: no-cache
content-length: 88

21:13:44.260 [AsyncHttpClient-1-6] DEBUG org.asynchttpclient.netty.channel.ChannelManager - Adding key: http://localhost:53549 for channel [id: 0x84213e47, L:/127.0.0.1:50432 - R:localhost/127.0.0.1:53549]
21:13:44.261 [Forwarding clearElement on session c4c8fae8e675c05c824905d55260fce6 to remote] DEBUG org.asynchttpclient.netty.request.NettyRequestSender - Using pooled Channel '[id: 0x84213e47, L:/127.0.0.1:50432 - R:localhost/127.0.0.1:53549]' for 'POST' to 'http://localhost:53549/session/c4c8fae8e675c05c824905d55260fce6/element/4180fa58-cc03-479b-bdee-8af3b97aaf40/clear'
21:13:44.261 [Forwarding clearElement on session c4c8fae8e675c05c824905d55260fce6 to remote] DEBUG org.asynchttpclient.netty.request.NettyRequestSender - Using open Channel [id: 0x84213e47, L:/127.0.0.1:50432 - R:localhost/127.0.0.1:53549] for POST '/session/c4c8fae8e675c05c824905d55260fce6/element/4180fa58-cc03-479b-bdee-8af3b97aaf40/clear'
21:13:44.311 [AsyncHttpClient-1-6] DEBUG org.asynchttpclient.netty.handler.HttpHandler - 

Request DefaultHttpRequest(decodeResult: success, version: HTTP/1.1)
POST /session/c4c8fae8e675c05c824905d55260fce6/element/4180fa58-cc03-479b-bdee-8af3b97aaf40/clear HTTP/1.1
User-Agent: selenium/4.1.2 (java windows)
Content-Length: 50
Content-Type: application/json; charset=utf-8
host: localhost:53549
accept: */*

Response DefaultHttpResponse(decodeResult: success, version: HTTP/1.1)
HTTP/1.1 200 OK
Content-Type: application/json; charset=utf-8
cache-control: no-cache
content-length: 14

21:13:44.311 [AsyncHttpClient-1-6] DEBUG org.asynchttpclient.netty.channel.ChannelManager - Adding key: http://localhost:53549 for channel [id: 0x84213e47, L:/127.0.0.1:50432 - R:localhost/127.0.0.1:53549]
21:13:44.313 [Forwarding sendKeysToElement on session c4c8fae8e675c05c824905d55260fce6 to remote] DEBUG org.asynchttpclient.netty.request.NettyRequestSender - Using pooled Channel '[id: 0x84213e47, L:/127.0.0.1:50432 - R:localhost/127.0.0.1:53549]' for 'POST' to 'http://localhost:53549/session/c4c8fae8e675c05c824905d55260fce6/element/4180fa58-cc03-479b-bdee-8af3b97aaf40/value'
21:13:44.313 [Forwarding sendKeysToElement on session c4c8fae8e675c05c824905d55260fce6 to remote] DEBUG org.asynchttpclient.netty.request.NettyRequestSender - Using open Channel [id: 0x84213e47, L:/127.0.0.1:50432 - R:localhost/127.0.0.1:53549] for POST '/session/c4c8fae8e675c05c824905d55260fce6/element/4180fa58-cc03-479b-bdee-8af3b97aaf40/value'
21:13:44.475 [AsyncHttpClient-1-6] DEBUG org.asynchttpclient.netty.handler.HttpHandler - 

Request DefaultHttpRequest(decodeResult: success, version: HTTP/1.1)
POST /session/c4c8fae8e675c05c824905d55260fce6/element/4180fa58-cc03-479b-bdee-8af3b97aaf40/value HTTP/1.1
User-Agent: selenium/4.1.2 (java windows)
Content-Length: 221
Content-Type: application/json; charset=utf-8
host: localhost:53549
accept: */*

Response DefaultHttpResponse(decodeResult: success, version: HTTP/1.1)
HTTP/1.1 200 OK
Content-Type: application/json; charset=utf-8
cache-control: no-cache
content-length: 14

21:13:44.475 [AsyncHttpClient-1-6] DEBUG org.asynchttpclient.netty.channel.ChannelManager - Adding key: http://localhost:53549 for channel [id: 0x84213e47, L:/127.0.0.1:50432 - R:localhost/127.0.0.1:53549]
21:13:44.480 [Forwarding findElement on session c4c8fae8e675c05c824905d55260fce6 to remote] DEBUG org.asynchttpclient.netty.request.NettyRequestSender - Using pooled Channel '[id: 0x84213e47, L:/127.0.0.1:50432 - R:localhost/127.0.0.1:53549]' for 'POST' to 'http://localhost:53549/session/c4c8fae8e675c05c824905d55260fce6/element'
21:13:44.480 [Forwarding findElement on session c4c8fae8e675c05c824905d55260fce6 to remote] DEBUG org.asynchttpclient.netty.request.NettyRequestSender - Using open Channel [id: 0x84213e47, L:/127.0.0.1:50432 - R:localhost/127.0.0.1:53549] for POST '/session/c4c8fae8e675c05c824905d55260fce6/element'
21:13:44.495 [AsyncHttpClient-1-6] DEBUG org.asynchttpclient.netty.handler.HttpHandler - 

Request DefaultHttpRequest(decodeResult: success, version: HTTP/1.1)
POST /session/c4c8fae8e675c05c824905d55260fce6/element HTTP/1.1
User-Agent: selenium/4.1.2 (java windows)
Content-Length: 90
Content-Type: application/json; charset=utf-8
host: localhost:53549
accept: */*

Response DefaultHttpResponse(decodeResult: success, version: HTTP/1.1)
HTTP/1.1 200 OK
Content-Type: application/json; charset=utf-8
cache-control: no-cache
content-length: 88

21:13:44.496 [AsyncHttpClient-1-6] DEBUG org.asynchttpclient.netty.channel.ChannelManager - Adding key: http://localhost:53549 for channel [id: 0x84213e47, L:/127.0.0.1:50432 - R:localhost/127.0.0.1:53549]
21:13:44.497 [Forwarding clearElement on session c4c8fae8e675c05c824905d55260fce6 to remote] DEBUG org.asynchttpclient.netty.request.NettyRequestSender - Using pooled Channel '[id: 0x84213e47, L:/127.0.0.1:50432 - R:localhost/127.0.0.1:53549]' for 'POST' to 'http://localhost:53549/session/c4c8fae8e675c05c824905d55260fce6/element/62c5121c-bb72-4963-9be3-1d9646a128d1/clear'
21:13:44.497 [Forwarding clearElement on session c4c8fae8e675c05c824905d55260fce6 to remote] DEBUG org.asynchttpclient.netty.request.NettyRequestSender - Using open Channel [id: 0x84213e47, L:/127.0.0.1:50432 - R:localhost/127.0.0.1:53549] for POST '/session/c4c8fae8e675c05c824905d55260fce6/element/62c5121c-bb72-4963-9be3-1d9646a128d1/clear'
21:13:44.536 [AsyncHttpClient-1-6] DEBUG org.asynchttpclient.netty.handler.HttpHandler - 

Request DefaultHttpRequest(decodeResult: success, version: HTTP/1.1)
POST /session/c4c8fae8e675c05c824905d55260fce6/element/62c5121c-bb72-4963-9be3-1d9646a128d1/clear HTTP/1.1
User-Agent: selenium/4.1.2 (java windows)
Content-Length: 50
Content-Type: application/json; charset=utf-8
host: localhost:53549
accept: */*

Response DefaultHttpResponse(decodeResult: success, version: HTTP/1.1)
HTTP/1.1 200 OK
Content-Type: application/json; charset=utf-8
cache-control: no-cache
content-length: 14

21:13:44.536 [AsyncHttpClient-1-6] DEBUG org.asynchttpclient.netty.channel.ChannelManager - Adding key: http://localhost:53549 for channel [id: 0x84213e47, L:/127.0.0.1:50432 - R:localhost/127.0.0.1:53549]
21:13:44.538 [Forwarding sendKeysToElement on session c4c8fae8e675c05c824905d55260fce6 to remote] DEBUG org.asynchttpclient.netty.request.NettyRequestSender - Using pooled Channel '[id: 0x84213e47, L:/127.0.0.1:50432 - R:localhost/127.0.0.1:53549]' for 'POST' to 'http://localhost:53549/session/c4c8fae8e675c05c824905d55260fce6/element/62c5121c-bb72-4963-9be3-1d9646a128d1/value'
21:13:44.538 [Forwarding sendKeysToElement on session c4c8fae8e675c05c824905d55260fce6 to remote] DEBUG org.asynchttpclient.netty.request.NettyRequestSender - Using open Channel [id: 0x84213e47, L:/127.0.0.1:50432 - R:localhost/127.0.0.1:53549] for POST '/session/c4c8fae8e675c05c824905d55260fce6/element/62c5121c-bb72-4963-9be3-1d9646a128d1/value'
21:13:44.619 [AsyncHttpClient-1-6] DEBUG org.asynchttpclient.netty.handler.HttpHandler - 

Request DefaultHttpRequest(decodeResult: success, version: HTTP/1.1)
POST /session/c4c8fae8e675c05c824905d55260fce6/element/62c5121c-bb72-4963-9be3-1d9646a128d1/value HTTP/1.1
User-Agent: selenium/4.1.2 (java windows)
Content-Length: 141
Content-Type: application/json; charset=utf-8
host: localhost:53549
accept: */*

Response DefaultHttpResponse(decodeResult: success, version: HTTP/1.1)
HTTP/1.1 200 OK
Content-Type: application/json; charset=utf-8
cache-control: no-cache
content-length: 14

21:13:44.619 [AsyncHttpClient-1-6] DEBUG org.asynchttpclient.netty.channel.ChannelManager - Adding key: http://localhost:53549 for channel [id: 0x84213e47, L:/127.0.0.1:50432 - R:localhost/127.0.0.1:53549]
21:13:44.626 [Forwarding findElement on session c4c8fae8e675c05c824905d55260fce6 to remote] DEBUG org.asynchttpclient.netty.request.NettyRequestSender - Using pooled Channel '[id: 0x84213e47, L:/127.0.0.1:50432 - R:localhost/127.0.0.1:53549]' for 'POST' to 'http://localhost:53549/session/c4c8fae8e675c05c824905d55260fce6/element'
21:13:44.626 [Forwarding findElement on session c4c8fae8e675c05c824905d55260fce6 to remote] DEBUG org.asynchttpclient.netty.request.NettyRequestSender - Using open Channel [id: 0x84213e47, L:/127.0.0.1:50432 - R:localhost/127.0.0.1:53549] for POST '/session/c4c8fae8e675c05c824905d55260fce6/element'
21:13:44.641 [AsyncHttpClient-1-6] DEBUG org.asynchttpclient.netty.handler.HttpHandler - 

Request DefaultHttpRequest(decodeResult: success, version: HTTP/1.1)
POST /session/c4c8fae8e675c05c824905d55260fce6/element HTTP/1.1
User-Agent: selenium/4.1.2 (java windows)
Content-Length: 81
Content-Type: application/json; charset=utf-8
host: localhost:53549
accept: */*

Response DefaultHttpResponse(decodeResult: success, version: HTTP/1.1)
HTTP/1.1 200 OK
Content-Type: application/json; charset=utf-8
cache-control: no-cache
content-length: 88

21:13:44.641 [AsyncHttpClient-1-6] DEBUG org.asynchttpclient.netty.channel.ChannelManager - Adding key: http://localhost:53549 for channel [id: 0x84213e47, L:/127.0.0.1:50432 - R:localhost/127.0.0.1:53549]
21:13:44.642 [Forwarding getElementTagName on session c4c8fae8e675c05c824905d55260fce6 to remote] DEBUG org.asynchttpclient.netty.request.NettyRequestSender - Using pooled Channel '[id: 0x84213e47, L:/127.0.0.1:50432 - R:localhost/127.0.0.1:53549]' for 'GET' to 'http://localhost:53549/session/c4c8fae8e675c05c824905d55260fce6/element/cec325a6-97de-436d-8d46-8f55cb5aedfd/name'
21:13:44.642 [Forwarding getElementTagName on session c4c8fae8e675c05c824905d55260fce6 to remote] DEBUG org.asynchttpclient.netty.request.NettyRequestSender - Using open Channel [id: 0x84213e47, L:/127.0.0.1:50432 - R:localhost/127.0.0.1:53549] for GET '/session/c4c8fae8e675c05c824905d55260fce6/element/cec325a6-97de-436d-8d46-8f55cb5aedfd/name'
21:13:44.647 [AsyncHttpClient-1-6] DEBUG org.asynchttpclient.netty.handler.HttpHandler - 

Request DefaultFullHttpRequest(decodeResult: success, version: HTTP/1.1, content: EmptyByteBufBE)
GET /session/c4c8fae8e675c05c824905d55260fce6/element/cec325a6-97de-436d-8d46-8f55cb5aedfd/name HTTP/1.1
User-Agent: selenium/4.1.2 (java windows)
Cache-Control: no-cache
Content-Type: application/json; charset=utf-8
host: localhost:53549
accept: */*

Response DefaultHttpResponse(decodeResult: success, version: HTTP/1.1)
HTTP/1.1 200 OK
Content-Type: application/json; charset=utf-8
cache-control: no-cache
content-length: 16

21:13:44.647 [AsyncHttpClient-1-6] DEBUG org.asynchttpclient.netty.channel.ChannelManager - Adding key: http://localhost:53549 for channel [id: 0x84213e47, L:/127.0.0.1:50432 - R:localhost/127.0.0.1:53549]
21:13:44.648 [Forwarding getElementTagName on session c4c8fae8e675c05c824905d55260fce6 to remote] DEBUG org.asynchttpclient.netty.request.NettyRequestSender - Using pooled Channel '[id: 0x84213e47, L:/127.0.0.1:50432 - R:localhost/127.0.0.1:53549]' for 'GET' to 'http://localhost:53549/session/c4c8fae8e675c05c824905d55260fce6/element/cec325a6-97de-436d-8d46-8f55cb5aedfd/name'
21:13:44.648 [Forwarding getElementTagName on session c4c8fae8e675c05c824905d55260fce6 to remote] DEBUG org.asynchttpclient.netty.request.NettyRequestSender - Using open Channel [id: 0x84213e47, L:/127.0.0.1:50432 - R:localhost/127.0.0.1:53549] for GET '/session/c4c8fae8e675c05c824905d55260fce6/element/cec325a6-97de-436d-8d46-8f55cb5aedfd/name'
21:13:44.652 [AsyncHttpClient-1-6] DEBUG org.asynchttpclient.netty.handler.HttpHandler - 

Request DefaultFullHttpRequest(decodeResult: success, version: HTTP/1.1, content: EmptyByteBufBE)
GET /session/c4c8fae8e675c05c824905d55260fce6/element/cec325a6-97de-436d-8d46-8f55cb5aedfd/name HTTP/1.1
User-Agent: selenium/4.1.2 (java windows)
Cache-Control: no-cache
Content-Type: application/json; charset=utf-8
host: localhost:53549
accept: */*

Response DefaultHttpResponse(decodeResult: success, version: HTTP/1.1)
HTTP/1.1 200 OK
Content-Type: application/json; charset=utf-8
cache-control: no-cache
content-length: 16

21:13:44.652 [AsyncHttpClient-1-6] DEBUG org.asynchttpclient.netty.channel.ChannelManager - Adding key: http://localhost:53549 for channel [id: 0x84213e47, L:/127.0.0.1:50432 - R:localhost/127.0.0.1:53549]
21:13:44.654 [Forwarding findElement on session c4c8fae8e675c05c824905d55260fce6 to remote] DEBUG org.asynchttpclient.netty.request.NettyRequestSender - Using pooled Channel '[id: 0x84213e47, L:/127.0.0.1:50432 - R:localhost/127.0.0.1:53549]' for 'POST' to 'http://localhost:53549/session/c4c8fae8e675c05c824905d55260fce6/element'
21:13:44.655 [Forwarding findElement on session c4c8fae8e675c05c824905d55260fce6 to remote] DEBUG org.asynchttpclient.netty.request.NettyRequestSender - Using open Channel [id: 0x84213e47, L:/127.0.0.1:50432 - R:localhost/127.0.0.1:53549] for POST '/session/c4c8fae8e675c05c824905d55260fce6/element'
21:13:44.664 [AsyncHttpClient-1-6] DEBUG org.asynchttpclient.netty.handler.HttpHandler - 

Request DefaultHttpRequest(decodeResult: success, version: HTTP/1.1)
POST /session/c4c8fae8e675c05c824905d55260fce6/element HTTP/1.1
User-Agent: selenium/4.1.2 (java windows)
Content-Length: 81
Content-Type: application/json; charset=utf-8
host: localhost:53549
accept: */*

Response DefaultHttpResponse(decodeResult: success, version: HTTP/1.1)
HTTP/1.1 200 OK
Content-Type: application/json; charset=utf-8
cache-control: no-cache
content-length: 88

21:13:44.664 [AsyncHttpClient-1-6] DEBUG org.asynchttpclient.netty.channel.ChannelManager - Adding key: http://localhost:53549 for channel [id: 0x84213e47, L:/127.0.0.1:50432 - R:localhost/127.0.0.1:53549]
21:13:44.665 [Forwarding clickElement on session c4c8fae8e675c05c824905d55260fce6 to remote] DEBUG org.asynchttpclient.netty.request.NettyRequestSender - Using pooled Channel '[id: 0x84213e47, L:/127.0.0.1:50432 - R:localhost/127.0.0.1:53549]' for 'POST' to 'http://localhost:53549/session/c4c8fae8e675c05c824905d55260fce6/element/cec325a6-97de-436d-8d46-8f55cb5aedfd/click'
21:13:44.665 [Forwarding clickElement on session c4c8fae8e675c05c824905d55260fce6 to remote] DEBUG org.asynchttpclient.netty.request.NettyRequestSender - Using open Channel [id: 0x84213e47, L:/127.0.0.1:50432 - R:localhost/127.0.0.1:53549] for POST '/session/c4c8fae8e675c05c824905d55260fce6/element/cec325a6-97de-436d-8d46-8f55cb5aedfd/click'
21:13:44.740 [AsyncHttpClient-1-6] DEBUG org.asynchttpclient.netty.handler.HttpHandler - 

Request DefaultHttpRequest(decodeResult: success, version: HTTP/1.1)
POST /session/c4c8fae8e675c05c824905d55260fce6/element/cec325a6-97de-436d-8d46-8f55cb5aedfd/click HTTP/1.1
User-Agent: selenium/4.1.2 (java windows)
Content-Length: 50
Content-Type: application/json; charset=utf-8
host: localhost:53549
accept: */*

Response DefaultHttpResponse(decodeResult: success, version: HTTP/1.1)
HTTP/1.1 200 OK
Content-Type: application/json; charset=utf-8
cache-control: no-cache
content-length: 14

21:13:44.740 [AsyncHttpClient-1-6] DEBUG org.asynchttpclient.netty.channel.ChannelManager - Adding key: http://localhost:53549 for channel [id: 0x84213e47, L:/127.0.0.1:50432 - R:localhost/127.0.0.1:53549]
  &amp#27;[32mGiven &amp#27;[0m&amp#27;[32mI am logged in to the website&amp#27;[0m &amp#27;[90m# starter.stepdefinitions.LogInOutSteps.iAmLoggedInToTheWebsite()&amp#27;[0m
21:13:44.748 [main] DEBUG net.serenitybdd.core.photography.Darkroom - Opening darkroom
21:13:44.749 [Darkroom Processing Line] DEBUG net.serenitybdd.core.photography.DarkroomProcessingLine - Darkroom processing line starting up
21:13:44.749 [Forwarding screenshot on session c4c8fae8e675c05c824905d55260fce6 to remote] DEBUG org.asynchttpclient.netty.request.NettyRequestSender - Using pooled Channel '[id: 0x84213e47, L:/127.0.0.1:50432 - R:localhost/127.0.0.1:53549]' for 'GET' to 'http://localhost:53549/session/c4c8fae8e675c05c824905d55260fce6/screenshot'
21:13:44.749 [Forwarding screenshot on session c4c8fae8e675c05c824905d55260fce6 to remote] DEBUG org.asynchttpclient.netty.request.NettyRequestSender - Using open Channel [id: 0x84213e47, L:/127.0.0.1:50432 - R:localhost/127.0.0.1:53549] for GET '/session/c4c8fae8e675c05c824905d55260fce6/screenshot'
21:13:44.792 [AsyncHttpClient-1-1] DEBUG org.asynchttpclient.netty.channel.DefaultChannelPool - Entry count for : http://localhost:50433 : 1
21:13:45.160 [AsyncHttpClient-1-6] DEBUG org.asynchttpclient.netty.handler.HttpHandler - 

Request DefaultFullHttpRequest(decodeResult: success, version: HTTP/1.1, content: EmptyByteBufBE)
GET /session/c4c8fae8e675c05c824905d55260fce6/screenshot HTTP/1.1
User-Agent: selenium/4.1.2 (java windows)
Cache-Control: no-cache
Content-Type: application/json; charset=utf-8
host: localhost:53549
accept: */*

Response DefaultHttpResponse(decodeResult: success, version: HTTP/1.1)
HTTP/1.1 200 OK
Content-Type: application/json; charset=utf-8
cache-control: no-cache
content-length: 44800

21:13:45.160 [AsyncHttpClient-1-6] DEBUG org.asynchttpclient.netty.channel.ChannelManager - Adding key: http://localhost:53549 for channel [id: 0x84213e47, L:/127.0.0.1:50432 - R:localhost/127.0.0.1:53549]
21:13:45.162 [main] DEBUG net.serenitybdd.core.photography.Darkroom - Send negative for processing for target\site\serenity\9602165eb657e2a539dbd547c6b8a85f0a533552b073ddedcf0c0955d2427842.png
21:13:45.163 [Darkroom Processing Line] DEBUG net.serenitybdd.core.photography.DarkroomProcessingLine - Processing screenshot image in /var/screenshots/screenshot-11185606988396429698
21:13:45.163 [Darkroom Processing Line] DEBUG net.serenitybdd.core.photography.DarkroomProcessingLine - Saving screenshot to target\site\serenity\9602165eb657e2a539dbd547c6b8a85f0a533552b073ddedcf0c0955d2427842.png
21:13:45.172 [Forwarding findElement on session c4c8fae8e675c05c824905d55260fce6 to remote] DEBUG org.asynchttpclient.netty.request.NettyRequestSender - Using pooled Channel '[id: 0x84213e47, L:/127.0.0.1:50432 - R:localhost/127.0.0.1:53549]' for 'POST' to 'http://localhost:53549/session/c4c8fae8e675c05c824905d55260fce6/element'
21:13:45.173 [Forwarding findElement on session c4c8fae8e675c05c824905d55260fce6 to remote] DEBUG org.asynchttpclient.netty.request.NettyRequestSender - Using open Channel [id: 0x84213e47, L:/127.0.0.1:50432 - R:localhost/127.0.0.1:53549] for POST '/session/c4c8fae8e675c05c824905d55260fce6/element'
21:13:45.887 [AsyncHttpClient-1-1] DEBUG org.asynchttpclient.netty.channel.DefaultChannelPool - Entry count for : http://localhost:50433 : 1
21:13:46.099 [AsyncHttpClient-1-6] DEBUG org.asynchttpclient.netty.handler.HttpHandler - 

Request DefaultHttpRequest(decodeResult: success, version: HTTP/1.1)
POST /session/c4c8fae8e675c05c824905d55260fce6/element HTTP/1.1
User-Agent: selenium/4.1.2 (java windows)
Content-Length: 79
Content-Type: application/json; charset=utf-8
host: localhost:53549
accept: */*

Response DefaultHttpResponse(decodeResult: success, version: HTTP/1.1)
HTTP/1.1 200 OK
Content-Type: application/json; charset=utf-8
cache-control: no-cache
content-length: 88

21:13:46.099 [AsyncHttpClient-1-6] DEBUG org.asynchttpclient.netty.channel.ChannelManager - Adding key: http://localhost:53549 for channel [id: 0x84213e47, L:/127.0.0.1:50432 - R:localhost/127.0.0.1:53549]
21:13:46.100 [Forwarding getElementTagName on session c4c8fae8e675c05c824905d55260fce6 to remote] DEBUG org.asynchttpclient.netty.request.NettyRequestSender - Using pooled Channel '[id: 0x84213e47, L:/127.0.0.1:50432 - R:localhost/127.0.0.1:53549]' for 'GET' to 'http://localhost:53549/session/c4c8fae8e675c05c824905d55260fce6/element/3b975e2b-f91a-4089-ad47-c30b732be54a/name'
21:13:46.100 [Forwarding getElementTagName on session c4c8fae8e675c05c824905d55260fce6 to remote] DEBUG org.asynchttpclient.netty.request.NettyRequestSender - Using open Channel [id: 0x84213e47, L:/127.0.0.1:50432 - R:localhost/127.0.0.1:53549] for GET '/session/c4c8fae8e675c05c824905d55260fce6/element/3b975e2b-f91a-4089-ad47-c30b732be54a/name'
21:13:46.109 [AsyncHttpClient-1-6] DEBUG org.asynchttpclient.netty.handler.HttpHandler - 

Request DefaultFullHttpRequest(decodeResult: success, version: HTTP/1.1, content: EmptyByteBufBE)
GET /session/c4c8fae8e675c05c824905d55260fce6/element/3b975e2b-f91a-4089-ad47-c30b732be54a/name HTTP/1.1
User-Agent: selenium/4.1.2 (java windows)
Cache-Control: no-cache
Content-Type: application/json; charset=utf-8
host: localhost:53549
accept: */*

Response DefaultHttpResponse(decodeResult: success, version: HTTP/1.1)
HTTP/1.1 200 OK
Content-Type: application/json; charset=utf-8
cache-control: no-cache
content-length: 13

21:13:46.109 [AsyncHttpClient-1-6] DEBUG org.asynchttpclient.netty.channel.ChannelManager - Adding key: http://localhost:53549 for channel [id: 0x84213e47, L:/127.0.0.1:50432 - R:localhost/127.0.0.1:53549]
21:13:46.110 [Forwarding getElementTagName on session c4c8fae8e675c05c824905d55260fce6 to remote] DEBUG org.asynchttpclient.netty.request.NettyRequestSender - Using pooled Channel '[id: 0x84213e47, L:/127.0.0.1:50432 - R:localhost/127.0.0.1:53549]' for 'GET' to 'http://localhost:53549/session/c4c8fae8e675c05c824905d55260fce6/element/3b975e2b-f91a-4089-ad47-c30b732be54a/name'
21:13:46.110 [Forwarding getElementTagName on session c4c8fae8e675c05c824905d55260fce6 to remote] DEBUG org.asynchttpclient.netty.request.NettyRequestSender - Using open Channel [id: 0x84213e47, L:/127.0.0.1:50432 - R:localhost/127.0.0.1:53549] for GET '/session/c4c8fae8e675c05c824905d55260fce6/element/3b975e2b-f91a-4089-ad47-c30b732be54a/name'
21:13:46.113 [AsyncHttpClient-1-6] DEBUG org.asynchttpclient.netty.handler.HttpHandler - 

Request DefaultFullHttpRequest(decodeResult: success, version: HTTP/1.1, content: EmptyByteBufBE)
GET /session/c4c8fae8e675c05c824905d55260fce6/element/3b975e2b-f91a-4089-ad47-c30b732be54a/name HTTP/1.1
User-Agent: selenium/4.1.2 (java windows)
Cache-Control: no-cache
Content-Type: application/json; charset=utf-8
host: localhost:53549
accept: */*

Response DefaultHttpResponse(decodeResult: success, version: HTTP/1.1)
HTTP/1.1 200 OK
Content-Type: application/json; charset=utf-8
cache-control: no-cache
content-length: 13

21:13:46.113 [AsyncHttpClient-1-6] DEBUG org.asynchttpclient.netty.channel.ChannelManager - Adding key: http://localhost:53549 for channel [id: 0x84213e47, L:/127.0.0.1:50432 - R:localhost/127.0.0.1:53549]
21:13:46.115 [Forwarding findElement on session c4c8fae8e675c05c824905d55260fce6 to remote] DEBUG org.asynchttpclient.netty.request.NettyRequestSender - Using pooled Channel '[id: 0x84213e47, L:/127.0.0.1:50432 - R:localhost/127.0.0.1:53549]' for 'POST' to 'http://localhost:53549/session/c4c8fae8e675c05c824905d55260fce6/element'
21:13:46.115 [Forwarding findElement on session c4c8fae8e675c05c824905d55260fce6 to remote] DEBUG org.asynchttpclient.netty.request.NettyRequestSender - Using open Channel [id: 0x84213e47, L:/127.0.0.1:50432 - R:localhost/127.0.0.1:53549] for POST '/session/c4c8fae8e675c05c824905d55260fce6/element'
21:13:46.122 [AsyncHttpClient-1-6] DEBUG org.asynchttpclient.netty.handler.HttpHandler - 

Request DefaultHttpRequest(decodeResult: success, version: HTTP/1.1)
POST /session/c4c8fae8e675c05c824905d55260fce6/element HTTP/1.1
User-Agent: selenium/4.1.2 (java windows)
Content-Length: 79
Content-Type: application/json; charset=utf-8
host: localhost:53549
accept: */*

Response DefaultHttpResponse(decodeResult: success, version: HTTP/1.1)
HTTP/1.1 200 OK
Content-Type: application/json; charset=utf-8
cache-control: no-cache
content-length: 88

21:13:46.122 [AsyncHttpClient-1-6] DEBUG org.asynchttpclient.netty.channel.ChannelManager - Adding key: http://localhost:53549 for channel [id: 0x84213e47, L:/127.0.0.1:50432 - R:localhost/127.0.0.1:53549]
21:13:46.123 [Forwarding clickElement on session c4c8fae8e675c05c824905d55260fce6 to remote] DEBUG org.asynchttpclient.netty.request.NettyRequestSender - Using pooled Channel '[id: 0x84213e47, L:/127.0.0.1:50432 - R:localhost/127.0.0.1:53549]' for 'POST' to 'http://localhost:53549/session/c4c8fae8e675c05c824905d55260fce6/element/3b975e2b-f91a-4089-ad47-c30b732be54a/click'
21:13:46.123 [Forwarding clickElement on session c4c8fae8e675c05c824905d55260fce6 to remote] DEBUG org.asynchttpclient.netty.request.NettyRequestSender - Using open Channel [id: 0x84213e47, L:/127.0.0.1:50432 - R:localhost/127.0.0.1:53549] for POST '/session/c4c8fae8e675c05c824905d55260fce6/element/3b975e2b-f91a-4089-ad47-c30b732be54a/click'
21:13:46.168 [AsyncHttpClient-1-6] DEBUG org.asynchttpclient.netty.handler.HttpHandler - 

Request DefaultHttpRequest(decodeResult: success, version: HTTP/1.1)
POST /session/c4c8fae8e675c05c824905d55260fce6/element/3b975e2b-f91a-4089-ad47-c30b732be54a/click HTTP/1.1
User-Agent: selenium/4.1.2 (java windows)
Content-Length: 50
Content-Type: application/json; charset=utf-8
host: localhost:53549
accept: */*

Response DefaultHttpResponse(decodeResult: success, version: HTTP/1.1)
HTTP/1.1 200 OK
Content-Type: application/json; charset=utf-8
cache-control: no-cache
content-length: 14

21:13:46.168 [AsyncHttpClient-1-6] DEBUG org.asynchttpclient.netty.channel.ChannelManager - Adding key: http://localhost:53549 for channel [id: 0x84213e47, L:/127.0.0.1:50432 - R:localhost/127.0.0.1:53549]
  &amp#27;[32mWhen &amp#27;[0m&amp#27;[32mI click user logo&amp#27;[0m              &amp#27;[90m# starter.stepdefinitions.LogInOutSteps.iClickUserLogo()&amp#27;[0m
21:13:46.177 [Forwarding screenshot on session c4c8fae8e675c05c824905d55260fce6 to remote] DEBUG org.asynchttpclient.netty.request.NettyRequestSender - Using pooled Channel '[id: 0x84213e47, L:/127.0.0.1:50432 - R:localhost/127.0.0.1:53549]' for 'GET' to 'http://localhost:53549/session/c4c8fae8e675c05c824905d55260fce6/screenshot'
21:13:46.178 [Forwarding screenshot on session c4c8fae8e675c05c824905d55260fce6 to remote] DEBUG org.asynchttpclient.netty.request.NettyRequestSender - Using open Channel [id: 0x84213e47, L:/127.0.0.1:50432 - R:localhost/127.0.0.1:53549] for GET '/session/c4c8fae8e675c05c824905d55260fce6/screenshot'
21:13:46.425 [AsyncHttpClient-1-6] DEBUG org.asynchttpclient.netty.handler.HttpHandler - 

Request DefaultFullHttpRequest(decodeResult: success, version: HTTP/1.1, content: EmptyByteBufBE)
GET /session/c4c8fae8e675c05c824905d55260fce6/screenshot HTTP/1.1
User-Agent: selenium/4.1.2 (java windows)
Cache-Control: no-cache
Content-Type: application/json; charset=utf-8
host: localhost:53549
accept: */*

Response DefaultHttpResponse(decodeResult: success, version: HTTP/1.1)
HTTP/1.1 200 OK
Content-Type: application/json; charset=utf-8
cache-control: no-cache
content-length: 42944

21:13:46.426 [AsyncHttpClient-1-6] DEBUG org.asynchttpclient.netty.channel.ChannelManager - Adding key: http://localhost:53549 for channel [id: 0x84213e47, L:/127.0.0.1:50432 - R:localhost/127.0.0.1:53549]
21:13:46.429 [main] DEBUG net.serenitybdd.core.photography.Darkroom - Send negative for processing for target\site\serenity\1acfd68fab84ca553adbf410bdaa4f26bc024795156412a3961c8a86f6962ff1.png
21:13:46.430 [Darkroom Processing Line] DEBUG net.serenitybdd.core.photography.DarkroomProcessingLine - Processing screenshot image in /var/screenshots/screenshot-16721047430485976666
21:13:46.430 [Darkroom Processing Line] DEBUG net.serenitybdd.core.photography.DarkroomProcessingLine - Saving screenshot to target\site\serenity\1acfd68fab84ca553adbf410bdaa4f26bc024795156412a3961c8a86f6962ff1.png
21:13:46.438 [Forwarding findElement on session c4c8fae8e675c05c824905d55260fce6 to remote] DEBUG org.asynchttpclient.netty.request.NettyRequestSender - Using pooled Channel '[id: 0x84213e47, L:/127.0.0.1:50432 - R:localhost/127.0.0.1:53549]' for 'POST' to 'http://localhost:53549/session/c4c8fae8e675c05c824905d55260fce6/element'
21:13:46.438 [Forwarding findElement on session c4c8fae8e675c05c824905d55260fce6 to remote] DEBUG org.asynchttpclient.netty.request.NettyRequestSender - Using open Channel [id: 0x84213e47, L:/127.0.0.1:50432 - R:localhost/127.0.0.1:53549] for POST '/session/c4c8fae8e675c05c824905d55260fce6/element'
21:13:46.458 [AsyncHttpClient-1-6] DEBUG org.asynchttpclient.netty.handler.HttpHandler - 

Request DefaultHttpRequest(decodeResult: success, version: HTTP/1.1)
POST /session/c4c8fae8e675c05c824905d55260fce6/element HTTP/1.1
User-Agent: selenium/4.1.2 (java windows)
Content-Length: 71
Content-Type: application/json; charset=utf-8
host: localhost:53549
accept: */*

Response DefaultHttpResponse(decodeResult: success, version: HTTP/1.1)
HTTP/1.1 200 OK
Content-Type: application/json; charset=utf-8
cache-control: no-cache
content-length: 88

21:13:46.458 [AsyncHttpClient-1-6] DEBUG org.asynchttpclient.netty.channel.ChannelManager - Adding key: http://localhost:53549 for channel [id: 0x84213e47, L:/127.0.0.1:50432 - R:localhost/127.0.0.1:53549]
21:13:46.461 [Forwarding getElementTagName on session c4c8fae8e675c05c824905d55260fce6 to remote] DEBUG org.asynchttpclient.netty.request.NettyRequestSender - Using pooled Channel '[id: 0x84213e47, L:/127.0.0.1:50432 - R:localhost/127.0.0.1:53549]' for 'GET' to 'http://localhost:53549/session/c4c8fae8e675c05c824905d55260fce6/element/d4f1d568-1dd5-42da-b148-b3adf8300421/name'
21:13:46.461 [Forwarding getElementTagName on session c4c8fae8e675c05c824905d55260fce6 to remote] DEBUG org.asynchttpclient.netty.request.NettyRequestSender - Using open Channel [id: 0x84213e47, L:/127.0.0.1:50432 - R:localhost/127.0.0.1:53549] for GET '/session/c4c8fae8e675c05c824905d55260fce6/element/d4f1d568-1dd5-42da-b148-b3adf8300421/name'
21:13:46.466 [AsyncHttpClient-1-6] DEBUG org.asynchttpclient.netty.handler.HttpHandler - 

Request DefaultFullHttpRequest(decodeResult: success, version: HTTP/1.1, content: EmptyByteBufBE)
GET /session/c4c8fae8e675c05c824905d55260fce6/element/d4f1d568-1dd5-42da-b148-b3adf8300421/name HTTP/1.1
User-Agent: selenium/4.1.2 (java windows)
Cache-Control: no-cache
Content-Type: application/json; charset=utf-8
host: localhost:53549
accept: */*

Response DefaultHttpResponse(decodeResult: success, version: HTTP/1.1)
HTTP/1.1 200 OK
Content-Type: application/json; charset=utf-8
cache-control: no-cache
content-length: 15

21:13:46.466 [AsyncHttpClient-1-6] DEBUG org.asynchttpclient.netty.channel.ChannelManager - Adding key: http://localhost:53549 for channel [id: 0x84213e47, L:/127.0.0.1:50432 - R:localhost/127.0.0.1:53549]
21:13:46.467 [Forwarding getElementTagName on session c4c8fae8e675c05c824905d55260fce6 to remote] DEBUG org.asynchttpclient.netty.request.NettyRequestSender - Using pooled Channel '[id: 0x84213e47, L:/127.0.0.1:50432 - R:localhost/127.0.0.1:53549]' for 'GET' to 'http://localhost:53549/session/c4c8fae8e675c05c824905d55260fce6/element/d4f1d568-1dd5-42da-b148-b3adf8300421/name'
21:13:46.467 [Forwarding getElementTagName on session c4c8fae8e675c05c824905d55260fce6 to remote] DEBUG org.asynchttpclient.netty.request.NettyRequestSender - Using open Channel [id: 0x84213e47, L:/127.0.0.1:50432 - R:localhost/127.0.0.1:53549] for GET '/session/c4c8fae8e675c05c824905d55260fce6/element/d4f1d568-1dd5-42da-b148-b3adf8300421/name'
21:13:46.471 [AsyncHttpClient-1-6] DEBUG org.asynchttpclient.netty.handler.HttpHandler - 

Request DefaultFullHttpRequest(decodeResult: success, version: HTTP/1.1, content: EmptyByteBufBE)
GET /session/c4c8fae8e675c05c824905d55260fce6/element/d4f1d568-1dd5-42da-b148-b3adf8300421/name HTTP/1.1
User-Agent: selenium/4.1.2 (java windows)
Cache-Control: no-cache
Content-Type: application/json; charset=utf-8
host: localhost:53549
accept: */*

Response DefaultHttpResponse(decodeResult: success, version: HTTP/1.1)
HTTP/1.1 200 OK
Content-Type: application/json; charset=utf-8
cache-control: no-cache
content-length: 15

21:13:46.471 [AsyncHttpClient-1-6] DEBUG org.asynchttpclient.netty.channel.ChannelManager - Adding key: http://localhost:53549 for channel [id: 0x84213e47, L:/127.0.0.1:50432 - R:localhost/127.0.0.1:53549]
21:13:46.476 [Forwarding findElement on session c4c8fae8e675c05c824905d55260fce6 to remote] DEBUG org.asynchttpclient.netty.request.NettyRequestSender - Using pooled Channel '[id: 0x84213e47, L:/127.0.0.1:50432 - R:localhost/127.0.0.1:53549]' for 'POST' to 'http://localhost:53549/session/c4c8fae8e675c05c824905d55260fce6/element'
21:13:46.476 [Forwarding findElement on session c4c8fae8e675c05c824905d55260fce6 to remote] DEBUG org.asynchttpclient.netty.request.NettyRequestSender - Using open Channel [id: 0x84213e47, L:/127.0.0.1:50432 - R:localhost/127.0.0.1:53549] for POST '/session/c4c8fae8e675c05c824905d55260fce6/element'
21:13:46.484 [AsyncHttpClient-1-6] DEBUG org.asynchttpclient.netty.handler.HttpHandler - 

Request DefaultHttpRequest(decodeResult: success, version: HTTP/1.1)
POST /session/c4c8fae8e675c05c824905d55260fce6/element HTTP/1.1
User-Agent: selenium/4.1.2 (java windows)
Content-Length: 71
Content-Type: application/json; charset=utf-8
host: localhost:53549
accept: */*

Response DefaultHttpResponse(decodeResult: success, version: HTTP/1.1)
HTTP/1.1 200 OK
Content-Type: application/json; charset=utf-8
cache-control: no-cache
content-length: 88

21:13:46.484 [AsyncHttpClient-1-6] DEBUG org.asynchttpclient.netty.channel.ChannelManager - Adding key: http://localhost:53549 for channel [id: 0x84213e47, L:/127.0.0.1:50432 - R:localhost/127.0.0.1:53549]
21:13:46.486 [Forwarding clickElement on session c4c8fae8e675c05c824905d55260fce6 to remote] DEBUG org.asynchttpclient.netty.request.NettyRequestSender - Using pooled Channel '[id: 0x84213e47, L:/127.0.0.1:50432 - R:localhost/127.0.0.1:53549]' for 'POST' to 'http://localhost:53549/session/c4c8fae8e675c05c824905d55260fce6/element/d4f1d568-1dd5-42da-b148-b3adf8300421/click'
21:13:46.486 [Forwarding clickElement on session c4c8fae8e675c05c824905d55260fce6 to remote] DEBUG org.asynchttpclient.netty.request.NettyRequestSender - Using open Channel [id: 0x84213e47, L:/127.0.0.1:50432 - R:localhost/127.0.0.1:53549] for POST '/session/c4c8fae8e675c05c824905d55260fce6/element/d4f1d568-1dd5-42da-b148-b3adf8300421/click'
21:13:46.592 [AsyncHttpClient-1-6] DEBUG org.asynchttpclient.netty.handler.HttpHandler - 

Request DefaultHttpRequest(decodeResult: success, version: HTTP/1.1)
POST /session/c4c8fae8e675c05c824905d55260fce6/element/d4f1d568-1dd5-42da-b148-b3adf8300421/click HTTP/1.1
User-Agent: selenium/4.1.2 (java windows)
Content-Length: 50
Content-Type: application/json; charset=utf-8
host: localhost:53549
accept: */*

Response DefaultHttpResponse(decodeResult: success, version: HTTP/1.1)
HTTP/1.1 200 OK
Content-Type: application/json; charset=utf-8
cache-control: no-cache
content-length: 14

21:13:46.593 [AsyncHttpClient-1-6] DEBUG org.asynchttpclient.netty.channel.ChannelManager - Adding key: http://localhost:53549 for channel [id: 0x84213e47, L:/127.0.0.1:50432 - R:localhost/127.0.0.1:53549]
  &amp#27;[32mAnd &amp#27;[0m&amp#27;[32mI click logout button&amp#27;[0m           &amp#27;[90m# starter.stepdefinitions.LogInOutSteps.iClickLogoutButton()&amp#27;[0m
21:13:46.603 [Forwarding screenshot on session c4c8fae8e675c05c824905d55260fce6 to remote] DEBUG org.asynchttpclient.netty.request.NettyRequestSender - Using pooled Channel '[id: 0x84213e47, L:/127.0.0.1:50432 - R:localhost/127.0.0.1:53549]' for 'GET' to 'http://localhost:53549/session/c4c8fae8e675c05c824905d55260fce6/screenshot'
21:13:46.603 [Forwarding screenshot on session c4c8fae8e675c05c824905d55260fce6 to remote] DEBUG org.asynchttpclient.netty.request.NettyRequestSender - Using open Channel [id: 0x84213e47, L:/127.0.0.1:50432 - R:localhost/127.0.0.1:53549] for GET '/session/c4c8fae8e675c05c824905d55260fce6/screenshot'
21:13:46.773 [AsyncHttpClient-1-6] DEBUG org.asynchttpclient.netty.handler.HttpHandler - 

Request DefaultFullHttpRequest(decodeResult: success, version: HTTP/1.1, content: EmptyByteBufBE)
GET /session/c4c8fae8e675c05c824905d55260fce6/screenshot HTTP/1.1
User-Agent: selenium/4.1.2 (java windows)
Cache-Control: no-cache
Content-Type: application/json; charset=utf-8
host: localhost:53549
accept: */*

Response DefaultHttpResponse(decodeResult: success, version: HTTP/1.1)
HTTP/1.1 200 OK
Content-Type: application/json; charset=utf-8
cache-control: no-cache
content-length: 38472

21:13:46.774 [AsyncHttpClient-1-6] DEBUG org.asynchttpclient.netty.channel.ChannelManager - Adding key: http://localhost:53549 for channel [id: 0x84213e47, L:/127.0.0.1:50432 - R:localhost/127.0.0.1:53549]
21:13:46.777 [main] DEBUG net.serenitybdd.core.photography.Darkroom - Send negative for processing for target\site\serenity\6c2309ed56aeb278067cd6b3caf368b9f01e276e2bf175d46007f31c90d5af21.png
21:13:46.783 [Forwarding findElement on session c4c8fae8e675c05c824905d55260fce6 to remote] DEBUG org.asynchttpclient.netty.request.NettyRequestSender - Using pooled Channel '[id: 0x84213e47, L:/127.0.0.1:50432 - R:localhost/127.0.0.1:53549]' for 'POST' to 'http://localhost:53549/session/c4c8fae8e675c05c824905d55260fce6/element'
21:13:46.783 [Forwarding findElement on session c4c8fae8e675c05c824905d55260fce6 to remote] DEBUG org.asynchttpclient.netty.request.NettyRequestSender - Using open Channel [id: 0x84213e47, L:/127.0.0.1:50432 - R:localhost/127.0.0.1:53549] for POST '/session/c4c8fae8e675c05c824905d55260fce6/element'
21:13:46.794 [AsyncHttpClient-1-6] DEBUG org.asynchttpclient.netty.handler.HttpHandler - 

Request DefaultHttpRequest(decodeResult: success, version: HTTP/1.1)
POST /session/c4c8fae8e675c05c824905d55260fce6/element HTTP/1.1
User-Agent: selenium/4.1.2 (java windows)
Content-Length: 77
Content-Type: application/json; charset=utf-8
host: localhost:53549
accept: */*

Response DefaultHttpResponse(decodeResult: success, version: HTTP/1.1)
HTTP/1.1 200 OK
Content-Type: application/json; charset=utf-8
cache-control: no-cache
content-length: 88

21:13:46.794 [AsyncHttpClient-1-6] DEBUG org.asynchttpclient.netty.channel.ChannelManager - Adding key: http://localhost:53549 for channel [id: 0x84213e47, L:/127.0.0.1:50432 - R:localhost/127.0.0.1:53549]
21:13:46.797 [Forwarding isElementDisplayed on session c4c8fae8e675c05c824905d55260fce6 to remote] DEBUG org.asynchttpclient.netty.request.NettyRequestSender - Using pooled Channel '[id: 0x84213e47, L:/127.0.0.1:50432 - R:localhost/127.0.0.1:53549]' for 'POST' to 'http://localhost:53549/session/c4c8fae8e675c05c824905d55260fce6/execute/sync'
21:13:46.797 [Forwarding isElementDisplayed on session c4c8fae8e675c05c824905d55260fce6 to remote] DEBUG org.asynchttpclient.netty.request.NettyRequestSender - Using open Channel [id: 0x84213e47, L:/127.0.0.1:50432 - R:localhost/127.0.0.1:53549] for POST '/session/c4c8fae8e675c05c824905d55260fce6/execute/sync'
21:13:46.814 [AsyncHttpClient-1-6] DEBUG org.asynchttpclient.netty.handler.HttpHandler - 

Request DefaultHttpRequest(decodeResult: success, version: HTTP/1.1)
POST /session/c4c8fae8e675c05c824905d55260fce6/execute/sync HTTP/1.1
User-Agent: selenium/4.1.2 (java windows)
Content-Length: 48780
Content-Type: application/json; charset=utf-8
host: localhost:53549
accept: */*

Response DefaultHttpResponse(decodeResult: success, version: HTTP/1.1)
HTTP/1.1 200 OK
Content-Type: application/json; charset=utf-8
cache-control: no-cache
content-length: 14

21:13:46.814 [AsyncHttpClient-1-6] DEBUG org.asynchttpclient.netty.channel.ChannelManager - Adding key: http://localhost:53549 for channel [id: 0x84213e47, L:/127.0.0.1:50432 - R:localhost/127.0.0.1:53549]
  &amp#27;[32mThen &amp#27;[0m&amp#27;[32mI am back to login page&amp#27;[0m        &amp#27;[90m# starter.stepdefinitions.LogInOutSteps.iAmBackToLoginPage()&amp#27;[0m
21:13:46.820 [main] INFO  - 
  _____   ___   ___   _____     ___     _     ___   ___   ___   ___  
 |_   _| | __| / __| |_   _|   | _ \   /_\   / __| / __| | __| |   \ 
   | |   | _|  \__ \   | |     |  _/  / _ \  \__ \ \__ \ | _|  | |) |
   |_|   |___| |___/   |_|     |_|   /_/ \_\ |___/ |___/ |___| |___/ 

Logout
----------------------------------------------------------------------
21:13:46.821 [AsyncHttpClient-1-8] DEBUG org.asynchttpclient.netty.handler.WebSocketHandler - Channel Closed: [id: 0x82de1a73, L:/127.0.0.1:50441 ! R:localhost/127.0.0.1:50433] with attribute NettyResponseFuture{currentRetry=5,
	isDone=1,
	isCancelled=0,
	asyncHandler=org.asynchttpclient.ws.WebSocketUpgradeHandler@68bbddb6,
	nettyRequest=org.asynchttpclient.netty.request.NettyRequest@2942b711,
	future=java.util.concurrent.CompletableFuture@4ed359ed[Completed normally],
	uri=ws://localhost:50433/devtools/browser/9ac1e330-7027-4e8d-bcdb-3815d64642eb,
	keepAlive=true,
	redirectCount=0,
	timeoutsHolder=null,
	inAuth=0,
	touch=1667484823136}
21:13:46.821 [AsyncHttpClient-1-8] DEBUG org.asynchttpclient.netty.channel.ChannelManager - Closing Channel [id: 0x82de1a73, L:/127.0.0.1:50441 ! R:localhost/127.0.0.1:50433] 
21:13:46.821 [Driver Command Executor] DEBUG org.asynchttpclient.netty.request.NettyRequestSender - Using pooled Channel '[id: 0x84213e47, L:/127.0.0.1:50432 - R:localhost/127.0.0.1:53549]' for 'DELETE' to 'http://localhost:53549/session/c4c8fae8e675c05c824905d55260fce6'
21:13:46.821 [Driver Command Executor] DEBUG org.asynchttpclient.netty.request.NettyRequestSender - Using open Channel [id: 0x84213e47, L:/127.0.0.1:50432 - R:localhost/127.0.0.1:53549] for DELETE '/session/c4c8fae8e675c05c824905d55260fce6'
21:13:46.874 [AsyncHttpClient-1-7] DEBUG org.asynchttpclient.netty.handler.HttpHandler - Unexpected I/O exception on channel [id: 0x7832446e, L:/127.0.0.1:50440 - R:localhost/127.0.0.1:50433]
java.net.SocketException: Connection reset
	at java.base/sun.nio.ch.SocketChannelImpl.throwConnectionReset(SocketChannelImpl.java:345)
	at java.base/sun.nio.ch.SocketChannelImpl.read(SocketChannelImpl.java:376)
	at io.netty.buffer.PooledByteBuf.setBytes(PooledByteBuf.java:258)
	at io.netty.buffer.AbstractByteBuf.writeBytes(AbstractByteBuf.java:1132)
	at io.netty.channel.socket.nio.NioSocketChannel.doReadBytes(NioSocketChannel.java:350)
	at io.netty.channel.nio.AbstractNioByteChannel$NioByteUnsafe.read(AbstractNioByteChannel.java:151)
	at io.netty.channel.nio.NioEventLoop.processSelectedKey(NioEventLoop.java:722)
	at io.netty.channel.nio.NioEventLoop.processSelectedKeysOptimized(NioEventLoop.java:658)
	at io.netty.channel.nio.NioEventLoop.processSelectedKeys(NioEventLoop.java:584)
	at io.netty.channel.nio.NioEventLoop.run(NioEventLoop.java:496)
	at io.netty.util.concurrent.SingleThreadEventExecutor$4.run(SingleThreadEventExecutor.java:986)
	at io.netty.util.internal.ThreadExecutorMap$2.run(ThreadExecutorMap.java:74)
	at io.netty.util.concurrent.FastThreadLocalRunnable.run(FastThreadLocalRunnable.java:30)
	at java.base/java.lang.Thread.run(Thread.java:830)
21:13:46.874 [AsyncHttpClient-1-7] DEBUG org.asynchttpclient.netty.channel.ChannelManager - Closing Channel [id: 0x7832446e, L:/127.0.0.1:50440 - R:localhost/127.0.0.1:50433] 
21:13:46.875 [AsyncHttpClient-1-7] DEBUG org.asynchttpclient.netty.handler.HttpHandler - Channel Closed: [id: 0x7832446e, L:/127.0.0.1:50440 ! R:localhost/127.0.0.1:50433] with attribute DISCARD
21:13:46.907 [AsyncHttpClient-1-6] DEBUG org.asynchttpclient.netty.handler.HttpHandler - 

Request DefaultFullHttpRequest(decodeResult: success, version: HTTP/1.1, content: EmptyByteBufBE)
DELETE /session/c4c8fae8e675c05c824905d55260fce6 HTTP/1.1
User-Agent: selenium/4.1.2 (java windows)
Content-Type: application/json; charset=utf-8
host: localhost:53549
accept: */*

Response DefaultHttpResponse(decodeResult: success, version: HTTP/1.1)
HTTP/1.1 200 OK
Content-Type: application/json; charset=utf-8
cache-control: no-cache
content-length: 14

21:13:46.907 [AsyncHttpClient-1-6] DEBUG org.asynchttpclient.netty.channel.ChannelManager - Adding key: http://localhost:53549 for channel [id: 0x84213e47, L:/127.0.0.1:50432 - R:localhost/127.0.0.1:53549]
21:13:46.969 [AsyncHttpClient-1-6] DEBUG org.asynchttpclient.netty.handler.HttpHandler - Channel Closed: [id: 0x84213e47, L:/127.0.0.1:50432 ! R:localhost/127.0.0.1:53549] with attribute DISCARD
21:13:47.001 [AsyncHttpClient-1-1] DEBUG org.asynchttpclient.netty.channel.DefaultChannelPool - Entry count for : http://localhost:50433 : 1
21:13:47.001 [AsyncHttpClient-1-1] DEBUG org.asynchttpclient.netty.channel.DefaultChannelPool - Entry count for : http://localhost:53549 : 1
21:13:47.001 [AsyncHttpClient-1-1] DEBUG org.asynchttpclient.netty.channel.DefaultChannelPool - Adding Candidate expired Channel [id: 0x7832446e, L:/127.0.0.1:50440 ! R:localhost/127.0.0.1:50433] isIdleTimeoutExpired=false isRemotelyClosed=true isTtlExpired=false
21:13:47.001 [AsyncHttpClient-1-1] DEBUG org.asynchttpclient.netty.channel.DefaultChannelPool - Closing Idle Channel [id: 0x7832446e, L:/127.0.0.1:50440 ! R:localhost/127.0.0.1:50433]
21:13:47.001 [AsyncHttpClient-1-1] DEBUG org.asynchttpclient.netty.channel.DefaultChannelPool - Adding Candidate expired Channel [id: 0x84213e47, L:/127.0.0.1:50432 ! R:localhost/127.0.0.1:53549] isIdleTimeoutExpired=false isRemotelyClosed=true isTtlExpired=false
21:13:47.001 [AsyncHttpClient-1-1] DEBUG org.asynchttpclient.netty.channel.DefaultChannelPool - Closing Idle Channel [id: 0x84213e47, L:/127.0.0.1:50432 ! R:localhost/127.0.0.1:53549]
21:13:47.001 [AsyncHttpClient-1-1] DEBUG org.asynchttpclient.netty.channel.DefaultChannelPool - Closed 2 connections out of 2 in 0 ms
]]></system-out>
    <system-err><![CDATA[Starting ChromeDriver 106.0.5249.61 (511755355844955cd3e264779baf0dd38212a4d0-refs/branch-heads/5249@{#569}) on port 53549
Only local connections are allowed.
Please see https://chromedriver.chromium.org/security-considerations for suggestions on keeping ChromeDriver safe.
ChromeDriver was started successfully.
[1667484822.773][WARNING]: This version of ChromeDriver has not been tested with Chrome version 107.
Nov 03, 2022 9:13:43 PM org.openqa.selenium.remote.ProtocolHandshake createSession
INFO: Detected dialect: W3C
Nov 03, 2022 9:13:43 PM org.openqa.selenium.devtools.CdpVersionFinder findNearestMatch
WARNING: Unable to find an exact match for CDP version 107, so returning the closest version found: a no-op implementation
Nov 03, 2022 9:13:43 PM org.openqa.selenium.devtools.CdpVersionFinder findNearestMatch
INFO: Unable to find CDP implementation matching 107.
Nov 03, 2022 9:13:43 PM org.openqa.selenium.chromium.ChromiumDriver lambda$new$3
WARNING: Unable to find version of CDP to use for . You may need to include a dependency on a specific version of the CDP using something similar to `org.seleniumhq.selenium:selenium-devtools-v86:4.1.2` where the version ("v86") matches the version of the chromium-based browser you're using and the version number of the artifact is the same as Selenium's.
]]></system-err>
  </testcase>
  <testcase name="Show Product List" classname="Manage Product" time="7.736">
    <system-out><![CDATA[21:13:47.500 [main] INFO io.cucumber.core.plugin.SerenityReporter - Running feature from file:///C:/Users/ASUS/Desktop/stupen/miniproject/Web/ASWeb/src/test/resources/features/Product.feature
21:13:47.502 [main] DEBUG net.thucydides.core.steps.StepEventBus - Test suite started for story net.thucydides.core.model.Story@94d3a930
21:13:47.502 [main] INFO  - Test Suite Started: Manage Product

Scenario: Show Product List &amp#27;[90m# src/test/resources/features/Product.feature:6&amp#27;[0m
21:13:47.507 [main] INFO io.cucumber.core.plugin.SerenityReporter - Running feature from file:///C:/Users/ASUS/Desktop/stupen/miniproject/Web/ASWeb/src/test/resources/features/Product.feature
21:13:47.509 [main] INFO  - 
  _____   ___   ___   _____     ___   _____     _     ___   _____   ___   ___  
 |_   _| | __| / __| |_   _|   / __| |_   _|   /_\   | _ \ |_   _| | __| |   \ 
   | |   | _|  \__ \   | |     \__ \   | |    / _ \  |   /   | |   | _|  | |) |
   |_|   |___| |___/   |_|     |___/   |_|   /_/ \_\ |_|_\   |_|   |___| |___/ 

Show Product List(manage-product;show-product-list)
--------------------------------------------------------------------------------
21:13:47.622 [main] INFO net.serenitybdd.core.webdriver.driverproviders.ChromeDriverProvider - Using automatically driver download
21:13:47.743 [main] DEBUG io.github.bonigarcia.wdm.cache.ResolutionCache - Resolution chrome=107 in cache (valid until 21:49:49 03/11/2022 WIB)
21:13:47.748 [main] DEBUG io.github.bonigarcia.wdm.cache.ResolutionCache - Resolution chrome107=107.0.5304.62 in cache (valid until 16:49:12 04/11/2022 WIB)
21:13:47.750 [main] INFO io.github.bonigarcia.wdm.WebDriverManager - Using chromedriver 107.0.5304.62 (resolved driver for Chrome 107)
21:13:47.772 [main] DEBUG io.github.bonigarcia.wdm.WebDriverManager - Driver chromedriver 107.0.5304.62 found in cache
21:13:47.774 [main] INFO io.github.bonigarcia.wdm.WebDriverManager - Exporting webdriver.chrome.driver as C:\Users\ASUS\.cache\selenium\chromedriver\win32\107.0.5304.62\chromedriver.exe
21:13:47.932 [main] DEBUG net.serenitybdd.core.webdriver.driverproviders.ProvideNewDriver - Instantiating driver
21:13:47.933 [main] DEBUG net.serenitybdd.core.webdriver.driverproviders.ProvideNewDriver - Driver capabilities: Capabilities {acceptInsecureCerts: false, base.url: https://alta-shop.vercel.app/, browserName: chrome, chrome.driver: src/test/resources/webdrive..., driver: chrome, goog:chromeOptions: {args: [], extensions: []}, wait.for.timeout: 10000}
21:13:48.487 [AsyncHttpClient-1-9] DEBUG org.asynchttpclient.netty.channel.NettyConnectListener - Using new Channel '[id: 0x8417c897, L:/127.0.0.1:50459 - R:localhost/127.0.0.1:64050]' for 'POST' to '/session'
21:13:49.440 [AsyncHttpClient-1-9] DEBUG org.asynchttpclient.netty.handler.HttpHandler - 

Request DefaultHttpRequest(decodeResult: success, version: HTTP/1.1)
POST /session HTTP/1.1
User-Agent: selenium/4.1.2 (java windows)
Content-Length: 646
Content-Type: application/json; charset=utf-8
host: localhost:64050
accept: */*

Response DefaultHttpResponse(decodeResult: success, version: HTTP/1.1)
HTTP/1.1 200 OK
Content-Type: application/json; charset=utf-8
cache-control: no-cache
content-length: 789

21:13:49.440 [AsyncHttpClient-1-9] DEBUG org.asynchttpclient.netty.channel.ChannelManager - Adding key: http://localhost:64050 for channel [id: 0x8417c897, L:/127.0.0.1:50459 - R:localhost/127.0.0.1:64050]
21:13:49.452 [AsyncHttpClient-1-10] DEBUG org.asynchttpclient.netty.channel.NettyConnectListener - Using new Channel '[id: 0x976d45db, L:/127.0.0.1:50467 - R:localhost/127.0.0.1:50461]' for 'GET' to '/json/version'
21:13:49.453 [AsyncHttpClient-1-10] DEBUG org.asynchttpclient.netty.handler.HttpHandler - 

Request DefaultFullHttpRequest(decodeResult: success, version: HTTP/1.1, content: EmptyByteBufBE)
GET /json/version HTTP/1.1
User-Agent: selenium/4.1.2 (java windows)
host: localhost:50461
accept: */*

Response DefaultHttpResponse(decodeResult: success, version: HTTP/1.1)
HTTP/1.1 200 OK
Content-Type: application/json; charset=UTF-8
content-length: 423

21:13:49.453 [AsyncHttpClient-1-10] DEBUG org.asynchttpclient.netty.channel.ChannelManager - Adding key: http://localhost:50461 for channel [id: 0x976d45db, L:/127.0.0.1:50467 - R:localhost/127.0.0.1:50461]
21:13:49.456 [AsyncHttpClient-1-11] DEBUG org.asynchttpclient.netty.channel.NettyConnectListener - Using new Channel '[id: 0x6760600f, L:/127.0.0.1:50468 - R:localhost/127.0.0.1:50461]' for 'GET' to '/devtools/browser/fe48d2be-4e5f-4781-9115-e42d97b7e1d3'
21:13:49.457 [AsyncHttpClient-1-11] DEBUG org.asynchttpclient.netty.handler.WebSocketHandler - 

Request DefaultFullHttpRequest(decodeResult: success, version: HTTP/1.1, content: EmptyByteBufBE)
GET /devtools/browser/fe48d2be-4e5f-4781-9115-e42d97b7e1d3 HTTP/1.1
upgrade: websocket
connection: upgrade
sec-websocket-key: 99An73SJKyewsLgFxZf8Qw==
sec-websocket-version: 13
origin: http://localhost:50461
host: localhost:50461
accept: */*
user-agent: AHC/2.1

Response DefaultHttpResponse(decodeResult: success, version: HTTP/1.1)
HTTP/1.1 101 WebSocket Protocol Handshake
Upgrade: WebSocket
Connection: Upgrade
Sec-WebSocket-Accept: pCw5t4cXMS+oSyeaSEUx8kI6MYY=

21:13:49.462 [Forwarding get on session 8dc9f14f8287b21769cd1cb2855b4678 to remote] DEBUG org.asynchttpclient.netty.request.NettyRequestSender - Using pooled Channel '[id: 0x8417c897, L:/127.0.0.1:50459 - R:localhost/127.0.0.1:64050]' for 'POST' to 'http://localhost:64050/session/8dc9f14f8287b21769cd1cb2855b4678/url'
21:13:49.462 [Forwarding get on session 8dc9f14f8287b21769cd1cb2855b4678 to remote] DEBUG org.asynchttpclient.netty.request.NettyRequestSender - Using open Channel [id: 0x8417c897, L:/127.0.0.1:50459 - R:localhost/127.0.0.1:64050] for POST '/session/8dc9f14f8287b21769cd1cb2855b4678/url'
21:13:50.293 [AsyncHttpClient-1-1] DEBUG org.asynchttpclient.netty.channel.DefaultChannelPool - Entry count for : http://localhost:50461 : 1
21:13:51.394 [AsyncHttpClient-1-1] DEBUG org.asynchttpclient.netty.channel.DefaultChannelPool - Entry count for : http://localhost:50461 : 1
21:13:51.503 [AsyncHttpClient-1-9] DEBUG org.asynchttpclient.netty.handler.HttpHandler - 

Request DefaultHttpRequest(decodeResult: success, version: HTTP/1.1)
POST /session/8dc9f14f8287b21769cd1cb2855b4678/url HTTP/1.1
User-Agent: selenium/4.1.2 (java windows)
Content-Length: 59
Content-Type: application/json; charset=utf-8
host: localhost:64050
accept: */*

Response DefaultHttpResponse(decodeResult: success, version: HTTP/1.1)
HTTP/1.1 200 OK
Content-Type: application/json; charset=utf-8
cache-control: no-cache
content-length: 14

21:13:51.503 [AsyncHttpClient-1-9] DEBUG org.asynchttpclient.netty.channel.ChannelManager - Adding key: http://localhost:64050 for channel [id: 0x8417c897, L:/127.0.0.1:50459 - R:localhost/127.0.0.1:64050]
21:13:51.504 [Forwarding setTimeout on session 8dc9f14f8287b21769cd1cb2855b4678 to remote] DEBUG org.asynchttpclient.netty.request.NettyRequestSender - Using pooled Channel '[id: 0x8417c897, L:/127.0.0.1:50459 - R:localhost/127.0.0.1:64050]' for 'POST' to 'http://localhost:64050/session/8dc9f14f8287b21769cd1cb2855b4678/timeouts'
21:13:51.504 [Forwarding setTimeout on session 8dc9f14f8287b21769cd1cb2855b4678 to remote] DEBUG org.asynchttpclient.netty.request.NettyRequestSender - Using open Channel [id: 0x8417c897, L:/127.0.0.1:50459 - R:localhost/127.0.0.1:64050] for POST '/session/8dc9f14f8287b21769cd1cb2855b4678/timeouts'
21:13:51.505 [AsyncHttpClient-1-9] DEBUG org.asynchttpclient.netty.handler.HttpHandler - 

Request DefaultHttpRequest(decodeResult: success, version: HTTP/1.1)
POST /session/8dc9f14f8287b21769cd1cb2855b4678/timeouts HTTP/1.1
User-Agent: selenium/4.1.2 (java windows)
Content-Length: 22
Content-Type: application/json; charset=utf-8
host: localhost:64050
accept: */*

Response DefaultHttpResponse(decodeResult: success, version: HTTP/1.1)
HTTP/1.1 200 OK
Content-Type: application/json; charset=utf-8
cache-control: no-cache
content-length: 14

21:13:51.505 [AsyncHttpClient-1-9] DEBUG org.asynchttpclient.netty.channel.ChannelManager - Adding key: http://localhost:64050 for channel [id: 0x8417c897, L:/127.0.0.1:50459 - R:localhost/127.0.0.1:64050]
21:13:51.511 [Forwarding getCurrentUrl on session 8dc9f14f8287b21769cd1cb2855b4678 to remote] DEBUG org.asynchttpclient.netty.request.NettyRequestSender - Using pooled Channel '[id: 0x8417c897, L:/127.0.0.1:50459 - R:localhost/127.0.0.1:64050]' for 'GET' to 'http://localhost:64050/session/8dc9f14f8287b21769cd1cb2855b4678/url'
21:13:51.511 [Forwarding getCurrentUrl on session 8dc9f14f8287b21769cd1cb2855b4678 to remote] DEBUG org.asynchttpclient.netty.request.NettyRequestSender - Using open Channel [id: 0x8417c897, L:/127.0.0.1:50459 - R:localhost/127.0.0.1:64050] for GET '/session/8dc9f14f8287b21769cd1cb2855b4678/url'
21:13:51.520 [AsyncHttpClient-1-9] DEBUG org.asynchttpclient.netty.handler.HttpHandler - 

Request DefaultFullHttpRequest(decodeResult: success, version: HTTP/1.1, content: EmptyByteBufBE)
GET /session/8dc9f14f8287b21769cd1cb2855b4678/url HTTP/1.1
User-Agent: selenium/4.1.2 (java windows)
Cache-Control: no-cache
Content-Type: application/json; charset=utf-8
host: localhost:64050
accept: */*

Response DefaultHttpResponse(decodeResult: success, version: HTTP/1.1)
HTTP/1.1 200 OK
Content-Type: application/json; charset=utf-8
cache-control: no-cache
content-length: 41

21:13:51.520 [AsyncHttpClient-1-9] DEBUG org.asynchttpclient.netty.channel.ChannelManager - Adding key: http://localhost:64050 for channel [id: 0x8417c897, L:/127.0.0.1:50459 - R:localhost/127.0.0.1:64050]
  &amp#27;[32mWhen &amp#27;[0m&amp#27;[32mI open product url&amp#27;[0m   &amp#27;[90m# starter.stepdefinitions.ProductSteps.iOpenProductUrl()&amp#27;[0m
21:13:51.528 [main] DEBUG net.serenitybdd.core.photography.Darkroom - Opening darkroom
21:13:51.529 [Darkroom Processing Line] DEBUG net.serenitybdd.core.photography.DarkroomProcessingLine - Darkroom processing line starting up
21:13:51.529 [Forwarding screenshot on session 8dc9f14f8287b21769cd1cb2855b4678 to remote] DEBUG org.asynchttpclient.netty.request.NettyRequestSender - Using pooled Channel '[id: 0x8417c897, L:/127.0.0.1:50459 - R:localhost/127.0.0.1:64050]' for 'GET' to 'http://localhost:64050/session/8dc9f14f8287b21769cd1cb2855b4678/screenshot'
21:13:51.529 [Forwarding screenshot on session 8dc9f14f8287b21769cd1cb2855b4678 to remote] DEBUG org.asynchttpclient.netty.request.NettyRequestSender - Using open Channel [id: 0x8417c897, L:/127.0.0.1:50459 - R:localhost/127.0.0.1:64050] for GET '/session/8dc9f14f8287b21769cd1cb2855b4678/screenshot'
21:13:51.731 [AsyncHttpClient-1-9] DEBUG org.asynchttpclient.netty.handler.HttpHandler - 

Request DefaultFullHttpRequest(decodeResult: success, version: HTTP/1.1, content: EmptyByteBufBE)
GET /session/8dc9f14f8287b21769cd1cb2855b4678/screenshot HTTP/1.1
User-Agent: selenium/4.1.2 (java windows)
Cache-Control: no-cache
Content-Type: application/json; charset=utf-8
host: localhost:64050
accept: */*

Response DefaultHttpResponse(decodeResult: success, version: HTTP/1.1)
HTTP/1.1 200 OK
Content-Type: application/json; charset=utf-8
cache-control: no-cache
content-length: 37476

21:13:51.732 [AsyncHttpClient-1-9] DEBUG org.asynchttpclient.netty.channel.ChannelManager - Adding key: http://localhost:64050 for channel [id: 0x8417c897, L:/127.0.0.1:50459 - R:localhost/127.0.0.1:64050]
21:13:51.733 [main] DEBUG net.serenitybdd.core.photography.Darkroom - Send negative for processing for target\site\serenity\6c641e758351da7ed06bf5543034077cb21167aae057a8cbe1726306249b8d30.png
21:13:51.734 [Darkroom Processing Line] DEBUG net.serenitybdd.core.photography.DarkroomProcessingLine - Processing screenshot image in /var/screenshots/screenshot-17732727094463594365
21:13:51.734 [Darkroom Processing Line] DEBUG net.serenitybdd.core.photography.DarkroomProcessingLine - Saving screenshot to target\site\serenity\6c641e758351da7ed06bf5543034077cb21167aae057a8cbe1726306249b8d30.png
21:13:51.745 [Forwarding findElement on session 8dc9f14f8287b21769cd1cb2855b4678 to remote] DEBUG org.asynchttpclient.netty.request.NettyRequestSender - Using pooled Channel '[id: 0x8417c897, L:/127.0.0.1:50459 - R:localhost/127.0.0.1:64050]' for 'POST' to 'http://localhost:64050/session/8dc9f14f8287b21769cd1cb2855b4678/element'
21:13:51.745 [Forwarding findElement on session 8dc9f14f8287b21769cd1cb2855b4678 to remote] DEBUG org.asynchttpclient.netty.request.NettyRequestSender - Using open Channel [id: 0x8417c897, L:/127.0.0.1:50459 - R:localhost/127.0.0.1:64050] for POST '/session/8dc9f14f8287b21769cd1cb2855b4678/element'
21:13:52.487 [AsyncHttpClient-1-1] DEBUG org.asynchttpclient.netty.channel.DefaultChannelPool - Entry count for : http://localhost:50461 : 1
21:13:53.587 [AsyncHttpClient-1-1] DEBUG org.asynchttpclient.netty.channel.DefaultChannelPool - Entry count for : http://localhost:50461 : 1
21:13:54.344 [AsyncHttpClient-1-9] DEBUG org.asynchttpclient.netty.handler.HttpHandler - 

Request DefaultHttpRequest(decodeResult: success, version: HTTP/1.1)
POST /session/8dc9f14f8287b21769cd1cb2855b4678/element HTTP/1.1
User-Agent: selenium/4.1.2 (java windows)
Content-Length: 91
Content-Type: application/json; charset=utf-8
host: localhost:64050
accept: */*

Response DefaultHttpResponse(decodeResult: success, version: HTTP/1.1)
HTTP/1.1 200 OK
Content-Type: application/json; charset=utf-8
cache-control: no-cache
content-length: 88

21:13:54.344 [AsyncHttpClient-1-9] DEBUG org.asynchttpclient.netty.channel.ChannelManager - Adding key: http://localhost:64050 for channel [id: 0x8417c897, L:/127.0.0.1:50459 - R:localhost/127.0.0.1:64050]
21:13:54.352 [Forwarding isElementDisplayed on session 8dc9f14f8287b21769cd1cb2855b4678 to remote] DEBUG org.asynchttpclient.netty.request.NettyRequestSender - Using pooled Channel '[id: 0x8417c897, L:/127.0.0.1:50459 - R:localhost/127.0.0.1:64050]' for 'POST' to 'http://localhost:64050/session/8dc9f14f8287b21769cd1cb2855b4678/execute/sync'
21:13:54.352 [Forwarding isElementDisplayed on session 8dc9f14f8287b21769cd1cb2855b4678 to remote] DEBUG org.asynchttpclient.netty.request.NettyRequestSender - Using open Channel [id: 0x8417c897, L:/127.0.0.1:50459 - R:localhost/127.0.0.1:64050] for POST '/session/8dc9f14f8287b21769cd1cb2855b4678/execute/sync'
21:13:54.373 [AsyncHttpClient-1-9] DEBUG org.asynchttpclient.netty.handler.HttpHandler - 

Request DefaultHttpRequest(decodeResult: success, version: HTTP/1.1)
POST /session/8dc9f14f8287b21769cd1cb2855b4678/execute/sync HTTP/1.1
User-Agent: selenium/4.1.2 (java windows)
Content-Length: 48780
Content-Type: application/json; charset=utf-8
host: localhost:64050
accept: */*

Response DefaultHttpResponse(decodeResult: success, version: HTTP/1.1)
HTTP/1.1 200 OK
Content-Type: application/json; charset=utf-8
cache-control: no-cache
content-length: 14

21:13:54.373 [AsyncHttpClient-1-9] DEBUG org.asynchttpclient.netty.channel.ChannelManager - Adding key: http://localhost:64050 for channel [id: 0x8417c897, L:/127.0.0.1:50459 - R:localhost/127.0.0.1:64050]
  &amp#27;[32mThen &amp#27;[0m&amp#27;[32mI get product list&amp#27;[0m   &amp#27;[90m# starter.stepdefinitions.ProductSteps.iGetProductList()&amp#27;[0m
21:13:54.382 [Forwarding screenshot on session 8dc9f14f8287b21769cd1cb2855b4678 to remote] DEBUG org.asynchttpclient.netty.request.NettyRequestSender - Using pooled Channel '[id: 0x8417c897, L:/127.0.0.1:50459 - R:localhost/127.0.0.1:64050]' for 'GET' to 'http://localhost:64050/session/8dc9f14f8287b21769cd1cb2855b4678/screenshot'
21:13:54.383 [Forwarding screenshot on session 8dc9f14f8287b21769cd1cb2855b4678 to remote] DEBUG org.asynchttpclient.netty.request.NettyRequestSender - Using open Channel [id: 0x8417c897, L:/127.0.0.1:50459 - R:localhost/127.0.0.1:64050] for GET '/session/8dc9f14f8287b21769cd1cb2855b4678/screenshot'
21:13:54.544 [AsyncHttpClient-1-9] DEBUG org.asynchttpclient.netty.handler.HttpHandler - 

Request DefaultFullHttpRequest(decodeResult: success, version: HTTP/1.1, content: EmptyByteBufBE)
GET /session/8dc9f14f8287b21769cd1cb2855b4678/screenshot HTTP/1.1
User-Agent: selenium/4.1.2 (java windows)
Cache-Control: no-cache
Content-Type: application/json; charset=utf-8
host: localhost:64050
accept: */*

Response DefaultHttpResponse(decodeResult: success, version: HTTP/1.1)
HTTP/1.1 200 OK
Content-Type: application/json; charset=utf-8
cache-control: no-cache
content-length: 74772

21:13:54.544 [AsyncHttpClient-1-9] DEBUG org.asynchttpclient.netty.channel.ChannelManager - Adding key: http://localhost:64050 for channel [id: 0x8417c897, L:/127.0.0.1:50459 - R:localhost/127.0.0.1:64050]
21:13:54.548 [main] DEBUG net.serenitybdd.core.photography.Darkroom - Send negative for processing for target\site\serenity\6df8403669907e2086f871a8f2188f0cfc9b790d93c95630db0d08a071f0b0f3.png
21:13:54.549 [Darkroom Processing Line] DEBUG net.serenitybdd.core.photography.DarkroomProcessingLine - Processing screenshot image in /var/screenshots/screenshot-758123958018738849
21:13:54.549 [Darkroom Processing Line] DEBUG net.serenitybdd.core.photography.DarkroomProcessingLine - Saving screenshot to target\site\serenity\6df8403669907e2086f871a8f2188f0cfc9b790d93c95630db0d08a071f0b0f3.png
21:13:54.550 [main] INFO  - 
  _____   ___   ___   _____     ___     _     ___   ___   ___   ___  
 |_   _| | __| / __| |_   _|   | _ \   /_\   / __| / __| | __| |   \ 
   | |   | _|  \__ \   | |     |  _/  / _ \  \__ \ \__ \ | _|  | |) |
   |_|   |___| |___/   |_|     |_|   /_/ \_\ |___/ |___/ |___| |___/ 

Show Product List
----------------------------------------------------------------------
21:13:54.551 [AsyncHttpClient-1-11] DEBUG org.asynchttpclient.netty.handler.WebSocketHandler - Channel Closed: [id: 0x6760600f, L:/127.0.0.1:50468 ! R:localhost/127.0.0.1:50461] with attribute NettyResponseFuture{currentRetry=5,
	isDone=1,
	isCancelled=0,
	asyncHandler=org.asynchttpclient.ws.WebSocketUpgradeHandler@3b0dd53,
	nettyRequest=org.asynchttpclient.netty.request.NettyRequest@7482b7af,
	future=java.util.concurrent.CompletableFuture@79392ee4[Completed normally],
	uri=ws://localhost:50461/devtools/browser/fe48d2be-4e5f-4781-9115-e42d97b7e1d3,
	keepAlive=true,
	redirectCount=0,
	timeoutsHolder=null,
	inAuth=0,
	touch=1667484829458}
21:13:54.551 [AsyncHttpClient-1-11] DEBUG org.asynchttpclient.netty.channel.ChannelManager - Closing Channel [id: 0x6760600f, L:/127.0.0.1:50468 ! R:localhost/127.0.0.1:50461] 
21:13:54.551 [Driver Command Executor] DEBUG org.asynchttpclient.netty.request.NettyRequestSender - Using pooled Channel '[id: 0x8417c897, L:/127.0.0.1:50459 - R:localhost/127.0.0.1:64050]' for 'DELETE' to 'http://localhost:64050/session/8dc9f14f8287b21769cd1cb2855b4678'
21:13:54.552 [Driver Command Executor] DEBUG org.asynchttpclient.netty.request.NettyRequestSender - Using open Channel [id: 0x8417c897, L:/127.0.0.1:50459 - R:localhost/127.0.0.1:64050] for DELETE '/session/8dc9f14f8287b21769cd1cb2855b4678'
21:13:54.605 [AsyncHttpClient-1-10] DEBUG org.asynchttpclient.netty.handler.HttpHandler - Unexpected I/O exception on channel [id: 0x976d45db, L:/127.0.0.1:50467 - R:localhost/127.0.0.1:50461]
java.net.SocketException: Connection reset
	at java.base/sun.nio.ch.SocketChannelImpl.throwConnectionReset(SocketChannelImpl.java:345)
	at java.base/sun.nio.ch.SocketChannelImpl.read(SocketChannelImpl.java:376)
	at io.netty.buffer.PooledByteBuf.setBytes(PooledByteBuf.java:258)
	at io.netty.buffer.AbstractByteBuf.writeBytes(AbstractByteBuf.java:1132)
	at io.netty.channel.socket.nio.NioSocketChannel.doReadBytes(NioSocketChannel.java:350)
	at io.netty.channel.nio.AbstractNioByteChannel$NioByteUnsafe.read(AbstractNioByteChannel.java:151)
	at io.netty.channel.nio.NioEventLoop.processSelectedKey(NioEventLoop.java:722)
	at io.netty.channel.nio.NioEventLoop.processSelectedKeysOptimized(NioEventLoop.java:658)
	at io.netty.channel.nio.NioEventLoop.processSelectedKeys(NioEventLoop.java:584)
	at io.netty.channel.nio.NioEventLoop.run(NioEventLoop.java:496)
	at io.netty.util.concurrent.SingleThreadEventExecutor$4.run(SingleThreadEventExecutor.java:986)
	at io.netty.util.internal.ThreadExecutorMap$2.run(ThreadExecutorMap.java:74)
	at io.netty.util.concurrent.FastThreadLocalRunnable.run(FastThreadLocalRunnable.java:30)
	at java.base/java.lang.Thread.run(Thread.java:830)
21:13:54.605 [AsyncHttpClient-1-10] DEBUG org.asynchttpclient.netty.channel.ChannelManager - Closing Channel [id: 0x976d45db, L:/127.0.0.1:50467 - R:localhost/127.0.0.1:50461] 
21:13:54.606 [AsyncHttpClient-1-10] DEBUG org.asynchttpclient.netty.handler.HttpHandler - Channel Closed: [id: 0x976d45db, L:/127.0.0.1:50467 ! R:localhost/127.0.0.1:50461] with attribute DISCARD
21:13:54.638 [AsyncHttpClient-1-9] DEBUG org.asynchttpclient.netty.handler.HttpHandler - 

Request DefaultFullHttpRequest(decodeResult: success, version: HTTP/1.1, content: EmptyByteBufBE)
DELETE /session/8dc9f14f8287b21769cd1cb2855b4678 HTTP/1.1
User-Agent: selenium/4.1.2 (java windows)
Content-Type: application/json; charset=utf-8
host: localhost:64050
accept: */*

Response DefaultHttpResponse(decodeResult: success, version: HTTP/1.1)
HTTP/1.1 200 OK
Content-Type: application/json; charset=utf-8
cache-control: no-cache
content-length: 14

21:13:54.638 [AsyncHttpClient-1-9] DEBUG org.asynchttpclient.netty.channel.ChannelManager - Adding key: http://localhost:64050 for channel [id: 0x8417c897, L:/127.0.0.1:50459 - R:localhost/127.0.0.1:64050]
21:13:54.694 [AsyncHttpClient-1-1] DEBUG org.asynchttpclient.netty.channel.DefaultChannelPool - Entry count for : http://localhost:50461 : 1
21:13:54.694 [AsyncHttpClient-1-1] DEBUG org.asynchttpclient.netty.channel.DefaultChannelPool - Entry count for : http://localhost:64050 : 1
21:13:54.695 [AsyncHttpClient-1-1] DEBUG org.asynchttpclient.netty.channel.DefaultChannelPool - Adding Candidate expired Channel [id: 0x976d45db, L:/127.0.0.1:50467 ! R:localhost/127.0.0.1:50461] isIdleTimeoutExpired=false isRemotelyClosed=true isTtlExpired=false
21:13:54.695 [AsyncHttpClient-1-1] DEBUG org.asynchttpclient.netty.channel.DefaultChannelPool - Closing Idle Channel [id: 0x976d45db, L:/127.0.0.1:50467 ! R:localhost/127.0.0.1:50461]
21:13:54.695 [AsyncHttpClient-1-1] DEBUG org.asynchttpclient.netty.channel.DefaultChannelPool - Closed 1 connections out of 2 in 0 ms
21:13:54.707 [AsyncHttpClient-1-9] DEBUG org.asynchttpclient.netty.handler.HttpHandler - Channel Closed: [id: 0x8417c897, L:/127.0.0.1:50459 ! R:localhost/127.0.0.1:64050] with attribute DISCARD
]]></system-out>
    <system-err><![CDATA[Starting ChromeDriver 106.0.5249.61 (511755355844955cd3e264779baf0dd38212a4d0-refs/branch-heads/5249@{#569}) on port 64050
Only local connections are allowed.
Please see https://chromedriver.chromium.org/security-considerations for suggestions on keeping ChromeDriver safe.
ChromeDriver was started successfully.
[1667484829.213][WARNING]: This version of ChromeDriver has not been tested with Chrome version 107.
Nov 03, 2022 9:13:49 PM org.openqa.selenium.remote.ProtocolHandshake createSession
INFO: Detected dialect: W3C
Nov 03, 2022 9:13:49 PM org.openqa.selenium.devtools.CdpVersionFinder findNearestMatch
WARNING: Unable to find an exact match for CDP version 107, so returning the closest version found: a no-op implementation
Nov 03, 2022 9:13:49 PM org.openqa.selenium.devtools.CdpVersionFinder findNearestMatch
INFO: Unable to find CDP implementation matching 107.
Nov 03, 2022 9:13:49 PM org.openqa.selenium.chromium.ChromiumDriver lambda$new$3
WARNING: Unable to find version of CDP to use for . You may need to include a dependency on a specific version of the CDP using something similar to `org.seleniumhq.selenium:selenium-devtools-v86:4.1.2` where the version ("v86") matches the version of the chromium-based browser you're using and the version number of the artifact is the same as Selenium's.
]]></system-err>
  </testcase>
  <testcase name="Select Category" classname="Manage Product" time="5.954">
    <system-out><![CDATA[
Scenario: Select Category                          &amp#27;[90m# src/test/resources/features/Product.feature:10&amp#27;[0m
21:13:55.246 [main] INFO io.cucumber.core.plugin.SerenityReporter - Running feature from file:///C:/Users/ASUS/Desktop/stupen/miniproject/Web/ASWeb/src/test/resources/features/Product.feature
21:13:55.247 [main] INFO  - 
  _____   ___   ___   _____     ___   _____     _     ___   _____   ___   ___  
 |_   _| | __| / __| |_   _|   / __| |_   _|   /_\   | _ \ |_   _| | __| |   \ 
   | |   | _|  \__ \   | |     \__ \   | |    / _ \  |   /   | |   | _|  | |) |
   |_|   |___| |___/   |_|     |___/   |_|   /_/ \_\ |_|_\   |_|   |___| |___/ 

Select Category(manage-product;select-category)
--------------------------------------------------------------------------------
21:13:55.258 [main] INFO net.serenitybdd.core.webdriver.driverproviders.ChromeDriverProvider - Using automatically driver download
21:13:55.385 [main] DEBUG io.github.bonigarcia.wdm.cache.ResolutionCache - Resolution chrome=107 in cache (valid until 21:49:49 03/11/2022 WIB)
21:13:55.388 [main] DEBUG io.github.bonigarcia.wdm.cache.ResolutionCache - Resolution chrome107=107.0.5304.62 in cache (valid until 16:49:12 04/11/2022 WIB)
21:13:55.391 [main] INFO io.github.bonigarcia.wdm.WebDriverManager - Using chromedriver 107.0.5304.62 (resolved driver for Chrome 107)
21:13:55.401 [main] DEBUG io.github.bonigarcia.wdm.WebDriverManager - Driver chromedriver 107.0.5304.62 found in cache
21:13:55.401 [main] INFO io.github.bonigarcia.wdm.WebDriverManager - Exporting webdriver.chrome.driver as C:\Users\ASUS\.cache\selenium\chromedriver\win32\107.0.5304.62\chromedriver.exe
21:13:55.528 [main] DEBUG net.serenitybdd.core.webdriver.driverproviders.ProvideNewDriver - Instantiating driver
21:13:55.528 [main] DEBUG net.serenitybdd.core.webdriver.driverproviders.ProvideNewDriver - Driver capabilities: Capabilities {acceptInsecureCerts: false, base.url: https://alta-shop.vercel.app/, browserName: chrome, chrome.driver: src/test/resources/webdrive..., driver: chrome, goog:chromeOptions: {args: [], extensions: []}, wait.for.timeout: 10000}
21:13:55.788 [AsyncHttpClient-1-1] DEBUG org.asynchttpclient.netty.channel.DefaultChannelPool - Entry count for : http://localhost:64050 : 1
21:13:55.788 [AsyncHttpClient-1-1] DEBUG org.asynchttpclient.netty.channel.DefaultChannelPool - Adding Candidate expired Channel [id: 0x8417c897, L:/127.0.0.1:50459 ! R:localhost/127.0.0.1:64050] isIdleTimeoutExpired=false isRemotelyClosed=true isTtlExpired=false
21:13:55.788 [AsyncHttpClient-1-1] DEBUG org.asynchttpclient.netty.channel.DefaultChannelPool - Closing Idle Channel [id: 0x8417c897, L:/127.0.0.1:50459 ! R:localhost/127.0.0.1:64050]
21:13:55.788 [AsyncHttpClient-1-1] DEBUG org.asynchttpclient.netty.channel.DefaultChannelPool - Closed 1 connections out of 1 in 0 ms
21:13:56.056 [AsyncHttpClient-1-12] DEBUG org.asynchttpclient.netty.channel.NettyConnectListener - Using new Channel '[id: 0x3bc21328, L:/127.0.0.1:50492 - R:localhost/127.0.0.1:59285]' for 'POST' to '/session'
21:13:56.937 [AsyncHttpClient-1-12] DEBUG org.asynchttpclient.netty.handler.HttpHandler - 

Request DefaultHttpRequest(decodeResult: success, version: HTTP/1.1)
POST /session HTTP/1.1
User-Agent: selenium/4.1.2 (java windows)
Content-Length: 646
Content-Type: application/json; charset=utf-8
host: localhost:59285
accept: */*

Response DefaultHttpResponse(decodeResult: success, version: HTTP/1.1)
HTTP/1.1 200 OK
Content-Type: application/json; charset=utf-8
cache-control: no-cache
content-length: 789

21:13:56.937 [AsyncHttpClient-1-12] DEBUG org.asynchttpclient.netty.channel.ChannelManager - Adding key: http://localhost:59285 for channel [id: 0x3bc21328, L:/127.0.0.1:50492 - R:localhost/127.0.0.1:59285]
21:13:56.950 [AsyncHttpClient-1-13] DEBUG org.asynchttpclient.netty.channel.NettyConnectListener - Using new Channel '[id: 0x740e957b, L:/127.0.0.1:50500 - R:localhost/127.0.0.1:50493]' for 'GET' to '/json/version'
21:13:56.950 [AsyncHttpClient-1-13] DEBUG org.asynchttpclient.netty.handler.HttpHandler - 

Request DefaultFullHttpRequest(decodeResult: success, version: HTTP/1.1, content: EmptyByteBufBE)
GET /json/version HTTP/1.1
User-Agent: selenium/4.1.2 (java windows)
host: localhost:50493
accept: */*

Response DefaultHttpResponse(decodeResult: success, version: HTTP/1.1)
HTTP/1.1 200 OK
Content-Type: application/json; charset=UTF-8
content-length: 423

21:13:56.951 [AsyncHttpClient-1-13] DEBUG org.asynchttpclient.netty.channel.ChannelManager - Adding key: http://localhost:50493 for channel [id: 0x740e957b, L:/127.0.0.1:50500 - R:localhost/127.0.0.1:50493]
21:13:56.954 [AsyncHttpClient-1-14] DEBUG org.asynchttpclient.netty.channel.NettyConnectListener - Using new Channel '[id: 0x0d308e2d, L:/127.0.0.1:50501 - R:localhost/127.0.0.1:50493]' for 'GET' to '/devtools/browser/96698378-0784-45c5-9e27-1cdb1b7bfc94'
21:13:56.955 [AsyncHttpClient-1-14] DEBUG org.asynchttpclient.netty.handler.WebSocketHandler - 

Request DefaultFullHttpRequest(decodeResult: success, version: HTTP/1.1, content: EmptyByteBufBE)
GET /devtools/browser/96698378-0784-45c5-9e27-1cdb1b7bfc94 HTTP/1.1
upgrade: websocket
connection: upgrade
sec-websocket-key: 4qB+1xcLQ97a4Kw+CBbiRA==
sec-websocket-version: 13
origin: http://localhost:50493
host: localhost:50493
accept: */*
user-agent: AHC/2.1

Response DefaultHttpResponse(decodeResult: success, version: HTTP/1.1)
HTTP/1.1 101 WebSocket Protocol Handshake
Upgrade: WebSocket
Connection: Upgrade
Sec-WebSocket-Accept: aG/r/ccEsKkiW29fV887mk2ORZ0=

21:13:56.960 [Forwarding get on session c3c816aac000755a4e5edf2998c90546 to remote] DEBUG org.asynchttpclient.netty.request.NettyRequestSender - Using pooled Channel '[id: 0x3bc21328, L:/127.0.0.1:50492 - R:localhost/127.0.0.1:59285]' for 'POST' to 'http://localhost:59285/session/c3c816aac000755a4e5edf2998c90546/url'
21:13:56.960 [Forwarding get on session c3c816aac000755a4e5edf2998c90546 to remote] DEBUG org.asynchttpclient.netty.request.NettyRequestSender - Using open Channel [id: 0x3bc21328, L:/127.0.0.1:50492 - R:localhost/127.0.0.1:59285] for POST '/session/c3c816aac000755a4e5edf2998c90546/url'
21:13:57.987 [AsyncHttpClient-1-1] DEBUG org.asynchttpclient.netty.channel.DefaultChannelPool - Entry count for : http://localhost:50493 : 1
21:13:59.092 [AsyncHttpClient-1-1] DEBUG org.asynchttpclient.netty.channel.DefaultChannelPool - Entry count for : http://localhost:50493 : 1
21:13:59.171 [AsyncHttpClient-1-12] DEBUG org.asynchttpclient.netty.handler.HttpHandler - 

Request DefaultHttpRequest(decodeResult: success, version: HTTP/1.1)
POST /session/c3c816aac000755a4e5edf2998c90546/url HTTP/1.1
User-Agent: selenium/4.1.2 (java windows)
Content-Length: 59
Content-Type: application/json; charset=utf-8
host: localhost:59285
accept: */*

Response DefaultHttpResponse(decodeResult: success, version: HTTP/1.1)
HTTP/1.1 200 OK
Content-Type: application/json; charset=utf-8
cache-control: no-cache
content-length: 14

21:13:59.171 [AsyncHttpClient-1-12] DEBUG org.asynchttpclient.netty.channel.ChannelManager - Adding key: http://localhost:59285 for channel [id: 0x3bc21328, L:/127.0.0.1:50492 - R:localhost/127.0.0.1:59285]
21:13:59.173 [Forwarding setTimeout on session c3c816aac000755a4e5edf2998c90546 to remote] DEBUG org.asynchttpclient.netty.request.NettyRequestSender - Using pooled Channel '[id: 0x3bc21328, L:/127.0.0.1:50492 - R:localhost/127.0.0.1:59285]' for 'POST' to 'http://localhost:59285/session/c3c816aac000755a4e5edf2998c90546/timeouts'
21:13:59.173 [Forwarding setTimeout on session c3c816aac000755a4e5edf2998c90546 to remote] DEBUG org.asynchttpclient.netty.request.NettyRequestSender - Using open Channel [id: 0x3bc21328, L:/127.0.0.1:50492 - R:localhost/127.0.0.1:59285] for POST '/session/c3c816aac000755a4e5edf2998c90546/timeouts'
21:13:59.175 [AsyncHttpClient-1-12] DEBUG org.asynchttpclient.netty.handler.HttpHandler - 

Request DefaultHttpRequest(decodeResult: success, version: HTTP/1.1)
POST /session/c3c816aac000755a4e5edf2998c90546/timeouts HTTP/1.1
User-Agent: selenium/4.1.2 (java windows)
Content-Length: 22
Content-Type: application/json; charset=utf-8
host: localhost:59285
accept: */*

Response DefaultHttpResponse(decodeResult: success, version: HTTP/1.1)
HTTP/1.1 200 OK
Content-Type: application/json; charset=utf-8
cache-control: no-cache
content-length: 14

21:13:59.175 [AsyncHttpClient-1-12] DEBUG org.asynchttpclient.netty.channel.ChannelManager - Adding key: http://localhost:59285 for channel [id: 0x3bc21328, L:/127.0.0.1:50492 - R:localhost/127.0.0.1:59285]
21:13:59.179 [Forwarding getCurrentUrl on session c3c816aac000755a4e5edf2998c90546 to remote] DEBUG org.asynchttpclient.netty.request.NettyRequestSender - Using pooled Channel '[id: 0x3bc21328, L:/127.0.0.1:50492 - R:localhost/127.0.0.1:59285]' for 'GET' to 'http://localhost:59285/session/c3c816aac000755a4e5edf2998c90546/url'
21:13:59.179 [Forwarding getCurrentUrl on session c3c816aac000755a4e5edf2998c90546 to remote] DEBUG org.asynchttpclient.netty.request.NettyRequestSender - Using open Channel [id: 0x3bc21328, L:/127.0.0.1:50492 - R:localhost/127.0.0.1:59285] for GET '/session/c3c816aac000755a4e5edf2998c90546/url'
21:13:59.186 [AsyncHttpClient-1-12] DEBUG org.asynchttpclient.netty.handler.HttpHandler - 

Request DefaultFullHttpRequest(decodeResult: success, version: HTTP/1.1, content: EmptyByteBufBE)
GET /session/c3c816aac000755a4e5edf2998c90546/url HTTP/1.1
User-Agent: selenium/4.1.2 (java windows)
Cache-Control: no-cache
Content-Type: application/json; charset=utf-8
host: localhost:59285
accept: */*

Response DefaultHttpResponse(decodeResult: success, version: HTTP/1.1)
HTTP/1.1 200 OK
Content-Type: application/json; charset=utf-8
cache-control: no-cache
content-length: 41

21:13:59.186 [AsyncHttpClient-1-12] DEBUG org.asynchttpclient.netty.channel.ChannelManager - Adding key: http://localhost:59285 for channel [id: 0x3bc21328, L:/127.0.0.1:50492 - R:localhost/127.0.0.1:59285]
  &amp#27;[32mGiven &amp#27;[0m&amp#27;[32mI open mainpage url&amp#27;[0m                        &amp#27;[90m# starter.stepdefinitions.ProductSteps.iOpenMainpageUrl()&amp#27;[0m
21:13:59.194 [Forwarding screenshot on session c3c816aac000755a4e5edf2998c90546 to remote] DEBUG org.asynchttpclient.netty.request.NettyRequestSender - Using pooled Channel '[id: 0x3bc21328, L:/127.0.0.1:50492 - R:localhost/127.0.0.1:59285]' for 'GET' to 'http://localhost:59285/session/c3c816aac000755a4e5edf2998c90546/screenshot'
21:13:59.194 [Forwarding screenshot on session c3c816aac000755a4e5edf2998c90546 to remote] DEBUG org.asynchttpclient.netty.request.NettyRequestSender - Using open Channel [id: 0x3bc21328, L:/127.0.0.1:50492 - R:localhost/127.0.0.1:59285] for GET '/session/c3c816aac000755a4e5edf2998c90546/screenshot'
21:13:59.404 [AsyncHttpClient-1-12] DEBUG org.asynchttpclient.netty.handler.HttpHandler - 

Request DefaultFullHttpRequest(decodeResult: success, version: HTTP/1.1, content: EmptyByteBufBE)
GET /session/c3c816aac000755a4e5edf2998c90546/screenshot HTTP/1.1
User-Agent: selenium/4.1.2 (java windows)
Cache-Control: no-cache
Content-Type: application/json; charset=utf-8
host: localhost:59285
accept: */*

Response DefaultHttpResponse(decodeResult: success, version: HTTP/1.1)
HTTP/1.1 200 OK
Content-Type: application/json; charset=utf-8
cache-control: no-cache
content-length: 46152

21:13:59.405 [AsyncHttpClient-1-12] DEBUG org.asynchttpclient.netty.channel.ChannelManager - Adding key: http://localhost:59285 for channel [id: 0x3bc21328, L:/127.0.0.1:50492 - R:localhost/127.0.0.1:59285]
21:13:59.409 [main] DEBUG net.serenitybdd.core.photography.Darkroom - Send negative for processing for target\site\serenity\f26e8a1ac22a4a6b3038427bfad74a17d14de029577a2756d3d0b6eec43d3114.png
21:13:59.410 [Darkroom Processing Line] DEBUG net.serenitybdd.core.photography.DarkroomProcessingLine - Processing screenshot image in /var/screenshots/screenshot-10456078760751675891
21:13:59.410 [Darkroom Processing Line] DEBUG net.serenitybdd.core.photography.DarkroomProcessingLine - Saving screenshot to target\site\serenity\f26e8a1ac22a4a6b3038427bfad74a17d14de029577a2756d3d0b6eec43d3114.png
21:13:59.420 [Forwarding findElement on session c3c816aac000755a4e5edf2998c90546 to remote] DEBUG org.asynchttpclient.netty.request.NettyRequestSender - Using pooled Channel '[id: 0x3bc21328, L:/127.0.0.1:50492 - R:localhost/127.0.0.1:59285]' for 'POST' to 'http://localhost:59285/session/c3c816aac000755a4e5edf2998c90546/element'
21:13:59.421 [Forwarding findElement on session c3c816aac000755a4e5edf2998c90546 to remote] DEBUG org.asynchttpclient.netty.request.NettyRequestSender - Using open Channel [id: 0x3bc21328, L:/127.0.0.1:50492 - R:localhost/127.0.0.1:59285] for POST '/session/c3c816aac000755a4e5edf2998c90546/element'
21:13:59.434 [AsyncHttpClient-1-12] DEBUG org.asynchttpclient.netty.handler.HttpHandler - 

Request DefaultHttpRequest(decodeResult: success, version: HTTP/1.1)
POST /session/c3c816aac000755a4e5edf2998c90546/element HTTP/1.1
User-Agent: selenium/4.1.2 (java windows)
Content-Length: 88
Content-Type: application/json; charset=utf-8
host: localhost:59285
accept: */*

Response DefaultHttpResponse(decodeResult: success, version: HTTP/1.1)
HTTP/1.1 200 OK
Content-Type: application/json; charset=utf-8
cache-control: no-cache
content-length: 88

21:13:59.434 [AsyncHttpClient-1-12] DEBUG org.asynchttpclient.netty.channel.ChannelManager - Adding key: http://localhost:59285 for channel [id: 0x3bc21328, L:/127.0.0.1:50492 - R:localhost/127.0.0.1:59285]
21:13:59.435 [Forwarding getElementTagName on session c3c816aac000755a4e5edf2998c90546 to remote] DEBUG org.asynchttpclient.netty.request.NettyRequestSender - Using pooled Channel '[id: 0x3bc21328, L:/127.0.0.1:50492 - R:localhost/127.0.0.1:59285]' for 'GET' to 'http://localhost:59285/session/c3c816aac000755a4e5edf2998c90546/element/b4dd7fab-abbd-4296-8d01-86a7abcace03/name'
21:13:59.435 [Forwarding getElementTagName on session c3c816aac000755a4e5edf2998c90546 to remote] DEBUG org.asynchttpclient.netty.request.NettyRequestSender - Using open Channel [id: 0x3bc21328, L:/127.0.0.1:50492 - R:localhost/127.0.0.1:59285] for GET '/session/c3c816aac000755a4e5edf2998c90546/element/b4dd7fab-abbd-4296-8d01-86a7abcace03/name'
21:13:59.440 [AsyncHttpClient-1-12] DEBUG org.asynchttpclient.netty.handler.HttpHandler - 

Request DefaultFullHttpRequest(decodeResult: success, version: HTTP/1.1, content: EmptyByteBufBE)
GET /session/c3c816aac000755a4e5edf2998c90546/element/b4dd7fab-abbd-4296-8d01-86a7abcace03/name HTTP/1.1
User-Agent: selenium/4.1.2 (java windows)
Cache-Control: no-cache
Content-Type: application/json; charset=utf-8
host: localhost:59285
accept: */*

Response DefaultHttpResponse(decodeResult: success, version: HTTP/1.1)
HTTP/1.1 200 OK
Content-Type: application/json; charset=utf-8
cache-control: no-cache
content-length: 15

21:13:59.441 [AsyncHttpClient-1-12] DEBUG org.asynchttpclient.netty.channel.ChannelManager - Adding key: http://localhost:59285 for channel [id: 0x3bc21328, L:/127.0.0.1:50492 - R:localhost/127.0.0.1:59285]
21:13:59.443 [Forwarding getElementTagName on session c3c816aac000755a4e5edf2998c90546 to remote] DEBUG org.asynchttpclient.netty.request.NettyRequestSender - Using pooled Channel '[id: 0x3bc21328, L:/127.0.0.1:50492 - R:localhost/127.0.0.1:59285]' for 'GET' to 'http://localhost:59285/session/c3c816aac000755a4e5edf2998c90546/element/b4dd7fab-abbd-4296-8d01-86a7abcace03/name'
21:13:59.443 [Forwarding getElementTagName on session c3c816aac000755a4e5edf2998c90546 to remote] DEBUG org.asynchttpclient.netty.request.NettyRequestSender - Using open Channel [id: 0x3bc21328, L:/127.0.0.1:50492 - R:localhost/127.0.0.1:59285] for GET '/session/c3c816aac000755a4e5edf2998c90546/element/b4dd7fab-abbd-4296-8d01-86a7abcace03/name'
21:13:59.447 [AsyncHttpClient-1-12] DEBUG org.asynchttpclient.netty.handler.HttpHandler - 

Request DefaultFullHttpRequest(decodeResult: success, version: HTTP/1.1, content: EmptyByteBufBE)
GET /session/c3c816aac000755a4e5edf2998c90546/element/b4dd7fab-abbd-4296-8d01-86a7abcace03/name HTTP/1.1
User-Agent: selenium/4.1.2 (java windows)
Cache-Control: no-cache
Content-Type: application/json; charset=utf-8
host: localhost:59285
accept: */*

Response DefaultHttpResponse(decodeResult: success, version: HTTP/1.1)
HTTP/1.1 200 OK
Content-Type: application/json; charset=utf-8
cache-control: no-cache
content-length: 15

21:13:59.448 [AsyncHttpClient-1-12] DEBUG org.asynchttpclient.netty.channel.ChannelManager - Adding key: http://localhost:59285 for channel [id: 0x3bc21328, L:/127.0.0.1:50492 - R:localhost/127.0.0.1:59285]
21:13:59.449 [Forwarding findElement on session c3c816aac000755a4e5edf2998c90546 to remote] DEBUG org.asynchttpclient.netty.request.NettyRequestSender - Using pooled Channel '[id: 0x3bc21328, L:/127.0.0.1:50492 - R:localhost/127.0.0.1:59285]' for 'POST' to 'http://localhost:59285/session/c3c816aac000755a4e5edf2998c90546/element'
21:13:59.449 [Forwarding findElement on session c3c816aac000755a4e5edf2998c90546 to remote] DEBUG org.asynchttpclient.netty.request.NettyRequestSender - Using open Channel [id: 0x3bc21328, L:/127.0.0.1:50492 - R:localhost/127.0.0.1:59285] for POST '/session/c3c816aac000755a4e5edf2998c90546/element'
21:13:59.456 [AsyncHttpClient-1-12] DEBUG org.asynchttpclient.netty.handler.HttpHandler - 

Request DefaultHttpRequest(decodeResult: success, version: HTTP/1.1)
POST /session/c3c816aac000755a4e5edf2998c90546/element HTTP/1.1
User-Agent: selenium/4.1.2 (java windows)
Content-Length: 88
Content-Type: application/json; charset=utf-8
host: localhost:59285
accept: */*

Response DefaultHttpResponse(decodeResult: success, version: HTTP/1.1)
HTTP/1.1 200 OK
Content-Type: application/json; charset=utf-8
cache-control: no-cache
content-length: 88

21:13:59.456 [AsyncHttpClient-1-12] DEBUG org.asynchttpclient.netty.channel.ChannelManager - Adding key: http://localhost:59285 for channel [id: 0x3bc21328, L:/127.0.0.1:50492 - R:localhost/127.0.0.1:59285]
21:13:59.459 [Forwarding clickElement on session c3c816aac000755a4e5edf2998c90546 to remote] DEBUG org.asynchttpclient.netty.request.NettyRequestSender - Using pooled Channel '[id: 0x3bc21328, L:/127.0.0.1:50492 - R:localhost/127.0.0.1:59285]' for 'POST' to 'http://localhost:59285/session/c3c816aac000755a4e5edf2998c90546/element/b4dd7fab-abbd-4296-8d01-86a7abcace03/click'
21:13:59.459 [Forwarding clickElement on session c3c816aac000755a4e5edf2998c90546 to remote] DEBUG org.asynchttpclient.netty.request.NettyRequestSender - Using open Channel [id: 0x3bc21328, L:/127.0.0.1:50492 - R:localhost/127.0.0.1:59285] for POST '/session/c3c816aac000755a4e5edf2998c90546/element/b4dd7fab-abbd-4296-8d01-86a7abcace03/click'
21:13:59.520 [AsyncHttpClient-1-12] DEBUG org.asynchttpclient.netty.handler.HttpHandler - 

Request DefaultHttpRequest(decodeResult: success, version: HTTP/1.1)
POST /session/c3c816aac000755a4e5edf2998c90546/element/b4dd7fab-abbd-4296-8d01-86a7abcace03/click HTTP/1.1
User-Agent: selenium/4.1.2 (java windows)
Content-Length: 50
Content-Type: application/json; charset=utf-8
host: localhost:59285
accept: */*

Response DefaultHttpResponse(decodeResult: success, version: HTTP/1.1)
HTTP/1.1 200 OK
Content-Type: application/json; charset=utf-8
cache-control: no-cache
content-length: 14

21:13:59.520 [AsyncHttpClient-1-12] DEBUG org.asynchttpclient.netty.channel.ChannelManager - Adding key: http://localhost:59285 for channel [id: 0x3bc21328, L:/127.0.0.1:50492 - R:localhost/127.0.0.1:59285]
  &amp#27;[32mWhen &amp#27;[0m&amp#27;[32mI click select category&amp#27;[0m                     &amp#27;[90m# starter.stepdefinitions.ProductSteps.iClickSelectCategory()&amp#27;[0m
21:13:59.529 [Forwarding screenshot on session c3c816aac000755a4e5edf2998c90546 to remote] DEBUG org.asynchttpclient.netty.request.NettyRequestSender - Using pooled Channel '[id: 0x3bc21328, L:/127.0.0.1:50492 - R:localhost/127.0.0.1:59285]' for 'GET' to 'http://localhost:59285/session/c3c816aac000755a4e5edf2998c90546/screenshot'
21:13:59.529 [Forwarding screenshot on session c3c816aac000755a4e5edf2998c90546 to remote] DEBUG org.asynchttpclient.netty.request.NettyRequestSender - Using open Channel [id: 0x3bc21328, L:/127.0.0.1:50492 - R:localhost/127.0.0.1:59285] for GET '/session/c3c816aac000755a4e5edf2998c90546/screenshot'
21:13:59.783 [AsyncHttpClient-1-12] DEBUG org.asynchttpclient.netty.handler.HttpHandler - 

Request DefaultFullHttpRequest(decodeResult: success, version: HTTP/1.1, content: EmptyByteBufBE)
GET /session/c3c816aac000755a4e5edf2998c90546/screenshot HTTP/1.1
User-Agent: selenium/4.1.2 (java windows)
Cache-Control: no-cache
Content-Type: application/json; charset=utf-8
host: localhost:59285
accept: */*

Response DefaultHttpResponse(decodeResult: success, version: HTTP/1.1)
HTTP/1.1 200 OK
Content-Type: application/json; charset=utf-8
cache-control: no-cache
content-length: 41488

21:13:59.783 [AsyncHttpClient-1-12] DEBUG org.asynchttpclient.netty.channel.ChannelManager - Adding key: http://localhost:59285 for channel [id: 0x3bc21328, L:/127.0.0.1:50492 - R:localhost/127.0.0.1:59285]
21:13:59.785 [main] DEBUG net.serenitybdd.core.photography.Darkroom - Send negative for processing for target\site\serenity\bb1eb4d2bbdda439157308b5723a75897faafdc4a72e5800ca0ebcc984e2d007.png
21:13:59.786 [Darkroom Processing Line] DEBUG net.serenitybdd.core.photography.DarkroomProcessingLine - Processing screenshot image in /var/screenshots/screenshot-15317165003625914032
21:13:59.786 [Darkroom Processing Line] DEBUG net.serenitybdd.core.photography.DarkroomProcessingLine - Saving screenshot to target\site\serenity\bb1eb4d2bbdda439157308b5723a75897faafdc4a72e5800ca0ebcc984e2d007.png
21:13:59.797 [Forwarding findElement on session c3c816aac000755a4e5edf2998c90546 to remote] DEBUG org.asynchttpclient.netty.request.NettyRequestSender - Using pooled Channel '[id: 0x3bc21328, L:/127.0.0.1:50492 - R:localhost/127.0.0.1:59285]' for 'POST' to 'http://localhost:59285/session/c3c816aac000755a4e5edf2998c90546/element'
21:13:59.798 [Forwarding findElement on session c3c816aac000755a4e5edf2998c90546 to remote] DEBUG org.asynchttpclient.netty.request.NettyRequestSender - Using open Channel [id: 0x3bc21328, L:/127.0.0.1:50492 - R:localhost/127.0.0.1:59285] for POST '/session/c3c816aac000755a4e5edf2998c90546/element'
21:13:59.814 [AsyncHttpClient-1-12] DEBUG org.asynchttpclient.netty.handler.HttpHandler - 

Request DefaultHttpRequest(decodeResult: success, version: HTTP/1.1)
POST /session/c3c816aac000755a4e5edf2998c90546/element HTTP/1.1
User-Agent: selenium/4.1.2 (java windows)
Content-Length: 88
Content-Type: application/json; charset=utf-8
host: localhost:59285
accept: */*

Response DefaultHttpResponse(decodeResult: success, version: HTTP/1.1)
HTTP/1.1 200 OK
Content-Type: application/json; charset=utf-8
cache-control: no-cache
content-length: 88

21:13:59.814 [AsyncHttpClient-1-12] DEBUG org.asynchttpclient.netty.channel.ChannelManager - Adding key: http://localhost:59285 for channel [id: 0x3bc21328, L:/127.0.0.1:50492 - R:localhost/127.0.0.1:59285]
21:13:59.815 [Forwarding getElementTagName on session c3c816aac000755a4e5edf2998c90546 to remote] DEBUG org.asynchttpclient.netty.request.NettyRequestSender - Using pooled Channel '[id: 0x3bc21328, L:/127.0.0.1:50492 - R:localhost/127.0.0.1:59285]' for 'GET' to 'http://localhost:59285/session/c3c816aac000755a4e5edf2998c90546/element/5360426f-14a2-42e5-9fb5-ad5497d8feb5/name'
21:13:59.815 [Forwarding getElementTagName on session c3c816aac000755a4e5edf2998c90546 to remote] DEBUG org.asynchttpclient.netty.request.NettyRequestSender - Using open Channel [id: 0x3bc21328, L:/127.0.0.1:50492 - R:localhost/127.0.0.1:59285] for GET '/session/c3c816aac000755a4e5edf2998c90546/element/5360426f-14a2-42e5-9fb5-ad5497d8feb5/name'
21:13:59.820 [AsyncHttpClient-1-12] DEBUG org.asynchttpclient.netty.handler.HttpHandler - 

Request DefaultFullHttpRequest(decodeResult: success, version: HTTP/1.1, content: EmptyByteBufBE)
GET /session/c3c816aac000755a4e5edf2998c90546/element/5360426f-14a2-42e5-9fb5-ad5497d8feb5/name HTTP/1.1
User-Agent: selenium/4.1.2 (java windows)
Cache-Control: no-cache
Content-Type: application/json; charset=utf-8
host: localhost:59285
accept: */*

Response DefaultHttpResponse(decodeResult: success, version: HTTP/1.1)
HTTP/1.1 200 OK
Content-Type: application/json; charset=utf-8
cache-control: no-cache
content-length: 15

21:13:59.820 [AsyncHttpClient-1-12] DEBUG org.asynchttpclient.netty.channel.ChannelManager - Adding key: http://localhost:59285 for channel [id: 0x3bc21328, L:/127.0.0.1:50492 - R:localhost/127.0.0.1:59285]
21:13:59.821 [Forwarding getElementTagName on session c3c816aac000755a4e5edf2998c90546 to remote] DEBUG org.asynchttpclient.netty.request.NettyRequestSender - Using pooled Channel '[id: 0x3bc21328, L:/127.0.0.1:50492 - R:localhost/127.0.0.1:59285]' for 'GET' to 'http://localhost:59285/session/c3c816aac000755a4e5edf2998c90546/element/5360426f-14a2-42e5-9fb5-ad5497d8feb5/name'
21:13:59.821 [Forwarding getElementTagName on session c3c816aac000755a4e5edf2998c90546 to remote] DEBUG org.asynchttpclient.netty.request.NettyRequestSender - Using open Channel [id: 0x3bc21328, L:/127.0.0.1:50492 - R:localhost/127.0.0.1:59285] for GET '/session/c3c816aac000755a4e5edf2998c90546/element/5360426f-14a2-42e5-9fb5-ad5497d8feb5/name'
21:13:59.831 [AsyncHttpClient-1-12] DEBUG org.asynchttpclient.netty.handler.HttpHandler - 

Request DefaultFullHttpRequest(decodeResult: success, version: HTTP/1.1, content: EmptyByteBufBE)
GET /session/c3c816aac000755a4e5edf2998c90546/element/5360426f-14a2-42e5-9fb5-ad5497d8feb5/name HTTP/1.1
User-Agent: selenium/4.1.2 (java windows)
Cache-Control: no-cache
Content-Type: application/json; charset=utf-8
host: localhost:59285
accept: */*

Response DefaultHttpResponse(decodeResult: success, version: HTTP/1.1)
HTTP/1.1 200 OK
Content-Type: application/json; charset=utf-8
cache-control: no-cache
content-length: 15

21:13:59.832 [AsyncHttpClient-1-12] DEBUG org.asynchttpclient.netty.channel.ChannelManager - Adding key: http://localhost:59285 for channel [id: 0x3bc21328, L:/127.0.0.1:50492 - R:localhost/127.0.0.1:59285]
21:13:59.834 [Forwarding findElement on session c3c816aac000755a4e5edf2998c90546 to remote] DEBUG org.asynchttpclient.netty.request.NettyRequestSender - Using pooled Channel '[id: 0x3bc21328, L:/127.0.0.1:50492 - R:localhost/127.0.0.1:59285]' for 'POST' to 'http://localhost:59285/session/c3c816aac000755a4e5edf2998c90546/element'
21:13:59.834 [Forwarding findElement on session c3c816aac000755a4e5edf2998c90546 to remote] DEBUG org.asynchttpclient.netty.request.NettyRequestSender - Using open Channel [id: 0x3bc21328, L:/127.0.0.1:50492 - R:localhost/127.0.0.1:59285] for POST '/session/c3c816aac000755a4e5edf2998c90546/element'
21:13:59.847 [AsyncHttpClient-1-12] DEBUG org.asynchttpclient.netty.handler.HttpHandler - 

Request DefaultHttpRequest(decodeResult: success, version: HTTP/1.1)
POST /session/c3c816aac000755a4e5edf2998c90546/element HTTP/1.1
User-Agent: selenium/4.1.2 (java windows)
Content-Length: 88
Content-Type: application/json; charset=utf-8
host: localhost:59285
accept: */*

Response DefaultHttpResponse(decodeResult: success, version: HTTP/1.1)
HTTP/1.1 200 OK
Content-Type: application/json; charset=utf-8
cache-control: no-cache
content-length: 88

21:13:59.848 [AsyncHttpClient-1-12] DEBUG org.asynchttpclient.netty.channel.ChannelManager - Adding key: http://localhost:59285 for channel [id: 0x3bc21328, L:/127.0.0.1:50492 - R:localhost/127.0.0.1:59285]
21:13:59.849 [Forwarding clickElement on session c3c816aac000755a4e5edf2998c90546 to remote] DEBUG org.asynchttpclient.netty.request.NettyRequestSender - Using pooled Channel '[id: 0x3bc21328, L:/127.0.0.1:50492 - R:localhost/127.0.0.1:59285]' for 'POST' to 'http://localhost:59285/session/c3c816aac000755a4e5edf2998c90546/element/5360426f-14a2-42e5-9fb5-ad5497d8feb5/click'
21:13:59.849 [Forwarding clickElement on session c3c816aac000755a4e5edf2998c90546 to remote] DEBUG org.asynchttpclient.netty.request.NettyRequestSender - Using open Channel [id: 0x3bc21328, L:/127.0.0.1:50492 - R:localhost/127.0.0.1:59285] for POST '/session/c3c816aac000755a4e5edf2998c90546/element/5360426f-14a2-42e5-9fb5-ad5497d8feb5/click'
21:13:59.886 [AsyncHttpClient-1-12] DEBUG org.asynchttpclient.netty.handler.HttpHandler - 

Request DefaultHttpRequest(decodeResult: success, version: HTTP/1.1)
POST /session/c3c816aac000755a4e5edf2998c90546/element/5360426f-14a2-42e5-9fb5-ad5497d8feb5/click HTTP/1.1
User-Agent: selenium/4.1.2 (java windows)
Content-Length: 50
Content-Type: application/json; charset=utf-8
host: localhost:59285
accept: */*

Response DefaultHttpResponse(decodeResult: success, version: HTTP/1.1)
HTTP/1.1 200 OK
Content-Type: application/json; charset=utf-8
cache-control: no-cache
content-length: 14

21:13:59.886 [AsyncHttpClient-1-12] DEBUG org.asynchttpclient.netty.channel.ChannelManager - Adding key: http://localhost:59285 for channel [id: 0x3bc21328, L:/127.0.0.1:50492 - R:localhost/127.0.0.1:59285]
  &amp#27;[32mAnd &amp#27;[0m&amp#27;[32mI click one of the category&amp#27;[0m                  &amp#27;[90m# starter.stepdefinitions.ProductSteps.iClickOneOfTheCategory()&amp#27;[0m
21:13:59.896 [Forwarding screenshot on session c3c816aac000755a4e5edf2998c90546 to remote] DEBUG org.asynchttpclient.netty.request.NettyRequestSender - Using pooled Channel '[id: 0x3bc21328, L:/127.0.0.1:50492 - R:localhost/127.0.0.1:59285]' for 'GET' to 'http://localhost:59285/session/c3c816aac000755a4e5edf2998c90546/screenshot'
21:13:59.896 [Forwarding screenshot on session c3c816aac000755a4e5edf2998c90546 to remote] DEBUG org.asynchttpclient.netty.request.NettyRequestSender - Using open Channel [id: 0x3bc21328, L:/127.0.0.1:50492 - R:localhost/127.0.0.1:59285] for GET '/session/c3c816aac000755a4e5edf2998c90546/screenshot'
21:14:00.130 [AsyncHttpClient-1-12] DEBUG org.asynchttpclient.netty.handler.HttpHandler - 

Request DefaultFullHttpRequest(decodeResult: success, version: HTTP/1.1, content: EmptyByteBufBE)
GET /session/c3c816aac000755a4e5edf2998c90546/screenshot HTTP/1.1
User-Agent: selenium/4.1.2 (java windows)
Cache-Control: no-cache
Content-Type: application/json; charset=utf-8
host: localhost:59285
accept: */*

Response DefaultHttpResponse(decodeResult: success, version: HTTP/1.1)
HTTP/1.1 200 OK
Content-Type: application/json; charset=utf-8
cache-control: no-cache
content-length: 37328

21:14:00.131 [AsyncHttpClient-1-12] DEBUG org.asynchttpclient.netty.channel.ChannelManager - Adding key: http://localhost:59285 for channel [id: 0x3bc21328, L:/127.0.0.1:50492 - R:localhost/127.0.0.1:59285]
21:14:00.133 [main] DEBUG net.serenitybdd.core.photography.Darkroom - Send negative for processing for target\site\serenity\67c3e8a87d228d02ac559adb10e3e384034ee330657c0ce5d4a2a5dd0b32f24a.png
21:14:00.133 [Darkroom Processing Line] DEBUG net.serenitybdd.core.photography.DarkroomProcessingLine - Processing screenshot image in /var/screenshots/screenshot-5700337828279520755
21:14:00.133 [Darkroom Processing Line] DEBUG net.serenitybdd.core.photography.DarkroomProcessingLine - Saving screenshot to target\site\serenity\67c3e8a87d228d02ac559adb10e3e384034ee330657c0ce5d4a2a5dd0b32f24a.png
21:14:00.145 [Forwarding findElement on session c3c816aac000755a4e5edf2998c90546 to remote] DEBUG org.asynchttpclient.netty.request.NettyRequestSender - Using pooled Channel '[id: 0x3bc21328, L:/127.0.0.1:50492 - R:localhost/127.0.0.1:59285]' for 'POST' to 'http://localhost:59285/session/c3c816aac000755a4e5edf2998c90546/element'
21:14:00.145 [Forwarding findElement on session c3c816aac000755a4e5edf2998c90546 to remote] DEBUG org.asynchttpclient.netty.request.NettyRequestSender - Using open Channel [id: 0x3bc21328, L:/127.0.0.1:50492 - R:localhost/127.0.0.1:59285] for POST '/session/c3c816aac000755a4e5edf2998c90546/element'
21:14:00.158 [AsyncHttpClient-1-12] DEBUG org.asynchttpclient.netty.handler.HttpHandler - 

Request DefaultHttpRequest(decodeResult: success, version: HTTP/1.1)
POST /session/c3c816aac000755a4e5edf2998c90546/element HTTP/1.1
User-Agent: selenium/4.1.2 (java windows)
Content-Length: 87
Content-Type: application/json; charset=utf-8
host: localhost:59285
accept: */*

Response DefaultHttpResponse(decodeResult: success, version: HTTP/1.1)
HTTP/1.1 200 OK
Content-Type: application/json; charset=utf-8
cache-control: no-cache
content-length: 88

21:14:00.159 [AsyncHttpClient-1-12] DEBUG org.asynchttpclient.netty.channel.ChannelManager - Adding key: http://localhost:59285 for channel [id: 0x3bc21328, L:/127.0.0.1:50492 - R:localhost/127.0.0.1:59285]
21:14:00.166 [Forwarding isElementDisplayed on session c3c816aac000755a4e5edf2998c90546 to remote] DEBUG org.asynchttpclient.netty.request.NettyRequestSender - Using pooled Channel '[id: 0x3bc21328, L:/127.0.0.1:50492 - R:localhost/127.0.0.1:59285]' for 'POST' to 'http://localhost:59285/session/c3c816aac000755a4e5edf2998c90546/execute/sync'
21:14:00.166 [Forwarding isElementDisplayed on session c3c816aac000755a4e5edf2998c90546 to remote] DEBUG org.asynchttpclient.netty.request.NettyRequestSender - Using open Channel [id: 0x3bc21328, L:/127.0.0.1:50492 - R:localhost/127.0.0.1:59285] for POST '/session/c3c816aac000755a4e5edf2998c90546/execute/sync'
21:14:00.187 [AsyncHttpClient-1-12] DEBUG org.asynchttpclient.netty.handler.HttpHandler - 

Request DefaultHttpRequest(decodeResult: success, version: HTTP/1.1)
POST /session/c3c816aac000755a4e5edf2998c90546/execute/sync HTTP/1.1
User-Agent: selenium/4.1.2 (java windows)
Content-Length: 48780
Content-Type: application/json; charset=utf-8
host: localhost:59285
accept: */*

Response DefaultHttpResponse(decodeResult: success, version: HTTP/1.1)
HTTP/1.1 200 OK
Content-Type: application/json; charset=utf-8
cache-control: no-cache
content-length: 14

21:14:00.187 [AsyncHttpClient-1-12] DEBUG org.asynchttpclient.netty.channel.ChannelManager - Adding key: http://localhost:59285 for channel [id: 0x3bc21328, L:/127.0.0.1:50492 - R:localhost/127.0.0.1:59285]
  &amp#27;[32mThen &amp#27;[0m&amp#27;[32mI can see products based on chosen category&amp#27;[0m &amp#27;[90m# starter.stepdefinitions.ProductSteps.iCanSeeProductsBasedOnChosenCategory()&amp#27;[0m
21:14:00.193 [AsyncHttpClient-1-1] DEBUG org.asynchttpclient.netty.channel.DefaultChannelPool - Entry count for : http://localhost:59285 : 1
21:14:00.193 [AsyncHttpClient-1-1] DEBUG org.asynchttpclient.netty.channel.DefaultChannelPool - Entry count for : http://localhost:50493 : 1
21:14:00.198 [Forwarding screenshot on session c3c816aac000755a4e5edf2998c90546 to remote] DEBUG org.asynchttpclient.netty.request.NettyRequestSender - Using pooled Channel '[id: 0x3bc21328, L:/127.0.0.1:50492 - R:localhost/127.0.0.1:59285]' for 'GET' to 'http://localhost:59285/session/c3c816aac000755a4e5edf2998c90546/screenshot'
21:14:00.198 [Forwarding screenshot on session c3c816aac000755a4e5edf2998c90546 to remote] DEBUG org.asynchttpclient.netty.request.NettyRequestSender - Using open Channel [id: 0x3bc21328, L:/127.0.0.1:50492 - R:localhost/127.0.0.1:59285] for GET '/session/c3c816aac000755a4e5edf2998c90546/screenshot'
21:14:00.421 [AsyncHttpClient-1-12] DEBUG org.asynchttpclient.netty.handler.HttpHandler - 

Request DefaultFullHttpRequest(decodeResult: success, version: HTTP/1.1, content: EmptyByteBufBE)
GET /session/c3c816aac000755a4e5edf2998c90546/screenshot HTTP/1.1
User-Agent: selenium/4.1.2 (java windows)
Cache-Control: no-cache
Content-Type: application/json; charset=utf-8
host: localhost:59285
accept: */*

Response DefaultHttpResponse(decodeResult: success, version: HTTP/1.1)
HTTP/1.1 200 OK
Content-Type: application/json; charset=utf-8
cache-control: no-cache
content-length: 35144

21:14:00.421 [AsyncHttpClient-1-12] DEBUG org.asynchttpclient.netty.channel.ChannelManager - Adding key: http://localhost:59285 for channel [id: 0x3bc21328, L:/127.0.0.1:50492 - R:localhost/127.0.0.1:59285]
21:14:00.425 [main] DEBUG net.serenitybdd.core.photography.Darkroom - Send negative for processing for target\site\serenity\41ddfe3b42269c0efc0ed1e7856adc82baa458f0b9202703fc2c9e752cfd3df2.png
21:14:00.426 [Darkroom Processing Line] DEBUG net.serenitybdd.core.photography.DarkroomProcessingLine - Processing screenshot image in /var/screenshots/screenshot-10294077824895029687
21:14:00.426 [Darkroom Processing Line] DEBUG net.serenitybdd.core.photography.DarkroomProcessingLine - Saving screenshot to target\site\serenity\41ddfe3b42269c0efc0ed1e7856adc82baa458f0b9202703fc2c9e752cfd3df2.png
21:14:00.428 [main] INFO  - 
  _____   ___   ___   _____     ___     _     ___   ___   ___   ___  
 |_   _| | __| / __| |_   _|   | _ \   /_\   / __| / __| | __| |   \ 
   | |   | _|  \__ \   | |     |  _/  / _ \  \__ \ \__ \ | _|  | |) |
   |_|   |___| |___/   |_|     |_|   /_/ \_\ |___/ |___/ |___| |___/ 

Select Category
----------------------------------------------------------------------
21:14:00.430 [AsyncHttpClient-1-14] DEBUG org.asynchttpclient.netty.handler.WebSocketHandler - Channel Closed: [id: 0x0d308e2d, L:/127.0.0.1:50501 ! R:localhost/127.0.0.1:50493] with attribute NettyResponseFuture{currentRetry=5,
	isDone=1,
	isCancelled=0,
	asyncHandler=org.asynchttpclient.ws.WebSocketUpgradeHandler@71314c5f,
	nettyRequest=org.asynchttpclient.netty.request.NettyRequest@274b29a5,
	future=java.util.concurrent.CompletableFuture@10f33558[Completed normally],
	uri=ws://localhost:50493/devtools/browser/96698378-0784-45c5-9e27-1cdb1b7bfc94,
	keepAlive=true,
	redirectCount=0,
	timeoutsHolder=null,
	inAuth=0,
	touch=1667484836955}
21:14:00.430 [AsyncHttpClient-1-14] DEBUG org.asynchttpclient.netty.channel.ChannelManager - Closing Channel [id: 0x0d308e2d, L:/127.0.0.1:50501 ! R:localhost/127.0.0.1:50493] 
21:14:00.430 [Driver Command Executor] DEBUG org.asynchttpclient.netty.request.NettyRequestSender - Using pooled Channel '[id: 0x3bc21328, L:/127.0.0.1:50492 - R:localhost/127.0.0.1:59285]' for 'DELETE' to 'http://localhost:59285/session/c3c816aac000755a4e5edf2998c90546'
21:14:00.430 [Driver Command Executor] DEBUG org.asynchttpclient.netty.request.NettyRequestSender - Using open Channel [id: 0x3bc21328, L:/127.0.0.1:50492 - R:localhost/127.0.0.1:59285] for DELETE '/session/c3c816aac000755a4e5edf2998c90546'
21:14:00.581 [AsyncHttpClient-1-13] DEBUG org.asynchttpclient.netty.handler.HttpHandler - Unexpected I/O exception on channel [id: 0x740e957b, L:/127.0.0.1:50500 - R:localhost/127.0.0.1:50493]
java.net.SocketException: Connection reset
	at java.base/sun.nio.ch.SocketChannelImpl.throwConnectionReset(SocketChannelImpl.java:345)
	at java.base/sun.nio.ch.SocketChannelImpl.read(SocketChannelImpl.java:376)
	at io.netty.buffer.PooledByteBuf.setBytes(PooledByteBuf.java:258)
	at io.netty.buffer.AbstractByteBuf.writeBytes(AbstractByteBuf.java:1132)
	at io.netty.channel.socket.nio.NioSocketChannel.doReadBytes(NioSocketChannel.java:350)
	at io.netty.channel.nio.AbstractNioByteChannel$NioByteUnsafe.read(AbstractNioByteChannel.java:151)
	at io.netty.channel.nio.NioEventLoop.processSelectedKey(NioEventLoop.java:722)
	at io.netty.channel.nio.NioEventLoop.processSelectedKeysOptimized(NioEventLoop.java:658)
	at io.netty.channel.nio.NioEventLoop.processSelectedKeys(NioEventLoop.java:584)
	at io.netty.channel.nio.NioEventLoop.run(NioEventLoop.java:496)
	at io.netty.util.concurrent.SingleThreadEventExecutor$4.run(SingleThreadEventExecutor.java:986)
	at io.netty.util.internal.ThreadExecutorMap$2.run(ThreadExecutorMap.java:74)
	at io.netty.util.concurrent.FastThreadLocalRunnable.run(FastThreadLocalRunnable.java:30)
	at java.base/java.lang.Thread.run(Thread.java:830)
21:14:00.581 [AsyncHttpClient-1-13] DEBUG org.asynchttpclient.netty.channel.ChannelManager - Closing Channel [id: 0x740e957b, L:/127.0.0.1:50500 - R:localhost/127.0.0.1:50493] 
21:14:00.581 [AsyncHttpClient-1-13] DEBUG org.asynchttpclient.netty.handler.HttpHandler - Channel Closed: [id: 0x740e957b, L:/127.0.0.1:50500 ! R:localhost/127.0.0.1:50493] with attribute DISCARD
21:14:00.610 [AsyncHttpClient-1-12] DEBUG org.asynchttpclient.netty.handler.HttpHandler - 

Request DefaultFullHttpRequest(decodeResult: success, version: HTTP/1.1, content: EmptyByteBufBE)
DELETE /session/c3c816aac000755a4e5edf2998c90546 HTTP/1.1
User-Agent: selenium/4.1.2 (java windows)
Content-Type: application/json; charset=utf-8
host: localhost:59285
accept: */*

Response DefaultHttpResponse(decodeResult: success, version: HTTP/1.1)
HTTP/1.1 200 OK
Content-Type: application/json; charset=utf-8
cache-control: no-cache
content-length: 14

21:14:00.610 [AsyncHttpClient-1-12] DEBUG org.asynchttpclient.netty.channel.ChannelManager - Adding key: http://localhost:59285 for channel [id: 0x3bc21328, L:/127.0.0.1:50492 - R:localhost/127.0.0.1:59285]
21:14:00.668 [AsyncHttpClient-1-12] DEBUG org.asynchttpclient.netty.handler.HttpHandler - Channel Closed: [id: 0x3bc21328, L:/127.0.0.1:50492 ! R:localhost/127.0.0.1:59285] with attribute DISCARD
]]></system-out>
    <system-err><![CDATA[Starting ChromeDriver 106.0.5249.61 (511755355844955cd3e264779baf0dd38212a4d0-refs/branch-heads/5249@{#569}) on port 59285
Only local connections are allowed.
Please see https://chromedriver.chromium.org/security-considerations for suggestions on keeping ChromeDriver safe.
ChromeDriver was started successfully.
[1667484836.680][WARNING]: This version of ChromeDriver has not been tested with Chrome version 107.
Nov 03, 2022 9:13:56 PM org.openqa.selenium.remote.ProtocolHandshake createSession
INFO: Detected dialect: W3C
Nov 03, 2022 9:13:56 PM org.openqa.selenium.devtools.CdpVersionFinder findNearestMatch
WARNING: Unable to find an exact match for CDP version 107, so returning the closest version found: a no-op implementation
Nov 03, 2022 9:13:56 PM org.openqa.selenium.devtools.CdpVersionFinder findNearestMatch
INFO: Unable to find CDP implementation matching 107.
Nov 03, 2022 9:13:56 PM org.openqa.selenium.chromium.ChromiumDriver lambda$new$3
WARNING: Unable to find version of CDP to use for . You may need to include a dependency on a specific version of the CDP using something similar to `org.seleniumhq.selenium:selenium-devtools-v86:4.1.2` where the version ("v86") matches the version of the chromium-based browser you're using and the version number of the artifact is the same as Selenium's.
]]></system-err>
  </testcase>
  <testcase name="View Product Detail" classname="Manage Product" time="9.243">
    <system-out><![CDATA[
Scenario: View Product Detail                &amp#27;[90m# src/test/resources/features/Product.feature:16&amp#27;[0m
21:14:01.202 [main] INFO io.cucumber.core.plugin.SerenityReporter - Running feature from file:///C:/Users/ASUS/Desktop/stupen/miniproject/Web/ASWeb/src/test/resources/features/Product.feature
21:14:01.205 [main] INFO  - 
  _____   ___   ___   _____     ___   _____     _     ___   _____   ___   ___  
 |_   _| | __| / __| |_   _|   / __| |_   _|   /_\   | _ \ |_   _| | __| |   \ 
   | |   | _|  \__ \   | |     \__ \   | |    / _ \  |   /   | |   | _|  | |) |
   |_|   |___| |___/   |_|     |___/   |_|   /_/ \_\ |_|_\   |_|   |___| |___/ 

View Product Detail(manage-product;view-product-detail)
--------------------------------------------------------------------------------
21:14:01.220 [main] INFO net.serenitybdd.core.webdriver.driverproviders.ChromeDriverProvider - Using automatically driver download
21:14:01.287 [AsyncHttpClient-1-1] DEBUG org.asynchttpclient.netty.channel.DefaultChannelPool - Entry count for : http://localhost:59285 : 1
21:14:01.287 [AsyncHttpClient-1-1] DEBUG org.asynchttpclient.netty.channel.DefaultChannelPool - Entry count for : http://localhost:50493 : 1
21:14:01.287 [AsyncHttpClient-1-1] DEBUG org.asynchttpclient.netty.channel.DefaultChannelPool - Adding Candidate expired Channel [id: 0x3bc21328, L:/127.0.0.1:50492 ! R:localhost/127.0.0.1:59285] isIdleTimeoutExpired=false isRemotelyClosed=true isTtlExpired=false
21:14:01.287 [AsyncHttpClient-1-1] DEBUG org.asynchttpclient.netty.channel.DefaultChannelPool - Closing Idle Channel [id: 0x3bc21328, L:/127.0.0.1:50492 ! R:localhost/127.0.0.1:59285]
21:14:01.287 [AsyncHttpClient-1-1] DEBUG org.asynchttpclient.netty.channel.DefaultChannelPool - Adding Candidate expired Channel [id: 0x740e957b, L:/127.0.0.1:50500 ! R:localhost/127.0.0.1:50493] isIdleTimeoutExpired=false isRemotelyClosed=true isTtlExpired=false
21:14:01.287 [AsyncHttpClient-1-1] DEBUG org.asynchttpclient.netty.channel.DefaultChannelPool - Closing Idle Channel [id: 0x740e957b, L:/127.0.0.1:50500 ! R:localhost/127.0.0.1:50493]
21:14:01.287 [AsyncHttpClient-1-1] DEBUG org.asynchttpclient.netty.channel.DefaultChannelPool - Closed 2 connections out of 2 in 0 ms
21:14:01.354 [main] DEBUG io.github.bonigarcia.wdm.cache.ResolutionCache - Resolution chrome=107 in cache (valid until 21:49:49 03/11/2022 WIB)
21:14:01.360 [main] DEBUG io.github.bonigarcia.wdm.cache.ResolutionCache - Resolution chrome107=107.0.5304.62 in cache (valid until 16:49:12 04/11/2022 WIB)
21:14:01.361 [main] INFO io.github.bonigarcia.wdm.WebDriverManager - Using chromedriver 107.0.5304.62 (resolved driver for Chrome 107)
21:14:01.371 [main] DEBUG io.github.bonigarcia.wdm.WebDriverManager - Driver chromedriver 107.0.5304.62 found in cache
21:14:01.372 [main] INFO io.github.bonigarcia.wdm.WebDriverManager - Exporting webdriver.chrome.driver as C:\Users\ASUS\.cache\selenium\chromedriver\win32\107.0.5304.62\chromedriver.exe
21:14:01.510 [main] DEBUG net.serenitybdd.core.webdriver.driverproviders.ProvideNewDriver - Instantiating driver
21:14:01.510 [main] DEBUG net.serenitybdd.core.webdriver.driverproviders.ProvideNewDriver - Driver capabilities: Capabilities {acceptInsecureCerts: false, base.url: https://alta-shop.vercel.app/, browserName: chrome, chrome.driver: src/test/resources/webdrive..., driver: chrome, goog:chromeOptions: {args: [], extensions: []}, wait.for.timeout: 10000}
21:14:02.054 [AsyncHttpClient-1-15] DEBUG org.asynchttpclient.netty.channel.NettyConnectListener - Using new Channel '[id: 0x7eac02a0, L:/127.0.0.1:50525 - R:localhost/127.0.0.1:51116]' for 'POST' to '/session'
21:14:02.921 [AsyncHttpClient-1-15] DEBUG org.asynchttpclient.netty.handler.HttpHandler - 

Request DefaultHttpRequest(decodeResult: success, version: HTTP/1.1)
POST /session HTTP/1.1
User-Agent: selenium/4.1.2 (java windows)
Content-Length: 646
Content-Type: application/json; charset=utf-8
host: localhost:51116
accept: */*

Response DefaultHttpResponse(decodeResult: success, version: HTTP/1.1)
HTTP/1.1 200 OK
Content-Type: application/json; charset=utf-8
cache-control: no-cache
content-length: 788

21:14:02.922 [AsyncHttpClient-1-15] DEBUG org.asynchttpclient.netty.channel.ChannelManager - Adding key: http://localhost:51116 for channel [id: 0x7eac02a0, L:/127.0.0.1:50525 - R:localhost/127.0.0.1:51116]
21:14:02.937 [AsyncHttpClient-1-16] DEBUG org.asynchttpclient.netty.channel.NettyConnectListener - Using new Channel '[id: 0xe112020c, L:/127.0.0.1:50533 - R:localhost/127.0.0.1:50526]' for 'GET' to '/json/version'
21:14:02.938 [AsyncHttpClient-1-16] DEBUG org.asynchttpclient.netty.handler.HttpHandler - 

Request DefaultFullHttpRequest(decodeResult: success, version: HTTP/1.1, content: EmptyByteBufBE)
GET /json/version HTTP/1.1
User-Agent: selenium/4.1.2 (java windows)
host: localhost:50526
accept: */*

Response DefaultHttpResponse(decodeResult: success, version: HTTP/1.1)
HTTP/1.1 200 OK
Content-Type: application/json; charset=UTF-8
content-length: 423

21:14:02.938 [AsyncHttpClient-1-16] DEBUG org.asynchttpclient.netty.channel.ChannelManager - Adding key: http://localhost:50526 for channel [id: 0xe112020c, L:/127.0.0.1:50533 - R:localhost/127.0.0.1:50526]
21:14:02.942 [AsyncHttpClient-1-17] DEBUG org.asynchttpclient.netty.channel.NettyConnectListener - Using new Channel '[id: 0xe75ee3f0, L:/127.0.0.1:50534 - R:localhost/127.0.0.1:50526]' for 'GET' to '/devtools/browser/9964e911-b3ad-43b2-a85a-86ea68e80f4c'
21:14:02.944 [AsyncHttpClient-1-17] DEBUG org.asynchttpclient.netty.handler.WebSocketHandler - 

Request DefaultFullHttpRequest(decodeResult: success, version: HTTP/1.1, content: EmptyByteBufBE)
GET /devtools/browser/9964e911-b3ad-43b2-a85a-86ea68e80f4c HTTP/1.1
upgrade: websocket
connection: upgrade
sec-websocket-key: 15CmH9NdsLrqJPTw6pu8ag==
sec-websocket-version: 13
origin: http://localhost:50526
host: localhost:50526
accept: */*
user-agent: AHC/2.1

Response DefaultHttpResponse(decodeResult: success, version: HTTP/1.1)
HTTP/1.1 101 WebSocket Protocol Handshake
Upgrade: WebSocket
Connection: Upgrade
Sec-WebSocket-Accept: RAzIc/oTnTc0IdMLTRGIAaj5qoI=

21:14:02.960 [Forwarding get on session 4fc3e45ef6972375c0a1bff9f84ab91d to remote] DEBUG org.asynchttpclient.netty.request.NettyRequestSender - Using pooled Channel '[id: 0x7eac02a0, L:/127.0.0.1:50525 - R:localhost/127.0.0.1:51116]' for 'POST' to 'http://localhost:51116/session/4fc3e45ef6972375c0a1bff9f84ab91d/url'
21:14:02.960 [Forwarding get on session 4fc3e45ef6972375c0a1bff9f84ab91d to remote] DEBUG org.asynchttpclient.netty.request.NettyRequestSender - Using open Channel [id: 0x7eac02a0, L:/127.0.0.1:50525 - R:localhost/127.0.0.1:51116] for POST '/session/4fc3e45ef6972375c0a1bff9f84ab91d/url'
21:14:03.488 [AsyncHttpClient-1-1] DEBUG org.asynchttpclient.netty.channel.DefaultChannelPool - Entry count for : http://localhost:50526 : 1
21:14:04.523 [AsyncHttpClient-1-15] DEBUG org.asynchttpclient.netty.handler.HttpHandler - 

Request DefaultHttpRequest(decodeResult: success, version: HTTP/1.1)
POST /session/4fc3e45ef6972375c0a1bff9f84ab91d/url HTTP/1.1
User-Agent: selenium/4.1.2 (java windows)
Content-Length: 59
Content-Type: application/json; charset=utf-8
host: localhost:51116
accept: */*

Response DefaultHttpResponse(decodeResult: success, version: HTTP/1.1)
HTTP/1.1 200 OK
Content-Type: application/json; charset=utf-8
cache-control: no-cache
content-length: 14

21:14:04.523 [AsyncHttpClient-1-15] DEBUG org.asynchttpclient.netty.channel.ChannelManager - Adding key: http://localhost:51116 for channel [id: 0x7eac02a0, L:/127.0.0.1:50525 - R:localhost/127.0.0.1:51116]
21:14:04.526 [Forwarding setTimeout on session 4fc3e45ef6972375c0a1bff9f84ab91d to remote] DEBUG org.asynchttpclient.netty.request.NettyRequestSender - Using pooled Channel '[id: 0x7eac02a0, L:/127.0.0.1:50525 - R:localhost/127.0.0.1:51116]' for 'POST' to 'http://localhost:51116/session/4fc3e45ef6972375c0a1bff9f84ab91d/timeouts'
21:14:04.526 [Forwarding setTimeout on session 4fc3e45ef6972375c0a1bff9f84ab91d to remote] DEBUG org.asynchttpclient.netty.request.NettyRequestSender - Using open Channel [id: 0x7eac02a0, L:/127.0.0.1:50525 - R:localhost/127.0.0.1:51116] for POST '/session/4fc3e45ef6972375c0a1bff9f84ab91d/timeouts'
21:14:04.527 [AsyncHttpClient-1-15] DEBUG org.asynchttpclient.netty.handler.HttpHandler - 

Request DefaultHttpRequest(decodeResult: success, version: HTTP/1.1)
POST /session/4fc3e45ef6972375c0a1bff9f84ab91d/timeouts HTTP/1.1
User-Agent: selenium/4.1.2 (java windows)
Content-Length: 22
Content-Type: application/json; charset=utf-8
host: localhost:51116
accept: */*

Response DefaultHttpResponse(decodeResult: success, version: HTTP/1.1)
HTTP/1.1 200 OK
Content-Type: application/json; charset=utf-8
cache-control: no-cache
content-length: 14

21:14:04.527 [AsyncHttpClient-1-15] DEBUG org.asynchttpclient.netty.channel.ChannelManager - Adding key: http://localhost:51116 for channel [id: 0x7eac02a0, L:/127.0.0.1:50525 - R:localhost/127.0.0.1:51116]
21:14:04.532 [Forwarding getCurrentUrl on session 4fc3e45ef6972375c0a1bff9f84ab91d to remote] DEBUG org.asynchttpclient.netty.request.NettyRequestSender - Using pooled Channel '[id: 0x7eac02a0, L:/127.0.0.1:50525 - R:localhost/127.0.0.1:51116]' for 'GET' to 'http://localhost:51116/session/4fc3e45ef6972375c0a1bff9f84ab91d/url'
21:14:04.532 [Forwarding getCurrentUrl on session 4fc3e45ef6972375c0a1bff9f84ab91d to remote] DEBUG org.asynchttpclient.netty.request.NettyRequestSender - Using open Channel [id: 0x7eac02a0, L:/127.0.0.1:50525 - R:localhost/127.0.0.1:51116] for GET '/session/4fc3e45ef6972375c0a1bff9f84ab91d/url'
21:14:04.537 [AsyncHttpClient-1-15] DEBUG org.asynchttpclient.netty.handler.HttpHandler - 

Request DefaultFullHttpRequest(decodeResult: success, version: HTTP/1.1, content: EmptyByteBufBE)
GET /session/4fc3e45ef6972375c0a1bff9f84ab91d/url HTTP/1.1
User-Agent: selenium/4.1.2 (java windows)
Cache-Control: no-cache
Content-Type: application/json; charset=utf-8
host: localhost:51116
accept: */*

Response DefaultHttpResponse(decodeResult: success, version: HTTP/1.1)
HTTP/1.1 200 OK
Content-Type: application/json; charset=utf-8
cache-control: no-cache
content-length: 41

21:14:04.538 [AsyncHttpClient-1-15] DEBUG org.asynchttpclient.netty.channel.ChannelManager - Adding key: http://localhost:51116 for channel [id: 0x7eac02a0, L:/127.0.0.1:50525 - R:localhost/127.0.0.1:51116]
  &amp#27;[32mGiven &amp#27;[0m&amp#27;[32mI open product url&amp#27;[0m                   &amp#27;[90m# starter.stepdefinitions.ProductSteps.iOpenProductUrl()&amp#27;[0m
21:14:04.549 [Forwarding screenshot on session 4fc3e45ef6972375c0a1bff9f84ab91d to remote] DEBUG org.asynchttpclient.netty.request.NettyRequestSender - Using pooled Channel '[id: 0x7eac02a0, L:/127.0.0.1:50525 - R:localhost/127.0.0.1:51116]' for 'GET' to 'http://localhost:51116/session/4fc3e45ef6972375c0a1bff9f84ab91d/screenshot'
21:14:04.549 [Forwarding screenshot on session 4fc3e45ef6972375c0a1bff9f84ab91d to remote] DEBUG org.asynchttpclient.netty.request.NettyRequestSender - Using open Channel [id: 0x7eac02a0, L:/127.0.0.1:50525 - R:localhost/127.0.0.1:51116] for GET '/session/4fc3e45ef6972375c0a1bff9f84ab91d/screenshot'
21:14:04.593 [AsyncHttpClient-1-1] DEBUG org.asynchttpclient.netty.channel.DefaultChannelPool - Entry count for : http://localhost:50526 : 1
21:14:04.730 [AsyncHttpClient-1-15] DEBUG org.asynchttpclient.netty.handler.HttpHandler - 

Request DefaultFullHttpRequest(decodeResult: success, version: HTTP/1.1, content: EmptyByteBufBE)
GET /session/4fc3e45ef6972375c0a1bff9f84ab91d/screenshot HTTP/1.1
User-Agent: selenium/4.1.2 (java windows)
Cache-Control: no-cache
Content-Type: application/json; charset=utf-8
host: localhost:51116
accept: */*

Response DefaultHttpResponse(decodeResult: success, version: HTTP/1.1)
HTTP/1.1 200 OK
Content-Type: application/json; charset=utf-8
cache-control: no-cache
content-length: 44980

21:14:04.730 [AsyncHttpClient-1-15] DEBUG org.asynchttpclient.netty.channel.ChannelManager - Adding key: http://localhost:51116 for channel [id: 0x7eac02a0, L:/127.0.0.1:50525 - R:localhost/127.0.0.1:51116]
21:14:04.732 [main] DEBUG net.serenitybdd.core.photography.Darkroom - Send negative for processing for target\site\serenity\60d57c27bb1f2f78dcddd31798b4a8dcb8827d4d207739b7a25e65d7475fff6f.png
21:14:04.733 [Darkroom Processing Line] DEBUG net.serenitybdd.core.photography.DarkroomProcessingLine - Processing screenshot image in /var/screenshots/screenshot-15562049704549918892
21:14:04.733 [Darkroom Processing Line] DEBUG net.serenitybdd.core.photography.DarkroomProcessingLine - Saving screenshot to target\site\serenity\60d57c27bb1f2f78dcddd31798b4a8dcb8827d4d207739b7a25e65d7475fff6f.png
21:14:04.742 [Forwarding findElement on session 4fc3e45ef6972375c0a1bff9f84ab91d to remote] DEBUG org.asynchttpclient.netty.request.NettyRequestSender - Using pooled Channel '[id: 0x7eac02a0, L:/127.0.0.1:50525 - R:localhost/127.0.0.1:51116]' for 'POST' to 'http://localhost:51116/session/4fc3e45ef6972375c0a1bff9f84ab91d/element'
21:14:04.742 [Forwarding findElement on session 4fc3e45ef6972375c0a1bff9f84ab91d to remote] DEBUG org.asynchttpclient.netty.request.NettyRequestSender - Using open Channel [id: 0x7eac02a0, L:/127.0.0.1:50525 - R:localhost/127.0.0.1:51116] for POST '/session/4fc3e45ef6972375c0a1bff9f84ab91d/element'
21:14:05.687 [AsyncHttpClient-1-1] DEBUG org.asynchttpclient.netty.channel.DefaultChannelPool - Entry count for : http://localhost:50526 : 1
21:14:06.791 [AsyncHttpClient-1-1] DEBUG org.asynchttpclient.netty.channel.DefaultChannelPool - Entry count for : http://localhost:50526 : 1
21:14:07.421 [AsyncHttpClient-1-15] DEBUG org.asynchttpclient.netty.handler.HttpHandler - 

Request DefaultHttpRequest(decodeResult: success, version: HTTP/1.1)
POST /session/4fc3e45ef6972375c0a1bff9f84ab91d/element HTTP/1.1
User-Agent: selenium/4.1.2 (java windows)
Content-Length: 87
Content-Type: application/json; charset=utf-8
host: localhost:51116
accept: */*

Response DefaultHttpResponse(decodeResult: success, version: HTTP/1.1)
HTTP/1.1 200 OK
Content-Type: application/json; charset=utf-8
cache-control: no-cache
content-length: 88

21:14:07.421 [AsyncHttpClient-1-15] DEBUG org.asynchttpclient.netty.channel.ChannelManager - Adding key: http://localhost:51116 for channel [id: 0x7eac02a0, L:/127.0.0.1:50525 - R:localhost/127.0.0.1:51116]
21:14:07.425 [Forwarding getElementTagName on session 4fc3e45ef6972375c0a1bff9f84ab91d to remote] DEBUG org.asynchttpclient.netty.request.NettyRequestSender - Using pooled Channel '[id: 0x7eac02a0, L:/127.0.0.1:50525 - R:localhost/127.0.0.1:51116]' for 'GET' to 'http://localhost:51116/session/4fc3e45ef6972375c0a1bff9f84ab91d/element/f77801d3-ba68-4538-b82f-59364b7d2028/name'
21:14:07.425 [Forwarding getElementTagName on session 4fc3e45ef6972375c0a1bff9f84ab91d to remote] DEBUG org.asynchttpclient.netty.request.NettyRequestSender - Using open Channel [id: 0x7eac02a0, L:/127.0.0.1:50525 - R:localhost/127.0.0.1:51116] for GET '/session/4fc3e45ef6972375c0a1bff9f84ab91d/element/f77801d3-ba68-4538-b82f-59364b7d2028/name'
21:14:07.430 [AsyncHttpClient-1-15] DEBUG org.asynchttpclient.netty.handler.HttpHandler - 

Request DefaultFullHttpRequest(decodeResult: success, version: HTTP/1.1, content: EmptyByteBufBE)
GET /session/4fc3e45ef6972375c0a1bff9f84ab91d/element/f77801d3-ba68-4538-b82f-59364b7d2028/name HTTP/1.1
User-Agent: selenium/4.1.2 (java windows)
Cache-Control: no-cache
Content-Type: application/json; charset=utf-8
host: localhost:51116
accept: */*

Response DefaultHttpResponse(decodeResult: success, version: HTTP/1.1)
HTTP/1.1 200 OK
Content-Type: application/json; charset=utf-8
cache-control: no-cache
content-length: 16

21:14:07.430 [AsyncHttpClient-1-15] DEBUG org.asynchttpclient.netty.channel.ChannelManager - Adding key: http://localhost:51116 for channel [id: 0x7eac02a0, L:/127.0.0.1:50525 - R:localhost/127.0.0.1:51116]
21:14:07.432 [Forwarding getElementTagName on session 4fc3e45ef6972375c0a1bff9f84ab91d to remote] DEBUG org.asynchttpclient.netty.request.NettyRequestSender - Using pooled Channel '[id: 0x7eac02a0, L:/127.0.0.1:50525 - R:localhost/127.0.0.1:51116]' for 'GET' to 'http://localhost:51116/session/4fc3e45ef6972375c0a1bff9f84ab91d/element/f77801d3-ba68-4538-b82f-59364b7d2028/name'
21:14:07.432 [Forwarding getElementTagName on session 4fc3e45ef6972375c0a1bff9f84ab91d to remote] DEBUG org.asynchttpclient.netty.request.NettyRequestSender - Using open Channel [id: 0x7eac02a0, L:/127.0.0.1:50525 - R:localhost/127.0.0.1:51116] for GET '/session/4fc3e45ef6972375c0a1bff9f84ab91d/element/f77801d3-ba68-4538-b82f-59364b7d2028/name'
21:14:07.436 [AsyncHttpClient-1-15] DEBUG org.asynchttpclient.netty.handler.HttpHandler - 

Request DefaultFullHttpRequest(decodeResult: success, version: HTTP/1.1, content: EmptyByteBufBE)
GET /session/4fc3e45ef6972375c0a1bff9f84ab91d/element/f77801d3-ba68-4538-b82f-59364b7d2028/name HTTP/1.1
User-Agent: selenium/4.1.2 (java windows)
Cache-Control: no-cache
Content-Type: application/json; charset=utf-8
host: localhost:51116
accept: */*

Response DefaultHttpResponse(decodeResult: success, version: HTTP/1.1)
HTTP/1.1 200 OK
Content-Type: application/json; charset=utf-8
cache-control: no-cache
content-length: 16

21:14:07.437 [AsyncHttpClient-1-15] DEBUG org.asynchttpclient.netty.channel.ChannelManager - Adding key: http://localhost:51116 for channel [id: 0x7eac02a0, L:/127.0.0.1:50525 - R:localhost/127.0.0.1:51116]
21:14:07.440 [Forwarding findElement on session 4fc3e45ef6972375c0a1bff9f84ab91d to remote] DEBUG org.asynchttpclient.netty.request.NettyRequestSender - Using pooled Channel '[id: 0x7eac02a0, L:/127.0.0.1:50525 - R:localhost/127.0.0.1:51116]' for 'POST' to 'http://localhost:51116/session/4fc3e45ef6972375c0a1bff9f84ab91d/element'
21:14:07.440 [Forwarding findElement on session 4fc3e45ef6972375c0a1bff9f84ab91d to remote] DEBUG org.asynchttpclient.netty.request.NettyRequestSender - Using open Channel [id: 0x7eac02a0, L:/127.0.0.1:50525 - R:localhost/127.0.0.1:51116] for POST '/session/4fc3e45ef6972375c0a1bff9f84ab91d/element'
21:14:07.452 [AsyncHttpClient-1-15] DEBUG org.asynchttpclient.netty.handler.HttpHandler - 

Request DefaultHttpRequest(decodeResult: success, version: HTTP/1.1)
POST /session/4fc3e45ef6972375c0a1bff9f84ab91d/element HTTP/1.1
User-Agent: selenium/4.1.2 (java windows)
Content-Length: 87
Content-Type: application/json; charset=utf-8
host: localhost:51116
accept: */*

Response DefaultHttpResponse(decodeResult: success, version: HTTP/1.1)
HTTP/1.1 200 OK
Content-Type: application/json; charset=utf-8
cache-control: no-cache
content-length: 88

21:14:07.452 [AsyncHttpClient-1-15] DEBUG org.asynchttpclient.netty.channel.ChannelManager - Adding key: http://localhost:51116 for channel [id: 0x7eac02a0, L:/127.0.0.1:50525 - R:localhost/127.0.0.1:51116]
21:14:07.454 [Forwarding clickElement on session 4fc3e45ef6972375c0a1bff9f84ab91d to remote] DEBUG org.asynchttpclient.netty.request.NettyRequestSender - Using pooled Channel '[id: 0x7eac02a0, L:/127.0.0.1:50525 - R:localhost/127.0.0.1:51116]' for 'POST' to 'http://localhost:51116/session/4fc3e45ef6972375c0a1bff9f84ab91d/element/f77801d3-ba68-4538-b82f-59364b7d2028/click'
21:14:07.454 [Forwarding clickElement on session 4fc3e45ef6972375c0a1bff9f84ab91d to remote] DEBUG org.asynchttpclient.netty.request.NettyRequestSender - Using open Channel [id: 0x7eac02a0, L:/127.0.0.1:50525 - R:localhost/127.0.0.1:51116] for POST '/session/4fc3e45ef6972375c0a1bff9f84ab91d/element/f77801d3-ba68-4538-b82f-59364b7d2028/click'
21:14:07.528 [AsyncHttpClient-1-15] DEBUG org.asynchttpclient.netty.handler.HttpHandler - 

Request DefaultHttpRequest(decodeResult: success, version: HTTP/1.1)
POST /session/4fc3e45ef6972375c0a1bff9f84ab91d/element/f77801d3-ba68-4538-b82f-59364b7d2028/click HTTP/1.1
User-Agent: selenium/4.1.2 (java windows)
Content-Length: 50
Content-Type: application/json; charset=utf-8
host: localhost:51116
accept: */*

Response DefaultHttpResponse(decodeResult: success, version: HTTP/1.1)
HTTP/1.1 200 OK
Content-Type: application/json; charset=utf-8
cache-control: no-cache
content-length: 14

21:14:07.528 [AsyncHttpClient-1-15] DEBUG org.asynchttpclient.netty.channel.ChannelManager - Adding key: http://localhost:51116 for channel [id: 0x7eac02a0, L:/127.0.0.1:50525 - R:localhost/127.0.0.1:51116]
  &amp#27;[32mWhen &amp#27;[0m&amp#27;[32mI click detail on one of the products&amp#27;[0m &amp#27;[90m# starter.stepdefinitions.ProductSteps.iClickDetailOnOneOfTheProducts()&amp#27;[0m
21:14:07.539 [Forwarding screenshot on session 4fc3e45ef6972375c0a1bff9f84ab91d to remote] DEBUG org.asynchttpclient.netty.request.NettyRequestSender - Using pooled Channel '[id: 0x7eac02a0, L:/127.0.0.1:50525 - R:localhost/127.0.0.1:51116]' for 'GET' to 'http://localhost:51116/session/4fc3e45ef6972375c0a1bff9f84ab91d/screenshot'
21:14:07.539 [Forwarding screenshot on session 4fc3e45ef6972375c0a1bff9f84ab91d to remote] DEBUG org.asynchttpclient.netty.request.NettyRequestSender - Using open Channel [id: 0x7eac02a0, L:/127.0.0.1:50525 - R:localhost/127.0.0.1:51116] for GET '/session/4fc3e45ef6972375c0a1bff9f84ab91d/screenshot'
21:14:07.888 [AsyncHttpClient-1-1] DEBUG org.asynchttpclient.netty.channel.DefaultChannelPool - Entry count for : http://localhost:50526 : 1
21:14:07.941 [AsyncHttpClient-1-15] DEBUG org.asynchttpclient.netty.handler.HttpHandler - 

Request DefaultFullHttpRequest(decodeResult: success, version: HTTP/1.1, content: EmptyByteBufBE)
GET /session/4fc3e45ef6972375c0a1bff9f84ab91d/screenshot HTTP/1.1
User-Agent: selenium/4.1.2 (java windows)
Cache-Control: no-cache
Content-Type: application/json; charset=utf-8
host: localhost:51116
accept: */*

Response DefaultHttpResponse(decodeResult: success, version: HTTP/1.1)
HTTP/1.1 200 OK
Content-Type: application/json; charset=utf-8
cache-control: no-cache
content-length: 23204

21:14:07.941 [AsyncHttpClient-1-15] DEBUG org.asynchttpclient.netty.channel.ChannelManager - Adding key: http://localhost:51116 for channel [id: 0x7eac02a0, L:/127.0.0.1:50525 - R:localhost/127.0.0.1:51116]
21:14:07.942 [main] DEBUG net.serenitybdd.core.photography.Darkroom - Send negative for processing for target\site\serenity\1795edf2e4af280b3e358e06522890ab793c86c3fb85a577dcdf3842c7917fb0.png
21:14:07.943 [Darkroom Processing Line] DEBUG net.serenitybdd.core.photography.DarkroomProcessingLine - Processing screenshot image in /var/screenshots/screenshot-4015317752586259246
21:14:07.943 [Darkroom Processing Line] DEBUG net.serenitybdd.core.photography.DarkroomProcessingLine - Saving screenshot to target\site\serenity\1795edf2e4af280b3e358e06522890ab793c86c3fb85a577dcdf3842c7917fb0.png
21:14:07.950 [Forwarding findElement on session 4fc3e45ef6972375c0a1bff9f84ab91d to remote] DEBUG org.asynchttpclient.netty.request.NettyRequestSender - Using pooled Channel '[id: 0x7eac02a0, L:/127.0.0.1:50525 - R:localhost/127.0.0.1:51116]' for 'POST' to 'http://localhost:51116/session/4fc3e45ef6972375c0a1bff9f84ab91d/element'
21:14:07.950 [Forwarding findElement on session 4fc3e45ef6972375c0a1bff9f84ab91d to remote] DEBUG org.asynchttpclient.netty.request.NettyRequestSender - Using open Channel [id: 0x7eac02a0, L:/127.0.0.1:50525 - R:localhost/127.0.0.1:51116] for POST '/session/4fc3e45ef6972375c0a1bff9f84ab91d/element'
21:14:08.988 [AsyncHttpClient-1-1] DEBUG org.asynchttpclient.netty.channel.DefaultChannelPool - Entry count for : http://localhost:50526 : 1
21:14:09.518 [AsyncHttpClient-1-15] DEBUG org.asynchttpclient.netty.handler.HttpHandler - 

Request DefaultHttpRequest(decodeResult: success, version: HTTP/1.1)
POST /session/4fc3e45ef6972375c0a1bff9f84ab91d/element HTTP/1.1
User-Agent: selenium/4.1.2 (java windows)
Content-Length: 125
Content-Type: application/json; charset=utf-8
host: localhost:51116
accept: */*

Response DefaultHttpResponse(decodeResult: success, version: HTTP/1.1)
HTTP/1.1 200 OK
Content-Type: application/json; charset=utf-8
cache-control: no-cache
content-length: 88

21:14:09.518 [AsyncHttpClient-1-15] DEBUG org.asynchttpclient.netty.channel.ChannelManager - Adding key: http://localhost:51116 for channel [id: 0x7eac02a0, L:/127.0.0.1:50525 - R:localhost/127.0.0.1:51116]
21:14:09.521 [Forwarding isElementDisplayed on session 4fc3e45ef6972375c0a1bff9f84ab91d to remote] DEBUG org.asynchttpclient.netty.request.NettyRequestSender - Using pooled Channel '[id: 0x7eac02a0, L:/127.0.0.1:50525 - R:localhost/127.0.0.1:51116]' for 'POST' to 'http://localhost:51116/session/4fc3e45ef6972375c0a1bff9f84ab91d/execute/sync'
21:14:09.521 [Forwarding isElementDisplayed on session 4fc3e45ef6972375c0a1bff9f84ab91d to remote] DEBUG org.asynchttpclient.netty.request.NettyRequestSender - Using open Channel [id: 0x7eac02a0, L:/127.0.0.1:50525 - R:localhost/127.0.0.1:51116] for POST '/session/4fc3e45ef6972375c0a1bff9f84ab91d/execute/sync'
21:14:09.534 [AsyncHttpClient-1-15] DEBUG org.asynchttpclient.netty.handler.HttpHandler - 

Request DefaultHttpRequest(decodeResult: success, version: HTTP/1.1)
POST /session/4fc3e45ef6972375c0a1bff9f84ab91d/execute/sync HTTP/1.1
User-Agent: selenium/4.1.2 (java windows)
Content-Length: 48780
Content-Type: application/json; charset=utf-8
host: localhost:51116
accept: */*

Response DefaultHttpResponse(decodeResult: success, version: HTTP/1.1)
HTTP/1.1 200 OK
Content-Type: application/json; charset=utf-8
cache-control: no-cache
content-length: 14

21:14:09.535 [AsyncHttpClient-1-15] DEBUG org.asynchttpclient.netty.channel.ChannelManager - Adding key: http://localhost:51116 for channel [id: 0x7eac02a0, L:/127.0.0.1:50525 - R:localhost/127.0.0.1:51116]
  &amp#27;[32mThen &amp#27;[0m&amp#27;[32mI get the product details&amp#27;[0m             &amp#27;[90m# starter.stepdefinitions.ProductSteps.iGetTheProductDetails()&amp#27;[0m
21:14:09.540 [Forwarding screenshot on session 4fc3e45ef6972375c0a1bff9f84ab91d to remote] DEBUG org.asynchttpclient.netty.request.NettyRequestSender - Using pooled Channel '[id: 0x7eac02a0, L:/127.0.0.1:50525 - R:localhost/127.0.0.1:51116]' for 'GET' to 'http://localhost:51116/session/4fc3e45ef6972375c0a1bff9f84ab91d/screenshot'
21:14:09.540 [Forwarding screenshot on session 4fc3e45ef6972375c0a1bff9f84ab91d to remote] DEBUG org.asynchttpclient.netty.request.NettyRequestSender - Using open Channel [id: 0x7eac02a0, L:/127.0.0.1:50525 - R:localhost/127.0.0.1:51116] for GET '/session/4fc3e45ef6972375c0a1bff9f84ab91d/screenshot'
21:14:09.700 [AsyncHttpClient-1-15] DEBUG org.asynchttpclient.netty.handler.HttpHandler - 

Request DefaultFullHttpRequest(decodeResult: success, version: HTTP/1.1, content: EmptyByteBufBE)
GET /session/4fc3e45ef6972375c0a1bff9f84ab91d/screenshot HTTP/1.1
User-Agent: selenium/4.1.2 (java windows)
Cache-Control: no-cache
Content-Type: application/json; charset=utf-8
host: localhost:51116
accept: */*

Response DefaultHttpResponse(decodeResult: success, version: HTTP/1.1)
HTTP/1.1 200 OK
Content-Type: application/json; charset=utf-8
cache-control: no-cache
content-length: 38760

21:14:09.700 [AsyncHttpClient-1-15] DEBUG org.asynchttpclient.netty.channel.ChannelManager - Adding key: http://localhost:51116 for channel [id: 0x7eac02a0, L:/127.0.0.1:50525 - R:localhost/127.0.0.1:51116]
21:14:09.702 [main] DEBUG net.serenitybdd.core.photography.Darkroom - Send negative for processing for target\site\serenity\b399b77e80c22392c488bd559e1950d3f2bba3277c4fcc47c3af2e0900b14a2f.png
21:14:09.703 [Darkroom Processing Line] DEBUG net.serenitybdd.core.photography.DarkroomProcessingLine - Processing screenshot image in /var/screenshots/screenshot-12096473672294418475
21:14:09.703 [Darkroom Processing Line] DEBUG net.serenitybdd.core.photography.DarkroomProcessingLine - Saving screenshot to target\site\serenity\b399b77e80c22392c488bd559e1950d3f2bba3277c4fcc47c3af2e0900b14a2f.png
21:14:09.703 [main] INFO  - 
  _____   ___   ___   _____     ___     _     ___   ___   ___   ___  
 |_   _| | __| / __| |_   _|   | _ \   /_\   / __| / __| | __| |   \ 
   | |   | _|  \__ \   | |     |  _/  / _ \  \__ \ \__ \ | _|  | |) |
   |_|   |___| |___/   |_|     |_|   /_/ \_\ |___/ |___/ |___| |___/ 

View Product Detail
----------------------------------------------------------------------
21:14:09.705 [AsyncHttpClient-1-17] DEBUG org.asynchttpclient.netty.handler.WebSocketHandler - Channel Closed: [id: 0xe75ee3f0, L:/127.0.0.1:50534 ! R:localhost/127.0.0.1:50526] with attribute NettyResponseFuture{currentRetry=5,
	isDone=1,
	isCancelled=0,
	asyncHandler=org.asynchttpclient.ws.WebSocketUpgradeHandler@6a3143bb,
	nettyRequest=org.asynchttpclient.netty.request.NettyRequest@647ebd51,
	future=java.util.concurrent.CompletableFuture@5bacbb32[Completed normally],
	uri=ws://localhost:50526/devtools/browser/9964e911-b3ad-43b2-a85a-86ea68e80f4c,
	keepAlive=true,
	redirectCount=0,
	timeoutsHolder=null,
	inAuth=0,
	touch=1667484842944}
21:14:09.705 [AsyncHttpClient-1-17] DEBUG org.asynchttpclient.netty.channel.ChannelManager - Closing Channel [id: 0xe75ee3f0, L:/127.0.0.1:50534 ! R:localhost/127.0.0.1:50526] 
21:14:09.706 [Driver Command Executor] DEBUG org.asynchttpclient.netty.request.NettyRequestSender - Using pooled Channel '[id: 0x7eac02a0, L:/127.0.0.1:50525 - R:localhost/127.0.0.1:51116]' for 'DELETE' to 'http://localhost:51116/session/4fc3e45ef6972375c0a1bff9f84ab91d'
21:14:09.706 [Driver Command Executor] DEBUG org.asynchttpclient.netty.request.NettyRequestSender - Using open Channel [id: 0x7eac02a0, L:/127.0.0.1:50525 - R:localhost/127.0.0.1:51116] for DELETE '/session/4fc3e45ef6972375c0a1bff9f84ab91d'
21:14:09.790 [AsyncHttpClient-1-16] DEBUG org.asynchttpclient.netty.handler.HttpHandler - Unexpected I/O exception on channel [id: 0xe112020c, L:/127.0.0.1:50533 - R:localhost/127.0.0.1:50526]
java.net.SocketException: Connection reset
	at java.base/sun.nio.ch.SocketChannelImpl.throwConnectionReset(SocketChannelImpl.java:345)
	at java.base/sun.nio.ch.SocketChannelImpl.read(SocketChannelImpl.java:376)
	at io.netty.buffer.PooledByteBuf.setBytes(PooledByteBuf.java:258)
	at io.netty.buffer.AbstractByteBuf.writeBytes(AbstractByteBuf.java:1132)
	at io.netty.channel.socket.nio.NioSocketChannel.doReadBytes(NioSocketChannel.java:350)
	at io.netty.channel.nio.AbstractNioByteChannel$NioByteUnsafe.read(AbstractNioByteChannel.java:151)
	at io.netty.channel.nio.NioEventLoop.processSelectedKey(NioEventLoop.java:722)
	at io.netty.channel.nio.NioEventLoop.processSelectedKeysOptimized(NioEventLoop.java:658)
	at io.netty.channel.nio.NioEventLoop.processSelectedKeys(NioEventLoop.java:584)
	at io.netty.channel.nio.NioEventLoop.run(NioEventLoop.java:496)
	at io.netty.util.concurrent.SingleThreadEventExecutor$4.run(SingleThreadEventExecutor.java:986)
	at io.netty.util.internal.ThreadExecutorMap$2.run(ThreadExecutorMap.java:74)
	at io.netty.util.concurrent.FastThreadLocalRunnable.run(FastThreadLocalRunnable.java:30)
	at java.base/java.lang.Thread.run(Thread.java:830)
21:14:09.790 [AsyncHttpClient-1-16] DEBUG org.asynchttpclient.netty.channel.ChannelManager - Closing Channel [id: 0xe112020c, L:/127.0.0.1:50533 - R:localhost/127.0.0.1:50526] 
21:14:09.791 [AsyncHttpClient-1-16] DEBUG org.asynchttpclient.netty.handler.HttpHandler - Channel Closed: [id: 0xe112020c, L:/127.0.0.1:50533 ! R:localhost/127.0.0.1:50526] with attribute DISCARD
21:14:09.832 [AsyncHttpClient-1-15] DEBUG org.asynchttpclient.netty.handler.HttpHandler - 

Request DefaultFullHttpRequest(decodeResult: success, version: HTTP/1.1, content: EmptyByteBufBE)
DELETE /session/4fc3e45ef6972375c0a1bff9f84ab91d HTTP/1.1
User-Agent: selenium/4.1.2 (java windows)
Content-Type: application/json; charset=utf-8
host: localhost:51116
accept: */*

Response DefaultHttpResponse(decodeResult: success, version: HTTP/1.1)
HTTP/1.1 200 OK
Content-Type: application/json; charset=utf-8
cache-control: no-cache
content-length: 14

21:14:09.833 [AsyncHttpClient-1-15] DEBUG org.asynchttpclient.netty.channel.ChannelManager - Adding key: http://localhost:51116 for channel [id: 0x7eac02a0, L:/127.0.0.1:50525 - R:localhost/127.0.0.1:51116]
21:14:09.915 [AsyncHttpClient-1-15] DEBUG org.asynchttpclient.netty.handler.HttpHandler - Channel Closed: [id: 0x7eac02a0, L:/127.0.0.1:50525 ! R:localhost/127.0.0.1:51116] with attribute DISCARD
21:14:10.087 [AsyncHttpClient-1-1] DEBUG org.asynchttpclient.netty.channel.DefaultChannelPool - Entry count for : http://localhost:51116 : 1
21:14:10.087 [AsyncHttpClient-1-1] DEBUG org.asynchttpclient.netty.channel.DefaultChannelPool - Entry count for : http://localhost:50526 : 1
21:14:10.087 [AsyncHttpClient-1-1] DEBUG org.asynchttpclient.netty.channel.DefaultChannelPool - Adding Candidate expired Channel [id: 0x7eac02a0, L:/127.0.0.1:50525 ! R:localhost/127.0.0.1:51116] isIdleTimeoutExpired=false isRemotelyClosed=true isTtlExpired=false
21:14:10.087 [AsyncHttpClient-1-1] DEBUG org.asynchttpclient.netty.channel.DefaultChannelPool - Closing Idle Channel [id: 0x7eac02a0, L:/127.0.0.1:50525 ! R:localhost/127.0.0.1:51116]
21:14:10.087 [AsyncHttpClient-1-1] DEBUG org.asynchttpclient.netty.channel.DefaultChannelPool - Adding Candidate expired Channel [id: 0xe112020c, L:/127.0.0.1:50533 ! R:localhost/127.0.0.1:50526] isIdleTimeoutExpired=false isRemotelyClosed=true isTtlExpired=false
21:14:10.087 [AsyncHttpClient-1-1] DEBUG org.asynchttpclient.netty.channel.DefaultChannelPool - Closing Idle Channel [id: 0xe112020c, L:/127.0.0.1:50533 ! R:localhost/127.0.0.1:50526]
21:14:10.087 [AsyncHttpClient-1-1] DEBUG org.asynchttpclient.netty.channel.DefaultChannelPool - Closed 2 connections out of 2 in 0 ms
]]></system-out>
    <system-err><![CDATA[Starting ChromeDriver 106.0.5249.61 (511755355844955cd3e264779baf0dd38212a4d0-refs/branch-heads/5249@{#569}) on port 51116
Only local connections are allowed.
Please see https://chromedriver.chromium.org/security-considerations for suggestions on keeping ChromeDriver safe.
ChromeDriver was started successfully.
[1667484842.686][WARNING]: This version of ChromeDriver has not been tested with Chrome version 107.
Nov 03, 2022 9:14:02 PM org.openqa.selenium.remote.ProtocolHandshake createSession
INFO: Detected dialect: W3C
Nov 03, 2022 9:14:02 PM org.openqa.selenium.devtools.CdpVersionFinder findNearestMatch
WARNING: Unable to find an exact match for CDP version 107, so returning the closest version found: a no-op implementation
Nov 03, 2022 9:14:02 PM org.openqa.selenium.devtools.CdpVersionFinder findNearestMatch
INFO: Unable to find CDP implementation matching 107.
Nov 03, 2022 9:14:02 PM org.openqa.selenium.chromium.ChromiumDriver lambda$new$3
WARNING: Unable to find version of CDP to use for . You may need to include a dependency on a specific version of the CDP using something similar to `org.seleniumhq.selenium:selenium-devtools-v86:4.1.2` where the version ("v86") matches the version of the chromium-based browser you're using and the version number of the artifact is the same as Selenium's.
]]></system-err>
  </testcase>
  <testcase name="Add Product to Cart" classname="Manage Product" time="7.245">
    <system-out><![CDATA[
Scenario: Add Product to Cart      &amp#27;[90m# src/test/resources/features/Product.feature:21&amp#27;[0m
21:14:10.446 [main] INFO io.cucumber.core.plugin.SerenityReporter - Running feature from file:///C:/Users/ASUS/Desktop/stupen/miniproject/Web/ASWeb/src/test/resources/features/Product.feature
21:14:10.449 [main] INFO  - 
  _____   ___   ___   _____     ___   _____     _     ___   _____   ___   ___  
 |_   _| | __| / __| |_   _|   / __| |_   _|   /_\   | _ \ |_   _| | __| |   \ 
   | |   | _|  \__ \   | |     \__ \   | |    / _ \  |   /   | |   | _|  | |) |
   |_|   |___| |___/   |_|     |___/   |_|   /_/ \_\ |_|_\   |_|   |___| |___/ 

Add Product to Cart(manage-product;add-product-to-cart)
--------------------------------------------------------------------------------
21:14:10.466 [main] INFO net.serenitybdd.core.webdriver.driverproviders.ChromeDriverProvider - Using automatically driver download
21:14:10.653 [main] DEBUG io.github.bonigarcia.wdm.cache.ResolutionCache - Resolution chrome=107 in cache (valid until 21:49:49 03/11/2022 WIB)
21:14:10.661 [main] DEBUG io.github.bonigarcia.wdm.cache.ResolutionCache - Resolution chrome107=107.0.5304.62 in cache (valid until 16:49:12 04/11/2022 WIB)
21:14:10.665 [main] INFO io.github.bonigarcia.wdm.WebDriverManager - Using chromedriver 107.0.5304.62 (resolved driver for Chrome 107)
21:14:10.680 [main] DEBUG io.github.bonigarcia.wdm.WebDriverManager - Driver chromedriver 107.0.5304.62 found in cache
21:14:10.681 [main] INFO io.github.bonigarcia.wdm.WebDriverManager - Exporting webdriver.chrome.driver as C:\Users\ASUS\.cache\selenium\chromedriver\win32\107.0.5304.62\chromedriver.exe
21:14:10.875 [main] DEBUG net.serenitybdd.core.webdriver.driverproviders.ProvideNewDriver - Instantiating driver
21:14:10.875 [main] DEBUG net.serenitybdd.core.webdriver.driverproviders.ProvideNewDriver - Driver capabilities: Capabilities {acceptInsecureCerts: false, base.url: https://alta-shop.vercel.app/, browserName: chrome, chrome.driver: src/test/resources/webdrive..., driver: chrome, goog:chromeOptions: {args: [], extensions: []}, wait.for.timeout: 10000}
21:14:11.426 [AsyncHttpClient-1-2] DEBUG org.asynchttpclient.netty.channel.NettyConnectListener - Using new Channel '[id: 0xe65cd48e, L:/127.0.0.1:50561 - R:localhost/127.0.0.1:53681]' for 'POST' to '/session'
21:14:12.819 [AsyncHttpClient-1-2] DEBUG org.asynchttpclient.netty.handler.HttpHandler - 

Request DefaultHttpRequest(decodeResult: success, version: HTTP/1.1)
POST /session HTTP/1.1
User-Agent: selenium/4.1.2 (java windows)
Content-Length: 646
Content-Type: application/json; charset=utf-8
host: localhost:53681
accept: */*

Response DefaultHttpResponse(decodeResult: success, version: HTTP/1.1)
HTTP/1.1 200 OK
Content-Type: application/json; charset=utf-8
cache-control: no-cache
content-length: 787

21:14:12.819 [AsyncHttpClient-1-2] DEBUG org.asynchttpclient.netty.channel.ChannelManager - Adding key: http://localhost:53681 for channel [id: 0xe65cd48e, L:/127.0.0.1:50561 - R:localhost/127.0.0.1:53681]
21:14:12.823 [AsyncHttpClient-1-3] DEBUG org.asynchttpclient.netty.channel.NettyConnectListener - Using new Channel '[id: 0x2c3af9fd, L:/127.0.0.1:50570 - R:localhost/127.0.0.1:50563]' for 'GET' to '/json/version'
21:14:12.824 [AsyncHttpClient-1-3] DEBUG org.asynchttpclient.netty.handler.HttpHandler - 

Request DefaultFullHttpRequest(decodeResult: success, version: HTTP/1.1, content: EmptyByteBufBE)
GET /json/version HTTP/1.1
User-Agent: selenium/4.1.2 (java windows)
host: localhost:50563
accept: */*

Response DefaultHttpResponse(decodeResult: success, version: HTTP/1.1)
HTTP/1.1 200 OK
Content-Type: application/json; charset=UTF-8
content-length: 423

21:14:12.824 [AsyncHttpClient-1-3] DEBUG org.asynchttpclient.netty.channel.ChannelManager - Adding key: http://localhost:50563 for channel [id: 0x2c3af9fd, L:/127.0.0.1:50570 - R:localhost/127.0.0.1:50563]
21:14:12.826 [AsyncHttpClient-1-4] DEBUG org.asynchttpclient.netty.channel.NettyConnectListener - Using new Channel '[id: 0x8b4ec250, L:/127.0.0.1:50571 - R:localhost/127.0.0.1:50563]' for 'GET' to '/devtools/browser/70d93133-3a6b-4a51-9ea3-45ad506f4b17'
21:14:12.827 [AsyncHttpClient-1-4] DEBUG org.asynchttpclient.netty.handler.WebSocketHandler - 

Request DefaultFullHttpRequest(decodeResult: success, version: HTTP/1.1, content: EmptyByteBufBE)
GET /devtools/browser/70d93133-3a6b-4a51-9ea3-45ad506f4b17 HTTP/1.1
upgrade: websocket
connection: upgrade
sec-websocket-key: 6RzXtXkK0sIcNwfo34J7/g==
sec-websocket-version: 13
origin: http://localhost:50563
host: localhost:50563
accept: */*
user-agent: AHC/2.1

Response DefaultHttpResponse(decodeResult: success, version: HTTP/1.1)
HTTP/1.1 101 WebSocket Protocol Handshake
Upgrade: WebSocket
Connection: Upgrade
Sec-WebSocket-Accept: 4iWAyS336315biRnkr4Ao6/5RN4=

21:14:12.830 [Forwarding get on session 192f61ef37ebfc114b8a8d8bd3734d3b to remote] DEBUG org.asynchttpclient.netty.request.NettyRequestSender - Using pooled Channel '[id: 0xe65cd48e, L:/127.0.0.1:50561 - R:localhost/127.0.0.1:53681]' for 'POST' to 'http://localhost:53681/session/192f61ef37ebfc114b8a8d8bd3734d3b/url'
21:14:12.830 [Forwarding get on session 192f61ef37ebfc114b8a8d8bd3734d3b to remote] DEBUG org.asynchttpclient.netty.request.NettyRequestSender - Using open Channel [id: 0xe65cd48e, L:/127.0.0.1:50561 - R:localhost/127.0.0.1:53681] for POST '/session/192f61ef37ebfc114b8a8d8bd3734d3b/url'
21:14:13.386 [AsyncHttpClient-1-1] DEBUG org.asynchttpclient.netty.channel.DefaultChannelPool - Entry count for : http://localhost:50563 : 1
21:14:13.904 [AsyncHttpClient-1-2] DEBUG org.asynchttpclient.netty.handler.HttpHandler - 

Request DefaultHttpRequest(decodeResult: success, version: HTTP/1.1)
POST /session/192f61ef37ebfc114b8a8d8bd3734d3b/url HTTP/1.1
User-Agent: selenium/4.1.2 (java windows)
Content-Length: 59
Content-Type: application/json; charset=utf-8
host: localhost:53681
accept: */*

Response DefaultHttpResponse(decodeResult: success, version: HTTP/1.1)
HTTP/1.1 200 OK
Content-Type: application/json; charset=utf-8
cache-control: no-cache
content-length: 14

21:14:13.905 [AsyncHttpClient-1-2] DEBUG org.asynchttpclient.netty.channel.ChannelManager - Adding key: http://localhost:53681 for channel [id: 0xe65cd48e, L:/127.0.0.1:50561 - R:localhost/127.0.0.1:53681]
21:14:13.905 [Forwarding setTimeout on session 192f61ef37ebfc114b8a8d8bd3734d3b to remote] DEBUG org.asynchttpclient.netty.request.NettyRequestSender - Using pooled Channel '[id: 0xe65cd48e, L:/127.0.0.1:50561 - R:localhost/127.0.0.1:53681]' for 'POST' to 'http://localhost:53681/session/192f61ef37ebfc114b8a8d8bd3734d3b/timeouts'
21:14:13.905 [Forwarding setTimeout on session 192f61ef37ebfc114b8a8d8bd3734d3b to remote] DEBUG org.asynchttpclient.netty.request.NettyRequestSender - Using open Channel [id: 0xe65cd48e, L:/127.0.0.1:50561 - R:localhost/127.0.0.1:53681] for POST '/session/192f61ef37ebfc114b8a8d8bd3734d3b/timeouts'
21:14:13.906 [AsyncHttpClient-1-2] DEBUG org.asynchttpclient.netty.handler.HttpHandler - 

Request DefaultHttpRequest(decodeResult: success, version: HTTP/1.1)
POST /session/192f61ef37ebfc114b8a8d8bd3734d3b/timeouts HTTP/1.1
User-Agent: selenium/4.1.2 (java windows)
Content-Length: 22
Content-Type: application/json; charset=utf-8
host: localhost:53681
accept: */*

Response DefaultHttpResponse(decodeResult: success, version: HTTP/1.1)
HTTP/1.1 200 OK
Content-Type: application/json; charset=utf-8
cache-control: no-cache
content-length: 14

21:14:13.906 [AsyncHttpClient-1-2] DEBUG org.asynchttpclient.netty.channel.ChannelManager - Adding key: http://localhost:53681 for channel [id: 0xe65cd48e, L:/127.0.0.1:50561 - R:localhost/127.0.0.1:53681]
21:14:13.908 [Forwarding getCurrentUrl on session 192f61ef37ebfc114b8a8d8bd3734d3b to remote] DEBUG org.asynchttpclient.netty.request.NettyRequestSender - Using pooled Channel '[id: 0xe65cd48e, L:/127.0.0.1:50561 - R:localhost/127.0.0.1:53681]' for 'GET' to 'http://localhost:53681/session/192f61ef37ebfc114b8a8d8bd3734d3b/url'
21:14:13.908 [Forwarding getCurrentUrl on session 192f61ef37ebfc114b8a8d8bd3734d3b to remote] DEBUG org.asynchttpclient.netty.request.NettyRequestSender - Using open Channel [id: 0xe65cd48e, L:/127.0.0.1:50561 - R:localhost/127.0.0.1:53681] for GET '/session/192f61ef37ebfc114b8a8d8bd3734d3b/url'
21:14:13.912 [AsyncHttpClient-1-2] DEBUG org.asynchttpclient.netty.handler.HttpHandler - 

Request DefaultFullHttpRequest(decodeResult: success, version: HTTP/1.1, content: EmptyByteBufBE)
GET /session/192f61ef37ebfc114b8a8d8bd3734d3b/url HTTP/1.1
User-Agent: selenium/4.1.2 (java windows)
Cache-Control: no-cache
Content-Type: application/json; charset=utf-8
host: localhost:53681
accept: */*

Response DefaultHttpResponse(decodeResult: success, version: HTTP/1.1)
HTTP/1.1 200 OK
Content-Type: application/json; charset=utf-8
cache-control: no-cache
content-length: 41

21:14:13.912 [AsyncHttpClient-1-2] DEBUG org.asynchttpclient.netty.channel.ChannelManager - Adding key: http://localhost:53681 for channel [id: 0xe65cd48e, L:/127.0.0.1:50561 - R:localhost/127.0.0.1:53681]
  &amp#27;[32mGiven &amp#27;[0m&amp#27;[32mI open mainpage url&amp#27;[0m        &amp#27;[90m# starter.stepdefinitions.ProductSteps.iOpenMainpageUrl()&amp#27;[0m
21:14:13.916 [Forwarding screenshot on session 192f61ef37ebfc114b8a8d8bd3734d3b to remote] DEBUG org.asynchttpclient.netty.request.NettyRequestSender - Using pooled Channel '[id: 0xe65cd48e, L:/127.0.0.1:50561 - R:localhost/127.0.0.1:53681]' for 'GET' to 'http://localhost:53681/session/192f61ef37ebfc114b8a8d8bd3734d3b/screenshot'
21:14:13.916 [Forwarding screenshot on session 192f61ef37ebfc114b8a8d8bd3734d3b to remote] DEBUG org.asynchttpclient.netty.request.NettyRequestSender - Using open Channel [id: 0xe65cd48e, L:/127.0.0.1:50561 - R:localhost/127.0.0.1:53681] for GET '/session/192f61ef37ebfc114b8a8d8bd3734d3b/screenshot'
21:14:14.150 [AsyncHttpClient-1-2] DEBUG org.asynchttpclient.netty.handler.HttpHandler - 

Request DefaultFullHttpRequest(decodeResult: success, version: HTTP/1.1, content: EmptyByteBufBE)
GET /session/192f61ef37ebfc114b8a8d8bd3734d3b/screenshot HTTP/1.1
User-Agent: selenium/4.1.2 (java windows)
Cache-Control: no-cache
Content-Type: application/json; charset=utf-8
host: localhost:53681
accept: */*

Response DefaultHttpResponse(decodeResult: success, version: HTTP/1.1)
HTTP/1.1 200 OK
Content-Type: application/json; charset=utf-8
cache-control: no-cache
content-length: 43948

21:14:14.151 [AsyncHttpClient-1-2] DEBUG org.asynchttpclient.netty.channel.ChannelManager - Adding key: http://localhost:53681 for channel [id: 0xe65cd48e, L:/127.0.0.1:50561 - R:localhost/127.0.0.1:53681]
21:14:14.152 [main] DEBUG net.serenitybdd.core.photography.Darkroom - Send negative for processing for target\site\serenity\785b007bb0e882826facc32678127c4bcd303f02e9e328ee33d5e1690da18579.png
21:14:14.152 [Darkroom Processing Line] DEBUG net.serenitybdd.core.photography.DarkroomProcessingLine - Processing screenshot image in /var/screenshots/screenshot-17388860441209317329
21:14:14.152 [Darkroom Processing Line] DEBUG net.serenitybdd.core.photography.DarkroomProcessingLine - Saving screenshot to target\site\serenity\785b007bb0e882826facc32678127c4bcd303f02e9e328ee33d5e1690da18579.png
21:14:14.159 [Forwarding findElement on session 192f61ef37ebfc114b8a8d8bd3734d3b to remote] DEBUG org.asynchttpclient.netty.request.NettyRequestSender - Using pooled Channel '[id: 0xe65cd48e, L:/127.0.0.1:50561 - R:localhost/127.0.0.1:53681]' for 'POST' to 'http://localhost:53681/session/192f61ef37ebfc114b8a8d8bd3734d3b/element'
21:14:14.159 [Forwarding findElement on session 192f61ef37ebfc114b8a8d8bd3734d3b to remote] DEBUG org.asynchttpclient.netty.request.NettyRequestSender - Using open Channel [id: 0xe65cd48e, L:/127.0.0.1:50561 - R:localhost/127.0.0.1:53681] for POST '/session/192f61ef37ebfc114b8a8d8bd3734d3b/element'
21:14:14.490 [AsyncHttpClient-1-1] DEBUG org.asynchttpclient.netty.channel.DefaultChannelPool - Entry count for : http://localhost:50563 : 1
21:14:15.587 [AsyncHttpClient-1-1] DEBUG org.asynchttpclient.netty.channel.DefaultChannelPool - Entry count for : http://localhost:50563 : 1
21:14:16.686 [AsyncHttpClient-1-1] DEBUG org.asynchttpclient.netty.channel.DefaultChannelPool - Entry count for : http://localhost:50563 : 1
21:14:16.696 [AsyncHttpClient-1-2] DEBUG org.asynchttpclient.netty.handler.HttpHandler - 

Request DefaultHttpRequest(decodeResult: success, version: HTTP/1.1)
POST /session/192f61ef37ebfc114b8a8d8bd3734d3b/element HTTP/1.1
User-Agent: selenium/4.1.2 (java windows)
Content-Length: 85
Content-Type: application/json; charset=utf-8
host: localhost:53681
accept: */*

Response DefaultHttpResponse(decodeResult: success, version: HTTP/1.1)
HTTP/1.1 200 OK
Content-Type: application/json; charset=utf-8
cache-control: no-cache
content-length: 88

21:14:16.696 [AsyncHttpClient-1-2] DEBUG org.asynchttpclient.netty.channel.ChannelManager - Adding key: http://localhost:53681 for channel [id: 0xe65cd48e, L:/127.0.0.1:50561 - R:localhost/127.0.0.1:53681]
21:14:16.697 [Forwarding getElementTagName on session 192f61ef37ebfc114b8a8d8bd3734d3b to remote] DEBUG org.asynchttpclient.netty.request.NettyRequestSender - Using pooled Channel '[id: 0xe65cd48e, L:/127.0.0.1:50561 - R:localhost/127.0.0.1:53681]' for 'GET' to 'http://localhost:53681/session/192f61ef37ebfc114b8a8d8bd3734d3b/element/77482a49-bc07-4203-80c0-17b4c16c80df/name'
21:14:16.697 [Forwarding getElementTagName on session 192f61ef37ebfc114b8a8d8bd3734d3b to remote] DEBUG org.asynchttpclient.netty.request.NettyRequestSender - Using open Channel [id: 0xe65cd48e, L:/127.0.0.1:50561 - R:localhost/127.0.0.1:53681] for GET '/session/192f61ef37ebfc114b8a8d8bd3734d3b/element/77482a49-bc07-4203-80c0-17b4c16c80df/name'
21:14:16.701 [AsyncHttpClient-1-2] DEBUG org.asynchttpclient.netty.handler.HttpHandler - 

Request DefaultFullHttpRequest(decodeResult: success, version: HTTP/1.1, content: EmptyByteBufBE)
GET /session/192f61ef37ebfc114b8a8d8bd3734d3b/element/77482a49-bc07-4203-80c0-17b4c16c80df/name HTTP/1.1
User-Agent: selenium/4.1.2 (java windows)
Cache-Control: no-cache
Content-Type: application/json; charset=utf-8
host: localhost:53681
accept: */*

Response DefaultHttpResponse(decodeResult: success, version: HTTP/1.1)
HTTP/1.1 200 OK
Content-Type: application/json; charset=utf-8
cache-control: no-cache
content-length: 16

21:14:16.702 [AsyncHttpClient-1-2] DEBUG org.asynchttpclient.netty.channel.ChannelManager - Adding key: http://localhost:53681 for channel [id: 0xe65cd48e, L:/127.0.0.1:50561 - R:localhost/127.0.0.1:53681]
21:14:16.703 [Forwarding getElementTagName on session 192f61ef37ebfc114b8a8d8bd3734d3b to remote] DEBUG org.asynchttpclient.netty.request.NettyRequestSender - Using pooled Channel '[id: 0xe65cd48e, L:/127.0.0.1:50561 - R:localhost/127.0.0.1:53681]' for 'GET' to 'http://localhost:53681/session/192f61ef37ebfc114b8a8d8bd3734d3b/element/77482a49-bc07-4203-80c0-17b4c16c80df/name'
21:14:16.703 [Forwarding getElementTagName on session 192f61ef37ebfc114b8a8d8bd3734d3b to remote] DEBUG org.asynchttpclient.netty.request.NettyRequestSender - Using open Channel [id: 0xe65cd48e, L:/127.0.0.1:50561 - R:localhost/127.0.0.1:53681] for GET '/session/192f61ef37ebfc114b8a8d8bd3734d3b/element/77482a49-bc07-4203-80c0-17b4c16c80df/name'
21:14:16.707 [AsyncHttpClient-1-2] DEBUG org.asynchttpclient.netty.handler.HttpHandler - 

Request DefaultFullHttpRequest(decodeResult: success, version: HTTP/1.1, content: EmptyByteBufBE)
GET /session/192f61ef37ebfc114b8a8d8bd3734d3b/element/77482a49-bc07-4203-80c0-17b4c16c80df/name HTTP/1.1
User-Agent: selenium/4.1.2 (java windows)
Cache-Control: no-cache
Content-Type: application/json; charset=utf-8
host: localhost:53681
accept: */*

Response DefaultHttpResponse(decodeResult: success, version: HTTP/1.1)
HTTP/1.1 200 OK
Content-Type: application/json; charset=utf-8
cache-control: no-cache
content-length: 16

21:14:16.707 [AsyncHttpClient-1-2] DEBUG org.asynchttpclient.netty.channel.ChannelManager - Adding key: http://localhost:53681 for channel [id: 0xe65cd48e, L:/127.0.0.1:50561 - R:localhost/127.0.0.1:53681]
21:14:16.708 [Forwarding findElement on session 192f61ef37ebfc114b8a8d8bd3734d3b to remote] DEBUG org.asynchttpclient.netty.request.NettyRequestSender - Using pooled Channel '[id: 0xe65cd48e, L:/127.0.0.1:50561 - R:localhost/127.0.0.1:53681]' for 'POST' to 'http://localhost:53681/session/192f61ef37ebfc114b8a8d8bd3734d3b/element'
21:14:16.708 [Forwarding findElement on session 192f61ef37ebfc114b8a8d8bd3734d3b to remote] DEBUG org.asynchttpclient.netty.request.NettyRequestSender - Using open Channel [id: 0xe65cd48e, L:/127.0.0.1:50561 - R:localhost/127.0.0.1:53681] for POST '/session/192f61ef37ebfc114b8a8d8bd3734d3b/element'
21:14:16.718 [AsyncHttpClient-1-2] DEBUG org.asynchttpclient.netty.handler.HttpHandler - 

Request DefaultHttpRequest(decodeResult: success, version: HTTP/1.1)
POST /session/192f61ef37ebfc114b8a8d8bd3734d3b/element HTTP/1.1
User-Agent: selenium/4.1.2 (java windows)
Content-Length: 85
Content-Type: application/json; charset=utf-8
host: localhost:53681
accept: */*

Response DefaultHttpResponse(decodeResult: success, version: HTTP/1.1)
HTTP/1.1 200 OK
Content-Type: application/json; charset=utf-8
cache-control: no-cache
content-length: 88

21:14:16.718 [AsyncHttpClient-1-2] DEBUG org.asynchttpclient.netty.channel.ChannelManager - Adding key: http://localhost:53681 for channel [id: 0xe65cd48e, L:/127.0.0.1:50561 - R:localhost/127.0.0.1:53681]
21:14:16.719 [Forwarding clickElement on session 192f61ef37ebfc114b8a8d8bd3734d3b to remote] DEBUG org.asynchttpclient.netty.request.NettyRequestSender - Using pooled Channel '[id: 0xe65cd48e, L:/127.0.0.1:50561 - R:localhost/127.0.0.1:53681]' for 'POST' to 'http://localhost:53681/session/192f61ef37ebfc114b8a8d8bd3734d3b/element/77482a49-bc07-4203-80c0-17b4c16c80df/click'
21:14:16.719 [Forwarding clickElement on session 192f61ef37ebfc114b8a8d8bd3734d3b to remote] DEBUG org.asynchttpclient.netty.request.NettyRequestSender - Using open Channel [id: 0xe65cd48e, L:/127.0.0.1:50561 - R:localhost/127.0.0.1:53681] for POST '/session/192f61ef37ebfc114b8a8d8bd3734d3b/element/77482a49-bc07-4203-80c0-17b4c16c80df/click'
21:14:16.791 [AsyncHttpClient-1-2] DEBUG org.asynchttpclient.netty.handler.HttpHandler - 

Request DefaultHttpRequest(decodeResult: success, version: HTTP/1.1)
POST /session/192f61ef37ebfc114b8a8d8bd3734d3b/element/77482a49-bc07-4203-80c0-17b4c16c80df/click HTTP/1.1
User-Agent: selenium/4.1.2 (java windows)
Content-Length: 50
Content-Type: application/json; charset=utf-8
host: localhost:53681
accept: */*

Response DefaultHttpResponse(decodeResult: success, version: HTTP/1.1)
HTTP/1.1 200 OK
Content-Type: application/json; charset=utf-8
cache-control: no-cache
content-length: 14

21:14:16.791 [AsyncHttpClient-1-2] DEBUG org.asynchttpclient.netty.channel.ChannelManager - Adding key: http://localhost:53681 for channel [id: 0xe65cd48e, L:/127.0.0.1:50561 - R:localhost/127.0.0.1:53681]
  &amp#27;[32mWhen &amp#27;[0m&amp#27;[32mI click beli in one product&amp#27;[0m &amp#27;[90m# starter.stepdefinitions.ProductSteps.iClickBeliInOneProduct()&amp#27;[0m
21:14:16.797 [Forwarding screenshot on session 192f61ef37ebfc114b8a8d8bd3734d3b to remote] DEBUG org.asynchttpclient.netty.request.NettyRequestSender - Using pooled Channel '[id: 0xe65cd48e, L:/127.0.0.1:50561 - R:localhost/127.0.0.1:53681]' for 'GET' to 'http://localhost:53681/session/192f61ef37ebfc114b8a8d8bd3734d3b/screenshot'
21:14:16.797 [Forwarding screenshot on session 192f61ef37ebfc114b8a8d8bd3734d3b to remote] DEBUG org.asynchttpclient.netty.request.NettyRequestSender - Using open Channel [id: 0xe65cd48e, L:/127.0.0.1:50561 - R:localhost/127.0.0.1:53681] for GET '/session/192f61ef37ebfc114b8a8d8bd3734d3b/screenshot'
21:14:16.954 [AsyncHttpClient-1-2] DEBUG org.asynchttpclient.netty.handler.HttpHandler - 

Request DefaultFullHttpRequest(decodeResult: success, version: HTTP/1.1, content: EmptyByteBufBE)
GET /session/192f61ef37ebfc114b8a8d8bd3734d3b/screenshot HTTP/1.1
User-Agent: selenium/4.1.2 (java windows)
Cache-Control: no-cache
Content-Type: application/json; charset=utf-8
host: localhost:53681
accept: */*

Response DefaultHttpResponse(decodeResult: success, version: HTTP/1.1)
HTTP/1.1 200 OK
Content-Type: application/json; charset=utf-8
cache-control: no-cache
content-length: 77044

21:14:16.954 [AsyncHttpClient-1-2] DEBUG org.asynchttpclient.netty.channel.ChannelManager - Adding key: http://localhost:53681 for channel [id: 0xe65cd48e, L:/127.0.0.1:50561 - R:localhost/127.0.0.1:53681]
21:14:16.956 [main] DEBUG net.serenitybdd.core.photography.Darkroom - Send negative for processing for target\site\serenity\088d45c88d72fd4ca7698eac23ad9891421663a2a9cdcc873f10ca55cfbd6ec4.png
21:14:16.956 [Darkroom Processing Line] DEBUG net.serenitybdd.core.photography.DarkroomProcessingLine - Processing screenshot image in /var/screenshots/screenshot-2346029790052481040
21:14:16.956 [Darkroom Processing Line] DEBUG net.serenitybdd.core.photography.DarkroomProcessingLine - Saving screenshot to target\site\serenity\088d45c88d72fd4ca7698eac23ad9891421663a2a9cdcc873f10ca55cfbd6ec4.png
21:14:16.964 [Forwarding findElement on session 192f61ef37ebfc114b8a8d8bd3734d3b to remote] DEBUG org.asynchttpclient.netty.request.NettyRequestSender - Using pooled Channel '[id: 0xe65cd48e, L:/127.0.0.1:50561 - R:localhost/127.0.0.1:53681]' for 'POST' to 'http://localhost:53681/session/192f61ef37ebfc114b8a8d8bd3734d3b/element'
21:14:16.964 [Forwarding findElement on session 192f61ef37ebfc114b8a8d8bd3734d3b to remote] DEBUG org.asynchttpclient.netty.request.NettyRequestSender - Using open Channel [id: 0xe65cd48e, L:/127.0.0.1:50561 - R:localhost/127.0.0.1:53681] for POST '/session/192f61ef37ebfc114b8a8d8bd3734d3b/element'
21:14:16.977 [AsyncHttpClient-1-2] DEBUG org.asynchttpclient.netty.handler.HttpHandler - 

Request DefaultHttpRequest(decodeResult: success, version: HTTP/1.1)
POST /session/192f61ef37ebfc114b8a8d8bd3734d3b/element HTTP/1.1
User-Agent: selenium/4.1.2 (java windows)
Content-Length: 63
Content-Type: application/json; charset=utf-8
host: localhost:53681
accept: */*

Response DefaultHttpResponse(decodeResult: success, version: HTTP/1.1)
HTTP/1.1 200 OK
Content-Type: application/json; charset=utf-8
cache-control: no-cache
content-length: 88

21:14:16.978 [AsyncHttpClient-1-2] DEBUG org.asynchttpclient.netty.channel.ChannelManager - Adding key: http://localhost:53681 for channel [id: 0xe65cd48e, L:/127.0.0.1:50561 - R:localhost/127.0.0.1:53681]
21:14:16.980 [Forwarding isElementDisplayed on session 192f61ef37ebfc114b8a8d8bd3734d3b to remote] DEBUG org.asynchttpclient.netty.request.NettyRequestSender - Using pooled Channel '[id: 0xe65cd48e, L:/127.0.0.1:50561 - R:localhost/127.0.0.1:53681]' for 'POST' to 'http://localhost:53681/session/192f61ef37ebfc114b8a8d8bd3734d3b/execute/sync'
21:14:16.980 [Forwarding isElementDisplayed on session 192f61ef37ebfc114b8a8d8bd3734d3b to remote] DEBUG org.asynchttpclient.netty.request.NettyRequestSender - Using open Channel [id: 0xe65cd48e, L:/127.0.0.1:50561 - R:localhost/127.0.0.1:53681] for POST '/session/192f61ef37ebfc114b8a8d8bd3734d3b/execute/sync'
21:14:16.998 [AsyncHttpClient-1-2] DEBUG org.asynchttpclient.netty.handler.HttpHandler - 

Request DefaultHttpRequest(decodeResult: success, version: HTTP/1.1)
POST /session/192f61ef37ebfc114b8a8d8bd3734d3b/execute/sync HTTP/1.1
User-Agent: selenium/4.1.2 (java windows)
Content-Length: 48780
Content-Type: application/json; charset=utf-8
host: localhost:53681
accept: */*

Response DefaultHttpResponse(decodeResult: success, version: HTTP/1.1)
HTTP/1.1 200 OK
Content-Type: application/json; charset=utf-8
cache-control: no-cache
content-length: 14

21:14:16.998 [AsyncHttpClient-1-2] DEBUG org.asynchttpclient.netty.channel.ChannelManager - Adding key: http://localhost:53681 for channel [id: 0xe65cd48e, L:/127.0.0.1:50561 - R:localhost/127.0.0.1:53681]
  &amp#27;[32mThen &amp#27;[0m&amp#27;[32mProduct added to cart&amp#27;[0m       &amp#27;[90m# starter.stepdefinitions.ProductSteps.productAddedToCart()&amp#27;[0m
21:14:17.004 [main] INFO  - 
  _____   ___   ___   _____     ___     _     ___   ___   ___   ___  
 |_   _| | __| / __| |_   _|   | _ \   /_\   / __| / __| | __| |   \ 
   | |   | _|  \__ \   | |     |  _/  / _ \  \__ \ \__ \ | _|  | |) |
   |_|   |___| |___/   |_|     |_|   /_/ \_\ |___/ |___/ |___| |___/ 

Add Product to Cart
----------------------------------------------------------------------
21:14:17.005 [AsyncHttpClient-1-4] DEBUG org.asynchttpclient.netty.handler.WebSocketHandler - Channel Closed: [id: 0x8b4ec250, L:/127.0.0.1:50571 ! R:localhost/127.0.0.1:50563] with attribute NettyResponseFuture{currentRetry=5,
	isDone=1,
	isCancelled=0,
	asyncHandler=org.asynchttpclient.ws.WebSocketUpgradeHandler@302d1b9f,
	nettyRequest=org.asynchttpclient.netty.request.NettyRequest@ded5ac4,
	future=java.util.concurrent.CompletableFuture@38e9889a[Completed normally],
	uri=ws://localhost:50563/devtools/browser/70d93133-3a6b-4a51-9ea3-45ad506f4b17,
	keepAlive=true,
	redirectCount=0,
	timeoutsHolder=null,
	inAuth=0,
	touch=1667484852828}
21:14:17.005 [AsyncHttpClient-1-4] DEBUG org.asynchttpclient.netty.channel.ChannelManager - Closing Channel [id: 0x8b4ec250, L:/127.0.0.1:50571 ! R:localhost/127.0.0.1:50563] 
21:14:17.005 [Driver Command Executor] DEBUG org.asynchttpclient.netty.request.NettyRequestSender - Using pooled Channel '[id: 0xe65cd48e, L:/127.0.0.1:50561 - R:localhost/127.0.0.1:53681]' for 'DELETE' to 'http://localhost:53681/session/192f61ef37ebfc114b8a8d8bd3734d3b'
21:14:17.006 [Driver Command Executor] DEBUG org.asynchttpclient.netty.request.NettyRequestSender - Using open Channel [id: 0xe65cd48e, L:/127.0.0.1:50561 - R:localhost/127.0.0.1:53681] for DELETE '/session/192f61ef37ebfc114b8a8d8bd3734d3b'
21:14:17.081 [AsyncHttpClient-1-3] DEBUG org.asynchttpclient.netty.handler.HttpHandler - Unexpected I/O exception on channel [id: 0x2c3af9fd, L:/127.0.0.1:50570 - R:localhost/127.0.0.1:50563]
java.net.SocketException: Connection reset
	at java.base/sun.nio.ch.SocketChannelImpl.throwConnectionReset(SocketChannelImpl.java:345)
	at java.base/sun.nio.ch.SocketChannelImpl.read(SocketChannelImpl.java:376)
	at io.netty.buffer.PooledByteBuf.setBytes(PooledByteBuf.java:258)
	at io.netty.buffer.AbstractByteBuf.writeBytes(AbstractByteBuf.java:1132)
	at io.netty.channel.socket.nio.NioSocketChannel.doReadBytes(NioSocketChannel.java:350)
	at io.netty.channel.nio.AbstractNioByteChannel$NioByteUnsafe.read(AbstractNioByteChannel.java:151)
	at io.netty.channel.nio.NioEventLoop.processSelectedKey(NioEventLoop.java:722)
	at io.netty.channel.nio.NioEventLoop.processSelectedKeysOptimized(NioEventLoop.java:658)
	at io.netty.channel.nio.NioEventLoop.processSelectedKeys(NioEventLoop.java:584)
	at io.netty.channel.nio.NioEventLoop.run(NioEventLoop.java:496)
	at io.netty.util.concurrent.SingleThreadEventExecutor$4.run(SingleThreadEventExecutor.java:986)
	at io.netty.util.internal.ThreadExecutorMap$2.run(ThreadExecutorMap.java:74)
	at io.netty.util.concurrent.FastThreadLocalRunnable.run(FastThreadLocalRunnable.java:30)
	at java.base/java.lang.Thread.run(Thread.java:830)
21:14:17.081 [AsyncHttpClient-1-3] DEBUG org.asynchttpclient.netty.channel.ChannelManager - Closing Channel [id: 0x2c3af9fd, L:/127.0.0.1:50570 - R:localhost/127.0.0.1:50563] 
21:14:17.081 [AsyncHttpClient-1-3] DEBUG org.asynchttpclient.netty.handler.HttpHandler - Channel Closed: [id: 0x2c3af9fd, L:/127.0.0.1:50570 ! R:localhost/127.0.0.1:50563] with attribute DISCARD
21:14:17.122 [AsyncHttpClient-1-2] DEBUG org.asynchttpclient.netty.handler.HttpHandler - 

Request DefaultFullHttpRequest(decodeResult: success, version: HTTP/1.1, content: EmptyByteBufBE)
DELETE /session/192f61ef37ebfc114b8a8d8bd3734d3b HTTP/1.1
User-Agent: selenium/4.1.2 (java windows)
Content-Type: application/json; charset=utf-8
host: localhost:53681
accept: */*

Response DefaultHttpResponse(decodeResult: success, version: HTTP/1.1)
HTTP/1.1 200 OK
Content-Type: application/json; charset=utf-8
cache-control: no-cache
content-length: 14

21:14:17.122 [AsyncHttpClient-1-2] DEBUG org.asynchttpclient.netty.channel.ChannelManager - Adding key: http://localhost:53681 for channel [id: 0xe65cd48e, L:/127.0.0.1:50561 - R:localhost/127.0.0.1:53681]
21:14:17.171 [AsyncHttpClient-1-2] DEBUG org.asynchttpclient.netty.handler.HttpHandler - Channel Closed: [id: 0xe65cd48e, L:/127.0.0.1:50561 ! R:localhost/127.0.0.1:53681] with attribute DISCARD
]]></system-out>
    <system-err><![CDATA[Starting ChromeDriver 106.0.5249.61 (511755355844955cd3e264779baf0dd38212a4d0-refs/branch-heads/5249@{#569}) on port 53681
Only local connections are allowed.
Please see https://chromedriver.chromium.org/security-considerations for suggestions on keeping ChromeDriver safe.
ChromeDriver was started successfully.
[1667484852.465][WARNING]: This version of ChromeDriver has not been tested with Chrome version 107.
Nov 03, 2022 9:14:12 PM org.openqa.selenium.remote.ProtocolHandshake createSession
INFO: Detected dialect: W3C
Nov 03, 2022 9:14:12 PM org.openqa.selenium.devtools.CdpVersionFinder findNearestMatch
WARNING: Unable to find an exact match for CDP version 107, so returning the closest version found: a no-op implementation
Nov 03, 2022 9:14:12 PM org.openqa.selenium.devtools.CdpVersionFinder findNearestMatch
INFO: Unable to find CDP implementation matching 107.
Nov 03, 2022 9:14:12 PM org.openqa.selenium.chromium.ChromiumDriver lambda$new$3
WARNING: Unable to find version of CDP to use for . You may need to include a dependency on a specific version of the CDP using something similar to `org.seleniumhq.selenium:selenium-devtools-v86:4.1.2` where the version ("v86") matches the version of the chromium-based browser you're using and the version number of the artifact is the same as Selenium's.
]]></system-err>
  </testcase>
  <testcase name="Open Register Page" classname="Register" time="4.116">
    <system-out><![CDATA[21:14:17.684 [main] INFO io.cucumber.core.plugin.SerenityReporter - Running feature from file:///C:/Users/ASUS/Desktop/stupen/miniproject/Web/ASWeb/src/test/resources/features/Register.feature
21:14:17.686 [main] DEBUG net.thucydides.core.steps.StepEventBus - Test suite started for story net.thucydides.core.model.Story@30e75088
21:14:17.686 [main] INFO  - Test Suite Started: Register

@Register
Scenario: Open Register Page      &amp#27;[90m# src/test/resources/features/Register.feature:7&amp#27;[0m
21:14:17.690 [main] INFO io.cucumber.core.plugin.SerenityReporter - Running feature from file:///C:/Users/ASUS/Desktop/stupen/miniproject/Web/ASWeb/src/test/resources/features/Register.feature
21:14:17.691 [main] INFO  - 
  _____   ___   ___   _____     ___   _____     _     ___   _____   ___   ___  
 |_   _| | __| / __| |_   _|   / __| |_   _|   /_\   | _ \ |_   _| | __| |   \ 
   | |   | _|  \__ \   | |     \__ \   | |    / _ \  |   /   | |   | _|  | |) |
   |_|   |___| |___/   |_|     |___/   |_|   /_/ \_\ |_|_\   |_|   |___| |___/ 

Open Register Page(register;open-register-page)
--------------------------------------------------------------------------------
21:14:17.770 [main] INFO net.serenitybdd.core.webdriver.driverproviders.ChromeDriverProvider - Using automatically driver download
21:14:17.786 [AsyncHttpClient-1-1] DEBUG org.asynchttpclient.netty.channel.DefaultChannelPool - Entry count for : http://localhost:50563 : 1
21:14:17.786 [AsyncHttpClient-1-1] DEBUG org.asynchttpclient.netty.channel.DefaultChannelPool - Entry count for : http://localhost:53681 : 1
21:14:17.786 [AsyncHttpClient-1-1] DEBUG org.asynchttpclient.netty.channel.DefaultChannelPool - Adding Candidate expired Channel [id: 0x2c3af9fd, L:/127.0.0.1:50570 ! R:localhost/127.0.0.1:50563] isIdleTimeoutExpired=false isRemotelyClosed=true isTtlExpired=false
21:14:17.786 [AsyncHttpClient-1-1] DEBUG org.asynchttpclient.netty.channel.DefaultChannelPool - Closing Idle Channel [id: 0x2c3af9fd, L:/127.0.0.1:50570 ! R:localhost/127.0.0.1:50563]
21:14:17.786 [AsyncHttpClient-1-1] DEBUG org.asynchttpclient.netty.channel.DefaultChannelPool - Adding Candidate expired Channel [id: 0xe65cd48e, L:/127.0.0.1:50561 ! R:localhost/127.0.0.1:53681] isIdleTimeoutExpired=false isRemotelyClosed=true isTtlExpired=false
21:14:17.786 [AsyncHttpClient-1-1] DEBUG org.asynchttpclient.netty.channel.DefaultChannelPool - Closing Idle Channel [id: 0xe65cd48e, L:/127.0.0.1:50561 ! R:localhost/127.0.0.1:53681]
21:14:17.786 [AsyncHttpClient-1-1] DEBUG org.asynchttpclient.netty.channel.DefaultChannelPool - Closed 2 connections out of 2 in 0 ms
21:14:17.883 [main] DEBUG io.github.bonigarcia.wdm.cache.ResolutionCache - Resolution chrome=107 in cache (valid until 21:49:49 03/11/2022 WIB)
21:14:17.887 [main] DEBUG io.github.bonigarcia.wdm.cache.ResolutionCache - Resolution chrome107=107.0.5304.62 in cache (valid until 16:49:12 04/11/2022 WIB)
21:14:17.888 [main] INFO io.github.bonigarcia.wdm.WebDriverManager - Using chromedriver 107.0.5304.62 (resolved driver for Chrome 107)
21:14:17.899 [main] DEBUG io.github.bonigarcia.wdm.WebDriverManager - Driver chromedriver 107.0.5304.62 found in cache
21:14:17.900 [main] INFO io.github.bonigarcia.wdm.WebDriverManager - Exporting webdriver.chrome.driver as C:\Users\ASUS\.cache\selenium\chromedriver\win32\107.0.5304.62\chromedriver.exe
21:14:18.036 [main] DEBUG net.serenitybdd.core.webdriver.driverproviders.ProvideNewDriver - Instantiating driver
21:14:18.036 [main] DEBUG net.serenitybdd.core.webdriver.driverproviders.ProvideNewDriver - Driver capabilities: Capabilities {acceptInsecureCerts: false, base.url: https://alta-shop.vercel.app/, browserName: chrome, chrome.driver: src/test/resources/webdrive..., driver: chrome, goog:chromeOptions: {args: [], extensions: []}, wait.for.timeout: 10000}
21:14:18.593 [AsyncHttpClient-1-5] DEBUG org.asynchttpclient.netty.channel.NettyConnectListener - Using new Channel '[id: 0x4c097486, L:/127.0.0.1:50595 - R:localhost/127.0.0.1:50175]' for 'POST' to '/session'
21:14:19.312 [AsyncHttpClient-1-5] DEBUG org.asynchttpclient.netty.handler.HttpHandler - 

Request DefaultHttpRequest(decodeResult: success, version: HTTP/1.1)
POST /session HTTP/1.1
User-Agent: selenium/4.1.2 (java windows)
Content-Length: 646
Content-Type: application/json; charset=utf-8
host: localhost:50175
accept: */*

Response DefaultHttpResponse(decodeResult: success, version: HTTP/1.1)
HTTP/1.1 200 OK
Content-Type: application/json; charset=utf-8
cache-control: no-cache
content-length: 789

21:14:19.312 [AsyncHttpClient-1-5] DEBUG org.asynchttpclient.netty.channel.ChannelManager - Adding key: http://localhost:50175 for channel [id: 0x4c097486, L:/127.0.0.1:50595 - R:localhost/127.0.0.1:50175]
21:14:19.321 [AsyncHttpClient-1-6] DEBUG org.asynchttpclient.netty.channel.NettyConnectListener - Using new Channel '[id: 0xb2f7ff22, L:/127.0.0.1:50602 - R:localhost/127.0.0.1:50596]' for 'GET' to '/json/version'
21:14:19.321 [AsyncHttpClient-1-6] DEBUG org.asynchttpclient.netty.handler.HttpHandler - 

Request DefaultFullHttpRequest(decodeResult: success, version: HTTP/1.1, content: EmptyByteBufBE)
GET /json/version HTTP/1.1
User-Agent: selenium/4.1.2 (java windows)
host: localhost:50596
accept: */*

Response DefaultHttpResponse(decodeResult: success, version: HTTP/1.1)
HTTP/1.1 200 OK
Content-Type: application/json; charset=UTF-8
content-length: 423

21:14:19.321 [AsyncHttpClient-1-6] DEBUG org.asynchttpclient.netty.channel.ChannelManager - Adding key: http://localhost:50596 for channel [id: 0xb2f7ff22, L:/127.0.0.1:50602 - R:localhost/127.0.0.1:50596]
21:14:19.324 [AsyncHttpClient-1-7] DEBUG org.asynchttpclient.netty.channel.NettyConnectListener - Using new Channel '[id: 0x223d544a, L:/127.0.0.1:50603 - R:localhost/127.0.0.1:50596]' for 'GET' to '/devtools/browser/68cff3fd-18b9-4f26-bd36-0265668ab69d'
21:14:19.325 [AsyncHttpClient-1-7] DEBUG org.asynchttpclient.netty.handler.WebSocketHandler - 

Request DefaultFullHttpRequest(decodeResult: success, version: HTTP/1.1, content: EmptyByteBufBE)
GET /devtools/browser/68cff3fd-18b9-4f26-bd36-0265668ab69d HTTP/1.1
upgrade: websocket
connection: upgrade
sec-websocket-key: J2AzHp9UOW3ZrNq5eWUrwA==
sec-websocket-version: 13
origin: http://localhost:50596
host: localhost:50596
accept: */*
user-agent: AHC/2.1

Response DefaultHttpResponse(decodeResult: success, version: HTTP/1.1)
HTTP/1.1 101 WebSocket Protocol Handshake
Upgrade: WebSocket
Connection: Upgrade
Sec-WebSocket-Accept: L4F2WRB0XB7c+fHUMLDszIeMNyI=

21:14:19.328 [Forwarding get on session 1cdd606c87ff86b05ca0c24af3a97f6c to remote] DEBUG org.asynchttpclient.netty.request.NettyRequestSender - Using pooled Channel '[id: 0x4c097486, L:/127.0.0.1:50595 - R:localhost/127.0.0.1:50175]' for 'POST' to 'http://localhost:50175/session/1cdd606c87ff86b05ca0c24af3a97f6c/url'
21:14:19.328 [Forwarding get on session 1cdd606c87ff86b05ca0c24af3a97f6c to remote] DEBUG org.asynchttpclient.netty.request.NettyRequestSender - Using open Channel [id: 0x4c097486, L:/127.0.0.1:50595 - R:localhost/127.0.0.1:50175] for POST '/session/1cdd606c87ff86b05ca0c24af3a97f6c/url'
21:14:19.987 [AsyncHttpClient-1-1] DEBUG org.asynchttpclient.netty.channel.DefaultChannelPool - Entry count for : http://localhost:50596 : 1
21:14:21.004 [AsyncHttpClient-1-5] DEBUG org.asynchttpclient.netty.handler.HttpHandler - 

Request DefaultHttpRequest(decodeResult: success, version: HTTP/1.1)
POST /session/1cdd606c87ff86b05ca0c24af3a97f6c/url HTTP/1.1
User-Agent: selenium/4.1.2 (java windows)
Content-Length: 77
Content-Type: application/json; charset=utf-8
host: localhost:50175
accept: */*

Response DefaultHttpResponse(decodeResult: success, version: HTTP/1.1)
HTTP/1.1 200 OK
Content-Type: application/json; charset=utf-8
cache-control: no-cache
content-length: 14

21:14:21.004 [AsyncHttpClient-1-5] DEBUG org.asynchttpclient.netty.channel.ChannelManager - Adding key: http://localhost:50175 for channel [id: 0x4c097486, L:/127.0.0.1:50595 - R:localhost/127.0.0.1:50175]
21:14:21.005 [Forwarding setTimeout on session 1cdd606c87ff86b05ca0c24af3a97f6c to remote] DEBUG org.asynchttpclient.netty.request.NettyRequestSender - Using pooled Channel '[id: 0x4c097486, L:/127.0.0.1:50595 - R:localhost/127.0.0.1:50175]' for 'POST' to 'http://localhost:50175/session/1cdd606c87ff86b05ca0c24af3a97f6c/timeouts'
21:14:21.005 [Forwarding setTimeout on session 1cdd606c87ff86b05ca0c24af3a97f6c to remote] DEBUG org.asynchttpclient.netty.request.NettyRequestSender - Using open Channel [id: 0x4c097486, L:/127.0.0.1:50595 - R:localhost/127.0.0.1:50175] for POST '/session/1cdd606c87ff86b05ca0c24af3a97f6c/timeouts'
21:14:21.006 [AsyncHttpClient-1-5] DEBUG org.asynchttpclient.netty.handler.HttpHandler - 

Request DefaultHttpRequest(decodeResult: success, version: HTTP/1.1)
POST /session/1cdd606c87ff86b05ca0c24af3a97f6c/timeouts HTTP/1.1
User-Agent: selenium/4.1.2 (java windows)
Content-Length: 22
Content-Type: application/json; charset=utf-8
host: localhost:50175
accept: */*

Response DefaultHttpResponse(decodeResult: success, version: HTTP/1.1)
HTTP/1.1 200 OK
Content-Type: application/json; charset=utf-8
cache-control: no-cache
content-length: 14

21:14:21.006 [AsyncHttpClient-1-5] DEBUG org.asynchttpclient.netty.channel.ChannelManager - Adding key: http://localhost:50175 for channel [id: 0x4c097486, L:/127.0.0.1:50595 - R:localhost/127.0.0.1:50175]
21:14:21.009 [Forwarding getCurrentUrl on session 1cdd606c87ff86b05ca0c24af3a97f6c to remote] DEBUG org.asynchttpclient.netty.request.NettyRequestSender - Using pooled Channel '[id: 0x4c097486, L:/127.0.0.1:50595 - R:localhost/127.0.0.1:50175]' for 'GET' to 'http://localhost:50175/session/1cdd606c87ff86b05ca0c24af3a97f6c/url'
21:14:21.009 [Forwarding getCurrentUrl on session 1cdd606c87ff86b05ca0c24af3a97f6c to remote] DEBUG org.asynchttpclient.netty.request.NettyRequestSender - Using open Channel [id: 0x4c097486, L:/127.0.0.1:50595 - R:localhost/127.0.0.1:50175] for GET '/session/1cdd606c87ff86b05ca0c24af3a97f6c/url'
21:14:21.014 [AsyncHttpClient-1-5] DEBUG org.asynchttpclient.netty.handler.HttpHandler - 

Request DefaultFullHttpRequest(decodeResult: success, version: HTTP/1.1, content: EmptyByteBufBE)
GET /session/1cdd606c87ff86b05ca0c24af3a97f6c/url HTTP/1.1
User-Agent: selenium/4.1.2 (java windows)
Cache-Control: no-cache
Content-Type: application/json; charset=utf-8
host: localhost:50175
accept: */*

Response DefaultHttpResponse(decodeResult: success, version: HTTP/1.1)
HTTP/1.1 200 OK
Content-Type: application/json; charset=utf-8
cache-control: no-cache
content-length: 54

21:14:21.014 [AsyncHttpClient-1-5] DEBUG org.asynchttpclient.netty.channel.ChannelManager - Adding key: http://localhost:50175 for channel [id: 0x4c097486, L:/127.0.0.1:50595 - R:localhost/127.0.0.1:50175]
  &amp#27;[32mWhen &amp#27;[0m&amp#27;[32mI open register page&amp#27;[0m       &amp#27;[90m# starter.stepdefinitions.RegisterSteps.iOpenRegisterPage()&amp#27;[0m
21:14:21.017 [main] DEBUG net.serenitybdd.core.photography.Darkroom - Opening darkroom
21:14:21.017 [Darkroom Processing Line] DEBUG net.serenitybdd.core.photography.DarkroomProcessingLine - Darkroom processing line starting up
21:14:21.017 [Forwarding screenshot on session 1cdd606c87ff86b05ca0c24af3a97f6c to remote] DEBUG org.asynchttpclient.netty.request.NettyRequestSender - Using pooled Channel '[id: 0x4c097486, L:/127.0.0.1:50595 - R:localhost/127.0.0.1:50175]' for 'GET' to 'http://localhost:50175/session/1cdd606c87ff86b05ca0c24af3a97f6c/screenshot'
21:14:21.017 [Forwarding screenshot on session 1cdd606c87ff86b05ca0c24af3a97f6c to remote] DEBUG org.asynchttpclient.netty.request.NettyRequestSender - Using open Channel [id: 0x4c097486, L:/127.0.0.1:50595 - R:localhost/127.0.0.1:50175] for GET '/session/1cdd606c87ff86b05ca0c24af3a97f6c/screenshot'
21:14:21.087 [AsyncHttpClient-1-1] DEBUG org.asynchttpclient.netty.channel.DefaultChannelPool - Entry count for : http://localhost:50596 : 1
21:14:21.134 [AsyncHttpClient-1-5] DEBUG org.asynchttpclient.netty.handler.HttpHandler - 

Request DefaultFullHttpRequest(decodeResult: success, version: HTTP/1.1, content: EmptyByteBufBE)
GET /session/1cdd606c87ff86b05ca0c24af3a97f6c/screenshot HTTP/1.1
User-Agent: selenium/4.1.2 (java windows)
Cache-Control: no-cache
Content-Type: application/json; charset=utf-8
host: localhost:50175
accept: */*

Response DefaultHttpResponse(decodeResult: success, version: HTTP/1.1)
HTTP/1.1 200 OK
Content-Type: application/json; charset=utf-8
cache-control: no-cache
content-length: 45380

21:14:21.134 [AsyncHttpClient-1-5] DEBUG org.asynchttpclient.netty.channel.ChannelManager - Adding key: http://localhost:50175 for channel [id: 0x4c097486, L:/127.0.0.1:50595 - R:localhost/127.0.0.1:50175]
21:14:21.135 [main] DEBUG net.serenitybdd.core.photography.Darkroom - Send negative for processing for target\site\serenity\74af2a90e11b4e8cdcc90c8b8f2efe0850d173caaf4338fdd4e69cc971e1b305.png
21:14:21.136 [Darkroom Processing Line] DEBUG net.serenitybdd.core.photography.DarkroomProcessingLine - Processing screenshot image in /var/screenshots/screenshot-2013321864852368529
21:14:21.136 [Darkroom Processing Line] DEBUG net.serenitybdd.core.photography.DarkroomProcessingLine - Saving screenshot to target\site\serenity\74af2a90e11b4e8cdcc90c8b8f2efe0850d173caaf4338fdd4e69cc971e1b305.png
21:14:21.140 [Forwarding findElement on session 1cdd606c87ff86b05ca0c24af3a97f6c to remote] DEBUG org.asynchttpclient.netty.request.NettyRequestSender - Using pooled Channel '[id: 0x4c097486, L:/127.0.0.1:50595 - R:localhost/127.0.0.1:50175]' for 'POST' to 'http://localhost:50175/session/1cdd606c87ff86b05ca0c24af3a97f6c/element'
21:14:21.141 [Forwarding findElement on session 1cdd606c87ff86b05ca0c24af3a97f6c to remote] DEBUG org.asynchttpclient.netty.request.NettyRequestSender - Using open Channel [id: 0x4c097486, L:/127.0.0.1:50595 - R:localhost/127.0.0.1:50175] for POST '/session/1cdd606c87ff86b05ca0c24af3a97f6c/element'
21:14:21.151 [AsyncHttpClient-1-5] DEBUG org.asynchttpclient.netty.handler.HttpHandler - 

Request DefaultHttpRequest(decodeResult: success, version: HTTP/1.1)
POST /session/1cdd606c87ff86b05ca0c24af3a97f6c/element HTTP/1.1
User-Agent: selenium/4.1.2 (java windows)
Content-Length: 80
Content-Type: application/json; charset=utf-8
host: localhost:50175
accept: */*

Response DefaultHttpResponse(decodeResult: success, version: HTTP/1.1)
HTTP/1.1 200 OK
Content-Type: application/json; charset=utf-8
cache-control: no-cache
content-length: 88

21:14:21.151 [AsyncHttpClient-1-5] DEBUG org.asynchttpclient.netty.channel.ChannelManager - Adding key: http://localhost:50175 for channel [id: 0x4c097486, L:/127.0.0.1:50595 - R:localhost/127.0.0.1:50175]
21:14:21.153 [Forwarding isElementDisplayed on session 1cdd606c87ff86b05ca0c24af3a97f6c to remote] DEBUG org.asynchttpclient.netty.request.NettyRequestSender - Using pooled Channel '[id: 0x4c097486, L:/127.0.0.1:50595 - R:localhost/127.0.0.1:50175]' for 'POST' to 'http://localhost:50175/session/1cdd606c87ff86b05ca0c24af3a97f6c/execute/sync'
21:14:21.153 [Forwarding isElementDisplayed on session 1cdd606c87ff86b05ca0c24af3a97f6c to remote] DEBUG org.asynchttpclient.netty.request.NettyRequestSender - Using open Channel [id: 0x4c097486, L:/127.0.0.1:50595 - R:localhost/127.0.0.1:50175] for POST '/session/1cdd606c87ff86b05ca0c24af3a97f6c/execute/sync'
21:14:21.165 [AsyncHttpClient-1-5] DEBUG org.asynchttpclient.netty.handler.HttpHandler - 

Request DefaultHttpRequest(decodeResult: success, version: HTTP/1.1)
POST /session/1cdd606c87ff86b05ca0c24af3a97f6c/execute/sync HTTP/1.1
User-Agent: selenium/4.1.2 (java windows)
Content-Length: 48780
Content-Type: application/json; charset=utf-8
host: localhost:50175
accept: */*

Response DefaultHttpResponse(decodeResult: success, version: HTTP/1.1)
HTTP/1.1 200 OK
Content-Type: application/json; charset=utf-8
cache-control: no-cache
content-length: 14

21:14:21.165 [AsyncHttpClient-1-5] DEBUG org.asynchttpclient.netty.channel.ChannelManager - Adding key: http://localhost:50175 for channel [id: 0x4c097486, L:/127.0.0.1:50595 - R:localhost/127.0.0.1:50175]
  &amp#27;[32mThen &amp#27;[0m&amp#27;[32mI will go to register page&amp#27;[0m &amp#27;[90m# starter.stepdefinitions.RegisterSteps.i_will_go_to_register_page()&amp#27;[0m
21:14:21.168 [main] INFO  - 
  _____   ___   ___   _____     ___     _     ___   ___   ___   ___  
 |_   _| | __| / __| |_   _|   | _ \   /_\   / __| / __| | __| |   \ 
   | |   | _|  \__ \   | |     |  _/  / _ \  \__ \ \__ \ | _|  | |) |
   |_|   |___| |___/   |_|     |_|   /_/ \_\ |___/ |___/ |___| |___/ 

Open Register Page
----------------------------------------------------------------------
21:14:21.169 [AsyncHttpClient-1-7] DEBUG org.asynchttpclient.netty.handler.WebSocketHandler - Channel Closed: [id: 0x223d544a, L:/127.0.0.1:50603 ! R:localhost/127.0.0.1:50596] with attribute NettyResponseFuture{currentRetry=5,
	isDone=1,
	isCancelled=0,
	asyncHandler=org.asynchttpclient.ws.WebSocketUpgradeHandler@32f5b68e,
	nettyRequest=org.asynchttpclient.netty.request.NettyRequest@77de6d59,
	future=java.util.concurrent.CompletableFuture@4e85631[Completed normally],
	uri=ws://localhost:50596/devtools/browser/68cff3fd-18b9-4f26-bd36-0265668ab69d,
	keepAlive=true,
	redirectCount=0,
	timeoutsHolder=null,
	inAuth=0,
	touch=1667484859325}
21:14:21.169 [AsyncHttpClient-1-7] DEBUG org.asynchttpclient.netty.channel.ChannelManager - Closing Channel [id: 0x223d544a, L:/127.0.0.1:50603 ! R:localhost/127.0.0.1:50596] 
21:14:21.169 [Driver Command Executor] DEBUG org.asynchttpclient.netty.request.NettyRequestSender - Using pooled Channel '[id: 0x4c097486, L:/127.0.0.1:50595 - R:localhost/127.0.0.1:50175]' for 'DELETE' to 'http://localhost:50175/session/1cdd606c87ff86b05ca0c24af3a97f6c'
21:14:21.169 [Driver Command Executor] DEBUG org.asynchttpclient.netty.request.NettyRequestSender - Using open Channel [id: 0x4c097486, L:/127.0.0.1:50595 - R:localhost/127.0.0.1:50175] for DELETE '/session/1cdd606c87ff86b05ca0c24af3a97f6c'
21:14:21.192 [AsyncHttpClient-1-6] DEBUG org.asynchttpclient.netty.handler.HttpHandler - Unexpected I/O exception on channel [id: 0xb2f7ff22, L:/127.0.0.1:50602 - R:localhost/127.0.0.1:50596]
java.net.SocketException: Connection reset
	at java.base/sun.nio.ch.SocketChannelImpl.throwConnectionReset(SocketChannelImpl.java:345)
	at java.base/sun.nio.ch.SocketChannelImpl.read(SocketChannelImpl.java:376)
	at io.netty.buffer.PooledByteBuf.setBytes(PooledByteBuf.java:258)
	at io.netty.buffer.AbstractByteBuf.writeBytes(AbstractByteBuf.java:1132)
	at io.netty.channel.socket.nio.NioSocketChannel.doReadBytes(NioSocketChannel.java:350)
	at io.netty.channel.nio.AbstractNioByteChannel$NioByteUnsafe.read(AbstractNioByteChannel.java:151)
	at io.netty.channel.nio.NioEventLoop.processSelectedKey(NioEventLoop.java:722)
	at io.netty.channel.nio.NioEventLoop.processSelectedKeysOptimized(NioEventLoop.java:658)
	at io.netty.channel.nio.NioEventLoop.processSelectedKeys(NioEventLoop.java:584)
	at io.netty.channel.nio.NioEventLoop.run(NioEventLoop.java:496)
	at io.netty.util.concurrent.SingleThreadEventExecutor$4.run(SingleThreadEventExecutor.java:986)
	at io.netty.util.internal.ThreadExecutorMap$2.run(ThreadExecutorMap.java:74)
	at io.netty.util.concurrent.FastThreadLocalRunnable.run(FastThreadLocalRunnable.java:30)
	at java.base/java.lang.Thread.run(Thread.java:830)
21:14:21.192 [AsyncHttpClient-1-6] DEBUG org.asynchttpclient.netty.channel.ChannelManager - Closing Channel [id: 0xb2f7ff22, L:/127.0.0.1:50602 - R:localhost/127.0.0.1:50596] 
21:14:21.192 [AsyncHttpClient-1-6] DEBUG org.asynchttpclient.netty.handler.HttpHandler - Channel Closed: [id: 0xb2f7ff22, L:/127.0.0.1:50602 ! R:localhost/127.0.0.1:50596] with attribute DISCARD
21:14:21.206 [AsyncHttpClient-1-5] DEBUG org.asynchttpclient.netty.handler.HttpHandler - 

Request DefaultFullHttpRequest(decodeResult: success, version: HTTP/1.1, content: EmptyByteBufBE)
DELETE /session/1cdd606c87ff86b05ca0c24af3a97f6c HTTP/1.1
User-Agent: selenium/4.1.2 (java windows)
Content-Type: application/json; charset=utf-8
host: localhost:50175
accept: */*

Response DefaultHttpResponse(decodeResult: success, version: HTTP/1.1)
HTTP/1.1 200 OK
Content-Type: application/json; charset=utf-8
cache-control: no-cache
content-length: 14

21:14:21.207 [AsyncHttpClient-1-5] DEBUG org.asynchttpclient.netty.channel.ChannelManager - Adding key: http://localhost:50175 for channel [id: 0x4c097486, L:/127.0.0.1:50595 - R:localhost/127.0.0.1:50175]
21:14:21.262 [AsyncHttpClient-1-5] DEBUG org.asynchttpclient.netty.handler.HttpHandler - Channel Closed: [id: 0x4c097486, L:/127.0.0.1:50595 ! R:localhost/127.0.0.1:50175] with attribute DISCARD
]]></system-out>
    <system-err><![CDATA[Starting ChromeDriver 106.0.5249.61 (511755355844955cd3e264779baf0dd38212a4d0-refs/branch-heads/5249@{#569}) on port 50175
Only local connections are allowed.
Please see https://chromedriver.chromium.org/security-considerations for suggestions on keeping ChromeDriver safe.
ChromeDriver was started successfully.
[1667484859.204][WARNING]: This version of ChromeDriver has not been tested with Chrome version 107.
Nov 03, 2022 9:14:19 PM org.openqa.selenium.remote.ProtocolHandshake createSession
INFO: Detected dialect: W3C
Nov 03, 2022 9:14:19 PM org.openqa.selenium.devtools.CdpVersionFinder findNearestMatch
WARNING: Unable to find an exact match for CDP version 107, so returning the closest version found: a no-op implementation
Nov 03, 2022 9:14:19 PM org.openqa.selenium.devtools.CdpVersionFinder findNearestMatch
INFO: Unable to find CDP implementation matching 107.
Nov 03, 2022 9:14:19 PM org.openqa.selenium.chromium.ChromiumDriver lambda$new$3
WARNING: Unable to find version of CDP to use for . You may need to include a dependency on a specific version of the CDP using something similar to `org.seleniumhq.selenium:selenium-devtools-v86:4.1.2` where the version ("v86") matches the version of the chromium-based browser you're using and the version number of the artifact is the same as Selenium's.
]]></system-err>
  </testcase>
  <testcase name="Register with new email" classname="Register" time="6.509">
    <system-out><![CDATA[
@Register
Scenario: Register with new email    &amp#27;[90m# src/test/resources/features/Register.feature:11&amp#27;[0m
21:14:21.811 [main] INFO io.cucumber.core.plugin.SerenityReporter - Running feature from file:///C:/Users/ASUS/Desktop/stupen/miniproject/Web/ASWeb/src/test/resources/features/Register.feature
21:14:21.812 [main] INFO  - 
  _____   ___   ___   _____     ___   _____     _     ___   _____   ___   ___  
 |_   _| | __| / __| |_   _|   / __| |_   _|   /_\   | _ \ |_   _| | __| |   \ 
   | |   | _|  \__ \   | |     \__ \   | |    / _ \  |   /   | |   | _|  | |) |
   |_|   |___| |___/   |_|     |___/   |_|   /_/ \_\ |_|_\   |_|   |___| |___/ 

Register with new email(register;register-with-new-email)
--------------------------------------------------------------------------------
21:14:21.824 [main] INFO net.serenitybdd.core.webdriver.driverproviders.ChromeDriverProvider - Using automatically driver download
21:14:21.916 [main] DEBUG io.github.bonigarcia.wdm.cache.ResolutionCache - Resolution chrome=107 in cache (valid until 21:49:49 03/11/2022 WIB)
21:14:21.919 [main] DEBUG io.github.bonigarcia.wdm.cache.ResolutionCache - Resolution chrome107=107.0.5304.62 in cache (valid until 16:49:12 04/11/2022 WIB)
21:14:21.920 [main] INFO io.github.bonigarcia.wdm.WebDriverManager - Using chromedriver 107.0.5304.62 (resolved driver for Chrome 107)
21:14:21.929 [main] DEBUG io.github.bonigarcia.wdm.WebDriverManager - Driver chromedriver 107.0.5304.62 found in cache
21:14:21.930 [main] INFO io.github.bonigarcia.wdm.WebDriverManager - Exporting webdriver.chrome.driver as C:\Users\ASUS\.cache\selenium\chromedriver\win32\107.0.5304.62\chromedriver.exe
21:14:22.035 [main] DEBUG net.serenitybdd.core.webdriver.driverproviders.ProvideNewDriver - Instantiating driver
21:14:22.035 [main] DEBUG net.serenitybdd.core.webdriver.driverproviders.ProvideNewDriver - Driver capabilities: Capabilities {acceptInsecureCerts: false, base.url: https://alta-shop.vercel.app/, browserName: chrome, chrome.driver: src/test/resources/webdrive..., driver: chrome, goog:chromeOptions: {args: [], extensions: []}, wait.for.timeout: 10000}
21:14:22.188 [AsyncHttpClient-1-1] DEBUG org.asynchttpclient.netty.channel.DefaultChannelPool - Entry count for : http://localhost:50175 : 1
21:14:22.188 [AsyncHttpClient-1-1] DEBUG org.asynchttpclient.netty.channel.DefaultChannelPool - Entry count for : http://localhost:50596 : 1
21:14:22.188 [AsyncHttpClient-1-1] DEBUG org.asynchttpclient.netty.channel.DefaultChannelPool - Adding Candidate expired Channel [id: 0x4c097486, L:/127.0.0.1:50595 ! R:localhost/127.0.0.1:50175] isIdleTimeoutExpired=false isRemotelyClosed=true isTtlExpired=false
21:14:22.188 [AsyncHttpClient-1-1] DEBUG org.asynchttpclient.netty.channel.DefaultChannelPool - Closing Idle Channel [id: 0x4c097486, L:/127.0.0.1:50595 ! R:localhost/127.0.0.1:50175]
21:14:22.188 [AsyncHttpClient-1-1] DEBUG org.asynchttpclient.netty.channel.DefaultChannelPool - Adding Candidate expired Channel [id: 0xb2f7ff22, L:/127.0.0.1:50602 ! R:localhost/127.0.0.1:50596] isIdleTimeoutExpired=false isRemotelyClosed=true isTtlExpired=false
21:14:22.188 [AsyncHttpClient-1-1] DEBUG org.asynchttpclient.netty.channel.DefaultChannelPool - Closing Idle Channel [id: 0xb2f7ff22, L:/127.0.0.1:50602 ! R:localhost/127.0.0.1:50596]
21:14:22.188 [AsyncHttpClient-1-1] DEBUG org.asynchttpclient.netty.channel.DefaultChannelPool - Closed 2 connections out of 2 in 0 ms
21:14:22.584 [AsyncHttpClient-1-8] DEBUG org.asynchttpclient.netty.channel.NettyConnectListener - Using new Channel '[id: 0x1c206e1e, L:/127.0.0.1:50620 - R:localhost/127.0.0.1:54666]' for 'POST' to '/session'
21:14:23.247 [AsyncHttpClient-1-8] DEBUG org.asynchttpclient.netty.handler.HttpHandler - 

Request DefaultHttpRequest(decodeResult: success, version: HTTP/1.1)
POST /session HTTP/1.1
User-Agent: selenium/4.1.2 (java windows)
Content-Length: 646
Content-Type: application/json; charset=utf-8
host: localhost:54666
accept: */*

Response DefaultHttpResponse(decodeResult: success, version: HTTP/1.1)
HTTP/1.1 200 OK
Content-Type: application/json; charset=utf-8
cache-control: no-cache
content-length: 788

21:14:23.247 [AsyncHttpClient-1-8] DEBUG org.asynchttpclient.netty.channel.ChannelManager - Adding key: http://localhost:54666 for channel [id: 0x1c206e1e, L:/127.0.0.1:50620 - R:localhost/127.0.0.1:54666]
21:14:23.254 [AsyncHttpClient-1-9] DEBUG org.asynchttpclient.netty.channel.NettyConnectListener - Using new Channel '[id: 0x0c8c412c, L:/127.0.0.1:50627 - R:localhost/127.0.0.1:50621]' for 'GET' to '/json/version'
21:14:23.255 [AsyncHttpClient-1-9] DEBUG org.asynchttpclient.netty.handler.HttpHandler - 

Request DefaultFullHttpRequest(decodeResult: success, version: HTTP/1.1, content: EmptyByteBufBE)
GET /json/version HTTP/1.1
User-Agent: selenium/4.1.2 (java windows)
host: localhost:50621
accept: */*

Response DefaultHttpResponse(decodeResult: success, version: HTTP/1.1)
HTTP/1.1 200 OK
Content-Type: application/json; charset=UTF-8
content-length: 423

21:14:23.255 [AsyncHttpClient-1-9] DEBUG org.asynchttpclient.netty.channel.ChannelManager - Adding key: http://localhost:50621 for channel [id: 0x0c8c412c, L:/127.0.0.1:50627 - R:localhost/127.0.0.1:50621]
21:14:23.257 [AsyncHttpClient-1-10] DEBUG org.asynchttpclient.netty.channel.NettyConnectListener - Using new Channel '[id: 0xc0ea8848, L:/127.0.0.1:50628 - R:localhost/127.0.0.1:50621]' for 'GET' to '/devtools/browser/b52fd6f2-2e07-4471-af6b-3e1fff5d935e'
21:14:23.258 [AsyncHttpClient-1-10] DEBUG org.asynchttpclient.netty.handler.WebSocketHandler - 

Request DefaultFullHttpRequest(decodeResult: success, version: HTTP/1.1, content: EmptyByteBufBE)
GET /devtools/browser/b52fd6f2-2e07-4471-af6b-3e1fff5d935e HTTP/1.1
upgrade: websocket
connection: upgrade
sec-websocket-key: OzVdK7ytE4cfYJcWwW5+2A==
sec-websocket-version: 13
origin: http://localhost:50621
host: localhost:50621
accept: */*
user-agent: AHC/2.1

Response DefaultHttpResponse(decodeResult: success, version: HTTP/1.1)
HTTP/1.1 101 WebSocket Protocol Handshake
Upgrade: WebSocket
Connection: Upgrade
Sec-WebSocket-Accept: oGucHT34vS/VtknT2u2TGPBrpI8=

21:14:23.262 [Forwarding get on session 5c6337c9aa42e187e2436a8726d76a61 to remote] DEBUG org.asynchttpclient.netty.request.NettyRequestSender - Using pooled Channel '[id: 0x1c206e1e, L:/127.0.0.1:50620 - R:localhost/127.0.0.1:54666]' for 'POST' to 'http://localhost:54666/session/5c6337c9aa42e187e2436a8726d76a61/url'
21:14:23.262 [Forwarding get on session 5c6337c9aa42e187e2436a8726d76a61 to remote] DEBUG org.asynchttpclient.netty.request.NettyRequestSender - Using open Channel [id: 0x1c206e1e, L:/127.0.0.1:50620 - R:localhost/127.0.0.1:54666] for POST '/session/5c6337c9aa42e187e2436a8726d76a61/url'
21:14:23.291 [AsyncHttpClient-1-1] DEBUG org.asynchttpclient.netty.channel.DefaultChannelPool - Entry count for : http://localhost:50621 : 1
21:14:24.387 [AsyncHttpClient-1-1] DEBUG org.asynchttpclient.netty.channel.DefaultChannelPool - Entry count for : http://localhost:50621 : 1
21:14:24.888 [AsyncHttpClient-1-8] DEBUG org.asynchttpclient.netty.handler.HttpHandler - 

Request DefaultHttpRequest(decodeResult: success, version: HTTP/1.1)
POST /session/5c6337c9aa42e187e2436a8726d76a61/url HTTP/1.1
User-Agent: selenium/4.1.2 (java windows)
Content-Length: 77
Content-Type: application/json; charset=utf-8
host: localhost:54666
accept: */*

Response DefaultHttpResponse(decodeResult: success, version: HTTP/1.1)
HTTP/1.1 200 OK
Content-Type: application/json; charset=utf-8
cache-control: no-cache
content-length: 14

21:14:24.888 [AsyncHttpClient-1-8] DEBUG org.asynchttpclient.netty.channel.ChannelManager - Adding key: http://localhost:54666 for channel [id: 0x1c206e1e, L:/127.0.0.1:50620 - R:localhost/127.0.0.1:54666]
21:14:24.889 [Forwarding setTimeout on session 5c6337c9aa42e187e2436a8726d76a61 to remote] DEBUG org.asynchttpclient.netty.request.NettyRequestSender - Using pooled Channel '[id: 0x1c206e1e, L:/127.0.0.1:50620 - R:localhost/127.0.0.1:54666]' for 'POST' to 'http://localhost:54666/session/5c6337c9aa42e187e2436a8726d76a61/timeouts'
21:14:24.889 [Forwarding setTimeout on session 5c6337c9aa42e187e2436a8726d76a61 to remote] DEBUG org.asynchttpclient.netty.request.NettyRequestSender - Using open Channel [id: 0x1c206e1e, L:/127.0.0.1:50620 - R:localhost/127.0.0.1:54666] for POST '/session/5c6337c9aa42e187e2436a8726d76a61/timeouts'
21:14:24.889 [AsyncHttpClient-1-8] DEBUG org.asynchttpclient.netty.handler.HttpHandler - 

Request DefaultHttpRequest(decodeResult: success, version: HTTP/1.1)
POST /session/5c6337c9aa42e187e2436a8726d76a61/timeouts HTTP/1.1
User-Agent: selenium/4.1.2 (java windows)
Content-Length: 22
Content-Type: application/json; charset=utf-8
host: localhost:54666
accept: */*

Response DefaultHttpResponse(decodeResult: success, version: HTTP/1.1)
HTTP/1.1 200 OK
Content-Type: application/json; charset=utf-8
cache-control: no-cache
content-length: 14

21:14:24.889 [AsyncHttpClient-1-8] DEBUG org.asynchttpclient.netty.channel.ChannelManager - Adding key: http://localhost:54666 for channel [id: 0x1c206e1e, L:/127.0.0.1:50620 - R:localhost/127.0.0.1:54666]
21:14:24.892 [Forwarding getCurrentUrl on session 5c6337c9aa42e187e2436a8726d76a61 to remote] DEBUG org.asynchttpclient.netty.request.NettyRequestSender - Using pooled Channel '[id: 0x1c206e1e, L:/127.0.0.1:50620 - R:localhost/127.0.0.1:54666]' for 'GET' to 'http://localhost:54666/session/5c6337c9aa42e187e2436a8726d76a61/url'
21:14:24.892 [Forwarding getCurrentUrl on session 5c6337c9aa42e187e2436a8726d76a61 to remote] DEBUG org.asynchttpclient.netty.request.NettyRequestSender - Using open Channel [id: 0x1c206e1e, L:/127.0.0.1:50620 - R:localhost/127.0.0.1:54666] for GET '/session/5c6337c9aa42e187e2436a8726d76a61/url'
21:14:24.897 [AsyncHttpClient-1-8] DEBUG org.asynchttpclient.netty.handler.HttpHandler - 

Request DefaultFullHttpRequest(decodeResult: success, version: HTTP/1.1, content: EmptyByteBufBE)
GET /session/5c6337c9aa42e187e2436a8726d76a61/url HTTP/1.1
User-Agent: selenium/4.1.2 (java windows)
Cache-Control: no-cache
Content-Type: application/json; charset=utf-8
host: localhost:54666
accept: */*

Response DefaultHttpResponse(decodeResult: success, version: HTTP/1.1)
HTTP/1.1 200 OK
Content-Type: application/json; charset=utf-8
cache-control: no-cache
content-length: 54

21:14:24.897 [AsyncHttpClient-1-8] DEBUG org.asynchttpclient.netty.channel.ChannelManager - Adding key: http://localhost:54666 for channel [id: 0x1c206e1e, L:/127.0.0.1:50620 - R:localhost/127.0.0.1:54666]
  &amp#27;[32mGiven &amp#27;[0m&amp#27;[32mI open register page&amp#27;[0m         &amp#27;[90m# starter.stepdefinitions.RegisterSteps.iOpenRegisterPage()&amp#27;[0m
21:14:24.900 [Forwarding screenshot on session 5c6337c9aa42e187e2436a8726d76a61 to remote] DEBUG org.asynchttpclient.netty.request.NettyRequestSender - Using pooled Channel '[id: 0x1c206e1e, L:/127.0.0.1:50620 - R:localhost/127.0.0.1:54666]' for 'GET' to 'http://localhost:54666/session/5c6337c9aa42e187e2436a8726d76a61/screenshot'
21:14:24.900 [Forwarding screenshot on session 5c6337c9aa42e187e2436a8726d76a61 to remote] DEBUG org.asynchttpclient.netty.request.NettyRequestSender - Using open Channel [id: 0x1c206e1e, L:/127.0.0.1:50620 - R:localhost/127.0.0.1:54666] for GET '/session/5c6337c9aa42e187e2436a8726d76a61/screenshot'
21:14:25.019 [AsyncHttpClient-1-8] DEBUG org.asynchttpclient.netty.handler.HttpHandler - 

Request DefaultFullHttpRequest(decodeResult: success, version: HTTP/1.1, content: EmptyByteBufBE)
GET /session/5c6337c9aa42e187e2436a8726d76a61/screenshot HTTP/1.1
User-Agent: selenium/4.1.2 (java windows)
Cache-Control: no-cache
Content-Type: application/json; charset=utf-8
host: localhost:54666
accept: */*

Response DefaultHttpResponse(decodeResult: success, version: HTTP/1.1)
HTTP/1.1 200 OK
Content-Type: application/json; charset=utf-8
cache-control: no-cache
content-length: 45380

21:14:25.019 [AsyncHttpClient-1-8] DEBUG org.asynchttpclient.netty.channel.ChannelManager - Adding key: http://localhost:54666 for channel [id: 0x1c206e1e, L:/127.0.0.1:50620 - R:localhost/127.0.0.1:54666]
21:14:25.020 [main] DEBUG net.serenitybdd.core.photography.Darkroom - Send negative for processing for target\site\serenity\74af2a90e11b4e8cdcc90c8b8f2efe0850d173caaf4338fdd4e69cc971e1b305.png
21:14:25.025 [Forwarding findElement on session 5c6337c9aa42e187e2436a8726d76a61 to remote] DEBUG org.asynchttpclient.netty.request.NettyRequestSender - Using pooled Channel '[id: 0x1c206e1e, L:/127.0.0.1:50620 - R:localhost/127.0.0.1:54666]' for 'POST' to 'http://localhost:54666/session/5c6337c9aa42e187e2436a8726d76a61/element'
21:14:25.025 [Forwarding findElement on session 5c6337c9aa42e187e2436a8726d76a61 to remote] DEBUG org.asynchttpclient.netty.request.NettyRequestSender - Using open Channel [id: 0x1c206e1e, L:/127.0.0.1:50620 - R:localhost/127.0.0.1:54666] for POST '/session/5c6337c9aa42e187e2436a8726d76a61/element'
21:14:25.034 [AsyncHttpClient-1-8] DEBUG org.asynchttpclient.netty.handler.HttpHandler - 

Request DefaultHttpRequest(decodeResult: success, version: HTTP/1.1)
POST /session/5c6337c9aa42e187e2436a8726d76a61/element HTTP/1.1
User-Agent: selenium/4.1.2 (java windows)
Content-Length: 94
Content-Type: application/json; charset=utf-8
host: localhost:54666
accept: */*

Response DefaultHttpResponse(decodeResult: success, version: HTTP/1.1)
HTTP/1.1 200 OK
Content-Type: application/json; charset=utf-8
cache-control: no-cache
content-length: 88

21:14:25.034 [AsyncHttpClient-1-8] DEBUG org.asynchttpclient.netty.channel.ChannelManager - Adding key: http://localhost:54666 for channel [id: 0x1c206e1e, L:/127.0.0.1:50620 - R:localhost/127.0.0.1:54666]
21:14:25.035 [Forwarding clearElement on session 5c6337c9aa42e187e2436a8726d76a61 to remote] DEBUG org.asynchttpclient.netty.request.NettyRequestSender - Using pooled Channel '[id: 0x1c206e1e, L:/127.0.0.1:50620 - R:localhost/127.0.0.1:54666]' for 'POST' to 'http://localhost:54666/session/5c6337c9aa42e187e2436a8726d76a61/element/485476e1-7c60-4b06-bc0f-cef925941199/clear'
21:14:25.035 [Forwarding clearElement on session 5c6337c9aa42e187e2436a8726d76a61 to remote] DEBUG org.asynchttpclient.netty.request.NettyRequestSender - Using open Channel [id: 0x1c206e1e, L:/127.0.0.1:50620 - R:localhost/127.0.0.1:54666] for POST '/session/5c6337c9aa42e187e2436a8726d76a61/element/485476e1-7c60-4b06-bc0f-cef925941199/clear'
21:14:25.061 [AsyncHttpClient-1-8] DEBUG org.asynchttpclient.netty.handler.HttpHandler - 

Request DefaultHttpRequest(decodeResult: success, version: HTTP/1.1)
POST /session/5c6337c9aa42e187e2436a8726d76a61/element/485476e1-7c60-4b06-bc0f-cef925941199/clear HTTP/1.1
User-Agent: selenium/4.1.2 (java windows)
Content-Length: 50
Content-Type: application/json; charset=utf-8
host: localhost:54666
accept: */*

Response DefaultHttpResponse(decodeResult: success, version: HTTP/1.1)
HTTP/1.1 200 OK
Content-Type: application/json; charset=utf-8
cache-control: no-cache
content-length: 14

21:14:25.062 [AsyncHttpClient-1-8] DEBUG org.asynchttpclient.netty.channel.ChannelManager - Adding key: http://localhost:54666 for channel [id: 0x1c206e1e, L:/127.0.0.1:50620 - R:localhost/127.0.0.1:54666]
21:14:25.063 [Forwarding sendKeysToElement on session 5c6337c9aa42e187e2436a8726d76a61 to remote] DEBUG org.asynchttpclient.netty.request.NettyRequestSender - Using pooled Channel '[id: 0x1c206e1e, L:/127.0.0.1:50620 - R:localhost/127.0.0.1:54666]' for 'POST' to 'http://localhost:54666/session/5c6337c9aa42e187e2436a8726d76a61/element/485476e1-7c60-4b06-bc0f-cef925941199/value'
21:14:25.063 [Forwarding sendKeysToElement on session 5c6337c9aa42e187e2436a8726d76a61 to remote] DEBUG org.asynchttpclient.netty.request.NettyRequestSender - Using open Channel [id: 0x1c206e1e, L:/127.0.0.1:50620 - R:localhost/127.0.0.1:54666] for POST '/session/5c6337c9aa42e187e2436a8726d76a61/element/485476e1-7c60-4b06-bc0f-cef925941199/value'
21:14:25.120 [AsyncHttpClient-1-8] DEBUG org.asynchttpclient.netty.handler.HttpHandler - 

Request DefaultHttpRequest(decodeResult: success, version: HTTP/1.1)
POST /session/5c6337c9aa42e187e2436a8726d76a61/element/485476e1-7c60-4b06-bc0f-cef925941199/value HTTP/1.1
User-Agent: selenium/4.1.2 (java windows)
Content-Length: 121
Content-Type: application/json; charset=utf-8
host: localhost:54666
accept: */*

Response DefaultHttpResponse(decodeResult: success, version: HTTP/1.1)
HTTP/1.1 200 OK
Content-Type: application/json; charset=utf-8
cache-control: no-cache
content-length: 14

21:14:25.120 [AsyncHttpClient-1-8] DEBUG org.asynchttpclient.netty.channel.ChannelManager - Adding key: http://localhost:54666 for channel [id: 0x1c206e1e, L:/127.0.0.1:50620 - R:localhost/127.0.0.1:54666]
  &amp#27;[32mWhen &amp#27;[0m&amp#27;[32mI input full name&amp#27;[0m             &amp#27;[90m# starter.stepdefinitions.RegisterSteps.iInputFullName()&amp#27;[0m
21:14:25.126 [Forwarding screenshot on session 5c6337c9aa42e187e2436a8726d76a61 to remote] DEBUG org.asynchttpclient.netty.request.NettyRequestSender - Using pooled Channel '[id: 0x1c206e1e, L:/127.0.0.1:50620 - R:localhost/127.0.0.1:54666]' for 'GET' to 'http://localhost:54666/session/5c6337c9aa42e187e2436a8726d76a61/screenshot'
21:14:25.126 [Forwarding screenshot on session 5c6337c9aa42e187e2436a8726d76a61 to remote] DEBUG org.asynchttpclient.netty.request.NettyRequestSender - Using open Channel [id: 0x1c206e1e, L:/127.0.0.1:50620 - R:localhost/127.0.0.1:54666] for GET '/session/5c6337c9aa42e187e2436a8726d76a61/screenshot'
21:14:25.255 [AsyncHttpClient-1-8] DEBUG org.asynchttpclient.netty.handler.HttpHandler - 

Request DefaultFullHttpRequest(decodeResult: success, version: HTTP/1.1, content: EmptyByteBufBE)
GET /session/5c6337c9aa42e187e2436a8726d76a61/screenshot HTTP/1.1
User-Agent: selenium/4.1.2 (java windows)
Cache-Control: no-cache
Content-Type: application/json; charset=utf-8
host: localhost:54666
accept: */*

Response DefaultHttpResponse(decodeResult: success, version: HTTP/1.1)
HTTP/1.1 200 OK
Content-Type: application/json; charset=utf-8
cache-control: no-cache
content-length: 47196

21:14:25.255 [AsyncHttpClient-1-8] DEBUG org.asynchttpclient.netty.channel.ChannelManager - Adding key: http://localhost:54666 for channel [id: 0x1c206e1e, L:/127.0.0.1:50620 - R:localhost/127.0.0.1:54666]
21:14:25.257 [main] DEBUG net.serenitybdd.core.photography.Darkroom - Send negative for processing for target\site\serenity\425498213ba6ac15fd2ab48ce564205f86b33187b87025446b969540bd235a00.png
21:14:25.257 [Darkroom Processing Line] DEBUG net.serenitybdd.core.photography.DarkroomProcessingLine - Processing screenshot image in /var/screenshots/screenshot-11421014804975145309
21:14:25.257 [Darkroom Processing Line] DEBUG net.serenitybdd.core.photography.DarkroomProcessingLine - Saving screenshot to target\site\serenity\425498213ba6ac15fd2ab48ce564205f86b33187b87025446b969540bd235a00.png
21:14:25.262 [Forwarding findElement on session 5c6337c9aa42e187e2436a8726d76a61 to remote] DEBUG org.asynchttpclient.netty.request.NettyRequestSender - Using pooled Channel '[id: 0x1c206e1e, L:/127.0.0.1:50620 - R:localhost/127.0.0.1:54666]' for 'POST' to 'http://localhost:54666/session/5c6337c9aa42e187e2436a8726d76a61/element'
21:14:25.262 [Forwarding findElement on session 5c6337c9aa42e187e2436a8726d76a61 to remote] DEBUG org.asynchttpclient.netty.request.NettyRequestSender - Using open Channel [id: 0x1c206e1e, L:/127.0.0.1:50620 - R:localhost/127.0.0.1:54666] for POST '/session/5c6337c9aa42e187e2436a8726d76a61/element'
21:14:25.271 [AsyncHttpClient-1-8] DEBUG org.asynchttpclient.netty.handler.HttpHandler - 

Request DefaultHttpRequest(decodeResult: success, version: HTTP/1.1)
POST /session/5c6337c9aa42e187e2436a8726d76a61/element HTTP/1.1
User-Agent: selenium/4.1.2 (java windows)
Content-Length: 87
Content-Type: application/json; charset=utf-8
host: localhost:54666
accept: */*

Response DefaultHttpResponse(decodeResult: success, version: HTTP/1.1)
HTTP/1.1 200 OK
Content-Type: application/json; charset=utf-8
cache-control: no-cache
content-length: 88

21:14:25.271 [AsyncHttpClient-1-8] DEBUG org.asynchttpclient.netty.channel.ChannelManager - Adding key: http://localhost:54666 for channel [id: 0x1c206e1e, L:/127.0.0.1:50620 - R:localhost/127.0.0.1:54666]
21:14:25.272 [Forwarding clearElement on session 5c6337c9aa42e187e2436a8726d76a61 to remote] DEBUG org.asynchttpclient.netty.request.NettyRequestSender - Using pooled Channel '[id: 0x1c206e1e, L:/127.0.0.1:50620 - R:localhost/127.0.0.1:54666]' for 'POST' to 'http://localhost:54666/session/5c6337c9aa42e187e2436a8726d76a61/element/75e796e2-bf7d-473c-9e68-96e355716758/clear'
21:14:25.272 [Forwarding clearElement on session 5c6337c9aa42e187e2436a8726d76a61 to remote] DEBUG org.asynchttpclient.netty.request.NettyRequestSender - Using open Channel [id: 0x1c206e1e, L:/127.0.0.1:50620 - R:localhost/127.0.0.1:54666] for POST '/session/5c6337c9aa42e187e2436a8726d76a61/element/75e796e2-bf7d-473c-9e68-96e355716758/clear'
21:14:25.298 [AsyncHttpClient-1-8] DEBUG org.asynchttpclient.netty.handler.HttpHandler - 

Request DefaultHttpRequest(decodeResult: success, version: HTTP/1.1)
POST /session/5c6337c9aa42e187e2436a8726d76a61/element/75e796e2-bf7d-473c-9e68-96e355716758/clear HTTP/1.1
User-Agent: selenium/4.1.2 (java windows)
Content-Length: 50
Content-Type: application/json; charset=utf-8
host: localhost:54666
accept: */*

Response DefaultHttpResponse(decodeResult: success, version: HTTP/1.1)
HTTP/1.1 200 OK
Content-Type: application/json; charset=utf-8
cache-control: no-cache
content-length: 14

21:14:25.298 [AsyncHttpClient-1-8] DEBUG org.asynchttpclient.netty.channel.ChannelManager - Adding key: http://localhost:54666 for channel [id: 0x1c206e1e, L:/127.0.0.1:50620 - R:localhost/127.0.0.1:54666]
21:14:25.299 [Forwarding sendKeysToElement on session 5c6337c9aa42e187e2436a8726d76a61 to remote] DEBUG org.asynchttpclient.netty.request.NettyRequestSender - Using pooled Channel '[id: 0x1c206e1e, L:/127.0.0.1:50620 - R:localhost/127.0.0.1:54666]' for 'POST' to 'http://localhost:54666/session/5c6337c9aa42e187e2436a8726d76a61/element/75e796e2-bf7d-473c-9e68-96e355716758/value'
21:14:25.299 [Forwarding sendKeysToElement on session 5c6337c9aa42e187e2436a8726d76a61 to remote] DEBUG org.asynchttpclient.netty.request.NettyRequestSender - Using open Channel [id: 0x1c206e1e, L:/127.0.0.1:50620 - R:localhost/127.0.0.1:54666] for POST '/session/5c6337c9aa42e187e2436a8726d76a61/element/75e796e2-bf7d-473c-9e68-96e355716758/value'
21:14:25.406 [AsyncHttpClient-1-8] DEBUG org.asynchttpclient.netty.handler.HttpHandler - 

Request DefaultHttpRequest(decodeResult: success, version: HTTP/1.1)
POST /session/5c6337c9aa42e187e2436a8726d76a61/element/75e796e2-bf7d-473c-9e68-96e355716758/value HTTP/1.1
User-Agent: selenium/4.1.2 (java windows)
Content-Length: 321
Content-Type: application/json; charset=utf-8
host: localhost:54666
accept: */*

Response DefaultHttpResponse(decodeResult: success, version: HTTP/1.1)
HTTP/1.1 200 OK
Content-Type: application/json; charset=utf-8
cache-control: no-cache
content-length: 14

21:14:25.406 [AsyncHttpClient-1-8] DEBUG org.asynchttpclient.netty.channel.ChannelManager - Adding key: http://localhost:54666 for channel [id: 0x1c206e1e, L:/127.0.0.1:50620 - R:localhost/127.0.0.1:54666]
  &amp#27;[32mAnd &amp#27;[0m&amp#27;[32mI input new email&amp#27;[0m              &amp#27;[90m# starter.stepdefinitions.RegisterSteps.iInputNewEmail()&amp#27;[0m
21:14:25.411 [Forwarding screenshot on session 5c6337c9aa42e187e2436a8726d76a61 to remote] DEBUG org.asynchttpclient.netty.request.NettyRequestSender - Using pooled Channel '[id: 0x1c206e1e, L:/127.0.0.1:50620 - R:localhost/127.0.0.1:54666]' for 'GET' to 'http://localhost:54666/session/5c6337c9aa42e187e2436a8726d76a61/screenshot'
21:14:25.411 [Forwarding screenshot on session 5c6337c9aa42e187e2436a8726d76a61 to remote] DEBUG org.asynchttpclient.netty.request.NettyRequestSender - Using open Channel [id: 0x1c206e1e, L:/127.0.0.1:50620 - R:localhost/127.0.0.1:54666] for GET '/session/5c6337c9aa42e187e2436a8726d76a61/screenshot'
21:14:25.488 [AsyncHttpClient-1-1] DEBUG org.asynchttpclient.netty.channel.DefaultChannelPool - Entry count for : http://localhost:50621 : 1
21:14:25.618 [AsyncHttpClient-1-8] DEBUG org.asynchttpclient.netty.handler.HttpHandler - 

Request DefaultFullHttpRequest(decodeResult: success, version: HTTP/1.1, content: EmptyByteBufBE)
GET /session/5c6337c9aa42e187e2436a8726d76a61/screenshot HTTP/1.1
User-Agent: selenium/4.1.2 (java windows)
Cache-Control: no-cache
Content-Type: application/json; charset=utf-8
host: localhost:54666
accept: */*

Response DefaultHttpResponse(decodeResult: success, version: HTTP/1.1)
HTTP/1.1 200 OK
Content-Type: application/json; charset=utf-8
cache-control: no-cache
content-length: 55512

21:14:25.618 [AsyncHttpClient-1-8] DEBUG org.asynchttpclient.netty.channel.ChannelManager - Adding key: http://localhost:54666 for channel [id: 0x1c206e1e, L:/127.0.0.1:50620 - R:localhost/127.0.0.1:54666]
21:14:25.619 [main] DEBUG net.serenitybdd.core.photography.Darkroom - Send negative for processing for target\site\serenity\c02eda5cf9414056a6f3d38828e0156daffd862088c4af86160dfe505c455b25.png
21:14:25.619 [Darkroom Processing Line] DEBUG net.serenitybdd.core.photography.DarkroomProcessingLine - Processing screenshot image in /var/screenshots/screenshot-16961490966348677349
21:14:25.619 [Darkroom Processing Line] DEBUG net.serenitybdd.core.photography.DarkroomProcessingLine - Saving screenshot to target\site\serenity\c02eda5cf9414056a6f3d38828e0156daffd862088c4af86160dfe505c455b25.png
21:14:25.626 [Forwarding findElement on session 5c6337c9aa42e187e2436a8726d76a61 to remote] DEBUG org.asynchttpclient.netty.request.NettyRequestSender - Using pooled Channel '[id: 0x1c206e1e, L:/127.0.0.1:50620 - R:localhost/127.0.0.1:54666]' for 'POST' to 'http://localhost:54666/session/5c6337c9aa42e187e2436a8726d76a61/element'
21:14:25.626 [Forwarding findElement on session 5c6337c9aa42e187e2436a8726d76a61 to remote] DEBUG org.asynchttpclient.netty.request.NettyRequestSender - Using open Channel [id: 0x1c206e1e, L:/127.0.0.1:50620 - R:localhost/127.0.0.1:54666] for POST '/session/5c6337c9aa42e187e2436a8726d76a61/element'
21:14:25.633 [AsyncHttpClient-1-8] DEBUG org.asynchttpclient.netty.handler.HttpHandler - 

Request DefaultHttpRequest(decodeResult: success, version: HTTP/1.1)
POST /session/5c6337c9aa42e187e2436a8726d76a61/element HTTP/1.1
User-Agent: selenium/4.1.2 (java windows)
Content-Length: 90
Content-Type: application/json; charset=utf-8
host: localhost:54666
accept: */*

Response DefaultHttpResponse(decodeResult: success, version: HTTP/1.1)
HTTP/1.1 200 OK
Content-Type: application/json; charset=utf-8
cache-control: no-cache
content-length: 88

21:14:25.634 [AsyncHttpClient-1-8] DEBUG org.asynchttpclient.netty.channel.ChannelManager - Adding key: http://localhost:54666 for channel [id: 0x1c206e1e, L:/127.0.0.1:50620 - R:localhost/127.0.0.1:54666]
21:14:25.634 [Forwarding clearElement on session 5c6337c9aa42e187e2436a8726d76a61 to remote] DEBUG org.asynchttpclient.netty.request.NettyRequestSender - Using pooled Channel '[id: 0x1c206e1e, L:/127.0.0.1:50620 - R:localhost/127.0.0.1:54666]' for 'POST' to 'http://localhost:54666/session/5c6337c9aa42e187e2436a8726d76a61/element/fcd3f629-e5c9-461a-ae89-031477d12576/clear'
21:14:25.634 [Forwarding clearElement on session 5c6337c9aa42e187e2436a8726d76a61 to remote] DEBUG org.asynchttpclient.netty.request.NettyRequestSender - Using open Channel [id: 0x1c206e1e, L:/127.0.0.1:50620 - R:localhost/127.0.0.1:54666] for POST '/session/5c6337c9aa42e187e2436a8726d76a61/element/fcd3f629-e5c9-461a-ae89-031477d12576/clear'
21:14:25.663 [AsyncHttpClient-1-8] DEBUG org.asynchttpclient.netty.handler.HttpHandler - 

Request DefaultHttpRequest(decodeResult: success, version: HTTP/1.1)
POST /session/5c6337c9aa42e187e2436a8726d76a61/element/fcd3f629-e5c9-461a-ae89-031477d12576/clear HTTP/1.1
User-Agent: selenium/4.1.2 (java windows)
Content-Length: 50
Content-Type: application/json; charset=utf-8
host: localhost:54666
accept: */*

Response DefaultHttpResponse(decodeResult: success, version: HTTP/1.1)
HTTP/1.1 200 OK
Content-Type: application/json; charset=utf-8
cache-control: no-cache
content-length: 14

21:14:25.663 [AsyncHttpClient-1-8] DEBUG org.asynchttpclient.netty.channel.ChannelManager - Adding key: http://localhost:54666 for channel [id: 0x1c206e1e, L:/127.0.0.1:50620 - R:localhost/127.0.0.1:54666]
21:14:25.665 [Forwarding sendKeysToElement on session 5c6337c9aa42e187e2436a8726d76a61 to remote] DEBUG org.asynchttpclient.netty.request.NettyRequestSender - Using pooled Channel '[id: 0x1c206e1e, L:/127.0.0.1:50620 - R:localhost/127.0.0.1:54666]' for 'POST' to 'http://localhost:54666/session/5c6337c9aa42e187e2436a8726d76a61/element/fcd3f629-e5c9-461a-ae89-031477d12576/value'
21:14:25.665 [Forwarding sendKeysToElement on session 5c6337c9aa42e187e2436a8726d76a61 to remote] DEBUG org.asynchttpclient.netty.request.NettyRequestSender - Using open Channel [id: 0x1c206e1e, L:/127.0.0.1:50620 - R:localhost/127.0.0.1:54666] for POST '/session/5c6337c9aa42e187e2436a8726d76a61/element/fcd3f629-e5c9-461a-ae89-031477d12576/value'
21:14:25.726 [AsyncHttpClient-1-8] DEBUG org.asynchttpclient.netty.handler.HttpHandler - 

Request DefaultHttpRequest(decodeResult: success, version: HTTP/1.1)
POST /session/5c6337c9aa42e187e2436a8726d76a61/element/fcd3f629-e5c9-461a-ae89-031477d12576/value HTTP/1.1
User-Agent: selenium/4.1.2 (java windows)
Content-Length: 141
Content-Type: application/json; charset=utf-8
host: localhost:54666
accept: */*

Response DefaultHttpResponse(decodeResult: success, version: HTTP/1.1)
HTTP/1.1 200 OK
Content-Type: application/json; charset=utf-8
cache-control: no-cache
content-length: 14

21:14:25.726 [AsyncHttpClient-1-8] DEBUG org.asynchttpclient.netty.channel.ChannelManager - Adding key: http://localhost:54666 for channel [id: 0x1c206e1e, L:/127.0.0.1:50620 - R:localhost/127.0.0.1:54666]
  &amp#27;[32mAnd &amp#27;[0m&amp#27;[32mI input password&amp#27;[0m               &amp#27;[90m# starter.stepdefinitions.RegisterSteps.iInputPassword()&amp#27;[0m
21:14:25.732 [Forwarding screenshot on session 5c6337c9aa42e187e2436a8726d76a61 to remote] DEBUG org.asynchttpclient.netty.request.NettyRequestSender - Using pooled Channel '[id: 0x1c206e1e, L:/127.0.0.1:50620 - R:localhost/127.0.0.1:54666]' for 'GET' to 'http://localhost:54666/session/5c6337c9aa42e187e2436a8726d76a61/screenshot'
21:14:25.732 [Forwarding screenshot on session 5c6337c9aa42e187e2436a8726d76a61 to remote] DEBUG org.asynchttpclient.netty.request.NettyRequestSender - Using open Channel [id: 0x1c206e1e, L:/127.0.0.1:50620 - R:localhost/127.0.0.1:54666] for GET '/session/5c6337c9aa42e187e2436a8726d76a61/screenshot'
21:14:25.955 [AsyncHttpClient-1-8] DEBUG org.asynchttpclient.netty.handler.HttpHandler - 

Request DefaultFullHttpRequest(decodeResult: success, version: HTTP/1.1, content: EmptyByteBufBE)
GET /session/5c6337c9aa42e187e2436a8726d76a61/screenshot HTTP/1.1
User-Agent: selenium/4.1.2 (java windows)
Cache-Control: no-cache
Content-Type: application/json; charset=utf-8
host: localhost:54666
accept: */*

Response DefaultHttpResponse(decodeResult: success, version: HTTP/1.1)
HTTP/1.1 200 OK
Content-Type: application/json; charset=utf-8
cache-control: no-cache
content-length: 56364

21:14:25.955 [AsyncHttpClient-1-8] DEBUG org.asynchttpclient.netty.channel.ChannelManager - Adding key: http://localhost:54666 for channel [id: 0x1c206e1e, L:/127.0.0.1:50620 - R:localhost/127.0.0.1:54666]
21:14:25.958 [main] DEBUG net.serenitybdd.core.photography.Darkroom - Send negative for processing for target\site\serenity\4e6a11af61ff68e289839ee18a3b6970746ccb689cdad1568260d2eeafdd5b48.png
21:14:25.959 [Darkroom Processing Line] DEBUG net.serenitybdd.core.photography.DarkroomProcessingLine - Processing screenshot image in /var/screenshots/screenshot-7753532056975557771
21:14:25.959 [Darkroom Processing Line] DEBUG net.serenitybdd.core.photography.DarkroomProcessingLine - Saving screenshot to target\site\serenity\4e6a11af61ff68e289839ee18a3b6970746ccb689cdad1568260d2eeafdd5b48.png
21:14:25.968 [Forwarding findElement on session 5c6337c9aa42e187e2436a8726d76a61 to remote] DEBUG org.asynchttpclient.netty.request.NettyRequestSender - Using pooled Channel '[id: 0x1c206e1e, L:/127.0.0.1:50620 - R:localhost/127.0.0.1:54666]' for 'POST' to 'http://localhost:54666/session/5c6337c9aa42e187e2436a8726d76a61/element'
21:14:25.968 [Forwarding findElement on session 5c6337c9aa42e187e2436a8726d76a61 to remote] DEBUG org.asynchttpclient.netty.request.NettyRequestSender - Using open Channel [id: 0x1c206e1e, L:/127.0.0.1:50620 - R:localhost/127.0.0.1:54666] for POST '/session/5c6337c9aa42e187e2436a8726d76a61/element'
21:14:25.982 [AsyncHttpClient-1-8] DEBUG org.asynchttpclient.netty.handler.HttpHandler - 

Request DefaultHttpRequest(decodeResult: success, version: HTTP/1.1)
POST /session/5c6337c9aa42e187e2436a8726d76a61/element HTTP/1.1
User-Agent: selenium/4.1.2 (java windows)
Content-Length: 84
Content-Type: application/json; charset=utf-8
host: localhost:54666
accept: */*

Response DefaultHttpResponse(decodeResult: success, version: HTTP/1.1)
HTTP/1.1 200 OK
Content-Type: application/json; charset=utf-8
cache-control: no-cache
content-length: 88

21:14:25.982 [AsyncHttpClient-1-8] DEBUG org.asynchttpclient.netty.channel.ChannelManager - Adding key: http://localhost:54666 for channel [id: 0x1c206e1e, L:/127.0.0.1:50620 - R:localhost/127.0.0.1:54666]
21:14:25.983 [Forwarding getElementTagName on session 5c6337c9aa42e187e2436a8726d76a61 to remote] DEBUG org.asynchttpclient.netty.request.NettyRequestSender - Using pooled Channel '[id: 0x1c206e1e, L:/127.0.0.1:50620 - R:localhost/127.0.0.1:54666]' for 'GET' to 'http://localhost:54666/session/5c6337c9aa42e187e2436a8726d76a61/element/0b937c2f-7af1-4d36-ae63-938a63b5cab1/name'
21:14:25.983 [Forwarding getElementTagName on session 5c6337c9aa42e187e2436a8726d76a61 to remote] DEBUG org.asynchttpclient.netty.request.NettyRequestSender - Using open Channel [id: 0x1c206e1e, L:/127.0.0.1:50620 - R:localhost/127.0.0.1:54666] for GET '/session/5c6337c9aa42e187e2436a8726d76a61/element/0b937c2f-7af1-4d36-ae63-938a63b5cab1/name'
21:14:25.987 [AsyncHttpClient-1-8] DEBUG org.asynchttpclient.netty.handler.HttpHandler - 

Request DefaultFullHttpRequest(decodeResult: success, version: HTTP/1.1, content: EmptyByteBufBE)
GET /session/5c6337c9aa42e187e2436a8726d76a61/element/0b937c2f-7af1-4d36-ae63-938a63b5cab1/name HTTP/1.1
User-Agent: selenium/4.1.2 (java windows)
Cache-Control: no-cache
Content-Type: application/json; charset=utf-8
host: localhost:54666
accept: */*

Response DefaultHttpResponse(decodeResult: success, version: HTTP/1.1)
HTTP/1.1 200 OK
Content-Type: application/json; charset=utf-8
cache-control: no-cache
content-length: 16

21:14:25.988 [AsyncHttpClient-1-8] DEBUG org.asynchttpclient.netty.channel.ChannelManager - Adding key: http://localhost:54666 for channel [id: 0x1c206e1e, L:/127.0.0.1:50620 - R:localhost/127.0.0.1:54666]
21:14:25.989 [Forwarding getElementTagName on session 5c6337c9aa42e187e2436a8726d76a61 to remote] DEBUG org.asynchttpclient.netty.request.NettyRequestSender - Using pooled Channel '[id: 0x1c206e1e, L:/127.0.0.1:50620 - R:localhost/127.0.0.1:54666]' for 'GET' to 'http://localhost:54666/session/5c6337c9aa42e187e2436a8726d76a61/element/0b937c2f-7af1-4d36-ae63-938a63b5cab1/name'
21:14:25.989 [Forwarding getElementTagName on session 5c6337c9aa42e187e2436a8726d76a61 to remote] DEBUG org.asynchttpclient.netty.request.NettyRequestSender - Using open Channel [id: 0x1c206e1e, L:/127.0.0.1:50620 - R:localhost/127.0.0.1:54666] for GET '/session/5c6337c9aa42e187e2436a8726d76a61/element/0b937c2f-7af1-4d36-ae63-938a63b5cab1/name'
21:14:25.995 [AsyncHttpClient-1-8] DEBUG org.asynchttpclient.netty.handler.HttpHandler - 

Request DefaultFullHttpRequest(decodeResult: success, version: HTTP/1.1, content: EmptyByteBufBE)
GET /session/5c6337c9aa42e187e2436a8726d76a61/element/0b937c2f-7af1-4d36-ae63-938a63b5cab1/name HTTP/1.1
User-Agent: selenium/4.1.2 (java windows)
Cache-Control: no-cache
Content-Type: application/json; charset=utf-8
host: localhost:54666
accept: */*

Response DefaultHttpResponse(decodeResult: success, version: HTTP/1.1)
HTTP/1.1 200 OK
Content-Type: application/json; charset=utf-8
cache-control: no-cache
content-length: 16

21:14:25.995 [AsyncHttpClient-1-8] DEBUG org.asynchttpclient.netty.channel.ChannelManager - Adding key: http://localhost:54666 for channel [id: 0x1c206e1e, L:/127.0.0.1:50620 - R:localhost/127.0.0.1:54666]
21:14:25.996 [Forwarding findElement on session 5c6337c9aa42e187e2436a8726d76a61 to remote] DEBUG org.asynchttpclient.netty.request.NettyRequestSender - Using pooled Channel '[id: 0x1c206e1e, L:/127.0.0.1:50620 - R:localhost/127.0.0.1:54666]' for 'POST' to 'http://localhost:54666/session/5c6337c9aa42e187e2436a8726d76a61/element'
21:14:25.996 [Forwarding findElement on session 5c6337c9aa42e187e2436a8726d76a61 to remote] DEBUG org.asynchttpclient.netty.request.NettyRequestSender - Using open Channel [id: 0x1c206e1e, L:/127.0.0.1:50620 - R:localhost/127.0.0.1:54666] for POST '/session/5c6337c9aa42e187e2436a8726d76a61/element'
21:14:26.001 [AsyncHttpClient-1-8] DEBUG org.asynchttpclient.netty.handler.HttpHandler - 

Request DefaultHttpRequest(decodeResult: success, version: HTTP/1.1)
POST /session/5c6337c9aa42e187e2436a8726d76a61/element HTTP/1.1
User-Agent: selenium/4.1.2 (java windows)
Content-Length: 84
Content-Type: application/json; charset=utf-8
host: localhost:54666
accept: */*

Response DefaultHttpResponse(decodeResult: success, version: HTTP/1.1)
HTTP/1.1 200 OK
Content-Type: application/json; charset=utf-8
cache-control: no-cache
content-length: 88

21:14:26.001 [AsyncHttpClient-1-8] DEBUG org.asynchttpclient.netty.channel.ChannelManager - Adding key: http://localhost:54666 for channel [id: 0x1c206e1e, L:/127.0.0.1:50620 - R:localhost/127.0.0.1:54666]
21:14:26.002 [Forwarding clickElement on session 5c6337c9aa42e187e2436a8726d76a61 to remote] DEBUG org.asynchttpclient.netty.request.NettyRequestSender - Using pooled Channel '[id: 0x1c206e1e, L:/127.0.0.1:50620 - R:localhost/127.0.0.1:54666]' for 'POST' to 'http://localhost:54666/session/5c6337c9aa42e187e2436a8726d76a61/element/0b937c2f-7af1-4d36-ae63-938a63b5cab1/click'
21:14:26.002 [Forwarding clickElement on session 5c6337c9aa42e187e2436a8726d76a61 to remote] DEBUG org.asynchttpclient.netty.request.NettyRequestSender - Using open Channel [id: 0x1c206e1e, L:/127.0.0.1:50620 - R:localhost/127.0.0.1:54666] for POST '/session/5c6337c9aa42e187e2436a8726d76a61/element/0b937c2f-7af1-4d36-ae63-938a63b5cab1/click'
21:14:26.052 [AsyncHttpClient-1-8] DEBUG org.asynchttpclient.netty.handler.HttpHandler - 

Request DefaultHttpRequest(decodeResult: success, version: HTTP/1.1)
POST /session/5c6337c9aa42e187e2436a8726d76a61/element/0b937c2f-7af1-4d36-ae63-938a63b5cab1/click HTTP/1.1
User-Agent: selenium/4.1.2 (java windows)
Content-Length: 50
Content-Type: application/json; charset=utf-8
host: localhost:54666
accept: */*

Response DefaultHttpResponse(decodeResult: success, version: HTTP/1.1)
HTTP/1.1 200 OK
Content-Type: application/json; charset=utf-8
cache-control: no-cache
content-length: 14

21:14:26.052 [AsyncHttpClient-1-8] DEBUG org.asynchttpclient.netty.channel.ChannelManager - Adding key: http://localhost:54666 for channel [id: 0x1c206e1e, L:/127.0.0.1:50620 - R:localhost/127.0.0.1:54666]
  &amp#27;[32mAnd &amp#27;[0m&amp#27;[32mI click register&amp#27;[0m               &amp#27;[90m# starter.stepdefinitions.RegisterSteps.iClickRegister()&amp#27;[0m
21:14:26.061 [Forwarding screenshot on session 5c6337c9aa42e187e2436a8726d76a61 to remote] DEBUG org.asynchttpclient.netty.request.NettyRequestSender - Using pooled Channel '[id: 0x1c206e1e, L:/127.0.0.1:50620 - R:localhost/127.0.0.1:54666]' for 'GET' to 'http://localhost:54666/session/5c6337c9aa42e187e2436a8726d76a61/screenshot'
21:14:26.061 [Forwarding screenshot on session 5c6337c9aa42e187e2436a8726d76a61 to remote] DEBUG org.asynchttpclient.netty.request.NettyRequestSender - Using open Channel [id: 0x1c206e1e, L:/127.0.0.1:50620 - R:localhost/127.0.0.1:54666] for GET '/session/5c6337c9aa42e187e2436a8726d76a61/screenshot'
21:14:26.461 [AsyncHttpClient-1-8] DEBUG org.asynchttpclient.netty.handler.HttpHandler - 

Request DefaultFullHttpRequest(decodeResult: success, version: HTTP/1.1, content: EmptyByteBufBE)
GET /session/5c6337c9aa42e187e2436a8726d76a61/screenshot HTTP/1.1
User-Agent: selenium/4.1.2 (java windows)
Cache-Control: no-cache
Content-Type: application/json; charset=utf-8
host: localhost:54666
accept: */*

Response DefaultHttpResponse(decodeResult: success, version: HTTP/1.1)
HTTP/1.1 200 OK
Content-Type: application/json; charset=utf-8
cache-control: no-cache
content-length: 55040

21:14:26.461 [AsyncHttpClient-1-8] DEBUG org.asynchttpclient.netty.channel.ChannelManager - Adding key: http://localhost:54666 for channel [id: 0x1c206e1e, L:/127.0.0.1:50620 - R:localhost/127.0.0.1:54666]
21:14:26.464 [main] DEBUG net.serenitybdd.core.photography.Darkroom - Send negative for processing for target\site\serenity\caa73e5025df811e511a69dfc81c6bf5a8cb4d2eeb616730374305a65a99e1eb.png
21:14:26.464 [Darkroom Processing Line] DEBUG net.serenitybdd.core.photography.DarkroomProcessingLine - Processing screenshot image in /var/screenshots/screenshot-5326670327744398257
21:14:26.464 [Darkroom Processing Line] DEBUG net.serenitybdd.core.photography.DarkroomProcessingLine - Saving screenshot to target\site\serenity\caa73e5025df811e511a69dfc81c6bf5a8cb4d2eeb616730374305a65a99e1eb.png
21:14:26.475 [Forwarding findElement on session 5c6337c9aa42e187e2436a8726d76a61 to remote] DEBUG org.asynchttpclient.netty.request.NettyRequestSender - Using pooled Channel '[id: 0x1c206e1e, L:/127.0.0.1:50620 - R:localhost/127.0.0.1:54666]' for 'POST' to 'http://localhost:54666/session/5c6337c9aa42e187e2436a8726d76a61/element'
21:14:26.475 [Forwarding findElement on session 5c6337c9aa42e187e2436a8726d76a61 to remote] DEBUG org.asynchttpclient.netty.request.NettyRequestSender - Using open Channel [id: 0x1c206e1e, L:/127.0.0.1:50620 - R:localhost/127.0.0.1:54666] for POST '/session/5c6337c9aa42e187e2436a8726d76a61/element'
21:14:26.588 [AsyncHttpClient-1-1] DEBUG org.asynchttpclient.netty.channel.DefaultChannelPool - Entry count for : http://localhost:50621 : 1
21:14:27.538 [AsyncHttpClient-1-8] DEBUG org.asynchttpclient.netty.handler.HttpHandler - 

Request DefaultHttpRequest(decodeResult: success, version: HTTP/1.1)
POST /session/5c6337c9aa42e187e2436a8726d76a61/element HTTP/1.1
User-Agent: selenium/4.1.2 (java windows)
Content-Length: 77
Content-Type: application/json; charset=utf-8
host: localhost:54666
accept: */*

Response DefaultHttpResponse(decodeResult: success, version: HTTP/1.1)
HTTP/1.1 200 OK
Content-Type: application/json; charset=utf-8
cache-control: no-cache
content-length: 88

21:14:27.538 [AsyncHttpClient-1-8] DEBUG org.asynchttpclient.netty.channel.ChannelManager - Adding key: http://localhost:54666 for channel [id: 0x1c206e1e, L:/127.0.0.1:50620 - R:localhost/127.0.0.1:54666]
21:14:27.540 [Forwarding isElementDisplayed on session 5c6337c9aa42e187e2436a8726d76a61 to remote] DEBUG org.asynchttpclient.netty.request.NettyRequestSender - Using pooled Channel '[id: 0x1c206e1e, L:/127.0.0.1:50620 - R:localhost/127.0.0.1:54666]' for 'POST' to 'http://localhost:54666/session/5c6337c9aa42e187e2436a8726d76a61/execute/sync'
21:14:27.541 [Forwarding isElementDisplayed on session 5c6337c9aa42e187e2436a8726d76a61 to remote] DEBUG org.asynchttpclient.netty.request.NettyRequestSender - Using open Channel [id: 0x1c206e1e, L:/127.0.0.1:50620 - R:localhost/127.0.0.1:54666] for POST '/session/5c6337c9aa42e187e2436a8726d76a61/execute/sync'
21:14:27.552 [AsyncHttpClient-1-8] DEBUG org.asynchttpclient.netty.handler.HttpHandler - 

Request DefaultHttpRequest(decodeResult: success, version: HTTP/1.1)
POST /session/5c6337c9aa42e187e2436a8726d76a61/execute/sync HTTP/1.1
User-Agent: selenium/4.1.2 (java windows)
Content-Length: 48780
Content-Type: application/json; charset=utf-8
host: localhost:54666
accept: */*

Response DefaultHttpResponse(decodeResult: success, version: HTTP/1.1)
HTTP/1.1 200 OK
Content-Type: application/json; charset=utf-8
cache-control: no-cache
content-length: 14

21:14:27.552 [AsyncHttpClient-1-8] DEBUG org.asynchttpclient.netty.channel.ChannelManager - Adding key: http://localhost:54666 for channel [id: 0x1c206e1e, L:/127.0.0.1:50620 - R:localhost/127.0.0.1:54666]
  &amp#27;[32mThen &amp#27;[0m&amp#27;[32mI am redirected to login page&amp#27;[0m &amp#27;[90m# starter.stepdefinitions.RegisterSteps.iAmRedirectedToLoginPage()&amp#27;[0m
21:14:27.555 [Forwarding screenshot on session 5c6337c9aa42e187e2436a8726d76a61 to remote] DEBUG org.asynchttpclient.netty.request.NettyRequestSender - Using pooled Channel '[id: 0x1c206e1e, L:/127.0.0.1:50620 - R:localhost/127.0.0.1:54666]' for 'GET' to 'http://localhost:54666/session/5c6337c9aa42e187e2436a8726d76a61/screenshot'
21:14:27.555 [Forwarding screenshot on session 5c6337c9aa42e187e2436a8726d76a61 to remote] DEBUG org.asynchttpclient.netty.request.NettyRequestSender - Using open Channel [id: 0x1c206e1e, L:/127.0.0.1:50620 - R:localhost/127.0.0.1:54666] for GET '/session/5c6337c9aa42e187e2436a8726d76a61/screenshot'
21:14:27.677 [AsyncHttpClient-1-8] DEBUG org.asynchttpclient.netty.handler.HttpHandler - 

Request DefaultFullHttpRequest(decodeResult: success, version: HTTP/1.1, content: EmptyByteBufBE)
GET /session/5c6337c9aa42e187e2436a8726d76a61/screenshot HTTP/1.1
User-Agent: selenium/4.1.2 (java windows)
Cache-Control: no-cache
Content-Type: application/json; charset=utf-8
host: localhost:54666
accept: */*

Response DefaultHttpResponse(decodeResult: success, version: HTTP/1.1)
HTTP/1.1 200 OK
Content-Type: application/json; charset=utf-8
cache-control: no-cache
content-length: 38472

21:14:27.677 [AsyncHttpClient-1-8] DEBUG org.asynchttpclient.netty.channel.ChannelManager - Adding key: http://localhost:54666 for channel [id: 0x1c206e1e, L:/127.0.0.1:50620 - R:localhost/127.0.0.1:54666]
21:14:27.678 [main] DEBUG net.serenitybdd.core.photography.Darkroom - Send negative for processing for target\site\serenity\6c2309ed56aeb278067cd6b3caf368b9f01e276e2bf175d46007f31c90d5af21.png
21:14:27.679 [main] INFO  - 
  _____   ___   ___   _____     ___     _     ___   ___   ___   ___  
 |_   _| | __| / __| |_   _|   | _ \   /_\   / __| / __| | __| |   \ 
   | |   | _|  \__ \   | |     |  _/  / _ \  \__ \ \__ \ | _|  | |) |
   |_|   |___| |___/   |_|     |_|   /_/ \_\ |___/ |___/ |___| |___/ 

Register with new email
----------------------------------------------------------------------
21:14:27.680 [AsyncHttpClient-1-10] DEBUG org.asynchttpclient.netty.handler.WebSocketHandler - Channel Closed: [id: 0xc0ea8848, L:/127.0.0.1:50628 ! R:localhost/127.0.0.1:50621] with attribute NettyResponseFuture{currentRetry=5,
	isDone=1,
	isCancelled=0,
	asyncHandler=org.asynchttpclient.ws.WebSocketUpgradeHandler@71ccf61b,
	nettyRequest=org.asynchttpclient.netty.request.NettyRequest@63b9f0f,
	future=java.util.concurrent.CompletableFuture@176e6363[Completed normally],
	uri=ws://localhost:50621/devtools/browser/b52fd6f2-2e07-4471-af6b-3e1fff5d935e,
	keepAlive=true,
	redirectCount=0,
	timeoutsHolder=null,
	inAuth=0,
	touch=1667484863258}
21:14:27.680 [AsyncHttpClient-1-10] DEBUG org.asynchttpclient.netty.channel.ChannelManager - Closing Channel [id: 0xc0ea8848, L:/127.0.0.1:50628 ! R:localhost/127.0.0.1:50621] 
21:14:27.680 [Driver Command Executor] DEBUG org.asynchttpclient.netty.request.NettyRequestSender - Using pooled Channel '[id: 0x1c206e1e, L:/127.0.0.1:50620 - R:localhost/127.0.0.1:54666]' for 'DELETE' to 'http://localhost:54666/session/5c6337c9aa42e187e2436a8726d76a61'
21:14:27.680 [Driver Command Executor] DEBUG org.asynchttpclient.netty.request.NettyRequestSender - Using open Channel [id: 0x1c206e1e, L:/127.0.0.1:50620 - R:localhost/127.0.0.1:54666] for DELETE '/session/5c6337c9aa42e187e2436a8726d76a61'
21:14:27.689 [AsyncHttpClient-1-1] DEBUG org.asynchttpclient.netty.channel.DefaultChannelPool - Entry count for : http://localhost:50621 : 1
21:14:27.717 [AsyncHttpClient-1-9] DEBUG org.asynchttpclient.netty.handler.HttpHandler - Unexpected I/O exception on channel [id: 0x0c8c412c, L:/127.0.0.1:50627 - R:localhost/127.0.0.1:50621]
java.net.SocketException: Connection reset
	at java.base/sun.nio.ch.SocketChannelImpl.throwConnectionReset(SocketChannelImpl.java:345)
	at java.base/sun.nio.ch.SocketChannelImpl.read(SocketChannelImpl.java:376)
	at io.netty.buffer.PooledByteBuf.setBytes(PooledByteBuf.java:258)
	at io.netty.buffer.AbstractByteBuf.writeBytes(AbstractByteBuf.java:1132)
	at io.netty.channel.socket.nio.NioSocketChannel.doReadBytes(NioSocketChannel.java:350)
	at io.netty.channel.nio.AbstractNioByteChannel$NioByteUnsafe.read(AbstractNioByteChannel.java:151)
	at io.netty.channel.nio.NioEventLoop.processSelectedKey(NioEventLoop.java:722)
	at io.netty.channel.nio.NioEventLoop.processSelectedKeysOptimized(NioEventLoop.java:658)
	at io.netty.channel.nio.NioEventLoop.processSelectedKeys(NioEventLoop.java:584)
	at io.netty.channel.nio.NioEventLoop.run(NioEventLoop.java:496)
	at io.netty.util.concurrent.SingleThreadEventExecutor$4.run(SingleThreadEventExecutor.java:986)
	at io.netty.util.internal.ThreadExecutorMap$2.run(ThreadExecutorMap.java:74)
	at io.netty.util.concurrent.FastThreadLocalRunnable.run(FastThreadLocalRunnable.java:30)
	at java.base/java.lang.Thread.run(Thread.java:830)
21:14:27.717 [AsyncHttpClient-1-9] DEBUG org.asynchttpclient.netty.channel.ChannelManager - Closing Channel [id: 0x0c8c412c, L:/127.0.0.1:50627 - R:localhost/127.0.0.1:50621] 
21:14:27.718 [AsyncHttpClient-1-9] DEBUG org.asynchttpclient.netty.handler.HttpHandler - Channel Closed: [id: 0x0c8c412c, L:/127.0.0.1:50627 ! R:localhost/127.0.0.1:50621] with attribute DISCARD
21:14:27.737 [AsyncHttpClient-1-8] DEBUG org.asynchttpclient.netty.handler.HttpHandler - 

Request DefaultFullHttpRequest(decodeResult: success, version: HTTP/1.1, content: EmptyByteBufBE)
DELETE /session/5c6337c9aa42e187e2436a8726d76a61 HTTP/1.1
User-Agent: selenium/4.1.2 (java windows)
Content-Type: application/json; charset=utf-8
host: localhost:54666
accept: */*

Response DefaultHttpResponse(decodeResult: success, version: HTTP/1.1)
HTTP/1.1 200 OK
Content-Type: application/json; charset=utf-8
cache-control: no-cache
content-length: 14

21:14:27.737 [AsyncHttpClient-1-8] DEBUG org.asynchttpclient.netty.channel.ChannelManager - Adding key: http://localhost:54666 for channel [id: 0x1c206e1e, L:/127.0.0.1:50620 - R:localhost/127.0.0.1:54666]
21:14:27.786 [AsyncHttpClient-1-8] DEBUG org.asynchttpclient.netty.handler.HttpHandler - Channel Closed: [id: 0x1c206e1e, L:/127.0.0.1:50620 ! R:localhost/127.0.0.1:54666] with attribute DISCARD
]]></system-out>
    <system-err><![CDATA[Starting ChromeDriver 106.0.5249.61 (511755355844955cd3e264779baf0dd38212a4d0-refs/branch-heads/5249@{#569}) on port 54666
Only local connections are allowed.
Please see https://chromedriver.chromium.org/security-considerations for suggestions on keeping ChromeDriver safe.
ChromeDriver was started successfully.
[1667484863.105][WARNING]: This version of ChromeDriver has not been tested with Chrome version 107.
Nov 03, 2022 9:14:23 PM org.openqa.selenium.remote.ProtocolHandshake createSession
INFO: Detected dialect: W3C
Nov 03, 2022 9:14:23 PM org.openqa.selenium.devtools.CdpVersionFinder findNearestMatch
WARNING: Unable to find an exact match for CDP version 107, so returning the closest version found: a no-op implementation
Nov 03, 2022 9:14:23 PM org.openqa.selenium.devtools.CdpVersionFinder findNearestMatch
INFO: Unable to find CDP implementation matching 107.
Nov 03, 2022 9:14:23 PM org.openqa.selenium.chromium.ChromiumDriver lambda$new$3
WARNING: Unable to find version of CDP to use for . You may need to include a dependency on a specific version of the CDP using something similar to `org.seleniumhq.selenium:selenium-devtools-v86:4.1.2` where the version ("v86") matches the version of the chromium-based browser you're using and the version number of the artifact is the same as Selenium's.
]]></system-err>
  </testcase>
  <testcase name="Register with registered email" classname="Register" time="8.837">
    <system-out><![CDATA[
@Register
Scenario: Register with registered email &amp#27;[90m# src/test/resources/features/Register.feature:19&amp#27;[0m
21:14:28.330 [main] INFO io.cucumber.core.plugin.SerenityReporter - Running feature from file:///C:/Users/ASUS/Desktop/stupen/miniproject/Web/ASWeb/src/test/resources/features/Register.feature
21:14:28.334 [main] INFO  - 
  _____   ___   ___   _____     ___   _____     _     ___   _____   ___   ___  
 |_   _| | __| / __| |_   _|   / __| |_   _|   /_\   | _ \ |_   _| | __| |   \ 
   | |   | _|  \__ \   | |     \__ \   | |    / _ \  |   /   | |   | _|  | |) |
   |_|   |___| |___/   |_|     |___/   |_|   /_/ \_\ |_|_\   |_|   |___| |___/ 

Register with registered email(register;register-with-registered-email)
--------------------------------------------------------------------------------
21:14:28.351 [main] INFO net.serenitybdd.core.webdriver.driverproviders.ChromeDriverProvider - Using automatically driver download
21:14:28.445 [main] DEBUG io.github.bonigarcia.wdm.cache.ResolutionCache - Resolution chrome=107 in cache (valid until 21:49:49 03/11/2022 WIB)
21:14:28.448 [main] DEBUG io.github.bonigarcia.wdm.cache.ResolutionCache - Resolution chrome107=107.0.5304.62 in cache (valid until 16:49:12 04/11/2022 WIB)
21:14:28.449 [main] INFO io.github.bonigarcia.wdm.WebDriverManager - Using chromedriver 107.0.5304.62 (resolved driver for Chrome 107)
21:14:28.460 [main] DEBUG io.github.bonigarcia.wdm.WebDriverManager - Driver chromedriver 107.0.5304.62 found in cache
21:14:28.461 [main] INFO io.github.bonigarcia.wdm.WebDriverManager - Exporting webdriver.chrome.driver as C:\Users\ASUS\.cache\selenium\chromedriver\win32\107.0.5304.62\chromedriver.exe
21:14:28.574 [main] DEBUG net.serenitybdd.core.webdriver.driverproviders.ProvideNewDriver - Instantiating driver
21:14:28.574 [main] DEBUG net.serenitybdd.core.webdriver.driverproviders.ProvideNewDriver - Driver capabilities: Capabilities {acceptInsecureCerts: false, base.url: https://alta-shop.vercel.app/, browserName: chrome, chrome.driver: src/test/resources/webdrive..., driver: chrome, goog:chromeOptions: {args: [], extensions: []}, wait.for.timeout: 10000}
21:14:28.787 [AsyncHttpClient-1-1] DEBUG org.asynchttpclient.netty.channel.DefaultChannelPool - Entry count for : http://localhost:54666 : 1
21:14:28.787 [AsyncHttpClient-1-1] DEBUG org.asynchttpclient.netty.channel.DefaultChannelPool - Entry count for : http://localhost:50621 : 1
21:14:28.787 [AsyncHttpClient-1-1] DEBUG org.asynchttpclient.netty.channel.DefaultChannelPool - Adding Candidate expired Channel [id: 0x1c206e1e, L:/127.0.0.1:50620 ! R:localhost/127.0.0.1:54666] isIdleTimeoutExpired=false isRemotelyClosed=true isTtlExpired=false
21:14:28.787 [AsyncHttpClient-1-1] DEBUG org.asynchttpclient.netty.channel.DefaultChannelPool - Closing Idle Channel [id: 0x1c206e1e, L:/127.0.0.1:50620 ! R:localhost/127.0.0.1:54666]
21:14:28.787 [AsyncHttpClient-1-1] DEBUG org.asynchttpclient.netty.channel.DefaultChannelPool - Adding Candidate expired Channel [id: 0x0c8c412c, L:/127.0.0.1:50627 ! R:localhost/127.0.0.1:50621] isIdleTimeoutExpired=false isRemotelyClosed=true isTtlExpired=false
21:14:28.787 [AsyncHttpClient-1-1] DEBUG org.asynchttpclient.netty.channel.DefaultChannelPool - Closing Idle Channel [id: 0x0c8c412c, L:/127.0.0.1:50627 ! R:localhost/127.0.0.1:50621]
21:14:28.787 [AsyncHttpClient-1-1] DEBUG org.asynchttpclient.netty.channel.DefaultChannelPool - Closed 2 connections out of 2 in 0 ms
21:14:29.113 [AsyncHttpClient-1-11] DEBUG org.asynchttpclient.netty.channel.NettyConnectListener - Using new Channel '[id: 0xf6789aaa, L:/127.0.0.1:50652 - R:localhost/127.0.0.1:60363]' for 'POST' to '/session'
21:14:29.853 [AsyncHttpClient-1-11] DEBUG org.asynchttpclient.netty.handler.HttpHandler - 

Request DefaultHttpRequest(decodeResult: success, version: HTTP/1.1)
POST /session HTTP/1.1
User-Agent: selenium/4.1.2 (java windows)
Content-Length: 646
Content-Type: application/json; charset=utf-8
host: localhost:60363
accept: */*

Response DefaultHttpResponse(decodeResult: success, version: HTTP/1.1)
HTTP/1.1 200 OK
Content-Type: application/json; charset=utf-8
cache-control: no-cache
content-length: 788

21:14:29.853 [AsyncHttpClient-1-11] DEBUG org.asynchttpclient.netty.channel.ChannelManager - Adding key: http://localhost:60363 for channel [id: 0xf6789aaa, L:/127.0.0.1:50652 - R:localhost/127.0.0.1:60363]
21:14:29.864 [AsyncHttpClient-1-12] DEBUG org.asynchttpclient.netty.channel.NettyConnectListener - Using new Channel '[id: 0xc7626093, L:/127.0.0.1:50661 - R:localhost/127.0.0.1:50653]' for 'GET' to '/json/version'
21:14:29.865 [AsyncHttpClient-1-12] DEBUG org.asynchttpclient.netty.handler.HttpHandler - 

Request DefaultFullHttpRequest(decodeResult: success, version: HTTP/1.1, content: EmptyByteBufBE)
GET /json/version HTTP/1.1
User-Agent: selenium/4.1.2 (java windows)
host: localhost:50653
accept: */*

Response DefaultHttpResponse(decodeResult: success, version: HTTP/1.1)
HTTP/1.1 200 OK
Content-Type: application/json; charset=UTF-8
content-length: 423

21:14:29.865 [AsyncHttpClient-1-12] DEBUG org.asynchttpclient.netty.channel.ChannelManager - Adding key: http://localhost:50653 for channel [id: 0xc7626093, L:/127.0.0.1:50661 - R:localhost/127.0.0.1:50653]
21:14:29.868 [AsyncHttpClient-1-13] DEBUG org.asynchttpclient.netty.channel.NettyConnectListener - Using new Channel '[id: 0x79dcac74, L:/127.0.0.1:50662 - R:localhost/127.0.0.1:50653]' for 'GET' to '/devtools/browser/acef48d3-6017-452a-9b6b-3ac9dec9b227'
21:14:29.869 [AsyncHttpClient-1-13] DEBUG org.asynchttpclient.netty.handler.WebSocketHandler - 

Request DefaultFullHttpRequest(decodeResult: success, version: HTTP/1.1, content: EmptyByteBufBE)
GET /devtools/browser/acef48d3-6017-452a-9b6b-3ac9dec9b227 HTTP/1.1
upgrade: websocket
connection: upgrade
sec-websocket-key: BSLJv6xw5grcFnEfbYm2Og==
sec-websocket-version: 13
origin: http://localhost:50653
host: localhost:50653
accept: */*
user-agent: AHC/2.1

Response DefaultHttpResponse(decodeResult: success, version: HTTP/1.1)
HTTP/1.1 101 WebSocket Protocol Handshake
Upgrade: WebSocket
Connection: Upgrade
Sec-WebSocket-Accept: nAzQ2i1ScyWM2qKhe4mghJk1FQc=

21:14:29.873 [Forwarding get on session 04e51d872cab24dd8f8f97199878bb55 to remote] DEBUG org.asynchttpclient.netty.request.NettyRequestSender - Using pooled Channel '[id: 0xf6789aaa, L:/127.0.0.1:50652 - R:localhost/127.0.0.1:60363]' for 'POST' to 'http://localhost:60363/session/04e51d872cab24dd8f8f97199878bb55/url'
21:14:29.873 [Forwarding get on session 04e51d872cab24dd8f8f97199878bb55 to remote] DEBUG org.asynchttpclient.netty.request.NettyRequestSender - Using open Channel [id: 0xf6789aaa, L:/127.0.0.1:50652 - R:localhost/127.0.0.1:60363] for POST '/session/04e51d872cab24dd8f8f97199878bb55/url'
21:14:29.887 [AsyncHttpClient-1-1] DEBUG org.asynchttpclient.netty.channel.DefaultChannelPool - Entry count for : http://localhost:50653 : 1
21:14:30.987 [AsyncHttpClient-1-1] DEBUG org.asynchttpclient.netty.channel.DefaultChannelPool - Entry count for : http://localhost:50653 : 1
21:14:32.087 [AsyncHttpClient-1-1] DEBUG org.asynchttpclient.netty.channel.DefaultChannelPool - Entry count for : http://localhost:50653 : 1
21:14:33.188 [AsyncHttpClient-1-1] DEBUG org.asynchttpclient.netty.channel.DefaultChannelPool - Entry count for : http://localhost:50653 : 1
21:14:33.731 [AsyncHttpClient-1-11] DEBUG org.asynchttpclient.netty.handler.HttpHandler - 

Request DefaultHttpRequest(decodeResult: success, version: HTTP/1.1)
POST /session/04e51d872cab24dd8f8f97199878bb55/url HTTP/1.1
User-Agent: selenium/4.1.2 (java windows)
Content-Length: 77
Content-Type: application/json; charset=utf-8
host: localhost:60363
accept: */*

Response DefaultHttpResponse(decodeResult: success, version: HTTP/1.1)
HTTP/1.1 200 OK
Content-Type: application/json; charset=utf-8
cache-control: no-cache
content-length: 14

21:14:33.731 [AsyncHttpClient-1-11] DEBUG org.asynchttpclient.netty.channel.ChannelManager - Adding key: http://localhost:60363 for channel [id: 0xf6789aaa, L:/127.0.0.1:50652 - R:localhost/127.0.0.1:60363]
21:14:33.732 [Forwarding setTimeout on session 04e51d872cab24dd8f8f97199878bb55 to remote] DEBUG org.asynchttpclient.netty.request.NettyRequestSender - Using pooled Channel '[id: 0xf6789aaa, L:/127.0.0.1:50652 - R:localhost/127.0.0.1:60363]' for 'POST' to 'http://localhost:60363/session/04e51d872cab24dd8f8f97199878bb55/timeouts'
21:14:33.732 [Forwarding setTimeout on session 04e51d872cab24dd8f8f97199878bb55 to remote] DEBUG org.asynchttpclient.netty.request.NettyRequestSender - Using open Channel [id: 0xf6789aaa, L:/127.0.0.1:50652 - R:localhost/127.0.0.1:60363] for POST '/session/04e51d872cab24dd8f8f97199878bb55/timeouts'
21:14:33.733 [AsyncHttpClient-1-11] DEBUG org.asynchttpclient.netty.handler.HttpHandler - 

Request DefaultHttpRequest(decodeResult: success, version: HTTP/1.1)
POST /session/04e51d872cab24dd8f8f97199878bb55/timeouts HTTP/1.1
User-Agent: selenium/4.1.2 (java windows)
Content-Length: 22
Content-Type: application/json; charset=utf-8
host: localhost:60363
accept: */*

Response DefaultHttpResponse(decodeResult: success, version: HTTP/1.1)
HTTP/1.1 200 OK
Content-Type: application/json; charset=utf-8
cache-control: no-cache
content-length: 14

21:14:33.733 [AsyncHttpClient-1-11] DEBUG org.asynchttpclient.netty.channel.ChannelManager - Adding key: http://localhost:60363 for channel [id: 0xf6789aaa, L:/127.0.0.1:50652 - R:localhost/127.0.0.1:60363]
21:14:33.735 [Forwarding getCurrentUrl on session 04e51d872cab24dd8f8f97199878bb55 to remote] DEBUG org.asynchttpclient.netty.request.NettyRequestSender - Using pooled Channel '[id: 0xf6789aaa, L:/127.0.0.1:50652 - R:localhost/127.0.0.1:60363]' for 'GET' to 'http://localhost:60363/session/04e51d872cab24dd8f8f97199878bb55/url'
21:14:33.735 [Forwarding getCurrentUrl on session 04e51d872cab24dd8f8f97199878bb55 to remote] DEBUG org.asynchttpclient.netty.request.NettyRequestSender - Using open Channel [id: 0xf6789aaa, L:/127.0.0.1:50652 - R:localhost/127.0.0.1:60363] for GET '/session/04e51d872cab24dd8f8f97199878bb55/url'
21:14:33.739 [AsyncHttpClient-1-11] DEBUG org.asynchttpclient.netty.handler.HttpHandler - 

Request DefaultFullHttpRequest(decodeResult: success, version: HTTP/1.1, content: EmptyByteBufBE)
GET /session/04e51d872cab24dd8f8f97199878bb55/url HTTP/1.1
User-Agent: selenium/4.1.2 (java windows)
Cache-Control: no-cache
Content-Type: application/json; charset=utf-8
host: localhost:60363
accept: */*

Response DefaultHttpResponse(decodeResult: success, version: HTTP/1.1)
HTTP/1.1 200 OK
Content-Type: application/json; charset=utf-8
cache-control: no-cache
content-length: 54

21:14:33.739 [AsyncHttpClient-1-11] DEBUG org.asynchttpclient.netty.channel.ChannelManager - Adding key: http://localhost:60363 for channel [id: 0xf6789aaa, L:/127.0.0.1:50652 - R:localhost/127.0.0.1:60363]
  &amp#27;[32mGiven &amp#27;[0m&amp#27;[32mI open register page&amp#27;[0m             &amp#27;[90m# starter.stepdefinitions.RegisterSteps.iOpenRegisterPage()&amp#27;[0m
21:14:33.743 [Forwarding screenshot on session 04e51d872cab24dd8f8f97199878bb55 to remote] DEBUG org.asynchttpclient.netty.request.NettyRequestSender - Using pooled Channel '[id: 0xf6789aaa, L:/127.0.0.1:50652 - R:localhost/127.0.0.1:60363]' for 'GET' to 'http://localhost:60363/session/04e51d872cab24dd8f8f97199878bb55/screenshot'
21:14:33.743 [Forwarding screenshot on session 04e51d872cab24dd8f8f97199878bb55 to remote] DEBUG org.asynchttpclient.netty.request.NettyRequestSender - Using open Channel [id: 0xf6789aaa, L:/127.0.0.1:50652 - R:localhost/127.0.0.1:60363] for GET '/session/04e51d872cab24dd8f8f97199878bb55/screenshot'
21:14:33.921 [AsyncHttpClient-1-11] DEBUG org.asynchttpclient.netty.handler.HttpHandler - 

Request DefaultFullHttpRequest(decodeResult: success, version: HTTP/1.1, content: EmptyByteBufBE)
GET /session/04e51d872cab24dd8f8f97199878bb55/screenshot HTTP/1.1
User-Agent: selenium/4.1.2 (java windows)
Cache-Control: no-cache
Content-Type: application/json; charset=utf-8
host: localhost:60363
accept: */*

Response DefaultHttpResponse(decodeResult: success, version: HTTP/1.1)
HTTP/1.1 200 OK
Content-Type: application/json; charset=utf-8
cache-control: no-cache
content-length: 45380

21:14:33.921 [AsyncHttpClient-1-11] DEBUG org.asynchttpclient.netty.channel.ChannelManager - Adding key: http://localhost:60363 for channel [id: 0xf6789aaa, L:/127.0.0.1:50652 - R:localhost/127.0.0.1:60363]
21:14:33.922 [main] DEBUG net.serenitybdd.core.photography.Darkroom - Send negative for processing for target\site\serenity\74af2a90e11b4e8cdcc90c8b8f2efe0850d173caaf4338fdd4e69cc971e1b305.png
21:14:33.927 [Forwarding findElement on session 04e51d872cab24dd8f8f97199878bb55 to remote] DEBUG org.asynchttpclient.netty.request.NettyRequestSender - Using pooled Channel '[id: 0xf6789aaa, L:/127.0.0.1:50652 - R:localhost/127.0.0.1:60363]' for 'POST' to 'http://localhost:60363/session/04e51d872cab24dd8f8f97199878bb55/element'
21:14:33.927 [Forwarding findElement on session 04e51d872cab24dd8f8f97199878bb55 to remote] DEBUG org.asynchttpclient.netty.request.NettyRequestSender - Using open Channel [id: 0xf6789aaa, L:/127.0.0.1:50652 - R:localhost/127.0.0.1:60363] for POST '/session/04e51d872cab24dd8f8f97199878bb55/element'
21:14:33.937 [AsyncHttpClient-1-11] DEBUG org.asynchttpclient.netty.handler.HttpHandler - 

Request DefaultHttpRequest(decodeResult: success, version: HTTP/1.1)
POST /session/04e51d872cab24dd8f8f97199878bb55/element HTTP/1.1
User-Agent: selenium/4.1.2 (java windows)
Content-Length: 94
Content-Type: application/json; charset=utf-8
host: localhost:60363
accept: */*

Response DefaultHttpResponse(decodeResult: success, version: HTTP/1.1)
HTTP/1.1 200 OK
Content-Type: application/json; charset=utf-8
cache-control: no-cache
content-length: 88

21:14:33.937 [AsyncHttpClient-1-11] DEBUG org.asynchttpclient.netty.channel.ChannelManager - Adding key: http://localhost:60363 for channel [id: 0xf6789aaa, L:/127.0.0.1:50652 - R:localhost/127.0.0.1:60363]
21:14:33.938 [Forwarding clearElement on session 04e51d872cab24dd8f8f97199878bb55 to remote] DEBUG org.asynchttpclient.netty.request.NettyRequestSender - Using pooled Channel '[id: 0xf6789aaa, L:/127.0.0.1:50652 - R:localhost/127.0.0.1:60363]' for 'POST' to 'http://localhost:60363/session/04e51d872cab24dd8f8f97199878bb55/element/8719fbbf-2683-4b30-851d-6cbf8982d5ff/clear'
21:14:33.938 [Forwarding clearElement on session 04e51d872cab24dd8f8f97199878bb55 to remote] DEBUG org.asynchttpclient.netty.request.NettyRequestSender - Using open Channel [id: 0xf6789aaa, L:/127.0.0.1:50652 - R:localhost/127.0.0.1:60363] for POST '/session/04e51d872cab24dd8f8f97199878bb55/element/8719fbbf-2683-4b30-851d-6cbf8982d5ff/clear'
21:14:33.964 [AsyncHttpClient-1-11] DEBUG org.asynchttpclient.netty.handler.HttpHandler - 

Request DefaultHttpRequest(decodeResult: success, version: HTTP/1.1)
POST /session/04e51d872cab24dd8f8f97199878bb55/element/8719fbbf-2683-4b30-851d-6cbf8982d5ff/clear HTTP/1.1
User-Agent: selenium/4.1.2 (java windows)
Content-Length: 50
Content-Type: application/json; charset=utf-8
host: localhost:60363
accept: */*

Response DefaultHttpResponse(decodeResult: success, version: HTTP/1.1)
HTTP/1.1 200 OK
Content-Type: application/json; charset=utf-8
cache-control: no-cache
content-length: 14

21:14:33.964 [AsyncHttpClient-1-11] DEBUG org.asynchttpclient.netty.channel.ChannelManager - Adding key: http://localhost:60363 for channel [id: 0xf6789aaa, L:/127.0.0.1:50652 - R:localhost/127.0.0.1:60363]
21:14:33.965 [Forwarding sendKeysToElement on session 04e51d872cab24dd8f8f97199878bb55 to remote] DEBUG org.asynchttpclient.netty.request.NettyRequestSender - Using pooled Channel '[id: 0xf6789aaa, L:/127.0.0.1:50652 - R:localhost/127.0.0.1:60363]' for 'POST' to 'http://localhost:60363/session/04e51d872cab24dd8f8f97199878bb55/element/8719fbbf-2683-4b30-851d-6cbf8982d5ff/value'
21:14:33.965 [Forwarding sendKeysToElement on session 04e51d872cab24dd8f8f97199878bb55 to remote] DEBUG org.asynchttpclient.netty.request.NettyRequestSender - Using open Channel [id: 0xf6789aaa, L:/127.0.0.1:50652 - R:localhost/127.0.0.1:60363] for POST '/session/04e51d872cab24dd8f8f97199878bb55/element/8719fbbf-2683-4b30-851d-6cbf8982d5ff/value'
21:14:34.020 [AsyncHttpClient-1-11] DEBUG org.asynchttpclient.netty.handler.HttpHandler - 

Request DefaultHttpRequest(decodeResult: success, version: HTTP/1.1)
POST /session/04e51d872cab24dd8f8f97199878bb55/element/8719fbbf-2683-4b30-851d-6cbf8982d5ff/value HTTP/1.1
User-Agent: selenium/4.1.2 (java windows)
Content-Length: 121
Content-Type: application/json; charset=utf-8
host: localhost:60363
accept: */*

Response DefaultHttpResponse(decodeResult: success, version: HTTP/1.1)
HTTP/1.1 200 OK
Content-Type: application/json; charset=utf-8
cache-control: no-cache
content-length: 14

21:14:34.020 [AsyncHttpClient-1-11] DEBUG org.asynchttpclient.netty.channel.ChannelManager - Adding key: http://localhost:60363 for channel [id: 0xf6789aaa, L:/127.0.0.1:50652 - R:localhost/127.0.0.1:60363]
  &amp#27;[32mWhen &amp#27;[0m&amp#27;[32mI input full name&amp#27;[0m                 &amp#27;[90m# starter.stepdefinitions.RegisterSteps.iInputFullName()&amp#27;[0m
21:14:34.025 [Forwarding screenshot on session 04e51d872cab24dd8f8f97199878bb55 to remote] DEBUG org.asynchttpclient.netty.request.NettyRequestSender - Using pooled Channel '[id: 0xf6789aaa, L:/127.0.0.1:50652 - R:localhost/127.0.0.1:60363]' for 'GET' to 'http://localhost:60363/session/04e51d872cab24dd8f8f97199878bb55/screenshot'
21:14:34.025 [Forwarding screenshot on session 04e51d872cab24dd8f8f97199878bb55 to remote] DEBUG org.asynchttpclient.netty.request.NettyRequestSender - Using open Channel [id: 0xf6789aaa, L:/127.0.0.1:50652 - R:localhost/127.0.0.1:60363] for GET '/session/04e51d872cab24dd8f8f97199878bb55/screenshot'
21:14:34.165 [AsyncHttpClient-1-11] DEBUG org.asynchttpclient.netty.handler.HttpHandler - 

Request DefaultFullHttpRequest(decodeResult: success, version: HTTP/1.1, content: EmptyByteBufBE)
GET /session/04e51d872cab24dd8f8f97199878bb55/screenshot HTTP/1.1
User-Agent: selenium/4.1.2 (java windows)
Cache-Control: no-cache
Content-Type: application/json; charset=utf-8
host: localhost:60363
accept: */*

Response DefaultHttpResponse(decodeResult: success, version: HTTP/1.1)
HTTP/1.1 200 OK
Content-Type: application/json; charset=utf-8
cache-control: no-cache
content-length: 47464

21:14:34.165 [AsyncHttpClient-1-11] DEBUG org.asynchttpclient.netty.channel.ChannelManager - Adding key: http://localhost:60363 for channel [id: 0xf6789aaa, L:/127.0.0.1:50652 - R:localhost/127.0.0.1:60363]
21:14:34.166 [main] DEBUG net.serenitybdd.core.photography.Darkroom - Send negative for processing for target\site\serenity\0fe267d199b4a8ed817b0c08636dcc66e9a9ba30cc25a1596b652dd1eb20f7f7.png
21:14:34.168 [Darkroom Processing Line] DEBUG net.serenitybdd.core.photography.DarkroomProcessingLine - Processing screenshot image in /var/screenshots/screenshot-9198186220158824652
21:14:34.168 [Darkroom Processing Line] DEBUG net.serenitybdd.core.photography.DarkroomProcessingLine - Saving screenshot to target\site\serenity\0fe267d199b4a8ed817b0c08636dcc66e9a9ba30cc25a1596b652dd1eb20f7f7.png
21:14:34.171 [Forwarding findElement on session 04e51d872cab24dd8f8f97199878bb55 to remote] DEBUG org.asynchttpclient.netty.request.NettyRequestSender - Using pooled Channel '[id: 0xf6789aaa, L:/127.0.0.1:50652 - R:localhost/127.0.0.1:60363]' for 'POST' to 'http://localhost:60363/session/04e51d872cab24dd8f8f97199878bb55/element'
21:14:34.171 [Forwarding findElement on session 04e51d872cab24dd8f8f97199878bb55 to remote] DEBUG org.asynchttpclient.netty.request.NettyRequestSender - Using open Channel [id: 0xf6789aaa, L:/127.0.0.1:50652 - R:localhost/127.0.0.1:60363] for POST '/session/04e51d872cab24dd8f8f97199878bb55/element'
21:14:34.181 [AsyncHttpClient-1-11] DEBUG org.asynchttpclient.netty.handler.HttpHandler - 

Request DefaultHttpRequest(decodeResult: success, version: HTTP/1.1)
POST /session/04e51d872cab24dd8f8f97199878bb55/element HTTP/1.1
User-Agent: selenium/4.1.2 (java windows)
Content-Length: 87
Content-Type: application/json; charset=utf-8
host: localhost:60363
accept: */*

Response DefaultHttpResponse(decodeResult: success, version: HTTP/1.1)
HTTP/1.1 200 OK
Content-Type: application/json; charset=utf-8
cache-control: no-cache
content-length: 88

21:14:34.181 [AsyncHttpClient-1-11] DEBUG org.asynchttpclient.netty.channel.ChannelManager - Adding key: http://localhost:60363 for channel [id: 0xf6789aaa, L:/127.0.0.1:50652 - R:localhost/127.0.0.1:60363]
21:14:34.182 [Forwarding clearElement on session 04e51d872cab24dd8f8f97199878bb55 to remote] DEBUG org.asynchttpclient.netty.request.NettyRequestSender - Using pooled Channel '[id: 0xf6789aaa, L:/127.0.0.1:50652 - R:localhost/127.0.0.1:60363]' for 'POST' to 'http://localhost:60363/session/04e51d872cab24dd8f8f97199878bb55/element/832da70c-6c0e-42ed-b323-363c75b37f1e/clear'
21:14:34.182 [Forwarding clearElement on session 04e51d872cab24dd8f8f97199878bb55 to remote] DEBUG org.asynchttpclient.netty.request.NettyRequestSender - Using open Channel [id: 0xf6789aaa, L:/127.0.0.1:50652 - R:localhost/127.0.0.1:60363] for POST '/session/04e51d872cab24dd8f8f97199878bb55/element/832da70c-6c0e-42ed-b323-363c75b37f1e/clear'
21:14:34.208 [AsyncHttpClient-1-11] DEBUG org.asynchttpclient.netty.handler.HttpHandler - 

Request DefaultHttpRequest(decodeResult: success, version: HTTP/1.1)
POST /session/04e51d872cab24dd8f8f97199878bb55/element/832da70c-6c0e-42ed-b323-363c75b37f1e/clear HTTP/1.1
User-Agent: selenium/4.1.2 (java windows)
Content-Length: 50
Content-Type: application/json; charset=utf-8
host: localhost:60363
accept: */*

Response DefaultHttpResponse(decodeResult: success, version: HTTP/1.1)
HTTP/1.1 200 OK
Content-Type: application/json; charset=utf-8
cache-control: no-cache
content-length: 14

21:14:34.208 [AsyncHttpClient-1-11] DEBUG org.asynchttpclient.netty.channel.ChannelManager - Adding key: http://localhost:60363 for channel [id: 0xf6789aaa, L:/127.0.0.1:50652 - R:localhost/127.0.0.1:60363]
21:14:34.209 [Forwarding sendKeysToElement on session 04e51d872cab24dd8f8f97199878bb55 to remote] DEBUG org.asynchttpclient.netty.request.NettyRequestSender - Using pooled Channel '[id: 0xf6789aaa, L:/127.0.0.1:50652 - R:localhost/127.0.0.1:60363]' for 'POST' to 'http://localhost:60363/session/04e51d872cab24dd8f8f97199878bb55/element/832da70c-6c0e-42ed-b323-363c75b37f1e/value'
21:14:34.209 [Forwarding sendKeysToElement on session 04e51d872cab24dd8f8f97199878bb55 to remote] DEBUG org.asynchttpclient.netty.request.NettyRequestSender - Using open Channel [id: 0xf6789aaa, L:/127.0.0.1:50652 - R:localhost/127.0.0.1:60363] for POST '/session/04e51d872cab24dd8f8f97199878bb55/element/832da70c-6c0e-42ed-b323-363c75b37f1e/value'
21:14:34.287 [AsyncHttpClient-1-11] DEBUG org.asynchttpclient.netty.handler.HttpHandler - 

Request DefaultHttpRequest(decodeResult: success, version: HTTP/1.1)
POST /session/04e51d872cab24dd8f8f97199878bb55/element/832da70c-6c0e-42ed-b323-363c75b37f1e/value HTTP/1.1
User-Agent: selenium/4.1.2 (java windows)
Content-Length: 221
Content-Type: application/json; charset=utf-8
host: localhost:60363
accept: */*

Response DefaultHttpResponse(decodeResult: success, version: HTTP/1.1)
HTTP/1.1 200 OK
Content-Type: application/json; charset=utf-8
cache-control: no-cache
content-length: 14

21:14:34.287 [AsyncHttpClient-1-11] DEBUG org.asynchttpclient.netty.channel.ChannelManager - Adding key: http://localhost:60363 for channel [id: 0xf6789aaa, L:/127.0.0.1:50652 - R:localhost/127.0.0.1:60363]
  &amp#27;[32mAnd &amp#27;[0m&amp#27;[32mI input registered email&amp#27;[0m           &amp#27;[90m# starter.stepdefinitions.RegisterSteps.iInputRegisteredEmail()&amp#27;[0m
21:14:34.291 [AsyncHttpClient-1-1] DEBUG org.asynchttpclient.netty.channel.DefaultChannelPool - Entry count for : http://localhost:60363 : 1
21:14:34.291 [AsyncHttpClient-1-1] DEBUG org.asynchttpclient.netty.channel.DefaultChannelPool - Entry count for : http://localhost:50653 : 1
21:14:34.293 [Forwarding screenshot on session 04e51d872cab24dd8f8f97199878bb55 to remote] DEBUG org.asynchttpclient.netty.request.NettyRequestSender - Using pooled Channel '[id: 0xf6789aaa, L:/127.0.0.1:50652 - R:localhost/127.0.0.1:60363]' for 'GET' to 'http://localhost:60363/session/04e51d872cab24dd8f8f97199878bb55/screenshot'
21:14:34.293 [Forwarding screenshot on session 04e51d872cab24dd8f8f97199878bb55 to remote] DEBUG org.asynchttpclient.netty.request.NettyRequestSender - Using open Channel [id: 0xf6789aaa, L:/127.0.0.1:50652 - R:localhost/127.0.0.1:60363] for GET '/session/04e51d872cab24dd8f8f97199878bb55/screenshot'
21:14:34.472 [AsyncHttpClient-1-11] DEBUG org.asynchttpclient.netty.handler.HttpHandler - 

Request DefaultFullHttpRequest(decodeResult: success, version: HTTP/1.1, content: EmptyByteBufBE)
GET /session/04e51d872cab24dd8f8f97199878bb55/screenshot HTTP/1.1
User-Agent: selenium/4.1.2 (java windows)
Cache-Control: no-cache
Content-Type: application/json; charset=utf-8
host: localhost:60363
accept: */*

Response DefaultHttpResponse(decodeResult: success, version: HTTP/1.1)
HTTP/1.1 200 OK
Content-Type: application/json; charset=utf-8
cache-control: no-cache
content-length: 51328

21:14:34.472 [AsyncHttpClient-1-11] DEBUG org.asynchttpclient.netty.channel.ChannelManager - Adding key: http://localhost:60363 for channel [id: 0xf6789aaa, L:/127.0.0.1:50652 - R:localhost/127.0.0.1:60363]
21:14:34.475 [main] DEBUG net.serenitybdd.core.photography.Darkroom - Send negative for processing for target\site\serenity\9a311d271e381f2519d99b0d1301b177d6c5a49e8278c4ec82a2337054ea4226.png
21:14:34.476 [Darkroom Processing Line] DEBUG net.serenitybdd.core.photography.DarkroomProcessingLine - Processing screenshot image in /var/screenshots/screenshot-10190977339698498320
21:14:34.476 [Darkroom Processing Line] DEBUG net.serenitybdd.core.photography.DarkroomProcessingLine - Saving screenshot to target\site\serenity\9a311d271e381f2519d99b0d1301b177d6c5a49e8278c4ec82a2337054ea4226.png
21:14:34.480 [Forwarding findElement on session 04e51d872cab24dd8f8f97199878bb55 to remote] DEBUG org.asynchttpclient.netty.request.NettyRequestSender - Using pooled Channel '[id: 0xf6789aaa, L:/127.0.0.1:50652 - R:localhost/127.0.0.1:60363]' for 'POST' to 'http://localhost:60363/session/04e51d872cab24dd8f8f97199878bb55/element'
21:14:34.480 [Forwarding findElement on session 04e51d872cab24dd8f8f97199878bb55 to remote] DEBUG org.asynchttpclient.netty.request.NettyRequestSender - Using open Channel [id: 0xf6789aaa, L:/127.0.0.1:50652 - R:localhost/127.0.0.1:60363] for POST '/session/04e51d872cab24dd8f8f97199878bb55/element'
21:14:34.488 [AsyncHttpClient-1-11] DEBUG org.asynchttpclient.netty.handler.HttpHandler - 

Request DefaultHttpRequest(decodeResult: success, version: HTTP/1.1)
POST /session/04e51d872cab24dd8f8f97199878bb55/element HTTP/1.1
User-Agent: selenium/4.1.2 (java windows)
Content-Length: 90
Content-Type: application/json; charset=utf-8
host: localhost:60363
accept: */*

Response DefaultHttpResponse(decodeResult: success, version: HTTP/1.1)
HTTP/1.1 200 OK
Content-Type: application/json; charset=utf-8
cache-control: no-cache
content-length: 88

21:14:34.489 [AsyncHttpClient-1-11] DEBUG org.asynchttpclient.netty.channel.ChannelManager - Adding key: http://localhost:60363 for channel [id: 0xf6789aaa, L:/127.0.0.1:50652 - R:localhost/127.0.0.1:60363]
21:14:34.490 [Forwarding clearElement on session 04e51d872cab24dd8f8f97199878bb55 to remote] DEBUG org.asynchttpclient.netty.request.NettyRequestSender - Using pooled Channel '[id: 0xf6789aaa, L:/127.0.0.1:50652 - R:localhost/127.0.0.1:60363]' for 'POST' to 'http://localhost:60363/session/04e51d872cab24dd8f8f97199878bb55/element/c8e92833-4fbb-4ff6-ad75-e3f91e7dfbab/clear'
21:14:34.490 [Forwarding clearElement on session 04e51d872cab24dd8f8f97199878bb55 to remote] DEBUG org.asynchttpclient.netty.request.NettyRequestSender - Using open Channel [id: 0xf6789aaa, L:/127.0.0.1:50652 - R:localhost/127.0.0.1:60363] for POST '/session/04e51d872cab24dd8f8f97199878bb55/element/c8e92833-4fbb-4ff6-ad75-e3f91e7dfbab/clear'
21:14:34.517 [AsyncHttpClient-1-11] DEBUG org.asynchttpclient.netty.handler.HttpHandler - 

Request DefaultHttpRequest(decodeResult: success, version: HTTP/1.1)
POST /session/04e51d872cab24dd8f8f97199878bb55/element/c8e92833-4fbb-4ff6-ad75-e3f91e7dfbab/clear HTTP/1.1
User-Agent: selenium/4.1.2 (java windows)
Content-Length: 50
Content-Type: application/json; charset=utf-8
host: localhost:60363
accept: */*

Response DefaultHttpResponse(decodeResult: success, version: HTTP/1.1)
HTTP/1.1 200 OK
Content-Type: application/json; charset=utf-8
cache-control: no-cache
content-length: 14

21:14:34.517 [AsyncHttpClient-1-11] DEBUG org.asynchttpclient.netty.channel.ChannelManager - Adding key: http://localhost:60363 for channel [id: 0xf6789aaa, L:/127.0.0.1:50652 - R:localhost/127.0.0.1:60363]
21:14:34.518 [Forwarding sendKeysToElement on session 04e51d872cab24dd8f8f97199878bb55 to remote] DEBUG org.asynchttpclient.netty.request.NettyRequestSender - Using pooled Channel '[id: 0xf6789aaa, L:/127.0.0.1:50652 - R:localhost/127.0.0.1:60363]' for 'POST' to 'http://localhost:60363/session/04e51d872cab24dd8f8f97199878bb55/element/c8e92833-4fbb-4ff6-ad75-e3f91e7dfbab/value'
21:14:34.518 [Forwarding sendKeysToElement on session 04e51d872cab24dd8f8f97199878bb55 to remote] DEBUG org.asynchttpclient.netty.request.NettyRequestSender - Using open Channel [id: 0xf6789aaa, L:/127.0.0.1:50652 - R:localhost/127.0.0.1:60363] for POST '/session/04e51d872cab24dd8f8f97199878bb55/element/c8e92833-4fbb-4ff6-ad75-e3f91e7dfbab/value'
21:14:34.578 [AsyncHttpClient-1-11] DEBUG org.asynchttpclient.netty.handler.HttpHandler - 

Request DefaultHttpRequest(decodeResult: success, version: HTTP/1.1)
POST /session/04e51d872cab24dd8f8f97199878bb55/element/c8e92833-4fbb-4ff6-ad75-e3f91e7dfbab/value HTTP/1.1
User-Agent: selenium/4.1.2 (java windows)
Content-Length: 141
Content-Type: application/json; charset=utf-8
host: localhost:60363
accept: */*

Response DefaultHttpResponse(decodeResult: success, version: HTTP/1.1)
HTTP/1.1 200 OK
Content-Type: application/json; charset=utf-8
cache-control: no-cache
content-length: 14

21:14:34.578 [AsyncHttpClient-1-11] DEBUG org.asynchttpclient.netty.channel.ChannelManager - Adding key: http://localhost:60363 for channel [id: 0xf6789aaa, L:/127.0.0.1:50652 - R:localhost/127.0.0.1:60363]
  &amp#27;[32mAnd &amp#27;[0m&amp#27;[32mI input password&amp#27;[0m                   &amp#27;[90m# starter.stepdefinitions.RegisterSteps.iInputPassword()&amp#27;[0m
21:14:34.583 [Forwarding screenshot on session 04e51d872cab24dd8f8f97199878bb55 to remote] DEBUG org.asynchttpclient.netty.request.NettyRequestSender - Using pooled Channel '[id: 0xf6789aaa, L:/127.0.0.1:50652 - R:localhost/127.0.0.1:60363]' for 'GET' to 'http://localhost:60363/session/04e51d872cab24dd8f8f97199878bb55/screenshot'
21:14:34.583 [Forwarding screenshot on session 04e51d872cab24dd8f8f97199878bb55 to remote] DEBUG org.asynchttpclient.netty.request.NettyRequestSender - Using open Channel [id: 0xf6789aaa, L:/127.0.0.1:50652 - R:localhost/127.0.0.1:60363] for GET '/session/04e51d872cab24dd8f8f97199878bb55/screenshot'
21:14:34.747 [AsyncHttpClient-1-11] DEBUG org.asynchttpclient.netty.handler.HttpHandler - 

Request DefaultFullHttpRequest(decodeResult: success, version: HTTP/1.1, content: EmptyByteBufBE)
GET /session/04e51d872cab24dd8f8f97199878bb55/screenshot HTTP/1.1
User-Agent: selenium/4.1.2 (java windows)
Cache-Control: no-cache
Content-Type: application/json; charset=utf-8
host: localhost:60363
accept: */*

Response DefaultHttpResponse(decodeResult: success, version: HTTP/1.1)
HTTP/1.1 200 OK
Content-Type: application/json; charset=utf-8
cache-control: no-cache
content-length: 52384

21:14:34.747 [AsyncHttpClient-1-11] DEBUG org.asynchttpclient.netty.channel.ChannelManager - Adding key: http://localhost:60363 for channel [id: 0xf6789aaa, L:/127.0.0.1:50652 - R:localhost/127.0.0.1:60363]
21:14:34.748 [main] DEBUG net.serenitybdd.core.photography.Darkroom - Send negative for processing for target\site\serenity\262acf7bb9d5945ddfb8f1702b3de27a3f0f77507c38b2d1e9624e225d698af7.png
21:14:34.749 [Darkroom Processing Line] DEBUG net.serenitybdd.core.photography.DarkroomProcessingLine - Processing screenshot image in /var/screenshots/screenshot-10179709360789263342
21:14:34.749 [Darkroom Processing Line] DEBUG net.serenitybdd.core.photography.DarkroomProcessingLine - Saving screenshot to target\site\serenity\262acf7bb9d5945ddfb8f1702b3de27a3f0f77507c38b2d1e9624e225d698af7.png
21:14:34.755 [Forwarding findElement on session 04e51d872cab24dd8f8f97199878bb55 to remote] DEBUG org.asynchttpclient.netty.request.NettyRequestSender - Using pooled Channel '[id: 0xf6789aaa, L:/127.0.0.1:50652 - R:localhost/127.0.0.1:60363]' for 'POST' to 'http://localhost:60363/session/04e51d872cab24dd8f8f97199878bb55/element'
21:14:34.755 [Forwarding findElement on session 04e51d872cab24dd8f8f97199878bb55 to remote] DEBUG org.asynchttpclient.netty.request.NettyRequestSender - Using open Channel [id: 0xf6789aaa, L:/127.0.0.1:50652 - R:localhost/127.0.0.1:60363] for POST '/session/04e51d872cab24dd8f8f97199878bb55/element'
21:14:34.768 [AsyncHttpClient-1-11] DEBUG org.asynchttpclient.netty.handler.HttpHandler - 

Request DefaultHttpRequest(decodeResult: success, version: HTTP/1.1)
POST /session/04e51d872cab24dd8f8f97199878bb55/element HTTP/1.1
User-Agent: selenium/4.1.2 (java windows)
Content-Length: 84
Content-Type: application/json; charset=utf-8
host: localhost:60363
accept: */*

Response DefaultHttpResponse(decodeResult: success, version: HTTP/1.1)
HTTP/1.1 200 OK
Content-Type: application/json; charset=utf-8
cache-control: no-cache
content-length: 88

21:14:34.768 [AsyncHttpClient-1-11] DEBUG org.asynchttpclient.netty.channel.ChannelManager - Adding key: http://localhost:60363 for channel [id: 0xf6789aaa, L:/127.0.0.1:50652 - R:localhost/127.0.0.1:60363]
21:14:34.769 [Forwarding getElementTagName on session 04e51d872cab24dd8f8f97199878bb55 to remote] DEBUG org.asynchttpclient.netty.request.NettyRequestSender - Using pooled Channel '[id: 0xf6789aaa, L:/127.0.0.1:50652 - R:localhost/127.0.0.1:60363]' for 'GET' to 'http://localhost:60363/session/04e51d872cab24dd8f8f97199878bb55/element/a45bc4e1-90d6-405d-9654-1589ee4b3005/name'
21:14:34.769 [Forwarding getElementTagName on session 04e51d872cab24dd8f8f97199878bb55 to remote] DEBUG org.asynchttpclient.netty.request.NettyRequestSender - Using open Channel [id: 0xf6789aaa, L:/127.0.0.1:50652 - R:localhost/127.0.0.1:60363] for GET '/session/04e51d872cab24dd8f8f97199878bb55/element/a45bc4e1-90d6-405d-9654-1589ee4b3005/name'
21:14:34.772 [AsyncHttpClient-1-11] DEBUG org.asynchttpclient.netty.handler.HttpHandler - 

Request DefaultFullHttpRequest(decodeResult: success, version: HTTP/1.1, content: EmptyByteBufBE)
GET /session/04e51d872cab24dd8f8f97199878bb55/element/a45bc4e1-90d6-405d-9654-1589ee4b3005/name HTTP/1.1
User-Agent: selenium/4.1.2 (java windows)
Cache-Control: no-cache
Content-Type: application/json; charset=utf-8
host: localhost:60363
accept: */*

Response DefaultHttpResponse(decodeResult: success, version: HTTP/1.1)
HTTP/1.1 200 OK
Content-Type: application/json; charset=utf-8
cache-control: no-cache
content-length: 16

21:14:34.772 [AsyncHttpClient-1-11] DEBUG org.asynchttpclient.netty.channel.ChannelManager - Adding key: http://localhost:60363 for channel [id: 0xf6789aaa, L:/127.0.0.1:50652 - R:localhost/127.0.0.1:60363]
21:14:34.772 [Forwarding getElementTagName on session 04e51d872cab24dd8f8f97199878bb55 to remote] DEBUG org.asynchttpclient.netty.request.NettyRequestSender - Using pooled Channel '[id: 0xf6789aaa, L:/127.0.0.1:50652 - R:localhost/127.0.0.1:60363]' for 'GET' to 'http://localhost:60363/session/04e51d872cab24dd8f8f97199878bb55/element/a45bc4e1-90d6-405d-9654-1589ee4b3005/name'
21:14:34.772 [Forwarding getElementTagName on session 04e51d872cab24dd8f8f97199878bb55 to remote] DEBUG org.asynchttpclient.netty.request.NettyRequestSender - Using open Channel [id: 0xf6789aaa, L:/127.0.0.1:50652 - R:localhost/127.0.0.1:60363] for GET '/session/04e51d872cab24dd8f8f97199878bb55/element/a45bc4e1-90d6-405d-9654-1589ee4b3005/name'
21:14:34.778 [AsyncHttpClient-1-11] DEBUG org.asynchttpclient.netty.handler.HttpHandler - 

Request DefaultFullHttpRequest(decodeResult: success, version: HTTP/1.1, content: EmptyByteBufBE)
GET /session/04e51d872cab24dd8f8f97199878bb55/element/a45bc4e1-90d6-405d-9654-1589ee4b3005/name HTTP/1.1
User-Agent: selenium/4.1.2 (java windows)
Cache-Control: no-cache
Content-Type: application/json; charset=utf-8
host: localhost:60363
accept: */*

Response DefaultHttpResponse(decodeResult: success, version: HTTP/1.1)
HTTP/1.1 200 OK
Content-Type: application/json; charset=utf-8
cache-control: no-cache
content-length: 16

21:14:34.778 [AsyncHttpClient-1-11] DEBUG org.asynchttpclient.netty.channel.ChannelManager - Adding key: http://localhost:60363 for channel [id: 0xf6789aaa, L:/127.0.0.1:50652 - R:localhost/127.0.0.1:60363]
21:14:34.779 [Forwarding findElement on session 04e51d872cab24dd8f8f97199878bb55 to remote] DEBUG org.asynchttpclient.netty.request.NettyRequestSender - Using pooled Channel '[id: 0xf6789aaa, L:/127.0.0.1:50652 - R:localhost/127.0.0.1:60363]' for 'POST' to 'http://localhost:60363/session/04e51d872cab24dd8f8f97199878bb55/element'
21:14:34.779 [Forwarding findElement on session 04e51d872cab24dd8f8f97199878bb55 to remote] DEBUG org.asynchttpclient.netty.request.NettyRequestSender - Using open Channel [id: 0xf6789aaa, L:/127.0.0.1:50652 - R:localhost/127.0.0.1:60363] for POST '/session/04e51d872cab24dd8f8f97199878bb55/element'
21:14:34.784 [AsyncHttpClient-1-11] DEBUG org.asynchttpclient.netty.handler.HttpHandler - 

Request DefaultHttpRequest(decodeResult: success, version: HTTP/1.1)
POST /session/04e51d872cab24dd8f8f97199878bb55/element HTTP/1.1
User-Agent: selenium/4.1.2 (java windows)
Content-Length: 84
Content-Type: application/json; charset=utf-8
host: localhost:60363
accept: */*

Response DefaultHttpResponse(decodeResult: success, version: HTTP/1.1)
HTTP/1.1 200 OK
Content-Type: application/json; charset=utf-8
cache-control: no-cache
content-length: 88

21:14:34.784 [AsyncHttpClient-1-11] DEBUG org.asynchttpclient.netty.channel.ChannelManager - Adding key: http://localhost:60363 for channel [id: 0xf6789aaa, L:/127.0.0.1:50652 - R:localhost/127.0.0.1:60363]
21:14:34.785 [Forwarding clickElement on session 04e51d872cab24dd8f8f97199878bb55 to remote] DEBUG org.asynchttpclient.netty.request.NettyRequestSender - Using pooled Channel '[id: 0xf6789aaa, L:/127.0.0.1:50652 - R:localhost/127.0.0.1:60363]' for 'POST' to 'http://localhost:60363/session/04e51d872cab24dd8f8f97199878bb55/element/a45bc4e1-90d6-405d-9654-1589ee4b3005/click'
21:14:34.785 [Forwarding clickElement on session 04e51d872cab24dd8f8f97199878bb55 to remote] DEBUG org.asynchttpclient.netty.request.NettyRequestSender - Using open Channel [id: 0xf6789aaa, L:/127.0.0.1:50652 - R:localhost/127.0.0.1:60363] for POST '/session/04e51d872cab24dd8f8f97199878bb55/element/a45bc4e1-90d6-405d-9654-1589ee4b3005/click'
21:14:34.829 [AsyncHttpClient-1-11] DEBUG org.asynchttpclient.netty.handler.HttpHandler - 

Request DefaultHttpRequest(decodeResult: success, version: HTTP/1.1)
POST /session/04e51d872cab24dd8f8f97199878bb55/element/a45bc4e1-90d6-405d-9654-1589ee4b3005/click HTTP/1.1
User-Agent: selenium/4.1.2 (java windows)
Content-Length: 50
Content-Type: application/json; charset=utf-8
host: localhost:60363
accept: */*

Response DefaultHttpResponse(decodeResult: success, version: HTTP/1.1)
HTTP/1.1 200 OK
Content-Type: application/json; charset=utf-8
cache-control: no-cache
content-length: 14

21:14:34.829 [AsyncHttpClient-1-11] DEBUG org.asynchttpclient.netty.channel.ChannelManager - Adding key: http://localhost:60363 for channel [id: 0xf6789aaa, L:/127.0.0.1:50652 - R:localhost/127.0.0.1:60363]
  &amp#27;[32mAnd &amp#27;[0m&amp#27;[32mI click register&amp#27;[0m                   &amp#27;[90m# starter.stepdefinitions.RegisterSteps.iClickRegister()&amp#27;[0m
21:14:34.834 [Forwarding screenshot on session 04e51d872cab24dd8f8f97199878bb55 to remote] DEBUG org.asynchttpclient.netty.request.NettyRequestSender - Using pooled Channel '[id: 0xf6789aaa, L:/127.0.0.1:50652 - R:localhost/127.0.0.1:60363]' for 'GET' to 'http://localhost:60363/session/04e51d872cab24dd8f8f97199878bb55/screenshot'
21:14:34.834 [Forwarding screenshot on session 04e51d872cab24dd8f8f97199878bb55 to remote] DEBUG org.asynchttpclient.netty.request.NettyRequestSender - Using open Channel [id: 0xf6789aaa, L:/127.0.0.1:50652 - R:localhost/127.0.0.1:60363] for GET '/session/04e51d872cab24dd8f8f97199878bb55/screenshot'
21:14:35.139 [AsyncHttpClient-1-11] DEBUG org.asynchttpclient.netty.handler.HttpHandler - 

Request DefaultFullHttpRequest(decodeResult: success, version: HTTP/1.1, content: EmptyByteBufBE)
GET /session/04e51d872cab24dd8f8f97199878bb55/screenshot HTTP/1.1
User-Agent: selenium/4.1.2 (java windows)
Cache-Control: no-cache
Content-Type: application/json; charset=utf-8
host: localhost:60363
accept: */*

Response DefaultHttpResponse(decodeResult: success, version: HTTP/1.1)
HTTP/1.1 200 OK
Content-Type: application/json; charset=utf-8
cache-control: no-cache
content-length: 51156

21:14:35.139 [AsyncHttpClient-1-11] DEBUG org.asynchttpclient.netty.channel.ChannelManager - Adding key: http://localhost:60363 for channel [id: 0xf6789aaa, L:/127.0.0.1:50652 - R:localhost/127.0.0.1:60363]
21:14:35.142 [main] DEBUG net.serenitybdd.core.photography.Darkroom - Send negative for processing for target\site\serenity\a1468d66dd20abfea2ac11abfe48c73850cd77650269d2819d789c057839ce84.png
21:14:35.143 [Darkroom Processing Line] DEBUG net.serenitybdd.core.photography.DarkroomProcessingLine - Processing screenshot image in /var/screenshots/screenshot-15549136989697531959
21:14:35.143 [Darkroom Processing Line] DEBUG net.serenitybdd.core.photography.DarkroomProcessingLine - Saving screenshot to target\site\serenity\a1468d66dd20abfea2ac11abfe48c73850cd77650269d2819d789c057839ce84.png
21:14:35.150 [Forwarding findElement on session 04e51d872cab24dd8f8f97199878bb55 to remote] DEBUG org.asynchttpclient.netty.request.NettyRequestSender - Using pooled Channel '[id: 0xf6789aaa, L:/127.0.0.1:50652 - R:localhost/127.0.0.1:60363]' for 'POST' to 'http://localhost:60363/session/04e51d872cab24dd8f8f97199878bb55/element'
21:14:35.150 [Forwarding findElement on session 04e51d872cab24dd8f8f97199878bb55 to remote] DEBUG org.asynchttpclient.netty.request.NettyRequestSender - Using open Channel [id: 0xf6789aaa, L:/127.0.0.1:50652 - R:localhost/127.0.0.1:60363] for POST '/session/04e51d872cab24dd8f8f97199878bb55/element'
21:14:35.386 [AsyncHttpClient-1-1] DEBUG org.asynchttpclient.netty.channel.DefaultChannelPool - Entry count for : http://localhost:50653 : 1
21:14:36.268 [AsyncHttpClient-1-11] DEBUG org.asynchttpclient.netty.handler.HttpHandler - 

Request DefaultHttpRequest(decodeResult: success, version: HTTP/1.1)
POST /session/04e51d872cab24dd8f8f97199878bb55/element HTTP/1.1
User-Agent: selenium/4.1.2 (java windows)
Content-Length: 59
Content-Type: application/json; charset=utf-8
host: localhost:60363
accept: */*

Response DefaultHttpResponse(decodeResult: success, version: HTTP/1.1)
HTTP/1.1 200 OK
Content-Type: application/json; charset=utf-8
cache-control: no-cache
content-length: 88

21:14:36.268 [AsyncHttpClient-1-11] DEBUG org.asynchttpclient.netty.channel.ChannelManager - Adding key: http://localhost:60363 for channel [id: 0xf6789aaa, L:/127.0.0.1:50652 - R:localhost/127.0.0.1:60363]
21:14:36.270 [Forwarding isElementDisplayed on session 04e51d872cab24dd8f8f97199878bb55 to remote] DEBUG org.asynchttpclient.netty.request.NettyRequestSender - Using pooled Channel '[id: 0xf6789aaa, L:/127.0.0.1:50652 - R:localhost/127.0.0.1:60363]' for 'POST' to 'http://localhost:60363/session/04e51d872cab24dd8f8f97199878bb55/execute/sync'
21:14:36.270 [Forwarding isElementDisplayed on session 04e51d872cab24dd8f8f97199878bb55 to remote] DEBUG org.asynchttpclient.netty.request.NettyRequestSender - Using open Channel [id: 0xf6789aaa, L:/127.0.0.1:50652 - R:localhost/127.0.0.1:60363] for POST '/session/04e51d872cab24dd8f8f97199878bb55/execute/sync'
21:14:36.283 [AsyncHttpClient-1-11] DEBUG org.asynchttpclient.netty.handler.HttpHandler - 

Request DefaultHttpRequest(decodeResult: success, version: HTTP/1.1)
POST /session/04e51d872cab24dd8f8f97199878bb55/execute/sync HTTP/1.1
User-Agent: selenium/4.1.2 (java windows)
Content-Length: 48780
Content-Type: application/json; charset=utf-8
host: localhost:60363
accept: */*

Response DefaultHttpResponse(decodeResult: success, version: HTTP/1.1)
HTTP/1.1 200 OK
Content-Type: application/json; charset=utf-8
cache-control: no-cache
content-length: 14

21:14:36.283 [AsyncHttpClient-1-11] DEBUG org.asynchttpclient.netty.channel.ChannelManager - Adding key: http://localhost:60363 for channel [id: 0xf6789aaa, L:/127.0.0.1:50652 - R:localhost/127.0.0.1:60363]
21:14:36.284 [Forwarding findElement on session 04e51d872cab24dd8f8f97199878bb55 to remote] DEBUG org.asynchttpclient.netty.request.NettyRequestSender - Using pooled Channel '[id: 0xf6789aaa, L:/127.0.0.1:50652 - R:localhost/127.0.0.1:60363]' for 'POST' to 'http://localhost:60363/session/04e51d872cab24dd8f8f97199878bb55/element'
21:14:36.284 [Forwarding findElement on session 04e51d872cab24dd8f8f97199878bb55 to remote] DEBUG org.asynchttpclient.netty.request.NettyRequestSender - Using open Channel [id: 0xf6789aaa, L:/127.0.0.1:50652 - R:localhost/127.0.0.1:60363] for POST '/session/04e51d872cab24dd8f8f97199878bb55/element'
21:14:36.290 [AsyncHttpClient-1-11] DEBUG org.asynchttpclient.netty.handler.HttpHandler - 

Request DefaultHttpRequest(decodeResult: success, version: HTTP/1.1)
POST /session/04e51d872cab24dd8f8f97199878bb55/element HTTP/1.1
User-Agent: selenium/4.1.2 (java windows)
Content-Length: 59
Content-Type: application/json; charset=utf-8
host: localhost:60363
accept: */*

Response DefaultHttpResponse(decodeResult: success, version: HTTP/1.1)
HTTP/1.1 200 OK
Content-Type: application/json; charset=utf-8
cache-control: no-cache
content-length: 88

21:14:36.290 [AsyncHttpClient-1-11] DEBUG org.asynchttpclient.netty.channel.ChannelManager - Adding key: http://localhost:60363 for channel [id: 0xf6789aaa, L:/127.0.0.1:50652 - R:localhost/127.0.0.1:60363]
21:14:36.292 [Forwarding isElementDisplayed on session 04e51d872cab24dd8f8f97199878bb55 to remote] DEBUG org.asynchttpclient.netty.request.NettyRequestSender - Using pooled Channel '[id: 0xf6789aaa, L:/127.0.0.1:50652 - R:localhost/127.0.0.1:60363]' for 'POST' to 'http://localhost:60363/session/04e51d872cab24dd8f8f97199878bb55/execute/sync'
21:14:36.292 [Forwarding isElementDisplayed on session 04e51d872cab24dd8f8f97199878bb55 to remote] DEBUG org.asynchttpclient.netty.request.NettyRequestSender - Using open Channel [id: 0xf6789aaa, L:/127.0.0.1:50652 - R:localhost/127.0.0.1:60363] for POST '/session/04e51d872cab24dd8f8f97199878bb55/execute/sync'
21:14:36.303 [AsyncHttpClient-1-11] DEBUG org.asynchttpclient.netty.handler.HttpHandler - 

Request DefaultHttpRequest(decodeResult: success, version: HTTP/1.1)
POST /session/04e51d872cab24dd8f8f97199878bb55/execute/sync HTTP/1.1
User-Agent: selenium/4.1.2 (java windows)
Content-Length: 48780
Content-Type: application/json; charset=utf-8
host: localhost:60363
accept: */*

Response DefaultHttpResponse(decodeResult: success, version: HTTP/1.1)
HTTP/1.1 200 OK
Content-Type: application/json; charset=utf-8
cache-control: no-cache
content-length: 14

21:14:36.303 [AsyncHttpClient-1-11] DEBUG org.asynchttpclient.netty.channel.ChannelManager - Adding key: http://localhost:60363 for channel [id: 0xf6789aaa, L:/127.0.0.1:50652 - R:localhost/127.0.0.1:60363]
  &amp#27;[32mThen &amp#27;[0m&amp#27;[32mI get registered error&amp#27;[0m            &amp#27;[90m# starter.stepdefinitions.RegisterSteps.iGetRegisteredError()&amp#27;[0m
21:14:36.305 [Forwarding screenshot on session 04e51d872cab24dd8f8f97199878bb55 to remote] DEBUG org.asynchttpclient.netty.request.NettyRequestSender - Using pooled Channel '[id: 0xf6789aaa, L:/127.0.0.1:50652 - R:localhost/127.0.0.1:60363]' for 'GET' to 'http://localhost:60363/session/04e51d872cab24dd8f8f97199878bb55/screenshot'
21:14:36.305 [Forwarding screenshot on session 04e51d872cab24dd8f8f97199878bb55 to remote] DEBUG org.asynchttpclient.netty.request.NettyRequestSender - Using open Channel [id: 0xf6789aaa, L:/127.0.0.1:50652 - R:localhost/127.0.0.1:60363] for GET '/session/04e51d872cab24dd8f8f97199878bb55/screenshot'
21:14:36.487 [AsyncHttpClient-1-1] DEBUG org.asynchttpclient.netty.channel.DefaultChannelPool - Entry count for : http://localhost:50653 : 1
21:14:36.504 [AsyncHttpClient-1-11] DEBUG org.asynchttpclient.netty.handler.HttpHandler - 

Request DefaultFullHttpRequest(decodeResult: success, version: HTTP/1.1, content: EmptyByteBufBE)
GET /session/04e51d872cab24dd8f8f97199878bb55/screenshot HTTP/1.1
User-Agent: selenium/4.1.2 (java windows)
Cache-Control: no-cache
Content-Type: application/json; charset=utf-8
host: localhost:60363
accept: */*

Response DefaultHttpResponse(decodeResult: success, version: HTTP/1.1)
HTTP/1.1 200 OK
Content-Type: application/json; charset=utf-8
cache-control: no-cache
content-length: 53428

21:14:36.504 [AsyncHttpClient-1-11] DEBUG org.asynchttpclient.netty.channel.ChannelManager - Adding key: http://localhost:60363 for channel [id: 0xf6789aaa, L:/127.0.0.1:50652 - R:localhost/127.0.0.1:60363]
21:14:36.506 [main] DEBUG net.serenitybdd.core.photography.Darkroom - Send negative for processing for target\site\serenity\9c5340b0252da3d27f57a1ad7630bddb51196c16ef59ba0952e9ea6d9e3c6667.png
21:14:36.506 [Darkroom Processing Line] DEBUG net.serenitybdd.core.photography.DarkroomProcessingLine - Processing screenshot image in /var/screenshots/screenshot-8847246855806993177
21:14:36.506 [Darkroom Processing Line] DEBUG net.serenitybdd.core.photography.DarkroomProcessingLine - Saving screenshot to target\site\serenity\9c5340b0252da3d27f57a1ad7630bddb51196c16ef59ba0952e9ea6d9e3c6667.png
21:14:36.508 [main] INFO  - 
  _____   ___   ___   _____     ___     _     ___   ___   ___   ___  
 |_   _| | __| / __| |_   _|   | _ \   /_\   / __| / __| | __| |   \ 
   | |   | _|  \__ \   | |     |  _/  / _ \  \__ \ \__ \ | _|  | |) |
   |_|   |___| |___/   |_|     |_|   /_/ \_\ |___/ |___/ |___| |___/ 

Register with registered email
----------------------------------------------------------------------
21:14:36.509 [AsyncHttpClient-1-13] DEBUG org.asynchttpclient.netty.handler.WebSocketHandler - Channel Closed: [id: 0x79dcac74, L:/127.0.0.1:50662 ! R:localhost/127.0.0.1:50653] with attribute NettyResponseFuture{currentRetry=5,
	isDone=1,
	isCancelled=0,
	asyncHandler=org.asynchttpclient.ws.WebSocketUpgradeHandler@3a4059e5,
	nettyRequest=org.asynchttpclient.netty.request.NettyRequest@7796b0b3,
	future=java.util.concurrent.CompletableFuture@538c8702[Completed normally],
	uri=ws://localhost:50653/devtools/browser/acef48d3-6017-452a-9b6b-3ac9dec9b227,
	keepAlive=true,
	redirectCount=0,
	timeoutsHolder=null,
	inAuth=0,
	touch=1667484869869}
21:14:36.509 [AsyncHttpClient-1-13] DEBUG org.asynchttpclient.netty.channel.ChannelManager - Closing Channel [id: 0x79dcac74, L:/127.0.0.1:50662 ! R:localhost/127.0.0.1:50653] 
21:14:36.509 [Driver Command Executor] DEBUG org.asynchttpclient.netty.request.NettyRequestSender - Using pooled Channel '[id: 0xf6789aaa, L:/127.0.0.1:50652 - R:localhost/127.0.0.1:60363]' for 'DELETE' to 'http://localhost:60363/session/04e51d872cab24dd8f8f97199878bb55'
21:14:36.509 [Driver Command Executor] DEBUG org.asynchttpclient.netty.request.NettyRequestSender - Using open Channel [id: 0xf6789aaa, L:/127.0.0.1:50652 - R:localhost/127.0.0.1:60363] for DELETE '/session/04e51d872cab24dd8f8f97199878bb55'
21:14:36.549 [AsyncHttpClient-1-12] DEBUG org.asynchttpclient.netty.handler.HttpHandler - Unexpected I/O exception on channel [id: 0xc7626093, L:/127.0.0.1:50661 - R:localhost/127.0.0.1:50653]
java.net.SocketException: Connection reset
	at java.base/sun.nio.ch.SocketChannelImpl.throwConnectionReset(SocketChannelImpl.java:345)
	at java.base/sun.nio.ch.SocketChannelImpl.read(SocketChannelImpl.java:376)
	at io.netty.buffer.PooledByteBuf.setBytes(PooledByteBuf.java:258)
	at io.netty.buffer.AbstractByteBuf.writeBytes(AbstractByteBuf.java:1132)
	at io.netty.channel.socket.nio.NioSocketChannel.doReadBytes(NioSocketChannel.java:350)
	at io.netty.channel.nio.AbstractNioByteChannel$NioByteUnsafe.read(AbstractNioByteChannel.java:151)
	at io.netty.channel.nio.NioEventLoop.processSelectedKey(NioEventLoop.java:722)
	at io.netty.channel.nio.NioEventLoop.processSelectedKeysOptimized(NioEventLoop.java:658)
	at io.netty.channel.nio.NioEventLoop.processSelectedKeys(NioEventLoop.java:584)
	at io.netty.channel.nio.NioEventLoop.run(NioEventLoop.java:496)
	at io.netty.util.concurrent.SingleThreadEventExecutor$4.run(SingleThreadEventExecutor.java:986)
	at io.netty.util.internal.ThreadExecutorMap$2.run(ThreadExecutorMap.java:74)
	at io.netty.util.concurrent.FastThreadLocalRunnable.run(FastThreadLocalRunnable.java:30)
	at java.base/java.lang.Thread.run(Thread.java:830)
21:14:36.550 [AsyncHttpClient-1-12] DEBUG org.asynchttpclient.netty.channel.ChannelManager - Closing Channel [id: 0xc7626093, L:/127.0.0.1:50661 - R:localhost/127.0.0.1:50653] 
21:14:36.550 [AsyncHttpClient-1-12] DEBUG org.asynchttpclient.netty.handler.HttpHandler - Channel Closed: [id: 0xc7626093, L:/127.0.0.1:50661 ! R:localhost/127.0.0.1:50653] with attribute DISCARD
21:14:36.575 [AsyncHttpClient-1-11] DEBUG org.asynchttpclient.netty.handler.HttpHandler - 

Request DefaultFullHttpRequest(decodeResult: success, version: HTTP/1.1, content: EmptyByteBufBE)
DELETE /session/04e51d872cab24dd8f8f97199878bb55 HTTP/1.1
User-Agent: selenium/4.1.2 (java windows)
Content-Type: application/json; charset=utf-8
host: localhost:60363
accept: */*

Response DefaultHttpResponse(decodeResult: success, version: HTTP/1.1)
HTTP/1.1 200 OK
Content-Type: application/json; charset=utf-8
cache-control: no-cache
content-length: 14

21:14:36.576 [AsyncHttpClient-1-11] DEBUG org.asynchttpclient.netty.channel.ChannelManager - Adding key: http://localhost:60363 for channel [id: 0xf6789aaa, L:/127.0.0.1:50652 - R:localhost/127.0.0.1:60363]
21:14:36.620 [AsyncHttpClient-1-11] DEBUG org.asynchttpclient.netty.handler.HttpHandler - Channel Closed: [id: 0xf6789aaa, L:/127.0.0.1:50652 ! R:localhost/127.0.0.1:60363] with attribute DISCARD
]]></system-out>
    <system-err><![CDATA[Starting ChromeDriver 106.0.5249.61 (511755355844955cd3e264779baf0dd38212a4d0-refs/branch-heads/5249@{#569}) on port 60363
Only local connections are allowed.
Please see https://chromedriver.chromium.org/security-considerations for suggestions on keeping ChromeDriver safe.
ChromeDriver was started successfully.
[1667484869.713][WARNING]: This version of ChromeDriver has not been tested with Chrome version 107.
Nov 03, 2022 9:14:29 PM org.openqa.selenium.remote.ProtocolHandshake createSession
INFO: Detected dialect: W3C
Nov 03, 2022 9:14:29 PM org.openqa.selenium.devtools.CdpVersionFinder findNearestMatch
WARNING: Unable to find an exact match for CDP version 107, so returning the closest version found: a no-op implementation
Nov 03, 2022 9:14:29 PM org.openqa.selenium.devtools.CdpVersionFinder findNearestMatch
INFO: Unable to find CDP implementation matching 107.
Nov 03, 2022 9:14:29 PM org.openqa.selenium.chromium.ChromiumDriver lambda$new$3
WARNING: Unable to find version of CDP to use for . You may need to include a dependency on a specific version of the CDP using something similar to `org.seleniumhq.selenium:selenium-devtools-v86:4.1.2` where the version ("v86") matches the version of the chromium-based browser you're using and the version number of the artifact is the same as Selenium's.
]]></system-err>
  </testcase>
  <testcase name="Register with username and email #1" classname="Register" time="6.798">
    <system-out><![CDATA[
@Register
Scenario Outline: Register with username and email &amp#27;[90m# src/test/resources/features/Register.feature:38&amp#27;[0m
21:14:37.158 [main] INFO io.cucumber.core.plugin.SerenityReporter - Running feature from file:///C:/Users/ASUS/Desktop/stupen/miniproject/Web/ASWeb/src/test/resources/features/Register.feature
21:14:37.160 [main] INFO  - 
  _____   ___   ___   _____     ___   _____     _     ___   _____   ___   ___  
 |_   _| | __| / __| |_   _|   / __| |_   _|   /_\   | _ \ |_   _| | __| |   \ 
   | |   | _|  \__ \   | |     \__ \   | |    / _ \  |   /   | |   | _|  | |) |
   |_|   |___| |___/   |_|     |___/   |_|   /_/ \_\ |_|_\   |_|   |___| |___/ 

Register with username and email(register;register-with-username-and-email)
--------------------------------------------------------------------------------
21:14:37.173 [main] INFO net.serenitybdd.core.webdriver.driverproviders.ChromeDriverProvider - Using automatically driver download
21:14:37.261 [main] DEBUG io.github.bonigarcia.wdm.cache.ResolutionCache - Resolution chrome=107 in cache (valid until 21:49:49 03/11/2022 WIB)
21:14:37.264 [main] DEBUG io.github.bonigarcia.wdm.cache.ResolutionCache - Resolution chrome107=107.0.5304.62 in cache (valid until 16:49:12 04/11/2022 WIB)
21:14:37.267 [main] INFO io.github.bonigarcia.wdm.WebDriverManager - Using chromedriver 107.0.5304.62 (resolved driver for Chrome 107)
21:14:37.279 [main] DEBUG io.github.bonigarcia.wdm.WebDriverManager - Driver chromedriver 107.0.5304.62 found in cache
21:14:37.279 [main] INFO io.github.bonigarcia.wdm.WebDriverManager - Exporting webdriver.chrome.driver as C:\Users\ASUS\.cache\selenium\chromedriver\win32\107.0.5304.62\chromedriver.exe
21:14:37.385 [main] DEBUG net.serenitybdd.core.webdriver.driverproviders.ProvideNewDriver - Instantiating driver
21:14:37.385 [main] DEBUG net.serenitybdd.core.webdriver.driverproviders.ProvideNewDriver - Driver capabilities: Capabilities {acceptInsecureCerts: false, base.url: https://alta-shop.vercel.app/, browserName: chrome, chrome.driver: src/test/resources/webdrive..., driver: chrome, goog:chromeOptions: {args: [], extensions: []}, wait.for.timeout: 10000}
21:14:37.587 [AsyncHttpClient-1-1] DEBUG org.asynchttpclient.netty.channel.DefaultChannelPool - Entry count for : http://localhost:60363 : 1
21:14:37.587 [AsyncHttpClient-1-1] DEBUG org.asynchttpclient.netty.channel.DefaultChannelPool - Entry count for : http://localhost:50653 : 1
21:14:37.587 [AsyncHttpClient-1-1] DEBUG org.asynchttpclient.netty.channel.DefaultChannelPool - Adding Candidate expired Channel [id: 0xf6789aaa, L:/127.0.0.1:50652 ! R:localhost/127.0.0.1:60363] isIdleTimeoutExpired=false isRemotelyClosed=true isTtlExpired=false
21:14:37.587 [AsyncHttpClient-1-1] DEBUG org.asynchttpclient.netty.channel.DefaultChannelPool - Closing Idle Channel [id: 0xf6789aaa, L:/127.0.0.1:50652 ! R:localhost/127.0.0.1:60363]
21:14:37.587 [AsyncHttpClient-1-1] DEBUG org.asynchttpclient.netty.channel.DefaultChannelPool - Adding Candidate expired Channel [id: 0xc7626093, L:/127.0.0.1:50661 ! R:localhost/127.0.0.1:50653] isIdleTimeoutExpired=false isRemotelyClosed=true isTtlExpired=false
21:14:37.587 [AsyncHttpClient-1-1] DEBUG org.asynchttpclient.netty.channel.DefaultChannelPool - Closing Idle Channel [id: 0xc7626093, L:/127.0.0.1:50661 ! R:localhost/127.0.0.1:50653]
21:14:37.587 [AsyncHttpClient-1-1] DEBUG org.asynchttpclient.netty.channel.DefaultChannelPool - Closed 2 connections out of 2 in 0 ms
21:14:37.934 [AsyncHttpClient-1-14] DEBUG org.asynchttpclient.netty.channel.NettyConnectListener - Using new Channel '[id: 0xc511b8bd, L:/127.0.0.1:50685 - R:localhost/127.0.0.1:52785]' for 'POST' to '/session'
21:14:38.696 [AsyncHttpClient-1-14] DEBUG org.asynchttpclient.netty.handler.HttpHandler - 

Request DefaultHttpRequest(decodeResult: success, version: HTTP/1.1)
POST /session HTTP/1.1
User-Agent: selenium/4.1.2 (java windows)
Content-Length: 646
Content-Type: application/json; charset=utf-8
host: localhost:52785
accept: */*

Response DefaultHttpResponse(decodeResult: success, version: HTTP/1.1)
HTTP/1.1 200 OK
Content-Type: application/json; charset=utf-8
cache-control: no-cache
content-length: 788

21:14:38.696 [AsyncHttpClient-1-14] DEBUG org.asynchttpclient.netty.channel.ChannelManager - Adding key: http://localhost:52785 for channel [id: 0xc511b8bd, L:/127.0.0.1:50685 - R:localhost/127.0.0.1:52785]
21:14:38.704 [AsyncHttpClient-1-15] DEBUG org.asynchttpclient.netty.channel.NettyConnectListener - Using new Channel '[id: 0x0337a176, L:/127.0.0.1:50692 - R:localhost/127.0.0.1:50686]' for 'GET' to '/json/version'
21:14:38.705 [AsyncHttpClient-1-15] DEBUG org.asynchttpclient.netty.handler.HttpHandler - 

Request DefaultFullHttpRequest(decodeResult: success, version: HTTP/1.1, content: EmptyByteBufBE)
GET /json/version HTTP/1.1
User-Agent: selenium/4.1.2 (java windows)
host: localhost:50686
accept: */*

Response DefaultHttpResponse(decodeResult: success, version: HTTP/1.1)
HTTP/1.1 200 OK
Content-Type: application/json; charset=UTF-8
content-length: 423

21:14:38.705 [AsyncHttpClient-1-15] DEBUG org.asynchttpclient.netty.channel.ChannelManager - Adding key: http://localhost:50686 for channel [id: 0x0337a176, L:/127.0.0.1:50692 - R:localhost/127.0.0.1:50686]
21:14:38.709 [AsyncHttpClient-1-16] DEBUG org.asynchttpclient.netty.channel.NettyConnectListener - Using new Channel '[id: 0x639fba1e, L:/127.0.0.1:50693 - R:localhost/127.0.0.1:50686]' for 'GET' to '/devtools/browser/da03de61-6412-45bc-8fbf-bcf136636ca7'
21:14:38.710 [AsyncHttpClient-1-16] DEBUG org.asynchttpclient.netty.handler.WebSocketHandler - 

Request DefaultFullHttpRequest(decodeResult: success, version: HTTP/1.1, content: EmptyByteBufBE)
GET /devtools/browser/da03de61-6412-45bc-8fbf-bcf136636ca7 HTTP/1.1
upgrade: websocket
connection: upgrade
sec-websocket-key: eOJmGr4ljXQ1Ks9Rpu52GQ==
sec-websocket-version: 13
origin: http://localhost:50686
host: localhost:50686
accept: */*
user-agent: AHC/2.1

Response DefaultHttpResponse(decodeResult: success, version: HTTP/1.1)
HTTP/1.1 101 WebSocket Protocol Handshake
Upgrade: WebSocket
Connection: Upgrade
Sec-WebSocket-Accept: TCiJWuyGra189jbrB7s0+Yp3qFA=

21:14:38.720 [Forwarding get on session 512bf972764292e3fbd7742734065655 to remote] DEBUG org.asynchttpclient.netty.request.NettyRequestSender - Using pooled Channel '[id: 0xc511b8bd, L:/127.0.0.1:50685 - R:localhost/127.0.0.1:52785]' for 'POST' to 'http://localhost:52785/session/512bf972764292e3fbd7742734065655/url'
21:14:38.720 [Forwarding get on session 512bf972764292e3fbd7742734065655 to remote] DEBUG org.asynchttpclient.netty.request.NettyRequestSender - Using open Channel [id: 0xc511b8bd, L:/127.0.0.1:50685 - R:localhost/127.0.0.1:52785] for POST '/session/512bf972764292e3fbd7742734065655/url'
21:14:39.441 [AsyncHttpClient-1-14] DEBUG org.asynchttpclient.netty.handler.HttpHandler - 

Request DefaultHttpRequest(decodeResult: success, version: HTTP/1.1)
POST /session/512bf972764292e3fbd7742734065655/url HTTP/1.1
User-Agent: selenium/4.1.2 (java windows)
Content-Length: 77
Content-Type: application/json; charset=utf-8
host: localhost:52785
accept: */*

Response DefaultHttpResponse(decodeResult: success, version: HTTP/1.1)
HTTP/1.1 200 OK
Content-Type: application/json; charset=utf-8
cache-control: no-cache
content-length: 14

21:14:39.441 [AsyncHttpClient-1-14] DEBUG org.asynchttpclient.netty.channel.ChannelManager - Adding key: http://localhost:52785 for channel [id: 0xc511b8bd, L:/127.0.0.1:50685 - R:localhost/127.0.0.1:52785]
21:14:39.443 [Forwarding setTimeout on session 512bf972764292e3fbd7742734065655 to remote] DEBUG org.asynchttpclient.netty.request.NettyRequestSender - Using pooled Channel '[id: 0xc511b8bd, L:/127.0.0.1:50685 - R:localhost/127.0.0.1:52785]' for 'POST' to 'http://localhost:52785/session/512bf972764292e3fbd7742734065655/timeouts'
21:14:39.443 [Forwarding setTimeout on session 512bf972764292e3fbd7742734065655 to remote] DEBUG org.asynchttpclient.netty.request.NettyRequestSender - Using open Channel [id: 0xc511b8bd, L:/127.0.0.1:50685 - R:localhost/127.0.0.1:52785] for POST '/session/512bf972764292e3fbd7742734065655/timeouts'
21:14:39.443 [AsyncHttpClient-1-14] DEBUG org.asynchttpclient.netty.handler.HttpHandler - 

Request DefaultHttpRequest(decodeResult: success, version: HTTP/1.1)
POST /session/512bf972764292e3fbd7742734065655/timeouts HTTP/1.1
User-Agent: selenium/4.1.2 (java windows)
Content-Length: 22
Content-Type: application/json; charset=utf-8
host: localhost:52785
accept: */*

Response DefaultHttpResponse(decodeResult: success, version: HTTP/1.1)
HTTP/1.1 200 OK
Content-Type: application/json; charset=utf-8
cache-control: no-cache
content-length: 14

21:14:39.443 [AsyncHttpClient-1-14] DEBUG org.asynchttpclient.netty.channel.ChannelManager - Adding key: http://localhost:52785 for channel [id: 0xc511b8bd, L:/127.0.0.1:50685 - R:localhost/127.0.0.1:52785]
21:14:39.446 [Forwarding getCurrentUrl on session 512bf972764292e3fbd7742734065655 to remote] DEBUG org.asynchttpclient.netty.request.NettyRequestSender - Using pooled Channel '[id: 0xc511b8bd, L:/127.0.0.1:50685 - R:localhost/127.0.0.1:52785]' for 'GET' to 'http://localhost:52785/session/512bf972764292e3fbd7742734065655/url'
21:14:39.446 [Forwarding getCurrentUrl on session 512bf972764292e3fbd7742734065655 to remote] DEBUG org.asynchttpclient.netty.request.NettyRequestSender - Using open Channel [id: 0xc511b8bd, L:/127.0.0.1:50685 - R:localhost/127.0.0.1:52785] for GET '/session/512bf972764292e3fbd7742734065655/url'
21:14:39.451 [AsyncHttpClient-1-14] DEBUG org.asynchttpclient.netty.handler.HttpHandler - 

Request DefaultFullHttpRequest(decodeResult: success, version: HTTP/1.1, content: EmptyByteBufBE)
GET /session/512bf972764292e3fbd7742734065655/url HTTP/1.1
User-Agent: selenium/4.1.2 (java windows)
Cache-Control: no-cache
Content-Type: application/json; charset=utf-8
host: localhost:52785
accept: */*

Response DefaultHttpResponse(decodeResult: success, version: HTTP/1.1)
HTTP/1.1 200 OK
Content-Type: application/json; charset=utf-8
cache-control: no-cache
content-length: 54

21:14:39.451 [AsyncHttpClient-1-14] DEBUG org.asynchttpclient.netty.channel.ChannelManager - Adding key: http://localhost:52785 for channel [id: 0xc511b8bd, L:/127.0.0.1:50685 - R:localhost/127.0.0.1:52785]
  &amp#27;[32mGiven &amp#27;[0m&amp#27;[32mI open register page&amp#27;[0m                       &amp#27;[90m# starter.stepdefinitions.RegisterSteps.iOpenRegisterPage()&amp#27;[0m
21:14:39.458 [Forwarding screenshot on session 512bf972764292e3fbd7742734065655 to remote] DEBUG org.asynchttpclient.netty.request.NettyRequestSender - Using pooled Channel '[id: 0xc511b8bd, L:/127.0.0.1:50685 - R:localhost/127.0.0.1:52785]' for 'GET' to 'http://localhost:52785/session/512bf972764292e3fbd7742734065655/screenshot'
21:14:39.458 [Forwarding screenshot on session 512bf972764292e3fbd7742734065655 to remote] DEBUG org.asynchttpclient.netty.request.NettyRequestSender - Using open Channel [id: 0xc511b8bd, L:/127.0.0.1:50685 - R:localhost/127.0.0.1:52785] for GET '/session/512bf972764292e3fbd7742734065655/screenshot'
21:14:39.747 [AsyncHttpClient-1-14] DEBUG org.asynchttpclient.netty.handler.HttpHandler - 

Request DefaultFullHttpRequest(decodeResult: success, version: HTTP/1.1, content: EmptyByteBufBE)
GET /session/512bf972764292e3fbd7742734065655/screenshot HTTP/1.1
User-Agent: selenium/4.1.2 (java windows)
Cache-Control: no-cache
Content-Type: application/json; charset=utf-8
host: localhost:52785
accept: */*

Response DefaultHttpResponse(decodeResult: success, version: HTTP/1.1)
HTTP/1.1 200 OK
Content-Type: application/json; charset=utf-8
cache-control: no-cache
content-length: 45380

21:14:39.747 [AsyncHttpClient-1-14] DEBUG org.asynchttpclient.netty.channel.ChannelManager - Adding key: http://localhost:52785 for channel [id: 0xc511b8bd, L:/127.0.0.1:50685 - R:localhost/127.0.0.1:52785]
21:14:39.749 [main] DEBUG net.serenitybdd.core.photography.Darkroom - Send negative for processing for target\site\serenity\74af2a90e11b4e8cdcc90c8b8f2efe0850d173caaf4338fdd4e69cc971e1b305.png
21:14:39.756 [Forwarding findElement on session 512bf972764292e3fbd7742734065655 to remote] DEBUG org.asynchttpclient.netty.request.NettyRequestSender - Using pooled Channel '[id: 0xc511b8bd, L:/127.0.0.1:50685 - R:localhost/127.0.0.1:52785]' for 'POST' to 'http://localhost:52785/session/512bf972764292e3fbd7742734065655/element'
21:14:39.756 [Forwarding findElement on session 512bf972764292e3fbd7742734065655 to remote] DEBUG org.asynchttpclient.netty.request.NettyRequestSender - Using open Channel [id: 0xc511b8bd, L:/127.0.0.1:50685 - R:localhost/127.0.0.1:52785] for POST '/session/512bf972764292e3fbd7742734065655/element'
21:14:39.766 [AsyncHttpClient-1-14] DEBUG org.asynchttpclient.netty.handler.HttpHandler - 

Request DefaultHttpRequest(decodeResult: success, version: HTTP/1.1)
POST /session/512bf972764292e3fbd7742734065655/element HTTP/1.1
User-Agent: selenium/4.1.2 (java windows)
Content-Length: 94
Content-Type: application/json; charset=utf-8
host: localhost:52785
accept: */*

Response DefaultHttpResponse(decodeResult: success, version: HTTP/1.1)
HTTP/1.1 200 OK
Content-Type: application/json; charset=utf-8
cache-control: no-cache
content-length: 88

21:14:39.766 [AsyncHttpClient-1-14] DEBUG org.asynchttpclient.netty.channel.ChannelManager - Adding key: http://localhost:52785 for channel [id: 0xc511b8bd, L:/127.0.0.1:50685 - R:localhost/127.0.0.1:52785]
21:14:39.767 [Forwarding clearElement on session 512bf972764292e3fbd7742734065655 to remote] DEBUG org.asynchttpclient.netty.request.NettyRequestSender - Using pooled Channel '[id: 0xc511b8bd, L:/127.0.0.1:50685 - R:localhost/127.0.0.1:52785]' for 'POST' to 'http://localhost:52785/session/512bf972764292e3fbd7742734065655/element/5110d89b-2d07-44cc-9ed6-3757ddd83149/clear'
21:14:39.767 [Forwarding clearElement on session 512bf972764292e3fbd7742734065655 to remote] DEBUG org.asynchttpclient.netty.request.NettyRequestSender - Using open Channel [id: 0xc511b8bd, L:/127.0.0.1:50685 - R:localhost/127.0.0.1:52785] for POST '/session/512bf972764292e3fbd7742734065655/element/5110d89b-2d07-44cc-9ed6-3757ddd83149/clear'
21:14:39.792 [AsyncHttpClient-1-14] DEBUG org.asynchttpclient.netty.handler.HttpHandler - 

Request DefaultHttpRequest(decodeResult: success, version: HTTP/1.1)
POST /session/512bf972764292e3fbd7742734065655/element/5110d89b-2d07-44cc-9ed6-3757ddd83149/clear HTTP/1.1
User-Agent: selenium/4.1.2 (java windows)
Content-Length: 50
Content-Type: application/json; charset=utf-8
host: localhost:52785
accept: */*

Response DefaultHttpResponse(decodeResult: success, version: HTTP/1.1)
HTTP/1.1 200 OK
Content-Type: application/json; charset=utf-8
cache-control: no-cache
content-length: 14

21:14:39.793 [AsyncHttpClient-1-14] DEBUG org.asynchttpclient.netty.channel.ChannelManager - Adding key: http://localhost:52785 for channel [id: 0xc511b8bd, L:/127.0.0.1:50685 - R:localhost/127.0.0.1:52785]
21:14:39.794 [Forwarding sendKeysToElement on session 512bf972764292e3fbd7742734065655 to remote] DEBUG org.asynchttpclient.netty.request.NettyRequestSender - Using pooled Channel '[id: 0xc511b8bd, L:/127.0.0.1:50685 - R:localhost/127.0.0.1:52785]' for 'POST' to 'http://localhost:52785/session/512bf972764292e3fbd7742734065655/element/5110d89b-2d07-44cc-9ed6-3757ddd83149/value'
21:14:39.794 [Forwarding sendKeysToElement on session 512bf972764292e3fbd7742734065655 to remote] DEBUG org.asynchttpclient.netty.request.NettyRequestSender - Using open Channel [id: 0xc511b8bd, L:/127.0.0.1:50685 - R:localhost/127.0.0.1:52785] for POST '/session/512bf972764292e3fbd7742734065655/element/5110d89b-2d07-44cc-9ed6-3757ddd83149/value'
21:14:39.796 [AsyncHttpClient-1-1] DEBUG org.asynchttpclient.netty.channel.DefaultChannelPool - Entry count for : http://localhost:50686 : 1
21:14:39.825 [AsyncHttpClient-1-14] DEBUG org.asynchttpclient.netty.handler.HttpHandler - 

Request DefaultHttpRequest(decodeResult: success, version: HTTP/1.1)
POST /session/512bf972764292e3fbd7742734065655/element/5110d89b-2d07-44cc-9ed6-3757ddd83149/value HTTP/1.1
User-Agent: selenium/4.1.2 (java windows)
Content-Length: 82
Content-Type: application/json; charset=utf-8
host: localhost:52785
accept: */*

Response DefaultHttpResponse(decodeResult: success, version: HTTP/1.1)
HTTP/1.1 200 OK
Content-Type: application/json; charset=utf-8
cache-control: no-cache
content-length: 14

21:14:39.826 [AsyncHttpClient-1-14] DEBUG org.asynchttpclient.netty.channel.ChannelManager - Adding key: http://localhost:52785 for channel [id: 0xc511b8bd, L:/127.0.0.1:50685 - R:localhost/127.0.0.1:52785]
  &amp#27;[32mWhen &amp#27;[0m&amp#27;[32mI insert &amp#27;[0m&amp#27;[32m&amp#27;[1m""&amp#27;[0m&amp#27;[32m as full name&amp#27;[0m                    &amp#27;[90m# starter.stepdefinitions.RegisterSteps.iInsertFullnameAsFullName(java.lang.String)&amp#27;[0m
21:14:39.831 [Forwarding screenshot on session 512bf972764292e3fbd7742734065655 to remote] DEBUG org.asynchttpclient.netty.request.NettyRequestSender - Using pooled Channel '[id: 0xc511b8bd, L:/127.0.0.1:50685 - R:localhost/127.0.0.1:52785]' for 'GET' to 'http://localhost:52785/session/512bf972764292e3fbd7742734065655/screenshot'
21:14:39.831 [Forwarding screenshot on session 512bf972764292e3fbd7742734065655 to remote] DEBUG org.asynchttpclient.netty.request.NettyRequestSender - Using open Channel [id: 0xc511b8bd, L:/127.0.0.1:50685 - R:localhost/127.0.0.1:52785] for GET '/session/512bf972764292e3fbd7742734065655/screenshot'
21:14:40.001 [AsyncHttpClient-1-14] DEBUG org.asynchttpclient.netty.handler.HttpHandler - 

Request DefaultFullHttpRequest(decodeResult: success, version: HTTP/1.1, content: EmptyByteBufBE)
GET /session/512bf972764292e3fbd7742734065655/screenshot HTTP/1.1
User-Agent: selenium/4.1.2 (java windows)
Cache-Control: no-cache
Content-Type: application/json; charset=utf-8
host: localhost:52785
accept: */*

Response DefaultHttpResponse(decodeResult: success, version: HTTP/1.1)
HTTP/1.1 200 OK
Content-Type: application/json; charset=utf-8
cache-control: no-cache
content-length: 45512

21:14:40.001 [AsyncHttpClient-1-14] DEBUG org.asynchttpclient.netty.channel.ChannelManager - Adding key: http://localhost:52785 for channel [id: 0xc511b8bd, L:/127.0.0.1:50685 - R:localhost/127.0.0.1:52785]
21:14:40.002 [main] DEBUG net.serenitybdd.core.photography.Darkroom - Send negative for processing for target\site\serenity\a809f87f78124c91dee962a422781e897d1548f890c54364764882ba9a380dc6.png
21:14:40.003 [Darkroom Processing Line] DEBUG net.serenitybdd.core.photography.DarkroomProcessingLine - Processing screenshot image in /var/screenshots/screenshot-8523570897653067973
21:14:40.003 [Darkroom Processing Line] DEBUG net.serenitybdd.core.photography.DarkroomProcessingLine - Saving screenshot to target\site\serenity\a809f87f78124c91dee962a422781e897d1548f890c54364764882ba9a380dc6.png
21:14:40.009 [Forwarding findElement on session 512bf972764292e3fbd7742734065655 to remote] DEBUG org.asynchttpclient.netty.request.NettyRequestSender - Using pooled Channel '[id: 0xc511b8bd, L:/127.0.0.1:50685 - R:localhost/127.0.0.1:52785]' for 'POST' to 'http://localhost:52785/session/512bf972764292e3fbd7742734065655/element'
21:14:40.009 [Forwarding findElement on session 512bf972764292e3fbd7742734065655 to remote] DEBUG org.asynchttpclient.netty.request.NettyRequestSender - Using open Channel [id: 0xc511b8bd, L:/127.0.0.1:50685 - R:localhost/127.0.0.1:52785] for POST '/session/512bf972764292e3fbd7742734065655/element'
21:14:40.018 [AsyncHttpClient-1-14] DEBUG org.asynchttpclient.netty.handler.HttpHandler - 

Request DefaultHttpRequest(decodeResult: success, version: HTTP/1.1)
POST /session/512bf972764292e3fbd7742734065655/element HTTP/1.1
User-Agent: selenium/4.1.2 (java windows)
Content-Length: 87
Content-Type: application/json; charset=utf-8
host: localhost:52785
accept: */*

Response DefaultHttpResponse(decodeResult: success, version: HTTP/1.1)
HTTP/1.1 200 OK
Content-Type: application/json; charset=utf-8
cache-control: no-cache
content-length: 88

21:14:40.018 [AsyncHttpClient-1-14] DEBUG org.asynchttpclient.netty.channel.ChannelManager - Adding key: http://localhost:52785 for channel [id: 0xc511b8bd, L:/127.0.0.1:50685 - R:localhost/127.0.0.1:52785]
21:14:40.018 [Forwarding clearElement on session 512bf972764292e3fbd7742734065655 to remote] DEBUG org.asynchttpclient.netty.request.NettyRequestSender - Using pooled Channel '[id: 0xc511b8bd, L:/127.0.0.1:50685 - R:localhost/127.0.0.1:52785]' for 'POST' to 'http://localhost:52785/session/512bf972764292e3fbd7742734065655/element/7cf04ac2-fe5d-4b4d-b106-31865af6ada2/clear'
21:14:40.019 [Forwarding clearElement on session 512bf972764292e3fbd7742734065655 to remote] DEBUG org.asynchttpclient.netty.request.NettyRequestSender - Using open Channel [id: 0xc511b8bd, L:/127.0.0.1:50685 - R:localhost/127.0.0.1:52785] for POST '/session/512bf972764292e3fbd7742734065655/element/7cf04ac2-fe5d-4b4d-b106-31865af6ada2/clear'
21:14:40.046 [AsyncHttpClient-1-14] DEBUG org.asynchttpclient.netty.handler.HttpHandler - 

Request DefaultHttpRequest(decodeResult: success, version: HTTP/1.1)
POST /session/512bf972764292e3fbd7742734065655/element/7cf04ac2-fe5d-4b4d-b106-31865af6ada2/clear HTTP/1.1
User-Agent: selenium/4.1.2 (java windows)
Content-Length: 50
Content-Type: application/json; charset=utf-8
host: localhost:52785
accept: */*

Response DefaultHttpResponse(decodeResult: success, version: HTTP/1.1)
HTTP/1.1 200 OK
Content-Type: application/json; charset=utf-8
cache-control: no-cache
content-length: 14

21:14:40.046 [AsyncHttpClient-1-14] DEBUG org.asynchttpclient.netty.channel.ChannelManager - Adding key: http://localhost:52785 for channel [id: 0xc511b8bd, L:/127.0.0.1:50685 - R:localhost/127.0.0.1:52785]
21:14:40.047 [Forwarding sendKeysToElement on session 512bf972764292e3fbd7742734065655 to remote] DEBUG org.asynchttpclient.netty.request.NettyRequestSender - Using pooled Channel '[id: 0xc511b8bd, L:/127.0.0.1:50685 - R:localhost/127.0.0.1:52785]' for 'POST' to 'http://localhost:52785/session/512bf972764292e3fbd7742734065655/element/7cf04ac2-fe5d-4b4d-b106-31865af6ada2/value'
21:14:40.047 [Forwarding sendKeysToElement on session 512bf972764292e3fbd7742734065655 to remote] DEBUG org.asynchttpclient.netty.request.NettyRequestSender - Using open Channel [id: 0xc511b8bd, L:/127.0.0.1:50685 - R:localhost/127.0.0.1:52785] for POST '/session/512bf972764292e3fbd7742734065655/element/7cf04ac2-fe5d-4b4d-b106-31865af6ada2/value'
21:14:40.131 [AsyncHttpClient-1-14] DEBUG org.asynchttpclient.netty.handler.HttpHandler - 

Request DefaultHttpRequest(decodeResult: success, version: HTTP/1.1)
POST /session/512bf972764292e3fbd7742734065655/element/7cf04ac2-fe5d-4b4d-b106-31865af6ada2/value HTTP/1.1
User-Agent: selenium/4.1.2 (java windows)
Content-Length: 231
Content-Type: application/json; charset=utf-8
host: localhost:52785
accept: */*

Response DefaultHttpResponse(decodeResult: success, version: HTTP/1.1)
HTTP/1.1 200 OK
Content-Type: application/json; charset=utf-8
cache-control: no-cache
content-length: 14

21:14:40.131 [AsyncHttpClient-1-14] DEBUG org.asynchttpclient.netty.channel.ChannelManager - Adding key: http://localhost:52785 for channel [id: 0xc511b8bd, L:/127.0.0.1:50685 - R:localhost/127.0.0.1:52785]
  &amp#27;[32mAnd &amp#27;[0m&amp#27;[32mI insert &amp#27;[0m&amp#27;[32m&amp#27;[1m"simail@mail.com"&amp#27;[0m&amp#27;[32m as email&amp#27;[0m          &amp#27;[90m# starter.stepdefinitions.RegisterSteps.iInsertEmailAsEmail(java.lang.String)&amp#27;[0m
21:14:40.135 [Forwarding screenshot on session 512bf972764292e3fbd7742734065655 to remote] DEBUG org.asynchttpclient.netty.request.NettyRequestSender - Using pooled Channel '[id: 0xc511b8bd, L:/127.0.0.1:50685 - R:localhost/127.0.0.1:52785]' for 'GET' to 'http://localhost:52785/session/512bf972764292e3fbd7742734065655/screenshot'
21:14:40.135 [Forwarding screenshot on session 512bf972764292e3fbd7742734065655 to remote] DEBUG org.asynchttpclient.netty.request.NettyRequestSender - Using open Channel [id: 0xc511b8bd, L:/127.0.0.1:50685 - R:localhost/127.0.0.1:52785] for GET '/session/512bf972764292e3fbd7742734065655/screenshot'
21:14:40.293 [AsyncHttpClient-1-14] DEBUG org.asynchttpclient.netty.handler.HttpHandler - 

Request DefaultFullHttpRequest(decodeResult: success, version: HTTP/1.1, content: EmptyByteBufBE)
GET /session/512bf972764292e3fbd7742734065655/screenshot HTTP/1.1
User-Agent: selenium/4.1.2 (java windows)
Cache-Control: no-cache
Content-Type: application/json; charset=utf-8
host: localhost:52785
accept: */*

Response DefaultHttpResponse(decodeResult: success, version: HTTP/1.1)
HTTP/1.1 200 OK
Content-Type: application/json; charset=utf-8
cache-control: no-cache
content-length: 52712

21:14:40.293 [AsyncHttpClient-1-14] DEBUG org.asynchttpclient.netty.channel.ChannelManager - Adding key: http://localhost:52785 for channel [id: 0xc511b8bd, L:/127.0.0.1:50685 - R:localhost/127.0.0.1:52785]
21:14:40.294 [main] DEBUG net.serenitybdd.core.photography.Darkroom - Send negative for processing for target\site\serenity\2a59a56a9c31a39169260bedd9f5fa592ceeb5b740068c174eb17b83e8aef17a.png
21:14:40.295 [Darkroom Processing Line] DEBUG net.serenitybdd.core.photography.DarkroomProcessingLine - Processing screenshot image in /var/screenshots/screenshot-3674163817370048872
21:14:40.295 [Darkroom Processing Line] DEBUG net.serenitybdd.core.photography.DarkroomProcessingLine - Saving screenshot to target\site\serenity\2a59a56a9c31a39169260bedd9f5fa592ceeb5b740068c174eb17b83e8aef17a.png
21:14:40.300 [Forwarding findElement on session 512bf972764292e3fbd7742734065655 to remote] DEBUG org.asynchttpclient.netty.request.NettyRequestSender - Using pooled Channel '[id: 0xc511b8bd, L:/127.0.0.1:50685 - R:localhost/127.0.0.1:52785]' for 'POST' to 'http://localhost:52785/session/512bf972764292e3fbd7742734065655/element'
21:14:40.300 [Forwarding findElement on session 512bf972764292e3fbd7742734065655 to remote] DEBUG org.asynchttpclient.netty.request.NettyRequestSender - Using open Channel [id: 0xc511b8bd, L:/127.0.0.1:50685 - R:localhost/127.0.0.1:52785] for POST '/session/512bf972764292e3fbd7742734065655/element'
21:14:40.310 [AsyncHttpClient-1-14] DEBUG org.asynchttpclient.netty.handler.HttpHandler - 

Request DefaultHttpRequest(decodeResult: success, version: HTTP/1.1)
POST /session/512bf972764292e3fbd7742734065655/element HTTP/1.1
User-Agent: selenium/4.1.2 (java windows)
Content-Length: 90
Content-Type: application/json; charset=utf-8
host: localhost:52785
accept: */*

Response DefaultHttpResponse(decodeResult: success, version: HTTP/1.1)
HTTP/1.1 200 OK
Content-Type: application/json; charset=utf-8
cache-control: no-cache
content-length: 88

21:14:40.311 [AsyncHttpClient-1-14] DEBUG org.asynchttpclient.netty.channel.ChannelManager - Adding key: http://localhost:52785 for channel [id: 0xc511b8bd, L:/127.0.0.1:50685 - R:localhost/127.0.0.1:52785]
21:14:40.311 [Forwarding clearElement on session 512bf972764292e3fbd7742734065655 to remote] DEBUG org.asynchttpclient.netty.request.NettyRequestSender - Using pooled Channel '[id: 0xc511b8bd, L:/127.0.0.1:50685 - R:localhost/127.0.0.1:52785]' for 'POST' to 'http://localhost:52785/session/512bf972764292e3fbd7742734065655/element/b2be147b-5f4a-47e2-814a-ab84ec4e81a3/clear'
21:14:40.311 [Forwarding clearElement on session 512bf972764292e3fbd7742734065655 to remote] DEBUG org.asynchttpclient.netty.request.NettyRequestSender - Using open Channel [id: 0xc511b8bd, L:/127.0.0.1:50685 - R:localhost/127.0.0.1:52785] for POST '/session/512bf972764292e3fbd7742734065655/element/b2be147b-5f4a-47e2-814a-ab84ec4e81a3/clear'
21:14:40.344 [AsyncHttpClient-1-14] DEBUG org.asynchttpclient.netty.handler.HttpHandler - 

Request DefaultHttpRequest(decodeResult: success, version: HTTP/1.1)
POST /session/512bf972764292e3fbd7742734065655/element/b2be147b-5f4a-47e2-814a-ab84ec4e81a3/clear HTTP/1.1
User-Agent: selenium/4.1.2 (java windows)
Content-Length: 50
Content-Type: application/json; charset=utf-8
host: localhost:52785
accept: */*

Response DefaultHttpResponse(decodeResult: success, version: HTTP/1.1)
HTTP/1.1 200 OK
Content-Type: application/json; charset=utf-8
cache-control: no-cache
content-length: 14

21:14:40.344 [AsyncHttpClient-1-14] DEBUG org.asynchttpclient.netty.channel.ChannelManager - Adding key: http://localhost:52785 for channel [id: 0xc511b8bd, L:/127.0.0.1:50685 - R:localhost/127.0.0.1:52785]
21:14:40.345 [Forwarding sendKeysToElement on session 512bf972764292e3fbd7742734065655 to remote] DEBUG org.asynchttpclient.netty.request.NettyRequestSender - Using pooled Channel '[id: 0xc511b8bd, L:/127.0.0.1:50685 - R:localhost/127.0.0.1:52785]' for 'POST' to 'http://localhost:52785/session/512bf972764292e3fbd7742734065655/element/b2be147b-5f4a-47e2-814a-ab84ec4e81a3/value'
21:14:40.345 [Forwarding sendKeysToElement on session 512bf972764292e3fbd7742734065655 to remote] DEBUG org.asynchttpclient.netty.request.NettyRequestSender - Using open Channel [id: 0xc511b8bd, L:/127.0.0.1:50685 - R:localhost/127.0.0.1:52785] for POST '/session/512bf972764292e3fbd7742734065655/element/b2be147b-5f4a-47e2-814a-ab84ec4e81a3/value'
21:14:40.415 [AsyncHttpClient-1-14] DEBUG org.asynchttpclient.netty.handler.HttpHandler - 

Request DefaultHttpRequest(decodeResult: success, version: HTTP/1.1)
POST /session/512bf972764292e3fbd7742734065655/element/b2be147b-5f4a-47e2-814a-ab84ec4e81a3/value HTTP/1.1
User-Agent: selenium/4.1.2 (java windows)
Content-Length: 131
Content-Type: application/json; charset=utf-8
host: localhost:52785
accept: */*

Response DefaultHttpResponse(decodeResult: success, version: HTTP/1.1)
HTTP/1.1 200 OK
Content-Type: application/json; charset=utf-8
cache-control: no-cache
content-length: 14

21:14:40.415 [AsyncHttpClient-1-14] DEBUG org.asynchttpclient.netty.channel.ChannelManager - Adding key: http://localhost:52785 for channel [id: 0xc511b8bd, L:/127.0.0.1:50685 - R:localhost/127.0.0.1:52785]
  &amp#27;[32mAnd &amp#27;[0m&amp#27;[32mI insert &amp#27;[0m&amp#27;[32m&amp#27;[1m"mmail"&amp#27;[0m&amp#27;[32m as password&amp#27;[0m                 &amp#27;[90m# starter.stepdefinitions.RegisterSteps.iInsertPasswordAsPassword(java.lang.String)&amp#27;[0m
21:14:40.419 [Forwarding screenshot on session 512bf972764292e3fbd7742734065655 to remote] DEBUG org.asynchttpclient.netty.request.NettyRequestSender - Using pooled Channel '[id: 0xc511b8bd, L:/127.0.0.1:50685 - R:localhost/127.0.0.1:52785]' for 'GET' to 'http://localhost:52785/session/512bf972764292e3fbd7742734065655/screenshot'
21:14:40.419 [Forwarding screenshot on session 512bf972764292e3fbd7742734065655 to remote] DEBUG org.asynchttpclient.netty.request.NettyRequestSender - Using open Channel [id: 0xc511b8bd, L:/127.0.0.1:50685 - R:localhost/127.0.0.1:52785] for GET '/session/512bf972764292e3fbd7742734065655/screenshot'
21:14:40.585 [AsyncHttpClient-1-14] DEBUG org.asynchttpclient.netty.handler.HttpHandler - 

Request DefaultFullHttpRequest(decodeResult: success, version: HTTP/1.1, content: EmptyByteBufBE)
GET /session/512bf972764292e3fbd7742734065655/screenshot HTTP/1.1
User-Agent: selenium/4.1.2 (java windows)
Cache-Control: no-cache
Content-Type: application/json; charset=utf-8
host: localhost:52785
accept: */*

Response DefaultHttpResponse(decodeResult: success, version: HTTP/1.1)
HTTP/1.1 200 OK
Content-Type: application/json; charset=utf-8
cache-control: no-cache
content-length: 52640

21:14:40.586 [AsyncHttpClient-1-14] DEBUG org.asynchttpclient.netty.channel.ChannelManager - Adding key: http://localhost:52785 for channel [id: 0xc511b8bd, L:/127.0.0.1:50685 - R:localhost/127.0.0.1:52785]
21:14:40.587 [main] DEBUG net.serenitybdd.core.photography.Darkroom - Send negative for processing for target\site\serenity\89044c5de4dffc3193f1d3ec35f7f53abf704b1a8d86c9213f6274a24cd1b1f2.png
21:14:40.588 [Darkroom Processing Line] DEBUG net.serenitybdd.core.photography.DarkroomProcessingLine - Processing screenshot image in /var/screenshots/screenshot-12368470115054985045
21:14:40.588 [Darkroom Processing Line] DEBUG net.serenitybdd.core.photography.DarkroomProcessingLine - Saving screenshot to target\site\serenity\89044c5de4dffc3193f1d3ec35f7f53abf704b1a8d86c9213f6274a24cd1b1f2.png
21:14:40.596 [Forwarding findElement on session 512bf972764292e3fbd7742734065655 to remote] DEBUG org.asynchttpclient.netty.request.NettyRequestSender - Using pooled Channel '[id: 0xc511b8bd, L:/127.0.0.1:50685 - R:localhost/127.0.0.1:52785]' for 'POST' to 'http://localhost:52785/session/512bf972764292e3fbd7742734065655/element'
21:14:40.596 [Forwarding findElement on session 512bf972764292e3fbd7742734065655 to remote] DEBUG org.asynchttpclient.netty.request.NettyRequestSender - Using open Channel [id: 0xc511b8bd, L:/127.0.0.1:50685 - R:localhost/127.0.0.1:52785] for POST '/session/512bf972764292e3fbd7742734065655/element'
21:14:40.605 [AsyncHttpClient-1-14] DEBUG org.asynchttpclient.netty.handler.HttpHandler - 

Request DefaultHttpRequest(decodeResult: success, version: HTTP/1.1)
POST /session/512bf972764292e3fbd7742734065655/element HTTP/1.1
User-Agent: selenium/4.1.2 (java windows)
Content-Length: 84
Content-Type: application/json; charset=utf-8
host: localhost:52785
accept: */*

Response DefaultHttpResponse(decodeResult: success, version: HTTP/1.1)
HTTP/1.1 200 OK
Content-Type: application/json; charset=utf-8
cache-control: no-cache
content-length: 88

21:14:40.605 [AsyncHttpClient-1-14] DEBUG org.asynchttpclient.netty.channel.ChannelManager - Adding key: http://localhost:52785 for channel [id: 0xc511b8bd, L:/127.0.0.1:50685 - R:localhost/127.0.0.1:52785]
21:14:40.606 [Forwarding getElementTagName on session 512bf972764292e3fbd7742734065655 to remote] DEBUG org.asynchttpclient.netty.request.NettyRequestSender - Using pooled Channel '[id: 0xc511b8bd, L:/127.0.0.1:50685 - R:localhost/127.0.0.1:52785]' for 'GET' to 'http://localhost:52785/session/512bf972764292e3fbd7742734065655/element/b6cd62fd-33e2-4f07-9b95-8d1201b13e84/name'
21:14:40.606 [Forwarding getElementTagName on session 512bf972764292e3fbd7742734065655 to remote] DEBUG org.asynchttpclient.netty.request.NettyRequestSender - Using open Channel [id: 0xc511b8bd, L:/127.0.0.1:50685 - R:localhost/127.0.0.1:52785] for GET '/session/512bf972764292e3fbd7742734065655/element/b6cd62fd-33e2-4f07-9b95-8d1201b13e84/name'
21:14:40.611 [AsyncHttpClient-1-14] DEBUG org.asynchttpclient.netty.handler.HttpHandler - 

Request DefaultFullHttpRequest(decodeResult: success, version: HTTP/1.1, content: EmptyByteBufBE)
GET /session/512bf972764292e3fbd7742734065655/element/b6cd62fd-33e2-4f07-9b95-8d1201b13e84/name HTTP/1.1
User-Agent: selenium/4.1.2 (java windows)
Cache-Control: no-cache
Content-Type: application/json; charset=utf-8
host: localhost:52785
accept: */*

Response DefaultHttpResponse(decodeResult: success, version: HTTP/1.1)
HTTP/1.1 200 OK
Content-Type: application/json; charset=utf-8
cache-control: no-cache
content-length: 16

21:14:40.611 [AsyncHttpClient-1-14] DEBUG org.asynchttpclient.netty.channel.ChannelManager - Adding key: http://localhost:52785 for channel [id: 0xc511b8bd, L:/127.0.0.1:50685 - R:localhost/127.0.0.1:52785]
21:14:40.612 [Forwarding getElementTagName on session 512bf972764292e3fbd7742734065655 to remote] DEBUG org.asynchttpclient.netty.request.NettyRequestSender - Using pooled Channel '[id: 0xc511b8bd, L:/127.0.0.1:50685 - R:localhost/127.0.0.1:52785]' for 'GET' to 'http://localhost:52785/session/512bf972764292e3fbd7742734065655/element/b6cd62fd-33e2-4f07-9b95-8d1201b13e84/name'
21:14:40.612 [Forwarding getElementTagName on session 512bf972764292e3fbd7742734065655 to remote] DEBUG org.asynchttpclient.netty.request.NettyRequestSender - Using open Channel [id: 0xc511b8bd, L:/127.0.0.1:50685 - R:localhost/127.0.0.1:52785] for GET '/session/512bf972764292e3fbd7742734065655/element/b6cd62fd-33e2-4f07-9b95-8d1201b13e84/name'
21:14:40.614 [AsyncHttpClient-1-14] DEBUG org.asynchttpclient.netty.handler.HttpHandler - 

Request DefaultFullHttpRequest(decodeResult: success, version: HTTP/1.1, content: EmptyByteBufBE)
GET /session/512bf972764292e3fbd7742734065655/element/b6cd62fd-33e2-4f07-9b95-8d1201b13e84/name HTTP/1.1
User-Agent: selenium/4.1.2 (java windows)
Cache-Control: no-cache
Content-Type: application/json; charset=utf-8
host: localhost:52785
accept: */*

Response DefaultHttpResponse(decodeResult: success, version: HTTP/1.1)
HTTP/1.1 200 OK
Content-Type: application/json; charset=utf-8
cache-control: no-cache
content-length: 16

21:14:40.614 [AsyncHttpClient-1-14] DEBUG org.asynchttpclient.netty.channel.ChannelManager - Adding key: http://localhost:52785 for channel [id: 0xc511b8bd, L:/127.0.0.1:50685 - R:localhost/127.0.0.1:52785]
21:14:40.616 [Forwarding findElement on session 512bf972764292e3fbd7742734065655 to remote] DEBUG org.asynchttpclient.netty.request.NettyRequestSender - Using pooled Channel '[id: 0xc511b8bd, L:/127.0.0.1:50685 - R:localhost/127.0.0.1:52785]' for 'POST' to 'http://localhost:52785/session/512bf972764292e3fbd7742734065655/element'
21:14:40.616 [Forwarding findElement on session 512bf972764292e3fbd7742734065655 to remote] DEBUG org.asynchttpclient.netty.request.NettyRequestSender - Using open Channel [id: 0xc511b8bd, L:/127.0.0.1:50685 - R:localhost/127.0.0.1:52785] for POST '/session/512bf972764292e3fbd7742734065655/element'
21:14:40.620 [AsyncHttpClient-1-14] DEBUG org.asynchttpclient.netty.handler.HttpHandler - 

Request DefaultHttpRequest(decodeResult: success, version: HTTP/1.1)
POST /session/512bf972764292e3fbd7742734065655/element HTTP/1.1
User-Agent: selenium/4.1.2 (java windows)
Content-Length: 84
Content-Type: application/json; charset=utf-8
host: localhost:52785
accept: */*

Response DefaultHttpResponse(decodeResult: success, version: HTTP/1.1)
HTTP/1.1 200 OK
Content-Type: application/json; charset=utf-8
cache-control: no-cache
content-length: 88

21:14:40.621 [AsyncHttpClient-1-14] DEBUG org.asynchttpclient.netty.channel.ChannelManager - Adding key: http://localhost:52785 for channel [id: 0xc511b8bd, L:/127.0.0.1:50685 - R:localhost/127.0.0.1:52785]
21:14:40.621 [Forwarding clickElement on session 512bf972764292e3fbd7742734065655 to remote] DEBUG org.asynchttpclient.netty.request.NettyRequestSender - Using pooled Channel '[id: 0xc511b8bd, L:/127.0.0.1:50685 - R:localhost/127.0.0.1:52785]' for 'POST' to 'http://localhost:52785/session/512bf972764292e3fbd7742734065655/element/b6cd62fd-33e2-4f07-9b95-8d1201b13e84/click'
21:14:40.621 [Forwarding clickElement on session 512bf972764292e3fbd7742734065655 to remote] DEBUG org.asynchttpclient.netty.request.NettyRequestSender - Using open Channel [id: 0xc511b8bd, L:/127.0.0.1:50685 - R:localhost/127.0.0.1:52785] for POST '/session/512bf972764292e3fbd7742734065655/element/b6cd62fd-33e2-4f07-9b95-8d1201b13e84/click'
21:14:40.658 [AsyncHttpClient-1-14] DEBUG org.asynchttpclient.netty.handler.HttpHandler - 

Request DefaultHttpRequest(decodeResult: success, version: HTTP/1.1)
POST /session/512bf972764292e3fbd7742734065655/element/b6cd62fd-33e2-4f07-9b95-8d1201b13e84/click HTTP/1.1
User-Agent: selenium/4.1.2 (java windows)
Content-Length: 50
Content-Type: application/json; charset=utf-8
host: localhost:52785
accept: */*

Response DefaultHttpResponse(decodeResult: success, version: HTTP/1.1)
HTTP/1.1 200 OK
Content-Type: application/json; charset=utf-8
cache-control: no-cache
content-length: 14

21:14:40.658 [AsyncHttpClient-1-14] DEBUG org.asynchttpclient.netty.channel.ChannelManager - Adding key: http://localhost:52785 for channel [id: 0xc511b8bd, L:/127.0.0.1:50685 - R:localhost/127.0.0.1:52785]
  &amp#27;[32mAnd &amp#27;[0m&amp#27;[32mI click register&amp#27;[0m                             &amp#27;[90m# starter.stepdefinitions.RegisterSteps.iClickRegister()&amp#27;[0m
21:14:40.664 [Forwarding screenshot on session 512bf972764292e3fbd7742734065655 to remote] DEBUG org.asynchttpclient.netty.request.NettyRequestSender - Using pooled Channel '[id: 0xc511b8bd, L:/127.0.0.1:50685 - R:localhost/127.0.0.1:52785]' for 'GET' to 'http://localhost:52785/session/512bf972764292e3fbd7742734065655/screenshot'
21:14:40.664 [Forwarding screenshot on session 512bf972764292e3fbd7742734065655 to remote] DEBUG org.asynchttpclient.netty.request.NettyRequestSender - Using open Channel [id: 0xc511b8bd, L:/127.0.0.1:50685 - R:localhost/127.0.0.1:52785] for GET '/session/512bf972764292e3fbd7742734065655/screenshot'
21:14:40.887 [AsyncHttpClient-1-1] DEBUG org.asynchttpclient.netty.channel.DefaultChannelPool - Entry count for : http://localhost:50686 : 1
21:14:40.914 [AsyncHttpClient-1-14] DEBUG org.asynchttpclient.netty.handler.HttpHandler - 

Request DefaultFullHttpRequest(decodeResult: success, version: HTTP/1.1, content: EmptyByteBufBE)
GET /session/512bf972764292e3fbd7742734065655/screenshot HTTP/1.1
User-Agent: selenium/4.1.2 (java windows)
Cache-Control: no-cache
Content-Type: application/json; charset=utf-8
host: localhost:52785
accept: */*

Response DefaultHttpResponse(decodeResult: success, version: HTTP/1.1)
HTTP/1.1 200 OK
Content-Type: application/json; charset=utf-8
cache-control: no-cache
content-length: 51656

21:14:40.914 [AsyncHttpClient-1-14] DEBUG org.asynchttpclient.netty.channel.ChannelManager - Adding key: http://localhost:52785 for channel [id: 0xc511b8bd, L:/127.0.0.1:50685 - R:localhost/127.0.0.1:52785]
21:14:40.915 [main] DEBUG net.serenitybdd.core.photography.Darkroom - Send negative for processing for target\site\serenity\d2d1a4ecee5a6514d0ad105bb46cc4e9f4190f076d94f88d25ac48b5006f161e.png
21:14:40.916 [Darkroom Processing Line] DEBUG net.serenitybdd.core.photography.DarkroomProcessingLine - Processing screenshot image in /var/screenshots/screenshot-14710265685300507203
21:14:40.916 [Darkroom Processing Line] DEBUG net.serenitybdd.core.photography.DarkroomProcessingLine - Saving screenshot to target\site\serenity\d2d1a4ecee5a6514d0ad105bb46cc4e9f4190f076d94f88d25ac48b5006f161e.png
21:14:40.921 [Forwarding findElement on session 512bf972764292e3fbd7742734065655 to remote] DEBUG org.asynchttpclient.netty.request.NettyRequestSender - Using pooled Channel '[id: 0xc511b8bd, L:/127.0.0.1:50685 - R:localhost/127.0.0.1:52785]' for 'POST' to 'http://localhost:52785/session/512bf972764292e3fbd7742734065655/element'
21:14:40.921 [Forwarding findElement on session 512bf972764292e3fbd7742734065655 to remote] DEBUG org.asynchttpclient.netty.request.NettyRequestSender - Using open Channel [id: 0xc511b8bd, L:/127.0.0.1:50685 - R:localhost/127.0.0.1:52785] for POST '/session/512bf972764292e3fbd7742734065655/element'
21:14:41.990 [AsyncHttpClient-1-1] DEBUG org.asynchttpclient.netty.channel.DefaultChannelPool - Entry count for : http://localhost:50686 : 1
21:14:42.632 [AsyncHttpClient-1-14] DEBUG org.asynchttpclient.netty.handler.HttpHandler - 

Request DefaultHttpRequest(decodeResult: success, version: HTTP/1.1)
POST /session/512bf972764292e3fbd7742734065655/element HTTP/1.1
User-Agent: selenium/4.1.2 (java windows)
Content-Length: 59
Content-Type: application/json; charset=utf-8
host: localhost:52785
accept: */*

Response DefaultHttpResponse(decodeResult: success, version: HTTP/1.1)
HTTP/1.1 200 OK
Content-Type: application/json; charset=utf-8
cache-control: no-cache
content-length: 88

21:14:42.632 [AsyncHttpClient-1-14] DEBUG org.asynchttpclient.netty.channel.ChannelManager - Adding key: http://localhost:52785 for channel [id: 0xc511b8bd, L:/127.0.0.1:50685 - R:localhost/127.0.0.1:52785]
21:14:42.634 [Forwarding isElementDisplayed on session 512bf972764292e3fbd7742734065655 to remote] DEBUG org.asynchttpclient.netty.request.NettyRequestSender - Using pooled Channel '[id: 0xc511b8bd, L:/127.0.0.1:50685 - R:localhost/127.0.0.1:52785]' for 'POST' to 'http://localhost:52785/session/512bf972764292e3fbd7742734065655/execute/sync'
21:14:42.635 [Forwarding isElementDisplayed on session 512bf972764292e3fbd7742734065655 to remote] DEBUG org.asynchttpclient.netty.request.NettyRequestSender - Using open Channel [id: 0xc511b8bd, L:/127.0.0.1:50685 - R:localhost/127.0.0.1:52785] for POST '/session/512bf972764292e3fbd7742734065655/execute/sync'
21:14:42.645 [AsyncHttpClient-1-14] DEBUG org.asynchttpclient.netty.handler.HttpHandler - 

Request DefaultHttpRequest(decodeResult: success, version: HTTP/1.1)
POST /session/512bf972764292e3fbd7742734065655/execute/sync HTTP/1.1
User-Agent: selenium/4.1.2 (java windows)
Content-Length: 48780
Content-Type: application/json; charset=utf-8
host: localhost:52785
accept: */*

Response DefaultHttpResponse(decodeResult: success, version: HTTP/1.1)
HTTP/1.1 200 OK
Content-Type: application/json; charset=utf-8
cache-control: no-cache
content-length: 14

21:14:42.645 [AsyncHttpClient-1-14] DEBUG org.asynchttpclient.netty.channel.ChannelManager - Adding key: http://localhost:52785 for channel [id: 0xc511b8bd, L:/127.0.0.1:50685 - R:localhost/127.0.0.1:52785]
21:14:42.648 [Forwarding findElement on session 512bf972764292e3fbd7742734065655 to remote] DEBUG org.asynchttpclient.netty.request.NettyRequestSender - Using pooled Channel '[id: 0xc511b8bd, L:/127.0.0.1:50685 - R:localhost/127.0.0.1:52785]' for 'POST' to 'http://localhost:52785/session/512bf972764292e3fbd7742734065655/element'
21:14:42.648 [Forwarding findElement on session 512bf972764292e3fbd7742734065655 to remote] DEBUG org.asynchttpclient.netty.request.NettyRequestSender - Using open Channel [id: 0xc511b8bd, L:/127.0.0.1:50685 - R:localhost/127.0.0.1:52785] for POST '/session/512bf972764292e3fbd7742734065655/element'
21:14:42.653 [AsyncHttpClient-1-14] DEBUG org.asynchttpclient.netty.handler.HttpHandler - 

Request DefaultHttpRequest(decodeResult: success, version: HTTP/1.1)
POST /session/512bf972764292e3fbd7742734065655/element HTTP/1.1
User-Agent: selenium/4.1.2 (java windows)
Content-Length: 59
Content-Type: application/json; charset=utf-8
host: localhost:52785
accept: */*

Response DefaultHttpResponse(decodeResult: success, version: HTTP/1.1)
HTTP/1.1 200 OK
Content-Type: application/json; charset=utf-8
cache-control: no-cache
content-length: 88

21:14:42.653 [AsyncHttpClient-1-14] DEBUG org.asynchttpclient.netty.channel.ChannelManager - Adding key: http://localhost:52785 for channel [id: 0xc511b8bd, L:/127.0.0.1:50685 - R:localhost/127.0.0.1:52785]
21:14:42.655 [Forwarding isElementDisplayed on session 512bf972764292e3fbd7742734065655 to remote] DEBUG org.asynchttpclient.netty.request.NettyRequestSender - Using pooled Channel '[id: 0xc511b8bd, L:/127.0.0.1:50685 - R:localhost/127.0.0.1:52785]' for 'POST' to 'http://localhost:52785/session/512bf972764292e3fbd7742734065655/execute/sync'
21:14:42.655 [Forwarding isElementDisplayed on session 512bf972764292e3fbd7742734065655 to remote] DEBUG org.asynchttpclient.netty.request.NettyRequestSender - Using open Channel [id: 0xc511b8bd, L:/127.0.0.1:50685 - R:localhost/127.0.0.1:52785] for POST '/session/512bf972764292e3fbd7742734065655/execute/sync'
21:14:42.665 [AsyncHttpClient-1-14] DEBUG org.asynchttpclient.netty.handler.HttpHandler - 

Request DefaultHttpRequest(decodeResult: success, version: HTTP/1.1)
POST /session/512bf972764292e3fbd7742734065655/execute/sync HTTP/1.1
User-Agent: selenium/4.1.2 (java windows)
Content-Length: 48780
Content-Type: application/json; charset=utf-8
host: localhost:52785
accept: */*

Response DefaultHttpResponse(decodeResult: success, version: HTTP/1.1)
HTTP/1.1 200 OK
Content-Type: application/json; charset=utf-8
cache-control: no-cache
content-length: 14

21:14:42.665 [AsyncHttpClient-1-14] DEBUG org.asynchttpclient.netty.channel.ChannelManager - Adding key: http://localhost:52785 for channel [id: 0xc511b8bd, L:/127.0.0.1:50685 - R:localhost/127.0.0.1:52785]
21:14:42.667 [Forwarding findElement on session 512bf972764292e3fbd7742734065655 to remote] DEBUG org.asynchttpclient.netty.request.NettyRequestSender - Using pooled Channel '[id: 0xc511b8bd, L:/127.0.0.1:50685 - R:localhost/127.0.0.1:52785]' for 'POST' to 'http://localhost:52785/session/512bf972764292e3fbd7742734065655/element'
21:14:42.667 [Forwarding findElement on session 512bf972764292e3fbd7742734065655 to remote] DEBUG org.asynchttpclient.netty.request.NettyRequestSender - Using open Channel [id: 0xc511b8bd, L:/127.0.0.1:50685 - R:localhost/127.0.0.1:52785] for POST '/session/512bf972764292e3fbd7742734065655/element'
21:14:42.672 [AsyncHttpClient-1-14] DEBUG org.asynchttpclient.netty.handler.HttpHandler - 

Request DefaultHttpRequest(decodeResult: success, version: HTTP/1.1)
POST /session/512bf972764292e3fbd7742734065655/element HTTP/1.1
User-Agent: selenium/4.1.2 (java windows)
Content-Length: 84
Content-Type: application/json; charset=utf-8
host: localhost:52785
accept: */*

Response DefaultHttpResponse(decodeResult: success, version: HTTP/1.1)
HTTP/1.1 200 OK
Content-Type: application/json; charset=utf-8
cache-control: no-cache
content-length: 88

21:14:42.672 [AsyncHttpClient-1-14] DEBUG org.asynchttpclient.netty.channel.ChannelManager - Adding key: http://localhost:52785 for channel [id: 0xc511b8bd, L:/127.0.0.1:50685 - R:localhost/127.0.0.1:52785]
21:14:42.673 [Forwarding getElementTagName on session 512bf972764292e3fbd7742734065655 to remote] DEBUG org.asynchttpclient.netty.request.NettyRequestSender - Using pooled Channel '[id: 0xc511b8bd, L:/127.0.0.1:50685 - R:localhost/127.0.0.1:52785]' for 'GET' to 'http://localhost:52785/session/512bf972764292e3fbd7742734065655/element/b6cd62fd-33e2-4f07-9b95-8d1201b13e84/name'
21:14:42.673 [Forwarding getElementTagName on session 512bf972764292e3fbd7742734065655 to remote] DEBUG org.asynchttpclient.netty.request.NettyRequestSender - Using open Channel [id: 0xc511b8bd, L:/127.0.0.1:50685 - R:localhost/127.0.0.1:52785] for GET '/session/512bf972764292e3fbd7742734065655/element/b6cd62fd-33e2-4f07-9b95-8d1201b13e84/name'
21:14:42.677 [AsyncHttpClient-1-14] DEBUG org.asynchttpclient.netty.handler.HttpHandler - 

Request DefaultFullHttpRequest(decodeResult: success, version: HTTP/1.1, content: EmptyByteBufBE)
GET /session/512bf972764292e3fbd7742734065655/element/b6cd62fd-33e2-4f07-9b95-8d1201b13e84/name HTTP/1.1
User-Agent: selenium/4.1.2 (java windows)
Cache-Control: no-cache
Content-Type: application/json; charset=utf-8
host: localhost:52785
accept: */*

Response DefaultHttpResponse(decodeResult: success, version: HTTP/1.1)
HTTP/1.1 200 OK
Content-Type: application/json; charset=utf-8
cache-control: no-cache
content-length: 16

21:14:42.677 [AsyncHttpClient-1-14] DEBUG org.asynchttpclient.netty.channel.ChannelManager - Adding key: http://localhost:52785 for channel [id: 0xc511b8bd, L:/127.0.0.1:50685 - R:localhost/127.0.0.1:52785]
21:14:42.678 [Forwarding getElementTagName on session 512bf972764292e3fbd7742734065655 to remote] DEBUG org.asynchttpclient.netty.request.NettyRequestSender - Using pooled Channel '[id: 0xc511b8bd, L:/127.0.0.1:50685 - R:localhost/127.0.0.1:52785]' for 'GET' to 'http://localhost:52785/session/512bf972764292e3fbd7742734065655/element/b6cd62fd-33e2-4f07-9b95-8d1201b13e84/name'
21:14:42.678 [Forwarding getElementTagName on session 512bf972764292e3fbd7742734065655 to remote] DEBUG org.asynchttpclient.netty.request.NettyRequestSender - Using open Channel [id: 0xc511b8bd, L:/127.0.0.1:50685 - R:localhost/127.0.0.1:52785] for GET '/session/512bf972764292e3fbd7742734065655/element/b6cd62fd-33e2-4f07-9b95-8d1201b13e84/name'
21:14:42.681 [AsyncHttpClient-1-14] DEBUG org.asynchttpclient.netty.handler.HttpHandler - 

Request DefaultFullHttpRequest(decodeResult: success, version: HTTP/1.1, content: EmptyByteBufBE)
GET /session/512bf972764292e3fbd7742734065655/element/b6cd62fd-33e2-4f07-9b95-8d1201b13e84/name HTTP/1.1
User-Agent: selenium/4.1.2 (java windows)
Cache-Control: no-cache
Content-Type: application/json; charset=utf-8
host: localhost:52785
accept: */*

Response DefaultHttpResponse(decodeResult: success, version: HTTP/1.1)
HTTP/1.1 200 OK
Content-Type: application/json; charset=utf-8
cache-control: no-cache
content-length: 16

21:14:42.681 [AsyncHttpClient-1-14] DEBUG org.asynchttpclient.netty.channel.ChannelManager - Adding key: http://localhost:52785 for channel [id: 0xc511b8bd, L:/127.0.0.1:50685 - R:localhost/127.0.0.1:52785]
21:14:42.682 [Forwarding findElement on session 512bf972764292e3fbd7742734065655 to remote] DEBUG org.asynchttpclient.netty.request.NettyRequestSender - Using pooled Channel '[id: 0xc511b8bd, L:/127.0.0.1:50685 - R:localhost/127.0.0.1:52785]' for 'POST' to 'http://localhost:52785/session/512bf972764292e3fbd7742734065655/element'
21:14:42.682 [Forwarding findElement on session 512bf972764292e3fbd7742734065655 to remote] DEBUG org.asynchttpclient.netty.request.NettyRequestSender - Using open Channel [id: 0xc511b8bd, L:/127.0.0.1:50685 - R:localhost/127.0.0.1:52785] for POST '/session/512bf972764292e3fbd7742734065655/element'
21:14:42.688 [AsyncHttpClient-1-14] DEBUG org.asynchttpclient.netty.handler.HttpHandler - 

Request DefaultHttpRequest(decodeResult: success, version: HTTP/1.1)
POST /session/512bf972764292e3fbd7742734065655/element HTTP/1.1
User-Agent: selenium/4.1.2 (java windows)
Content-Length: 84
Content-Type: application/json; charset=utf-8
host: localhost:52785
accept: */*

Response DefaultHttpResponse(decodeResult: success, version: HTTP/1.1)
HTTP/1.1 200 OK
Content-Type: application/json; charset=utf-8
cache-control: no-cache
content-length: 88

21:14:42.688 [AsyncHttpClient-1-14] DEBUG org.asynchttpclient.netty.channel.ChannelManager - Adding key: http://localhost:52785 for channel [id: 0xc511b8bd, L:/127.0.0.1:50685 - R:localhost/127.0.0.1:52785]
21:14:42.688 [Forwarding clickElement on session 512bf972764292e3fbd7742734065655 to remote] DEBUG org.asynchttpclient.netty.request.NettyRequestSender - Using pooled Channel '[id: 0xc511b8bd, L:/127.0.0.1:50685 - R:localhost/127.0.0.1:52785]' for 'POST' to 'http://localhost:52785/session/512bf972764292e3fbd7742734065655/element/b6cd62fd-33e2-4f07-9b95-8d1201b13e84/click'
21:14:42.689 [Forwarding clickElement on session 512bf972764292e3fbd7742734065655 to remote] DEBUG org.asynchttpclient.netty.request.NettyRequestSender - Using open Channel [id: 0xc511b8bd, L:/127.0.0.1:50685 - R:localhost/127.0.0.1:52785] for POST '/session/512bf972764292e3fbd7742734065655/element/b6cd62fd-33e2-4f07-9b95-8d1201b13e84/click'
21:14:42.712 [AsyncHttpClient-1-14] DEBUG org.asynchttpclient.netty.handler.HttpHandler - 

Request DefaultHttpRequest(decodeResult: success, version: HTTP/1.1)
POST /session/512bf972764292e3fbd7742734065655/element/b6cd62fd-33e2-4f07-9b95-8d1201b13e84/click HTTP/1.1
User-Agent: selenium/4.1.2 (java windows)
Content-Length: 50
Content-Type: application/json; charset=utf-8
host: localhost:52785
accept: */*

Response DefaultHttpResponse(decodeResult: success, version: HTTP/1.1)
HTTP/1.1 200 OK
Content-Type: application/json; charset=utf-8
cache-control: no-cache
content-length: 14

21:14:42.712 [AsyncHttpClient-1-14] DEBUG org.asynchttpclient.netty.channel.ChannelManager - Adding key: http://localhost:52785 for channel [id: 0xc511b8bd, L:/127.0.0.1:50685 - R:localhost/127.0.0.1:52785]
  &amp#27;[32mAnd &amp#27;[0m&amp#27;[32mI click register again&amp#27;[0m                       &amp#27;[90m# starter.stepdefinitions.RegisterSteps.iClickRegisterAgain()&amp#27;[0m
21:14:42.716 [Forwarding screenshot on session 512bf972764292e3fbd7742734065655 to remote] DEBUG org.asynchttpclient.netty.request.NettyRequestSender - Using pooled Channel '[id: 0xc511b8bd, L:/127.0.0.1:50685 - R:localhost/127.0.0.1:52785]' for 'GET' to 'http://localhost:52785/session/512bf972764292e3fbd7742734065655/screenshot'
21:14:42.716 [Forwarding screenshot on session 512bf972764292e3fbd7742734065655 to remote] DEBUG org.asynchttpclient.netty.request.NettyRequestSender - Using open Channel [id: 0xc511b8bd, L:/127.0.0.1:50685 - R:localhost/127.0.0.1:52785] for GET '/session/512bf972764292e3fbd7742734065655/screenshot'
21:14:42.889 [AsyncHttpClient-1-14] DEBUG org.asynchttpclient.netty.handler.HttpHandler - 

Request DefaultFullHttpRequest(decodeResult: success, version: HTTP/1.1, content: EmptyByteBufBE)
GET /session/512bf972764292e3fbd7742734065655/screenshot HTTP/1.1
User-Agent: selenium/4.1.2 (java windows)
Cache-Control: no-cache
Content-Type: application/json; charset=utf-8
host: localhost:52785
accept: */*

Response DefaultHttpResponse(decodeResult: success, version: HTTP/1.1)
HTTP/1.1 200 OK
Content-Type: application/json; charset=utf-8
cache-control: no-cache
content-length: 50872

21:14:42.889 [AsyncHttpClient-1-14] DEBUG org.asynchttpclient.netty.channel.ChannelManager - Adding key: http://localhost:52785 for channel [id: 0xc511b8bd, L:/127.0.0.1:50685 - R:localhost/127.0.0.1:52785]
21:14:42.892 [main] DEBUG net.serenitybdd.core.photography.Darkroom - Send negative for processing for target\site\serenity\94761973f9d37b0650b3ce14005b2333528f026a6bef0a379e8f821d693cd342.png
21:14:42.892 [Darkroom Processing Line] DEBUG net.serenitybdd.core.photography.DarkroomProcessingLine - Processing screenshot image in /var/screenshots/screenshot-17085898326321089777
21:14:42.892 [Darkroom Processing Line] DEBUG net.serenitybdd.core.photography.DarkroomProcessingLine - Saving screenshot to target\site\serenity\94761973f9d37b0650b3ce14005b2333528f026a6bef0a379e8f821d693cd342.png
21:14:42.898 [Forwarding findElement on session 512bf972764292e3fbd7742734065655 to remote] DEBUG org.asynchttpclient.netty.request.NettyRequestSender - Using pooled Channel '[id: 0xc511b8bd, L:/127.0.0.1:50685 - R:localhost/127.0.0.1:52785]' for 'POST' to 'http://localhost:52785/session/512bf972764292e3fbd7742734065655/element'
21:14:42.898 [Forwarding findElement on session 512bf972764292e3fbd7742734065655 to remote] DEBUG org.asynchttpclient.netty.request.NettyRequestSender - Using open Channel [id: 0xc511b8bd, L:/127.0.0.1:50685 - R:localhost/127.0.0.1:52785] for POST '/session/512bf972764292e3fbd7742734065655/element'
21:14:43.033 [AsyncHttpClient-1-14] DEBUG org.asynchttpclient.netty.handler.HttpHandler - 

Request DefaultHttpRequest(decodeResult: success, version: HTTP/1.1)
POST /session/512bf972764292e3fbd7742734065655/element HTTP/1.1
User-Agent: selenium/4.1.2 (java windows)
Content-Length: 85
Content-Type: application/json; charset=utf-8
host: localhost:52785
accept: */*

Response DefaultHttpResponse(decodeResult: success, version: HTTP/1.1)
HTTP/1.1 200 OK
Content-Type: application/json; charset=utf-8
cache-control: no-cache
content-length: 88

21:14:43.033 [AsyncHttpClient-1-14] DEBUG org.asynchttpclient.netty.channel.ChannelManager - Adding key: http://localhost:52785 for channel [id: 0xc511b8bd, L:/127.0.0.1:50685 - R:localhost/127.0.0.1:52785]
21:14:43.035 [Forwarding isElementDisplayed on session 512bf972764292e3fbd7742734065655 to remote] DEBUG org.asynchttpclient.netty.request.NettyRequestSender - Using pooled Channel '[id: 0xc511b8bd, L:/127.0.0.1:50685 - R:localhost/127.0.0.1:52785]' for 'POST' to 'http://localhost:52785/session/512bf972764292e3fbd7742734065655/execute/sync'
21:14:43.035 [Forwarding isElementDisplayed on session 512bf972764292e3fbd7742734065655 to remote] DEBUG org.asynchttpclient.netty.request.NettyRequestSender - Using open Channel [id: 0xc511b8bd, L:/127.0.0.1:50685 - R:localhost/127.0.0.1:52785] for POST '/session/512bf972764292e3fbd7742734065655/execute/sync'
21:14:43.044 [AsyncHttpClient-1-14] DEBUG org.asynchttpclient.netty.handler.HttpHandler - 

Request DefaultHttpRequest(decodeResult: success, version: HTTP/1.1)
POST /session/512bf972764292e3fbd7742734065655/execute/sync HTTP/1.1
User-Agent: selenium/4.1.2 (java windows)
Content-Length: 48780
Content-Type: application/json; charset=utf-8
host: localhost:52785
accept: */*

Response DefaultHttpResponse(decodeResult: success, version: HTTP/1.1)
HTTP/1.1 200 OK
Content-Type: application/json; charset=utf-8
cache-control: no-cache
content-length: 14

21:14:43.044 [AsyncHttpClient-1-14] DEBUG org.asynchttpclient.netty.channel.ChannelManager - Adding key: http://localhost:52785 for channel [id: 0xc511b8bd, L:/127.0.0.1:50685 - R:localhost/127.0.0.1:52785]
  &amp#27;[32mThen &amp#27;[0m&amp#27;[32mI get &amp#27;[0m&amp#27;[32m&amp#27;[1m"fullname"&amp#27;[0m&amp#27;[32m error&amp#27;[0m                      &amp#27;[90m# starter.stepdefinitions.RegisterSteps.iGetErrorError(java.lang.String)&amp#27;[0m
21:14:43.047 [Forwarding screenshot on session 512bf972764292e3fbd7742734065655 to remote] DEBUG org.asynchttpclient.netty.request.NettyRequestSender - Using pooled Channel '[id: 0xc511b8bd, L:/127.0.0.1:50685 - R:localhost/127.0.0.1:52785]' for 'GET' to 'http://localhost:52785/session/512bf972764292e3fbd7742734065655/screenshot'
21:14:43.047 [Forwarding screenshot on session 512bf972764292e3fbd7742734065655 to remote] DEBUG org.asynchttpclient.netty.request.NettyRequestSender - Using open Channel [id: 0xc511b8bd, L:/127.0.0.1:50685 - R:localhost/127.0.0.1:52785] for GET '/session/512bf972764292e3fbd7742734065655/screenshot'
21:14:43.090 [AsyncHttpClient-1-1] DEBUG org.asynchttpclient.netty.channel.DefaultChannelPool - Entry count for : http://localhost:50686 : 1
21:14:43.242 [AsyncHttpClient-1-14] DEBUG org.asynchttpclient.netty.handler.HttpHandler - 

Request DefaultFullHttpRequest(decodeResult: success, version: HTTP/1.1, content: EmptyByteBufBE)
GET /session/512bf972764292e3fbd7742734065655/screenshot HTTP/1.1
User-Agent: selenium/4.1.2 (java windows)
Cache-Control: no-cache
Content-Type: application/json; charset=utf-8
host: localhost:52785
accept: */*

Response DefaultHttpResponse(decodeResult: success, version: HTTP/1.1)
HTTP/1.1 200 OK
Content-Type: application/json; charset=utf-8
cache-control: no-cache
content-length: 58388

21:14:43.242 [AsyncHttpClient-1-14] DEBUG org.asynchttpclient.netty.channel.ChannelManager - Adding key: http://localhost:52785 for channel [id: 0xc511b8bd, L:/127.0.0.1:50685 - R:localhost/127.0.0.1:52785]
21:14:43.244 [main] DEBUG net.serenitybdd.core.photography.Darkroom - Send negative for processing for target\site\serenity\5c4182d9e50721e9bd195d241010097bb9763b984ff691cb1bd059ac47bacb1a.png
21:14:43.244 [Darkroom Processing Line] DEBUG net.serenitybdd.core.photography.DarkroomProcessingLine - Processing screenshot image in /var/screenshots/screenshot-16181481221768145199
21:14:43.244 [Darkroom Processing Line] DEBUG net.serenitybdd.core.photography.DarkroomProcessingLine - Saving screenshot to target\site\serenity\5c4182d9e50721e9bd195d241010097bb9763b984ff691cb1bd059ac47bacb1a.png
21:14:43.249 [AsyncHttpClient-1-16] DEBUG org.asynchttpclient.netty.handler.WebSocketHandler - Channel Closed: [id: 0x639fba1e, L:/127.0.0.1:50693 ! R:localhost/127.0.0.1:50686] with attribute NettyResponseFuture{currentRetry=5,
	isDone=1,
	isCancelled=0,
	asyncHandler=org.asynchttpclient.ws.WebSocketUpgradeHandler@2aafa773,
	nettyRequest=org.asynchttpclient.netty.request.NettyRequest@54aa68cd,
	future=java.util.concurrent.CompletableFuture@3da50431[Completed normally],
	uri=ws://localhost:50686/devtools/browser/da03de61-6412-45bc-8fbf-bcf136636ca7,
	keepAlive=true,
	redirectCount=0,
	timeoutsHolder=null,
	inAuth=0,
	touch=1667484878711}
21:14:43.249 [AsyncHttpClient-1-16] DEBUG org.asynchttpclient.netty.channel.ChannelManager - Closing Channel [id: 0x639fba1e, L:/127.0.0.1:50693 ! R:localhost/127.0.0.1:50686] 
21:14:43.249 [Driver Command Executor] DEBUG org.asynchttpclient.netty.request.NettyRequestSender - Using pooled Channel '[id: 0xc511b8bd, L:/127.0.0.1:50685 - R:localhost/127.0.0.1:52785]' for 'DELETE' to 'http://localhost:52785/session/512bf972764292e3fbd7742734065655'
21:14:43.249 [Driver Command Executor] DEBUG org.asynchttpclient.netty.request.NettyRequestSender - Using open Channel [id: 0xc511b8bd, L:/127.0.0.1:50685 - R:localhost/127.0.0.1:52785] for DELETE '/session/512bf972764292e3fbd7742734065655'
21:14:43.312 [AsyncHttpClient-1-15] DEBUG org.asynchttpclient.netty.handler.HttpHandler - Unexpected I/O exception on channel [id: 0x0337a176, L:/127.0.0.1:50692 - R:localhost/127.0.0.1:50686]
java.net.SocketException: Connection reset
	at java.base/sun.nio.ch.SocketChannelImpl.throwConnectionReset(SocketChannelImpl.java:345)
	at java.base/sun.nio.ch.SocketChannelImpl.read(SocketChannelImpl.java:376)
	at io.netty.buffer.PooledByteBuf.setBytes(PooledByteBuf.java:258)
	at io.netty.buffer.AbstractByteBuf.writeBytes(AbstractByteBuf.java:1132)
	at io.netty.channel.socket.nio.NioSocketChannel.doReadBytes(NioSocketChannel.java:350)
	at io.netty.channel.nio.AbstractNioByteChannel$NioByteUnsafe.read(AbstractNioByteChannel.java:151)
	at io.netty.channel.nio.NioEventLoop.processSelectedKey(NioEventLoop.java:722)
	at io.netty.channel.nio.NioEventLoop.processSelectedKeysOptimized(NioEventLoop.java:658)
	at io.netty.channel.nio.NioEventLoop.processSelectedKeys(NioEventLoop.java:584)
	at io.netty.channel.nio.NioEventLoop.run(NioEventLoop.java:496)
	at io.netty.util.concurrent.SingleThreadEventExecutor$4.run(SingleThreadEventExecutor.java:986)
	at io.netty.util.internal.ThreadExecutorMap$2.run(ThreadExecutorMap.java:74)
	at io.netty.util.concurrent.FastThreadLocalRunnable.run(FastThreadLocalRunnable.java:30)
	at java.base/java.lang.Thread.run(Thread.java:830)
21:14:43.312 [AsyncHttpClient-1-15] DEBUG org.asynchttpclient.netty.channel.ChannelManager - Closing Channel [id: 0x0337a176, L:/127.0.0.1:50692 - R:localhost/127.0.0.1:50686] 
21:14:43.312 [AsyncHttpClient-1-15] DEBUG org.asynchttpclient.netty.handler.HttpHandler - Channel Closed: [id: 0x0337a176, L:/127.0.0.1:50692 ! R:localhost/127.0.0.1:50686] with attribute DISCARD
21:14:43.363 [AsyncHttpClient-1-14] DEBUG org.asynchttpclient.netty.handler.HttpHandler - 

Request DefaultFullHttpRequest(decodeResult: success, version: HTTP/1.1, content: EmptyByteBufBE)
DELETE /session/512bf972764292e3fbd7742734065655 HTTP/1.1
User-Agent: selenium/4.1.2 (java windows)
Content-Type: application/json; charset=utf-8
host: localhost:52785
accept: */*

Response DefaultHttpResponse(decodeResult: success, version: HTTP/1.1)
HTTP/1.1 200 OK
Content-Type: application/json; charset=utf-8
cache-control: no-cache
content-length: 14

21:14:43.363 [AsyncHttpClient-1-14] DEBUG org.asynchttpclient.netty.channel.ChannelManager - Adding key: http://localhost:52785 for channel [id: 0xc511b8bd, L:/127.0.0.1:50685 - R:localhost/127.0.0.1:52785]
21:14:43.411 [AsyncHttpClient-1-14] DEBUG org.asynchttpclient.netty.handler.HttpHandler - Channel Closed: [id: 0xc511b8bd, L:/127.0.0.1:50685 ! R:localhost/127.0.0.1:52785] with attribute DISCARD
21:14:43.948 [main] INFO  - 
  _____   ___   ___   _____     ___     _     ___   ___   ___   ___  
 |_   _| | __| / __| |_   _|   | _ \   /_\   / __| / __| | __| |   \ 
   | |   | _|  \__ \   | |     |  _/  / _ \  \__ \ \__ \ | _|  | |) |
   |_|   |___| |___/   |_|     |_|   /_/ \_\ |___/ |___/ |___| |___/ 

Register with username and email
----------------------------------------------------------------------
]]></system-out>
    <system-err><![CDATA[Starting ChromeDriver 106.0.5249.61 (511755355844955cd3e264779baf0dd38212a4d0-refs/branch-heads/5249@{#569}) on port 52785
Only local connections are allowed.
Please see https://chromedriver.chromium.org/security-considerations for suggestions on keeping ChromeDriver safe.
ChromeDriver was started successfully.
[1667484878.535][WARNING]: This version of ChromeDriver has not been tested with Chrome version 107.
Nov 03, 2022 9:14:38 PM org.openqa.selenium.remote.ProtocolHandshake createSession
INFO: Detected dialect: W3C
Nov 03, 2022 9:14:38 PM org.openqa.selenium.devtools.CdpVersionFinder findNearestMatch
WARNING: Unable to find an exact match for CDP version 107, so returning the closest version found: a no-op implementation
Nov 03, 2022 9:14:38 PM org.openqa.selenium.devtools.CdpVersionFinder findNearestMatch
INFO: Unable to find CDP implementation matching 107.
Nov 03, 2022 9:14:38 PM org.openqa.selenium.chromium.ChromiumDriver lambda$new$3
WARNING: Unable to find version of CDP to use for . You may need to include a dependency on a specific version of the CDP using something similar to `org.seleniumhq.selenium:selenium-devtools-v86:4.1.2` where the version ("v86") matches the version of the chromium-based browser you're using and the version number of the artifact is the same as Selenium's.
]]></system-err>
  </testcase>
  <testcase name="Register with username and email #2" classname="Register" time="10.332">
    <system-out><![CDATA[
@Register
Scenario Outline: Register with username and email &amp#27;[90m# src/test/resources/features/Register.feature:39&amp#27;[0m
21:14:43.953 [main] INFO io.cucumber.core.plugin.SerenityReporter - Running feature from file:///C:/Users/ASUS/Desktop/stupen/miniproject/Web/ASWeb/src/test/resources/features/Register.feature
21:14:43.961 [main] INFO net.serenitybdd.core.webdriver.driverproviders.ChromeDriverProvider - Using automatically driver download
21:14:44.060 [main] DEBUG io.github.bonigarcia.wdm.cache.ResolutionCache - Resolution chrome=107 in cache (valid until 21:49:49 03/11/2022 WIB)
21:14:44.064 [main] DEBUG io.github.bonigarcia.wdm.cache.ResolutionCache - Resolution chrome107=107.0.5304.62 in cache (valid until 16:49:12 04/11/2022 WIB)
21:14:44.066 [main] INFO io.github.bonigarcia.wdm.WebDriverManager - Using chromedriver 107.0.5304.62 (resolved driver for Chrome 107)
21:14:44.074 [main] DEBUG io.github.bonigarcia.wdm.WebDriverManager - Driver chromedriver 107.0.5304.62 found in cache
21:14:44.075 [main] INFO io.github.bonigarcia.wdm.WebDriverManager - Exporting webdriver.chrome.driver as C:\Users\ASUS\.cache\selenium\chromedriver\win32\107.0.5304.62\chromedriver.exe
21:14:44.183 [main] DEBUG net.serenitybdd.core.webdriver.driverproviders.ProvideNewDriver - Instantiating driver
21:14:44.183 [main] DEBUG net.serenitybdd.core.webdriver.driverproviders.ProvideNewDriver - Driver capabilities: Capabilities {acceptInsecureCerts: false, base.url: https://alta-shop.vercel.app/, browserName: chrome, chrome.driver: src/test/resources/webdrive..., driver: chrome, goog:chromeOptions: {args: [], extensions: []}, wait.for.timeout: 10000}
21:14:44.193 [AsyncHttpClient-1-1] DEBUG org.asynchttpclient.netty.channel.DefaultChannelPool - Entry count for : http://localhost:52785 : 1
21:14:44.193 [AsyncHttpClient-1-1] DEBUG org.asynchttpclient.netty.channel.DefaultChannelPool - Entry count for : http://localhost:50686 : 1
21:14:44.193 [AsyncHttpClient-1-1] DEBUG org.asynchttpclient.netty.channel.DefaultChannelPool - Adding Candidate expired Channel [id: 0xc511b8bd, L:/127.0.0.1:50685 ! R:localhost/127.0.0.1:52785] isIdleTimeoutExpired=false isRemotelyClosed=true isTtlExpired=false
21:14:44.193 [AsyncHttpClient-1-1] DEBUG org.asynchttpclient.netty.channel.DefaultChannelPool - Closing Idle Channel [id: 0xc511b8bd, L:/127.0.0.1:50685 ! R:localhost/127.0.0.1:52785]
21:14:44.193 [AsyncHttpClient-1-1] DEBUG org.asynchttpclient.netty.channel.DefaultChannelPool - Adding Candidate expired Channel [id: 0x0337a176, L:/127.0.0.1:50692 ! R:localhost/127.0.0.1:50686] isIdleTimeoutExpired=false isRemotelyClosed=true isTtlExpired=false
21:14:44.193 [AsyncHttpClient-1-1] DEBUG org.asynchttpclient.netty.channel.DefaultChannelPool - Closing Idle Channel [id: 0x0337a176, L:/127.0.0.1:50692 ! R:localhost/127.0.0.1:50686]
21:14:44.193 [AsyncHttpClient-1-1] DEBUG org.asynchttpclient.netty.channel.DefaultChannelPool - Closed 2 connections out of 2 in 0 ms
21:14:44.728 [AsyncHttpClient-1-17] DEBUG org.asynchttpclient.netty.channel.NettyConnectListener - Using new Channel '[id: 0x48438654, L:/127.0.0.1:50713 - R:localhost/127.0.0.1:62133]' for 'POST' to '/session'
21:14:45.432 [AsyncHttpClient-1-17] DEBUG org.asynchttpclient.netty.handler.HttpHandler - 

Request DefaultHttpRequest(decodeResult: success, version: HTTP/1.1)
POST /session HTTP/1.1
User-Agent: selenium/4.1.2 (java windows)
Content-Length: 646
Content-Type: application/json; charset=utf-8
host: localhost:62133
accept: */*

Response DefaultHttpResponse(decodeResult: success, version: HTTP/1.1)
HTTP/1.1 200 OK
Content-Type: application/json; charset=utf-8
cache-control: no-cache
content-length: 789

21:14:45.432 [AsyncHttpClient-1-17] DEBUG org.asynchttpclient.netty.channel.ChannelManager - Adding key: http://localhost:62133 for channel [id: 0x48438654, L:/127.0.0.1:50713 - R:localhost/127.0.0.1:62133]
21:14:45.447 [AsyncHttpClient-1-2] DEBUG org.asynchttpclient.netty.channel.NettyConnectListener - Using new Channel '[id: 0xa89e762a, L:/127.0.0.1:50721 - R:localhost/127.0.0.1:50714]' for 'GET' to '/json/version'
21:14:45.448 [AsyncHttpClient-1-2] DEBUG org.asynchttpclient.netty.handler.HttpHandler - 

Request DefaultFullHttpRequest(decodeResult: success, version: HTTP/1.1, content: EmptyByteBufBE)
GET /json/version HTTP/1.1
User-Agent: selenium/4.1.2 (java windows)
host: localhost:50714
accept: */*

Response DefaultHttpResponse(decodeResult: success, version: HTTP/1.1)
HTTP/1.1 200 OK
Content-Type: application/json; charset=UTF-8
content-length: 423

21:14:45.448 [AsyncHttpClient-1-2] DEBUG org.asynchttpclient.netty.channel.ChannelManager - Adding key: http://localhost:50714 for channel [id: 0xa89e762a, L:/127.0.0.1:50721 - R:localhost/127.0.0.1:50714]
21:14:45.451 [AsyncHttpClient-1-3] DEBUG org.asynchttpclient.netty.channel.NettyConnectListener - Using new Channel '[id: 0xe4ceb2b8, L:/127.0.0.1:50722 - R:localhost/127.0.0.1:50714]' for 'GET' to '/devtools/browser/82a0a422-39ef-42ba-b01a-55f9a5bd82ed'
21:14:45.453 [AsyncHttpClient-1-3] DEBUG org.asynchttpclient.netty.handler.WebSocketHandler - 

Request DefaultFullHttpRequest(decodeResult: success, version: HTTP/1.1, content: EmptyByteBufBE)
GET /devtools/browser/82a0a422-39ef-42ba-b01a-55f9a5bd82ed HTTP/1.1
upgrade: websocket
connection: upgrade
sec-websocket-key: TI1nUKz/i1PXgj/IVbk1Tg==
sec-websocket-version: 13
origin: http://localhost:50714
host: localhost:50714
accept: */*
user-agent: AHC/2.1

Response DefaultHttpResponse(decodeResult: success, version: HTTP/1.1)
HTTP/1.1 101 WebSocket Protocol Handshake
Upgrade: WebSocket
Connection: Upgrade
Sec-WebSocket-Accept: vmpqZTqNe6BPJ7OYWYFFwM+3q9c=

21:14:45.457 [Forwarding get on session 8e353a94dc6ace6faacb9e522c808612 to remote] DEBUG org.asynchttpclient.netty.request.NettyRequestSender - Using pooled Channel '[id: 0x48438654, L:/127.0.0.1:50713 - R:localhost/127.0.0.1:62133]' for 'POST' to 'http://localhost:62133/session/8e353a94dc6ace6faacb9e522c808612/url'
21:14:45.458 [Forwarding get on session 8e353a94dc6ace6faacb9e522c808612 to remote] DEBUG org.asynchttpclient.netty.request.NettyRequestSender - Using open Channel [id: 0x48438654, L:/127.0.0.1:50713 - R:localhost/127.0.0.1:62133] for POST '/session/8e353a94dc6ace6faacb9e522c808612/url'
21:14:46.387 [AsyncHttpClient-1-1] DEBUG org.asynchttpclient.netty.channel.DefaultChannelPool - Entry count for : http://localhost:50714 : 1
21:14:47.488 [AsyncHttpClient-1-1] DEBUG org.asynchttpclient.netty.channel.DefaultChannelPool - Entry count for : http://localhost:50714 : 1
21:14:48.590 [AsyncHttpClient-1-1] DEBUG org.asynchttpclient.netty.channel.DefaultChannelPool - Entry count for : http://localhost:50714 : 1
21:14:48.851 [AsyncHttpClient-1-17] DEBUG org.asynchttpclient.netty.handler.HttpHandler - 

Request DefaultHttpRequest(decodeResult: success, version: HTTP/1.1)
POST /session/8e353a94dc6ace6faacb9e522c808612/url HTTP/1.1
User-Agent: selenium/4.1.2 (java windows)
Content-Length: 77
Content-Type: application/json; charset=utf-8
host: localhost:62133
accept: */*

Response DefaultHttpResponse(decodeResult: success, version: HTTP/1.1)
HTTP/1.1 200 OK
Content-Type: application/json; charset=utf-8
cache-control: no-cache
content-length: 14

21:14:48.852 [AsyncHttpClient-1-17] DEBUG org.asynchttpclient.netty.channel.ChannelManager - Adding key: http://localhost:62133 for channel [id: 0x48438654, L:/127.0.0.1:50713 - R:localhost/127.0.0.1:62133]
21:14:48.853 [Forwarding setTimeout on session 8e353a94dc6ace6faacb9e522c808612 to remote] DEBUG org.asynchttpclient.netty.request.NettyRequestSender - Using pooled Channel '[id: 0x48438654, L:/127.0.0.1:50713 - R:localhost/127.0.0.1:62133]' for 'POST' to 'http://localhost:62133/session/8e353a94dc6ace6faacb9e522c808612/timeouts'
21:14:48.853 [Forwarding setTimeout on session 8e353a94dc6ace6faacb9e522c808612 to remote] DEBUG org.asynchttpclient.netty.request.NettyRequestSender - Using open Channel [id: 0x48438654, L:/127.0.0.1:50713 - R:localhost/127.0.0.1:62133] for POST '/session/8e353a94dc6ace6faacb9e522c808612/timeouts'
21:14:48.853 [AsyncHttpClient-1-17] DEBUG org.asynchttpclient.netty.handler.HttpHandler - 

Request DefaultHttpRequest(decodeResult: success, version: HTTP/1.1)
POST /session/8e353a94dc6ace6faacb9e522c808612/timeouts HTTP/1.1
User-Agent: selenium/4.1.2 (java windows)
Content-Length: 22
Content-Type: application/json; charset=utf-8
host: localhost:62133
accept: */*

Response DefaultHttpResponse(decodeResult: success, version: HTTP/1.1)
HTTP/1.1 200 OK
Content-Type: application/json; charset=utf-8
cache-control: no-cache
content-length: 14

21:14:48.853 [AsyncHttpClient-1-17] DEBUG org.asynchttpclient.netty.channel.ChannelManager - Adding key: http://localhost:62133 for channel [id: 0x48438654, L:/127.0.0.1:50713 - R:localhost/127.0.0.1:62133]
21:14:48.855 [Forwarding getCurrentUrl on session 8e353a94dc6ace6faacb9e522c808612 to remote] DEBUG org.asynchttpclient.netty.request.NettyRequestSender - Using pooled Channel '[id: 0x48438654, L:/127.0.0.1:50713 - R:localhost/127.0.0.1:62133]' for 'GET' to 'http://localhost:62133/session/8e353a94dc6ace6faacb9e522c808612/url'
21:14:48.855 [Forwarding getCurrentUrl on session 8e353a94dc6ace6faacb9e522c808612 to remote] DEBUG org.asynchttpclient.netty.request.NettyRequestSender - Using open Channel [id: 0x48438654, L:/127.0.0.1:50713 - R:localhost/127.0.0.1:62133] for GET '/session/8e353a94dc6ace6faacb9e522c808612/url'
21:14:48.861 [AsyncHttpClient-1-17] DEBUG org.asynchttpclient.netty.handler.HttpHandler - 

Request DefaultFullHttpRequest(decodeResult: success, version: HTTP/1.1, content: EmptyByteBufBE)
GET /session/8e353a94dc6ace6faacb9e522c808612/url HTTP/1.1
User-Agent: selenium/4.1.2 (java windows)
Cache-Control: no-cache
Content-Type: application/json; charset=utf-8
host: localhost:62133
accept: */*

Response DefaultHttpResponse(decodeResult: success, version: HTTP/1.1)
HTTP/1.1 200 OK
Content-Type: application/json; charset=utf-8
cache-control: no-cache
content-length: 54

21:14:48.861 [AsyncHttpClient-1-17] DEBUG org.asynchttpclient.netty.channel.ChannelManager - Adding key: http://localhost:62133 for channel [id: 0x48438654, L:/127.0.0.1:50713 - R:localhost/127.0.0.1:62133]
  &amp#27;[32mGiven &amp#27;[0m&amp#27;[32mI open register page&amp#27;[0m                       &amp#27;[90m# starter.stepdefinitions.RegisterSteps.iOpenRegisterPage()&amp#27;[0m
21:14:48.864 [Forwarding screenshot on session 8e353a94dc6ace6faacb9e522c808612 to remote] DEBUG org.asynchttpclient.netty.request.NettyRequestSender - Using pooled Channel '[id: 0x48438654, L:/127.0.0.1:50713 - R:localhost/127.0.0.1:62133]' for 'GET' to 'http://localhost:62133/session/8e353a94dc6ace6faacb9e522c808612/screenshot'
21:14:48.864 [Forwarding screenshot on session 8e353a94dc6ace6faacb9e522c808612 to remote] DEBUG org.asynchttpclient.netty.request.NettyRequestSender - Using open Channel [id: 0x48438654, L:/127.0.0.1:50713 - R:localhost/127.0.0.1:62133] for GET '/session/8e353a94dc6ace6faacb9e522c808612/screenshot'
21:14:48.981 [AsyncHttpClient-1-17] DEBUG org.asynchttpclient.netty.handler.HttpHandler - 

Request DefaultFullHttpRequest(decodeResult: success, version: HTTP/1.1, content: EmptyByteBufBE)
GET /session/8e353a94dc6ace6faacb9e522c808612/screenshot HTTP/1.1
User-Agent: selenium/4.1.2 (java windows)
Cache-Control: no-cache
Content-Type: application/json; charset=utf-8
host: localhost:62133
accept: */*

Response DefaultHttpResponse(decodeResult: success, version: HTTP/1.1)
HTTP/1.1 200 OK
Content-Type: application/json; charset=utf-8
cache-control: no-cache
content-length: 45380

21:14:48.981 [AsyncHttpClient-1-17] DEBUG org.asynchttpclient.netty.channel.ChannelManager - Adding key: http://localhost:62133 for channel [id: 0x48438654, L:/127.0.0.1:50713 - R:localhost/127.0.0.1:62133]
21:14:48.982 [main] DEBUG net.serenitybdd.core.photography.Darkroom - Send negative for processing for target\site\serenity\74af2a90e11b4e8cdcc90c8b8f2efe0850d173caaf4338fdd4e69cc971e1b305.png
21:14:48.987 [Forwarding findElement on session 8e353a94dc6ace6faacb9e522c808612 to remote] DEBUG org.asynchttpclient.netty.request.NettyRequestSender - Using pooled Channel '[id: 0x48438654, L:/127.0.0.1:50713 - R:localhost/127.0.0.1:62133]' for 'POST' to 'http://localhost:62133/session/8e353a94dc6ace6faacb9e522c808612/element'
21:14:48.987 [Forwarding findElement on session 8e353a94dc6ace6faacb9e522c808612 to remote] DEBUG org.asynchttpclient.netty.request.NettyRequestSender - Using open Channel [id: 0x48438654, L:/127.0.0.1:50713 - R:localhost/127.0.0.1:62133] for POST '/session/8e353a94dc6ace6faacb9e522c808612/element'
21:14:48.997 [AsyncHttpClient-1-17] DEBUG org.asynchttpclient.netty.handler.HttpHandler - 

Request DefaultHttpRequest(decodeResult: success, version: HTTP/1.1)
POST /session/8e353a94dc6ace6faacb9e522c808612/element HTTP/1.1
User-Agent: selenium/4.1.2 (java windows)
Content-Length: 94
Content-Type: application/json; charset=utf-8
host: localhost:62133
accept: */*

Response DefaultHttpResponse(decodeResult: success, version: HTTP/1.1)
HTTP/1.1 200 OK
Content-Type: application/json; charset=utf-8
cache-control: no-cache
content-length: 88

21:14:48.997 [AsyncHttpClient-1-17] DEBUG org.asynchttpclient.netty.channel.ChannelManager - Adding key: http://localhost:62133 for channel [id: 0x48438654, L:/127.0.0.1:50713 - R:localhost/127.0.0.1:62133]
21:14:48.997 [Forwarding clearElement on session 8e353a94dc6ace6faacb9e522c808612 to remote] DEBUG org.asynchttpclient.netty.request.NettyRequestSender - Using pooled Channel '[id: 0x48438654, L:/127.0.0.1:50713 - R:localhost/127.0.0.1:62133]' for 'POST' to 'http://localhost:62133/session/8e353a94dc6ace6faacb9e522c808612/element/ad15b9b5-09ba-4b68-a840-f3b549ca5497/clear'
21:14:48.997 [Forwarding clearElement on session 8e353a94dc6ace6faacb9e522c808612 to remote] DEBUG org.asynchttpclient.netty.request.NettyRequestSender - Using open Channel [id: 0x48438654, L:/127.0.0.1:50713 - R:localhost/127.0.0.1:62133] for POST '/session/8e353a94dc6ace6faacb9e522c808612/element/ad15b9b5-09ba-4b68-a840-f3b549ca5497/clear'
21:14:49.024 [AsyncHttpClient-1-17] DEBUG org.asynchttpclient.netty.handler.HttpHandler - 

Request DefaultHttpRequest(decodeResult: success, version: HTTP/1.1)
POST /session/8e353a94dc6ace6faacb9e522c808612/element/ad15b9b5-09ba-4b68-a840-f3b549ca5497/clear HTTP/1.1
User-Agent: selenium/4.1.2 (java windows)
Content-Length: 50
Content-Type: application/json; charset=utf-8
host: localhost:62133
accept: */*

Response DefaultHttpResponse(decodeResult: success, version: HTTP/1.1)
HTTP/1.1 200 OK
Content-Type: application/json; charset=utf-8
cache-control: no-cache
content-length: 14

21:14:49.024 [AsyncHttpClient-1-17] DEBUG org.asynchttpclient.netty.channel.ChannelManager - Adding key: http://localhost:62133 for channel [id: 0x48438654, L:/127.0.0.1:50713 - R:localhost/127.0.0.1:62133]
21:14:49.025 [Forwarding sendKeysToElement on session 8e353a94dc6ace6faacb9e522c808612 to remote] DEBUG org.asynchttpclient.netty.request.NettyRequestSender - Using pooled Channel '[id: 0x48438654, L:/127.0.0.1:50713 - R:localhost/127.0.0.1:62133]' for 'POST' to 'http://localhost:62133/session/8e353a94dc6ace6faacb9e522c808612/element/ad15b9b5-09ba-4b68-a840-f3b549ca5497/value'
21:14:49.025 [Forwarding sendKeysToElement on session 8e353a94dc6ace6faacb9e522c808612 to remote] DEBUG org.asynchttpclient.netty.request.NettyRequestSender - Using open Channel [id: 0x48438654, L:/127.0.0.1:50713 - R:localhost/127.0.0.1:62133] for POST '/session/8e353a94dc6ace6faacb9e522c808612/element/ad15b9b5-09ba-4b68-a840-f3b549ca5497/value'
21:14:49.096 [AsyncHttpClient-1-17] DEBUG org.asynchttpclient.netty.handler.HttpHandler - 

Request DefaultHttpRequest(decodeResult: success, version: HTTP/1.1)
POST /session/8e353a94dc6ace6faacb9e522c808612/element/ad15b9b5-09ba-4b68-a840-f3b549ca5497/value HTTP/1.1
User-Agent: selenium/4.1.2 (java windows)
Content-Length: 161
Content-Type: application/json; charset=utf-8
host: localhost:62133
accept: */*

Response DefaultHttpResponse(decodeResult: success, version: HTTP/1.1)
HTTP/1.1 200 OK
Content-Type: application/json; charset=utf-8
cache-control: no-cache
content-length: 14

21:14:49.096 [AsyncHttpClient-1-17] DEBUG org.asynchttpclient.netty.channel.ChannelManager - Adding key: http://localhost:62133 for channel [id: 0x48438654, L:/127.0.0.1:50713 - R:localhost/127.0.0.1:62133]
  &amp#27;[32mWhen &amp#27;[0m&amp#27;[32mI insert &amp#27;[0m&amp#27;[32m&amp#27;[1m"Sisimail"&amp#27;[0m&amp#27;[32m as full name&amp#27;[0m            &amp#27;[90m# starter.stepdefinitions.RegisterSteps.iInsertFullnameAsFullName(java.lang.String)&amp#27;[0m
21:14:49.099 [Forwarding screenshot on session 8e353a94dc6ace6faacb9e522c808612 to remote] DEBUG org.asynchttpclient.netty.request.NettyRequestSender - Using pooled Channel '[id: 0x48438654, L:/127.0.0.1:50713 - R:localhost/127.0.0.1:62133]' for 'GET' to 'http://localhost:62133/session/8e353a94dc6ace6faacb9e522c808612/screenshot'
21:14:49.099 [Forwarding screenshot on session 8e353a94dc6ace6faacb9e522c808612 to remote] DEBUG org.asynchttpclient.netty.request.NettyRequestSender - Using open Channel [id: 0x48438654, L:/127.0.0.1:50713 - R:localhost/127.0.0.1:62133] for GET '/session/8e353a94dc6ace6faacb9e522c808612/screenshot'
21:14:49.282 [AsyncHttpClient-1-17] DEBUG org.asynchttpclient.netty.handler.HttpHandler - 

Request DefaultFullHttpRequest(decodeResult: success, version: HTTP/1.1, content: EmptyByteBufBE)
GET /session/8e353a94dc6ace6faacb9e522c808612/screenshot HTTP/1.1
User-Agent: selenium/4.1.2 (java windows)
Cache-Control: no-cache
Content-Type: application/json; charset=utf-8
host: localhost:62133
accept: */*

Response DefaultHttpResponse(decodeResult: success, version: HTTP/1.1)
HTTP/1.1 200 OK
Content-Type: application/json; charset=utf-8
cache-control: no-cache
content-length: 48200

21:14:49.282 [AsyncHttpClient-1-17] DEBUG org.asynchttpclient.netty.channel.ChannelManager - Adding key: http://localhost:62133 for channel [id: 0x48438654, L:/127.0.0.1:50713 - R:localhost/127.0.0.1:62133]
21:14:49.284 [main] DEBUG net.serenitybdd.core.photography.Darkroom - Send negative for processing for target\site\serenity\de4f4447d1b45117a98e953e01959da7035c38dba83ac35cd5796b436d9b42d3.png
21:14:49.284 [Darkroom Processing Line] DEBUG net.serenitybdd.core.photography.DarkroomProcessingLine - Processing screenshot image in /var/screenshots/screenshot-13726918770929716436
21:14:49.284 [Darkroom Processing Line] DEBUG net.serenitybdd.core.photography.DarkroomProcessingLine - Saving screenshot to target\site\serenity\de4f4447d1b45117a98e953e01959da7035c38dba83ac35cd5796b436d9b42d3.png
21:14:49.289 [Forwarding findElement on session 8e353a94dc6ace6faacb9e522c808612 to remote] DEBUG org.asynchttpclient.netty.request.NettyRequestSender - Using pooled Channel '[id: 0x48438654, L:/127.0.0.1:50713 - R:localhost/127.0.0.1:62133]' for 'POST' to 'http://localhost:62133/session/8e353a94dc6ace6faacb9e522c808612/element'
21:14:49.289 [Forwarding findElement on session 8e353a94dc6ace6faacb9e522c808612 to remote] DEBUG org.asynchttpclient.netty.request.NettyRequestSender - Using open Channel [id: 0x48438654, L:/127.0.0.1:50713 - R:localhost/127.0.0.1:62133] for POST '/session/8e353a94dc6ace6faacb9e522c808612/element'
21:14:49.300 [AsyncHttpClient-1-17] DEBUG org.asynchttpclient.netty.handler.HttpHandler - 

Request DefaultHttpRequest(decodeResult: success, version: HTTP/1.1)
POST /session/8e353a94dc6ace6faacb9e522c808612/element HTTP/1.1
User-Agent: selenium/4.1.2 (java windows)
Content-Length: 87
Content-Type: application/json; charset=utf-8
host: localhost:62133
accept: */*

Response DefaultHttpResponse(decodeResult: success, version: HTTP/1.1)
HTTP/1.1 200 OK
Content-Type: application/json; charset=utf-8
cache-control: no-cache
content-length: 88

21:14:49.300 [AsyncHttpClient-1-17] DEBUG org.asynchttpclient.netty.channel.ChannelManager - Adding key: http://localhost:62133 for channel [id: 0x48438654, L:/127.0.0.1:50713 - R:localhost/127.0.0.1:62133]
21:14:49.300 [Forwarding clearElement on session 8e353a94dc6ace6faacb9e522c808612 to remote] DEBUG org.asynchttpclient.netty.request.NettyRequestSender - Using pooled Channel '[id: 0x48438654, L:/127.0.0.1:50713 - R:localhost/127.0.0.1:62133]' for 'POST' to 'http://localhost:62133/session/8e353a94dc6ace6faacb9e522c808612/element/9f08f21f-295f-40f1-ac14-9cd1fdbd3567/clear'
21:14:49.300 [Forwarding clearElement on session 8e353a94dc6ace6faacb9e522c808612 to remote] DEBUG org.asynchttpclient.netty.request.NettyRequestSender - Using open Channel [id: 0x48438654, L:/127.0.0.1:50713 - R:localhost/127.0.0.1:62133] for POST '/session/8e353a94dc6ace6faacb9e522c808612/element/9f08f21f-295f-40f1-ac14-9cd1fdbd3567/clear'
21:14:49.328 [AsyncHttpClient-1-17] DEBUG org.asynchttpclient.netty.handler.HttpHandler - 

Request DefaultHttpRequest(decodeResult: success, version: HTTP/1.1)
POST /session/8e353a94dc6ace6faacb9e522c808612/element/9f08f21f-295f-40f1-ac14-9cd1fdbd3567/clear HTTP/1.1
User-Agent: selenium/4.1.2 (java windows)
Content-Length: 50
Content-Type: application/json; charset=utf-8
host: localhost:62133
accept: */*

Response DefaultHttpResponse(decodeResult: success, version: HTTP/1.1)
HTTP/1.1 200 OK
Content-Type: application/json; charset=utf-8
cache-control: no-cache
content-length: 14

21:14:49.328 [AsyncHttpClient-1-17] DEBUG org.asynchttpclient.netty.channel.ChannelManager - Adding key: http://localhost:62133 for channel [id: 0x48438654, L:/127.0.0.1:50713 - R:localhost/127.0.0.1:62133]
21:14:49.329 [Forwarding sendKeysToElement on session 8e353a94dc6ace6faacb9e522c808612 to remote] DEBUG org.asynchttpclient.netty.request.NettyRequestSender - Using pooled Channel '[id: 0x48438654, L:/127.0.0.1:50713 - R:localhost/127.0.0.1:62133]' for 'POST' to 'http://localhost:62133/session/8e353a94dc6ace6faacb9e522c808612/element/9f08f21f-295f-40f1-ac14-9cd1fdbd3567/value'
21:14:49.329 [Forwarding sendKeysToElement on session 8e353a94dc6ace6faacb9e522c808612 to remote] DEBUG org.asynchttpclient.netty.request.NettyRequestSender - Using open Channel [id: 0x48438654, L:/127.0.0.1:50713 - R:localhost/127.0.0.1:62133] for POST '/session/8e353a94dc6ace6faacb9e522c808612/element/9f08f21f-295f-40f1-ac14-9cd1fdbd3567/value'
21:14:49.362 [AsyncHttpClient-1-17] DEBUG org.asynchttpclient.netty.handler.HttpHandler - 

Request DefaultHttpRequest(decodeResult: success, version: HTTP/1.1)
POST /session/8e353a94dc6ace6faacb9e522c808612/element/9f08f21f-295f-40f1-ac14-9cd1fdbd3567/value HTTP/1.1
User-Agent: selenium/4.1.2 (java windows)
Content-Length: 82
Content-Type: application/json; charset=utf-8
host: localhost:62133
accept: */*

Response DefaultHttpResponse(decodeResult: success, version: HTTP/1.1)
HTTP/1.1 200 OK
Content-Type: application/json; charset=utf-8
cache-control: no-cache
content-length: 14

21:14:49.362 [AsyncHttpClient-1-17] DEBUG org.asynchttpclient.netty.channel.ChannelManager - Adding key: http://localhost:62133 for channel [id: 0x48438654, L:/127.0.0.1:50713 - R:localhost/127.0.0.1:62133]
  &amp#27;[32mAnd &amp#27;[0m&amp#27;[32mI insert &amp#27;[0m&amp#27;[32m&amp#27;[1m""&amp#27;[0m&amp#27;[32m as email&amp#27;[0m                         &amp#27;[90m# starter.stepdefinitions.RegisterSteps.iInsertEmailAsEmail(java.lang.String)&amp#27;[0m
21:14:49.367 [Forwarding screenshot on session 8e353a94dc6ace6faacb9e522c808612 to remote] DEBUG org.asynchttpclient.netty.request.NettyRequestSender - Using pooled Channel '[id: 0x48438654, L:/127.0.0.1:50713 - R:localhost/127.0.0.1:62133]' for 'GET' to 'http://localhost:62133/session/8e353a94dc6ace6faacb9e522c808612/screenshot'
21:14:49.367 [Forwarding screenshot on session 8e353a94dc6ace6faacb9e522c808612 to remote] DEBUG org.asynchttpclient.netty.request.NettyRequestSender - Using open Channel [id: 0x48438654, L:/127.0.0.1:50713 - R:localhost/127.0.0.1:62133] for GET '/session/8e353a94dc6ace6faacb9e522c808612/screenshot'
21:14:49.533 [AsyncHttpClient-1-17] DEBUG org.asynchttpclient.netty.handler.HttpHandler - 

Request DefaultFullHttpRequest(decodeResult: success, version: HTTP/1.1, content: EmptyByteBufBE)
GET /session/8e353a94dc6ace6faacb9e522c808612/screenshot HTTP/1.1
User-Agent: selenium/4.1.2 (java windows)
Cache-Control: no-cache
Content-Type: application/json; charset=utf-8
host: localhost:62133
accept: */*

Response DefaultHttpResponse(decodeResult: success, version: HTTP/1.1)
HTTP/1.1 200 OK
Content-Type: application/json; charset=utf-8
cache-control: no-cache
content-length: 47512

21:14:49.533 [AsyncHttpClient-1-17] DEBUG org.asynchttpclient.netty.channel.ChannelManager - Adding key: http://localhost:62133 for channel [id: 0x48438654, L:/127.0.0.1:50713 - R:localhost/127.0.0.1:62133]
21:14:49.534 [main] DEBUG net.serenitybdd.core.photography.Darkroom - Send negative for processing for target\site\serenity\4b448cce5b3ef5da51b822629f79396689ee9caa39f8cfc5bb43ed751d2c13be.png
21:14:49.534 [Darkroom Processing Line] DEBUG net.serenitybdd.core.photography.DarkroomProcessingLine - Processing screenshot image in /var/screenshots/screenshot-13154225362532744042
21:14:49.535 [Darkroom Processing Line] DEBUG net.serenitybdd.core.photography.DarkroomProcessingLine - Saving screenshot to target\site\serenity\4b448cce5b3ef5da51b822629f79396689ee9caa39f8cfc5bb43ed751d2c13be.png
21:14:49.541 [Forwarding findElement on session 8e353a94dc6ace6faacb9e522c808612 to remote] DEBUG org.asynchttpclient.netty.request.NettyRequestSender - Using pooled Channel '[id: 0x48438654, L:/127.0.0.1:50713 - R:localhost/127.0.0.1:62133]' for 'POST' to 'http://localhost:62133/session/8e353a94dc6ace6faacb9e522c808612/element'
21:14:49.541 [Forwarding findElement on session 8e353a94dc6ace6faacb9e522c808612 to remote] DEBUG org.asynchttpclient.netty.request.NettyRequestSender - Using open Channel [id: 0x48438654, L:/127.0.0.1:50713 - R:localhost/127.0.0.1:62133] for POST '/session/8e353a94dc6ace6faacb9e522c808612/element'
21:14:49.550 [AsyncHttpClient-1-17] DEBUG org.asynchttpclient.netty.handler.HttpHandler - 

Request DefaultHttpRequest(decodeResult: success, version: HTTP/1.1)
POST /session/8e353a94dc6ace6faacb9e522c808612/element HTTP/1.1
User-Agent: selenium/4.1.2 (java windows)
Content-Length: 90
Content-Type: application/json; charset=utf-8
host: localhost:62133
accept: */*

Response DefaultHttpResponse(decodeResult: success, version: HTTP/1.1)
HTTP/1.1 200 OK
Content-Type: application/json; charset=utf-8
cache-control: no-cache
content-length: 88

21:14:49.550 [AsyncHttpClient-1-17] DEBUG org.asynchttpclient.netty.channel.ChannelManager - Adding key: http://localhost:62133 for channel [id: 0x48438654, L:/127.0.0.1:50713 - R:localhost/127.0.0.1:62133]
21:14:49.551 [Forwarding clearElement on session 8e353a94dc6ace6faacb9e522c808612 to remote] DEBUG org.asynchttpclient.netty.request.NettyRequestSender - Using pooled Channel '[id: 0x48438654, L:/127.0.0.1:50713 - R:localhost/127.0.0.1:62133]' for 'POST' to 'http://localhost:62133/session/8e353a94dc6ace6faacb9e522c808612/element/61e785bb-58a2-462c-a00b-dfa8d778349d/clear'
21:14:49.551 [Forwarding clearElement on session 8e353a94dc6ace6faacb9e522c808612 to remote] DEBUG org.asynchttpclient.netty.request.NettyRequestSender - Using open Channel [id: 0x48438654, L:/127.0.0.1:50713 - R:localhost/127.0.0.1:62133] for POST '/session/8e353a94dc6ace6faacb9e522c808612/element/61e785bb-58a2-462c-a00b-dfa8d778349d/clear'
21:14:49.579 [AsyncHttpClient-1-17] DEBUG org.asynchttpclient.netty.handler.HttpHandler - 

Request DefaultHttpRequest(decodeResult: success, version: HTTP/1.1)
POST /session/8e353a94dc6ace6faacb9e522c808612/element/61e785bb-58a2-462c-a00b-dfa8d778349d/clear HTTP/1.1
User-Agent: selenium/4.1.2 (java windows)
Content-Length: 50
Content-Type: application/json; charset=utf-8
host: localhost:62133
accept: */*

Response DefaultHttpResponse(decodeResult: success, version: HTTP/1.1)
HTTP/1.1 200 OK
Content-Type: application/json; charset=utf-8
cache-control: no-cache
content-length: 14

21:14:49.579 [AsyncHttpClient-1-17] DEBUG org.asynchttpclient.netty.channel.ChannelManager - Adding key: http://localhost:62133 for channel [id: 0x48438654, L:/127.0.0.1:50713 - R:localhost/127.0.0.1:62133]
21:14:49.580 [Forwarding sendKeysToElement on session 8e353a94dc6ace6faacb9e522c808612 to remote] DEBUG org.asynchttpclient.netty.request.NettyRequestSender - Using pooled Channel '[id: 0x48438654, L:/127.0.0.1:50713 - R:localhost/127.0.0.1:62133]' for 'POST' to 'http://localhost:62133/session/8e353a94dc6ace6faacb9e522c808612/element/61e785bb-58a2-462c-a00b-dfa8d778349d/value'
21:14:49.580 [Forwarding sendKeysToElement on session 8e353a94dc6ace6faacb9e522c808612 to remote] DEBUG org.asynchttpclient.netty.request.NettyRequestSender - Using open Channel [id: 0x48438654, L:/127.0.0.1:50713 - R:localhost/127.0.0.1:62133] for POST '/session/8e353a94dc6ace6faacb9e522c808612/element/61e785bb-58a2-462c-a00b-dfa8d778349d/value'
21:14:49.633 [AsyncHttpClient-1-17] DEBUG org.asynchttpclient.netty.handler.HttpHandler - 

Request DefaultHttpRequest(decodeResult: success, version: HTTP/1.1)
POST /session/8e353a94dc6ace6faacb9e522c808612/element/61e785bb-58a2-462c-a00b-dfa8d778349d/value HTTP/1.1
User-Agent: selenium/4.1.2 (java windows)
Content-Length: 131
Content-Type: application/json; charset=utf-8
host: localhost:62133
accept: */*

Response DefaultHttpResponse(decodeResult: success, version: HTTP/1.1)
HTTP/1.1 200 OK
Content-Type: application/json; charset=utf-8
cache-control: no-cache
content-length: 14

21:14:49.633 [AsyncHttpClient-1-17] DEBUG org.asynchttpclient.netty.channel.ChannelManager - Adding key: http://localhost:62133 for channel [id: 0x48438654, L:/127.0.0.1:50713 - R:localhost/127.0.0.1:62133]
  &amp#27;[32mAnd &amp#27;[0m&amp#27;[32mI insert &amp#27;[0m&amp#27;[32m&amp#27;[1m"mmail"&amp#27;[0m&amp#27;[32m as password&amp#27;[0m                 &amp#27;[90m# starter.stepdefinitions.RegisterSteps.iInsertPasswordAsPassword(java.lang.String)&amp#27;[0m
21:14:49.637 [Forwarding screenshot on session 8e353a94dc6ace6faacb9e522c808612 to remote] DEBUG org.asynchttpclient.netty.request.NettyRequestSender - Using pooled Channel '[id: 0x48438654, L:/127.0.0.1:50713 - R:localhost/127.0.0.1:62133]' for 'GET' to 'http://localhost:62133/session/8e353a94dc6ace6faacb9e522c808612/screenshot'
21:14:49.637 [Forwarding screenshot on session 8e353a94dc6ace6faacb9e522c808612 to remote] DEBUG org.asynchttpclient.netty.request.NettyRequestSender - Using open Channel [id: 0x48438654, L:/127.0.0.1:50713 - R:localhost/127.0.0.1:62133] for GET '/session/8e353a94dc6ace6faacb9e522c808612/screenshot'
21:14:49.686 [AsyncHttpClient-1-1] DEBUG org.asynchttpclient.netty.channel.DefaultChannelPool - Entry count for : http://localhost:50714 : 1
21:14:49.808 [AsyncHttpClient-1-17] DEBUG org.asynchttpclient.netty.handler.HttpHandler - 

Request DefaultFullHttpRequest(decodeResult: success, version: HTTP/1.1, content: EmptyByteBufBE)
GET /session/8e353a94dc6ace6faacb9e522c808612/screenshot HTTP/1.1
User-Agent: selenium/4.1.2 (java windows)
Cache-Control: no-cache
Content-Type: application/json; charset=utf-8
host: localhost:62133
accept: */*

Response DefaultHttpResponse(decodeResult: success, version: HTTP/1.1)
HTTP/1.1 200 OK
Content-Type: application/json; charset=utf-8
cache-control: no-cache
content-length: 48908

21:14:49.808 [AsyncHttpClient-1-17] DEBUG org.asynchttpclient.netty.channel.ChannelManager - Adding key: http://localhost:62133 for channel [id: 0x48438654, L:/127.0.0.1:50713 - R:localhost/127.0.0.1:62133]
21:14:49.811 [main] DEBUG net.serenitybdd.core.photography.Darkroom - Send negative for processing for target\site\serenity\5796cc03495280fb7336f56f6cba8c3a33a8d2310549dd939816f87e8e68d0c2.png
21:14:49.811 [Darkroom Processing Line] DEBUG net.serenitybdd.core.photography.DarkroomProcessingLine - Processing screenshot image in /var/screenshots/screenshot-5763460942201872092
21:14:49.811 [Darkroom Processing Line] DEBUG net.serenitybdd.core.photography.DarkroomProcessingLine - Saving screenshot to target\site\serenity\5796cc03495280fb7336f56f6cba8c3a33a8d2310549dd939816f87e8e68d0c2.png
21:14:49.816 [Forwarding findElement on session 8e353a94dc6ace6faacb9e522c808612 to remote] DEBUG org.asynchttpclient.netty.request.NettyRequestSender - Using pooled Channel '[id: 0x48438654, L:/127.0.0.1:50713 - R:localhost/127.0.0.1:62133]' for 'POST' to 'http://localhost:62133/session/8e353a94dc6ace6faacb9e522c808612/element'
21:14:49.816 [Forwarding findElement on session 8e353a94dc6ace6faacb9e522c808612 to remote] DEBUG org.asynchttpclient.netty.request.NettyRequestSender - Using open Channel [id: 0x48438654, L:/127.0.0.1:50713 - R:localhost/127.0.0.1:62133] for POST '/session/8e353a94dc6ace6faacb9e522c808612/element'
21:14:49.827 [AsyncHttpClient-1-17] DEBUG org.asynchttpclient.netty.handler.HttpHandler - 

Request DefaultHttpRequest(decodeResult: success, version: HTTP/1.1)
POST /session/8e353a94dc6ace6faacb9e522c808612/element HTTP/1.1
User-Agent: selenium/4.1.2 (java windows)
Content-Length: 84
Content-Type: application/json; charset=utf-8
host: localhost:62133
accept: */*

Response DefaultHttpResponse(decodeResult: success, version: HTTP/1.1)
HTTP/1.1 200 OK
Content-Type: application/json; charset=utf-8
cache-control: no-cache
content-length: 88

21:14:49.827 [AsyncHttpClient-1-17] DEBUG org.asynchttpclient.netty.channel.ChannelManager - Adding key: http://localhost:62133 for channel [id: 0x48438654, L:/127.0.0.1:50713 - R:localhost/127.0.0.1:62133]
21:14:49.828 [Forwarding getElementTagName on session 8e353a94dc6ace6faacb9e522c808612 to remote] DEBUG org.asynchttpclient.netty.request.NettyRequestSender - Using pooled Channel '[id: 0x48438654, L:/127.0.0.1:50713 - R:localhost/127.0.0.1:62133]' for 'GET' to 'http://localhost:62133/session/8e353a94dc6ace6faacb9e522c808612/element/55fea3b4-c604-4cf2-b06a-8ac21380967d/name'
21:14:49.828 [Forwarding getElementTagName on session 8e353a94dc6ace6faacb9e522c808612 to remote] DEBUG org.asynchttpclient.netty.request.NettyRequestSender - Using open Channel [id: 0x48438654, L:/127.0.0.1:50713 - R:localhost/127.0.0.1:62133] for GET '/session/8e353a94dc6ace6faacb9e522c808612/element/55fea3b4-c604-4cf2-b06a-8ac21380967d/name'
21:14:49.831 [AsyncHttpClient-1-17] DEBUG org.asynchttpclient.netty.handler.HttpHandler - 

Request DefaultFullHttpRequest(decodeResult: success, version: HTTP/1.1, content: EmptyByteBufBE)
GET /session/8e353a94dc6ace6faacb9e522c808612/element/55fea3b4-c604-4cf2-b06a-8ac21380967d/name HTTP/1.1
User-Agent: selenium/4.1.2 (java windows)
Cache-Control: no-cache
Content-Type: application/json; charset=utf-8
host: localhost:62133
accept: */*

Response DefaultHttpResponse(decodeResult: success, version: HTTP/1.1)
HTTP/1.1 200 OK
Content-Type: application/json; charset=utf-8
cache-control: no-cache
content-length: 16

21:14:49.831 [AsyncHttpClient-1-17] DEBUG org.asynchttpclient.netty.channel.ChannelManager - Adding key: http://localhost:62133 for channel [id: 0x48438654, L:/127.0.0.1:50713 - R:localhost/127.0.0.1:62133]
21:14:49.832 [Forwarding getElementTagName on session 8e353a94dc6ace6faacb9e522c808612 to remote] DEBUG org.asynchttpclient.netty.request.NettyRequestSender - Using pooled Channel '[id: 0x48438654, L:/127.0.0.1:50713 - R:localhost/127.0.0.1:62133]' for 'GET' to 'http://localhost:62133/session/8e353a94dc6ace6faacb9e522c808612/element/55fea3b4-c604-4cf2-b06a-8ac21380967d/name'
21:14:49.832 [Forwarding getElementTagName on session 8e353a94dc6ace6faacb9e522c808612 to remote] DEBUG org.asynchttpclient.netty.request.NettyRequestSender - Using open Channel [id: 0x48438654, L:/127.0.0.1:50713 - R:localhost/127.0.0.1:62133] for GET '/session/8e353a94dc6ace6faacb9e522c808612/element/55fea3b4-c604-4cf2-b06a-8ac21380967d/name'
21:14:49.834 [AsyncHttpClient-1-17] DEBUG org.asynchttpclient.netty.handler.HttpHandler - 

Request DefaultFullHttpRequest(decodeResult: success, version: HTTP/1.1, content: EmptyByteBufBE)
GET /session/8e353a94dc6ace6faacb9e522c808612/element/55fea3b4-c604-4cf2-b06a-8ac21380967d/name HTTP/1.1
User-Agent: selenium/4.1.2 (java windows)
Cache-Control: no-cache
Content-Type: application/json; charset=utf-8
host: localhost:62133
accept: */*

Response DefaultHttpResponse(decodeResult: success, version: HTTP/1.1)
HTTP/1.1 200 OK
Content-Type: application/json; charset=utf-8
cache-control: no-cache
content-length: 16

21:14:49.835 [AsyncHttpClient-1-17] DEBUG org.asynchttpclient.netty.channel.ChannelManager - Adding key: http://localhost:62133 for channel [id: 0x48438654, L:/127.0.0.1:50713 - R:localhost/127.0.0.1:62133]
21:14:49.836 [Forwarding findElement on session 8e353a94dc6ace6faacb9e522c808612 to remote] DEBUG org.asynchttpclient.netty.request.NettyRequestSender - Using pooled Channel '[id: 0x48438654, L:/127.0.0.1:50713 - R:localhost/127.0.0.1:62133]' for 'POST' to 'http://localhost:62133/session/8e353a94dc6ace6faacb9e522c808612/element'
21:14:49.836 [Forwarding findElement on session 8e353a94dc6ace6faacb9e522c808612 to remote] DEBUG org.asynchttpclient.netty.request.NettyRequestSender - Using open Channel [id: 0x48438654, L:/127.0.0.1:50713 - R:localhost/127.0.0.1:62133] for POST '/session/8e353a94dc6ace6faacb9e522c808612/element'
21:14:49.843 [AsyncHttpClient-1-17] DEBUG org.asynchttpclient.netty.handler.HttpHandler - 

Request DefaultHttpRequest(decodeResult: success, version: HTTP/1.1)
POST /session/8e353a94dc6ace6faacb9e522c808612/element HTTP/1.1
User-Agent: selenium/4.1.2 (java windows)
Content-Length: 84
Content-Type: application/json; charset=utf-8
host: localhost:62133
accept: */*

Response DefaultHttpResponse(decodeResult: success, version: HTTP/1.1)
HTTP/1.1 200 OK
Content-Type: application/json; charset=utf-8
cache-control: no-cache
content-length: 88

21:14:49.843 [AsyncHttpClient-1-17] DEBUG org.asynchttpclient.netty.channel.ChannelManager - Adding key: http://localhost:62133 for channel [id: 0x48438654, L:/127.0.0.1:50713 - R:localhost/127.0.0.1:62133]
21:14:49.844 [Forwarding clickElement on session 8e353a94dc6ace6faacb9e522c808612 to remote] DEBUG org.asynchttpclient.netty.request.NettyRequestSender - Using pooled Channel '[id: 0x48438654, L:/127.0.0.1:50713 - R:localhost/127.0.0.1:62133]' for 'POST' to 'http://localhost:62133/session/8e353a94dc6ace6faacb9e522c808612/element/55fea3b4-c604-4cf2-b06a-8ac21380967d/click'
21:14:49.844 [Forwarding clickElement on session 8e353a94dc6ace6faacb9e522c808612 to remote] DEBUG org.asynchttpclient.netty.request.NettyRequestSender - Using open Channel [id: 0x48438654, L:/127.0.0.1:50713 - R:localhost/127.0.0.1:62133] for POST '/session/8e353a94dc6ace6faacb9e522c808612/element/55fea3b4-c604-4cf2-b06a-8ac21380967d/click'
21:14:49.881 [AsyncHttpClient-1-17] DEBUG org.asynchttpclient.netty.handler.HttpHandler - 

Request DefaultHttpRequest(decodeResult: success, version: HTTP/1.1)
POST /session/8e353a94dc6ace6faacb9e522c808612/element/55fea3b4-c604-4cf2-b06a-8ac21380967d/click HTTP/1.1
User-Agent: selenium/4.1.2 (java windows)
Content-Length: 50
Content-Type: application/json; charset=utf-8
host: localhost:62133
accept: */*

Response DefaultHttpResponse(decodeResult: success, version: HTTP/1.1)
HTTP/1.1 200 OK
Content-Type: application/json; charset=utf-8
cache-control: no-cache
content-length: 14

21:14:49.881 [AsyncHttpClient-1-17] DEBUG org.asynchttpclient.netty.channel.ChannelManager - Adding key: http://localhost:62133 for channel [id: 0x48438654, L:/127.0.0.1:50713 - R:localhost/127.0.0.1:62133]
  &amp#27;[32mAnd &amp#27;[0m&amp#27;[32mI click register&amp#27;[0m                             &amp#27;[90m# starter.stepdefinitions.RegisterSteps.iClickRegister()&amp#27;[0m
21:14:49.884 [Forwarding screenshot on session 8e353a94dc6ace6faacb9e522c808612 to remote] DEBUG org.asynchttpclient.netty.request.NettyRequestSender - Using pooled Channel '[id: 0x48438654, L:/127.0.0.1:50713 - R:localhost/127.0.0.1:62133]' for 'GET' to 'http://localhost:62133/session/8e353a94dc6ace6faacb9e522c808612/screenshot'
21:14:49.884 [Forwarding screenshot on session 8e353a94dc6ace6faacb9e522c808612 to remote] DEBUG org.asynchttpclient.netty.request.NettyRequestSender - Using open Channel [id: 0x48438654, L:/127.0.0.1:50713 - R:localhost/127.0.0.1:62133] for GET '/session/8e353a94dc6ace6faacb9e522c808612/screenshot'
21:14:50.142 [AsyncHttpClient-1-17] DEBUG org.asynchttpclient.netty.handler.HttpHandler - 

Request DefaultFullHttpRequest(decodeResult: success, version: HTTP/1.1, content: EmptyByteBufBE)
GET /session/8e353a94dc6ace6faacb9e522c808612/screenshot HTTP/1.1
User-Agent: selenium/4.1.2 (java windows)
Cache-Control: no-cache
Content-Type: application/json; charset=utf-8
host: localhost:62133
accept: */*

Response DefaultHttpResponse(decodeResult: success, version: HTTP/1.1)
HTTP/1.1 200 OK
Content-Type: application/json; charset=utf-8
cache-control: no-cache
content-length: 47488

21:14:50.142 [AsyncHttpClient-1-17] DEBUG org.asynchttpclient.netty.channel.ChannelManager - Adding key: http://localhost:62133 for channel [id: 0x48438654, L:/127.0.0.1:50713 - R:localhost/127.0.0.1:62133]
21:14:50.144 [main] DEBUG net.serenitybdd.core.photography.Darkroom - Send negative for processing for target\site\serenity\ef3d37ffb19c0f5eb644f4c6e3fe45ee4d92ee8bbe2f2df984be3d332a7a5f5c.png
21:14:50.144 [Darkroom Processing Line] DEBUG net.serenitybdd.core.photography.DarkroomProcessingLine - Processing screenshot image in /var/screenshots/screenshot-17387868352660686367
21:14:50.144 [Darkroom Processing Line] DEBUG net.serenitybdd.core.photography.DarkroomProcessingLine - Saving screenshot to target\site\serenity\ef3d37ffb19c0f5eb644f4c6e3fe45ee4d92ee8bbe2f2df984be3d332a7a5f5c.png
21:14:50.150 [Forwarding findElement on session 8e353a94dc6ace6faacb9e522c808612 to remote] DEBUG org.asynchttpclient.netty.request.NettyRequestSender - Using pooled Channel '[id: 0x48438654, L:/127.0.0.1:50713 - R:localhost/127.0.0.1:62133]' for 'POST' to 'http://localhost:62133/session/8e353a94dc6ace6faacb9e522c808612/element'
21:14:50.150 [Forwarding findElement on session 8e353a94dc6ace6faacb9e522c808612 to remote] DEBUG org.asynchttpclient.netty.request.NettyRequestSender - Using open Channel [id: 0x48438654, L:/127.0.0.1:50713 - R:localhost/127.0.0.1:62133] for POST '/session/8e353a94dc6ace6faacb9e522c808612/element'
21:14:50.786 [AsyncHttpClient-1-1] DEBUG org.asynchttpclient.netty.channel.DefaultChannelPool - Entry count for : http://localhost:50714 : 1
21:14:51.888 [AsyncHttpClient-1-1] DEBUG org.asynchttpclient.netty.channel.DefaultChannelPool - Entry count for : http://localhost:50714 : 1
21:14:52.202 [AsyncHttpClient-1-17] DEBUG org.asynchttpclient.netty.handler.HttpHandler - 

Request DefaultHttpRequest(decodeResult: success, version: HTTP/1.1)
POST /session/8e353a94dc6ace6faacb9e522c808612/element HTTP/1.1
User-Agent: selenium/4.1.2 (java windows)
Content-Length: 59
Content-Type: application/json; charset=utf-8
host: localhost:62133
accept: */*

Response DefaultHttpResponse(decodeResult: success, version: HTTP/1.1)
HTTP/1.1 404 Not Found
Content-Type: application/json; charset=utf-8
cache-control: no-cache
content-length: 1013

21:14:52.202 [AsyncHttpClient-1-17] DEBUG org.asynchttpclient.netty.channel.ChannelManager - Adding key: http://localhost:62133 for channel [id: 0x48438654, L:/127.0.0.1:50713 - R:localhost/127.0.0.1:62133]
21:14:52.306 [Forwarding findElement on session 8e353a94dc6ace6faacb9e522c808612 to remote] DEBUG org.asynchttpclient.netty.request.NettyRequestSender - Using pooled Channel '[id: 0x48438654, L:/127.0.0.1:50713 - R:localhost/127.0.0.1:62133]' for 'POST' to 'http://localhost:62133/session/8e353a94dc6ace6faacb9e522c808612/element'
21:14:52.306 [Forwarding findElement on session 8e353a94dc6ace6faacb9e522c808612 to remote] DEBUG org.asynchttpclient.netty.request.NettyRequestSender - Using open Channel [id: 0x48438654, L:/127.0.0.1:50713 - R:localhost/127.0.0.1:62133] for POST '/session/8e353a94dc6ace6faacb9e522c808612/element'
21:14:52.804 [AsyncHttpClient-1-17] DEBUG org.asynchttpclient.netty.handler.HttpHandler - 

Request DefaultHttpRequest(decodeResult: success, version: HTTP/1.1)
POST /session/8e353a94dc6ace6faacb9e522c808612/element HTTP/1.1
User-Agent: selenium/4.1.2 (java windows)
Content-Length: 59
Content-Type: application/json; charset=utf-8
host: localhost:62133
accept: */*

Response DefaultHttpResponse(decodeResult: success, version: HTTP/1.1)
HTTP/1.1 200 OK
Content-Type: application/json; charset=utf-8
cache-control: no-cache
content-length: 88

21:14:52.804 [AsyncHttpClient-1-17] DEBUG org.asynchttpclient.netty.channel.ChannelManager - Adding key: http://localhost:62133 for channel [id: 0x48438654, L:/127.0.0.1:50713 - R:localhost/127.0.0.1:62133]
21:14:52.807 [Forwarding isElementDisplayed on session 8e353a94dc6ace6faacb9e522c808612 to remote] DEBUG org.asynchttpclient.netty.request.NettyRequestSender - Using pooled Channel '[id: 0x48438654, L:/127.0.0.1:50713 - R:localhost/127.0.0.1:62133]' for 'POST' to 'http://localhost:62133/session/8e353a94dc6ace6faacb9e522c808612/execute/sync'
21:14:52.807 [Forwarding isElementDisplayed on session 8e353a94dc6ace6faacb9e522c808612 to remote] DEBUG org.asynchttpclient.netty.request.NettyRequestSender - Using open Channel [id: 0x48438654, L:/127.0.0.1:50713 - R:localhost/127.0.0.1:62133] for POST '/session/8e353a94dc6ace6faacb9e522c808612/execute/sync'
21:14:52.818 [AsyncHttpClient-1-17] DEBUG org.asynchttpclient.netty.handler.HttpHandler - 

Request DefaultHttpRequest(decodeResult: success, version: HTTP/1.1)
POST /session/8e353a94dc6ace6faacb9e522c808612/execute/sync HTTP/1.1
User-Agent: selenium/4.1.2 (java windows)
Content-Length: 48780
Content-Type: application/json; charset=utf-8
host: localhost:62133
accept: */*

Response DefaultHttpResponse(decodeResult: success, version: HTTP/1.1)
HTTP/1.1 200 OK
Content-Type: application/json; charset=utf-8
cache-control: no-cache
content-length: 14

21:14:52.818 [AsyncHttpClient-1-17] DEBUG org.asynchttpclient.netty.channel.ChannelManager - Adding key: http://localhost:62133 for channel [id: 0x48438654, L:/127.0.0.1:50713 - R:localhost/127.0.0.1:62133]
21:14:52.820 [Forwarding findElement on session 8e353a94dc6ace6faacb9e522c808612 to remote] DEBUG org.asynchttpclient.netty.request.NettyRequestSender - Using pooled Channel '[id: 0x48438654, L:/127.0.0.1:50713 - R:localhost/127.0.0.1:62133]' for 'POST' to 'http://localhost:62133/session/8e353a94dc6ace6faacb9e522c808612/element'
21:14:52.820 [Forwarding findElement on session 8e353a94dc6ace6faacb9e522c808612 to remote] DEBUG org.asynchttpclient.netty.request.NettyRequestSender - Using open Channel [id: 0x48438654, L:/127.0.0.1:50713 - R:localhost/127.0.0.1:62133] for POST '/session/8e353a94dc6ace6faacb9e522c808612/element'
21:14:52.827 [AsyncHttpClient-1-17] DEBUG org.asynchttpclient.netty.handler.HttpHandler - 

Request DefaultHttpRequest(decodeResult: success, version: HTTP/1.1)
POST /session/8e353a94dc6ace6faacb9e522c808612/element HTTP/1.1
User-Agent: selenium/4.1.2 (java windows)
Content-Length: 59
Content-Type: application/json; charset=utf-8
host: localhost:62133
accept: */*

Response DefaultHttpResponse(decodeResult: success, version: HTTP/1.1)
HTTP/1.1 200 OK
Content-Type: application/json; charset=utf-8
cache-control: no-cache
content-length: 88

21:14:52.827 [AsyncHttpClient-1-17] DEBUG org.asynchttpclient.netty.channel.ChannelManager - Adding key: http://localhost:62133 for channel [id: 0x48438654, L:/127.0.0.1:50713 - R:localhost/127.0.0.1:62133]
21:14:52.829 [Forwarding isElementDisplayed on session 8e353a94dc6ace6faacb9e522c808612 to remote] DEBUG org.asynchttpclient.netty.request.NettyRequestSender - Using pooled Channel '[id: 0x48438654, L:/127.0.0.1:50713 - R:localhost/127.0.0.1:62133]' for 'POST' to 'http://localhost:62133/session/8e353a94dc6ace6faacb9e522c808612/execute/sync'
21:14:52.829 [Forwarding isElementDisplayed on session 8e353a94dc6ace6faacb9e522c808612 to remote] DEBUG org.asynchttpclient.netty.request.NettyRequestSender - Using open Channel [id: 0x48438654, L:/127.0.0.1:50713 - R:localhost/127.0.0.1:62133] for POST '/session/8e353a94dc6ace6faacb9e522c808612/execute/sync'
21:14:52.840 [AsyncHttpClient-1-17] DEBUG org.asynchttpclient.netty.handler.HttpHandler - 

Request DefaultHttpRequest(decodeResult: success, version: HTTP/1.1)
POST /session/8e353a94dc6ace6faacb9e522c808612/execute/sync HTTP/1.1
User-Agent: selenium/4.1.2 (java windows)
Content-Length: 48780
Content-Type: application/json; charset=utf-8
host: localhost:62133
accept: */*

Response DefaultHttpResponse(decodeResult: success, version: HTTP/1.1)
HTTP/1.1 200 OK
Content-Type: application/json; charset=utf-8
cache-control: no-cache
content-length: 14

21:14:52.840 [AsyncHttpClient-1-17] DEBUG org.asynchttpclient.netty.channel.ChannelManager - Adding key: http://localhost:62133 for channel [id: 0x48438654, L:/127.0.0.1:50713 - R:localhost/127.0.0.1:62133]
21:14:52.842 [Forwarding findElement on session 8e353a94dc6ace6faacb9e522c808612 to remote] DEBUG org.asynchttpclient.netty.request.NettyRequestSender - Using pooled Channel '[id: 0x48438654, L:/127.0.0.1:50713 - R:localhost/127.0.0.1:62133]' for 'POST' to 'http://localhost:62133/session/8e353a94dc6ace6faacb9e522c808612/element'
21:14:52.842 [Forwarding findElement on session 8e353a94dc6ace6faacb9e522c808612 to remote] DEBUG org.asynchttpclient.netty.request.NettyRequestSender - Using open Channel [id: 0x48438654, L:/127.0.0.1:50713 - R:localhost/127.0.0.1:62133] for POST '/session/8e353a94dc6ace6faacb9e522c808612/element'
21:14:52.848 [AsyncHttpClient-1-17] DEBUG org.asynchttpclient.netty.handler.HttpHandler - 

Request DefaultHttpRequest(decodeResult: success, version: HTTP/1.1)
POST /session/8e353a94dc6ace6faacb9e522c808612/element HTTP/1.1
User-Agent: selenium/4.1.2 (java windows)
Content-Length: 84
Content-Type: application/json; charset=utf-8
host: localhost:62133
accept: */*

Response DefaultHttpResponse(decodeResult: success, version: HTTP/1.1)
HTTP/1.1 200 OK
Content-Type: application/json; charset=utf-8
cache-control: no-cache
content-length: 88

21:14:52.848 [AsyncHttpClient-1-17] DEBUG org.asynchttpclient.netty.channel.ChannelManager - Adding key: http://localhost:62133 for channel [id: 0x48438654, L:/127.0.0.1:50713 - R:localhost/127.0.0.1:62133]
21:14:52.848 [Forwarding getElementTagName on session 8e353a94dc6ace6faacb9e522c808612 to remote] DEBUG org.asynchttpclient.netty.request.NettyRequestSender - Using pooled Channel '[id: 0x48438654, L:/127.0.0.1:50713 - R:localhost/127.0.0.1:62133]' for 'GET' to 'http://localhost:62133/session/8e353a94dc6ace6faacb9e522c808612/element/55fea3b4-c604-4cf2-b06a-8ac21380967d/name'
21:14:52.849 [Forwarding getElementTagName on session 8e353a94dc6ace6faacb9e522c808612 to remote] DEBUG org.asynchttpclient.netty.request.NettyRequestSender - Using open Channel [id: 0x48438654, L:/127.0.0.1:50713 - R:localhost/127.0.0.1:62133] for GET '/session/8e353a94dc6ace6faacb9e522c808612/element/55fea3b4-c604-4cf2-b06a-8ac21380967d/name'
21:14:52.852 [AsyncHttpClient-1-17] DEBUG org.asynchttpclient.netty.handler.HttpHandler - 

Request DefaultFullHttpRequest(decodeResult: success, version: HTTP/1.1, content: EmptyByteBufBE)
GET /session/8e353a94dc6ace6faacb9e522c808612/element/55fea3b4-c604-4cf2-b06a-8ac21380967d/name HTTP/1.1
User-Agent: selenium/4.1.2 (java windows)
Cache-Control: no-cache
Content-Type: application/json; charset=utf-8
host: localhost:62133
accept: */*

Response DefaultHttpResponse(decodeResult: success, version: HTTP/1.1)
HTTP/1.1 200 OK
Content-Type: application/json; charset=utf-8
cache-control: no-cache
content-length: 16

21:14:52.852 [AsyncHttpClient-1-17] DEBUG org.asynchttpclient.netty.channel.ChannelManager - Adding key: http://localhost:62133 for channel [id: 0x48438654, L:/127.0.0.1:50713 - R:localhost/127.0.0.1:62133]
21:14:52.853 [Forwarding getElementTagName on session 8e353a94dc6ace6faacb9e522c808612 to remote] DEBUG org.asynchttpclient.netty.request.NettyRequestSender - Using pooled Channel '[id: 0x48438654, L:/127.0.0.1:50713 - R:localhost/127.0.0.1:62133]' for 'GET' to 'http://localhost:62133/session/8e353a94dc6ace6faacb9e522c808612/element/55fea3b4-c604-4cf2-b06a-8ac21380967d/name'
21:14:52.853 [Forwarding getElementTagName on session 8e353a94dc6ace6faacb9e522c808612 to remote] DEBUG org.asynchttpclient.netty.request.NettyRequestSender - Using open Channel [id: 0x48438654, L:/127.0.0.1:50713 - R:localhost/127.0.0.1:62133] for GET '/session/8e353a94dc6ace6faacb9e522c808612/element/55fea3b4-c604-4cf2-b06a-8ac21380967d/name'
21:14:52.856 [AsyncHttpClient-1-17] DEBUG org.asynchttpclient.netty.handler.HttpHandler - 

Request DefaultFullHttpRequest(decodeResult: success, version: HTTP/1.1, content: EmptyByteBufBE)
GET /session/8e353a94dc6ace6faacb9e522c808612/element/55fea3b4-c604-4cf2-b06a-8ac21380967d/name HTTP/1.1
User-Agent: selenium/4.1.2 (java windows)
Cache-Control: no-cache
Content-Type: application/json; charset=utf-8
host: localhost:62133
accept: */*

Response DefaultHttpResponse(decodeResult: success, version: HTTP/1.1)
HTTP/1.1 200 OK
Content-Type: application/json; charset=utf-8
cache-control: no-cache
content-length: 16

21:14:52.856 [AsyncHttpClient-1-17] DEBUG org.asynchttpclient.netty.channel.ChannelManager - Adding key: http://localhost:62133 for channel [id: 0x48438654, L:/127.0.0.1:50713 - R:localhost/127.0.0.1:62133]
21:14:52.857 [Forwarding findElement on session 8e353a94dc6ace6faacb9e522c808612 to remote] DEBUG org.asynchttpclient.netty.request.NettyRequestSender - Using pooled Channel '[id: 0x48438654, L:/127.0.0.1:50713 - R:localhost/127.0.0.1:62133]' for 'POST' to 'http://localhost:62133/session/8e353a94dc6ace6faacb9e522c808612/element'
21:14:52.857 [Forwarding findElement on session 8e353a94dc6ace6faacb9e522c808612 to remote] DEBUG org.asynchttpclient.netty.request.NettyRequestSender - Using open Channel [id: 0x48438654, L:/127.0.0.1:50713 - R:localhost/127.0.0.1:62133] for POST '/session/8e353a94dc6ace6faacb9e522c808612/element'
21:14:52.864 [AsyncHttpClient-1-17] DEBUG org.asynchttpclient.netty.handler.HttpHandler - 

Request DefaultHttpRequest(decodeResult: success, version: HTTP/1.1)
POST /session/8e353a94dc6ace6faacb9e522c808612/element HTTP/1.1
User-Agent: selenium/4.1.2 (java windows)
Content-Length: 84
Content-Type: application/json; charset=utf-8
host: localhost:62133
accept: */*

Response DefaultHttpResponse(decodeResult: success, version: HTTP/1.1)
HTTP/1.1 200 OK
Content-Type: application/json; charset=utf-8
cache-control: no-cache
content-length: 88

21:14:52.864 [AsyncHttpClient-1-17] DEBUG org.asynchttpclient.netty.channel.ChannelManager - Adding key: http://localhost:62133 for channel [id: 0x48438654, L:/127.0.0.1:50713 - R:localhost/127.0.0.1:62133]
21:14:52.865 [Forwarding clickElement on session 8e353a94dc6ace6faacb9e522c808612 to remote] DEBUG org.asynchttpclient.netty.request.NettyRequestSender - Using pooled Channel '[id: 0x48438654, L:/127.0.0.1:50713 - R:localhost/127.0.0.1:62133]' for 'POST' to 'http://localhost:62133/session/8e353a94dc6ace6faacb9e522c808612/element/55fea3b4-c604-4cf2-b06a-8ac21380967d/click'
21:14:52.865 [Forwarding clickElement on session 8e353a94dc6ace6faacb9e522c808612 to remote] DEBUG org.asynchttpclient.netty.request.NettyRequestSender - Using open Channel [id: 0x48438654, L:/127.0.0.1:50713 - R:localhost/127.0.0.1:62133] for POST '/session/8e353a94dc6ace6faacb9e522c808612/element/55fea3b4-c604-4cf2-b06a-8ac21380967d/click'
21:14:52.890 [AsyncHttpClient-1-17] DEBUG org.asynchttpclient.netty.handler.HttpHandler - 

Request DefaultHttpRequest(decodeResult: success, version: HTTP/1.1)
POST /session/8e353a94dc6ace6faacb9e522c808612/element/55fea3b4-c604-4cf2-b06a-8ac21380967d/click HTTP/1.1
User-Agent: selenium/4.1.2 (java windows)
Content-Length: 50
Content-Type: application/json; charset=utf-8
host: localhost:62133
accept: */*

Response DefaultHttpResponse(decodeResult: success, version: HTTP/1.1)
HTTP/1.1 200 OK
Content-Type: application/json; charset=utf-8
cache-control: no-cache
content-length: 14

21:14:52.890 [AsyncHttpClient-1-17] DEBUG org.asynchttpclient.netty.channel.ChannelManager - Adding key: http://localhost:62133 for channel [id: 0x48438654, L:/127.0.0.1:50713 - R:localhost/127.0.0.1:62133]
  &amp#27;[32mAnd &amp#27;[0m&amp#27;[32mI click register again&amp#27;[0m                       &amp#27;[90m# starter.stepdefinitions.RegisterSteps.iClickRegisterAgain()&amp#27;[0m
21:14:52.896 [Forwarding screenshot on session 8e353a94dc6ace6faacb9e522c808612 to remote] DEBUG org.asynchttpclient.netty.request.NettyRequestSender - Using pooled Channel '[id: 0x48438654, L:/127.0.0.1:50713 - R:localhost/127.0.0.1:62133]' for 'GET' to 'http://localhost:62133/session/8e353a94dc6ace6faacb9e522c808612/screenshot'
21:14:52.896 [Forwarding screenshot on session 8e353a94dc6ace6faacb9e522c808612 to remote] DEBUG org.asynchttpclient.netty.request.NettyRequestSender - Using open Channel [id: 0x48438654, L:/127.0.0.1:50713 - R:localhost/127.0.0.1:62133] for GET '/session/8e353a94dc6ace6faacb9e522c808612/screenshot'
21:14:52.987 [AsyncHttpClient-1-1] DEBUG org.asynchttpclient.netty.channel.DefaultChannelPool - Entry count for : http://localhost:50714 : 1
21:14:53.085 [AsyncHttpClient-1-17] DEBUG org.asynchttpclient.netty.handler.HttpHandler - 

Request DefaultFullHttpRequest(decodeResult: success, version: HTTP/1.1, content: EmptyByteBufBE)
GET /session/8e353a94dc6ace6faacb9e522c808612/screenshot HTTP/1.1
User-Agent: selenium/4.1.2 (java windows)
Cache-Control: no-cache
Content-Type: application/json; charset=utf-8
host: localhost:62133
accept: */*

Response DefaultHttpResponse(decodeResult: success, version: HTTP/1.1)
HTTP/1.1 200 OK
Content-Type: application/json; charset=utf-8
cache-control: no-cache
content-length: 46656

21:14:53.085 [AsyncHttpClient-1-17] DEBUG org.asynchttpclient.netty.channel.ChannelManager - Adding key: http://localhost:62133 for channel [id: 0x48438654, L:/127.0.0.1:50713 - R:localhost/127.0.0.1:62133]
21:14:53.086 [main] DEBUG net.serenitybdd.core.photography.Darkroom - Send negative for processing for target\site\serenity\3243006adee9e0e3f6d98b2671a7eb406f81ec20b9703421e556309c853b8521.png
21:14:53.087 [Darkroom Processing Line] DEBUG net.serenitybdd.core.photography.DarkroomProcessingLine - Processing screenshot image in /var/screenshots/screenshot-9887969939131363112
21:14:53.087 [Darkroom Processing Line] DEBUG net.serenitybdd.core.photography.DarkroomProcessingLine - Saving screenshot to target\site\serenity\3243006adee9e0e3f6d98b2671a7eb406f81ec20b9703421e556309c853b8521.png
21:14:53.093 [Forwarding findElement on session 8e353a94dc6ace6faacb9e522c808612 to remote] DEBUG org.asynchttpclient.netty.request.NettyRequestSender - Using pooled Channel '[id: 0x48438654, L:/127.0.0.1:50713 - R:localhost/127.0.0.1:62133]' for 'POST' to 'http://localhost:62133/session/8e353a94dc6ace6faacb9e522c808612/element'
21:14:53.093 [Forwarding findElement on session 8e353a94dc6ace6faacb9e522c808612 to remote] DEBUG org.asynchttpclient.netty.request.NettyRequestSender - Using open Channel [id: 0x48438654, L:/127.0.0.1:50713 - R:localhost/127.0.0.1:62133] for POST '/session/8e353a94dc6ace6faacb9e522c808612/element'
21:14:53.411 [AsyncHttpClient-1-17] DEBUG org.asynchttpclient.netty.handler.HttpHandler - 

Request DefaultHttpRequest(decodeResult: success, version: HTTP/1.1)
POST /session/8e353a94dc6ace6faacb9e522c808612/element HTTP/1.1
User-Agent: selenium/4.1.2 (java windows)
Content-Length: 82
Content-Type: application/json; charset=utf-8
host: localhost:62133
accept: */*

Response DefaultHttpResponse(decodeResult: success, version: HTTP/1.1)
HTTP/1.1 200 OK
Content-Type: application/json; charset=utf-8
cache-control: no-cache
content-length: 88

21:14:53.411 [AsyncHttpClient-1-17] DEBUG org.asynchttpclient.netty.channel.ChannelManager - Adding key: http://localhost:62133 for channel [id: 0x48438654, L:/127.0.0.1:50713 - R:localhost/127.0.0.1:62133]
21:14:53.414 [Forwarding isElementDisplayed on session 8e353a94dc6ace6faacb9e522c808612 to remote] DEBUG org.asynchttpclient.netty.request.NettyRequestSender - Using pooled Channel '[id: 0x48438654, L:/127.0.0.1:50713 - R:localhost/127.0.0.1:62133]' for 'POST' to 'http://localhost:62133/session/8e353a94dc6ace6faacb9e522c808612/execute/sync'
21:14:53.414 [Forwarding isElementDisplayed on session 8e353a94dc6ace6faacb9e522c808612 to remote] DEBUG org.asynchttpclient.netty.request.NettyRequestSender - Using open Channel [id: 0x48438654, L:/127.0.0.1:50713 - R:localhost/127.0.0.1:62133] for POST '/session/8e353a94dc6ace6faacb9e522c808612/execute/sync'
21:14:53.423 [AsyncHttpClient-1-17] DEBUG org.asynchttpclient.netty.handler.HttpHandler - 

Request DefaultHttpRequest(decodeResult: success, version: HTTP/1.1)
POST /session/8e353a94dc6ace6faacb9e522c808612/execute/sync HTTP/1.1
User-Agent: selenium/4.1.2 (java windows)
Content-Length: 48780
Content-Type: application/json; charset=utf-8
host: localhost:62133
accept: */*

Response DefaultHttpResponse(decodeResult: success, version: HTTP/1.1)
HTTP/1.1 200 OK
Content-Type: application/json; charset=utf-8
cache-control: no-cache
content-length: 14

21:14:53.423 [AsyncHttpClient-1-17] DEBUG org.asynchttpclient.netty.channel.ChannelManager - Adding key: http://localhost:62133 for channel [id: 0x48438654, L:/127.0.0.1:50713 - R:localhost/127.0.0.1:62133]
  &amp#27;[32mThen &amp#27;[0m&amp#27;[32mI get &amp#27;[0m&amp#27;[32m&amp#27;[1m"email"&amp#27;[0m&amp#27;[32m error&amp#27;[0m                         &amp#27;[90m# starter.stepdefinitions.RegisterSteps.iGetErrorError(java.lang.String)&amp#27;[0m
21:14:53.428 [Forwarding screenshot on session 8e353a94dc6ace6faacb9e522c808612 to remote] DEBUG org.asynchttpclient.netty.request.NettyRequestSender - Using pooled Channel '[id: 0x48438654, L:/127.0.0.1:50713 - R:localhost/127.0.0.1:62133]' for 'GET' to 'http://localhost:62133/session/8e353a94dc6ace6faacb9e522c808612/screenshot'
21:14:53.428 [Forwarding screenshot on session 8e353a94dc6ace6faacb9e522c808612 to remote] DEBUG org.asynchttpclient.netty.request.NettyRequestSender - Using open Channel [id: 0x48438654, L:/127.0.0.1:50713 - R:localhost/127.0.0.1:62133] for GET '/session/8e353a94dc6ace6faacb9e522c808612/screenshot'
21:14:53.619 [AsyncHttpClient-1-17] DEBUG org.asynchttpclient.netty.handler.HttpHandler - 

Request DefaultFullHttpRequest(decodeResult: success, version: HTTP/1.1, content: EmptyByteBufBE)
GET /session/8e353a94dc6ace6faacb9e522c808612/screenshot HTTP/1.1
User-Agent: selenium/4.1.2 (java windows)
Cache-Control: no-cache
Content-Type: application/json; charset=utf-8
host: localhost:62133
accept: */*

Response DefaultHttpResponse(decodeResult: success, version: HTTP/1.1)
HTTP/1.1 200 OK
Content-Type: application/json; charset=utf-8
cache-control: no-cache
content-length: 53084

21:14:53.619 [AsyncHttpClient-1-17] DEBUG org.asynchttpclient.netty.channel.ChannelManager - Adding key: http://localhost:62133 for channel [id: 0x48438654, L:/127.0.0.1:50713 - R:localhost/127.0.0.1:62133]
21:14:53.621 [main] DEBUG net.serenitybdd.core.photography.Darkroom - Send negative for processing for target\site\serenity\6ecc2211c3b69ba84c31076efe198729b9aec54ed3da3f9c07a3ce97f6da0245.png
21:14:53.621 [Darkroom Processing Line] DEBUG net.serenitybdd.core.photography.DarkroomProcessingLine - Processing screenshot image in /var/screenshots/screenshot-2490965013190415223
21:14:53.621 [Darkroom Processing Line] DEBUG net.serenitybdd.core.photography.DarkroomProcessingLine - Saving screenshot to target\site\serenity\6ecc2211c3b69ba84c31076efe198729b9aec54ed3da3f9c07a3ce97f6da0245.png
21:14:53.626 [AsyncHttpClient-1-3] DEBUG org.asynchttpclient.netty.handler.WebSocketHandler - Channel Closed: [id: 0xe4ceb2b8, L:/127.0.0.1:50722 ! R:localhost/127.0.0.1:50714] with attribute NettyResponseFuture{currentRetry=5,
	isDone=1,
	isCancelled=0,
	asyncHandler=org.asynchttpclient.ws.WebSocketUpgradeHandler@5a7bd4e5,
	nettyRequest=org.asynchttpclient.netty.request.NettyRequest@5eeff1dc,
	future=java.util.concurrent.CompletableFuture@60e38d86[Completed normally],
	uri=ws://localhost:50714/devtools/browser/82a0a422-39ef-42ba-b01a-55f9a5bd82ed,
	keepAlive=true,
	redirectCount=0,
	timeoutsHolder=null,
	inAuth=0,
	touch=1667484885453}
21:14:53.626 [AsyncHttpClient-1-3] DEBUG org.asynchttpclient.netty.channel.ChannelManager - Closing Channel [id: 0xe4ceb2b8, L:/127.0.0.1:50722 ! R:localhost/127.0.0.1:50714] 
21:14:53.626 [Driver Command Executor] DEBUG org.asynchttpclient.netty.request.NettyRequestSender - Using pooled Channel '[id: 0x48438654, L:/127.0.0.1:50713 - R:localhost/127.0.0.1:62133]' for 'DELETE' to 'http://localhost:62133/session/8e353a94dc6ace6faacb9e522c808612'
21:14:53.626 [Driver Command Executor] DEBUG org.asynchttpclient.netty.request.NettyRequestSender - Using open Channel [id: 0x48438654, L:/127.0.0.1:50713 - R:localhost/127.0.0.1:62133] for DELETE '/session/8e353a94dc6ace6faacb9e522c808612'
21:14:53.669 [AsyncHttpClient-1-2] DEBUG org.asynchttpclient.netty.handler.HttpHandler - Unexpected I/O exception on channel [id: 0xa89e762a, L:/127.0.0.1:50721 - R:localhost/127.0.0.1:50714]
java.net.SocketException: Connection reset
	at java.base/sun.nio.ch.SocketChannelImpl.throwConnectionReset(SocketChannelImpl.java:345)
	at java.base/sun.nio.ch.SocketChannelImpl.read(SocketChannelImpl.java:376)
	at io.netty.buffer.PooledByteBuf.setBytes(PooledByteBuf.java:258)
	at io.netty.buffer.AbstractByteBuf.writeBytes(AbstractByteBuf.java:1132)
	at io.netty.channel.socket.nio.NioSocketChannel.doReadBytes(NioSocketChannel.java:350)
	at io.netty.channel.nio.AbstractNioByteChannel$NioByteUnsafe.read(AbstractNioByteChannel.java:151)
	at io.netty.channel.nio.NioEventLoop.processSelectedKey(NioEventLoop.java:722)
	at io.netty.channel.nio.NioEventLoop.processSelectedKeysOptimized(NioEventLoop.java:658)
	at io.netty.channel.nio.NioEventLoop.processSelectedKeys(NioEventLoop.java:584)
	at io.netty.channel.nio.NioEventLoop.run(NioEventLoop.java:496)
	at io.netty.util.concurrent.SingleThreadEventExecutor$4.run(SingleThreadEventExecutor.java:986)
	at io.netty.util.internal.ThreadExecutorMap$2.run(ThreadExecutorMap.java:74)
	at io.netty.util.concurrent.FastThreadLocalRunnable.run(FastThreadLocalRunnable.java:30)
	at java.base/java.lang.Thread.run(Thread.java:830)
21:14:53.669 [AsyncHttpClient-1-2] DEBUG org.asynchttpclient.netty.channel.ChannelManager - Closing Channel [id: 0xa89e762a, L:/127.0.0.1:50721 - R:localhost/127.0.0.1:50714] 
21:14:53.669 [AsyncHttpClient-1-2] DEBUG org.asynchttpclient.netty.handler.HttpHandler - Channel Closed: [id: 0xa89e762a, L:/127.0.0.1:50721 ! R:localhost/127.0.0.1:50714] with attribute DISCARD
21:14:53.704 [AsyncHttpClient-1-17] DEBUG org.asynchttpclient.netty.handler.HttpHandler - 

Request DefaultFullHttpRequest(decodeResult: success, version: HTTP/1.1, content: EmptyByteBufBE)
DELETE /session/8e353a94dc6ace6faacb9e522c808612 HTTP/1.1
User-Agent: selenium/4.1.2 (java windows)
Content-Type: application/json; charset=utf-8
host: localhost:62133
accept: */*

Response DefaultHttpResponse(decodeResult: success, version: HTTP/1.1)
HTTP/1.1 200 OK
Content-Type: application/json; charset=utf-8
cache-control: no-cache
content-length: 14

21:14:53.704 [AsyncHttpClient-1-17] DEBUG org.asynchttpclient.netty.channel.ChannelManager - Adding key: http://localhost:62133 for channel [id: 0x48438654, L:/127.0.0.1:50713 - R:localhost/127.0.0.1:62133]
21:14:53.762 [AsyncHttpClient-1-17] DEBUG org.asynchttpclient.netty.handler.HttpHandler - Channel Closed: [id: 0x48438654, L:/127.0.0.1:50713 ! R:localhost/127.0.0.1:62133] with attribute DISCARD
21:14:54.089 [AsyncHttpClient-1-1] DEBUG org.asynchttpclient.netty.channel.DefaultChannelPool - Entry count for : http://localhost:50714 : 1
21:14:54.089 [AsyncHttpClient-1-1] DEBUG org.asynchttpclient.netty.channel.DefaultChannelPool - Entry count for : http://localhost:62133 : 1
21:14:54.089 [AsyncHttpClient-1-1] DEBUG org.asynchttpclient.netty.channel.DefaultChannelPool - Adding Candidate expired Channel [id: 0xa89e762a, L:/127.0.0.1:50721 ! R:localhost/127.0.0.1:50714] isIdleTimeoutExpired=false isRemotelyClosed=true isTtlExpired=false
21:14:54.089 [AsyncHttpClient-1-1] DEBUG org.asynchttpclient.netty.channel.DefaultChannelPool - Closing Idle Channel [id: 0xa89e762a, L:/127.0.0.1:50721 ! R:localhost/127.0.0.1:50714]
21:14:54.089 [AsyncHttpClient-1-1] DEBUG org.asynchttpclient.netty.channel.DefaultChannelPool - Adding Candidate expired Channel [id: 0x48438654, L:/127.0.0.1:50713 ! R:localhost/127.0.0.1:62133] isIdleTimeoutExpired=false isRemotelyClosed=true isTtlExpired=false
21:14:54.089 [AsyncHttpClient-1-1] DEBUG org.asynchttpclient.netty.channel.DefaultChannelPool - Closing Idle Channel [id: 0x48438654, L:/127.0.0.1:50713 ! R:localhost/127.0.0.1:62133]
21:14:54.089 [AsyncHttpClient-1-1] DEBUG org.asynchttpclient.netty.channel.DefaultChannelPool - Closed 2 connections out of 2 in 0 ms
21:14:54.280 [main] INFO  - 
  _____   ___   ___   _____     ___     _     ___   ___   ___   ___  
 |_   _| | __| / __| |_   _|   | _ \   /_\   / __| / __| | __| |   \ 
   | |   | _|  \__ \   | |     |  _/  / _ \  \__ \ \__ \ | _|  | |) |
   |_|   |___| |___/   |_|     |_|   /_/ \_\ |___/ |___/ |___| |___/ 

Register with username and email
----------------------------------------------------------------------
]]></system-out>
    <system-err><![CDATA[Starting ChromeDriver 106.0.5249.61 (511755355844955cd3e264779baf0dd38212a4d0-refs/branch-heads/5249@{#569}) on port 62133
Only local connections are allowed.
Please see https://chromedriver.chromium.org/security-considerations for suggestions on keeping ChromeDriver safe.
ChromeDriver was started successfully.
[1667484885.267][WARNING]: This version of ChromeDriver has not been tested with Chrome version 107.
Nov 03, 2022 9:14:45 PM org.openqa.selenium.remote.ProtocolHandshake createSession
INFO: Detected dialect: W3C
Nov 03, 2022 9:14:45 PM org.openqa.selenium.devtools.CdpVersionFinder findNearestMatch
WARNING: Unable to find an exact match for CDP version 107, so returning the closest version found: a no-op implementation
Nov 03, 2022 9:14:45 PM org.openqa.selenium.devtools.CdpVersionFinder findNearestMatch
INFO: Unable to find CDP implementation matching 107.
Nov 03, 2022 9:14:45 PM org.openqa.selenium.chromium.ChromiumDriver lambda$new$3
WARNING: Unable to find version of CDP to use for . You may need to include a dependency on a specific version of the CDP using something similar to `org.seleniumhq.selenium:selenium-devtools-v86:4.1.2` where the version ("v86") matches the version of the chromium-based browser you're using and the version number of the artifact is the same as Selenium's.
]]></system-err>
  </testcase>
  <testcase name="Register with username and email #3" classname="Register" time="7.768">
    <system-out><![CDATA[
@Register
Scenario Outline: Register with username and email &amp#27;[90m# src/test/resources/features/Register.feature:40&amp#27;[0m
21:14:54.285 [main] INFO io.cucumber.core.plugin.SerenityReporter - Running feature from file:///C:/Users/ASUS/Desktop/stupen/miniproject/Web/ASWeb/src/test/resources/features/Register.feature
21:14:54.291 [main] INFO net.serenitybdd.core.webdriver.driverproviders.ChromeDriverProvider - Using automatically driver download
21:14:54.382 [main] DEBUG io.github.bonigarcia.wdm.cache.ResolutionCache - Resolution chrome=107 in cache (valid until 21:49:49 03/11/2022 WIB)
21:14:54.386 [main] DEBUG io.github.bonigarcia.wdm.cache.ResolutionCache - Resolution chrome107=107.0.5304.62 in cache (valid until 16:49:12 04/11/2022 WIB)
21:14:54.388 [main] INFO io.github.bonigarcia.wdm.WebDriverManager - Using chromedriver 107.0.5304.62 (resolved driver for Chrome 107)
21:14:54.396 [main] DEBUG io.github.bonigarcia.wdm.WebDriverManager - Driver chromedriver 107.0.5304.62 found in cache
21:14:54.397 [main] INFO io.github.bonigarcia.wdm.WebDriverManager - Exporting webdriver.chrome.driver as C:\Users\ASUS\.cache\selenium\chromedriver\win32\107.0.5304.62\chromedriver.exe
21:14:54.506 [main] DEBUG net.serenitybdd.core.webdriver.driverproviders.ProvideNewDriver - Instantiating driver
21:14:54.506 [main] DEBUG net.serenitybdd.core.webdriver.driverproviders.ProvideNewDriver - Driver capabilities: Capabilities {acceptInsecureCerts: false, base.url: https://alta-shop.vercel.app/, browserName: chrome, chrome.driver: src/test/resources/webdrive..., driver: chrome, goog:chromeOptions: {args: [], extensions: []}, wait.for.timeout: 10000}
21:14:55.050 [AsyncHttpClient-1-4] DEBUG org.asynchttpclient.netty.channel.NettyConnectListener - Using new Channel '[id: 0x91975bc1, L:/127.0.0.1:50745 - R:localhost/127.0.0.1:54335]' for 'POST' to '/session'
21:14:55.786 [AsyncHttpClient-1-4] DEBUG org.asynchttpclient.netty.handler.HttpHandler - 

Request DefaultHttpRequest(decodeResult: success, version: HTTP/1.1)
POST /session HTTP/1.1
User-Agent: selenium/4.1.2 (java windows)
Content-Length: 646
Content-Type: application/json; charset=utf-8
host: localhost:54335
accept: */*

Response DefaultHttpResponse(decodeResult: success, version: HTTP/1.1)
HTTP/1.1 200 OK
Content-Type: application/json; charset=utf-8
cache-control: no-cache
content-length: 788

21:14:55.786 [AsyncHttpClient-1-4] DEBUG org.asynchttpclient.netty.channel.ChannelManager - Adding key: http://localhost:54335 for channel [id: 0x91975bc1, L:/127.0.0.1:50745 - R:localhost/127.0.0.1:54335]
21:14:55.798 [AsyncHttpClient-1-5] DEBUG org.asynchttpclient.netty.channel.NettyConnectListener - Using new Channel '[id: 0xa72a3dbd, L:/127.0.0.1:50755 - R:localhost/127.0.0.1:50747]' for 'GET' to '/json/version'
21:14:55.798 [AsyncHttpClient-1-5] DEBUG org.asynchttpclient.netty.handler.HttpHandler - 

Request DefaultFullHttpRequest(decodeResult: success, version: HTTP/1.1, content: EmptyByteBufBE)
GET /json/version HTTP/1.1
User-Agent: selenium/4.1.2 (java windows)
host: localhost:50747
accept: */*

Response DefaultHttpResponse(decodeResult: success, version: HTTP/1.1)
HTTP/1.1 200 OK
Content-Type: application/json; charset=UTF-8
content-length: 423

21:14:55.799 [AsyncHttpClient-1-5] DEBUG org.asynchttpclient.netty.channel.ChannelManager - Adding key: http://localhost:50747 for channel [id: 0xa72a3dbd, L:/127.0.0.1:50755 - R:localhost/127.0.0.1:50747]
21:14:55.801 [AsyncHttpClient-1-6] DEBUG org.asynchttpclient.netty.channel.NettyConnectListener - Using new Channel '[id: 0x49f53b78, L:/127.0.0.1:50756 - R:localhost/127.0.0.1:50747]' for 'GET' to '/devtools/browser/b6c12e1c-1769-43ff-8616-30279f24a0ef'
21:14:55.802 [AsyncHttpClient-1-6] DEBUG org.asynchttpclient.netty.handler.WebSocketHandler - 

Request DefaultFullHttpRequest(decodeResult: success, version: HTTP/1.1, content: EmptyByteBufBE)
GET /devtools/browser/b6c12e1c-1769-43ff-8616-30279f24a0ef HTTP/1.1
upgrade: websocket
connection: upgrade
sec-websocket-key: U6tH6hpXJgvLJuUDRpVnzQ==
sec-websocket-version: 13
origin: http://localhost:50747
host: localhost:50747
accept: */*
user-agent: AHC/2.1

Response DefaultHttpResponse(decodeResult: success, version: HTTP/1.1)
HTTP/1.1 101 WebSocket Protocol Handshake
Upgrade: WebSocket
Connection: Upgrade
Sec-WebSocket-Accept: 3RngW2jinVGg4NqQYv/MxxlPLN4=

21:14:55.806 [Forwarding get on session f63aff749a7499f5255dfc7c199726d9 to remote] DEBUG org.asynchttpclient.netty.request.NettyRequestSender - Using pooled Channel '[id: 0x91975bc1, L:/127.0.0.1:50745 - R:localhost/127.0.0.1:54335]' for 'POST' to 'http://localhost:54335/session/f63aff749a7499f5255dfc7c199726d9/url'
21:14:55.806 [Forwarding get on session f63aff749a7499f5255dfc7c199726d9 to remote] DEBUG org.asynchttpclient.netty.request.NettyRequestSender - Using open Channel [id: 0x91975bc1, L:/127.0.0.1:50745 - R:localhost/127.0.0.1:54335] for POST '/session/f63aff749a7499f5255dfc7c199726d9/url'
21:14:56.287 [AsyncHttpClient-1-1] DEBUG org.asynchttpclient.netty.channel.DefaultChannelPool - Entry count for : http://localhost:50747 : 1
21:14:57.387 [AsyncHttpClient-1-1] DEBUG org.asynchttpclient.netty.channel.DefaultChannelPool - Entry count for : http://localhost:50747 : 1
21:14:57.903 [AsyncHttpClient-1-4] DEBUG org.asynchttpclient.netty.handler.HttpHandler - 

Request DefaultHttpRequest(decodeResult: success, version: HTTP/1.1)
POST /session/f63aff749a7499f5255dfc7c199726d9/url HTTP/1.1
User-Agent: selenium/4.1.2 (java windows)
Content-Length: 77
Content-Type: application/json; charset=utf-8
host: localhost:54335
accept: */*

Response DefaultHttpResponse(decodeResult: success, version: HTTP/1.1)
HTTP/1.1 200 OK
Content-Type: application/json; charset=utf-8
cache-control: no-cache
content-length: 14

21:14:57.903 [AsyncHttpClient-1-4] DEBUG org.asynchttpclient.netty.channel.ChannelManager - Adding key: http://localhost:54335 for channel [id: 0x91975bc1, L:/127.0.0.1:50745 - R:localhost/127.0.0.1:54335]
21:14:57.904 [Forwarding setTimeout on session f63aff749a7499f5255dfc7c199726d9 to remote] DEBUG org.asynchttpclient.netty.request.NettyRequestSender - Using pooled Channel '[id: 0x91975bc1, L:/127.0.0.1:50745 - R:localhost/127.0.0.1:54335]' for 'POST' to 'http://localhost:54335/session/f63aff749a7499f5255dfc7c199726d9/timeouts'
21:14:57.904 [Forwarding setTimeout on session f63aff749a7499f5255dfc7c199726d9 to remote] DEBUG org.asynchttpclient.netty.request.NettyRequestSender - Using open Channel [id: 0x91975bc1, L:/127.0.0.1:50745 - R:localhost/127.0.0.1:54335] for POST '/session/f63aff749a7499f5255dfc7c199726d9/timeouts'
21:14:57.905 [AsyncHttpClient-1-4] DEBUG org.asynchttpclient.netty.handler.HttpHandler - 

Request DefaultHttpRequest(decodeResult: success, version: HTTP/1.1)
POST /session/f63aff749a7499f5255dfc7c199726d9/timeouts HTTP/1.1
User-Agent: selenium/4.1.2 (java windows)
Content-Length: 22
Content-Type: application/json; charset=utf-8
host: localhost:54335
accept: */*

Response DefaultHttpResponse(decodeResult: success, version: HTTP/1.1)
HTTP/1.1 200 OK
Content-Type: application/json; charset=utf-8
cache-control: no-cache
content-length: 14

21:14:57.905 [AsyncHttpClient-1-4] DEBUG org.asynchttpclient.netty.channel.ChannelManager - Adding key: http://localhost:54335 for channel [id: 0x91975bc1, L:/127.0.0.1:50745 - R:localhost/127.0.0.1:54335]
21:14:57.907 [Forwarding getCurrentUrl on session f63aff749a7499f5255dfc7c199726d9 to remote] DEBUG org.asynchttpclient.netty.request.NettyRequestSender - Using pooled Channel '[id: 0x91975bc1, L:/127.0.0.1:50745 - R:localhost/127.0.0.1:54335]' for 'GET' to 'http://localhost:54335/session/f63aff749a7499f5255dfc7c199726d9/url'
21:14:57.907 [Forwarding getCurrentUrl on session f63aff749a7499f5255dfc7c199726d9 to remote] DEBUG org.asynchttpclient.netty.request.NettyRequestSender - Using open Channel [id: 0x91975bc1, L:/127.0.0.1:50745 - R:localhost/127.0.0.1:54335] for GET '/session/f63aff749a7499f5255dfc7c199726d9/url'
21:14:57.913 [AsyncHttpClient-1-4] DEBUG org.asynchttpclient.netty.handler.HttpHandler - 

Request DefaultFullHttpRequest(decodeResult: success, version: HTTP/1.1, content: EmptyByteBufBE)
GET /session/f63aff749a7499f5255dfc7c199726d9/url HTTP/1.1
User-Agent: selenium/4.1.2 (java windows)
Cache-Control: no-cache
Content-Type: application/json; charset=utf-8
host: localhost:54335
accept: */*

Response DefaultHttpResponse(decodeResult: success, version: HTTP/1.1)
HTTP/1.1 200 OK
Content-Type: application/json; charset=utf-8
cache-control: no-cache
content-length: 54

21:14:57.913 [AsyncHttpClient-1-4] DEBUG org.asynchttpclient.netty.channel.ChannelManager - Adding key: http://localhost:54335 for channel [id: 0x91975bc1, L:/127.0.0.1:50745 - R:localhost/127.0.0.1:54335]
  &amp#27;[32mGiven &amp#27;[0m&amp#27;[32mI open register page&amp#27;[0m                       &amp#27;[90m# starter.stepdefinitions.RegisterSteps.iOpenRegisterPage()&amp#27;[0m
21:14:57.918 [Forwarding screenshot on session f63aff749a7499f5255dfc7c199726d9 to remote] DEBUG org.asynchttpclient.netty.request.NettyRequestSender - Using pooled Channel '[id: 0x91975bc1, L:/127.0.0.1:50745 - R:localhost/127.0.0.1:54335]' for 'GET' to 'http://localhost:54335/session/f63aff749a7499f5255dfc7c199726d9/screenshot'
21:14:57.918 [Forwarding screenshot on session f63aff749a7499f5255dfc7c199726d9 to remote] DEBUG org.asynchttpclient.netty.request.NettyRequestSender - Using open Channel [id: 0x91975bc1, L:/127.0.0.1:50745 - R:localhost/127.0.0.1:54335] for GET '/session/f63aff749a7499f5255dfc7c199726d9/screenshot'
21:14:58.034 [AsyncHttpClient-1-4] DEBUG org.asynchttpclient.netty.handler.HttpHandler - 

Request DefaultFullHttpRequest(decodeResult: success, version: HTTP/1.1, content: EmptyByteBufBE)
GET /session/f63aff749a7499f5255dfc7c199726d9/screenshot HTTP/1.1
User-Agent: selenium/4.1.2 (java windows)
Cache-Control: no-cache
Content-Type: application/json; charset=utf-8
host: localhost:54335
accept: */*

Response DefaultHttpResponse(decodeResult: success, version: HTTP/1.1)
HTTP/1.1 200 OK
Content-Type: application/json; charset=utf-8
cache-control: no-cache
content-length: 45380

21:14:58.034 [AsyncHttpClient-1-4] DEBUG org.asynchttpclient.netty.channel.ChannelManager - Adding key: http://localhost:54335 for channel [id: 0x91975bc1, L:/127.0.0.1:50745 - R:localhost/127.0.0.1:54335]
21:14:58.035 [main] DEBUG net.serenitybdd.core.photography.Darkroom - Send negative for processing for target\site\serenity\74af2a90e11b4e8cdcc90c8b8f2efe0850d173caaf4338fdd4e69cc971e1b305.png
21:14:58.042 [Forwarding findElement on session f63aff749a7499f5255dfc7c199726d9 to remote] DEBUG org.asynchttpclient.netty.request.NettyRequestSender - Using pooled Channel '[id: 0x91975bc1, L:/127.0.0.1:50745 - R:localhost/127.0.0.1:54335]' for 'POST' to 'http://localhost:54335/session/f63aff749a7499f5255dfc7c199726d9/element'
21:14:58.042 [Forwarding findElement on session f63aff749a7499f5255dfc7c199726d9 to remote] DEBUG org.asynchttpclient.netty.request.NettyRequestSender - Using open Channel [id: 0x91975bc1, L:/127.0.0.1:50745 - R:localhost/127.0.0.1:54335] for POST '/session/f63aff749a7499f5255dfc7c199726d9/element'
21:14:58.051 [AsyncHttpClient-1-4] DEBUG org.asynchttpclient.netty.handler.HttpHandler - 

Request DefaultHttpRequest(decodeResult: success, version: HTTP/1.1)
POST /session/f63aff749a7499f5255dfc7c199726d9/element HTTP/1.1
User-Agent: selenium/4.1.2 (java windows)
Content-Length: 94
Content-Type: application/json; charset=utf-8
host: localhost:54335
accept: */*

Response DefaultHttpResponse(decodeResult: success, version: HTTP/1.1)
HTTP/1.1 200 OK
Content-Type: application/json; charset=utf-8
cache-control: no-cache
content-length: 88

21:14:58.052 [AsyncHttpClient-1-4] DEBUG org.asynchttpclient.netty.channel.ChannelManager - Adding key: http://localhost:54335 for channel [id: 0x91975bc1, L:/127.0.0.1:50745 - R:localhost/127.0.0.1:54335]
21:14:58.052 [Forwarding clearElement on session f63aff749a7499f5255dfc7c199726d9 to remote] DEBUG org.asynchttpclient.netty.request.NettyRequestSender - Using pooled Channel '[id: 0x91975bc1, L:/127.0.0.1:50745 - R:localhost/127.0.0.1:54335]' for 'POST' to 'http://localhost:54335/session/f63aff749a7499f5255dfc7c199726d9/element/16ff5e02-0cbb-4ab0-86b5-17fe7e04e8e7/clear'
21:14:58.052 [Forwarding clearElement on session f63aff749a7499f5255dfc7c199726d9 to remote] DEBUG org.asynchttpclient.netty.request.NettyRequestSender - Using open Channel [id: 0x91975bc1, L:/127.0.0.1:50745 - R:localhost/127.0.0.1:54335] for POST '/session/f63aff749a7499f5255dfc7c199726d9/element/16ff5e02-0cbb-4ab0-86b5-17fe7e04e8e7/clear'
21:14:58.079 [AsyncHttpClient-1-4] DEBUG org.asynchttpclient.netty.handler.HttpHandler - 

Request DefaultHttpRequest(decodeResult: success, version: HTTP/1.1)
POST /session/f63aff749a7499f5255dfc7c199726d9/element/16ff5e02-0cbb-4ab0-86b5-17fe7e04e8e7/clear HTTP/1.1
User-Agent: selenium/4.1.2 (java windows)
Content-Length: 50
Content-Type: application/json; charset=utf-8
host: localhost:54335
accept: */*

Response DefaultHttpResponse(decodeResult: success, version: HTTP/1.1)
HTTP/1.1 200 OK
Content-Type: application/json; charset=utf-8
cache-control: no-cache
content-length: 14

21:14:58.079 [AsyncHttpClient-1-4] DEBUG org.asynchttpclient.netty.channel.ChannelManager - Adding key: http://localhost:54335 for channel [id: 0x91975bc1, L:/127.0.0.1:50745 - R:localhost/127.0.0.1:54335]
21:14:58.080 [Forwarding sendKeysToElement on session f63aff749a7499f5255dfc7c199726d9 to remote] DEBUG org.asynchttpclient.netty.request.NettyRequestSender - Using pooled Channel '[id: 0x91975bc1, L:/127.0.0.1:50745 - R:localhost/127.0.0.1:54335]' for 'POST' to 'http://localhost:54335/session/f63aff749a7499f5255dfc7c199726d9/element/16ff5e02-0cbb-4ab0-86b5-17fe7e04e8e7/value'
21:14:58.080 [Forwarding sendKeysToElement on session f63aff749a7499f5255dfc7c199726d9 to remote] DEBUG org.asynchttpclient.netty.request.NettyRequestSender - Using open Channel [id: 0x91975bc1, L:/127.0.0.1:50745 - R:localhost/127.0.0.1:54335] for POST '/session/f63aff749a7499f5255dfc7c199726d9/element/16ff5e02-0cbb-4ab0-86b5-17fe7e04e8e7/value'
21:14:58.141 [AsyncHttpClient-1-4] DEBUG org.asynchttpclient.netty.handler.HttpHandler - 

Request DefaultHttpRequest(decodeResult: success, version: HTTP/1.1)
POST /session/f63aff749a7499f5255dfc7c199726d9/element/16ff5e02-0cbb-4ab0-86b5-17fe7e04e8e7/value HTTP/1.1
User-Agent: selenium/4.1.2 (java windows)
Content-Length: 161
Content-Type: application/json; charset=utf-8
host: localhost:54335
accept: */*

Response DefaultHttpResponse(decodeResult: success, version: HTTP/1.1)
HTTP/1.1 200 OK
Content-Type: application/json; charset=utf-8
cache-control: no-cache
content-length: 14

21:14:58.141 [AsyncHttpClient-1-4] DEBUG org.asynchttpclient.netty.channel.ChannelManager - Adding key: http://localhost:54335 for channel [id: 0x91975bc1, L:/127.0.0.1:50745 - R:localhost/127.0.0.1:54335]
  &amp#27;[32mWhen &amp#27;[0m&amp#27;[32mI insert &amp#27;[0m&amp#27;[32m&amp#27;[1m"Sisimail"&amp#27;[0m&amp#27;[32m as full name&amp#27;[0m            &amp#27;[90m# starter.stepdefinitions.RegisterSteps.iInsertFullnameAsFullName(java.lang.String)&amp#27;[0m
21:14:58.147 [Forwarding screenshot on session f63aff749a7499f5255dfc7c199726d9 to remote] DEBUG org.asynchttpclient.netty.request.NettyRequestSender - Using pooled Channel '[id: 0x91975bc1, L:/127.0.0.1:50745 - R:localhost/127.0.0.1:54335]' for 'GET' to 'http://localhost:54335/session/f63aff749a7499f5255dfc7c199726d9/screenshot'
21:14:58.147 [Forwarding screenshot on session f63aff749a7499f5255dfc7c199726d9 to remote] DEBUG org.asynchttpclient.netty.request.NettyRequestSender - Using open Channel [id: 0x91975bc1, L:/127.0.0.1:50745 - R:localhost/127.0.0.1:54335] for GET '/session/f63aff749a7499f5255dfc7c199726d9/screenshot'
21:14:58.290 [AsyncHttpClient-1-4] DEBUG org.asynchttpclient.netty.handler.HttpHandler - 

Request DefaultFullHttpRequest(decodeResult: success, version: HTTP/1.1, content: EmptyByteBufBE)
GET /session/f63aff749a7499f5255dfc7c199726d9/screenshot HTTP/1.1
User-Agent: selenium/4.1.2 (java windows)
Cache-Control: no-cache
Content-Type: application/json; charset=utf-8
host: localhost:54335
accept: */*

Response DefaultHttpResponse(decodeResult: success, version: HTTP/1.1)
HTTP/1.1 200 OK
Content-Type: application/json; charset=utf-8
cache-control: no-cache
content-length: 49068

21:14:58.290 [AsyncHttpClient-1-4] DEBUG org.asynchttpclient.netty.channel.ChannelManager - Adding key: http://localhost:54335 for channel [id: 0x91975bc1, L:/127.0.0.1:50745 - R:localhost/127.0.0.1:54335]
21:14:58.292 [main] DEBUG net.serenitybdd.core.photography.Darkroom - Send negative for processing for target\site\serenity\e0f987c87247595af00a857fa66b4e4d1e1ca891589a6eaae816f3d062435c4e.png
21:14:58.292 [Darkroom Processing Line] DEBUG net.serenitybdd.core.photography.DarkroomProcessingLine - Processing screenshot image in /var/screenshots/screenshot-9205009789597861161
21:14:58.292 [Darkroom Processing Line] DEBUG net.serenitybdd.core.photography.DarkroomProcessingLine - Saving screenshot to target\site\serenity\e0f987c87247595af00a857fa66b4e4d1e1ca891589a6eaae816f3d062435c4e.png
21:14:58.297 [Forwarding findElement on session f63aff749a7499f5255dfc7c199726d9 to remote] DEBUG org.asynchttpclient.netty.request.NettyRequestSender - Using pooled Channel '[id: 0x91975bc1, L:/127.0.0.1:50745 - R:localhost/127.0.0.1:54335]' for 'POST' to 'http://localhost:54335/session/f63aff749a7499f5255dfc7c199726d9/element'
21:14:58.297 [Forwarding findElement on session f63aff749a7499f5255dfc7c199726d9 to remote] DEBUG org.asynchttpclient.netty.request.NettyRequestSender - Using open Channel [id: 0x91975bc1, L:/127.0.0.1:50745 - R:localhost/127.0.0.1:54335] for POST '/session/f63aff749a7499f5255dfc7c199726d9/element'
21:14:58.306 [AsyncHttpClient-1-4] DEBUG org.asynchttpclient.netty.handler.HttpHandler - 

Request DefaultHttpRequest(decodeResult: success, version: HTTP/1.1)
POST /session/f63aff749a7499f5255dfc7c199726d9/element HTTP/1.1
User-Agent: selenium/4.1.2 (java windows)
Content-Length: 87
Content-Type: application/json; charset=utf-8
host: localhost:54335
accept: */*

Response DefaultHttpResponse(decodeResult: success, version: HTTP/1.1)
HTTP/1.1 200 OK
Content-Type: application/json; charset=utf-8
cache-control: no-cache
content-length: 88

21:14:58.306 [AsyncHttpClient-1-4] DEBUG org.asynchttpclient.netty.channel.ChannelManager - Adding key: http://localhost:54335 for channel [id: 0x91975bc1, L:/127.0.0.1:50745 - R:localhost/127.0.0.1:54335]
21:14:58.308 [Forwarding clearElement on session f63aff749a7499f5255dfc7c199726d9 to remote] DEBUG org.asynchttpclient.netty.request.NettyRequestSender - Using pooled Channel '[id: 0x91975bc1, L:/127.0.0.1:50745 - R:localhost/127.0.0.1:54335]' for 'POST' to 'http://localhost:54335/session/f63aff749a7499f5255dfc7c199726d9/element/02c64ebe-91e9-43f1-9c5b-f1183c06f969/clear'
21:14:58.308 [Forwarding clearElement on session f63aff749a7499f5255dfc7c199726d9 to remote] DEBUG org.asynchttpclient.netty.request.NettyRequestSender - Using open Channel [id: 0x91975bc1, L:/127.0.0.1:50745 - R:localhost/127.0.0.1:54335] for POST '/session/f63aff749a7499f5255dfc7c199726d9/element/02c64ebe-91e9-43f1-9c5b-f1183c06f969/clear'
21:14:58.332 [AsyncHttpClient-1-4] DEBUG org.asynchttpclient.netty.handler.HttpHandler - 

Request DefaultHttpRequest(decodeResult: success, version: HTTP/1.1)
POST /session/f63aff749a7499f5255dfc7c199726d9/element/02c64ebe-91e9-43f1-9c5b-f1183c06f969/clear HTTP/1.1
User-Agent: selenium/4.1.2 (java windows)
Content-Length: 50
Content-Type: application/json; charset=utf-8
host: localhost:54335
accept: */*

Response DefaultHttpResponse(decodeResult: success, version: HTTP/1.1)
HTTP/1.1 200 OK
Content-Type: application/json; charset=utf-8
cache-control: no-cache
content-length: 14

21:14:58.333 [AsyncHttpClient-1-4] DEBUG org.asynchttpclient.netty.channel.ChannelManager - Adding key: http://localhost:54335 for channel [id: 0x91975bc1, L:/127.0.0.1:50745 - R:localhost/127.0.0.1:54335]
21:14:58.334 [Forwarding sendKeysToElement on session f63aff749a7499f5255dfc7c199726d9 to remote] DEBUG org.asynchttpclient.netty.request.NettyRequestSender - Using pooled Channel '[id: 0x91975bc1, L:/127.0.0.1:50745 - R:localhost/127.0.0.1:54335]' for 'POST' to 'http://localhost:54335/session/f63aff749a7499f5255dfc7c199726d9/element/02c64ebe-91e9-43f1-9c5b-f1183c06f969/value'
21:14:58.334 [Forwarding sendKeysToElement on session f63aff749a7499f5255dfc7c199726d9 to remote] DEBUG org.asynchttpclient.netty.request.NettyRequestSender - Using open Channel [id: 0x91975bc1, L:/127.0.0.1:50745 - R:localhost/127.0.0.1:54335] for POST '/session/f63aff749a7499f5255dfc7c199726d9/element/02c64ebe-91e9-43f1-9c5b-f1183c06f969/value'
21:14:58.418 [AsyncHttpClient-1-4] DEBUG org.asynchttpclient.netty.handler.HttpHandler - 

Request DefaultHttpRequest(decodeResult: success, version: HTTP/1.1)
POST /session/f63aff749a7499f5255dfc7c199726d9/element/02c64ebe-91e9-43f1-9c5b-f1183c06f969/value HTTP/1.1
User-Agent: selenium/4.1.2 (java windows)
Content-Length: 231
Content-Type: application/json; charset=utf-8
host: localhost:54335
accept: */*

Response DefaultHttpResponse(decodeResult: success, version: HTTP/1.1)
HTTP/1.1 200 OK
Content-Type: application/json; charset=utf-8
cache-control: no-cache
content-length: 14

21:14:58.418 [AsyncHttpClient-1-4] DEBUG org.asynchttpclient.netty.channel.ChannelManager - Adding key: http://localhost:54335 for channel [id: 0x91975bc1, L:/127.0.0.1:50745 - R:localhost/127.0.0.1:54335]
  &amp#27;[32mAnd &amp#27;[0m&amp#27;[32mI insert &amp#27;[0m&amp#27;[32m&amp#27;[1m"simail@mail.com"&amp#27;[0m&amp#27;[32m as email&amp#27;[0m          &amp#27;[90m# starter.stepdefinitions.RegisterSteps.iInsertEmailAsEmail(java.lang.String)&amp#27;[0m
21:14:58.429 [Forwarding screenshot on session f63aff749a7499f5255dfc7c199726d9 to remote] DEBUG org.asynchttpclient.netty.request.NettyRequestSender - Using pooled Channel '[id: 0x91975bc1, L:/127.0.0.1:50745 - R:localhost/127.0.0.1:54335]' for 'GET' to 'http://localhost:54335/session/f63aff749a7499f5255dfc7c199726d9/screenshot'
21:14:58.429 [Forwarding screenshot on session f63aff749a7499f5255dfc7c199726d9 to remote] DEBUG org.asynchttpclient.netty.request.NettyRequestSender - Using open Channel [id: 0x91975bc1, L:/127.0.0.1:50745 - R:localhost/127.0.0.1:54335] for GET '/session/f63aff749a7499f5255dfc7c199726d9/screenshot'
21:14:58.486 [AsyncHttpClient-1-1] DEBUG org.asynchttpclient.netty.channel.DefaultChannelPool - Entry count for : http://localhost:50747 : 1
21:14:58.594 [AsyncHttpClient-1-4] DEBUG org.asynchttpclient.netty.handler.HttpHandler - 

Request DefaultFullHttpRequest(decodeResult: success, version: HTTP/1.1, content: EmptyByteBufBE)
GET /session/f63aff749a7499f5255dfc7c199726d9/screenshot HTTP/1.1
User-Agent: selenium/4.1.2 (java windows)
Cache-Control: no-cache
Content-Type: application/json; charset=utf-8
host: localhost:54335
accept: */*

Response DefaultHttpResponse(decodeResult: success, version: HTTP/1.1)
HTTP/1.1 200 OK
Content-Type: application/json; charset=utf-8
cache-control: no-cache
content-length: 53356

21:14:58.594 [AsyncHttpClient-1-4] DEBUG org.asynchttpclient.netty.channel.ChannelManager - Adding key: http://localhost:54335 for channel [id: 0x91975bc1, L:/127.0.0.1:50745 - R:localhost/127.0.0.1:54335]
21:14:58.596 [main] DEBUG net.serenitybdd.core.photography.Darkroom - Send negative for processing for target\site\serenity\d769e65cbb6a56c3797cdaea87d8596dfebe428dcede5234df73cbd9b007e98e.png
21:14:58.596 [Darkroom Processing Line] DEBUG net.serenitybdd.core.photography.DarkroomProcessingLine - Processing screenshot image in /var/screenshots/screenshot-6828151437739266390
21:14:58.596 [Darkroom Processing Line] DEBUG net.serenitybdd.core.photography.DarkroomProcessingLine - Saving screenshot to target\site\serenity\d769e65cbb6a56c3797cdaea87d8596dfebe428dcede5234df73cbd9b007e98e.png
21:14:58.601 [Forwarding findElement on session f63aff749a7499f5255dfc7c199726d9 to remote] DEBUG org.asynchttpclient.netty.request.NettyRequestSender - Using pooled Channel '[id: 0x91975bc1, L:/127.0.0.1:50745 - R:localhost/127.0.0.1:54335]' for 'POST' to 'http://localhost:54335/session/f63aff749a7499f5255dfc7c199726d9/element'
21:14:58.601 [Forwarding findElement on session f63aff749a7499f5255dfc7c199726d9 to remote] DEBUG org.asynchttpclient.netty.request.NettyRequestSender - Using open Channel [id: 0x91975bc1, L:/127.0.0.1:50745 - R:localhost/127.0.0.1:54335] for POST '/session/f63aff749a7499f5255dfc7c199726d9/element'
21:14:58.612 [AsyncHttpClient-1-4] DEBUG org.asynchttpclient.netty.handler.HttpHandler - 

Request DefaultHttpRequest(decodeResult: success, version: HTTP/1.1)
POST /session/f63aff749a7499f5255dfc7c199726d9/element HTTP/1.1
User-Agent: selenium/4.1.2 (java windows)
Content-Length: 90
Content-Type: application/json; charset=utf-8
host: localhost:54335
accept: */*

Response DefaultHttpResponse(decodeResult: success, version: HTTP/1.1)
HTTP/1.1 200 OK
Content-Type: application/json; charset=utf-8
cache-control: no-cache
content-length: 88

21:14:58.612 [AsyncHttpClient-1-4] DEBUG org.asynchttpclient.netty.channel.ChannelManager - Adding key: http://localhost:54335 for channel [id: 0x91975bc1, L:/127.0.0.1:50745 - R:localhost/127.0.0.1:54335]
21:14:58.613 [Forwarding clearElement on session f63aff749a7499f5255dfc7c199726d9 to remote] DEBUG org.asynchttpclient.netty.request.NettyRequestSender - Using pooled Channel '[id: 0x91975bc1, L:/127.0.0.1:50745 - R:localhost/127.0.0.1:54335]' for 'POST' to 'http://localhost:54335/session/f63aff749a7499f5255dfc7c199726d9/element/40b7f0e3-cd13-4957-9783-80cc32fb8e05/clear'
21:14:58.613 [Forwarding clearElement on session f63aff749a7499f5255dfc7c199726d9 to remote] DEBUG org.asynchttpclient.netty.request.NettyRequestSender - Using open Channel [id: 0x91975bc1, L:/127.0.0.1:50745 - R:localhost/127.0.0.1:54335] for POST '/session/f63aff749a7499f5255dfc7c199726d9/element/40b7f0e3-cd13-4957-9783-80cc32fb8e05/clear'
21:14:58.637 [AsyncHttpClient-1-4] DEBUG org.asynchttpclient.netty.handler.HttpHandler - 

Request DefaultHttpRequest(decodeResult: success, version: HTTP/1.1)
POST /session/f63aff749a7499f5255dfc7c199726d9/element/40b7f0e3-cd13-4957-9783-80cc32fb8e05/clear HTTP/1.1
User-Agent: selenium/4.1.2 (java windows)
Content-Length: 50
Content-Type: application/json; charset=utf-8
host: localhost:54335
accept: */*

Response DefaultHttpResponse(decodeResult: success, version: HTTP/1.1)
HTTP/1.1 200 OK
Content-Type: application/json; charset=utf-8
cache-control: no-cache
content-length: 14

21:14:58.637 [AsyncHttpClient-1-4] DEBUG org.asynchttpclient.netty.channel.ChannelManager - Adding key: http://localhost:54335 for channel [id: 0x91975bc1, L:/127.0.0.1:50745 - R:localhost/127.0.0.1:54335]
21:14:58.638 [Forwarding sendKeysToElement on session f63aff749a7499f5255dfc7c199726d9 to remote] DEBUG org.asynchttpclient.netty.request.NettyRequestSender - Using pooled Channel '[id: 0x91975bc1, L:/127.0.0.1:50745 - R:localhost/127.0.0.1:54335]' for 'POST' to 'http://localhost:54335/session/f63aff749a7499f5255dfc7c199726d9/element/40b7f0e3-cd13-4957-9783-80cc32fb8e05/value'
21:14:58.638 [Forwarding sendKeysToElement on session f63aff749a7499f5255dfc7c199726d9 to remote] DEBUG org.asynchttpclient.netty.request.NettyRequestSender - Using open Channel [id: 0x91975bc1, L:/127.0.0.1:50745 - R:localhost/127.0.0.1:54335] for POST '/session/f63aff749a7499f5255dfc7c199726d9/element/40b7f0e3-cd13-4957-9783-80cc32fb8e05/value'
21:14:58.677 [AsyncHttpClient-1-4] DEBUG org.asynchttpclient.netty.handler.HttpHandler - 

Request DefaultHttpRequest(decodeResult: success, version: HTTP/1.1)
POST /session/f63aff749a7499f5255dfc7c199726d9/element/40b7f0e3-cd13-4957-9783-80cc32fb8e05/value HTTP/1.1
User-Agent: selenium/4.1.2 (java windows)
Content-Length: 82
Content-Type: application/json; charset=utf-8
host: localhost:54335
accept: */*

Response DefaultHttpResponse(decodeResult: success, version: HTTP/1.1)
HTTP/1.1 200 OK
Content-Type: application/json; charset=utf-8
cache-control: no-cache
content-length: 14

21:14:58.677 [AsyncHttpClient-1-4] DEBUG org.asynchttpclient.netty.channel.ChannelManager - Adding key: http://localhost:54335 for channel [id: 0x91975bc1, L:/127.0.0.1:50745 - R:localhost/127.0.0.1:54335]
  &amp#27;[32mAnd &amp#27;[0m&amp#27;[32mI insert &amp#27;[0m&amp#27;[32m&amp#27;[1m""&amp#27;[0m&amp#27;[32m as password&amp#27;[0m                      &amp#27;[90m# starter.stepdefinitions.RegisterSteps.iInsertPasswordAsPassword(java.lang.String)&amp#27;[0m
21:14:58.681 [Forwarding screenshot on session f63aff749a7499f5255dfc7c199726d9 to remote] DEBUG org.asynchttpclient.netty.request.NettyRequestSender - Using pooled Channel '[id: 0x91975bc1, L:/127.0.0.1:50745 - R:localhost/127.0.0.1:54335]' for 'GET' to 'http://localhost:54335/session/f63aff749a7499f5255dfc7c199726d9/screenshot'
21:14:58.681 [Forwarding screenshot on session f63aff749a7499f5255dfc7c199726d9 to remote] DEBUG org.asynchttpclient.netty.request.NettyRequestSender - Using open Channel [id: 0x91975bc1, L:/127.0.0.1:50745 - R:localhost/127.0.0.1:54335] for GET '/session/f63aff749a7499f5255dfc7c199726d9/screenshot'
21:14:58.855 [AsyncHttpClient-1-4] DEBUG org.asynchttpclient.netty.handler.HttpHandler - 

Request DefaultFullHttpRequest(decodeResult: success, version: HTTP/1.1, content: EmptyByteBufBE)
GET /session/f63aff749a7499f5255dfc7c199726d9/screenshot HTTP/1.1
User-Agent: selenium/4.1.2 (java windows)
Cache-Control: no-cache
Content-Type: application/json; charset=utf-8
host: localhost:54335
accept: */*

Response DefaultHttpResponse(decodeResult: success, version: HTTP/1.1)
HTTP/1.1 200 OK
Content-Type: application/json; charset=utf-8
cache-control: no-cache
content-length: 53104

21:14:58.855 [AsyncHttpClient-1-4] DEBUG org.asynchttpclient.netty.channel.ChannelManager - Adding key: http://localhost:54335 for channel [id: 0x91975bc1, L:/127.0.0.1:50745 - R:localhost/127.0.0.1:54335]
21:14:58.857 [main] DEBUG net.serenitybdd.core.photography.Darkroom - Send negative for processing for target\site\serenity\49db1eca1529bc12437b5410b3bafc25d536d4803853c4f67ae7109db29b5f6b.png
21:14:58.858 [Darkroom Processing Line] DEBUG net.serenitybdd.core.photography.DarkroomProcessingLine - Processing screenshot image in /var/screenshots/screenshot-710018649416227495
21:14:58.858 [Darkroom Processing Line] DEBUG net.serenitybdd.core.photography.DarkroomProcessingLine - Saving screenshot to target\site\serenity\49db1eca1529bc12437b5410b3bafc25d536d4803853c4f67ae7109db29b5f6b.png
21:14:58.867 [Forwarding findElement on session f63aff749a7499f5255dfc7c199726d9 to remote] DEBUG org.asynchttpclient.netty.request.NettyRequestSender - Using pooled Channel '[id: 0x91975bc1, L:/127.0.0.1:50745 - R:localhost/127.0.0.1:54335]' for 'POST' to 'http://localhost:54335/session/f63aff749a7499f5255dfc7c199726d9/element'
21:14:58.867 [Forwarding findElement on session f63aff749a7499f5255dfc7c199726d9 to remote] DEBUG org.asynchttpclient.netty.request.NettyRequestSender - Using open Channel [id: 0x91975bc1, L:/127.0.0.1:50745 - R:localhost/127.0.0.1:54335] for POST '/session/f63aff749a7499f5255dfc7c199726d9/element'
21:14:58.878 [AsyncHttpClient-1-4] DEBUG org.asynchttpclient.netty.handler.HttpHandler - 

Request DefaultHttpRequest(decodeResult: success, version: HTTP/1.1)
POST /session/f63aff749a7499f5255dfc7c199726d9/element HTTP/1.1
User-Agent: selenium/4.1.2 (java windows)
Content-Length: 84
Content-Type: application/json; charset=utf-8
host: localhost:54335
accept: */*

Response DefaultHttpResponse(decodeResult: success, version: HTTP/1.1)
HTTP/1.1 200 OK
Content-Type: application/json; charset=utf-8
cache-control: no-cache
content-length: 88

21:14:58.878 [AsyncHttpClient-1-4] DEBUG org.asynchttpclient.netty.channel.ChannelManager - Adding key: http://localhost:54335 for channel [id: 0x91975bc1, L:/127.0.0.1:50745 - R:localhost/127.0.0.1:54335]
21:14:58.879 [Forwarding getElementTagName on session f63aff749a7499f5255dfc7c199726d9 to remote] DEBUG org.asynchttpclient.netty.request.NettyRequestSender - Using pooled Channel '[id: 0x91975bc1, L:/127.0.0.1:50745 - R:localhost/127.0.0.1:54335]' for 'GET' to 'http://localhost:54335/session/f63aff749a7499f5255dfc7c199726d9/element/177b152f-645b-4a68-9c8f-a6e3398f7f1f/name'
21:14:58.879 [Forwarding getElementTagName on session f63aff749a7499f5255dfc7c199726d9 to remote] DEBUG org.asynchttpclient.netty.request.NettyRequestSender - Using open Channel [id: 0x91975bc1, L:/127.0.0.1:50745 - R:localhost/127.0.0.1:54335] for GET '/session/f63aff749a7499f5255dfc7c199726d9/element/177b152f-645b-4a68-9c8f-a6e3398f7f1f/name'
21:14:58.882 [AsyncHttpClient-1-4] DEBUG org.asynchttpclient.netty.handler.HttpHandler - 

Request DefaultFullHttpRequest(decodeResult: success, version: HTTP/1.1, content: EmptyByteBufBE)
GET /session/f63aff749a7499f5255dfc7c199726d9/element/177b152f-645b-4a68-9c8f-a6e3398f7f1f/name HTTP/1.1
User-Agent: selenium/4.1.2 (java windows)
Cache-Control: no-cache
Content-Type: application/json; charset=utf-8
host: localhost:54335
accept: */*

Response DefaultHttpResponse(decodeResult: success, version: HTTP/1.1)
HTTP/1.1 200 OK
Content-Type: application/json; charset=utf-8
cache-control: no-cache
content-length: 16

21:14:58.882 [AsyncHttpClient-1-4] DEBUG org.asynchttpclient.netty.channel.ChannelManager - Adding key: http://localhost:54335 for channel [id: 0x91975bc1, L:/127.0.0.1:50745 - R:localhost/127.0.0.1:54335]
21:14:58.883 [Forwarding getElementTagName on session f63aff749a7499f5255dfc7c199726d9 to remote] DEBUG org.asynchttpclient.netty.request.NettyRequestSender - Using pooled Channel '[id: 0x91975bc1, L:/127.0.0.1:50745 - R:localhost/127.0.0.1:54335]' for 'GET' to 'http://localhost:54335/session/f63aff749a7499f5255dfc7c199726d9/element/177b152f-645b-4a68-9c8f-a6e3398f7f1f/name'
21:14:58.883 [Forwarding getElementTagName on session f63aff749a7499f5255dfc7c199726d9 to remote] DEBUG org.asynchttpclient.netty.request.NettyRequestSender - Using open Channel [id: 0x91975bc1, L:/127.0.0.1:50745 - R:localhost/127.0.0.1:54335] for GET '/session/f63aff749a7499f5255dfc7c199726d9/element/177b152f-645b-4a68-9c8f-a6e3398f7f1f/name'
21:14:58.885 [AsyncHttpClient-1-4] DEBUG org.asynchttpclient.netty.handler.HttpHandler - 

Request DefaultFullHttpRequest(decodeResult: success, version: HTTP/1.1, content: EmptyByteBufBE)
GET /session/f63aff749a7499f5255dfc7c199726d9/element/177b152f-645b-4a68-9c8f-a6e3398f7f1f/name HTTP/1.1
User-Agent: selenium/4.1.2 (java windows)
Cache-Control: no-cache
Content-Type: application/json; charset=utf-8
host: localhost:54335
accept: */*

Response DefaultHttpResponse(decodeResult: success, version: HTTP/1.1)
HTTP/1.1 200 OK
Content-Type: application/json; charset=utf-8
cache-control: no-cache
content-length: 16

21:14:58.885 [AsyncHttpClient-1-4] DEBUG org.asynchttpclient.netty.channel.ChannelManager - Adding key: http://localhost:54335 for channel [id: 0x91975bc1, L:/127.0.0.1:50745 - R:localhost/127.0.0.1:54335]
21:14:58.886 [Forwarding findElement on session f63aff749a7499f5255dfc7c199726d9 to remote] DEBUG org.asynchttpclient.netty.request.NettyRequestSender - Using pooled Channel '[id: 0x91975bc1, L:/127.0.0.1:50745 - R:localhost/127.0.0.1:54335]' for 'POST' to 'http://localhost:54335/session/f63aff749a7499f5255dfc7c199726d9/element'
21:14:58.886 [Forwarding findElement on session f63aff749a7499f5255dfc7c199726d9 to remote] DEBUG org.asynchttpclient.netty.request.NettyRequestSender - Using open Channel [id: 0x91975bc1, L:/127.0.0.1:50745 - R:localhost/127.0.0.1:54335] for POST '/session/f63aff749a7499f5255dfc7c199726d9/element'
21:14:58.894 [AsyncHttpClient-1-4] DEBUG org.asynchttpclient.netty.handler.HttpHandler - 

Request DefaultHttpRequest(decodeResult: success, version: HTTP/1.1)
POST /session/f63aff749a7499f5255dfc7c199726d9/element HTTP/1.1
User-Agent: selenium/4.1.2 (java windows)
Content-Length: 84
Content-Type: application/json; charset=utf-8
host: localhost:54335
accept: */*

Response DefaultHttpResponse(decodeResult: success, version: HTTP/1.1)
HTTP/1.1 200 OK
Content-Type: application/json; charset=utf-8
cache-control: no-cache
content-length: 88

21:14:58.894 [AsyncHttpClient-1-4] DEBUG org.asynchttpclient.netty.channel.ChannelManager - Adding key: http://localhost:54335 for channel [id: 0x91975bc1, L:/127.0.0.1:50745 - R:localhost/127.0.0.1:54335]
21:14:58.894 [Forwarding clickElement on session f63aff749a7499f5255dfc7c199726d9 to remote] DEBUG org.asynchttpclient.netty.request.NettyRequestSender - Using pooled Channel '[id: 0x91975bc1, L:/127.0.0.1:50745 - R:localhost/127.0.0.1:54335]' for 'POST' to 'http://localhost:54335/session/f63aff749a7499f5255dfc7c199726d9/element/177b152f-645b-4a68-9c8f-a6e3398f7f1f/click'
21:14:58.894 [Forwarding clickElement on session f63aff749a7499f5255dfc7c199726d9 to remote] DEBUG org.asynchttpclient.netty.request.NettyRequestSender - Using open Channel [id: 0x91975bc1, L:/127.0.0.1:50745 - R:localhost/127.0.0.1:54335] for POST '/session/f63aff749a7499f5255dfc7c199726d9/element/177b152f-645b-4a68-9c8f-a6e3398f7f1f/click'
21:14:58.931 [AsyncHttpClient-1-4] DEBUG org.asynchttpclient.netty.handler.HttpHandler - 

Request DefaultHttpRequest(decodeResult: success, version: HTTP/1.1)
POST /session/f63aff749a7499f5255dfc7c199726d9/element/177b152f-645b-4a68-9c8f-a6e3398f7f1f/click HTTP/1.1
User-Agent: selenium/4.1.2 (java windows)
Content-Length: 50
Content-Type: application/json; charset=utf-8
host: localhost:54335
accept: */*

Response DefaultHttpResponse(decodeResult: success, version: HTTP/1.1)
HTTP/1.1 200 OK
Content-Type: application/json; charset=utf-8
cache-control: no-cache
content-length: 14

21:14:58.931 [AsyncHttpClient-1-4] DEBUG org.asynchttpclient.netty.channel.ChannelManager - Adding key: http://localhost:54335 for channel [id: 0x91975bc1, L:/127.0.0.1:50745 - R:localhost/127.0.0.1:54335]
  &amp#27;[32mAnd &amp#27;[0m&amp#27;[32mI click register&amp#27;[0m                             &amp#27;[90m# starter.stepdefinitions.RegisterSteps.iClickRegister()&amp#27;[0m
21:14:58.935 [Forwarding screenshot on session f63aff749a7499f5255dfc7c199726d9 to remote] DEBUG org.asynchttpclient.netty.request.NettyRequestSender - Using pooled Channel '[id: 0x91975bc1, L:/127.0.0.1:50745 - R:localhost/127.0.0.1:54335]' for 'GET' to 'http://localhost:54335/session/f63aff749a7499f5255dfc7c199726d9/screenshot'
21:14:58.935 [Forwarding screenshot on session f63aff749a7499f5255dfc7c199726d9 to remote] DEBUG org.asynchttpclient.netty.request.NettyRequestSender - Using open Channel [id: 0x91975bc1, L:/127.0.0.1:50745 - R:localhost/127.0.0.1:54335] for GET '/session/f63aff749a7499f5255dfc7c199726d9/screenshot'
21:14:59.207 [AsyncHttpClient-1-4] DEBUG org.asynchttpclient.netty.handler.HttpHandler - 

Request DefaultFullHttpRequest(decodeResult: success, version: HTTP/1.1, content: EmptyByteBufBE)
GET /session/f63aff749a7499f5255dfc7c199726d9/screenshot HTTP/1.1
User-Agent: selenium/4.1.2 (java windows)
Cache-Control: no-cache
Content-Type: application/json; charset=utf-8
host: localhost:54335
accept: */*

Response DefaultHttpResponse(decodeResult: success, version: HTTP/1.1)
HTTP/1.1 200 OK
Content-Type: application/json; charset=utf-8
cache-control: no-cache
content-length: 53704

21:14:59.208 [AsyncHttpClient-1-4] DEBUG org.asynchttpclient.netty.channel.ChannelManager - Adding key: http://localhost:54335 for channel [id: 0x91975bc1, L:/127.0.0.1:50745 - R:localhost/127.0.0.1:54335]
21:14:59.210 [main] DEBUG net.serenitybdd.core.photography.Darkroom - Send negative for processing for target\site\serenity\ad08b110010669d2dceb26d80874e788810e49f57b3245836dde8b4d4aa12b9a.png
21:14:59.211 [Darkroom Processing Line] DEBUG net.serenitybdd.core.photography.DarkroomProcessingLine - Processing screenshot image in /var/screenshots/screenshot-17889987188311764690
21:14:59.211 [Darkroom Processing Line] DEBUG net.serenitybdd.core.photography.DarkroomProcessingLine - Saving screenshot to target\site\serenity\ad08b110010669d2dceb26d80874e788810e49f57b3245836dde8b4d4aa12b9a.png
21:14:59.218 [Forwarding findElement on session f63aff749a7499f5255dfc7c199726d9 to remote] DEBUG org.asynchttpclient.netty.request.NettyRequestSender - Using pooled Channel '[id: 0x91975bc1, L:/127.0.0.1:50745 - R:localhost/127.0.0.1:54335]' for 'POST' to 'http://localhost:54335/session/f63aff749a7499f5255dfc7c199726d9/element'
21:14:59.218 [Forwarding findElement on session f63aff749a7499f5255dfc7c199726d9 to remote] DEBUG org.asynchttpclient.netty.request.NettyRequestSender - Using open Channel [id: 0x91975bc1, L:/127.0.0.1:50745 - R:localhost/127.0.0.1:54335] for POST '/session/f63aff749a7499f5255dfc7c199726d9/element'
21:14:59.590 [AsyncHttpClient-1-1] DEBUG org.asynchttpclient.netty.channel.DefaultChannelPool - Entry count for : http://localhost:50747 : 1
21:15:00.687 [AsyncHttpClient-1-1] DEBUG org.asynchttpclient.netty.channel.DefaultChannelPool - Entry count for : http://localhost:50747 : 1
21:15:00.723 [AsyncHttpClient-1-4] DEBUG org.asynchttpclient.netty.handler.HttpHandler - 

Request DefaultHttpRequest(decodeResult: success, version: HTTP/1.1)
POST /session/f63aff749a7499f5255dfc7c199726d9/element HTTP/1.1
User-Agent: selenium/4.1.2 (java windows)
Content-Length: 59
Content-Type: application/json; charset=utf-8
host: localhost:54335
accept: */*

Response DefaultHttpResponse(decodeResult: success, version: HTTP/1.1)
HTTP/1.1 200 OK
Content-Type: application/json; charset=utf-8
cache-control: no-cache
content-length: 88

21:15:00.723 [AsyncHttpClient-1-4] DEBUG org.asynchttpclient.netty.channel.ChannelManager - Adding key: http://localhost:54335 for channel [id: 0x91975bc1, L:/127.0.0.1:50745 - R:localhost/127.0.0.1:54335]
21:15:00.727 [Forwarding isElementDisplayed on session f63aff749a7499f5255dfc7c199726d9 to remote] DEBUG org.asynchttpclient.netty.request.NettyRequestSender - Using pooled Channel '[id: 0x91975bc1, L:/127.0.0.1:50745 - R:localhost/127.0.0.1:54335]' for 'POST' to 'http://localhost:54335/session/f63aff749a7499f5255dfc7c199726d9/execute/sync'
21:15:00.727 [Forwarding isElementDisplayed on session f63aff749a7499f5255dfc7c199726d9 to remote] DEBUG org.asynchttpclient.netty.request.NettyRequestSender - Using open Channel [id: 0x91975bc1, L:/127.0.0.1:50745 - R:localhost/127.0.0.1:54335] for POST '/session/f63aff749a7499f5255dfc7c199726d9/execute/sync'
21:15:00.744 [AsyncHttpClient-1-4] DEBUG org.asynchttpclient.netty.handler.HttpHandler - 

Request DefaultHttpRequest(decodeResult: success, version: HTTP/1.1)
POST /session/f63aff749a7499f5255dfc7c199726d9/execute/sync HTTP/1.1
User-Agent: selenium/4.1.2 (java windows)
Content-Length: 48780
Content-Type: application/json; charset=utf-8
host: localhost:54335
accept: */*

Response DefaultHttpResponse(decodeResult: success, version: HTTP/1.1)
HTTP/1.1 200 OK
Content-Type: application/json; charset=utf-8
cache-control: no-cache
content-length: 14

21:15:00.744 [AsyncHttpClient-1-4] DEBUG org.asynchttpclient.netty.channel.ChannelManager - Adding key: http://localhost:54335 for channel [id: 0x91975bc1, L:/127.0.0.1:50745 - R:localhost/127.0.0.1:54335]
21:15:00.746 [Forwarding findElement on session f63aff749a7499f5255dfc7c199726d9 to remote] DEBUG org.asynchttpclient.netty.request.NettyRequestSender - Using pooled Channel '[id: 0x91975bc1, L:/127.0.0.1:50745 - R:localhost/127.0.0.1:54335]' for 'POST' to 'http://localhost:54335/session/f63aff749a7499f5255dfc7c199726d9/element'
21:15:00.746 [Forwarding findElement on session f63aff749a7499f5255dfc7c199726d9 to remote] DEBUG org.asynchttpclient.netty.request.NettyRequestSender - Using open Channel [id: 0x91975bc1, L:/127.0.0.1:50745 - R:localhost/127.0.0.1:54335] for POST '/session/f63aff749a7499f5255dfc7c199726d9/element'
21:15:00.756 [AsyncHttpClient-1-4] DEBUG org.asynchttpclient.netty.handler.HttpHandler - 

Request DefaultHttpRequest(decodeResult: success, version: HTTP/1.1)
POST /session/f63aff749a7499f5255dfc7c199726d9/element HTTP/1.1
User-Agent: selenium/4.1.2 (java windows)
Content-Length: 59
Content-Type: application/json; charset=utf-8
host: localhost:54335
accept: */*

Response DefaultHttpResponse(decodeResult: success, version: HTTP/1.1)
HTTP/1.1 200 OK
Content-Type: application/json; charset=utf-8
cache-control: no-cache
content-length: 88

21:15:00.756 [AsyncHttpClient-1-4] DEBUG org.asynchttpclient.netty.channel.ChannelManager - Adding key: http://localhost:54335 for channel [id: 0x91975bc1, L:/127.0.0.1:50745 - R:localhost/127.0.0.1:54335]
21:15:00.760 [Forwarding isElementDisplayed on session f63aff749a7499f5255dfc7c199726d9 to remote] DEBUG org.asynchttpclient.netty.request.NettyRequestSender - Using pooled Channel '[id: 0x91975bc1, L:/127.0.0.1:50745 - R:localhost/127.0.0.1:54335]' for 'POST' to 'http://localhost:54335/session/f63aff749a7499f5255dfc7c199726d9/execute/sync'
21:15:00.760 [Forwarding isElementDisplayed on session f63aff749a7499f5255dfc7c199726d9 to remote] DEBUG org.asynchttpclient.netty.request.NettyRequestSender - Using open Channel [id: 0x91975bc1, L:/127.0.0.1:50745 - R:localhost/127.0.0.1:54335] for POST '/session/f63aff749a7499f5255dfc7c199726d9/execute/sync'
21:15:00.771 [AsyncHttpClient-1-4] DEBUG org.asynchttpclient.netty.handler.HttpHandler - 

Request DefaultHttpRequest(decodeResult: success, version: HTTP/1.1)
POST /session/f63aff749a7499f5255dfc7c199726d9/execute/sync HTTP/1.1
User-Agent: selenium/4.1.2 (java windows)
Content-Length: 48780
Content-Type: application/json; charset=utf-8
host: localhost:54335
accept: */*

Response DefaultHttpResponse(decodeResult: success, version: HTTP/1.1)
HTTP/1.1 200 OK
Content-Type: application/json; charset=utf-8
cache-control: no-cache
content-length: 14

21:15:00.772 [AsyncHttpClient-1-4] DEBUG org.asynchttpclient.netty.channel.ChannelManager - Adding key: http://localhost:54335 for channel [id: 0x91975bc1, L:/127.0.0.1:50745 - R:localhost/127.0.0.1:54335]
21:15:00.776 [Forwarding findElement on session f63aff749a7499f5255dfc7c199726d9 to remote] DEBUG org.asynchttpclient.netty.request.NettyRequestSender - Using pooled Channel '[id: 0x91975bc1, L:/127.0.0.1:50745 - R:localhost/127.0.0.1:54335]' for 'POST' to 'http://localhost:54335/session/f63aff749a7499f5255dfc7c199726d9/element'
21:15:00.776 [Forwarding findElement on session f63aff749a7499f5255dfc7c199726d9 to remote] DEBUG org.asynchttpclient.netty.request.NettyRequestSender - Using open Channel [id: 0x91975bc1, L:/127.0.0.1:50745 - R:localhost/127.0.0.1:54335] for POST '/session/f63aff749a7499f5255dfc7c199726d9/element'
21:15:00.781 [AsyncHttpClient-1-4] DEBUG org.asynchttpclient.netty.handler.HttpHandler - 

Request DefaultHttpRequest(decodeResult: success, version: HTTP/1.1)
POST /session/f63aff749a7499f5255dfc7c199726d9/element HTTP/1.1
User-Agent: selenium/4.1.2 (java windows)
Content-Length: 84
Content-Type: application/json; charset=utf-8
host: localhost:54335
accept: */*

Response DefaultHttpResponse(decodeResult: success, version: HTTP/1.1)
HTTP/1.1 200 OK
Content-Type: application/json; charset=utf-8
cache-control: no-cache
content-length: 88

21:15:00.781 [AsyncHttpClient-1-4] DEBUG org.asynchttpclient.netty.channel.ChannelManager - Adding key: http://localhost:54335 for channel [id: 0x91975bc1, L:/127.0.0.1:50745 - R:localhost/127.0.0.1:54335]
21:15:00.782 [Forwarding getElementTagName on session f63aff749a7499f5255dfc7c199726d9 to remote] DEBUG org.asynchttpclient.netty.request.NettyRequestSender - Using pooled Channel '[id: 0x91975bc1, L:/127.0.0.1:50745 - R:localhost/127.0.0.1:54335]' for 'GET' to 'http://localhost:54335/session/f63aff749a7499f5255dfc7c199726d9/element/177b152f-645b-4a68-9c8f-a6e3398f7f1f/name'
21:15:00.782 [Forwarding getElementTagName on session f63aff749a7499f5255dfc7c199726d9 to remote] DEBUG org.asynchttpclient.netty.request.NettyRequestSender - Using open Channel [id: 0x91975bc1, L:/127.0.0.1:50745 - R:localhost/127.0.0.1:54335] for GET '/session/f63aff749a7499f5255dfc7c199726d9/element/177b152f-645b-4a68-9c8f-a6e3398f7f1f/name'
21:15:00.785 [AsyncHttpClient-1-4] DEBUG org.asynchttpclient.netty.handler.HttpHandler - 

Request DefaultFullHttpRequest(decodeResult: success, version: HTTP/1.1, content: EmptyByteBufBE)
GET /session/f63aff749a7499f5255dfc7c199726d9/element/177b152f-645b-4a68-9c8f-a6e3398f7f1f/name HTTP/1.1
User-Agent: selenium/4.1.2 (java windows)
Cache-Control: no-cache
Content-Type: application/json; charset=utf-8
host: localhost:54335
accept: */*

Response DefaultHttpResponse(decodeResult: success, version: HTTP/1.1)
HTTP/1.1 200 OK
Content-Type: application/json; charset=utf-8
cache-control: no-cache
content-length: 16

21:15:00.785 [AsyncHttpClient-1-4] DEBUG org.asynchttpclient.netty.channel.ChannelManager - Adding key: http://localhost:54335 for channel [id: 0x91975bc1, L:/127.0.0.1:50745 - R:localhost/127.0.0.1:54335]
21:15:00.786 [Forwarding getElementTagName on session f63aff749a7499f5255dfc7c199726d9 to remote] DEBUG org.asynchttpclient.netty.request.NettyRequestSender - Using pooled Channel '[id: 0x91975bc1, L:/127.0.0.1:50745 - R:localhost/127.0.0.1:54335]' for 'GET' to 'http://localhost:54335/session/f63aff749a7499f5255dfc7c199726d9/element/177b152f-645b-4a68-9c8f-a6e3398f7f1f/name'
21:15:00.786 [Forwarding getElementTagName on session f63aff749a7499f5255dfc7c199726d9 to remote] DEBUG org.asynchttpclient.netty.request.NettyRequestSender - Using open Channel [id: 0x91975bc1, L:/127.0.0.1:50745 - R:localhost/127.0.0.1:54335] for GET '/session/f63aff749a7499f5255dfc7c199726d9/element/177b152f-645b-4a68-9c8f-a6e3398f7f1f/name'
21:15:00.788 [AsyncHttpClient-1-4] DEBUG org.asynchttpclient.netty.handler.HttpHandler - 

Request DefaultFullHttpRequest(decodeResult: success, version: HTTP/1.1, content: EmptyByteBufBE)
GET /session/f63aff749a7499f5255dfc7c199726d9/element/177b152f-645b-4a68-9c8f-a6e3398f7f1f/name HTTP/1.1
User-Agent: selenium/4.1.2 (java windows)
Cache-Control: no-cache
Content-Type: application/json; charset=utf-8
host: localhost:54335
accept: */*

Response DefaultHttpResponse(decodeResult: success, version: HTTP/1.1)
HTTP/1.1 200 OK
Content-Type: application/json; charset=utf-8
cache-control: no-cache
content-length: 16

21:15:00.788 [AsyncHttpClient-1-4] DEBUG org.asynchttpclient.netty.channel.ChannelManager - Adding key: http://localhost:54335 for channel [id: 0x91975bc1, L:/127.0.0.1:50745 - R:localhost/127.0.0.1:54335]
21:15:00.789 [Forwarding findElement on session f63aff749a7499f5255dfc7c199726d9 to remote] DEBUG org.asynchttpclient.netty.request.NettyRequestSender - Using pooled Channel '[id: 0x91975bc1, L:/127.0.0.1:50745 - R:localhost/127.0.0.1:54335]' for 'POST' to 'http://localhost:54335/session/f63aff749a7499f5255dfc7c199726d9/element'
21:15:00.789 [Forwarding findElement on session f63aff749a7499f5255dfc7c199726d9 to remote] DEBUG org.asynchttpclient.netty.request.NettyRequestSender - Using open Channel [id: 0x91975bc1, L:/127.0.0.1:50745 - R:localhost/127.0.0.1:54335] for POST '/session/f63aff749a7499f5255dfc7c199726d9/element'
21:15:00.797 [AsyncHttpClient-1-4] DEBUG org.asynchttpclient.netty.handler.HttpHandler - 

Request DefaultHttpRequest(decodeResult: success, version: HTTP/1.1)
POST /session/f63aff749a7499f5255dfc7c199726d9/element HTTP/1.1
User-Agent: selenium/4.1.2 (java windows)
Content-Length: 84
Content-Type: application/json; charset=utf-8
host: localhost:54335
accept: */*

Response DefaultHttpResponse(decodeResult: success, version: HTTP/1.1)
HTTP/1.1 200 OK
Content-Type: application/json; charset=utf-8
cache-control: no-cache
content-length: 88

21:15:00.797 [AsyncHttpClient-1-4] DEBUG org.asynchttpclient.netty.channel.ChannelManager - Adding key: http://localhost:54335 for channel [id: 0x91975bc1, L:/127.0.0.1:50745 - R:localhost/127.0.0.1:54335]
21:15:00.798 [Forwarding clickElement on session f63aff749a7499f5255dfc7c199726d9 to remote] DEBUG org.asynchttpclient.netty.request.NettyRequestSender - Using pooled Channel '[id: 0x91975bc1, L:/127.0.0.1:50745 - R:localhost/127.0.0.1:54335]' for 'POST' to 'http://localhost:54335/session/f63aff749a7499f5255dfc7c199726d9/element/177b152f-645b-4a68-9c8f-a6e3398f7f1f/click'
21:15:00.798 [Forwarding clickElement on session f63aff749a7499f5255dfc7c199726d9 to remote] DEBUG org.asynchttpclient.netty.request.NettyRequestSender - Using open Channel [id: 0x91975bc1, L:/127.0.0.1:50745 - R:localhost/127.0.0.1:54335] for POST '/session/f63aff749a7499f5255dfc7c199726d9/element/177b152f-645b-4a68-9c8f-a6e3398f7f1f/click'
21:15:00.823 [AsyncHttpClient-1-4] DEBUG org.asynchttpclient.netty.handler.HttpHandler - 

Request DefaultHttpRequest(decodeResult: success, version: HTTP/1.1)
POST /session/f63aff749a7499f5255dfc7c199726d9/element/177b152f-645b-4a68-9c8f-a6e3398f7f1f/click HTTP/1.1
User-Agent: selenium/4.1.2 (java windows)
Content-Length: 50
Content-Type: application/json; charset=utf-8
host: localhost:54335
accept: */*

Response DefaultHttpResponse(decodeResult: success, version: HTTP/1.1)
HTTP/1.1 200 OK
Content-Type: application/json; charset=utf-8
cache-control: no-cache
content-length: 14

21:15:00.823 [AsyncHttpClient-1-4] DEBUG org.asynchttpclient.netty.channel.ChannelManager - Adding key: http://localhost:54335 for channel [id: 0x91975bc1, L:/127.0.0.1:50745 - R:localhost/127.0.0.1:54335]
  &amp#27;[32mAnd &amp#27;[0m&amp#27;[32mI click register again&amp#27;[0m                       &amp#27;[90m# starter.stepdefinitions.RegisterSteps.iClickRegisterAgain()&amp#27;[0m
21:15:00.829 [Forwarding screenshot on session f63aff749a7499f5255dfc7c199726d9 to remote] DEBUG org.asynchttpclient.netty.request.NettyRequestSender - Using pooled Channel '[id: 0x91975bc1, L:/127.0.0.1:50745 - R:localhost/127.0.0.1:54335]' for 'GET' to 'http://localhost:54335/session/f63aff749a7499f5255dfc7c199726d9/screenshot'
21:15:00.829 [Forwarding screenshot on session f63aff749a7499f5255dfc7c199726d9 to remote] DEBUG org.asynchttpclient.netty.request.NettyRequestSender - Using open Channel [id: 0x91975bc1, L:/127.0.0.1:50745 - R:localhost/127.0.0.1:54335] for GET '/session/f63aff749a7499f5255dfc7c199726d9/screenshot'
21:15:01.033 [AsyncHttpClient-1-4] DEBUG org.asynchttpclient.netty.handler.HttpHandler - 

Request DefaultFullHttpRequest(decodeResult: success, version: HTTP/1.1, content: EmptyByteBufBE)
GET /session/f63aff749a7499f5255dfc7c199726d9/screenshot HTTP/1.1
User-Agent: selenium/4.1.2 (java windows)
Cache-Control: no-cache
Content-Type: application/json; charset=utf-8
host: localhost:54335
accept: */*

Response DefaultHttpResponse(decodeResult: success, version: HTTP/1.1)
HTTP/1.1 200 OK
Content-Type: application/json; charset=utf-8
cache-control: no-cache
content-length: 52256

21:15:01.034 [AsyncHttpClient-1-4] DEBUG org.asynchttpclient.netty.channel.ChannelManager - Adding key: http://localhost:54335 for channel [id: 0x91975bc1, L:/127.0.0.1:50745 - R:localhost/127.0.0.1:54335]
21:15:01.035 [main] DEBUG net.serenitybdd.core.photography.Darkroom - Send negative for processing for target\site\serenity\5b98cd3875a7df83d6c4b37f7026f4a94e6fe1633e41420ca5c5649dc7c6d3f6.png
21:15:01.035 [Darkroom Processing Line] DEBUG net.serenitybdd.core.photography.DarkroomProcessingLine - Processing screenshot image in /var/screenshots/screenshot-7753111199309023767
21:15:01.035 [Darkroom Processing Line] DEBUG net.serenitybdd.core.photography.DarkroomProcessingLine - Saving screenshot to target\site\serenity\5b98cd3875a7df83d6c4b37f7026f4a94e6fe1633e41420ca5c5649dc7c6d3f6.png
21:15:01.042 [Forwarding findElement on session f63aff749a7499f5255dfc7c199726d9 to remote] DEBUG org.asynchttpclient.netty.request.NettyRequestSender - Using pooled Channel '[id: 0x91975bc1, L:/127.0.0.1:50745 - R:localhost/127.0.0.1:54335]' for 'POST' to 'http://localhost:54335/session/f63aff749a7499f5255dfc7c199726d9/element'
21:15:01.043 [Forwarding findElement on session f63aff749a7499f5255dfc7c199726d9 to remote] DEBUG org.asynchttpclient.netty.request.NettyRequestSender - Using open Channel [id: 0x91975bc1, L:/127.0.0.1:50745 - R:localhost/127.0.0.1:54335] for POST '/session/f63aff749a7499f5255dfc7c199726d9/element'
21:15:01.111 [AsyncHttpClient-1-4] DEBUG org.asynchttpclient.netty.handler.HttpHandler - 

Request DefaultHttpRequest(decodeResult: success, version: HTTP/1.1)
POST /session/f63aff749a7499f5255dfc7c199726d9/element HTTP/1.1
User-Agent: selenium/4.1.2 (java windows)
Content-Length: 85
Content-Type: application/json; charset=utf-8
host: localhost:54335
accept: */*

Response DefaultHttpResponse(decodeResult: success, version: HTTP/1.1)
HTTP/1.1 200 OK
Content-Type: application/json; charset=utf-8
cache-control: no-cache
content-length: 88

21:15:01.111 [AsyncHttpClient-1-4] DEBUG org.asynchttpclient.netty.channel.ChannelManager - Adding key: http://localhost:54335 for channel [id: 0x91975bc1, L:/127.0.0.1:50745 - R:localhost/127.0.0.1:54335]
21:15:01.114 [Forwarding isElementDisplayed on session f63aff749a7499f5255dfc7c199726d9 to remote] DEBUG org.asynchttpclient.netty.request.NettyRequestSender - Using pooled Channel '[id: 0x91975bc1, L:/127.0.0.1:50745 - R:localhost/127.0.0.1:54335]' for 'POST' to 'http://localhost:54335/session/f63aff749a7499f5255dfc7c199726d9/execute/sync'
21:15:01.114 [Forwarding isElementDisplayed on session f63aff749a7499f5255dfc7c199726d9 to remote] DEBUG org.asynchttpclient.netty.request.NettyRequestSender - Using open Channel [id: 0x91975bc1, L:/127.0.0.1:50745 - R:localhost/127.0.0.1:54335] for POST '/session/f63aff749a7499f5255dfc7c199726d9/execute/sync'
21:15:01.122 [AsyncHttpClient-1-4] DEBUG org.asynchttpclient.netty.handler.HttpHandler - 

Request DefaultHttpRequest(decodeResult: success, version: HTTP/1.1)
POST /session/f63aff749a7499f5255dfc7c199726d9/execute/sync HTTP/1.1
User-Agent: selenium/4.1.2 (java windows)
Content-Length: 48780
Content-Type: application/json; charset=utf-8
host: localhost:54335
accept: */*

Response DefaultHttpResponse(decodeResult: success, version: HTTP/1.1)
HTTP/1.1 200 OK
Content-Type: application/json; charset=utf-8
cache-control: no-cache
content-length: 14

21:15:01.122 [AsyncHttpClient-1-4] DEBUG org.asynchttpclient.netty.channel.ChannelManager - Adding key: http://localhost:54335 for channel [id: 0x91975bc1, L:/127.0.0.1:50745 - R:localhost/127.0.0.1:54335]
  &amp#27;[32mThen &amp#27;[0m&amp#27;[32mI get &amp#27;[0m&amp#27;[32m&amp#27;[1m"password"&amp#27;[0m&amp#27;[32m error&amp#27;[0m                      &amp#27;[90m# starter.stepdefinitions.RegisterSteps.iGetErrorError(java.lang.String)&amp#27;[0m
21:15:01.128 [Forwarding screenshot on session f63aff749a7499f5255dfc7c199726d9 to remote] DEBUG org.asynchttpclient.netty.request.NettyRequestSender - Using pooled Channel '[id: 0x91975bc1, L:/127.0.0.1:50745 - R:localhost/127.0.0.1:54335]' for 'GET' to 'http://localhost:54335/session/f63aff749a7499f5255dfc7c199726d9/screenshot'
21:15:01.128 [Forwarding screenshot on session f63aff749a7499f5255dfc7c199726d9 to remote] DEBUG org.asynchttpclient.netty.request.NettyRequestSender - Using open Channel [id: 0x91975bc1, L:/127.0.0.1:50745 - R:localhost/127.0.0.1:54335] for GET '/session/f63aff749a7499f5255dfc7c199726d9/screenshot'
21:15:01.326 [AsyncHttpClient-1-4] DEBUG org.asynchttpclient.netty.handler.HttpHandler - 

Request DefaultFullHttpRequest(decodeResult: success, version: HTTP/1.1, content: EmptyByteBufBE)
GET /session/f63aff749a7499f5255dfc7c199726d9/screenshot HTTP/1.1
User-Agent: selenium/4.1.2 (java windows)
Cache-Control: no-cache
Content-Type: application/json; charset=utf-8
host: localhost:54335
accept: */*

Response DefaultHttpResponse(decodeResult: success, version: HTTP/1.1)
HTTP/1.1 200 OK
Content-Type: application/json; charset=utf-8
cache-control: no-cache
content-length: 61552

21:15:01.326 [AsyncHttpClient-1-4] DEBUG org.asynchttpclient.netty.channel.ChannelManager - Adding key: http://localhost:54335 for channel [id: 0x91975bc1, L:/127.0.0.1:50745 - R:localhost/127.0.0.1:54335]
21:15:01.328 [main] DEBUG net.serenitybdd.core.photography.Darkroom - Send negative for processing for target\site\serenity\f8f02d623944d1ea0fc946808ddaf85423a743f9f1dc080e2da9a5930b8625b4.png
21:15:01.328 [Darkroom Processing Line] DEBUG net.serenitybdd.core.photography.DarkroomProcessingLine - Processing screenshot image in /var/screenshots/screenshot-817806362074234462
21:15:01.328 [Darkroom Processing Line] DEBUG net.serenitybdd.core.photography.DarkroomProcessingLine - Saving screenshot to target\site\serenity\f8f02d623944d1ea0fc946808ddaf85423a743f9f1dc080e2da9a5930b8625b4.png
21:15:01.333 [AsyncHttpClient-1-6] DEBUG org.asynchttpclient.netty.handler.WebSocketHandler - Channel Closed: [id: 0x49f53b78, L:/127.0.0.1:50756 ! R:localhost/127.0.0.1:50747] with attribute NettyResponseFuture{currentRetry=5,
	isDone=1,
	isCancelled=0,
	asyncHandler=org.asynchttpclient.ws.WebSocketUpgradeHandler@24c84f,
	nettyRequest=org.asynchttpclient.netty.request.NettyRequest@2fd1f68e,
	future=java.util.concurrent.CompletableFuture@75f85fbb[Completed normally],
	uri=ws://localhost:50747/devtools/browser/b6c12e1c-1769-43ff-8616-30279f24a0ef,
	keepAlive=true,
	redirectCount=0,
	timeoutsHolder=null,
	inAuth=0,
	touch=1667484895802}
21:15:01.333 [AsyncHttpClient-1-6] DEBUG org.asynchttpclient.netty.channel.ChannelManager - Closing Channel [id: 0x49f53b78, L:/127.0.0.1:50756 ! R:localhost/127.0.0.1:50747] 
21:15:01.333 [Driver Command Executor] DEBUG org.asynchttpclient.netty.request.NettyRequestSender - Using pooled Channel '[id: 0x91975bc1, L:/127.0.0.1:50745 - R:localhost/127.0.0.1:54335]' for 'DELETE' to 'http://localhost:54335/session/f63aff749a7499f5255dfc7c199726d9'
21:15:01.333 [Driver Command Executor] DEBUG org.asynchttpclient.netty.request.NettyRequestSender - Using open Channel [id: 0x91975bc1, L:/127.0.0.1:50745 - R:localhost/127.0.0.1:54335] for DELETE '/session/f63aff749a7499f5255dfc7c199726d9'
21:15:01.440 [AsyncHttpClient-1-5] DEBUG org.asynchttpclient.netty.handler.HttpHandler - Unexpected I/O exception on channel [id: 0xa72a3dbd, L:/127.0.0.1:50755 - R:localhost/127.0.0.1:50747]
java.net.SocketException: Connection reset
	at java.base/sun.nio.ch.SocketChannelImpl.throwConnectionReset(SocketChannelImpl.java:345)
	at java.base/sun.nio.ch.SocketChannelImpl.read(SocketChannelImpl.java:376)
	at io.netty.buffer.PooledByteBuf.setBytes(PooledByteBuf.java:258)
	at io.netty.buffer.AbstractByteBuf.writeBytes(AbstractByteBuf.java:1132)
	at io.netty.channel.socket.nio.NioSocketChannel.doReadBytes(NioSocketChannel.java:350)
	at io.netty.channel.nio.AbstractNioByteChannel$NioByteUnsafe.read(AbstractNioByteChannel.java:151)
	at io.netty.channel.nio.NioEventLoop.processSelectedKey(NioEventLoop.java:722)
	at io.netty.channel.nio.NioEventLoop.processSelectedKeysOptimized(NioEventLoop.java:658)
	at io.netty.channel.nio.NioEventLoop.processSelectedKeys(NioEventLoop.java:584)
	at io.netty.channel.nio.NioEventLoop.run(NioEventLoop.java:496)
	at io.netty.util.concurrent.SingleThreadEventExecutor$4.run(SingleThreadEventExecutor.java:986)
	at io.netty.util.internal.ThreadExecutorMap$2.run(ThreadExecutorMap.java:74)
	at io.netty.util.concurrent.FastThreadLocalRunnable.run(FastThreadLocalRunnable.java:30)
	at java.base/java.lang.Thread.run(Thread.java:830)
21:15:01.440 [AsyncHttpClient-1-5] DEBUG org.asynchttpclient.netty.channel.ChannelManager - Closing Channel [id: 0xa72a3dbd, L:/127.0.0.1:50755 - R:localhost/127.0.0.1:50747] 
21:15:01.440 [AsyncHttpClient-1-5] DEBUG org.asynchttpclient.netty.handler.HttpHandler - Channel Closed: [id: 0xa72a3dbd, L:/127.0.0.1:50755 ! R:localhost/127.0.0.1:50747] with attribute DISCARD
21:15:01.465 [AsyncHttpClient-1-4] DEBUG org.asynchttpclient.netty.handler.HttpHandler - 

Request DefaultFullHttpRequest(decodeResult: success, version: HTTP/1.1, content: EmptyByteBufBE)
DELETE /session/f63aff749a7499f5255dfc7c199726d9 HTTP/1.1
User-Agent: selenium/4.1.2 (java windows)
Content-Type: application/json; charset=utf-8
host: localhost:54335
accept: */*

Response DefaultHttpResponse(decodeResult: success, version: HTTP/1.1)
HTTP/1.1 200 OK
Content-Type: application/json; charset=utf-8
cache-control: no-cache
content-length: 14

21:15:01.465 [AsyncHttpClient-1-4] DEBUG org.asynchttpclient.netty.channel.ChannelManager - Adding key: http://localhost:54335 for channel [id: 0x91975bc1, L:/127.0.0.1:50745 - R:localhost/127.0.0.1:54335]
21:15:01.525 [AsyncHttpClient-1-4] DEBUG org.asynchttpclient.netty.handler.HttpHandler - Channel Closed: [id: 0x91975bc1, L:/127.0.0.1:50745 ! R:localhost/127.0.0.1:54335] with attribute DISCARD
21:15:01.788 [AsyncHttpClient-1-1] DEBUG org.asynchttpclient.netty.channel.DefaultChannelPool - Entry count for : http://localhost:54335 : 1
21:15:01.788 [AsyncHttpClient-1-1] DEBUG org.asynchttpclient.netty.channel.DefaultChannelPool - Entry count for : http://localhost:50747 : 1
21:15:01.788 [AsyncHttpClient-1-1] DEBUG org.asynchttpclient.netty.channel.DefaultChannelPool - Adding Candidate expired Channel [id: 0x91975bc1, L:/127.0.0.1:50745 ! R:localhost/127.0.0.1:54335] isIdleTimeoutExpired=false isRemotelyClosed=true isTtlExpired=false
21:15:01.788 [AsyncHttpClient-1-1] DEBUG org.asynchttpclient.netty.channel.DefaultChannelPool - Closing Idle Channel [id: 0x91975bc1, L:/127.0.0.1:50745 ! R:localhost/127.0.0.1:54335]
21:15:01.788 [AsyncHttpClient-1-1] DEBUG org.asynchttpclient.netty.channel.DefaultChannelPool - Adding Candidate expired Channel [id: 0xa72a3dbd, L:/127.0.0.1:50755 ! R:localhost/127.0.0.1:50747] isIdleTimeoutExpired=false isRemotelyClosed=true isTtlExpired=false
21:15:01.788 [AsyncHttpClient-1-1] DEBUG org.asynchttpclient.netty.channel.DefaultChannelPool - Closing Idle Channel [id: 0xa72a3dbd, L:/127.0.0.1:50755 ! R:localhost/127.0.0.1:50747]
21:15:01.788 [AsyncHttpClient-1-1] DEBUG org.asynchttpclient.netty.channel.DefaultChannelPool - Closed 2 connections out of 2 in 0 ms
]]></system-out>
    <system-err><![CDATA[Starting ChromeDriver 106.0.5249.61 (511755355844955cd3e264779baf0dd38212a4d0-refs/branch-heads/5249@{#569}) on port 54335
Only local connections are allowed.
Please see https://chromedriver.chromium.org/security-considerations for suggestions on keeping ChromeDriver safe.
ChromeDriver was started successfully.
[1667484895.590][WARNING]: This version of ChromeDriver has not been tested with Chrome version 107.
Nov 03, 2022 9:14:55 PM org.openqa.selenium.remote.ProtocolHandshake createSession
INFO: Detected dialect: W3C
Nov 03, 2022 9:14:55 PM org.openqa.selenium.devtools.CdpVersionFinder findNearestMatch
WARNING: Unable to find an exact match for CDP version 107, so returning the closest version found: a no-op implementation
Nov 03, 2022 9:14:55 PM org.openqa.selenium.devtools.CdpVersionFinder findNearestMatch
INFO: Unable to find CDP implementation matching 107.
Nov 03, 2022 9:14:55 PM org.openqa.selenium.chromium.ChromiumDriver lambda$new$3
WARNING: Unable to find version of CDP to use for . You may need to include a dependency on a specific version of the CDP using something similar to `org.seleniumhq.selenium:selenium-devtools-v86:4.1.2` where the version ("v86") matches the version of the chromium-based browser you're using and the version number of the artifact is the same as Selenium's.
]]></system-err>
  </testcase>
  <testcase name="Register with username and email #4" classname="Register" time="12.059">
    <system-out><![CDATA[
@Register
Scenario Outline: Register with username and email &amp#27;[90m# src/test/resources/features/Register.feature:41&amp#27;[0m
21:15:02.056 [main] INFO io.cucumber.core.plugin.SerenityReporter - Running feature from file:///C:/Users/ASUS/Desktop/stupen/miniproject/Web/ASWeb/src/test/resources/features/Register.feature
21:15:02.062 [main] INFO net.serenitybdd.core.webdriver.driverproviders.ChromeDriverProvider - Using automatically driver download
21:15:02.153 [main] DEBUG io.github.bonigarcia.wdm.cache.ResolutionCache - Resolution chrome=107 in cache (valid until 21:49:49 03/11/2022 WIB)
21:15:02.156 [main] DEBUG io.github.bonigarcia.wdm.cache.ResolutionCache - Resolution chrome107=107.0.5304.62 in cache (valid until 16:49:12 04/11/2022 WIB)
21:15:02.158 [main] INFO io.github.bonigarcia.wdm.WebDriverManager - Using chromedriver 107.0.5304.62 (resolved driver for Chrome 107)
21:15:02.165 [main] DEBUG io.github.bonigarcia.wdm.WebDriverManager - Driver chromedriver 107.0.5304.62 found in cache
21:15:02.165 [main] INFO io.github.bonigarcia.wdm.WebDriverManager - Exporting webdriver.chrome.driver as C:\Users\ASUS\.cache\selenium\chromedriver\win32\107.0.5304.62\chromedriver.exe
21:15:02.272 [main] DEBUG net.serenitybdd.core.webdriver.driverproviders.ProvideNewDriver - Instantiating driver
21:15:02.272 [main] DEBUG net.serenitybdd.core.webdriver.driverproviders.ProvideNewDriver - Driver capabilities: Capabilities {acceptInsecureCerts: false, base.url: https://alta-shop.vercel.app/, browserName: chrome, chrome.driver: src/test/resources/webdrive..., driver: chrome, goog:chromeOptions: {args: [], extensions: []}, wait.for.timeout: 10000}
21:15:02.817 [AsyncHttpClient-1-7] DEBUG org.asynchttpclient.netty.channel.NettyConnectListener - Using new Channel '[id: 0xf407fd6c, L:/127.0.0.1:50780 - R:localhost/127.0.0.1:59043]' for 'POST' to '/session'
21:15:03.532 [AsyncHttpClient-1-7] DEBUG org.asynchttpclient.netty.handler.HttpHandler - 

Request DefaultHttpRequest(decodeResult: success, version: HTTP/1.1)
POST /session HTTP/1.1
User-Agent: selenium/4.1.2 (java windows)
Content-Length: 646
Content-Type: application/json; charset=utf-8
host: localhost:59043
accept: */*

Response DefaultHttpResponse(decodeResult: success, version: HTTP/1.1)
HTTP/1.1 200 OK
Content-Type: application/json; charset=utf-8
cache-control: no-cache
content-length: 787

21:15:03.533 [AsyncHttpClient-1-7] DEBUG org.asynchttpclient.netty.channel.ChannelManager - Adding key: http://localhost:59043 for channel [id: 0xf407fd6c, L:/127.0.0.1:50780 - R:localhost/127.0.0.1:59043]
21:15:03.541 [AsyncHttpClient-1-8] DEBUG org.asynchttpclient.netty.channel.NettyConnectListener - Using new Channel '[id: 0xaad35cf6, L:/127.0.0.1:50787 - R:localhost/127.0.0.1:50781]' for 'GET' to '/json/version'
21:15:03.542 [AsyncHttpClient-1-8] DEBUG org.asynchttpclient.netty.handler.HttpHandler - 

Request DefaultFullHttpRequest(decodeResult: success, version: HTTP/1.1, content: EmptyByteBufBE)
GET /json/version HTTP/1.1
User-Agent: selenium/4.1.2 (java windows)
host: localhost:50781
accept: */*

Response DefaultHttpResponse(decodeResult: success, version: HTTP/1.1)
HTTP/1.1 200 OK
Content-Type: application/json; charset=UTF-8
content-length: 423

21:15:03.543 [AsyncHttpClient-1-8] DEBUG org.asynchttpclient.netty.channel.ChannelManager - Adding key: http://localhost:50781 for channel [id: 0xaad35cf6, L:/127.0.0.1:50787 - R:localhost/127.0.0.1:50781]
21:15:03.545 [AsyncHttpClient-1-9] DEBUG org.asynchttpclient.netty.channel.NettyConnectListener - Using new Channel '[id: 0x317803a3, L:/127.0.0.1:50788 - R:localhost/127.0.0.1:50781]' for 'GET' to '/devtools/browser/f4ef5bd3-f318-416e-b36e-7ede240e95a0'
21:15:03.546 [AsyncHttpClient-1-9] DEBUG org.asynchttpclient.netty.handler.WebSocketHandler - 

Request DefaultFullHttpRequest(decodeResult: success, version: HTTP/1.1, content: EmptyByteBufBE)
GET /devtools/browser/f4ef5bd3-f318-416e-b36e-7ede240e95a0 HTTP/1.1
upgrade: websocket
connection: upgrade
sec-websocket-key: brlo13JI5hhvJGJki6GQlQ==
sec-websocket-version: 13
origin: http://localhost:50781
host: localhost:50781
accept: */*
user-agent: AHC/2.1

Response DefaultHttpResponse(decodeResult: success, version: HTTP/1.1)
HTTP/1.1 101 WebSocket Protocol Handshake
Upgrade: WebSocket
Connection: Upgrade
Sec-WebSocket-Accept: m8zQGckZBH/fUCvfS5p4x92t2rA=

21:15:03.551 [Forwarding get on session 915bd71fb7f6d8a14e2731379fabad1e to remote] DEBUG org.asynchttpclient.netty.request.NettyRequestSender - Using pooled Channel '[id: 0xf407fd6c, L:/127.0.0.1:50780 - R:localhost/127.0.0.1:59043]' for 'POST' to 'http://localhost:59043/session/915bd71fb7f6d8a14e2731379fabad1e/url'
21:15:03.551 [Forwarding get on session 915bd71fb7f6d8a14e2731379fabad1e to remote] DEBUG org.asynchttpclient.netty.request.NettyRequestSender - Using open Channel [id: 0xf407fd6c, L:/127.0.0.1:50780 - R:localhost/127.0.0.1:59043] for POST '/session/915bd71fb7f6d8a14e2731379fabad1e/url'
21:15:03.987 [AsyncHttpClient-1-1] DEBUG org.asynchttpclient.netty.channel.DefaultChannelPool - Entry count for : http://localhost:50781 : 1
21:15:04.441 [AsyncHttpClient-1-7] DEBUG org.asynchttpclient.netty.handler.HttpHandler - 

Request DefaultHttpRequest(decodeResult: success, version: HTTP/1.1)
POST /session/915bd71fb7f6d8a14e2731379fabad1e/url HTTP/1.1
User-Agent: selenium/4.1.2 (java windows)
Content-Length: 77
Content-Type: application/json; charset=utf-8
host: localhost:59043
accept: */*

Response DefaultHttpResponse(decodeResult: success, version: HTTP/1.1)
HTTP/1.1 200 OK
Content-Type: application/json; charset=utf-8
cache-control: no-cache
content-length: 14

21:15:04.441 [AsyncHttpClient-1-7] DEBUG org.asynchttpclient.netty.channel.ChannelManager - Adding key: http://localhost:59043 for channel [id: 0xf407fd6c, L:/127.0.0.1:50780 - R:localhost/127.0.0.1:59043]
21:15:04.441 [Forwarding setTimeout on session 915bd71fb7f6d8a14e2731379fabad1e to remote] DEBUG org.asynchttpclient.netty.request.NettyRequestSender - Using pooled Channel '[id: 0xf407fd6c, L:/127.0.0.1:50780 - R:localhost/127.0.0.1:59043]' for 'POST' to 'http://localhost:59043/session/915bd71fb7f6d8a14e2731379fabad1e/timeouts'
21:15:04.441 [Forwarding setTimeout on session 915bd71fb7f6d8a14e2731379fabad1e to remote] DEBUG org.asynchttpclient.netty.request.NettyRequestSender - Using open Channel [id: 0xf407fd6c, L:/127.0.0.1:50780 - R:localhost/127.0.0.1:59043] for POST '/session/915bd71fb7f6d8a14e2731379fabad1e/timeouts'
21:15:04.442 [AsyncHttpClient-1-7] DEBUG org.asynchttpclient.netty.handler.HttpHandler - 

Request DefaultHttpRequest(decodeResult: success, version: HTTP/1.1)
POST /session/915bd71fb7f6d8a14e2731379fabad1e/timeouts HTTP/1.1
User-Agent: selenium/4.1.2 (java windows)
Content-Length: 22
Content-Type: application/json; charset=utf-8
host: localhost:59043
accept: */*

Response DefaultHttpResponse(decodeResult: success, version: HTTP/1.1)
HTTP/1.1 200 OK
Content-Type: application/json; charset=utf-8
cache-control: no-cache
content-length: 14

21:15:04.442 [AsyncHttpClient-1-7] DEBUG org.asynchttpclient.netty.channel.ChannelManager - Adding key: http://localhost:59043 for channel [id: 0xf407fd6c, L:/127.0.0.1:50780 - R:localhost/127.0.0.1:59043]
21:15:04.444 [Forwarding getCurrentUrl on session 915bd71fb7f6d8a14e2731379fabad1e to remote] DEBUG org.asynchttpclient.netty.request.NettyRequestSender - Using pooled Channel '[id: 0xf407fd6c, L:/127.0.0.1:50780 - R:localhost/127.0.0.1:59043]' for 'GET' to 'http://localhost:59043/session/915bd71fb7f6d8a14e2731379fabad1e/url'
21:15:04.444 [Forwarding getCurrentUrl on session 915bd71fb7f6d8a14e2731379fabad1e to remote] DEBUG org.asynchttpclient.netty.request.NettyRequestSender - Using open Channel [id: 0xf407fd6c, L:/127.0.0.1:50780 - R:localhost/127.0.0.1:59043] for GET '/session/915bd71fb7f6d8a14e2731379fabad1e/url'
21:15:04.448 [AsyncHttpClient-1-7] DEBUG org.asynchttpclient.netty.handler.HttpHandler - 

Request DefaultFullHttpRequest(decodeResult: success, version: HTTP/1.1, content: EmptyByteBufBE)
GET /session/915bd71fb7f6d8a14e2731379fabad1e/url HTTP/1.1
User-Agent: selenium/4.1.2 (java windows)
Cache-Control: no-cache
Content-Type: application/json; charset=utf-8
host: localhost:59043
accept: */*

Response DefaultHttpResponse(decodeResult: success, version: HTTP/1.1)
HTTP/1.1 200 OK
Content-Type: application/json; charset=utf-8
cache-control: no-cache
content-length: 54

21:15:04.449 [AsyncHttpClient-1-7] DEBUG org.asynchttpclient.netty.channel.ChannelManager - Adding key: http://localhost:59043 for channel [id: 0xf407fd6c, L:/127.0.0.1:50780 - R:localhost/127.0.0.1:59043]
  &amp#27;[32mGiven &amp#27;[0m&amp#27;[32mI open register page&amp#27;[0m                       &amp#27;[90m# starter.stepdefinitions.RegisterSteps.iOpenRegisterPage()&amp#27;[0m
21:15:04.453 [Forwarding screenshot on session 915bd71fb7f6d8a14e2731379fabad1e to remote] DEBUG org.asynchttpclient.netty.request.NettyRequestSender - Using pooled Channel '[id: 0xf407fd6c, L:/127.0.0.1:50780 - R:localhost/127.0.0.1:59043]' for 'GET' to 'http://localhost:59043/session/915bd71fb7f6d8a14e2731379fabad1e/screenshot'
21:15:04.453 [Forwarding screenshot on session 915bd71fb7f6d8a14e2731379fabad1e to remote] DEBUG org.asynchttpclient.netty.request.NettyRequestSender - Using open Channel [id: 0xf407fd6c, L:/127.0.0.1:50780 - R:localhost/127.0.0.1:59043] for GET '/session/915bd71fb7f6d8a14e2731379fabad1e/screenshot'
21:15:04.660 [AsyncHttpClient-1-7] DEBUG org.asynchttpclient.netty.handler.HttpHandler - 

Request DefaultFullHttpRequest(decodeResult: success, version: HTTP/1.1, content: EmptyByteBufBE)
GET /session/915bd71fb7f6d8a14e2731379fabad1e/screenshot HTTP/1.1
User-Agent: selenium/4.1.2 (java windows)
Cache-Control: no-cache
Content-Type: application/json; charset=utf-8
host: localhost:59043
accept: */*

Response DefaultHttpResponse(decodeResult: success, version: HTTP/1.1)
HTTP/1.1 200 OK
Content-Type: application/json; charset=utf-8
cache-control: no-cache
content-length: 45380

21:15:04.660 [AsyncHttpClient-1-7] DEBUG org.asynchttpclient.netty.channel.ChannelManager - Adding key: http://localhost:59043 for channel [id: 0xf407fd6c, L:/127.0.0.1:50780 - R:localhost/127.0.0.1:59043]
21:15:04.662 [main] DEBUG net.serenitybdd.core.photography.Darkroom - Send negative for processing for target\site\serenity\74af2a90e11b4e8cdcc90c8b8f2efe0850d173caaf4338fdd4e69cc971e1b305.png
21:15:04.668 [Forwarding findElement on session 915bd71fb7f6d8a14e2731379fabad1e to remote] DEBUG org.asynchttpclient.netty.request.NettyRequestSender - Using pooled Channel '[id: 0xf407fd6c, L:/127.0.0.1:50780 - R:localhost/127.0.0.1:59043]' for 'POST' to 'http://localhost:59043/session/915bd71fb7f6d8a14e2731379fabad1e/element'
21:15:04.668 [Forwarding findElement on session 915bd71fb7f6d8a14e2731379fabad1e to remote] DEBUG org.asynchttpclient.netty.request.NettyRequestSender - Using open Channel [id: 0xf407fd6c, L:/127.0.0.1:50780 - R:localhost/127.0.0.1:59043] for POST '/session/915bd71fb7f6d8a14e2731379fabad1e/element'
21:15:04.679 [AsyncHttpClient-1-7] DEBUG org.asynchttpclient.netty.handler.HttpHandler - 

Request DefaultHttpRequest(decodeResult: success, version: HTTP/1.1)
POST /session/915bd71fb7f6d8a14e2731379fabad1e/element HTTP/1.1
User-Agent: selenium/4.1.2 (java windows)
Content-Length: 94
Content-Type: application/json; charset=utf-8
host: localhost:59043
accept: */*

Response DefaultHttpResponse(decodeResult: success, version: HTTP/1.1)
HTTP/1.1 200 OK
Content-Type: application/json; charset=utf-8
cache-control: no-cache
content-length: 88

21:15:04.679 [AsyncHttpClient-1-7] DEBUG org.asynchttpclient.netty.channel.ChannelManager - Adding key: http://localhost:59043 for channel [id: 0xf407fd6c, L:/127.0.0.1:50780 - R:localhost/127.0.0.1:59043]
21:15:04.680 [Forwarding clearElement on session 915bd71fb7f6d8a14e2731379fabad1e to remote] DEBUG org.asynchttpclient.netty.request.NettyRequestSender - Using pooled Channel '[id: 0xf407fd6c, L:/127.0.0.1:50780 - R:localhost/127.0.0.1:59043]' for 'POST' to 'http://localhost:59043/session/915bd71fb7f6d8a14e2731379fabad1e/element/c557daa1-1a59-49a9-b3b8-cf4e5ec724ff/clear'
21:15:04.680 [Forwarding clearElement on session 915bd71fb7f6d8a14e2731379fabad1e to remote] DEBUG org.asynchttpclient.netty.request.NettyRequestSender - Using open Channel [id: 0xf407fd6c, L:/127.0.0.1:50780 - R:localhost/127.0.0.1:59043] for POST '/session/915bd71fb7f6d8a14e2731379fabad1e/element/c557daa1-1a59-49a9-b3b8-cf4e5ec724ff/clear'
21:15:04.704 [AsyncHttpClient-1-7] DEBUG org.asynchttpclient.netty.handler.HttpHandler - 

Request DefaultHttpRequest(decodeResult: success, version: HTTP/1.1)
POST /session/915bd71fb7f6d8a14e2731379fabad1e/element/c557daa1-1a59-49a9-b3b8-cf4e5ec724ff/clear HTTP/1.1
User-Agent: selenium/4.1.2 (java windows)
Content-Length: 50
Content-Type: application/json; charset=utf-8
host: localhost:59043
accept: */*

Response DefaultHttpResponse(decodeResult: success, version: HTTP/1.1)
HTTP/1.1 200 OK
Content-Type: application/json; charset=utf-8
cache-control: no-cache
content-length: 14

21:15:04.704 [AsyncHttpClient-1-7] DEBUG org.asynchttpclient.netty.channel.ChannelManager - Adding key: http://localhost:59043 for channel [id: 0xf407fd6c, L:/127.0.0.1:50780 - R:localhost/127.0.0.1:59043]
21:15:04.705 [Forwarding sendKeysToElement on session 915bd71fb7f6d8a14e2731379fabad1e to remote] DEBUG org.asynchttpclient.netty.request.NettyRequestSender - Using pooled Channel '[id: 0xf407fd6c, L:/127.0.0.1:50780 - R:localhost/127.0.0.1:59043]' for 'POST' to 'http://localhost:59043/session/915bd71fb7f6d8a14e2731379fabad1e/element/c557daa1-1a59-49a9-b3b8-cf4e5ec724ff/value'
21:15:04.705 [Forwarding sendKeysToElement on session 915bd71fb7f6d8a14e2731379fabad1e to remote] DEBUG org.asynchttpclient.netty.request.NettyRequestSender - Using open Channel [id: 0xf407fd6c, L:/127.0.0.1:50780 - R:localhost/127.0.0.1:59043] for POST '/session/915bd71fb7f6d8a14e2731379fabad1e/element/c557daa1-1a59-49a9-b3b8-cf4e5ec724ff/value'
21:15:04.739 [AsyncHttpClient-1-7] DEBUG org.asynchttpclient.netty.handler.HttpHandler - 

Request DefaultHttpRequest(decodeResult: success, version: HTTP/1.1)
POST /session/915bd71fb7f6d8a14e2731379fabad1e/element/c557daa1-1a59-49a9-b3b8-cf4e5ec724ff/value HTTP/1.1
User-Agent: selenium/4.1.2 (java windows)
Content-Length: 82
Content-Type: application/json; charset=utf-8
host: localhost:59043
accept: */*

Response DefaultHttpResponse(decodeResult: success, version: HTTP/1.1)
HTTP/1.1 200 OK
Content-Type: application/json; charset=utf-8
cache-control: no-cache
content-length: 14

21:15:04.739 [AsyncHttpClient-1-7] DEBUG org.asynchttpclient.netty.channel.ChannelManager - Adding key: http://localhost:59043 for channel [id: 0xf407fd6c, L:/127.0.0.1:50780 - R:localhost/127.0.0.1:59043]
  &amp#27;[32mWhen &amp#27;[0m&amp#27;[32mI insert &amp#27;[0m&amp#27;[32m&amp#27;[1m""&amp#27;[0m&amp#27;[32m as full name&amp#27;[0m                    &amp#27;[90m# starter.stepdefinitions.RegisterSteps.iInsertFullnameAsFullName(java.lang.String)&amp#27;[0m
21:15:04.745 [Forwarding screenshot on session 915bd71fb7f6d8a14e2731379fabad1e to remote] DEBUG org.asynchttpclient.netty.request.NettyRequestSender - Using pooled Channel '[id: 0xf407fd6c, L:/127.0.0.1:50780 - R:localhost/127.0.0.1:59043]' for 'GET' to 'http://localhost:59043/session/915bd71fb7f6d8a14e2731379fabad1e/screenshot'
21:15:04.745 [Forwarding screenshot on session 915bd71fb7f6d8a14e2731379fabad1e to remote] DEBUG org.asynchttpclient.netty.request.NettyRequestSender - Using open Channel [id: 0xf407fd6c, L:/127.0.0.1:50780 - R:localhost/127.0.0.1:59043] for GET '/session/915bd71fb7f6d8a14e2731379fabad1e/screenshot'
21:15:04.872 [AsyncHttpClient-1-7] DEBUG org.asynchttpclient.netty.handler.HttpHandler - 

Request DefaultFullHttpRequest(decodeResult: success, version: HTTP/1.1, content: EmptyByteBufBE)
GET /session/915bd71fb7f6d8a14e2731379fabad1e/screenshot HTTP/1.1
User-Agent: selenium/4.1.2 (java windows)
Cache-Control: no-cache
Content-Type: application/json; charset=utf-8
host: localhost:59043
accept: */*

Response DefaultHttpResponse(decodeResult: success, version: HTTP/1.1)
HTTP/1.1 200 OK
Content-Type: application/json; charset=utf-8
cache-control: no-cache
content-length: 45856

21:15:04.872 [AsyncHttpClient-1-7] DEBUG org.asynchttpclient.netty.channel.ChannelManager - Adding key: http://localhost:59043 for channel [id: 0xf407fd6c, L:/127.0.0.1:50780 - R:localhost/127.0.0.1:59043]
21:15:04.874 [main] DEBUG net.serenitybdd.core.photography.Darkroom - Send negative for processing for target\site\serenity\56a612a2cc347ff435b66b3915dcec4b9a3cc95a4725cd738f1e0cdafd534c7c.png
21:15:04.874 [Darkroom Processing Line] DEBUG net.serenitybdd.core.photography.DarkroomProcessingLine - Processing screenshot image in /var/screenshots/screenshot-14591951391480928154
21:15:04.874 [Darkroom Processing Line] DEBUG net.serenitybdd.core.photography.DarkroomProcessingLine - Saving screenshot to target\site\serenity\56a612a2cc347ff435b66b3915dcec4b9a3cc95a4725cd738f1e0cdafd534c7c.png
21:15:04.879 [Forwarding findElement on session 915bd71fb7f6d8a14e2731379fabad1e to remote] DEBUG org.asynchttpclient.netty.request.NettyRequestSender - Using pooled Channel '[id: 0xf407fd6c, L:/127.0.0.1:50780 - R:localhost/127.0.0.1:59043]' for 'POST' to 'http://localhost:59043/session/915bd71fb7f6d8a14e2731379fabad1e/element'
21:15:04.879 [Forwarding findElement on session 915bd71fb7f6d8a14e2731379fabad1e to remote] DEBUG org.asynchttpclient.netty.request.NettyRequestSender - Using open Channel [id: 0xf407fd6c, L:/127.0.0.1:50780 - R:localhost/127.0.0.1:59043] for POST '/session/915bd71fb7f6d8a14e2731379fabad1e/element'
21:15:04.888 [AsyncHttpClient-1-7] DEBUG org.asynchttpclient.netty.handler.HttpHandler - 

Request DefaultHttpRequest(decodeResult: success, version: HTTP/1.1)
POST /session/915bd71fb7f6d8a14e2731379fabad1e/element HTTP/1.1
User-Agent: selenium/4.1.2 (java windows)
Content-Length: 87
Content-Type: application/json; charset=utf-8
host: localhost:59043
accept: */*

Response DefaultHttpResponse(decodeResult: success, version: HTTP/1.1)
HTTP/1.1 200 OK
Content-Type: application/json; charset=utf-8
cache-control: no-cache
content-length: 88

21:15:04.888 [AsyncHttpClient-1-7] DEBUG org.asynchttpclient.netty.channel.ChannelManager - Adding key: http://localhost:59043 for channel [id: 0xf407fd6c, L:/127.0.0.1:50780 - R:localhost/127.0.0.1:59043]
21:15:04.889 [Forwarding clearElement on session 915bd71fb7f6d8a14e2731379fabad1e to remote] DEBUG org.asynchttpclient.netty.request.NettyRequestSender - Using pooled Channel '[id: 0xf407fd6c, L:/127.0.0.1:50780 - R:localhost/127.0.0.1:59043]' for 'POST' to 'http://localhost:59043/session/915bd71fb7f6d8a14e2731379fabad1e/element/0a4f3afd-b7c6-47d0-924b-f6dfc8a56141/clear'
21:15:04.889 [Forwarding clearElement on session 915bd71fb7f6d8a14e2731379fabad1e to remote] DEBUG org.asynchttpclient.netty.request.NettyRequestSender - Using open Channel [id: 0xf407fd6c, L:/127.0.0.1:50780 - R:localhost/127.0.0.1:59043] for POST '/session/915bd71fb7f6d8a14e2731379fabad1e/element/0a4f3afd-b7c6-47d0-924b-f6dfc8a56141/clear'
21:15:04.915 [AsyncHttpClient-1-7] DEBUG org.asynchttpclient.netty.handler.HttpHandler - 

Request DefaultHttpRequest(decodeResult: success, version: HTTP/1.1)
POST /session/915bd71fb7f6d8a14e2731379fabad1e/element/0a4f3afd-b7c6-47d0-924b-f6dfc8a56141/clear HTTP/1.1
User-Agent: selenium/4.1.2 (java windows)
Content-Length: 50
Content-Type: application/json; charset=utf-8
host: localhost:59043
accept: */*

Response DefaultHttpResponse(decodeResult: success, version: HTTP/1.1)
HTTP/1.1 200 OK
Content-Type: application/json; charset=utf-8
cache-control: no-cache
content-length: 14

21:15:04.915 [AsyncHttpClient-1-7] DEBUG org.asynchttpclient.netty.channel.ChannelManager - Adding key: http://localhost:59043 for channel [id: 0xf407fd6c, L:/127.0.0.1:50780 - R:localhost/127.0.0.1:59043]
21:15:04.916 [Forwarding sendKeysToElement on session 915bd71fb7f6d8a14e2731379fabad1e to remote] DEBUG org.asynchttpclient.netty.request.NettyRequestSender - Using pooled Channel '[id: 0xf407fd6c, L:/127.0.0.1:50780 - R:localhost/127.0.0.1:59043]' for 'POST' to 'http://localhost:59043/session/915bd71fb7f6d8a14e2731379fabad1e/element/0a4f3afd-b7c6-47d0-924b-f6dfc8a56141/value'
21:15:04.916 [Forwarding sendKeysToElement on session 915bd71fb7f6d8a14e2731379fabad1e to remote] DEBUG org.asynchttpclient.netty.request.NettyRequestSender - Using open Channel [id: 0xf407fd6c, L:/127.0.0.1:50780 - R:localhost/127.0.0.1:59043] for POST '/session/915bd71fb7f6d8a14e2731379fabad1e/element/0a4f3afd-b7c6-47d0-924b-f6dfc8a56141/value'
21:15:04.948 [AsyncHttpClient-1-7] DEBUG org.asynchttpclient.netty.handler.HttpHandler - 

Request DefaultHttpRequest(decodeResult: success, version: HTTP/1.1)
POST /session/915bd71fb7f6d8a14e2731379fabad1e/element/0a4f3afd-b7c6-47d0-924b-f6dfc8a56141/value HTTP/1.1
User-Agent: selenium/4.1.2 (java windows)
Content-Length: 82
Content-Type: application/json; charset=utf-8
host: localhost:59043
accept: */*

Response DefaultHttpResponse(decodeResult: success, version: HTTP/1.1)
HTTP/1.1 200 OK
Content-Type: application/json; charset=utf-8
cache-control: no-cache
content-length: 14

21:15:04.948 [AsyncHttpClient-1-7] DEBUG org.asynchttpclient.netty.channel.ChannelManager - Adding key: http://localhost:59043 for channel [id: 0xf407fd6c, L:/127.0.0.1:50780 - R:localhost/127.0.0.1:59043]
  &amp#27;[32mAnd &amp#27;[0m&amp#27;[32mI insert &amp#27;[0m&amp#27;[32m&amp#27;[1m""&amp#27;[0m&amp#27;[32m as email&amp#27;[0m                         &amp#27;[90m# starter.stepdefinitions.RegisterSteps.iInsertEmailAsEmail(java.lang.String)&amp#27;[0m
21:15:04.951 [Forwarding screenshot on session 915bd71fb7f6d8a14e2731379fabad1e to remote] DEBUG org.asynchttpclient.netty.request.NettyRequestSender - Using pooled Channel '[id: 0xf407fd6c, L:/127.0.0.1:50780 - R:localhost/127.0.0.1:59043]' for 'GET' to 'http://localhost:59043/session/915bd71fb7f6d8a14e2731379fabad1e/screenshot'
21:15:04.951 [Forwarding screenshot on session 915bd71fb7f6d8a14e2731379fabad1e to remote] DEBUG org.asynchttpclient.netty.request.NettyRequestSender - Using open Channel [id: 0xf407fd6c, L:/127.0.0.1:50780 - R:localhost/127.0.0.1:59043] for GET '/session/915bd71fb7f6d8a14e2731379fabad1e/screenshot'
21:15:05.079 [AsyncHttpClient-1-7] DEBUG org.asynchttpclient.netty.handler.HttpHandler - 

Request DefaultFullHttpRequest(decodeResult: success, version: HTTP/1.1, content: EmptyByteBufBE)
GET /session/915bd71fb7f6d8a14e2731379fabad1e/screenshot HTTP/1.1
User-Agent: selenium/4.1.2 (java windows)
Cache-Control: no-cache
Content-Type: application/json; charset=utf-8
host: localhost:59043
accept: */*

Response DefaultHttpResponse(decodeResult: success, version: HTTP/1.1)
HTTP/1.1 200 OK
Content-Type: application/json; charset=utf-8
cache-control: no-cache
content-length: 45736

21:15:05.079 [AsyncHttpClient-1-7] DEBUG org.asynchttpclient.netty.channel.ChannelManager - Adding key: http://localhost:59043 for channel [id: 0xf407fd6c, L:/127.0.0.1:50780 - R:localhost/127.0.0.1:59043]
21:15:05.080 [main] DEBUG net.serenitybdd.core.photography.Darkroom - Send negative for processing for target\site\serenity\52612fb70002eb78e0d5daea88b45ddb800bb15f82ee08d98531226035c32bcd.png
21:15:05.080 [Darkroom Processing Line] DEBUG net.serenitybdd.core.photography.DarkroomProcessingLine - Processing screenshot image in /var/screenshots/screenshot-7700678005957473032
21:15:05.080 [Darkroom Processing Line] DEBUG net.serenitybdd.core.photography.DarkroomProcessingLine - Saving screenshot to target\site\serenity\52612fb70002eb78e0d5daea88b45ddb800bb15f82ee08d98531226035c32bcd.png
21:15:05.085 [Forwarding findElement on session 915bd71fb7f6d8a14e2731379fabad1e to remote] DEBUG org.asynchttpclient.netty.request.NettyRequestSender - Using pooled Channel '[id: 0xf407fd6c, L:/127.0.0.1:50780 - R:localhost/127.0.0.1:59043]' for 'POST' to 'http://localhost:59043/session/915bd71fb7f6d8a14e2731379fabad1e/element'
21:15:05.085 [Forwarding findElement on session 915bd71fb7f6d8a14e2731379fabad1e to remote] DEBUG org.asynchttpclient.netty.request.NettyRequestSender - Using open Channel [id: 0xf407fd6c, L:/127.0.0.1:50780 - R:localhost/127.0.0.1:59043] for POST '/session/915bd71fb7f6d8a14e2731379fabad1e/element'
21:15:05.088 [AsyncHttpClient-1-1] DEBUG org.asynchttpclient.netty.channel.DefaultChannelPool - Entry count for : http://localhost:50781 : 1
21:15:05.097 [AsyncHttpClient-1-7] DEBUG org.asynchttpclient.netty.handler.HttpHandler - 

Request DefaultHttpRequest(decodeResult: success, version: HTTP/1.1)
POST /session/915bd71fb7f6d8a14e2731379fabad1e/element HTTP/1.1
User-Agent: selenium/4.1.2 (java windows)
Content-Length: 90
Content-Type: application/json; charset=utf-8
host: localhost:59043
accept: */*

Response DefaultHttpResponse(decodeResult: success, version: HTTP/1.1)
HTTP/1.1 200 OK
Content-Type: application/json; charset=utf-8
cache-control: no-cache
content-length: 88

21:15:05.097 [AsyncHttpClient-1-7] DEBUG org.asynchttpclient.netty.channel.ChannelManager - Adding key: http://localhost:59043 for channel [id: 0xf407fd6c, L:/127.0.0.1:50780 - R:localhost/127.0.0.1:59043]
21:15:05.097 [Forwarding clearElement on session 915bd71fb7f6d8a14e2731379fabad1e to remote] DEBUG org.asynchttpclient.netty.request.NettyRequestSender - Using pooled Channel '[id: 0xf407fd6c, L:/127.0.0.1:50780 - R:localhost/127.0.0.1:59043]' for 'POST' to 'http://localhost:59043/session/915bd71fb7f6d8a14e2731379fabad1e/element/ffe55580-0fbe-4e2a-ac4c-1b86f81843f9/clear'
21:15:05.098 [Forwarding clearElement on session 915bd71fb7f6d8a14e2731379fabad1e to remote] DEBUG org.asynchttpclient.netty.request.NettyRequestSender - Using open Channel [id: 0xf407fd6c, L:/127.0.0.1:50780 - R:localhost/127.0.0.1:59043] for POST '/session/915bd71fb7f6d8a14e2731379fabad1e/element/ffe55580-0fbe-4e2a-ac4c-1b86f81843f9/clear'
21:15:05.127 [AsyncHttpClient-1-7] DEBUG org.asynchttpclient.netty.handler.HttpHandler - 

Request DefaultHttpRequest(decodeResult: success, version: HTTP/1.1)
POST /session/915bd71fb7f6d8a14e2731379fabad1e/element/ffe55580-0fbe-4e2a-ac4c-1b86f81843f9/clear HTTP/1.1
User-Agent: selenium/4.1.2 (java windows)
Content-Length: 50
Content-Type: application/json; charset=utf-8
host: localhost:59043
accept: */*

Response DefaultHttpResponse(decodeResult: success, version: HTTP/1.1)
HTTP/1.1 200 OK
Content-Type: application/json; charset=utf-8
cache-control: no-cache
content-length: 14

21:15:05.128 [AsyncHttpClient-1-7] DEBUG org.asynchttpclient.netty.channel.ChannelManager - Adding key: http://localhost:59043 for channel [id: 0xf407fd6c, L:/127.0.0.1:50780 - R:localhost/127.0.0.1:59043]
21:15:05.129 [Forwarding sendKeysToElement on session 915bd71fb7f6d8a14e2731379fabad1e to remote] DEBUG org.asynchttpclient.netty.request.NettyRequestSender - Using pooled Channel '[id: 0xf407fd6c, L:/127.0.0.1:50780 - R:localhost/127.0.0.1:59043]' for 'POST' to 'http://localhost:59043/session/915bd71fb7f6d8a14e2731379fabad1e/element/ffe55580-0fbe-4e2a-ac4c-1b86f81843f9/value'
21:15:05.129 [Forwarding sendKeysToElement on session 915bd71fb7f6d8a14e2731379fabad1e to remote] DEBUG org.asynchttpclient.netty.request.NettyRequestSender - Using open Channel [id: 0xf407fd6c, L:/127.0.0.1:50780 - R:localhost/127.0.0.1:59043] for POST '/session/915bd71fb7f6d8a14e2731379fabad1e/element/ffe55580-0fbe-4e2a-ac4c-1b86f81843f9/value'
21:15:05.160 [AsyncHttpClient-1-7] DEBUG org.asynchttpclient.netty.handler.HttpHandler - 

Request DefaultHttpRequest(decodeResult: success, version: HTTP/1.1)
POST /session/915bd71fb7f6d8a14e2731379fabad1e/element/ffe55580-0fbe-4e2a-ac4c-1b86f81843f9/value HTTP/1.1
User-Agent: selenium/4.1.2 (java windows)
Content-Length: 82
Content-Type: application/json; charset=utf-8
host: localhost:59043
accept: */*

Response DefaultHttpResponse(decodeResult: success, version: HTTP/1.1)
HTTP/1.1 200 OK
Content-Type: application/json; charset=utf-8
cache-control: no-cache
content-length: 14

21:15:05.160 [AsyncHttpClient-1-7] DEBUG org.asynchttpclient.netty.channel.ChannelManager - Adding key: http://localhost:59043 for channel [id: 0xf407fd6c, L:/127.0.0.1:50780 - R:localhost/127.0.0.1:59043]
  &amp#27;[32mAnd &amp#27;[0m&amp#27;[32mI insert &amp#27;[0m&amp#27;[32m&amp#27;[1m""&amp#27;[0m&amp#27;[32m as password&amp#27;[0m                      &amp#27;[90m# starter.stepdefinitions.RegisterSteps.iInsertPasswordAsPassword(java.lang.String)&amp#27;[0m
21:15:05.167 [Forwarding screenshot on session 915bd71fb7f6d8a14e2731379fabad1e to remote] DEBUG org.asynchttpclient.netty.request.NettyRequestSender - Using pooled Channel '[id: 0xf407fd6c, L:/127.0.0.1:50780 - R:localhost/127.0.0.1:59043]' for 'GET' to 'http://localhost:59043/session/915bd71fb7f6d8a14e2731379fabad1e/screenshot'
21:15:05.167 [Forwarding screenshot on session 915bd71fb7f6d8a14e2731379fabad1e to remote] DEBUG org.asynchttpclient.netty.request.NettyRequestSender - Using open Channel [id: 0xf407fd6c, L:/127.0.0.1:50780 - R:localhost/127.0.0.1:59043] for GET '/session/915bd71fb7f6d8a14e2731379fabad1e/screenshot'
21:15:05.303 [AsyncHttpClient-1-7] DEBUG org.asynchttpclient.netty.handler.HttpHandler - 

Request DefaultFullHttpRequest(decodeResult: success, version: HTTP/1.1, content: EmptyByteBufBE)
GET /session/915bd71fb7f6d8a14e2731379fabad1e/screenshot HTTP/1.1
User-Agent: selenium/4.1.2 (java windows)
Cache-Control: no-cache
Content-Type: application/json; charset=utf-8
host: localhost:59043
accept: */*

Response DefaultHttpResponse(decodeResult: success, version: HTTP/1.1)
HTTP/1.1 200 OK
Content-Type: application/json; charset=utf-8
cache-control: no-cache
content-length: 47916

21:15:05.303 [AsyncHttpClient-1-7] DEBUG org.asynchttpclient.netty.channel.ChannelManager - Adding key: http://localhost:59043 for channel [id: 0xf407fd6c, L:/127.0.0.1:50780 - R:localhost/127.0.0.1:59043]
21:15:05.304 [main] DEBUG net.serenitybdd.core.photography.Darkroom - Send negative for processing for target\site\serenity\178a93c72fedbe979475cb8fc0d3d825cbac95bf38c5e691eb86e1e5bce0382d.png
21:15:05.304 [Darkroom Processing Line] DEBUG net.serenitybdd.core.photography.DarkroomProcessingLine - Processing screenshot image in /var/screenshots/screenshot-12121138004754200038
21:15:05.305 [Darkroom Processing Line] DEBUG net.serenitybdd.core.photography.DarkroomProcessingLine - Saving screenshot to target\site\serenity\178a93c72fedbe979475cb8fc0d3d825cbac95bf38c5e691eb86e1e5bce0382d.png
21:15:05.311 [Forwarding findElement on session 915bd71fb7f6d8a14e2731379fabad1e to remote] DEBUG org.asynchttpclient.netty.request.NettyRequestSender - Using pooled Channel '[id: 0xf407fd6c, L:/127.0.0.1:50780 - R:localhost/127.0.0.1:59043]' for 'POST' to 'http://localhost:59043/session/915bd71fb7f6d8a14e2731379fabad1e/element'
21:15:05.311 [Forwarding findElement on session 915bd71fb7f6d8a14e2731379fabad1e to remote] DEBUG org.asynchttpclient.netty.request.NettyRequestSender - Using open Channel [id: 0xf407fd6c, L:/127.0.0.1:50780 - R:localhost/127.0.0.1:59043] for POST '/session/915bd71fb7f6d8a14e2731379fabad1e/element'
21:15:05.320 [AsyncHttpClient-1-7] DEBUG org.asynchttpclient.netty.handler.HttpHandler - 

Request DefaultHttpRequest(decodeResult: success, version: HTTP/1.1)
POST /session/915bd71fb7f6d8a14e2731379fabad1e/element HTTP/1.1
User-Agent: selenium/4.1.2 (java windows)
Content-Length: 84
Content-Type: application/json; charset=utf-8
host: localhost:59043
accept: */*

Response DefaultHttpResponse(decodeResult: success, version: HTTP/1.1)
HTTP/1.1 200 OK
Content-Type: application/json; charset=utf-8
cache-control: no-cache
content-length: 88

21:15:05.320 [AsyncHttpClient-1-7] DEBUG org.asynchttpclient.netty.channel.ChannelManager - Adding key: http://localhost:59043 for channel [id: 0xf407fd6c, L:/127.0.0.1:50780 - R:localhost/127.0.0.1:59043]
21:15:05.321 [Forwarding getElementTagName on session 915bd71fb7f6d8a14e2731379fabad1e to remote] DEBUG org.asynchttpclient.netty.request.NettyRequestSender - Using pooled Channel '[id: 0xf407fd6c, L:/127.0.0.1:50780 - R:localhost/127.0.0.1:59043]' for 'GET' to 'http://localhost:59043/session/915bd71fb7f6d8a14e2731379fabad1e/element/99bd660f-f507-4944-8619-5600fe374b58/name'
21:15:05.321 [Forwarding getElementTagName on session 915bd71fb7f6d8a14e2731379fabad1e to remote] DEBUG org.asynchttpclient.netty.request.NettyRequestSender - Using open Channel [id: 0xf407fd6c, L:/127.0.0.1:50780 - R:localhost/127.0.0.1:59043] for GET '/session/915bd71fb7f6d8a14e2731379fabad1e/element/99bd660f-f507-4944-8619-5600fe374b58/name'
21:15:05.326 [AsyncHttpClient-1-7] DEBUG org.asynchttpclient.netty.handler.HttpHandler - 

Request DefaultFullHttpRequest(decodeResult: success, version: HTTP/1.1, content: EmptyByteBufBE)
GET /session/915bd71fb7f6d8a14e2731379fabad1e/element/99bd660f-f507-4944-8619-5600fe374b58/name HTTP/1.1
User-Agent: selenium/4.1.2 (java windows)
Cache-Control: no-cache
Content-Type: application/json; charset=utf-8
host: localhost:59043
accept: */*

Response DefaultHttpResponse(decodeResult: success, version: HTTP/1.1)
HTTP/1.1 200 OK
Content-Type: application/json; charset=utf-8
cache-control: no-cache
content-length: 16

21:15:05.326 [AsyncHttpClient-1-7] DEBUG org.asynchttpclient.netty.channel.ChannelManager - Adding key: http://localhost:59043 for channel [id: 0xf407fd6c, L:/127.0.0.1:50780 - R:localhost/127.0.0.1:59043]
21:15:05.328 [Forwarding getElementTagName on session 915bd71fb7f6d8a14e2731379fabad1e to remote] DEBUG org.asynchttpclient.netty.request.NettyRequestSender - Using pooled Channel '[id: 0xf407fd6c, L:/127.0.0.1:50780 - R:localhost/127.0.0.1:59043]' for 'GET' to 'http://localhost:59043/session/915bd71fb7f6d8a14e2731379fabad1e/element/99bd660f-f507-4944-8619-5600fe374b58/name'
21:15:05.328 [Forwarding getElementTagName on session 915bd71fb7f6d8a14e2731379fabad1e to remote] DEBUG org.asynchttpclient.netty.request.NettyRequestSender - Using open Channel [id: 0xf407fd6c, L:/127.0.0.1:50780 - R:localhost/127.0.0.1:59043] for GET '/session/915bd71fb7f6d8a14e2731379fabad1e/element/99bd660f-f507-4944-8619-5600fe374b58/name'
21:15:05.330 [AsyncHttpClient-1-7] DEBUG org.asynchttpclient.netty.handler.HttpHandler - 

Request DefaultFullHttpRequest(decodeResult: success, version: HTTP/1.1, content: EmptyByteBufBE)
GET /session/915bd71fb7f6d8a14e2731379fabad1e/element/99bd660f-f507-4944-8619-5600fe374b58/name HTTP/1.1
User-Agent: selenium/4.1.2 (java windows)
Cache-Control: no-cache
Content-Type: application/json; charset=utf-8
host: localhost:59043
accept: */*

Response DefaultHttpResponse(decodeResult: success, version: HTTP/1.1)
HTTP/1.1 200 OK
Content-Type: application/json; charset=utf-8
cache-control: no-cache
content-length: 16

21:15:05.330 [AsyncHttpClient-1-7] DEBUG org.asynchttpclient.netty.channel.ChannelManager - Adding key: http://localhost:59043 for channel [id: 0xf407fd6c, L:/127.0.0.1:50780 - R:localhost/127.0.0.1:59043]
21:15:05.331 [Forwarding findElement on session 915bd71fb7f6d8a14e2731379fabad1e to remote] DEBUG org.asynchttpclient.netty.request.NettyRequestSender - Using pooled Channel '[id: 0xf407fd6c, L:/127.0.0.1:50780 - R:localhost/127.0.0.1:59043]' for 'POST' to 'http://localhost:59043/session/915bd71fb7f6d8a14e2731379fabad1e/element'
21:15:05.331 [Forwarding findElement on session 915bd71fb7f6d8a14e2731379fabad1e to remote] DEBUG org.asynchttpclient.netty.request.NettyRequestSender - Using open Channel [id: 0xf407fd6c, L:/127.0.0.1:50780 - R:localhost/127.0.0.1:59043] for POST '/session/915bd71fb7f6d8a14e2731379fabad1e/element'
21:15:05.337 [AsyncHttpClient-1-7] DEBUG org.asynchttpclient.netty.handler.HttpHandler - 

Request DefaultHttpRequest(decodeResult: success, version: HTTP/1.1)
POST /session/915bd71fb7f6d8a14e2731379fabad1e/element HTTP/1.1
User-Agent: selenium/4.1.2 (java windows)
Content-Length: 84
Content-Type: application/json; charset=utf-8
host: localhost:59043
accept: */*

Response DefaultHttpResponse(decodeResult: success, version: HTTP/1.1)
HTTP/1.1 200 OK
Content-Type: application/json; charset=utf-8
cache-control: no-cache
content-length: 88

21:15:05.337 [AsyncHttpClient-1-7] DEBUG org.asynchttpclient.netty.channel.ChannelManager - Adding key: http://localhost:59043 for channel [id: 0xf407fd6c, L:/127.0.0.1:50780 - R:localhost/127.0.0.1:59043]
21:15:05.338 [Forwarding clickElement on session 915bd71fb7f6d8a14e2731379fabad1e to remote] DEBUG org.asynchttpclient.netty.request.NettyRequestSender - Using pooled Channel '[id: 0xf407fd6c, L:/127.0.0.1:50780 - R:localhost/127.0.0.1:59043]' for 'POST' to 'http://localhost:59043/session/915bd71fb7f6d8a14e2731379fabad1e/element/99bd660f-f507-4944-8619-5600fe374b58/click'
21:15:05.338 [Forwarding clickElement on session 915bd71fb7f6d8a14e2731379fabad1e to remote] DEBUG org.asynchttpclient.netty.request.NettyRequestSender - Using open Channel [id: 0xf407fd6c, L:/127.0.0.1:50780 - R:localhost/127.0.0.1:59043] for POST '/session/915bd71fb7f6d8a14e2731379fabad1e/element/99bd660f-f507-4944-8619-5600fe374b58/click'
21:15:05.380 [AsyncHttpClient-1-7] DEBUG org.asynchttpclient.netty.handler.HttpHandler - 

Request DefaultHttpRequest(decodeResult: success, version: HTTP/1.1)
POST /session/915bd71fb7f6d8a14e2731379fabad1e/element/99bd660f-f507-4944-8619-5600fe374b58/click HTTP/1.1
User-Agent: selenium/4.1.2 (java windows)
Content-Length: 50
Content-Type: application/json; charset=utf-8
host: localhost:59043
accept: */*

Response DefaultHttpResponse(decodeResult: success, version: HTTP/1.1)
HTTP/1.1 200 OK
Content-Type: application/json; charset=utf-8
cache-control: no-cache
content-length: 14

21:15:05.381 [AsyncHttpClient-1-7] DEBUG org.asynchttpclient.netty.channel.ChannelManager - Adding key: http://localhost:59043 for channel [id: 0xf407fd6c, L:/127.0.0.1:50780 - R:localhost/127.0.0.1:59043]
  &amp#27;[32mAnd &amp#27;[0m&amp#27;[32mI click register&amp#27;[0m                             &amp#27;[90m# starter.stepdefinitions.RegisterSteps.iClickRegister()&amp#27;[0m
21:15:05.388 [Forwarding screenshot on session 915bd71fb7f6d8a14e2731379fabad1e to remote] DEBUG org.asynchttpclient.netty.request.NettyRequestSender - Using pooled Channel '[id: 0xf407fd6c, L:/127.0.0.1:50780 - R:localhost/127.0.0.1:59043]' for 'GET' to 'http://localhost:59043/session/915bd71fb7f6d8a14e2731379fabad1e/screenshot'
21:15:05.388 [Forwarding screenshot on session 915bd71fb7f6d8a14e2731379fabad1e to remote] DEBUG org.asynchttpclient.netty.request.NettyRequestSender - Using open Channel [id: 0xf407fd6c, L:/127.0.0.1:50780 - R:localhost/127.0.0.1:59043] for GET '/session/915bd71fb7f6d8a14e2731379fabad1e/screenshot'
21:15:05.536 [AsyncHttpClient-1-7] DEBUG org.asynchttpclient.netty.handler.HttpHandler - 

Request DefaultFullHttpRequest(decodeResult: success, version: HTTP/1.1, content: EmptyByteBufBE)
GET /session/915bd71fb7f6d8a14e2731379fabad1e/screenshot HTTP/1.1
User-Agent: selenium/4.1.2 (java windows)
Cache-Control: no-cache
Content-Type: application/json; charset=utf-8
host: localhost:59043
accept: */*

Response DefaultHttpResponse(decodeResult: success, version: HTTP/1.1)
HTTP/1.1 200 OK
Content-Type: application/json; charset=utf-8
cache-control: no-cache
content-length: 46784

21:15:05.536 [AsyncHttpClient-1-7] DEBUG org.asynchttpclient.netty.channel.ChannelManager - Adding key: http://localhost:59043 for channel [id: 0xf407fd6c, L:/127.0.0.1:50780 - R:localhost/127.0.0.1:59043]
21:15:05.537 [main] DEBUG net.serenitybdd.core.photography.Darkroom - Send negative for processing for target\site\serenity\68d6cd872655b79f957b72e9b395f05633b8bdbef6d8ffe2bbef9e1932721f83.png
21:15:05.538 [Darkroom Processing Line] DEBUG net.serenitybdd.core.photography.DarkroomProcessingLine - Processing screenshot image in /var/screenshots/screenshot-17421856142196587171
21:15:05.538 [Darkroom Processing Line] DEBUG net.serenitybdd.core.photography.DarkroomProcessingLine - Saving screenshot to target\site\serenity\68d6cd872655b79f957b72e9b395f05633b8bdbef6d8ffe2bbef9e1932721f83.png
21:15:05.545 [Forwarding findElement on session 915bd71fb7f6d8a14e2731379fabad1e to remote] DEBUG org.asynchttpclient.netty.request.NettyRequestSender - Using pooled Channel '[id: 0xf407fd6c, L:/127.0.0.1:50780 - R:localhost/127.0.0.1:59043]' for 'POST' to 'http://localhost:59043/session/915bd71fb7f6d8a14e2731379fabad1e/element'
21:15:05.545 [Forwarding findElement on session 915bd71fb7f6d8a14e2731379fabad1e to remote] DEBUG org.asynchttpclient.netty.request.NettyRequestSender - Using open Channel [id: 0xf407fd6c, L:/127.0.0.1:50780 - R:localhost/127.0.0.1:59043] for POST '/session/915bd71fb7f6d8a14e2731379fabad1e/element'
21:15:06.190 [AsyncHttpClient-1-1] DEBUG org.asynchttpclient.netty.channel.DefaultChannelPool - Entry count for : http://localhost:50781 : 1
21:15:07.288 [AsyncHttpClient-1-1] DEBUG org.asynchttpclient.netty.channel.DefaultChannelPool - Entry count for : http://localhost:50781 : 1
21:15:07.604 [AsyncHttpClient-1-7] DEBUG org.asynchttpclient.netty.handler.HttpHandler - 

Request DefaultHttpRequest(decodeResult: success, version: HTTP/1.1)
POST /session/915bd71fb7f6d8a14e2731379fabad1e/element HTTP/1.1
User-Agent: selenium/4.1.2 (java windows)
Content-Length: 59
Content-Type: application/json; charset=utf-8
host: localhost:59043
accept: */*

Response DefaultHttpResponse(decodeResult: success, version: HTTP/1.1)
HTTP/1.1 404 Not Found
Content-Type: application/json; charset=utf-8
cache-control: no-cache
content-length: 1013

21:15:07.604 [AsyncHttpClient-1-7] DEBUG org.asynchttpclient.netty.channel.ChannelManager - Adding key: http://localhost:59043 for channel [id: 0xf407fd6c, L:/127.0.0.1:50780 - R:localhost/127.0.0.1:59043]
21:15:07.706 [Forwarding findElement on session 915bd71fb7f6d8a14e2731379fabad1e to remote] DEBUG org.asynchttpclient.netty.request.NettyRequestSender - Using pooled Channel '[id: 0xf407fd6c, L:/127.0.0.1:50780 - R:localhost/127.0.0.1:59043]' for 'POST' to 'http://localhost:59043/session/915bd71fb7f6d8a14e2731379fabad1e/element'
21:15:07.706 [Forwarding findElement on session 915bd71fb7f6d8a14e2731379fabad1e to remote] DEBUG org.asynchttpclient.netty.request.NettyRequestSender - Using open Channel [id: 0xf407fd6c, L:/127.0.0.1:50780 - R:localhost/127.0.0.1:59043] for POST '/session/915bd71fb7f6d8a14e2731379fabad1e/element'
21:15:08.387 [AsyncHttpClient-1-1] DEBUG org.asynchttpclient.netty.channel.DefaultChannelPool - Entry count for : http://localhost:50781 : 1
21:15:09.487 [AsyncHttpClient-1-1] DEBUG org.asynchttpclient.netty.channel.DefaultChannelPool - Entry count for : http://localhost:50781 : 1
21:15:09.747 [AsyncHttpClient-1-7] DEBUG org.asynchttpclient.netty.handler.HttpHandler - 

Request DefaultHttpRequest(decodeResult: success, version: HTTP/1.1)
POST /session/915bd71fb7f6d8a14e2731379fabad1e/element HTTP/1.1
User-Agent: selenium/4.1.2 (java windows)
Content-Length: 59
Content-Type: application/json; charset=utf-8
host: localhost:59043
accept: */*

Response DefaultHttpResponse(decodeResult: success, version: HTTP/1.1)
HTTP/1.1 404 Not Found
Content-Type: application/json; charset=utf-8
cache-control: no-cache
content-length: 1013

21:15:09.747 [AsyncHttpClient-1-7] DEBUG org.asynchttpclient.netty.channel.ChannelManager - Adding key: http://localhost:59043 for channel [id: 0xf407fd6c, L:/127.0.0.1:50780 - R:localhost/127.0.0.1:59043]
21:15:09.850 [Forwarding findElement on session 915bd71fb7f6d8a14e2731379fabad1e to remote] DEBUG org.asynchttpclient.netty.request.NettyRequestSender - Using pooled Channel '[id: 0xf407fd6c, L:/127.0.0.1:50780 - R:localhost/127.0.0.1:59043]' for 'POST' to 'http://localhost:59043/session/915bd71fb7f6d8a14e2731379fabad1e/element'
21:15:09.850 [Forwarding findElement on session 915bd71fb7f6d8a14e2731379fabad1e to remote] DEBUG org.asynchttpclient.netty.request.NettyRequestSender - Using open Channel [id: 0xf407fd6c, L:/127.0.0.1:50780 - R:localhost/127.0.0.1:59043] for POST '/session/915bd71fb7f6d8a14e2731379fabad1e/element'
21:15:10.587 [AsyncHttpClient-1-1] DEBUG org.asynchttpclient.netty.channel.DefaultChannelPool - Entry count for : http://localhost:50781 : 1
21:15:11.695 [AsyncHttpClient-1-1] DEBUG org.asynchttpclient.netty.channel.DefaultChannelPool - Entry count for : http://localhost:50781 : 1
21:15:11.909 [AsyncHttpClient-1-7] DEBUG org.asynchttpclient.netty.handler.HttpHandler - 

Request DefaultHttpRequest(decodeResult: success, version: HTTP/1.1)
POST /session/915bd71fb7f6d8a14e2731379fabad1e/element HTTP/1.1
User-Agent: selenium/4.1.2 (java windows)
Content-Length: 59
Content-Type: application/json; charset=utf-8
host: localhost:59043
accept: */*

Response DefaultHttpResponse(decodeResult: success, version: HTTP/1.1)
HTTP/1.1 404 Not Found
Content-Type: application/json; charset=utf-8
cache-control: no-cache
content-length: 1013

21:15:11.911 [AsyncHttpClient-1-7] DEBUG org.asynchttpclient.netty.channel.ChannelManager - Adding key: http://localhost:59043 for channel [id: 0xf407fd6c, L:/127.0.0.1:50780 - R:localhost/127.0.0.1:59043]
21:15:12.022 [Forwarding findElement on session 915bd71fb7f6d8a14e2731379fabad1e to remote] DEBUG org.asynchttpclient.netty.request.NettyRequestSender - Using pooled Channel '[id: 0xf407fd6c, L:/127.0.0.1:50780 - R:localhost/127.0.0.1:59043]' for 'POST' to 'http://localhost:59043/session/915bd71fb7f6d8a14e2731379fabad1e/element'
21:15:12.022 [Forwarding findElement on session 915bd71fb7f6d8a14e2731379fabad1e to remote] DEBUG org.asynchttpclient.netty.request.NettyRequestSender - Using open Channel [id: 0xf407fd6c, L:/127.0.0.1:50780 - R:localhost/127.0.0.1:59043] for POST '/session/915bd71fb7f6d8a14e2731379fabad1e/element'
21:15:12.536 [AsyncHttpClient-1-7] DEBUG org.asynchttpclient.netty.handler.HttpHandler - 

Request DefaultHttpRequest(decodeResult: success, version: HTTP/1.1)
POST /session/915bd71fb7f6d8a14e2731379fabad1e/element HTTP/1.1
User-Agent: selenium/4.1.2 (java windows)
Content-Length: 59
Content-Type: application/json; charset=utf-8
host: localhost:59043
accept: */*

Response DefaultHttpResponse(decodeResult: success, version: HTTP/1.1)
HTTP/1.1 200 OK
Content-Type: application/json; charset=utf-8
cache-control: no-cache
content-length: 88

21:15:12.536 [AsyncHttpClient-1-7] DEBUG org.asynchttpclient.netty.channel.ChannelManager - Adding key: http://localhost:59043 for channel [id: 0xf407fd6c, L:/127.0.0.1:50780 - R:localhost/127.0.0.1:59043]
21:15:12.539 [Forwarding isElementDisplayed on session 915bd71fb7f6d8a14e2731379fabad1e to remote] DEBUG org.asynchttpclient.netty.request.NettyRequestSender - Using pooled Channel '[id: 0xf407fd6c, L:/127.0.0.1:50780 - R:localhost/127.0.0.1:59043]' for 'POST' to 'http://localhost:59043/session/915bd71fb7f6d8a14e2731379fabad1e/execute/sync'
21:15:12.539 [Forwarding isElementDisplayed on session 915bd71fb7f6d8a14e2731379fabad1e to remote] DEBUG org.asynchttpclient.netty.request.NettyRequestSender - Using open Channel [id: 0xf407fd6c, L:/127.0.0.1:50780 - R:localhost/127.0.0.1:59043] for POST '/session/915bd71fb7f6d8a14e2731379fabad1e/execute/sync'
21:15:12.551 [AsyncHttpClient-1-7] DEBUG org.asynchttpclient.netty.handler.HttpHandler - 

Request DefaultHttpRequest(decodeResult: success, version: HTTP/1.1)
POST /session/915bd71fb7f6d8a14e2731379fabad1e/execute/sync HTTP/1.1
User-Agent: selenium/4.1.2 (java windows)
Content-Length: 48780
Content-Type: application/json; charset=utf-8
host: localhost:59043
accept: */*

Response DefaultHttpResponse(decodeResult: success, version: HTTP/1.1)
HTTP/1.1 200 OK
Content-Type: application/json; charset=utf-8
cache-control: no-cache
content-length: 14

21:15:12.551 [AsyncHttpClient-1-7] DEBUG org.asynchttpclient.netty.channel.ChannelManager - Adding key: http://localhost:59043 for channel [id: 0xf407fd6c, L:/127.0.0.1:50780 - R:localhost/127.0.0.1:59043]
21:15:12.553 [Forwarding findElement on session 915bd71fb7f6d8a14e2731379fabad1e to remote] DEBUG org.asynchttpclient.netty.request.NettyRequestSender - Using pooled Channel '[id: 0xf407fd6c, L:/127.0.0.1:50780 - R:localhost/127.0.0.1:59043]' for 'POST' to 'http://localhost:59043/session/915bd71fb7f6d8a14e2731379fabad1e/element'
21:15:12.553 [Forwarding findElement on session 915bd71fb7f6d8a14e2731379fabad1e to remote] DEBUG org.asynchttpclient.netty.request.NettyRequestSender - Using open Channel [id: 0xf407fd6c, L:/127.0.0.1:50780 - R:localhost/127.0.0.1:59043] for POST '/session/915bd71fb7f6d8a14e2731379fabad1e/element'
21:15:12.559 [AsyncHttpClient-1-7] DEBUG org.asynchttpclient.netty.handler.HttpHandler - 

Request DefaultHttpRequest(decodeResult: success, version: HTTP/1.1)
POST /session/915bd71fb7f6d8a14e2731379fabad1e/element HTTP/1.1
User-Agent: selenium/4.1.2 (java windows)
Content-Length: 59
Content-Type: application/json; charset=utf-8
host: localhost:59043
accept: */*

Response DefaultHttpResponse(decodeResult: success, version: HTTP/1.1)
HTTP/1.1 200 OK
Content-Type: application/json; charset=utf-8
cache-control: no-cache
content-length: 88

21:15:12.559 [AsyncHttpClient-1-7] DEBUG org.asynchttpclient.netty.channel.ChannelManager - Adding key: http://localhost:59043 for channel [id: 0xf407fd6c, L:/127.0.0.1:50780 - R:localhost/127.0.0.1:59043]
21:15:12.561 [Forwarding isElementDisplayed on session 915bd71fb7f6d8a14e2731379fabad1e to remote] DEBUG org.asynchttpclient.netty.request.NettyRequestSender - Using pooled Channel '[id: 0xf407fd6c, L:/127.0.0.1:50780 - R:localhost/127.0.0.1:59043]' for 'POST' to 'http://localhost:59043/session/915bd71fb7f6d8a14e2731379fabad1e/execute/sync'
21:15:12.561 [Forwarding isElementDisplayed on session 915bd71fb7f6d8a14e2731379fabad1e to remote] DEBUG org.asynchttpclient.netty.request.NettyRequestSender - Using open Channel [id: 0xf407fd6c, L:/127.0.0.1:50780 - R:localhost/127.0.0.1:59043] for POST '/session/915bd71fb7f6d8a14e2731379fabad1e/execute/sync'
21:15:12.573 [AsyncHttpClient-1-7] DEBUG org.asynchttpclient.netty.handler.HttpHandler - 

Request DefaultHttpRequest(decodeResult: success, version: HTTP/1.1)
POST /session/915bd71fb7f6d8a14e2731379fabad1e/execute/sync HTTP/1.1
User-Agent: selenium/4.1.2 (java windows)
Content-Length: 48780
Content-Type: application/json; charset=utf-8
host: localhost:59043
accept: */*

Response DefaultHttpResponse(decodeResult: success, version: HTTP/1.1)
HTTP/1.1 200 OK
Content-Type: application/json; charset=utf-8
cache-control: no-cache
content-length: 14

21:15:12.573 [AsyncHttpClient-1-7] DEBUG org.asynchttpclient.netty.channel.ChannelManager - Adding key: http://localhost:59043 for channel [id: 0xf407fd6c, L:/127.0.0.1:50780 - R:localhost/127.0.0.1:59043]
21:15:12.574 [Forwarding findElement on session 915bd71fb7f6d8a14e2731379fabad1e to remote] DEBUG org.asynchttpclient.netty.request.NettyRequestSender - Using pooled Channel '[id: 0xf407fd6c, L:/127.0.0.1:50780 - R:localhost/127.0.0.1:59043]' for 'POST' to 'http://localhost:59043/session/915bd71fb7f6d8a14e2731379fabad1e/element'
21:15:12.574 [Forwarding findElement on session 915bd71fb7f6d8a14e2731379fabad1e to remote] DEBUG org.asynchttpclient.netty.request.NettyRequestSender - Using open Channel [id: 0xf407fd6c, L:/127.0.0.1:50780 - R:localhost/127.0.0.1:59043] for POST '/session/915bd71fb7f6d8a14e2731379fabad1e/element'
21:15:12.581 [AsyncHttpClient-1-7] DEBUG org.asynchttpclient.netty.handler.HttpHandler - 

Request DefaultHttpRequest(decodeResult: success, version: HTTP/1.1)
POST /session/915bd71fb7f6d8a14e2731379fabad1e/element HTTP/1.1
User-Agent: selenium/4.1.2 (java windows)
Content-Length: 84
Content-Type: application/json; charset=utf-8
host: localhost:59043
accept: */*

Response DefaultHttpResponse(decodeResult: success, version: HTTP/1.1)
HTTP/1.1 200 OK
Content-Type: application/json; charset=utf-8
cache-control: no-cache
content-length: 88

21:15:12.581 [AsyncHttpClient-1-7] DEBUG org.asynchttpclient.netty.channel.ChannelManager - Adding key: http://localhost:59043 for channel [id: 0xf407fd6c, L:/127.0.0.1:50780 - R:localhost/127.0.0.1:59043]
21:15:12.582 [Forwarding getElementTagName on session 915bd71fb7f6d8a14e2731379fabad1e to remote] DEBUG org.asynchttpclient.netty.request.NettyRequestSender - Using pooled Channel '[id: 0xf407fd6c, L:/127.0.0.1:50780 - R:localhost/127.0.0.1:59043]' for 'GET' to 'http://localhost:59043/session/915bd71fb7f6d8a14e2731379fabad1e/element/99bd660f-f507-4944-8619-5600fe374b58/name'
21:15:12.582 [Forwarding getElementTagName on session 915bd71fb7f6d8a14e2731379fabad1e to remote] DEBUG org.asynchttpclient.netty.request.NettyRequestSender - Using open Channel [id: 0xf407fd6c, L:/127.0.0.1:50780 - R:localhost/127.0.0.1:59043] for GET '/session/915bd71fb7f6d8a14e2731379fabad1e/element/99bd660f-f507-4944-8619-5600fe374b58/name'
21:15:12.585 [AsyncHttpClient-1-7] DEBUG org.asynchttpclient.netty.handler.HttpHandler - 

Request DefaultFullHttpRequest(decodeResult: success, version: HTTP/1.1, content: EmptyByteBufBE)
GET /session/915bd71fb7f6d8a14e2731379fabad1e/element/99bd660f-f507-4944-8619-5600fe374b58/name HTTP/1.1
User-Agent: selenium/4.1.2 (java windows)
Cache-Control: no-cache
Content-Type: application/json; charset=utf-8
host: localhost:59043
accept: */*

Response DefaultHttpResponse(decodeResult: success, version: HTTP/1.1)
HTTP/1.1 200 OK
Content-Type: application/json; charset=utf-8
cache-control: no-cache
content-length: 16

21:15:12.585 [AsyncHttpClient-1-7] DEBUG org.asynchttpclient.netty.channel.ChannelManager - Adding key: http://localhost:59043 for channel [id: 0xf407fd6c, L:/127.0.0.1:50780 - R:localhost/127.0.0.1:59043]
21:15:12.586 [Forwarding getElementTagName on session 915bd71fb7f6d8a14e2731379fabad1e to remote] DEBUG org.asynchttpclient.netty.request.NettyRequestSender - Using pooled Channel '[id: 0xf407fd6c, L:/127.0.0.1:50780 - R:localhost/127.0.0.1:59043]' for 'GET' to 'http://localhost:59043/session/915bd71fb7f6d8a14e2731379fabad1e/element/99bd660f-f507-4944-8619-5600fe374b58/name'
21:15:12.586 [Forwarding getElementTagName on session 915bd71fb7f6d8a14e2731379fabad1e to remote] DEBUG org.asynchttpclient.netty.request.NettyRequestSender - Using open Channel [id: 0xf407fd6c, L:/127.0.0.1:50780 - R:localhost/127.0.0.1:59043] for GET '/session/915bd71fb7f6d8a14e2731379fabad1e/element/99bd660f-f507-4944-8619-5600fe374b58/name'
21:15:12.589 [AsyncHttpClient-1-7] DEBUG org.asynchttpclient.netty.handler.HttpHandler - 

Request DefaultFullHttpRequest(decodeResult: success, version: HTTP/1.1, content: EmptyByteBufBE)
GET /session/915bd71fb7f6d8a14e2731379fabad1e/element/99bd660f-f507-4944-8619-5600fe374b58/name HTTP/1.1
User-Agent: selenium/4.1.2 (java windows)
Cache-Control: no-cache
Content-Type: application/json; charset=utf-8
host: localhost:59043
accept: */*

Response DefaultHttpResponse(decodeResult: success, version: HTTP/1.1)
HTTP/1.1 200 OK
Content-Type: application/json; charset=utf-8
cache-control: no-cache
content-length: 16

21:15:12.589 [AsyncHttpClient-1-7] DEBUG org.asynchttpclient.netty.channel.ChannelManager - Adding key: http://localhost:59043 for channel [id: 0xf407fd6c, L:/127.0.0.1:50780 - R:localhost/127.0.0.1:59043]
21:15:12.590 [Forwarding findElement on session 915bd71fb7f6d8a14e2731379fabad1e to remote] DEBUG org.asynchttpclient.netty.request.NettyRequestSender - Using pooled Channel '[id: 0xf407fd6c, L:/127.0.0.1:50780 - R:localhost/127.0.0.1:59043]' for 'POST' to 'http://localhost:59043/session/915bd71fb7f6d8a14e2731379fabad1e/element'
21:15:12.590 [Forwarding findElement on session 915bd71fb7f6d8a14e2731379fabad1e to remote] DEBUG org.asynchttpclient.netty.request.NettyRequestSender - Using open Channel [id: 0xf407fd6c, L:/127.0.0.1:50780 - R:localhost/127.0.0.1:59043] for POST '/session/915bd71fb7f6d8a14e2731379fabad1e/element'
21:15:12.596 [AsyncHttpClient-1-7] DEBUG org.asynchttpclient.netty.handler.HttpHandler - 

Request DefaultHttpRequest(decodeResult: success, version: HTTP/1.1)
POST /session/915bd71fb7f6d8a14e2731379fabad1e/element HTTP/1.1
User-Agent: selenium/4.1.2 (java windows)
Content-Length: 84
Content-Type: application/json; charset=utf-8
host: localhost:59043
accept: */*

Response DefaultHttpResponse(decodeResult: success, version: HTTP/1.1)
HTTP/1.1 200 OK
Content-Type: application/json; charset=utf-8
cache-control: no-cache
content-length: 88

21:15:12.596 [AsyncHttpClient-1-7] DEBUG org.asynchttpclient.netty.channel.ChannelManager - Adding key: http://localhost:59043 for channel [id: 0xf407fd6c, L:/127.0.0.1:50780 - R:localhost/127.0.0.1:59043]
21:15:12.597 [Forwarding clickElement on session 915bd71fb7f6d8a14e2731379fabad1e to remote] DEBUG org.asynchttpclient.netty.request.NettyRequestSender - Using pooled Channel '[id: 0xf407fd6c, L:/127.0.0.1:50780 - R:localhost/127.0.0.1:59043]' for 'POST' to 'http://localhost:59043/session/915bd71fb7f6d8a14e2731379fabad1e/element/99bd660f-f507-4944-8619-5600fe374b58/click'
21:15:12.597 [Forwarding clickElement on session 915bd71fb7f6d8a14e2731379fabad1e to remote] DEBUG org.asynchttpclient.netty.request.NettyRequestSender - Using open Channel [id: 0xf407fd6c, L:/127.0.0.1:50780 - R:localhost/127.0.0.1:59043] for POST '/session/915bd71fb7f6d8a14e2731379fabad1e/element/99bd660f-f507-4944-8619-5600fe374b58/click'
21:15:12.620 [AsyncHttpClient-1-7] DEBUG org.asynchttpclient.netty.handler.HttpHandler - 

Request DefaultHttpRequest(decodeResult: success, version: HTTP/1.1)
POST /session/915bd71fb7f6d8a14e2731379fabad1e/element/99bd660f-f507-4944-8619-5600fe374b58/click HTTP/1.1
User-Agent: selenium/4.1.2 (java windows)
Content-Length: 50
Content-Type: application/json; charset=utf-8
host: localhost:59043
accept: */*

Response DefaultHttpResponse(decodeResult: success, version: HTTP/1.1)
HTTP/1.1 200 OK
Content-Type: application/json; charset=utf-8
cache-control: no-cache
content-length: 14

21:15:12.620 [AsyncHttpClient-1-7] DEBUG org.asynchttpclient.netty.channel.ChannelManager - Adding key: http://localhost:59043 for channel [id: 0xf407fd6c, L:/127.0.0.1:50780 - R:localhost/127.0.0.1:59043]
  &amp#27;[32mAnd &amp#27;[0m&amp#27;[32mI click register again&amp#27;[0m                       &amp#27;[90m# starter.stepdefinitions.RegisterSteps.iClickRegisterAgain()&amp#27;[0m
21:15:12.625 [Forwarding screenshot on session 915bd71fb7f6d8a14e2731379fabad1e to remote] DEBUG org.asynchttpclient.netty.request.NettyRequestSender - Using pooled Channel '[id: 0xf407fd6c, L:/127.0.0.1:50780 - R:localhost/127.0.0.1:59043]' for 'GET' to 'http://localhost:59043/session/915bd71fb7f6d8a14e2731379fabad1e/screenshot'
21:15:12.625 [Forwarding screenshot on session 915bd71fb7f6d8a14e2731379fabad1e to remote] DEBUG org.asynchttpclient.netty.request.NettyRequestSender - Using open Channel [id: 0xf407fd6c, L:/127.0.0.1:50780 - R:localhost/127.0.0.1:59043] for GET '/session/915bd71fb7f6d8a14e2731379fabad1e/screenshot'
21:15:12.787 [AsyncHttpClient-1-1] DEBUG org.asynchttpclient.netty.channel.DefaultChannelPool - Entry count for : http://localhost:50781 : 1
21:15:12.827 [AsyncHttpClient-1-7] DEBUG org.asynchttpclient.netty.handler.HttpHandler - 

Request DefaultFullHttpRequest(decodeResult: success, version: HTTP/1.1, content: EmptyByteBufBE)
GET /session/915bd71fb7f6d8a14e2731379fabad1e/screenshot HTTP/1.1
User-Agent: selenium/4.1.2 (java windows)
Cache-Control: no-cache
Content-Type: application/json; charset=utf-8
host: localhost:59043
accept: */*

Response DefaultHttpResponse(decodeResult: success, version: HTTP/1.1)
HTTP/1.1 200 OK
Content-Type: application/json; charset=utf-8
cache-control: no-cache
content-length: 44900

21:15:12.827 [AsyncHttpClient-1-7] DEBUG org.asynchttpclient.netty.channel.ChannelManager - Adding key: http://localhost:59043 for channel [id: 0xf407fd6c, L:/127.0.0.1:50780 - R:localhost/127.0.0.1:59043]
21:15:12.829 [main] DEBUG net.serenitybdd.core.photography.Darkroom - Send negative for processing for target\site\serenity\f79afcd65c4694f81aa379f5c24a69a5f2edf42e6b90f425cadb3c3cc73fa55e.png
21:15:12.829 [Darkroom Processing Line] DEBUG net.serenitybdd.core.photography.DarkroomProcessingLine - Processing screenshot image in /var/screenshots/screenshot-16631312407949236228
21:15:12.829 [Darkroom Processing Line] DEBUG net.serenitybdd.core.photography.DarkroomProcessingLine - Saving screenshot to target\site\serenity\f79afcd65c4694f81aa379f5c24a69a5f2edf42e6b90f425cadb3c3cc73fa55e.png
21:15:12.833 [Forwarding findElement on session 915bd71fb7f6d8a14e2731379fabad1e to remote] DEBUG org.asynchttpclient.netty.request.NettyRequestSender - Using pooled Channel '[id: 0xf407fd6c, L:/127.0.0.1:50780 - R:localhost/127.0.0.1:59043]' for 'POST' to 'http://localhost:59043/session/915bd71fb7f6d8a14e2731379fabad1e/element'
21:15:12.833 [Forwarding findElement on session 915bd71fb7f6d8a14e2731379fabad1e to remote] DEBUG org.asynchttpclient.netty.request.NettyRequestSender - Using open Channel [id: 0xf407fd6c, L:/127.0.0.1:50780 - R:localhost/127.0.0.1:59043] for POST '/session/915bd71fb7f6d8a14e2731379fabad1e/element'
21:15:13.220 [AsyncHttpClient-1-7] DEBUG org.asynchttpclient.netty.handler.HttpHandler - 

Request DefaultHttpRequest(decodeResult: success, version: HTTP/1.1)
POST /session/915bd71fb7f6d8a14e2731379fabad1e/element HTTP/1.1
User-Agent: selenium/4.1.2 (java windows)
Content-Length: 59
Content-Type: application/json; charset=utf-8
host: localhost:59043
accept: */*

Response DefaultHttpResponse(decodeResult: success, version: HTTP/1.1)
HTTP/1.1 200 OK
Content-Type: application/json; charset=utf-8
cache-control: no-cache
content-length: 88

21:15:13.220 [AsyncHttpClient-1-7] DEBUG org.asynchttpclient.netty.channel.ChannelManager - Adding key: http://localhost:59043 for channel [id: 0xf407fd6c, L:/127.0.0.1:50780 - R:localhost/127.0.0.1:59043]
21:15:13.226 [Forwarding isElementDisplayed on session 915bd71fb7f6d8a14e2731379fabad1e to remote] DEBUG org.asynchttpclient.netty.request.NettyRequestSender - Using pooled Channel '[id: 0xf407fd6c, L:/127.0.0.1:50780 - R:localhost/127.0.0.1:59043]' for 'POST' to 'http://localhost:59043/session/915bd71fb7f6d8a14e2731379fabad1e/execute/sync'
21:15:13.226 [Forwarding isElementDisplayed on session 915bd71fb7f6d8a14e2731379fabad1e to remote] DEBUG org.asynchttpclient.netty.request.NettyRequestSender - Using open Channel [id: 0xf407fd6c, L:/127.0.0.1:50780 - R:localhost/127.0.0.1:59043] for POST '/session/915bd71fb7f6d8a14e2731379fabad1e/execute/sync'
21:15:13.239 [AsyncHttpClient-1-7] DEBUG org.asynchttpclient.netty.handler.HttpHandler - 

Request DefaultHttpRequest(decodeResult: success, version: HTTP/1.1)
POST /session/915bd71fb7f6d8a14e2731379fabad1e/execute/sync HTTP/1.1
User-Agent: selenium/4.1.2 (java windows)
Content-Length: 48780
Content-Type: application/json; charset=utf-8
host: localhost:59043
accept: */*

Response DefaultHttpResponse(decodeResult: success, version: HTTP/1.1)
HTTP/1.1 200 OK
Content-Type: application/json; charset=utf-8
cache-control: no-cache
content-length: 14

21:15:13.239 [AsyncHttpClient-1-7] DEBUG org.asynchttpclient.netty.channel.ChannelManager - Adding key: http://localhost:59043 for channel [id: 0xf407fd6c, L:/127.0.0.1:50780 - R:localhost/127.0.0.1:59043]
21:15:13.242 [Forwarding findElement on session 915bd71fb7f6d8a14e2731379fabad1e to remote] DEBUG org.asynchttpclient.netty.request.NettyRequestSender - Using pooled Channel '[id: 0xf407fd6c, L:/127.0.0.1:50780 - R:localhost/127.0.0.1:59043]' for 'POST' to 'http://localhost:59043/session/915bd71fb7f6d8a14e2731379fabad1e/element'
21:15:13.242 [Forwarding findElement on session 915bd71fb7f6d8a14e2731379fabad1e to remote] DEBUG org.asynchttpclient.netty.request.NettyRequestSender - Using open Channel [id: 0xf407fd6c, L:/127.0.0.1:50780 - R:localhost/127.0.0.1:59043] for POST '/session/915bd71fb7f6d8a14e2731379fabad1e/element'
21:15:13.249 [AsyncHttpClient-1-7] DEBUG org.asynchttpclient.netty.handler.HttpHandler - 

Request DefaultHttpRequest(decodeResult: success, version: HTTP/1.1)
POST /session/915bd71fb7f6d8a14e2731379fabad1e/element HTTP/1.1
User-Agent: selenium/4.1.2 (java windows)
Content-Length: 59
Content-Type: application/json; charset=utf-8
host: localhost:59043
accept: */*

Response DefaultHttpResponse(decodeResult: success, version: HTTP/1.1)
HTTP/1.1 200 OK
Content-Type: application/json; charset=utf-8
cache-control: no-cache
content-length: 88

21:15:13.249 [AsyncHttpClient-1-7] DEBUG org.asynchttpclient.netty.channel.ChannelManager - Adding key: http://localhost:59043 for channel [id: 0xf407fd6c, L:/127.0.0.1:50780 - R:localhost/127.0.0.1:59043]
21:15:13.251 [Forwarding isElementDisplayed on session 915bd71fb7f6d8a14e2731379fabad1e to remote] DEBUG org.asynchttpclient.netty.request.NettyRequestSender - Using pooled Channel '[id: 0xf407fd6c, L:/127.0.0.1:50780 - R:localhost/127.0.0.1:59043]' for 'POST' to 'http://localhost:59043/session/915bd71fb7f6d8a14e2731379fabad1e/execute/sync'
21:15:13.251 [Forwarding isElementDisplayed on session 915bd71fb7f6d8a14e2731379fabad1e to remote] DEBUG org.asynchttpclient.netty.request.NettyRequestSender - Using open Channel [id: 0xf407fd6c, L:/127.0.0.1:50780 - R:localhost/127.0.0.1:59043] for POST '/session/915bd71fb7f6d8a14e2731379fabad1e/execute/sync'
21:15:13.259 [AsyncHttpClient-1-7] DEBUG org.asynchttpclient.netty.handler.HttpHandler - 

Request DefaultHttpRequest(decodeResult: success, version: HTTP/1.1)
POST /session/915bd71fb7f6d8a14e2731379fabad1e/execute/sync HTTP/1.1
User-Agent: selenium/4.1.2 (java windows)
Content-Length: 48780
Content-Type: application/json; charset=utf-8
host: localhost:59043
accept: */*

Response DefaultHttpResponse(decodeResult: success, version: HTTP/1.1)
HTTP/1.1 200 OK
Content-Type: application/json; charset=utf-8
cache-control: no-cache
content-length: 14

21:15:13.259 [AsyncHttpClient-1-7] DEBUG org.asynchttpclient.netty.channel.ChannelManager - Adding key: http://localhost:59043 for channel [id: 0xf407fd6c, L:/127.0.0.1:50780 - R:localhost/127.0.0.1:59043]
  &amp#27;[32mThen &amp#27;[0m&amp#27;[32mI get &amp#27;[0m&amp#27;[32m&amp#27;[1m"empty form"&amp#27;[0m&amp#27;[32m error&amp#27;[0m                    &amp#27;[90m# starter.stepdefinitions.RegisterSteps.iGetErrorError(java.lang.String)&amp#27;[0m
21:15:13.262 [Forwarding screenshot on session 915bd71fb7f6d8a14e2731379fabad1e to remote] DEBUG org.asynchttpclient.netty.request.NettyRequestSender - Using pooled Channel '[id: 0xf407fd6c, L:/127.0.0.1:50780 - R:localhost/127.0.0.1:59043]' for 'GET' to 'http://localhost:59043/session/915bd71fb7f6d8a14e2731379fabad1e/screenshot'
21:15:13.262 [Forwarding screenshot on session 915bd71fb7f6d8a14e2731379fabad1e to remote] DEBUG org.asynchttpclient.netty.request.NettyRequestSender - Using open Channel [id: 0xf407fd6c, L:/127.0.0.1:50780 - R:localhost/127.0.0.1:59043] for GET '/session/915bd71fb7f6d8a14e2731379fabad1e/screenshot'
21:15:13.446 [AsyncHttpClient-1-7] DEBUG org.asynchttpclient.netty.handler.HttpHandler - 

Request DefaultFullHttpRequest(decodeResult: success, version: HTTP/1.1, content: EmptyByteBufBE)
GET /session/915bd71fb7f6d8a14e2731379fabad1e/screenshot HTTP/1.1
User-Agent: selenium/4.1.2 (java windows)
Cache-Control: no-cache
Content-Type: application/json; charset=utf-8
host: localhost:59043
accept: */*

Response DefaultHttpResponse(decodeResult: success, version: HTTP/1.1)
HTTP/1.1 200 OK
Content-Type: application/json; charset=utf-8
cache-control: no-cache
content-length: 51580

21:15:13.446 [AsyncHttpClient-1-7] DEBUG org.asynchttpclient.netty.channel.ChannelManager - Adding key: http://localhost:59043 for channel [id: 0xf407fd6c, L:/127.0.0.1:50780 - R:localhost/127.0.0.1:59043]
21:15:13.447 [main] DEBUG net.serenitybdd.core.photography.Darkroom - Send negative for processing for target\site\serenity\fb3a08f9b5e13244b0d03461ed44a29aae96541e591d30cd68bb5d43f9f00b85.png
21:15:13.447 [Darkroom Processing Line] DEBUG net.serenitybdd.core.photography.DarkroomProcessingLine - Processing screenshot image in /var/screenshots/screenshot-18001991227332221386
21:15:13.447 [Darkroom Processing Line] DEBUG net.serenitybdd.core.photography.DarkroomProcessingLine - Saving screenshot to target\site\serenity\fb3a08f9b5e13244b0d03461ed44a29aae96541e591d30cd68bb5d43f9f00b85.png
21:15:13.451 [AsyncHttpClient-1-9] DEBUG org.asynchttpclient.netty.handler.WebSocketHandler - Channel Closed: [id: 0x317803a3, L:/127.0.0.1:50788 ! R:localhost/127.0.0.1:50781] with attribute NettyResponseFuture{currentRetry=5,
	isDone=1,
	isCancelled=0,
	asyncHandler=org.asynchttpclient.ws.WebSocketUpgradeHandler@776a153f,
	nettyRequest=org.asynchttpclient.netty.request.NettyRequest@337d214b,
	future=java.util.concurrent.CompletableFuture@69bb556[Completed normally],
	uri=ws://localhost:50781/devtools/browser/f4ef5bd3-f318-416e-b36e-7ede240e95a0,
	keepAlive=true,
	redirectCount=0,
	timeoutsHolder=null,
	inAuth=0,
	touch=1667484903546}
21:15:13.451 [AsyncHttpClient-1-9] DEBUG org.asynchttpclient.netty.channel.ChannelManager - Closing Channel [id: 0x317803a3, L:/127.0.0.1:50788 ! R:localhost/127.0.0.1:50781] 
21:15:13.451 [Driver Command Executor] DEBUG org.asynchttpclient.netty.request.NettyRequestSender - Using pooled Channel '[id: 0xf407fd6c, L:/127.0.0.1:50780 - R:localhost/127.0.0.1:59043]' for 'DELETE' to 'http://localhost:59043/session/915bd71fb7f6d8a14e2731379fabad1e'
21:15:13.451 [Driver Command Executor] DEBUG org.asynchttpclient.netty.request.NettyRequestSender - Using open Channel [id: 0xf407fd6c, L:/127.0.0.1:50780 - R:localhost/127.0.0.1:59043] for DELETE '/session/915bd71fb7f6d8a14e2731379fabad1e'
21:15:13.494 [AsyncHttpClient-1-8] DEBUG org.asynchttpclient.netty.handler.HttpHandler - Unexpected I/O exception on channel [id: 0xaad35cf6, L:/127.0.0.1:50787 - R:localhost/127.0.0.1:50781]
java.net.SocketException: Connection reset
	at java.base/sun.nio.ch.SocketChannelImpl.throwConnectionReset(SocketChannelImpl.java:345)
	at java.base/sun.nio.ch.SocketChannelImpl.read(SocketChannelImpl.java:376)
	at io.netty.buffer.PooledByteBuf.setBytes(PooledByteBuf.java:258)
	at io.netty.buffer.AbstractByteBuf.writeBytes(AbstractByteBuf.java:1132)
	at io.netty.channel.socket.nio.NioSocketChannel.doReadBytes(NioSocketChannel.java:350)
	at io.netty.channel.nio.AbstractNioByteChannel$NioByteUnsafe.read(AbstractNioByteChannel.java:151)
	at io.netty.channel.nio.NioEventLoop.processSelectedKey(NioEventLoop.java:722)
	at io.netty.channel.nio.NioEventLoop.processSelectedKeysOptimized(NioEventLoop.java:658)
	at io.netty.channel.nio.NioEventLoop.processSelectedKeys(NioEventLoop.java:584)
	at io.netty.channel.nio.NioEventLoop.run(NioEventLoop.java:496)
	at io.netty.util.concurrent.SingleThreadEventExecutor$4.run(SingleThreadEventExecutor.java:986)
	at io.netty.util.internal.ThreadExecutorMap$2.run(ThreadExecutorMap.java:74)
	at io.netty.util.concurrent.FastThreadLocalRunnable.run(FastThreadLocalRunnable.java:30)
	at java.base/java.lang.Thread.run(Thread.java:830)
21:15:13.494 [AsyncHttpClient-1-8] DEBUG org.asynchttpclient.netty.channel.ChannelManager - Closing Channel [id: 0xaad35cf6, L:/127.0.0.1:50787 - R:localhost/127.0.0.1:50781] 
21:15:13.494 [AsyncHttpClient-1-8] DEBUG org.asynchttpclient.netty.handler.HttpHandler - Channel Closed: [id: 0xaad35cf6, L:/127.0.0.1:50787 ! R:localhost/127.0.0.1:50781] with attribute DISCARD
21:15:13.524 [AsyncHttpClient-1-7] DEBUG org.asynchttpclient.netty.handler.HttpHandler - 

Request DefaultFullHttpRequest(decodeResult: success, version: HTTP/1.1, content: EmptyByteBufBE)
DELETE /session/915bd71fb7f6d8a14e2731379fabad1e HTTP/1.1
User-Agent: selenium/4.1.2 (java windows)
Content-Type: application/json; charset=utf-8
host: localhost:59043
accept: */*

Response DefaultHttpResponse(decodeResult: success, version: HTTP/1.1)
HTTP/1.1 200 OK
Content-Type: application/json; charset=utf-8
cache-control: no-cache
content-length: 14

21:15:13.524 [AsyncHttpClient-1-7] DEBUG org.asynchttpclient.netty.channel.ChannelManager - Adding key: http://localhost:59043 for channel [id: 0xf407fd6c, L:/127.0.0.1:50780 - R:localhost/127.0.0.1:59043]
21:15:13.592 [AsyncHttpClient-1-7] DEBUG org.asynchttpclient.netty.handler.HttpHandler - Channel Closed: [id: 0xf407fd6c, L:/127.0.0.1:50780 ! R:localhost/127.0.0.1:59043] with attribute DISCARD
21:15:13.886 [AsyncHttpClient-1-1] DEBUG org.asynchttpclient.netty.channel.DefaultChannelPool - Entry count for : http://localhost:59043 : 1
21:15:13.886 [AsyncHttpClient-1-1] DEBUG org.asynchttpclient.netty.channel.DefaultChannelPool - Entry count for : http://localhost:50781 : 1
21:15:13.886 [AsyncHttpClient-1-1] DEBUG org.asynchttpclient.netty.channel.DefaultChannelPool - Adding Candidate expired Channel [id: 0xf407fd6c, L:/127.0.0.1:50780 ! R:localhost/127.0.0.1:59043] isIdleTimeoutExpired=false isRemotelyClosed=true isTtlExpired=false
21:15:13.886 [AsyncHttpClient-1-1] DEBUG org.asynchttpclient.netty.channel.DefaultChannelPool - Closing Idle Channel [id: 0xf407fd6c, L:/127.0.0.1:50780 ! R:localhost/127.0.0.1:59043]
21:15:13.886 [AsyncHttpClient-1-1] DEBUG org.asynchttpclient.netty.channel.DefaultChannelPool - Adding Candidate expired Channel [id: 0xaad35cf6, L:/127.0.0.1:50787 ! R:localhost/127.0.0.1:50781] isIdleTimeoutExpired=false isRemotelyClosed=true isTtlExpired=false
21:15:13.886 [AsyncHttpClient-1-1] DEBUG org.asynchttpclient.netty.channel.DefaultChannelPool - Closing Idle Channel [id: 0xaad35cf6, L:/127.0.0.1:50787 ! R:localhost/127.0.0.1:50781]
21:15:13.886 [AsyncHttpClient-1-1] DEBUG org.asynchttpclient.netty.channel.DefaultChannelPool - Closed 2 connections out of 2 in 0 ms
]]></system-out>
    <system-err><![CDATA[Starting ChromeDriver 106.0.5249.61 (511755355844955cd3e264779baf0dd38212a4d0-refs/branch-heads/5249@{#569}) on port 59043
Only local connections are allowed.
Please see https://chromedriver.chromium.org/security-considerations for suggestions on keeping ChromeDriver safe.
ChromeDriver was started successfully.
[1667484903.416][WARNING]: This version of ChromeDriver has not been tested with Chrome version 107.
Nov 03, 2022 9:15:03 PM org.openqa.selenium.remote.ProtocolHandshake createSession
INFO: Detected dialect: W3C
Nov 03, 2022 9:15:03 PM org.openqa.selenium.devtools.CdpVersionFinder findNearestMatch
WARNING: Unable to find an exact match for CDP version 107, so returning the closest version found: a no-op implementation
Nov 03, 2022 9:15:03 PM org.openqa.selenium.devtools.CdpVersionFinder findNearestMatch
INFO: Unable to find CDP implementation matching 107.
Nov 03, 2022 9:15:03 PM org.openqa.selenium.chromium.ChromiumDriver lambda$new$3
WARNING: Unable to find version of CDP to use for . You may need to include a dependency on a specific version of the CDP using something similar to `org.seleniumhq.selenium:selenium-devtools-v86:4.1.2` where the version ("v86") matches the version of the chromium-based browser you're using and the version number of the artifact is the same as Selenium's.
]]></system-err>
  </testcase>
  <testcase name="Pay Products as logged in user" classname="Transaction" time="10.9">
    <system-out><![CDATA[21:15:14.108 [main] INFO io.cucumber.core.plugin.SerenityReporter - Running feature from file:///C:/Users/ASUS/Desktop/stupen/miniproject/Web/ASWeb/src/test/resources/features/Transaction.feature
21:15:14.110 [main] DEBUG net.thucydides.core.steps.StepEventBus - Test suite started for story net.thucydides.core.model.Story@c54cf0a8
21:15:14.110 [main] INFO  - Test Suite Started: Transaction

Scenario: Pay Products as logged in user       &amp#27;[90m# src/test/resources/features/Transaction.feature:6&amp#27;[0m
21:15:14.114 [main] INFO io.cucumber.core.plugin.SerenityReporter - Running feature from file:///C:/Users/ASUS/Desktop/stupen/miniproject/Web/ASWeb/src/test/resources/features/Transaction.feature
21:15:14.115 [main] INFO  - 
  _____   ___   ___   _____     ___   _____     _     ___   _____   ___   ___  
 |_   _| | __| / __| |_   _|   / __| |_   _|   /_\   | _ \ |_   _| | __| |   \ 
   | |   | _|  \__ \   | |     \__ \   | |    / _ \  |   /   | |   | _|  | |) |
   |_|   |___| |___/   |_|     |___/   |_|   /_/ \_\ |_|_\   |_|   |___| |___/ 

Pay Products as logged in user(transaction;pay-products-as-logged-in-user)
--------------------------------------------------------------------------------
21:15:14.182 [main] INFO net.serenitybdd.core.webdriver.driverproviders.ChromeDriverProvider - Using automatically driver download
21:15:14.287 [main] DEBUG io.github.bonigarcia.wdm.cache.ResolutionCache - Resolution chrome=107 in cache (valid until 21:49:49 03/11/2022 WIB)
21:15:14.290 [main] DEBUG io.github.bonigarcia.wdm.cache.ResolutionCache - Resolution chrome107=107.0.5304.62 in cache (valid until 16:49:12 04/11/2022 WIB)
21:15:14.292 [main] INFO io.github.bonigarcia.wdm.WebDriverManager - Using chromedriver 107.0.5304.62 (resolved driver for Chrome 107)
21:15:14.302 [main] DEBUG io.github.bonigarcia.wdm.WebDriverManager - Driver chromedriver 107.0.5304.62 found in cache
21:15:14.303 [main] INFO io.github.bonigarcia.wdm.WebDriverManager - Exporting webdriver.chrome.driver as C:\Users\ASUS\.cache\selenium\chromedriver\win32\107.0.5304.62\chromedriver.exe
21:15:14.411 [main] DEBUG net.serenitybdd.core.webdriver.driverproviders.ProvideNewDriver - Instantiating driver
21:15:14.411 [main] DEBUG net.serenitybdd.core.webdriver.driverproviders.ProvideNewDriver - Driver capabilities: Capabilities {acceptInsecureCerts: false, base.url: https://alta-shop.vercel.app/, browserName: chrome, chrome.driver: src/test/resources/webdrive..., driver: chrome, goog:chromeOptions: {args: [], extensions: []}, wait.for.timeout: 10000}
21:15:14.950 [AsyncHttpClient-1-10] DEBUG org.asynchttpclient.netty.channel.NettyConnectListener - Using new Channel '[id: 0x75ff903c, L:/127.0.0.1:50812 - R:localhost/127.0.0.1:58702]' for 'POST' to '/session'
21:15:15.655 [AsyncHttpClient-1-10] DEBUG org.asynchttpclient.netty.handler.HttpHandler - 

Request DefaultHttpRequest(decodeResult: success, version: HTTP/1.1)
POST /session HTTP/1.1
User-Agent: selenium/4.1.2 (java windows)
Content-Length: 646
Content-Type: application/json; charset=utf-8
host: localhost:58702
accept: */*

Response DefaultHttpResponse(decodeResult: success, version: HTTP/1.1)
HTTP/1.1 200 OK
Content-Type: application/json; charset=utf-8
cache-control: no-cache
content-length: 787

21:15:15.655 [AsyncHttpClient-1-10] DEBUG org.asynchttpclient.netty.channel.ChannelManager - Adding key: http://localhost:58702 for channel [id: 0x75ff903c, L:/127.0.0.1:50812 - R:localhost/127.0.0.1:58702]
21:15:15.666 [AsyncHttpClient-1-11] DEBUG org.asynchttpclient.netty.channel.NettyConnectListener - Using new Channel '[id: 0x38b92682, L:/127.0.0.1:50821 - R:localhost/127.0.0.1:50813]' for 'GET' to '/json/version'
21:15:15.667 [AsyncHttpClient-1-11] DEBUG org.asynchttpclient.netty.handler.HttpHandler - 

Request DefaultFullHttpRequest(decodeResult: success, version: HTTP/1.1, content: EmptyByteBufBE)
GET /json/version HTTP/1.1
User-Agent: selenium/4.1.2 (java windows)
host: localhost:50813
accept: */*

Response DefaultHttpResponse(decodeResult: success, version: HTTP/1.1)
HTTP/1.1 200 OK
Content-Type: application/json; charset=UTF-8
content-length: 423

21:15:15.667 [AsyncHttpClient-1-11] DEBUG org.asynchttpclient.netty.channel.ChannelManager - Adding key: http://localhost:50813 for channel [id: 0x38b92682, L:/127.0.0.1:50821 - R:localhost/127.0.0.1:50813]
21:15:15.669 [AsyncHttpClient-1-12] DEBUG org.asynchttpclient.netty.channel.NettyConnectListener - Using new Channel '[id: 0x2c10b9d3, L:/127.0.0.1:50822 - R:localhost/127.0.0.1:50813]' for 'GET' to '/devtools/browser/233c8ef7-c9f0-4ded-b574-f402e0c74c04'
21:15:15.670 [AsyncHttpClient-1-12] DEBUG org.asynchttpclient.netty.handler.WebSocketHandler - 

Request DefaultFullHttpRequest(decodeResult: success, version: HTTP/1.1, content: EmptyByteBufBE)
GET /devtools/browser/233c8ef7-c9f0-4ded-b574-f402e0c74c04 HTTP/1.1
upgrade: websocket
connection: upgrade
sec-websocket-key: j+jKJELHZEiQr1wO6RzVqg==
sec-websocket-version: 13
origin: http://localhost:50813
host: localhost:50813
accept: */*
user-agent: AHC/2.1

Response DefaultHttpResponse(decodeResult: success, version: HTTP/1.1)
HTTP/1.1 101 WebSocket Protocol Handshake
Upgrade: WebSocket
Connection: Upgrade
Sec-WebSocket-Accept: dM+BejGqxeTHjqinKIBDC1PIRVo=

21:15:15.675 [Forwarding get on session 7819df3ec43e19d5672c34bc70504085 to remote] DEBUG org.asynchttpclient.netty.request.NettyRequestSender - Using pooled Channel '[id: 0x75ff903c, L:/127.0.0.1:50812 - R:localhost/127.0.0.1:58702]' for 'POST' to 'http://localhost:58702/session/7819df3ec43e19d5672c34bc70504085/url'
21:15:15.675 [Forwarding get on session 7819df3ec43e19d5672c34bc70504085 to remote] DEBUG org.asynchttpclient.netty.request.NettyRequestSender - Using open Channel [id: 0x75ff903c, L:/127.0.0.1:50812 - R:localhost/127.0.0.1:58702] for POST '/session/7819df3ec43e19d5672c34bc70504085/url'
21:15:16.095 [AsyncHttpClient-1-1] DEBUG org.asynchttpclient.netty.channel.DefaultChannelPool - Entry count for : http://localhost:50813 : 1
21:15:17.187 [AsyncHttpClient-1-1] DEBUG org.asynchttpclient.netty.channel.DefaultChannelPool - Entry count for : http://localhost:50813 : 1
21:15:17.453 [AsyncHttpClient-1-10] DEBUG org.asynchttpclient.netty.handler.HttpHandler - 

Request DefaultHttpRequest(decodeResult: success, version: HTTP/1.1)
POST /session/7819df3ec43e19d5672c34bc70504085/url HTTP/1.1
User-Agent: selenium/4.1.2 (java windows)
Content-Length: 74
Content-Type: application/json; charset=utf-8
host: localhost:58702
accept: */*

Response DefaultHttpResponse(decodeResult: success, version: HTTP/1.1)
HTTP/1.1 200 OK
Content-Type: application/json; charset=utf-8
cache-control: no-cache
content-length: 14

21:15:17.453 [AsyncHttpClient-1-10] DEBUG org.asynchttpclient.netty.channel.ChannelManager - Adding key: http://localhost:58702 for channel [id: 0x75ff903c, L:/127.0.0.1:50812 - R:localhost/127.0.0.1:58702]
21:15:17.454 [Forwarding setTimeout on session 7819df3ec43e19d5672c34bc70504085 to remote] DEBUG org.asynchttpclient.netty.request.NettyRequestSender - Using pooled Channel '[id: 0x75ff903c, L:/127.0.0.1:50812 - R:localhost/127.0.0.1:58702]' for 'POST' to 'http://localhost:58702/session/7819df3ec43e19d5672c34bc70504085/timeouts'
21:15:17.454 [Forwarding setTimeout on session 7819df3ec43e19d5672c34bc70504085 to remote] DEBUG org.asynchttpclient.netty.request.NettyRequestSender - Using open Channel [id: 0x75ff903c, L:/127.0.0.1:50812 - R:localhost/127.0.0.1:58702] for POST '/session/7819df3ec43e19d5672c34bc70504085/timeouts'
21:15:17.455 [AsyncHttpClient-1-10] DEBUG org.asynchttpclient.netty.handler.HttpHandler - 

Request DefaultHttpRequest(decodeResult: success, version: HTTP/1.1)
POST /session/7819df3ec43e19d5672c34bc70504085/timeouts HTTP/1.1
User-Agent: selenium/4.1.2 (java windows)
Content-Length: 22
Content-Type: application/json; charset=utf-8
host: localhost:58702
accept: */*

Response DefaultHttpResponse(decodeResult: success, version: HTTP/1.1)
HTTP/1.1 200 OK
Content-Type: application/json; charset=utf-8
cache-control: no-cache
content-length: 14

21:15:17.455 [AsyncHttpClient-1-10] DEBUG org.asynchttpclient.netty.channel.ChannelManager - Adding key: http://localhost:58702 for channel [id: 0x75ff903c, L:/127.0.0.1:50812 - R:localhost/127.0.0.1:58702]
21:15:17.456 [Forwarding getCurrentUrl on session 7819df3ec43e19d5672c34bc70504085 to remote] DEBUG org.asynchttpclient.netty.request.NettyRequestSender - Using pooled Channel '[id: 0x75ff903c, L:/127.0.0.1:50812 - R:localhost/127.0.0.1:58702]' for 'GET' to 'http://localhost:58702/session/7819df3ec43e19d5672c34bc70504085/url'
21:15:17.456 [Forwarding getCurrentUrl on session 7819df3ec43e19d5672c34bc70504085 to remote] DEBUG org.asynchttpclient.netty.request.NettyRequestSender - Using open Channel [id: 0x75ff903c, L:/127.0.0.1:50812 - R:localhost/127.0.0.1:58702] for GET '/session/7819df3ec43e19d5672c34bc70504085/url'
21:15:17.462 [AsyncHttpClient-1-10] DEBUG org.asynchttpclient.netty.handler.HttpHandler - 

Request DefaultFullHttpRequest(decodeResult: success, version: HTTP/1.1, content: EmptyByteBufBE)
GET /session/7819df3ec43e19d5672c34bc70504085/url HTTP/1.1
User-Agent: selenium/4.1.2 (java windows)
Cache-Control: no-cache
Content-Type: application/json; charset=utf-8
host: localhost:58702
accept: */*

Response DefaultHttpResponse(decodeResult: success, version: HTTP/1.1)
HTTP/1.1 200 OK
Content-Type: application/json; charset=utf-8
cache-control: no-cache
content-length: 51

21:15:17.463 [AsyncHttpClient-1-10] DEBUG org.asynchttpclient.netty.channel.ChannelManager - Adding key: http://localhost:58702 for channel [id: 0x75ff903c, L:/127.0.0.1:50812 - R:localhost/127.0.0.1:58702]
21:15:17.465 [Forwarding findElement on session 7819df3ec43e19d5672c34bc70504085 to remote] DEBUG org.asynchttpclient.netty.request.NettyRequestSender - Using pooled Channel '[id: 0x75ff903c, L:/127.0.0.1:50812 - R:localhost/127.0.0.1:58702]' for 'POST' to 'http://localhost:58702/session/7819df3ec43e19d5672c34bc70504085/element'
21:15:17.465 [Forwarding findElement on session 7819df3ec43e19d5672c34bc70504085 to remote] DEBUG org.asynchttpclient.netty.request.NettyRequestSender - Using open Channel [id: 0x75ff903c, L:/127.0.0.1:50812 - R:localhost/127.0.0.1:58702] for POST '/session/7819df3ec43e19d5672c34bc70504085/element'
21:15:17.475 [AsyncHttpClient-1-10] DEBUG org.asynchttpclient.netty.handler.HttpHandler - 

Request DefaultHttpRequest(decodeResult: success, version: HTTP/1.1)
POST /session/7819df3ec43e19d5672c34bc70504085/element HTTP/1.1
User-Agent: selenium/4.1.2 (java windows)
Content-Length: 87
Content-Type: application/json; charset=utf-8
host: localhost:58702
accept: */*

Response DefaultHttpResponse(decodeResult: success, version: HTTP/1.1)
HTTP/1.1 200 OK
Content-Type: application/json; charset=utf-8
cache-control: no-cache
content-length: 88

21:15:17.475 [AsyncHttpClient-1-10] DEBUG org.asynchttpclient.netty.channel.ChannelManager - Adding key: http://localhost:58702 for channel [id: 0x75ff903c, L:/127.0.0.1:50812 - R:localhost/127.0.0.1:58702]
21:15:17.476 [Forwarding clearElement on session 7819df3ec43e19d5672c34bc70504085 to remote] DEBUG org.asynchttpclient.netty.request.NettyRequestSender - Using pooled Channel '[id: 0x75ff903c, L:/127.0.0.1:50812 - R:localhost/127.0.0.1:58702]' for 'POST' to 'http://localhost:58702/session/7819df3ec43e19d5672c34bc70504085/element/f4743286-0a59-42c2-9e08-c0fef950af2f/clear'
21:15:17.476 [Forwarding clearElement on session 7819df3ec43e19d5672c34bc70504085 to remote] DEBUG org.asynchttpclient.netty.request.NettyRequestSender - Using open Channel [id: 0x75ff903c, L:/127.0.0.1:50812 - R:localhost/127.0.0.1:58702] for POST '/session/7819df3ec43e19d5672c34bc70504085/element/f4743286-0a59-42c2-9e08-c0fef950af2f/clear'
21:15:17.502 [AsyncHttpClient-1-10] DEBUG org.asynchttpclient.netty.handler.HttpHandler - 

Request DefaultHttpRequest(decodeResult: success, version: HTTP/1.1)
POST /session/7819df3ec43e19d5672c34bc70504085/element/f4743286-0a59-42c2-9e08-c0fef950af2f/clear HTTP/1.1
User-Agent: selenium/4.1.2 (java windows)
Content-Length: 50
Content-Type: application/json; charset=utf-8
host: localhost:58702
accept: */*

Response DefaultHttpResponse(decodeResult: success, version: HTTP/1.1)
HTTP/1.1 200 OK
Content-Type: application/json; charset=utf-8
cache-control: no-cache
content-length: 14

21:15:17.502 [AsyncHttpClient-1-10] DEBUG org.asynchttpclient.netty.channel.ChannelManager - Adding key: http://localhost:58702 for channel [id: 0x75ff903c, L:/127.0.0.1:50812 - R:localhost/127.0.0.1:58702]
21:15:17.503 [Forwarding sendKeysToElement on session 7819df3ec43e19d5672c34bc70504085 to remote] DEBUG org.asynchttpclient.netty.request.NettyRequestSender - Using pooled Channel '[id: 0x75ff903c, L:/127.0.0.1:50812 - R:localhost/127.0.0.1:58702]' for 'POST' to 'http://localhost:58702/session/7819df3ec43e19d5672c34bc70504085/element/f4743286-0a59-42c2-9e08-c0fef950af2f/value'
21:15:17.503 [Forwarding sendKeysToElement on session 7819df3ec43e19d5672c34bc70504085 to remote] DEBUG org.asynchttpclient.netty.request.NettyRequestSender - Using open Channel [id: 0x75ff903c, L:/127.0.0.1:50812 - R:localhost/127.0.0.1:58702] for POST '/session/7819df3ec43e19d5672c34bc70504085/element/f4743286-0a59-42c2-9e08-c0fef950af2f/value'
21:15:17.586 [AsyncHttpClient-1-10] DEBUG org.asynchttpclient.netty.handler.HttpHandler - 

Request DefaultHttpRequest(decodeResult: success, version: HTTP/1.1)
POST /session/7819df3ec43e19d5672c34bc70504085/element/f4743286-0a59-42c2-9e08-c0fef950af2f/value HTTP/1.1
User-Agent: selenium/4.1.2 (java windows)
Content-Length: 221
Content-Type: application/json; charset=utf-8
host: localhost:58702
accept: */*

Response DefaultHttpResponse(decodeResult: success, version: HTTP/1.1)
HTTP/1.1 200 OK
Content-Type: application/json; charset=utf-8
cache-control: no-cache
content-length: 14

21:15:17.586 [AsyncHttpClient-1-10] DEBUG org.asynchttpclient.netty.channel.ChannelManager - Adding key: http://localhost:58702 for channel [id: 0x75ff903c, L:/127.0.0.1:50812 - R:localhost/127.0.0.1:58702]
21:15:17.589 [Forwarding findElement on session 7819df3ec43e19d5672c34bc70504085 to remote] DEBUG org.asynchttpclient.netty.request.NettyRequestSender - Using pooled Channel '[id: 0x75ff903c, L:/127.0.0.1:50812 - R:localhost/127.0.0.1:58702]' for 'POST' to 'http://localhost:58702/session/7819df3ec43e19d5672c34bc70504085/element'
21:15:17.589 [Forwarding findElement on session 7819df3ec43e19d5672c34bc70504085 to remote] DEBUG org.asynchttpclient.netty.request.NettyRequestSender - Using open Channel [id: 0x75ff903c, L:/127.0.0.1:50812 - R:localhost/127.0.0.1:58702] for POST '/session/7819df3ec43e19d5672c34bc70504085/element'
21:15:17.598 [AsyncHttpClient-1-10] DEBUG org.asynchttpclient.netty.handler.HttpHandler - 

Request DefaultHttpRequest(decodeResult: success, version: HTTP/1.1)
POST /session/7819df3ec43e19d5672c34bc70504085/element HTTP/1.1
User-Agent: selenium/4.1.2 (java windows)
Content-Length: 90
Content-Type: application/json; charset=utf-8
host: localhost:58702
accept: */*

Response DefaultHttpResponse(decodeResult: success, version: HTTP/1.1)
HTTP/1.1 200 OK
Content-Type: application/json; charset=utf-8
cache-control: no-cache
content-length: 88

21:15:17.598 [AsyncHttpClient-1-10] DEBUG org.asynchttpclient.netty.channel.ChannelManager - Adding key: http://localhost:58702 for channel [id: 0x75ff903c, L:/127.0.0.1:50812 - R:localhost/127.0.0.1:58702]
21:15:17.599 [Forwarding clearElement on session 7819df3ec43e19d5672c34bc70504085 to remote] DEBUG org.asynchttpclient.netty.request.NettyRequestSender - Using pooled Channel '[id: 0x75ff903c, L:/127.0.0.1:50812 - R:localhost/127.0.0.1:58702]' for 'POST' to 'http://localhost:58702/session/7819df3ec43e19d5672c34bc70504085/element/93d24b05-cdd5-44d8-b65e-d640d57feb9e/clear'
21:15:17.599 [Forwarding clearElement on session 7819df3ec43e19d5672c34bc70504085 to remote] DEBUG org.asynchttpclient.netty.request.NettyRequestSender - Using open Channel [id: 0x75ff903c, L:/127.0.0.1:50812 - R:localhost/127.0.0.1:58702] for POST '/session/7819df3ec43e19d5672c34bc70504085/element/93d24b05-cdd5-44d8-b65e-d640d57feb9e/clear'
21:15:17.626 [AsyncHttpClient-1-10] DEBUG org.asynchttpclient.netty.handler.HttpHandler - 

Request DefaultHttpRequest(decodeResult: success, version: HTTP/1.1)
POST /session/7819df3ec43e19d5672c34bc70504085/element/93d24b05-cdd5-44d8-b65e-d640d57feb9e/clear HTTP/1.1
User-Agent: selenium/4.1.2 (java windows)
Content-Length: 50
Content-Type: application/json; charset=utf-8
host: localhost:58702
accept: */*

Response DefaultHttpResponse(decodeResult: success, version: HTTP/1.1)
HTTP/1.1 200 OK
Content-Type: application/json; charset=utf-8
cache-control: no-cache
content-length: 14

21:15:17.626 [AsyncHttpClient-1-10] DEBUG org.asynchttpclient.netty.channel.ChannelManager - Adding key: http://localhost:58702 for channel [id: 0x75ff903c, L:/127.0.0.1:50812 - R:localhost/127.0.0.1:58702]
21:15:17.627 [Forwarding sendKeysToElement on session 7819df3ec43e19d5672c34bc70504085 to remote] DEBUG org.asynchttpclient.netty.request.NettyRequestSender - Using pooled Channel '[id: 0x75ff903c, L:/127.0.0.1:50812 - R:localhost/127.0.0.1:58702]' for 'POST' to 'http://localhost:58702/session/7819df3ec43e19d5672c34bc70504085/element/93d24b05-cdd5-44d8-b65e-d640d57feb9e/value'
21:15:17.627 [Forwarding sendKeysToElement on session 7819df3ec43e19d5672c34bc70504085 to remote] DEBUG org.asynchttpclient.netty.request.NettyRequestSender - Using open Channel [id: 0x75ff903c, L:/127.0.0.1:50812 - R:localhost/127.0.0.1:58702] for POST '/session/7819df3ec43e19d5672c34bc70504085/element/93d24b05-cdd5-44d8-b65e-d640d57feb9e/value'
21:15:17.684 [AsyncHttpClient-1-10] DEBUG org.asynchttpclient.netty.handler.HttpHandler - 

Request DefaultHttpRequest(decodeResult: success, version: HTTP/1.1)
POST /session/7819df3ec43e19d5672c34bc70504085/element/93d24b05-cdd5-44d8-b65e-d640d57feb9e/value HTTP/1.1
User-Agent: selenium/4.1.2 (java windows)
Content-Length: 141
Content-Type: application/json; charset=utf-8
host: localhost:58702
accept: */*

Response DefaultHttpResponse(decodeResult: success, version: HTTP/1.1)
HTTP/1.1 200 OK
Content-Type: application/json; charset=utf-8
cache-control: no-cache
content-length: 14

21:15:17.684 [AsyncHttpClient-1-10] DEBUG org.asynchttpclient.netty.channel.ChannelManager - Adding key: http://localhost:58702 for channel [id: 0x75ff903c, L:/127.0.0.1:50812 - R:localhost/127.0.0.1:58702]
21:15:17.693 [Forwarding findElement on session 7819df3ec43e19d5672c34bc70504085 to remote] DEBUG org.asynchttpclient.netty.request.NettyRequestSender - Using pooled Channel '[id: 0x75ff903c, L:/127.0.0.1:50812 - R:localhost/127.0.0.1:58702]' for 'POST' to 'http://localhost:58702/session/7819df3ec43e19d5672c34bc70504085/element'
21:15:17.693 [Forwarding findElement on session 7819df3ec43e19d5672c34bc70504085 to remote] DEBUG org.asynchttpclient.netty.request.NettyRequestSender - Using open Channel [id: 0x75ff903c, L:/127.0.0.1:50812 - R:localhost/127.0.0.1:58702] for POST '/session/7819df3ec43e19d5672c34bc70504085/element'
21:15:17.705 [AsyncHttpClient-1-10] DEBUG org.asynchttpclient.netty.handler.HttpHandler - 

Request DefaultHttpRequest(decodeResult: success, version: HTTP/1.1)
POST /session/7819df3ec43e19d5672c34bc70504085/element HTTP/1.1
User-Agent: selenium/4.1.2 (java windows)
Content-Length: 81
Content-Type: application/json; charset=utf-8
host: localhost:58702
accept: */*

Response DefaultHttpResponse(decodeResult: success, version: HTTP/1.1)
HTTP/1.1 200 OK
Content-Type: application/json; charset=utf-8
cache-control: no-cache
content-length: 88

21:15:17.705 [AsyncHttpClient-1-10] DEBUG org.asynchttpclient.netty.channel.ChannelManager - Adding key: http://localhost:58702 for channel [id: 0x75ff903c, L:/127.0.0.1:50812 - R:localhost/127.0.0.1:58702]
21:15:17.706 [Forwarding getElementTagName on session 7819df3ec43e19d5672c34bc70504085 to remote] DEBUG org.asynchttpclient.netty.request.NettyRequestSender - Using pooled Channel '[id: 0x75ff903c, L:/127.0.0.1:50812 - R:localhost/127.0.0.1:58702]' for 'GET' to 'http://localhost:58702/session/7819df3ec43e19d5672c34bc70504085/element/4c2eed9e-9243-4504-8ae6-46b07b640ef1/name'
21:15:17.706 [Forwarding getElementTagName on session 7819df3ec43e19d5672c34bc70504085 to remote] DEBUG org.asynchttpclient.netty.request.NettyRequestSender - Using open Channel [id: 0x75ff903c, L:/127.0.0.1:50812 - R:localhost/127.0.0.1:58702] for GET '/session/7819df3ec43e19d5672c34bc70504085/element/4c2eed9e-9243-4504-8ae6-46b07b640ef1/name'
21:15:17.711 [AsyncHttpClient-1-10] DEBUG org.asynchttpclient.netty.handler.HttpHandler - 

Request DefaultFullHttpRequest(decodeResult: success, version: HTTP/1.1, content: EmptyByteBufBE)
GET /session/7819df3ec43e19d5672c34bc70504085/element/4c2eed9e-9243-4504-8ae6-46b07b640ef1/name HTTP/1.1
User-Agent: selenium/4.1.2 (java windows)
Cache-Control: no-cache
Content-Type: application/json; charset=utf-8
host: localhost:58702
accept: */*

Response DefaultHttpResponse(decodeResult: success, version: HTTP/1.1)
HTTP/1.1 200 OK
Content-Type: application/json; charset=utf-8
cache-control: no-cache
content-length: 16

21:15:17.711 [AsyncHttpClient-1-10] DEBUG org.asynchttpclient.netty.channel.ChannelManager - Adding key: http://localhost:58702 for channel [id: 0x75ff903c, L:/127.0.0.1:50812 - R:localhost/127.0.0.1:58702]
21:15:17.712 [Forwarding getElementTagName on session 7819df3ec43e19d5672c34bc70504085 to remote] DEBUG org.asynchttpclient.netty.request.NettyRequestSender - Using pooled Channel '[id: 0x75ff903c, L:/127.0.0.1:50812 - R:localhost/127.0.0.1:58702]' for 'GET' to 'http://localhost:58702/session/7819df3ec43e19d5672c34bc70504085/element/4c2eed9e-9243-4504-8ae6-46b07b640ef1/name'
21:15:17.712 [Forwarding getElementTagName on session 7819df3ec43e19d5672c34bc70504085 to remote] DEBUG org.asynchttpclient.netty.request.NettyRequestSender - Using open Channel [id: 0x75ff903c, L:/127.0.0.1:50812 - R:localhost/127.0.0.1:58702] for GET '/session/7819df3ec43e19d5672c34bc70504085/element/4c2eed9e-9243-4504-8ae6-46b07b640ef1/name'
21:15:17.715 [AsyncHttpClient-1-10] DEBUG org.asynchttpclient.netty.handler.HttpHandler - 

Request DefaultFullHttpRequest(decodeResult: success, version: HTTP/1.1, content: EmptyByteBufBE)
GET /session/7819df3ec43e19d5672c34bc70504085/element/4c2eed9e-9243-4504-8ae6-46b07b640ef1/name HTTP/1.1
User-Agent: selenium/4.1.2 (java windows)
Cache-Control: no-cache
Content-Type: application/json; charset=utf-8
host: localhost:58702
accept: */*

Response DefaultHttpResponse(decodeResult: success, version: HTTP/1.1)
HTTP/1.1 200 OK
Content-Type: application/json; charset=utf-8
cache-control: no-cache
content-length: 16

21:15:17.715 [AsyncHttpClient-1-10] DEBUG org.asynchttpclient.netty.channel.ChannelManager - Adding key: http://localhost:58702 for channel [id: 0x75ff903c, L:/127.0.0.1:50812 - R:localhost/127.0.0.1:58702]
21:15:17.717 [Forwarding findElement on session 7819df3ec43e19d5672c34bc70504085 to remote] DEBUG org.asynchttpclient.netty.request.NettyRequestSender - Using pooled Channel '[id: 0x75ff903c, L:/127.0.0.1:50812 - R:localhost/127.0.0.1:58702]' for 'POST' to 'http://localhost:58702/session/7819df3ec43e19d5672c34bc70504085/element'
21:15:17.717 [Forwarding findElement on session 7819df3ec43e19d5672c34bc70504085 to remote] DEBUG org.asynchttpclient.netty.request.NettyRequestSender - Using open Channel [id: 0x75ff903c, L:/127.0.0.1:50812 - R:localhost/127.0.0.1:58702] for POST '/session/7819df3ec43e19d5672c34bc70504085/element'
21:15:17.723 [AsyncHttpClient-1-10] DEBUG org.asynchttpclient.netty.handler.HttpHandler - 

Request DefaultHttpRequest(decodeResult: success, version: HTTP/1.1)
POST /session/7819df3ec43e19d5672c34bc70504085/element HTTP/1.1
User-Agent: selenium/4.1.2 (java windows)
Content-Length: 81
Content-Type: application/json; charset=utf-8
host: localhost:58702
accept: */*

Response DefaultHttpResponse(decodeResult: success, version: HTTP/1.1)
HTTP/1.1 200 OK
Content-Type: application/json; charset=utf-8
cache-control: no-cache
content-length: 88

21:15:17.724 [AsyncHttpClient-1-10] DEBUG org.asynchttpclient.netty.channel.ChannelManager - Adding key: http://localhost:58702 for channel [id: 0x75ff903c, L:/127.0.0.1:50812 - R:localhost/127.0.0.1:58702]
21:15:17.725 [Forwarding clickElement on session 7819df3ec43e19d5672c34bc70504085 to remote] DEBUG org.asynchttpclient.netty.request.NettyRequestSender - Using pooled Channel '[id: 0x75ff903c, L:/127.0.0.1:50812 - R:localhost/127.0.0.1:58702]' for 'POST' to 'http://localhost:58702/session/7819df3ec43e19d5672c34bc70504085/element/4c2eed9e-9243-4504-8ae6-46b07b640ef1/click'
21:15:17.725 [Forwarding clickElement on session 7819df3ec43e19d5672c34bc70504085 to remote] DEBUG org.asynchttpclient.netty.request.NettyRequestSender - Using open Channel [id: 0x75ff903c, L:/127.0.0.1:50812 - R:localhost/127.0.0.1:58702] for POST '/session/7819df3ec43e19d5672c34bc70504085/element/4c2eed9e-9243-4504-8ae6-46b07b640ef1/click'
21:15:17.762 [AsyncHttpClient-1-10] DEBUG org.asynchttpclient.netty.handler.HttpHandler - 

Request DefaultHttpRequest(decodeResult: success, version: HTTP/1.1)
POST /session/7819df3ec43e19d5672c34bc70504085/element/4c2eed9e-9243-4504-8ae6-46b07b640ef1/click HTTP/1.1
User-Agent: selenium/4.1.2 (java windows)
Content-Length: 50
Content-Type: application/json; charset=utf-8
host: localhost:58702
accept: */*

Response DefaultHttpResponse(decodeResult: success, version: HTTP/1.1)
HTTP/1.1 200 OK
Content-Type: application/json; charset=utf-8
cache-control: no-cache
content-length: 14

21:15:17.762 [AsyncHttpClient-1-10] DEBUG org.asynchttpclient.netty.channel.ChannelManager - Adding key: http://localhost:58702 for channel [id: 0x75ff903c, L:/127.0.0.1:50812 - R:localhost/127.0.0.1:58702]
  &amp#27;[32mGiven &amp#27;[0m&amp#27;[32mI am logged in&amp#27;[0m                         &amp#27;[90m# starter.stepdefinitions.TransactionSteps.iAmLoggedIn()&amp#27;[0m
21:15:17.766 [main] DEBUG net.serenitybdd.core.photography.Darkroom - Opening darkroom
21:15:17.766 [Darkroom Processing Line] DEBUG net.serenitybdd.core.photography.DarkroomProcessingLine - Darkroom processing line starting up
21:15:17.766 [Forwarding screenshot on session 7819df3ec43e19d5672c34bc70504085 to remote] DEBUG org.asynchttpclient.netty.request.NettyRequestSender - Using pooled Channel '[id: 0x75ff903c, L:/127.0.0.1:50812 - R:localhost/127.0.0.1:58702]' for 'GET' to 'http://localhost:58702/session/7819df3ec43e19d5672c34bc70504085/screenshot'
21:15:17.766 [Forwarding screenshot on session 7819df3ec43e19d5672c34bc70504085 to remote] DEBUG org.asynchttpclient.netty.request.NettyRequestSender - Using open Channel [id: 0x75ff903c, L:/127.0.0.1:50812 - R:localhost/127.0.0.1:58702] for GET '/session/7819df3ec43e19d5672c34bc70504085/screenshot'
21:15:18.033 [AsyncHttpClient-1-10] DEBUG org.asynchttpclient.netty.handler.HttpHandler - 

Request DefaultFullHttpRequest(decodeResult: success, version: HTTP/1.1, content: EmptyByteBufBE)
GET /session/7819df3ec43e19d5672c34bc70504085/screenshot HTTP/1.1
User-Agent: selenium/4.1.2 (java windows)
Cache-Control: no-cache
Content-Type: application/json; charset=utf-8
host: localhost:58702
accept: */*

Response DefaultHttpResponse(decodeResult: success, version: HTTP/1.1)
HTTP/1.1 200 OK
Content-Type: application/json; charset=utf-8
cache-control: no-cache
content-length: 45356

21:15:18.033 [AsyncHttpClient-1-10] DEBUG org.asynchttpclient.netty.channel.ChannelManager - Adding key: http://localhost:58702 for channel [id: 0x75ff903c, L:/127.0.0.1:50812 - R:localhost/127.0.0.1:58702]
21:15:18.035 [main] DEBUG net.serenitybdd.core.photography.Darkroom - Send negative for processing for target\site\serenity\60c75dbd99ff40ae927fd1f51d72ce5995c0f533d7f8a912417e8ef9fee94fa8.png
21:15:18.036 [Darkroom Processing Line] DEBUG net.serenitybdd.core.photography.DarkroomProcessingLine - Processing screenshot image in /var/screenshots/screenshot-13745052452442649414
21:15:18.036 [Darkroom Processing Line] DEBUG net.serenitybdd.core.photography.DarkroomProcessingLine - Saving screenshot to target\site\serenity\60c75dbd99ff40ae927fd1f51d72ce5995c0f533d7f8a912417e8ef9fee94fa8.png
21:15:18.044 [Forwarding findElement on session 7819df3ec43e19d5672c34bc70504085 to remote] DEBUG org.asynchttpclient.netty.request.NettyRequestSender - Using pooled Channel '[id: 0x75ff903c, L:/127.0.0.1:50812 - R:localhost/127.0.0.1:58702]' for 'POST' to 'http://localhost:58702/session/7819df3ec43e19d5672c34bc70504085/element'
21:15:18.044 [Forwarding findElement on session 7819df3ec43e19d5672c34bc70504085 to remote] DEBUG org.asynchttpclient.netty.request.NettyRequestSender - Using open Channel [id: 0x75ff903c, L:/127.0.0.1:50812 - R:localhost/127.0.0.1:58702] for POST '/session/7819df3ec43e19d5672c34bc70504085/element'
21:15:18.288 [AsyncHttpClient-1-1] DEBUG org.asynchttpclient.netty.channel.DefaultChannelPool - Entry count for : http://localhost:50813 : 1
21:15:19.392 [AsyncHttpClient-1-1] DEBUG org.asynchttpclient.netty.channel.DefaultChannelPool - Entry count for : http://localhost:50813 : 1
21:15:20.048 [AsyncHttpClient-1-10] DEBUG org.asynchttpclient.netty.handler.HttpHandler - 

Request DefaultHttpRequest(decodeResult: success, version: HTTP/1.1)
POST /session/7819df3ec43e19d5672c34bc70504085/element HTTP/1.1
User-Agent: selenium/4.1.2 (java windows)
Content-Length: 94
Content-Type: application/json; charset=utf-8
host: localhost:58702
accept: */*

Response DefaultHttpResponse(decodeResult: success, version: HTTP/1.1)
HTTP/1.1 404 Not Found
Content-Type: application/json; charset=utf-8
cache-control: no-cache
content-length: 1043

21:15:20.048 [AsyncHttpClient-1-10] DEBUG org.asynchttpclient.netty.channel.ChannelManager - Adding key: http://localhost:58702 for channel [id: 0x75ff903c, L:/127.0.0.1:50812 - R:localhost/127.0.0.1:58702]
21:15:20.153 [Forwarding findElement on session 7819df3ec43e19d5672c34bc70504085 to remote] DEBUG org.asynchttpclient.netty.request.NettyRequestSender - Using pooled Channel '[id: 0x75ff903c, L:/127.0.0.1:50812 - R:localhost/127.0.0.1:58702]' for 'POST' to 'http://localhost:58702/session/7819df3ec43e19d5672c34bc70504085/element'
21:15:20.153 [Forwarding findElement on session 7819df3ec43e19d5672c34bc70504085 to remote] DEBUG org.asynchttpclient.netty.request.NettyRequestSender - Using open Channel [id: 0x75ff903c, L:/127.0.0.1:50812 - R:localhost/127.0.0.1:58702] for POST '/session/7819df3ec43e19d5672c34bc70504085/element'
21:15:20.493 [AsyncHttpClient-1-1] DEBUG org.asynchttpclient.netty.channel.DefaultChannelPool - Entry count for : http://localhost:50813 : 1
21:15:21.588 [AsyncHttpClient-1-1] DEBUG org.asynchttpclient.netty.channel.DefaultChannelPool - Entry count for : http://localhost:50813 : 1
21:15:22.159 [AsyncHttpClient-1-10] DEBUG org.asynchttpclient.netty.handler.HttpHandler - 

Request DefaultHttpRequest(decodeResult: success, version: HTTP/1.1)
POST /session/7819df3ec43e19d5672c34bc70504085/element HTTP/1.1
User-Agent: selenium/4.1.2 (java windows)
Content-Length: 94
Content-Type: application/json; charset=utf-8
host: localhost:58702
accept: */*

Response DefaultHttpResponse(decodeResult: success, version: HTTP/1.1)
HTTP/1.1 404 Not Found
Content-Type: application/json; charset=utf-8
cache-control: no-cache
content-length: 1043

21:15:22.159 [AsyncHttpClient-1-10] DEBUG org.asynchttpclient.netty.channel.ChannelManager - Adding key: http://localhost:58702 for channel [id: 0x75ff903c, L:/127.0.0.1:50812 - R:localhost/127.0.0.1:58702]
21:15:22.264 [Forwarding findElement on session 7819df3ec43e19d5672c34bc70504085 to remote] DEBUG org.asynchttpclient.netty.request.NettyRequestSender - Using pooled Channel '[id: 0x75ff903c, L:/127.0.0.1:50812 - R:localhost/127.0.0.1:58702]' for 'POST' to 'http://localhost:58702/session/7819df3ec43e19d5672c34bc70504085/element'
21:15:22.264 [Forwarding findElement on session 7819df3ec43e19d5672c34bc70504085 to remote] DEBUG org.asynchttpclient.netty.request.NettyRequestSender - Using open Channel [id: 0x75ff903c, L:/127.0.0.1:50812 - R:localhost/127.0.0.1:58702] for POST '/session/7819df3ec43e19d5672c34bc70504085/element'
21:15:22.687 [AsyncHttpClient-1-1] DEBUG org.asynchttpclient.netty.channel.DefaultChannelPool - Entry count for : http://localhost:50813 : 1
21:15:23.404 [AsyncHttpClient-1-10] DEBUG org.asynchttpclient.netty.handler.HttpHandler - 

Request DefaultHttpRequest(decodeResult: success, version: HTTP/1.1)
POST /session/7819df3ec43e19d5672c34bc70504085/element HTTP/1.1
User-Agent: selenium/4.1.2 (java windows)
Content-Length: 94
Content-Type: application/json; charset=utf-8
host: localhost:58702
accept: */*

Response DefaultHttpResponse(decodeResult: success, version: HTTP/1.1)
HTTP/1.1 200 OK
Content-Type: application/json; charset=utf-8
cache-control: no-cache
content-length: 88

21:15:23.404 [AsyncHttpClient-1-10] DEBUG org.asynchttpclient.netty.channel.ChannelManager - Adding key: http://localhost:58702 for channel [id: 0x75ff903c, L:/127.0.0.1:50812 - R:localhost/127.0.0.1:58702]
21:15:23.405 [Forwarding getElementTagName on session 7819df3ec43e19d5672c34bc70504085 to remote] DEBUG org.asynchttpclient.netty.request.NettyRequestSender - Using pooled Channel '[id: 0x75ff903c, L:/127.0.0.1:50812 - R:localhost/127.0.0.1:58702]' for 'GET' to 'http://localhost:58702/session/7819df3ec43e19d5672c34bc70504085/element/87e596ed-3116-4b89-8bff-c8ae63bb2137/name'
21:15:23.405 [Forwarding getElementTagName on session 7819df3ec43e19d5672c34bc70504085 to remote] DEBUG org.asynchttpclient.netty.request.NettyRequestSender - Using open Channel [id: 0x75ff903c, L:/127.0.0.1:50812 - R:localhost/127.0.0.1:58702] for GET '/session/7819df3ec43e19d5672c34bc70504085/element/87e596ed-3116-4b89-8bff-c8ae63bb2137/name'
21:15:23.411 [AsyncHttpClient-1-10] DEBUG org.asynchttpclient.netty.handler.HttpHandler - 

Request DefaultFullHttpRequest(decodeResult: success, version: HTTP/1.1, content: EmptyByteBufBE)
GET /session/7819df3ec43e19d5672c34bc70504085/element/87e596ed-3116-4b89-8bff-c8ae63bb2137/name HTTP/1.1
User-Agent: selenium/4.1.2 (java windows)
Cache-Control: no-cache
Content-Type: application/json; charset=utf-8
host: localhost:58702
accept: */*

Response DefaultHttpResponse(decodeResult: success, version: HTTP/1.1)
HTTP/1.1 200 OK
Content-Type: application/json; charset=utf-8
cache-control: no-cache
content-length: 16

21:15:23.412 [AsyncHttpClient-1-10] DEBUG org.asynchttpclient.netty.channel.ChannelManager - Adding key: http://localhost:58702 for channel [id: 0x75ff903c, L:/127.0.0.1:50812 - R:localhost/127.0.0.1:58702]
21:15:23.413 [Forwarding getElementTagName on session 7819df3ec43e19d5672c34bc70504085 to remote] DEBUG org.asynchttpclient.netty.request.NettyRequestSender - Using pooled Channel '[id: 0x75ff903c, L:/127.0.0.1:50812 - R:localhost/127.0.0.1:58702]' for 'GET' to 'http://localhost:58702/session/7819df3ec43e19d5672c34bc70504085/element/87e596ed-3116-4b89-8bff-c8ae63bb2137/name'
21:15:23.413 [Forwarding getElementTagName on session 7819df3ec43e19d5672c34bc70504085 to remote] DEBUG org.asynchttpclient.netty.request.NettyRequestSender - Using open Channel [id: 0x75ff903c, L:/127.0.0.1:50812 - R:localhost/127.0.0.1:58702] for GET '/session/7819df3ec43e19d5672c34bc70504085/element/87e596ed-3116-4b89-8bff-c8ae63bb2137/name'
21:15:23.416 [AsyncHttpClient-1-10] DEBUG org.asynchttpclient.netty.handler.HttpHandler - 

Request DefaultFullHttpRequest(decodeResult: success, version: HTTP/1.1, content: EmptyByteBufBE)
GET /session/7819df3ec43e19d5672c34bc70504085/element/87e596ed-3116-4b89-8bff-c8ae63bb2137/name HTTP/1.1
User-Agent: selenium/4.1.2 (java windows)
Cache-Control: no-cache
Content-Type: application/json; charset=utf-8
host: localhost:58702
accept: */*

Response DefaultHttpResponse(decodeResult: success, version: HTTP/1.1)
HTTP/1.1 200 OK
Content-Type: application/json; charset=utf-8
cache-control: no-cache
content-length: 16

21:15:23.416 [AsyncHttpClient-1-10] DEBUG org.asynchttpclient.netty.channel.ChannelManager - Adding key: http://localhost:58702 for channel [id: 0x75ff903c, L:/127.0.0.1:50812 - R:localhost/127.0.0.1:58702]
21:15:23.417 [Forwarding findElement on session 7819df3ec43e19d5672c34bc70504085 to remote] DEBUG org.asynchttpclient.netty.request.NettyRequestSender - Using pooled Channel '[id: 0x75ff903c, L:/127.0.0.1:50812 - R:localhost/127.0.0.1:58702]' for 'POST' to 'http://localhost:58702/session/7819df3ec43e19d5672c34bc70504085/element'
21:15:23.417 [Forwarding findElement on session 7819df3ec43e19d5672c34bc70504085 to remote] DEBUG org.asynchttpclient.netty.request.NettyRequestSender - Using open Channel [id: 0x75ff903c, L:/127.0.0.1:50812 - R:localhost/127.0.0.1:58702] for POST '/session/7819df3ec43e19d5672c34bc70504085/element'
21:15:23.427 [AsyncHttpClient-1-10] DEBUG org.asynchttpclient.netty.handler.HttpHandler - 

Request DefaultHttpRequest(decodeResult: success, version: HTTP/1.1)
POST /session/7819df3ec43e19d5672c34bc70504085/element HTTP/1.1
User-Agent: selenium/4.1.2 (java windows)
Content-Length: 94
Content-Type: application/json; charset=utf-8
host: localhost:58702
accept: */*

Response DefaultHttpResponse(decodeResult: success, version: HTTP/1.1)
HTTP/1.1 200 OK
Content-Type: application/json; charset=utf-8
cache-control: no-cache
content-length: 88

21:15:23.427 [AsyncHttpClient-1-10] DEBUG org.asynchttpclient.netty.channel.ChannelManager - Adding key: http://localhost:58702 for channel [id: 0x75ff903c, L:/127.0.0.1:50812 - R:localhost/127.0.0.1:58702]
21:15:23.428 [Forwarding clickElement on session 7819df3ec43e19d5672c34bc70504085 to remote] DEBUG org.asynchttpclient.netty.request.NettyRequestSender - Using pooled Channel '[id: 0x75ff903c, L:/127.0.0.1:50812 - R:localhost/127.0.0.1:58702]' for 'POST' to 'http://localhost:58702/session/7819df3ec43e19d5672c34bc70504085/element/87e596ed-3116-4b89-8bff-c8ae63bb2137/click'
21:15:23.428 [Forwarding clickElement on session 7819df3ec43e19d5672c34bc70504085 to remote] DEBUG org.asynchttpclient.netty.request.NettyRequestSender - Using open Channel [id: 0x75ff903c, L:/127.0.0.1:50812 - R:localhost/127.0.0.1:58702] for POST '/session/7819df3ec43e19d5672c34bc70504085/element/87e596ed-3116-4b89-8bff-c8ae63bb2137/click'
21:15:23.484 [AsyncHttpClient-1-10] DEBUG org.asynchttpclient.netty.handler.HttpHandler - 

Request DefaultHttpRequest(decodeResult: success, version: HTTP/1.1)
POST /session/7819df3ec43e19d5672c34bc70504085/element/87e596ed-3116-4b89-8bff-c8ae63bb2137/click HTTP/1.1
User-Agent: selenium/4.1.2 (java windows)
Content-Length: 50
Content-Type: application/json; charset=utf-8
host: localhost:58702
accept: */*

Response DefaultHttpResponse(decodeResult: success, version: HTTP/1.1)
HTTP/1.1 200 OK
Content-Type: application/json; charset=utf-8
cache-control: no-cache
content-length: 14

21:15:23.484 [AsyncHttpClient-1-10] DEBUG org.asynchttpclient.netty.channel.ChannelManager - Adding key: http://localhost:58702 for channel [id: 0x75ff903c, L:/127.0.0.1:50812 - R:localhost/127.0.0.1:58702]
21:15:23.487 [Forwarding findElement on session 7819df3ec43e19d5672c34bc70504085 to remote] DEBUG org.asynchttpclient.netty.request.NettyRequestSender - Using pooled Channel '[id: 0x75ff903c, L:/127.0.0.1:50812 - R:localhost/127.0.0.1:58702]' for 'POST' to 'http://localhost:58702/session/7819df3ec43e19d5672c34bc70504085/element'
21:15:23.487 [Forwarding findElement on session 7819df3ec43e19d5672c34bc70504085 to remote] DEBUG org.asynchttpclient.netty.request.NettyRequestSender - Using open Channel [id: 0x75ff903c, L:/127.0.0.1:50812 - R:localhost/127.0.0.1:58702] for POST '/session/7819df3ec43e19d5672c34bc70504085/element'
21:15:23.512 [AsyncHttpClient-1-10] DEBUG org.asynchttpclient.netty.handler.HttpHandler - 

Request DefaultHttpRequest(decodeResult: success, version: HTTP/1.1)
POST /session/7819df3ec43e19d5672c34bc70504085/element HTTP/1.1
User-Agent: selenium/4.1.2 (java windows)
Content-Length: 94
Content-Type: application/json; charset=utf-8
host: localhost:58702
accept: */*

Response DefaultHttpResponse(decodeResult: success, version: HTTP/1.1)
HTTP/1.1 200 OK
Content-Type: application/json; charset=utf-8
cache-control: no-cache
content-length: 88

21:15:23.513 [AsyncHttpClient-1-10] DEBUG org.asynchttpclient.netty.channel.ChannelManager - Adding key: http://localhost:58702 for channel [id: 0x75ff903c, L:/127.0.0.1:50812 - R:localhost/127.0.0.1:58702]
21:15:23.514 [Forwarding getElementTagName on session 7819df3ec43e19d5672c34bc70504085 to remote] DEBUG org.asynchttpclient.netty.request.NettyRequestSender - Using pooled Channel '[id: 0x75ff903c, L:/127.0.0.1:50812 - R:localhost/127.0.0.1:58702]' for 'GET' to 'http://localhost:58702/session/7819df3ec43e19d5672c34bc70504085/element/8662e2f5-2def-446e-95db-84cbddee8a4d/name'
21:15:23.514 [Forwarding getElementTagName on session 7819df3ec43e19d5672c34bc70504085 to remote] DEBUG org.asynchttpclient.netty.request.NettyRequestSender - Using open Channel [id: 0x75ff903c, L:/127.0.0.1:50812 - R:localhost/127.0.0.1:58702] for GET '/session/7819df3ec43e19d5672c34bc70504085/element/8662e2f5-2def-446e-95db-84cbddee8a4d/name'
21:15:23.518 [AsyncHttpClient-1-10] DEBUG org.asynchttpclient.netty.handler.HttpHandler - 

Request DefaultFullHttpRequest(decodeResult: success, version: HTTP/1.1, content: EmptyByteBufBE)
GET /session/7819df3ec43e19d5672c34bc70504085/element/8662e2f5-2def-446e-95db-84cbddee8a4d/name HTTP/1.1
User-Agent: selenium/4.1.2 (java windows)
Cache-Control: no-cache
Content-Type: application/json; charset=utf-8
host: localhost:58702
accept: */*

Response DefaultHttpResponse(decodeResult: success, version: HTTP/1.1)
HTTP/1.1 200 OK
Content-Type: application/json; charset=utf-8
cache-control: no-cache
content-length: 16

21:15:23.518 [AsyncHttpClient-1-10] DEBUG org.asynchttpclient.netty.channel.ChannelManager - Adding key: http://localhost:58702 for channel [id: 0x75ff903c, L:/127.0.0.1:50812 - R:localhost/127.0.0.1:58702]
21:15:23.518 [Forwarding getElementTagName on session 7819df3ec43e19d5672c34bc70504085 to remote] DEBUG org.asynchttpclient.netty.request.NettyRequestSender - Using pooled Channel '[id: 0x75ff903c, L:/127.0.0.1:50812 - R:localhost/127.0.0.1:58702]' for 'GET' to 'http://localhost:58702/session/7819df3ec43e19d5672c34bc70504085/element/8662e2f5-2def-446e-95db-84cbddee8a4d/name'
21:15:23.518 [Forwarding getElementTagName on session 7819df3ec43e19d5672c34bc70504085 to remote] DEBUG org.asynchttpclient.netty.request.NettyRequestSender - Using open Channel [id: 0x75ff903c, L:/127.0.0.1:50812 - R:localhost/127.0.0.1:58702] for GET '/session/7819df3ec43e19d5672c34bc70504085/element/8662e2f5-2def-446e-95db-84cbddee8a4d/name'
21:15:23.521 [AsyncHttpClient-1-10] DEBUG org.asynchttpclient.netty.handler.HttpHandler - 

Request DefaultFullHttpRequest(decodeResult: success, version: HTTP/1.1, content: EmptyByteBufBE)
GET /session/7819df3ec43e19d5672c34bc70504085/element/8662e2f5-2def-446e-95db-84cbddee8a4d/name HTTP/1.1
User-Agent: selenium/4.1.2 (java windows)
Cache-Control: no-cache
Content-Type: application/json; charset=utf-8
host: localhost:58702
accept: */*

Response DefaultHttpResponse(decodeResult: success, version: HTTP/1.1)
HTTP/1.1 200 OK
Content-Type: application/json; charset=utf-8
cache-control: no-cache
content-length: 16

21:15:23.522 [AsyncHttpClient-1-10] DEBUG org.asynchttpclient.netty.channel.ChannelManager - Adding key: http://localhost:58702 for channel [id: 0x75ff903c, L:/127.0.0.1:50812 - R:localhost/127.0.0.1:58702]
21:15:23.523 [Forwarding findElement on session 7819df3ec43e19d5672c34bc70504085 to remote] DEBUG org.asynchttpclient.netty.request.NettyRequestSender - Using pooled Channel '[id: 0x75ff903c, L:/127.0.0.1:50812 - R:localhost/127.0.0.1:58702]' for 'POST' to 'http://localhost:58702/session/7819df3ec43e19d5672c34bc70504085/element'
21:15:23.523 [Forwarding findElement on session 7819df3ec43e19d5672c34bc70504085 to remote] DEBUG org.asynchttpclient.netty.request.NettyRequestSender - Using open Channel [id: 0x75ff903c, L:/127.0.0.1:50812 - R:localhost/127.0.0.1:58702] for POST '/session/7819df3ec43e19d5672c34bc70504085/element'
21:15:23.531 [AsyncHttpClient-1-10] DEBUG org.asynchttpclient.netty.handler.HttpHandler - 

Request DefaultHttpRequest(decodeResult: success, version: HTTP/1.1)
POST /session/7819df3ec43e19d5672c34bc70504085/element HTTP/1.1
User-Agent: selenium/4.1.2 (java windows)
Content-Length: 94
Content-Type: application/json; charset=utf-8
host: localhost:58702
accept: */*

Response DefaultHttpResponse(decodeResult: success, version: HTTP/1.1)
HTTP/1.1 200 OK
Content-Type: application/json; charset=utf-8
cache-control: no-cache
content-length: 88

21:15:23.531 [AsyncHttpClient-1-10] DEBUG org.asynchttpclient.netty.channel.ChannelManager - Adding key: http://localhost:58702 for channel [id: 0x75ff903c, L:/127.0.0.1:50812 - R:localhost/127.0.0.1:58702]
21:15:23.531 [Forwarding clickElement on session 7819df3ec43e19d5672c34bc70504085 to remote] DEBUG org.asynchttpclient.netty.request.NettyRequestSender - Using pooled Channel '[id: 0x75ff903c, L:/127.0.0.1:50812 - R:localhost/127.0.0.1:58702]' for 'POST' to 'http://localhost:58702/session/7819df3ec43e19d5672c34bc70504085/element/8662e2f5-2def-446e-95db-84cbddee8a4d/click'
21:15:23.531 [Forwarding clickElement on session 7819df3ec43e19d5672c34bc70504085 to remote] DEBUG org.asynchttpclient.netty.request.NettyRequestSender - Using open Channel [id: 0x75ff903c, L:/127.0.0.1:50812 - R:localhost/127.0.0.1:58702] for POST '/session/7819df3ec43e19d5672c34bc70504085/element/8662e2f5-2def-446e-95db-84cbddee8a4d/click'
21:15:23.587 [AsyncHttpClient-1-10] DEBUG org.asynchttpclient.netty.handler.HttpHandler - 

Request DefaultHttpRequest(decodeResult: success, version: HTTP/1.1)
POST /session/7819df3ec43e19d5672c34bc70504085/element/8662e2f5-2def-446e-95db-84cbddee8a4d/click HTTP/1.1
User-Agent: selenium/4.1.2 (java windows)
Content-Length: 50
Content-Type: application/json; charset=utf-8
host: localhost:58702
accept: */*

Response DefaultHttpResponse(decodeResult: success, version: HTTP/1.1)
HTTP/1.1 200 OK
Content-Type: application/json; charset=utf-8
cache-control: no-cache
content-length: 14

21:15:23.587 [AsyncHttpClient-1-10] DEBUG org.asynchttpclient.netty.channel.ChannelManager - Adding key: http://localhost:58702 for channel [id: 0x75ff903c, L:/127.0.0.1:50812 - R:localhost/127.0.0.1:58702]
21:15:23.590 [Forwarding findElement on session 7819df3ec43e19d5672c34bc70504085 to remote] DEBUG org.asynchttpclient.netty.request.NettyRequestSender - Using pooled Channel '[id: 0x75ff903c, L:/127.0.0.1:50812 - R:localhost/127.0.0.1:58702]' for 'POST' to 'http://localhost:58702/session/7819df3ec43e19d5672c34bc70504085/element'
21:15:23.590 [Forwarding findElement on session 7819df3ec43e19d5672c34bc70504085 to remote] DEBUG org.asynchttpclient.netty.request.NettyRequestSender - Using open Channel [id: 0x75ff903c, L:/127.0.0.1:50812 - R:localhost/127.0.0.1:58702] for POST '/session/7819df3ec43e19d5672c34bc70504085/element'
21:15:23.610 [AsyncHttpClient-1-10] DEBUG org.asynchttpclient.netty.handler.HttpHandler - 

Request DefaultHttpRequest(decodeResult: success, version: HTTP/1.1)
POST /session/7819df3ec43e19d5672c34bc70504085/element HTTP/1.1
User-Agent: selenium/4.1.2 (java windows)
Content-Length: 88
Content-Type: application/json; charset=utf-8
host: localhost:58702
accept: */*

Response DefaultHttpResponse(decodeResult: success, version: HTTP/1.1)
HTTP/1.1 200 OK
Content-Type: application/json; charset=utf-8
cache-control: no-cache
content-length: 88

21:15:23.610 [AsyncHttpClient-1-10] DEBUG org.asynchttpclient.netty.channel.ChannelManager - Adding key: http://localhost:58702 for channel [id: 0x75ff903c, L:/127.0.0.1:50812 - R:localhost/127.0.0.1:58702]
21:15:23.611 [Forwarding getElementTagName on session 7819df3ec43e19d5672c34bc70504085 to remote] DEBUG org.asynchttpclient.netty.request.NettyRequestSender - Using pooled Channel '[id: 0x75ff903c, L:/127.0.0.1:50812 - R:localhost/127.0.0.1:58702]' for 'GET' to 'http://localhost:58702/session/7819df3ec43e19d5672c34bc70504085/element/53c8f848-122a-41fa-8cad-59c44c27284a/name'
21:15:23.611 [Forwarding getElementTagName on session 7819df3ec43e19d5672c34bc70504085 to remote] DEBUG org.asynchttpclient.netty.request.NettyRequestSender - Using open Channel [id: 0x75ff903c, L:/127.0.0.1:50812 - R:localhost/127.0.0.1:58702] for GET '/session/7819df3ec43e19d5672c34bc70504085/element/53c8f848-122a-41fa-8cad-59c44c27284a/name'
21:15:23.615 [AsyncHttpClient-1-10] DEBUG org.asynchttpclient.netty.handler.HttpHandler - 

Request DefaultFullHttpRequest(decodeResult: success, version: HTTP/1.1, content: EmptyByteBufBE)
GET /session/7819df3ec43e19d5672c34bc70504085/element/53c8f848-122a-41fa-8cad-59c44c27284a/name HTTP/1.1
User-Agent: selenium/4.1.2 (java windows)
Cache-Control: no-cache
Content-Type: application/json; charset=utf-8
host: localhost:58702
accept: */*

Response DefaultHttpResponse(decodeResult: success, version: HTTP/1.1)
HTTP/1.1 200 OK
Content-Type: application/json; charset=utf-8
cache-control: no-cache
content-length: 13

21:15:23.615 [AsyncHttpClient-1-10] DEBUG org.asynchttpclient.netty.channel.ChannelManager - Adding key: http://localhost:58702 for channel [id: 0x75ff903c, L:/127.0.0.1:50812 - R:localhost/127.0.0.1:58702]
21:15:23.615 [Forwarding getElementTagName on session 7819df3ec43e19d5672c34bc70504085 to remote] DEBUG org.asynchttpclient.netty.request.NettyRequestSender - Using pooled Channel '[id: 0x75ff903c, L:/127.0.0.1:50812 - R:localhost/127.0.0.1:58702]' for 'GET' to 'http://localhost:58702/session/7819df3ec43e19d5672c34bc70504085/element/53c8f848-122a-41fa-8cad-59c44c27284a/name'
21:15:23.615 [Forwarding getElementTagName on session 7819df3ec43e19d5672c34bc70504085 to remote] DEBUG org.asynchttpclient.netty.request.NettyRequestSender - Using open Channel [id: 0x75ff903c, L:/127.0.0.1:50812 - R:localhost/127.0.0.1:58702] for GET '/session/7819df3ec43e19d5672c34bc70504085/element/53c8f848-122a-41fa-8cad-59c44c27284a/name'
21:15:23.618 [AsyncHttpClient-1-10] DEBUG org.asynchttpclient.netty.handler.HttpHandler - 

Request DefaultFullHttpRequest(decodeResult: success, version: HTTP/1.1, content: EmptyByteBufBE)
GET /session/7819df3ec43e19d5672c34bc70504085/element/53c8f848-122a-41fa-8cad-59c44c27284a/name HTTP/1.1
User-Agent: selenium/4.1.2 (java windows)
Cache-Control: no-cache
Content-Type: application/json; charset=utf-8
host: localhost:58702
accept: */*

Response DefaultHttpResponse(decodeResult: success, version: HTTP/1.1)
HTTP/1.1 200 OK
Content-Type: application/json; charset=utf-8
cache-control: no-cache
content-length: 13

21:15:23.618 [AsyncHttpClient-1-10] DEBUG org.asynchttpclient.netty.channel.ChannelManager - Adding key: http://localhost:58702 for channel [id: 0x75ff903c, L:/127.0.0.1:50812 - R:localhost/127.0.0.1:58702]
21:15:23.619 [Forwarding findElement on session 7819df3ec43e19d5672c34bc70504085 to remote] DEBUG org.asynchttpclient.netty.request.NettyRequestSender - Using pooled Channel '[id: 0x75ff903c, L:/127.0.0.1:50812 - R:localhost/127.0.0.1:58702]' for 'POST' to 'http://localhost:58702/session/7819df3ec43e19d5672c34bc70504085/element'
21:15:23.619 [Forwarding findElement on session 7819df3ec43e19d5672c34bc70504085 to remote] DEBUG org.asynchttpclient.netty.request.NettyRequestSender - Using open Channel [id: 0x75ff903c, L:/127.0.0.1:50812 - R:localhost/127.0.0.1:58702] for POST '/session/7819df3ec43e19d5672c34bc70504085/element'
21:15:23.627 [AsyncHttpClient-1-10] DEBUG org.asynchttpclient.netty.handler.HttpHandler - 

Request DefaultHttpRequest(decodeResult: success, version: HTTP/1.1)
POST /session/7819df3ec43e19d5672c34bc70504085/element HTTP/1.1
User-Agent: selenium/4.1.2 (java windows)
Content-Length: 88
Content-Type: application/json; charset=utf-8
host: localhost:58702
accept: */*

Response DefaultHttpResponse(decodeResult: success, version: HTTP/1.1)
HTTP/1.1 200 OK
Content-Type: application/json; charset=utf-8
cache-control: no-cache
content-length: 88

21:15:23.627 [AsyncHttpClient-1-10] DEBUG org.asynchttpclient.netty.channel.ChannelManager - Adding key: http://localhost:58702 for channel [id: 0x75ff903c, L:/127.0.0.1:50812 - R:localhost/127.0.0.1:58702]
21:15:23.627 [Forwarding clickElement on session 7819df3ec43e19d5672c34bc70504085 to remote] DEBUG org.asynchttpclient.netty.request.NettyRequestSender - Using pooled Channel '[id: 0x75ff903c, L:/127.0.0.1:50812 - R:localhost/127.0.0.1:58702]' for 'POST' to 'http://localhost:58702/session/7819df3ec43e19d5672c34bc70504085/element/53c8f848-122a-41fa-8cad-59c44c27284a/click'
21:15:23.627 [Forwarding clickElement on session 7819df3ec43e19d5672c34bc70504085 to remote] DEBUG org.asynchttpclient.netty.request.NettyRequestSender - Using open Channel [id: 0x75ff903c, L:/127.0.0.1:50812 - R:localhost/127.0.0.1:58702] for POST '/session/7819df3ec43e19d5672c34bc70504085/element/53c8f848-122a-41fa-8cad-59c44c27284a/click'
21:15:23.666 [AsyncHttpClient-1-10] DEBUG org.asynchttpclient.netty.handler.HttpHandler - 

Request DefaultHttpRequest(decodeResult: success, version: HTTP/1.1)
POST /session/7819df3ec43e19d5672c34bc70504085/element/53c8f848-122a-41fa-8cad-59c44c27284a/click HTTP/1.1
User-Agent: selenium/4.1.2 (java windows)
Content-Length: 50
Content-Type: application/json; charset=utf-8
host: localhost:58702
accept: */*

Response DefaultHttpResponse(decodeResult: success, version: HTTP/1.1)
HTTP/1.1 200 OK
Content-Type: application/json; charset=utf-8
cache-control: no-cache
content-length: 14

21:15:23.666 [AsyncHttpClient-1-10] DEBUG org.asynchttpclient.netty.channel.ChannelManager - Adding key: http://localhost:58702 for channel [id: 0x75ff903c, L:/127.0.0.1:50812 - R:localhost/127.0.0.1:58702]
  &amp#27;[32mAnd &amp#27;[0m&amp#27;[32mI am in my filled cart page&amp#27;[0m              &amp#27;[90m# starter.stepdefinitions.TransactionSteps.iAmInMyFilledCartPage()&amp#27;[0m
21:15:23.673 [Forwarding screenshot on session 7819df3ec43e19d5672c34bc70504085 to remote] DEBUG org.asynchttpclient.netty.request.NettyRequestSender - Using pooled Channel '[id: 0x75ff903c, L:/127.0.0.1:50812 - R:localhost/127.0.0.1:58702]' for 'GET' to 'http://localhost:58702/session/7819df3ec43e19d5672c34bc70504085/screenshot'
21:15:23.673 [Forwarding screenshot on session 7819df3ec43e19d5672c34bc70504085 to remote] DEBUG org.asynchttpclient.netty.request.NettyRequestSender - Using open Channel [id: 0x75ff903c, L:/127.0.0.1:50812 - R:localhost/127.0.0.1:58702] for GET '/session/7819df3ec43e19d5672c34bc70504085/screenshot'
21:15:23.788 [AsyncHttpClient-1-1] DEBUG org.asynchttpclient.netty.channel.DefaultChannelPool - Entry count for : http://localhost:50813 : 1
21:15:23.965 [AsyncHttpClient-1-10] DEBUG org.asynchttpclient.netty.handler.HttpHandler - 

Request DefaultFullHttpRequest(decodeResult: success, version: HTTP/1.1, content: EmptyByteBufBE)
GET /session/7819df3ec43e19d5672c34bc70504085/screenshot HTTP/1.1
User-Agent: selenium/4.1.2 (java windows)
Cache-Control: no-cache
Content-Type: application/json; charset=utf-8
host: localhost:58702
accept: */*

Response DefaultHttpResponse(decodeResult: success, version: HTTP/1.1)
HTTP/1.1 200 OK
Content-Type: application/json; charset=utf-8
cache-control: no-cache
content-length: 61056

21:15:23.966 [AsyncHttpClient-1-10] DEBUG org.asynchttpclient.netty.channel.ChannelManager - Adding key: http://localhost:58702 for channel [id: 0x75ff903c, L:/127.0.0.1:50812 - R:localhost/127.0.0.1:58702]
21:15:23.967 [main] DEBUG net.serenitybdd.core.photography.Darkroom - Send negative for processing for target\site\serenity\cd9ade40978ec672556ec505b7a87d54e6dce939eebe1e5b32a5368dcde4fd5d.png
21:15:23.967 [Darkroom Processing Line] DEBUG net.serenitybdd.core.photography.DarkroomProcessingLine - Processing screenshot image in /var/screenshots/screenshot-14045112713973264833
21:15:23.967 [Darkroom Processing Line] DEBUG net.serenitybdd.core.photography.DarkroomProcessingLine - Saving screenshot to target\site\serenity\cd9ade40978ec672556ec505b7a87d54e6dce939eebe1e5b32a5368dcde4fd5d.png
21:15:23.975 [Forwarding findElement on session 7819df3ec43e19d5672c34bc70504085 to remote] DEBUG org.asynchttpclient.netty.request.NettyRequestSender - Using pooled Channel '[id: 0x75ff903c, L:/127.0.0.1:50812 - R:localhost/127.0.0.1:58702]' for 'POST' to 'http://localhost:58702/session/7819df3ec43e19d5672c34bc70504085/element'
21:15:23.975 [Forwarding findElement on session 7819df3ec43e19d5672c34bc70504085 to remote] DEBUG org.asynchttpclient.netty.request.NettyRequestSender - Using open Channel [id: 0x75ff903c, L:/127.0.0.1:50812 - R:localhost/127.0.0.1:58702] for POST '/session/7819df3ec43e19d5672c34bc70504085/element'
21:15:23.985 [AsyncHttpClient-1-10] DEBUG org.asynchttpclient.netty.handler.HttpHandler - 

Request DefaultHttpRequest(decodeResult: success, version: HTTP/1.1)
POST /session/7819df3ec43e19d5672c34bc70504085/element HTTP/1.1
User-Agent: selenium/4.1.2 (java windows)
Content-Length: 92
Content-Type: application/json; charset=utf-8
host: localhost:58702
accept: */*

Response DefaultHttpResponse(decodeResult: success, version: HTTP/1.1)
HTTP/1.1 200 OK
Content-Type: application/json; charset=utf-8
cache-control: no-cache
content-length: 88

21:15:23.985 [AsyncHttpClient-1-10] DEBUG org.asynchttpclient.netty.channel.ChannelManager - Adding key: http://localhost:58702 for channel [id: 0x75ff903c, L:/127.0.0.1:50812 - R:localhost/127.0.0.1:58702]
21:15:23.986 [Forwarding getElementTagName on session 7819df3ec43e19d5672c34bc70504085 to remote] DEBUG org.asynchttpclient.netty.request.NettyRequestSender - Using pooled Channel '[id: 0x75ff903c, L:/127.0.0.1:50812 - R:localhost/127.0.0.1:58702]' for 'GET' to 'http://localhost:58702/session/7819df3ec43e19d5672c34bc70504085/element/1c55e3d2-7f21-4dbf-be19-02bde02a05f9/name'
21:15:23.986 [Forwarding getElementTagName on session 7819df3ec43e19d5672c34bc70504085 to remote] DEBUG org.asynchttpclient.netty.request.NettyRequestSender - Using open Channel [id: 0x75ff903c, L:/127.0.0.1:50812 - R:localhost/127.0.0.1:58702] for GET '/session/7819df3ec43e19d5672c34bc70504085/element/1c55e3d2-7f21-4dbf-be19-02bde02a05f9/name'
21:15:23.989 [AsyncHttpClient-1-10] DEBUG org.asynchttpclient.netty.handler.HttpHandler - 

Request DefaultFullHttpRequest(decodeResult: success, version: HTTP/1.1, content: EmptyByteBufBE)
GET /session/7819df3ec43e19d5672c34bc70504085/element/1c55e3d2-7f21-4dbf-be19-02bde02a05f9/name HTTP/1.1
User-Agent: selenium/4.1.2 (java windows)
Cache-Control: no-cache
Content-Type: application/json; charset=utf-8
host: localhost:58702
accept: */*

Response DefaultHttpResponse(decodeResult: success, version: HTTP/1.1)
HTTP/1.1 200 OK
Content-Type: application/json; charset=utf-8
cache-control: no-cache
content-length: 16

21:15:23.989 [AsyncHttpClient-1-10] DEBUG org.asynchttpclient.netty.channel.ChannelManager - Adding key: http://localhost:58702 for channel [id: 0x75ff903c, L:/127.0.0.1:50812 - R:localhost/127.0.0.1:58702]
21:15:23.990 [Forwarding getElementTagName on session 7819df3ec43e19d5672c34bc70504085 to remote] DEBUG org.asynchttpclient.netty.request.NettyRequestSender - Using pooled Channel '[id: 0x75ff903c, L:/127.0.0.1:50812 - R:localhost/127.0.0.1:58702]' for 'GET' to 'http://localhost:58702/session/7819df3ec43e19d5672c34bc70504085/element/1c55e3d2-7f21-4dbf-be19-02bde02a05f9/name'
21:15:23.990 [Forwarding getElementTagName on session 7819df3ec43e19d5672c34bc70504085 to remote] DEBUG org.asynchttpclient.netty.request.NettyRequestSender - Using open Channel [id: 0x75ff903c, L:/127.0.0.1:50812 - R:localhost/127.0.0.1:58702] for GET '/session/7819df3ec43e19d5672c34bc70504085/element/1c55e3d2-7f21-4dbf-be19-02bde02a05f9/name'
21:15:23.993 [AsyncHttpClient-1-10] DEBUG org.asynchttpclient.netty.handler.HttpHandler - 

Request DefaultFullHttpRequest(decodeResult: success, version: HTTP/1.1, content: EmptyByteBufBE)
GET /session/7819df3ec43e19d5672c34bc70504085/element/1c55e3d2-7f21-4dbf-be19-02bde02a05f9/name HTTP/1.1
User-Agent: selenium/4.1.2 (java windows)
Cache-Control: no-cache
Content-Type: application/json; charset=utf-8
host: localhost:58702
accept: */*

Response DefaultHttpResponse(decodeResult: success, version: HTTP/1.1)
HTTP/1.1 200 OK
Content-Type: application/json; charset=utf-8
cache-control: no-cache
content-length: 16

21:15:23.993 [AsyncHttpClient-1-10] DEBUG org.asynchttpclient.netty.channel.ChannelManager - Adding key: http://localhost:58702 for channel [id: 0x75ff903c, L:/127.0.0.1:50812 - R:localhost/127.0.0.1:58702]
21:15:23.994 [Forwarding findElement on session 7819df3ec43e19d5672c34bc70504085 to remote] DEBUG org.asynchttpclient.netty.request.NettyRequestSender - Using pooled Channel '[id: 0x75ff903c, L:/127.0.0.1:50812 - R:localhost/127.0.0.1:58702]' for 'POST' to 'http://localhost:58702/session/7819df3ec43e19d5672c34bc70504085/element'
21:15:23.994 [Forwarding findElement on session 7819df3ec43e19d5672c34bc70504085 to remote] DEBUG org.asynchttpclient.netty.request.NettyRequestSender - Using open Channel [id: 0x75ff903c, L:/127.0.0.1:50812 - R:localhost/127.0.0.1:58702] for POST '/session/7819df3ec43e19d5672c34bc70504085/element'
21:15:23.999 [AsyncHttpClient-1-10] DEBUG org.asynchttpclient.netty.handler.HttpHandler - 

Request DefaultHttpRequest(decodeResult: success, version: HTTP/1.1)
POST /session/7819df3ec43e19d5672c34bc70504085/element HTTP/1.1
User-Agent: selenium/4.1.2 (java windows)
Content-Length: 92
Content-Type: application/json; charset=utf-8
host: localhost:58702
accept: */*

Response DefaultHttpResponse(decodeResult: success, version: HTTP/1.1)
HTTP/1.1 200 OK
Content-Type: application/json; charset=utf-8
cache-control: no-cache
content-length: 88

21:15:23.999 [AsyncHttpClient-1-10] DEBUG org.asynchttpclient.netty.channel.ChannelManager - Adding key: http://localhost:58702 for channel [id: 0x75ff903c, L:/127.0.0.1:50812 - R:localhost/127.0.0.1:58702]
21:15:24.000 [Forwarding clickElement on session 7819df3ec43e19d5672c34bc70504085 to remote] DEBUG org.asynchttpclient.netty.request.NettyRequestSender - Using pooled Channel '[id: 0x75ff903c, L:/127.0.0.1:50812 - R:localhost/127.0.0.1:58702]' for 'POST' to 'http://localhost:58702/session/7819df3ec43e19d5672c34bc70504085/element/1c55e3d2-7f21-4dbf-be19-02bde02a05f9/click'
21:15:24.000 [Forwarding clickElement on session 7819df3ec43e19d5672c34bc70504085 to remote] DEBUG org.asynchttpclient.netty.request.NettyRequestSender - Using open Channel [id: 0x75ff903c, L:/127.0.0.1:50812 - R:localhost/127.0.0.1:58702] for POST '/session/7819df3ec43e19d5672c34bc70504085/element/1c55e3d2-7f21-4dbf-be19-02bde02a05f9/click'
21:15:24.030 [AsyncHttpClient-1-10] DEBUG org.asynchttpclient.netty.handler.HttpHandler - 

Request DefaultHttpRequest(decodeResult: success, version: HTTP/1.1)
POST /session/7819df3ec43e19d5672c34bc70504085/element/1c55e3d2-7f21-4dbf-be19-02bde02a05f9/click HTTP/1.1
User-Agent: selenium/4.1.2 (java windows)
Content-Length: 50
Content-Type: application/json; charset=utf-8
host: localhost:58702
accept: */*

Response DefaultHttpResponse(decodeResult: success, version: HTTP/1.1)
HTTP/1.1 200 OK
Content-Type: application/json; charset=utf-8
cache-control: no-cache
content-length: 14

21:15:24.030 [AsyncHttpClient-1-10] DEBUG org.asynchttpclient.netty.channel.ChannelManager - Adding key: http://localhost:58702 for channel [id: 0x75ff903c, L:/127.0.0.1:50812 - R:localhost/127.0.0.1:58702]
  &amp#27;[32mWhen &amp#27;[0m&amp#27;[32mI click pay button&amp#27;[0m                      &amp#27;[90m# starter.stepdefinitions.TransactionSteps.iClickPayButton()&amp#27;[0m
21:15:24.036 [Forwarding screenshot on session 7819df3ec43e19d5672c34bc70504085 to remote] DEBUG org.asynchttpclient.netty.request.NettyRequestSender - Using pooled Channel '[id: 0x75ff903c, L:/127.0.0.1:50812 - R:localhost/127.0.0.1:58702]' for 'GET' to 'http://localhost:58702/session/7819df3ec43e19d5672c34bc70504085/screenshot'
21:15:24.036 [Forwarding screenshot on session 7819df3ec43e19d5672c34bc70504085 to remote] DEBUG org.asynchttpclient.netty.request.NettyRequestSender - Using open Channel [id: 0x75ff903c, L:/127.0.0.1:50812 - R:localhost/127.0.0.1:58702] for GET '/session/7819df3ec43e19d5672c34bc70504085/screenshot'
21:15:24.275 [AsyncHttpClient-1-10] DEBUG org.asynchttpclient.netty.handler.HttpHandler - 

Request DefaultFullHttpRequest(decodeResult: success, version: HTTP/1.1, content: EmptyByteBufBE)
GET /session/7819df3ec43e19d5672c34bc70504085/screenshot HTTP/1.1
User-Agent: selenium/4.1.2 (java windows)
Cache-Control: no-cache
Content-Type: application/json; charset=utf-8
host: localhost:58702
accept: */*

Response DefaultHttpResponse(decodeResult: success, version: HTTP/1.1)
HTTP/1.1 200 OK
Content-Type: application/json; charset=utf-8
cache-control: no-cache
content-length: 47384

21:15:24.275 [AsyncHttpClient-1-10] DEBUG org.asynchttpclient.netty.channel.ChannelManager - Adding key: http://localhost:58702 for channel [id: 0x75ff903c, L:/127.0.0.1:50812 - R:localhost/127.0.0.1:58702]
21:15:24.275 [main] DEBUG net.serenitybdd.core.photography.Darkroom - Send negative for processing for target\site\serenity\2c55fcaa3ffd200153c38bede2cd63ec2a4a6492a09bcfbc9c4c6e731bb90a65.png
21:15:24.276 [Darkroom Processing Line] DEBUG net.serenitybdd.core.photography.DarkroomProcessingLine - Processing screenshot image in /var/screenshots/screenshot-4375769876495021363
21:15:24.276 [Darkroom Processing Line] DEBUG net.serenitybdd.core.photography.DarkroomProcessingLine - Saving screenshot to target\site\serenity\2c55fcaa3ffd200153c38bede2cd63ec2a4a6492a09bcfbc9c4c6e731bb90a65.png
21:15:24.280 [Forwarding findElement on session 7819df3ec43e19d5672c34bc70504085 to remote] DEBUG org.asynchttpclient.netty.request.NettyRequestSender - Using pooled Channel '[id: 0x75ff903c, L:/127.0.0.1:50812 - R:localhost/127.0.0.1:58702]' for 'POST' to 'http://localhost:58702/session/7819df3ec43e19d5672c34bc70504085/element'
21:15:24.280 [Forwarding findElement on session 7819df3ec43e19d5672c34bc70504085 to remote] DEBUG org.asynchttpclient.netty.request.NettyRequestSender - Using open Channel [id: 0x75ff903c, L:/127.0.0.1:50812 - R:localhost/127.0.0.1:58702] for POST '/session/7819df3ec43e19d5672c34bc70504085/element'
21:15:24.291 [AsyncHttpClient-1-10] DEBUG org.asynchttpclient.netty.handler.HttpHandler - 

Request DefaultHttpRequest(decodeResult: success, version: HTTP/1.1)
POST /session/7819df3ec43e19d5672c34bc70504085/element HTTP/1.1
User-Agent: selenium/4.1.2 (java windows)
Content-Length: 74
Content-Type: application/json; charset=utf-8
host: localhost:58702
accept: */*

Response DefaultHttpResponse(decodeResult: success, version: HTTP/1.1)
HTTP/1.1 200 OK
Content-Type: application/json; charset=utf-8
cache-control: no-cache
content-length: 88

21:15:24.291 [AsyncHttpClient-1-10] DEBUG org.asynchttpclient.netty.channel.ChannelManager - Adding key: http://localhost:58702 for channel [id: 0x75ff903c, L:/127.0.0.1:50812 - R:localhost/127.0.0.1:58702]
21:15:24.293 [Forwarding isElementDisplayed on session 7819df3ec43e19d5672c34bc70504085 to remote] DEBUG org.asynchttpclient.netty.request.NettyRequestSender - Using pooled Channel '[id: 0x75ff903c, L:/127.0.0.1:50812 - R:localhost/127.0.0.1:58702]' for 'POST' to 'http://localhost:58702/session/7819df3ec43e19d5672c34bc70504085/execute/sync'
21:15:24.293 [Forwarding isElementDisplayed on session 7819df3ec43e19d5672c34bc70504085 to remote] DEBUG org.asynchttpclient.netty.request.NettyRequestSender - Using open Channel [id: 0x75ff903c, L:/127.0.0.1:50812 - R:localhost/127.0.0.1:58702] for POST '/session/7819df3ec43e19d5672c34bc70504085/execute/sync'
21:15:24.304 [AsyncHttpClient-1-10] DEBUG org.asynchttpclient.netty.handler.HttpHandler - 

Request DefaultHttpRequest(decodeResult: success, version: HTTP/1.1)
POST /session/7819df3ec43e19d5672c34bc70504085/execute/sync HTTP/1.1
User-Agent: selenium/4.1.2 (java windows)
Content-Length: 48780
Content-Type: application/json; charset=utf-8
host: localhost:58702
accept: */*

Response DefaultHttpResponse(decodeResult: success, version: HTTP/1.1)
HTTP/1.1 200 OK
Content-Type: application/json; charset=utf-8
cache-control: no-cache
content-length: 14

21:15:24.304 [AsyncHttpClient-1-10] DEBUG org.asynchttpclient.netty.channel.ChannelManager - Adding key: http://localhost:58702 for channel [id: 0x75ff903c, L:/127.0.0.1:50812 - R:localhost/127.0.0.1:58702]
  &amp#27;[32mThen &amp#27;[0m&amp#27;[32mI get redirected to my transaction list&amp#27;[0m &amp#27;[90m# starter.stepdefinitions.TransactionSteps.iGetRedirectedToMyTransactionList()&amp#27;[0m
21:15:24.309 [main] INFO  - 
  _____   ___   ___   _____     ___     _     ___   ___   ___   ___  
 |_   _| | __| / __| |_   _|   | _ \   /_\   / __| / __| | __| |   \ 
   | |   | _|  \__ \   | |     |  _/  / _ \  \__ \ \__ \ | _|  | |) |
   |_|   |___| |___/   |_|     |_|   /_/ \_\ |___/ |___/ |___| |___/ 

Pay Products as logged in user
----------------------------------------------------------------------
21:15:24.310 [AsyncHttpClient-1-12] DEBUG org.asynchttpclient.netty.handler.WebSocketHandler - Channel Closed: [id: 0x2c10b9d3, L:/127.0.0.1:50822 ! R:localhost/127.0.0.1:50813] with attribute NettyResponseFuture{currentRetry=5,
	isDone=1,
	isCancelled=0,
	asyncHandler=org.asynchttpclient.ws.WebSocketUpgradeHandler@2302c09e,
	nettyRequest=org.asynchttpclient.netty.request.NettyRequest@63738a0a,
	future=java.util.concurrent.CompletableFuture@51f1db0e[Completed normally],
	uri=ws://localhost:50813/devtools/browser/233c8ef7-c9f0-4ded-b574-f402e0c74c04,
	keepAlive=true,
	redirectCount=0,
	timeoutsHolder=null,
	inAuth=0,
	touch=1667484915671}
21:15:24.310 [AsyncHttpClient-1-12] DEBUG org.asynchttpclient.netty.channel.ChannelManager - Closing Channel [id: 0x2c10b9d3, L:/127.0.0.1:50822 ! R:localhost/127.0.0.1:50813] 
21:15:24.310 [Driver Command Executor] DEBUG org.asynchttpclient.netty.request.NettyRequestSender - Using pooled Channel '[id: 0x75ff903c, L:/127.0.0.1:50812 - R:localhost/127.0.0.1:58702]' for 'DELETE' to 'http://localhost:58702/session/7819df3ec43e19d5672c34bc70504085'
21:15:24.310 [Driver Command Executor] DEBUG org.asynchttpclient.netty.request.NettyRequestSender - Using open Channel [id: 0x75ff903c, L:/127.0.0.1:50812 - R:localhost/127.0.0.1:58702] for DELETE '/session/7819df3ec43e19d5672c34bc70504085'
21:15:24.369 [AsyncHttpClient-1-11] DEBUG org.asynchttpclient.netty.handler.HttpHandler - Unexpected I/O exception on channel [id: 0x38b92682, L:/127.0.0.1:50821 - R:localhost/127.0.0.1:50813]
java.net.SocketException: Connection reset
	at java.base/sun.nio.ch.SocketChannelImpl.throwConnectionReset(SocketChannelImpl.java:345)
	at java.base/sun.nio.ch.SocketChannelImpl.read(SocketChannelImpl.java:376)
	at io.netty.buffer.PooledByteBuf.setBytes(PooledByteBuf.java:258)
	at io.netty.buffer.AbstractByteBuf.writeBytes(AbstractByteBuf.java:1132)
	at io.netty.channel.socket.nio.NioSocketChannel.doReadBytes(NioSocketChannel.java:350)
	at io.netty.channel.nio.AbstractNioByteChannel$NioByteUnsafe.read(AbstractNioByteChannel.java:151)
	at io.netty.channel.nio.NioEventLoop.processSelectedKey(NioEventLoop.java:722)
	at io.netty.channel.nio.NioEventLoop.processSelectedKeysOptimized(NioEventLoop.java:658)
	at io.netty.channel.nio.NioEventLoop.processSelectedKeys(NioEventLoop.java:584)
	at io.netty.channel.nio.NioEventLoop.run(NioEventLoop.java:496)
	at io.netty.util.concurrent.SingleThreadEventExecutor$4.run(SingleThreadEventExecutor.java:986)
	at io.netty.util.internal.ThreadExecutorMap$2.run(ThreadExecutorMap.java:74)
	at io.netty.util.concurrent.FastThreadLocalRunnable.run(FastThreadLocalRunnable.java:30)
	at java.base/java.lang.Thread.run(Thread.java:830)
21:15:24.370 [AsyncHttpClient-1-11] DEBUG org.asynchttpclient.netty.channel.ChannelManager - Closing Channel [id: 0x38b92682, L:/127.0.0.1:50821 - R:localhost/127.0.0.1:50813] 
21:15:24.370 [AsyncHttpClient-1-11] DEBUG org.asynchttpclient.netty.handler.HttpHandler - Channel Closed: [id: 0x38b92682, L:/127.0.0.1:50821 ! R:localhost/127.0.0.1:50813] with attribute DISCARD
21:15:24.412 [AsyncHttpClient-1-10] DEBUG org.asynchttpclient.netty.handler.HttpHandler - 

Request DefaultFullHttpRequest(decodeResult: success, version: HTTP/1.1, content: EmptyByteBufBE)
DELETE /session/7819df3ec43e19d5672c34bc70504085 HTTP/1.1
User-Agent: selenium/4.1.2 (java windows)
Content-Type: application/json; charset=utf-8
host: localhost:58702
accept: */*

Response DefaultHttpResponse(decodeResult: success, version: HTTP/1.1)
HTTP/1.1 200 OK
Content-Type: application/json; charset=utf-8
cache-control: no-cache
content-length: 14

21:15:24.412 [AsyncHttpClient-1-10] DEBUG org.asynchttpclient.netty.channel.ChannelManager - Adding key: http://localhost:58702 for channel [id: 0x75ff903c, L:/127.0.0.1:50812 - R:localhost/127.0.0.1:58702]
21:15:24.479 [AsyncHttpClient-1-10] DEBUG org.asynchttpclient.netty.handler.HttpHandler - Channel Closed: [id: 0x75ff903c, L:/127.0.0.1:50812 ! R:localhost/127.0.0.1:58702] with attribute DISCARD
21:15:24.888 [AsyncHttpClient-1-1] DEBUG org.asynchttpclient.netty.channel.DefaultChannelPool - Entry count for : http://localhost:58702 : 1
21:15:24.888 [AsyncHttpClient-1-1] DEBUG org.asynchttpclient.netty.channel.DefaultChannelPool - Entry count for : http://localhost:50813 : 1
21:15:24.888 [AsyncHttpClient-1-1] DEBUG org.asynchttpclient.netty.channel.DefaultChannelPool - Adding Candidate expired Channel [id: 0x75ff903c, L:/127.0.0.1:50812 ! R:localhost/127.0.0.1:58702] isIdleTimeoutExpired=false isRemotelyClosed=true isTtlExpired=false
21:15:24.888 [AsyncHttpClient-1-1] DEBUG org.asynchttpclient.netty.channel.DefaultChannelPool - Closing Idle Channel [id: 0x75ff903c, L:/127.0.0.1:50812 ! R:localhost/127.0.0.1:58702]
21:15:24.888 [AsyncHttpClient-1-1] DEBUG org.asynchttpclient.netty.channel.DefaultChannelPool - Adding Candidate expired Channel [id: 0x38b92682, L:/127.0.0.1:50821 ! R:localhost/127.0.0.1:50813] isIdleTimeoutExpired=false isRemotelyClosed=true isTtlExpired=false
21:15:24.888 [AsyncHttpClient-1-1] DEBUG org.asynchttpclient.netty.channel.DefaultChannelPool - Closing Idle Channel [id: 0x38b92682, L:/127.0.0.1:50821 ! R:localhost/127.0.0.1:50813]
21:15:24.888 [AsyncHttpClient-1-1] DEBUG org.asynchttpclient.netty.channel.DefaultChannelPool - Closed 2 connections out of 2 in 0 ms
]]></system-out>
    <system-err><![CDATA[Starting ChromeDriver 106.0.5249.61 (511755355844955cd3e264779baf0dd38212a4d0-refs/branch-heads/5249@{#569}) on port 58702
Only local connections are allowed.
Please see https://chromedriver.chromium.org/security-considerations for suggestions on keeping ChromeDriver safe.
ChromeDriver was started successfully.
[1667484915.493][WARNING]: This version of ChromeDriver has not been tested with Chrome version 107.
Nov 03, 2022 9:15:15 PM org.openqa.selenium.remote.ProtocolHandshake createSession
INFO: Detected dialect: W3C
Nov 03, 2022 9:15:15 PM org.openqa.selenium.devtools.CdpVersionFinder findNearestMatch
WARNING: Unable to find an exact match for CDP version 107, so returning the closest version found: a no-op implementation
Nov 03, 2022 9:15:15 PM org.openqa.selenium.devtools.CdpVersionFinder findNearestMatch
INFO: Unable to find CDP implementation matching 107.
Nov 03, 2022 9:15:15 PM org.openqa.selenium.chromium.ChromiumDriver lambda$new$3
WARNING: Unable to find version of CDP to use for . You may need to include a dependency on a specific version of the CDP using something similar to `org.seleniumhq.selenium:selenium-devtools-v86:4.1.2` where the version ("v86") matches the version of the chromium-based browser you're using and the version number of the artifact is the same as Selenium's.
]]></system-err>
  </testcase>
  <testcase name="Pay Products as anon user" classname="Transaction" time="0.034">
    <system-out><![CDATA[
Scenario: Pay Products as anon user   &amp#27;[90m# src/test/resources/features/Transaction.feature:12&amp#27;[0m
21:15:25.014 [main] INFO io.cucumber.core.plugin.SerenityReporter - Running feature from file:///C:/Users/ASUS/Desktop/stupen/miniproject/Web/ASWeb/src/test/resources/features/Transaction.feature
21:15:25.015 [main] INFO  - 
  _____   ___   ___   _____     ___   _____     _     ___   _____   ___   ___  
 |_   _| | __| / __| |_   _|   / __| |_   _|   /_\   | _ \ |_   _| | __| |   \ 
   | |   | _|  \__ \   | |     \__ \   | |    / _ \  |   /   | |   | _|  | |) |
   |_|   |___| |___/   |_|     |___/   |_|   /_/ \_\ |_|_\   |_|   |___| |___/ 

Pay Products as anon user(transaction;pay-products-as-anon-user)
--------------------------------------------------------------------------------
  &amp#27;[32mGiven &amp#27;[0m&amp#27;[32mI am in my filled cart page&amp#27;[0m   &amp#27;[90m# starter.stepdefinitions.TransactionSteps.iAmInMyFilledCartPage()&amp#27;[0m
  &amp#27;[32mWhen &amp#27;[0m&amp#27;[32mI click pay button&amp#27;[0m             &amp#27;[90m# starter.stepdefinitions.TransactionSteps.iClickPayButton()&amp#27;[0m
  &amp#27;[32mThen &amp#27;[0m&amp#27;[32mI get redirected to login page&amp#27;[0m &amp#27;[90m# starter.stepdefinitions.TransactionSteps.iGetRedirectedToLoginPage()&amp#27;[0m
21:15:25.043 [main] INFO  - 
  _____   ___   ___   _____     ___     _     ___   ___   ___   ___  
 |_   _| | __| / __| |_   _|   | _ \   /_\   / __| / __| | __| |   \ 
   | |   | _|  \__ \   | |     |  _/  / _ \  \__ \ \__ \ | _|  | |) |
   |_|   |___| |___/   |_|     |_|   /_/ \_\ |___/ |___/ |___| |___/ 

Pay Products as anon user
----------------------------------------------------------------------
]]></system-out>
  </testcase>
  <testcase name="View Transaction List" classname="Transaction" time="5.636">
    <system-out><![CDATA[
Scenario: View Transaction List  &amp#27;[90m# src/test/resources/features/Transaction.feature:17&amp#27;[0m
21:15:25.049 [main] INFO io.cucumber.core.plugin.SerenityReporter - Running feature from file:///C:/Users/ASUS/Desktop/stupen/miniproject/Web/ASWeb/src/test/resources/features/Transaction.feature
21:15:25.050 [main] INFO  - 
  _____   ___   ___   _____     ___   _____     _     ___   _____   ___   ___  
 |_   _| | __| / __| |_   _|   / __| |_   _|   /_\   | _ \ |_   _| | __| |   \ 
   | |   | _|  \__ \   | |     \__ \   | |    / _ \  |   /   | |   | _|  | |) |
   |_|   |___| |___/   |_|     |___/   |_|   /_/ \_\ |_|_\   |_|   |___| |___/ 

View Transaction List(transaction;view-transaction-list)
--------------------------------------------------------------------------------
21:15:25.062 [main] INFO net.serenitybdd.core.webdriver.driverproviders.ChromeDriverProvider - Using automatically driver download
21:15:25.175 [main] DEBUG io.github.bonigarcia.wdm.cache.ResolutionCache - Resolution chrome=107 in cache (valid until 21:49:49 03/11/2022 WIB)
21:15:25.178 [main] DEBUG io.github.bonigarcia.wdm.cache.ResolutionCache - Resolution chrome107=107.0.5304.62 in cache (valid until 16:49:12 04/11/2022 WIB)
21:15:25.180 [main] INFO io.github.bonigarcia.wdm.WebDriverManager - Using chromedriver 107.0.5304.62 (resolved driver for Chrome 107)
21:15:25.189 [main] DEBUG io.github.bonigarcia.wdm.WebDriverManager - Driver chromedriver 107.0.5304.62 found in cache
21:15:25.189 [main] INFO io.github.bonigarcia.wdm.WebDriverManager - Exporting webdriver.chrome.driver as C:\Users\ASUS\.cache\selenium\chromedriver\win32\107.0.5304.62\chromedriver.exe
21:15:25.304 [main] DEBUG net.serenitybdd.core.webdriver.driverproviders.ProvideNewDriver - Instantiating driver
21:15:25.304 [main] DEBUG net.serenitybdd.core.webdriver.driverproviders.ProvideNewDriver - Driver capabilities: Capabilities {acceptInsecureCerts: false, base.url: https://alta-shop.vercel.app/, browserName: chrome, chrome.driver: src/test/resources/webdrive..., driver: chrome, goog:chromeOptions: {args: [], extensions: []}, wait.for.timeout: 10000}
21:15:25.843 [AsyncHttpClient-1-13] DEBUG org.asynchttpclient.netty.channel.NettyConnectListener - Using new Channel '[id: 0xeb474628, L:/127.0.0.1:50848 - R:localhost/127.0.0.1:55842]' for 'POST' to '/session'
21:15:26.684 [AsyncHttpClient-1-13] DEBUG org.asynchttpclient.netty.handler.HttpHandler - 

Request DefaultHttpRequest(decodeResult: success, version: HTTP/1.1)
POST /session HTTP/1.1
User-Agent: selenium/4.1.2 (java windows)
Content-Length: 646
Content-Type: application/json; charset=utf-8
host: localhost:55842
accept: */*

Response DefaultHttpResponse(decodeResult: success, version: HTTP/1.1)
HTTP/1.1 200 OK
Content-Type: application/json; charset=utf-8
cache-control: no-cache
content-length: 788

21:15:26.684 [AsyncHttpClient-1-13] DEBUG org.asynchttpclient.netty.channel.ChannelManager - Adding key: http://localhost:55842 for channel [id: 0xeb474628, L:/127.0.0.1:50848 - R:localhost/127.0.0.1:55842]
21:15:26.696 [AsyncHttpClient-1-14] DEBUG org.asynchttpclient.netty.channel.NettyConnectListener - Using new Channel '[id: 0xe41cb564, L:/127.0.0.1:50855 - R:localhost/127.0.0.1:50849]' for 'GET' to '/json/version'
21:15:26.697 [AsyncHttpClient-1-14] DEBUG org.asynchttpclient.netty.handler.HttpHandler - 

Request DefaultFullHttpRequest(decodeResult: success, version: HTTP/1.1, content: EmptyByteBufBE)
GET /json/version HTTP/1.1
User-Agent: selenium/4.1.2 (java windows)
host: localhost:50849
accept: */*

Response DefaultHttpResponse(decodeResult: success, version: HTTP/1.1)
HTTP/1.1 200 OK
Content-Type: application/json; charset=UTF-8
content-length: 423

21:15:26.697 [AsyncHttpClient-1-14] DEBUG org.asynchttpclient.netty.channel.ChannelManager - Adding key: http://localhost:50849 for channel [id: 0xe41cb564, L:/127.0.0.1:50855 - R:localhost/127.0.0.1:50849]
21:15:26.700 [AsyncHttpClient-1-15] DEBUG org.asynchttpclient.netty.channel.NettyConnectListener - Using new Channel '[id: 0x05ce8ba3, L:/127.0.0.1:50856 - R:localhost/127.0.0.1:50849]' for 'GET' to '/devtools/browser/fc0fea69-37cd-4b9a-8c46-60d05c3376f4'
21:15:26.701 [AsyncHttpClient-1-15] DEBUG org.asynchttpclient.netty.handler.WebSocketHandler - 

Request DefaultFullHttpRequest(decodeResult: success, version: HTTP/1.1, content: EmptyByteBufBE)
GET /devtools/browser/fc0fea69-37cd-4b9a-8c46-60d05c3376f4 HTTP/1.1
upgrade: websocket
connection: upgrade
sec-websocket-key: LCjHL3THirm/oC3hRX3DDA==
sec-websocket-version: 13
origin: http://localhost:50849
host: localhost:50849
accept: */*
user-agent: AHC/2.1

Response DefaultHttpResponse(decodeResult: success, version: HTTP/1.1)
HTTP/1.1 101 WebSocket Protocol Handshake
Upgrade: WebSocket
Connection: Upgrade
Sec-WebSocket-Accept: udVHllHOWzYq0F5VTFm1e/fipUs=

21:15:26.705 [Forwarding get on session afee04271effc480a2b1ba936006740c to remote] DEBUG org.asynchttpclient.netty.request.NettyRequestSender - Using pooled Channel '[id: 0xeb474628, L:/127.0.0.1:50848 - R:localhost/127.0.0.1:55842]' for 'POST' to 'http://localhost:55842/session/afee04271effc480a2b1ba936006740c/url'
21:15:26.705 [Forwarding get on session afee04271effc480a2b1ba936006740c to remote] DEBUG org.asynchttpclient.netty.request.NettyRequestSender - Using open Channel [id: 0xeb474628, L:/127.0.0.1:50848 - R:localhost/127.0.0.1:55842] for POST '/session/afee04271effc480a2b1ba936006740c/url'
21:15:27.091 [AsyncHttpClient-1-1] DEBUG org.asynchttpclient.netty.channel.DefaultChannelPool - Entry count for : http://localhost:50849 : 1
21:15:27.614 [AsyncHttpClient-1-13] DEBUG org.asynchttpclient.netty.handler.HttpHandler - 

Request DefaultHttpRequest(decodeResult: success, version: HTTP/1.1)
POST /session/afee04271effc480a2b1ba936006740c/url HTTP/1.1
User-Agent: selenium/4.1.2 (java windows)
Content-Length: 74
Content-Type: application/json; charset=utf-8
host: localhost:55842
accept: */*

Response DefaultHttpResponse(decodeResult: success, version: HTTP/1.1)
HTTP/1.1 200 OK
Content-Type: application/json; charset=utf-8
cache-control: no-cache
content-length: 14

21:15:27.614 [AsyncHttpClient-1-13] DEBUG org.asynchttpclient.netty.channel.ChannelManager - Adding key: http://localhost:55842 for channel [id: 0xeb474628, L:/127.0.0.1:50848 - R:localhost/127.0.0.1:55842]
21:15:27.615 [Forwarding setTimeout on session afee04271effc480a2b1ba936006740c to remote] DEBUG org.asynchttpclient.netty.request.NettyRequestSender - Using pooled Channel '[id: 0xeb474628, L:/127.0.0.1:50848 - R:localhost/127.0.0.1:55842]' for 'POST' to 'http://localhost:55842/session/afee04271effc480a2b1ba936006740c/timeouts'
21:15:27.615 [Forwarding setTimeout on session afee04271effc480a2b1ba936006740c to remote] DEBUG org.asynchttpclient.netty.request.NettyRequestSender - Using open Channel [id: 0xeb474628, L:/127.0.0.1:50848 - R:localhost/127.0.0.1:55842] for POST '/session/afee04271effc480a2b1ba936006740c/timeouts'
21:15:27.615 [AsyncHttpClient-1-13] DEBUG org.asynchttpclient.netty.handler.HttpHandler - 

Request DefaultHttpRequest(decodeResult: success, version: HTTP/1.1)
POST /session/afee04271effc480a2b1ba936006740c/timeouts HTTP/1.1
User-Agent: selenium/4.1.2 (java windows)
Content-Length: 22
Content-Type: application/json; charset=utf-8
host: localhost:55842
accept: */*

Response DefaultHttpResponse(decodeResult: success, version: HTTP/1.1)
HTTP/1.1 200 OK
Content-Type: application/json; charset=utf-8
cache-control: no-cache
content-length: 14

21:15:27.615 [AsyncHttpClient-1-13] DEBUG org.asynchttpclient.netty.channel.ChannelManager - Adding key: http://localhost:55842 for channel [id: 0xeb474628, L:/127.0.0.1:50848 - R:localhost/127.0.0.1:55842]
21:15:27.617 [Forwarding getCurrentUrl on session afee04271effc480a2b1ba936006740c to remote] DEBUG org.asynchttpclient.netty.request.NettyRequestSender - Using pooled Channel '[id: 0xeb474628, L:/127.0.0.1:50848 - R:localhost/127.0.0.1:55842]' for 'GET' to 'http://localhost:55842/session/afee04271effc480a2b1ba936006740c/url'
21:15:27.617 [Forwarding getCurrentUrl on session afee04271effc480a2b1ba936006740c to remote] DEBUG org.asynchttpclient.netty.request.NettyRequestSender - Using open Channel [id: 0xeb474628, L:/127.0.0.1:50848 - R:localhost/127.0.0.1:55842] for GET '/session/afee04271effc480a2b1ba936006740c/url'
21:15:27.621 [AsyncHttpClient-1-13] DEBUG org.asynchttpclient.netty.handler.HttpHandler - 

Request DefaultFullHttpRequest(decodeResult: success, version: HTTP/1.1, content: EmptyByteBufBE)
GET /session/afee04271effc480a2b1ba936006740c/url HTTP/1.1
User-Agent: selenium/4.1.2 (java windows)
Cache-Control: no-cache
Content-Type: application/json; charset=utf-8
host: localhost:55842
accept: */*

Response DefaultHttpResponse(decodeResult: success, version: HTTP/1.1)
HTTP/1.1 200 OK
Content-Type: application/json; charset=utf-8
cache-control: no-cache
content-length: 51

21:15:27.622 [AsyncHttpClient-1-13] DEBUG org.asynchttpclient.netty.channel.ChannelManager - Adding key: http://localhost:55842 for channel [id: 0xeb474628, L:/127.0.0.1:50848 - R:localhost/127.0.0.1:55842]
21:15:27.625 [Forwarding findElement on session afee04271effc480a2b1ba936006740c to remote] DEBUG org.asynchttpclient.netty.request.NettyRequestSender - Using pooled Channel '[id: 0xeb474628, L:/127.0.0.1:50848 - R:localhost/127.0.0.1:55842]' for 'POST' to 'http://localhost:55842/session/afee04271effc480a2b1ba936006740c/element'
21:15:27.625 [Forwarding findElement on session afee04271effc480a2b1ba936006740c to remote] DEBUG org.asynchttpclient.netty.request.NettyRequestSender - Using open Channel [id: 0xeb474628, L:/127.0.0.1:50848 - R:localhost/127.0.0.1:55842] for POST '/session/afee04271effc480a2b1ba936006740c/element'
21:15:27.638 [AsyncHttpClient-1-13] DEBUG org.asynchttpclient.netty.handler.HttpHandler - 

Request DefaultHttpRequest(decodeResult: success, version: HTTP/1.1)
POST /session/afee04271effc480a2b1ba936006740c/element HTTP/1.1
User-Agent: selenium/4.1.2 (java windows)
Content-Length: 87
Content-Type: application/json; charset=utf-8
host: localhost:55842
accept: */*

Response DefaultHttpResponse(decodeResult: success, version: HTTP/1.1)
HTTP/1.1 200 OK
Content-Type: application/json; charset=utf-8
cache-control: no-cache
content-length: 88

21:15:27.638 [AsyncHttpClient-1-13] DEBUG org.asynchttpclient.netty.channel.ChannelManager - Adding key: http://localhost:55842 for channel [id: 0xeb474628, L:/127.0.0.1:50848 - R:localhost/127.0.0.1:55842]
21:15:27.639 [Forwarding clearElement on session afee04271effc480a2b1ba936006740c to remote] DEBUG org.asynchttpclient.netty.request.NettyRequestSender - Using pooled Channel '[id: 0xeb474628, L:/127.0.0.1:50848 - R:localhost/127.0.0.1:55842]' for 'POST' to 'http://localhost:55842/session/afee04271effc480a2b1ba936006740c/element/b47dce54-7df9-443a-a0a4-97cd7b3801f6/clear'
21:15:27.639 [Forwarding clearElement on session afee04271effc480a2b1ba936006740c to remote] DEBUG org.asynchttpclient.netty.request.NettyRequestSender - Using open Channel [id: 0xeb474628, L:/127.0.0.1:50848 - R:localhost/127.0.0.1:55842] for POST '/session/afee04271effc480a2b1ba936006740c/element/b47dce54-7df9-443a-a0a4-97cd7b3801f6/clear'
21:15:27.686 [AsyncHttpClient-1-13] DEBUG org.asynchttpclient.netty.handler.HttpHandler - 

Request DefaultHttpRequest(decodeResult: success, version: HTTP/1.1)
POST /session/afee04271effc480a2b1ba936006740c/element/b47dce54-7df9-443a-a0a4-97cd7b3801f6/clear HTTP/1.1
User-Agent: selenium/4.1.2 (java windows)
Content-Length: 50
Content-Type: application/json; charset=utf-8
host: localhost:55842
accept: */*

Response DefaultHttpResponse(decodeResult: success, version: HTTP/1.1)
HTTP/1.1 200 OK
Content-Type: application/json; charset=utf-8
cache-control: no-cache
content-length: 14

21:15:27.686 [AsyncHttpClient-1-13] DEBUG org.asynchttpclient.netty.channel.ChannelManager - Adding key: http://localhost:55842 for channel [id: 0xeb474628, L:/127.0.0.1:50848 - R:localhost/127.0.0.1:55842]
21:15:27.687 [Forwarding sendKeysToElement on session afee04271effc480a2b1ba936006740c to remote] DEBUG org.asynchttpclient.netty.request.NettyRequestSender - Using pooled Channel '[id: 0xeb474628, L:/127.0.0.1:50848 - R:localhost/127.0.0.1:55842]' for 'POST' to 'http://localhost:55842/session/afee04271effc480a2b1ba936006740c/element/b47dce54-7df9-443a-a0a4-97cd7b3801f6/value'
21:15:27.687 [Forwarding sendKeysToElement on session afee04271effc480a2b1ba936006740c to remote] DEBUG org.asynchttpclient.netty.request.NettyRequestSender - Using open Channel [id: 0xeb474628, L:/127.0.0.1:50848 - R:localhost/127.0.0.1:55842] for POST '/session/afee04271effc480a2b1ba936006740c/element/b47dce54-7df9-443a-a0a4-97cd7b3801f6/value'
21:15:27.802 [AsyncHttpClient-1-13] DEBUG org.asynchttpclient.netty.handler.HttpHandler - 

Request DefaultHttpRequest(decodeResult: success, version: HTTP/1.1)
POST /session/afee04271effc480a2b1ba936006740c/element/b47dce54-7df9-443a-a0a4-97cd7b3801f6/value HTTP/1.1
User-Agent: selenium/4.1.2 (java windows)
Content-Length: 221
Content-Type: application/json; charset=utf-8
host: localhost:55842
accept: */*

Response DefaultHttpResponse(decodeResult: success, version: HTTP/1.1)
HTTP/1.1 200 OK
Content-Type: application/json; charset=utf-8
cache-control: no-cache
content-length: 14

21:15:27.803 [AsyncHttpClient-1-13] DEBUG org.asynchttpclient.netty.channel.ChannelManager - Adding key: http://localhost:55842 for channel [id: 0xeb474628, L:/127.0.0.1:50848 - R:localhost/127.0.0.1:55842]
21:15:27.806 [Forwarding findElement on session afee04271effc480a2b1ba936006740c to remote] DEBUG org.asynchttpclient.netty.request.NettyRequestSender - Using pooled Channel '[id: 0xeb474628, L:/127.0.0.1:50848 - R:localhost/127.0.0.1:55842]' for 'POST' to 'http://localhost:55842/session/afee04271effc480a2b1ba936006740c/element'
21:15:27.806 [Forwarding findElement on session afee04271effc480a2b1ba936006740c to remote] DEBUG org.asynchttpclient.netty.request.NettyRequestSender - Using open Channel [id: 0xeb474628, L:/127.0.0.1:50848 - R:localhost/127.0.0.1:55842] for POST '/session/afee04271effc480a2b1ba936006740c/element'
21:15:27.818 [AsyncHttpClient-1-13] DEBUG org.asynchttpclient.netty.handler.HttpHandler - 

Request DefaultHttpRequest(decodeResult: success, version: HTTP/1.1)
POST /session/afee04271effc480a2b1ba936006740c/element HTTP/1.1
User-Agent: selenium/4.1.2 (java windows)
Content-Length: 90
Content-Type: application/json; charset=utf-8
host: localhost:55842
accept: */*

Response DefaultHttpResponse(decodeResult: success, version: HTTP/1.1)
HTTP/1.1 200 OK
Content-Type: application/json; charset=utf-8
cache-control: no-cache
content-length: 88

21:15:27.818 [AsyncHttpClient-1-13] DEBUG org.asynchttpclient.netty.channel.ChannelManager - Adding key: http://localhost:55842 for channel [id: 0xeb474628, L:/127.0.0.1:50848 - R:localhost/127.0.0.1:55842]
21:15:27.819 [Forwarding clearElement on session afee04271effc480a2b1ba936006740c to remote] DEBUG org.asynchttpclient.netty.request.NettyRequestSender - Using pooled Channel '[id: 0xeb474628, L:/127.0.0.1:50848 - R:localhost/127.0.0.1:55842]' for 'POST' to 'http://localhost:55842/session/afee04271effc480a2b1ba936006740c/element/3dfbf19b-c854-4634-97b3-7991486c36f1/clear'
21:15:27.819 [Forwarding clearElement on session afee04271effc480a2b1ba936006740c to remote] DEBUG org.asynchttpclient.netty.request.NettyRequestSender - Using open Channel [id: 0xeb474628, L:/127.0.0.1:50848 - R:localhost/127.0.0.1:55842] for POST '/session/afee04271effc480a2b1ba936006740c/element/3dfbf19b-c854-4634-97b3-7991486c36f1/clear'
21:15:27.855 [AsyncHttpClient-1-13] DEBUG org.asynchttpclient.netty.handler.HttpHandler - 

Request DefaultHttpRequest(decodeResult: success, version: HTTP/1.1)
POST /session/afee04271effc480a2b1ba936006740c/element/3dfbf19b-c854-4634-97b3-7991486c36f1/clear HTTP/1.1
User-Agent: selenium/4.1.2 (java windows)
Content-Length: 50
Content-Type: application/json; charset=utf-8
host: localhost:55842
accept: */*

Response DefaultHttpResponse(decodeResult: success, version: HTTP/1.1)
HTTP/1.1 200 OK
Content-Type: application/json; charset=utf-8
cache-control: no-cache
content-length: 14

21:15:27.855 [AsyncHttpClient-1-13] DEBUG org.asynchttpclient.netty.channel.ChannelManager - Adding key: http://localhost:55842 for channel [id: 0xeb474628, L:/127.0.0.1:50848 - R:localhost/127.0.0.1:55842]
21:15:27.856 [Forwarding sendKeysToElement on session afee04271effc480a2b1ba936006740c to remote] DEBUG org.asynchttpclient.netty.request.NettyRequestSender - Using pooled Channel '[id: 0xeb474628, L:/127.0.0.1:50848 - R:localhost/127.0.0.1:55842]' for 'POST' to 'http://localhost:55842/session/afee04271effc480a2b1ba936006740c/element/3dfbf19b-c854-4634-97b3-7991486c36f1/value'
21:15:27.856 [Forwarding sendKeysToElement on session afee04271effc480a2b1ba936006740c to remote] DEBUG org.asynchttpclient.netty.request.NettyRequestSender - Using open Channel [id: 0xeb474628, L:/127.0.0.1:50848 - R:localhost/127.0.0.1:55842] for POST '/session/afee04271effc480a2b1ba936006740c/element/3dfbf19b-c854-4634-97b3-7991486c36f1/value'
21:15:27.927 [AsyncHttpClient-1-13] DEBUG org.asynchttpclient.netty.handler.HttpHandler - 

Request DefaultHttpRequest(decodeResult: success, version: HTTP/1.1)
POST /session/afee04271effc480a2b1ba936006740c/element/3dfbf19b-c854-4634-97b3-7991486c36f1/value HTTP/1.1
User-Agent: selenium/4.1.2 (java windows)
Content-Length: 141
Content-Type: application/json; charset=utf-8
host: localhost:55842
accept: */*

Response DefaultHttpResponse(decodeResult: success, version: HTTP/1.1)
HTTP/1.1 200 OK
Content-Type: application/json; charset=utf-8
cache-control: no-cache
content-length: 14

21:15:27.927 [AsyncHttpClient-1-13] DEBUG org.asynchttpclient.netty.channel.ChannelManager - Adding key: http://localhost:55842 for channel [id: 0xeb474628, L:/127.0.0.1:50848 - R:localhost/127.0.0.1:55842]
21:15:27.932 [Forwarding findElement on session afee04271effc480a2b1ba936006740c to remote] DEBUG org.asynchttpclient.netty.request.NettyRequestSender - Using pooled Channel '[id: 0xeb474628, L:/127.0.0.1:50848 - R:localhost/127.0.0.1:55842]' for 'POST' to 'http://localhost:55842/session/afee04271effc480a2b1ba936006740c/element'
21:15:27.932 [Forwarding findElement on session afee04271effc480a2b1ba936006740c to remote] DEBUG org.asynchttpclient.netty.request.NettyRequestSender - Using open Channel [id: 0xeb474628, L:/127.0.0.1:50848 - R:localhost/127.0.0.1:55842] for POST '/session/afee04271effc480a2b1ba936006740c/element'
21:15:27.946 [AsyncHttpClient-1-13] DEBUG org.asynchttpclient.netty.handler.HttpHandler - 

Request DefaultHttpRequest(decodeResult: success, version: HTTP/1.1)
POST /session/afee04271effc480a2b1ba936006740c/element HTTP/1.1
User-Agent: selenium/4.1.2 (java windows)
Content-Length: 81
Content-Type: application/json; charset=utf-8
host: localhost:55842
accept: */*

Response DefaultHttpResponse(decodeResult: success, version: HTTP/1.1)
HTTP/1.1 200 OK
Content-Type: application/json; charset=utf-8
cache-control: no-cache
content-length: 88

21:15:27.946 [AsyncHttpClient-1-13] DEBUG org.asynchttpclient.netty.channel.ChannelManager - Adding key: http://localhost:55842 for channel [id: 0xeb474628, L:/127.0.0.1:50848 - R:localhost/127.0.0.1:55842]
21:15:27.947 [Forwarding getElementTagName on session afee04271effc480a2b1ba936006740c to remote] DEBUG org.asynchttpclient.netty.request.NettyRequestSender - Using pooled Channel '[id: 0xeb474628, L:/127.0.0.1:50848 - R:localhost/127.0.0.1:55842]' for 'GET' to 'http://localhost:55842/session/afee04271effc480a2b1ba936006740c/element/14442670-08c6-44b1-81d8-f8de00c67c47/name'
21:15:27.947 [Forwarding getElementTagName on session afee04271effc480a2b1ba936006740c to remote] DEBUG org.asynchttpclient.netty.request.NettyRequestSender - Using open Channel [id: 0xeb474628, L:/127.0.0.1:50848 - R:localhost/127.0.0.1:55842] for GET '/session/afee04271effc480a2b1ba936006740c/element/14442670-08c6-44b1-81d8-f8de00c67c47/name'
21:15:27.954 [AsyncHttpClient-1-13] DEBUG org.asynchttpclient.netty.handler.HttpHandler - 

Request DefaultFullHttpRequest(decodeResult: success, version: HTTP/1.1, content: EmptyByteBufBE)
GET /session/afee04271effc480a2b1ba936006740c/element/14442670-08c6-44b1-81d8-f8de00c67c47/name HTTP/1.1
User-Agent: selenium/4.1.2 (java windows)
Cache-Control: no-cache
Content-Type: application/json; charset=utf-8
host: localhost:55842
accept: */*

Response DefaultHttpResponse(decodeResult: success, version: HTTP/1.1)
HTTP/1.1 200 OK
Content-Type: application/json; charset=utf-8
cache-control: no-cache
content-length: 16

21:15:27.954 [AsyncHttpClient-1-13] DEBUG org.asynchttpclient.netty.channel.ChannelManager - Adding key: http://localhost:55842 for channel [id: 0xeb474628, L:/127.0.0.1:50848 - R:localhost/127.0.0.1:55842]
21:15:27.955 [Forwarding getElementTagName on session afee04271effc480a2b1ba936006740c to remote] DEBUG org.asynchttpclient.netty.request.NettyRequestSender - Using pooled Channel '[id: 0xeb474628, L:/127.0.0.1:50848 - R:localhost/127.0.0.1:55842]' for 'GET' to 'http://localhost:55842/session/afee04271effc480a2b1ba936006740c/element/14442670-08c6-44b1-81d8-f8de00c67c47/name'
21:15:27.955 [Forwarding getElementTagName on session afee04271effc480a2b1ba936006740c to remote] DEBUG org.asynchttpclient.netty.request.NettyRequestSender - Using open Channel [id: 0xeb474628, L:/127.0.0.1:50848 - R:localhost/127.0.0.1:55842] for GET '/session/afee04271effc480a2b1ba936006740c/element/14442670-08c6-44b1-81d8-f8de00c67c47/name'
21:15:27.962 [AsyncHttpClient-1-13] DEBUG org.asynchttpclient.netty.handler.HttpHandler - 

Request DefaultFullHttpRequest(decodeResult: success, version: HTTP/1.1, content: EmptyByteBufBE)
GET /session/afee04271effc480a2b1ba936006740c/element/14442670-08c6-44b1-81d8-f8de00c67c47/name HTTP/1.1
User-Agent: selenium/4.1.2 (java windows)
Cache-Control: no-cache
Content-Type: application/json; charset=utf-8
host: localhost:55842
accept: */*

Response DefaultHttpResponse(decodeResult: success, version: HTTP/1.1)
HTTP/1.1 200 OK
Content-Type: application/json; charset=utf-8
cache-control: no-cache
content-length: 16

21:15:27.962 [AsyncHttpClient-1-13] DEBUG org.asynchttpclient.netty.channel.ChannelManager - Adding key: http://localhost:55842 for channel [id: 0xeb474628, L:/127.0.0.1:50848 - R:localhost/127.0.0.1:55842]
21:15:27.963 [Forwarding findElement on session afee04271effc480a2b1ba936006740c to remote] DEBUG org.asynchttpclient.netty.request.NettyRequestSender - Using pooled Channel '[id: 0xeb474628, L:/127.0.0.1:50848 - R:localhost/127.0.0.1:55842]' for 'POST' to 'http://localhost:55842/session/afee04271effc480a2b1ba936006740c/element'
21:15:27.963 [Forwarding findElement on session afee04271effc480a2b1ba936006740c to remote] DEBUG org.asynchttpclient.netty.request.NettyRequestSender - Using open Channel [id: 0xeb474628, L:/127.0.0.1:50848 - R:localhost/127.0.0.1:55842] for POST '/session/afee04271effc480a2b1ba936006740c/element'
21:15:27.970 [AsyncHttpClient-1-13] DEBUG org.asynchttpclient.netty.handler.HttpHandler - 

Request DefaultHttpRequest(decodeResult: success, version: HTTP/1.1)
POST /session/afee04271effc480a2b1ba936006740c/element HTTP/1.1
User-Agent: selenium/4.1.2 (java windows)
Content-Length: 81
Content-Type: application/json; charset=utf-8
host: localhost:55842
accept: */*

Response DefaultHttpResponse(decodeResult: success, version: HTTP/1.1)
HTTP/1.1 200 OK
Content-Type: application/json; charset=utf-8
cache-control: no-cache
content-length: 88

21:15:27.970 [AsyncHttpClient-1-13] DEBUG org.asynchttpclient.netty.channel.ChannelManager - Adding key: http://localhost:55842 for channel [id: 0xeb474628, L:/127.0.0.1:50848 - R:localhost/127.0.0.1:55842]
21:15:27.971 [Forwarding clickElement on session afee04271effc480a2b1ba936006740c to remote] DEBUG org.asynchttpclient.netty.request.NettyRequestSender - Using pooled Channel '[id: 0xeb474628, L:/127.0.0.1:50848 - R:localhost/127.0.0.1:55842]' for 'POST' to 'http://localhost:55842/session/afee04271effc480a2b1ba936006740c/element/14442670-08c6-44b1-81d8-f8de00c67c47/click'
21:15:27.971 [Forwarding clickElement on session afee04271effc480a2b1ba936006740c to remote] DEBUG org.asynchttpclient.netty.request.NettyRequestSender - Using open Channel [id: 0xeb474628, L:/127.0.0.1:50848 - R:localhost/127.0.0.1:55842] for POST '/session/afee04271effc480a2b1ba936006740c/element/14442670-08c6-44b1-81d8-f8de00c67c47/click'
21:15:28.020 [AsyncHttpClient-1-13] DEBUG org.asynchttpclient.netty.handler.HttpHandler - 

Request DefaultHttpRequest(decodeResult: success, version: HTTP/1.1)
POST /session/afee04271effc480a2b1ba936006740c/element/14442670-08c6-44b1-81d8-f8de00c67c47/click HTTP/1.1
User-Agent: selenium/4.1.2 (java windows)
Content-Length: 50
Content-Type: application/json; charset=utf-8
host: localhost:55842
accept: */*

Response DefaultHttpResponse(decodeResult: success, version: HTTP/1.1)
HTTP/1.1 200 OK
Content-Type: application/json; charset=utf-8
cache-control: no-cache
content-length: 14

21:15:28.020 [AsyncHttpClient-1-13] DEBUG org.asynchttpclient.netty.channel.ChannelManager - Adding key: http://localhost:55842 for channel [id: 0xeb474628, L:/127.0.0.1:50848 - R:localhost/127.0.0.1:55842]
  &amp#27;[32mGiven &amp#27;[0m&amp#27;[32mI am logged in&amp#27;[0m           &amp#27;[90m# starter.stepdefinitions.TransactionSteps.iAmLoggedIn()&amp#27;[0m
21:15:28.026 [Forwarding screenshot on session afee04271effc480a2b1ba936006740c to remote] DEBUG org.asynchttpclient.netty.request.NettyRequestSender - Using pooled Channel '[id: 0xeb474628, L:/127.0.0.1:50848 - R:localhost/127.0.0.1:55842]' for 'GET' to 'http://localhost:55842/session/afee04271effc480a2b1ba936006740c/screenshot'
21:15:28.026 [Forwarding screenshot on session afee04271effc480a2b1ba936006740c to remote] DEBUG org.asynchttpclient.netty.request.NettyRequestSender - Using open Channel [id: 0xeb474628, L:/127.0.0.1:50848 - R:localhost/127.0.0.1:55842] for GET '/session/afee04271effc480a2b1ba936006740c/screenshot'
21:15:28.190 [AsyncHttpClient-1-1] DEBUG org.asynchttpclient.netty.channel.DefaultChannelPool - Entry count for : http://localhost:50849 : 1
21:15:28.348 [AsyncHttpClient-1-13] DEBUG org.asynchttpclient.netty.handler.HttpHandler - 

Request DefaultFullHttpRequest(decodeResult: success, version: HTTP/1.1, content: EmptyByteBufBE)
GET /session/afee04271effc480a2b1ba936006740c/screenshot HTTP/1.1
User-Agent: selenium/4.1.2 (java windows)
Cache-Control: no-cache
Content-Type: application/json; charset=utf-8
host: localhost:55842
accept: */*

Response DefaultHttpResponse(decodeResult: success, version: HTTP/1.1)
HTTP/1.1 200 OK
Content-Type: application/json; charset=utf-8
cache-control: no-cache
content-length: 43780

21:15:28.348 [AsyncHttpClient-1-13] DEBUG org.asynchttpclient.netty.channel.ChannelManager - Adding key: http://localhost:55842 for channel [id: 0xeb474628, L:/127.0.0.1:50848 - R:localhost/127.0.0.1:55842]
21:15:28.349 [main] DEBUG net.serenitybdd.core.photography.Darkroom - Send negative for processing for target\site\serenity\94127692219f5833b31c411ecbe43cd3525d80543ec9affcc49337e48ac22e52.png
21:15:28.350 [Darkroom Processing Line] DEBUG net.serenitybdd.core.photography.DarkroomProcessingLine - Processing screenshot image in /var/screenshots/screenshot-8160520864989623439
21:15:28.350 [Darkroom Processing Line] DEBUG net.serenitybdd.core.photography.DarkroomProcessingLine - Saving screenshot to target\site\serenity\94127692219f5833b31c411ecbe43cd3525d80543ec9affcc49337e48ac22e52.png
21:15:28.356 [Forwarding findElement on session afee04271effc480a2b1ba936006740c to remote] DEBUG org.asynchttpclient.netty.request.NettyRequestSender - Using pooled Channel '[id: 0xeb474628, L:/127.0.0.1:50848 - R:localhost/127.0.0.1:55842]' for 'POST' to 'http://localhost:55842/session/afee04271effc480a2b1ba936006740c/element'
21:15:28.356 [Forwarding findElement on session afee04271effc480a2b1ba936006740c to remote] DEBUG org.asynchttpclient.netty.request.NettyRequestSender - Using open Channel [id: 0xeb474628, L:/127.0.0.1:50848 - R:localhost/127.0.0.1:55842] for POST '/session/afee04271effc480a2b1ba936006740c/element'
21:15:29.287 [AsyncHttpClient-1-1] DEBUG org.asynchttpclient.netty.channel.DefaultChannelPool - Entry count for : http://localhost:50849 : 1
21:15:29.426 [AsyncHttpClient-1-13] DEBUG org.asynchttpclient.netty.handler.HttpHandler - 

Request DefaultHttpRequest(decodeResult: success, version: HTTP/1.1)
POST /session/afee04271effc480a2b1ba936006740c/element HTTP/1.1
User-Agent: selenium/4.1.2 (java windows)
Content-Length: 79
Content-Type: application/json; charset=utf-8
host: localhost:55842
accept: */*

Response DefaultHttpResponse(decodeResult: success, version: HTTP/1.1)
HTTP/1.1 200 OK
Content-Type: application/json; charset=utf-8
cache-control: no-cache
content-length: 88

21:15:29.426 [AsyncHttpClient-1-13] DEBUG org.asynchttpclient.netty.channel.ChannelManager - Adding key: http://localhost:55842 for channel [id: 0xeb474628, L:/127.0.0.1:50848 - R:localhost/127.0.0.1:55842]
21:15:29.427 [Forwarding getElementTagName on session afee04271effc480a2b1ba936006740c to remote] DEBUG org.asynchttpclient.netty.request.NettyRequestSender - Using pooled Channel '[id: 0xeb474628, L:/127.0.0.1:50848 - R:localhost/127.0.0.1:55842]' for 'GET' to 'http://localhost:55842/session/afee04271effc480a2b1ba936006740c/element/899fdcd1-c512-4bba-ba05-49bc6596a647/name'
21:15:29.427 [Forwarding getElementTagName on session afee04271effc480a2b1ba936006740c to remote] DEBUG org.asynchttpclient.netty.request.NettyRequestSender - Using open Channel [id: 0xeb474628, L:/127.0.0.1:50848 - R:localhost/127.0.0.1:55842] for GET '/session/afee04271effc480a2b1ba936006740c/element/899fdcd1-c512-4bba-ba05-49bc6596a647/name'
21:15:29.432 [AsyncHttpClient-1-13] DEBUG org.asynchttpclient.netty.handler.HttpHandler - 

Request DefaultFullHttpRequest(decodeResult: success, version: HTTP/1.1, content: EmptyByteBufBE)
GET /session/afee04271effc480a2b1ba936006740c/element/899fdcd1-c512-4bba-ba05-49bc6596a647/name HTTP/1.1
User-Agent: selenium/4.1.2 (java windows)
Cache-Control: no-cache
Content-Type: application/json; charset=utf-8
host: localhost:55842
accept: */*

Response DefaultHttpResponse(decodeResult: success, version: HTTP/1.1)
HTTP/1.1 200 OK
Content-Type: application/json; charset=utf-8
cache-control: no-cache
content-length: 13

21:15:29.432 [AsyncHttpClient-1-13] DEBUG org.asynchttpclient.netty.channel.ChannelManager - Adding key: http://localhost:55842 for channel [id: 0xeb474628, L:/127.0.0.1:50848 - R:localhost/127.0.0.1:55842]
21:15:29.433 [Forwarding getElementTagName on session afee04271effc480a2b1ba936006740c to remote] DEBUG org.asynchttpclient.netty.request.NettyRequestSender - Using pooled Channel '[id: 0xeb474628, L:/127.0.0.1:50848 - R:localhost/127.0.0.1:55842]' for 'GET' to 'http://localhost:55842/session/afee04271effc480a2b1ba936006740c/element/899fdcd1-c512-4bba-ba05-49bc6596a647/name'
21:15:29.433 [Forwarding getElementTagName on session afee04271effc480a2b1ba936006740c to remote] DEBUG org.asynchttpclient.netty.request.NettyRequestSender - Using open Channel [id: 0xeb474628, L:/127.0.0.1:50848 - R:localhost/127.0.0.1:55842] for GET '/session/afee04271effc480a2b1ba936006740c/element/899fdcd1-c512-4bba-ba05-49bc6596a647/name'
21:15:29.436 [AsyncHttpClient-1-13] DEBUG org.asynchttpclient.netty.handler.HttpHandler - 

Request DefaultFullHttpRequest(decodeResult: success, version: HTTP/1.1, content: EmptyByteBufBE)
GET /session/afee04271effc480a2b1ba936006740c/element/899fdcd1-c512-4bba-ba05-49bc6596a647/name HTTP/1.1
User-Agent: selenium/4.1.2 (java windows)
Cache-Control: no-cache
Content-Type: application/json; charset=utf-8
host: localhost:55842
accept: */*

Response DefaultHttpResponse(decodeResult: success, version: HTTP/1.1)
HTTP/1.1 200 OK
Content-Type: application/json; charset=utf-8
cache-control: no-cache
content-length: 13

21:15:29.436 [AsyncHttpClient-1-13] DEBUG org.asynchttpclient.netty.channel.ChannelManager - Adding key: http://localhost:55842 for channel [id: 0xeb474628, L:/127.0.0.1:50848 - R:localhost/127.0.0.1:55842]
21:15:29.437 [Forwarding findElement on session afee04271effc480a2b1ba936006740c to remote] DEBUG org.asynchttpclient.netty.request.NettyRequestSender - Using pooled Channel '[id: 0xeb474628, L:/127.0.0.1:50848 - R:localhost/127.0.0.1:55842]' for 'POST' to 'http://localhost:55842/session/afee04271effc480a2b1ba936006740c/element'
21:15:29.437 [Forwarding findElement on session afee04271effc480a2b1ba936006740c to remote] DEBUG org.asynchttpclient.netty.request.NettyRequestSender - Using open Channel [id: 0xeb474628, L:/127.0.0.1:50848 - R:localhost/127.0.0.1:55842] for POST '/session/afee04271effc480a2b1ba936006740c/element'
21:15:29.443 [AsyncHttpClient-1-13] DEBUG org.asynchttpclient.netty.handler.HttpHandler - 

Request DefaultHttpRequest(decodeResult: success, version: HTTP/1.1)
POST /session/afee04271effc480a2b1ba936006740c/element HTTP/1.1
User-Agent: selenium/4.1.2 (java windows)
Content-Length: 79
Content-Type: application/json; charset=utf-8
host: localhost:55842
accept: */*

Response DefaultHttpResponse(decodeResult: success, version: HTTP/1.1)
HTTP/1.1 200 OK
Content-Type: application/json; charset=utf-8
cache-control: no-cache
content-length: 88

21:15:29.443 [AsyncHttpClient-1-13] DEBUG org.asynchttpclient.netty.channel.ChannelManager - Adding key: http://localhost:55842 for channel [id: 0xeb474628, L:/127.0.0.1:50848 - R:localhost/127.0.0.1:55842]
21:15:29.444 [Forwarding clickElement on session afee04271effc480a2b1ba936006740c to remote] DEBUG org.asynchttpclient.netty.request.NettyRequestSender - Using pooled Channel '[id: 0xeb474628, L:/127.0.0.1:50848 - R:localhost/127.0.0.1:55842]' for 'POST' to 'http://localhost:55842/session/afee04271effc480a2b1ba936006740c/element/899fdcd1-c512-4bba-ba05-49bc6596a647/click'
21:15:29.444 [Forwarding clickElement on session afee04271effc480a2b1ba936006740c to remote] DEBUG org.asynchttpclient.netty.request.NettyRequestSender - Using open Channel [id: 0xeb474628, L:/127.0.0.1:50848 - R:localhost/127.0.0.1:55842] for POST '/session/afee04271effc480a2b1ba936006740c/element/899fdcd1-c512-4bba-ba05-49bc6596a647/click'
21:15:29.489 [AsyncHttpClient-1-13] DEBUG org.asynchttpclient.netty.handler.HttpHandler - 

Request DefaultHttpRequest(decodeResult: success, version: HTTP/1.1)
POST /session/afee04271effc480a2b1ba936006740c/element/899fdcd1-c512-4bba-ba05-49bc6596a647/click HTTP/1.1
User-Agent: selenium/4.1.2 (java windows)
Content-Length: 50
Content-Type: application/json; charset=utf-8
host: localhost:55842
accept: */*

Response DefaultHttpResponse(decodeResult: success, version: HTTP/1.1)
HTTP/1.1 200 OK
Content-Type: application/json; charset=utf-8
cache-control: no-cache
content-length: 14

21:15:29.489 [AsyncHttpClient-1-13] DEBUG org.asynchttpclient.netty.channel.ChannelManager - Adding key: http://localhost:55842 for channel [id: 0xeb474628, L:/127.0.0.1:50848 - R:localhost/127.0.0.1:55842]
  &amp#27;[32mWhen &amp#27;[0m&amp#27;[32mI click my profile&amp#27;[0m        &amp#27;[90m# starter.stepdefinitions.TransactionSteps.iClickMyProfile()&amp#27;[0m
21:15:29.495 [Forwarding screenshot on session afee04271effc480a2b1ba936006740c to remote] DEBUG org.asynchttpclient.netty.request.NettyRequestSender - Using pooled Channel '[id: 0xeb474628, L:/127.0.0.1:50848 - R:localhost/127.0.0.1:55842]' for 'GET' to 'http://localhost:55842/session/afee04271effc480a2b1ba936006740c/screenshot'
21:15:29.495 [Forwarding screenshot on session afee04271effc480a2b1ba936006740c to remote] DEBUG org.asynchttpclient.netty.request.NettyRequestSender - Using open Channel [id: 0xeb474628, L:/127.0.0.1:50848 - R:localhost/127.0.0.1:55842] for GET '/session/afee04271effc480a2b1ba936006740c/screenshot'
21:15:29.697 [AsyncHttpClient-1-13] DEBUG org.asynchttpclient.netty.handler.HttpHandler - 

Request DefaultFullHttpRequest(decodeResult: success, version: HTTP/1.1, content: EmptyByteBufBE)
GET /session/afee04271effc480a2b1ba936006740c/screenshot HTTP/1.1
User-Agent: selenium/4.1.2 (java windows)
Cache-Control: no-cache
Content-Type: application/json; charset=utf-8
host: localhost:55842
accept: */*

Response DefaultHttpResponse(decodeResult: success, version: HTTP/1.1)
HTTP/1.1 200 OK
Content-Type: application/json; charset=utf-8
cache-control: no-cache
content-length: 47412

21:15:29.697 [AsyncHttpClient-1-13] DEBUG org.asynchttpclient.netty.channel.ChannelManager - Adding key: http://localhost:55842 for channel [id: 0xeb474628, L:/127.0.0.1:50848 - R:localhost/127.0.0.1:55842]
21:15:29.698 [main] DEBUG net.serenitybdd.core.photography.Darkroom - Send negative for processing for target\site\serenity\1fb1f90191ce11b81dff72fe58ea57736da716df486fe2f472e5401f031cb9ba.png
21:15:29.699 [Darkroom Processing Line] DEBUG net.serenitybdd.core.photography.DarkroomProcessingLine - Processing screenshot image in /var/screenshots/screenshot-8006974003224638855
21:15:29.699 [Darkroom Processing Line] DEBUG net.serenitybdd.core.photography.DarkroomProcessingLine - Saving screenshot to target\site\serenity\1fb1f90191ce11b81dff72fe58ea57736da716df486fe2f472e5401f031cb9ba.png
21:15:29.703 [Forwarding findElement on session afee04271effc480a2b1ba936006740c to remote] DEBUG org.asynchttpclient.netty.request.NettyRequestSender - Using pooled Channel '[id: 0xeb474628, L:/127.0.0.1:50848 - R:localhost/127.0.0.1:55842]' for 'POST' to 'http://localhost:55842/session/afee04271effc480a2b1ba936006740c/element'
21:15:29.703 [Forwarding findElement on session afee04271effc480a2b1ba936006740c to remote] DEBUG org.asynchttpclient.netty.request.NettyRequestSender - Using open Channel [id: 0xeb474628, L:/127.0.0.1:50848 - R:localhost/127.0.0.1:55842] for POST '/session/afee04271effc480a2b1ba936006740c/element'
21:15:29.718 [AsyncHttpClient-1-13] DEBUG org.asynchttpclient.netty.handler.HttpHandler - 

Request DefaultHttpRequest(decodeResult: success, version: HTTP/1.1)
POST /session/afee04271effc480a2b1ba936006740c/element HTTP/1.1
User-Agent: selenium/4.1.2 (java windows)
Content-Length: 74
Content-Type: application/json; charset=utf-8
host: localhost:55842
accept: */*

Response DefaultHttpResponse(decodeResult: success, version: HTTP/1.1)
HTTP/1.1 200 OK
Content-Type: application/json; charset=utf-8
cache-control: no-cache
content-length: 88

21:15:29.718 [AsyncHttpClient-1-13] DEBUG org.asynchttpclient.netty.channel.ChannelManager - Adding key: http://localhost:55842 for channel [id: 0xeb474628, L:/127.0.0.1:50848 - R:localhost/127.0.0.1:55842]
21:15:29.719 [Forwarding getElementTagName on session afee04271effc480a2b1ba936006740c to remote] DEBUG org.asynchttpclient.netty.request.NettyRequestSender - Using pooled Channel '[id: 0xeb474628, L:/127.0.0.1:50848 - R:localhost/127.0.0.1:55842]' for 'GET' to 'http://localhost:55842/session/afee04271effc480a2b1ba936006740c/element/9ed206bf-974b-447f-a638-d86cf2861a67/name'
21:15:29.719 [Forwarding getElementTagName on session afee04271effc480a2b1ba936006740c to remote] DEBUG org.asynchttpclient.netty.request.NettyRequestSender - Using open Channel [id: 0xeb474628, L:/127.0.0.1:50848 - R:localhost/127.0.0.1:55842] for GET '/session/afee04271effc480a2b1ba936006740c/element/9ed206bf-974b-447f-a638-d86cf2861a67/name'
21:15:29.722 [AsyncHttpClient-1-13] DEBUG org.asynchttpclient.netty.handler.HttpHandler - 

Request DefaultFullHttpRequest(decodeResult: success, version: HTTP/1.1, content: EmptyByteBufBE)
GET /session/afee04271effc480a2b1ba936006740c/element/9ed206bf-974b-447f-a638-d86cf2861a67/name HTTP/1.1
User-Agent: selenium/4.1.2 (java windows)
Cache-Control: no-cache
Content-Type: application/json; charset=utf-8
host: localhost:55842
accept: */*

Response DefaultHttpResponse(decodeResult: success, version: HTTP/1.1)
HTTP/1.1 200 OK
Content-Type: application/json; charset=utf-8
cache-control: no-cache
content-length: 15

21:15:29.722 [AsyncHttpClient-1-13] DEBUG org.asynchttpclient.netty.channel.ChannelManager - Adding key: http://localhost:55842 for channel [id: 0xeb474628, L:/127.0.0.1:50848 - R:localhost/127.0.0.1:55842]
21:15:29.723 [Forwarding getElementTagName on session afee04271effc480a2b1ba936006740c to remote] DEBUG org.asynchttpclient.netty.request.NettyRequestSender - Using pooled Channel '[id: 0xeb474628, L:/127.0.0.1:50848 - R:localhost/127.0.0.1:55842]' for 'GET' to 'http://localhost:55842/session/afee04271effc480a2b1ba936006740c/element/9ed206bf-974b-447f-a638-d86cf2861a67/name'
21:15:29.723 [Forwarding getElementTagName on session afee04271effc480a2b1ba936006740c to remote] DEBUG org.asynchttpclient.netty.request.NettyRequestSender - Using open Channel [id: 0xeb474628, L:/127.0.0.1:50848 - R:localhost/127.0.0.1:55842] for GET '/session/afee04271effc480a2b1ba936006740c/element/9ed206bf-974b-447f-a638-d86cf2861a67/name'
21:15:29.731 [AsyncHttpClient-1-13] DEBUG org.asynchttpclient.netty.handler.HttpHandler - 

Request DefaultFullHttpRequest(decodeResult: success, version: HTTP/1.1, content: EmptyByteBufBE)
GET /session/afee04271effc480a2b1ba936006740c/element/9ed206bf-974b-447f-a638-d86cf2861a67/name HTTP/1.1
User-Agent: selenium/4.1.2 (java windows)
Cache-Control: no-cache
Content-Type: application/json; charset=utf-8
host: localhost:55842
accept: */*

Response DefaultHttpResponse(decodeResult: success, version: HTTP/1.1)
HTTP/1.1 200 OK
Content-Type: application/json; charset=utf-8
cache-control: no-cache
content-length: 15

21:15:29.731 [AsyncHttpClient-1-13] DEBUG org.asynchttpclient.netty.channel.ChannelManager - Adding key: http://localhost:55842 for channel [id: 0xeb474628, L:/127.0.0.1:50848 - R:localhost/127.0.0.1:55842]
21:15:29.732 [Forwarding findElement on session afee04271effc480a2b1ba936006740c to remote] DEBUG org.asynchttpclient.netty.request.NettyRequestSender - Using pooled Channel '[id: 0xeb474628, L:/127.0.0.1:50848 - R:localhost/127.0.0.1:55842]' for 'POST' to 'http://localhost:55842/session/afee04271effc480a2b1ba936006740c/element'
21:15:29.732 [Forwarding findElement on session afee04271effc480a2b1ba936006740c to remote] DEBUG org.asynchttpclient.netty.request.NettyRequestSender - Using open Channel [id: 0xeb474628, L:/127.0.0.1:50848 - R:localhost/127.0.0.1:55842] for POST '/session/afee04271effc480a2b1ba936006740c/element'
21:15:29.738 [AsyncHttpClient-1-13] DEBUG org.asynchttpclient.netty.handler.HttpHandler - 

Request DefaultHttpRequest(decodeResult: success, version: HTTP/1.1)
POST /session/afee04271effc480a2b1ba936006740c/element HTTP/1.1
User-Agent: selenium/4.1.2 (java windows)
Content-Length: 74
Content-Type: application/json; charset=utf-8
host: localhost:55842
accept: */*

Response DefaultHttpResponse(decodeResult: success, version: HTTP/1.1)
HTTP/1.1 200 OK
Content-Type: application/json; charset=utf-8
cache-control: no-cache
content-length: 88

21:15:29.738 [AsyncHttpClient-1-13] DEBUG org.asynchttpclient.netty.channel.ChannelManager - Adding key: http://localhost:55842 for channel [id: 0xeb474628, L:/127.0.0.1:50848 - R:localhost/127.0.0.1:55842]
21:15:29.739 [Forwarding clickElement on session afee04271effc480a2b1ba936006740c to remote] DEBUG org.asynchttpclient.netty.request.NettyRequestSender - Using pooled Channel '[id: 0xeb474628, L:/127.0.0.1:50848 - R:localhost/127.0.0.1:55842]' for 'POST' to 'http://localhost:55842/session/afee04271effc480a2b1ba936006740c/element/9ed206bf-974b-447f-a638-d86cf2861a67/click'
21:15:29.739 [Forwarding clickElement on session afee04271effc480a2b1ba936006740c to remote] DEBUG org.asynchttpclient.netty.request.NettyRequestSender - Using open Channel [id: 0xeb474628, L:/127.0.0.1:50848 - R:localhost/127.0.0.1:55842] for POST '/session/afee04271effc480a2b1ba936006740c/element/9ed206bf-974b-447f-a638-d86cf2861a67/click'
21:15:29.782 [AsyncHttpClient-1-13] DEBUG org.asynchttpclient.netty.handler.HttpHandler - 

Request DefaultHttpRequest(decodeResult: success, version: HTTP/1.1)
POST /session/afee04271effc480a2b1ba936006740c/element/9ed206bf-974b-447f-a638-d86cf2861a67/click HTTP/1.1
User-Agent: selenium/4.1.2 (java windows)
Content-Length: 50
Content-Type: application/json; charset=utf-8
host: localhost:55842
accept: */*

Response DefaultHttpResponse(decodeResult: success, version: HTTP/1.1)
HTTP/1.1 200 OK
Content-Type: application/json; charset=utf-8
cache-control: no-cache
content-length: 14

21:15:29.782 [AsyncHttpClient-1-13] DEBUG org.asynchttpclient.netty.channel.ChannelManager - Adding key: http://localhost:55842 for channel [id: 0xeb474628, L:/127.0.0.1:50848 - R:localhost/127.0.0.1:55842]
  &amp#27;[32mAnd &amp#27;[0m&amp#27;[32mI click transaction button&amp#27;[0m &amp#27;[90m# starter.stepdefinitions.TransactionSteps.iClickTransactionButton()&amp#27;[0m
21:15:29.787 [Forwarding screenshot on session afee04271effc480a2b1ba936006740c to remote] DEBUG org.asynchttpclient.netty.request.NettyRequestSender - Using pooled Channel '[id: 0xeb474628, L:/127.0.0.1:50848 - R:localhost/127.0.0.1:55842]' for 'GET' to 'http://localhost:55842/session/afee04271effc480a2b1ba936006740c/screenshot'
21:15:29.787 [Forwarding screenshot on session afee04271effc480a2b1ba936006740c to remote] DEBUG org.asynchttpclient.netty.request.NettyRequestSender - Using open Channel [id: 0xeb474628, L:/127.0.0.1:50848 - R:localhost/127.0.0.1:55842] for GET '/session/afee04271effc480a2b1ba936006740c/screenshot'
21:15:30.006 [AsyncHttpClient-1-13] DEBUG org.asynchttpclient.netty.handler.HttpHandler - 

Request DefaultFullHttpRequest(decodeResult: success, version: HTTP/1.1, content: EmptyByteBufBE)
GET /session/afee04271effc480a2b1ba936006740c/screenshot HTTP/1.1
User-Agent: selenium/4.1.2 (java windows)
Cache-Control: no-cache
Content-Type: application/json; charset=utf-8
host: localhost:55842
accept: */*

Response DefaultHttpResponse(decodeResult: success, version: HTTP/1.1)
HTTP/1.1 200 OK
Content-Type: application/json; charset=utf-8
cache-control: no-cache
content-length: 56940

21:15:30.006 [AsyncHttpClient-1-13] DEBUG org.asynchttpclient.netty.channel.ChannelManager - Adding key: http://localhost:55842 for channel [id: 0xeb474628, L:/127.0.0.1:50848 - R:localhost/127.0.0.1:55842]
21:15:30.008 [main] DEBUG net.serenitybdd.core.photography.Darkroom - Send negative for processing for target\site\serenity\d4a99ddb2dc067d4aac2f62fe4185396ba5985242bcc40ee4c0716e0d9439efb.png
21:15:30.008 [Darkroom Processing Line] DEBUG net.serenitybdd.core.photography.DarkroomProcessingLine - Processing screenshot image in /var/screenshots/screenshot-11185282788839455536
21:15:30.008 [Darkroom Processing Line] DEBUG net.serenitybdd.core.photography.DarkroomProcessingLine - Saving screenshot to target\site\serenity\d4a99ddb2dc067d4aac2f62fe4185396ba5985242bcc40ee4c0716e0d9439efb.png
21:15:30.012 [Forwarding findElement on session afee04271effc480a2b1ba936006740c to remote] DEBUG org.asynchttpclient.netty.request.NettyRequestSender - Using pooled Channel '[id: 0xeb474628, L:/127.0.0.1:50848 - R:localhost/127.0.0.1:55842]' for 'POST' to 'http://localhost:55842/session/afee04271effc480a2b1ba936006740c/element'
21:15:30.012 [Forwarding findElement on session afee04271effc480a2b1ba936006740c to remote] DEBUG org.asynchttpclient.netty.request.NettyRequestSender - Using open Channel [id: 0xeb474628, L:/127.0.0.1:50848 - R:localhost/127.0.0.1:55842] for POST '/session/afee04271effc480a2b1ba936006740c/element'
21:15:30.021 [AsyncHttpClient-1-13] DEBUG org.asynchttpclient.netty.handler.HttpHandler - 

Request DefaultHttpRequest(decodeResult: success, version: HTTP/1.1)
POST /session/afee04271effc480a2b1ba936006740c/element HTTP/1.1
User-Agent: selenium/4.1.2 (java windows)
Content-Length: 74
Content-Type: application/json; charset=utf-8
host: localhost:55842
accept: */*

Response DefaultHttpResponse(decodeResult: success, version: HTTP/1.1)
HTTP/1.1 200 OK
Content-Type: application/json; charset=utf-8
cache-control: no-cache
content-length: 88

21:15:30.021 [AsyncHttpClient-1-13] DEBUG org.asynchttpclient.netty.channel.ChannelManager - Adding key: http://localhost:55842 for channel [id: 0xeb474628, L:/127.0.0.1:50848 - R:localhost/127.0.0.1:55842]
21:15:30.023 [Forwarding isElementDisplayed on session afee04271effc480a2b1ba936006740c to remote] DEBUG org.asynchttpclient.netty.request.NettyRequestSender - Using pooled Channel '[id: 0xeb474628, L:/127.0.0.1:50848 - R:localhost/127.0.0.1:55842]' for 'POST' to 'http://localhost:55842/session/afee04271effc480a2b1ba936006740c/execute/sync'
21:15:30.023 [Forwarding isElementDisplayed on session afee04271effc480a2b1ba936006740c to remote] DEBUG org.asynchttpclient.netty.request.NettyRequestSender - Using open Channel [id: 0xeb474628, L:/127.0.0.1:50848 - R:localhost/127.0.0.1:55842] for POST '/session/afee04271effc480a2b1ba936006740c/execute/sync'
21:15:30.035 [AsyncHttpClient-1-13] DEBUG org.asynchttpclient.netty.handler.HttpHandler - 

Request DefaultHttpRequest(decodeResult: success, version: HTTP/1.1)
POST /session/afee04271effc480a2b1ba936006740c/execute/sync HTTP/1.1
User-Agent: selenium/4.1.2 (java windows)
Content-Length: 48780
Content-Type: application/json; charset=utf-8
host: localhost:55842
accept: */*

Response DefaultHttpResponse(decodeResult: success, version: HTTP/1.1)
HTTP/1.1 200 OK
Content-Type: application/json; charset=utf-8
cache-control: no-cache
content-length: 14

21:15:30.035 [AsyncHttpClient-1-13] DEBUG org.asynchttpclient.netty.channel.ChannelManager - Adding key: http://localhost:55842 for channel [id: 0xeb474628, L:/127.0.0.1:50848 - R:localhost/127.0.0.1:55842]
  &amp#27;[32mThen &amp#27;[0m&amp#27;[32mI get my transaction list&amp#27;[0m &amp#27;[90m# starter.stepdefinitions.TransactionSteps.iGetMyTransactionList()&amp#27;[0m
21:15:30.039 [main] INFO  - 
  _____   ___   ___   _____     ___     _     ___   ___   ___   ___  
 |_   _| | __| / __| |_   _|   | _ \   /_\   / __| / __| | __| |   \ 
   | |   | _|  \__ \   | |     |  _/  / _ \  \__ \ \__ \ | _|  | |) |
   |_|   |___| |___/   |_|     |_|   /_/ \_\ |___/ |___/ |___| |___/ 

View Transaction List
----------------------------------------------------------------------
21:15:30.039 [AsyncHttpClient-1-15] DEBUG org.asynchttpclient.netty.handler.WebSocketHandler - Channel Closed: [id: 0x05ce8ba3, L:/127.0.0.1:50856 ! R:localhost/127.0.0.1:50849] with attribute NettyResponseFuture{currentRetry=5,
	isDone=1,
	isCancelled=0,
	asyncHandler=org.asynchttpclient.ws.WebSocketUpgradeHandler@7ff83092,
	nettyRequest=org.asynchttpclient.netty.request.NettyRequest@21c4f0ff,
	future=java.util.concurrent.CompletableFuture@a83c0c4[Completed normally],
	uri=ws://localhost:50849/devtools/browser/fc0fea69-37cd-4b9a-8c46-60d05c3376f4,
	keepAlive=true,
	redirectCount=0,
	timeoutsHolder=null,
	inAuth=0,
	touch=1667484926701}
21:15:30.039 [Driver Command Executor] DEBUG org.asynchttpclient.netty.request.NettyRequestSender - Using pooled Channel '[id: 0xeb474628, L:/127.0.0.1:50848 - R:localhost/127.0.0.1:55842]' for 'DELETE' to 'http://localhost:55842/session/afee04271effc480a2b1ba936006740c'
21:15:30.039 [AsyncHttpClient-1-15] DEBUG org.asynchttpclient.netty.channel.ChannelManager - Closing Channel [id: 0x05ce8ba3, L:/127.0.0.1:50856 ! R:localhost/127.0.0.1:50849] 
21:15:30.039 [Driver Command Executor] DEBUG org.asynchttpclient.netty.request.NettyRequestSender - Using open Channel [id: 0xeb474628, L:/127.0.0.1:50848 - R:localhost/127.0.0.1:55842] for DELETE '/session/afee04271effc480a2b1ba936006740c'
21:15:30.082 [AsyncHttpClient-1-14] DEBUG org.asynchttpclient.netty.handler.HttpHandler - Unexpected I/O exception on channel [id: 0xe41cb564, L:/127.0.0.1:50855 - R:localhost/127.0.0.1:50849]
java.net.SocketException: Connection reset
	at java.base/sun.nio.ch.SocketChannelImpl.throwConnectionReset(SocketChannelImpl.java:345)
	at java.base/sun.nio.ch.SocketChannelImpl.read(SocketChannelImpl.java:376)
	at io.netty.buffer.PooledByteBuf.setBytes(PooledByteBuf.java:258)
	at io.netty.buffer.AbstractByteBuf.writeBytes(AbstractByteBuf.java:1132)
	at io.netty.channel.socket.nio.NioSocketChannel.doReadBytes(NioSocketChannel.java:350)
	at io.netty.channel.nio.AbstractNioByteChannel$NioByteUnsafe.read(AbstractNioByteChannel.java:151)
	at io.netty.channel.nio.NioEventLoop.processSelectedKey(NioEventLoop.java:722)
	at io.netty.channel.nio.NioEventLoop.processSelectedKeysOptimized(NioEventLoop.java:658)
	at io.netty.channel.nio.NioEventLoop.processSelectedKeys(NioEventLoop.java:584)
	at io.netty.channel.nio.NioEventLoop.run(NioEventLoop.java:496)
	at io.netty.util.concurrent.SingleThreadEventExecutor$4.run(SingleThreadEventExecutor.java:986)
	at io.netty.util.internal.ThreadExecutorMap$2.run(ThreadExecutorMap.java:74)
	at io.netty.util.concurrent.FastThreadLocalRunnable.run(FastThreadLocalRunnable.java:30)
	at java.base/java.lang.Thread.run(Thread.java:830)
21:15:30.082 [AsyncHttpClient-1-14] DEBUG org.asynchttpclient.netty.channel.ChannelManager - Closing Channel [id: 0xe41cb564, L:/127.0.0.1:50855 - R:localhost/127.0.0.1:50849] 
21:15:30.083 [AsyncHttpClient-1-14] DEBUG org.asynchttpclient.netty.handler.HttpHandler - Channel Closed: [id: 0xe41cb564, L:/127.0.0.1:50855 ! R:localhost/127.0.0.1:50849] with attribute DISCARD
21:15:30.100 [AsyncHttpClient-1-13] DEBUG org.asynchttpclient.netty.handler.HttpHandler - 

Request DefaultFullHttpRequest(decodeResult: success, version: HTTP/1.1, content: EmptyByteBufBE)
DELETE /session/afee04271effc480a2b1ba936006740c HTTP/1.1
User-Agent: selenium/4.1.2 (java windows)
Content-Type: application/json; charset=utf-8
host: localhost:55842
accept: */*

Response DefaultHttpResponse(decodeResult: success, version: HTTP/1.1)
HTTP/1.1 200 OK
Content-Type: application/json; charset=utf-8
cache-control: no-cache
content-length: 14

21:15:30.100 [AsyncHttpClient-1-13] DEBUG org.asynchttpclient.netty.channel.ChannelManager - Adding key: http://localhost:55842 for channel [id: 0xeb474628, L:/127.0.0.1:50848 - R:localhost/127.0.0.1:55842]
21:15:30.149 [AsyncHttpClient-1-13] DEBUG org.asynchttpclient.netty.handler.HttpHandler - Channel Closed: [id: 0xeb474628, L:/127.0.0.1:50848 ! R:localhost/127.0.0.1:55842] with attribute DISCARD
21:15:30.388 [AsyncHttpClient-1-1] DEBUG org.asynchttpclient.netty.channel.DefaultChannelPool - Entry count for : http://localhost:55842 : 1
21:15:30.388 [AsyncHttpClient-1-1] DEBUG org.asynchttpclient.netty.channel.DefaultChannelPool - Entry count for : http://localhost:50849 : 1
21:15:30.388 [AsyncHttpClient-1-1] DEBUG org.asynchttpclient.netty.channel.DefaultChannelPool - Adding Candidate expired Channel [id: 0xeb474628, L:/127.0.0.1:50848 ! R:localhost/127.0.0.1:55842] isIdleTimeoutExpired=false isRemotelyClosed=true isTtlExpired=false
21:15:30.388 [AsyncHttpClient-1-1] DEBUG org.asynchttpclient.netty.channel.DefaultChannelPool - Closing Idle Channel [id: 0xeb474628, L:/127.0.0.1:50848 ! R:localhost/127.0.0.1:55842]
21:15:30.388 [AsyncHttpClient-1-1] DEBUG org.asynchttpclient.netty.channel.DefaultChannelPool - Adding Candidate expired Channel [id: 0xe41cb564, L:/127.0.0.1:50855 ! R:localhost/127.0.0.1:50849] isIdleTimeoutExpired=false isRemotelyClosed=true isTtlExpired=false
21:15:30.388 [AsyncHttpClient-1-1] DEBUG org.asynchttpclient.netty.channel.DefaultChannelPool - Closing Idle Channel [id: 0xe41cb564, L:/127.0.0.1:50855 ! R:localhost/127.0.0.1:50849]
21:15:30.388 [AsyncHttpClient-1-1] DEBUG org.asynchttpclient.netty.channel.DefaultChannelPool - Closed 2 connections out of 2 in 0 ms
]]></system-out>
    <system-err><![CDATA[Starting ChromeDriver 106.0.5249.61 (511755355844955cd3e264779baf0dd38212a4d0-refs/branch-heads/5249@{#569}) on port 55842
Only local connections are allowed.
Please see https://chromedriver.chromium.org/security-considerations for suggestions on keeping ChromeDriver safe.
ChromeDriver was started successfully.
[1667484926.450][WARNING]: This version of ChromeDriver has not been tested with Chrome version 107.
Nov 03, 2022 9:15:26 PM org.openqa.selenium.remote.ProtocolHandshake createSession
INFO: Detected dialect: W3C
Nov 03, 2022 9:15:26 PM org.openqa.selenium.devtools.CdpVersionFinder findNearestMatch
WARNING: Unable to find an exact match for CDP version 107, so returning the closest version found: a no-op implementation
Nov 03, 2022 9:15:26 PM org.openqa.selenium.devtools.CdpVersionFinder findNearestMatch
INFO: Unable to find CDP implementation matching 107.
Nov 03, 2022 9:15:26 PM org.openqa.selenium.chromium.ChromiumDriver lambda$new$3
WARNING: Unable to find version of CDP to use for . You may need to include a dependency on a specific version of the CDP using something similar to `org.seleniumhq.selenium:selenium-devtools-v86:4.1.2` where the version ("v86") matches the version of the chromium-based browser you're using and the version number of the artifact is the same as Selenium's.
]]></system-err>
  </testcase>
</testsuite>